1745980907.964561,ID:0,STAGE:1,SEQUENCE:0,DATA:{'page':'{'page': 'index', 'action': 'opened page'}','action':'None','timestamp':1745980907960},ANY:{'page': {'page': 'index', 'action': 'opened page'}, 'timestamp': 1745980907960}
1745980908.820363,ID:0,STAGE:1,SEQUENCE:0,DATA:{'page':'{'page': 'map', 'action': 'selected helipad', 'value': '21'}','action':'None','timestamp':1745980908816},ANY:{'page': {'page': 'map', 'action': 'selected helipad', 'value': '21'}, 'timestamp': 1745980908816}
1745980942.245288,ID:0,STAGE:1,SEQUENCE:0,DATA:{'page':'{'sensor': 'Heart Rate', 'action': 'opened sensor tab'}','action':'None','timestamp':1745980942242},ANY:{'page': {'sensor': 'Heart Rate', 'action': 'opened sensor tab'}, 'timestamp': 1745980942242}
1745980942.245966,ID:0,STAGE:1,SEQUENCE:0,DATA:{'page':'{'sensor': 'Heart Rate', 'action': 'keypad open'}','action':'None','timestamp':1745980942243},ANY:{'page': {'sensor': 'Heart Rate', 'action': 'keypad open'}, 'timestamp': 1745980942243}
1745980942.246824,ID:0,STAGE:1,SEQUENCE:0,DATA:{'page':'{'sensor': 'Heart Rate', 'action': 'show action buttons'}','action':'None','timestamp':1745980942243},ANY:{'page': {'sensor': 'Heart Rate', 'action': 'show action buttons'}, 'timestamp': 1745980942243}
1745980950.462242,ID:0,STAGE:1,SEQUENCE:0,DATA:{'page':'{'page': 'index', 'action': 'confirm button pressed'}','action':'None','timestamp':1745980950457},ANY:{'page': {'page': 'index', 'action': 'confirm button pressed'}, 'timestamp': 1745980950457}
1745980950.533691,ID:0,STAGE:1,SEQUENCE:0,DATA:{'page':'None','action':'None','timestamp':None},ANY:{'time': 1745980950.528, 'user-id': 'none', 'source': 'HAI Interface', 'destination-index': 3, 'study-stage': -1, 'decision-state': 0, 'vitals-state': 0, 'airspace-state': 0, 'data': {'page': 'location', 'action': 'opened page'}}
1745980951.512813,ID:0,STAGE:1,SEQUENCE:0,DATA:{'page':'{'page': 'map', 'action': 'selected helipad', 'value': '21'}','action':'None','timestamp':1745980951506},ANY:{'page': {'page': 'map', 'action': 'selected helipad', 'value': '21'}, 'timestamp': 1745980951506}
1745980952.814136,ID:0,STAGE:1,SEQUENCE:0,DATA:{'page':'None','action':'None','timestamp':None},ANY:{'time': 1745980952.808, 'user-id': '0', 'source': 'HAI Interface', 'destination-index': 'None', 'study-stage': '1', 'decision-state': 0, 'vitals-state': 0, 'airspace-state': 0, 'data': {'page': 'location', 'action': 'confirm button pressed'}}
1745980952.877725,ID:0,STAGE:1,SEQUENCE:0,DATA:{'page':'{'page': 'checklist', 'action': 'opened page', 'inflight': False}','action':'None','timestamp':1745980952874},ANY:{'page': {'page': 'checklist', 'action': 'opened page', 'inflight': False}, 'timestamp': 1745980952874}
1745980953.827724,ID:0,STAGE:1,SEQUENCE:0,DATA:{'page':'{'page': 'checklist', 'action': 'toggled checkbox', 'inflight': False, 'item': 0, 'value': 'OFF'}','action':'None','timestamp':1745980953823},ANY:{'page': {'page': 'checklist', 'action': 'toggled checkbox', 'inflight': False, 'item': 0, 'value': 'OFF'}, 'timestamp': 1745980953823}
1745980953.859537,ID:0,STAGE:1,SEQUENCE:0,DATA:{'page':'{'page': 'map', 'action': 'selected helipad', 'value': '21'}','action':'None','timestamp':1745980953854},ANY:{'page': {'page': 'map', 'action': 'selected helipad', 'value': '21'}, 'timestamp': 1745980953854}
1745980954.24486,ID:0,STAGE:1,SEQUENCE:0,DATA:{'page':'{'page': 'checklist', 'action': 'toggled checkbox', 'inflight': False, 'item': 1, 'value': 'OFF'}','action':'None','timestamp':1745980954239},ANY:{'page': {'page': 'checklist', 'action': 'toggled checkbox', 'inflight': False, 'item': 1, 'value': 'OFF'}, 'timestamp': 1745980954239}
1745980954.765765,ID:0,STAGE:1,SEQUENCE:0,DATA:{'page':'{'page': 'checklist', 'action': 'toggled checkbox', 'inflight': False, 'item': 2, 'value': 'OFF'}','action':'None','timestamp':1745980954758},ANY:{'page': {'page': 'checklist', 'action': 'toggled checkbox', 'inflight': False, 'item': 2, 'value': 'OFF'}, 'timestamp': 1745980954758}
1745980954.765903,ID:0,STAGE:1,SEQUENCE:0,DATA:{'page':'{'page': 'checklist', 'action': 'showing confirm button', 'inflight': False}','action':'None','timestamp':1745980954759},ANY:{'page': {'page': 'checklist', 'action': 'showing confirm button', 'inflight': False}, 'timestamp': 1745980954759}
1745980955.095406,ID:0,STAGE:1,SEQUENCE:0,DATA:{'page':'{'page': 'checklist', 'action': 'confirm button clicked', 'inflight': False}','action':'None','timestamp':1745980955090},ANY:{'page': {'page': 'checklist', 'action': 'confirm button clicked', 'inflight': False}, 'timestamp': 1745980955090}
1745980955.170869,ID:0,STAGE:1,SEQUENCE:0,DATA:{'page':'{'page': 'countdown', 'action': 'opened page'}','action':'None','timestamp':1745980955165},ANY:{'page': {'page': 'countdown', 'action': 'opened page'}, 'timestamp': 1745980955165}
1745980956.153711,ID:0,STAGE:1,SEQUENCE:0,DATA:{'page':'{'page': 'map', 'action': 'selected helipad', 'value': '21'}','action':'None','timestamp':1745980956146},ANY:{'page': {'page': 'map', 'action': 'selected helipad', 'value': '21'}, 'timestamp': 1745980956146}
1745980956.170596,ID:0,STAGE:1,SEQUENCE:0,DATA:{'page':'{'page': 'countdown', 'action': 'countdown now 4'}','action':'None','timestamp':1745980956166},ANY:{'page': {'page': 'countdown', 'action': 'countdown now 4'}, 'timestamp': 1745980956166}
1745980957.17315,ID:0,STAGE:1,SEQUENCE:0,DATA:{'page':'{'page': 'countdown', 'action': 'countdown now 3'}','action':'None','timestamp':1745980957167},ANY:{'page': {'page': 'countdown', 'action': 'countdown now 3'}, 'timestamp': 1745980957167}
1745980958.174691,ID:0,STAGE:1,SEQUENCE:0,DATA:{'page':'{'page': 'countdown', 'action': 'countdown now 2'}','action':'None','timestamp':1745980958168},ANY:{'page': {'page': 'countdown', 'action': 'countdown now 2'}, 'timestamp': 1745980958168}
1745980959.174839,ID:0,STAGE:1,SEQUENCE:0,DATA:{'page':'{'page': 'countdown', 'action': 'countdown now 1'}','action':'None','timestamp':1745980959169},ANY:{'page': {'page': 'countdown', 'action': 'countdown now 1'}, 'timestamp': 1745980959169}
1745980960.174355,ID:0,STAGE:1,SEQUENCE:0,DATA:{'page':'{'page': 'countdown', 'action': 'countdown now 0'}','action':'None','timestamp':1745980960169},ANY:{'page': {'page': 'countdown', 'action': 'countdown now 0'}, 'timestamp': 1745980960169}
1745980961.173316,ID:0,STAGE:1,SEQUENCE:0,DATA:{'page':'{'page': 'countdown', 'action': 'countdown complete'}','action':'None','timestamp':1745980961169},ANY:{'page': {'page': 'countdown', 'action': 'countdown complete'}, 'timestamp': 1745980961169}
1745980962.23379,ID:0,STAGE:1,SEQUENCE:0,DATA:{'page':'{'page': 'map', 'action': 'selected helipad', 'value': '21'}','action':'None','timestamp':1745980962228},ANY:{'page': {'page': 'map', 'action': 'selected helipad', 'value': '21'}, 'timestamp': 1745980962228}
1745980962.427598,ID:0,STAGE:1,SEQUENCE:0,DATA:{'page':'{'action': 'Starting prompt cycle'}','action':'None','timestamp':1745980962422},ANY:{'page': {'action': 'Starting prompt cycle'}, 'timestamp': 1745980962422}
1745980962.431836,ID:0,STAGE:1,SEQUENCE:0,DATA:{'page':'{'action': 'Starting prompt cycle'}','action':'None','timestamp':1745980962428},ANY:{'page': {'action': 'Starting prompt cycle'}, 'timestamp': 1745980962428}
1745980966.301588,ID:0,STAGE:1,SEQUENCE:0,DATA:{'page':'{'page': 'emergency', 'action': 'trying to change destination to100'}','action':'None','timestamp':1745980966296},ANY:{'page': {'page': 'emergency', 'action': 'trying to change destination to100'}, 'timestamp': 1745980966296}
1745980966.782843,ID:0,STAGE:1,SEQUENCE:0,DATA:{'page':'{'page': 'Ground speaking', 'action': 'N A S X G S, this is Ground Control asking for update on flight status, patient status and estimated time to destination.'}','action':'None','timestamp':1745980966778},ANY:{'page': {'page': 'Ground speaking', 'action': 'N A S X G S, this is Ground Control asking for update on flight status, patient status and estimated time to destination.'}, 'timestamp': 1745980966778}
1745980966.78355,ID:0,STAGE:1,SEQUENCE:0,DATA:{'page':'{'page': 'radio update', 'action': 'radio update asked'}','action':'None','timestamp':1745980966778},ANY:{'page': {'page': 'radio update', 'action': 'radio update asked'}, 'timestamp': 1745980966778}
1745980966.783935,ID:0,STAGE:1,SEQUENCE:0,DATA:{'page':'{'page': 'radio prompt', 'action': 'radio update prompt 1'}','action':'None','timestamp':1745980966778},ANY:{'page': {'page': 'radio prompt', 'action': 'radio update prompt 1'}, 'timestamp': 1745980966778}
1745980971.460249,ID:0,STAGE:1,SEQUENCE:0,DATA:{'page':'{'page': 'emergency', 'action': 'trying to change destination to19'}','action':'None','timestamp':1745980971451},ANY:{'page': {'page': 'emergency', 'action': 'trying to change destination to19'}, 'timestamp': 1745980971451}
1745980976.466078,ID:0,STAGE:1,SEQUENCE:0,DATA:{'page':'{'page': 'emergency', 'action': 'trying to change destination to19'}','action':'None','timestamp':1745980976461},ANY:{'page': {'page': 'emergency', 'action': 'trying to change destination to19'}, 'timestamp': 1745980976461}
1745980981.567433,ID:0,STAGE:1,SEQUENCE:0,DATA:{'page':'{'page': 'emergency', 'action': 'trying to change destination to19'}','action':'None','timestamp':1745980981562},ANY:{'page': {'page': 'emergency', 'action': 'trying to change destination to19'}, 'timestamp': 1745980981562}
1745980986.669283,ID:0,STAGE:1,SEQUENCE:0,DATA:{'page':'{'page': 'emergency', 'action': 'trying to change destination to19'}','action':'None','timestamp':1745980986663},ANY:{'page': {'page': 'emergency', 'action': 'trying to change destination to19'}, 'timestamp': 1745980986663}
1745980991.764426,ID:0,STAGE:1,SEQUENCE:0,DATA:{'page':'{'page': 'emergency', 'action': 'trying to change destination to19'}','action':'None','timestamp':1745980991760},ANY:{'page': {'page': 'emergency', 'action': 'trying to change destination to19'}, 'timestamp': 1745980991760}
1745981010.144812,ID:0,STAGE:1,SEQUENCE:0,DATA:{'page':'{'page': 'emergency', 'action': 'trying to change destination to19'}','action':'None','timestamp':1745981010137},ANY:{'page': {'page': 'emergency', 'action': 'trying to change destination to19'}, 'timestamp': 1745981010137}
1745981021.839481,ID:0,STAGE:1,SEQUENCE:0,DATA:{'page':'{'page': 'emergency', 'action': 'trying to change destination to19'}','action':'None','timestamp':1745981021836},ANY:{'page': {'page': 'emergency', 'action': 'trying to change destination to19'}, 'timestamp': 1745981021836}
1745981037.642364,ID:0,STAGE:1,SEQUENCE:0,DATA:{'page':'{'page': 'inflight', 'action': 'displaying vitals prompt'}','action':'None','timestamp':1745981037633},ANY:{'page': {'page': 'inflight', 'action': 'displaying vitals prompt'}, 'timestamp': 1745981037633}
1745981037.64351,ID:0,STAGE:1,SEQUENCE:0,DATA:{'page':'{'page': 'vitals prompt', 'action': 'log vitals prompted'}','action':'None','timestamp':1745981037635},ANY:{'page': {'page': 'vitals prompt', 'action': 'log vitals prompted'}, 'timestamp': 1745981037635}
1745981056.435587,ID:0,STAGE:1,SEQUENCE:0,DATA:{'page':'{'page': 'emergency', 'action': 'trying to change destination to19'}','action':'None','timestamp':1745981056429},ANY:{'page': {'page': 'emergency', 'action': 'trying to change destination to19'}, 'timestamp': 1745981056429}
1745981088.321002,ID:0,STAGE:1,SEQUENCE:0,DATA:{'page':'{'page': 'emergency', 'action': 'trying to change destination to19'}','action':'None','timestamp':1745981088317},ANY:{'page': {'page': 'emergency', 'action': 'trying to change destination to19'}, 'timestamp': 1745981088317}
1745981157.602077,ID:0,STAGE:1,SEQUENCE:0,DATA:{'page':'{'page': 'emergency', 'action': 'trying to change destination to19'}','action':'None','timestamp':1745981157598},ANY:{'page': {'page': 'emergency', 'action': 'trying to change destination to19'}, 'timestamp': 1745981157598}
1745981246.19769,ID:0,STAGE:1,SEQUENCE:0,DATA:{'page':'{'page': 'emergency', 'action': 'trying to change destination to19'}','action':'None','timestamp':1745981246192},ANY:{'page': {'page': 'emergency', 'action': 'trying to change destination to19'}, 'timestamp': 1745981246192}
1745981351.004885,ID:0,STAGE:1,SEQUENCE:0,DATA:{'page':'{'page': 'emergency', 'action': 'trying to change destination to19'}','action':'None','timestamp':1745981351001},ANY:{'page': {'page': 'emergency', 'action': 'trying to change destination to19'}, 'timestamp': 1745981351001}
1745981532.734755,ID:0,STAGE:1,SEQUENCE:0,DATA:{'page':'{'action': 'user acknowledged vitals prompt'}','action':'None','timestamp':1745981532727},ANY:{'page': {'action': 'user acknowledged vitals prompt'}, 'timestamp': 1745981532727}
