INFO:root:1723469348.411969,ID:1021,STAGE:1,SEQUENCE:1243,DATA:{'time': 1723469348.409, 'user-id': '1021', 'source': 'HAI Interface', 'destination-index': 'None', 'study-stage': '1', 'decision-state': 0, 'vitals-state': 0, 'airspace-state': 0, 'data': {'page': 'index', 'action': 'confirm button pressed'}}
INFO:root:1723469348.513088,ID:1021,STAGE:1,SEQUENCE:1243,DATA:{'time': 1723469348.507, 'user-id': 'none', 'source': 'HAI Interface', 'destination-index': 3, 'study-stage': -1, 'decision-state': 0, 'vitals-state': 0, 'airspace-state': 0, 'data': {'page': 'location', 'action': 'opened page'}}
INFO:root:Takeoff radiocomms initiated
INFO:comtypes.client._code_cache:Imported existing <module 'comtypes.gen' from 'C:\\Users\\ae-dagbeyibor3\\AppData\\Local\\Programs\\Python\\Python312\\Lib\\site-packages\\comtypes\\gen\\__init__.py'>
INFO:comtypes.client._code_cache:Using writeable comtypes cache directory: 'C:\Users\ae-dagbeyibor3\AppData\Local\Programs\Python\Python312\Lib\site-packages\comtypes\gen'
INFO:root:1723469349.474837,ID:1021,STAGE:1,SEQUENCE:1243,DATA:{'time': 1723469349.472, 'user-id': '1021', 'source': 'HAI Interface', 'destination-index': 'None', 'study-stage': '1', 'decision-state': 0, 'vitals-state': 0, 'airspace-state': 0, 'data': {'page': 'map', 'action': 'selected helipad', 'value': '21'}}
INFO:root:1723469360.565157,ID:1021,STAGE:1,SEQUENCE:1243,DATA:{'time': 1723469360.562, 'user-id': '1021', 'source': 'HAI Interface', 'destination-index': 'None', 'study-stage': '1', 'decision-state': 0, 'vitals-state': 0, 'airspace-state': 0, 'data': {'page': 'location', 'action': 'confirm button pressed'}}
INFO:root:1723469360.779018,ID:1021,STAGE:1,SEQUENCE:1243,DATA:{'time': 1723469360.772, 'user-id': 'none', 'source': 'HAI Interface', 'destination-index': 3, 'study-stage': -1, 'decision-state': 0, 'vitals-state': 0, 'airspace-state': 0, 'data': {'page': 'checklist', 'action': 'opened page', 'inflight': False}}
INFO:root:1723469361.743162,ID:1021,STAGE:1,SEQUENCE:1243,DATA:{'time': 1723469361.739, 'user-id': '1021', 'source': 'HAI Interface', 'destination-index': '3', 'study-stage': '1', 'decision-state': 0, 'vitals-state': 0, 'airspace-state': 0, 'data': {'page': 'map', 'action': 'selected helipad', 'value': '21'}}
INFO:root:Takeoff radiocomms clear request sent
INFO:root:1723469367.804094,ID:1021,STAGE:1,SEQUENCE:1243,DATA:{'time': 1723469367.801, 'user-id': '1021', 'source': 'HAI Interface', 'destination-index': '3', 'study-stage': '1', 'decision-state': 0, 'vitals-state': 0, 'airspace-state': 0, 'data': {'page': 'checklist', 'action': 'toggled checkbox', 'inflight': False, 'item': 0, 'value': 'OFF'}}
INFO:root:1723469380.307247,ID:1021,STAGE:1,SEQUENCE:1243,DATA:{'time': 1723469380.304, 'user-id': '1021', 'source': 'HAI Interface', 'destination-index': '3', 'study-stage': '1', 'decision-state': 0, 'vitals-state': 0, 'airspace-state': 0, 'data': {'page': 'checklist', 'action': 'toggled checkbox', 'inflight': False, 'item': 1, 'value': 'OFF'}}
INFO:root:1723469380.802377,ID:1021,STAGE:1,SEQUENCE:1243,DATA:{'time': 1723469380.799, 'user-id': '1021', 'source': 'HAI Interface', 'destination-index': '3', 'study-stage': '1', 'decision-state': 0, 'vitals-state': 0, 'airspace-state': 0, 'data': {'page': 'checklist', 'action': 'toggled checkbox', 'inflight': False, 'item': 2, 'value': 'OFF'}}
INFO:root:1723469380.804371,ID:1021,STAGE:1,SEQUENCE:1243,DATA:{'time': 1723469380.799, 'user-id': '1021', 'source': 'HAI Interface', 'destination-index': '3', 'study-stage': '1', 'decision-state': 0, 'vitals-state': 0, 'airspace-state': 0, 'data': {'page': 'checklist', 'action': 'showing confirm button', 'inflight': False}}
INFO:root:1723469381.245476,ID:1021,STAGE:1,SEQUENCE:1243,DATA:{'time': 1723469381.243, 'user-id': '1021', 'source': 'HAI Interface', 'destination-index': '3', 'study-stage': '1', 'decision-state': 0, 'vitals-state': 0, 'airspace-state': 0, 'data': {'page': 'checklist', 'action': 'confirm button clicked', 'inflight': False}}
INFO:root:1723469381.350535,ID:1021,STAGE:1,SEQUENCE:1243,DATA:{'time': 1723469381.335, 'user-id': 'none', 'source': 'HAI Interface', 'destination-index': 3, 'study-stage': -1, 'decision-state': 0, 'vitals-state': 0, 'airspace-state': 0, 'data': {'page': 'countdown', 'action': 'opened page'}}
INFO:root:1723469382.310385,ID:1021,STAGE:1,SEQUENCE:1243,DATA:{'time': 1723469382.306, 'user-id': '1021', 'source': 'HAI Interface', 'destination-index': '3', 'study-stage': '1', 'decision-state': 0, 'vitals-state': 0, 'airspace-state': 0, 'data': {'page': 'map', 'action': 'selected helipad', 'value': '21'}}
INFO:root:1723469382.342127,ID:1021,STAGE:1,SEQUENCE:1243,DATA:{'time': 1723469382.339, 'user-id': '1021', 'source': 'HAI Interface', 'destination-index': '3', 'study-stage': '1', 'decision-state': 0, 'vitals-state': 0, 'airspace-state': 0, 'data': {'page': 'countdown', 'action': 'countdown now 4'}}
INFO:root:1723469383.342657,ID:1021,STAGE:1,SEQUENCE:1243,DATA:{'time': 1723469383.339, 'user-id': '1021', 'source': 'HAI Interface', 'destination-index': '3', 'study-stage': '1', 'decision-state': 0, 'vitals-state': 0, 'airspace-state': 0, 'data': {'page': 'countdown', 'action': 'countdown now 3'}}
INFO:root:1723469384.3439,ID:1021,STAGE:1,SEQUENCE:1243,DATA:{'time': 1723469384.34, 'user-id': '1021', 'source': 'HAI Interface', 'destination-index': '3', 'study-stage': '1', 'decision-state': 0, 'vitals-state': 0, 'airspace-state': 0, 'data': {'page': 'countdown', 'action': 'countdown now 2'}}
INFO:root:1723469385.341984,ID:1021,STAGE:1,SEQUENCE:1243,DATA:{'time': 1723469385.339, 'user-id': '1021', 'source': 'HAI Interface', 'destination-index': '3', 'study-stage': '1', 'decision-state': 0, 'vitals-state': 0, 'airspace-state': 0, 'data': {'page': 'countdown', 'action': 'countdown now 1'}}
INFO:root:1723469386.338567,ID:1021,STAGE:1,SEQUENCE:1243,DATA:{'time': 1723469386.336, 'user-id': '1021', 'source': 'HAI Interface', 'destination-index': '3', 'study-stage': '1', 'decision-state': 0, 'vitals-state': 0, 'airspace-state': 0, 'data': {'page': 'countdown', 'action': 'countdown now 0'}}
INFO:root:1723469387.339622,ID:1021,STAGE:1,SEQUENCE:1243,DATA:{'time': 1723469387.337, 'user-id': '1021', 'source': 'HAI Interface', 'destination-index': '3', 'study-stage': '1', 'decision-state': 0, 'vitals-state': 0, 'airspace-state': 0, 'data': {'page': 'countdown', 'action': 'countdown complete'}}
INFO:root:1723469388.645694,ID:1021,STAGE:1,SEQUENCE:1243,DATA:{'time': 1723469388.64, 'user-id': '1021', 'source': 'HAI Interface', 'destination-index': '3', 'study-stage': '1', 'decision-state': 0, 'vitals-state': 0, 'airspace-state': 0, 'data': {'page': 'map', 'action': 'selected helipad', 'value': '21'}}
INFO:root:1723469392.846702,ID:1021,STAGE:1,SEQUENCE:1243,DATA:{'time': 1723469392.841, 'user-id': '1021', 'source': 'HAI Interface', 'destination-index': '3', 'study-stage': '1', 'decision-state': 0, 'vitals-state': 0, 'airspace-state': 0, 'data': {'page': 'emergency', 'action': 'trying to change destination to100'}}
INFO:root:Inflight Radio Update asked
INFO:root:sent request to set radio update complete
INFO:root:1723469397.899235,ID:1021,STAGE:1,SEQUENCE:1243,DATA:{'time': 1723469397.895, 'user-id': '1021', 'source': 'HAI Interface', 'destination-index': '3', 'study-stage': '1', 'decision-state': 0, 'vitals-state': 0, 'airspace-state': 0, 'data': {'page': 'emergency', 'action': 'trying to change destination to19'}}
INFO:root:1723469398.203983,ID:1021,STAGE:1,SEQUENCE:1243,DATA:{'time': 1723469398.2, 'user-id': '1021', 'source': 'HAI Interface', 'destination-index': '3', 'study-stage': '1', 'decision-state': 0, 'vitals-state': 0, 'airspace-state': 0, 'data': {'action': 'radio panel opened'}}
INFO:root:1723469402.749465,ID:1021,STAGE:1,SEQUENCE:1243,DATA:{'time': 1723469402.744, 'user-id': '1021', 'source': 'HAI Interface', 'destination-index': '3', 'study-stage': '1', 'decision-state': 0, 'vitals-state': 0, 'airspace-state': 0, 'data': {'action': 'transmit button pressed'}}
INFO:root:1723469402.753209,ID:1021,STAGE:1,SEQUENCE:1243,DATA:{'time': 1723469402.744, 'user-id': '1021', 'source': 'HAI Interface', 'destination-index': '3', 'study-stage': '1', 'decision-state': 0, 'vitals-state': 0, 'airspace-state': 0, 'data': {'action': 'callsign set to: + NASXGS'}}
INFO:root:1723469402.757709,ID:1021,STAGE:1,SEQUENCE:1243,DATA:{'time': 1723469402.745, 'user-id': '1021', 'source': 'HAI Interface', 'destination-index': '3', 'study-stage': '1', 'decision-state': 0, 'vitals-state': 0, 'airspace-state': 0, 'data': {'action': 'radio set to:Comm1'}}
INFO:root:1723469402.763749,ID:1021,STAGE:1,SEQUENCE:1243,DATA:{'time': 1723469402.746, 'user-id': '1021', 'source': 'HAI Interface', 'destination-index': '3', 'study-stage': '1', 'decision-state': 0, 'vitals-state': 0, 'airspace-state': 0, 'data': {'page': 'map', 'action': 'show map'}}
INFO:root:1723469402.76674,ID:1021,STAGE:1,SEQUENCE:1243,DATA:{'time': 1723469402.746, 'user-id': '1021', 'source': 'HAI Interface', 'destination-index': '3', 'study-stage': '1', 'decision-state': 0, 'vitals-state': 0, 'airspace-state': 0, 'data': {'page': 'map', 'action': 'selected helipad', 'value': '21'}}
INFO:root:1723469402.768735,ID:1021,STAGE:1,SEQUENCE:1243,DATA:{'time': 1723469402.754, 'user-id': '1021', 'source': 'HAI Interface', 'destination-index': '3', 'study-stage': '1', 'decision-state': 0, 'vitals-state': 0, 'airspace-state': 0, 'data': {'action': 'NASXGStransmitting updates onComm1123.45 MHz'}}
INFO:root:1723469402.875725,ID:1021,STAGE:1,SEQUENCE:1243,DATA:{'time': 1723469402.855, 'user-id': '1021', 'source': 'HAI Interface', 'destination-index': '3', 'study-stage': '1', 'decision-state': 0, 'vitals-state': 0, 'airspace-state': 0, 'data': {'page': 'emergency', 'action': 'trying to change destination to19'}}
INFO:root:1723469407.900167,ID:1021,STAGE:1,SEQUENCE:1243,DATA:{'time': 1723469407.894, 'user-id': '1021', 'source': 'HAI Interface', 'destination-index': '3', 'study-stage': '1', 'decision-state': 0, 'vitals-state': 0, 'airspace-state': 0, 'data': {'page': 'emergency', 'action': 'trying to change destination to19'}}
INFO:root:1723469412.817613,ID:1021,STAGE:1,SEQUENCE:1243,DATA:{'time': 1723469412.81, 'user-id': '1021', 'source': 'HAI Interface', 'destination-index': '3', 'study-stage': '1', 'decision-state': 0, 'vitals-state': 0, 'airspace-state': 0, 'data': {'page': 'emergency', 'action': 'trying to change destination to19'}}
INFO:root:1723469416.998266,ID:1021,STAGE:1,SEQUENCE:1243,DATA:{'time': 1723469416.994, 'user-id': '1021', 'source': 'HAI Interface', 'destination-index': '3', 'study-stage': '1', 'decision-state': 0, 'vitals-state': 0, 'airspace-state': 0, 'data': {'page': 'map', 'action': 'hide map'}}
INFO:root:1723469417.845499,ID:1021,STAGE:1,SEQUENCE:1243,DATA:{'time': 1723469417.842, 'user-id': '1021', 'source': 'HAI Interface', 'destination-index': '3', 'study-stage': '1', 'decision-state': 0, 'vitals-state': 0, 'airspace-state': 0, 'data': {'page': 'emergency', 'action': 'trying to change destination to19'}}
INFO:root:1723469419.603681,ID:1021,STAGE:1,SEQUENCE:1243,DATA:{'time': 1723469419.6, 'user-id': '1021', 'source': 'HAI Interface', 'destination-index': '3', 'study-stage': '1', 'decision-state': 0, 'vitals-state': 0, 'airspace-state': 0, 'data': {'action': 'radio panel closed'}}
INFO:root:1723469422.908679,ID:1021,STAGE:1,SEQUENCE:1243,DATA:{'time': 1723469422.904, 'user-id': '1021', 'source': 'HAI Interface', 'destination-index': '3', 'study-stage': '1', 'decision-state': 0, 'vitals-state': 0, 'airspace-state': 0, 'data': {'page': 'emergency', 'action': 'trying to change destination to19'}}
INFO:root:1723469427.83941,ID:1021,STAGE:1,SEQUENCE:1243,DATA:{'time': 1723469427.835, 'user-id': '1021', 'source': 'HAI Interface', 'destination-index': '3', 'study-stage': '1', 'decision-state': 0, 'vitals-state': 0, 'airspace-state': 0, 'data': {'page': 'emergency', 'action': 'trying to change destination to19'}}
INFO:root:1723469432.803715,ID:1021,STAGE:1,SEQUENCE:1243,DATA:{'time': 1723469432.796, 'user-id': '1021', 'source': 'HAI Interface', 'destination-index': '3', 'study-stage': '1', 'decision-state': 0, 'vitals-state': 0, 'airspace-state': 0, 'data': {'page': 'emergency', 'action': 'trying to change destination to19'}}
INFO:root:1723469437.810402,ID:1021,STAGE:1,SEQUENCE:1243,DATA:{'time': 1723469437.807, 'user-id': '1021', 'source': 'HAI Interface', 'destination-index': '3', 'study-stage': '1', 'decision-state': 0, 'vitals-state': 0, 'airspace-state': 0, 'data': {'page': 'emergency', 'action': 'trying to change destination to19'}}
INFO:root:1723469441.099612,ID:1021,STAGE:1,SEQUENCE:1243,DATA:{'time': 1723469441.095, 'user-id': '1021', 'source': 'HAI Interface', 'destination-index': '3', 'study-stage': '1', 'decision-state': 0, 'vitals-state': 0, 'airspace-state': 0, 'data': {'page': 'inflight', 'action': 'displaying vitals prompt'}}
INFO:root:1723469442.789508,ID:1021,STAGE:1,SEQUENCE:1243,DATA:{'time': 1723469442.785, 'user-id': '1021', 'source': 'HAI Interface', 'destination-index': '3', 'study-stage': '1', 'decision-state': 0, 'vitals-state': 0, 'airspace-state': 0, 'data': {'page': 'emergency', 'action': 'trying to change destination to19'}}
INFO:root:1723469443.924559,ID:1021,STAGE:1,SEQUENCE:1243,DATA:{'time': 1723469443.92, 'user-id': '1021', 'source': 'HAI Interface', 'destination-index': '3', 'study-stage': '1', 'decision-state': 0, 'vitals-state': 0, 'airspace-state': 0, 'data': {'page': 'inflight', 'action': 'user acknowledged vitals prompt'}}
INFO:root:1723469447.834948,ID:1021,STAGE:1,SEQUENCE:1243,DATA:{'time': 1723469447.83, 'user-id': '1021', 'source': 'HAI Interface', 'destination-index': '3', 'study-stage': '1', 'decision-state': 0, 'vitals-state': 0, 'airspace-state': 0, 'data': {'page': 'emergency', 'action': 'trying to change destination to19'}}
INFO:root:1723469449.999428,ID:1021,STAGE:1,SEQUENCE:1243,DATA:{'time': 1723469449.991, 'source': 'VitalsTask', 'timer': 1377.65, 'data': {'sensor': 'Heart Rate', 'action': 'opened sensor tab'}}
INFO:root:1723469452.417432,ID:1021,STAGE:1,SEQUENCE:1243,DATA:{'time': 1723469452.41, 'source': 'VitalsTask', 'timer': 1380.069, 'data': {'sensor': 'Heart Rate', 'action': 'capture', 'data': 'action button pressed'}}
INFO:root:1723469452.41943,ID:1021,STAGE:1,SEQUENCE:1243,DATA:{'time': 1723469452.411, 'source': 'VitalsTask', 'timer': 1380.07, 'data': {'sensor': 'Heart Rate', 'action': 'capture', 'data': 'starting sensor action'}}
INFO:root:1723469452.815017,ID:1021,STAGE:1,SEQUENCE:1243,DATA:{'time': 1723469452.81, 'user-id': '1021', 'source': 'HAI Interface', 'destination-index': '3', 'study-stage': '1', 'decision-state': 0, 'vitals-state': 0, 'airspace-state': 0, 'data': {'page': 'emergency', 'action': 'trying to change destination to19'}}
INFO:root:1723469453.437966,ID:1021,STAGE:1,SEQUENCE:1243,DATA:{'time': 1723469453.431, 'source': 'VitalsTask', 'timer': 1381.09, 'data': {'sensor': 'Heart Rate', 'action': 'capture', 'data': 'sensor action complete'}}
INFO:root:1723469453.44135,ID:1021,STAGE:1,SEQUENCE:1243,DATA:{'time': 1723469453.431, 'source': 'VitalsTask', 'timer': 1381.09, 'data': {'sensor': 'Heart Rate', 'action': 'keypad open'}}
INFO:root:1723469454.565371,ID:1021,STAGE:1,SEQUENCE:1243,DATA:{'time': 1723469454.559, 'source': 'VitalsTask', 'timer': 1382.218, 'data': {'sensor': 'Heart Rate', 'action': 'keypad press', 'key': 5, 'value': 5}}
INFO:root:1723469454.786494,ID:1021,STAGE:1,SEQUENCE:1243,DATA:{'time': 1723469454.78, 'source': 'VitalsTask', 'timer': 1382.439, 'data': {'sensor': 'Heart Rate', 'action': 'keypad press', 'key': 5, 'value': 55}}
INFO:root:1723469457.145416,ID:1021,STAGE:1,SEQUENCE:1243,DATA:{'time': 1723469457.139, 'source': 'VitalsTask', 'timer': 1384.798, 'data': {'sensor': 'Heart Rate', 'action': 'show action buttons'}}
INFO:root:1723469457.14742,ID:1021,STAGE:1,SEQUENCE:1243,DATA:{'time': 1723469457.139, 'source': 'VitalsTask', 'timer': 1384.798, 'data': {'sensor': 'Heart Rate', 'action': 'keypad press', 'key': 10, 'value': 55}}
INFO:root:1723469457.854352,ID:1021,STAGE:1,SEQUENCE:1243,DATA:{'time': 1723469457.849, 'user-id': '1021', 'source': 'HAI Interface', 'destination-index': '3', 'study-stage': '1', 'decision-state': 0, 'vitals-state': 0, 'airspace-state': 0, 'data': {'page': 'emergency', 'action': 'trying to change destination to19'}}
INFO:root:1723469459.227368,ID:1021,STAGE:1,SEQUENCE:1243,DATA:{'time': 1723469459.22, 'source': 'VitalsTask', 'timer': 1386.879, 'data': {'sensor': 'Heart Rate', 'action': 'log', 'data': 'action button pressed'}}
INFO:root:1723469459.228366,ID:1021,STAGE:1,SEQUENCE:1243,DATA:{'time': 1723469459.221, 'source': 'VitalsTask', 'timer': 1386.88, 'data': {'sensor': 'Heart Rate', 'action': 'log', 'data': 'starting sensor action'}}
INFO:root:1723469460.246863,ID:1021,STAGE:1,SEQUENCE:1243,DATA:{'time': 1723469460.24, 'source': 'VitalsTask', 'timer': 1387.899, 'data': {'sensor': 'Heart Rate', 'action': 'log', 'data': 'sensor action complete'}}
INFO:root:1723469462.638164,ID:1021,STAGE:1,SEQUENCE:1243,DATA:{'time': 1723469462.628, 'source': 'VitalsTask', 'timer': 1390.287, 'data': {'sensor': 'Heart Rate', 'action': 'save', 'data': 'action button pressed'}}
INFO:root:1723469462.644036,ID:1021,STAGE:1,SEQUENCE:1243,DATA:{'time': 1723469462.628, 'source': 'VitalsTask', 'timer': 1390.287, 'data': {'sensor': 'Heart Rate', 'action': 'save', 'data': 'starting sensor action'}}
INFO:root:1723469462.814632,ID:1021,STAGE:1,SEQUENCE:1243,DATA:{'time': 1723469462.81, 'user-id': '1021', 'source': 'HAI Interface', 'destination-index': '3', 'study-stage': '1', 'decision-state': 0, 'vitals-state': 0, 'airspace-state': 0, 'data': {'page': 'emergency', 'action': 'trying to change destination to19'}}
INFO:root:1723469463.646647,ID:1021,STAGE:1,SEQUENCE:1243,DATA:{'time': 1723469463.64, 'source': 'VitalsTask', 'timer': 1391.299, 'data': {'sensor': 'Heart Rate', 'action': 'save', 'data': 'sensor action complete'}}
INFO:root:1723469466.639327,ID:1021,STAGE:1,SEQUENCE:1243,DATA:{'time': 1723469466.632, 'source': 'VitalsTask', 'timer': 1394.291, 'data': {'sensor': 'O\u2082 Saturation', 'action': 'opened sensor tab'}}
INFO:root:1723469467.779648,ID:1021,STAGE:1,SEQUENCE:1243,DATA:{'time': 1723469467.773, 'user-id': '1021', 'source': 'HAI Interface', 'destination-index': '3', 'study-stage': '1', 'decision-state': 0, 'vitals-state': 0, 'airspace-state': 0, 'data': {'page': 'emergency', 'action': 'trying to change destination to19'}}
INFO:root:1723469468.833638,ID:1021,STAGE:1,SEQUENCE:1243,DATA:{'time': 1723469468.826, 'source': 'VitalsTask', 'timer': 1396.485, 'data': {'sensor': 'O\u2082 Saturation', 'action': 'capture', 'data': 'action button pressed'}}
INFO:root:1723469468.834639,ID:1021,STAGE:1,SEQUENCE:1243,DATA:{'time': 1723469468.826, 'source': 'VitalsTask', 'timer': 1396.485, 'data': {'sensor': 'O\u2082 Saturation', 'action': 'capture', 'data': 'starting sensor action'}}
INFO:root:1723469469.848996,ID:1021,STAGE:1,SEQUENCE:1243,DATA:{'time': 1723469469.843, 'source': 'VitalsTask', 'timer': 1397.502, 'data': {'sensor': 'O\u2082 Saturation', 'action': 'capture', 'data': 'sensor action complete'}}
INFO:root:1723469469.849998,ID:1021,STAGE:1,SEQUENCE:1243,DATA:{'time': 1723469469.843, 'source': 'VitalsTask', 'timer': 1397.502, 'data': {'sensor': 'O\u2082 Saturation', 'action': 'keypad open'}}
INFO:root:1723469471.468303,ID:1021,STAGE:1,SEQUENCE:1243,DATA:{'time': 1723469471.459, 'source': 'VitalsTask', 'timer': 1399.118, 'data': {'sensor': 'O\u2082 Saturation', 'action': 'keypad press', 'key': 1, 'value': 1}}
INFO:root:1723469472.424653,ID:1021,STAGE:1,SEQUENCE:1243,DATA:{'time': 1723469472.416, 'source': 'VitalsTask', 'timer': 1400.075, 'data': {'sensor': 'O\u2082 Saturation', 'action': 'keypad press', 'key': 11, 'value': 10}}
INFO:root:1723469472.604805,ID:1021,STAGE:1,SEQUENCE:1243,DATA:{'time': 1723469472.599, 'source': 'VitalsTask', 'timer': 1400.258, 'data': {'sensor': 'O\u2082 Saturation', 'action': 'keypad press', 'key': 11, 'value': 100}}
INFO:root:1723469472.802532,ID:1021,STAGE:1,SEQUENCE:1243,DATA:{'time': 1723469472.797, 'user-id': '1021', 'source': 'HAI Interface', 'destination-index': '3', 'study-stage': '1', 'decision-state': 0, 'vitals-state': 0, 'airspace-state': 0, 'data': {'page': 'emergency', 'action': 'trying to change destination to19'}}
INFO:root:1723469475.159501,ID:1021,STAGE:1,SEQUENCE:1243,DATA:{'time': 1723469475.151, 'source': 'VitalsTask', 'timer': 1402.81, 'data': {'sensor': 'O\u2082 Saturation', 'action': 'show action buttons'}}
INFO:root:1723469475.160498,ID:1021,STAGE:1,SEQUENCE:1243,DATA:{'time': 1723469475.152, 'source': 'VitalsTask', 'timer': 1402.811, 'data': {'sensor': 'O\u2082 Saturation', 'action': 'keypad press', 'key': 10, 'value': 100}}
INFO:root:1723469476.879608,ID:1021,STAGE:1,SEQUENCE:1243,DATA:{'time': 1723469476.872, 'source': 'VitalsTask', 'timer': 1404.531, 'data': {'sensor': 'O\u2082 Saturation', 'action': 'log', 'data': 'action button pressed'}}
INFO:root:1723469476.880606,ID:1021,STAGE:1,SEQUENCE:1243,DATA:{'time': 1723469476.872, 'source': 'VitalsTask', 'timer': 1404.531, 'data': {'sensor': 'O\u2082 Saturation', 'action': 'log', 'data': 'starting sensor action'}}
INFO:root:1723469477.78207,ID:1021,STAGE:1,SEQUENCE:1243,DATA:{'time': 1723469477.777, 'user-id': '1021', 'source': 'HAI Interface', 'destination-index': '3', 'study-stage': '1', 'decision-state': 0, 'vitals-state': 0, 'airspace-state': 0, 'data': {'page': 'emergency', 'action': 'trying to change destination to19'}}
INFO:root:1723469477.896729,ID:1021,STAGE:1,SEQUENCE:1243,DATA:{'time': 1723469477.889, 'source': 'VitalsTask', 'timer': 1405.548, 'data': {'sensor': 'O\u2082 Saturation', 'action': 'log', 'data': 'sensor action complete'}}
INFO:root:1723469478.882416,ID:1021,STAGE:1,SEQUENCE:1243,DATA:{'time': 1723469478.874, 'source': 'VitalsTask', 'timer': 1406.533, 'data': {'sensor': 'O\u2082 Saturation', 'action': 'save', 'data': 'action button pressed'}}
INFO:root:1723469478.88441,ID:1021,STAGE:1,SEQUENCE:1243,DATA:{'time': 1723469478.874, 'source': 'VitalsTask', 'timer': 1406.533, 'data': {'sensor': 'O\u2082 Saturation', 'action': 'save', 'data': 'starting sensor action'}}
INFO:root:1723469479.899881,ID:1021,STAGE:1,SEQUENCE:1243,DATA:{'time': 1723469479.891, 'source': 'VitalsTask', 'timer': 1407.55, 'data': {'sensor': 'O\u2082 Saturation', 'action': 'save', 'data': 'sensor action complete'}}
INFO:root:1723469481.057344,ID:1021,STAGE:1,SEQUENCE:1243,DATA:{'time': 1723469481.05, 'source': 'VitalsTask', 'timer': 1408.709, 'data': {'sensor': 'Blood Pressure', 'action': 'opened sensor tab'}}
INFO:root:1723469482.799511,ID:1021,STAGE:1,SEQUENCE:1243,DATA:{'time': 1723469482.794, 'user-id': '1021', 'source': 'HAI Interface', 'destination-index': '3', 'study-stage': '1', 'decision-state': 0, 'vitals-state': 0, 'airspace-state': 0, 'data': {'page': 'emergency', 'action': 'trying to change destination to19'}}
INFO:root:1723469484.709603,ID:1021,STAGE:1,SEQUENCE:1243,DATA:{'time': 1723469484.703, 'source': 'VitalsTask', 'timer': 1412.362, 'data': {'sensor': 'Blood Pressure', 'action': 'capture', 'data': 'action button pressed'}}
INFO:root:1723469484.711465,ID:1021,STAGE:1,SEQUENCE:1243,DATA:{'time': 1723469484.703, 'source': 'VitalsTask', 'timer': 1412.362, 'data': {'sensor': 'Blood Pressure', 'action': 'capture', 'data': 'starting sensor action'}}
INFO:root:1723469485.728547,ID:1021,STAGE:1,SEQUENCE:1243,DATA:{'time': 1723469485.721, 'source': 'VitalsTask', 'timer': 1413.38, 'data': {'sensor': 'Blood Pressure', 'action': 'capture', 'data': 'sensor action complete'}}
INFO:root:1723469485.730542,ID:1021,STAGE:1,SEQUENCE:1243,DATA:{'time': 1723469485.721, 'source': 'VitalsTask', 'timer': 1413.38, 'data': {'sensor': 'Blood Pressure', 'action': 'keypad open'}}
INFO:root:1723469486.601556,ID:1021,STAGE:1,SEQUENCE:1243,DATA:{'time': 1723469486.593, 'source': 'VitalsTask', 'timer': 1414.252, 'data': {'sensor': 'Blood Pressure', 'action': 'keypad press', 'key': 1, 'value': 1}}
INFO:root:1723469487.135422,ID:1021,STAGE:1,SEQUENCE:1243,DATA:{'time': 1723469487.128, 'source': 'VitalsTask', 'timer': 1414.787, 'data': {'sensor': 'Blood Pressure', 'action': 'keypad press', 'key': 2, 'value': 12}}
INFO:root:1723469487.817188,ID:1021,STAGE:1,SEQUENCE:1243,DATA:{'time': 1723469487.812, 'user-id': '1021', 'source': 'HAI Interface', 'destination-index': '3', 'study-stage': '1', 'decision-state': 0, 'vitals-state': 0, 'airspace-state': 0, 'data': {'page': 'emergency', 'action': 'trying to change destination to19'}}
INFO:root:1723469489.246321,ID:1021,STAGE:1,SEQUENCE:1243,DATA:{'time': 1723469489.239, 'source': 'VitalsTask', 'timer': 1416.898, 'data': {'sensor': 'Blood Pressure', 'action': 'keypad press', 'key': 11, 'value': 120}}
INFO:root:1723469491.508862,ID:1021,STAGE:1,SEQUENCE:1243,DATA:{'time': 1723469491.502, 'source': 'VitalsTask', 'timer': 1419.161, 'data': {'sensor': 'Blood Pressure', 'action': 'keypad press', 'key': 8, 'value': 1208}}
INFO:root:1723469492.267347,ID:1021,STAGE:1,SEQUENCE:1243,DATA:{'time': 1723469492.26, 'source': 'VitalsTask', 'timer': 1419.919, 'data': {'sensor': 'Blood Pressure', 'action': 'keypad press', 'key': 11, 'value': 12080}}
INFO:root:1723469492.837695,ID:1021,STAGE:1,SEQUENCE:1243,DATA:{'time': 1723469492.833, 'user-id': '1021', 'source': 'HAI Interface', 'destination-index': '3', 'study-stage': '1', 'decision-state': 0, 'vitals-state': 0, 'airspace-state': 0, 'data': {'page': 'emergency', 'action': 'trying to change destination to19'}}
INFO:root:1723469493.208309,ID:1021,STAGE:1,SEQUENCE:1243,DATA:{'time': 1723469493.202, 'source': 'VitalsTask', 'timer': 1420.861, 'data': {'sensor': 'Blood Pressure', 'action': 'show action buttons'}}
INFO:root:1723469493.210482,ID:1021,STAGE:1,SEQUENCE:1243,DATA:{'time': 1723469493.202, 'source': 'VitalsTask', 'timer': 1420.861, 'data': {'sensor': 'Blood Pressure', 'action': 'keypad press', 'key': 10, 'value': 12080}}
INFO:root:1723469494.321237,ID:1021,STAGE:1,SEQUENCE:1243,DATA:{'time': 1723469494.314, 'source': 'VitalsTask', 'timer': 1421.973, 'data': {'sensor': 'Blood Pressure', 'action': 'log', 'data': 'action button pressed'}}
INFO:root:1723469494.323239,ID:1021,STAGE:1,SEQUENCE:1243,DATA:{'time': 1723469494.315, 'source': 'VitalsTask', 'timer': 1421.974, 'data': {'sensor': 'Blood Pressure', 'action': 'log', 'data': 'starting sensor action'}}
INFO:root:Inflight Radio Update asked
INFO:root:sent request to set radio update complete
INFO:root:1723469495.337275,ID:1021,STAGE:1,SEQUENCE:1243,DATA:{'time': 1723469495.328, 'source': 'VitalsTask', 'timer': 1422.987, 'data': {'sensor': 'Blood Pressure', 'action': 'log', 'data': 'sensor action complete'}}
INFO:root:1723469496.474104,ID:1021,STAGE:1,SEQUENCE:1243,DATA:{'time': 1723469496.466, 'source': 'VitalsTask', 'timer': 1424.125, 'data': {'sensor': 'Blood Pressure', 'action': 'save', 'data': 'action button pressed'}}
INFO:root:1723469496.475107,ID:1021,STAGE:1,SEQUENCE:1243,DATA:{'time': 1723469496.466, 'source': 'VitalsTask', 'timer': 1424.125, 'data': {'sensor': 'Blood Pressure', 'action': 'save', 'data': 'starting sensor action'}}
INFO:root:1723469496.492224,ID:1021,STAGE:1,SEQUENCE:1243,DATA:{'time': 1723469496.488, 'user-id': '1021', 'source': 'HAI Interface', 'destination-index': '3', 'study-stage': '1', 'decision-state': 0, 'vitals-state': 0, 'airspace-state': 0, 'data': {'action': 'radio panel opened'}}
INFO:root:1723469497.484835,ID:1021,STAGE:1,SEQUENCE:1243,DATA:{'time': 1723469497.478, 'source': 'VitalsTask', 'timer': 1425.137, 'data': {'sensor': 'Blood Pressure', 'action': 'save', 'data': 'sensor action complete'}}
INFO:root:1723469497.858561,ID:1021,STAGE:1,SEQUENCE:1243,DATA:{'time': 1723469497.852, 'user-id': '1021', 'source': 'HAI Interface', 'destination-index': '3', 'study-stage': '1', 'decision-state': 0, 'vitals-state': 0, 'airspace-state': 0, 'data': {'page': 'emergency', 'action': 'trying to change destination to19'}}
INFO:root:1723469499.568846,ID:1021,STAGE:1,SEQUENCE:1243,DATA:{'time': 1723469499.564, 'user-id': '1021', 'source': 'HAI Interface', 'destination-index': '3', 'study-stage': '1', 'decision-state': 0, 'vitals-state': 0, 'airspace-state': 0, 'data': {'action': 'transmit button pressed'}}
INFO:root:1723469499.574341,ID:1021,STAGE:1,SEQUENCE:1243,DATA:{'time': 1723469499.564, 'user-id': '1021', 'source': 'HAI Interface', 'destination-index': '3', 'study-stage': '1', 'decision-state': 0, 'vitals-state': 0, 'airspace-state': 0, 'data': {'action': 'callsign set to: + NASXGS'}}
INFO:root:1723469499.574341,ID:1021,STAGE:1,SEQUENCE:1243,DATA:{'time': 1723469499.565, 'user-id': '1021', 'source': 'HAI Interface', 'destination-index': '3', 'study-stage': '1', 'decision-state': 0, 'vitals-state': 0, 'airspace-state': 0, 'data': {'action': 'radio set to:Comm1'}}
INFO:root:1723469499.575339,ID:1021,STAGE:1,SEQUENCE:1243,DATA:{'time': 1723469499.565, 'user-id': '1021', 'source': 'HAI Interface', 'destination-index': '3', 'study-stage': '1', 'decision-state': 0, 'vitals-state': 0, 'airspace-state': 0, 'data': {'page': 'map', 'action': 'show map'}}
INFO:root:1723469499.575845,ID:1021,STAGE:1,SEQUENCE:1243,DATA:{'time': 1723469499.565, 'user-id': '1021', 'source': 'HAI Interface', 'destination-index': '3', 'study-stage': '1', 'decision-state': 0, 'vitals-state': 0, 'airspace-state': 0, 'data': {'page': 'map', 'action': 'selected helipad', 'value': '21'}}
INFO:root:1723469499.583342,ID:1021,STAGE:1,SEQUENCE:1243,DATA:{'time': 1723469499.569, 'user-id': '1021', 'source': 'HAI Interface', 'destination-index': '3', 'study-stage': '1', 'decision-state': 0, 'vitals-state': 0, 'airspace-state': 0, 'data': {'action': 'NASXGStransmitting updates onComm1123.45 MHz'}}
INFO:root:1723469502.846943,ID:1021,STAGE:1,SEQUENCE:1243,DATA:{'time': 1723469502.843, 'user-id': '1021', 'source': 'HAI Interface', 'destination-index': '3', 'study-stage': '1', 'decision-state': 0, 'vitals-state': 0, 'airspace-state': 0, 'data': {'page': 'emergency', 'action': 'trying to change destination to19'}}
INFO:root:1723469507.815537,ID:1021,STAGE:1,SEQUENCE:1243,DATA:{'time': 1723469507.81, 'user-id': '1021', 'source': 'HAI Interface', 'destination-index': '3', 'study-stage': '1', 'decision-state': 0, 'vitals-state': 0, 'airspace-state': 0, 'data': {'page': 'emergency', 'action': 'trying to change destination to19'}}
INFO:root:1723469508.575703,ID:1021,STAGE:1,SEQUENCE:1243,DATA:{'time': 1723469508.568, 'source': 'VitalsTask', 'timer': 1436.227, 'data': {'sensor': 'submit', 'action': 'submit'}}
INFO:root:1723469508.577702,ID:1021,STAGE:1,SEQUENCE:1243,DATA:{'time': 1723469508.568, 'source': 'VitalsTask', 'timer': 1436.227, 'data': {'sensor': 'submit', 'action': 'submit', 'data': 'submit succeeded'}}
INFO:root:1723469512.800949,ID:1021,STAGE:1,SEQUENCE:1243,DATA:{'time': 1723469512.796, 'user-id': '1021', 'source': 'HAI Interface', 'destination-index': '3', 'study-stage': '1', 'decision-state': 0, 'vitals-state': 0, 'airspace-state': 0, 'data': {'page': 'emergency', 'action': 'trying to change destination to19'}}
INFO:root:1723469514.486997,ID:1021,STAGE:1,SEQUENCE:1243,DATA:{'time': 1723469514.484, 'user-id': '1021', 'source': 'HAI Interface', 'destination-index': '3', 'study-stage': '1', 'decision-state': 0, 'vitals-state': 0, 'airspace-state': 0, 'data': {'page': 'map', 'action': 'hide map'}}
INFO:root:1723469517.804735,ID:1021,STAGE:1,SEQUENCE:1243,DATA:{'time': 1723469517.798, 'user-id': '1021', 'source': 'HAI Interface', 'destination-index': '3', 'study-stage': '1', 'decision-state': 0, 'vitals-state': 0, 'airspace-state': 0, 'data': {'page': 'emergency', 'action': 'trying to change destination to19'}}
INFO:root:1723469518.673333,ID:1021,STAGE:1,SEQUENCE:1243,DATA:{'time': 1723469518.668, 'user-id': '1021', 'source': 'HAI Interface', 'destination-index': '3', 'study-stage': '1', 'decision-state': 0, 'vitals-state': 0, 'airspace-state': 0, 'data': {'action': 'radio panel closed'}}
INFO:root:1723469522.835779,ID:1021,STAGE:1,SEQUENCE:1243,DATA:{'time': 1723469522.83, 'user-id': '1021', 'source': 'HAI Interface', 'destination-index': '3', 'study-stage': '1', 'decision-state': 0, 'vitals-state': 0, 'airspace-state': 0, 'data': {'page': 'emergency', 'action': 'trying to change destination to19'}}
INFO:root:1723469522.836869,ID:1021,STAGE:1,SEQUENCE:1243,DATA:{'time': 1723469522.832, 'user-id': '1021', 'source': 'HAI Interface', 'destination-index': '3', 'study-stage': '1', 'decision-state': 0, 'vitals-state': 0, 'airspace-state': 0, 'data': {'page': 'emergency', 'action': 'show Altitude Miscalibrated Warning, hide map'}}
INFO:root:1723469522.839627,ID:1021,STAGE:1,SEQUENCE:1243,DATA:{'time': 1723469522.832, 'user-id': '1021', 'source': 'HAI Interface', 'destination-index': '3', 'study-stage': '1', 'decision-state': 0, 'vitals-state': 0, 'airspace-state': 0, 'data': {'page': 'map', 'action': 'hide map'}}
INFO:root:1723469522.842925,ID:1021,STAGE:1,SEQUENCE:1243,DATA:{'time': 1723469522.833, 'user-id': '1021', 'source': 'HAI Interface', 'destination-index': '3', 'study-stage': '1', 'decision-state': 0, 'vitals-state': 0, 'airspace-state': 0, 'data': {'page': 'Inflight', 'action': ' Altitude alert activated'}}
INFO:root:1723469527.865977,ID:1021,STAGE:1,SEQUENCE:1243,DATA:{'time': 1723469527.861, 'user-id': '1021', 'source': 'HAI Interface', 'destination-index': '3', 'study-stage': '1', 'decision-state': 0, 'vitals-state': 0, 'airspace-state': 0, 'data': {'page': 'emergency', 'action': 'trying to change destination to19'}}
INFO:root:1723469527.867477,ID:1021,STAGE:1,SEQUENCE:1243,DATA:{'time': 1723469527.861, 'user-id': '1021', 'source': 'HAI Interface', 'destination-index': '3', 'study-stage': '1', 'decision-state': 0, 'vitals-state': 0, 'airspace-state': 0, 'data': {'page': 'emergency', 'action': 'show Altitude Miscalibrated Warning, hide map'}}
INFO:root:1723469527.868477,ID:1021,STAGE:1,SEQUENCE:1243,DATA:{'time': 1723469527.862, 'user-id': '1021', 'source': 'HAI Interface', 'destination-index': '3', 'study-stage': '1', 'decision-state': 0, 'vitals-state': 0, 'airspace-state': 0, 'data': {'page': 'map', 'action': 'hide map'}}
INFO:root:1723469527.870473,ID:1021,STAGE:1,SEQUENCE:1243,DATA:{'time': 1723469527.862, 'user-id': '1021', 'source': 'HAI Interface', 'destination-index': '3', 'study-stage': '1', 'decision-state': 0, 'vitals-state': 0, 'airspace-state': 0, 'data': {'page': 'Inflight', 'action': ' Altitude alert activated'}}
INFO:root:1723469528.313939,ID:1021,STAGE:1,SEQUENCE:1243,DATA:{'time': 1723469528.311, 'user-id': '1021', 'source': 'HAI Interface', 'destination-index': '3', 'study-stage': '1', 'decision-state': 0, 'vitals-state': 0, 'airspace-state': 0, 'data': {'page': 'Inflight', 'action': 'Altitude alert- show more info button pressed'}}
INFO:root:1723469532.848669,ID:1021,STAGE:1,SEQUENCE:1243,DATA:{'time': 1723469532.842, 'user-id': '1021', 'source': 'HAI Interface', 'destination-index': '3', 'study-stage': '1', 'decision-state': 0, 'vitals-state': 0, 'airspace-state': 0, 'data': {'page': 'emergency', 'action': 'trying to change destination to19'}}
INFO:root:1723469537.86849,ID:1021,STAGE:1,SEQUENCE:1243,DATA:{'time': 1723469537.86, 'user-id': '1021', 'source': 'HAI Interface', 'destination-index': '3', 'study-stage': '1', 'decision-state': 0, 'vitals-state': 0, 'airspace-state': 0, 'data': {'page': 'emergency', 'action': 'trying to change destination to19'}}
INFO:root:Altitude Warning alert given, sent request to clear altitude_warning_alert
INFO:root:1723469538.902596,ID:1021,STAGE:1,SEQUENCE:1243,DATA:{'time': 1723469538.891, 'user-id': '1021', 'source': 'HAI Interface', 'destination-index': '3', 'study-stage': '1', 'decision-state': 0, 'vitals-state': 0, 'airspace-state': 0, 'data': {'page': 'Inflight', 'action': 'Altitude alert- submit button pressed with altitude value as:1000'}}
INFO:root:1723469538.904591,ID:1021,STAGE:1,SEQUENCE:1243,DATA:{'time': 1723469538.896, 'user-id': '1021', 'source': 'HAI Interface', 'destination-index': '3', 'study-stage': '1', 'decision-state': 0, 'vitals-state': 0, 'airspace-state': 0, 'data': {'page': 'Inflight', 'action': 'Altitude alert- altitude submitted'}}
INFO:root:1723469538.907854,ID:1021,STAGE:1,SEQUENCE:1243,DATA:{'time': 1723469538.896, 'user-id': '1021', 'source': 'HAI Interface', 'destination-index': '3', 'study-stage': '1', 'decision-state': 0, 'vitals-state': 0, 'airspace-state': 0, 'data': {'page': 'Inflight', 'action': 'Altitude alert close button pressed'}}
INFO:root:1723469539.456587,ID:1021,STAGE:1,SEQUENCE:1243,DATA:{'time': 1723469539.45, 'user-id': '1021', 'source': 'HAI Interface', 'destination-index': '3', 'study-stage': '1', 'decision-state': 0, 'vitals-state': 0, 'airspace-state': 0, 'data': {'page': 'inflight', 'action': 'displaying vitals prompt'}}
INFO:root:1723469542.888778,ID:1021,STAGE:1,SEQUENCE:1243,DATA:{'time': 1723469542.883, 'user-id': '1021', 'source': 'HAI Interface', 'destination-index': '3', 'study-stage': '1', 'decision-state': 0, 'vitals-state': 0, 'airspace-state': 0, 'data': {'page': 'emergency', 'action': 'trying to change destination to19'}}
INFO:root:1723469543.930526,ID:1021,STAGE:1,SEQUENCE:1243,DATA:{'time': 1723469543.926, 'user-id': '1021', 'source': 'HAI Interface', 'destination-index': '3', 'study-stage': '1', 'decision-state': 0, 'vitals-state': 0, 'airspace-state': 0, 'data': {'page': 'inflight', 'action': 'user acknowledged vitals prompt'}}
INFO:root:1723469545.209024,ID:1021,STAGE:1,SEQUENCE:1243,DATA:{'time': 1723469545.201, 'source': 'VitalsTask', 'timer': 36.632, 'data': {'sensor': 'Heart Rate', 'action': 'opened sensor tab'}}
INFO:root:1723469546.267624,ID:1021,STAGE:1,SEQUENCE:1243,DATA:{'time': 1723469546.256, 'source': 'VitalsTask', 'timer': 37.687, 'data': {'sensor': 'Heart Rate', 'action': 'capture', 'data': 'starting sensor action'}}
INFO:root:1723469546.268736,ID:1021,STAGE:1,SEQUENCE:1243,DATA:{'time': 1723469546.256, 'source': 'VitalsTask', 'timer': 37.687, 'data': {'sensor': 'Heart Rate', 'action': 'capture', 'data': 'action button pressed'}}
INFO:root:1723469546.446402,ID:1021,STAGE:1,SEQUENCE:1243,DATA:{'time': 1723469546.44, 'source': 'VitalsTask', 'timer': 37.871, 'data': {'sensor': 'Heart Rate', 'action': 'capture', 'data': 'action button pressed'}}
INFO:root:1723469546.447398,ID:1021,STAGE:1,SEQUENCE:1243,DATA:{'time': 1723469546.44, 'source': 'VitalsTask', 'timer': 37.871, 'data': {'sensor': 'Heart Rate', 'action': 'capture', 'data': 'a sensor action is in progress, cancelling'}}
INFO:root:1723469547.275291,ID:1021,STAGE:1,SEQUENCE:1243,DATA:{'time': 1723469547.269, 'source': 'VitalsTask', 'timer': 38.7, 'data': {'sensor': 'Heart Rate', 'action': 'capture', 'data': 'sensor action complete'}}
INFO:root:1723469547.277285,ID:1021,STAGE:1,SEQUENCE:1243,DATA:{'time': 1723469547.269, 'source': 'VitalsTask', 'timer': 38.7, 'data': {'sensor': 'Heart Rate', 'action': 'keypad open'}}
INFO:root:1723469547.805247,ID:1021,STAGE:1,SEQUENCE:1243,DATA:{'time': 1723469547.8, 'user-id': '1021', 'source': 'HAI Interface', 'destination-index': '3', 'study-stage': '1', 'decision-state': 0, 'vitals-state': 0, 'airspace-state': 0, 'data': {'page': 'emergency', 'action': 'trying to change destination to19'}}
INFO:root:1723469549.526719,ID:1021,STAGE:1,SEQUENCE:1243,DATA:{'time': 1723469549.519, 'source': 'VitalsTask', 'timer': 40.95, 'data': {'sensor': 'Heart Rate', 'action': 'keypad press', 'key': 5, 'value': 5}}
INFO:root:1723469549.746498,ID:1021,STAGE:1,SEQUENCE:1243,DATA:{'time': 1723469549.74, 'source': 'VitalsTask', 'timer': 41.171, 'data': {'sensor': 'Heart Rate', 'action': 'keypad press', 'key': 5, 'value': 55}}
INFO:root:1723469550.883545,ID:1021,STAGE:1,SEQUENCE:1243,DATA:{'time': 1723469550.876, 'source': 'VitalsTask', 'timer': 42.307, 'data': {'sensor': 'Heart Rate', 'action': 'show action buttons'}}
INFO:root:1723469550.88554,ID:1021,STAGE:1,SEQUENCE:1243,DATA:{'time': 1723469550.876, 'source': 'VitalsTask', 'timer': 42.307, 'data': {'sensor': 'Heart Rate', 'action': 'keypad press', 'key': 10, 'value': 55}}
INFO:root:1723469552.493342,ID:1021,STAGE:1,SEQUENCE:1243,DATA:{'time': 1723469552.485, 'source': 'VitalsTask', 'timer': 43.916, 'data': {'sensor': 'Heart Rate', 'action': 'log', 'data': 'action button pressed'}}
INFO:root:1723469552.494844,ID:1021,STAGE:1,SEQUENCE:1243,DATA:{'time': 1723469552.486, 'source': 'VitalsTask', 'timer': 43.917, 'data': {'sensor': 'Heart Rate', 'action': 'log', 'data': 'starting sensor action'}}
INFO:root:1723469552.855703,ID:1021,STAGE:1,SEQUENCE:1243,DATA:{'time': 1723469552.852, 'user-id': '1021', 'source': 'HAI Interface', 'destination-index': '3', 'study-stage': '1', 'decision-state': 0, 'vitals-state': 0, 'airspace-state': 0, 'data': {'page': 'emergency', 'action': 'trying to change destination to19'}}
INFO:root:1723469553.508733,ID:1021,STAGE:1,SEQUENCE:1243,DATA:{'time': 1723469553.501, 'source': 'VitalsTask', 'timer': 44.932, 'data': {'sensor': 'Heart Rate', 'action': 'log', 'data': 'sensor action complete'}}
INFO:root:1723469554.057241,ID:1021,STAGE:1,SEQUENCE:1243,DATA:{'time': 1723469554.05, 'source': 'VitalsTask', 'timer': 45.481, 'data': {'sensor': 'Heart Rate', 'action': 'save', 'data': 'action button pressed'}}
INFO:root:1723469554.058743,ID:1021,STAGE:1,SEQUENCE:1243,DATA:{'time': 1723469554.05, 'source': 'VitalsTask', 'timer': 45.481, 'data': {'sensor': 'Heart Rate', 'action': 'save', 'data': 'starting sensor action'}}
INFO:root:1723469555.076705,ID:1021,STAGE:1,SEQUENCE:1243,DATA:{'time': 1723469555.068, 'source': 'VitalsTask', 'timer': 46.499, 'data': {'sensor': 'Heart Rate', 'action': 'save', 'data': 'sensor action complete'}}
INFO:root:1723469555.336678,ID:1021,STAGE:1,SEQUENCE:1243,DATA:{'time': 1723469555.33, 'source': 'VitalsTask', 'timer': 46.761, 'data': {'sensor': 'O\u2082 Saturation', 'action': 'opened sensor tab'}}
INFO:root:1723469556.135477,ID:1021,STAGE:1,SEQUENCE:1243,DATA:{'time': 1723469556.128, 'source': 'VitalsTask', 'timer': 47.559, 'data': {'sensor': 'O\u2082 Saturation', 'action': 'opened sensor tab'}}
INFO:root:1723469556.999584,ID:1021,STAGE:1,SEQUENCE:1243,DATA:{'time': 1723469556.991, 'source': 'VitalsTask', 'timer': 48.422, 'data': {'sensor': 'O\u2082 Saturation', 'action': 'capture', 'data': 'action button pressed'}}
INFO:root:1723469557.002575,ID:1021,STAGE:1,SEQUENCE:1243,DATA:{'time': 1723469556.991, 'source': 'VitalsTask', 'timer': 48.422, 'data': {'sensor': 'O\u2082 Saturation', 'action': 'capture', 'data': 'starting sensor action'}}
INFO:root:1723469557.888846,ID:1021,STAGE:1,SEQUENCE:1243,DATA:{'time': 1723469557.884, 'user-id': '1021', 'source': 'HAI Interface', 'destination-index': '3', 'study-stage': '1', 'decision-state': 0, 'vitals-state': 0, 'airspace-state': 0, 'data': {'page': 'emergency', 'action': 'trying to change destination to19'}}
INFO:root:1723469558.017159,ID:1021,STAGE:1,SEQUENCE:1243,DATA:{'time': 1723469558.01, 'source': 'VitalsTask', 'timer': 49.441, 'data': {'sensor': 'O\u2082 Saturation', 'action': 'capture', 'data': 'sensor action complete'}}
INFO:root:1723469558.019685,ID:1021,STAGE:1,SEQUENCE:1243,DATA:{'time': 1723469558.01, 'source': 'VitalsTask', 'timer': 49.441, 'data': {'sensor': 'O\u2082 Saturation', 'action': 'keypad open'}}
INFO:root:1723469559.309682,ID:1021,STAGE:1,SEQUENCE:1243,DATA:{'time': 1723469559.302, 'source': 'VitalsTask', 'timer': 50.733, 'data': {'sensor': 'O\u2082 Saturation', 'action': 'keypad press', 'key': 1, 'value': 1}}
INFO:root:1723469560.037024,ID:1021,STAGE:1,SEQUENCE:1243,DATA:{'time': 1723469560.029, 'source': 'VitalsTask', 'timer': 51.46, 'data': {'sensor': 'O\u2082 Saturation', 'action': 'keypad press', 'key': 11, 'value': 10}}
INFO:root:1723469560.231791,ID:1021,STAGE:1,SEQUENCE:1243,DATA:{'time': 1723469560.222, 'source': 'VitalsTask', 'timer': 51.653, 'data': {'sensor': 'O\u2082 Saturation', 'action': 'keypad press', 'key': 11, 'value': 100}}
INFO:root:1723469562.574726,ID:1021,STAGE:1,SEQUENCE:1243,DATA:{'time': 1723469562.566, 'source': 'VitalsTask', 'timer': 53.997, 'data': {'sensor': 'O\u2082 Saturation', 'action': 'show action buttons'}}
INFO:root:1723469562.575723,ID:1021,STAGE:1,SEQUENCE:1243,DATA:{'time': 1723469562.567, 'source': 'VitalsTask', 'timer': 53.998, 'data': {'sensor': 'O\u2082 Saturation', 'action': 'keypad press', 'key': 10, 'value': 100}}
INFO:root:1723469563.204158,ID:1021,STAGE:1,SEQUENCE:1243,DATA:{'time': 1723469563.198, 'user-id': '1021', 'source': 'HAI Interface', 'destination-index': '3', 'study-stage': '1', 'decision-state': 0, 'vitals-state': 0, 'airspace-state': 0, 'data': {'page': 'emergency', 'action': 'trying to change destination to19'}}
INFO:root:1723469563.509135,ID:1021,STAGE:1,SEQUENCE:1243,DATA:{'time': 1723469563.502, 'source': 'VitalsTask', 'timer': 54.933, 'data': {'sensor': 'O\u2082 Saturation', 'action': 'log', 'data': 'action button pressed'}}
INFO:root:1723469563.511133,ID:1021,STAGE:1,SEQUENCE:1243,DATA:{'time': 1723469563.502, 'source': 'VitalsTask', 'timer': 54.933, 'data': {'sensor': 'O\u2082 Saturation', 'action': 'log', 'data': 'starting sensor action'}}
INFO:root:1723469564.5197,ID:1021,STAGE:1,SEQUENCE:1243,DATA:{'time': 1723469564.512, 'source': 'VitalsTask', 'timer': 55.943, 'data': {'sensor': 'O\u2082 Saturation', 'action': 'log', 'data': 'sensor action complete'}}
INFO:root:1723469566.034533,ID:1021,STAGE:1,SEQUENCE:1243,DATA:{'time': 1723469566.028, 'source': 'VitalsTask', 'timer': 57.459, 'data': {'sensor': 'O\u2082 Saturation', 'action': 'save', 'data': 'action button pressed'}}
INFO:root:1723469566.039033,ID:1021,STAGE:1,SEQUENCE:1243,DATA:{'time': 1723469566.028, 'source': 'VitalsTask', 'timer': 57.459, 'data': {'sensor': 'O\u2082 Saturation', 'action': 'save', 'data': 'starting sensor action'}}
INFO:root:1723469567.048452,ID:1021,STAGE:1,SEQUENCE:1243,DATA:{'time': 1723469567.041, 'source': 'VitalsTask', 'timer': 58.472, 'data': {'sensor': 'O\u2082 Saturation', 'action': 'save', 'data': 'sensor action complete'}}
INFO:root:1723469567.845462,ID:1021,STAGE:1,SEQUENCE:1243,DATA:{'time': 1723469567.842, 'user-id': '1021', 'source': 'HAI Interface', 'destination-index': '3', 'study-stage': '1', 'decision-state': 0, 'vitals-state': 0, 'airspace-state': 0, 'data': {'page': 'emergency', 'action': 'trying to change destination to19'}}
INFO:root:1723469572.855648,ID:1021,STAGE:1,SEQUENCE:1243,DATA:{'time': 1723469572.851, 'user-id': '1021', 'source': 'HAI Interface', 'destination-index': '3', 'study-stage': '1', 'decision-state': 0, 'vitals-state': 0, 'airspace-state': 0, 'data': {'page': 'emergency', 'action': 'trying to change destination to19'}}
INFO:root:1723469576.012697,ID:1021,STAGE:1,SEQUENCE:1243,DATA:{'time': 1723469576.005, 'source': 'VitalsTask', 'timer': 67.436, 'data': {'sensor': 'Blood Pressure', 'action': 'opened sensor tab'}}
INFO:root:1723469577.005412,ID:1021,STAGE:1,SEQUENCE:1243,DATA:{'time': 1723469576.997, 'source': 'VitalsTask', 'timer': 68.428, 'data': {'sensor': 'Blood Pressure', 'action': 'capture', 'data': 'action button pressed'}}
INFO:root:1723469577.007407,ID:1021,STAGE:1,SEQUENCE:1243,DATA:{'time': 1723469576.998, 'source': 'VitalsTask', 'timer': 68.429, 'data': {'sensor': 'Blood Pressure', 'action': 'capture', 'data': 'starting sensor action'}}
INFO:root:1723469577.863032,ID:1021,STAGE:1,SEQUENCE:1243,DATA:{'time': 1723469577.859, 'user-id': '1021', 'source': 'HAI Interface', 'destination-index': '3', 'study-stage': '1', 'decision-state': 0, 'vitals-state': 0, 'airspace-state': 0, 'data': {'page': 'emergency', 'action': 'trying to change destination to19'}}
INFO:root:1723469578.01537,ID:1021,STAGE:1,SEQUENCE:1243,DATA:{'time': 1723469578.007, 'source': 'VitalsTask', 'timer': 69.438, 'data': {'sensor': 'Blood Pressure', 'action': 'capture', 'data': 'sensor action complete'}}
INFO:root:1723469578.017369,ID:1021,STAGE:1,SEQUENCE:1243,DATA:{'time': 1723469578.01, 'source': 'VitalsTask', 'timer': 69.441, 'data': {'sensor': 'Blood Pressure', 'action': 'keypad open'}}
INFO:root:1723469579.227747,ID:1021,STAGE:1,SEQUENCE:1243,DATA:{'time': 1723469579.222, 'source': 'VitalsTask', 'timer': 70.653, 'data': {'sensor': 'Blood Pressure', 'action': 'keypad press', 'key': 1, 'value': 1}}
INFO:root:1723469579.680463,ID:1021,STAGE:1,SEQUENCE:1243,DATA:{'time': 1723469579.674, 'source': 'VitalsTask', 'timer': 71.105, 'data': {'sensor': 'Blood Pressure', 'action': 'keypad press', 'key': 2, 'value': 12}}
INFO:root:1723469581.837763,ID:1021,STAGE:1,SEQUENCE:1243,DATA:{'time': 1723469581.831, 'source': 'VitalsTask', 'timer': 73.262, 'data': {'sensor': 'Blood Pressure', 'action': 'keypad press', 'key': 11, 'value': 120}}
INFO:root:1723469582.88473,ID:1021,STAGE:1,SEQUENCE:1243,DATA:{'time': 1723469582.881, 'user-id': '1021', 'source': 'HAI Interface', 'destination-index': '3', 'study-stage': '1', 'decision-state': 0, 'vitals-state': 0, 'airspace-state': 0, 'data': {'page': 'emergency', 'action': 'trying to change destination to19'}}
INFO:root:1723469583.294259,ID:1021,STAGE:1,SEQUENCE:1243,DATA:{'time': 1723469583.286, 'source': 'VitalsTask', 'timer': 74.717, 'data': {'sensor': 'Blood Pressure', 'action': 'keypad press', 'key': 8, 'value': 1208}}
INFO:root:1723469583.765518,ID:1021,STAGE:1,SEQUENCE:1243,DATA:{'time': 1723469583.759, 'source': 'VitalsTask', 'timer': 75.19, 'data': {'sensor': 'Blood Pressure', 'action': 'keypad press', 'key': 11, 'value': 12080}}
INFO:root:1723469585.728118,ID:1021,STAGE:1,SEQUENCE:1243,DATA:{'time': 1723469585.722, 'source': 'VitalsTask', 'timer': 77.153, 'data': {'sensor': 'Blood Pressure', 'action': 'show action buttons'}}
INFO:root:1723469585.73012,ID:1021,STAGE:1,SEQUENCE:1243,DATA:{'time': 1723469585.722, 'source': 'VitalsTask', 'timer': 77.153, 'data': {'sensor': 'Blood Pressure', 'action': 'keypad press', 'key': 10, 'value': 12080}}
INFO:root:1723469587.513499,ID:1021,STAGE:1,SEQUENCE:1243,DATA:{'time': 1723469587.505, 'source': 'VitalsTask', 'timer': 78.936, 'data': {'sensor': 'Blood Pressure', 'action': 'log', 'data': 'action button pressed'}}
INFO:root:1723469587.515494,ID:1021,STAGE:1,SEQUENCE:1243,DATA:{'time': 1723469587.505, 'source': 'VitalsTask', 'timer': 78.936, 'data': {'sensor': 'Blood Pressure', 'action': 'log', 'data': 'starting sensor action'}}
INFO:root:1723469587.890756,ID:1021,STAGE:1,SEQUENCE:1243,DATA:{'time': 1723469587.886, 'user-id': '1021', 'source': 'HAI Interface', 'destination-index': '3', 'study-stage': '1', 'decision-state': 0, 'vitals-state': 0, 'airspace-state': 0, 'data': {'page': 'emergency', 'action': 'trying to change destination to19'}}
INFO:root:1723469588.523981,ID:1021,STAGE:1,SEQUENCE:1243,DATA:{'time': 1723469588.517, 'source': 'VitalsTask', 'timer': 79.948, 'data': {'sensor': 'Blood Pressure', 'action': 'log', 'data': 'sensor action complete'}}
INFO:root:1723469588.920948,ID:1021,STAGE:1,SEQUENCE:1243,DATA:{'time': 1723469588.919, 'user-id': '1021', 'source': 'HAI Interface', 'destination-index': '3', 'study-stage': '1', 'decision-state': 0, 'vitals-state': 0, 'airspace-state': 0, 'data': {'action': 'radio panel opened'}}
INFO:root:1723469592.779976,ID:1021,STAGE:1,SEQUENCE:1243,DATA:{'time': 1723469592.777, 'user-id': '1021', 'source': 'HAI Interface', 'destination-index': '3', 'study-stage': '1', 'decision-state': 0, 'vitals-state': 0, 'airspace-state': 0, 'data': {'page': 'emergency', 'action': 'trying to change destination to19'}}
INFO:root:1723469597.813967,ID:1021,STAGE:1,SEQUENCE:1243,DATA:{'time': 1723469597.81, 'user-id': '1021', 'source': 'HAI Interface', 'destination-index': '3', 'study-stage': '1', 'decision-state': 0, 'vitals-state': 0, 'airspace-state': 0, 'data': {'page': 'emergency', 'action': 'trying to change destination to19'}}
INFO:root:1723469602.858599,ID:1021,STAGE:1,SEQUENCE:1243,DATA:{'time': 1723469602.854, 'user-id': '1021', 'source': 'HAI Interface', 'destination-index': '3', 'study-stage': '1', 'decision-state': 0, 'vitals-state': 0, 'airspace-state': 0, 'data': {'page': 'emergency', 'action': 'trying to change destination to19'}}
INFO:root:1723469607.791787,ID:1021,STAGE:1,SEQUENCE:1243,DATA:{'time': 1723469607.787, 'user-id': '1021', 'source': 'HAI Interface', 'destination-index': '3', 'study-stage': '1', 'decision-state': 0, 'vitals-state': 0, 'airspace-state': 0, 'data': {'page': 'emergency', 'action': 'trying to change destination to19'}}
INFO:root:1723469612.883072,ID:1021,STAGE:1,SEQUENCE:1243,DATA:{'time': 1723469612.876, 'user-id': '1021', 'source': 'HAI Interface', 'destination-index': '3', 'study-stage': '1', 'decision-state': 0, 'vitals-state': 0, 'airspace-state': 0, 'data': {'page': 'emergency', 'action': 'trying to change destination to19'}}
INFO:root:1723469615.117051,ID:1021,STAGE:1,SEQUENCE:1243,DATA:{'time': 1723469615.112, 'user-id': '1021', 'source': 'HAI Interface', 'destination-index': '3', 'study-stage': '1', 'decision-state': 0, 'vitals-state': 0, 'airspace-state': 0, 'data': {'action': 'receive button pressed'}}
INFO:root:1723469615.118047,ID:1021,STAGE:1,SEQUENCE:1243,DATA:{'time': 1723469615.113, 'user-id': '1021', 'source': 'HAI Interface', 'destination-index': '3', 'study-stage': '1', 'decision-state': 0, 'vitals-state': 0, 'airspace-state': 0, 'data': {'action': 'callsign set to:[object Object]'}}
INFO:root:1723469617.836697,ID:1021,STAGE:1,SEQUENCE:1243,DATA:{'time': 1723469617.832, 'user-id': '1021', 'source': 'HAI Interface', 'destination-index': '3', 'study-stage': '1', 'decision-state': 0, 'vitals-state': 0, 'airspace-state': 0, 'data': {'page': 'emergency', 'action': 'trying to change destination to19'}}
INFO:root:1723469620.231929,ID:1021,STAGE:1,SEQUENCE:1243,DATA:{'time': 1723469620.228, 'user-id': '1021', 'source': 'HAI Interface', 'destination-index': '3', 'study-stage': '1', 'decision-state': 0, 'vitals-state': 0, 'airspace-state': 0, 'data': {'action': 'receive button pressed'}}
INFO:root:1723469620.233921,ID:1021,STAGE:1,SEQUENCE:1243,DATA:{'time': 1723469620.228, 'user-id': '1021', 'source': 'HAI Interface', 'destination-index': '3', 'study-stage': '1', 'decision-state': 0, 'vitals-state': 0, 'airspace-state': 0, 'data': {'action': 'callsign set to:[object Object]'}}
INFO:root:1723469620.240414,ID:1021,STAGE:1,SEQUENCE:1243,DATA:{'time': 1723469620.228, 'user-id': '1021', 'source': 'HAI Interface', 'destination-index': '3', 'study-stage': '1', 'decision-state': 0, 'vitals-state': 0, 'airspace-state': 0, 'data': {'action': 'radio set to:Comm2'}}
INFO:root:1723469620.245435,ID:1021,STAGE:1,SEQUENCE:1243,DATA:{'time': 1723469620.232, 'user-id': '1021', 'source': 'HAI Interface', 'destination-index': '3', 'study-stage': '1', 'decision-state': 0, 'vitals-state': 0, 'airspace-state': 0, 'data': {'action': 'MEDEVACtransmitting onComm2123.45 MHz'}}
INFO:root:1723469622.814472,ID:1021,STAGE:1,SEQUENCE:1243,DATA:{'time': 1723469622.808, 'user-id': '1021', 'source': 'HAI Interface', 'destination-index': '3', 'study-stage': '1', 'decision-state': 0, 'vitals-state': 0, 'airspace-state': 0, 'data': {'page': 'emergency', 'action': 'trying to change destination to19'}}
INFO:root:1723469627.834007,ID:1021,STAGE:1,SEQUENCE:1243,DATA:{'time': 1723469627.829, 'user-id': '1021', 'source': 'HAI Interface', 'destination-index': '3', 'study-stage': '1', 'decision-state': 0, 'vitals-state': 0, 'airspace-state': 0, 'data': {'page': 'emergency', 'action': 'trying to change destination to19'}}
INFO:root:1723469632.852405,ID:1021,STAGE:1,SEQUENCE:1243,DATA:{'time': 1723469632.848, 'user-id': '1021', 'source': 'HAI Interface', 'destination-index': '3', 'study-stage': '1', 'decision-state': 0, 'vitals-state': 0, 'airspace-state': 0, 'data': {'page': 'emergency', 'action': 'trying to change destination to19'}}
INFO:root:1723469637.801496,ID:1021,STAGE:1,SEQUENCE:1243,DATA:{'time': 1723469637.797, 'user-id': '1021', 'source': 'HAI Interface', 'destination-index': '3', 'study-stage': '1', 'decision-state': 0, 'vitals-state': 0, 'airspace-state': 0, 'data': {'page': 'emergency', 'action': 'trying to change destination to19'}}
INFO:root:1723469642.83657,ID:1021,STAGE:1,SEQUENCE:1243,DATA:{'time': 1723469642.828, 'user-id': '1021', 'source': 'HAI Interface', 'destination-index': '3', 'study-stage': '1', 'decision-state': 0, 'vitals-state': 0, 'airspace-state': 0, 'data': {'page': 'emergency', 'action': 'trying to change destination to19'}}
INFO:root:1723469647.827999,ID:1021,STAGE:1,SEQUENCE:1243,DATA:{'time': 1723469647.82, 'user-id': '1021', 'source': 'HAI Interface', 'destination-index': '3', 'study-stage': '1', 'decision-state': 0, 'vitals-state': 0, 'airspace-state': 0, 'data': {'page': 'emergency', 'action': 'trying to change destination to19'}}
INFO:root:Ok, continue to monitor the patients vitals and keep us updated 
INFO:root:1723469651.385475,ID:1021,STAGE:1,SEQUENCE:1243,DATA:{'time': 1723469651.377, 'source': 'VitalsTask', 'timer': 142.808, 'data': {'sensor': 'Blood Pressure', 'action': 'save', 'data': 'action button pressed'}}
INFO:root:1723469651.387469,ID:1021,STAGE:1,SEQUENCE:1243,DATA:{'time': 1723469651.377, 'source': 'VitalsTask', 'timer': 142.808, 'data': {'sensor': 'Blood Pressure', 'action': 'save', 'data': 'starting sensor action'}}
INFO:root:1723469652.38452,ID:1021,STAGE:1,SEQUENCE:1243,DATA:{'time': 1723469652.377, 'source': 'VitalsTask', 'timer': 143.808, 'data': {'sensor': 'Blood Pressure', 'action': 'save', 'data': 'action button pressed'}}
INFO:root:1723469652.386527,ID:1021,STAGE:1,SEQUENCE:1243,DATA:{'time': 1723469652.377, 'source': 'VitalsTask', 'timer': 143.808, 'data': {'sensor': 'Blood Pressure', 'action': 'save', 'data': 'a sensor action is in progress, cancelling'}}
INFO:root:1723469652.400103,ID:1021,STAGE:1,SEQUENCE:1243,DATA:{'time': 1723469652.392, 'source': 'VitalsTask', 'timer': 143.823, 'data': {'sensor': 'Blood Pressure', 'action': 'save', 'data': 'sensor action complete'}}
INFO:root:1723469652.856812,ID:1021,STAGE:1,SEQUENCE:1243,DATA:{'time': 1723469652.852, 'user-id': '1021', 'source': 'HAI Interface', 'destination-index': '3', 'study-stage': '1', 'decision-state': 0, 'vitals-state': 0, 'airspace-state': 0, 'data': {'page': 'emergency', 'action': 'trying to change destination to19'}}
INFO:root:1723469653.803752,ID:1021,STAGE:1,SEQUENCE:1243,DATA:{'time': 1723469653.795, 'source': 'VitalsTask', 'timer': 145.226, 'data': {'sensor': 'submit', 'action': 'submit'}}
INFO:root:1723469653.804755,ID:1021,STAGE:1,SEQUENCE:1243,DATA:{'time': 1723469653.796, 'source': 'VitalsTask', 'timer': 145.227, 'data': {'sensor': 'submit', 'action': 'submit', 'data': 'submit succeeded'}}
INFO:root:Miscalibrated sensor radio comm done- command to clear event and make the receive 0 sent
INFO:root:1723469657.857259,ID:1021,STAGE:1,SEQUENCE:1243,DATA:{'time': 1723469657.85, 'user-id': '1021', 'source': 'HAI Interface', 'destination-index': '3', 'study-stage': '1', 'decision-state': 0, 'vitals-state': 0, 'airspace-state': 0, 'data': {'page': 'emergency', 'action': 'trying to change destination to19'}}
INFO:root:1723469658.650258,ID:1021,STAGE:1,SEQUENCE:1243,DATA:{'time': 1723469658.646, 'user-id': '1021', 'source': 'HAI Interface', 'destination-index': '3', 'study-stage': '1', 'decision-state': 0, 'vitals-state': 0, 'airspace-state': 0, 'data': {'action': 'radio panel closed'}}
INFO:root:1723469662.801981,ID:1021,STAGE:1,SEQUENCE:1243,DATA:{'time': 1723469662.797, 'user-id': '1021', 'source': 'HAI Interface', 'destination-index': '3', 'study-stage': '1', 'decision-state': 0, 'vitals-state': 0, 'airspace-state': 0, 'data': {'page': 'emergency', 'action': 'trying to change destination to19'}}
INFO:root:1723469663.592716,ID:1021,STAGE:1,SEQUENCE:1243,DATA:{'time': 1723469663.589, 'user-id': '1021', 'source': 'HAI Interface', 'destination-index': '3', 'study-stage': '1', 'decision-state': 0, 'vitals-state': 0, 'airspace-state': 0, 'data': {'action': 'radio panel opened'}}
INFO:root:Inflight Radio Update asked
INFO:root:sent request to set radio update complete
INFO:root:1723469667.809453,ID:1021,STAGE:1,SEQUENCE:1243,DATA:{'time': 1723469667.806, 'user-id': '1021', 'source': 'HAI Interface', 'destination-index': '3', 'study-stage': '1', 'decision-state': 0, 'vitals-state': 0, 'airspace-state': 0, 'data': {'page': 'emergency', 'action': 'trying to change destination to19'}}
INFO:root:1723469669.822291,ID:1021,STAGE:1,SEQUENCE:1243,DATA:{'time': 1723469669.819, 'user-id': '1021', 'source': 'HAI Interface', 'destination-index': '3', 'study-stage': '1', 'decision-state': 0, 'vitals-state': 0, 'airspace-state': 0, 'data': {'action': 'transmit button pressed'}}
INFO:root:1723469669.828297,ID:1021,STAGE:1,SEQUENCE:1243,DATA:{'time': 1723469669.819, 'user-id': '1021', 'source': 'HAI Interface', 'destination-index': '3', 'study-stage': '1', 'decision-state': 0, 'vitals-state': 0, 'airspace-state': 0, 'data': {'action': 'callsign set to: + NASXGS'}}
INFO:root:1723469669.83129,ID:1021,STAGE:1,SEQUENCE:1243,DATA:{'time': 1723469669.819, 'user-id': '1021', 'source': 'HAI Interface', 'destination-index': '3', 'study-stage': '1', 'decision-state': 0, 'vitals-state': 0, 'airspace-state': 0, 'data': {'action': 'radio set to:Comm1'}}
INFO:root:1723469669.833798,ID:1021,STAGE:1,SEQUENCE:1243,DATA:{'time': 1723469669.82, 'user-id': '1021', 'source': 'HAI Interface', 'destination-index': '3', 'study-stage': '1', 'decision-state': 0, 'vitals-state': 0, 'airspace-state': 0, 'data': {'page': 'map', 'action': 'show map'}}
INFO:root:1723469669.838784,ID:1021,STAGE:1,SEQUENCE:1243,DATA:{'time': 1723469669.82, 'user-id': '1021', 'source': 'HAI Interface', 'destination-index': '3', 'study-stage': '1', 'decision-state': 0, 'vitals-state': 0, 'airspace-state': 0, 'data': {'page': 'map', 'action': 'selected helipad', 'value': '21'}}
INFO:root:1723469669.850264,ID:1021,STAGE:1,SEQUENCE:1243,DATA:{'time': 1723469669.825, 'user-id': '1021', 'source': 'HAI Interface', 'destination-index': '3', 'study-stage': '1', 'decision-state': 0, 'vitals-state': 0, 'airspace-state': 0, 'data': {'action': 'NASXGStransmitting updates onComm1123.45 MHz'}}
INFO:root:1723469672.824723,ID:1021,STAGE:1,SEQUENCE:1243,DATA:{'time': 1723469672.819, 'user-id': '1021', 'source': 'HAI Interface', 'destination-index': '3', 'study-stage': '1', 'decision-state': 0, 'vitals-state': 0, 'airspace-state': 0, 'data': {'page': 'emergency', 'action': 'trying to change destination to19'}}
INFO:root:1723469677.843888,ID:1021,STAGE:1,SEQUENCE:1243,DATA:{'time': 1723469677.839, 'user-id': '1021', 'source': 'HAI Interface', 'destination-index': '3', 'study-stage': '1', 'decision-state': 0, 'vitals-state': 0, 'airspace-state': 0, 'data': {'page': 'emergency', 'action': 'trying to change destination to19'}}
INFO:root:1723469683.22086,ID:1021,STAGE:1,SEQUENCE:1243,DATA:{'time': 1723469683.217, 'user-id': '1021', 'source': 'HAI Interface', 'destination-index': '3', 'study-stage': '1', 'decision-state': 0, 'vitals-state': 0, 'airspace-state': 0, 'data': {'page': 'emergency', 'action': 'trying to change destination to19'}}
INFO:root:1723469683.224362,ID:1021,STAGE:1,SEQUENCE:1243,DATA:{'time': 1723469683.218, 'user-id': '1021', 'source': 'HAI Interface', 'destination-index': '3', 'study-stage': '1', 'decision-state': 0, 'vitals-state': 0, 'airspace-state': 0, 'data': {'page': 'emergency', 'action': 'show Weather Emergency Alert, hide map'}}
INFO:root:1723469683.230883,ID:1021,STAGE:1,SEQUENCE:1243,DATA:{'time': 1723469683.218, 'user-id': '1021', 'source': 'HAI Interface', 'destination-index': '3', 'study-stage': '1', 'decision-state': 0, 'vitals-state': 0, 'airspace-state': 0, 'data': {'page': 'map', 'action': 'hide map'}}
INFO:root:1723469683.23587,ID:1021,STAGE:1,SEQUENCE:1243,DATA:{'time': 1723469683.219, 'user-id': '1021', 'source': 'HAI Interface', 'destination-index': '3', 'study-stage': '1', 'decision-state': 0, 'vitals-state': 0, 'airspace-state': 0, 'data': {'page': 'Inflight', 'action': 'Weather emergency- emergnecy propmt displayed'}}
INFO:root:1723469685.246761,ID:1021,STAGE:1,SEQUENCE:1243,DATA:{'time': 1723469685.244, 'user-id': '1021', 'source': 'HAI Interface', 'destination-index': '3', 'study-stage': '1', 'decision-state': 0, 'vitals-state': 0, 'airspace-state': 0, 'data': {'page': 'map', 'action': 'hide map'}}
INFO:root:1723469686.744865,ID:1021,STAGE:1,SEQUENCE:1243,DATA:{'time': 1723469686.739, 'user-id': '1021', 'source': 'HAI Interface', 'destination-index': '3', 'study-stage': '1', 'decision-state': 0, 'vitals-state': 0, 'airspace-state': 0, 'data': {'page': 'Inflight', 'action': 'Weather emergency- show more info button pressed'}}
INFO:root:1723469687.835786,ID:1021,STAGE:1,SEQUENCE:1243,DATA:{'time': 1723469687.832, 'user-id': '1021', 'source': 'HAI Interface', 'destination-index': '3', 'study-stage': '1', 'decision-state': 0, 'vitals-state': 0, 'airspace-state': 0, 'data': {'page': 'emergency', 'action': 'trying to change destination to19'}}
INFO:root:1723469692.812884,ID:1021,STAGE:1,SEQUENCE:1243,DATA:{'time': 1723469692.809, 'user-id': '1021', 'source': 'HAI Interface', 'destination-index': '3', 'study-stage': '1', 'decision-state': 0, 'vitals-state': 0, 'airspace-state': 0, 'data': {'page': 'emergency', 'action': 'trying to change destination to19'}}
INFO:root:1723469697.814994,ID:1021,STAGE:1,SEQUENCE:1243,DATA:{'time': 1723469697.809, 'user-id': '1021', 'source': 'HAI Interface', 'destination-index': '3', 'study-stage': '1', 'decision-state': 0, 'vitals-state': 0, 'airspace-state': 0, 'data': {'page': 'emergency', 'action': 'trying to change destination to19'}}
INFO:root:1723469702.874003,ID:1021,STAGE:1,SEQUENCE:1243,DATA:{'time': 1723469702.866, 'user-id': '1021', 'source': 'HAI Interface', 'destination-index': '3', 'study-stage': '1', 'decision-state': 0, 'vitals-state': 0, 'airspace-state': 0, 'data': {'page': 'emergency', 'action': 'trying to change destination to19'}}
INFO:root:1723469704.244024,ID:1021,STAGE:1,SEQUENCE:1243,DATA:{'time': 1723469704.233, 'user-id': '1021', 'source': 'HAI Interface', 'destination-index': '3', 'study-stage': '1', 'decision-state': 0, 'vitals-state': 0, 'airspace-state': 0, 'data': {'page': 'Inflight', 'action': 'Weather emergency- close button pressed'}}
INFO:root:1723469706.631634,ID:1021,STAGE:1,SEQUENCE:1243,DATA:{'time': 1723469706.628, 'user-id': '1021', 'source': 'HAI Interface', 'destination-index': '3', 'study-stage': '1', 'decision-state': 0, 'vitals-state': 0, 'airspace-state': 0, 'data': {'page': 'Inflight', 'action': 'change destination button pressed'}}
INFO:root:1723469706.773482,ID:1021,STAGE:1,SEQUENCE:1243,DATA:{'time': 1723469706.755, 'user-id': 'none', 'source': 'HAI Interface', 'destination-index': 3, 'study-stage': -1, 'decision-state': 0, 'vitals-state': 0, 'airspace-state': 0, 'data': {'page': 'change-destination', 'action': 'opened page'}}
INFO:root:1723469707.733813,ID:1021,STAGE:1,SEQUENCE:1243,DATA:{'time': 1723469707.726, 'user-id': '1021', 'source': 'HAI Interface', 'destination-index': '3', 'study-stage': '1', 'decision-state': 0, 'vitals-state': 0, 'airspace-state': 0, 'data': {'page': 'map', 'action': 'set destination', 'value': -1}}
INFO:root:1723469707.736318,ID:1021,STAGE:1,SEQUENCE:1243,DATA:{'time': 1723469707.725, 'user-id': '1021', 'source': 'HAI Interface', 'destination-index': '3', 'study-stage': '1', 'decision-state': 0, 'vitals-state': 0, 'airspace-state': 0, 'data': {'page': 'map', 'action': 'selected helipad', 'value': '21'}}
INFO:root:1723469708.712815,ID:1021,STAGE:1,SEQUENCE:1243,DATA:{'time': 1723469708.706, 'user-id': '1021', 'source': 'HAI Interface', 'destination-index': '3', 'study-stage': '1', 'decision-state': 0, 'vitals-state': 0, 'airspace-state': 0, 'data': {'page': 'map', 'action': 'show map'}}
INFO:root:1723469708.71481,ID:1021,STAGE:1,SEQUENCE:1243,DATA:{'time': 1723469708.706, 'user-id': '1021', 'source': 'HAI Interface', 'destination-index': '3', 'study-stage': '1', 'decision-state': 0, 'vitals-state': 0, 'airspace-state': 0, 'data': {'page': 'map', 'action': 'selected helipad', 'value': '21'}}
INFO:root:1723469708.717316,ID:1021,STAGE:1,SEQUENCE:1243,DATA:{'time': 1723469708.707, 'user-id': '1021', 'source': 'HAI Interface', 'destination-index': '3', 'study-stage': '1', 'decision-state': 0, 'vitals-state': 0, 'airspace-state': 0, 'data': {'page': 'map', 'action': 'set destination', 'value': '3'}}
INFO:root:1723469711.897031,ID:1021,STAGE:1,SEQUENCE:1243,DATA:{'time': 1723469711.891, 'user-id': '1021', 'source': 'HAI Interface', 'destination-index': '3', 'study-stage': '1', 'decision-state': 0, 'vitals-state': 0, 'airspace-state': 0, 'data': {'page': 'emergency', 'action': 'trying to change destination to100'}}
INFO:root:1723469716.896709,ID:1021,STAGE:1,SEQUENCE:1243,DATA:{'time': 1723469716.89, 'user-id': '1021', 'source': 'HAI Interface', 'destination-index': '3', 'study-stage': '1', 'decision-state': 0, 'vitals-state': 0, 'airspace-state': 0, 'data': {'page': 'emergency', 'action': 'trying to change destination to19'}}
INFO:root:Weather emergency alert given, sent request to clear weather_emergency
INFO:root:1723469721.937361,ID:1021,STAGE:1,SEQUENCE:1243,DATA:{'time': 1723469721.929, 'user-id': '1021', 'source': 'HAI Interface', 'destination-index': '3', 'study-stage': '1', 'decision-state': 0, 'vitals-state': 0, 'airspace-state': 0, 'data': {'page': 'emergency', 'action': 'trying to change destination to19'}}
INFO:root:1723469726.957533,ID:1021,STAGE:1,SEQUENCE:1243,DATA:{'time': 1723469726.953, 'user-id': '1021', 'source': 'HAI Interface', 'destination-index': '3', 'study-stage': '1', 'decision-state': 0, 'vitals-state': 0, 'airspace-state': 0, 'data': {'page': 'emergency', 'action': 'trying to change destination to19'}}
INFO:root:voice activity detected
INFO:root:recording started
INFO:root:voice deactivity detected
INFO:root:recording stopped
INFO:root:1723469731.973048,ID:1021,STAGE:1,SEQUENCE:1243,DATA:{'time': 1723469731.962, 'user-id': '1021', 'source': 'HAI Interface', 'destination-index': '3', 'study-stage': '1', 'decision-state': 0, 'vitals-state': 0, 'airspace-state': 0, 'data': {'page': 'emergency', 'action': 'trying to change destination to19'}}
INFO:root:1723469736.976651,ID:1021,STAGE:1,SEQUENCE:1243,DATA:{'time': 1723469736.967, 'user-id': '1021', 'source': 'HAI Interface', 'destination-index': '3', 'study-stage': '1', 'decision-state': 0, 'vitals-state': 0, 'airspace-state': 0, 'data': {'page': 'emergency', 'action': 'trying to change destination to19'}}
INFO:root:1723470076.863584,ID:1021,STAGE:1,SEQUENCE:0,DATA:{'time': 1723470076.859, 'user-id': '1021', 'source': 'HAI Interface', 'destination-index': 'None', 'study-stage': 1, 'decision-state': 0, 'vitals-state': 0, 'airspace-state': 0, 'data': {'page': 'map', 'action': 'selected helipad', 'value': '21'}}
