INFO:root:1723470116.882895,ID:1021,STAGE:2,SEQUENCE:1243,DATA:{'time': 1723470116.879, 'user-id': '1021', 'source': 'HAI Interface', 'destination-index': 'None', 'study-stage': '2', 'decision-state': 0, 'vitals-state': 0, 'airspace-state': 0, 'data': {'page': 'index', 'action': 'confirm button pressed'}}
INFO:root:1723470116.983883,ID:1021,STAGE:2,SEQUENCE:1243,DATA:{'time': 1723470116.978, 'user-id': 'none', 'source': 'HAI Interface', 'destination-index': 3, 'study-stage': -1, 'decision-state': 0, 'vitals-state': 0, 'airspace-state': 0, 'data': {'page': 'location', 'action': 'opened page'}}
INFO:root:Takeoff radiocomms initiated
INFO:comtypes.client._code_cache:Imported existing <module 'comtypes.gen' from 'C:\\Users\\ae-dagbeyibor3\\AppData\\Local\\Programs\\Python\\Python312\\Lib\\site-packages\\comtypes\\gen\\__init__.py'>
INFO:comtypes.client._code_cache:Using writeable comtypes cache directory: 'C:\Users\ae-dagbeyibor3\AppData\Local\Programs\Python\Python312\Lib\site-packages\comtypes\gen'
INFO:root:1723470117.946506,ID:1021,STAGE:2,SEQUENCE:1243,DATA:{'time': 1723470117.941, 'user-id': '1021', 'source': 'HAI Interface', 'destination-index': 'None', 'study-stage': '2', 'decision-state': 0, 'vitals-state': 0, 'airspace-state': 0, 'data': {'page': 'map', 'action': 'selected helipad', 'value': '21'}}
INFO:root:1723470129.807446,ID:1021,STAGE:2,SEQUENCE:1243,DATA:{'time': 1723470129.804, 'user-id': '1021', 'source': 'HAI Interface', 'destination-index': 'None', 'study-stage': '2', 'decision-state': 0, 'vitals-state': 0, 'airspace-state': 0, 'data': {'page': 'location', 'action': 'confirm button pressed'}}
INFO:root:1723470130.022726,ID:1021,STAGE:2,SEQUENCE:1243,DATA:{'time': 1723470130.017, 'user-id': 'none', 'source': 'HAI Interface', 'destination-index': 3, 'study-stage': -1, 'decision-state': 0, 'vitals-state': 0, 'airspace-state': 0, 'data': {'page': 'checklist', 'action': 'opened page', 'inflight': False}}
INFO:root:1723470130.992144,ID:1021,STAGE:2,SEQUENCE:1243,DATA:{'time': 1723470130.989, 'user-id': '1021', 'source': 'HAI Interface', 'destination-index': '3', 'study-stage': '2', 'decision-state': 0, 'vitals-state': 0, 'airspace-state': 0, 'data': {'page': 'map', 'action': 'selected helipad', 'value': '21'}}
INFO:root:Takeoff radiocomms clear request sent
INFO:root:1723470135.620731,ID:1021,STAGE:2,SEQUENCE:1243,DATA:{'time': 1723470135.617, 'user-id': '1021', 'source': 'HAI Interface', 'destination-index': '3', 'study-stage': '2', 'decision-state': 0, 'vitals-state': 0, 'airspace-state': 0, 'data': {'page': 'checklist', 'action': 'toggled checkbox', 'inflight': False, 'item': 0, 'value': 'OFF'}}
INFO:root:1723470136.655959,ID:1021,STAGE:2,SEQUENCE:1243,DATA:{'time': 1723470136.653, 'user-id': '1021', 'source': 'HAI Interface', 'destination-index': '3', 'study-stage': '2', 'decision-state': 0, 'vitals-state': 0, 'airspace-state': 0, 'data': {'page': 'checklist', 'action': 'toggled checkbox', 'inflight': False, 'item': 1, 'value': 'OFF'}}
INFO:root:1723470137.414158,ID:1021,STAGE:2,SEQUENCE:1243,DATA:{'time': 1723470137.411, 'user-id': '1021', 'source': 'HAI Interface', 'destination-index': '3', 'study-stage': '2', 'decision-state': 0, 'vitals-state': 0, 'airspace-state': 0, 'data': {'page': 'checklist', 'action': 'toggled checkbox', 'inflight': False, 'item': 2, 'value': 'OFF'}}
INFO:root:1723470137.415157,ID:1021,STAGE:2,SEQUENCE:1243,DATA:{'time': 1723470137.411, 'user-id': '1021', 'source': 'HAI Interface', 'destination-index': '3', 'study-stage': '2', 'decision-state': 0, 'vitals-state': 0, 'airspace-state': 0, 'data': {'page': 'checklist', 'action': 'showing confirm button', 'inflight': False}}
INFO:root:1723470138.257111,ID:1021,STAGE:2,SEQUENCE:1243,DATA:{'time': 1723470138.254, 'user-id': '1021', 'source': 'HAI Interface', 'destination-index': '3', 'study-stage': '2', 'decision-state': 0, 'vitals-state': 0, 'airspace-state': 0, 'data': {'page': 'checklist', 'action': 'confirm button clicked', 'inflight': False}}
INFO:root:1723470138.34618,ID:1021,STAGE:2,SEQUENCE:1243,DATA:{'time': 1723470138.336, 'user-id': 'none', 'source': 'HAI Interface', 'destination-index': 3, 'study-stage': -1, 'decision-state': 0, 'vitals-state': 0, 'airspace-state': 0, 'data': {'page': 'countdown', 'action': 'opened page'}}
INFO:root:1723470139.315003,ID:1021,STAGE:2,SEQUENCE:1243,DATA:{'time': 1723470139.311, 'user-id': '1021', 'source': 'HAI Interface', 'destination-index': '3', 'study-stage': '2', 'decision-state': 0, 'vitals-state': 0, 'airspace-state': 0, 'data': {'page': 'map', 'action': 'selected helipad', 'value': '21'}}
INFO:root:1723470139.346185,ID:1021,STAGE:2,SEQUENCE:1243,DATA:{'time': 1723470139.343, 'user-id': '1021', 'source': 'HAI Interface', 'destination-index': '3', 'study-stage': '2', 'decision-state': 0, 'vitals-state': 0, 'airspace-state': 0, 'data': {'page': 'countdown', 'action': 'countdown now 4'}}
INFO:root:1723470140.346668,ID:1021,STAGE:2,SEQUENCE:1243,DATA:{'time': 1723470140.344, 'user-id': '1021', 'source': 'HAI Interface', 'destination-index': '3', 'study-stage': '2', 'decision-state': 0, 'vitals-state': 0, 'airspace-state': 0, 'data': {'page': 'countdown', 'action': 'countdown now 3'}}
INFO:root:1723470141.34223,ID:1021,STAGE:2,SEQUENCE:1243,DATA:{'time': 1723470141.338, 'user-id': '1021', 'source': 'HAI Interface', 'destination-index': '3', 'study-stage': '2', 'decision-state': 0, 'vitals-state': 0, 'airspace-state': 0, 'data': {'page': 'countdown', 'action': 'countdown now 2'}}
INFO:root:1723470142.34488,ID:1021,STAGE:2,SEQUENCE:1243,DATA:{'time': 1723470142.341, 'user-id': '1021', 'source': 'HAI Interface', 'destination-index': '3', 'study-stage': '2', 'decision-state': 0, 'vitals-state': 0, 'airspace-state': 0, 'data': {'page': 'countdown', 'action': 'countdown now 1'}}
INFO:root:1723470143.345487,ID:1021,STAGE:2,SEQUENCE:1243,DATA:{'time': 1723470143.342, 'user-id': '1021', 'source': 'HAI Interface', 'destination-index': '3', 'study-stage': '2', 'decision-state': 0, 'vitals-state': 0, 'airspace-state': 0, 'data': {'page': 'countdown', 'action': 'countdown now 0'}}
INFO:root:1723470144.345206,ID:1021,STAGE:2,SEQUENCE:1243,DATA:{'time': 1723470144.341, 'user-id': '1021', 'source': 'HAI Interface', 'destination-index': '3', 'study-stage': '2', 'decision-state': 0, 'vitals-state': 0, 'airspace-state': 0, 'data': {'page': 'countdown', 'action': 'countdown complete'}}
INFO:root:1723470145.63688,ID:1021,STAGE:2,SEQUENCE:1243,DATA:{'time': 1723470145.634, 'user-id': '1021', 'source': 'HAI Interface', 'destination-index': '3', 'study-stage': '2', 'decision-state': 0, 'vitals-state': 0, 'airspace-state': 0, 'data': {'page': 'map', 'action': 'selected helipad', 'value': '21'}}
INFO:root:1723470151.778155,ID:1021,STAGE:2,SEQUENCE:1243,DATA:{'time': 1723470151.774, 'user-id': '1021', 'source': 'HAI Interface', 'destination-index': '3', 'study-stage': '2', 'decision-state': 0, 'vitals-state': 0, 'airspace-state': 0, 'data': {'action': 'radio panel opened'}}
INFO:root:Inflight Radio Update asked
INFO:root:sent request to set radio update complete
INFO:root:1723470157.763328,ID:1021,STAGE:2,SEQUENCE:1243,DATA:{'time': 1723470157.76, 'user-id': '1021', 'source': 'HAI Interface', 'destination-index': '3', 'study-stage': '2', 'decision-state': 0, 'vitals-state': 0, 'airspace-state': 0, 'data': {'action': 'transmit button pressed'}}
INFO:root:1723470157.767316,ID:1021,STAGE:2,SEQUENCE:1243,DATA:{'time': 1723470157.76, 'user-id': '1021', 'source': 'HAI Interface', 'destination-index': '3', 'study-stage': '2', 'decision-state': 0, 'vitals-state': 0, 'airspace-state': 0, 'data': {'action': 'callsign set to: + NASXGS'}}
INFO:root:1723470157.767316,ID:1021,STAGE:2,SEQUENCE:1243,DATA:{'time': 1723470157.761, 'user-id': '1021', 'source': 'HAI Interface', 'destination-index': '3', 'study-stage': '2', 'decision-state': 0, 'vitals-state': 0, 'airspace-state': 0, 'data': {'action': 'radio set to:Comm1'}}
INFO:root:1723470157.76931,ID:1021,STAGE:2,SEQUENCE:1243,DATA:{'time': 1723470157.761, 'user-id': '1021', 'source': 'HAI Interface', 'destination-index': '3', 'study-stage': '2', 'decision-state': 0, 'vitals-state': 0, 'airspace-state': 0, 'data': {'page': 'map', 'action': 'show map'}}
INFO:root:1723470157.77245,ID:1021,STAGE:2,SEQUENCE:1243,DATA:{'time': 1723470157.761, 'user-id': '1021', 'source': 'HAI Interface', 'destination-index': '3', 'study-stage': '2', 'decision-state': 0, 'vitals-state': 0, 'airspace-state': 0, 'data': {'page': 'map', 'action': 'selected helipad', 'value': '21'}}
INFO:root:1723470157.775951,ID:1021,STAGE:2,SEQUENCE:1243,DATA:{'time': 1723470157.766, 'user-id': '1021', 'source': 'HAI Interface', 'destination-index': '3', 'study-stage': '2', 'decision-state': 0, 'vitals-state': 0, 'airspace-state': 0, 'data': {'action': 'NASXGStransmitting updates onComm1123.45 MHz'}}
INFO:root:1723470169.552354,ID:1021,STAGE:2,SEQUENCE:1243,DATA:{'time': 1723470169.548, 'user-id': '1021', 'source': 'HAI Interface', 'destination-index': '3', 'study-stage': '2', 'decision-state': 0, 'vitals-state': 0, 'airspace-state': 0, 'data': {'page': 'map', 'action': 'hide map'}}
INFO:root:1723470170.385962,ID:1021,STAGE:2,SEQUENCE:1243,DATA:{'time': 1723470170.381, 'user-id': '1021', 'source': 'HAI Interface', 'destination-index': '3', 'study-stage': '2', 'decision-state': 0, 'vitals-state': 0, 'airspace-state': 0, 'data': {'action': 'radio panel opened'}}
INFO:root:1723470198.798093,ID:1021,STAGE:2,SEQUENCE:1243,DATA:{'time': 1723470198.793, 'user-id': '1021', 'source': 'HAI Interface', 'destination-index': '3', 'study-stage': '2', 'decision-state': 0, 'vitals-state': 0, 'airspace-state': 0, 'data': {'page': 'inflight', 'action': 'displaying vitals prompt'}}
INFO:root:1723470203.16377,ID:1021,STAGE:2,SEQUENCE:1243,DATA:{'time': 1723470203.159, 'user-id': '1021', 'source': 'HAI Interface', 'destination-index': '3', 'study-stage': '2', 'decision-state': 0, 'vitals-state': 0, 'airspace-state': 0, 'data': {'page': 'inflight', 'action': 'user acknowledged vitals prompt'}}
INFO:root:1723470205.271378,ID:1021,STAGE:2,SEQUENCE:1243,DATA:{'time': 1723470205.262, 'source': 'VitalsTask', 'timer': 131.37, 'data': {'sensor': 'Heart Rate', 'action': 'opened sensor tab'}}
INFO:root:1723470206.183681,ID:1021,STAGE:2,SEQUENCE:1243,DATA:{'time': 1723470206.173, 'source': 'VitalsTask', 'timer': 132.281, 'data': {'sensor': 'Heart Rate', 'action': 'capture', 'data': 'action button pressed'}}
INFO:root:1723470206.185187,ID:1021,STAGE:2,SEQUENCE:1243,DATA:{'time': 1723470206.177, 'source': 'VitalsTask', 'timer': 132.285, 'data': {'sensor': 'Heart Rate', 'action': 'capture', 'data': 'starting sensor action'}}
INFO:root:1723470207.20068,ID:1021,STAGE:2,SEQUENCE:1243,DATA:{'time': 1723470207.191, 'source': 'VitalsTask', 'timer': 133.299, 'data': {'sensor': 'Heart Rate', 'action': 'capture', 'data': 'sensor action complete'}}
INFO:root:1723470207.202675,ID:1021,STAGE:2,SEQUENCE:1243,DATA:{'time': 1723470207.192, 'source': 'VitalsTask', 'timer': 133.3, 'data': {'sensor': 'Heart Rate', 'action': 'keypad open'}}
INFO:root:1723470208.006025,ID:1021,STAGE:2,SEQUENCE:1243,DATA:{'time': 1723470207.996, 'source': 'VitalsTask', 'timer': 134.104, 'data': {'sensor': 'Heart Rate', 'action': 'keypad press', 'key': 5, 'value': 5}}
INFO:root:1723470208.182095,ID:1021,STAGE:2,SEQUENCE:1243,DATA:{'time': 1723470208.173, 'source': 'VitalsTask', 'timer': 134.281, 'data': {'sensor': 'Heart Rate', 'action': 'keypad press', 'key': 5, 'value': 55}}
INFO:root:1723470209.484996,ID:1021,STAGE:2,SEQUENCE:1243,DATA:{'time': 1723470209.478, 'source': 'VitalsTask', 'timer': 135.586, 'data': {'sensor': 'Heart Rate', 'action': 'show action buttons'}}
INFO:root:1723470209.486924,ID:1021,STAGE:2,SEQUENCE:1243,DATA:{'time': 1723470209.478, 'source': 'VitalsTask', 'timer': 135.586, 'data': {'sensor': 'Heart Rate', 'action': 'keypad press', 'key': 10, 'value': 55}}
INFO:root:1723470210.941459,ID:1021,STAGE:2,SEQUENCE:1243,DATA:{'time': 1723470210.933, 'source': 'VitalsTask', 'timer': 137.041, 'data': {'sensor': 'Heart Rate', 'action': 'log', 'data': 'action button pressed'}}
INFO:root:1723470210.943453,ID:1021,STAGE:2,SEQUENCE:1243,DATA:{'time': 1723470210.933, 'source': 'VitalsTask', 'timer': 137.041, 'data': {'sensor': 'Heart Rate', 'action': 'log', 'data': 'starting sensor action'}}
INFO:root:1723470211.921849,ID:1021,STAGE:2,SEQUENCE:1243,DATA:{'time': 1723470211.914, 'source': 'VitalsTask', 'timer': 138.022, 'data': {'sensor': 'Heart Rate', 'action': 'save', 'data': 'action button pressed'}}
INFO:root:1723470211.923843,ID:1021,STAGE:2,SEQUENCE:1243,DATA:{'time': 1723470211.915, 'source': 'VitalsTask', 'timer': 138.023, 'data': {'sensor': 'Heart Rate', 'action': 'save', 'data': 'a sensor action is in progress, cancelling'}}
INFO:root:1723470211.953284,ID:1021,STAGE:2,SEQUENCE:1243,DATA:{'time': 1723470211.947, 'source': 'VitalsTask', 'timer': 138.055, 'data': {'sensor': 'Heart Rate', 'action': 'log', 'data': 'sensor action complete'}}
INFO:root:1723470213.283302,ID:1021,STAGE:2,SEQUENCE:1243,DATA:{'time': 1723470213.267, 'source': 'VitalsTask', 'timer': 139.375, 'data': {'sensor': 'Heart Rate', 'action': 'save', 'data': 'action button pressed'}}
INFO:root:1723470213.286294,ID:1021,STAGE:2,SEQUENCE:1243,DATA:{'time': 1723470213.269, 'source': 'VitalsTask', 'timer': 139.377, 'data': {'sensor': 'Heart Rate', 'action': 'save', 'data': 'starting sensor action'}}
INFO:root:1723470214.294871,ID:1021,STAGE:2,SEQUENCE:1243,DATA:{'time': 1723470214.283, 'source': 'VitalsTask', 'timer': 140.391, 'data': {'sensor': 'Heart Rate', 'action': 'save', 'data': 'sensor action complete'}}
INFO:root:1723470214.717964,ID:1021,STAGE:2,SEQUENCE:1243,DATA:{'time': 1723470214.71, 'source': 'VitalsTask', 'timer': 140.818, 'data': {'sensor': 'O\u2082 Saturation', 'action': 'opened sensor tab'}}
INFO:root:1723470215.579797,ID:1021,STAGE:2,SEQUENCE:1243,DATA:{'time': 1723470215.572, 'source': 'VitalsTask', 'timer': 141.68, 'data': {'sensor': 'O\u2082 Saturation', 'action': 'capture', 'data': 'action button pressed'}}
INFO:root:1723470215.581918,ID:1021,STAGE:2,SEQUENCE:1243,DATA:{'time': 1723470215.573, 'source': 'VitalsTask', 'timer': 141.681, 'data': {'sensor': 'O\u2082 Saturation', 'action': 'capture', 'data': 'starting sensor action'}}
INFO:root:1723470216.599891,ID:1021,STAGE:2,SEQUENCE:1243,DATA:{'time': 1723470216.589, 'source': 'VitalsTask', 'timer': 142.697, 'data': {'sensor': 'O\u2082 Saturation', 'action': 'capture', 'data': 'sensor action complete'}}
INFO:root:1723470216.600885,ID:1021,STAGE:2,SEQUENCE:1243,DATA:{'time': 1723470216.59, 'source': 'VitalsTask', 'timer': 142.698, 'data': {'sensor': 'O\u2082 Saturation', 'action': 'keypad open'}}
INFO:root:1723470217.845497,ID:1021,STAGE:2,SEQUENCE:1243,DATA:{'time': 1723470217.837, 'source': 'VitalsTask', 'timer': 143.945, 'data': {'sensor': 'O\u2082 Saturation', 'action': 'keypad press', 'key': 1, 'value': 1}}
INFO:root:1723470218.60135,ID:1021,STAGE:2,SEQUENCE:1243,DATA:{'time': 1723470218.593, 'source': 'VitalsTask', 'timer': 144.701, 'data': {'sensor': 'O\u2082 Saturation', 'action': 'keypad press', 'key': 11, 'value': 10}}
INFO:root:1723470218.80601,ID:1021,STAGE:2,SEQUENCE:1243,DATA:{'time': 1723470218.797, 'source': 'VitalsTask', 'timer': 144.905, 'data': {'sensor': 'O\u2082 Saturation', 'action': 'keypad press', 'key': 11, 'value': 100}}
INFO:root:1723470219.383924,ID:1021,STAGE:2,SEQUENCE:1243,DATA:{'time': 1723470219.376, 'source': 'VitalsTask', 'timer': 145.484, 'data': {'sensor': 'O\u2082 Saturation', 'action': 'show action buttons'}}
INFO:root:1723470219.385502,ID:1021,STAGE:2,SEQUENCE:1243,DATA:{'time': 1723470219.376, 'source': 'VitalsTask', 'timer': 145.484, 'data': {'sensor': 'O\u2082 Saturation', 'action': 'keypad press', 'key': 10, 'value': 100}}
INFO:root:1723470221.399782,ID:1021,STAGE:2,SEQUENCE:1243,DATA:{'time': 1723470221.389, 'source': 'VitalsTask', 'timer': 147.497, 'data': {'sensor': 'O\u2082 Saturation', 'action': 'log', 'data': 'action button pressed'}}
INFO:root:1723470221.401782,ID:1021,STAGE:2,SEQUENCE:1243,DATA:{'time': 1723470221.39, 'source': 'VitalsTask', 'timer': 147.498, 'data': {'sensor': 'O\u2082 Saturation', 'action': 'log', 'data': 'starting sensor action'}}
INFO:root:1723470222.414935,ID:1021,STAGE:2,SEQUENCE:1243,DATA:{'time': 1723470222.408, 'source': 'VitalsTask', 'timer': 148.516, 'data': {'sensor': 'O\u2082 Saturation', 'action': 'log', 'data': 'sensor action complete'}}
INFO:root:1723470223.444847,ID:1021,STAGE:2,SEQUENCE:1243,DATA:{'time': 1723470223.434, 'source': 'VitalsTask', 'timer': 149.542, 'data': {'sensor': 'O\u2082 Saturation', 'action': 'save', 'data': 'action button pressed'}}
INFO:root:1723470223.446841,ID:1021,STAGE:2,SEQUENCE:1243,DATA:{'time': 1723470223.434, 'source': 'VitalsTask', 'timer': 149.542, 'data': {'sensor': 'O\u2082 Saturation', 'action': 'save', 'data': 'starting sensor action'}}
INFO:root:1723470224.458795,ID:1021,STAGE:2,SEQUENCE:1243,DATA:{'time': 1723470224.451, 'source': 'VitalsTask', 'timer': 150.559, 'data': {'sensor': 'O\u2082 Saturation', 'action': 'save', 'data': 'sensor action complete'}}
INFO:root:1723470225.007343,ID:1021,STAGE:2,SEQUENCE:1243,DATA:{'time': 1723470225, 'source': 'VitalsTask', 'timer': 151.108, 'data': {'sensor': 'Blood Pressure', 'action': 'opened sensor tab'}}
INFO:root:1723470226.820937,ID:1021,STAGE:2,SEQUENCE:1243,DATA:{'time': 1723470226.813, 'source': 'VitalsTask', 'timer': 152.921, 'data': {'sensor': 'Blood Pressure', 'action': 'capture', 'data': 'action button pressed'}}
INFO:root:1723470226.823933,ID:1021,STAGE:2,SEQUENCE:1243,DATA:{'time': 1723470226.814, 'source': 'VitalsTask', 'timer': 152.922, 'data': {'sensor': 'Blood Pressure', 'action': 'capture', 'data': 'starting sensor action'}}
INFO:root:1723470227.833391,ID:1021,STAGE:2,SEQUENCE:1243,DATA:{'time': 1723470227.826, 'source': 'VitalsTask', 'timer': 153.934, 'data': {'sensor': 'Blood Pressure', 'action': 'capture', 'data': 'sensor action complete'}}
INFO:root:1723470227.835387,ID:1021,STAGE:2,SEQUENCE:1243,DATA:{'time': 1723470227.826, 'source': 'VitalsTask', 'timer': 153.934, 'data': {'sensor': 'Blood Pressure', 'action': 'keypad open'}}
INFO:root:1723470228.649703,ID:1021,STAGE:2,SEQUENCE:1243,DATA:{'time': 1723470228.643, 'source': 'VitalsTask', 'timer': 154.751, 'data': {'sensor': 'Blood Pressure', 'action': 'keypad press', 'key': 1, 'value': 1}}
INFO:root:1723470229.406902,ID:1021,STAGE:2,SEQUENCE:1243,DATA:{'time': 1723470229.399, 'source': 'VitalsTask', 'timer': 155.507, 'data': {'sensor': 'Blood Pressure', 'action': 'keypad press', 'key': 2, 'value': 12}}
INFO:root:1723470231.203133,ID:1021,STAGE:2,SEQUENCE:1243,DATA:{'time': 1723470231.196, 'source': 'VitalsTask', 'timer': 157.304, 'data': {'sensor': 'Blood Pressure', 'action': 'keypad press', 'key': 11, 'value': 120}}
INFO:root:1723470231.889734,ID:1021,STAGE:2,SEQUENCE:1243,DATA:{'time': 1723470231.882, 'source': 'VitalsTask', 'timer': 157.99, 'data': {'sensor': 'Blood Pressure', 'action': 'keypad press', 'key': 8, 'value': 1208}}
INFO:root:1723470232.370748,ID:1021,STAGE:2,SEQUENCE:1243,DATA:{'time': 1723470232.363, 'source': 'VitalsTask', 'timer': 158.471, 'data': {'sensor': 'Blood Pressure', 'action': 'keypad press', 'key': 11, 'value': 12080}}
INFO:root:1723470232.984296,ID:1021,STAGE:2,SEQUENCE:1243,DATA:{'time': 1723470232.975, 'source': 'VitalsTask', 'timer': 159.083, 'data': {'sensor': 'Blood Pressure', 'action': 'show action buttons'}}
INFO:root:1723470232.985294,ID:1021,STAGE:2,SEQUENCE:1243,DATA:{'time': 1723470232.976, 'source': 'VitalsTask', 'timer': 159.084, 'data': {'sensor': 'Blood Pressure', 'action': 'keypad press', 'key': 10, 'value': 12080}}
INFO:root:1723470234.361761,ID:1021,STAGE:2,SEQUENCE:1243,DATA:{'time': 1723470234.353, 'source': 'VitalsTask', 'timer': 160.461, 'data': {'sensor': 'Blood Pressure', 'action': 'log', 'data': 'action button pressed'}}
INFO:root:1723470234.36475,ID:1021,STAGE:2,SEQUENCE:1243,DATA:{'time': 1723470234.353, 'source': 'VitalsTask', 'timer': 160.461, 'data': {'sensor': 'Blood Pressure', 'action': 'log', 'data': 'starting sensor action'}}
INFO:root:1723470235.374007,ID:1021,STAGE:2,SEQUENCE:1243,DATA:{'time': 1723470235.366, 'source': 'VitalsTask', 'timer': 161.474, 'data': {'sensor': 'Blood Pressure', 'action': 'log', 'data': 'sensor action complete'}}
INFO:root:1723470235.828491,ID:1021,STAGE:2,SEQUENCE:1243,DATA:{'time': 1723470235.82, 'source': 'VitalsTask', 'timer': 161.928, 'data': {'sensor': 'Blood Pressure', 'action': 'save', 'data': 'action button pressed'}}
INFO:root:1723470235.82953,ID:1021,STAGE:2,SEQUENCE:1243,DATA:{'time': 1723470235.82, 'source': 'VitalsTask', 'timer': 161.928, 'data': {'sensor': 'Blood Pressure', 'action': 'save', 'data': 'starting sensor action'}}
INFO:root:1723470236.846211,ID:1021,STAGE:2,SEQUENCE:1243,DATA:{'time': 1723470236.837, 'source': 'VitalsTask', 'timer': 162.945, 'data': {'sensor': 'Blood Pressure', 'action': 'save', 'data': 'sensor action complete'}}
INFO:root:1723470238.476579,ID:1021,STAGE:2,SEQUENCE:1243,DATA:{'time': 1723470238.469, 'source': 'VitalsTask', 'timer': 164.577, 'data': {'sensor': 'submit', 'action': 'submit'}}
INFO:root:1723470238.477576,ID:1021,STAGE:2,SEQUENCE:1243,DATA:{'time': 1723470238.47, 'source': 'VitalsTask', 'timer': 164.578, 'data': {'sensor': 'submit', 'action': 'submit', 'data': 'submit succeeded'}}
INFO:root:1723470249.334746,ID:1021,STAGE:2,SEQUENCE:1243,DATA:{'time': 1723470249.33, 'user-id': '1021', 'source': 'HAI Interface', 'destination-index': '3', 'study-stage': '2', 'decision-state': 0, 'vitals-state': 0, 'airspace-state': 0, 'data': {'action': 'radio panel opened'}}
INFO:root:Inflight Radio Update asked
INFO:root:sent request to set radio update complete
INFO:root:1723470254.354879,ID:1021,STAGE:2,SEQUENCE:1243,DATA:{'time': 1723470254.35, 'user-id': '1021', 'source': 'HAI Interface', 'destination-index': '3', 'study-stage': '2', 'decision-state': 0, 'vitals-state': 0, 'airspace-state': 0, 'data': {'action': 'transmit button pressed'}}
INFO:root:1723470254.357871,ID:1021,STAGE:2,SEQUENCE:1243,DATA:{'time': 1723470254.351, 'user-id': '1021', 'source': 'HAI Interface', 'destination-index': '3', 'study-stage': '2', 'decision-state': 0, 'vitals-state': 0, 'airspace-state': 0, 'data': {'action': 'callsign set to: + NASXGS'}}
INFO:root:1723470254.358869,ID:1021,STAGE:2,SEQUENCE:1243,DATA:{'time': 1723470254.351, 'user-id': '1021', 'source': 'HAI Interface', 'destination-index': '3', 'study-stage': '2', 'decision-state': 0, 'vitals-state': 0, 'airspace-state': 0, 'data': {'action': 'radio set to:Comm1'}}
INFO:root:1723470254.359867,ID:1021,STAGE:2,SEQUENCE:1243,DATA:{'time': 1723470254.352, 'user-id': '1021', 'source': 'HAI Interface', 'destination-index': '3', 'study-stage': '2', 'decision-state': 0, 'vitals-state': 0, 'airspace-state': 0, 'data': {'page': 'map', 'action': 'show map'}}
INFO:root:1723470254.361904,ID:1021,STAGE:2,SEQUENCE:1243,DATA:{'time': 1723470254.352, 'user-id': '1021', 'source': 'HAI Interface', 'destination-index': '3', 'study-stage': '2', 'decision-state': 0, 'vitals-state': 0, 'airspace-state': 0, 'data': {'page': 'map', 'action': 'selected helipad', 'value': '21'}}
INFO:root:1723470254.364476,ID:1021,STAGE:2,SEQUENCE:1243,DATA:{'time': 1723470254.357, 'user-id': '1021', 'source': 'HAI Interface', 'destination-index': '3', 'study-stage': '2', 'decision-state': 0, 'vitals-state': 0, 'airspace-state': 0, 'data': {'action': 'NASXGStransmitting updates onComm1123.45 MHz'}}
INFO:root:1723470265.203016,ID:1021,STAGE:2,SEQUENCE:1243,DATA:{'time': 1723470265.199, 'user-id': '1021', 'source': 'HAI Interface', 'destination-index': '3', 'study-stage': '2', 'decision-state': 0, 'vitals-state': 0, 'airspace-state': 0, 'data': {'page': 'map', 'action': 'hide map'}}
INFO:root:1723470266.321744,ID:1021,STAGE:2,SEQUENCE:1243,DATA:{'time': 1723470266.318, 'user-id': '1021', 'source': 'HAI Interface', 'destination-index': '3', 'study-stage': '2', 'decision-state': 0, 'vitals-state': 0, 'airspace-state': 0, 'data': {'action': 'radio panel opened'}}
INFO:root:1723470297.130261,ID:1021,STAGE:2,SEQUENCE:1243,DATA:{'time': 1723470297.126, 'user-id': '1021', 'source': 'HAI Interface', 'destination-index': '3', 'study-stage': '2', 'decision-state': 0, 'vitals-state': 0, 'airspace-state': 0, 'data': {'page': 'inflight', 'action': 'displaying vitals prompt'}}
INFO:root:1723470300.87468,ID:1021,STAGE:2,SEQUENCE:1243,DATA:{'time': 1723470300.867, 'source': 'VitalsTask', 'timer': 62.397, 'data': {'sensor': 'Heart Rate', 'action': 'opened sensor tab'}}
INFO:root:1723470302.125275,ID:1021,STAGE:2,SEQUENCE:1243,DATA:{'time': 1723470302.116, 'source': 'VitalsTask', 'timer': 63.646, 'data': {'sensor': 'Heart Rate', 'action': 'capture', 'data': 'action button pressed'}}
INFO:root:1723470302.130332,ID:1021,STAGE:2,SEQUENCE:1243,DATA:{'time': 1723470302.117, 'source': 'VitalsTask', 'timer': 63.647, 'data': {'sensor': 'Heart Rate', 'action': 'capture', 'data': 'starting sensor action'}}
INFO:root:1723470303.148323,ID:1021,STAGE:2,SEQUENCE:1243,DATA:{'time': 1723470303.137, 'source': 'VitalsTask', 'timer': 64.667, 'data': {'sensor': 'Heart Rate', 'action': 'capture', 'data': 'sensor action complete'}}
INFO:root:1723470303.150203,ID:1021,STAGE:2,SEQUENCE:1243,DATA:{'time': 1723470303.138, 'source': 'VitalsTask', 'timer': 64.668, 'data': {'sensor': 'Heart Rate', 'action': 'keypad open'}}
INFO:root:1723470304.330984,ID:1021,STAGE:2,SEQUENCE:1243,DATA:{'time': 1723470304.323, 'source': 'VitalsTask', 'timer': 65.853, 'data': {'sensor': 'Heart Rate', 'action': 'keypad press', 'key': 5, 'value': 5}}
INFO:root:1723470304.484138,ID:1021,STAGE:2,SEQUENCE:1243,DATA:{'time': 1723470304.476, 'source': 'VitalsTask', 'timer': 66.006, 'data': {'sensor': 'Heart Rate', 'action': 'keypad press', 'key': 5, 'value': 55}}
INFO:root:1723470305.338978,ID:1021,STAGE:2,SEQUENCE:1243,DATA:{'time': 1723470305.331, 'source': 'VitalsTask', 'timer': 66.861, 'data': {'sensor': 'Heart Rate', 'action': 'show action buttons'}}
INFO:root:1723470305.340979,ID:1021,STAGE:2,SEQUENCE:1243,DATA:{'time': 1723470305.331, 'source': 'VitalsTask', 'timer': 66.861, 'data': {'sensor': 'Heart Rate', 'action': 'keypad press', 'key': 10, 'value': 55}}
INFO:root:1723470306.49153,ID:1021,STAGE:2,SEQUENCE:1243,DATA:{'time': 1723470306.483, 'source': 'VitalsTask', 'timer': 68.013, 'data': {'sensor': 'Heart Rate', 'action': 'log', 'data': 'action button pressed'}}
INFO:root:1723470306.493112,ID:1021,STAGE:2,SEQUENCE:1243,DATA:{'time': 1723470306.483, 'source': 'VitalsTask', 'timer': 68.013, 'data': {'sensor': 'Heart Rate', 'action': 'log', 'data': 'starting sensor action'}}
INFO:root:1723470307.509055,ID:1021,STAGE:2,SEQUENCE:1243,DATA:{'time': 1723470307.501, 'source': 'VitalsTask', 'timer': 69.031, 'data': {'sensor': 'Heart Rate', 'action': 'log', 'data': 'sensor action complete'}}
INFO:root:1723470307.806537,ID:1021,STAGE:2,SEQUENCE:1243,DATA:{'time': 1723470307.803, 'user-id': '1021', 'source': 'HAI Interface', 'destination-index': '3', 'study-stage': '2', 'decision-state': 0, 'vitals-state': 0, 'airspace-state': 0, 'data': {'page': 'inflight', 'action': 'user acknowledged vitals prompt'}}
INFO:root:1723470308.950071,ID:1021,STAGE:2,SEQUENCE:1243,DATA:{'time': 1723470308.941, 'source': 'VitalsTask', 'timer': 70.471, 'data': {'sensor': 'Heart Rate', 'action': 'save', 'data': 'action button pressed'}}
INFO:root:1723470308.952067,ID:1021,STAGE:2,SEQUENCE:1243,DATA:{'time': 1723470308.941, 'source': 'VitalsTask', 'timer': 70.471, 'data': {'sensor': 'Heart Rate', 'action': 'save', 'data': 'starting sensor action'}}
INFO:root:1723470309.970441,ID:1021,STAGE:2,SEQUENCE:1243,DATA:{'time': 1723470309.961, 'source': 'VitalsTask', 'timer': 71.491, 'data': {'sensor': 'Heart Rate', 'action': 'save', 'data': 'sensor action complete'}}
INFO:root:1723470310.566353,ID:1021,STAGE:2,SEQUENCE:1243,DATA:{'time': 1723470310.558, 'source': 'VitalsTask', 'timer': 72.088, 'data': {'sensor': 'O\u2082 Saturation', 'action': 'opened sensor tab'}}
INFO:root:1723470311.404897,ID:1021,STAGE:2,SEQUENCE:1243,DATA:{'time': 1723470311.396, 'source': 'VitalsTask', 'timer': 72.926, 'data': {'sensor': 'O\u2082 Saturation', 'action': 'capture', 'data': 'action button pressed'}}
INFO:root:1723470311.406578,ID:1021,STAGE:2,SEQUENCE:1243,DATA:{'time': 1723470311.397, 'source': 'VitalsTask', 'timer': 72.927, 'data': {'sensor': 'O\u2082 Saturation', 'action': 'capture', 'data': 'starting sensor action'}}
INFO:root:1723470312.419871,ID:1021,STAGE:2,SEQUENCE:1243,DATA:{'time': 1723470312.412, 'source': 'VitalsTask', 'timer': 73.942, 'data': {'sensor': 'O\u2082 Saturation', 'action': 'capture', 'data': 'sensor action complete'}}
INFO:root:1723470312.421251,ID:1021,STAGE:2,SEQUENCE:1243,DATA:{'time': 1723470312.412, 'source': 'VitalsTask', 'timer': 73.942, 'data': {'sensor': 'O\u2082 Saturation', 'action': 'keypad open'}}
INFO:root:1723470314.073724,ID:1021,STAGE:2,SEQUENCE:1243,DATA:{'time': 1723470314.065, 'source': 'VitalsTask', 'timer': 75.595, 'data': {'sensor': 'O\u2082 Saturation', 'action': 'keypad press', 'key': 1, 'value': 1}}
INFO:root:1723470315.634876,ID:1021,STAGE:2,SEQUENCE:1243,DATA:{'time': 1723470315.627, 'source': 'VitalsTask', 'timer': 77.157, 'data': {'sensor': 'O\u2082 Saturation', 'action': 'keypad press', 'key': 11, 'value': 10}}
INFO:root:1723470316.134834,ID:1021,STAGE:2,SEQUENCE:1243,DATA:{'time': 1723470316.126, 'source': 'VitalsTask', 'timer': 77.656, 'data': {'sensor': 'O\u2082 Saturation', 'action': 'show action buttons'}}
INFO:root:1723470316.135831,ID:1021,STAGE:2,SEQUENCE:1243,DATA:{'time': 1723470316.127, 'source': 'VitalsTask', 'timer': 77.657, 'data': {'sensor': 'O\u2082 Saturation', 'action': 'keypad press', 'key': 10, 'value': 10}}
INFO:root:1723470317.902099,ID:1021,STAGE:2,SEQUENCE:1243,DATA:{'time': 1723470317.891, 'source': 'VitalsTask', 'timer': 79.421, 'data': {'sensor': 'O\u2082 Saturation', 'action': 'capture', 'data': 'action button pressed'}}
INFO:root:1723470317.903096,ID:1021,STAGE:2,SEQUENCE:1243,DATA:{'time': 1723470317.891, 'source': 'VitalsTask', 'timer': 79.421, 'data': {'sensor': 'O\u2082 Saturation', 'action': 'capture', 'data': 'sensor item has already been completed, cancelling'}}
INFO:root:1723470318.754646,ID:1021,STAGE:2,SEQUENCE:1243,DATA:{'time': 1723470318.745, 'source': 'VitalsTask', 'timer': 80.275, 'data': {'sensor': 'O\u2082 Saturation', 'action': 'capture', 'data': 'action button pressed'}}
INFO:root:1723470318.756644,ID:1021,STAGE:2,SEQUENCE:1243,DATA:{'time': 1723470318.745, 'source': 'VitalsTask', 'timer': 80.275, 'data': {'sensor': 'O\u2082 Saturation', 'action': 'capture', 'data': 'sensor item has already been completed, cancelling'}}
INFO:root:1723470319.764035,ID:1021,STAGE:2,SEQUENCE:1243,DATA:{'time': 1723470319.755, 'source': 'VitalsTask', 'timer': 81.285, 'data': {'sensor': 'O\u2082 Saturation', 'action': 'log', 'data': 'action button pressed'}}
INFO:root:1723470319.766028,ID:1021,STAGE:2,SEQUENCE:1243,DATA:{'time': 1723470319.756, 'source': 'VitalsTask', 'timer': 81.286, 'data': {'sensor': 'O\u2082 Saturation', 'action': 'log', 'data': 'starting sensor action'}}
INFO:root:1723470320.40898,ID:1021,STAGE:2,SEQUENCE:1243,DATA:{'time': 1723470320.402, 'source': 'VitalsTask', 'timer': 81.932, 'data': {'sensor': 'O\u2082 Saturation', 'action': 'save', 'data': 'action button pressed'}}
INFO:root:1723470320.410974,ID:1021,STAGE:2,SEQUENCE:1243,DATA:{'time': 1723470320.402, 'source': 'VitalsTask', 'timer': 81.932, 'data': {'sensor': 'O\u2082 Saturation', 'action': 'save', 'data': 'a sensor action is in progress, cancelling'}}
INFO:root:1723470320.782528,ID:1021,STAGE:2,SEQUENCE:1243,DATA:{'time': 1723470320.775, 'source': 'VitalsTask', 'timer': 82.305, 'data': {'sensor': 'O\u2082 Saturation', 'action': 'log', 'data': 'sensor action complete'}}
INFO:root:1723470323.074865,ID:1021,STAGE:2,SEQUENCE:1243,DATA:{'time': 1723470323.067, 'source': 'VitalsTask', 'timer': 84.597, 'data': {'sensor': 'O\u2082 Saturation', 'action': 'save', 'data': 'action button pressed'}}
INFO:root:1723470323.075862,ID:1021,STAGE:2,SEQUENCE:1243,DATA:{'time': 1723470323.067, 'source': 'VitalsTask', 'timer': 84.597, 'data': {'sensor': 'O\u2082 Saturation', 'action': 'save', 'data': 'starting sensor action'}}
INFO:root:1723470324.086285,ID:1021,STAGE:2,SEQUENCE:1243,DATA:{'time': 1723470324.078, 'source': 'VitalsTask', 'timer': 85.608, 'data': {'sensor': 'O\u2082 Saturation', 'action': 'save', 'data': 'sensor action complete'}}
INFO:root:1723470324.862821,ID:1021,STAGE:2,SEQUENCE:1243,DATA:{'time': 1723470324.855, 'source': 'VitalsTask', 'timer': 86.385, 'data': {'sensor': 'Blood Pressure', 'action': 'opened sensor tab'}}
INFO:root:1723470325.828926,ID:1021,STAGE:2,SEQUENCE:1243,DATA:{'time': 1723470325.821, 'source': 'VitalsTask', 'timer': 87.351, 'data': {'sensor': 'Blood Pressure', 'action': 'capture', 'data': 'action button pressed'}}
INFO:root:1723470325.833919,ID:1021,STAGE:2,SEQUENCE:1243,DATA:{'time': 1723470325.821, 'source': 'VitalsTask', 'timer': 87.351, 'data': {'sensor': 'Blood Pressure', 'action': 'capture', 'data': 'starting sensor action'}}
INFO:root:1723470326.84231,ID:1021,STAGE:2,SEQUENCE:1243,DATA:{'time': 1723470326.833, 'source': 'VitalsTask', 'timer': 88.363, 'data': {'sensor': 'Blood Pressure', 'action': 'capture', 'data': 'sensor action complete'}}
INFO:root:1723470326.846239,ID:1021,STAGE:2,SEQUENCE:1243,DATA:{'time': 1723470326.833, 'source': 'VitalsTask', 'timer': 88.363, 'data': {'sensor': 'Blood Pressure', 'action': 'keypad open'}}
INFO:root:1723470328.188849,ID:1021,STAGE:2,SEQUENCE:1243,DATA:{'time': 1723470328.181, 'source': 'VitalsTask', 'timer': 89.711, 'data': {'sensor': 'Blood Pressure', 'action': 'keypad press', 'key': 1, 'value': 1}}
INFO:root:1723470328.769322,ID:1021,STAGE:2,SEQUENCE:1243,DATA:{'time': 1723470328.76, 'source': 'VitalsTask', 'timer': 90.29, 'data': {'sensor': 'Blood Pressure', 'action': 'keypad press', 'key': 2, 'value': 12}}
INFO:root:1723470329.505854,ID:1021,STAGE:2,SEQUENCE:1243,DATA:{'time': 1723470329.495, 'source': 'VitalsTask', 'timer': 91.025, 'data': {'sensor': 'Blood Pressure', 'action': 'keypad press', 'key': 11, 'value': 120}}
INFO:root:1723470330.849021,ID:1021,STAGE:2,SEQUENCE:1243,DATA:{'time': 1723470330.841, 'source': 'VitalsTask', 'timer': 92.371, 'data': {'sensor': 'Blood Pressure', 'action': 'keypad press', 'key': 8, 'value': 1208}}
INFO:root:1723470331.291304,ID:1021,STAGE:2,SEQUENCE:1243,DATA:{'time': 1723470331.282, 'source': 'VitalsTask', 'timer': 92.812, 'data': {'sensor': 'Blood Pressure', 'action': 'keypad press', 'key': 11, 'value': 12080}}
INFO:root:1723470332.450988,ID:1021,STAGE:2,SEQUENCE:1243,DATA:{'time': 1723470332.443, 'source': 'VitalsTask', 'timer': 93.973, 'data': {'sensor': 'Blood Pressure', 'action': 'show action buttons'}}
INFO:root:1723470332.452982,ID:1021,STAGE:2,SEQUENCE:1243,DATA:{'time': 1723470332.443, 'source': 'VitalsTask', 'timer': 93.973, 'data': {'sensor': 'Blood Pressure', 'action': 'keypad press', 'key': 10, 'value': 12080}}
INFO:root:1723470333.817684,ID:1021,STAGE:2,SEQUENCE:1243,DATA:{'time': 1723470333.809, 'source': 'VitalsTask', 'timer': 95.339, 'data': {'sensor': 'Blood Pressure', 'action': 'log', 'data': 'action button pressed'}}
INFO:root:1723470333.821673,ID:1021,STAGE:2,SEQUENCE:1243,DATA:{'time': 1723470333.809, 'source': 'VitalsTask', 'timer': 95.339, 'data': {'sensor': 'Blood Pressure', 'action': 'log', 'data': 'starting sensor action'}}
INFO:root:1723470334.828399,ID:1021,STAGE:2,SEQUENCE:1243,DATA:{'time': 1723470334.819, 'source': 'VitalsTask', 'timer': 96.349, 'data': {'sensor': 'Blood Pressure', 'action': 'log', 'data': 'sensor action complete'}}
INFO:root:1723470336.196784,ID:1021,STAGE:2,SEQUENCE:1243,DATA:{'time': 1723470336.188, 'source': 'VitalsTask', 'timer': 97.718, 'data': {'sensor': 'Blood Pressure', 'action': 'save', 'data': 'action button pressed'}}
INFO:root:1723470336.198296,ID:1021,STAGE:2,SEQUENCE:1243,DATA:{'time': 1723470336.188, 'source': 'VitalsTask', 'timer': 97.718, 'data': {'sensor': 'Blood Pressure', 'action': 'save', 'data': 'starting sensor action'}}
INFO:root:1723470337.209787,ID:1021,STAGE:2,SEQUENCE:1243,DATA:{'time': 1723470337.202, 'source': 'VitalsTask', 'timer': 98.732, 'data': {'sensor': 'Blood Pressure', 'action': 'save', 'data': 'sensor action complete'}}
INFO:root:1723470338.772714,ID:1021,STAGE:2,SEQUENCE:1243,DATA:{'time': 1723470338.764, 'source': 'VitalsTask', 'timer': 100.294, 'data': {'sensor': 'submit', 'action': 'submit'}}
INFO:root:1723470338.774714,ID:1021,STAGE:2,SEQUENCE:1243,DATA:{'time': 1723470338.765, 'source': 'VitalsTask', 'timer': 100.295, 'data': {'sensor': 'submit', 'action': 'submit', 'data': 'submit succeeded'}}
INFO:root:1723470346.664135,ID:1021,STAGE:2,SEQUENCE:1243,DATA:{'time': 1723470346.661, 'user-id': '1021', 'source': 'HAI Interface', 'destination-index': '3', 'study-stage': '2', 'decision-state': 0, 'vitals-state': 0, 'airspace-state': 0, 'data': {'action': 'radio panel opened'}}
INFO:root:Inflight Radio Update asked
INFO:root:sent request to set radio update complete
INFO:root:1723470351.444578,ID:1021,STAGE:2,SEQUENCE:1243,DATA:{'time': 1723470351.441, 'user-id': '1021', 'source': 'HAI Interface', 'destination-index': '3', 'study-stage': '2', 'decision-state': 0, 'vitals-state': 0, 'airspace-state': 0, 'data': {'action': 'transmit button pressed'}}
INFO:root:1723470351.448102,ID:1021,STAGE:2,SEQUENCE:1243,DATA:{'time': 1723470351.441, 'user-id': '1021', 'source': 'HAI Interface', 'destination-index': '3', 'study-stage': '2', 'decision-state': 0, 'vitals-state': 0, 'airspace-state': 0, 'data': {'action': 'callsign set to: + NASXGS'}}
INFO:root:1723470351.4491,ID:1021,STAGE:2,SEQUENCE:1243,DATA:{'time': 1723470351.441, 'user-id': '1021', 'source': 'HAI Interface', 'destination-index': '3', 'study-stage': '2', 'decision-state': 0, 'vitals-state': 0, 'airspace-state': 0, 'data': {'action': 'radio set to:Comm1'}}
INFO:root:1723470351.450121,ID:1021,STAGE:2,SEQUENCE:1243,DATA:{'time': 1723470351.441, 'user-id': '1021', 'source': 'HAI Interface', 'destination-index': '3', 'study-stage': '2', 'decision-state': 0, 'vitals-state': 0, 'airspace-state': 0, 'data': {'page': 'map', 'action': 'show map'}}
INFO:root:1723470351.451123,ID:1021,STAGE:2,SEQUENCE:1243,DATA:{'time': 1723470351.442, 'user-id': '1021', 'source': 'HAI Interface', 'destination-index': '3', 'study-stage': '2', 'decision-state': 0, 'vitals-state': 0, 'airspace-state': 0, 'data': {'page': 'map', 'action': 'selected helipad', 'value': '21'}}
INFO:root:1723470351.453401,ID:1021,STAGE:2,SEQUENCE:1243,DATA:{'time': 1723470351.445, 'user-id': '1021', 'source': 'HAI Interface', 'destination-index': '3', 'study-stage': '2', 'decision-state': 0, 'vitals-state': 0, 'airspace-state': 0, 'data': {'action': 'NASXGStransmitting updates onComm1123.45 MHz'}}
INFO:root:1723470365.918805,ID:1021,STAGE:2,SEQUENCE:1243,DATA:{'time': 1723470365.912, 'user-id': '1021', 'source': 'HAI Interface', 'destination-index': '3', 'study-stage': '2', 'decision-state': 0, 'vitals-state': 0, 'airspace-state': 0, 'data': {'page': 'map', 'action': 'hide map'}}
INFO:root:1723470367.759805,ID:1021,STAGE:2,SEQUENCE:1243,DATA:{'time': 1723470367.755, 'user-id': '1021', 'source': 'HAI Interface', 'destination-index': '3', 'study-stage': '2', 'decision-state': 0, 'vitals-state': 0, 'airspace-state': 0, 'data': {'action': 'radio panel opened'}}
INFO:root:1723470395.135343,ID:1021,STAGE:2,SEQUENCE:1243,DATA:{'time': 1723470395.132, 'user-id': '1021', 'source': 'HAI Interface', 'destination-index': '3', 'study-stage': '2', 'decision-state': 0, 'vitals-state': 0, 'airspace-state': 0, 'data': {'page': 'inflight', 'action': 'displaying vitals prompt'}}
INFO:root:1723470399.815335,ID:1021,STAGE:2,SEQUENCE:1243,DATA:{'time': 1723470399.807, 'source': 'VitalsTask', 'timer': 61.042, 'data': {'sensor': 'Heart Rate', 'action': 'opened sensor tab'}}
INFO:root:1723470400.902632,ID:1021,STAGE:2,SEQUENCE:1243,DATA:{'time': 1723470400.895, 'source': 'VitalsTask', 'timer': 62.13, 'data': {'sensor': 'Heart Rate', 'action': 'capture', 'data': 'action button pressed'}}
INFO:root:1723470400.90451,ID:1021,STAGE:2,SEQUENCE:1243,DATA:{'time': 1723470400.896, 'source': 'VitalsTask', 'timer': 62.131, 'data': {'sensor': 'Heart Rate', 'action': 'capture', 'data': 'starting sensor action'}}
INFO:root:1723470401.91884,ID:1021,STAGE:2,SEQUENCE:1243,DATA:{'time': 1723470401.91, 'source': 'VitalsTask', 'timer': 63.145, 'data': {'sensor': 'Heart Rate', 'action': 'capture', 'data': 'sensor action complete'}}
INFO:root:1723470401.920345,ID:1021,STAGE:2,SEQUENCE:1243,DATA:{'time': 1723470401.91, 'source': 'VitalsTask', 'timer': 63.145, 'data': {'sensor': 'Heart Rate', 'action': 'keypad open'}}
INFO:root:1723470403.142773,ID:1021,STAGE:2,SEQUENCE:1243,DATA:{'time': 1723470403.134, 'source': 'VitalsTask', 'timer': 64.369, 'data': {'sensor': 'Heart Rate', 'action': 'keypad press', 'key': 5, 'value': 5}}
INFO:root:1723470403.343284,ID:1021,STAGE:2,SEQUENCE:1243,DATA:{'time': 1723470403.337, 'source': 'VitalsTask', 'timer': 64.572, 'data': {'sensor': 'Heart Rate', 'action': 'keypad press', 'key': 5, 'value': 55}}
INFO:root:1723470404.661776,ID:1021,STAGE:2,SEQUENCE:1243,DATA:{'time': 1723470404.654, 'source': 'VitalsTask', 'timer': 65.889, 'data': {'sensor': 'Heart Rate', 'action': 'show action buttons'}}
INFO:root:1723470404.664708,ID:1021,STAGE:2,SEQUENCE:1243,DATA:{'time': 1723470404.655, 'source': 'VitalsTask', 'timer': 65.89, 'data': {'sensor': 'Heart Rate', 'action': 'keypad press', 'key': 10, 'value': 55}}
INFO:root:1723470406.255814,ID:1021,STAGE:2,SEQUENCE:1243,DATA:{'time': 1723470406.248, 'source': 'VitalsTask', 'timer': 67.483, 'data': {'sensor': 'Heart Rate', 'action': 'log', 'data': 'action button pressed'}}
INFO:root:1723470406.256904,ID:1021,STAGE:2,SEQUENCE:1243,DATA:{'time': 1723470406.248, 'source': 'VitalsTask', 'timer': 67.483, 'data': {'sensor': 'Heart Rate', 'action': 'log', 'data': 'starting sensor action'}}
INFO:root:1723470406.838091,ID:1021,STAGE:2,SEQUENCE:1243,DATA:{'time': 1723470406.83, 'source': 'VitalsTask', 'timer': 68.065, 'data': {'sensor': 'Heart Rate', 'action': 'save', 'data': 'action button pressed'}}
INFO:root:1723470406.839087,ID:1021,STAGE:2,SEQUENCE:1243,DATA:{'time': 1723470406.831, 'source': 'VitalsTask', 'timer': 68.066, 'data': {'sensor': 'Heart Rate', 'action': 'save', 'data': 'a sensor action is in progress, cancelling'}}
INFO:root:1723470407.269103,ID:1021,STAGE:2,SEQUENCE:1243,DATA:{'time': 1723470407.262, 'source': 'VitalsTask', 'timer': 68.497, 'data': {'sensor': 'Heart Rate', 'action': 'log', 'data': 'sensor action complete'}}
INFO:root:1723470409.284587,ID:1021,STAGE:2,SEQUENCE:1243,DATA:{'time': 1723470409.272, 'source': 'VitalsTask', 'timer': 70.507, 'data': {'sensor': 'Heart Rate', 'action': 'save', 'data': 'action button pressed'}}
INFO:root:1723470409.284587,ID:1021,STAGE:2,SEQUENCE:1243,DATA:{'time': 1723470409.272, 'source': 'VitalsTask', 'timer': 70.507, 'data': {'sensor': 'Heart Rate', 'action': 'save', 'data': 'starting sensor action'}}
INFO:root:1723470410.297769,ID:1021,STAGE:2,SEQUENCE:1243,DATA:{'time': 1723470410.29, 'source': 'VitalsTask', 'timer': 71.525, 'data': {'sensor': 'Heart Rate', 'action': 'save', 'data': 'sensor action complete'}}
INFO:root:1723470411.291787,ID:1021,STAGE:2,SEQUENCE:1243,DATA:{'time': 1723470411.284, 'source': 'VitalsTask', 'timer': 72.519, 'data': {'sensor': 'O\u2082 Saturation', 'action': 'opened sensor tab'}}
INFO:root:1723470412.404796,ID:1021,STAGE:2,SEQUENCE:1243,DATA:{'time': 1723470412.396, 'source': 'VitalsTask', 'timer': 73.631, 'data': {'sensor': 'O\u2082 Saturation', 'action': 'capture', 'data': 'action button pressed'}}
INFO:root:1723470412.409299,ID:1021,STAGE:2,SEQUENCE:1243,DATA:{'time': 1723470412.397, 'source': 'VitalsTask', 'timer': 73.632, 'data': {'sensor': 'O\u2082 Saturation', 'action': 'capture', 'data': 'starting sensor action'}}
INFO:root:1723470413.42087,ID:1021,STAGE:2,SEQUENCE:1243,DATA:{'time': 1723470413.413, 'source': 'VitalsTask', 'timer': 74.648, 'data': {'sensor': 'O\u2082 Saturation', 'action': 'capture', 'data': 'sensor action complete'}}
INFO:root:1723470413.422376,ID:1021,STAGE:2,SEQUENCE:1243,DATA:{'time': 1723470413.413, 'source': 'VitalsTask', 'timer': 74.648, 'data': {'sensor': 'O\u2082 Saturation', 'action': 'keypad open'}}
INFO:root:1723470414.228411,ID:1021,STAGE:2,SEQUENCE:1243,DATA:{'time': 1723470414.22, 'source': 'VitalsTask', 'timer': 75.455, 'data': {'sensor': 'O\u2082 Saturation', 'action': 'keypad press', 'key': 1, 'value': 1}}
INFO:root:1723470415.488301,ID:1021,STAGE:2,SEQUENCE:1243,DATA:{'time': 1723470415.48, 'source': 'VitalsTask', 'timer': 76.715, 'data': {'sensor': 'O\u2082 Saturation', 'action': 'keypad press', 'key': 11, 'value': 10}}
INFO:root:1723470416.109977,ID:1021,STAGE:2,SEQUENCE:1243,DATA:{'time': 1723470416.102, 'source': 'VitalsTask', 'timer': 77.337, 'data': {'sensor': 'O\u2082 Saturation', 'action': 'keypad press', 'key': 11, 'value': 100}}
INFO:root:1723470417.231794,ID:1021,STAGE:2,SEQUENCE:1243,DATA:{'time': 1723470417.222, 'source': 'VitalsTask', 'timer': 78.457, 'data': {'sensor': 'O\u2082 Saturation', 'action': 'show action buttons'}}
INFO:root:1723470417.232793,ID:1021,STAGE:2,SEQUENCE:1243,DATA:{'time': 1723470417.223, 'source': 'VitalsTask', 'timer': 78.458, 'data': {'sensor': 'O\u2082 Saturation', 'action': 'keypad press', 'key': 10, 'value': 100}}
INFO:root:1723470418.357373,ID:1021,STAGE:2,SEQUENCE:1243,DATA:{'time': 1723470418.349, 'source': 'VitalsTask', 'timer': 79.584, 'data': {'sensor': 'O\u2082 Saturation', 'action': 'log', 'data': 'action button pressed'}}
INFO:root:1723470418.357373,ID:1021,STAGE:2,SEQUENCE:1243,DATA:{'time': 1723470418.349, 'source': 'VitalsTask', 'timer': 79.584, 'data': {'sensor': 'O\u2082 Saturation', 'action': 'log', 'data': 'starting sensor action'}}
INFO:root:1723470419.368015,ID:1021,STAGE:2,SEQUENCE:1243,DATA:{'time': 1723470419.361, 'source': 'VitalsTask', 'timer': 80.596, 'data': {'sensor': 'O\u2082 Saturation', 'action': 'log', 'data': 'sensor action complete'}}
INFO:root:1723470421.404104,ID:1021,STAGE:2,SEQUENCE:1243,DATA:{'time': 1723470421.396, 'source': 'VitalsTask', 'timer': 82.631, 'data': {'sensor': 'O\u2082 Saturation', 'action': 'save', 'data': 'action button pressed'}}
INFO:root:1723470421.406098,ID:1021,STAGE:2,SEQUENCE:1243,DATA:{'time': 1723470421.396, 'source': 'VitalsTask', 'timer': 82.631, 'data': {'sensor': 'O\u2082 Saturation', 'action': 'save', 'data': 'starting sensor action'}}
INFO:root:1723470422.41667,ID:1021,STAGE:2,SEQUENCE:1243,DATA:{'time': 1723470422.408, 'source': 'VitalsTask', 'timer': 83.643, 'data': {'sensor': 'O\u2082 Saturation', 'action': 'save', 'data': 'sensor action complete'}}
INFO:root:1723470423.382241,ID:1021,STAGE:2,SEQUENCE:1243,DATA:{'time': 1723470423.372, 'source': 'VitalsTask', 'timer': 84.607, 'data': {'sensor': 'Blood Pressure', 'action': 'opened sensor tab'}}
INFO:root:1723470424.521617,ID:1021,STAGE:2,SEQUENCE:1243,DATA:{'time': 1723470424.514, 'source': 'VitalsTask', 'timer': 85.749, 'data': {'sensor': 'Blood Pressure', 'action': 'capture', 'data': 'action button pressed'}}
INFO:root:1723470424.524614,ID:1021,STAGE:2,SEQUENCE:1243,DATA:{'time': 1723470424.514, 'source': 'VitalsTask', 'timer': 85.749, 'data': {'sensor': 'Blood Pressure', 'action': 'capture', 'data': 'starting sensor action'}}
INFO:root:1723470425.538786,ID:1021,STAGE:2,SEQUENCE:1243,DATA:{'time': 1723470425.53, 'source': 'VitalsTask', 'timer': 86.765, 'data': {'sensor': 'Blood Pressure', 'action': 'capture', 'data': 'sensor action complete'}}
INFO:root:1723470425.54078,ID:1021,STAGE:2,SEQUENCE:1243,DATA:{'time': 1723470425.53, 'source': 'VitalsTask', 'timer': 86.765, 'data': {'sensor': 'Blood Pressure', 'action': 'keypad open'}}
INFO:root:1723470426.746005,ID:1021,STAGE:2,SEQUENCE:1243,DATA:{'time': 1723470426.738, 'source': 'VitalsTask', 'timer': 87.973, 'data': {'sensor': 'Blood Pressure', 'action': 'keypad press', 'key': 1, 'value': 1}}
INFO:root:1723470428.864824,ID:1021,STAGE:2,SEQUENCE:1243,DATA:{'time': 1723470428.856, 'source': 'VitalsTask', 'timer': 90.091, 'data': {'sensor': 'Blood Pressure', 'action': 'keypad press', 'key': 2, 'value': 12}}
INFO:root:1723470430.23093,ID:1021,STAGE:2,SEQUENCE:1243,DATA:{'time': 1723470430.223, 'source': 'VitalsTask', 'timer': 91.458, 'data': {'sensor': 'Blood Pressure', 'action': 'keypad press', 'key': 11, 'value': 120}}
INFO:root:1723470430.99384,ID:1021,STAGE:2,SEQUENCE:1243,DATA:{'time': 1723470430.986, 'source': 'VitalsTask', 'timer': 92.221, 'data': {'sensor': 'Blood Pressure', 'action': 'keypad press', 'key': 8, 'value': 1208}}
INFO:root:1723470432.207202,ID:1021,STAGE:2,SEQUENCE:1243,DATA:{'time': 1723470432.197, 'source': 'VitalsTask', 'timer': 93.432, 'data': {'sensor': 'Blood Pressure', 'action': 'keypad press', 'key': 11, 'value': 12080}}
INFO:root:1723470433.001325,ID:1021,STAGE:2,SEQUENCE:1243,DATA:{'time': 1723470432.993, 'source': 'VitalsTask', 'timer': 94.228, 'data': {'sensor': 'Blood Pressure', 'action': 'show action buttons'}}
INFO:root:1723470433.002322,ID:1021,STAGE:2,SEQUENCE:1243,DATA:{'time': 1723470432.993, 'source': 'VitalsTask', 'timer': 94.228, 'data': {'sensor': 'Blood Pressure', 'action': 'keypad press', 'key': 10, 'value': 12080}}
INFO:root:1723470434.105733,ID:1021,STAGE:2,SEQUENCE:1243,DATA:{'time': 1723470434.098, 'source': 'VitalsTask', 'timer': 95.333, 'data': {'sensor': 'Blood Pressure', 'action': 'log', 'data': 'action button pressed'}}
INFO:root:1723470434.10673,ID:1021,STAGE:2,SEQUENCE:1243,DATA:{'time': 1723470434.099, 'source': 'VitalsTask', 'timer': 95.334, 'data': {'sensor': 'Blood Pressure', 'action': 'log', 'data': 'starting sensor action'}}
INFO:root:1723470435.121772,ID:1021,STAGE:2,SEQUENCE:1243,DATA:{'time': 1723470435.113, 'source': 'VitalsTask', 'timer': 96.348, 'data': {'sensor': 'Blood Pressure', 'action': 'log', 'data': 'sensor action complete'}}
INFO:root:1723470435.879621,ID:1021,STAGE:2,SEQUENCE:1243,DATA:{'time': 1723470435.871, 'source': 'VitalsTask', 'timer': 97.106, 'data': {'sensor': 'Blood Pressure', 'action': 'save', 'data': 'action button pressed'}}
INFO:root:1723470435.882104,ID:1021,STAGE:2,SEQUENCE:1243,DATA:{'time': 1723470435.872, 'source': 'VitalsTask', 'timer': 97.107, 'data': {'sensor': 'Blood Pressure', 'action': 'save', 'data': 'starting sensor action'}}
INFO:root:1723470436.897083,ID:1021,STAGE:2,SEQUENCE:1243,DATA:{'time': 1723470436.887, 'source': 'VitalsTask', 'timer': 98.122, 'data': {'sensor': 'Blood Pressure', 'action': 'save', 'data': 'sensor action complete'}}
INFO:root:1723470438.175931,ID:1021,STAGE:2,SEQUENCE:1243,DATA:{'time': 1723470438.168, 'source': 'VitalsTask', 'timer': 99.403, 'data': {'sensor': 'submit', 'action': 'submit'}}
INFO:root:1723470438.177925,ID:1021,STAGE:2,SEQUENCE:1243,DATA:{'time': 1723470438.168, 'source': 'VitalsTask', 'timer': 99.403, 'data': {'sensor': 'submit', 'action': 'submit', 'data': 'submit succeeded'}}
INFO:root:1723470439.718199,ID:1021,STAGE:2,SEQUENCE:1243,DATA:{'time': 1723470439.713, 'user-id': '1021', 'source': 'HAI Interface', 'destination-index': '3', 'study-stage': '2', 'decision-state': 0, 'vitals-state': 0, 'airspace-state': 0, 'data': {'page': 'inflight', 'action': 'user acknowledged vitals prompt'}}
INFO:root:1723470443.290187,ID:1021,STAGE:2,SEQUENCE:1243,DATA:{'time': 1723470443.282, 'source': 'VitalsTask', 'timer': 5.113, 'data': {'sensor': 'Heart Rate', 'action': 'opened sensor tab'}}
INFO:root:1723470449.910147,ID:1021,STAGE:2,SEQUENCE:1243,DATA:{'time': 1723470449.906, 'user-id': '1021', 'source': 'HAI Interface', 'destination-index': '3', 'study-stage': '2', 'decision-state': 0, 'vitals-state': '1', 'airspace-state': 0, 'data': {'action': 'radio panel opened'}}
INFO:root:1723470450.927908,ID:1021,STAGE:2,SEQUENCE:1243,DATA:{'time': 1723470450.924, 'user-id': '1021', 'source': 'HAI Interface', 'destination-index': '3', 'study-stage': '2', 'decision-state': 0, 'vitals-state': '1', 'airspace-state': 0, 'data': {'action': 'receive button pressed'}}
INFO:root:1723470450.930908,ID:1021,STAGE:2,SEQUENCE:1243,DATA:{'time': 1723470450.924, 'user-id': '1021', 'source': 'HAI Interface', 'destination-index': '3', 'study-stage': '2', 'decision-state': 0, 'vitals-state': '1', 'airspace-state': 0, 'data': {'action': 'callsign set to:[object Object]'}}
INFO:SimConnect.SimConnect:SIM OPEN
INFO:root:1723470455.798643,ID:1021,STAGE:2,SEQUENCE:1243,DATA:{'time': 1723470455.793, 'user-id': '1021', 'source': 'HAI Interface', 'destination-index': '3', 'study-stage': '2', 'decision-state': 0, 'vitals-state': '1', 'airspace-state': 0, 'data': {'action': 'receive button pressed'}}
INFO:root:1723470455.801144,ID:1021,STAGE:2,SEQUENCE:1243,DATA:{'time': 1723470455.794, 'user-id': '1021', 'source': 'HAI Interface', 'destination-index': '3', 'study-stage': '2', 'decision-state': 0, 'vitals-state': '1', 'airspace-state': 0, 'data': {'action': 'callsign set to:[object Object]'}}
INFO:root:1723470455.804143,ID:1021,STAGE:2,SEQUENCE:1243,DATA:{'time': 1723470455.794, 'user-id': '1021', 'source': 'HAI Interface', 'destination-index': '3', 'study-stage': '2', 'decision-state': 0, 'vitals-state': '1', 'airspace-state': 0, 'data': {'action': 'radio set to:Comm2'}}
INFO:root:1723470455.80813,ID:1021,STAGE:2,SEQUENCE:1243,DATA:{'time': 1723470455.798, 'user-id': '1021', 'source': 'HAI Interface', 'destination-index': '3', 'study-stage': '2', 'decision-state': 0, 'vitals-state': '1', 'airspace-state': 0, 'data': {'action': 'MEDEVACtransmitting onComm2123.45 MHz'}}
INFO:root:Administer medication radio comm initiated
INFO:root:1723470469.945743,ID:1021,STAGE:2,SEQUENCE:1243,DATA:{'time': 1723470469.937, 'source': 'VitalsTask', 'timer': 31.768, 'data': {'sensor': 'Heart Rate', 'action': 'opened sensor tab'}}
INFO:root:1723470483.473484,ID:1021,STAGE:2,SEQUENCE:1243,DATA:{'time': 1723470483.462, 'source': 'VitalsTask', 'timer': 45.293, 'data': {'sensor': 'Heart Rate', 'action': 'capture', 'data': 'action button pressed'}}
INFO:root:1723470483.475441,ID:1021,STAGE:2,SEQUENCE:1243,DATA:{'time': 1723470483.462, 'source': 'VitalsTask', 'timer': 45.293, 'data': {'sensor': 'Heart Rate', 'action': 'capture', 'data': 'starting sensor action'}}
INFO:root:1723470484.490192,ID:1021,STAGE:2,SEQUENCE:1243,DATA:{'time': 1723470484.481, 'source': 'VitalsTask', 'timer': 46.312, 'data': {'sensor': 'Heart Rate', 'action': 'capture', 'data': 'sensor action complete'}}
INFO:root:1723470484.494597,ID:1021,STAGE:2,SEQUENCE:1243,DATA:{'time': 1723470484.481, 'source': 'VitalsTask', 'timer': 46.312, 'data': {'sensor': 'Heart Rate', 'action': 'keypad open'}}
INFO:root:1723470486.95512,ID:1021,STAGE:2,SEQUENCE:1243,DATA:{'time': 1723470486.944, 'source': 'VitalsTask', 'timer': 48.775, 'data': {'sensor': 'Heart Rate', 'action': 'keypad press', 'key': 2, 'value': 2}}
INFO:root:1723470487.960328,ID:1021,STAGE:2,SEQUENCE:1243,DATA:{'time': 1723470487.95, 'source': 'VitalsTask', 'timer': 49.781, 'data': {'sensor': 'Heart Rate', 'action': 'keypad press', 'key': 3, 'value': 23}}
INFO:root:1723470488.643743,ID:1021,STAGE:2,SEQUENCE:1243,DATA:{'time': 1723470488.636, 'source': 'VitalsTask', 'timer': 50.467, 'data': {'sensor': 'Heart Rate', 'action': 'keypad press', 'key': 2, 'value': 232}}
INFO:root:1723470489.701005,ID:1021,STAGE:2,SEQUENCE:1243,DATA:{'time': 1723470489.69, 'source': 'VitalsTask', 'timer': 51.521, 'data': {'sensor': 'Heart Rate', 'action': 'show action buttons'}}
INFO:root:1723470489.704002,ID:1021,STAGE:2,SEQUENCE:1243,DATA:{'time': 1723470489.691, 'source': 'VitalsTask', 'timer': 51.522, 'data': {'sensor': 'Heart Rate', 'action': 'keypad press', 'key': 10, 'value': 232}}
INFO:root:1723470491.040265,ID:1021,STAGE:2,SEQUENCE:1243,DATA:{'time': 1723470491.028, 'source': 'VitalsTask', 'timer': 52.859, 'data': {'sensor': 'Heart Rate', 'action': 'log', 'data': 'action button pressed'}}
INFO:root:1723470491.041775,ID:1021,STAGE:2,SEQUENCE:1243,DATA:{'time': 1723470491.028, 'source': 'VitalsTask', 'timer': 52.859, 'data': {'sensor': 'Heart Rate', 'action': 'log', 'data': 'starting sensor action'}}
INFO:root:1723470492.049926,ID:1021,STAGE:2,SEQUENCE:1243,DATA:{'time': 1723470492.041, 'source': 'VitalsTask', 'timer': 53.872, 'data': {'sensor': 'Heart Rate', 'action': 'log', 'data': 'sensor action complete'}}
INFO:root:Administer medication radio comm done- command to clear event  make the receive 0 sent 
INFO:root:1723470493.280323,ID:1021,STAGE:2,SEQUENCE:1243,DATA:{'time': 1723470493.27, 'source': 'VitalsTask', 'timer': 55.101, 'data': {'sensor': 'Heart Rate', 'action': 'save', 'data': 'action button pressed'}}
INFO:root:1723470493.282317,ID:1021,STAGE:2,SEQUENCE:1243,DATA:{'time': 1723470493.271, 'source': 'VitalsTask', 'timer': 55.102, 'data': {'sensor': 'Heart Rate', 'action': 'save', 'data': 'starting sensor action'}}
INFO:root:1723470494.292426,ID:1021,STAGE:2,SEQUENCE:1243,DATA:{'time': 1723470494.284, 'source': 'VitalsTask', 'timer': 56.115, 'data': {'sensor': 'Heart Rate', 'action': 'save', 'data': 'sensor action complete'}}
INFO:root:1723470498.159111,ID:1021,STAGE:2,SEQUENCE:1243,DATA:{'time': 1723470498.151, 'source': 'VitalsTask', 'timer': 59.982, 'data': {'sensor': 'O\u2082 Saturation', 'action': 'opened sensor tab'}}
INFO:root:1723470518.042093,ID:1021,STAGE:2,SEQUENCE:1243,DATA:{'time': 1723470518.032, 'source': 'VitalsTask', 'timer': 79.863, 'data': {'sensor': 'O\u2082 Saturation', 'action': 'capture', 'data': 'action button pressed'}}
INFO:root:1723470518.044088,ID:1021,STAGE:2,SEQUENCE:1243,DATA:{'time': 1723470518.033, 'source': 'VitalsTask', 'timer': 79.864, 'data': {'sensor': 'O\u2082 Saturation', 'action': 'capture', 'data': 'starting sensor action'}}
INFO:root:1723470519.051253,ID:1021,STAGE:2,SEQUENCE:1243,DATA:{'time': 1723470519.042, 'source': 'VitalsTask', 'timer': 80.873, 'data': {'sensor': 'O\u2082 Saturation', 'action': 'capture', 'data': 'sensor action complete'}}
INFO:root:1723470519.052878,ID:1021,STAGE:2,SEQUENCE:1243,DATA:{'time': 1723470519.043, 'source': 'VitalsTask', 'timer': 80.874, 'data': {'sensor': 'O\u2082 Saturation', 'action': 'keypad open'}}
INFO:root:1723470519.957964,ID:1021,STAGE:2,SEQUENCE:1243,DATA:{'time': 1723470519.948, 'source': 'VitalsTask', 'timer': 81.779, 'data': {'sensor': 'O\u2082 Saturation', 'action': 'keypad press', 'key': 1, 'value': 1}}
INFO:root:1723470526.248733,ID:1021,STAGE:2,SEQUENCE:1243,DATA:{'time': 1723470526.24, 'source': 'VitalsTask', 'timer': 88.071, 'data': {'sensor': 'O\u2082 Saturation', 'action': 'keypad press', 'key': 11, 'value': 10}}
INFO:root:1723470526.518511,ID:1021,STAGE:2,SEQUENCE:1243,DATA:{'time': 1723470526.505, 'source': 'VitalsTask', 'timer': 88.336, 'data': {'sensor': 'O\u2082 Saturation', 'action': 'keypad press', 'key': 11, 'value': 100}}
INFO:root:1723470527.082005,ID:1021,STAGE:2,SEQUENCE:1243,DATA:{'time': 1723470527.073, 'source': 'VitalsTask', 'timer': 88.904, 'data': {'sensor': 'O\u2082 Saturation', 'action': 'show action buttons'}}
INFO:root:1723470527.083998,ID:1021,STAGE:2,SEQUENCE:1243,DATA:{'time': 1723470527.074, 'source': 'VitalsTask', 'timer': 88.905, 'data': {'sensor': 'O\u2082 Saturation', 'action': 'keypad press', 'key': 10, 'value': 100}}
INFO:root:voice activity detected
INFO:root:recording started
INFO:root:voice deactivity detected
INFO:root:recording stopped
