INFO:root:1722001976.976648,ID:1011,STAGE:2,SEQUENCE:1342,DATA:{'time': 1722001976.973, 'user-id': '1011', 'source': 'HAI Interface', 'destination-index': 'None', 'study-stage': '2', 'decision-state': 0, 'vitals-state': 0, 'airspace-state': 0, 'data': {'page': 'index', 'action': 'confirm button pressed'}}
INFO:root:1722001977.081343,ID:1011,STAGE:2,SEQUENCE:1342,DATA:{'time': 1722001977.07, 'user-id': 'none', 'source': 'HAI Interface', 'destination-index': 3, 'study-stage': -1, 'decision-state': 0, 'vitals-state': 0, 'airspace-state': 0, 'data': {'page': 'location', 'action': 'opened page'}}
INFO:root:Takeoff radiocomms initiated
INFO:comtypes.client._code_cache:Imported existing <module 'comtypes.gen' from 'C:\\Users\\ae-dagbeyibor3\\AppData\\Local\\Programs\\Python\\Python312\\Lib\\site-packages\\comtypes\\gen\\__init__.py'>
INFO:comtypes.client._code_cache:Using writeable comtypes cache directory: 'C:\Users\ae-dagbeyibor3\AppData\Local\Programs\Python\Python312\Lib\site-packages\comtypes\gen'
INFO:root:1722001978.046711,ID:1011,STAGE:2,SEQUENCE:1342,DATA:{'time': 1722001978.041, 'user-id': '1011', 'source': 'HAI Interface', 'destination-index': 'None', 'study-stage': '2', 'decision-state': 0, 'vitals-state': 0, 'airspace-state': 0, 'data': {'page': 'map', 'action': 'selected helipad', 'value': '21'}}
INFO:root:1722001981.838071,ID:1011,STAGE:2,SEQUENCE:1342,DATA:{'time': 1722001981.834, 'user-id': '1011', 'source': 'HAI Interface', 'destination-index': 'None', 'study-stage': '2', 'decision-state': 0, 'vitals-state': 0, 'airspace-state': 0, 'data': {'page': 'location', 'action': 'confirm button pressed'}}
INFO:root:1722001982.113066,ID:1011,STAGE:2,SEQUENCE:1342,DATA:{'time': 1722001982.108, 'user-id': 'none', 'source': 'HAI Interface', 'destination-index': 3, 'study-stage': -1, 'decision-state': 0, 'vitals-state': 0, 'airspace-state': 0, 'data': {'page': 'checklist', 'action': 'opened page', 'inflight': False}}
INFO:root:1722001983.076756,ID:1011,STAGE:2,SEQUENCE:1342,DATA:{'time': 1722001983.072, 'user-id': '1011', 'source': 'HAI Interface', 'destination-index': '3', 'study-stage': '2', 'decision-state': 0, 'vitals-state': 0, 'airspace-state': 0, 'data': {'page': 'map', 'action': 'selected helipad', 'value': '21'}}
INFO:root:1722001994.573475,ID:1011,STAGE:2,SEQUENCE:1342,DATA:{'time': 1722001994.569, 'user-id': '1011', 'source': 'HAI Interface', 'destination-index': '3', 'study-stage': '2', 'decision-state': 0, 'vitals-state': 0, 'airspace-state': 0, 'data': {'page': 'checklist', 'action': 'toggled checkbox', 'inflight': False, 'item': 0, 'value': 'OFF'}}
INFO:root:Takeoff radiocomms clear request sent
INFO:root:1722001995.398925,ID:1011,STAGE:2,SEQUENCE:1342,DATA:{'time': 1722001995.396, 'user-id': '1011', 'source': 'HAI Interface', 'destination-index': '3', 'study-stage': '2', 'decision-state': 0, 'vitals-state': 0, 'airspace-state': 0, 'data': {'page': 'checklist', 'action': 'toggled checkbox', 'inflight': False, 'item': 1, 'value': 'OFF'}}
INFO:root:1722002000.050674,ID:1011,STAGE:2,SEQUENCE:1342,DATA:{'time': 1722002000.048, 'user-id': '1011', 'source': 'HAI Interface', 'destination-index': '3', 'study-stage': '2', 'decision-state': 0, 'vitals-state': 0, 'airspace-state': 0, 'data': {'page': 'checklist', 'action': 'toggled checkbox', 'inflight': False, 'item': 2, 'value': 'OFF'}}
INFO:root:1722002000.053286,ID:1011,STAGE:2,SEQUENCE:1342,DATA:{'time': 1722002000.049, 'user-id': '1011', 'source': 'HAI Interface', 'destination-index': '3', 'study-stage': '2', 'decision-state': 0, 'vitals-state': 0, 'airspace-state': 0, 'data': {'page': 'checklist', 'action': 'showing confirm button', 'inflight': False}}
INFO:root:1722002002.256291,ID:1011,STAGE:2,SEQUENCE:1342,DATA:{'time': 1722002002.253, 'user-id': '1011', 'source': 'HAI Interface', 'destination-index': '3', 'study-stage': '2', 'decision-state': 0, 'vitals-state': 0, 'airspace-state': 0, 'data': {'page': 'checklist', 'action': 'confirm button clicked', 'inflight': False}}
INFO:root:1722002002.353393,ID:1011,STAGE:2,SEQUENCE:1342,DATA:{'time': 1722002002.342, 'user-id': 'none', 'source': 'HAI Interface', 'destination-index': 3, 'study-stage': -1, 'decision-state': 0, 'vitals-state': 0, 'airspace-state': 0, 'data': {'page': 'countdown', 'action': 'opened page'}}
INFO:root:1722002003.329826,ID:1011,STAGE:2,SEQUENCE:1342,DATA:{'time': 1722002003.325, 'user-id': '1011', 'source': 'HAI Interface', 'destination-index': '3', 'study-stage': '2', 'decision-state': 0, 'vitals-state': 0, 'airspace-state': 0, 'data': {'page': 'map', 'action': 'selected helipad', 'value': '21'}}
INFO:root:1722002003.345019,ID:1011,STAGE:2,SEQUENCE:1342,DATA:{'time': 1722002003.343, 'user-id': '1011', 'source': 'HAI Interface', 'destination-index': '3', 'study-stage': '2', 'decision-state': 0, 'vitals-state': 0, 'airspace-state': 0, 'data': {'page': 'countdown', 'action': 'countdown now 4'}}
INFO:root:1722002004.358784,ID:1011,STAGE:2,SEQUENCE:1342,DATA:{'time': 1722002004.355, 'user-id': '1011', 'source': 'HAI Interface', 'destination-index': '3', 'study-stage': '2', 'decision-state': 0, 'vitals-state': 0, 'airspace-state': 0, 'data': {'page': 'countdown', 'action': 'countdown now 3'}}
INFO:root:1722002005.352405,ID:1011,STAGE:2,SEQUENCE:1342,DATA:{'time': 1722002005.348, 'user-id': '1011', 'source': 'HAI Interface', 'destination-index': '3', 'study-stage': '2', 'decision-state': 0, 'vitals-state': 0, 'airspace-state': 0, 'data': {'page': 'countdown', 'action': 'countdown now 2'}}
INFO:root:1722002006.345433,ID:1011,STAGE:2,SEQUENCE:1342,DATA:{'time': 1722002006.343, 'user-id': '1011', 'source': 'HAI Interface', 'destination-index': '3', 'study-stage': '2', 'decision-state': 0, 'vitals-state': 0, 'airspace-state': 0, 'data': {'page': 'countdown', 'action': 'countdown now 1'}}
INFO:root:1722002007.349146,ID:1011,STAGE:2,SEQUENCE:1342,DATA:{'time': 1722002007.347, 'user-id': '1011', 'source': 'HAI Interface', 'destination-index': '3', 'study-stage': '2', 'decision-state': 0, 'vitals-state': 0, 'airspace-state': 0, 'data': {'page': 'countdown', 'action': 'countdown now 0'}}
INFO:root:1722002008.35108,ID:1011,STAGE:2,SEQUENCE:1342,DATA:{'time': 1722002008.348, 'user-id': '1011', 'source': 'HAI Interface', 'destination-index': '3', 'study-stage': '2', 'decision-state': 0, 'vitals-state': 0, 'airspace-state': 0, 'data': {'page': 'countdown', 'action': 'countdown complete'}}
INFO:root:1722002009.770454,ID:1011,STAGE:2,SEQUENCE:1342,DATA:{'time': 1722002009.767, 'user-id': '1011', 'source': 'HAI Interface', 'destination-index': '3', 'study-stage': '2', 'decision-state': 0, 'vitals-state': 0, 'airspace-state': 0, 'data': {'page': 'map', 'action': 'selected helipad', 'value': '21'}}
INFO:root:SimConnect Error in /var
INFO:root:SimConnect Error in /var
INFO:SimConnect.SimConnect:SIM OPEN
INFO:SimConnect.SimConnect:SIM OPEN
INFO:root:1722002015.033015,ID:1011,STAGE:2,SEQUENCE:1342,DATA:{'time': 1722002015.029, 'user-id': '1011', 'source': 'HAI Interface', 'destination-index': '3', 'study-stage': '2', 'decision-state': 0, 'vitals-state': 0, 'airspace-state': 0, 'data': {'action': 'radio panel opened'}}
INFO:root:Inflight Radio Update asked
INFO:root:sent request to set radio update complete
INFO:root:1722002021.26745,ID:1011,STAGE:2,SEQUENCE:1342,DATA:{'time': 1722002021.263, 'user-id': '1011', 'source': 'HAI Interface', 'destination-index': '3', 'study-stage': '2', 'decision-state': 0, 'vitals-state': 0, 'airspace-state': 0, 'data': {'action': 'transmit button pressed'}}
INFO:root:1722002021.270148,ID:1011,STAGE:2,SEQUENCE:1342,DATA:{'time': 1722002021.264, 'user-id': '1011', 'source': 'HAI Interface', 'destination-index': '3', 'study-stage': '2', 'decision-state': 0, 'vitals-state': 0, 'airspace-state': 0, 'data': {'action': 'callsign set to: + NASXGS'}}
INFO:root:1722002021.272855,ID:1011,STAGE:2,SEQUENCE:1342,DATA:{'time': 1722002021.264, 'user-id': '1011', 'source': 'HAI Interface', 'destination-index': '3', 'study-stage': '2', 'decision-state': 0, 'vitals-state': 0, 'airspace-state': 0, 'data': {'action': 'radio set to:Comm1'}}
INFO:root:1722002021.274376,ID:1011,STAGE:2,SEQUENCE:1342,DATA:{'time': 1722002021.264, 'user-id': '1011', 'source': 'HAI Interface', 'destination-index': '3', 'study-stage': '2', 'decision-state': 0, 'vitals-state': 0, 'airspace-state': 0, 'data': {'page': 'map', 'action': 'show map'}}
INFO:root:1722002021.277623,ID:1011,STAGE:2,SEQUENCE:1342,DATA:{'time': 1722002021.265, 'user-id': '1011', 'source': 'HAI Interface', 'destination-index': '3', 'study-stage': '2', 'decision-state': 0, 'vitals-state': 0, 'airspace-state': 0, 'data': {'page': 'map', 'action': 'selected helipad', 'value': '21'}}
INFO:root:1722002021.282733,ID:1011,STAGE:2,SEQUENCE:1342,DATA:{'time': 1722002021.271, 'user-id': '1011', 'source': 'HAI Interface', 'destination-index': '3', 'study-stage': '2', 'decision-state': 0, 'vitals-state': 0, 'airspace-state': 0, 'data': {'action': 'NASXGStransmitting updates onComm1123.45 MHz'}}
INFO:root:1722002062.22924,ID:1011,STAGE:2,SEQUENCE:1342,DATA:{'time': 1722002062.225, 'user-id': '1011', 'source': 'HAI Interface', 'destination-index': '3', 'study-stage': '2', 'decision-state': 0, 'vitals-state': 0, 'airspace-state': 0, 'data': {'page': 'inflight', 'action': 'displaying vitals prompt'}}
INFO:root:1722002068.343395,ID:1011,STAGE:2,SEQUENCE:1342,DATA:{'time': 1722002068.338, 'user-id': '1011', 'source': 'HAI Interface', 'destination-index': '3', 'study-stage': '2', 'decision-state': 0, 'vitals-state': 0, 'airspace-state': 0, 'data': {'page': 'map', 'action': 'hide map'}}
INFO:root:1722002071.803936,ID:1011,STAGE:2,SEQUENCE:1342,DATA:{'time': 1722002071.885, 'source': 'VitalsTask', 'timer': 283.233, 'data': {'sensor': 'Heart Rate', 'action': 'capture', 'data': 'action button pressed'}}
INFO:root:1722002071.80644,ID:1011,STAGE:2,SEQUENCE:1342,DATA:{'time': 1722002071.885, 'source': 'VitalsTask', 'timer': 283.233, 'data': {'sensor': 'Heart Rate', 'action': 'capture', 'data': 'starting sensor action'}}
INFO:root:1722002072.825404,ID:1011,STAGE:2,SEQUENCE:1342,DATA:{'time': 1722002072.906, 'source': 'VitalsTask', 'timer': 284.254, 'data': {'sensor': 'Heart Rate', 'action': 'capture', 'data': 'sensor action complete'}}
INFO:root:1722002072.83039,ID:1011,STAGE:2,SEQUENCE:1342,DATA:{'time': 1722002072.906, 'source': 'VitalsTask', 'timer': 284.254, 'data': {'sensor': 'Heart Rate', 'action': 'keypad open'}}
INFO:root:1722002073.947301,ID:1011,STAGE:2,SEQUENCE:1342,DATA:{'time': 1722002074.034, 'source': 'VitalsTask', 'timer': 285.382, 'data': {'sensor': 'Heart Rate', 'action': 'keypad press', 'key': 5, 'value': 5}}
INFO:root:1722002074.268207,ID:1011,STAGE:2,SEQUENCE:1342,DATA:{'time': 1722002074.352, 'source': 'VitalsTask', 'timer': 285.7, 'data': {'sensor': 'Heart Rate', 'action': 'keypad press', 'key': 5, 'value': 55}}
INFO:root:1722002075.689867,ID:1011,STAGE:2,SEQUENCE:1342,DATA:{'time': 1722002075.775, 'source': 'VitalsTask', 'timer': 287.123, 'data': {'sensor': 'Heart Rate', 'action': 'show action buttons'}}
INFO:root:1722002075.693924,ID:1011,STAGE:2,SEQUENCE:1342,DATA:{'time': 1722002075.776, 'source': 'VitalsTask', 'timer': 287.124, 'data': {'sensor': 'Heart Rate', 'action': 'keypad press', 'key': 10, 'value': 55}}
INFO:root:1722002076.952625,ID:1011,STAGE:2,SEQUENCE:1342,DATA:{'time': 1722002077.037, 'source': 'VitalsTask', 'timer': 288.385, 'data': {'sensor': 'Heart Rate', 'action': 'log', 'data': 'action button pressed'}}
INFO:root:1722002076.955618,ID:1011,STAGE:2,SEQUENCE:1342,DATA:{'time': 1722002077.037, 'source': 'VitalsTask', 'timer': 288.385, 'data': {'sensor': 'Heart Rate', 'action': 'log', 'data': 'starting sensor action'}}
INFO:root:1722002077.963924,ID:1011,STAGE:2,SEQUENCE:1342,DATA:{'time': 1722002078.048, 'source': 'VitalsTask', 'timer': 289.396, 'data': {'sensor': 'Heart Rate', 'action': 'log', 'data': 'sensor action complete'}}
INFO:root:1722002080.131232,ID:1011,STAGE:2,SEQUENCE:1342,DATA:{'time': 1722002080.213, 'source': 'VitalsTask', 'timer': 291.561, 'data': {'sensor': 'Heart Rate', 'action': 'save', 'data': 'action button pressed'}}
INFO:root:1722002080.133226,ID:1011,STAGE:2,SEQUENCE:1342,DATA:{'time': 1722002080.214, 'source': 'VitalsTask', 'timer': 291.562, 'data': {'sensor': 'Heart Rate', 'action': 'save', 'data': 'starting sensor action'}}
INFO:root:1722002081.145913,ID:1011,STAGE:2,SEQUENCE:1342,DATA:{'time': 1722002081.231, 'source': 'VitalsTask', 'timer': 292.579, 'data': {'sensor': 'Heart Rate', 'action': 'save', 'data': 'sensor action complete'}}
INFO:root:1722002083.058713,ID:1011,STAGE:2,SEQUENCE:1342,DATA:{'time': 1722002083.143, 'source': 'VitalsTask', 'timer': 294.491, 'data': {'sensor': 'O\u2082 Saturation', 'action': 'opened sensor tab'}}
INFO:root:1722002084.22936,ID:1011,STAGE:2,SEQUENCE:1342,DATA:{'time': 1722002084.315, 'source': 'VitalsTask', 'timer': 295.663, 'data': {'sensor': 'O\u2082 Saturation', 'action': 'capture', 'data': 'action button pressed'}}
INFO:root:1722002084.232356,ID:1011,STAGE:2,SEQUENCE:1342,DATA:{'time': 1722002084.315, 'source': 'VitalsTask', 'timer': 295.663, 'data': {'sensor': 'O\u2082 Saturation', 'action': 'capture', 'data': 'starting sensor action'}}
INFO:root:1722002085.242662,ID:1011,STAGE:2,SEQUENCE:1342,DATA:{'time': 1722002085.327, 'source': 'VitalsTask', 'timer': 296.675, 'data': {'sensor': 'O\u2082 Saturation', 'action': 'capture', 'data': 'sensor action complete'}}
INFO:root:1722002085.24616,ID:1011,STAGE:2,SEQUENCE:1342,DATA:{'time': 1722002085.328, 'source': 'VitalsTask', 'timer': 296.676, 'data': {'sensor': 'O\u2082 Saturation', 'action': 'keypad open'}}
INFO:root:1722002087.16922,ID:1011,STAGE:2,SEQUENCE:1342,DATA:{'time': 1722002087.255, 'source': 'VitalsTask', 'timer': 298.603, 'data': {'sensor': 'O\u2082 Saturation', 'action': 'keypad press', 'key': 1, 'value': 1}}
INFO:root:1722002088.7806,ID:1011,STAGE:2,SEQUENCE:1342,DATA:{'time': 1722002088.863, 'source': 'VitalsTask', 'timer': 300.211, 'data': {'sensor': 'O\u2082 Saturation', 'action': 'keypad press', 'key': 11, 'value': 10}}
INFO:root:1722002089.135303,ID:1011,STAGE:2,SEQUENCE:1342,DATA:{'time': 1722002089.221, 'source': 'VitalsTask', 'timer': 300.569, 'data': {'sensor': 'O\u2082 Saturation', 'action': 'keypad press', 'key': 11, 'value': 100}}
INFO:root:1722002090.441414,ID:1011,STAGE:2,SEQUENCE:1342,DATA:{'time': 1722002090.526, 'source': 'VitalsTask', 'timer': 301.874, 'data': {'sensor': 'O\u2082 Saturation', 'action': 'show action buttons'}}
INFO:root:1722002090.443936,ID:1011,STAGE:2,SEQUENCE:1342,DATA:{'time': 1722002090.528, 'source': 'VitalsTask', 'timer': 301.876, 'data': {'sensor': 'O\u2082 Saturation', 'action': 'keypad press', 'key': 10, 'value': 100}}
INFO:root:1722002091.731255,ID:1011,STAGE:2,SEQUENCE:1342,DATA:{'time': 1722002091.816, 'source': 'VitalsTask', 'timer': 303.164, 'data': {'sensor': 'O\u2082 Saturation', 'action': 'log', 'data': 'action button pressed'}}
INFO:root:1722002091.73325,ID:1011,STAGE:2,SEQUENCE:1342,DATA:{'time': 1722002091.817, 'source': 'VitalsTask', 'timer': 303.165, 'data': {'sensor': 'O\u2082 Saturation', 'action': 'log', 'data': 'starting sensor action'}}
INFO:root:1722002092.75383,ID:1011,STAGE:2,SEQUENCE:1342,DATA:{'time': 1722002092.837, 'source': 'VitalsTask', 'timer': 304.185, 'data': {'sensor': 'O\u2082 Saturation', 'action': 'log', 'data': 'sensor action complete'}}
INFO:root:1722002093.613343,ID:1011,STAGE:2,SEQUENCE:1342,DATA:{'time': 1722002093.697, 'source': 'VitalsTask', 'timer': 305.045, 'data': {'sensor': 'O\u2082 Saturation', 'action': 'save', 'data': 'action button pressed'}}
INFO:root:1722002093.615338,ID:1011,STAGE:2,SEQUENCE:1342,DATA:{'time': 1722002093.698, 'source': 'VitalsTask', 'timer': 305.046, 'data': {'sensor': 'O\u2082 Saturation', 'action': 'save', 'data': 'starting sensor action'}}
INFO:root:1722002094.627853,ID:1011,STAGE:2,SEQUENCE:1342,DATA:{'time': 1722002094.713, 'source': 'VitalsTask', 'timer': 306.061, 'data': {'sensor': 'O\u2082 Saturation', 'action': 'save', 'data': 'sensor action complete'}}
INFO:root:1722002095.833993,ID:1011,STAGE:2,SEQUENCE:1342,DATA:{'time': 1722002095.918, 'source': 'VitalsTask', 'timer': 307.266, 'data': {'sensor': 'Blood Pressure', 'action': 'opened sensor tab'}}
INFO:root:1722002097.016208,ID:1011,STAGE:2,SEQUENCE:1342,DATA:{'time': 1722002097.103, 'source': 'VitalsTask', 'timer': 308.451, 'data': {'sensor': 'Blood Pressure', 'action': 'capture', 'data': 'action button pressed'}}
INFO:root:1722002097.021448,ID:1011,STAGE:2,SEQUENCE:1342,DATA:{'time': 1722002097.103, 'source': 'VitalsTask', 'timer': 308.451, 'data': {'sensor': 'Blood Pressure', 'action': 'capture', 'data': 'starting sensor action'}}
INFO:root:1722002098.032032,ID:1011,STAGE:2,SEQUENCE:1342,DATA:{'time': 1722002098.114, 'source': 'VitalsTask', 'timer': 309.462, 'data': {'sensor': 'Blood Pressure', 'action': 'capture', 'data': 'sensor action complete'}}
INFO:root:1722002098.03656,ID:1011,STAGE:2,SEQUENCE:1342,DATA:{'time': 1722002098.115, 'source': 'VitalsTask', 'timer': 309.463, 'data': {'sensor': 'Blood Pressure', 'action': 'keypad open'}}
INFO:root:1722002099.133059,ID:1011,STAGE:2,SEQUENCE:1342,DATA:{'time': 1722002099.218, 'source': 'VitalsTask', 'timer': 310.566, 'data': {'sensor': 'Blood Pressure', 'action': 'keypad press', 'key': 1, 'value': 1}}
INFO:root:1722002099.797724,ID:1011,STAGE:2,SEQUENCE:1342,DATA:{'time': 1722002099.881, 'source': 'VitalsTask', 'timer': 311.229, 'data': {'sensor': 'Blood Pressure', 'action': 'keypad press', 'key': 2, 'value': 12}}
INFO:root:1722002100.627931,ID:1011,STAGE:2,SEQUENCE:1342,DATA:{'time': 1722002100.711, 'source': 'VitalsTask', 'timer': 312.059, 'data': {'sensor': 'Blood Pressure', 'action': 'keypad press', 'key': 11, 'value': 120}}
INFO:root:1722002102.188459,ID:1011,STAGE:2,SEQUENCE:1342,DATA:{'time': 1722002102.274, 'source': 'VitalsTask', 'timer': 313.622, 'data': {'sensor': 'Blood Pressure', 'action': 'keypad press', 'key': 8, 'value': 1208}}
INFO:root:1722002103.017582,ID:1011,STAGE:2,SEQUENCE:1342,DATA:{'time': 1722002103.103, 'source': 'VitalsTask', 'timer': 314.451, 'data': {'sensor': 'Blood Pressure', 'action': 'keypad press', 'key': 11, 'value': 12080}}
INFO:root:1722002104.233423,ID:1011,STAGE:2,SEQUENCE:1342,DATA:{'time': 1722002104.32, 'source': 'VitalsTask', 'timer': 315.668, 'data': {'sensor': 'Blood Pressure', 'action': 'show action buttons'}}
INFO:root:1722002104.236415,ID:1011,STAGE:2,SEQUENCE:1342,DATA:{'time': 1722002104.32, 'source': 'VitalsTask', 'timer': 315.668, 'data': {'sensor': 'Blood Pressure', 'action': 'keypad press', 'key': 10, 'value': 12080}}
INFO:root:1722002105.526498,ID:1011,STAGE:2,SEQUENCE:1342,DATA:{'time': 1722002105.61, 'source': 'VitalsTask', 'timer': 316.958, 'data': {'sensor': 'Blood Pressure', 'action': 'log', 'data': 'action button pressed'}}
INFO:root:1722002105.530487,ID:1011,STAGE:2,SEQUENCE:1342,DATA:{'time': 1722002105.611, 'source': 'VitalsTask', 'timer': 316.959, 'data': {'sensor': 'Blood Pressure', 'action': 'log', 'data': 'starting sensor action'}}
INFO:root:1722002106.543528,ID:1011,STAGE:2,SEQUENCE:1342,DATA:{'time': 1722002106.627, 'source': 'VitalsTask', 'timer': 317.975, 'data': {'sensor': 'Blood Pressure', 'action': 'log', 'data': 'sensor action complete'}}
INFO:root:1722002107.212192,ID:1011,STAGE:2,SEQUENCE:1342,DATA:{'time': 1722002107.296, 'source': 'VitalsTask', 'timer': 318.644, 'data': {'sensor': 'Blood Pressure', 'action': 'save', 'data': 'action button pressed'}}
INFO:root:1722002107.215185,ID:1011,STAGE:2,SEQUENCE:1342,DATA:{'time': 1722002107.297, 'source': 'VitalsTask', 'timer': 318.645, 'data': {'sensor': 'Blood Pressure', 'action': 'save', 'data': 'starting sensor action'}}
INFO:root:1722002108.228476,ID:1011,STAGE:2,SEQUENCE:1342,DATA:{'time': 1722002108.312, 'source': 'VitalsTask', 'timer': 319.661, 'data': {'sensor': 'Blood Pressure', 'action': 'save', 'data': 'sensor action complete'}}
INFO:root:1722002110.792552,ID:1011,STAGE:2,SEQUENCE:1342,DATA:{'time': 1722002110.877, 'source': 'VitalsTask', 'timer': 322.225, 'data': {'sensor': 'submit', 'action': 'submit'}}
INFO:root:1722002110.795057,ID:1011,STAGE:2,SEQUENCE:1342,DATA:{'time': 1722002110.877, 'source': 'VitalsTask', 'timer': 322.225, 'data': {'sensor': 'submit', 'action': 'submit', 'data': 'submit succeeded'}}
INFO:root:Inflight Radio Update asked
INFO:root:sent request to set radio update complete
INFO:root:1722002115.795235,ID:1011,STAGE:2,SEQUENCE:1342,DATA:{'time': 1722002115.789, 'user-id': '1011', 'source': 'HAI Interface', 'destination-index': '3', 'study-stage': '2', 'decision-state': 0, 'vitals-state': 0, 'airspace-state': 0, 'data': {'page': 'inflight', 'action': 'user acknowledged vitals prompt'}}
INFO:root:1722002116.860722,ID:1011,STAGE:2,SEQUENCE:1342,DATA:{'time': 1722002116.852, 'user-id': '1011', 'source': 'HAI Interface', 'destination-index': '3', 'study-stage': '2', 'decision-state': 0, 'vitals-state': 0, 'airspace-state': 0, 'data': {'action': 'transmit button pressed'}}
INFO:root:1722002116.866707,ID:1011,STAGE:2,SEQUENCE:1342,DATA:{'time': 1722002116.853, 'user-id': '1011', 'source': 'HAI Interface', 'destination-index': '3', 'study-stage': '2', 'decision-state': 0, 'vitals-state': 0, 'airspace-state': 0, 'data': {'action': 'callsign set to: + NASXGS'}}
INFO:root:1722002116.867705,ID:1011,STAGE:2,SEQUENCE:1342,DATA:{'time': 1722002116.853, 'user-id': '1011', 'source': 'HAI Interface', 'destination-index': '3', 'study-stage': '2', 'decision-state': 0, 'vitals-state': 0, 'airspace-state': 0, 'data': {'action': 'radio set to:Comm1'}}
INFO:root:1722002116.873688,ID:1011,STAGE:2,SEQUENCE:1342,DATA:{'time': 1722002116.854, 'user-id': '1011', 'source': 'HAI Interface', 'destination-index': '3', 'study-stage': '2', 'decision-state': 0, 'vitals-state': 0, 'airspace-state': 0, 'data': {'page': 'map', 'action': 'show map'}}
INFO:root:1722002116.877192,ID:1011,STAGE:2,SEQUENCE:1342,DATA:{'time': 1722002116.854, 'user-id': '1011', 'source': 'HAI Interface', 'destination-index': '3', 'study-stage': '2', 'decision-state': 0, 'vitals-state': 0, 'airspace-state': 0, 'data': {'page': 'map', 'action': 'selected helipad', 'value': '21'}}
INFO:root:1722002116.886679,ID:1011,STAGE:2,SEQUENCE:1342,DATA:{'time': 1722002116.859, 'user-id': '1011', 'source': 'HAI Interface', 'destination-index': '3', 'study-stage': '2', 'decision-state': 0, 'vitals-state': 0, 'airspace-state': 0, 'data': {'action': 'NASXGStransmitting updates onComm1123.45 MHz'}}
INFO:root:1722002136.415181,ID:1011,STAGE:2,SEQUENCE:1342,DATA:{'time': 1722002136.409, 'user-id': '1011', 'source': 'HAI Interface', 'destination-index': '3', 'study-stage': '2', 'decision-state': 0, 'vitals-state': 0, 'airspace-state': 0, 'data': {'page': 'map', 'action': 'hide map'}}
INFO:root:1722002137.859131,ID:1011,STAGE:2,SEQUENCE:1342,DATA:{'time': 1722002137.853, 'user-id': '1011', 'source': 'HAI Interface', 'destination-index': '3', 'study-stage': '2', 'decision-state': 0, 'vitals-state': 0, 'airspace-state': 0, 'data': {'page': 'map', 'action': 'show map'}}
INFO:root:1722002137.863675,ID:1011,STAGE:2,SEQUENCE:1342,DATA:{'time': 1722002137.854, 'user-id': '1011', 'source': 'HAI Interface', 'destination-index': '3', 'study-stage': '2', 'decision-state': 0, 'vitals-state': 0, 'airspace-state': 0, 'data': {'page': 'map', 'action': 'selected helipad', 'value': '21'}}
INFO:root:1722002160.580481,ID:1011,STAGE:2,SEQUENCE:1342,DATA:{'time': 1722002160.576, 'user-id': '1011', 'source': 'HAI Interface', 'destination-index': '3', 'study-stage': '2', 'decision-state': 0, 'vitals-state': 0, 'airspace-state': 0, 'data': {'page': 'inflight', 'action': 'displaying vitals prompt'}}
INFO:root:1722002165.46512,ID:1011,STAGE:2,SEQUENCE:1342,DATA:{'time': 1722002165.55, 'source': 'VitalsTask', 'timer': 54.672, 'data': {'sensor': 'Heart Rate', 'action': 'opened sensor tab'}}
INFO:root:1722002166.759619,ID:1011,STAGE:2,SEQUENCE:1342,DATA:{'time': 1722002166.845, 'source': 'VitalsTask', 'timer': 55.967, 'data': {'sensor': 'Heart Rate', 'action': 'capture', 'data': 'action button pressed'}}
INFO:root:1722002166.762616,ID:1011,STAGE:2,SEQUENCE:1342,DATA:{'time': 1722002166.845, 'source': 'VitalsTask', 'timer': 55.967, 'data': {'sensor': 'Heart Rate', 'action': 'capture', 'data': 'starting sensor action'}}
INFO:root:1722002167.775287,ID:1011,STAGE:2,SEQUENCE:1342,DATA:{'time': 1722002167.86, 'source': 'VitalsTask', 'timer': 56.982, 'data': {'sensor': 'Heart Rate', 'action': 'capture', 'data': 'sensor action complete'}}
INFO:root:1722002167.777283,ID:1011,STAGE:2,SEQUENCE:1342,DATA:{'time': 1722002167.86, 'source': 'VitalsTask', 'timer': 56.982, 'data': {'sensor': 'Heart Rate', 'action': 'keypad open'}}
INFO:root:1722002168.871332,ID:1011,STAGE:2,SEQUENCE:1342,DATA:{'time': 1722002168.954, 'source': 'VitalsTask', 'timer': 58.076, 'data': {'sensor': 'Heart Rate', 'action': 'keypad press', 'key': 5, 'value': 5}}
INFO:root:1722002169.235863,ID:1011,STAGE:2,SEQUENCE:1342,DATA:{'time': 1722002169.312, 'source': 'VitalsTask', 'timer': 58.434, 'data': {'sensor': 'Heart Rate', 'action': 'keypad press', 'key': 5, 'value': 55}}
INFO:root:1722002170.784248,ID:1011,STAGE:2,SEQUENCE:1342,DATA:{'time': 1722002170.867, 'source': 'VitalsTask', 'timer': 59.989, 'data': {'sensor': 'Heart Rate', 'action': 'show action buttons'}}
INFO:root:1722002170.786086,ID:1011,STAGE:2,SEQUENCE:1342,DATA:{'time': 1722002170.867, 'source': 'VitalsTask', 'timer': 59.989, 'data': {'sensor': 'Heart Rate', 'action': 'keypad press', 'key': 10, 'value': 55}}
INFO:root:1722002172.647507,ID:1011,STAGE:2,SEQUENCE:1342,DATA:{'time': 1722002172.732, 'source': 'VitalsTask', 'timer': 61.854, 'data': {'sensor': 'Heart Rate', 'action': 'log', 'data': 'action button pressed'}}
INFO:root:1722002172.64901,ID:1011,STAGE:2,SEQUENCE:1342,DATA:{'time': 1722002172.732, 'source': 'VitalsTask', 'timer': 61.854, 'data': {'sensor': 'Heart Rate', 'action': 'log', 'data': 'starting sensor action'}}
INFO:root:1722002173.664322,ID:1011,STAGE:2,SEQUENCE:1342,DATA:{'time': 1722002173.749, 'source': 'VitalsTask', 'timer': 62.871, 'data': {'sensor': 'Heart Rate', 'action': 'log', 'data': 'sensor action complete'}}
INFO:root:1722002174.383287,ID:1011,STAGE:2,SEQUENCE:1342,DATA:{'time': 1722002174.469, 'source': 'VitalsTask', 'timer': 63.591, 'data': {'sensor': 'Heart Rate', 'action': 'save', 'data': 'action button pressed'}}
INFO:root:1722002174.384789,ID:1011,STAGE:2,SEQUENCE:1342,DATA:{'time': 1722002174.469, 'source': 'VitalsTask', 'timer': 63.591, 'data': {'sensor': 'Heart Rate', 'action': 'save', 'data': 'starting sensor action'}}
INFO:root:1722002175.401836,ID:1011,STAGE:2,SEQUENCE:1342,DATA:{'time': 1722002175.484, 'source': 'VitalsTask', 'timer': 64.606, 'data': {'sensor': 'Heart Rate', 'action': 'save', 'data': 'sensor action complete'}}
INFO:root:1722002177.297881,ID:1011,STAGE:2,SEQUENCE:1342,DATA:{'time': 1722002177.383, 'source': 'VitalsTask', 'timer': 66.505, 'data': {'sensor': 'O\u2082 Saturation', 'action': 'opened sensor tab'}}
INFO:root:1722002178.497017,ID:1011,STAGE:2,SEQUENCE:1342,DATA:{'time': 1722002178.581, 'source': 'VitalsTask', 'timer': 67.703, 'data': {'sensor': 'O\u2082 Saturation', 'action': 'capture', 'data': 'action button pressed'}}
INFO:root:1722002178.501516,ID:1011,STAGE:2,SEQUENCE:1342,DATA:{'time': 1722002178.581, 'source': 'VitalsTask', 'timer': 67.703, 'data': {'sensor': 'O\u2082 Saturation', 'action': 'capture', 'data': 'starting sensor action'}}
INFO:root:1722002179.51212,ID:1011,STAGE:2,SEQUENCE:1342,DATA:{'time': 1722002179.595, 'source': 'VitalsTask', 'timer': 68.717, 'data': {'sensor': 'O\u2082 Saturation', 'action': 'capture', 'data': 'sensor action complete'}}
INFO:root:1722002179.514312,ID:1011,STAGE:2,SEQUENCE:1342,DATA:{'time': 1722002179.596, 'source': 'VitalsTask', 'timer': 68.718, 'data': {'sensor': 'O\u2082 Saturation', 'action': 'keypad open'}}
INFO:root:1722002180.995491,ID:1011,STAGE:2,SEQUENCE:1342,DATA:{'time': 1722002181.078, 'source': 'VitalsTask', 'timer': 70.2, 'data': {'sensor': 'O\u2082 Saturation', 'action': 'keypad press', 'key': 1, 'value': 1}}
INFO:root:1722002182.3727,ID:1011,STAGE:2,SEQUENCE:1342,DATA:{'time': 1722002182.458, 'source': 'VitalsTask', 'timer': 71.58, 'data': {'sensor': 'O\u2082 Saturation', 'action': 'keypad press', 'key': 11, 'value': 10}}
INFO:root:1722002182.710548,ID:1011,STAGE:2,SEQUENCE:1342,DATA:{'time': 1722002182.796, 'source': 'VitalsTask', 'timer': 71.918, 'data': {'sensor': 'O\u2082 Saturation', 'action': 'keypad press', 'key': 11, 'value': 100}}
INFO:root:1722002184.279884,ID:1011,STAGE:2,SEQUENCE:1342,DATA:{'time': 1722002184.365, 'source': 'VitalsTask', 'timer': 73.487, 'data': {'sensor': 'O\u2082 Saturation', 'action': 'show action buttons'}}
INFO:root:1722002184.282896,ID:1011,STAGE:2,SEQUENCE:1342,DATA:{'time': 1722002184.365, 'source': 'VitalsTask', 'timer': 73.487, 'data': {'sensor': 'O\u2082 Saturation', 'action': 'keypad press', 'key': 10, 'value': 100}}
INFO:root:1722002185.645611,ID:1011,STAGE:2,SEQUENCE:1342,DATA:{'time': 1722002185.727, 'source': 'VitalsTask', 'timer': 74.849, 'data': {'sensor': 'O\u2082 Saturation', 'action': 'log', 'data': 'action button pressed'}}
INFO:root:1722002185.647717,ID:1011,STAGE:2,SEQUENCE:1342,DATA:{'time': 1722002185.727, 'source': 'VitalsTask', 'timer': 74.849, 'data': {'sensor': 'O\u2082 Saturation', 'action': 'log', 'data': 'starting sensor action'}}
INFO:root:1722002186.654476,ID:1011,STAGE:2,SEQUENCE:1342,DATA:{'time': 1722002186.74, 'source': 'VitalsTask', 'timer': 75.862, 'data': {'sensor': 'O\u2082 Saturation', 'action': 'log', 'data': 'sensor action complete'}}
INFO:root:1722002187.697247,ID:1011,STAGE:2,SEQUENCE:1342,DATA:{'time': 1722002187.782, 'source': 'VitalsTask', 'timer': 76.904, 'data': {'sensor': 'O\u2082 Saturation', 'action': 'save', 'data': 'action button pressed'}}
INFO:root:1722002187.699137,ID:1011,STAGE:2,SEQUENCE:1342,DATA:{'time': 1722002187.782, 'source': 'VitalsTask', 'timer': 76.904, 'data': {'sensor': 'O\u2082 Saturation', 'action': 'save', 'data': 'starting sensor action'}}
INFO:root:1722002188.713871,ID:1011,STAGE:2,SEQUENCE:1342,DATA:{'time': 1722002188.799, 'source': 'VitalsTask', 'timer': 77.921, 'data': {'sensor': 'O\u2082 Saturation', 'action': 'save', 'data': 'sensor action complete'}}
INFO:root:1722002190.175658,ID:1011,STAGE:2,SEQUENCE:1342,DATA:{'time': 1722002190.26, 'source': 'VitalsTask', 'timer': 79.382, 'data': {'sensor': 'Blood Pressure', 'action': 'opened sensor tab'}}
INFO:root:1722002191.314349,ID:1011,STAGE:2,SEQUENCE:1342,DATA:{'time': 1722002191.398, 'source': 'VitalsTask', 'timer': 80.52, 'data': {'sensor': 'Blood Pressure', 'action': 'capture', 'data': 'action button pressed'}}
INFO:root:1722002191.317514,ID:1011,STAGE:2,SEQUENCE:1342,DATA:{'time': 1722002191.401, 'source': 'VitalsTask', 'timer': 80.523, 'data': {'sensor': 'Blood Pressure', 'action': 'capture', 'data': 'starting sensor action'}}
INFO:root:1722002192.327764,ID:1011,STAGE:2,SEQUENCE:1342,DATA:{'time': 1722002192.413, 'source': 'VitalsTask', 'timer': 81.535, 'data': {'sensor': 'Blood Pressure', 'action': 'capture', 'data': 'sensor action complete'}}
INFO:root:1722002192.330755,ID:1011,STAGE:2,SEQUENCE:1342,DATA:{'time': 1722002192.413, 'source': 'VitalsTask', 'timer': 81.535, 'data': {'sensor': 'Blood Pressure', 'action': 'keypad open'}}
INFO:root:1722002193.708194,ID:1011,STAGE:2,SEQUENCE:1342,DATA:{'time': 1722002193.793, 'source': 'VitalsTask', 'timer': 82.915, 'data': {'sensor': 'Blood Pressure', 'action': 'keypad press', 'key': 1, 'value': 1}}
INFO:root:1722002194.398383,ID:1011,STAGE:2,SEQUENCE:1342,DATA:{'time': 1722002194.483, 'source': 'VitalsTask', 'timer': 83.605, 'data': {'sensor': 'Blood Pressure', 'action': 'keypad press', 'key': 2, 'value': 12}}
INFO:root:1722002196.241778,ID:1011,STAGE:2,SEQUENCE:1342,DATA:{'time': 1722002196.327, 'source': 'VitalsTask', 'timer': 85.449, 'data': {'sensor': 'Blood Pressure', 'action': 'keypad press', 'key': 11, 'value': 120}}
INFO:root:1722002197.923525,ID:1011,STAGE:2,SEQUENCE:1342,DATA:{'time': 1722002198.007, 'source': 'VitalsTask', 'timer': 87.129, 'data': {'sensor': 'Blood Pressure', 'action': 'keypad press', 'key': 8, 'value': 1208}}
INFO:root:1722002198.603118,ID:1011,STAGE:2,SEQUENCE:1342,DATA:{'time': 1722002198.688, 'source': 'VitalsTask', 'timer': 87.81, 'data': {'sensor': 'Blood Pressure', 'action': 'keypad press', 'key': 11, 'value': 12080}}
INFO:root:1722002199.598857,ID:1011,STAGE:2,SEQUENCE:1342,DATA:{'time': 1722002199.684, 'source': 'VitalsTask', 'timer': 88.806, 'data': {'sensor': 'Blood Pressure', 'action': 'show action buttons'}}
INFO:root:1722002199.601849,ID:1011,STAGE:2,SEQUENCE:1342,DATA:{'time': 1722002199.685, 'source': 'VitalsTask', 'timer': 88.807, 'data': {'sensor': 'Blood Pressure', 'action': 'keypad press', 'key': 10, 'value': 12080}}
INFO:root:1722002201.020901,ID:1011,STAGE:2,SEQUENCE:1342,DATA:{'time': 1722002201.104, 'source': 'VitalsTask', 'timer': 90.226, 'data': {'sensor': 'Blood Pressure', 'action': 'log', 'data': 'action button pressed'}}
INFO:root:1722002201.022896,ID:1011,STAGE:2,SEQUENCE:1342,DATA:{'time': 1722002201.104, 'source': 'VitalsTask', 'timer': 90.226, 'data': {'sensor': 'Blood Pressure', 'action': 'log', 'data': 'starting sensor action'}}
INFO:root:1722002202.03431,ID:1011,STAGE:2,SEQUENCE:1342,DATA:{'time': 1722002202.118, 'source': 'VitalsTask', 'timer': 91.24, 'data': {'sensor': 'Blood Pressure', 'action': 'log', 'data': 'sensor action complete'}}
INFO:root:1722002202.688063,ID:1011,STAGE:2,SEQUENCE:1342,DATA:{'time': 1722002202.774, 'source': 'VitalsTask', 'timer': 91.896, 'data': {'sensor': 'Blood Pressure', 'action': 'save', 'data': 'action button pressed'}}
INFO:root:1722002202.690056,ID:1011,STAGE:2,SEQUENCE:1342,DATA:{'time': 1722002202.774, 'source': 'VitalsTask', 'timer': 91.896, 'data': {'sensor': 'Blood Pressure', 'action': 'save', 'data': 'starting sensor action'}}
INFO:root:1722002203.704612,ID:1011,STAGE:2,SEQUENCE:1342,DATA:{'time': 1722002203.79, 'source': 'VitalsTask', 'timer': 92.912, 'data': {'sensor': 'Blood Pressure', 'action': 'save', 'data': 'sensor action complete'}}
INFO:root:1722002206.371781,ID:1011,STAGE:2,SEQUENCE:1342,DATA:{'time': 1722002206.457, 'source': 'VitalsTask', 'timer': 95.579, 'data': {'sensor': 'submit', 'action': 'submit'}}
INFO:root:1722002206.373937,ID:1011,STAGE:2,SEQUENCE:1342,DATA:{'time': 1722002206.457, 'source': 'VitalsTask', 'timer': 95.579, 'data': {'sensor': 'submit', 'action': 'submit', 'data': 'submit succeeded'}}
INFO:root:1722002207.855431,ID:1011,STAGE:2,SEQUENCE:1342,DATA:{'time': 1722002207.85, 'user-id': '1011', 'source': 'HAI Interface', 'destination-index': '3', 'study-stage': '2', 'decision-state': 0, 'vitals-state': 0, 'airspace-state': 0, 'data': {'page': 'inflight', 'action': 'user acknowledged vitals prompt'}}
INFO:root:1722002210.73171,ID:1011,STAGE:2,SEQUENCE:1342,DATA:{'time': 1722002210.726, 'user-id': '1011', 'source': 'HAI Interface', 'destination-index': '3', 'study-stage': '2', 'decision-state': 0, 'vitals-state': 0, 'airspace-state': 0, 'data': {'action': 'transmit button pressed'}}
INFO:root:1722002210.738242,ID:1011,STAGE:2,SEQUENCE:1342,DATA:{'time': 1722002210.726, 'user-id': '1011', 'source': 'HAI Interface', 'destination-index': '3', 'study-stage': '2', 'decision-state': 0, 'vitals-state': 0, 'airspace-state': 0, 'data': {'action': 'callsign set to: + NASXGS'}}
INFO:root:1722002210.745224,ID:1011,STAGE:2,SEQUENCE:1342,DATA:{'time': 1722002210.727, 'user-id': '1011', 'source': 'HAI Interface', 'destination-index': '3', 'study-stage': '2', 'decision-state': 0, 'vitals-state': 0, 'airspace-state': 0, 'data': {'action': 'radio set to:Comm1'}}
INFO:root:1722002210.749213,ID:1011,STAGE:2,SEQUENCE:1342,DATA:{'time': 1722002210.727, 'user-id': '1011', 'source': 'HAI Interface', 'destination-index': '3', 'study-stage': '2', 'decision-state': 0, 'vitals-state': 0, 'airspace-state': 0, 'data': {'page': 'map', 'action': 'show map'}}
INFO:root:1722002210.7542,ID:1011,STAGE:2,SEQUENCE:1342,DATA:{'time': 1722002210.727, 'user-id': '1011', 'source': 'HAI Interface', 'destination-index': '3', 'study-stage': '2', 'decision-state': 0, 'vitals-state': 0, 'airspace-state': 0, 'data': {'page': 'map', 'action': 'selected helipad', 'value': '21'}}
INFO:root:1722002210.763767,ID:1011,STAGE:2,SEQUENCE:1342,DATA:{'time': 1722002210.731, 'user-id': '1011', 'source': 'HAI Interface', 'destination-index': '3', 'study-stage': '2', 'decision-state': 0, 'vitals-state': 0, 'airspace-state': 0, 'data': {'action': 'NASXGStransmitting updates onComm1123.45 MHz'}}
INFO:root:Inflight Radio Update asked
INFO:root:sent request to set radio update complete
INFO:root:1722002258.919341,ID:1011,STAGE:2,SEQUENCE:1342,DATA:{'time': 1722002258.915, 'user-id': '1011', 'source': 'HAI Interface', 'destination-index': '3', 'study-stage': '2', 'decision-state': 0, 'vitals-state': 0, 'airspace-state': 0, 'data': {'page': 'inflight', 'action': 'displaying vitals prompt'}}
INFO:root:1722002266.445239,ID:1011,STAGE:2,SEQUENCE:1342,DATA:{'time': 1722002266.53, 'source': 'VitalsTask', 'timer': 60.073, 'data': {'sensor': 'Heart Rate', 'action': 'opened sensor tab'}}
INFO:root:1722002267.540693,ID:1011,STAGE:2,SEQUENCE:1342,DATA:{'time': 1722002267.626, 'source': 'VitalsTask', 'timer': 61.169, 'data': {'sensor': 'Heart Rate', 'action': 'capture', 'data': 'action button pressed'}}
INFO:root:1722002267.54225,ID:1011,STAGE:2,SEQUENCE:1342,DATA:{'time': 1722002267.626, 'source': 'VitalsTask', 'timer': 61.169, 'data': {'sensor': 'Heart Rate', 'action': 'capture', 'data': 'starting sensor action'}}
INFO:root:1722002268.559122,ID:1011,STAGE:2,SEQUENCE:1342,DATA:{'time': 1722002268.643, 'source': 'VitalsTask', 'timer': 62.186, 'data': {'sensor': 'Heart Rate', 'action': 'capture', 'data': 'sensor action complete'}}
INFO:root:1722002268.563782,ID:1011,STAGE:2,SEQUENCE:1342,DATA:{'time': 1722002268.643, 'source': 'VitalsTask', 'timer': 62.186, 'data': {'sensor': 'Heart Rate', 'action': 'keypad open'}}
INFO:root:1722002269.681213,ID:1011,STAGE:2,SEQUENCE:1342,DATA:{'time': 1722002269.765, 'source': 'VitalsTask', 'timer': 63.308, 'data': {'sensor': 'Heart Rate', 'action': 'keypad press', 'key': 5, 'value': 5}}
INFO:root:1722002270.234384,ID:1011,STAGE:2,SEQUENCE:1342,DATA:{'time': 1722002270.32, 'source': 'VitalsTask', 'timer': 63.863, 'data': {'sensor': 'Heart Rate', 'action': 'keypad press', 'key': 5, 'value': 55}}
INFO:root:1722002272.082017,ID:1011,STAGE:2,SEQUENCE:1342,DATA:{'time': 1722002272.166, 'source': 'VitalsTask', 'timer': 65.709, 'data': {'sensor': 'Heart Rate', 'action': 'show action buttons'}}
INFO:root:1722002272.085009,ID:1011,STAGE:2,SEQUENCE:1342,DATA:{'time': 1722002272.166, 'source': 'VitalsTask', 'timer': 65.709, 'data': {'sensor': 'Heart Rate', 'action': 'keypad press', 'key': 10, 'value': 55}}
INFO:root:1722002273.376602,ID:1011,STAGE:2,SEQUENCE:1342,DATA:{'time': 1722002273.462, 'source': 'VitalsTask', 'timer': 67.005, 'data': {'sensor': 'Heart Rate', 'action': 'log', 'data': 'action button pressed'}}
INFO:root:1722002273.378597,ID:1011,STAGE:2,SEQUENCE:1342,DATA:{'time': 1722002273.462, 'source': 'VitalsTask', 'timer': 67.005, 'data': {'sensor': 'Heart Rate', 'action': 'log', 'data': 'starting sensor action'}}
INFO:root:1722002274.395472,ID:1011,STAGE:2,SEQUENCE:1342,DATA:{'time': 1722002274.479, 'source': 'VitalsTask', 'timer': 68.022, 'data': {'sensor': 'Heart Rate', 'action': 'log', 'data': 'sensor action complete'}}
INFO:root:1722002274.984628,ID:1011,STAGE:2,SEQUENCE:1342,DATA:{'time': 1722002275.07, 'source': 'VitalsTask', 'timer': 68.613, 'data': {'sensor': 'Heart Rate', 'action': 'save', 'data': 'action button pressed'}}
INFO:root:1722002274.987128,ID:1011,STAGE:2,SEQUENCE:1342,DATA:{'time': 1722002275.07, 'source': 'VitalsTask', 'timer': 68.613, 'data': {'sensor': 'Heart Rate', 'action': 'save', 'data': 'starting sensor action'}}
INFO:root:1722002275.997127,ID:1011,STAGE:2,SEQUENCE:1342,DATA:{'time': 1722002276.083, 'source': 'VitalsTask', 'timer': 69.626, 'data': {'sensor': 'Heart Rate', 'action': 'save', 'data': 'sensor action complete'}}
INFO:root:1722002276.621595,ID:1011,STAGE:2,SEQUENCE:1342,DATA:{'time': 1722002276.706, 'source': 'VitalsTask', 'timer': 70.249, 'data': {'sensor': 'O\u2082 Saturation', 'action': 'opened sensor tab'}}
INFO:root:1722002277.549153,ID:1011,STAGE:2,SEQUENCE:1342,DATA:{'time': 1722002277.634, 'source': 'VitalsTask', 'timer': 71.177, 'data': {'sensor': 'O\u2082 Saturation', 'action': 'capture', 'data': 'action button pressed'}}
INFO:root:1722002277.551155,ID:1011,STAGE:2,SEQUENCE:1342,DATA:{'time': 1722002277.634, 'source': 'VitalsTask', 'timer': 71.177, 'data': {'sensor': 'O\u2082 Saturation', 'action': 'capture', 'data': 'starting sensor action'}}
INFO:root:1722002278.563536,ID:1011,STAGE:2,SEQUENCE:1342,DATA:{'time': 1722002278.648, 'source': 'VitalsTask', 'timer': 72.191, 'data': {'sensor': 'O\u2082 Saturation', 'action': 'capture', 'data': 'sensor action complete'}}
INFO:root:1722002278.56553,ID:1011,STAGE:2,SEQUENCE:1342,DATA:{'time': 1722002278.649, 'source': 'VitalsTask', 'timer': 72.192, 'data': {'sensor': 'O\u2082 Saturation', 'action': 'keypad open'}}
INFO:root:1722002279.556651,ID:1011,STAGE:2,SEQUENCE:1342,DATA:{'time': 1722002279.642, 'source': 'VitalsTask', 'timer': 73.185, 'data': {'sensor': 'O\u2082 Saturation', 'action': 'keypad press', 'key': 1, 'value': 1}}
INFO:root:1722002280.602981,ID:1011,STAGE:2,SEQUENCE:1342,DATA:{'time': 1722002280.685, 'source': 'VitalsTask', 'timer': 74.228, 'data': {'sensor': 'O\u2082 Saturation', 'action': 'keypad press', 'key': 11, 'value': 10}}
INFO:root:1722002280.944168,ID:1011,STAGE:2,SEQUENCE:1342,DATA:{'time': 1722002281.028, 'source': 'VitalsTask', 'timer': 74.571, 'data': {'sensor': 'O\u2082 Saturation', 'action': 'keypad press', 'key': 11, 'value': 100}}
INFO:root:1722002281.700362,ID:1011,STAGE:2,SEQUENCE:1342,DATA:{'time': 1722002281.786, 'source': 'VitalsTask', 'timer': 75.329, 'data': {'sensor': 'O\u2082 Saturation', 'action': 'show action buttons'}}
INFO:root:1722002281.702357,ID:1011,STAGE:2,SEQUENCE:1342,DATA:{'time': 1722002281.787, 'source': 'VitalsTask', 'timer': 75.33, 'data': {'sensor': 'O\u2082 Saturation', 'action': 'keypad press', 'key': 10, 'value': 100}}
INFO:root:1722002282.969152,ID:1011,STAGE:2,SEQUENCE:1342,DATA:{'time': 1722002283.053, 'source': 'VitalsTask', 'timer': 76.596, 'data': {'sensor': 'O\u2082 Saturation', 'action': 'log', 'data': 'action button pressed'}}
INFO:root:1722002282.972196,ID:1011,STAGE:2,SEQUENCE:1342,DATA:{'time': 1722002283.055, 'source': 'VitalsTask', 'timer': 76.598, 'data': {'sensor': 'O\u2082 Saturation', 'action': 'log', 'data': 'starting sensor action'}}
INFO:root:1722002283.988057,ID:1011,STAGE:2,SEQUENCE:1342,DATA:{'time': 1722002284.073, 'source': 'VitalsTask', 'timer': 77.616, 'data': {'sensor': 'O\u2082 Saturation', 'action': 'log', 'data': 'sensor action complete'}}
INFO:root:1722002284.619074,ID:1011,STAGE:2,SEQUENCE:1342,DATA:{'time': 1722002284.704, 'source': 'VitalsTask', 'timer': 78.247, 'data': {'sensor': 'O\u2082 Saturation', 'action': 'save', 'data': 'action button pressed'}}
INFO:root:1722002284.624603,ID:1011,STAGE:2,SEQUENCE:1342,DATA:{'time': 1722002284.704, 'source': 'VitalsTask', 'timer': 78.247, 'data': {'sensor': 'O\u2082 Saturation', 'action': 'save', 'data': 'starting sensor action'}}
INFO:root:1722002285.633325,ID:1011,STAGE:2,SEQUENCE:1342,DATA:{'time': 1722002285.716, 'source': 'VitalsTask', 'timer': 79.259, 'data': {'sensor': 'O\u2082 Saturation', 'action': 'save', 'data': 'sensor action complete'}}
INFO:root:1722002288.357806,ID:1011,STAGE:2,SEQUENCE:1342,DATA:{'time': 1722002288.442, 'source': 'VitalsTask', 'timer': 81.985, 'data': {'sensor': 'Blood Pressure', 'action': 'opened sensor tab'}}
INFO:root:1722002289.454448,ID:1011,STAGE:2,SEQUENCE:1342,DATA:{'time': 1722002289.538, 'source': 'VitalsTask', 'timer': 83.081, 'data': {'sensor': 'Blood Pressure', 'action': 'capture', 'data': 'action button pressed'}}
INFO:root:1722002289.456446,ID:1011,STAGE:2,SEQUENCE:1342,DATA:{'time': 1722002289.538, 'source': 'VitalsTask', 'timer': 83.081, 'data': {'sensor': 'Blood Pressure', 'action': 'capture', 'data': 'starting sensor action'}}
INFO:root:1722002290.464977,ID:1011,STAGE:2,SEQUENCE:1342,DATA:{'time': 1722002290.548, 'source': 'VitalsTask', 'timer': 84.091, 'data': {'sensor': 'Blood Pressure', 'action': 'capture', 'data': 'sensor action complete'}}
INFO:root:1722002290.46797,ID:1011,STAGE:2,SEQUENCE:1342,DATA:{'time': 1722002290.549, 'source': 'VitalsTask', 'timer': 84.092, 'data': {'sensor': 'Blood Pressure', 'action': 'keypad open'}}
INFO:root:1722002293.339128,ID:1011,STAGE:2,SEQUENCE:1342,DATA:{'time': 1722002293.424, 'source': 'VitalsTask', 'timer': 86.967, 'data': {'sensor': 'Blood Pressure', 'action': 'keypad press', 'key': 1, 'value': 1}}
INFO:root:1722002294.007751,ID:1011,STAGE:2,SEQUENCE:1342,DATA:{'time': 1722002294.093, 'source': 'VitalsTask', 'timer': 87.636, 'data': {'sensor': 'Blood Pressure', 'action': 'keypad press', 'key': 2, 'value': 12}}
INFO:root:1722002295.171662,ID:1011,STAGE:2,SEQUENCE:1342,DATA:{'time': 1722002295.251, 'source': 'VitalsTask', 'timer': 88.794, 'data': {'sensor': 'Blood Pressure', 'action': 'keypad press', 'key': 11, 'value': 120}}
INFO:root:1722002296.779424,ID:1011,STAGE:2,SEQUENCE:1342,DATA:{'time': 1722002296.864, 'source': 'VitalsTask', 'timer': 90.407, 'data': {'sensor': 'Blood Pressure', 'action': 'keypad press', 'key': 8, 'value': 1208}}
INFO:root:1722002297.46277,ID:1011,STAGE:2,SEQUENCE:1342,DATA:{'time': 1722002297.548, 'source': 'VitalsTask', 'timer': 91.091, 'data': {'sensor': 'Blood Pressure', 'action': 'keypad press', 'key': 11, 'value': 12080}}
INFO:root:1722002298.480335,ID:1011,STAGE:2,SEQUENCE:1342,DATA:{'time': 1722002298.564, 'source': 'VitalsTask', 'timer': 92.107, 'data': {'sensor': 'Blood Pressure', 'action': 'show action buttons'}}
INFO:root:1722002298.482359,ID:1011,STAGE:2,SEQUENCE:1342,DATA:{'time': 1722002298.565, 'source': 'VitalsTask', 'timer': 92.108, 'data': {'sensor': 'Blood Pressure', 'action': 'keypad press', 'key': 10, 'value': 12080}}
INFO:root:1722002299.737108,ID:1011,STAGE:2,SEQUENCE:1342,DATA:{'time': 1722002299.82, 'source': 'VitalsTask', 'timer': 93.363, 'data': {'sensor': 'Blood Pressure', 'action': 'log', 'data': 'action button pressed'}}
INFO:root:1722002299.739103,ID:1011,STAGE:2,SEQUENCE:1342,DATA:{'time': 1722002299.82, 'source': 'VitalsTask', 'timer': 93.363, 'data': {'sensor': 'Blood Pressure', 'action': 'log', 'data': 'starting sensor action'}}
INFO:root:1722002300.748023,ID:1011,STAGE:2,SEQUENCE:1342,DATA:{'time': 1722002300.832, 'source': 'VitalsTask', 'timer': 94.375, 'data': {'sensor': 'Blood Pressure', 'action': 'log', 'data': 'sensor action complete'}}
INFO:root:1722002301.577921,ID:1011,STAGE:2,SEQUENCE:1342,DATA:{'time': 1722002301.663, 'source': 'VitalsTask', 'timer': 95.206, 'data': {'sensor': 'Blood Pressure', 'action': 'save', 'data': 'action button pressed'}}
INFO:root:1722002301.580422,ID:1011,STAGE:2,SEQUENCE:1342,DATA:{'time': 1722002301.663, 'source': 'VitalsTask', 'timer': 95.206, 'data': {'sensor': 'Blood Pressure', 'action': 'save', 'data': 'starting sensor action'}}
INFO:root:1722002302.6165,ID:1011,STAGE:2,SEQUENCE:1342,DATA:{'time': 1722002302.682, 'source': 'VitalsTask', 'timer': 96.225, 'data': {'sensor': 'Blood Pressure', 'action': 'save', 'data': 'sensor action complete'}}
INFO:root:1722002305.850188,ID:1011,STAGE:2,SEQUENCE:1342,DATA:{'time': 1722002305.936, 'source': 'VitalsTask', 'timer': 99.479, 'data': {'sensor': 'submit', 'action': 'submit'}}
INFO:root:1722002305.85318,ID:1011,STAGE:2,SEQUENCE:1342,DATA:{'time': 1722002305.936, 'source': 'VitalsTask', 'timer': 99.479, 'data': {'sensor': 'submit', 'action': 'submit', 'data': 'submit succeeded'}}
INFO:root:1722002308.882241,ID:1011,STAGE:2,SEQUENCE:1342,DATA:{'time': 1722002308.877, 'user-id': '1011', 'source': 'HAI Interface', 'destination-index': '3', 'study-stage': '2', 'decision-state': 0, 'vitals-state': '1', 'airspace-state': 0, 'data': {'page': 'map', 'action': 'hide map'}}
INFO:root:1722002309.254751,ID:1011,STAGE:2,SEQUENCE:1342,DATA:{'time': 1722002309.25, 'user-id': '1011', 'source': 'HAI Interface', 'destination-index': '3', 'study-stage': '2', 'decision-state': 0, 'vitals-state': '1', 'airspace-state': 0, 'data': {'page': 'inflight', 'action': 'user acknowledged vitals prompt'}}
INFO:root:1722002310.307149,ID:1011,STAGE:2,SEQUENCE:1342,DATA:{'time': 1722002310.302, 'user-id': '1011', 'source': 'HAI Interface', 'destination-index': '3', 'study-stage': '2', 'decision-state': 0, 'vitals-state': '1', 'airspace-state': 0, 'data': {'page': 'map', 'action': 'show map'}}
INFO:root:1722002310.313676,ID:1011,STAGE:2,SEQUENCE:1342,DATA:{'time': 1722002310.303, 'user-id': '1011', 'source': 'HAI Interface', 'destination-index': '3', 'study-stage': '2', 'decision-state': 0, 'vitals-state': '1', 'airspace-state': 0, 'data': {'page': 'map', 'action': 'selected helipad', 'value': '21'}}
INFO:root:Inflight Radio Update asked
INFO:root:sent request to set radio update complete
INFO:root:1722002312.685687,ID:1011,STAGE:2,SEQUENCE:1342,DATA:{'time': 1722002312.681, 'user-id': '1011', 'source': 'HAI Interface', 'destination-index': '3', 'study-stage': '2', 'decision-state': 0, 'vitals-state': '1', 'airspace-state': 0, 'data': {'action': 'transmit button pressed'}}
INFO:root:1722002312.692185,ID:1011,STAGE:2,SEQUENCE:1342,DATA:{'time': 1722002312.681, 'user-id': '1011', 'source': 'HAI Interface', 'destination-index': '3', 'study-stage': '2', 'decision-state': 0, 'vitals-state': '1', 'airspace-state': 0, 'data': {'action': 'callsign set to: + NASXGS'}}
INFO:root:1722002312.697684,ID:1011,STAGE:2,SEQUENCE:1342,DATA:{'time': 1722002312.682, 'user-id': '1011', 'source': 'HAI Interface', 'destination-index': '3', 'study-stage': '2', 'decision-state': 0, 'vitals-state': '1', 'airspace-state': 0, 'data': {'action': 'radio set to:Comm1'}}
INFO:root:1722002312.699678,ID:1011,STAGE:2,SEQUENCE:1342,DATA:{'time': 1722002312.682, 'user-id': '1011', 'source': 'HAI Interface', 'destination-index': '3', 'study-stage': '2', 'decision-state': 0, 'vitals-state': '1', 'airspace-state': 0, 'data': {'page': 'map', 'action': 'show map'}}
INFO:root:1722002312.703669,ID:1011,STAGE:2,SEQUENCE:1342,DATA:{'time': 1722002312.682, 'user-id': '1011', 'source': 'HAI Interface', 'destination-index': '3', 'study-stage': '2', 'decision-state': 0, 'vitals-state': '1', 'airspace-state': 0, 'data': {'page': 'map', 'action': 'selected helipad', 'value': '21'}}
INFO:root:1722002312.709652,ID:1011,STAGE:2,SEQUENCE:1342,DATA:{'time': 1722002312.686, 'user-id': '1011', 'source': 'HAI Interface', 'destination-index': '3', 'study-stage': '2', 'decision-state': 0, 'vitals-state': '1', 'airspace-state': 0, 'data': {'action': 'NASXGStransmitting updates onComm1123.45 MHz'}}
INFO:root:1722002336.807535,ID:1011,STAGE:2,SEQUENCE:1342,DATA:{'time': 1722002336.802, 'user-id': '1011', 'source': 'HAI Interface', 'destination-index': '3', 'study-stage': '2', 'decision-state': 0, 'vitals-state': '1', 'airspace-state': 0, 'data': {'page': 'map', 'action': 'hide map'}}
INFO:root:1722002338.300881,ID:1011,STAGE:2,SEQUENCE:1342,DATA:{'time': 1722002338.296, 'user-id': '1011', 'source': 'HAI Interface', 'destination-index': '3', 'study-stage': '2', 'decision-state': 0, 'vitals-state': '1', 'airspace-state': 0, 'data': {'page': 'map', 'action': 'show map'}}
INFO:root:1722002338.303094,ID:1011,STAGE:2,SEQUENCE:1342,DATA:{'time': 1722002338.297, 'user-id': '1011', 'source': 'HAI Interface', 'destination-index': '3', 'study-stage': '2', 'decision-state': 0, 'vitals-state': '1', 'airspace-state': 0, 'data': {'page': 'map', 'action': 'selected helipad', 'value': '21'}}
INFO:root:1722002345.948674,ID:1011,STAGE:2,SEQUENCE:1342,DATA:{'time': 1722002345.944, 'user-id': '1011', 'source': 'HAI Interface', 'destination-index': '3', 'study-stage': '2', 'decision-state': 0, 'vitals-state': '1', 'airspace-state': 0, 'data': {'action': 'receive button pressed'}}
INFO:root:1722002345.950668,ID:1011,STAGE:2,SEQUENCE:1342,DATA:{'time': 1722002345.945, 'user-id': '1011', 'source': 'HAI Interface', 'destination-index': '3', 'study-stage': '2', 'decision-state': 0, 'vitals-state': '1', 'airspace-state': 0, 'data': {'action': 'callsign set to:[object Object]'}}
INFO:root:1722002345.954171,ID:1011,STAGE:2,SEQUENCE:1342,DATA:{'time': 1722002345.945, 'user-id': '1011', 'source': 'HAI Interface', 'destination-index': '3', 'study-stage': '2', 'decision-state': 0, 'vitals-state': '1', 'airspace-state': 0, 'data': {'action': 'radio set to:Comm2'}}
INFO:root:1722002345.957677,ID:1011,STAGE:2,SEQUENCE:1342,DATA:{'time': 1722002345.95, 'user-id': '1011', 'source': 'HAI Interface', 'destination-index': '3', 'study-stage': '2', 'decision-state': 0, 'vitals-state': '1', 'airspace-state': 0, 'data': {'action': 'MEDEVACtransmitting onComm2123.45 MHz'}}
INFO:root:Administer medication radio comm initiated
INFO:root:Administer medication radio comm done- command to clear event  make the receive 0 sent 
INFO:root:1722002412.773432,ID:1011,STAGE:2,SEQUENCE:1342,DATA:{'time': 1722002412.767, 'user-id': '1011', 'source': 'HAI Interface', 'destination-index': '3', 'study-stage': '2', 'decision-state': 0, 'vitals-state': '1', 'airspace-state': 0, 'data': {'action': 'transmit button pressed'}}
INFO:root:1722002412.776937,ID:1011,STAGE:2,SEQUENCE:1342,DATA:{'time': 1722002412.768, 'user-id': '1011', 'source': 'HAI Interface', 'destination-index': '3', 'study-stage': '2', 'decision-state': 0, 'vitals-state': '1', 'airspace-state': 0, 'data': {'action': 'callsign set to: + NASXGS'}}
INFO:root:1722002412.777935,ID:1011,STAGE:2,SEQUENCE:1342,DATA:{'time': 1722002412.768, 'user-id': '1011', 'source': 'HAI Interface', 'destination-index': '3', 'study-stage': '2', 'decision-state': 0, 'vitals-state': '1', 'airspace-state': 0, 'data': {'action': 'radio set to:Comm1'}}
INFO:root:1722002412.782435,ID:1011,STAGE:2,SEQUENCE:1342,DATA:{'time': 1722002412.769, 'user-id': '1011', 'source': 'HAI Interface', 'destination-index': '3', 'study-stage': '2', 'decision-state': 0, 'vitals-state': '1', 'airspace-state': 0, 'data': {'page': 'map', 'action': 'show map'}}
INFO:root:1722002412.786425,ID:1011,STAGE:2,SEQUENCE:1342,DATA:{'time': 1722002412.769, 'user-id': '1011', 'source': 'HAI Interface', 'destination-index': '3', 'study-stage': '2', 'decision-state': 0, 'vitals-state': '1', 'airspace-state': 0, 'data': {'page': 'map', 'action': 'selected helipad', 'value': '21'}}
INFO:root:1722002412.801387,ID:1011,STAGE:2,SEQUENCE:1342,DATA:{'time': 1722002412.775, 'user-id': '1011', 'source': 'HAI Interface', 'destination-index': '3', 'study-stage': '2', 'decision-state': 0, 'vitals-state': '1', 'airspace-state': 0, 'data': {'action': 'NASXGStransmitting updates onComm1123.45 MHz'}}
INFO:root:Administer medication radio comm initiated
INFO:root:1722002428.906223,ID:1011,STAGE:2,SEQUENCE:1342,DATA:{'time': 1722002428.901, 'user-id': '1011', 'source': 'HAI Interface', 'destination-index': '3', 'study-stage': '2', 'decision-state': 0, 'vitals-state': '1', 'airspace-state': 0, 'data': {'page': 'map', 'action': 'hide map'}}
INFO:root:1722002432.505976,ID:1011,STAGE:2,SEQUENCE:1342,DATA:{'time': 1722002432.498, 'user-id': '1011', 'source': 'HAI Interface', 'destination-index': '3', 'study-stage': '2', 'decision-state': 0, 'vitals-state': '1', 'airspace-state': 0, 'data': {'action': 'receive button pressed'}}
INFO:root:1722002432.508967,ID:1011,STAGE:2,SEQUENCE:1342,DATA:{'time': 1722002432.499, 'user-id': '1011', 'source': 'HAI Interface', 'destination-index': '3', 'study-stage': '2', 'decision-state': 0, 'vitals-state': '1', 'airspace-state': 0, 'data': {'action': 'callsign set to:[object Object]'}}
INFO:root:1722002432.512956,ID:1011,STAGE:2,SEQUENCE:1342,DATA:{'time': 1722002432.499, 'user-id': '1011', 'source': 'HAI Interface', 'destination-index': '3', 'study-stage': '2', 'decision-state': 0, 'vitals-state': '1', 'airspace-state': 0, 'data': {'action': 'radio set to:Comm2'}}
INFO:root:1722002432.520472,ID:1011,STAGE:2,SEQUENCE:1342,DATA:{'time': 1722002432.503, 'user-id': '1011', 'source': 'HAI Interface', 'destination-index': '3', 'study-stage': '2', 'decision-state': 0, 'vitals-state': '1', 'airspace-state': 0, 'data': {'action': 'MEDEVACtransmitting onComm2123.45 MHz'}}
INFO:root:Administer medication radio comm done- command to clear event  make the receive 0 sent 
INFO:root:1722002463.815619,ID:1011,STAGE:2,SEQUENCE:1342,DATA:{'time': 1722002463.812, 'user-id': '1011', 'source': 'HAI Interface', 'destination-index': '3', 'study-stage': '2', 'decision-state': 0, 'vitals-state': '1', 'airspace-state': 0, 'data': {'page': 'Inflight', 'action': 'change altitude button pressed'}}
INFO:root:1722002464.928678,ID:1011,STAGE:2,SEQUENCE:1342,DATA:{'time': 1722002464.922, 'user-id': '1011', 'source': 'HAI Interface', 'destination-index': '3', 'study-stage': '2', 'decision-state': 0, 'vitals-state': '1', 'airspace-state': 0, 'data': {'page': 'map', 'action': 'selected helipad', 'value': '21'}}
INFO:root:1722002473.82169,ID:1011,STAGE:2,SEQUENCE:1342,DATA:{'time': 1722002473.818, 'user-id': '1011', 'source': 'HAI Interface', 'destination-index': '3', 'study-stage': '2', 'decision-state': 0, 'vitals-state': '1', 'airspace-state': 0, 'data': {'page': 'change-altitude', 'action': 'altitude changed by participant1100'}}
INFO:root:1722002476.426097,ID:1011,STAGE:2,SEQUENCE:1342,DATA:{'time': 1722002476.419, 'user-id': '1011', 'source': 'HAI Interface', 'destination-index': '3', 'study-stage': '2', 'decision-state': 0, 'vitals-state': '0', 'airspace-state': 0, 'data': {'page': 'map', 'action': 'selected helipad', 'value': '21'}}
INFO:root:1722002478.343473,ID:1011,STAGE:2,SEQUENCE:1342,DATA:{'time': 1722002478.339, 'user-id': '1011', 'source': 'HAI Interface', 'destination-index': '3', 'study-stage': '2', 'decision-state': 0, 'vitals-state': '0', 'airspace-state': 0, 'data': {'action': 'radio panel opened'}}
INFO:root:1722002480.798334,ID:1011,STAGE:2,SEQUENCE:1342,DATA:{'time': 1722002480.784, 'user-id': 'none', 'source': 'HAI Interface', 'destination-index': 3, 'study-stage': -1, 'decision-state': 0, 'vitals-state': 0, 'airspace-state': 0, 'data': {'page': 'checklist', 'action': 'opened page', 'inflight': True}}
INFO:root:1722002481.755405,ID:1011,STAGE:2,SEQUENCE:1342,DATA:{'time': 1722002481.752, 'user-id': '1011', 'source': 'HAI Interface', 'destination-index': '3', 'study-stage': '2', 'decision-state': 0, 'vitals-state': '0', 'airspace-state': 0, 'data': {'page': 'map', 'action': 'selected helipad', 'value': '21'}}
INFO:root:1722002482.443676,ID:1011,STAGE:2,SEQUENCE:1342,DATA:{'time': 1722002482.44, 'user-id': '1011', 'source': 'HAI Interface', 'destination-index': '3', 'study-stage': '2', 'decision-state': 0, 'vitals-state': '0', 'airspace-state': 0, 'data': {'page': 'checklist', 'action': 'toggled checkbox', 'inflight': True, 'item': 0, 'value': 'OFF'}}
INFO:root:1722002486.634241,ID:1011,STAGE:2,SEQUENCE:1342,DATA:{'time': 1722002486.631, 'user-id': '1011', 'source': 'HAI Interface', 'destination-index': '3', 'study-stage': '2', 'decision-state': 0, 'vitals-state': '0', 'airspace-state': 0, 'data': {'page': 'checklist', 'action': 'toggled checkbox', 'inflight': True, 'item': 1, 'value': 'OFF'}}
INFO:root:1722002486.954285,ID:1011,STAGE:2,SEQUENCE:1342,DATA:{'time': 1722002486.952, 'user-id': '1011', 'source': 'HAI Interface', 'destination-index': '3', 'study-stage': '2', 'decision-state': 0, 'vitals-state': '0', 'airspace-state': 0, 'data': {'page': 'checklist', 'action': 'toggled checkbox', 'inflight': True, 'item': 2, 'value': 'OFF'}}
INFO:root:1722002486.955282,ID:1011,STAGE:2,SEQUENCE:1342,DATA:{'time': 1722002486.952, 'user-id': '1011', 'source': 'HAI Interface', 'destination-index': '3', 'study-stage': '2', 'decision-state': 0, 'vitals-state': '0', 'airspace-state': 0, 'data': {'page': 'checklist', 'action': 'showing confirm button', 'inflight': True}}
INFO:root:1722002488.418167,ID:1011,STAGE:2,SEQUENCE:1342,DATA:{'time': 1722002488.414, 'user-id': '1011', 'source': 'HAI Interface', 'destination-index': '3', 'study-stage': '2', 'decision-state': 0, 'vitals-state': '0', 'airspace-state': 0, 'data': {'page': 'checklist', 'action': 'confirm button clicked', 'inflight': True}}
INFO:root:1722002488.754256,ID:1011,STAGE:2,SEQUENCE:1342,DATA:{'time': 1722002488.731, 'user-id': 'none', 'source': 'HAI Interface', 'destination-index': 3, 'study-stage': -1, 'decision-state': 0, 'vitals-state': 0, 'airspace-state': 0, 'data': {'page': 'landing-confirmation', 'action': 'opened page'}}
INFO:root:1722002488.75678,ID:1011,STAGE:2,SEQUENCE:1342,DATA:{'time': 1722002488.732, 'user-id': 'none', 'source': 'HAI Interface', 'destination-index': 3, 'study-stage': -1, 'decision-state': 0, 'vitals-state': 0, 'airspace-state': 0, 'data': {'page': 'landing-confirmation', 'action': 'showing helipad confirm', 'value': 1}}
INFO:root:1722002489.710662,ID:1011,STAGE:2,SEQUENCE:1342,DATA:{'time': 1722002489.706, 'user-id': '1011', 'source': 'HAI Interface', 'destination-index': '3', 'study-stage': '2', 'decision-state': 0, 'vitals-state': '0', 'airspace-state': 0, 'data': {'page': 'map', 'action': 'selected helipad', 'value': '21'}}
INFO:root:1722002492.679131,ID:1011,STAGE:2,SEQUENCE:1342,DATA:{'time': 1722002492.675, 'user-id': '1011', 'source': 'HAI Interface', 'destination-index': '3', 'study-stage': '2', 'decision-state': 0, 'vitals-state': '0', 'airspace-state': 0, 'data': {'page': 'landing-confirmation', 'action': 'checkbox toggle', 'item': 0, 'value': 'ON'}}
INFO:root:1722002493.218617,ID:1011,STAGE:2,SEQUENCE:1342,DATA:{'time': 1722002493.215, 'user-id': '1011', 'source': 'HAI Interface', 'destination-index': '3', 'study-stage': '2', 'decision-state': 0, 'vitals-state': '0', 'airspace-state': 0, 'data': {'page': 'landing-confirmation', 'action': 'checkbox toggle', 'item': 1, 'value': 'ON'}}
INFO:root:1722002493.563718,ID:1011,STAGE:2,SEQUENCE:1342,DATA:{'time': 1722002493.561, 'user-id': '1011', 'source': 'HAI Interface', 'destination-index': '3', 'study-stage': '2', 'decision-state': 0, 'vitals-state': '0', 'airspace-state': 0, 'data': {'page': 'landing-confirmation', 'action': 'confirmed safe to land'}}
INFO:root:1722002493.565859,ID:1011,STAGE:2,SEQUENCE:1342,DATA:{'time': 1722002493.561, 'user-id': '1011', 'source': 'HAI Interface', 'destination-index': '3', 'study-stage': '2', 'decision-state': 0, 'vitals-state': '0', 'airspace-state': 0, 'data': {'page': 'landing-confirmation', 'action': 'showing helipad ready'}}
INFO:root:1722002495.921454,ID:1011,STAGE:2,SEQUENCE:1342,DATA:{'time': 1722002495.917, 'user-id': '1011', 'source': 'HAI Interface', 'destination-index': '3', 'study-stage': '2', 'decision-state': '1', 'vitals-state': '0', 'airspace-state': 0, 'data': {'page': 'landing-confirmation', 'action': 'gave landing confirmation'}}
INFO:root:1722002496.046717,ID:1011,STAGE:2,SEQUENCE:1342,DATA:{'time': 1722002496.028, 'user-id': 'none', 'source': 'HAI Interface', 'destination-index': 3, 'study-stage': -1, 'decision-state': 0, 'vitals-state': 0, 'airspace-state': 0, 'data': {'page': 'landing-countdown', 'action': 'opened page'}}
INFO:root:1722002497.009434,ID:1011,STAGE:2,SEQUENCE:1342,DATA:{'time': 1722002497.005, 'user-id': '1011', 'source': 'HAI Interface', 'destination-index': '3', 'study-stage': '2', 'decision-state': '1', 'vitals-state': '0', 'airspace-state': 0, 'data': {'page': 'map', 'action': 'selected helipad', 'value': '21'}}
INFO:root:1722002497.034647,ID:1011,STAGE:2,SEQUENCE:1342,DATA:{'time': 1722002497.03, 'user-id': '1011', 'source': 'HAI Interface', 'destination-index': '3', 'study-stage': '2', 'decision-state': '1', 'vitals-state': '0', 'airspace-state': 0, 'data': {'page': 'landing-countdown', 'action': 'countdown changed', 'value': 5}}
INFO:root:1722002498.036428,ID:1011,STAGE:2,SEQUENCE:1342,DATA:{'time': 1722002498.029, 'user-id': '1011', 'source': 'HAI Interface', 'destination-index': '3', 'study-stage': '2', 'decision-state': '1', 'vitals-state': '0', 'airspace-state': 0, 'data': {'page': 'landing-countdown', 'action': 'countdown changed', 'value': 4}}
INFO:root:1722002499.034677,ID:1011,STAGE:2,SEQUENCE:1342,DATA:{'time': 1722002499.029, 'user-id': '1011', 'source': 'HAI Interface', 'destination-index': '3', 'study-stage': '2', 'decision-state': '1', 'vitals-state': '0', 'airspace-state': 0, 'data': {'page': 'landing-countdown', 'action': 'countdown changed', 'value': 3}}
INFO:root:1722002500.032878,ID:1011,STAGE:2,SEQUENCE:1342,DATA:{'time': 1722002500.029, 'user-id': '1011', 'source': 'HAI Interface', 'destination-index': '3', 'study-stage': '2', 'decision-state': '1', 'vitals-state': '0', 'airspace-state': 0, 'data': {'page': 'landing-countdown', 'action': 'countdown changed', 'value': 2}}
INFO:root:1722002501.033307,ID:1011,STAGE:2,SEQUENCE:1342,DATA:{'time': 1722002501.029, 'user-id': '1011', 'source': 'HAI Interface', 'destination-index': '3', 'study-stage': '2', 'decision-state': '1', 'vitals-state': '0', 'airspace-state': 0, 'data': {'page': 'landing-countdown', 'action': 'countdown changed', 'value': 1}}
INFO:root:1722002502.035246,ID:1011,STAGE:2,SEQUENCE:1342,DATA:{'time': 1722002502.029, 'user-id': '1011', 'source': 'HAI Interface', 'destination-index': '3', 'study-stage': '2', 'decision-state': '1', 'vitals-state': '0', 'airspace-state': 0, 'data': {'page': 'landing-countdown', 'action': 'countdown changed', 'value': 0}}
INFO:root:1722002503.032667,ID:1011,STAGE:2,SEQUENCE:1342,DATA:{'time': 1722002503.029, 'user-id': '1011', 'source': 'HAI Interface', 'destination-index': '3', 'study-stage': '2', 'decision-state': '1', 'vitals-state': '0', 'airspace-state': 0, 'data': {'page': 'landing-countdown', 'action': 'countdown complete'}}
INFO:root:1722002503.146797,ID:1011,STAGE:2,SEQUENCE:1342,DATA:{'time': 1722002503.132, 'user-id': 'none', 'source': 'HAI Interface', 'destination-index': 3, 'study-stage': -1, 'decision-state': 0, 'vitals-state': 0, 'airspace-state': 0, 'data': {'page': 'landed', 'action': 'opened page'}}
INFO:root:1722002504.10918,ID:1011,STAGE:2,SEQUENCE:1342,DATA:{'time': 1722002504.105, 'user-id': '1011', 'source': 'HAI Interface', 'destination-index': '3', 'study-stage': '2', 'decision-state': '1', 'vitals-state': '0', 'airspace-state': 0, 'data': {'page': 'map', 'action': 'selected helipad', 'value': '21'}}
INFO:SimConnect.SimConnect:SIM Paused
INFO:SimConnect.SimConnect:SIM Paused
INFO:root:1722002739.373271,ID:0,STAGE:1,SEQUENCE:0,DATA:{'time': 1722002739.455, 'source': 'VitalsTask', 'timer': 0.002, 'data': {'sensor': 'Heart Rate', 'action': 'opened sensor tab'}}
INFO:root:1722002739.374916,ID:0,STAGE:1,SEQUENCE:0,DATA:{'time': 1722002739.456, 'source': 'VitalsTask', 'timer': 0.003, 'data': {'sensor': 'Heart Rate', 'action': 'keypad open'}}
INFO:root:1722002739.375914,ID:0,STAGE:1,SEQUENCE:0,DATA:{'time': 1722002739.459, 'source': 'VitalsTask', 'timer': 0.006, 'data': {'sensor': 'Heart Rate', 'action': 'show action buttons'}}
INFO:root:1722002739.816286,ID:0,STAGE:1,SEQUENCE:0,DATA:{'time': 1722002739.803, 'user-id': 'none', 'source': 'HAI Interface', 'destination-index': 3, 'study-stage': -1, 'decision-state': 0, 'vitals-state': 0, 'airspace-state': 0, 'data': {'page': 'index', 'action': 'opened page'}}
INFO:root:1722002740.780199,ID:0,STAGE:1,SEQUENCE:0,DATA:{'time': 1722002740.777, 'user-id': '0', 'source': 'HAI Interface', 'destination-index': 'None', 'study-stage': 1, 'decision-state': 0, 'vitals-state': 0, 'airspace-state': 0, 'data': {'page': 'map', 'action': 'selected helipad', 'value': '21'}}
