INFO:SimConnect.SimConnect:SIM OPEN
INFO:root:1723415559.052097,ID:1020,STAGE:2,SEQUENCE:1432,DATA:{'time': 1723415559.049, 'user-id': '1020', 'source': 'HAI Interface', 'destination-index': 'None', 'study-stage': '2', 'decision-state': 0, 'vitals-state': 0, 'airspace-state': 0, 'data': {'page': 'index', 'action': 'confirm button pressed'}}
INFO:root:1723415559.175121,ID:1020,STAGE:2,SEQUENCE:1432,DATA:{'time': 1723415559.167, 'user-id': 'none', 'source': 'HAI Interface', 'destination-index': 3, 'study-stage': -1, 'decision-state': 0, 'vitals-state': 0, 'airspace-state': 0, 'data': {'page': 'location', 'action': 'opened page'}}
INFO:root:Takeoff radiocomms initiated
INFO:comtypes.client._code_cache:Imported existing <module 'comtypes.gen' from 'C:\\Users\\ae-dagbeyibor3\\AppData\\Local\\Programs\\Python\\Python312\\Lib\\site-packages\\comtypes\\gen\\__init__.py'>
INFO:comtypes.client._code_cache:Using writeable comtypes cache directory: 'C:\Users\ae-dagbeyibor3\AppData\Local\Programs\Python\Python312\Lib\site-packages\comtypes\gen'
INFO:root:1723415560.133229,ID:1020,STAGE:2,SEQUENCE:1432,DATA:{'time': 1723415560.128, 'user-id': '1020', 'source': 'HAI Interface', 'destination-index': 'None', 'study-stage': '2', 'decision-state': 0, 'vitals-state': 0, 'airspace-state': 0, 'data': {'page': 'map', 'action': 'selected helipad', 'value': '21'}}
INFO:root:1723415564.600764,ID:1020,STAGE:2,SEQUENCE:1432,DATA:{'time': 1723415564.595, 'user-id': '1020', 'source': 'HAI Interface', 'destination-index': 'None', 'study-stage': '2', 'decision-state': 0, 'vitals-state': 0, 'airspace-state': 0, 'data': {'action': 'radio panel opened'}}
INFO:root:1723415568.982999,ID:1020,STAGE:2,SEQUENCE:1432,DATA:{'time': 1723415568.974, 'user-id': '1020', 'source': 'HAI Interface', 'destination-index': 'None', 'study-stage': '2', 'decision-state': 0, 'vitals-state': 0, 'airspace-state': 0, 'data': {'action': 'radio panel closed'}}
INFO:root:Takeoff radiocomms clear request sent
INFO:root:1723415580.753607,ID:1020,STAGE:2,SEQUENCE:1432,DATA:{'time': 1723415580.75, 'user-id': '1020', 'source': 'HAI Interface', 'destination-index': 'None', 'study-stage': '2', 'decision-state': 0, 'vitals-state': 0, 'airspace-state': 0, 'data': {'page': 'location', 'action': 'confirm button pressed'}}
INFO:root:1723415580.999911,ID:1020,STAGE:2,SEQUENCE:1432,DATA:{'time': 1723415580.988, 'user-id': 'none', 'source': 'HAI Interface', 'destination-index': 3, 'study-stage': -1, 'decision-state': 0, 'vitals-state': 0, 'airspace-state': 0, 'data': {'page': 'checklist', 'action': 'opened page', 'inflight': False}}
INFO:root:1723415581.966685,ID:1020,STAGE:2,SEQUENCE:1432,DATA:{'time': 1723415581.961, 'user-id': '1020', 'source': 'HAI Interface', 'destination-index': '3', 'study-stage': '2', 'decision-state': 0, 'vitals-state': 0, 'airspace-state': 0, 'data': {'page': 'map', 'action': 'selected helipad', 'value': '21'}}
INFO:root:1723415586.386437,ID:1020,STAGE:2,SEQUENCE:1432,DATA:{'time': 1723415586.382, 'user-id': '1020', 'source': 'HAI Interface', 'destination-index': '3', 'study-stage': '2', 'decision-state': 0, 'vitals-state': 0, 'airspace-state': 0, 'data': {'page': 'checklist', 'action': 'toggled checkbox', 'inflight': False, 'item': 0, 'value': 'OFF'}}
INFO:root:1723415586.898306,ID:1020,STAGE:2,SEQUENCE:1432,DATA:{'time': 1723415586.893, 'user-id': '1020', 'source': 'HAI Interface', 'destination-index': '3', 'study-stage': '2', 'decision-state': 0, 'vitals-state': 0, 'airspace-state': 0, 'data': {'page': 'checklist', 'action': 'toggled checkbox', 'inflight': False, 'item': 1, 'value': 'OFF'}}
INFO:root:1723415587.279929,ID:1020,STAGE:2,SEQUENCE:1432,DATA:{'time': 1723415587.275, 'user-id': '1020', 'source': 'HAI Interface', 'destination-index': '3', 'study-stage': '2', 'decision-state': 0, 'vitals-state': 0, 'airspace-state': 0, 'data': {'page': 'checklist', 'action': 'toggled checkbox', 'inflight': False, 'item': 2, 'value': 'OFF'}}
INFO:root:1723415587.281924,ID:1020,STAGE:2,SEQUENCE:1432,DATA:{'time': 1723415587.275, 'user-id': '1020', 'source': 'HAI Interface', 'destination-index': '3', 'study-stage': '2', 'decision-state': 0, 'vitals-state': 0, 'airspace-state': 0, 'data': {'page': 'checklist', 'action': 'showing confirm button', 'inflight': False}}
INFO:root:1723415588.073066,ID:1020,STAGE:2,SEQUENCE:1432,DATA:{'time': 1723415588.068, 'user-id': '1020', 'source': 'HAI Interface', 'destination-index': '3', 'study-stage': '2', 'decision-state': 0, 'vitals-state': 0, 'airspace-state': 0, 'data': {'page': 'checklist', 'action': 'confirm button clicked', 'inflight': False}}
INFO:root:1723415588.184984,ID:1020,STAGE:2,SEQUENCE:1432,DATA:{'time': 1723415588.177, 'user-id': 'none', 'source': 'HAI Interface', 'destination-index': 3, 'study-stage': -1, 'decision-state': 0, 'vitals-state': 0, 'airspace-state': 0, 'data': {'page': 'countdown', 'action': 'opened page'}}
INFO:root:1723415589.150001,ID:1020,STAGE:2,SEQUENCE:1432,DATA:{'time': 1723415589.145, 'user-id': '1020', 'source': 'HAI Interface', 'destination-index': '3', 'study-stage': '2', 'decision-state': 0, 'vitals-state': 0, 'airspace-state': 0, 'data': {'page': 'map', 'action': 'selected helipad', 'value': '21'}}
INFO:root:1723415589.194175,ID:1020,STAGE:2,SEQUENCE:1432,DATA:{'time': 1723415589.19, 'user-id': '1020', 'source': 'HAI Interface', 'destination-index': '3', 'study-stage': '2', 'decision-state': 0, 'vitals-state': 0, 'airspace-state': 0, 'data': {'page': 'countdown', 'action': 'countdown now 4'}}
INFO:root:1723415590.194085,ID:1020,STAGE:2,SEQUENCE:1432,DATA:{'time': 1723415590.189, 'user-id': '1020', 'source': 'HAI Interface', 'destination-index': '3', 'study-stage': '2', 'decision-state': 0, 'vitals-state': 0, 'airspace-state': 0, 'data': {'page': 'countdown', 'action': 'countdown now 3'}}
INFO:root:1723415591.189452,ID:1020,STAGE:2,SEQUENCE:1432,DATA:{'time': 1723415591.185, 'user-id': '1020', 'source': 'HAI Interface', 'destination-index': '3', 'study-stage': '2', 'decision-state': 0, 'vitals-state': 0, 'airspace-state': 0, 'data': {'page': 'countdown', 'action': 'countdown now 2'}}
INFO:root:1723415592.194445,ID:1020,STAGE:2,SEQUENCE:1432,DATA:{'time': 1723415592.189, 'user-id': '1020', 'source': 'HAI Interface', 'destination-index': '3', 'study-stage': '2', 'decision-state': 0, 'vitals-state': 0, 'airspace-state': 0, 'data': {'page': 'countdown', 'action': 'countdown now 1'}}
INFO:root:1723415593.194269,ID:1020,STAGE:2,SEQUENCE:1432,DATA:{'time': 1723415593.19, 'user-id': '1020', 'source': 'HAI Interface', 'destination-index': '3', 'study-stage': '2', 'decision-state': 0, 'vitals-state': 0, 'airspace-state': 0, 'data': {'page': 'countdown', 'action': 'countdown now 0'}}
INFO:root:1723415594.188923,ID:1020,STAGE:2,SEQUENCE:1432,DATA:{'time': 1723415594.185, 'user-id': '1020', 'source': 'HAI Interface', 'destination-index': '3', 'study-stage': '2', 'decision-state': 0, 'vitals-state': 0, 'airspace-state': 0, 'data': {'page': 'countdown', 'action': 'countdown complete'}}
INFO:root:1723415596.156536,ID:1020,STAGE:2,SEQUENCE:1432,DATA:{'time': 1723415596.15, 'user-id': '1020', 'source': 'HAI Interface', 'destination-index': '3', 'study-stage': '2', 'decision-state': 0, 'vitals-state': 0, 'airspace-state': 0, 'data': {'page': 'map', 'action': 'selected helipad', 'value': '21'}}
INFO:root:1723415598.792137,ID:1020,STAGE:2,SEQUENCE:1432,DATA:{'time': 1723415598.786, 'user-id': '1020', 'source': 'HAI Interface', 'destination-index': '3', 'study-stage': '2', 'decision-state': 0, 'vitals-state': 0, 'airspace-state': 0, 'data': {'page': 'map', 'action': 'show map'}}
INFO:root:1723415598.793989,ID:1020,STAGE:2,SEQUENCE:1432,DATA:{'time': 1723415598.786, 'user-id': '1020', 'source': 'HAI Interface', 'destination-index': '3', 'study-stage': '2', 'decision-state': 0, 'vitals-state': 0, 'airspace-state': 0, 'data': {'page': 'map', 'action': 'selected helipad', 'value': '21'}}
INFO:root:1723415600.104793,ID:1020,STAGE:2,SEQUENCE:1432,DATA:{'time': 1723415600.1, 'user-id': '1020', 'source': 'HAI Interface', 'destination-index': '3', 'study-stage': '2', 'decision-state': 0, 'vitals-state': 0, 'airspace-state': 0, 'data': {'action': 'radio panel opened'}}
INFO:root:Inflight Radio Update asked
INFO:root:sent request to set radio update complete
INFO:root:1723415606.621584,ID:1020,STAGE:2,SEQUENCE:1432,DATA:{'time': 1723415606.612, 'user-id': '1020', 'source': 'HAI Interface', 'destination-index': '3', 'study-stage': '2', 'decision-state': 0, 'vitals-state': 0, 'airspace-state': 0, 'data': {'action': 'transmit button pressed'}}
INFO:root:1723415606.622581,ID:1020,STAGE:2,SEQUENCE:1432,DATA:{'time': 1723415606.613, 'user-id': '1020', 'source': 'HAI Interface', 'destination-index': '3', 'study-stage': '2', 'decision-state': 0, 'vitals-state': 0, 'airspace-state': 0, 'data': {'page': 'map', 'action': 'show map'}}
INFO:root:1723415606.623579,ID:1020,STAGE:2,SEQUENCE:1432,DATA:{'time': 1723415606.613, 'user-id': '1020', 'source': 'HAI Interface', 'destination-index': '3', 'study-stage': '2', 'decision-state': 0, 'vitals-state': 0, 'airspace-state': 0, 'data': {'action': 'radio set to:Comm1'}}
INFO:root:1723415606.624576,ID:1020,STAGE:2,SEQUENCE:1432,DATA:{'time': 1723415606.612, 'user-id': '1020', 'source': 'HAI Interface', 'destination-index': '3', 'study-stage': '2', 'decision-state': 0, 'vitals-state': 0, 'airspace-state': 0, 'data': {'action': 'callsign set to: + NASXGS'}}
INFO:root:1723415606.63455,ID:1020,STAGE:2,SEQUENCE:1432,DATA:{'time': 1723415606.613, 'user-id': '1020', 'source': 'HAI Interface', 'destination-index': '3', 'study-stage': '2', 'decision-state': 0, 'vitals-state': 0, 'airspace-state': 0, 'data': {'page': 'map', 'action': 'selected helipad', 'value': '21'}}
INFO:root:1723415606.63754,ID:1020,STAGE:2,SEQUENCE:1432,DATA:{'time': 1723415606.617, 'user-id': '1020', 'source': 'HAI Interface', 'destination-index': '3', 'study-stage': '2', 'decision-state': 0, 'vitals-state': 0, 'airspace-state': 0, 'data': {'action': 'NASXGStransmitting updates onComm1123.45 MHz'}}
INFO:root:1723415618.817929,ID:1020,STAGE:2,SEQUENCE:1432,DATA:{'time': 1723415618.813, 'user-id': '1020', 'source': 'HAI Interface', 'destination-index': '3', 'study-stage': '2', 'decision-state': 0, 'vitals-state': 0, 'airspace-state': 0, 'data': {'page': 'map', 'action': 'hide map'}}
INFO:root:1723415619.371323,ID:1020,STAGE:2,SEQUENCE:1432,DATA:{'time': 1723415619.367, 'user-id': '1020', 'source': 'HAI Interface', 'destination-index': '3', 'study-stage': '2', 'decision-state': 0, 'vitals-state': 0, 'airspace-state': 0, 'data': {'action': 'radio panel closed'}}
INFO:root:1723415620.947591,ID:1020,STAGE:2,SEQUENCE:1432,DATA:{'time': 1723415620.943, 'user-id': '1020', 'source': 'HAI Interface', 'destination-index': '3', 'study-stage': '2', 'decision-state': 0, 'vitals-state': 0, 'airspace-state': 0, 'data': {'page': 'map', 'action': 'show map'}}
INFO:root:1723415620.949584,ID:1020,STAGE:2,SEQUENCE:1432,DATA:{'time': 1723415620.943, 'user-id': '1020', 'source': 'HAI Interface', 'destination-index': '3', 'study-stage': '2', 'decision-state': 0, 'vitals-state': 0, 'airspace-state': 0, 'data': {'page': 'map', 'action': 'selected helipad', 'value': '21'}}
INFO:root:1723415649.499671,ID:1020,STAGE:2,SEQUENCE:1432,DATA:{'time': 1723415649.494, 'user-id': '1020', 'source': 'HAI Interface', 'destination-index': '3', 'study-stage': '2', 'decision-state': 0, 'vitals-state': 0, 'airspace-state': 0, 'data': {'page': 'inflight', 'action': 'displaying vitals prompt'}}
INFO:root:1723415655.519046,ID:1020,STAGE:2,SEQUENCE:1432,DATA:{'time': 1723415655.513, 'source': 'VitalsTask', 'timer': 134.62, 'data': {'sensor': 'Heart Rate', 'action': 'capture', 'data': 'action button pressed'}}
INFO:root:1723415655.523531,ID:1020,STAGE:2,SEQUENCE:1432,DATA:{'time': 1723415655.514, 'source': 'VitalsTask', 'timer': 134.621, 'data': {'sensor': 'Heart Rate', 'action': 'capture', 'data': 'starting sensor action'}}
INFO:root:1723415656.539313,ID:1020,STAGE:2,SEQUENCE:1432,DATA:{'time': 1723415656.533, 'source': 'VitalsTask', 'timer': 135.64, 'data': {'sensor': 'Heart Rate', 'action': 'capture', 'data': 'sensor action complete'}}
INFO:root:1723415656.543975,ID:1020,STAGE:2,SEQUENCE:1432,DATA:{'time': 1723415656.533, 'source': 'VitalsTask', 'timer': 135.64, 'data': {'sensor': 'Heart Rate', 'action': 'keypad open'}}
INFO:root:1723415657.054864,ID:1020,STAGE:2,SEQUENCE:1432,DATA:{'time': 1723415657.048, 'source': 'VitalsTask', 'timer': 136.155, 'data': {'sensor': 'Heart Rate', 'action': 'keypad press', 'key': 5, 'value': 5}}
INFO:root:1723415657.28718,ID:1020,STAGE:2,SEQUENCE:1432,DATA:{'time': 1723415657.28, 'source': 'VitalsTask', 'timer': 136.387, 'data': {'sensor': 'Heart Rate', 'action': 'keypad press', 'key': 5, 'value': 55}}
INFO:root:1723415658.056037,ID:1020,STAGE:2,SEQUENCE:1432,DATA:{'time': 1723415658.05, 'source': 'VitalsTask', 'timer': 137.157, 'data': {'sensor': 'Heart Rate', 'action': 'show action buttons'}}
INFO:root:1723415658.058035,ID:1020,STAGE:2,SEQUENCE:1432,DATA:{'time': 1723415658.05, 'source': 'VitalsTask', 'timer': 137.157, 'data': {'sensor': 'Heart Rate', 'action': 'keypad press', 'key': 10, 'value': 55}}
INFO:root:1723415659.114403,ID:1020,STAGE:2,SEQUENCE:1432,DATA:{'time': 1723415659.108, 'source': 'VitalsTask', 'timer': 138.215, 'data': {'sensor': 'Heart Rate', 'action': 'log', 'data': 'action button pressed'}}
INFO:root:1723415659.117394,ID:1020,STAGE:2,SEQUENCE:1432,DATA:{'time': 1723415659.108, 'source': 'VitalsTask', 'timer': 138.215, 'data': {'sensor': 'Heart Rate', 'action': 'log', 'data': 'starting sensor action'}}
INFO:root:1723415660.124533,ID:1020,STAGE:2,SEQUENCE:1432,DATA:{'time': 1723415660.118, 'source': 'VitalsTask', 'timer': 139.225, 'data': {'sensor': 'Heart Rate', 'action': 'log', 'data': 'sensor action complete'}}
INFO:root:1723415660.610244,ID:1020,STAGE:2,SEQUENCE:1432,DATA:{'time': 1723415660.578, 'source': 'VitalsTask', 'timer': 139.685, 'data': {'sensor': 'Heart Rate', 'action': 'save', 'data': 'action button pressed'}}
INFO:root:1723415660.616741,ID:1020,STAGE:2,SEQUENCE:1432,DATA:{'time': 1723415660.578, 'source': 'VitalsTask', 'timer': 139.685, 'data': {'sensor': 'Heart Rate', 'action': 'save', 'data': 'starting sensor action'}}
INFO:root:1723415661.605799,ID:1020,STAGE:2,SEQUENCE:1432,DATA:{'time': 1723415661.598, 'source': 'VitalsTask', 'timer': 140.705, 'data': {'sensor': 'Heart Rate', 'action': 'save', 'data': 'sensor action complete'}}
INFO:root:1723415662.74363,ID:1020,STAGE:2,SEQUENCE:1432,DATA:{'time': 1723415662.734, 'source': 'VitalsTask', 'timer': 141.841, 'data': {'sensor': 'O\u2082 Saturation', 'action': 'opened sensor tab'}}
INFO:root:1723415663.83223,ID:1020,STAGE:2,SEQUENCE:1432,DATA:{'time': 1723415663.827, 'source': 'VitalsTask', 'timer': 142.934, 'data': {'sensor': 'O\u2082 Saturation', 'action': 'capture', 'data': 'action button pressed'}}
INFO:root:1723415663.834648,ID:1020,STAGE:2,SEQUENCE:1432,DATA:{'time': 1723415663.827, 'source': 'VitalsTask', 'timer': 142.934, 'data': {'sensor': 'O\u2082 Saturation', 'action': 'capture', 'data': 'starting sensor action'}}
INFO:root:1723415664.849528,ID:1020,STAGE:2,SEQUENCE:1432,DATA:{'time': 1723415664.842, 'source': 'VitalsTask', 'timer': 143.949, 'data': {'sensor': 'O\u2082 Saturation', 'action': 'capture', 'data': 'sensor action complete'}}
INFO:root:1723415664.851529,ID:1020,STAGE:2,SEQUENCE:1432,DATA:{'time': 1723415664.842, 'source': 'VitalsTask', 'timer': 143.949, 'data': {'sensor': 'O\u2082 Saturation', 'action': 'keypad open'}}
INFO:root:1723415665.354386,ID:1020,STAGE:2,SEQUENCE:1432,DATA:{'time': 1723415665.349, 'source': 'VitalsTask', 'timer': 144.456, 'data': {'sensor': 'O\u2082 Saturation', 'action': 'keypad press', 'key': 1, 'value': 1}}
INFO:root:1723415666.10954,ID:1020,STAGE:2,SEQUENCE:1432,DATA:{'time': 1723415666.104, 'source': 'VitalsTask', 'timer': 145.211, 'data': {'sensor': 'O\u2082 Saturation', 'action': 'keypad press', 'key': 11, 'value': 10}}
INFO:root:1723415666.38297,ID:1020,STAGE:2,SEQUENCE:1432,DATA:{'time': 1723415666.374, 'source': 'VitalsTask', 'timer': 145.481, 'data': {'sensor': 'O\u2082 Saturation', 'action': 'keypad press', 'key': 11, 'value': 100}}
INFO:root:1723415667.047953,ID:1020,STAGE:2,SEQUENCE:1432,DATA:{'time': 1723415667.041, 'source': 'VitalsTask', 'timer': 146.148, 'data': {'sensor': 'O\u2082 Saturation', 'action': 'show action buttons'}}
INFO:root:1723415667.049952,ID:1020,STAGE:2,SEQUENCE:1432,DATA:{'time': 1723415667.042, 'source': 'VitalsTask', 'timer': 146.149, 'data': {'sensor': 'O\u2082 Saturation', 'action': 'keypad press', 'key': 10, 'value': 100}}
INFO:root:1723415668.018296,ID:1020,STAGE:2,SEQUENCE:1432,DATA:{'time': 1723415668.012, 'source': 'VitalsTask', 'timer': 147.119, 'data': {'sensor': 'O\u2082 Saturation', 'action': 'log', 'data': 'action button pressed'}}
INFO:root:1723415668.020543,ID:1020,STAGE:2,SEQUENCE:1432,DATA:{'time': 1723415668.012, 'source': 'VitalsTask', 'timer': 147.119, 'data': {'sensor': 'O\u2082 Saturation', 'action': 'log', 'data': 'starting sensor action'}}
INFO:root:1723415669.03111,ID:1020,STAGE:2,SEQUENCE:1432,DATA:{'time': 1723415669.024, 'source': 'VitalsTask', 'timer': 148.131, 'data': {'sensor': 'O\u2082 Saturation', 'action': 'log', 'data': 'sensor action complete'}}
INFO:root:1723415669.649072,ID:1020,STAGE:2,SEQUENCE:1432,DATA:{'time': 1723415669.642, 'source': 'VitalsTask', 'timer': 148.749, 'data': {'sensor': 'O\u2082 Saturation', 'action': 'save', 'data': 'action button pressed'}}
INFO:root:1723415669.651595,ID:1020,STAGE:2,SEQUENCE:1432,DATA:{'time': 1723415669.642, 'source': 'VitalsTask', 'timer': 148.749, 'data': {'sensor': 'O\u2082 Saturation', 'action': 'save', 'data': 'starting sensor action'}}
INFO:root:1723415670.663883,ID:1020,STAGE:2,SEQUENCE:1432,DATA:{'time': 1723415670.657, 'source': 'VitalsTask', 'timer': 149.764, 'data': {'sensor': 'O\u2082 Saturation', 'action': 'save', 'data': 'sensor action complete'}}
INFO:root:1723415671.157683,ID:1020,STAGE:2,SEQUENCE:1432,DATA:{'time': 1723415671.151, 'source': 'VitalsTask', 'timer': 150.258, 'data': {'sensor': 'Blood Pressure', 'action': 'opened sensor tab'}}
INFO:root:1723415672.075814,ID:1020,STAGE:2,SEQUENCE:1432,DATA:{'time': 1723415672.07, 'source': 'VitalsTask', 'timer': 151.177, 'data': {'sensor': 'Blood Pressure', 'action': 'capture', 'data': 'action button pressed'}}
INFO:root:1723415672.077725,ID:1020,STAGE:2,SEQUENCE:1432,DATA:{'time': 1723415672.07, 'source': 'VitalsTask', 'timer': 151.177, 'data': {'sensor': 'Blood Pressure', 'action': 'capture', 'data': 'starting sensor action'}}
INFO:root:1723415673.096098,ID:1020,STAGE:2,SEQUENCE:1432,DATA:{'time': 1723415673.089, 'source': 'VitalsTask', 'timer': 152.196, 'data': {'sensor': 'Blood Pressure', 'action': 'capture', 'data': 'sensor action complete'}}
INFO:root:1723415673.100095,ID:1020,STAGE:2,SEQUENCE:1432,DATA:{'time': 1723415673.09, 'source': 'VitalsTask', 'timer': 152.197, 'data': {'sensor': 'Blood Pressure', 'action': 'keypad open'}}
INFO:root:1723415673.648284,ID:1020,STAGE:2,SEQUENCE:1432,DATA:{'time': 1723415673.64, 'source': 'VitalsTask', 'timer': 152.747, 'data': {'sensor': 'Blood Pressure', 'action': 'keypad press', 'key': 1, 'value': 1}}
INFO:root:1723415674.388245,ID:1020,STAGE:2,SEQUENCE:1432,DATA:{'time': 1723415674.381, 'source': 'VitalsTask', 'timer': 153.488, 'data': {'sensor': 'Blood Pressure', 'action': 'keypad press', 'key': 2, 'value': 12}}
INFO:root:1723415675.172606,ID:1020,STAGE:2,SEQUENCE:1432,DATA:{'time': 1723415675.162, 'source': 'VitalsTask', 'timer': 154.269, 'data': {'sensor': 'Blood Pressure', 'action': 'keypad press', 'key': 11, 'value': 120}}
INFO:root:1723415675.831144,ID:1020,STAGE:2,SEQUENCE:1432,DATA:{'time': 1723415675.821, 'source': 'VitalsTask', 'timer': 154.928, 'data': {'sensor': 'Blood Pressure', 'action': 'keypad press', 'key': 8, 'value': 1208}}
INFO:root:1723415676.407873,ID:1020,STAGE:2,SEQUENCE:1432,DATA:{'time': 1723415676.402, 'source': 'VitalsTask', 'timer': 155.509, 'data': {'sensor': 'Blood Pressure', 'action': 'keypad press', 'key': 11, 'value': 12080}}
INFO:root:1723415677.127062,ID:1020,STAGE:2,SEQUENCE:1432,DATA:{'time': 1723415677.12, 'source': 'VitalsTask', 'timer': 156.227, 'data': {'sensor': 'Blood Pressure', 'action': 'show action buttons'}}
INFO:root:1723415677.134595,ID:1020,STAGE:2,SEQUENCE:1432,DATA:{'time': 1723415677.121, 'source': 'VitalsTask', 'timer': 156.228, 'data': {'sensor': 'Blood Pressure', 'action': 'keypad press', 'key': 10, 'value': 12080}}
INFO:root:1723415677.986252,ID:1020,STAGE:2,SEQUENCE:1432,DATA:{'time': 1723415677.978, 'source': 'VitalsTask', 'timer': 157.085, 'data': {'sensor': 'Blood Pressure', 'action': 'log', 'data': 'action button pressed'}}
INFO:root:1723415677.988227,ID:1020,STAGE:2,SEQUENCE:1432,DATA:{'time': 1723415677.978, 'source': 'VitalsTask', 'timer': 157.085, 'data': {'sensor': 'Blood Pressure', 'action': 'log', 'data': 'starting sensor action'}}
INFO:root:1723415678.995258,ID:1020,STAGE:2,SEQUENCE:1432,DATA:{'time': 1723415678.99, 'source': 'VitalsTask', 'timer': 158.097, 'data': {'sensor': 'Blood Pressure', 'action': 'log', 'data': 'sensor action complete'}}
INFO:root:1723415679.482439,ID:1020,STAGE:2,SEQUENCE:1432,DATA:{'time': 1723415679.474, 'source': 'VitalsTask', 'timer': 158.581, 'data': {'sensor': 'Blood Pressure', 'action': 'save', 'data': 'action button pressed'}}
INFO:root:1723415679.484436,ID:1020,STAGE:2,SEQUENCE:1432,DATA:{'time': 1723415679.474, 'source': 'VitalsTask', 'timer': 158.581, 'data': {'sensor': 'Blood Pressure', 'action': 'save', 'data': 'starting sensor action'}}
INFO:root:1723415680.504594,ID:1020,STAGE:2,SEQUENCE:1432,DATA:{'time': 1723415680.491, 'source': 'VitalsTask', 'timer': 159.598, 'data': {'sensor': 'Blood Pressure', 'action': 'save', 'data': 'sensor action complete'}}
INFO:root:1723415681.817771,ID:1020,STAGE:2,SEQUENCE:1432,DATA:{'time': 1723415681.812, 'source': 'VitalsTask', 'timer': 160.919, 'data': {'sensor': 'submit', 'action': 'submit'}}
INFO:root:1723415681.818774,ID:1020,STAGE:2,SEQUENCE:1432,DATA:{'time': 1723415681.812, 'source': 'VitalsTask', 'timer': 160.919, 'data': {'sensor': 'submit', 'action': 'submit', 'data': 'submit succeeded'}}
INFO:root:1723415683.799195,ID:1020,STAGE:2,SEQUENCE:1432,DATA:{'time': 1723415683.793, 'user-id': '1020', 'source': 'HAI Interface', 'destination-index': '3', 'study-stage': '2', 'decision-state': 0, 'vitals-state': 0, 'airspace-state': 0, 'data': {'page': 'inflight', 'action': 'user acknowledged vitals prompt'}}
INFO:root:1723415699.007794,ID:1020,STAGE:2,SEQUENCE:1432,DATA:{'time': 1723415699.003, 'user-id': '1020', 'source': 'HAI Interface', 'destination-index': '3', 'study-stage': '2', 'decision-state': 0, 'vitals-state': 0, 'airspace-state': 0, 'data': {'action': 'radio panel opened'}}
INFO:root:Inflight Radio Update asked
INFO:root:sent request to set radio update complete
INFO:root:1723415703.972756,ID:1020,STAGE:2,SEQUENCE:1432,DATA:{'time': 1723415703.967, 'user-id': '1020', 'source': 'HAI Interface', 'destination-index': '3', 'study-stage': '2', 'decision-state': 0, 'vitals-state': 0, 'airspace-state': 0, 'data': {'action': 'transmit button pressed'}}
INFO:root:1723415703.982662,ID:1020,STAGE:2,SEQUENCE:1432,DATA:{'time': 1723415703.968, 'user-id': '1020', 'source': 'HAI Interface', 'destination-index': '3', 'study-stage': '2', 'decision-state': 0, 'vitals-state': 0, 'airspace-state': 0, 'data': {'action': 'callsign set to: + NASXGS'}}
INFO:root:1723415703.990669,ID:1020,STAGE:2,SEQUENCE:1432,DATA:{'time': 1723415703.968, 'user-id': '1020', 'source': 'HAI Interface', 'destination-index': '3', 'study-stage': '2', 'decision-state': 0, 'vitals-state': 0, 'airspace-state': 0, 'data': {'action': 'radio set to:Comm1'}}
INFO:root:1723415703.996658,ID:1020,STAGE:2,SEQUENCE:1432,DATA:{'time': 1723415703.969, 'user-id': '1020', 'source': 'HAI Interface', 'destination-index': '3', 'study-stage': '2', 'decision-state': 0, 'vitals-state': 0, 'airspace-state': 0, 'data': {'page': 'map', 'action': 'selected helipad', 'value': '21'}}
INFO:root:1723415704.001047,ID:1020,STAGE:2,SEQUENCE:1432,DATA:{'time': 1723415703.968, 'user-id': '1020', 'source': 'HAI Interface', 'destination-index': '3', 'study-stage': '2', 'decision-state': 0, 'vitals-state': 0, 'airspace-state': 0, 'data': {'page': 'map', 'action': 'show map'}}
INFO:root:1723415704.003641,ID:1020,STAGE:2,SEQUENCE:1432,DATA:{'time': 1723415703.973, 'user-id': '1020', 'source': 'HAI Interface', 'destination-index': '3', 'study-stage': '2', 'decision-state': 0, 'vitals-state': 0, 'airspace-state': 0, 'data': {'action': 'NASXGStransmitting updates onComm1123.45 MHz'}}
INFO:root:1723415715.562059,ID:1020,STAGE:2,SEQUENCE:1432,DATA:{'time': 1723415715.556, 'user-id': '1020', 'source': 'HAI Interface', 'destination-index': '3', 'study-stage': '2', 'decision-state': 0, 'vitals-state': 0, 'airspace-state': 0, 'data': {'page': 'map', 'action': 'hide map'}}
INFO:root:1723415716.298188,ID:1020,STAGE:2,SEQUENCE:1432,DATA:{'time': 1723415716.291, 'user-id': '1020', 'source': 'HAI Interface', 'destination-index': '3', 'study-stage': '2', 'decision-state': 0, 'vitals-state': 0, 'airspace-state': 0, 'data': {'action': 'radio panel closed'}}
INFO:root:1723415717.269165,ID:1020,STAGE:2,SEQUENCE:1432,DATA:{'time': 1723415717.265, 'user-id': '1020', 'source': 'HAI Interface', 'destination-index': '3', 'study-stage': '2', 'decision-state': 0, 'vitals-state': 0, 'airspace-state': 0, 'data': {'page': 'map', 'action': 'show map'}}
INFO:root:1723415717.272157,ID:1020,STAGE:2,SEQUENCE:1432,DATA:{'time': 1723415717.265, 'user-id': '1020', 'source': 'HAI Interface', 'destination-index': '3', 'study-stage': '2', 'decision-state': 0, 'vitals-state': 0, 'airspace-state': 0, 'data': {'page': 'map', 'action': 'selected helipad', 'value': '21'}}
INFO:root:1723415729.305372,ID:1020,STAGE:2,SEQUENCE:1432,DATA:{'time': 1723415729.3, 'user-id': '1020', 'source': 'HAI Interface', 'destination-index': '3', 'study-stage': '2', 'decision-state': 0, 'vitals-state': 0, 'airspace-state': 0, 'data': {'page': 'map', 'action': 'selected helipad', 'value': '3'}}
INFO:root:1723415747.848022,ID:1020,STAGE:2,SEQUENCE:1432,DATA:{'time': 1723415747.843, 'user-id': '1020', 'source': 'HAI Interface', 'destination-index': '3', 'study-stage': '2', 'decision-state': 0, 'vitals-state': 0, 'airspace-state': 0, 'data': {'page': 'inflight', 'action': 'displaying vitals prompt'}}
INFO:root:1723415751.578841,ID:1020,STAGE:2,SEQUENCE:1432,DATA:{'time': 1723415751.571, 'source': 'VitalsTask', 'timer': 69.758, 'data': {'sensor': 'Blood Pressure', 'action': 'capture', 'data': 'action button pressed'}}
INFO:root:1723415751.581841,ID:1020,STAGE:2,SEQUENCE:1432,DATA:{'time': 1723415751.572, 'source': 'VitalsTask', 'timer': 69.759, 'data': {'sensor': 'Blood Pressure', 'action': 'capture', 'data': 'starting sensor action'}}
INFO:root:1723415752.591764,ID:1020,STAGE:2,SEQUENCE:1432,DATA:{'time': 1723415752.582, 'source': 'VitalsTask', 'timer': 70.769, 'data': {'sensor': 'Blood Pressure', 'action': 'capture', 'data': 'sensor action complete'}}
INFO:root:1723415752.593759,ID:1020,STAGE:2,SEQUENCE:1432,DATA:{'time': 1723415752.583, 'source': 'VitalsTask', 'timer': 70.77, 'data': {'sensor': 'Blood Pressure', 'action': 'keypad open'}}
INFO:root:1723415753.65586,ID:1020,STAGE:2,SEQUENCE:1432,DATA:{'time': 1723415753.65, 'source': 'VitalsTask', 'timer': 71.837, 'data': {'sensor': 'Blood Pressure', 'action': 'keypad press', 'key': 1, 'value': 1}}
INFO:root:1723415754.166115,ID:1020,STAGE:2,SEQUENCE:1432,DATA:{'time': 1723415754.157, 'source': 'VitalsTask', 'timer': 72.344, 'data': {'sensor': 'Blood Pressure', 'action': 'keypad press', 'key': 2, 'value': 12}}
INFO:root:1723415754.907371,ID:1020,STAGE:2,SEQUENCE:1432,DATA:{'time': 1723415754.901, 'source': 'VitalsTask', 'timer': 73.088, 'data': {'sensor': 'Blood Pressure', 'action': 'keypad press', 'key': 11, 'value': 120}}
INFO:root:1723415755.649859,ID:1020,STAGE:2,SEQUENCE:1432,DATA:{'time': 1723415755.64, 'source': 'VitalsTask', 'timer': 73.827, 'data': {'sensor': 'Blood Pressure', 'action': 'keypad press', 'key': 8, 'value': 1208}}
INFO:root:1723415756.283667,ID:1020,STAGE:2,SEQUENCE:1432,DATA:{'time': 1723415756.278, 'source': 'VitalsTask', 'timer': 74.465, 'data': {'sensor': 'Blood Pressure', 'action': 'keypad press', 'key': 11, 'value': 12080}}
INFO:root:1723415757.259053,ID:1020,STAGE:2,SEQUENCE:1432,DATA:{'time': 1723415757.251, 'source': 'VitalsTask', 'timer': 75.438, 'data': {'sensor': 'Blood Pressure', 'action': 'show action buttons'}}
INFO:root:1723415757.261693,ID:1020,STAGE:2,SEQUENCE:1432,DATA:{'time': 1723415757.252, 'source': 'VitalsTask', 'timer': 75.439, 'data': {'sensor': 'Blood Pressure', 'action': 'keypad press', 'key': 10, 'value': 12080}}
INFO:root:1723415758.345839,ID:1020,STAGE:2,SEQUENCE:1432,DATA:{'time': 1723415758.337, 'source': 'VitalsTask', 'timer': 76.524, 'data': {'sensor': 'Blood Pressure', 'action': 'log', 'data': 'action button pressed'}}
INFO:root:1723415758.351887,ID:1020,STAGE:2,SEQUENCE:1432,DATA:{'time': 1723415758.338, 'source': 'VitalsTask', 'timer': 76.525, 'data': {'sensor': 'Blood Pressure', 'action': 'log', 'data': 'starting sensor action'}}
INFO:root:1723415759.358863,ID:1020,STAGE:2,SEQUENCE:1432,DATA:{'time': 1723415759.352, 'source': 'VitalsTask', 'timer': 77.539, 'data': {'sensor': 'Blood Pressure', 'action': 'log', 'data': 'sensor action complete'}}
INFO:root:1723415759.775032,ID:1020,STAGE:2,SEQUENCE:1432,DATA:{'time': 1723415759.766, 'source': 'VitalsTask', 'timer': 77.953, 'data': {'sensor': 'Blood Pressure', 'action': 'save', 'data': 'action button pressed'}}
INFO:root:1723415759.777031,ID:1020,STAGE:2,SEQUENCE:1432,DATA:{'time': 1723415759.766, 'source': 'VitalsTask', 'timer': 77.953, 'data': {'sensor': 'Blood Pressure', 'action': 'save', 'data': 'starting sensor action'}}
INFO:root:1723415760.78914,ID:1020,STAGE:2,SEQUENCE:1432,DATA:{'time': 1723415760.776, 'source': 'VitalsTask', 'timer': 78.963, 'data': {'sensor': 'Blood Pressure', 'action': 'save', 'data': 'sensor action complete'}}
INFO:root:1723415762.494891,ID:1020,STAGE:2,SEQUENCE:1432,DATA:{'time': 1723415762.487, 'source': 'VitalsTask', 'timer': 80.674, 'data': {'sensor': 'O\u2082 Saturation', 'action': 'opened sensor tab'}}
INFO:root:1723415763.286021,ID:1020,STAGE:2,SEQUENCE:1432,DATA:{'time': 1723415763.279, 'source': 'VitalsTask', 'timer': 81.466, 'data': {'sensor': 'O\u2082 Saturation', 'action': 'capture', 'data': 'action button pressed'}}
INFO:root:1723415763.290042,ID:1020,STAGE:2,SEQUENCE:1432,DATA:{'time': 1723415763.279, 'source': 'VitalsTask', 'timer': 81.466, 'data': {'sensor': 'O\u2082 Saturation', 'action': 'capture', 'data': 'starting sensor action'}}
INFO:root:1723415764.300641,ID:1020,STAGE:2,SEQUENCE:1432,DATA:{'time': 1723415764.295, 'source': 'VitalsTask', 'timer': 82.482, 'data': {'sensor': 'O\u2082 Saturation', 'action': 'capture', 'data': 'sensor action complete'}}
INFO:root:1723415764.30264,ID:1020,STAGE:2,SEQUENCE:1432,DATA:{'time': 1723415764.295, 'source': 'VitalsTask', 'timer': 82.482, 'data': {'sensor': 'O\u2082 Saturation', 'action': 'keypad open'}}
INFO:root:1723415764.862118,ID:1020,STAGE:2,SEQUENCE:1432,DATA:{'time': 1723415764.855, 'source': 'VitalsTask', 'timer': 83.042, 'data': {'sensor': 'O\u2082 Saturation', 'action': 'keypad press', 'key': 1, 'value': 1}}
INFO:root:1723415765.790271,ID:1020,STAGE:2,SEQUENCE:1432,DATA:{'time': 1723415765.783, 'source': 'VitalsTask', 'timer': 83.97, 'data': {'sensor': 'O\u2082 Saturation', 'action': 'keypad press', 'key': 11, 'value': 10}}
INFO:root:1723415766.060876,ID:1020,STAGE:2,SEQUENCE:1432,DATA:{'time': 1723415766.054, 'source': 'VitalsTask', 'timer': 84.241, 'data': {'sensor': 'O\u2082 Saturation', 'action': 'keypad press', 'key': 11, 'value': 100}}
INFO:root:1723415766.778066,ID:1020,STAGE:2,SEQUENCE:1432,DATA:{'time': 1723415766.771, 'source': 'VitalsTask', 'timer': 84.958, 'data': {'sensor': 'O\u2082 Saturation', 'action': 'show action buttons'}}
INFO:root:1723415766.780575,ID:1020,STAGE:2,SEQUENCE:1432,DATA:{'time': 1723415766.771, 'source': 'VitalsTask', 'timer': 84.958, 'data': {'sensor': 'O\u2082 Saturation', 'action': 'keypad press', 'key': 10, 'value': 100}}
INFO:root:1723415767.617864,ID:1020,STAGE:2,SEQUENCE:1432,DATA:{'time': 1723415767.611, 'source': 'VitalsTask', 'timer': 85.798, 'data': {'sensor': 'O\u2082 Saturation', 'action': 'log', 'data': 'action button pressed'}}
INFO:root:1723415767.619911,ID:1020,STAGE:2,SEQUENCE:1432,DATA:{'time': 1723415767.612, 'source': 'VitalsTask', 'timer': 85.799, 'data': {'sensor': 'O\u2082 Saturation', 'action': 'log', 'data': 'starting sensor action'}}
INFO:root:1723415768.635743,ID:1020,STAGE:2,SEQUENCE:1432,DATA:{'time': 1723415768.629, 'source': 'VitalsTask', 'timer': 86.816, 'data': {'sensor': 'O\u2082 Saturation', 'action': 'log', 'data': 'sensor action complete'}}
INFO:root:1723415769.021849,ID:1020,STAGE:2,SEQUENCE:1432,DATA:{'time': 1723415769.016, 'source': 'VitalsTask', 'timer': 87.203, 'data': {'sensor': 'O\u2082 Saturation', 'action': 'save', 'data': 'action button pressed'}}
INFO:root:1723415769.02469,ID:1020,STAGE:2,SEQUENCE:1432,DATA:{'time': 1723415769.016, 'source': 'VitalsTask', 'timer': 87.203, 'data': {'sensor': 'O\u2082 Saturation', 'action': 'save', 'data': 'starting sensor action'}}
INFO:root:1723415770.036079,ID:1020,STAGE:2,SEQUENCE:1432,DATA:{'time': 1723415770.029, 'source': 'VitalsTask', 'timer': 88.216, 'data': {'sensor': 'O\u2082 Saturation', 'action': 'save', 'data': 'sensor action complete'}}
INFO:root:1723415770.511272,ID:1020,STAGE:2,SEQUENCE:1432,DATA:{'time': 1723415770.505, 'source': 'VitalsTask', 'timer': 88.692, 'data': {'sensor': 'Heart Rate', 'action': 'opened sensor tab'}}
INFO:root:1723415771.503017,ID:1020,STAGE:2,SEQUENCE:1432,DATA:{'time': 1723415771.486, 'source': 'VitalsTask', 'timer': 89.673, 'data': {'sensor': 'Heart Rate', 'action': 'capture', 'data': 'action button pressed'}}
INFO:root:1723415771.508004,ID:1020,STAGE:2,SEQUENCE:1432,DATA:{'time': 1723415771.486, 'source': 'VitalsTask', 'timer': 89.673, 'data': {'sensor': 'Heart Rate', 'action': 'capture', 'data': 'starting sensor action'}}
INFO:root:1723415772.503193,ID:1020,STAGE:2,SEQUENCE:1432,DATA:{'time': 1723415772.496, 'source': 'VitalsTask', 'timer': 90.683, 'data': {'sensor': 'Heart Rate', 'action': 'capture', 'data': 'sensor action complete'}}
INFO:root:1723415772.505193,ID:1020,STAGE:2,SEQUENCE:1432,DATA:{'time': 1723415772.496, 'source': 'VitalsTask', 'timer': 90.683, 'data': {'sensor': 'Heart Rate', 'action': 'keypad open'}}
INFO:root:1723415772.98745,ID:1020,STAGE:2,SEQUENCE:1432,DATA:{'time': 1723415772.981, 'source': 'VitalsTask', 'timer': 91.168, 'data': {'sensor': 'Heart Rate', 'action': 'keypad press', 'key': 5, 'value': 5}}
INFO:root:1723415773.245693,ID:1020,STAGE:2,SEQUENCE:1432,DATA:{'time': 1723415773.239, 'source': 'VitalsTask', 'timer': 91.426, 'data': {'sensor': 'Heart Rate', 'action': 'keypad press', 'key': 5, 'value': 55}}
INFO:root:1723415774.272541,ID:1020,STAGE:2,SEQUENCE:1432,DATA:{'time': 1723415774.266, 'source': 'VitalsTask', 'timer': 92.453, 'data': {'sensor': 'Heart Rate', 'action': 'show action buttons'}}
INFO:root:1723415774.274535,ID:1020,STAGE:2,SEQUENCE:1432,DATA:{'time': 1723415774.266, 'source': 'VitalsTask', 'timer': 92.453, 'data': {'sensor': 'Heart Rate', 'action': 'keypad press', 'key': 10, 'value': 55}}
INFO:root:1723415775.012671,ID:1020,STAGE:2,SEQUENCE:1432,DATA:{'time': 1723415775.005, 'source': 'VitalsTask', 'timer': 93.192, 'data': {'sensor': 'Heart Rate', 'action': 'log', 'data': 'action button pressed'}}
INFO:root:1723415775.01666,ID:1020,STAGE:2,SEQUENCE:1432,DATA:{'time': 1723415775.006, 'source': 'VitalsTask', 'timer': 93.193, 'data': {'sensor': 'Heart Rate', 'action': 'log', 'data': 'starting sensor action'}}
INFO:root:1723415776.033731,ID:1020,STAGE:2,SEQUENCE:1432,DATA:{'time': 1723415776.025, 'source': 'VitalsTask', 'timer': 94.212, 'data': {'sensor': 'Heart Rate', 'action': 'log', 'data': 'sensor action complete'}}
INFO:root:1723415776.217325,ID:1020,STAGE:2,SEQUENCE:1432,DATA:{'time': 1723415776.205, 'source': 'VitalsTask', 'timer': 94.392, 'data': {'sensor': 'Heart Rate', 'action': 'save', 'data': 'action button pressed'}}
INFO:root:1723415776.220344,ID:1020,STAGE:2,SEQUENCE:1432,DATA:{'time': 1723415776.207, 'source': 'VitalsTask', 'timer': 94.394, 'data': {'sensor': 'Heart Rate', 'action': 'save', 'data': 'starting sensor action'}}
INFO:root:1723415777.238733,ID:1020,STAGE:2,SEQUENCE:1432,DATA:{'time': 1723415777.223, 'source': 'VitalsTask', 'timer': 95.41, 'data': {'sensor': 'Heart Rate', 'action': 'save', 'data': 'sensor action complete'}}
INFO:root:1723415778.475507,ID:1020,STAGE:2,SEQUENCE:1432,DATA:{'time': 1723415778.467, 'source': 'VitalsTask', 'timer': 96.654, 'data': {'sensor': 'submit', 'action': 'submit'}}
INFO:root:1723415778.476043,ID:1020,STAGE:2,SEQUENCE:1432,DATA:{'time': 1723415778.468, 'source': 'VitalsTask', 'timer': 96.655, 'data': {'sensor': 'submit', 'action': 'submit', 'data': 'submit succeeded'}}
INFO:root:1723415779.473393,ID:1020,STAGE:2,SEQUENCE:1432,DATA:{'time': 1723415779.469, 'user-id': '1020', 'source': 'HAI Interface', 'destination-index': '3', 'study-stage': '2', 'decision-state': 0, 'vitals-state': 0, 'airspace-state': 0, 'data': {'page': 'inflight', 'action': 'user acknowledged vitals prompt'}}
INFO:root:1723415799.734991,ID:1020,STAGE:2,SEQUENCE:1432,DATA:{'time': 1723415799.729, 'user-id': '1020', 'source': 'HAI Interface', 'destination-index': '3', 'study-stage': '2', 'decision-state': 0, 'vitals-state': 0, 'airspace-state': 0, 'data': {'action': 'radio panel opened'}}
INFO:root:Inflight Radio Update asked
INFO:root:sent request to set radio update complete
INFO:root:1723415803.844689,ID:1020,STAGE:2,SEQUENCE:1432,DATA:{'time': 1723415803.839, 'user-id': '1020', 'source': 'HAI Interface', 'destination-index': '3', 'study-stage': '2', 'decision-state': 0, 'vitals-state': 0, 'airspace-state': 0, 'data': {'action': 'transmit button pressed'}}
INFO:root:1723415803.85123,ID:1020,STAGE:2,SEQUENCE:1432,DATA:{'time': 1723415803.84, 'user-id': '1020', 'source': 'HAI Interface', 'destination-index': '3', 'study-stage': '2', 'decision-state': 0, 'vitals-state': 0, 'airspace-state': 0, 'data': {'action': 'callsign set to: + NASXGS'}}
INFO:root:1723415803.855729,ID:1020,STAGE:2,SEQUENCE:1432,DATA:{'time': 1723415803.84, 'user-id': '1020', 'source': 'HAI Interface', 'destination-index': '3', 'study-stage': '2', 'decision-state': 0, 'vitals-state': 0, 'airspace-state': 0, 'data': {'action': 'radio set to:Comm1'}}
INFO:root:1723415803.858722,ID:1020,STAGE:2,SEQUENCE:1432,DATA:{'time': 1723415803.841, 'user-id': '1020', 'source': 'HAI Interface', 'destination-index': '3', 'study-stage': '2', 'decision-state': 0, 'vitals-state': 0, 'airspace-state': 0, 'data': {'page': 'map', 'action': 'show map'}}
INFO:root:1723415803.862225,ID:1020,STAGE:2,SEQUENCE:1432,DATA:{'time': 1723415803.841, 'user-id': '1020', 'source': 'HAI Interface', 'destination-index': '3', 'study-stage': '2', 'decision-state': 0, 'vitals-state': 0, 'airspace-state': 0, 'data': {'page': 'map', 'action': 'selected helipad', 'value': '21'}}
INFO:root:1723415803.8712,ID:1020,STAGE:2,SEQUENCE:1432,DATA:{'time': 1723415803.848, 'user-id': '1020', 'source': 'HAI Interface', 'destination-index': '3', 'study-stage': '2', 'decision-state': 0, 'vitals-state': 0, 'airspace-state': 0, 'data': {'action': 'NASXGStransmitting updates onComm1123.45 MHz'}}
INFO:root:1723415817.942699,ID:1020,STAGE:2,SEQUENCE:1432,DATA:{'time': 1723415817.938, 'user-id': '1020', 'source': 'HAI Interface', 'destination-index': '3', 'study-stage': '2', 'decision-state': 0, 'vitals-state': 0, 'airspace-state': 0, 'data': {'page': 'map', 'action': 'hide map'}}
INFO:root:1723415818.568689,ID:1020,STAGE:2,SEQUENCE:1432,DATA:{'time': 1723415818.562, 'user-id': '1020', 'source': 'HAI Interface', 'destination-index': '3', 'study-stage': '2', 'decision-state': 0, 'vitals-state': 0, 'airspace-state': 0, 'data': {'action': 'radio panel closed'}}
INFO:root:1723415819.520966,ID:1020,STAGE:2,SEQUENCE:1432,DATA:{'time': 1723415819.509, 'user-id': '1020', 'source': 'HAI Interface', 'destination-index': '3', 'study-stage': '2', 'decision-state': 0, 'vitals-state': 0, 'airspace-state': 0, 'data': {'page': 'map', 'action': 'show map'}}
INFO:root:1723415819.524955,ID:1020,STAGE:2,SEQUENCE:1432,DATA:{'time': 1723415819.51, 'user-id': '1020', 'source': 'HAI Interface', 'destination-index': '3', 'study-stage': '2', 'decision-state': 0, 'vitals-state': 0, 'airspace-state': 0, 'data': {'page': 'map', 'action': 'selected helipad', 'value': '21'}}
INFO:SimConnect.SimConnect:SIM OPEN
INFO:root:1723415836.270806,ID:1020,STAGE:2,SEQUENCE:1432,DATA:{'time': 1723415836.265, 'user-id': '1020', 'source': 'HAI Interface', 'destination-index': '3', 'study-stage': '2', 'decision-state': 0, 'vitals-state': 0, 'airspace-state': 0, 'data': {'page': 'map', 'action': 'selected helipad', 'value': '17'}}
INFO:root:1723415838.946829,ID:1020,STAGE:2,SEQUENCE:1432,DATA:{'time': 1723415838.942, 'user-id': '1020', 'source': 'HAI Interface', 'destination-index': '3', 'study-stage': '2', 'decision-state': 0, 'vitals-state': 0, 'airspace-state': 0, 'data': {'page': 'map', 'action': 'selected helipad', 'value': '20'}}
INFO:root:1723415843.162747,ID:1020,STAGE:2,SEQUENCE:1432,DATA:{'time': 1723415843.158, 'user-id': '1020', 'source': 'HAI Interface', 'destination-index': '3', 'study-stage': '2', 'decision-state': 0, 'vitals-state': 0, 'airspace-state': 0, 'data': {'page': 'map', 'action': 'selected helipad', 'value': 100}}
INFO:root:1723415846.894618,ID:1020,STAGE:2,SEQUENCE:1432,DATA:{'time': 1723415846.89, 'user-id': '1020', 'source': 'HAI Interface', 'destination-index': '3', 'study-stage': '2', 'decision-state': 0, 'vitals-state': 0, 'airspace-state': 0, 'data': {'page': 'inflight', 'action': 'displaying vitals prompt'}}
INFO:root:1723415850.690189,ID:1020,STAGE:2,SEQUENCE:1432,DATA:{'time': 1723415850.682, 'source': 'VitalsTask', 'timer': 72.214, 'data': {'sensor': 'Heart Rate', 'action': 'capture', 'data': 'action button pressed'}}
INFO:root:1723415850.691695,ID:1020,STAGE:2,SEQUENCE:1432,DATA:{'time': 1723415850.682, 'source': 'VitalsTask', 'timer': 72.214, 'data': {'sensor': 'Heart Rate', 'action': 'capture', 'data': 'starting sensor action'}}
INFO:root:1723415851.705346,ID:1020,STAGE:2,SEQUENCE:1432,DATA:{'time': 1723415851.697, 'source': 'VitalsTask', 'timer': 73.229, 'data': {'sensor': 'Heart Rate', 'action': 'capture', 'data': 'sensor action complete'}}
INFO:root:1723415851.710868,ID:1020,STAGE:2,SEQUENCE:1432,DATA:{'time': 1723415851.697, 'source': 'VitalsTask', 'timer': 73.229, 'data': {'sensor': 'Heart Rate', 'action': 'keypad open'}}
INFO:root:1723415852.350288,ID:1020,STAGE:2,SEQUENCE:1432,DATA:{'time': 1723415852.345, 'source': 'VitalsTask', 'timer': 73.877, 'data': {'sensor': 'Heart Rate', 'action': 'keypad press', 'key': 5, 'value': 5}}
INFO:root:1723415852.652226,ID:1020,STAGE:2,SEQUENCE:1432,DATA:{'time': 1723415852.647, 'source': 'VitalsTask', 'timer': 74.179, 'data': {'sensor': 'Heart Rate', 'action': 'keypad press', 'key': 5, 'value': 55}}
INFO:root:1723415854.452217,ID:1020,STAGE:2,SEQUENCE:1432,DATA:{'time': 1723415854.445, 'source': 'VitalsTask', 'timer': 75.977, 'data': {'sensor': 'Heart Rate', 'action': 'show action buttons'}}
INFO:root:1723415854.454212,ID:1020,STAGE:2,SEQUENCE:1432,DATA:{'time': 1723415854.446, 'source': 'VitalsTask', 'timer': 75.978, 'data': {'sensor': 'Heart Rate', 'action': 'keypad press', 'key': 10, 'value': 55}}
INFO:root:1723415855.336236,ID:1020,STAGE:2,SEQUENCE:1432,DATA:{'time': 1723415855.329, 'source': 'VitalsTask', 'timer': 76.861, 'data': {'sensor': 'Heart Rate', 'action': 'log', 'data': 'action button pressed'}}
INFO:root:1723415855.338234,ID:1020,STAGE:2,SEQUENCE:1432,DATA:{'time': 1723415855.329, 'source': 'VitalsTask', 'timer': 76.861, 'data': {'sensor': 'Heart Rate', 'action': 'log', 'data': 'starting sensor action'}}
INFO:root:1723415856.352162,ID:1020,STAGE:2,SEQUENCE:1432,DATA:{'time': 1723415856.345, 'source': 'VitalsTask', 'timer': 77.877, 'data': {'sensor': 'Heart Rate', 'action': 'log', 'data': 'sensor action complete'}}
INFO:root:1723415856.780115,ID:1020,STAGE:2,SEQUENCE:1432,DATA:{'time': 1723415856.773, 'source': 'VitalsTask', 'timer': 78.305, 'data': {'sensor': 'Heart Rate', 'action': 'save', 'data': 'action button pressed'}}
INFO:root:1723415856.782617,ID:1020,STAGE:2,SEQUENCE:1432,DATA:{'time': 1723415856.773, 'source': 'VitalsTask', 'timer': 78.305, 'data': {'sensor': 'Heart Rate', 'action': 'save', 'data': 'starting sensor action'}}
INFO:root:1723415857.798012,ID:1020,STAGE:2,SEQUENCE:1432,DATA:{'time': 1723415857.79, 'source': 'VitalsTask', 'timer': 79.322, 'data': {'sensor': 'Heart Rate', 'action': 'save', 'data': 'sensor action complete'}}
INFO:root:1723415858.317303,ID:1020,STAGE:2,SEQUENCE:1432,DATA:{'time': 1723415858.309, 'source': 'VitalsTask', 'timer': 79.841, 'data': {'sensor': 'O\u2082 Saturation', 'action': 'opened sensor tab'}}
INFO:root:1723415859.220803,ID:1020,STAGE:2,SEQUENCE:1432,DATA:{'time': 1723415859.215, 'source': 'VitalsTask', 'timer': 80.747, 'data': {'sensor': 'O\u2082 Saturation', 'action': 'capture', 'data': 'action button pressed'}}
INFO:root:1723415859.222797,ID:1020,STAGE:2,SEQUENCE:1432,DATA:{'time': 1723415859.215, 'source': 'VitalsTask', 'timer': 80.747, 'data': {'sensor': 'O\u2082 Saturation', 'action': 'capture', 'data': 'starting sensor action'}}
INFO:root:1723415860.241203,ID:1020,STAGE:2,SEQUENCE:1432,DATA:{'time': 1723415860.232, 'source': 'VitalsTask', 'timer': 81.764, 'data': {'sensor': 'O\u2082 Saturation', 'action': 'capture', 'data': 'sensor action complete'}}
INFO:root:1723415860.242779,ID:1020,STAGE:2,SEQUENCE:1432,DATA:{'time': 1723415860.232, 'source': 'VitalsTask', 'timer': 81.764, 'data': {'sensor': 'O\u2082 Saturation', 'action': 'keypad open'}}
INFO:root:1723415860.686369,ID:1020,STAGE:2,SEQUENCE:1432,DATA:{'time': 1723415860.679, 'source': 'VitalsTask', 'timer': 82.211, 'data': {'sensor': 'O\u2082 Saturation', 'action': 'keypad press', 'key': 1, 'value': 1}}
INFO:root:1723415861.346558,ID:1020,STAGE:2,SEQUENCE:1432,DATA:{'time': 1723415861.339, 'source': 'VitalsTask', 'timer': 82.871, 'data': {'sensor': 'O\u2082 Saturation', 'action': 'keypad press', 'key': 11, 'value': 10}}
INFO:root:1723415861.596509,ID:1020,STAGE:2,SEQUENCE:1432,DATA:{'time': 1723415861.591, 'source': 'VitalsTask', 'timer': 83.123, 'data': {'sensor': 'O\u2082 Saturation', 'action': 'keypad press', 'key': 11, 'value': 100}}
INFO:root:1723415862.252824,ID:1020,STAGE:2,SEQUENCE:1432,DATA:{'time': 1723415862.246, 'source': 'VitalsTask', 'timer': 83.778, 'data': {'sensor': 'O\u2082 Saturation', 'action': 'show action buttons'}}
INFO:root:1723415862.254819,ID:1020,STAGE:2,SEQUENCE:1432,DATA:{'time': 1723415862.246, 'source': 'VitalsTask', 'timer': 83.778, 'data': {'sensor': 'O\u2082 Saturation', 'action': 'keypad press', 'key': 10, 'value': 100}}
INFO:root:1723415863.126256,ID:1020,STAGE:2,SEQUENCE:1432,DATA:{'time': 1723415863.119, 'source': 'VitalsTask', 'timer': 84.651, 'data': {'sensor': 'O\u2082 Saturation', 'action': 'log', 'data': 'action button pressed'}}
INFO:root:1723415863.128273,ID:1020,STAGE:2,SEQUENCE:1432,DATA:{'time': 1723415863.119, 'source': 'VitalsTask', 'timer': 84.651, 'data': {'sensor': 'O\u2082 Saturation', 'action': 'log', 'data': 'starting sensor action'}}
INFO:root:1723415864.140073,ID:1020,STAGE:2,SEQUENCE:1432,DATA:{'time': 1723415864.134, 'source': 'VitalsTask', 'timer': 85.666, 'data': {'sensor': 'O\u2082 Saturation', 'action': 'log', 'data': 'sensor action complete'}}
INFO:root:1723415864.480148,ID:1020,STAGE:2,SEQUENCE:1432,DATA:{'time': 1723415864.473, 'source': 'VitalsTask', 'timer': 86.005, 'data': {'sensor': 'O\u2082 Saturation', 'action': 'save', 'data': 'action button pressed'}}
INFO:root:1723415864.483649,ID:1020,STAGE:2,SEQUENCE:1432,DATA:{'time': 1723415864.473, 'source': 'VitalsTask', 'timer': 86.005, 'data': {'sensor': 'O\u2082 Saturation', 'action': 'save', 'data': 'starting sensor action'}}
INFO:root:1723415865.495516,ID:1020,STAGE:2,SEQUENCE:1432,DATA:{'time': 1723415865.489, 'source': 'VitalsTask', 'timer': 87.021, 'data': {'sensor': 'O\u2082 Saturation', 'action': 'save', 'data': 'sensor action complete'}}
INFO:root:1723415865.992673,ID:1020,STAGE:2,SEQUENCE:1432,DATA:{'time': 1723415865.987, 'source': 'VitalsTask', 'timer': 87.519, 'data': {'sensor': 'Blood Pressure', 'action': 'opened sensor tab'}}
INFO:root:1723415866.784433,ID:1020,STAGE:2,SEQUENCE:1432,DATA:{'time': 1723415866.779, 'source': 'VitalsTask', 'timer': 88.311, 'data': {'sensor': 'Blood Pressure', 'action': 'capture', 'data': 'action button pressed'}}
INFO:root:1723415866.786428,ID:1020,STAGE:2,SEQUENCE:1432,DATA:{'time': 1723415866.779, 'source': 'VitalsTask', 'timer': 88.311, 'data': {'sensor': 'Blood Pressure', 'action': 'capture', 'data': 'starting sensor action'}}
INFO:root:1723415867.799266,ID:1020,STAGE:2,SEQUENCE:1432,DATA:{'time': 1723415867.792, 'source': 'VitalsTask', 'timer': 89.324, 'data': {'sensor': 'Blood Pressure', 'action': 'capture', 'data': 'sensor action complete'}}
INFO:root:1723415867.801259,ID:1020,STAGE:2,SEQUENCE:1432,DATA:{'time': 1723415867.792, 'source': 'VitalsTask', 'timer': 89.324, 'data': {'sensor': 'Blood Pressure', 'action': 'keypad open'}}
INFO:root:1723415868.308374,ID:1020,STAGE:2,SEQUENCE:1432,DATA:{'time': 1723415868.301, 'source': 'VitalsTask', 'timer': 89.833, 'data': {'sensor': 'Blood Pressure', 'action': 'keypad press', 'key': 1, 'value': 1}}
INFO:root:1723415868.777115,ID:1020,STAGE:2,SEQUENCE:1432,DATA:{'time': 1723415868.769, 'source': 'VitalsTask', 'timer': 90.301, 'data': {'sensor': 'Blood Pressure', 'action': 'keypad press', 'key': 2, 'value': 12}}
INFO:root:1723415869.59124,ID:1020,STAGE:2,SEQUENCE:1432,DATA:{'time': 1723415869.583, 'source': 'VitalsTask', 'timer': 91.115, 'data': {'sensor': 'Blood Pressure', 'action': 'keypad press', 'key': 11, 'value': 120}}
INFO:root:1723415870.146047,ID:1020,STAGE:2,SEQUENCE:1432,DATA:{'time': 1723415870.139, 'source': 'VitalsTask', 'timer': 91.671, 'data': {'sensor': 'Blood Pressure', 'action': 'keypad press', 'key': 8, 'value': 1208}}
INFO:root:1723415870.573183,ID:1020,STAGE:2,SEQUENCE:1432,DATA:{'time': 1723415870.565, 'source': 'VitalsTask', 'timer': 92.097, 'data': {'sensor': 'Blood Pressure', 'action': 'keypad press', 'key': 11, 'value': 12080}}
INFO:root:1723415871.206701,ID:1020,STAGE:2,SEQUENCE:1432,DATA:{'time': 1723415871.202, 'source': 'VitalsTask', 'timer': 92.734, 'data': {'sensor': 'Blood Pressure', 'action': 'show action buttons'}}
INFO:root:1723415871.209278,ID:1020,STAGE:2,SEQUENCE:1432,DATA:{'time': 1723415871.202, 'source': 'VitalsTask', 'timer': 92.734, 'data': {'sensor': 'Blood Pressure', 'action': 'keypad press', 'key': 10, 'value': 12080}}
INFO:root:1723415872.083052,ID:1020,STAGE:2,SEQUENCE:1432,DATA:{'time': 1723415872.073, 'source': 'VitalsTask', 'timer': 93.605, 'data': {'sensor': 'Blood Pressure', 'action': 'log', 'data': 'action button pressed'}}
INFO:root:1723415872.085558,ID:1020,STAGE:2,SEQUENCE:1432,DATA:{'time': 1723415872.073, 'source': 'VitalsTask', 'timer': 93.605, 'data': {'sensor': 'Blood Pressure', 'action': 'log', 'data': 'starting sensor action'}}
INFO:root:1723415873.098018,ID:1020,STAGE:2,SEQUENCE:1432,DATA:{'time': 1723415873.092, 'source': 'VitalsTask', 'timer': 94.624, 'data': {'sensor': 'Blood Pressure', 'action': 'log', 'data': 'sensor action complete'}}
INFO:root:1723415873.537055,ID:1020,STAGE:2,SEQUENCE:1432,DATA:{'time': 1723415873.528, 'source': 'VitalsTask', 'timer': 95.06, 'data': {'sensor': 'Blood Pressure', 'action': 'save', 'data': 'action button pressed'}}
INFO:root:1723415873.538056,ID:1020,STAGE:2,SEQUENCE:1432,DATA:{'time': 1723415873.529, 'source': 'VitalsTask', 'timer': 95.061, 'data': {'sensor': 'Blood Pressure', 'action': 'save', 'data': 'starting sensor action'}}
INFO:root:1723415874.552963,ID:1020,STAGE:2,SEQUENCE:1432,DATA:{'time': 1723415874.547, 'source': 'VitalsTask', 'timer': 96.079, 'data': {'sensor': 'Blood Pressure', 'action': 'save', 'data': 'sensor action complete'}}
INFO:root:1723415874.941437,ID:1020,STAGE:2,SEQUENCE:1432,DATA:{'time': 1723415874.935, 'source': 'VitalsTask', 'timer': 96.467, 'data': {'sensor': 'submit', 'action': 'submit'}}
INFO:root:1723415874.943438,ID:1020,STAGE:2,SEQUENCE:1432,DATA:{'time': 1723415874.935, 'source': 'VitalsTask', 'timer': 96.467, 'data': {'sensor': 'submit', 'action': 'submit', 'data': 'submit succeeded'}}
INFO:root:1723415876.042614,ID:1020,STAGE:2,SEQUENCE:1432,DATA:{'time': 1723415876.034, 'user-id': '1020', 'source': 'HAI Interface', 'destination-index': '3', 'study-stage': '2', 'decision-state': 0, 'vitals-state': 0, 'airspace-state': 0, 'data': {'page': 'inflight', 'action': 'user acknowledged vitals prompt'}}
INFO:root:1723415878.023825,ID:1020,STAGE:2,SEQUENCE:1432,DATA:{'time': 1723415878.019, 'user-id': '1020', 'source': 'HAI Interface', 'destination-index': '3', 'study-stage': '2', 'decision-state': 0, 'vitals-state': 0, 'airspace-state': 0, 'data': {'page': 'map', 'action': 'selected helipad', 'value': '5'}}
INFO:root:1723415879.866988,ID:1020,STAGE:2,SEQUENCE:1432,DATA:{'time': 1723415879.863, 'user-id': '1020', 'source': 'HAI Interface', 'destination-index': '3', 'study-stage': '2', 'decision-state': 0, 'vitals-state': 0, 'airspace-state': 0, 'data': {'page': 'map', 'action': 'selected helipad', 'value': '19'}}
INFO:root:1723415884.686163,ID:1020,STAGE:2,SEQUENCE:1432,DATA:{'time': 1723415884.677, 'user-id': '1020', 'source': 'HAI Interface', 'destination-index': '3', 'study-stage': '2', 'decision-state': 0, 'vitals-state': 0, 'airspace-state': 0, 'data': {'page': 'map', 'action': 'selected helipad', 'value': '9'}}
INFO:root:1723415892.434664,ID:1020,STAGE:2,SEQUENCE:1432,DATA:{'time': 1723415892.425, 'user-id': '1020', 'source': 'HAI Interface', 'destination-index': '3', 'study-stage': '2', 'decision-state': 0, 'vitals-state': '1', 'airspace-state': 0, 'data': {'page': 'map', 'action': 'selected helipad', 'value': 100}}
INFO:root:1723415892.439157,ID:1020,STAGE:2,SEQUENCE:1432,DATA:{'time': 1723415892.428, 'user-id': '1020', 'source': 'HAI Interface', 'destination-index': '3', 'study-stage': '2', 'decision-state': 0, 'vitals-state': '1', 'airspace-state': 0, 'data': {'page': 'map', 'action': 'selected helipad', 'value': '3'}}
INFO:root:1723415917.249468,ID:1020,STAGE:2,SEQUENCE:1432,DATA:{'time': 1723415917.243, 'user-id': '1020', 'source': 'HAI Interface', 'destination-index': '3', 'study-stage': '2', 'decision-state': 0, 'vitals-state': '1', 'airspace-state': 0, 'data': {'action': 'radio panel opened'}}
INFO:root:1723415920.736792,ID:1020,STAGE:2,SEQUENCE:1432,DATA:{'time': 1723415920.731, 'user-id': '1020', 'source': 'HAI Interface', 'destination-index': '3', 'study-stage': '2', 'decision-state': 0, 'vitals-state': '1', 'airspace-state': 0, 'data': {'action': 'receive button pressed'}}
INFO:root:1723415920.742502,ID:1020,STAGE:2,SEQUENCE:1432,DATA:{'time': 1723415920.732, 'user-id': '1020', 'source': 'HAI Interface', 'destination-index': '3', 'study-stage': '2', 'decision-state': 0, 'vitals-state': '1', 'airspace-state': 0, 'data': {'action': 'callsign set to:[object Object]'}}
INFO:root:1723415920.75085,ID:1020,STAGE:2,SEQUENCE:1432,DATA:{'time': 1723415920.732, 'user-id': '1020', 'source': 'HAI Interface', 'destination-index': '3', 'study-stage': '2', 'decision-state': 0, 'vitals-state': '1', 'airspace-state': 0, 'data': {'action': 'radio set to:Comm2'}}
INFO:root:1723415920.756388,ID:1020,STAGE:2,SEQUENCE:1432,DATA:{'time': 1723415920.738, 'user-id': '1020', 'source': 'HAI Interface', 'destination-index': '3', 'study-stage': '2', 'decision-state': 0, 'vitals-state': '1', 'airspace-state': 0, 'data': {'action': 'MEDEVACtransmitting onComm2123.45 MHz'}}
INFO:root:Administer medication radio comm initiated
INFO:root:Administer medication radio comm done- command to clear event  make the receive 0 sent 
INFO:root:voice activity detected
INFO:root:recording started
INFO:root:voice deactivity detected
INFO:root:recording stopped
INFO:root:1723415975.024155,ID:1020,STAGE:2,SEQUENCE:1432,DATA:{'time': 1723415975.013, 'user-id': '1020', 'source': 'HAI Interface', 'destination-index': '3', 'study-stage': '2', 'decision-state': 0, 'vitals-state': '1', 'airspace-state': 0, 'data': {'page': 'map', 'action': 'selected helipad', 'value': '21'}}
INFO:root:1723415977.979907,ID:1020,STAGE:2,SEQUENCE:1432,DATA:{'time': 1723415977.971, 'user-id': '1020', 'source': 'HAI Interface', 'destination-index': '3', 'study-stage': '2', 'decision-state': 0, 'vitals-state': '1', 'airspace-state': 0, 'data': {'page': 'change-altitude', 'action': 'altitude changed by participant1000'}}
