1747286751.852666,ID:0,STAGE:1,SEQUENCE:0,DATA:{'page':'{'page': 'index', 'action': 'opened page'}','action':'None','timestamp':1747286751847},ANY:{'page': {'page': 'index', 'action': 'opened page'}, 'timestamp': 1747286751847}
1747286752.761464,ID:0,STAGE:1,SEQUENCE:0,DATA:{'page':'{'page': 'map', 'action': 'selected helipad', 'value': '21'}','action':'None','timestamp':1747286752755},ANY:{'page': {'page': 'map', 'action': 'selected helipad', 'value': '21'}, 'timestamp': 1747286752755}
1747286767.141727,ID:0,STAGE:1,SEQUENCE:0,DATA:{'page':'{'page': 'index', 'action': 'opened page'}','action':'None','timestamp':1747286767138},ANY:{'page': {'page': 'index', 'action': 'opened page'}, 'timestamp': 1747286767138}
1747286768.053124,ID:0,STAGE:1,SEQUENCE:0,DATA:{'page':'{'page': 'map', 'action': 'selected helipad', 'value': '21'}','action':'None','timestamp':1747286768049},ANY:{'page': {'page': 'map', 'action': 'selected helipad', 'value': '21'}, 'timestamp': 1747286768049}
1747286785.219668,ID:0,STAGE:1,SEQUENCE:0,DATA:{'page':'{'page': 'index', 'action': 'opened page'}','action':'None','timestamp':1747286785216},ANY:{'page': {'page': 'index', 'action': 'opened page'}, 'timestamp': 1747286785216}
1747286786.148706,ID:0,STAGE:1,SEQUENCE:0,DATA:{'page':'{'page': 'map', 'action': 'selected helipad', 'value': '21'}','action':'None','timestamp':1747286786143},ANY:{'page': {'page': 'map', 'action': 'selected helipad', 'value': '21'}, 'timestamp': 1747286786143}
1747286790.984336,ID:0,STAGE:1,SEQUENCE:0,DATA:{'page':'{'page': 'speak text', 'action': 'Receieved text and level:Are you ready to start?normal'}','action':'None','timestamp':1747286790979},ANY:{'page': {'page': 'speak text', 'action': 'Receieved text and level:Are you ready to start?normal'}, 'timestamp': 1747286790979}
1747286790.989386,ID:0,STAGE:1,SEQUENCE:0,DATA:{'page':'{'page': 'Jarvis speaking', 'action': 'Message: Are you ready to start? Stress level: normal'}','action':'None','timestamp':1747286790984},ANY:{'page': {'page': 'Jarvis speaking', 'action': 'Message: Are you ready to start? Stress level: normal'}, 'timestamp': 1747286790984}
1747286797.119433,ID:0,STAGE:1,SEQUENCE:0,DATA:{'page':'{'page': 'index', 'action': 'confirm button pressed'}','action':'None','timestamp':1747286797116},ANY:{'page': {'page': 'index', 'action': 'confirm button pressed'}, 'timestamp': 1747286797116}
1747286797.243694,ID:0,STAGE:1,SEQUENCE:0,DATA:{'page':'None','action':'None','timestamp':None},ANY:{'time': 1747286797.237, 'user-id': 'none', 'source': 'HAI Interface', 'destination-index': 3, 'study-stage': -1, 'decision-state': 0, 'vitals-state': 0, 'airspace-state': 0, 'data': {'page': 'location', 'action': 'opened page'}}
1747286798.170063,ID:0,STAGE:1,SEQUENCE:0,DATA:{'page':'{'page': 'map', 'action': 'selected helipad', 'value': '21'}','action':'None','timestamp':1747286798163},ANY:{'page': {'page': 'map', 'action': 'selected helipad', 'value': '21'}, 'timestamp': 1747286798163}
1747286798.321095,ID:0,STAGE:1,SEQUENCE:0,DATA:{'page':'None','action':'None','timestamp':None},ANY:{'time': 1747286798.315, 'user-id': '0', 'source': 'HAI Interface', 'destination-index': 'None', 'study-stage': 1, 'decision-state': 0, 'vitals-state': 0, 'airspace-state': 0, 'data': {'page': 'location', 'action': 'confirm button pressed'}}
1747286798.43917,ID:0,STAGE:1,SEQUENCE:0,DATA:{'page':'{'page': 'checklist', 'action': 'opened page', 'inflight': False}','action':'None','timestamp':1747286798434},ANY:{'page': {'page': 'checklist', 'action': 'opened page', 'inflight': False}, 'timestamp': 1747286798434}
1747286799.367426,ID:0,STAGE:1,SEQUENCE:0,DATA:{'page':'{'page': 'map', 'action': 'selected helipad', 'value': '21'}','action':'None','timestamp':1747286799361},ANY:{'page': {'page': 'map', 'action': 'selected helipad', 'value': '21'}, 'timestamp': 1747286799361}
1747286799.605783,ID:0,STAGE:1,SEQUENCE:0,DATA:{'page':'{'page': 'checklist', 'action': 'toggled checkbox', 'inflight': False, 'item': 0, 'value': 'OFF'}','action':'None','timestamp':1747286799599},ANY:{'page': {'page': 'checklist', 'action': 'toggled checkbox', 'inflight': False, 'item': 0, 'value': 'OFF'}, 'timestamp': 1747286799599}
1747286799.988026,ID:0,STAGE:1,SEQUENCE:0,DATA:{'page':'{'page': 'checklist', 'action': 'toggled checkbox', 'inflight': False, 'item': 1, 'value': 'OFF'}','action':'None','timestamp':1747286799984},ANY:{'page': {'page': 'checklist', 'action': 'toggled checkbox', 'inflight': False, 'item': 1, 'value': 'OFF'}, 'timestamp': 1747286799984}
1747286800.369644,ID:0,STAGE:1,SEQUENCE:0,DATA:{'page':'{'page': 'checklist', 'action': 'showing confirm button', 'inflight': False}','action':'None','timestamp':1747286800365},ANY:{'page': {'page': 'checklist', 'action': 'showing confirm button', 'inflight': False}, 'timestamp': 1747286800365}
1747286800.369835,ID:0,STAGE:1,SEQUENCE:0,DATA:{'page':'{'page': 'checklist', 'action': 'toggled checkbox', 'inflight': False, 'item': 2, 'value': 'OFF'}','action':'None','timestamp':1747286800365},ANY:{'page': {'page': 'checklist', 'action': 'toggled checkbox', 'inflight': False, 'item': 2, 'value': 'OFF'}, 'timestamp': 1747286800365}
1747286802.83725,ID:0,STAGE:1,SEQUENCE:0,DATA:{'page':'{'page': 'checklist', 'action': 'confirm button clicked', 'inflight': False}','action':'None','timestamp':1747286802832},ANY:{'page': {'page': 'checklist', 'action': 'confirm button clicked', 'inflight': False}, 'timestamp': 1747286802832}
1747286802.957444,ID:0,STAGE:1,SEQUENCE:0,DATA:{'page':'{'page': 'countdown', 'action': 'opened page'}','action':'None','timestamp':1747286802952},ANY:{'page': {'page': 'countdown', 'action': 'opened page'}, 'timestamp': 1747286802952}
1747286803.885376,ID:0,STAGE:1,SEQUENCE:0,DATA:{'page':'{'page': 'map', 'action': 'selected helipad', 'value': '21'}','action':'None','timestamp':1747286803879},ANY:{'page': {'page': 'map', 'action': 'selected helipad', 'value': '21'}, 'timestamp': 1747286803879}
1747286803.958037,ID:0,STAGE:1,SEQUENCE:0,DATA:{'page':'{'page': 'countdown', 'action': 'countdown now 4'}','action':'None','timestamp':1747286803954},ANY:{'page': {'page': 'countdown', 'action': 'countdown now 4'}, 'timestamp': 1747286803954}
1747286804.959994,ID:0,STAGE:1,SEQUENCE:0,DATA:{'page':'{'page': 'countdown', 'action': 'countdown now 3'}','action':'None','timestamp':1747286804954},ANY:{'page': {'page': 'countdown', 'action': 'countdown now 3'}, 'timestamp': 1747286804954}
1747286805.961559,ID:0,STAGE:1,SEQUENCE:0,DATA:{'page':'{'page': 'countdown', 'action': 'countdown now 2'}','action':'None','timestamp':1747286805955},ANY:{'page': {'page': 'countdown', 'action': 'countdown now 2'}, 'timestamp': 1747286805955}
1747286806.960995,ID:0,STAGE:1,SEQUENCE:0,DATA:{'page':'{'page': 'countdown', 'action': 'countdown now 1'}','action':'None','timestamp':1747286806956},ANY:{'page': {'page': 'countdown', 'action': 'countdown now 1'}, 'timestamp': 1747286806956}
1747286807.960117,ID:0,STAGE:1,SEQUENCE:0,DATA:{'page':'{'page': 'countdown', 'action': 'countdown now 0'}','action':'None','timestamp':1747286807956},ANY:{'page': {'page': 'countdown', 'action': 'countdown now 0'}, 'timestamp': 1747286807956}
1747286808.962627,ID:0,STAGE:1,SEQUENCE:0,DATA:{'page':'{'page': 'countdown', 'action': 'countdown complete'}','action':'None','timestamp':1747286808957},ANY:{'page': {'page': 'countdown', 'action': 'countdown complete'}, 'timestamp': 1747286808957}
1747286810.018422,ID:0,STAGE:1,SEQUENCE:0,DATA:{'page':'{'page': 'map', 'action': 'selected helipad', 'value': '21'}','action':'None','timestamp':1747286810010},ANY:{'page': {'page': 'map', 'action': 'selected helipad', 'value': '21'}, 'timestamp': 1747286810010}
1747286814.094014,ID:0,STAGE:1,SEQUENCE:0,DATA:{'page':'{'page': 'emergency', 'action': 'trying to change destination to100'}','action':'None','timestamp':1747286814091},ANY:{'page': {'page': 'emergency', 'action': 'trying to change destination to100'}, 'timestamp': 1747286814091}
1747286819.099391,ID:0,STAGE:1,SEQUENCE:0,DATA:{'page':'{'page': 'emergency', 'action': 'trying to change destination to19'}','action':'None','timestamp':1747286819095},ANY:{'page': {'page': 'emergency', 'action': 'trying to change destination to19'}, 'timestamp': 1747286819095}
1747286824.105048,ID:0,STAGE:1,SEQUENCE:0,DATA:{'page':'{'page': 'emergency', 'action': 'trying to change destination to19'}','action':'None','timestamp':1747286824100},ANY:{'page': {'page': 'emergency', 'action': 'trying to change destination to19'}, 'timestamp': 1747286824100}
1747286829.106503,ID:0,STAGE:1,SEQUENCE:0,DATA:{'page':'{'page': 'emergency', 'action': 'trying to change destination to19'}','action':'None','timestamp':1747286829100},ANY:{'page': {'page': 'emergency', 'action': 'trying to change destination to19'}, 'timestamp': 1747286829100}
1747286834.103454,ID:0,STAGE:1,SEQUENCE:0,DATA:{'page':'{'page': 'emergency', 'action': 'trying to change destination to19'}','action':'None','timestamp':1747286834098},ANY:{'page': {'page': 'emergency', 'action': 'trying to change destination to19'}, 'timestamp': 1747286834098}
1747286839.104243,ID:0,STAGE:1,SEQUENCE:0,DATA:{'page':'{'page': 'emergency', 'action': 'trying to change destination to19'}','action':'None','timestamp':1747286839099},ANY:{'page': {'page': 'emergency', 'action': 'trying to change destination to19'}, 'timestamp': 1747286839099}
1747286844.125777,ID:0,STAGE:1,SEQUENCE:0,DATA:{'page':'{'page': 'emergency', 'action': 'trying to change destination to19'}','action':'None','timestamp':1747286844120},ANY:{'page': {'page': 'emergency', 'action': 'trying to change destination to19'}, 'timestamp': 1747286844120}
1747286845.009621,ID:0,STAGE:1,SEQUENCE:0,DATA:{'page':'{'page': 'map', 'action': 'show map'}','action':'None','timestamp':1747286845000},ANY:{'page': {'page': 'map', 'action': 'show map'}, 'timestamp': 1747286845000}
1747286845.009859,ID:0,STAGE:1,SEQUENCE:0,DATA:{'page':'{'page': 'map', 'action': 'selected helipad', 'value': '21'}','action':'None','timestamp':1747286845002},ANY:{'page': {'page': 'map', 'action': 'selected helipad', 'value': '21'}, 'timestamp': 1747286845002}
1747286849.135492,ID:0,STAGE:1,SEQUENCE:0,DATA:{'page':'{'page': 'emergency', 'action': 'trying to change destination to19'}','action':'None','timestamp':1747286849131},ANY:{'page': {'page': 'emergency', 'action': 'trying to change destination to19'}, 'timestamp': 1747286849131}
1747286849.940824,ID:0,STAGE:1,SEQUENCE:0,DATA:{'page':'{'page': 'map', 'action': 'hide map'}','action':'None','timestamp':1747286849934},ANY:{'page': {'page': 'map', 'action': 'hide map'}, 'timestamp': 1747286849934}
1747286854.148171,ID:0,STAGE:1,SEQUENCE:0,DATA:{'page':'{'page': 'emergency', 'action': 'trying to change destination to19'}','action':'None','timestamp':1747286854142},ANY:{'page': {'page': 'emergency', 'action': 'trying to change destination to19'}, 'timestamp': 1747286854142}
1747286859.254828,ID:0,STAGE:1,SEQUENCE:0,DATA:{'page':'{'page': 'emergency', 'action': 'trying to change destination to19'}','action':'None','timestamp':1747286859249},ANY:{'page': {'page': 'emergency', 'action': 'trying to change destination to19'}, 'timestamp': 1747286859249}
1747286864.410865,ID:0,STAGE:1,SEQUENCE:0,DATA:{'page':'{'page': 'emergency', 'action': 'trying to change destination to19'}','action':'None','timestamp':1747286864405},ANY:{'page': {'page': 'emergency', 'action': 'trying to change destination to19'}, 'timestamp': 1747286864405}
1747286869.460412,ID:0,STAGE:1,SEQUENCE:0,DATA:{'page':'{'page': 'emergency', 'action': 'trying to change destination to19'}','action':'None','timestamp':1747286869455},ANY:{'page': {'page': 'emergency', 'action': 'trying to change destination to19'}, 'timestamp': 1747286869455}
1747286869.463377,ID:0,STAGE:1,SEQUENCE:0,DATA:{'page':'{'page': 'map', 'action': 'hide map'}','action':'None','timestamp':1747286869457},ANY:{'page': {'page': 'map', 'action': 'hide map'}, 'timestamp': 1747286869457}
1747286869.463641,ID:0,STAGE:1,SEQUENCE:0,DATA:{'page':'{'page': 'Inflight', 'action': ' Altitude alert activated'}','action':'None','timestamp':1747286869458},ANY:{'page': {'page': 'Inflight', 'action': ' Altitude alert activated'}, 'timestamp': 1747286869458}
1747286869.463563,ID:0,STAGE:1,SEQUENCE:0,DATA:{'page':'{'page': 'emergency', 'action': 'show Altitude Miscalibrated Warning, hide map'}','action':'None','timestamp':1747286869456},ANY:{'page': {'page': 'emergency', 'action': 'show Altitude Miscalibrated Warning, hide map'}, 'timestamp': 1747286869456}
1747286869.465845,ID:0,STAGE:1,SEQUENCE:0,DATA:{'page':'{'page': 'Inflight', 'action': 'showing emergency: low Sensor Miscalibrated <div> Report the reading from the secondary altitude gauge</div>'}','action':'None','timestamp':1747286869460},ANY:{'page': {'page': 'Inflight', 'action': 'showing emergency: low Sensor Miscalibrated <div> Report the reading from the secondary altitude gauge</div>'}, 'timestamp': 1747286869460}
1747286869.467473,ID:0,STAGE:1,SEQUENCE:0,DATA:{'page':'{'page': 'Jarvis speaking', 'action': 'Message: Primary Altitude sensor miscalibrated. Request reading from secondary altitude gauge, left panel, second dial. Stress level: normal'}','action':'None','timestamp':1747286869462},ANY:{'page': {'page': 'Jarvis speaking', 'action': 'Message: Primary Altitude sensor miscalibrated. Request reading from secondary altitude gauge, left panel, second dial. Stress level: normal'}, 'timestamp': 1747286869462}
1747286874.488175,ID:0,STAGE:1,SEQUENCE:0,DATA:{'page':'{'page': 'emergency', 'action': 'trying to change destination to19'}','action':'None','timestamp':1747286874482},ANY:{'page': {'page': 'emergency', 'action': 'trying to change destination to19'}, 'timestamp': 1747286874482}
1747286879.562803,ID:0,STAGE:1,SEQUENCE:0,DATA:{'page':'{'page': 'Jarvis speaking', 'action': 'Message: Reminder: Primary Altitude sensor miscalibrated. Request reading from secondary altitude gauge, left panel, second dial. Stress level: low'}','action':'None','timestamp':1747286879552},ANY:{'page': {'page': 'Jarvis speaking', 'action': 'Message: Reminder: Primary Altitude sensor miscalibrated. Request reading from secondary altitude gauge, left panel, second dial. Stress level: low'}, 'timestamp': 1747286879552}
1747286879.576455,ID:0,STAGE:1,SEQUENCE:0,DATA:{'page':'{'page': 'emergency', 'action': 'trying to change destination to19'}','action':'None','timestamp':1747286879571},ANY:{'page': {'page': 'emergency', 'action': 'trying to change destination to19'}, 'timestamp': 1747286879571}
1747286884.599211,ID:0,STAGE:1,SEQUENCE:0,DATA:{'page':'{'page': 'emergency', 'action': 'trying to change destination to19'}','action':'None','timestamp':1747286884593},ANY:{'page': {'page': 'emergency', 'action': 'trying to change destination to19'}, 'timestamp': 1747286884593}
1747286889.557714,ID:0,STAGE:1,SEQUENCE:0,DATA:{'page':'{'page': 'Jarvis speaking', 'action': 'Message: Reminder: Primary Altitude sensor miscalibrated. Request reading from secondary altitude gauge, left panel, second dial. Stress level: low'}','action':'None','timestamp':1747286889552},ANY:{'page': {'page': 'Jarvis speaking', 'action': 'Message: Reminder: Primary Altitude sensor miscalibrated. Request reading from secondary altitude gauge, left panel, second dial. Stress level: low'}, 'timestamp': 1747286889552}
1747286889.599681,ID:0,STAGE:1,SEQUENCE:0,DATA:{'page':'{'page': 'emergency', 'action': 'trying to change destination to19'}','action':'None','timestamp':1747286889596},ANY:{'page': {'page': 'emergency', 'action': 'trying to change destination to19'}, 'timestamp': 1747286889596}
1747286894.610265,ID:0,STAGE:1,SEQUENCE:0,DATA:{'page':'{'page': 'emergency', 'action': 'trying to change destination to19'}','action':'None','timestamp':1747286894607},ANY:{'page': {'page': 'emergency', 'action': 'trying to change destination to19'}, 'timestamp': 1747286894607}
1747286899.558586,ID:0,STAGE:1,SEQUENCE:0,DATA:{'page':'{'page': 'Jarvis speaking', 'action': 'Message: Reminder: Primary Altitude sensor miscalibrated. Request reading from secondary altitude gauge, left panel, second dial. Stress level: low'}','action':'None','timestamp':1747286899553},ANY:{'page': {'page': 'Jarvis speaking', 'action': 'Message: Reminder: Primary Altitude sensor miscalibrated. Request reading from secondary altitude gauge, left panel, second dial. Stress level: low'}, 'timestamp': 1747286899553}
1747286899.619989,ID:0,STAGE:1,SEQUENCE:0,DATA:{'page':'{'page': 'emergency', 'action': 'trying to change destination to19'}','action':'None','timestamp':1747286899617},ANY:{'page': {'page': 'emergency', 'action': 'trying to change destination to19'}, 'timestamp': 1747286899617}
1747286904.705507,ID:0,STAGE:1,SEQUENCE:0,DATA:{'page':'{'page': 'emergency', 'action': 'trying to change destination to19'}','action':'None','timestamp':1747286904700},ANY:{'page': {'page': 'emergency', 'action': 'trying to change destination to19'}, 'timestamp': 1747286904700}
