INFO:root:1721319140.565693,ID:1004,STAGE:4,SEQUENCE:1243,DATA:{'time': 1721319140.562, 'user-id': '1004', 'source': 'HAI Interface', 'destination-index': 'None', 'study-stage': '4', 'decision-state': 0, 'vitals-state': 0, 'airspace-state': 0, 'data': {'page': 'index', 'action': 'confirm button pressed'}}
INFO:root:1721319140.667556,ID:1004,STAGE:4,SEQUENCE:1243,DATA:{'time': 1721319140.662, 'user-id': 'none', 'source': 'HAI Interface', 'destination-index': 3, 'study-stage': -1, 'decision-state': 0, 'vitals-state': 0, 'airspace-state': 0, 'data': {'page': 'location', 'action': 'opened page'}}
INFO:root:Takeoff radiocomms initiated
INFO:comtypes.client._code_cache:Imported existing <module 'comtypes.gen' from 'C:\\Users\\ae-dagbeyibor3\\AppData\\Local\\Programs\\Python\\Python312\\Lib\\site-packages\\comtypes\\gen\\__init__.py'>
INFO:comtypes.client._code_cache:Using writeable comtypes cache directory: 'C:\Users\ae-dagbeyibor3\AppData\Local\Programs\Python\Python312\Lib\site-packages\comtypes\gen'
INFO:root:1721319141.634181,ID:1004,STAGE:4,SEQUENCE:1243,DATA:{'time': 1721319141.63, 'user-id': '1004', 'source': 'HAI Interface', 'destination-index': 'None', 'study-stage': '4', 'decision-state': 0, 'vitals-state': 0, 'airspace-state': 0, 'data': {'page': 'map', 'action': 'selected helipad', 'value': '21'}}
INFO:root:1721319143.202379,ID:1004,STAGE:4,SEQUENCE:1243,DATA:{'time': 1721319143.198, 'user-id': '1004', 'source': 'HAI Interface', 'destination-index': 'None', 'study-stage': '4', 'decision-state': 0, 'vitals-state': 0, 'airspace-state': 0, 'data': {'page': 'location', 'action': 'confirm button pressed'}}
INFO:root:1721319143.482954,ID:1004,STAGE:4,SEQUENCE:1243,DATA:{'time': 1721319143.474, 'user-id': 'none', 'source': 'HAI Interface', 'destination-index': 3, 'study-stage': -1, 'decision-state': 0, 'vitals-state': 0, 'airspace-state': 0, 'data': {'page': 'checklist', 'action': 'opened page', 'inflight': False}}
INFO:root:1721319144.446114,ID:1004,STAGE:4,SEQUENCE:1243,DATA:{'time': 1721319144.442, 'user-id': '1004', 'source': 'HAI Interface', 'destination-index': '3', 'study-stage': '4', 'decision-state': 0, 'vitals-state': 0, 'airspace-state': 0, 'data': {'page': 'map', 'action': 'selected helipad', 'value': '21'}}
INFO:root:1721319147.420614,ID:1004,STAGE:4,SEQUENCE:1243,DATA:{'time': 1721319147.417, 'user-id': '1004', 'source': 'HAI Interface', 'destination-index': '3', 'study-stage': '4', 'decision-state': 0, 'vitals-state': 0, 'airspace-state': 0, 'data': {'page': 'checklist', 'action': 'toggled checkbox', 'inflight': False, 'item': 0, 'value': 'OFF'}}
INFO:root:1721319147.776518,ID:1004,STAGE:4,SEQUENCE:1243,DATA:{'time': 1721319147.773, 'user-id': '1004', 'source': 'HAI Interface', 'destination-index': '3', 'study-stage': '4', 'decision-state': 0, 'vitals-state': 0, 'airspace-state': 0, 'data': {'page': 'checklist', 'action': 'toggled checkbox', 'inflight': False, 'item': 1, 'value': 'OFF'}}
INFO:root:1721319148.254112,ID:1004,STAGE:4,SEQUENCE:1243,DATA:{'time': 1721319148.25, 'user-id': '1004', 'source': 'HAI Interface', 'destination-index': '3', 'study-stage': '4', 'decision-state': 0, 'vitals-state': 0, 'airspace-state': 0, 'data': {'page': 'checklist', 'action': 'toggled checkbox', 'inflight': False, 'item': 2, 'value': 'OFF'}}
INFO:root:1721319148.256567,ID:1004,STAGE:4,SEQUENCE:1243,DATA:{'time': 1721319148.25, 'user-id': '1004', 'source': 'HAI Interface', 'destination-index': '3', 'study-stage': '4', 'decision-state': 0, 'vitals-state': 0, 'airspace-state': 0, 'data': {'page': 'checklist', 'action': 'showing confirm button', 'inflight': False}}
INFO:root:1721319148.838222,ID:1004,STAGE:4,SEQUENCE:1243,DATA:{'time': 1721319148.834, 'user-id': '1004', 'source': 'HAI Interface', 'destination-index': '3', 'study-stage': '4', 'decision-state': 0, 'vitals-state': 0, 'airspace-state': 0, 'data': {'page': 'checklist', 'action': 'confirm button clicked', 'inflight': False}}
INFO:root:1721319148.959323,ID:1004,STAGE:4,SEQUENCE:1243,DATA:{'time': 1721319148.926, 'user-id': 'none', 'source': 'HAI Interface', 'destination-index': 3, 'study-stage': -1, 'decision-state': 0, 'vitals-state': 0, 'airspace-state': 0, 'data': {'page': 'countdown', 'action': 'opened page'}}
INFO:root:1721319149.897112,ID:1004,STAGE:4,SEQUENCE:1243,DATA:{'time': 1721319149.893, 'user-id': '1004', 'source': 'HAI Interface', 'destination-index': '3', 'study-stage': '4', 'decision-state': 0, 'vitals-state': 0, 'airspace-state': 0, 'data': {'page': 'map', 'action': 'selected helipad', 'value': '21'}}
INFO:root:1721319149.934155,ID:1004,STAGE:4,SEQUENCE:1243,DATA:{'time': 1721319149.931, 'user-id': '1004', 'source': 'HAI Interface', 'destination-index': '3', 'study-stage': '4', 'decision-state': 0, 'vitals-state': 0, 'airspace-state': 0, 'data': {'page': 'countdown', 'action': 'countdown now 4'}}
INFO:root:1721319150.933463,ID:1004,STAGE:4,SEQUENCE:1243,DATA:{'time': 1721319150.93, 'user-id': '1004', 'source': 'HAI Interface', 'destination-index': '3', 'study-stage': '4', 'decision-state': 0, 'vitals-state': 0, 'airspace-state': 0, 'data': {'page': 'countdown', 'action': 'countdown now 3'}}
INFO:root:1721319151.935616,ID:1004,STAGE:4,SEQUENCE:1243,DATA:{'time': 1721319151.93, 'user-id': '1004', 'source': 'HAI Interface', 'destination-index': '3', 'study-stage': '4', 'decision-state': 0, 'vitals-state': 0, 'airspace-state': 0, 'data': {'page': 'countdown', 'action': 'countdown now 2'}}
INFO:root:1721319152.934214,ID:1004,STAGE:4,SEQUENCE:1243,DATA:{'time': 1721319152.93, 'user-id': '1004', 'source': 'HAI Interface', 'destination-index': '3', 'study-stage': '4', 'decision-state': 0, 'vitals-state': 0, 'airspace-state': 0, 'data': {'page': 'countdown', 'action': 'countdown now 1'}}
INFO:root:1721319153.933493,ID:1004,STAGE:4,SEQUENCE:1243,DATA:{'time': 1721319153.93, 'user-id': '1004', 'source': 'HAI Interface', 'destination-index': '3', 'study-stage': '4', 'decision-state': 0, 'vitals-state': 0, 'airspace-state': 0, 'data': {'page': 'countdown', 'action': 'countdown now 0'}}
INFO:root:1721319154.931582,ID:1004,STAGE:4,SEQUENCE:1243,DATA:{'time': 1721319154.927, 'user-id': '1004', 'source': 'HAI Interface', 'destination-index': '3', 'study-stage': '4', 'decision-state': 0, 'vitals-state': 0, 'airspace-state': 0, 'data': {'page': 'countdown', 'action': 'countdown complete'}}
INFO:root:1721319156.266445,ID:1004,STAGE:4,SEQUENCE:1243,DATA:{'time': 1721319156.263, 'user-id': '1004', 'source': 'HAI Interface', 'destination-index': '3', 'study-stage': '4', 'decision-state': 0, 'vitals-state': 0, 'airspace-state': 0, 'data': {'page': 'map', 'action': 'selected helipad', 'value': '21'}}
INFO:root:Takeoff radiocomms clear request sent
INFO:root:1721319160.458443,ID:1004,STAGE:4,SEQUENCE:1243,DATA:{'time': 1721319160.453, 'user-id': '1004', 'source': 'HAI Interface', 'destination-index': '3', 'study-stage': '4', 'decision-state': 0, 'vitals-state': 0, 'airspace-state': 0, 'data': {'page': 'emergency', 'action': 'trying to change destination to100'}}
INFO:root:1721319165.461232,ID:1004,STAGE:4,SEQUENCE:1243,DATA:{'time': 1721319165.455, 'user-id': '1004', 'source': 'HAI Interface', 'destination-index': '3', 'study-stage': '4', 'decision-state': 0, 'vitals-state': 0, 'airspace-state': 0, 'data': {'page': 'emergency', 'action': 'trying to change destination to19'}}
INFO:root:Inflight Radio Update asked
INFO:root:sent request to set radio update complete
INFO:root:1721319168.960951,ID:1004,STAGE:4,SEQUENCE:1243,DATA:{'time': 1721319168.957, 'user-id': '1004', 'source': 'HAI Interface', 'destination-index': '3', 'study-stage': '4', 'decision-state': 0, 'vitals-state': 0, 'airspace-state': 0, 'data': {'action': 'radio panel opened'}}
INFO:root:1721319170.471785,ID:1004,STAGE:4,SEQUENCE:1243,DATA:{'time': 1721319170.468, 'user-id': '1004', 'source': 'HAI Interface', 'destination-index': '3', 'study-stage': '4', 'decision-state': 0, 'vitals-state': 0, 'airspace-state': 0, 'data': {'page': 'emergency', 'action': 'trying to change destination to19'}}
INFO:root:1721319172.248482,ID:1004,STAGE:4,SEQUENCE:1243,DATA:{'time': 1721319172.245, 'user-id': '1004', 'source': 'HAI Interface', 'destination-index': '3', 'study-stage': '4', 'decision-state': 0, 'vitals-state': 0, 'airspace-state': 0, 'data': {'action': 'transmit button pressed'}}
INFO:root:1721319172.251473,ID:1004,STAGE:4,SEQUENCE:1243,DATA:{'time': 1721319172.245, 'user-id': '1004', 'source': 'HAI Interface', 'destination-index': '3', 'study-stage': '4', 'decision-state': 0, 'vitals-state': 0, 'airspace-state': 0, 'data': {'action': 'callsign set to: + NASXGS'}}
INFO:root:1721319172.252472,ID:1004,STAGE:4,SEQUENCE:1243,DATA:{'time': 1721319172.245, 'user-id': '1004', 'source': 'HAI Interface', 'destination-index': '3', 'study-stage': '4', 'decision-state': 0, 'vitals-state': 0, 'airspace-state': 0, 'data': {'action': 'radio set to:Comm1'}}
INFO:root:1721319172.255969,ID:1004,STAGE:4,SEQUENCE:1243,DATA:{'time': 1721319172.246, 'user-id': '1004', 'source': 'HAI Interface', 'destination-index': '3', 'study-stage': '4', 'decision-state': 0, 'vitals-state': 0, 'airspace-state': 0, 'data': {'page': 'map', 'action': 'show map'}}
INFO:root:1721319172.258965,ID:1004,STAGE:4,SEQUENCE:1243,DATA:{'time': 1721319172.246, 'user-id': '1004', 'source': 'HAI Interface', 'destination-index': '3', 'study-stage': '4', 'decision-state': 0, 'vitals-state': 0, 'airspace-state': 0, 'data': {'page': 'map', 'action': 'selected helipad', 'value': '21'}}
INFO:root:1721319172.261004,ID:1004,STAGE:4,SEQUENCE:1243,DATA:{'time': 1721319172.251, 'user-id': '1004', 'source': 'HAI Interface', 'destination-index': '3', 'study-stage': '4', 'decision-state': 0, 'vitals-state': 0, 'airspace-state': 0, 'data': {'action': 'NASXGStransmitting updates onComm1123.45 MHz'}}
INFO:root:1721319175.403314,ID:1004,STAGE:4,SEQUENCE:1243,DATA:{'time': 1721319175.399, 'user-id': '1004', 'source': 'HAI Interface', 'destination-index': '3', 'study-stage': '4', 'decision-state': 0, 'vitals-state': 0, 'airspace-state': 0, 'data': {'page': 'emergency', 'action': 'trying to change destination to19'}}
INFO:root:1721319180.450565,ID:1004,STAGE:4,SEQUENCE:1243,DATA:{'time': 1721319180.447, 'user-id': '1004', 'source': 'HAI Interface', 'destination-index': '3', 'study-stage': '4', 'decision-state': 0, 'vitals-state': 0, 'airspace-state': 0, 'data': {'page': 'emergency', 'action': 'trying to change destination to19'}}
INFO:root:1721319185.485316,ID:1004,STAGE:4,SEQUENCE:1243,DATA:{'time': 1721319185.477, 'user-id': '1004', 'source': 'HAI Interface', 'destination-index': '3', 'study-stage': '4', 'decision-state': 0, 'vitals-state': 0, 'airspace-state': 0, 'data': {'page': 'emergency', 'action': 'trying to change destination to19'}}
INFO:root:1721319190.456577,ID:1004,STAGE:4,SEQUENCE:1243,DATA:{'time': 1721319190.451, 'user-id': '1004', 'source': 'HAI Interface', 'destination-index': '3', 'study-stage': '4', 'decision-state': 0, 'vitals-state': 0, 'airspace-state': 0, 'data': {'page': 'emergency', 'action': 'trying to change destination to19'}}
INFO:root:1721319192.913837,ID:1004,STAGE:4,SEQUENCE:1243,DATA:{'time': 1721319192.911, 'user-id': '1004', 'source': 'HAI Interface', 'destination-index': '3', 'study-stage': '4', 'decision-state': 0, 'vitals-state': 0, 'airspace-state': 0, 'data': {'page': 'map', 'action': 'hide map'}}
INFO:root:1721319195.485597,ID:1004,STAGE:4,SEQUENCE:1243,DATA:{'time': 1721319195.476, 'user-id': '1004', 'source': 'HAI Interface', 'destination-index': '3', 'study-stage': '4', 'decision-state': 0, 'vitals-state': 0, 'airspace-state': 0, 'data': {'page': 'emergency', 'action': 'trying to change destination to19'}}
INFO:root:1721319200.421217,ID:1004,STAGE:4,SEQUENCE:1243,DATA:{'time': 1721319200.416, 'user-id': '1004', 'source': 'HAI Interface', 'destination-index': '3', 'study-stage': '4', 'decision-state': 0, 'vitals-state': 0, 'airspace-state': 0, 'data': {'page': 'emergency', 'action': 'trying to change destination to19'}}
INFO:root:1721319205.41596,ID:1004,STAGE:4,SEQUENCE:1243,DATA:{'time': 1721319205.411, 'user-id': '1004', 'source': 'HAI Interface', 'destination-index': '3', 'study-stage': '4', 'decision-state': 0, 'vitals-state': 0, 'airspace-state': 0, 'data': {'page': 'emergency', 'action': 'trying to change destination to19'}}
INFO:root:1721319210.425287,ID:1004,STAGE:4,SEQUENCE:1243,DATA:{'time': 1721319210.421, 'user-id': '1004', 'source': 'HAI Interface', 'destination-index': '3', 'study-stage': '4', 'decision-state': 0, 'vitals-state': 0, 'airspace-state': 0, 'data': {'page': 'emergency', 'action': 'trying to change destination to19'}}
INFO:root:1721319212.915798,ID:1004,STAGE:4,SEQUENCE:1243,DATA:{'time': 1721319212.911, 'user-id': '1004', 'source': 'HAI Interface', 'destination-index': '3', 'study-stage': '4', 'decision-state': 0, 'vitals-state': 0, 'airspace-state': 0, 'data': {'page': 'inflight', 'action': 'displaying vitals prompt'}}
INFO:root:1721319215.385865,ID:1004,STAGE:4,SEQUENCE:1243,DATA:{'time': 1721319215.381, 'user-id': '1004', 'source': 'HAI Interface', 'destination-index': '3', 'study-stage': '4', 'decision-state': 0, 'vitals-state': 0, 'airspace-state': 0, 'data': {'page': 'inflight', 'action': 'user acknowledged vitals prompt'}}
INFO:root:1721319215.423296,ID:1004,STAGE:4,SEQUENCE:1243,DATA:{'time': 1721319215.418, 'user-id': '1004', 'source': 'HAI Interface', 'destination-index': '3', 'study-stage': '4', 'decision-state': 0, 'vitals-state': 0, 'airspace-state': 0, 'data': {'page': 'emergency', 'action': 'trying to change destination to19'}}
INFO:root:1721319218.109144,ID:1004,STAGE:4,SEQUENCE:1243,DATA:{'time': 1721319218.107, 'source': 'VitalsTask', 'timer': 218.351, 'data': {'sensor': 'Heart Rate', 'action': 'opened sensor tab'}}
INFO:root:1721319219.527184,ID:1004,STAGE:4,SEQUENCE:1243,DATA:{'time': 1721319219.525, 'source': 'VitalsTask', 'timer': 219.769, 'data': {'sensor': 'Heart Rate', 'action': 'capture', 'data': 'action button pressed'}}
INFO:root:1721319219.52957,ID:1004,STAGE:4,SEQUENCE:1243,DATA:{'time': 1721319219.526, 'source': 'VitalsTask', 'timer': 219.77, 'data': {'sensor': 'Heart Rate', 'action': 'capture', 'data': 'starting sensor action'}}
INFO:root:1721319220.471609,ID:1004,STAGE:4,SEQUENCE:1243,DATA:{'time': 1721319220.467, 'user-id': '1004', 'source': 'HAI Interface', 'destination-index': '3', 'study-stage': '4', 'decision-state': 0, 'vitals-state': 0, 'airspace-state': 0, 'data': {'page': 'emergency', 'action': 'trying to change destination to19'}}
INFO:root:1721319220.543193,ID:1004,STAGE:4,SEQUENCE:1243,DATA:{'time': 1721319220.542, 'source': 'VitalsTask', 'timer': 220.786, 'data': {'sensor': 'Heart Rate', 'action': 'capture', 'data': 'sensor action complete'}}
INFO:root:1721319220.545123,ID:1004,STAGE:4,SEQUENCE:1243,DATA:{'time': 1721319220.542, 'source': 'VitalsTask', 'timer': 220.786, 'data': {'sensor': 'Heart Rate', 'action': 'keypad open'}}
INFO:root:1721319221.339694,ID:1004,STAGE:4,SEQUENCE:1243,DATA:{'time': 1721319221.337, 'source': 'VitalsTask', 'timer': 221.581, 'data': {'sensor': 'Heart Rate', 'action': 'keypad press', 'key': 5, 'value': 5}}
INFO:root:1721319221.832915,ID:1004,STAGE:4,SEQUENCE:1243,DATA:{'time': 1721319221.831, 'source': 'VitalsTask', 'timer': 222.075, 'data': {'sensor': 'Heart Rate', 'action': 'keypad press', 'key': 5, 'value': 55}}
INFO:root:1721319222.888906,ID:1004,STAGE:4,SEQUENCE:1243,DATA:{'time': 1721319222.886, 'source': 'VitalsTask', 'timer': 223.13, 'data': {'sensor': 'Heart Rate', 'action': 'show action buttons'}}
INFO:root:1721319222.892401,ID:1004,STAGE:4,SEQUENCE:1243,DATA:{'time': 1721319222.887, 'source': 'VitalsTask', 'timer': 223.131, 'data': {'sensor': 'Heart Rate', 'action': 'keypad press', 'key': 10, 'value': 55}}
INFO:root:1721319224.191744,ID:1004,STAGE:4,SEQUENCE:1243,DATA:{'time': 1721319224.189, 'source': 'VitalsTask', 'timer': 224.433, 'data': {'sensor': 'Heart Rate', 'action': 'log', 'data': 'action button pressed'}}
INFO:root:1721319224.194736,ID:1004,STAGE:4,SEQUENCE:1243,DATA:{'time': 1721319224.189, 'source': 'VitalsTask', 'timer': 224.433, 'data': {'sensor': 'Heart Rate', 'action': 'log', 'data': 'starting sensor action'}}
INFO:root:1721319225.20993,ID:1004,STAGE:4,SEQUENCE:1243,DATA:{'time': 1721319225.208, 'source': 'VitalsTask', 'timer': 225.452, 'data': {'sensor': 'Heart Rate', 'action': 'log', 'data': 'sensor action complete'}}
INFO:root:1721319225.46967,ID:1004,STAGE:4,SEQUENCE:1243,DATA:{'time': 1721319225.465, 'user-id': '1004', 'source': 'HAI Interface', 'destination-index': '3', 'study-stage': '4', 'decision-state': 0, 'vitals-state': 0, 'airspace-state': 0, 'data': {'page': 'emergency', 'action': 'trying to change destination to19'}}
INFO:root:1721319225.818936,ID:1004,STAGE:4,SEQUENCE:1243,DATA:{'time': 1721319225.817, 'source': 'VitalsTask', 'timer': 226.061, 'data': {'sensor': 'Heart Rate', 'action': 'save', 'data': 'action button pressed'}}
INFO:root:1721319225.820566,ID:1004,STAGE:4,SEQUENCE:1243,DATA:{'time': 1721319225.817, 'source': 'VitalsTask', 'timer': 226.061, 'data': {'sensor': 'Heart Rate', 'action': 'save', 'data': 'starting sensor action'}}
INFO:root:1721319226.832924,ID:1004,STAGE:4,SEQUENCE:1243,DATA:{'time': 1721319226.831, 'source': 'VitalsTask', 'timer': 227.075, 'data': {'sensor': 'Heart Rate', 'action': 'save', 'data': 'sensor action complete'}}
INFO:root:1721319227.336342,ID:1004,STAGE:4,SEQUENCE:1243,DATA:{'time': 1721319227.335, 'source': 'VitalsTask', 'timer': 227.579, 'data': {'sensor': 'O\u2082 Saturation', 'action': 'opened sensor tab'}}
INFO:root:1721319228.592298,ID:1004,STAGE:4,SEQUENCE:1243,DATA:{'time': 1721319228.591, 'source': 'VitalsTask', 'timer': 228.835, 'data': {'sensor': 'O\u2082 Saturation', 'action': 'capture', 'data': 'action button pressed'}}
INFO:root:1721319228.593699,ID:1004,STAGE:4,SEQUENCE:1243,DATA:{'time': 1721319228.591, 'source': 'VitalsTask', 'timer': 228.835, 'data': {'sensor': 'O\u2082 Saturation', 'action': 'capture', 'data': 'starting sensor action'}}
INFO:root:1721319229.606401,ID:1004,STAGE:4,SEQUENCE:1243,DATA:{'time': 1721319229.604, 'source': 'VitalsTask', 'timer': 229.848, 'data': {'sensor': 'O\u2082 Saturation', 'action': 'capture', 'data': 'sensor action complete'}}
INFO:root:1721319229.607401,ID:1004,STAGE:4,SEQUENCE:1243,DATA:{'time': 1721319229.605, 'source': 'VitalsTask', 'timer': 229.849, 'data': {'sensor': 'O\u2082 Saturation', 'action': 'keypad open'}}
INFO:root:1721319230.42865,ID:1004,STAGE:4,SEQUENCE:1243,DATA:{'time': 1721319230.424, 'user-id': '1004', 'source': 'HAI Interface', 'destination-index': '3', 'study-stage': '4', 'decision-state': 0, 'vitals-state': 0, 'airspace-state': 0, 'data': {'page': 'emergency', 'action': 'trying to change destination to19'}}
INFO:root:1721319231.103773,ID:1004,STAGE:4,SEQUENCE:1243,DATA:{'time': 1721319231.103, 'source': 'VitalsTask', 'timer': 231.347, 'data': {'sensor': 'O\u2082 Saturation', 'action': 'keypad press', 'key': 1, 'value': 1}}
INFO:root:1721319232.121389,ID:1004,STAGE:4,SEQUENCE:1243,DATA:{'time': 1721319232.119, 'source': 'VitalsTask', 'timer': 232.363, 'data': {'sensor': 'O\u2082 Saturation', 'action': 'keypad press', 'key': 11, 'value': 10}}
INFO:root:1721319232.708627,ID:1004,STAGE:4,SEQUENCE:1243,DATA:{'time': 1721319232.701, 'source': 'VitalsTask', 'timer': 232.945, 'data': {'sensor': 'O\u2082 Saturation', 'action': 'keypad press', 'key': 11, 'value': 100}}
INFO:root:1721319233.475661,ID:1004,STAGE:4,SEQUENCE:1243,DATA:{'time': 1721319233.474, 'source': 'VitalsTask', 'timer': 233.718, 'data': {'sensor': 'O\u2082 Saturation', 'action': 'show action buttons'}}
INFO:root:1721319233.478659,ID:1004,STAGE:4,SEQUENCE:1243,DATA:{'time': 1721319233.475, 'source': 'VitalsTask', 'timer': 233.719, 'data': {'sensor': 'O\u2082 Saturation', 'action': 'keypad press', 'key': 10, 'value': 100}}
INFO:root:1721319235.45503,ID:1004,STAGE:4,SEQUENCE:1243,DATA:{'time': 1721319235.454, 'source': 'VitalsTask', 'timer': 235.698, 'data': {'sensor': 'O\u2082 Saturation', 'action': 'log', 'data': 'action button pressed'}}
INFO:root:1721319235.459165,ID:1004,STAGE:4,SEQUENCE:1243,DATA:{'time': 1721319235.454, 'source': 'VitalsTask', 'timer': 235.698, 'data': {'sensor': 'O\u2082 Saturation', 'action': 'log', 'data': 'starting sensor action'}}
INFO:root:1721319235.477884,ID:1004,STAGE:4,SEQUENCE:1243,DATA:{'time': 1721319235.473, 'user-id': '1004', 'source': 'HAI Interface', 'destination-index': '3', 'study-stage': '4', 'decision-state': 0, 'vitals-state': 0, 'airspace-state': 0, 'data': {'page': 'emergency', 'action': 'trying to change destination to19'}}
INFO:root:1721319236.469733,ID:1004,STAGE:4,SEQUENCE:1243,DATA:{'time': 1721319236.469, 'source': 'VitalsTask', 'timer': 236.713, 'data': {'sensor': 'O\u2082 Saturation', 'action': 'log', 'data': 'sensor action complete'}}
INFO:root:1721319237.098211,ID:1004,STAGE:4,SEQUENCE:1243,DATA:{'time': 1721319237.09, 'source': 'VitalsTask', 'timer': 237.334, 'data': {'sensor': 'O\u2082 Saturation', 'action': 'save', 'data': 'action button pressed'}}
INFO:root:1721319237.100712,ID:1004,STAGE:4,SEQUENCE:1243,DATA:{'time': 1721319237.09, 'source': 'VitalsTask', 'timer': 237.334, 'data': {'sensor': 'O\u2082 Saturation', 'action': 'save', 'data': 'starting sensor action'}}
INFO:root:1721319238.108229,ID:1004,STAGE:4,SEQUENCE:1243,DATA:{'time': 1721319238.107, 'source': 'VitalsTask', 'timer': 238.351, 'data': {'sensor': 'O\u2082 Saturation', 'action': 'save', 'data': 'sensor action complete'}}
INFO:root:1721319238.935235,ID:1004,STAGE:4,SEQUENCE:1243,DATA:{'time': 1721319238.932, 'source': 'VitalsTask', 'timer': 239.176, 'data': {'sensor': 'Blood Pressure', 'action': 'opened sensor tab'}}
INFO:root:1721319240.007713,ID:1004,STAGE:4,SEQUENCE:1243,DATA:{'time': 1721319240.007, 'source': 'VitalsTask', 'timer': 240.251, 'data': {'sensor': 'Blood Pressure', 'action': 'capture', 'data': 'action button pressed'}}
INFO:root:1721319240.009708,ID:1004,STAGE:4,SEQUENCE:1243,DATA:{'time': 1721319240.007, 'source': 'VitalsTask', 'timer': 240.251, 'data': {'sensor': 'Blood Pressure', 'action': 'capture', 'data': 'starting sensor action'}}
INFO:root:1721319240.474559,ID:1004,STAGE:4,SEQUENCE:1243,DATA:{'time': 1721319240.467, 'user-id': '1004', 'source': 'HAI Interface', 'destination-index': '3', 'study-stage': '4', 'decision-state': 0, 'vitals-state': 0, 'airspace-state': 0, 'data': {'page': 'emergency', 'action': 'trying to change destination to19'}}
INFO:root:1721319241.019719,ID:1004,STAGE:4,SEQUENCE:1243,DATA:{'time': 1721319241.018, 'source': 'VitalsTask', 'timer': 241.262, 'data': {'sensor': 'Blood Pressure', 'action': 'capture', 'data': 'sensor action complete'}}
INFO:root:1721319241.020719,ID:1004,STAGE:4,SEQUENCE:1243,DATA:{'time': 1721319241.018, 'source': 'VitalsTask', 'timer': 241.262, 'data': {'sensor': 'Blood Pressure', 'action': 'keypad open'}}
INFO:root:1721319242.012943,ID:1004,STAGE:4,SEQUENCE:1243,DATA:{'time': 1721319242.012, 'source': 'VitalsTask', 'timer': 242.256, 'data': {'sensor': 'Blood Pressure', 'action': 'keypad press', 'key': 1, 'value': 1}}
INFO:root:1721319242.794419,ID:1004,STAGE:4,SEQUENCE:1243,DATA:{'time': 1721319242.793, 'source': 'VitalsTask', 'timer': 243.037, 'data': {'sensor': 'Blood Pressure', 'action': 'keypad press', 'key': 2, 'value': 12}}
INFO:root:1721319243.752652,ID:1004,STAGE:4,SEQUENCE:1243,DATA:{'time': 1721319243.751, 'source': 'VitalsTask', 'timer': 243.995, 'data': {'sensor': 'Blood Pressure', 'action': 'keypad press', 'key': 11, 'value': 120}}
INFO:root:1721319244.326128,ID:1004,STAGE:4,SEQUENCE:1243,DATA:{'time': 1721319244.326, 'source': 'VitalsTask', 'timer': 244.57, 'data': {'sensor': 'Blood Pressure', 'action': 'keypad press', 'key': 8, 'value': 1208}}
INFO:root:1721319245.342712,ID:1004,STAGE:4,SEQUENCE:1243,DATA:{'time': 1721319245.341, 'source': 'VitalsTask', 'timer': 245.585, 'data': {'sensor': 'Blood Pressure', 'action': 'keypad press', 'key': 11, 'value': 12080}}
INFO:root:1721319245.484058,ID:1004,STAGE:4,SEQUENCE:1243,DATA:{'time': 1721319245.48, 'user-id': '1004', 'source': 'HAI Interface', 'destination-index': '3', 'study-stage': '4', 'decision-state': 0, 'vitals-state': 0, 'airspace-state': 0, 'data': {'page': 'emergency', 'action': 'trying to change destination to19'}}
INFO:root:1721319246.138644,ID:1004,STAGE:4,SEQUENCE:1243,DATA:{'time': 1721319246.137, 'source': 'VitalsTask', 'timer': 246.381, 'data': {'sensor': 'Blood Pressure', 'action': 'show action buttons'}}
INFO:root:1721319246.142167,ID:1004,STAGE:4,SEQUENCE:1243,DATA:{'time': 1721319246.137, 'source': 'VitalsTask', 'timer': 246.381, 'data': {'sensor': 'Blood Pressure', 'action': 'keypad press', 'key': 10, 'value': 12080}}
INFO:root:1721319247.57215,ID:1004,STAGE:4,SEQUENCE:1243,DATA:{'time': 1721319247.571, 'source': 'VitalsTask', 'timer': 247.815, 'data': {'sensor': 'Blood Pressure', 'action': 'log', 'data': 'action button pressed'}}
INFO:root:1721319247.576232,ID:1004,STAGE:4,SEQUENCE:1243,DATA:{'time': 1721319247.572, 'source': 'VitalsTask', 'timer': 247.816, 'data': {'sensor': 'Blood Pressure', 'action': 'log', 'data': 'starting sensor action'}}
INFO:root:1721319248.589209,ID:1004,STAGE:4,SEQUENCE:1243,DATA:{'time': 1721319248.588, 'source': 'VitalsTask', 'timer': 248.832, 'data': {'sensor': 'Blood Pressure', 'action': 'log', 'data': 'sensor action complete'}}
INFO:root:1721319249.467636,ID:1004,STAGE:4,SEQUENCE:1243,DATA:{'time': 1721319249.466, 'source': 'VitalsTask', 'timer': 249.71, 'data': {'sensor': 'Blood Pressure', 'action': 'save', 'data': 'action button pressed'}}
INFO:root:1721319249.468633,ID:1004,STAGE:4,SEQUENCE:1243,DATA:{'time': 1721319249.466, 'source': 'VitalsTask', 'timer': 249.71, 'data': {'sensor': 'Blood Pressure', 'action': 'save', 'data': 'starting sensor action'}}
INFO:root:1721319250.483226,ID:1004,STAGE:4,SEQUENCE:1243,DATA:{'time': 1721319250.478, 'source': 'VitalsTask', 'timer': 250.722, 'data': {'sensor': 'Blood Pressure', 'action': 'save', 'data': 'sensor action complete'}}
INFO:root:1721319250.484223,ID:1004,STAGE:4,SEQUENCE:1243,DATA:{'time': 1721319250.477, 'user-id': '1004', 'source': 'HAI Interface', 'destination-index': '3', 'study-stage': '4', 'decision-state': 0, 'vitals-state': 0, 'airspace-state': 0, 'data': {'page': 'emergency', 'action': 'trying to change destination to19'}}
INFO:root:1721319252.171747,ID:1004,STAGE:4,SEQUENCE:1243,DATA:{'time': 1721319252.17, 'source': 'VitalsTask', 'timer': 252.414, 'data': {'sensor': 'submit', 'action': 'submit'}}
INFO:root:1721319252.17474,ID:1004,STAGE:4,SEQUENCE:1243,DATA:{'time': 1721319252.17, 'source': 'VitalsTask', 'timer': 252.414, 'data': {'sensor': 'submit', 'action': 'submit', 'data': 'submit succeeded'}}
INFO:root:1721319255.508764,ID:1004,STAGE:4,SEQUENCE:1243,DATA:{'time': 1721319255.503, 'user-id': '1004', 'source': 'HAI Interface', 'destination-index': '3', 'study-stage': '4', 'decision-state': 0, 'vitals-state': 0, 'airspace-state': 0, 'data': {'page': 'emergency', 'action': 'trying to change destination to19'}}
INFO:root:1721319260.476552,ID:1004,STAGE:4,SEQUENCE:1243,DATA:{'time': 1721319260.471, 'user-id': '1004', 'source': 'HAI Interface', 'destination-index': '3', 'study-stage': '4', 'decision-state': 0, 'vitals-state': 0, 'airspace-state': 0, 'data': {'page': 'emergency', 'action': 'trying to change destination to19'}}
INFO:root:1721319265.444851,ID:1004,STAGE:4,SEQUENCE:1243,DATA:{'time': 1721319265.438, 'user-id': '1004', 'source': 'HAI Interface', 'destination-index': '3', 'study-stage': '4', 'decision-state': 0, 'vitals-state': 0, 'airspace-state': 0, 'data': {'page': 'emergency', 'action': 'trying to change destination to19'}}
INFO:root:Inflight Radio Update asked
INFO:root:sent request to set radio update complete
INFO:root:1721319267.49965,ID:1004,STAGE:4,SEQUENCE:1243,DATA:{'time': 1721319267.494, 'user-id': '1004', 'source': 'HAI Interface', 'destination-index': '3', 'study-stage': '4', 'decision-state': 0, 'vitals-state': 0, 'airspace-state': 0, 'data': {'action': 'transmit button pressed'}}
INFO:root:1721319267.504153,ID:1004,STAGE:4,SEQUENCE:1243,DATA:{'time': 1721319267.495, 'user-id': '1004', 'source': 'HAI Interface', 'destination-index': '3', 'study-stage': '4', 'decision-state': 0, 'vitals-state': 0, 'airspace-state': 0, 'data': {'action': 'radio set to:Comm1'}}
INFO:root:1721319267.50515,ID:1004,STAGE:4,SEQUENCE:1243,DATA:{'time': 1721319267.495, 'user-id': '1004', 'source': 'HAI Interface', 'destination-index': '3', 'study-stage': '4', 'decision-state': 0, 'vitals-state': 0, 'airspace-state': 0, 'data': {'action': 'callsign set to: + NASXGS'}}
INFO:root:1721319267.513638,ID:1004,STAGE:4,SEQUENCE:1243,DATA:{'time': 1721319267.495, 'user-id': '1004', 'source': 'HAI Interface', 'destination-index': '3', 'study-stage': '4', 'decision-state': 0, 'vitals-state': 0, 'airspace-state': 0, 'data': {'page': 'map', 'action': 'show map'}}
INFO:root:1721319267.515633,ID:1004,STAGE:4,SEQUENCE:1243,DATA:{'time': 1721319267.496, 'user-id': '1004', 'source': 'HAI Interface', 'destination-index': '3', 'study-stage': '4', 'decision-state': 0, 'vitals-state': 0, 'airspace-state': 0, 'data': {'page': 'map', 'action': 'selected helipad', 'value': '21'}}
INFO:root:1721319267.517628,ID:1004,STAGE:4,SEQUENCE:1243,DATA:{'time': 1721319267.501, 'user-id': '1004', 'source': 'HAI Interface', 'destination-index': '3', 'study-stage': '4', 'decision-state': 0, 'vitals-state': 0, 'airspace-state': 0, 'data': {'action': 'NASXGStransmitting updates onComm1123.45 MHz'}}
INFO:root:1721319270.442579,ID:1004,STAGE:4,SEQUENCE:1243,DATA:{'time': 1721319270.437, 'user-id': '1004', 'source': 'HAI Interface', 'destination-index': '3', 'study-stage': '4', 'decision-state': 0, 'vitals-state': 0, 'airspace-state': 0, 'data': {'page': 'emergency', 'action': 'trying to change destination to19'}}
INFO:root:1721319275.492063,ID:1004,STAGE:4,SEQUENCE:1243,DATA:{'time': 1721319275.487, 'user-id': '1004', 'source': 'HAI Interface', 'destination-index': '3', 'study-stage': '4', 'decision-state': 0, 'vitals-state': 0, 'airspace-state': 0, 'data': {'page': 'emergency', 'action': 'trying to change destination to19'}}
INFO:root:1721319280.431565,ID:1004,STAGE:4,SEQUENCE:1243,DATA:{'time': 1721319280.422, 'user-id': '1004', 'source': 'HAI Interface', 'destination-index': '3', 'study-stage': '4', 'decision-state': 0, 'vitals-state': 0, 'airspace-state': 0, 'data': {'page': 'emergency', 'action': 'trying to change destination to19'}}
INFO:root:1721319285.468418,ID:1004,STAGE:4,SEQUENCE:1243,DATA:{'time': 1721319285.463, 'user-id': '1004', 'source': 'HAI Interface', 'destination-index': '3', 'study-stage': '4', 'decision-state': 0, 'vitals-state': 0, 'airspace-state': 0, 'data': {'page': 'emergency', 'action': 'trying to change destination to19'}}
INFO:root:1721319290.489859,ID:1004,STAGE:4,SEQUENCE:1243,DATA:{'time': 1721319290.484, 'user-id': '1004', 'source': 'HAI Interface', 'destination-index': '3', 'study-stage': '4', 'decision-state': 0, 'vitals-state': 0, 'airspace-state': 0, 'data': {'page': 'emergency', 'action': 'trying to change destination to19'}}
INFO:root:1721319292.4908,ID:1004,STAGE:4,SEQUENCE:1243,DATA:{'time': 1721319292.487, 'user-id': '1004', 'source': 'HAI Interface', 'destination-index': '3', 'study-stage': '4', 'decision-state': 0, 'vitals-state': 0, 'airspace-state': 0, 'data': {'page': 'map', 'action': 'hide map'}}
INFO:root:1721319295.448853,ID:1004,STAGE:4,SEQUENCE:1243,DATA:{'time': 1721319295.444, 'user-id': '1004', 'source': 'HAI Interface', 'destination-index': '3', 'study-stage': '4', 'decision-state': 0, 'vitals-state': 0, 'airspace-state': 0, 'data': {'page': 'emergency', 'action': 'trying to change destination to19'}}
INFO:root:1721319300.486237,ID:1004,STAGE:4,SEQUENCE:1243,DATA:{'time': 1721319300.48, 'user-id': '1004', 'source': 'HAI Interface', 'destination-index': '3', 'study-stage': '4', 'decision-state': 0, 'vitals-state': 0, 'airspace-state': 0, 'data': {'page': 'emergency', 'action': 'trying to change destination to19'}}
INFO:root:1721319305.485123,ID:1004,STAGE:4,SEQUENCE:1243,DATA:{'time': 1721319305.477, 'user-id': '1004', 'source': 'HAI Interface', 'destination-index': '3', 'study-stage': '4', 'decision-state': 0, 'vitals-state': 0, 'airspace-state': 0, 'data': {'page': 'emergency', 'action': 'trying to change destination to19'}}
INFO:root:1721319310.486699,ID:1004,STAGE:4,SEQUENCE:1243,DATA:{'time': 1721319310.478, 'user-id': '1004', 'source': 'HAI Interface', 'destination-index': '3', 'study-stage': '4', 'decision-state': 0, 'vitals-state': 0, 'airspace-state': 0, 'data': {'page': 'emergency', 'action': 'trying to change destination to19'}}
INFO:root:1721319311.620077,ID:1004,STAGE:4,SEQUENCE:1243,DATA:{'time': 1721319311.615, 'user-id': '1004', 'source': 'HAI Interface', 'destination-index': '3', 'study-stage': '4', 'decision-state': 0, 'vitals-state': 0, 'airspace-state': 0, 'data': {'page': 'inflight', 'action': 'displaying vitals prompt'}}
INFO:root:1721319314.019515,ID:1004,STAGE:4,SEQUENCE:1243,DATA:{'time': 1721319314.012, 'user-id': '1004', 'source': 'HAI Interface', 'destination-index': '3', 'study-stage': '4', 'decision-state': 0, 'vitals-state': 0, 'airspace-state': 0, 'data': {'page': 'inflight', 'action': 'user acknowledged vitals prompt'}}
INFO:root:1721319315.455766,ID:1004,STAGE:4,SEQUENCE:1243,DATA:{'time': 1721319315.451, 'user-id': '1004', 'source': 'HAI Interface', 'destination-index': '3', 'study-stage': '4', 'decision-state': 0, 'vitals-state': 0, 'airspace-state': 0, 'data': {'page': 'emergency', 'action': 'trying to change destination to19'}}
INFO:root:1721319317.836211,ID:1004,STAGE:4,SEQUENCE:1243,DATA:{'time': 1721319317.833, 'source': 'VitalsTask', 'timer': 65.662, 'data': {'sensor': 'Heart Rate', 'action': 'opened sensor tab'}}
INFO:root:1721319318.822612,ID:1004,STAGE:4,SEQUENCE:1243,DATA:{'time': 1721319318.818, 'source': 'VitalsTask', 'timer': 66.647, 'data': {'sensor': 'Heart Rate', 'action': 'capture', 'data': 'action button pressed'}}
INFO:root:1721319318.824171,ID:1004,STAGE:4,SEQUENCE:1243,DATA:{'time': 1721319318.818, 'source': 'VitalsTask', 'timer': 66.647, 'data': {'sensor': 'Heart Rate', 'action': 'capture', 'data': 'starting sensor action'}}
INFO:root:1721319319.83587,ID:1004,STAGE:4,SEQUENCE:1243,DATA:{'time': 1721319319.834, 'source': 'VitalsTask', 'timer': 67.663, 'data': {'sensor': 'Heart Rate', 'action': 'capture', 'data': 'sensor action complete'}}
INFO:root:1721319319.836867,ID:1004,STAGE:4,SEQUENCE:1243,DATA:{'time': 1721319319.834, 'source': 'VitalsTask', 'timer': 67.663, 'data': {'sensor': 'Heart Rate', 'action': 'keypad open'}}
INFO:root:1721319320.465794,ID:1004,STAGE:4,SEQUENCE:1243,DATA:{'time': 1721319320.46, 'user-id': '1004', 'source': 'HAI Interface', 'destination-index': '3', 'study-stage': '4', 'decision-state': 0, 'vitals-state': 0, 'airspace-state': 0, 'data': {'page': 'emergency', 'action': 'trying to change destination to19'}}
INFO:root:1721319320.668007,ID:1004,STAGE:4,SEQUENCE:1243,DATA:{'time': 1721319320.654, 'source': 'VitalsTask', 'timer': 68.483, 'data': {'sensor': 'Heart Rate', 'action': 'keypad press', 'key': 5, 'value': 5}}
INFO:root:1721319321.017951,ID:1004,STAGE:4,SEQUENCE:1243,DATA:{'time': 1721319321.014, 'source': 'VitalsTask', 'timer': 68.843, 'data': {'sensor': 'Heart Rate', 'action': 'keypad press', 'key': 5, 'value': 55}}
INFO:root:1721319322.088841,ID:1004,STAGE:4,SEQUENCE:1243,DATA:{'time': 1721319322.087, 'source': 'VitalsTask', 'timer': 69.916, 'data': {'sensor': 'Heart Rate', 'action': 'show action buttons'}}
INFO:root:1721319322.092385,ID:1004,STAGE:4,SEQUENCE:1243,DATA:{'time': 1721319322.088, 'source': 'VitalsTask', 'timer': 69.917, 'data': {'sensor': 'Heart Rate', 'action': 'keypad press', 'key': 10, 'value': 55}}
INFO:root:1721319323.20512,ID:1004,STAGE:4,SEQUENCE:1243,DATA:{'time': 1721319323.203, 'source': 'VitalsTask', 'timer': 71.032, 'data': {'sensor': 'Heart Rate', 'action': 'log', 'data': 'action button pressed'}}
INFO:root:1721319323.207115,ID:1004,STAGE:4,SEQUENCE:1243,DATA:{'time': 1721319323.203, 'source': 'VitalsTask', 'timer': 71.032, 'data': {'sensor': 'Heart Rate', 'action': 'log', 'data': 'starting sensor action'}}
INFO:root:1721319324.217344,ID:1004,STAGE:4,SEQUENCE:1243,DATA:{'time': 1721319324.216, 'source': 'VitalsTask', 'timer': 72.045, 'data': {'sensor': 'Heart Rate', 'action': 'log', 'data': 'sensor action complete'}}
INFO:root:1721319324.872722,ID:1004,STAGE:4,SEQUENCE:1243,DATA:{'time': 1721319324.871, 'source': 'VitalsTask', 'timer': 72.7, 'data': {'sensor': 'Heart Rate', 'action': 'save', 'data': 'action button pressed'}}
INFO:root:1721319324.874136,ID:1004,STAGE:4,SEQUENCE:1243,DATA:{'time': 1721319324.871, 'source': 'VitalsTask', 'timer': 72.7, 'data': {'sensor': 'Heart Rate', 'action': 'save', 'data': 'starting sensor action'}}
INFO:root:1721319325.460188,ID:1004,STAGE:4,SEQUENCE:1243,DATA:{'time': 1721319325.455, 'user-id': '1004', 'source': 'HAI Interface', 'destination-index': '3', 'study-stage': '4', 'decision-state': 0, 'vitals-state': 0, 'airspace-state': 0, 'data': {'page': 'emergency', 'action': 'trying to change destination to19'}}
INFO:root:1721319325.892656,ID:1004,STAGE:4,SEQUENCE:1243,DATA:{'time': 1721319325.891, 'source': 'VitalsTask', 'timer': 73.72, 'data': {'sensor': 'Heart Rate', 'action': 'save', 'data': 'sensor action complete'}}
INFO:root:1721319326.370305,ID:1004,STAGE:4,SEQUENCE:1243,DATA:{'time': 1721319326.368, 'source': 'VitalsTask', 'timer': 74.197, 'data': {'sensor': 'O\u2082 Saturation', 'action': 'opened sensor tab'}}
INFO:root:1721319327.530465,ID:1004,STAGE:4,SEQUENCE:1243,DATA:{'time': 1721319327.528, 'source': 'VitalsTask', 'timer': 75.357, 'data': {'sensor': 'O\u2082 Saturation', 'action': 'capture', 'data': 'action button pressed'}}
INFO:root:1721319327.536453,ID:1004,STAGE:4,SEQUENCE:1243,DATA:{'time': 1721319327.529, 'source': 'VitalsTask', 'timer': 75.358, 'data': {'sensor': 'O\u2082 Saturation', 'action': 'capture', 'data': 'starting sensor action'}}
INFO:root:1721319328.541799,ID:1004,STAGE:4,SEQUENCE:1243,DATA:{'time': 1721319328.539, 'source': 'VitalsTask', 'timer': 76.368, 'data': {'sensor': 'O\u2082 Saturation', 'action': 'capture', 'data': 'sensor action complete'}}
INFO:root:1721319328.5433,ID:1004,STAGE:4,SEQUENCE:1243,DATA:{'time': 1721319328.54, 'source': 'VitalsTask', 'timer': 76.369, 'data': {'sensor': 'O\u2082 Saturation', 'action': 'keypad open'}}
INFO:root:1721319329.642119,ID:1004,STAGE:4,SEQUENCE:1243,DATA:{'time': 1721319329.639, 'source': 'VitalsTask', 'timer': 77.468, 'data': {'sensor': 'O\u2082 Saturation', 'action': 'keypad press', 'key': 1, 'value': 1}}
INFO:root:1721319330.651776,ID:1004,STAGE:4,SEQUENCE:1243,DATA:{'time': 1721319330.651, 'source': 'VitalsTask', 'timer': 78.48, 'data': {'sensor': 'O\u2082 Saturation', 'action': 'keypad press', 'key': 11, 'value': 10}}
INFO:root:1721319331.113121,ID:1004,STAGE:4,SEQUENCE:1243,DATA:{'time': 1721319331.109, 'user-id': '1004', 'source': 'HAI Interface', 'destination-index': '3', 'study-stage': '4', 'decision-state': 0, 'vitals-state': 0, 'airspace-state': 0, 'data': {'page': 'emergency', 'action': 'trying to change destination to19'}}
INFO:root:1721319331.116115,ID:1004,STAGE:4,SEQUENCE:1243,DATA:{'time': 1721319331.109, 'user-id': '1004', 'source': 'HAI Interface', 'destination-index': '3', 'study-stage': '4', 'decision-state': 0, 'vitals-state': 0, 'airspace-state': 0, 'data': {'page': 'emergency', 'action': 'show Pressure Miscalibrated Warning, hide map'}}
INFO:root:1721319331.120618,ID:1004,STAGE:4,SEQUENCE:1243,DATA:{'time': 1721319331.11, 'user-id': '1004', 'source': 'HAI Interface', 'destination-index': '3', 'study-stage': '4', 'decision-state': 0, 'vitals-state': 0, 'airspace-state': 0, 'data': {'page': 'map', 'action': 'hide map'}}
INFO:root:1721319331.123607,ID:1004,STAGE:4,SEQUENCE:1243,DATA:{'time': 1721319331.11, 'user-id': '1004', 'source': 'HAI Interface', 'destination-index': '3', 'study-stage': '4', 'decision-state': 0, 'vitals-state': 0, 'airspace-state': 0, 'data': {'page': 'Inflight', 'action': 'Pressure Warning alert activated'}}
INFO:root:1721319331.1608,ID:1004,STAGE:4,SEQUENCE:1243,DATA:{'time': 1721319331.142, 'source': 'VitalsTask', 'timer': 78.971, 'data': {'sensor': 'O\u2082 Saturation', 'action': 'keypad press', 'key': 11, 'value': 100}}
INFO:root:1721319332.159499,ID:1004,STAGE:4,SEQUENCE:1243,DATA:{'time': 1721319332.159, 'source': 'VitalsTask', 'timer': 79.988, 'data': {'sensor': 'O\u2082 Saturation', 'action': 'show action buttons'}}
INFO:root:1721319332.161494,ID:1004,STAGE:4,SEQUENCE:1243,DATA:{'time': 1721319332.159, 'source': 'VitalsTask', 'timer': 79.988, 'data': {'sensor': 'O\u2082 Saturation', 'action': 'keypad press', 'key': 10, 'value': 100}}
INFO:root:1721319335.522912,ID:1004,STAGE:4,SEQUENCE:1243,DATA:{'time': 1721319335.514, 'user-id': '1004', 'source': 'HAI Interface', 'destination-index': '3', 'study-stage': '4', 'decision-state': 0, 'vitals-state': 0, 'airspace-state': 0, 'data': {'page': 'emergency', 'action': 'trying to change destination to19'}}
INFO:root:1721319335.52391,ID:1004,STAGE:4,SEQUENCE:1243,DATA:{'time': 1721319335.515, 'user-id': '1004', 'source': 'HAI Interface', 'destination-index': '3', 'study-stage': '4', 'decision-state': 0, 'vitals-state': 0, 'airspace-state': 0, 'data': {'page': 'emergency', 'action': 'show Pressure Miscalibrated Warning, hide map'}}
INFO:root:1721319335.525905,ID:1004,STAGE:4,SEQUENCE:1243,DATA:{'time': 1721319335.515, 'user-id': '1004', 'source': 'HAI Interface', 'destination-index': '3', 'study-stage': '4', 'decision-state': 0, 'vitals-state': 0, 'airspace-state': 0, 'data': {'page': 'map', 'action': 'hide map'}}
INFO:root:1721319335.529894,ID:1004,STAGE:4,SEQUENCE:1243,DATA:{'time': 1721319335.515, 'user-id': '1004', 'source': 'HAI Interface', 'destination-index': '3', 'study-stage': '4', 'decision-state': 0, 'vitals-state': 0, 'airspace-state': 0, 'data': {'page': 'Inflight', 'action': 'Pressure Warning alert activated'}}
INFO:root:1721319335.877274,ID:1004,STAGE:4,SEQUENCE:1243,DATA:{'time': 1721319335.873, 'user-id': '1004', 'source': 'HAI Interface', 'destination-index': '3', 'study-stage': '4', 'decision-state': 0, 'vitals-state': 0, 'airspace-state': 0, 'data': {'page': 'Inflight', 'action': 'Pressure Warning- show info button pressed'}}
INFO:root:1721319340.470567,ID:1004,STAGE:4,SEQUENCE:1243,DATA:{'time': 1721319340.462, 'user-id': '1004', 'source': 'HAI Interface', 'destination-index': '3', 'study-stage': '4', 'decision-state': 0, 'vitals-state': 0, 'airspace-state': 0, 'data': {'page': 'emergency', 'action': 'trying to change destination to19'}}
INFO:root:1721319340.472562,ID:1004,STAGE:4,SEQUENCE:1243,DATA:{'time': 1721319340.462, 'user-id': '1004', 'source': 'HAI Interface', 'destination-index': '3', 'study-stage': '4', 'decision-state': 0, 'vitals-state': 0, 'airspace-state': 0, 'data': {'page': 'emergency', 'action': 'show Pressure Miscalibrated Warning, hide map'}}
INFO:root:1721319340.477064,ID:1004,STAGE:4,SEQUENCE:1243,DATA:{'time': 1721319340.462, 'user-id': '1004', 'source': 'HAI Interface', 'destination-index': '3', 'study-stage': '4', 'decision-state': 0, 'vitals-state': 0, 'airspace-state': 0, 'data': {'page': 'map', 'action': 'hide map'}}
INFO:root:1721319340.479569,ID:1004,STAGE:4,SEQUENCE:1243,DATA:{'time': 1721319340.463, 'user-id': '1004', 'source': 'HAI Interface', 'destination-index': '3', 'study-stage': '4', 'decision-state': 0, 'vitals-state': 0, 'airspace-state': 0, 'data': {'page': 'Inflight', 'action': 'Pressure Warning alert activated'}}
INFO:root:1721319345.473361,ID:1004,STAGE:4,SEQUENCE:1243,DATA:{'time': 1721319345.468, 'user-id': '1004', 'source': 'HAI Interface', 'destination-index': '3', 'study-stage': '4', 'decision-state': 0, 'vitals-state': 0, 'airspace-state': 0, 'data': {'page': 'Inflight', 'action': 'Pressure Warning- submit button pressed with pressure value as:75'}}
INFO:root:1721319345.475869,ID:1004,STAGE:4,SEQUENCE:1243,DATA:{'time': 1721319345.469, 'user-id': '1004', 'source': 'HAI Interface', 'destination-index': '3', 'study-stage': '4', 'decision-state': 0, 'vitals-state': 0, 'airspace-state': 0, 'data': {'page': 'Inflight', 'action': 'Pressure Warning- alert explaination'}}
INFO:root:1721319345.493368,ID:1004,STAGE:4,SEQUENCE:1243,DATA:{'time': 1721319345.484, 'user-id': '1004', 'source': 'HAI Interface', 'destination-index': '3', 'study-stage': '4', 'decision-state': 0, 'vitals-state': 0, 'airspace-state': 0, 'data': {'page': 'emergency', 'action': 'trying to change destination to19'}}
INFO:root:1721319348.842212,ID:1004,STAGE:4,SEQUENCE:1243,DATA:{'time': 1721319348.841, 'source': 'VitalsTask', 'timer': 96.67, 'data': {'sensor': 'O\u2082 Saturation', 'action': 'log', 'data': 'action button pressed'}}
INFO:root:1721319348.844195,ID:1004,STAGE:4,SEQUENCE:1243,DATA:{'time': 1721319348.841, 'source': 'VitalsTask', 'timer': 96.67, 'data': {'sensor': 'O\u2082 Saturation', 'action': 'log', 'data': 'starting sensor action'}}
INFO:root:1721319349.854719,ID:1004,STAGE:4,SEQUENCE:1243,DATA:{'time': 1721319349.852, 'source': 'VitalsTask', 'timer': 97.681, 'data': {'sensor': 'O\u2082 Saturation', 'action': 'log', 'data': 'sensor action complete'}}
INFO:root:1721319350.484303,ID:1004,STAGE:4,SEQUENCE:1243,DATA:{'time': 1721319350.479, 'user-id': '1004', 'source': 'HAI Interface', 'destination-index': '3', 'study-stage': '4', 'decision-state': 0, 'vitals-state': 0, 'airspace-state': 0, 'data': {'page': 'emergency', 'action': 'trying to change destination to19'}}
INFO:root:1721319350.709511,ID:1004,STAGE:4,SEQUENCE:1243,DATA:{'time': 1721319350.706, 'user-id': '1004', 'source': 'HAI Interface', 'destination-index': '3', 'study-stage': '4', 'decision-state': 0, 'vitals-state': 0, 'airspace-state': 0, 'data': {'page': 'Inflight', 'action': 'Pressure Warning alert close button pressed'}}
INFO:root:1721319352.773074,ID:1004,STAGE:4,SEQUENCE:1243,DATA:{'time': 1721319352.771, 'source': 'VitalsTask', 'timer': 100.6, 'data': {'sensor': 'O\u2082 Saturation', 'action': 'save', 'data': 'action button pressed'}}
INFO:root:1721319352.776065,ID:1004,STAGE:4,SEQUENCE:1243,DATA:{'time': 1721319352.772, 'source': 'VitalsTask', 'timer': 100.601, 'data': {'sensor': 'O\u2082 Saturation', 'action': 'save', 'data': 'starting sensor action'}}
INFO:root:1721319353.785012,ID:1004,STAGE:4,SEQUENCE:1243,DATA:{'time': 1721319353.784, 'source': 'VitalsTask', 'timer': 101.613, 'data': {'sensor': 'O\u2082 Saturation', 'action': 'save', 'data': 'sensor action complete'}}
INFO:root:1721319355.460087,ID:1004,STAGE:4,SEQUENCE:1243,DATA:{'time': 1721319355.455, 'user-id': '1004', 'source': 'HAI Interface', 'destination-index': '3', 'study-stage': '4', 'decision-state': 0, 'vitals-state': 0, 'airspace-state': 0, 'data': {'page': 'emergency', 'action': 'trying to change destination to19'}}
INFO:root:Pressure Warning alert given, sent request to clear pressure_warning_alert
INFO:root:1721319357.130835,ID:1004,STAGE:4,SEQUENCE:1243,DATA:{'time': 1721319357.129, 'source': 'VitalsTask', 'timer': 104.958, 'data': {'sensor': 'Blood Pressure', 'action': 'opened sensor tab'}}
INFO:root:1721319358.707022,ID:1004,STAGE:4,SEQUENCE:1243,DATA:{'time': 1721319358.705, 'source': 'VitalsTask', 'timer': 106.534, 'data': {'sensor': 'Blood Pressure', 'action': 'capture', 'data': 'action button pressed'}}
INFO:root:1721319358.708525,ID:1004,STAGE:4,SEQUENCE:1243,DATA:{'time': 1721319358.706, 'source': 'VitalsTask', 'timer': 106.535, 'data': {'sensor': 'Blood Pressure', 'action': 'capture', 'data': 'starting sensor action'}}
INFO:root:1721319359.72346,ID:1004,STAGE:4,SEQUENCE:1243,DATA:{'time': 1721319359.721, 'source': 'VitalsTask', 'timer': 107.55, 'data': {'sensor': 'Blood Pressure', 'action': 'capture', 'data': 'sensor action complete'}}
INFO:root:1721319359.725965,ID:1004,STAGE:4,SEQUENCE:1243,DATA:{'time': 1721319359.722, 'source': 'VitalsTask', 'timer': 107.551, 'data': {'sensor': 'Blood Pressure', 'action': 'keypad open'}}
INFO:root:1721319360.490211,ID:1004,STAGE:4,SEQUENCE:1243,DATA:{'time': 1721319360.48, 'user-id': '1004', 'source': 'HAI Interface', 'destination-index': '3', 'study-stage': '4', 'decision-state': 0, 'vitals-state': 0, 'airspace-state': 0, 'data': {'page': 'emergency', 'action': 'trying to change destination to19'}}
INFO:root:1721319360.808534,ID:1004,STAGE:4,SEQUENCE:1243,DATA:{'time': 1721319360.805, 'source': 'VitalsTask', 'timer': 108.634, 'data': {'sensor': 'Blood Pressure', 'action': 'keypad press', 'key': 1, 'value': 1}}
INFO:root:1721319361.54496,ID:1004,STAGE:4,SEQUENCE:1243,DATA:{'time': 1721319361.544, 'source': 'VitalsTask', 'timer': 109.373, 'data': {'sensor': 'Blood Pressure', 'action': 'keypad press', 'key': 2, 'value': 12}}
INFO:root:1721319362.601736,ID:1004,STAGE:4,SEQUENCE:1243,DATA:{'time': 1721319362.601, 'source': 'VitalsTask', 'timer': 110.43, 'data': {'sensor': 'Blood Pressure', 'action': 'keypad press', 'key': 11, 'value': 120}}
INFO:root:1721319363.546491,ID:1004,STAGE:4,SEQUENCE:1243,DATA:{'time': 1721319363.545, 'source': 'VitalsTask', 'timer': 111.374, 'data': {'sensor': 'Blood Pressure', 'action': 'keypad press', 'key': 8, 'value': 1208}}
INFO:root:1721319364.62188,ID:1004,STAGE:4,SEQUENCE:1243,DATA:{'time': 1721319364.618, 'source': 'VitalsTask', 'timer': 112.447, 'data': {'sensor': 'Blood Pressure', 'action': 'keypad press', 'key': 11, 'value': 12080}}
INFO:root:1721319365.460354,ID:1004,STAGE:4,SEQUENCE:1243,DATA:{'time': 1721319365.455, 'user-id': '1004', 'source': 'HAI Interface', 'destination-index': '3', 'study-stage': '4', 'decision-state': 0, 'vitals-state': 0, 'airspace-state': 0, 'data': {'page': 'emergency', 'action': 'trying to change destination to19'}}
INFO:root:1721319365.529385,ID:1004,STAGE:4,SEQUENCE:1243,DATA:{'time': 1721319365.529, 'source': 'VitalsTask', 'timer': 113.358, 'data': {'sensor': 'Blood Pressure', 'action': 'show action buttons'}}
INFO:root:1721319365.532378,ID:1004,STAGE:4,SEQUENCE:1243,DATA:{'time': 1721319365.529, 'source': 'VitalsTask', 'timer': 113.358, 'data': {'sensor': 'Blood Pressure', 'action': 'keypad press', 'key': 10, 'value': 12080}}
INFO:root:1721319366.695436,ID:1004,STAGE:4,SEQUENCE:1243,DATA:{'time': 1721319366.695, 'source': 'VitalsTask', 'timer': 114.524, 'data': {'sensor': 'Blood Pressure', 'action': 'log', 'data': 'action button pressed'}}
INFO:root:1721319366.698428,ID:1004,STAGE:4,SEQUENCE:1243,DATA:{'time': 1721319366.695, 'source': 'VitalsTask', 'timer': 114.524, 'data': {'sensor': 'Blood Pressure', 'action': 'log', 'data': 'starting sensor action'}}
INFO:root:1721319367.709581,ID:1004,STAGE:4,SEQUENCE:1243,DATA:{'time': 1721319367.707, 'source': 'VitalsTask', 'timer': 115.536, 'data': {'sensor': 'Blood Pressure', 'action': 'log', 'data': 'sensor action complete'}}
INFO:root:1721319368.354015,ID:1004,STAGE:4,SEQUENCE:1243,DATA:{'time': 1721319368.352, 'source': 'VitalsTask', 'timer': 116.181, 'data': {'sensor': 'Blood Pressure', 'action': 'save', 'data': 'action button pressed'}}
INFO:root:1721319368.356011,ID:1004,STAGE:4,SEQUENCE:1243,DATA:{'time': 1721319368.353, 'source': 'VitalsTask', 'timer': 116.182, 'data': {'sensor': 'Blood Pressure', 'action': 'save', 'data': 'starting sensor action'}}
INFO:root:1721319369.369465,ID:1004,STAGE:4,SEQUENCE:1243,DATA:{'time': 1721319369.369, 'source': 'VitalsTask', 'timer': 117.198, 'data': {'sensor': 'Blood Pressure', 'action': 'save', 'data': 'sensor action complete'}}
INFO:root:1721319370.35749,ID:1004,STAGE:4,SEQUENCE:1243,DATA:{'time': 1721319370.357, 'source': 'VitalsTask', 'timer': 118.186, 'data': {'sensor': 'submit', 'action': 'submit'}}
INFO:root:1721319370.360481,ID:1004,STAGE:4,SEQUENCE:1243,DATA:{'time': 1721319370.357, 'source': 'VitalsTask', 'timer': 118.186, 'data': {'sensor': 'submit', 'action': 'submit', 'data': 'submit succeeded'}}
INFO:root:1721319370.472077,ID:1004,STAGE:4,SEQUENCE:1243,DATA:{'time': 1721319370.468, 'user-id': '1004', 'source': 'HAI Interface', 'destination-index': '3', 'study-stage': '4', 'decision-state': 0, 'vitals-state': 0, 'airspace-state': 0, 'data': {'page': 'emergency', 'action': 'trying to change destination to19'}}
INFO:root:1721319375.487549,ID:1004,STAGE:4,SEQUENCE:1243,DATA:{'time': 1721319375.48, 'user-id': '1004', 'source': 'HAI Interface', 'destination-index': '3', 'study-stage': '4', 'decision-state': 0, 'vitals-state': 0, 'airspace-state': 0, 'data': {'page': 'emergency', 'action': 'trying to change destination to19'}}
INFO:root:1721319380.463165,ID:1004,STAGE:4,SEQUENCE:1243,DATA:{'time': 1721319380.457, 'user-id': '1004', 'source': 'HAI Interface', 'destination-index': '3', 'study-stage': '4', 'decision-state': 0, 'vitals-state': 0, 'airspace-state': 0, 'data': {'page': 'emergency', 'action': 'trying to change destination to19'}}
INFO:root:1721319385.481079,ID:1004,STAGE:4,SEQUENCE:1243,DATA:{'time': 1721319385.476, 'user-id': '1004', 'source': 'HAI Interface', 'destination-index': '3', 'study-stage': '4', 'decision-state': 0, 'vitals-state': 0, 'airspace-state': 0, 'data': {'page': 'emergency', 'action': 'trying to change destination to19'}}
INFO:root:1721319390.492887,ID:1004,STAGE:4,SEQUENCE:1243,DATA:{'time': 1721319390.485, 'user-id': '1004', 'source': 'HAI Interface', 'destination-index': '3', 'study-stage': '4', 'decision-state': 0, 'vitals-state': 0, 'airspace-state': 0, 'data': {'page': 'emergency', 'action': 'trying to change destination to19'}}
INFO:root:1721319395.473348,ID:1004,STAGE:4,SEQUENCE:1243,DATA:{'time': 1721319395.466, 'user-id': '1004', 'source': 'HAI Interface', 'destination-index': '3', 'study-stage': '4', 'decision-state': 0, 'vitals-state': 0, 'airspace-state': 0, 'data': {'page': 'emergency', 'action': 'trying to change destination to19'}}
INFO:root:1721319400.453404,ID:1004,STAGE:4,SEQUENCE:1243,DATA:{'time': 1721319400.447, 'user-id': '1004', 'source': 'HAI Interface', 'destination-index': '3', 'study-stage': '4', 'decision-state': 0, 'vitals-state': 0, 'airspace-state': 0, 'data': {'page': 'emergency', 'action': 'trying to change destination to19'}}
INFO:root:1721319403.513701,ID:1004,STAGE:4,SEQUENCE:1243,DATA:{'time': 1721319403.509, 'source': 'VitalsTask', 'timer': 33.151, 'data': {'sensor': 'Heart Rate', 'action': 'opened sensor tab'}}
INFO:root:1721319405.449835,ID:1004,STAGE:4,SEQUENCE:1243,DATA:{'time': 1721319405.445, 'user-id': '1004', 'source': 'HAI Interface', 'destination-index': '3', 'study-stage': '4', 'decision-state': 0, 'vitals-state': 0, 'airspace-state': 0, 'data': {'page': 'emergency', 'action': 'trying to change destination to19'}}
INFO:root:1721319410.437806,ID:1004,STAGE:4,SEQUENCE:1243,DATA:{'time': 1721319410.433, 'user-id': '1004', 'source': 'HAI Interface', 'destination-index': '3', 'study-stage': '4', 'decision-state': 0, 'vitals-state': 0, 'airspace-state': 0, 'data': {'page': 'emergency', 'action': 'trying to change destination to19'}}
INFO:root:1721319415.478321,ID:1004,STAGE:4,SEQUENCE:1243,DATA:{'time': 1721319415.471, 'user-id': '1004', 'source': 'HAI Interface', 'destination-index': '3', 'study-stage': '4', 'decision-state': 0, 'vitals-state': 0, 'airspace-state': 0, 'data': {'page': 'emergency', 'action': 'trying to change destination to19'}}
INFO:root:1721319420.49058,ID:1004,STAGE:4,SEQUENCE:1243,DATA:{'time': 1721319420.485, 'user-id': '1004', 'source': 'HAI Interface', 'destination-index': '3', 'study-stage': '4', 'decision-state': 0, 'vitals-state': 0, 'airspace-state': 0, 'data': {'page': 'emergency', 'action': 'trying to change destination to19'}}
INFO:root:1721319425.537162,ID:1004,STAGE:4,SEQUENCE:1243,DATA:{'time': 1721319425.533, 'user-id': '1004', 'source': 'HAI Interface', 'destination-index': '3', 'study-stage': '4', 'decision-state': 0, 'vitals-state': 0, 'airspace-state': 0, 'data': {'page': 'emergency', 'action': 'trying to change destination to19'}}
INFO:root:1721319430.419878,ID:1004,STAGE:4,SEQUENCE:1243,DATA:{'time': 1721319430.413, 'user-id': '1004', 'source': 'HAI Interface', 'destination-index': '3', 'study-stage': '4', 'decision-state': 0, 'vitals-state': 0, 'airspace-state': 0, 'data': {'page': 'emergency', 'action': 'trying to change destination to19'}}
INFO:root:1721319435.509288,ID:1004,STAGE:4,SEQUENCE:1243,DATA:{'time': 1721319435.504, 'user-id': '1004', 'source': 'HAI Interface', 'destination-index': '3', 'study-stage': '4', 'decision-state': 0, 'vitals-state': 0, 'airspace-state': 0, 'data': {'page': 'emergency', 'action': 'trying to change destination to19'}}
INFO:root:1721319440.498784,ID:1004,STAGE:4,SEQUENCE:1243,DATA:{'time': 1721319440.493, 'user-id': '1004', 'source': 'HAI Interface', 'destination-index': '3', 'study-stage': '4', 'decision-state': 0, 'vitals-state': 0, 'airspace-state': 0, 'data': {'page': 'emergency', 'action': 'trying to change destination to19'}}
INFO:root:1721319445.501969,ID:1004,STAGE:4,SEQUENCE:1243,DATA:{'time': 1721319445.496, 'user-id': '1004', 'source': 'HAI Interface', 'destination-index': '3', 'study-stage': '4', 'decision-state': 0, 'vitals-state': 0, 'airspace-state': 0, 'data': {'page': 'emergency', 'action': 'trying to change destination to19'}}
INFO:root:1721319451.203907,ID:1004,STAGE:4,SEQUENCE:1243,DATA:{'time': 1721319451.2, 'user-id': '1004', 'source': 'HAI Interface', 'destination-index': '3', 'study-stage': '4', 'decision-state': 0, 'vitals-state': '1', 'airspace-state': 0, 'data': {'page': 'emergency', 'action': 'trying to change destination to19'}}
INFO:root:1721319455.476083,ID:1004,STAGE:4,SEQUENCE:1243,DATA:{'time': 1721319455.469, 'user-id': '1004', 'source': 'HAI Interface', 'destination-index': '3', 'study-stage': '4', 'decision-state': 0, 'vitals-state': '1', 'airspace-state': 0, 'data': {'page': 'map', 'action': 'hide map'}}
INFO:root:1721319455.476083,ID:1004,STAGE:4,SEQUENCE:1243,DATA:{'time': 1721319455.468, 'user-id': '1004', 'source': 'HAI Interface', 'destination-index': '3', 'study-stage': '4', 'decision-state': 0, 'vitals-state': '1', 'airspace-state': 0, 'data': {'page': 'emergency', 'action': 'trying to change destination to19'}}
INFO:root:1721319455.47708,ID:1004,STAGE:4,SEQUENCE:1243,DATA:{'time': 1721319455.468, 'user-id': '1004', 'source': 'HAI Interface', 'destination-index': '3', 'study-stage': '4', 'decision-state': 0, 'vitals-state': '1', 'airspace-state': 0, 'data': {'page': 'emergency', 'action': 'show Engine Failure Alert, hide map'}}
INFO:root:1721319455.483064,ID:1004,STAGE:4,SEQUENCE:1243,DATA:{'time': 1721319455.469, 'user-id': '1004', 'source': 'HAI Interface', 'destination-index': '3', 'study-stage': '4', 'decision-state': 0, 'vitals-state': '1', 'airspace-state': 0, 'data': {'page': 'Inflight', 'action': 'Engine failure emergency- emergnecy propmt displayed'}}
INFO:root:1721319458.363662,ID:1004,STAGE:4,SEQUENCE:1243,DATA:{'time': 1721319458.357, 'user-id': '1004', 'source': 'HAI Interface', 'destination-index': '3', 'study-stage': '4', 'decision-state': 0, 'vitals-state': '1', 'airspace-state': 0, 'data': {'page': 'Inflight', 'action': 'Engine failure emergency- show more info button pressed'}}
INFO:root:1721319460.437268,ID:1004,STAGE:4,SEQUENCE:1243,DATA:{'time': 1721319460.433, 'user-id': '1004', 'source': 'HAI Interface', 'destination-index': '3', 'study-stage': '4', 'decision-state': 0, 'vitals-state': '1', 'airspace-state': 0, 'data': {'page': 'emergency', 'action': 'trying to change destination to19'}}
INFO:root:1721319462.496555,ID:1004,STAGE:4,SEQUENCE:1243,DATA:{'time': 1721319462.492, 'user-id': '1004', 'source': 'HAI Interface', 'destination-index': '3', 'study-stage': '4', 'decision-state': 0, 'vitals-state': '1', 'airspace-state': 0, 'data': {'page': 'Inflight', 'action': 'Engine failure emergency- close button pressed'}}
INFO:root:1721319462.49855,ID:1004,STAGE:4,SEQUENCE:1243,DATA:{'time': 1721319462.493, 'user-id': '1004', 'source': 'HAI Interface', 'destination-index': '3', 'study-stage': '4', 'decision-state': 0, 'vitals-state': '1', 'airspace-state': 0, 'data': {'page': 'Inflight', 'action': 'change destination button pressed'}}
INFO:root:1721319462.650167,ID:1004,STAGE:4,SEQUENCE:1243,DATA:{'time': 1721319462.616, 'user-id': 'none', 'source': 'HAI Interface', 'destination-index': 3, 'study-stage': -1, 'decision-state': 0, 'vitals-state': 0, 'airspace-state': 0, 'data': {'page': 'emergency-landing', 'action': 'opened page'}}
INFO:root:1721319463.586504,ID:1004,STAGE:4,SEQUENCE:1243,DATA:{'time': 1721319463.581, 'user-id': '1004', 'source': 'HAI Interface', 'destination-index': '3', 'study-stage': '4', 'decision-state': 0, 'vitals-state': '1', 'airspace-state': 0, 'data': {'page': 'map', 'action': 'selected helipad', 'value': '21'}}
INFO:root:1721319463.589496,ID:1004,STAGE:4,SEQUENCE:1243,DATA:{'time': 1721319463.582, 'user-id': '1004', 'source': 'HAI Interface', 'destination-index': '3', 'study-stage': '4', 'decision-state': 0, 'vitals-state': '1', 'airspace-state': 0, 'data': {'page': 'map', 'action': 'set destination', 'value': -1}}
INFO:root:1721319465.575937,ID:1004,STAGE:4,SEQUENCE:1243,DATA:{'time': 1721319465.571, 'user-id': '1004', 'source': 'HAI Interface', 'destination-index': '3', 'study-stage': '4', 'decision-state': 0, 'vitals-state': '1', 'airspace-state': 0, 'data': {'page': 'map', 'action': 'show map'}}
INFO:root:1721319465.577931,ID:1004,STAGE:4,SEQUENCE:1243,DATA:{'time': 1721319465.571, 'user-id': '1004', 'source': 'HAI Interface', 'destination-index': '3', 'study-stage': '4', 'decision-state': 0, 'vitals-state': '1', 'airspace-state': 0, 'data': {'page': 'map', 'action': 'selected helipad', 'value': '21'}}
INFO:root:1721319465.581923,ID:1004,STAGE:4,SEQUENCE:1243,DATA:{'time': 1721319465.572, 'user-id': '1004', 'source': 'HAI Interface', 'destination-index': '3', 'study-stage': '4', 'decision-state': 0, 'vitals-state': '1', 'airspace-state': 0, 'data': {'page': 'map', 'action': 'set destination', 'value': '3'}}
INFO:root:1721319467.623315,ID:1004,STAGE:4,SEQUENCE:1243,DATA:{'time': 1721319467.619, 'user-id': '1004', 'source': 'HAI Interface', 'destination-index': '3', 'study-stage': '4', 'decision-state': 0, 'vitals-state': '1', 'airspace-state': 0, 'data': {'page': 'map', 'action': 'selected helipad', 'value': '5'}}
INFO:root:1721319467.625558,ID:1004,STAGE:4,SEQUENCE:1243,DATA:{'time': 1721319467.619, 'user-id': '1004', 'source': 'HAI Interface', 'destination-index': '3', 'study-stage': '4', 'decision-state': 0, 'vitals-state': '1', 'airspace-state': 0, 'data': {'page': 'map', 'action': 'set destination', 'value': '3'}}
INFO:root:1721319467.774146,ID:1004,STAGE:4,SEQUENCE:1243,DATA:{'time': 1721319467.768, 'user-id': '1004', 'source': 'HAI Interface', 'destination-index': '3', 'study-stage': '4', 'decision-state': 0, 'vitals-state': '1', 'airspace-state': 0, 'data': {'page': 'emergency', 'action': 'trying to change destination to100'}}
INFO:root:1721319467.777159,ID:1004,STAGE:4,SEQUENCE:1243,DATA:{'time': 1721319467.773, 'user-id': '1004', 'source': 'HAI Interface', 'destination-index': '3', 'study-stage': '4', 'decision-state': 0, 'vitals-state': '1', 'airspace-state': 0, 'data': {'page': 'map', 'action': 'changing helipad', 'value': '5'}}
INFO:root:SimConnect Error in /var
INFO:SimConnect.SimConnect:SIM OPEN
INFO:root:1721319471.870527,ID:1004,STAGE:4,SEQUENCE:1243,DATA:{'time': 1721319471.865, 'user-id': '1004', 'source': 'HAI Interface', 'destination-index': '3', 'study-stage': '4', 'decision-state': 0, 'vitals-state': '1', 'airspace-state': 0, 'data': {'page': 'map', 'action': 'selected helipad', 'value': 100}}
INFO:root:1721319472.859852,ID:1004,STAGE:4,SEQUENCE:1243,DATA:{'time': 1721319472.852, 'user-id': '1004', 'source': 'HAI Interface', 'destination-index': '3', 'study-stage': '4', 'decision-state': 0, 'vitals-state': '1', 'airspace-state': 0, 'data': {'page': 'emergency', 'action': 'trying to change destination to19'}}
INFO:root:1721319477.787715,ID:1004,STAGE:4,SEQUENCE:1243,DATA:{'time': 1721319477.779, 'user-id': '1004', 'source': 'HAI Interface', 'destination-index': '3', 'study-stage': '4', 'decision-state': 0, 'vitals-state': '1', 'airspace-state': 0, 'data': {'page': 'emergency', 'action': 'trying to change destination to19'}}
INFO:root:1721319478.837206,ID:1004,STAGE:4,SEQUENCE:1243,DATA:{'time': 1721319478.819, 'user-id': '1004', 'source': 'HAI Interface', 'destination-index': '3', 'study-stage': '4', 'decision-state': 0, 'vitals-state': '1', 'airspace-state': 0, 'data': {'page': 'map', 'action': 'selected helipad', 'value': '5'}}
INFO:root:1721319478.840196,ID:1004,STAGE:4,SEQUENCE:1243,DATA:{'time': 1721319478.82, 'user-id': '1004', 'source': 'HAI Interface', 'destination-index': '3', 'study-stage': '4', 'decision-state': 0, 'vitals-state': '1', 'airspace-state': 0, 'data': {'page': 'map', 'action': 'set destination', 'value': 19}}
INFO:root:1721319478.991889,ID:1004,STAGE:4,SEQUENCE:1243,DATA:{'time': 1721319478.985, 'user-id': '1004', 'source': 'HAI Interface', 'destination-index': '3', 'study-stage': '4', 'decision-state': 0, 'vitals-state': '1', 'airspace-state': 0, 'data': {'page': 'map', 'action': 'changing helipad', 'value': '5'}}
INFO:root:1721319481.381982,ID:1004,STAGE:4,SEQUENCE:1243,DATA:{'time': 1721319481.376, 'user-id': '1004', 'source': 'HAI Interface', 'destination-index': '3', 'study-stage': '4', 'decision-state': 0, 'vitals-state': '1', 'airspace-state': 0, 'data': {'page': 'map', 'action': 'selected helipad', 'value': 100}}
INFO:root:1721319482.823286,ID:1004,STAGE:4,SEQUENCE:1243,DATA:{'time': 1721319482.816, 'user-id': '1004', 'source': 'HAI Interface', 'destination-index': '3', 'study-stage': '4', 'decision-state': 0, 'vitals-state': '1', 'airspace-state': 0, 'data': {'page': 'emergency', 'action': 'trying to change destination to19'}}
INFO:root:1721319483.939615,ID:1004,STAGE:4,SEQUENCE:1243,DATA:{'time': 1721319483.935, 'user-id': '1004', 'source': 'HAI Interface', 'destination-index': '3', 'study-stage': '4', 'decision-state': 0, 'vitals-state': '1', 'airspace-state': 0, 'data': {'page': 'map', 'action': 'selected helipad', 'value': '19'}}
INFO:root:1721319483.941614,ID:1004,STAGE:4,SEQUENCE:1243,DATA:{'time': 1721319483.936, 'user-id': '1004', 'source': 'HAI Interface', 'destination-index': '3', 'study-stage': '4', 'decision-state': 0, 'vitals-state': '1', 'airspace-state': 0, 'data': {'page': 'map', 'action': 'set destination', 'value': 19}}
INFO:root:1721319484.107789,ID:1004,STAGE:4,SEQUENCE:1243,DATA:{'time': 1721319484.103, 'user-id': '1004', 'source': 'HAI Interface', 'destination-index': '3', 'study-stage': '4', 'decision-state': 0, 'vitals-state': '1', 'airspace-state': 0, 'data': {'page': 'map', 'action': 'changing helipad', 'value': '19'}}
INFO:root:1721319484.109788,ID:1004,STAGE:4,SEQUENCE:1243,DATA:{'time': 1721319484.103, 'user-id': '1004', 'source': 'HAI Interface', 'destination-index': '3', 'study-stage': '4', 'decision-state': 0, 'vitals-state': '1', 'airspace-state': 0, 'data': {'page': 'map', 'action': 'selected helipad', 'value': '19'}}
INFO:root:1721319484.11229,ID:1004,STAGE:4,SEQUENCE:1243,DATA:{'time': 1721319484.103, 'user-id': '1004', 'source': 'HAI Interface', 'destination-index': '3', 'study-stage': '4', 'decision-state': 0, 'vitals-state': '1', 'airspace-state': 0, 'data': {'page': 'map', 'action': 'set destination', 'value': 19}}
INFO:root:1721319485.403108,ID:1004,STAGE:4,SEQUENCE:1243,DATA:{'time': 1721319485.397, 'user-id': '1004', 'source': 'HAI Interface', 'destination-index': '3', 'study-stage': '4', 'decision-state': 0, 'vitals-state': '1', 'airspace-state': 0, 'data': {'page': 'map', 'action': 'hide map'}}
INFO:root:1721319487.492655,ID:1004,STAGE:4,SEQUENCE:1243,DATA:{'time': 1721319487.487, 'user-id': '1004', 'source': 'HAI Interface', 'destination-index': '3', 'study-stage': '4', 'decision-state': 0, 'vitals-state': '1', 'airspace-state': 0, 'data': {'page': 'change-destination', 'action': 'submit button pressed'}}
INFO:root:1721319487.676427,ID:1004,STAGE:4,SEQUENCE:1243,DATA:{'time': 1721319487.64, 'user-id': 'none', 'source': 'HAI Interface', 'destination-index': 3, 'study-stage': -1, 'decision-state': 0, 'vitals-state': 0, 'airspace-state': 0, 'data': {'page': 'location', 'action': 'opened page'}}
INFO:root:1721319488.607933,ID:1004,STAGE:4,SEQUENCE:1243,DATA:{'time': 1721319488.599, 'user-id': '1004', 'source': 'HAI Interface', 'destination-index': '3', 'study-stage': '4', 'decision-state': 0, 'vitals-state': '1', 'airspace-state': 0, 'data': {'page': 'map', 'action': 'selected helipad', 'value': '21'}}
INFO:root:1721319489.05996,ID:1004,STAGE:4,SEQUENCE:1243,DATA:{'time': 1721319489.054, 'user-id': '1004', 'source': 'HAI Interface', 'destination-index': '3', 'study-stage': '4', 'decision-state': 0, 'vitals-state': '1', 'airspace-state': 0, 'data': {'page': 'location', 'action': 'confirm button pressed'}}
INFO:root:Engine Failure alert given, sent request to clear engine_failure_emergency
INFO:root:1721319490.343598,ID:1004,STAGE:4,SEQUENCE:1243,DATA:{'time': 1721319490.339, 'user-id': '1004', 'source': 'HAI Interface', 'destination-index': '19', 'study-stage': '4', 'decision-state': 0, 'vitals-state': '1', 'airspace-state': 0, 'data': {'page': 'map', 'action': 'selected helipad', 'value': '21'}}
INFO:root:1721319493.110172,ID:1004,STAGE:4,SEQUENCE:1243,DATA:{'time': 1721319493.104, 'user-id': '1004', 'source': 'HAI Interface', 'destination-index': '19', 'study-stage': '4', 'decision-state': 0, 'vitals-state': '1', 'airspace-state': 0, 'data': {'action': 'radio panel opened'}}
INFO:root:1721319494.575217,ID:1004,STAGE:4,SEQUENCE:1243,DATA:{'time': 1721319494.57, 'user-id': '1004', 'source': 'HAI Interface', 'destination-index': '19', 'study-stage': '4', 'decision-state': 0, 'vitals-state': '1', 'airspace-state': 0, 'data': {'page': 'emergency', 'action': 'trying to change destination to100'}}
INFO:root:1721319497.80537,ID:1004,STAGE:4,SEQUENCE:1243,DATA:{'time': 1721319497.799, 'user-id': '1004', 'source': 'HAI Interface', 'destination-index': '19', 'study-stage': '4', 'decision-state': 0, 'vitals-state': '1', 'airspace-state': 0, 'data': {'action': 'receive button pressed'}}
INFO:root:1721319497.809874,ID:1004,STAGE:4,SEQUENCE:1243,DATA:{'time': 1721319497.799, 'user-id': '1004', 'source': 'HAI Interface', 'destination-index': '19', 'study-stage': '4', 'decision-state': 0, 'vitals-state': '1', 'airspace-state': 0, 'data': {'action': 'callsign set to:[object Object]'}}
INFO:root:1721319497.816369,ID:1004,STAGE:4,SEQUENCE:1243,DATA:{'time': 1721319497.8, 'user-id': '1004', 'source': 'HAI Interface', 'destination-index': '19', 'study-stage': '4', 'decision-state': 0, 'vitals-state': '1', 'airspace-state': 0, 'data': {'action': 'radio set to:Comm2'}}
INFO:root:1721319497.81936,ID:1004,STAGE:4,SEQUENCE:1243,DATA:{'time': 1721319497.803, 'user-id': '1004', 'source': 'HAI Interface', 'destination-index': '19', 'study-stage': '4', 'decision-state': 0, 'vitals-state': '1', 'airspace-state': 0, 'data': {'action': 'MEDEVACtransmitting onComm2123.45 MHz'}}
INFO:root:1721319499.568491,ID:1004,STAGE:4,SEQUENCE:1243,DATA:{'time': 1721319499.562, 'user-id': '1004', 'source': 'HAI Interface', 'destination-index': '19', 'study-stage': '4', 'decision-state': 0, 'vitals-state': '1', 'airspace-state': 0, 'data': {'page': 'emergency', 'action': 'trying to change destination to19'}}
INFO:root:Reroute to Old Fourth Ward radio comm response initiated
INFO:root:1721319504.603448,ID:1004,STAGE:4,SEQUENCE:1243,DATA:{'time': 1721319504.598, 'user-id': '1004', 'source': 'HAI Interface', 'destination-index': '19', 'study-stage': '4', 'decision-state': 0, 'vitals-state': '1', 'airspace-state': 0, 'data': {'page': 'emergency', 'action': 'trying to change destination to19'}}
INFO:root:1721319509.62678,ID:1004,STAGE:4,SEQUENCE:1243,DATA:{'time': 1721319509.621, 'user-id': '1004', 'source': 'HAI Interface', 'destination-index': '19', 'study-stage': '4', 'decision-state': 0, 'vitals-state': '1', 'airspace-state': 0, 'data': {'page': 'emergency', 'action': 'trying to change destination to19'}}
INFO:root:1721319514.546293,ID:1004,STAGE:4,SEQUENCE:1243,DATA:{'time': 1721319514.54, 'user-id': '1004', 'source': 'HAI Interface', 'destination-index': '19', 'study-stage': '4', 'decision-state': 0, 'vitals-state': '1', 'airspace-state': 0, 'data': {'page': 'emergency', 'action': 'trying to change destination to19'}}
INFO:root:1721319519.629902,ID:1004,STAGE:4,SEQUENCE:1243,DATA:{'time': 1721319519.621, 'user-id': '1004', 'source': 'HAI Interface', 'destination-index': '19', 'study-stage': '4', 'decision-state': 0, 'vitals-state': '1', 'airspace-state': 0, 'data': {'page': 'emergency', 'action': 'trying to change destination to19'}}
INFO:root:1721319524.599781,ID:1004,STAGE:4,SEQUENCE:1243,DATA:{'time': 1721319524.595, 'user-id': '1004', 'source': 'HAI Interface', 'destination-index': '19', 'study-stage': '4', 'decision-state': 0, 'vitals-state': '1', 'airspace-state': 0, 'data': {'page': 'emergency', 'action': 'trying to change destination to19'}}
INFO:root:1721319529.650769,ID:1004,STAGE:4,SEQUENCE:1243,DATA:{'time': 1721319529.644, 'user-id': '1004', 'source': 'HAI Interface', 'destination-index': '19', 'study-stage': '4', 'decision-state': 0, 'vitals-state': '1', 'airspace-state': 0, 'data': {'page': 'emergency', 'action': 'trying to change destination to19'}}
INFO:root:1721319534.583861,ID:1004,STAGE:4,SEQUENCE:1243,DATA:{'time': 1721319534.578, 'user-id': '1004', 'source': 'HAI Interface', 'destination-index': '19', 'study-stage': '4', 'decision-state': 0, 'vitals-state': '1', 'airspace-state': 0, 'data': {'page': 'emergency', 'action': 'trying to change destination to19'}}
INFO:root:1721319537.497279,ID:1004,STAGE:4,SEQUENCE:1243,DATA:{'time': 1721319537.496, 'source': 'VitalsTask', 'timer': 167.138, 'data': {'sensor': 'Heart Rate', 'action': 'capture', 'data': 'action button pressed'}}
INFO:root:1721319537.499276,ID:1004,STAGE:4,SEQUENCE:1243,DATA:{'time': 1721319537.496, 'source': 'VitalsTask', 'timer': 167.138, 'data': {'sensor': 'Heart Rate', 'action': 'capture', 'data': 'starting sensor action'}}
INFO:root:Reroute to Old Fourth Ward radio comm done- command to clear event and make the emergency variables 0 sent
INFO:root:1721319538.510577,ID:1004,STAGE:4,SEQUENCE:1243,DATA:{'time': 1721319538.509, 'source': 'VitalsTask', 'timer': 168.151, 'data': {'sensor': 'Heart Rate', 'action': 'capture', 'data': 'sensor action complete'}}
INFO:root:1721319538.513197,ID:1004,STAGE:4,SEQUENCE:1243,DATA:{'time': 1721319538.51, 'source': 'VitalsTask', 'timer': 168.152, 'data': {'sensor': 'Heart Rate', 'action': 'keypad open'}}
INFO:root:1721319539.580495,ID:1004,STAGE:4,SEQUENCE:1243,DATA:{'time': 1721319539.575, 'user-id': '1004', 'source': 'HAI Interface', 'destination-index': '19', 'study-stage': '4', 'decision-state': 0, 'vitals-state': '1', 'airspace-state': 0, 'data': {'page': 'emergency', 'action': 'trying to change destination to19'}}
INFO:root:1721319539.79747,ID:1004,STAGE:4,SEQUENCE:1243,DATA:{'time': 1721319539.795, 'source': 'VitalsTask', 'timer': 169.437, 'data': {'sensor': 'Heart Rate', 'action': 'keypad press', 'key': 2, 'value': 2}}
INFO:root:1721319540.659228,ID:1004,STAGE:4,SEQUENCE:1243,DATA:{'time': 1721319540.658, 'source': 'VitalsTask', 'timer': 170.3, 'data': {'sensor': 'Heart Rate', 'action': 'keypad press', 'key': 3, 'value': 23}}
INFO:root:1721319541.545,ID:1004,STAGE:4,SEQUENCE:1243,DATA:{'time': 1721319541.539, 'source': 'VitalsTask', 'timer': 171.181, 'data': {'sensor': 'Heart Rate', 'action': 'keypad press', 'key': 2, 'value': 232}}
INFO:root:1721319543.155415,ID:1004,STAGE:4,SEQUENCE:1243,DATA:{'time': 1721319543.154, 'source': 'VitalsTask', 'timer': 172.796, 'data': {'sensor': 'Heart Rate', 'action': 'show action buttons'}}
INFO:root:1721319543.156763,ID:1004,STAGE:4,SEQUENCE:1243,DATA:{'time': 1721319543.154, 'source': 'VitalsTask', 'timer': 172.796, 'data': {'sensor': 'Heart Rate', 'action': 'keypad press', 'key': 10, 'value': 232}}
INFO:root:1721319544.572912,ID:1004,STAGE:4,SEQUENCE:1243,DATA:{'time': 1721319544.567, 'user-id': '1004', 'source': 'HAI Interface', 'destination-index': '19', 'study-stage': '4', 'decision-state': 0, 'vitals-state': '1', 'airspace-state': 0, 'data': {'page': 'emergency', 'action': 'trying to change destination to19'}}
INFO:root:1721319545.008891,ID:1004,STAGE:4,SEQUENCE:1243,DATA:{'time': 1721319545.008, 'source': 'VitalsTask', 'timer': 174.65, 'data': {'sensor': 'Heart Rate', 'action': 'log', 'data': 'action button pressed'}}
INFO:root:1721319545.010494,ID:1004,STAGE:4,SEQUENCE:1243,DATA:{'time': 1721319545.008, 'source': 'VitalsTask', 'timer': 174.65, 'data': {'sensor': 'Heart Rate', 'action': 'log', 'data': 'starting sensor action'}}
INFO:root:1721319546.02777,ID:1004,STAGE:4,SEQUENCE:1243,DATA:{'time': 1721319546.027, 'source': 'VitalsTask', 'timer': 175.669, 'data': {'sensor': 'Heart Rate', 'action': 'log', 'data': 'sensor action complete'}}
INFO:root:1721319546.657543,ID:1004,STAGE:4,SEQUENCE:1243,DATA:{'time': 1721319546.656, 'source': 'VitalsTask', 'timer': 176.298, 'data': {'sensor': 'Heart Rate', 'action': 'save', 'data': 'action button pressed'}}
INFO:root:1721319546.659537,ID:1004,STAGE:4,SEQUENCE:1243,DATA:{'time': 1721319546.657, 'source': 'VitalsTask', 'timer': 176.299, 'data': {'sensor': 'Heart Rate', 'action': 'save', 'data': 'starting sensor action'}}
INFO:root:1721319547.669359,ID:1004,STAGE:4,SEQUENCE:1243,DATA:{'time': 1721319547.667, 'source': 'VitalsTask', 'timer': 177.309, 'data': {'sensor': 'Heart Rate', 'action': 'save', 'data': 'sensor action complete'}}
INFO:root:1721319547.723393,ID:1004,STAGE:4,SEQUENCE:1243,DATA:{'time': 1721319547.719, 'user-id': '1004', 'source': 'HAI Interface', 'destination-index': '19', 'study-stage': '4', 'decision-state': 0, 'vitals-state': '1', 'airspace-state': 0, 'data': {'page': 'Inflight', 'action': 'emergency landing button pressed'}}
INFO:root:1721319547.879335,ID:1004,STAGE:4,SEQUENCE:1243,DATA:{'time': 1721319547.842, 'user-id': 'none', 'source': 'HAI Interface', 'destination-index': 3, 'study-stage': -1, 'decision-state': 0, 'vitals-state': 0, 'airspace-state': 0, 'data': {'page': 'emergency-landing', 'action': 'opened page'}}
INFO:root:1721319548.805611,ID:1004,STAGE:4,SEQUENCE:1243,DATA:{'time': 1721319548.801, 'user-id': '1004', 'source': 'HAI Interface', 'destination-index': '19', 'study-stage': '4', 'decision-state': 0, 'vitals-state': '1', 'airspace-state': 0, 'data': {'page': 'map', 'action': 'selected helipad', 'value': '21'}}
INFO:root:1721319548.805611,ID:1004,STAGE:4,SEQUENCE:1243,DATA:{'time': 1721319548.801, 'user-id': '1004', 'source': 'HAI Interface', 'destination-index': '19', 'study-stage': '4', 'decision-state': 0, 'vitals-state': '1', 'airspace-state': 0, 'data': {'page': 'map', 'action': 'set destination', 'value': -1}}
INFO:root:1721319549.593708,ID:1004,STAGE:4,SEQUENCE:1243,DATA:{'time': 1721319549.59, 'user-id': '1004', 'source': 'HAI Interface', 'destination-index': '19', 'study-stage': '4', 'decision-state': 0, 'vitals-state': '1', 'airspace-state': 0, 'data': {'page': 'change-destination', 'action': 'submit button pressed'}}
INFO:root:1721319549.728276,ID:1004,STAGE:4,SEQUENCE:1243,DATA:{'time': 1721319549.709, 'user-id': 'none', 'source': 'HAI Interface', 'destination-index': 3, 'study-stage': -1, 'decision-state': 0, 'vitals-state': 0, 'airspace-state': 0, 'data': {'page': 'location', 'action': 'opened page'}}
INFO:root:1721319550.677985,ID:1004,STAGE:4,SEQUENCE:1243,DATA:{'time': 1721319550.674, 'user-id': '1004', 'source': 'HAI Interface', 'destination-index': '19', 'study-stage': '4', 'decision-state': 0, 'vitals-state': '1', 'airspace-state': 0, 'data': {'page': 'map', 'action': 'selected helipad', 'value': '21'}}
INFO:root:1721319552.188525,ID:1004,STAGE:4,SEQUENCE:1243,DATA:{'time': 1721319552.187, 'source': 'VitalsTask', 'timer': 181.829, 'data': {'sensor': 'O\u2082 Saturation', 'action': 'opened sensor tab'}}
INFO:root:1721319553.55937,ID:1004,STAGE:4,SEQUENCE:1243,DATA:{'time': 1721319553.558, 'source': 'VitalsTask', 'timer': 183.2, 'data': {'sensor': 'O\u2082 Saturation', 'action': 'capture', 'data': 'action button pressed'}}
INFO:root:1721319553.560368,ID:1004,STAGE:4,SEQUENCE:1243,DATA:{'time': 1721319553.558, 'source': 'VitalsTask', 'timer': 183.2, 'data': {'sensor': 'O\u2082 Saturation', 'action': 'capture', 'data': 'starting sensor action'}}
INFO:root:1721319554.580246,ID:1004,STAGE:4,SEQUENCE:1243,DATA:{'time': 1721319554.579, 'source': 'VitalsTask', 'timer': 184.221, 'data': {'sensor': 'O\u2082 Saturation', 'action': 'capture', 'data': 'sensor action complete'}}
INFO:root:1721319554.582342,ID:1004,STAGE:4,SEQUENCE:1243,DATA:{'time': 1721319554.58, 'source': 'VitalsTask', 'timer': 184.222, 'data': {'sensor': 'O\u2082 Saturation', 'action': 'keypad open'}}
INFO:root:1721319554.879638,ID:1004,STAGE:4,SEQUENCE:1243,DATA:{'time': 1721319554.875, 'user-id': '1004', 'source': 'HAI Interface', 'destination-index': '19', 'study-stage': '4', 'decision-state': 0, 'vitals-state': '1', 'airspace-state': 0, 'data': {'page': 'emergency', 'action': 'trying to change destination to100'}}
INFO:root:1721319555.012542,ID:1004,STAGE:4,SEQUENCE:1243,DATA:{'time': 1721319554.998, 'user-id': 'none', 'source': 'HAI Interface', 'destination-index': 3, 'study-stage': -1, 'decision-state': 0, 'vitals-state': 0, 'airspace-state': 0, 'data': {'page': 'checklist', 'action': 'opened page', 'inflight': True}}
INFO:root:1721319555.405443,ID:1004,STAGE:4,SEQUENCE:1243,DATA:{'time': 1721319555.403, 'source': 'VitalsTask', 'timer': 185.045, 'data': {'sensor': 'O\u2082 Saturation', 'action': 'keypad press', 'key': 1, 'value': 1}}
INFO:root:1721319555.968274,ID:1004,STAGE:4,SEQUENCE:1243,DATA:{'time': 1721319555.964, 'user-id': '1004', 'source': 'HAI Interface', 'destination-index': '19', 'study-stage': '4', 'decision-state': 0, 'vitals-state': '1', 'airspace-state': 0, 'data': {'page': 'map', 'action': 'selected helipad', 'value': '21'}}
INFO:root:1721319556.624111,ID:1004,STAGE:4,SEQUENCE:1243,DATA:{'time': 1721319556.622, 'source': 'VitalsTask', 'timer': 186.264, 'data': {'sensor': 'O\u2082 Saturation', 'action': 'keypad press', 'key': 11, 'value': 10}}
INFO:root:1721319557.233806,ID:1004,STAGE:4,SEQUENCE:1243,DATA:{'time': 1721319557.232, 'source': 'VitalsTask', 'timer': 186.874, 'data': {'sensor': 'O\u2082 Saturation', 'action': 'keypad press', 'key': 11, 'value': 100}}
INFO:root:1721319558.268128,ID:1004,STAGE:4,SEQUENCE:1243,DATA:{'time': 1721319558.265, 'source': 'VitalsTask', 'timer': 187.907, 'data': {'sensor': 'O\u2082 Saturation', 'action': 'show action buttons'}}
INFO:root:1721319558.270121,ID:1004,STAGE:4,SEQUENCE:1243,DATA:{'time': 1721319558.265, 'source': 'VitalsTask', 'timer': 187.907, 'data': {'sensor': 'O\u2082 Saturation', 'action': 'keypad press', 'key': 10, 'value': 100}}
INFO:root:1721319559.689516,ID:1004,STAGE:4,SEQUENCE:1243,DATA:{'time': 1721319559.687, 'source': 'VitalsTask', 'timer': 189.329, 'data': {'sensor': 'O\u2082 Saturation', 'action': 'log', 'data': 'action button pressed'}}
INFO:root:1721319559.691083,ID:1004,STAGE:4,SEQUENCE:1243,DATA:{'time': 1721319559.688, 'source': 'VitalsTask', 'timer': 189.33, 'data': {'sensor': 'O\u2082 Saturation', 'action': 'log', 'data': 'starting sensor action'}}
INFO:root:Reroute to Old Fourth Ward radio comm response initiated
INFO:root:1721319560.706935,ID:1004,STAGE:4,SEQUENCE:1243,DATA:{'time': 1721319560.704, 'source': 'VitalsTask', 'timer': 190.346, 'data': {'sensor': 'O\u2082 Saturation', 'action': 'log', 'data': 'sensor action complete'}}
INFO:root:1721319560.958895,ID:1004,STAGE:4,SEQUENCE:1243,DATA:{'time': 1721319560.958, 'source': 'VitalsTask', 'timer': 190.6, 'data': {'sensor': 'O\u2082 Saturation', 'action': 'save', 'data': 'action button pressed'}}
INFO:root:1721319560.961236,ID:1004,STAGE:4,SEQUENCE:1243,DATA:{'time': 1721319560.958, 'source': 'VitalsTask', 'timer': 190.6, 'data': {'sensor': 'O\u2082 Saturation', 'action': 'save', 'data': 'starting sensor action'}}
INFO:root:1721319561.970982,ID:1004,STAGE:4,SEQUENCE:1243,DATA:{'time': 1721319561.969, 'source': 'VitalsTask', 'timer': 191.611, 'data': {'sensor': 'O\u2082 Saturation', 'action': 'save', 'data': 'sensor action complete'}}
INFO:root:1721319573.295912,ID:1004,STAGE:4,SEQUENCE:1243,DATA:{'time': 1721319573.292, 'source': 'VitalsTask', 'timer': 202.934, 'data': {'sensor': 'Blood Pressure', 'action': 'opened sensor tab'}}
INFO:root:1721319587.730326,ID:1004,STAGE:4,SEQUENCE:1243,DATA:{'time': 1721319587.728, 'source': 'VitalsTask', 'timer': 217.37, 'data': {'sensor': 'Blood Pressure', 'action': 'capture', 'data': 'action button pressed'}}
INFO:root:1721319587.733317,ID:1004,STAGE:4,SEQUENCE:1243,DATA:{'time': 1721319587.729, 'source': 'VitalsTask', 'timer': 217.371, 'data': {'sensor': 'Blood Pressure', 'action': 'capture', 'data': 'starting sensor action'}}
INFO:root:1721319588.754931,ID:1004,STAGE:4,SEQUENCE:1243,DATA:{'time': 1721319588.749, 'source': 'VitalsTask', 'timer': 218.391, 'data': {'sensor': 'Blood Pressure', 'action': 'capture', 'data': 'sensor action complete'}}
INFO:root:1721319588.756925,ID:1004,STAGE:4,SEQUENCE:1243,DATA:{'time': 1721319588.75, 'source': 'VitalsTask', 'timer': 218.392, 'data': {'sensor': 'Blood Pressure', 'action': 'keypad open'}}
INFO:root:1721319589.895401,ID:1004,STAGE:4,SEQUENCE:1243,DATA:{'time': 1721319589.892, 'source': 'VitalsTask', 'timer': 219.534, 'data': {'sensor': 'Blood Pressure', 'action': 'keypad press', 'key': 2, 'value': 2}}
INFO:root:1721319591.363373,ID:1004,STAGE:4,SEQUENCE:1243,DATA:{'time': 1721319591.361, 'source': 'VitalsTask', 'timer': 221.003, 'data': {'sensor': 'Blood Pressure', 'action': 'keypad press', 'key': 3, 'value': 23}}
INFO:root:1721319592.356373,ID:1004,STAGE:4,SEQUENCE:1243,DATA:{'time': 1721319592.355, 'source': 'VitalsTask', 'timer': 221.997, 'data': {'sensor': 'Blood Pressure', 'action': 'keypad press', 'key': 6, 'value': 236}}
INFO:root:Reroute to Old Fourth Ward radio comm done- command to clear event and make the emergency variables 0 sent
INFO:root:1721319594.114731,ID:1004,STAGE:4,SEQUENCE:1243,DATA:{'time': 1721319594.111, 'source': 'VitalsTask', 'timer': 223.753, 'data': {'sensor': 'Blood Pressure', 'action': 'keypad press', 'key': 1, 'value': 2361}}
INFO:root:1721319595.648408,ID:1004,STAGE:4,SEQUENCE:1243,DATA:{'time': 1721319595.648, 'source': 'VitalsTask', 'timer': 225.29, 'data': {'sensor': 'Blood Pressure', 'action': 'keypad press', 'key': 9, 'value': 23619}}
INFO:root:1721319596.458511,ID:1004,STAGE:4,SEQUENCE:1243,DATA:{'time': 1721319596.456, 'source': 'VitalsTask', 'timer': 226.098, 'data': {'sensor': 'Blood Pressure', 'action': 'keypad press', 'key': 6, 'value': 236196}}
INFO:root:1721319597.637562,ID:1004,STAGE:4,SEQUENCE:1243,DATA:{'time': 1721319597.636, 'source': 'VitalsTask', 'timer': 227.278, 'data': {'sensor': 'Blood Pressure', 'action': 'show action buttons'}}
INFO:root:1721319597.639558,ID:1004,STAGE:4,SEQUENCE:1243,DATA:{'time': 1721319597.637, 'source': 'VitalsTask', 'timer': 227.279, 'data': {'sensor': 'Blood Pressure', 'action': 'keypad press', 'key': 10, 'value': 236196}}
INFO:root:1721319599.456571,ID:1004,STAGE:4,SEQUENCE:1243,DATA:{'time': 1721319599.454, 'source': 'VitalsTask', 'timer': 229.096, 'data': {'sensor': 'Blood Pressure', 'action': 'log', 'data': 'action button pressed'}}
INFO:root:1721319599.457571,ID:1004,STAGE:4,SEQUENCE:1243,DATA:{'time': 1721319599.455, 'source': 'VitalsTask', 'timer': 229.097, 'data': {'sensor': 'Blood Pressure', 'action': 'log', 'data': 'starting sensor action'}}
INFO:root:1721319600.467949,ID:1004,STAGE:4,SEQUENCE:1243,DATA:{'time': 1721319600.466, 'source': 'VitalsTask', 'timer': 230.108, 'data': {'sensor': 'Blood Pressure', 'action': 'log', 'data': 'sensor action complete'}}
INFO:root:1721319601.061869,ID:1004,STAGE:4,SEQUENCE:1243,DATA:{'time': 1721319601.061, 'source': 'VitalsTask', 'timer': 230.703, 'data': {'sensor': 'Blood Pressure', 'action': 'save', 'data': 'action button pressed'}}
INFO:root:1721319601.06353,ID:1004,STAGE:4,SEQUENCE:1243,DATA:{'time': 1721319601.062, 'source': 'VitalsTask', 'timer': 230.704, 'data': {'sensor': 'Blood Pressure', 'action': 'save', 'data': 'starting sensor action'}}
INFO:root:1721319602.074175,ID:1004,STAGE:4,SEQUENCE:1243,DATA:{'time': 1721319602.073, 'source': 'VitalsTask', 'timer': 231.715, 'data': {'sensor': 'Blood Pressure', 'action': 'save', 'data': 'sensor action complete'}}
INFO:root:1721319603.247237,ID:1004,STAGE:4,SEQUENCE:1243,DATA:{'time': 1721319603.245, 'source': 'VitalsTask', 'timer': 232.887, 'data': {'sensor': 'submit', 'action': 'submit'}}
INFO:root:1721319603.252085,ID:1004,STAGE:4,SEQUENCE:1243,DATA:{'time': 1721319603.245, 'source': 'VitalsTask', 'timer': 232.887, 'data': {'sensor': 'submit', 'action': 'submit', 'data': 'submit succeeded'}}
INFO:root:1721319607.317677,ID:1004,STAGE:4,SEQUENCE:1243,DATA:{'time': 1721319607.313, 'user-id': '1004', 'source': 'HAI Interface', 'destination-index': '19', 'study-stage': '4', 'decision-state': 0, 'vitals-state': '1', 'airspace-state': 0, 'data': {'page': 'checklist', 'action': 'abort button pressed'}}
INFO:root:1721319618.213655,ID:1004,STAGE:4,SEQUENCE:1243,DATA:{'time': 1721319618.21, 'user-id': '1004', 'source': 'HAI Interface', 'destination-index': '19', 'study-stage': '4', 'decision-state': 0, 'vitals-state': '1', 'airspace-state': 0, 'data': {'page': 'checklist', 'action': 'toggled checkbox', 'inflight': True, 'item': 0, 'value': 'OFF'}}
INFO:root:1721319618.726465,ID:1004,STAGE:4,SEQUENCE:1243,DATA:{'time': 1721319618.721, 'user-id': '1004', 'source': 'HAI Interface', 'destination-index': '19', 'study-stage': '4', 'decision-state': 0, 'vitals-state': '1', 'airspace-state': 0, 'data': {'page': 'checklist', 'action': 'toggled checkbox', 'inflight': True, 'item': 1, 'value': 'OFF'}}
INFO:root:1721319619.326934,ID:1004,STAGE:4,SEQUENCE:1243,DATA:{'time': 1721319619.322, 'user-id': '1004', 'source': 'HAI Interface', 'destination-index': '19', 'study-stage': '4', 'decision-state': 0, 'vitals-state': '1', 'airspace-state': 0, 'data': {'page': 'checklist', 'action': 'toggled checkbox', 'inflight': True, 'item': 2, 'value': 'OFF'}}
INFO:root:1721319619.328933,ID:1004,STAGE:4,SEQUENCE:1243,DATA:{'time': 1721319619.322, 'user-id': '1004', 'source': 'HAI Interface', 'destination-index': '19', 'study-stage': '4', 'decision-state': 0, 'vitals-state': '1', 'airspace-state': 0, 'data': {'page': 'checklist', 'action': 'showing confirm button', 'inflight': True}}
INFO:root:1721319620.126702,ID:1004,STAGE:4,SEQUENCE:1243,DATA:{'time': 1721319620.122, 'user-id': '1004', 'source': 'HAI Interface', 'destination-index': '19', 'study-stage': '4', 'decision-state': 0, 'vitals-state': '1', 'airspace-state': 0, 'data': {'page': 'checklist', 'action': 'confirm button clicked', 'inflight': True}}
INFO:root:1721319620.456416,ID:1004,STAGE:4,SEQUENCE:1243,DATA:{'time': 1721319620.43, 'user-id': 'none', 'source': 'HAI Interface', 'destination-index': 3, 'study-stage': -1, 'decision-state': 0, 'vitals-state': 0, 'airspace-state': 0, 'data': {'page': 'landing-confirmation', 'action': 'opened page'}}
INFO:root:1721319620.459923,ID:1004,STAGE:4,SEQUENCE:1243,DATA:{'time': 1721319620.431, 'user-id': 'none', 'source': 'HAI Interface', 'destination-index': 3, 'study-stage': -1, 'decision-state': 0, 'vitals-state': 0, 'airspace-state': 0, 'data': {'page': 'landing-confirmation', 'action': 'showing helipad confirm', 'value': 1}}
INFO:root:1721319621.405852,ID:1004,STAGE:4,SEQUENCE:1243,DATA:{'time': 1721319621.4, 'user-id': '1004', 'source': 'HAI Interface', 'destination-index': '19', 'study-stage': '4', 'decision-state': 0, 'vitals-state': '1', 'airspace-state': 0, 'data': {'page': 'map', 'action': 'selected helipad', 'value': '21'}}
INFO:root:1721319624.331172,ID:1004,STAGE:4,SEQUENCE:1243,DATA:{'time': 1721319624.327, 'user-id': '1004', 'source': 'HAI Interface', 'destination-index': '19', 'study-stage': '4', 'decision-state': 0, 'vitals-state': '1', 'airspace-state': 0, 'data': {'page': 'landing-confirmation', 'action': 'checkbox toggle', 'item': 0, 'value': 'ON'}}
INFO:root:1721319624.762613,ID:1004,STAGE:4,SEQUENCE:1243,DATA:{'time': 1721319624.759, 'user-id': '1004', 'source': 'HAI Interface', 'destination-index': '19', 'study-stage': '4', 'decision-state': 0, 'vitals-state': '1', 'airspace-state': 0, 'data': {'page': 'landing-confirmation', 'action': 'checkbox toggle', 'item': 1, 'value': 'ON'}}
INFO:root:1721319625.27738,ID:1004,STAGE:4,SEQUENCE:1243,DATA:{'time': 1721319625.264, 'user-id': '1004', 'source': 'HAI Interface', 'destination-index': '19', 'study-stage': '4', 'decision-state': 0, 'vitals-state': '1', 'airspace-state': 0, 'data': {'page': 'landing-confirmation', 'action': 'confirmed safe to land'}}
INFO:root:1721319625.278376,ID:1004,STAGE:4,SEQUENCE:1243,DATA:{'time': 1721319625.264, 'user-id': '1004', 'source': 'HAI Interface', 'destination-index': '19', 'study-stage': '4', 'decision-state': 0, 'vitals-state': '1', 'airspace-state': 0, 'data': {'page': 'landing-confirmation', 'action': 'showing helipad ready'}}
INFO:root:1721319627.05119,ID:1004,STAGE:4,SEQUENCE:1243,DATA:{'time': 1721319627.046, 'user-id': '1004', 'source': 'HAI Interface', 'destination-index': '19', 'study-stage': '4', 'decision-state': 0, 'vitals-state': '1', 'airspace-state': 0, 'data': {'page': 'landing-confirmation', 'action': 'gave landing confirmation'}}
INFO:root:1721319627.173646,ID:1004,STAGE:4,SEQUENCE:1243,DATA:{'time': 1721319627.154, 'user-id': 'none', 'source': 'HAI Interface', 'destination-index': 3, 'study-stage': -1, 'decision-state': 0, 'vitals-state': 0, 'airspace-state': 0, 'data': {'page': 'landing-countdown', 'action': 'opened page'}}
INFO:root:1721319628.137897,ID:1004,STAGE:4,SEQUENCE:1243,DATA:{'time': 1721319628.133, 'user-id': '1004', 'source': 'HAI Interface', 'destination-index': '19', 'study-stage': '4', 'decision-state': '1', 'vitals-state': '1', 'airspace-state': 0, 'data': {'page': 'map', 'action': 'selected helipad', 'value': '21'}}
INFO:root:1721319628.168859,ID:1004,STAGE:4,SEQUENCE:1243,DATA:{'time': 1721319628.165, 'user-id': '1004', 'source': 'HAI Interface', 'destination-index': '19', 'study-stage': '4', 'decision-state': '1', 'vitals-state': '1', 'airspace-state': 0, 'data': {'page': 'landing-countdown', 'action': 'countdown changed', 'value': 5}}
INFO:root:1721319629.170424,ID:1004,STAGE:4,SEQUENCE:1243,DATA:{'time': 1721319629.167, 'user-id': '1004', 'source': 'HAI Interface', 'destination-index': '19', 'study-stage': '4', 'decision-state': '1', 'vitals-state': '1', 'airspace-state': 0, 'data': {'page': 'landing-countdown', 'action': 'countdown changed', 'value': 4}}
INFO:root:1721319630.168905,ID:1004,STAGE:4,SEQUENCE:1243,DATA:{'time': 1721319630.16, 'user-id': '1004', 'source': 'HAI Interface', 'destination-index': '19', 'study-stage': '4', 'decision-state': '1', 'vitals-state': '1', 'airspace-state': 0, 'data': {'page': 'landing-countdown', 'action': 'countdown changed', 'value': 3}}
INFO:root:1721319631.165369,ID:1004,STAGE:4,SEQUENCE:1243,DATA:{'time': 1721319631.162, 'user-id': '1004', 'source': 'HAI Interface', 'destination-index': '19', 'study-stage': '4', 'decision-state': '1', 'vitals-state': '1', 'airspace-state': 0, 'data': {'page': 'landing-countdown', 'action': 'countdown changed', 'value': 2}}
INFO:root:1721319632.165559,ID:1004,STAGE:4,SEQUENCE:1243,DATA:{'time': 1721319632.161, 'user-id': '1004', 'source': 'HAI Interface', 'destination-index': '19', 'study-stage': '4', 'decision-state': '1', 'vitals-state': '1', 'airspace-state': 0, 'data': {'page': 'landing-countdown', 'action': 'countdown changed', 'value': 1}}
INFO:root:1721319633.162847,ID:1004,STAGE:4,SEQUENCE:1243,DATA:{'time': 1721319633.157, 'user-id': '1004', 'source': 'HAI Interface', 'destination-index': '19', 'study-stage': '4', 'decision-state': '1', 'vitals-state': '1', 'airspace-state': 0, 'data': {'page': 'landing-countdown', 'action': 'countdown changed', 'value': 0}}
INFO:root:1721319634.159158,ID:1004,STAGE:4,SEQUENCE:1243,DATA:{'time': 1721319634.155, 'user-id': '1004', 'source': 'HAI Interface', 'destination-index': '19', 'study-stage': '4', 'decision-state': '1', 'vitals-state': '1', 'airspace-state': 0, 'data': {'page': 'landing-countdown', 'action': 'countdown complete'}}
INFO:root:1721319634.280399,ID:1004,STAGE:4,SEQUENCE:1243,DATA:{'time': 1721319634.263, 'user-id': 'none', 'source': 'HAI Interface', 'destination-index': 3, 'study-stage': -1, 'decision-state': 0, 'vitals-state': 0, 'airspace-state': 0, 'data': {'page': 'landed', 'action': 'opened page'}}
INFO:root:1721319635.235351,ID:1004,STAGE:4,SEQUENCE:1243,DATA:{'time': 1721319635.23, 'user-id': '1004', 'source': 'HAI Interface', 'destination-index': '19', 'study-stage': '4', 'decision-state': '1', 'vitals-state': '1', 'airspace-state': 0, 'data': {'page': 'map', 'action': 'selected helipad', 'value': '21'}}
INFO:SimConnect.SimConnect:SIM Paused
INFO:SimConnect.SimConnect:SIM Stop
INFO:SimConnect.SimConnect:SIM Paused
INFO:SimConnect.SimConnect:SIM START
INFO:SimConnect.SimConnect:SIM Unpaused
INFO:SimConnect.SimConnect:SIM Paused
INFO:SimConnect.SimConnect:SIM Paused
INFO:SimConnect.SimConnect:SIM Stop
INFO:SimConnect.SimConnect:SIM START
INFO:SimConnect.SimConnect:SIM Stop
INFO:SimConnect.SimConnect:SIM START
INFO:SimConnect.SimConnect:SIM Unpaused
INFO:SimConnect.SimConnect:SIM Paused
INFO:SimConnect.SimConnect:SIM Stop
INFO:SimConnect.SimConnect:SIM Unpaused
INFO:SimConnect.SimConnect:SIM Paused
INFO:SimConnect.SimConnect:SIM START
INFO:SimConnect.SimConnect:SIM Stop
INFO:root:SimConnect Error in /var
INFO:root:SimConnect Error in /var
INFO:SimConnect.SimConnect:SIM OPEN
INFO:SimConnect.SimConnect:SIM OPEN
