INFO:root:1721317267.111296,ID:1004,STAGE:1,SEQUENCE:1243,DATA:{'time': 1721317267.108, 'user-id': '1004', 'source': 'HAI Interface', 'destination-index': 'None', 'study-stage': '1', 'decision-state': 0, 'vitals-state': 0, 'airspace-state': 0, 'data': {'page': 'index', 'action': 'confirm button pressed'}}
INFO:root:1721317267.651862,ID:1004,STAGE:1,SEQUENCE:1243,DATA:{'time': 1721317267.647, 'user-id': 'none', 'source': 'HAI Interface', 'destination-index': 3, 'study-stage': -1, 'decision-state': 0, 'vitals-state': 0, 'airspace-state': 0, 'data': {'page': 'location', 'action': 'opened page'}}
INFO:root:Takeoff radiocomms initiated
INFO:comtypes.client._code_cache:Imported existing <module 'comtypes.gen' from 'C:\\Users\\ae-dagbeyibor3\\AppData\\Local\\Programs\\Python\\Python312\\Lib\\site-packages\\comtypes\\gen\\__init__.py'>
INFO:comtypes.client._code_cache:Using writeable comtypes cache directory: 'C:\Users\ae-dagbeyibor3\AppData\Local\Programs\Python\Python312\Lib\site-packages\comtypes\gen'
INFO:root:1721317268.623073,ID:1004,STAGE:1,SEQUENCE:1243,DATA:{'time': 1721317268.618, 'user-id': '1004', 'source': 'HAI Interface', 'destination-index': 'None', 'study-stage': '1', 'decision-state': 0, 'vitals-state': 0, 'airspace-state': 0, 'data': {'page': 'map', 'action': 'selected helipad', 'value': '21'}}
INFO:root:1721317273.841301,ID:1004,STAGE:1,SEQUENCE:1243,DATA:{'time': 1721317273.834, 'user-id': '1004', 'source': 'HAI Interface', 'destination-index': 'None', 'study-stage': '1', 'decision-state': 0, 'vitals-state': 0, 'airspace-state': 0, 'data': {'page': 'location', 'action': 'confirm button pressed'}}
INFO:root:1721317274.099616,ID:1004,STAGE:1,SEQUENCE:1243,DATA:{'time': 1721317274.095, 'user-id': 'none', 'source': 'HAI Interface', 'destination-index': 3, 'study-stage': -1, 'decision-state': 0, 'vitals-state': 0, 'airspace-state': 0, 'data': {'page': 'checklist', 'action': 'opened page', 'inflight': False}}
INFO:root:1721317275.068717,ID:1004,STAGE:1,SEQUENCE:1243,DATA:{'time': 1721317275.064, 'user-id': '1004', 'source': 'HAI Interface', 'destination-index': '3', 'study-stage': '1', 'decision-state': 0, 'vitals-state': 0, 'airspace-state': 0, 'data': {'page': 'map', 'action': 'selected helipad', 'value': '21'}}
INFO:root:1721317285.287379,ID:1004,STAGE:1,SEQUENCE:1243,DATA:{'time': 1721317285.284, 'user-id': '1004', 'source': 'HAI Interface', 'destination-index': '3', 'study-stage': '1', 'decision-state': 0, 'vitals-state': 0, 'airspace-state': 0, 'data': {'page': 'checklist', 'action': 'toggled checkbox', 'inflight': False, 'item': 0, 'value': 'OFF'}}
INFO:root:Takeoff radiocomms clear request sent
INFO:root:1721317287.271634,ID:1004,STAGE:1,SEQUENCE:1243,DATA:{'time': 1721317287.267, 'user-id': '1004', 'source': 'HAI Interface', 'destination-index': '3', 'study-stage': '1', 'decision-state': 0, 'vitals-state': 0, 'airspace-state': 0, 'data': {'page': 'checklist', 'action': 'toggled checkbox', 'inflight': False, 'item': 1, 'value': 'OFF'}}
INFO:root:1721317288.036161,ID:1004,STAGE:1,SEQUENCE:1243,DATA:{'time': 1721317288.031, 'user-id': '1004', 'source': 'HAI Interface', 'destination-index': '3', 'study-stage': '1', 'decision-state': 0, 'vitals-state': 0, 'airspace-state': 0, 'data': {'page': 'checklist', 'action': 'toggled checkbox', 'inflight': False, 'item': 2, 'value': 'OFF'}}
INFO:root:1721317288.03716,ID:1004,STAGE:1,SEQUENCE:1243,DATA:{'time': 1721317288.032, 'user-id': '1004', 'source': 'HAI Interface', 'destination-index': '3', 'study-stage': '1', 'decision-state': 0, 'vitals-state': 0, 'airspace-state': 0, 'data': {'page': 'checklist', 'action': 'showing confirm button', 'inflight': False}}
INFO:root:1721317290.479981,ID:1004,STAGE:1,SEQUENCE:1243,DATA:{'time': 1721317290.476, 'user-id': '1004', 'source': 'HAI Interface', 'destination-index': '3', 'study-stage': '1', 'decision-state': 0, 'vitals-state': 0, 'airspace-state': 0, 'data': {'page': 'checklist', 'action': 'confirm button clicked', 'inflight': False}}
INFO:root:1721317290.576586,ID:1004,STAGE:1,SEQUENCE:1243,DATA:{'time': 1721317290.567, 'user-id': 'none', 'source': 'HAI Interface', 'destination-index': 3, 'study-stage': -1, 'decision-state': 0, 'vitals-state': 0, 'airspace-state': 0, 'data': {'page': 'countdown', 'action': 'opened page'}}
INFO:root:1721317291.539524,ID:1004,STAGE:1,SEQUENCE:1243,DATA:{'time': 1721317291.534, 'user-id': '1004', 'source': 'HAI Interface', 'destination-index': '3', 'study-stage': '1', 'decision-state': 0, 'vitals-state': 0, 'airspace-state': 0, 'data': {'page': 'map', 'action': 'selected helipad', 'value': '21'}}
INFO:root:1721317291.570981,ID:1004,STAGE:1,SEQUENCE:1243,DATA:{'time': 1721317291.568, 'user-id': '1004', 'source': 'HAI Interface', 'destination-index': '3', 'study-stage': '1', 'decision-state': 0, 'vitals-state': 0, 'airspace-state': 0, 'data': {'page': 'countdown', 'action': 'countdown now 4'}}
INFO:root:1721317292.583381,ID:1004,STAGE:1,SEQUENCE:1243,DATA:{'time': 1721317292.58, 'user-id': '1004', 'source': 'HAI Interface', 'destination-index': '3', 'study-stage': '1', 'decision-state': 0, 'vitals-state': 0, 'airspace-state': 0, 'data': {'page': 'countdown', 'action': 'countdown now 3'}}
INFO:root:1721317293.575278,ID:1004,STAGE:1,SEQUENCE:1243,DATA:{'time': 1721317293.572, 'user-id': '1004', 'source': 'HAI Interface', 'destination-index': '3', 'study-stage': '1', 'decision-state': 0, 'vitals-state': 0, 'airspace-state': 0, 'data': {'page': 'countdown', 'action': 'countdown now 2'}}
INFO:root:1721317294.58058,ID:1004,STAGE:1,SEQUENCE:1243,DATA:{'time': 1721317294.577, 'user-id': '1004', 'source': 'HAI Interface', 'destination-index': '3', 'study-stage': '1', 'decision-state': 0, 'vitals-state': 0, 'airspace-state': 0, 'data': {'page': 'countdown', 'action': 'countdown now 1'}}
INFO:root:1721317295.573467,ID:1004,STAGE:1,SEQUENCE:1243,DATA:{'time': 1721317295.57, 'user-id': '1004', 'source': 'HAI Interface', 'destination-index': '3', 'study-stage': '1', 'decision-state': 0, 'vitals-state': 0, 'airspace-state': 0, 'data': {'page': 'countdown', 'action': 'countdown now 0'}}
INFO:root:1721317296.573183,ID:1004,STAGE:1,SEQUENCE:1243,DATA:{'time': 1721317296.569, 'user-id': '1004', 'source': 'HAI Interface', 'destination-index': '3', 'study-stage': '1', 'decision-state': 0, 'vitals-state': 0, 'airspace-state': 0, 'data': {'page': 'countdown', 'action': 'countdown complete'}}
INFO:root:1721317298.863894,ID:1004,STAGE:1,SEQUENCE:1243,DATA:{'time': 1721317298.858, 'user-id': '1004', 'source': 'HAI Interface', 'destination-index': '3', 'study-stage': '1', 'decision-state': 0, 'vitals-state': 0, 'airspace-state': 0, 'data': {'page': 'map', 'action': 'selected helipad', 'value': '21'}}
INFO:root:1721317302.099774,ID:1004,STAGE:1,SEQUENCE:1243,DATA:{'time': 1721317302.096, 'user-id': '1004', 'source': 'HAI Interface', 'destination-index': '3', 'study-stage': '1', 'decision-state': 0, 'vitals-state': 0, 'airspace-state': 0, 'data': {'page': 'emergency', 'action': 'trying to change destination to100'}}
INFO:root:Inflight Radio Update asked
INFO:root:sent request to set radio update complete
INFO:root:1721317307.099473,ID:1004,STAGE:1,SEQUENCE:1243,DATA:{'time': 1721317307.095, 'user-id': '1004', 'source': 'HAI Interface', 'destination-index': '3', 'study-stage': '1', 'decision-state': 0, 'vitals-state': 0, 'airspace-state': 0, 'data': {'page': 'emergency', 'action': 'trying to change destination to19'}}
INFO:root:1721317309.706289,ID:1004,STAGE:1,SEQUENCE:1243,DATA:{'time': 1721317309.706, 'source': 'VitalsTask', 'timer': 422.074, 'data': {'sensor': 'Heart Rate', 'action': 'opened sensor tab'}}
INFO:root:1721317311.753722,ID:1004,STAGE:1,SEQUENCE:1243,DATA:{'time': 1721317311.754, 'source': 'VitalsTask', 'timer': 424.122, 'data': {'sensor': 'Heart Rate', 'action': 'capture', 'data': 'action button pressed'}}
INFO:root:1721317311.754719,ID:1004,STAGE:1,SEQUENCE:1243,DATA:{'time': 1721317311.754, 'source': 'VitalsTask', 'timer': 424.122, 'data': {'sensor': 'Heart Rate', 'action': 'capture', 'data': 'starting sensor action'}}
INFO:root:1721317312.075311,ID:1004,STAGE:1,SEQUENCE:1243,DATA:{'time': 1721317312.07, 'user-id': '1004', 'source': 'HAI Interface', 'destination-index': '3', 'study-stage': '1', 'decision-state': 0, 'vitals-state': 0, 'airspace-state': 0, 'data': {'page': 'emergency', 'action': 'trying to change destination to19'}}
INFO:root:1721317312.768381,ID:1004,STAGE:1,SEQUENCE:1243,DATA:{'time': 1721317312.769, 'source': 'VitalsTask', 'timer': 425.137, 'data': {'sensor': 'Heart Rate', 'action': 'capture', 'data': 'sensor action complete'}}
INFO:root:1721317312.769378,ID:1004,STAGE:1,SEQUENCE:1243,DATA:{'time': 1721317312.769, 'source': 'VitalsTask', 'timer': 425.137, 'data': {'sensor': 'Heart Rate', 'action': 'keypad open'}}
INFO:root:1721317314.095854,ID:1004,STAGE:1,SEQUENCE:1243,DATA:{'time': 1721317314.097, 'source': 'VitalsTask', 'timer': 426.465, 'data': {'sensor': 'Heart Rate', 'action': 'keypad press', 'key': 5, 'value': 5}}
INFO:root:1721317314.674835,ID:1004,STAGE:1,SEQUENCE:1243,DATA:{'time': 1721317314.673, 'source': 'VitalsTask', 'timer': 427.041, 'data': {'sensor': 'Heart Rate', 'action': 'keypad press', 'key': 5, 'value': 55}}
INFO:root:1721317316.459735,ID:1004,STAGE:1,SEQUENCE:1243,DATA:{'time': 1721317316.46, 'source': 'VitalsTask', 'timer': 428.828, 'data': {'sensor': 'Heart Rate', 'action': 'show action buttons'}}
INFO:root:1721317316.460732,ID:1004,STAGE:1,SEQUENCE:1243,DATA:{'time': 1721317316.461, 'source': 'VitalsTask', 'timer': 428.829, 'data': {'sensor': 'Heart Rate', 'action': 'keypad press', 'key': 10, 'value': 55}}
INFO:root:1721317317.049193,ID:1004,STAGE:1,SEQUENCE:1243,DATA:{'time': 1721317317.044, 'user-id': '1004', 'source': 'HAI Interface', 'destination-index': '3', 'study-stage': '1', 'decision-state': 0, 'vitals-state': 0, 'airspace-state': 0, 'data': {'page': 'emergency', 'action': 'trying to change destination to19'}}
INFO:root:1721317318.117603,ID:1004,STAGE:1,SEQUENCE:1243,DATA:{'time': 1721317318.118, 'source': 'VitalsTask', 'timer': 430.486, 'data': {'sensor': 'Heart Rate', 'action': 'log', 'data': 'action button pressed'}}
INFO:root:1721317318.119598,ID:1004,STAGE:1,SEQUENCE:1243,DATA:{'time': 1721317318.118, 'source': 'VitalsTask', 'timer': 430.486, 'data': {'sensor': 'Heart Rate', 'action': 'log', 'data': 'starting sensor action'}}
INFO:root:1721317319.135065,ID:1004,STAGE:1,SEQUENCE:1243,DATA:{'time': 1721317319.136, 'source': 'VitalsTask', 'timer': 431.504, 'data': {'sensor': 'Heart Rate', 'action': 'log', 'data': 'sensor action complete'}}
INFO:root:1721317320.087326,ID:1004,STAGE:1,SEQUENCE:1243,DATA:{'time': 1721317320.088, 'source': 'VitalsTask', 'timer': 432.456, 'data': {'sensor': 'Heart Rate', 'action': 'save', 'data': 'action button pressed'}}
INFO:root:1721317320.088325,ID:1004,STAGE:1,SEQUENCE:1243,DATA:{'time': 1721317320.088, 'source': 'VitalsTask', 'timer': 432.456, 'data': {'sensor': 'Heart Rate', 'action': 'save', 'data': 'starting sensor action'}}
INFO:root:1721317321.100189,ID:1004,STAGE:1,SEQUENCE:1243,DATA:{'time': 1721317321.099, 'source': 'VitalsTask', 'timer': 433.467, 'data': {'sensor': 'Heart Rate', 'action': 'save', 'data': 'sensor action complete'}}
INFO:root:1721317322.038043,ID:1004,STAGE:1,SEQUENCE:1243,DATA:{'time': 1721317322.034, 'user-id': '1004', 'source': 'HAI Interface', 'destination-index': '3', 'study-stage': '1', 'decision-state': 0, 'vitals-state': 0, 'airspace-state': 0, 'data': {'page': 'emergency', 'action': 'trying to change destination to19'}}
INFO:root:1721317322.559937,ID:1004,STAGE:1,SEQUENCE:1243,DATA:{'time': 1721317322.561, 'source': 'VitalsTask', 'timer': 434.929, 'data': {'sensor': 'O\u2082 Saturation', 'action': 'opened sensor tab'}}
INFO:root:1721317327.062643,ID:1004,STAGE:1,SEQUENCE:1243,DATA:{'time': 1721317327.057, 'user-id': '1004', 'source': 'HAI Interface', 'destination-index': '3', 'study-stage': '1', 'decision-state': 0, 'vitals-state': 0, 'airspace-state': 0, 'data': {'page': 'emergency', 'action': 'trying to change destination to19'}}
INFO:root:1721317332.045608,ID:1004,STAGE:1,SEQUENCE:1243,DATA:{'time': 1721317332.041, 'user-id': '1004', 'source': 'HAI Interface', 'destination-index': '3', 'study-stage': '1', 'decision-state': 0, 'vitals-state': 0, 'airspace-state': 0, 'data': {'page': 'emergency', 'action': 'trying to change destination to19'}}
INFO:root:1721317337.066798,ID:1004,STAGE:1,SEQUENCE:1243,DATA:{'time': 1721317337.063, 'user-id': '1004', 'source': 'HAI Interface', 'destination-index': '3', 'study-stage': '1', 'decision-state': 0, 'vitals-state': 0, 'airspace-state': 0, 'data': {'page': 'emergency', 'action': 'trying to change destination to19'}}
INFO:root:1721317342.071106,ID:1004,STAGE:1,SEQUENCE:1243,DATA:{'time': 1721317342.066, 'user-id': '1004', 'source': 'HAI Interface', 'destination-index': '3', 'study-stage': '1', 'decision-state': 0, 'vitals-state': 0, 'airspace-state': 0, 'data': {'page': 'emergency', 'action': 'trying to change destination to19'}}
INFO:root:1721317347.061147,ID:1004,STAGE:1,SEQUENCE:1243,DATA:{'time': 1721317347.057, 'user-id': '1004', 'source': 'HAI Interface', 'destination-index': '3', 'study-stage': '1', 'decision-state': 0, 'vitals-state': 0, 'airspace-state': 0, 'data': {'page': 'emergency', 'action': 'trying to change destination to19'}}
INFO:root:1721317351.368226,ID:1004,STAGE:1,SEQUENCE:1243,DATA:{'time': 1721317351.364, 'user-id': '1004', 'source': 'HAI Interface', 'destination-index': '3', 'study-stage': '1', 'decision-state': 0, 'vitals-state': 0, 'airspace-state': 0, 'data': {'page': 'inflight', 'action': 'displaying vitals prompt'}}
INFO:root:1721317352.10721,ID:1004,STAGE:1,SEQUENCE:1243,DATA:{'time': 1721317352.101, 'user-id': '1004', 'source': 'HAI Interface', 'destination-index': '3', 'study-stage': '1', 'decision-state': 0, 'vitals-state': 0, 'airspace-state': 0, 'data': {'page': 'emergency', 'action': 'trying to change destination to19'}}
INFO:root:1721317356.158508,ID:1004,STAGE:1,SEQUENCE:1243,DATA:{'time': 1721317356.155, 'user-id': '1004', 'source': 'HAI Interface', 'destination-index': '3', 'study-stage': '1', 'decision-state': 0, 'vitals-state': 0, 'airspace-state': 0, 'data': {'page': 'inflight', 'action': 'user acknowledged vitals prompt'}}
INFO:root:1721317357.075426,ID:1004,STAGE:1,SEQUENCE:1243,DATA:{'time': 1721317357.07, 'user-id': '1004', 'source': 'HAI Interface', 'destination-index': '3', 'study-stage': '1', 'decision-state': 0, 'vitals-state': 0, 'airspace-state': 0, 'data': {'page': 'emergency', 'action': 'trying to change destination to19'}}
INFO:root:1721317358.788648,ID:1004,STAGE:1,SEQUENCE:1243,DATA:{'time': 1721317358.784, 'user-id': '1004', 'source': 'HAI Interface', 'destination-index': '3', 'study-stage': '1', 'decision-state': 0, 'vitals-state': 0, 'airspace-state': 0, 'data': {'action': 'radio panel opened'}}
INFO:root:1721317362.073148,ID:1004,STAGE:1,SEQUENCE:1243,DATA:{'time': 1721317362.068, 'user-id': '1004', 'source': 'HAI Interface', 'destination-index': '3', 'study-stage': '1', 'decision-state': 0, 'vitals-state': 0, 'airspace-state': 0, 'data': {'page': 'emergency', 'action': 'trying to change destination to19'}}
INFO:root:1721317367.089768,ID:1004,STAGE:1,SEQUENCE:1243,DATA:{'time': 1721317367.085, 'user-id': '1004', 'source': 'HAI Interface', 'destination-index': '3', 'study-stage': '1', 'decision-state': 0, 'vitals-state': 0, 'airspace-state': 0, 'data': {'page': 'emergency', 'action': 'trying to change destination to19'}}
INFO:root:1721317371.092707,ID:1004,STAGE:1,SEQUENCE:1243,DATA:{'time': 1721317371.087, 'user-id': '1004', 'source': 'HAI Interface', 'destination-index': '3', 'study-stage': '1', 'decision-state': 0, 'vitals-state': 0, 'airspace-state': 0, 'data': {'action': 'transmit button pressed'}}
INFO:root:1721317371.095697,ID:1004,STAGE:1,SEQUENCE:1243,DATA:{'time': 1721317371.088, 'user-id': '1004', 'source': 'HAI Interface', 'destination-index': '3', 'study-stage': '1', 'decision-state': 0, 'vitals-state': 0, 'airspace-state': 0, 'data': {'action': 'callsign set to: + NASXGS'}}
INFO:root:1721317371.096693,ID:1004,STAGE:1,SEQUENCE:1243,DATA:{'time': 1721317371.088, 'user-id': '1004', 'source': 'HAI Interface', 'destination-index': '3', 'study-stage': '1', 'decision-state': 0, 'vitals-state': 0, 'airspace-state': 0, 'data': {'action': 'radio set to:Comm1'}}
INFO:root:1721317371.101084,ID:1004,STAGE:1,SEQUENCE:1243,DATA:{'time': 1721317371.088, 'user-id': '1004', 'source': 'HAI Interface', 'destination-index': '3', 'study-stage': '1', 'decision-state': 0, 'vitals-state': 0, 'airspace-state': 0, 'data': {'page': 'map', 'action': 'show map'}}
INFO:root:1721317371.103084,ID:1004,STAGE:1,SEQUENCE:1243,DATA:{'time': 1721317371.089, 'user-id': '1004', 'source': 'HAI Interface', 'destination-index': '3', 'study-stage': '1', 'decision-state': 0, 'vitals-state': 0, 'airspace-state': 0, 'data': {'page': 'map', 'action': 'selected helipad', 'value': '21'}}
INFO:root:1721317371.106962,ID:1004,STAGE:1,SEQUENCE:1243,DATA:{'time': 1721317371.096, 'user-id': '1004', 'source': 'HAI Interface', 'destination-index': '3', 'study-stage': '1', 'decision-state': 0, 'vitals-state': 0, 'airspace-state': 0, 'data': {'action': 'NASXGStransmitting updates onComm1123.45 MHz'}}
INFO:root:1721317372.080847,ID:1004,STAGE:1,SEQUENCE:1243,DATA:{'time': 1721317372.076, 'user-id': '1004', 'source': 'HAI Interface', 'destination-index': '3', 'study-stage': '1', 'decision-state': 0, 'vitals-state': 0, 'airspace-state': 0, 'data': {'page': 'emergency', 'action': 'trying to change destination to19'}}
INFO:root:1721317377.101079,ID:1004,STAGE:1,SEQUENCE:1243,DATA:{'time': 1721317377.095, 'user-id': '1004', 'source': 'HAI Interface', 'destination-index': '3', 'study-stage': '1', 'decision-state': 0, 'vitals-state': 0, 'airspace-state': 0, 'data': {'page': 'emergency', 'action': 'trying to change destination to19'}}
INFO:root:1721317382.075967,ID:1004,STAGE:1,SEQUENCE:1243,DATA:{'time': 1721317382.072, 'user-id': '1004', 'source': 'HAI Interface', 'destination-index': '3', 'study-stage': '1', 'decision-state': 0, 'vitals-state': 0, 'airspace-state': 0, 'data': {'page': 'emergency', 'action': 'trying to change destination to19'}}
INFO:root:1721317387.1334,ID:1004,STAGE:1,SEQUENCE:1243,DATA:{'time': 1721317387.129, 'user-id': '1004', 'source': 'HAI Interface', 'destination-index': '3', 'study-stage': '1', 'decision-state': 0, 'vitals-state': 0, 'airspace-state': 0, 'data': {'page': 'emergency', 'action': 'trying to change destination to19'}}
INFO:root:1721317392.026922,ID:1004,STAGE:1,SEQUENCE:1243,DATA:{'time': 1721317392.02, 'user-id': '1004', 'source': 'HAI Interface', 'destination-index': '3', 'study-stage': '1', 'decision-state': 0, 'vitals-state': 0, 'airspace-state': 0, 'data': {'page': 'emergency', 'action': 'trying to change destination to19'}}
INFO:root:1721317397.081259,ID:1004,STAGE:1,SEQUENCE:1243,DATA:{'time': 1721317397.076, 'user-id': '1004', 'source': 'HAI Interface', 'destination-index': '3', 'study-stage': '1', 'decision-state': 0, 'vitals-state': 0, 'airspace-state': 0, 'data': {'page': 'emergency', 'action': 'trying to change destination to19'}}
INFO:root:1721317402.094495,ID:1004,STAGE:1,SEQUENCE:1243,DATA:{'time': 1721317402.088, 'user-id': '1004', 'source': 'HAI Interface', 'destination-index': '3', 'study-stage': '1', 'decision-state': 0, 'vitals-state': 0, 'airspace-state': 0, 'data': {'page': 'emergency', 'action': 'trying to change destination to19'}}
INFO:root:Inflight Radio Update asked
INFO:root:sent request to set radio update complete
INFO:root:1721317407.108119,ID:1004,STAGE:1,SEQUENCE:1243,DATA:{'time': 1721317407.102, 'user-id': '1004', 'source': 'HAI Interface', 'destination-index': '3', 'study-stage': '1', 'decision-state': 0, 'vitals-state': 0, 'airspace-state': 0, 'data': {'page': 'emergency', 'action': 'trying to change destination to19'}}
INFO:root:1721317412.076214,ID:1004,STAGE:1,SEQUENCE:1243,DATA:{'time': 1721317412.071, 'user-id': '1004', 'source': 'HAI Interface', 'destination-index': '3', 'study-stage': '1', 'decision-state': 0, 'vitals-state': 0, 'airspace-state': 0, 'data': {'page': 'emergency', 'action': 'trying to change destination to19'}}
INFO:root:1721317417.044397,ID:1004,STAGE:1,SEQUENCE:1243,DATA:{'time': 1721317417.041, 'user-id': '1004', 'source': 'HAI Interface', 'destination-index': '3', 'study-stage': '1', 'decision-state': 0, 'vitals-state': 0, 'airspace-state': 0, 'data': {'page': 'emergency', 'action': 'trying to change destination to19'}}
INFO:root:1721317422.076192,ID:1004,STAGE:1,SEQUENCE:1243,DATA:{'time': 1721317422.072, 'user-id': '1004', 'source': 'HAI Interface', 'destination-index': '3', 'study-stage': '1', 'decision-state': 0, 'vitals-state': 0, 'airspace-state': 0, 'data': {'page': 'emergency', 'action': 'trying to change destination to19'}}
INFO:root:1721317427.108911,ID:1004,STAGE:1,SEQUENCE:1243,DATA:{'time': 1721317427.105, 'user-id': '1004', 'source': 'HAI Interface', 'destination-index': '3', 'study-stage': '1', 'decision-state': 0, 'vitals-state': 0, 'airspace-state': 0, 'data': {'page': 'emergency', 'action': 'trying to change destination to19'}}
INFO:root:1721317432.116949,ID:1004,STAGE:1,SEQUENCE:1243,DATA:{'time': 1721317432.113, 'user-id': '1004', 'source': 'HAI Interface', 'destination-index': '3', 'study-stage': '1', 'decision-state': 0, 'vitals-state': 0, 'airspace-state': 0, 'data': {'page': 'emergency', 'action': 'trying to change destination to19'}}
INFO:root:1721317437.029338,ID:1004,STAGE:1,SEQUENCE:1243,DATA:{'time': 1721317437.023, 'user-id': '1004', 'source': 'HAI Interface', 'destination-index': '3', 'study-stage': '1', 'decision-state': 0, 'vitals-state': 0, 'airspace-state': 0, 'data': {'page': 'emergency', 'action': 'trying to change destination to19'}}
INFO:root:1721317442.076161,ID:1004,STAGE:1,SEQUENCE:1243,DATA:{'time': 1721317442.07, 'user-id': '1004', 'source': 'HAI Interface', 'destination-index': '3', 'study-stage': '1', 'decision-state': 0, 'vitals-state': 0, 'airspace-state': 0, 'data': {'page': 'emergency', 'action': 'trying to change destination to19'}}
INFO:root:1721317447.063048,ID:1004,STAGE:1,SEQUENCE:1243,DATA:{'time': 1721317447.058, 'user-id': '1004', 'source': 'HAI Interface', 'destination-index': '3', 'study-stage': '1', 'decision-state': 0, 'vitals-state': 0, 'airspace-state': 0, 'data': {'page': 'emergency', 'action': 'trying to change destination to19'}}
INFO:root:1721317449.706163,ID:1004,STAGE:1,SEQUENCE:1243,DATA:{'time': 1721317449.701, 'user-id': '1004', 'source': 'HAI Interface', 'destination-index': '3', 'study-stage': '1', 'decision-state': 0, 'vitals-state': 0, 'airspace-state': 0, 'data': {'page': 'inflight', 'action': 'displaying vitals prompt'}}
INFO:root:1721317452.119855,ID:1004,STAGE:1,SEQUENCE:1243,DATA:{'time': 1721317452.116, 'user-id': '1004', 'source': 'HAI Interface', 'destination-index': '3', 'study-stage': '1', 'decision-state': 0, 'vitals-state': 0, 'airspace-state': 0, 'data': {'page': 'emergency', 'action': 'trying to change destination to19'}}
INFO:root:1721317455.19726,ID:1004,STAGE:1,SEQUENCE:1243,DATA:{'time': 1721317455.191, 'user-id': '1004', 'source': 'HAI Interface', 'destination-index': '3', 'study-stage': '1', 'decision-state': 0, 'vitals-state': 0, 'airspace-state': 0, 'data': {'page': 'map', 'action': 'hide map'}}
INFO:root:1721317457.027308,ID:1004,STAGE:1,SEQUENCE:1243,DATA:{'time': 1721317457.024, 'user-id': '1004', 'source': 'HAI Interface', 'destination-index': '3', 'study-stage': '1', 'decision-state': 0, 'vitals-state': 0, 'airspace-state': 0, 'data': {'page': 'inflight', 'action': 'user acknowledged vitals prompt'}}
INFO:root:1721317457.07487,ID:1004,STAGE:1,SEQUENCE:1243,DATA:{'time': 1721317457.07, 'user-id': '1004', 'source': 'HAI Interface', 'destination-index': '3', 'study-stage': '1', 'decision-state': 0, 'vitals-state': 0, 'airspace-state': 0, 'data': {'page': 'emergency', 'action': 'trying to change destination to19'}}
INFO:root:1721317460.231298,ID:1004,STAGE:1,SEQUENCE:1243,DATA:{'time': 1721317460.234, 'source': 'VitalsTask', 'timer': 572.602, 'data': {'sensor': 'Heart Rate', 'action': 'opened sensor tab'}}
INFO:root:1721317462.094454,ID:1004,STAGE:1,SEQUENCE:1243,DATA:{'time': 1721317462.09, 'user-id': '1004', 'source': 'HAI Interface', 'destination-index': '3', 'study-stage': '1', 'decision-state': 0, 'vitals-state': 0, 'airspace-state': 0, 'data': {'page': 'emergency', 'action': 'trying to change destination to19'}}
INFO:root:1721317462.396756,ID:1004,STAGE:1,SEQUENCE:1243,DATA:{'time': 1721317462.397, 'source': 'VitalsTask', 'timer': 574.765, 'data': {'sensor': 'O\u2082 Saturation', 'action': 'opened sensor tab'}}
INFO:root:1721317463.89775,ID:1004,STAGE:1,SEQUENCE:1243,DATA:{'time': 1721317463.899, 'source': 'VitalsTask', 'timer': 576.267, 'data': {'sensor': 'O\u2082 Saturation', 'action': 'capture', 'data': 'action button pressed'}}
INFO:root:1721317463.899745,ID:1004,STAGE:1,SEQUENCE:1243,DATA:{'time': 1721317463.9, 'source': 'VitalsTask', 'timer': 576.268, 'data': {'sensor': 'O\u2082 Saturation', 'action': 'capture', 'data': 'starting sensor action'}}
INFO:root:1721317464.90968,ID:1004,STAGE:1,SEQUENCE:1243,DATA:{'time': 1721317464.909, 'source': 'VitalsTask', 'timer': 577.277, 'data': {'sensor': 'O\u2082 Saturation', 'action': 'capture', 'data': 'sensor action complete'}}
INFO:root:1721317464.91168,ID:1004,STAGE:1,SEQUENCE:1243,DATA:{'time': 1721317464.909, 'source': 'VitalsTask', 'timer': 577.277, 'data': {'sensor': 'O\u2082 Saturation', 'action': 'keypad open'}}
INFO:root:1721317465.968534,ID:1004,STAGE:1,SEQUENCE:1243,DATA:{'time': 1721317465.97, 'source': 'VitalsTask', 'timer': 578.338, 'data': {'sensor': 'O\u2082 Saturation', 'action': 'keypad press', 'key': 1, 'value': 1}}
INFO:root:1721317467.048138,ID:1004,STAGE:1,SEQUENCE:1243,DATA:{'time': 1721317467.05, 'source': 'VitalsTask', 'timer': 579.418, 'data': {'sensor': 'O\u2082 Saturation', 'action': 'keypad press', 'key': 11, 'value': 10}}
INFO:root:1721317467.103308,ID:1004,STAGE:1,SEQUENCE:1243,DATA:{'time': 1721317467.098, 'user-id': '1004', 'source': 'HAI Interface', 'destination-index': '3', 'study-stage': '1', 'decision-state': 0, 'vitals-state': 0, 'airspace-state': 0, 'data': {'page': 'emergency', 'action': 'trying to change destination to19'}}
INFO:root:1721317467.64502,ID:1004,STAGE:1,SEQUENCE:1243,DATA:{'time': 1721317467.645, 'source': 'VitalsTask', 'timer': 580.013, 'data': {'sensor': 'O\u2082 Saturation', 'action': 'keypad press', 'key': 11, 'value': 100}}
INFO:root:1721317468.720283,ID:1004,STAGE:1,SEQUENCE:1243,DATA:{'time': 1721317468.722, 'source': 'VitalsTask', 'timer': 581.09, 'data': {'sensor': 'O\u2082 Saturation', 'action': 'show action buttons'}}
INFO:root:1721317468.723664,ID:1004,STAGE:1,SEQUENCE:1243,DATA:{'time': 1721317468.723, 'source': 'VitalsTask', 'timer': 581.091, 'data': {'sensor': 'O\u2082 Saturation', 'action': 'keypad press', 'key': 10, 'value': 100}}
INFO:root:1721317470.594134,ID:1004,STAGE:1,SEQUENCE:1243,DATA:{'time': 1721317470.595, 'source': 'VitalsTask', 'timer': 582.963, 'data': {'sensor': 'O\u2082 Saturation', 'action': 'log', 'data': 'action button pressed'}}
INFO:root:1721317470.596128,ID:1004,STAGE:1,SEQUENCE:1243,DATA:{'time': 1721317470.596, 'source': 'VitalsTask', 'timer': 582.964, 'data': {'sensor': 'O\u2082 Saturation', 'action': 'log', 'data': 'starting sensor action'}}
INFO:root:1721317471.610994,ID:1004,STAGE:1,SEQUENCE:1243,DATA:{'time': 1721317471.61, 'source': 'VitalsTask', 'timer': 583.978, 'data': {'sensor': 'O\u2082 Saturation', 'action': 'log', 'data': 'sensor action complete'}}
INFO:root:1721317472.351127,ID:1004,STAGE:1,SEQUENCE:1243,DATA:{'time': 1721317472.341, 'source': 'VitalsTask', 'timer': 584.709, 'data': {'sensor': 'O\u2082 Saturation', 'action': 'save', 'data': 'action button pressed'}}
INFO:root:1721317472.353122,ID:1004,STAGE:1,SEQUENCE:1243,DATA:{'time': 1721317472.343, 'source': 'VitalsTask', 'timer': 584.711, 'data': {'sensor': 'O\u2082 Saturation', 'action': 'save', 'data': 'starting sensor action'}}
INFO:root:1721317472.563714,ID:1004,STAGE:1,SEQUENCE:1243,DATA:{'time': 1721317472.56, 'user-id': '1004', 'source': 'HAI Interface', 'destination-index': '3', 'study-stage': '1', 'decision-state': 0, 'vitals-state': 0, 'airspace-state': 0, 'data': {'page': 'emergency', 'action': 'trying to change destination to19'}}
INFO:root:1721317473.36177,ID:1004,STAGE:1,SEQUENCE:1243,DATA:{'time': 1721317473.363, 'source': 'VitalsTask', 'timer': 585.731, 'data': {'sensor': 'O\u2082 Saturation', 'action': 'save', 'data': 'sensor action complete'}}
INFO:root:1721317474.013673,ID:1004,STAGE:1,SEQUENCE:1243,DATA:{'time': 1721317474.013, 'source': 'VitalsTask', 'timer': 586.381, 'data': {'sensor': 'Blood Pressure', 'action': 'opened sensor tab'}}
INFO:root:1721317475.814774,ID:1004,STAGE:1,SEQUENCE:1243,DATA:{'time': 1721317475.816, 'source': 'VitalsTask', 'timer': 588.184, 'data': {'sensor': 'Blood Pressure', 'action': 'capture', 'data': 'action button pressed'}}
INFO:root:1721317475.816769,ID:1004,STAGE:1,SEQUENCE:1243,DATA:{'time': 1721317475.816, 'source': 'VitalsTask', 'timer': 588.184, 'data': {'sensor': 'Blood Pressure', 'action': 'capture', 'data': 'starting sensor action'}}
INFO:root:1721317476.826145,ID:1004,STAGE:1,SEQUENCE:1243,DATA:{'time': 1721317476.827, 'source': 'VitalsTask', 'timer': 589.195, 'data': {'sensor': 'Blood Pressure', 'action': 'capture', 'data': 'sensor action complete'}}
INFO:root:1721317476.828141,ID:1004,STAGE:1,SEQUENCE:1243,DATA:{'time': 1721317476.828, 'source': 'VitalsTask', 'timer': 589.196, 'data': {'sensor': 'Blood Pressure', 'action': 'keypad open'}}
INFO:root:1721317477.085021,ID:1004,STAGE:1,SEQUENCE:1243,DATA:{'time': 1721317477.08, 'user-id': '1004', 'source': 'HAI Interface', 'destination-index': '3', 'study-stage': '1', 'decision-state': 0, 'vitals-state': 0, 'airspace-state': 0, 'data': {'page': 'emergency', 'action': 'trying to change destination to19'}}
INFO:root:1721317477.670273,ID:1004,STAGE:1,SEQUENCE:1243,DATA:{'time': 1721317477.669, 'source': 'VitalsTask', 'timer': 590.037, 'data': {'sensor': 'Blood Pressure', 'action': 'keypad press', 'key': 1, 'value': 1}}
INFO:root:1721317478.50525,ID:1004,STAGE:1,SEQUENCE:1243,DATA:{'time': 1721317478.507, 'source': 'VitalsTask', 'timer': 590.875, 'data': {'sensor': 'Blood Pressure', 'action': 'keypad press', 'key': 2, 'value': 12}}
INFO:root:1721317480.126939,ID:1004,STAGE:1,SEQUENCE:1243,DATA:{'time': 1721317480.129, 'source': 'VitalsTask', 'timer': 592.497, 'data': {'sensor': 'Blood Pressure', 'action': 'keypad press', 'key': 11, 'value': 120}}
INFO:root:1721317481.107972,ID:1004,STAGE:1,SEQUENCE:1243,DATA:{'time': 1721317481.109, 'source': 'VitalsTask', 'timer': 593.477, 'data': {'sensor': 'Blood Pressure', 'action': 'keypad press', 'key': 8, 'value': 1208}}
INFO:root:1721317482.093317,ID:1004,STAGE:1,SEQUENCE:1243,DATA:{'time': 1721317482.095, 'source': 'VitalsTask', 'timer': 594.463, 'data': {'sensor': 'Blood Pressure', 'action': 'keypad press', 'key': 11, 'value': 12080}}
INFO:root:1721317482.099348,ID:1004,STAGE:1,SEQUENCE:1243,DATA:{'time': 1721317482.093, 'user-id': '1004', 'source': 'HAI Interface', 'destination-index': '3', 'study-stage': '1', 'decision-state': 0, 'vitals-state': 0, 'airspace-state': 0, 'data': {'page': 'emergency', 'action': 'trying to change destination to19'}}
INFO:root:1721317483.162294,ID:1004,STAGE:1,SEQUENCE:1243,DATA:{'time': 1721317483.163, 'source': 'VitalsTask', 'timer': 595.531, 'data': {'sensor': 'Blood Pressure', 'action': 'show action buttons'}}
INFO:root:1721317483.164292,ID:1004,STAGE:1,SEQUENCE:1243,DATA:{'time': 1721317483.163, 'source': 'VitalsTask', 'timer': 595.531, 'data': {'sensor': 'Blood Pressure', 'action': 'keypad press', 'key': 10, 'value': 12080}}
INFO:root:1721317484.417583,ID:1004,STAGE:1,SEQUENCE:1243,DATA:{'time': 1721317484.419, 'source': 'VitalsTask', 'timer': 596.787, 'data': {'sensor': 'Blood Pressure', 'action': 'log', 'data': 'action button pressed'}}
INFO:root:1721317484.420084,ID:1004,STAGE:1,SEQUENCE:1243,DATA:{'time': 1721317484.42, 'source': 'VitalsTask', 'timer': 596.788, 'data': {'sensor': 'Blood Pressure', 'action': 'log', 'data': 'starting sensor action'}}
INFO:root:1721317485.432117,ID:1004,STAGE:1,SEQUENCE:1243,DATA:{'time': 1721317485.434, 'source': 'VitalsTask', 'timer': 597.802, 'data': {'sensor': 'Blood Pressure', 'action': 'log', 'data': 'sensor action complete'}}
INFO:root:1721317486.377252,ID:1004,STAGE:1,SEQUENCE:1243,DATA:{'time': 1721317486.379, 'source': 'VitalsTask', 'timer': 598.747, 'data': {'sensor': 'Blood Pressure', 'action': 'save', 'data': 'action button pressed'}}
INFO:root:1721317486.379369,ID:1004,STAGE:1,SEQUENCE:1243,DATA:{'time': 1721317486.38, 'source': 'VitalsTask', 'timer': 598.748, 'data': {'sensor': 'Blood Pressure', 'action': 'save', 'data': 'starting sensor action'}}
INFO:root:1721317487.066388,ID:1004,STAGE:1,SEQUENCE:1243,DATA:{'time': 1721317487.061, 'user-id': '1004', 'source': 'HAI Interface', 'destination-index': '3', 'study-stage': '1', 'decision-state': 0, 'vitals-state': 0, 'airspace-state': 0, 'data': {'page': 'emergency', 'action': 'trying to change destination to19'}}
INFO:root:1721317487.392036,ID:1004,STAGE:1,SEQUENCE:1243,DATA:{'time': 1721317487.393, 'source': 'VitalsTask', 'timer': 599.761, 'data': {'sensor': 'Blood Pressure', 'action': 'save', 'data': 'sensor action complete'}}
INFO:root:1721317489.541801,ID:1004,STAGE:1,SEQUENCE:1243,DATA:{'time': 1721317489.542, 'source': 'VitalsTask', 'timer': 601.91, 'data': {'sensor': 'submit', 'action': 'submit'}}
INFO:root:1721317489.543806,ID:1004,STAGE:1,SEQUENCE:1243,DATA:{'time': 1721317489.542, 'source': 'VitalsTask', 'timer': 601.91, 'data': {'sensor': 'submit', 'action': 'submit', 'data': 'submit succeeded'}}
INFO:root:1721317492.076201,ID:1004,STAGE:1,SEQUENCE:1243,DATA:{'time': 1721317492.072, 'user-id': '1004', 'source': 'HAI Interface', 'destination-index': '3', 'study-stage': '1', 'decision-state': 0, 'vitals-state': 0, 'airspace-state': 0, 'data': {'page': 'emergency', 'action': 'trying to change destination to19'}}
INFO:root:1721317497.065916,ID:1004,STAGE:1,SEQUENCE:1243,DATA:{'time': 1721317497.06, 'user-id': '1004', 'source': 'HAI Interface', 'destination-index': '3', 'study-stage': '1', 'decision-state': 0, 'vitals-state': 0, 'airspace-state': 0, 'data': {'page': 'emergency', 'action': 'trying to change destination to19'}}
INFO:root:1721317502.026402,ID:1004,STAGE:1,SEQUENCE:1243,DATA:{'time': 1721317502.02, 'user-id': '1004', 'source': 'HAI Interface', 'destination-index': '3', 'study-stage': '1', 'decision-state': 0, 'vitals-state': 0, 'airspace-state': 0, 'data': {'page': 'emergency', 'action': 'trying to change destination to19'}}
INFO:root:Inflight Radio Update asked
INFO:root:sent request to set radio update complete
INFO:root:1721317507.177117,ID:1004,STAGE:1,SEQUENCE:1243,DATA:{'time': 1721317507.132, 'user-id': '1004', 'source': 'HAI Interface', 'destination-index': '3', 'study-stage': '1', 'decision-state': 0, 'vitals-state': 0, 'airspace-state': 0, 'data': {'page': 'emergency', 'action': 'trying to change destination to19'}}
INFO:root:1721317510.803141,ID:1004,STAGE:1,SEQUENCE:1243,DATA:{'time': 1721317510.796, 'user-id': '1004', 'source': 'HAI Interface', 'destination-index': '3', 'study-stage': '1', 'decision-state': 0, 'vitals-state': 0, 'airspace-state': 0, 'data': {'action': 'transmit button pressed'}}
INFO:root:1721317510.811116,ID:1004,STAGE:1,SEQUENCE:1243,DATA:{'time': 1721317510.796, 'user-id': '1004', 'source': 'HAI Interface', 'destination-index': '3', 'study-stage': '1', 'decision-state': 0, 'vitals-state': 0, 'airspace-state': 0, 'data': {'action': 'callsign set to: + NASXGS'}}
INFO:root:1721317510.819147,ID:1004,STAGE:1,SEQUENCE:1243,DATA:{'time': 1721317510.796, 'user-id': '1004', 'source': 'HAI Interface', 'destination-index': '3', 'study-stage': '1', 'decision-state': 0, 'vitals-state': 0, 'airspace-state': 0, 'data': {'action': 'radio set to:Comm1'}}
INFO:root:1721317510.825645,ID:1004,STAGE:1,SEQUENCE:1243,DATA:{'time': 1721317510.797, 'user-id': '1004', 'source': 'HAI Interface', 'destination-index': '3', 'study-stage': '1', 'decision-state': 0, 'vitals-state': 0, 'airspace-state': 0, 'data': {'page': 'map', 'action': 'show map'}}
INFO:root:1721317510.829152,ID:1004,STAGE:1,SEQUENCE:1243,DATA:{'time': 1721317510.797, 'user-id': '1004', 'source': 'HAI Interface', 'destination-index': '3', 'study-stage': '1', 'decision-state': 0, 'vitals-state': 0, 'airspace-state': 0, 'data': {'page': 'map', 'action': 'selected helipad', 'value': '21'}}
INFO:root:1721317510.83613,ID:1004,STAGE:1,SEQUENCE:1243,DATA:{'time': 1721317510.802, 'user-id': '1004', 'source': 'HAI Interface', 'destination-index': '3', 'study-stage': '1', 'decision-state': 0, 'vitals-state': 0, 'airspace-state': 0, 'data': {'action': 'NASXGStransmitting updates onComm1123.45 MHz'}}
INFO:root:1721317512.10152,ID:1004,STAGE:1,SEQUENCE:1243,DATA:{'time': 1721317512.094, 'user-id': '1004', 'source': 'HAI Interface', 'destination-index': '3', 'study-stage': '1', 'decision-state': 0, 'vitals-state': 0, 'airspace-state': 0, 'data': {'page': 'emergency', 'action': 'trying to change destination to19'}}
INFO:root:1721317517.053111,ID:1004,STAGE:1,SEQUENCE:1243,DATA:{'time': 1721317517.047, 'user-id': '1004', 'source': 'HAI Interface', 'destination-index': '3', 'study-stage': '1', 'decision-state': 0, 'vitals-state': 0, 'airspace-state': 0, 'data': {'page': 'emergency', 'action': 'trying to change destination to19'}}
INFO:root:1721317522.098067,ID:1004,STAGE:1,SEQUENCE:1243,DATA:{'time': 1721317522.093, 'user-id': '1004', 'source': 'HAI Interface', 'destination-index': '3', 'study-stage': '1', 'decision-state': 0, 'vitals-state': 0, 'airspace-state': 0, 'data': {'page': 'emergency', 'action': 'trying to change destination to19'}}
INFO:root:1721317527.088617,ID:1004,STAGE:1,SEQUENCE:1243,DATA:{'time': 1721317527.083, 'user-id': '1004', 'source': 'HAI Interface', 'destination-index': '3', 'study-stage': '1', 'decision-state': 0, 'vitals-state': 0, 'airspace-state': 0, 'data': {'page': 'emergency', 'action': 'trying to change destination to19'}}
INFO:root:1721317532.144449,ID:1004,STAGE:1,SEQUENCE:1243,DATA:{'time': 1721317532.138, 'user-id': '1004', 'source': 'HAI Interface', 'destination-index': '3', 'study-stage': '1', 'decision-state': 0, 'vitals-state': 0, 'airspace-state': 0, 'data': {'page': 'emergency', 'action': 'trying to change destination to19'}}
INFO:root:1721317537.113666,ID:1004,STAGE:1,SEQUENCE:1243,DATA:{'time': 1721317537.107, 'user-id': '1004', 'source': 'HAI Interface', 'destination-index': '3', 'study-stage': '1', 'decision-state': 0, 'vitals-state': 0, 'airspace-state': 0, 'data': {'page': 'emergency', 'action': 'trying to change destination to19'}}
INFO:root:1721317542.074416,ID:1004,STAGE:1,SEQUENCE:1243,DATA:{'time': 1721317542.064, 'user-id': '1004', 'source': 'HAI Interface', 'destination-index': '3', 'study-stage': '1', 'decision-state': 0, 'vitals-state': 0, 'airspace-state': 0, 'data': {'page': 'emergency', 'action': 'trying to change destination to19'}}
INFO:root:1721317547.025189,ID:1004,STAGE:1,SEQUENCE:1243,DATA:{'time': 1721317547.015, 'user-id': '1004', 'source': 'HAI Interface', 'destination-index': '3', 'study-stage': '1', 'decision-state': 0, 'vitals-state': 0, 'airspace-state': 0, 'data': {'page': 'emergency', 'action': 'trying to change destination to19'}}
INFO:root:1721317548.058856,ID:1004,STAGE:1,SEQUENCE:1243,DATA:{'time': 1721317548.053, 'user-id': '1004', 'source': 'HAI Interface', 'destination-index': '3', 'study-stage': '1', 'decision-state': 0, 'vitals-state': 0, 'airspace-state': 0, 'data': {'page': 'inflight', 'action': 'displaying vitals prompt'}}
INFO:root:1721317550.904193,ID:1004,STAGE:1,SEQUENCE:1243,DATA:{'time': 1721317550.898, 'user-id': '1004', 'source': 'HAI Interface', 'destination-index': '3', 'study-stage': '1', 'decision-state': 0, 'vitals-state': 0, 'airspace-state': 0, 'data': {'page': 'map', 'action': 'hide map'}}
INFO:root:1721317552.090521,ID:1004,STAGE:1,SEQUENCE:1243,DATA:{'time': 1721317552.075, 'user-id': '1004', 'source': 'HAI Interface', 'destination-index': '3', 'study-stage': '1', 'decision-state': 0, 'vitals-state': 0, 'airspace-state': 0, 'data': {'page': 'emergency', 'action': 'trying to change destination to19'}}
INFO:root:1721317553.263736,ID:1004,STAGE:1,SEQUENCE:1243,DATA:{'time': 1721317553.257, 'user-id': '1004', 'source': 'HAI Interface', 'destination-index': '3', 'study-stage': '1', 'decision-state': 0, 'vitals-state': 0, 'airspace-state': 0, 'data': {'page': 'inflight', 'action': 'user acknowledged vitals prompt'}}
INFO:root:1721317557.06633,ID:1004,STAGE:1,SEQUENCE:1243,DATA:{'time': 1721317557.061, 'user-id': '1004', 'source': 'HAI Interface', 'destination-index': '3', 'study-stage': '1', 'decision-state': 0, 'vitals-state': 0, 'airspace-state': 0, 'data': {'page': 'emergency', 'action': 'trying to change destination to19'}}
INFO:root:1721317557.333588,ID:1004,STAGE:1,SEQUENCE:1243,DATA:{'time': 1721317557.335, 'source': 'VitalsTask', 'timer': 67.792, 'data': {'sensor': 'Heart Rate', 'action': 'opened sensor tab'}}
INFO:root:1721317559.340751,ID:1004,STAGE:1,SEQUENCE:1243,DATA:{'time': 1721317559.341, 'source': 'VitalsTask', 'timer': 69.798, 'data': {'sensor': 'Heart Rate', 'action': 'capture', 'data': 'action button pressed'}}
INFO:root:1721317559.343196,ID:1004,STAGE:1,SEQUENCE:1243,DATA:{'time': 1721317559.342, 'source': 'VitalsTask', 'timer': 69.799, 'data': {'sensor': 'Heart Rate', 'action': 'capture', 'data': 'starting sensor action'}}
INFO:root:1721317560.361829,ID:1004,STAGE:1,SEQUENCE:1243,DATA:{'time': 1721317560.361, 'source': 'VitalsTask', 'timer': 70.818, 'data': {'sensor': 'Heart Rate', 'action': 'capture', 'data': 'sensor action complete'}}
INFO:root:1721317560.366815,ID:1004,STAGE:1,SEQUENCE:1243,DATA:{'time': 1721317560.362, 'source': 'VitalsTask', 'timer': 70.819, 'data': {'sensor': 'Heart Rate', 'action': 'keypad open'}}
INFO:root:1721317561.615199,ID:1004,STAGE:1,SEQUENCE:1243,DATA:{'time': 1721317561.615, 'source': 'VitalsTask', 'timer': 72.072, 'data': {'sensor': 'Heart Rate', 'action': 'keypad press', 'key': 5, 'value': 5}}
INFO:root:1721317562.106081,ID:1004,STAGE:1,SEQUENCE:1243,DATA:{'time': 1721317562.097, 'user-id': '1004', 'source': 'HAI Interface', 'destination-index': '3', 'study-stage': '1', 'decision-state': 0, 'vitals-state': 0, 'airspace-state': 0, 'data': {'page': 'emergency', 'action': 'trying to change destination to19'}}
INFO:root:1721317562.260973,ID:1004,STAGE:1,SEQUENCE:1243,DATA:{'time': 1721317562.262, 'source': 'VitalsTask', 'timer': 72.719, 'data': {'sensor': 'Heart Rate', 'action': 'keypad press', 'key': 5, 'value': 55}}
INFO:root:1721317563.580899,ID:1004,STAGE:1,SEQUENCE:1243,DATA:{'time': 1721317563.583, 'source': 'VitalsTask', 'timer': 74.04, 'data': {'sensor': 'Heart Rate', 'action': 'show action buttons'}}
INFO:root:1721317563.584888,ID:1004,STAGE:1,SEQUENCE:1243,DATA:{'time': 1721317563.583, 'source': 'VitalsTask', 'timer': 74.04, 'data': {'sensor': 'Heart Rate', 'action': 'keypad press', 'key': 10, 'value': 55}}
INFO:root:1721317565.417758,ID:1004,STAGE:1,SEQUENCE:1243,DATA:{'time': 1721317565.416, 'source': 'VitalsTask', 'timer': 75.873, 'data': {'sensor': 'Heart Rate', 'action': 'log', 'data': 'action button pressed'}}
INFO:root:1721317565.423777,ID:1004,STAGE:1,SEQUENCE:1243,DATA:{'time': 1721317565.417, 'source': 'VitalsTask', 'timer': 75.874, 'data': {'sensor': 'Heart Rate', 'action': 'log', 'data': 'starting sensor action'}}
INFO:root:1721317566.431927,ID:1004,STAGE:1,SEQUENCE:1243,DATA:{'time': 1721317566.434, 'source': 'VitalsTask', 'timer': 76.891, 'data': {'sensor': 'Heart Rate', 'action': 'log', 'data': 'sensor action complete'}}
INFO:root:1721317567.028203,ID:1004,STAGE:1,SEQUENCE:1243,DATA:{'time': 1721317567.016, 'user-id': '1004', 'source': 'HAI Interface', 'destination-index': '3', 'study-stage': '1', 'decision-state': 0, 'vitals-state': 0, 'airspace-state': 0, 'data': {'page': 'emergency', 'action': 'trying to change destination to19'}}
INFO:root:1721317567.572096,ID:1004,STAGE:1,SEQUENCE:1243,DATA:{'time': 1721317567.57, 'source': 'VitalsTask', 'timer': 78.027, 'data': {'sensor': 'Heart Rate', 'action': 'save', 'data': 'action button pressed'}}
INFO:root:1721317567.574535,ID:1004,STAGE:1,SEQUENCE:1243,DATA:{'time': 1721317567.57, 'source': 'VitalsTask', 'timer': 78.027, 'data': {'sensor': 'Heart Rate', 'action': 'save', 'data': 'starting sensor action'}}
INFO:root:1721317568.583948,ID:1004,STAGE:1,SEQUENCE:1243,DATA:{'time': 1721317568.585, 'source': 'VitalsTask', 'timer': 79.042, 'data': {'sensor': 'Heart Rate', 'action': 'save', 'data': 'sensor action complete'}}
INFO:root:1721317569.478903,ID:1004,STAGE:1,SEQUENCE:1243,DATA:{'time': 1721317569.48, 'source': 'VitalsTask', 'timer': 79.937, 'data': {'sensor': 'O\u2082 Saturation', 'action': 'opened sensor tab'}}
INFO:root:1721317571.222588,ID:1004,STAGE:1,SEQUENCE:1243,DATA:{'time': 1721317571.225, 'source': 'VitalsTask', 'timer': 81.682, 'data': {'sensor': 'O\u2082 Saturation', 'action': 'capture', 'data': 'action button pressed'}}
INFO:root:1721317571.224582,ID:1004,STAGE:1,SEQUENCE:1243,DATA:{'time': 1721317571.225, 'source': 'VitalsTask', 'timer': 81.682, 'data': {'sensor': 'O\u2082 Saturation', 'action': 'capture', 'data': 'starting sensor action'}}
INFO:root:1721317572.079176,ID:1004,STAGE:1,SEQUENCE:1243,DATA:{'time': 1721317572.075, 'user-id': '1004', 'source': 'HAI Interface', 'destination-index': '3', 'study-stage': '1', 'decision-state': 0, 'vitals-state': 0, 'airspace-state': 0, 'data': {'page': 'emergency', 'action': 'trying to change destination to19'}}
INFO:root:1721317572.236327,ID:1004,STAGE:1,SEQUENCE:1243,DATA:{'time': 1721317572.236, 'source': 'VitalsTask', 'timer': 82.693, 'data': {'sensor': 'O\u2082 Saturation', 'action': 'capture', 'data': 'sensor action complete'}}
INFO:root:1721317572.237836,ID:1004,STAGE:1,SEQUENCE:1243,DATA:{'time': 1721317572.237, 'source': 'VitalsTask', 'timer': 82.694, 'data': {'sensor': 'O\u2082 Saturation', 'action': 'keypad open'}}
INFO:root:1721317573.148595,ID:1004,STAGE:1,SEQUENCE:1243,DATA:{'time': 1721317573.149, 'source': 'VitalsTask', 'timer': 83.606, 'data': {'sensor': 'O\u2082 Saturation', 'action': 'keypad press', 'key': 1, 'value': 1}}
INFO:root:1721317574.2209,ID:1004,STAGE:1,SEQUENCE:1243,DATA:{'time': 1721317574.223, 'source': 'VitalsTask', 'timer': 84.68, 'data': {'sensor': 'O\u2082 Saturation', 'action': 'keypad press', 'key': 11, 'value': 10}}
INFO:root:1721317574.79807,ID:1004,STAGE:1,SEQUENCE:1243,DATA:{'time': 1721317574.799, 'source': 'VitalsTask', 'timer': 85.256, 'data': {'sensor': 'O\u2082 Saturation', 'action': 'keypad press', 'key': 11, 'value': 100}}
INFO:root:1721317575.760802,ID:1004,STAGE:1,SEQUENCE:1243,DATA:{'time': 1721317575.759, 'source': 'VitalsTask', 'timer': 86.216, 'data': {'sensor': 'O\u2082 Saturation', 'action': 'show action buttons'}}
INFO:root:1721317575.763537,ID:1004,STAGE:1,SEQUENCE:1243,DATA:{'time': 1721317575.759, 'source': 'VitalsTask', 'timer': 86.216, 'data': {'sensor': 'O\u2082 Saturation', 'action': 'keypad press', 'key': 10, 'value': 100}}
INFO:root:1721317577.112398,ID:1004,STAGE:1,SEQUENCE:1243,DATA:{'time': 1721317577.099, 'user-id': '1004', 'source': 'HAI Interface', 'destination-index': '3', 'study-stage': '1', 'decision-state': 0, 'vitals-state': 0, 'airspace-state': 0, 'data': {'page': 'emergency', 'action': 'trying to change destination to19'}}
INFO:root:1721317577.295859,ID:1004,STAGE:1,SEQUENCE:1243,DATA:{'time': 1721317577.296, 'source': 'VitalsTask', 'timer': 87.753, 'data': {'sensor': 'O\u2082 Saturation', 'action': 'log', 'data': 'action button pressed'}}
INFO:root:1721317577.297858,ID:1004,STAGE:1,SEQUENCE:1243,DATA:{'time': 1721317577.296, 'source': 'VitalsTask', 'timer': 87.753, 'data': {'sensor': 'O\u2082 Saturation', 'action': 'log', 'data': 'starting sensor action'}}
INFO:root:1721317578.315338,ID:1004,STAGE:1,SEQUENCE:1243,DATA:{'time': 1721317578.314, 'source': 'VitalsTask', 'timer': 88.771, 'data': {'sensor': 'O\u2082 Saturation', 'action': 'log', 'data': 'sensor action complete'}}
INFO:root:1721317579.735584,ID:1004,STAGE:1,SEQUENCE:1243,DATA:{'time': 1721317579.737, 'source': 'VitalsTask', 'timer': 90.194, 'data': {'sensor': 'O\u2082 Saturation', 'action': 'save', 'data': 'action button pressed'}}
INFO:root:1721317579.738577,ID:1004,STAGE:1,SEQUENCE:1243,DATA:{'time': 1721317579.737, 'source': 'VitalsTask', 'timer': 90.194, 'data': {'sensor': 'O\u2082 Saturation', 'action': 'save', 'data': 'starting sensor action'}}
INFO:root:1721317580.749023,ID:1004,STAGE:1,SEQUENCE:1243,DATA:{'time': 1721317580.751, 'source': 'VitalsTask', 'timer': 91.208, 'data': {'sensor': 'O\u2082 Saturation', 'action': 'save', 'data': 'sensor action complete'}}
INFO:root:1721317581.569227,ID:1004,STAGE:1,SEQUENCE:1243,DATA:{'time': 1721317581.571, 'source': 'VitalsTask', 'timer': 92.028, 'data': {'sensor': 'Blood Pressure', 'action': 'opened sensor tab'}}
INFO:root:1721317582.143564,ID:1004,STAGE:1,SEQUENCE:1243,DATA:{'time': 1721317582.136, 'user-id': '1004', 'source': 'HAI Interface', 'destination-index': '3', 'study-stage': '1', 'decision-state': 0, 'vitals-state': 0, 'airspace-state': 0, 'data': {'page': 'emergency', 'action': 'trying to change destination to19'}}
INFO:root:1721317582.835153,ID:1004,STAGE:1,SEQUENCE:1243,DATA:{'time': 1721317582.837, 'source': 'VitalsTask', 'timer': 93.294, 'data': {'sensor': 'Blood Pressure', 'action': 'capture', 'data': 'action button pressed'}}
INFO:root:1721317582.83766,ID:1004,STAGE:1,SEQUENCE:1243,DATA:{'time': 1721317582.837, 'source': 'VitalsTask', 'timer': 93.294, 'data': {'sensor': 'Blood Pressure', 'action': 'capture', 'data': 'starting sensor action'}}
INFO:root:1721317583.848062,ID:1004,STAGE:1,SEQUENCE:1243,DATA:{'time': 1721317583.848, 'source': 'VitalsTask', 'timer': 94.305, 'data': {'sensor': 'Blood Pressure', 'action': 'capture', 'data': 'sensor action complete'}}
INFO:root:1721317583.84906,ID:1004,STAGE:1,SEQUENCE:1243,DATA:{'time': 1721317583.849, 'source': 'VitalsTask', 'timer': 94.306, 'data': {'sensor': 'Blood Pressure', 'action': 'keypad open'}}
INFO:root:1721317584.790941,ID:1004,STAGE:1,SEQUENCE:1243,DATA:{'time': 1721317584.791, 'source': 'VitalsTask', 'timer': 95.248, 'data': {'sensor': 'Blood Pressure', 'action': 'keypad press', 'key': 1, 'value': 1}}
INFO:root:1721317585.576914,ID:1004,STAGE:1,SEQUENCE:1243,DATA:{'time': 1721317585.576, 'source': 'VitalsTask', 'timer': 96.033, 'data': {'sensor': 'Blood Pressure', 'action': 'keypad press', 'key': 2, 'value': 12}}
INFO:root:1721317587.03108,ID:1004,STAGE:1,SEQUENCE:1243,DATA:{'time': 1721317587.023, 'user-id': '1004', 'source': 'HAI Interface', 'destination-index': '3', 'study-stage': '1', 'decision-state': 0, 'vitals-state': 0, 'airspace-state': 0, 'data': {'page': 'emergency', 'action': 'trying to change destination to19'}}
INFO:root:1721317587.100465,ID:1004,STAGE:1,SEQUENCE:1243,DATA:{'time': 1721317587.102, 'source': 'VitalsTask', 'timer': 97.559, 'data': {'sensor': 'Blood Pressure', 'action': 'keypad press', 'key': 11, 'value': 120}}
INFO:root:1721317588.053097,ID:1004,STAGE:1,SEQUENCE:1243,DATA:{'time': 1721317588.053, 'source': 'VitalsTask', 'timer': 98.51, 'data': {'sensor': 'Blood Pressure', 'action': 'keypad press', 'key': 8, 'value': 1208}}
INFO:root:1721317588.999401,ID:1004,STAGE:1,SEQUENCE:1243,DATA:{'time': 1721317589.001, 'source': 'VitalsTask', 'timer': 99.458, 'data': {'sensor': 'Blood Pressure', 'action': 'keypad press', 'key': 11, 'value': 12080}}
INFO:root:1721317590.057996,ID:1004,STAGE:1,SEQUENCE:1243,DATA:{'time': 1721317590.058, 'source': 'VitalsTask', 'timer': 100.515, 'data': {'sensor': 'Blood Pressure', 'action': 'show action buttons'}}
INFO:root:1721317590.059499,ID:1004,STAGE:1,SEQUENCE:1243,DATA:{'time': 1721317590.059, 'source': 'VitalsTask', 'timer': 100.516, 'data': {'sensor': 'Blood Pressure', 'action': 'keypad press', 'key': 10, 'value': 12080}}
INFO:root:1721317591.574432,ID:1004,STAGE:1,SEQUENCE:1243,DATA:{'time': 1721317591.571, 'source': 'VitalsTask', 'timer': 102.028, 'data': {'sensor': 'Blood Pressure', 'action': 'log', 'data': 'action button pressed'}}
INFO:root:1721317591.577423,ID:1004,STAGE:1,SEQUENCE:1243,DATA:{'time': 1721317591.571, 'source': 'VitalsTask', 'timer': 102.028, 'data': {'sensor': 'Blood Pressure', 'action': 'log', 'data': 'starting sensor action'}}
INFO:root:1721317592.583464,ID:1004,STAGE:1,SEQUENCE:1243,DATA:{'time': 1721317592.584, 'source': 'VitalsTask', 'timer': 103.041, 'data': {'sensor': 'Blood Pressure', 'action': 'log', 'data': 'sensor action complete'}}
INFO:root:1721317592.634744,ID:1004,STAGE:1,SEQUENCE:1243,DATA:{'time': 1721317592.625, 'user-id': '1004', 'source': 'HAI Interface', 'destination-index': '3', 'study-stage': '1', 'decision-state': 0, 'vitals-state': 0, 'airspace-state': 0, 'data': {'page': 'emergency', 'action': 'trying to change destination to19'}}
INFO:root:1721317592.63925,ID:1004,STAGE:1,SEQUENCE:1243,DATA:{'time': 1721317592.626, 'user-id': '1004', 'source': 'HAI Interface', 'destination-index': '3', 'study-stage': '1', 'decision-state': 0, 'vitals-state': 0, 'airspace-state': 0, 'data': {'page': 'emergency', 'action': 'show Weather Emergency Alert, hide map'}}
INFO:root:1721317592.641816,ID:1004,STAGE:1,SEQUENCE:1243,DATA:{'time': 1721317592.626, 'user-id': '1004', 'source': 'HAI Interface', 'destination-index': '3', 'study-stage': '1', 'decision-state': 0, 'vitals-state': 0, 'airspace-state': 0, 'data': {'page': 'map', 'action': 'hide map'}}
INFO:root:1721317592.647798,ID:1004,STAGE:1,SEQUENCE:1243,DATA:{'time': 1721317592.627, 'user-id': '1004', 'source': 'HAI Interface', 'destination-index': '3', 'study-stage': '1', 'decision-state': 0, 'vitals-state': 0, 'airspace-state': 0, 'data': {'page': 'Inflight', 'action': 'Weather emergency- emergnecy propmt displayed'}}
INFO:root:1721317593.567924,ID:1004,STAGE:1,SEQUENCE:1243,DATA:{'time': 1721317593.566, 'source': 'VitalsTask', 'timer': 104.023, 'data': {'sensor': 'Blood Pressure', 'action': 'save', 'data': 'action button pressed'}}
INFO:root:1721317593.569924,ID:1004,STAGE:1,SEQUENCE:1243,DATA:{'time': 1721317593.566, 'source': 'VitalsTask', 'timer': 104.023, 'data': {'sensor': 'Blood Pressure', 'action': 'save', 'data': 'starting sensor action'}}
INFO:root:1721317594.576695,ID:1004,STAGE:1,SEQUENCE:1243,DATA:{'time': 1721317594.577, 'source': 'VitalsTask', 'timer': 105.034, 'data': {'sensor': 'Blood Pressure', 'action': 'save', 'data': 'sensor action complete'}}
INFO:root:1721317596.573045,ID:1004,STAGE:1,SEQUENCE:1243,DATA:{'time': 1721317596.574, 'source': 'VitalsTask', 'timer': 107.031, 'data': {'sensor': 'submit', 'action': 'submit'}}
INFO:root:1721317596.576037,ID:1004,STAGE:1,SEQUENCE:1243,DATA:{'time': 1721317596.575, 'source': 'VitalsTask', 'timer': 107.032, 'data': {'sensor': 'submit', 'action': 'submit', 'data': 'submit succeeded'}}
INFO:root:1721317597.140578,ID:1004,STAGE:1,SEQUENCE:1243,DATA:{'time': 1721317597.134, 'user-id': '1004', 'source': 'HAI Interface', 'destination-index': '3', 'study-stage': '1', 'decision-state': 0, 'vitals-state': 0, 'airspace-state': 0, 'data': {'page': 'emergency', 'action': 'trying to change destination to19'}}
INFO:root:1721317597.142572,ID:1004,STAGE:1,SEQUENCE:1243,DATA:{'time': 1721317597.135, 'user-id': '1004', 'source': 'HAI Interface', 'destination-index': '3', 'study-stage': '1', 'decision-state': 0, 'vitals-state': 0, 'airspace-state': 0, 'data': {'page': 'emergency', 'action': 'show Weather Emergency Alert, hide map'}}
INFO:root:1721317597.146216,ID:1004,STAGE:1,SEQUENCE:1243,DATA:{'time': 1721317597.135, 'user-id': '1004', 'source': 'HAI Interface', 'destination-index': '3', 'study-stage': '1', 'decision-state': 0, 'vitals-state': 0, 'airspace-state': 0, 'data': {'page': 'map', 'action': 'hide map'}}
INFO:root:1721317597.150101,ID:1004,STAGE:1,SEQUENCE:1243,DATA:{'time': 1721317597.136, 'user-id': '1004', 'source': 'HAI Interface', 'destination-index': '3', 'study-stage': '1', 'decision-state': 0, 'vitals-state': 0, 'airspace-state': 0, 'data': {'page': 'Inflight', 'action': 'Weather emergency- emergnecy propmt displayed'}}
INFO:root:1721317600.502177,ID:1004,STAGE:1,SEQUENCE:1243,DATA:{'time': 1721317600.498, 'user-id': '1004', 'source': 'HAI Interface', 'destination-index': '3', 'study-stage': '1', 'decision-state': 0, 'vitals-state': 0, 'airspace-state': 0, 'data': {'page': 'Inflight', 'action': 'Weather emergency- show more info button pressed'}}
INFO:root:1721317602.031428,ID:1004,STAGE:1,SEQUENCE:1243,DATA:{'time': 1721317602.025, 'user-id': '1004', 'source': 'HAI Interface', 'destination-index': '3', 'study-stage': '1', 'decision-state': 0, 'vitals-state': 0, 'airspace-state': 0, 'data': {'page': 'emergency', 'action': 'trying to change destination to19'}}
INFO:root:1721317607.092523,ID:1004,STAGE:1,SEQUENCE:1243,DATA:{'time': 1721317607.086, 'user-id': '1004', 'source': 'HAI Interface', 'destination-index': '3', 'study-stage': '1', 'decision-state': 0, 'vitals-state': 0, 'airspace-state': 0, 'data': {'page': 'emergency', 'action': 'trying to change destination to19'}}
INFO:root:1721317612.05956,ID:1004,STAGE:1,SEQUENCE:1243,DATA:{'time': 1721317612.051, 'user-id': '1004', 'source': 'HAI Interface', 'destination-index': '3', 'study-stage': '1', 'decision-state': 0, 'vitals-state': 0, 'airspace-state': 0, 'data': {'page': 'emergency', 'action': 'trying to change destination to19'}}
INFO:root:1721317617.001631,ID:1004,STAGE:1,SEQUENCE:1243,DATA:{'time': 1721317616.995, 'user-id': '1004', 'source': 'HAI Interface', 'destination-index': '3', 'study-stage': '1', 'decision-state': 0, 'vitals-state': 0, 'airspace-state': 0, 'data': {'page': 'emergency', 'action': 'trying to change destination to19'}}
INFO:root:1721317622.133499,ID:1004,STAGE:1,SEQUENCE:1243,DATA:{'time': 1721317622.125, 'user-id': '1004', 'source': 'HAI Interface', 'destination-index': '3', 'study-stage': '1', 'decision-state': 0, 'vitals-state': 0, 'airspace-state': 0, 'data': {'page': 'emergency', 'action': 'trying to change destination to19'}}
INFO:root:1721317627.105945,ID:1004,STAGE:1,SEQUENCE:1243,DATA:{'time': 1721317627.102, 'user-id': '1004', 'source': 'HAI Interface', 'destination-index': '3', 'study-stage': '1', 'decision-state': 0, 'vitals-state': 0, 'airspace-state': 0, 'data': {'page': 'emergency', 'action': 'trying to change destination to19'}}
INFO:root:1721317627.856441,ID:1004,STAGE:1,SEQUENCE:1243,DATA:{'time': 1721317627.851, 'user-id': '1004', 'source': 'HAI Interface', 'destination-index': '3', 'study-stage': '1', 'decision-state': 0, 'vitals-state': 0, 'airspace-state': 0, 'data': {'page': 'Inflight', 'action': 'Weather emergency- close button pressed'}}
INFO:root:Weather emergency alert given, sent request to clear weather_emergency
INFO:root:1721317629.317162,ID:1004,STAGE:1,SEQUENCE:1243,DATA:{'time': 1721317629.313, 'user-id': '1004', 'source': 'HAI Interface', 'destination-index': '3', 'study-stage': '1', 'decision-state': 0, 'vitals-state': 0, 'airspace-state': 0, 'data': {'page': 'Inflight', 'action': 'emergency landing button pressed'}}
INFO:root:1721317629.478389,ID:1004,STAGE:1,SEQUENCE:1243,DATA:{'time': 1721317629.458, 'user-id': 'none', 'source': 'HAI Interface', 'destination-index': 3, 'study-stage': -1, 'decision-state': 0, 'vitals-state': 0, 'airspace-state': 0, 'data': {'page': 'emergency-landing', 'action': 'opened page'}}
INFO:root:1721317630.423892,ID:1004,STAGE:1,SEQUENCE:1243,DATA:{'time': 1721317630.419, 'user-id': '1004', 'source': 'HAI Interface', 'destination-index': '3', 'study-stage': '1', 'decision-state': 0, 'vitals-state': 0, 'airspace-state': 0, 'data': {'page': 'map', 'action': 'selected helipad', 'value': '21'}}
INFO:root:1721317630.424889,ID:1004,STAGE:1,SEQUENCE:1243,DATA:{'time': 1721317630.419, 'user-id': '1004', 'source': 'HAI Interface', 'destination-index': '3', 'study-stage': '1', 'decision-state': 0, 'vitals-state': 0, 'airspace-state': 0, 'data': {'page': 'map', 'action': 'set destination', 'value': -1}}
INFO:root:1721317631.434979,ID:1004,STAGE:1,SEQUENCE:1243,DATA:{'time': 1721317631.427, 'user-id': '1004', 'source': 'HAI Interface', 'destination-index': '3', 'study-stage': '1', 'decision-state': 0, 'vitals-state': 0, 'airspace-state': 0, 'data': {'page': 'change-destination', 'action': 'submit button pressed'}}
INFO:root:1721317631.556867,ID:1004,STAGE:1,SEQUENCE:1243,DATA:{'time': 1721317631.549, 'user-id': 'none', 'source': 'HAI Interface', 'destination-index': 3, 'study-stage': -1, 'decision-state': 0, 'vitals-state': 0, 'airspace-state': 0, 'data': {'page': 'location', 'action': 'opened page'}}
INFO:root:1721317632.524944,ID:1004,STAGE:1,SEQUENCE:1243,DATA:{'time': 1721317632.519, 'user-id': '1004', 'source': 'HAI Interface', 'destination-index': '3', 'study-stage': '1', 'decision-state': 0, 'vitals-state': 0, 'airspace-state': 0, 'data': {'page': 'map', 'action': 'selected helipad', 'value': '21'}}
INFO:root:1721317634.8329,ID:1004,STAGE:1,SEQUENCE:1243,DATA:{'time': 1721317634.829, 'user-id': '1004', 'source': 'HAI Interface', 'destination-index': '3', 'study-stage': '1', 'decision-state': 0, 'vitals-state': 0, 'airspace-state': 0, 'data': {'page': 'location', 'action': 'confirm button pressed'}}
INFO:root:1721317636.084362,ID:1004,STAGE:1,SEQUENCE:1243,DATA:{'time': 1721317636.08, 'user-id': '1004', 'source': 'HAI Interface', 'destination-index': '21', 'study-stage': '1', 'decision-state': 0, 'vitals-state': 0, 'airspace-state': 0, 'data': {'page': 'map', 'action': 'selected helipad', 'value': '21'}}
INFO:root:1721317640.316392,ID:1004,STAGE:1,SEQUENCE:1243,DATA:{'time': 1721317640.311, 'user-id': '1004', 'source': 'HAI Interface', 'destination-index': '21', 'study-stage': '1', 'decision-state': 0, 'vitals-state': 0, 'airspace-state': 0, 'data': {'page': 'emergency', 'action': 'trying to change destination to100'}}
INFO:root:1721317644.286552,ID:1004,STAGE:1,SEQUENCE:1243,DATA:{'time': 1721317644.282, 'user-id': '1004', 'source': 'HAI Interface', 'destination-index': '21', 'study-stage': '1', 'decision-state': 0, 'vitals-state': 0, 'airspace-state': 0, 'data': {'page': 'Inflight', 'action': 'emergency landing button pressed'}}
INFO:root:1721317644.430865,ID:1004,STAGE:1,SEQUENCE:1243,DATA:{'time': 1721317644.408, 'user-id': 'none', 'source': 'HAI Interface', 'destination-index': 3, 'study-stage': -1, 'decision-state': 0, 'vitals-state': 0, 'airspace-state': 0, 'data': {'page': 'emergency-landing', 'action': 'opened page'}}
INFO:root:1721317645.372791,ID:1004,STAGE:1,SEQUENCE:1243,DATA:{'time': 1721317645.368, 'user-id': '1004', 'source': 'HAI Interface', 'destination-index': '21', 'study-stage': '1', 'decision-state': 0, 'vitals-state': 0, 'airspace-state': 0, 'data': {'page': 'map', 'action': 'selected helipad', 'value': '21'}}
INFO:root:1721317645.374784,ID:1004,STAGE:1,SEQUENCE:1243,DATA:{'time': 1721317645.369, 'user-id': '1004', 'source': 'HAI Interface', 'destination-index': '21', 'study-stage': '1', 'decision-state': 0, 'vitals-state': 0, 'airspace-state': 0, 'data': {'page': 'map', 'action': 'set destination', 'value': -1}}
INFO:root:1721317649.60817,ID:1004,STAGE:1,SEQUENCE:1243,DATA:{'time': 1721317649.601, 'user-id': '1004', 'source': 'HAI Interface', 'destination-index': '21', 'study-stage': '1', 'decision-state': 0, 'vitals-state': 0, 'airspace-state': 0, 'data': {'page': 'emergency', 'action': 'trying to change destination to100'}}
INFO:root:1721317650.351016,ID:1004,STAGE:1,SEQUENCE:1243,DATA:{'time': 1721317650.347, 'user-id': '1004', 'source': 'HAI Interface', 'destination-index': '21', 'study-stage': '1', 'decision-state': 0, 'vitals-state': 0, 'airspace-state': 0, 'data': {'page': 'change-destination', 'action': 'submit button pressed'}}
INFO:root:1721317650.475589,ID:1004,STAGE:1,SEQUENCE:1243,DATA:{'time': 1721317650.463, 'user-id': 'none', 'source': 'HAI Interface', 'destination-index': 3, 'study-stage': -1, 'decision-state': 0, 'vitals-state': 0, 'airspace-state': 0, 'data': {'page': 'location', 'action': 'opened page'}}
INFO:root:1721317651.929334,ID:1004,STAGE:1,SEQUENCE:1243,DATA:{'time': 1721317651.926, 'user-id': '1004', 'source': 'HAI Interface', 'destination-index': '21', 'study-stage': '1', 'decision-state': 0, 'vitals-state': 0, 'airspace-state': 0, 'data': {'page': 'map', 'action': 'selected helipad', 'value': '21'}}
INFO:root:1721317652.856954,ID:1004,STAGE:1,SEQUENCE:1243,DATA:{'time': 1721317652.853, 'user-id': '1004', 'source': 'HAI Interface', 'destination-index': '21', 'study-stage': '1', 'decision-state': 0, 'vitals-state': 0, 'airspace-state': 0, 'data': {'page': 'location', 'action': 'confirm button pressed'}}
INFO:root:1721317654.167849,ID:1004,STAGE:1,SEQUENCE:1243,DATA:{'time': 1721317654.163, 'user-id': '1004', 'source': 'HAI Interface', 'destination-index': '21', 'study-stage': '1', 'decision-state': 0, 'vitals-state': 0, 'airspace-state': 0, 'data': {'page': 'map', 'action': 'selected helipad', 'value': '21'}}
INFO:root:1721317658.41728,ID:1004,STAGE:1,SEQUENCE:1243,DATA:{'time': 1721317658.412, 'user-id': '1004', 'source': 'HAI Interface', 'destination-index': '21', 'study-stage': '1', 'decision-state': 0, 'vitals-state': 0, 'airspace-state': 0, 'data': {'page': 'emergency', 'action': 'trying to change destination to100'}}
INFO:root:1721317660.113598,ID:1004,STAGE:1,SEQUENCE:1243,DATA:{'time': 1721317660.11, 'user-id': '1004', 'source': 'HAI Interface', 'destination-index': '21', 'study-stage': '1', 'decision-state': 0, 'vitals-state': 0, 'airspace-state': 0, 'data': {'action': 'radio panel opened'}}
INFO:root:1721317663.436283,ID:1004,STAGE:1,SEQUENCE:1243,DATA:{'time': 1721317663.429, 'user-id': '1004', 'source': 'HAI Interface', 'destination-index': '21', 'study-stage': '1', 'decision-state': 0, 'vitals-state': 0, 'airspace-state': 0, 'data': {'page': 'emergency', 'action': 'trying to change destination to19'}}
INFO:root:1721317668.463017,ID:1004,STAGE:1,SEQUENCE:1243,DATA:{'time': 1721317668.458, 'user-id': '1004', 'source': 'HAI Interface', 'destination-index': '21', 'study-stage': '1', 'decision-state': 0, 'vitals-state': 0, 'airspace-state': 0, 'data': {'page': 'emergency', 'action': 'trying to change destination to19'}}
INFO:root:1721317673.36218,ID:1004,STAGE:1,SEQUENCE:1243,DATA:{'time': 1721317673.357, 'user-id': '1004', 'source': 'HAI Interface', 'destination-index': '21', 'study-stage': '1', 'decision-state': 0, 'vitals-state': 0, 'airspace-state': 0, 'data': {'page': 'emergency', 'action': 'trying to change destination to19'}}
INFO:root:1721317674.231267,ID:1004,STAGE:1,SEQUENCE:1243,DATA:{'time': 1721317674.228, 'user-id': '1004', 'source': 'HAI Interface', 'destination-index': '21', 'study-stage': '1', 'decision-state': 0, 'vitals-state': 0, 'airspace-state': 0, 'data': {'page': 'Inflight', 'action': 'emergency landing button pressed'}}
INFO:root:1721317674.429943,ID:1004,STAGE:1,SEQUENCE:1243,DATA:{'time': 1721317674.399, 'user-id': 'none', 'source': 'HAI Interface', 'destination-index': 3, 'study-stage': -1, 'decision-state': 0, 'vitals-state': 0, 'airspace-state': 0, 'data': {'page': 'emergency-landing', 'action': 'opened page'}}
INFO:root:1721317675.378237,ID:1004,STAGE:1,SEQUENCE:1243,DATA:{'time': 1721317675.369, 'user-id': '1004', 'source': 'HAI Interface', 'destination-index': '21', 'study-stage': '1', 'decision-state': 0, 'vitals-state': 0, 'airspace-state': 0, 'data': {'page': 'map', 'action': 'selected helipad', 'value': '21'}}
INFO:root:1721317675.380232,ID:1004,STAGE:1,SEQUENCE:1243,DATA:{'time': 1721317675.37, 'user-id': '1004', 'source': 'HAI Interface', 'destination-index': '21', 'study-stage': '1', 'decision-state': 0, 'vitals-state': 0, 'airspace-state': 0, 'data': {'page': 'map', 'action': 'set destination', 'value': -1}}
INFO:root:1721317677.670726,ID:1004,STAGE:1,SEQUENCE:1243,DATA:{'time': 1721317677.666, 'user-id': '1004', 'source': 'HAI Interface', 'destination-index': '21', 'study-stage': '1', 'decision-state': 0, 'vitals-state': 0, 'airspace-state': 0, 'data': {'page': 'map', 'action': 'show map'}}
INFO:root:1721317677.672721,ID:1004,STAGE:1,SEQUENCE:1243,DATA:{'time': 1721317677.666, 'user-id': '1004', 'source': 'HAI Interface', 'destination-index': '21', 'study-stage': '1', 'decision-state': 0, 'vitals-state': 0, 'airspace-state': 0, 'data': {'page': 'map', 'action': 'selected helipad', 'value': '21'}}
INFO:root:1721317677.675228,ID:1004,STAGE:1,SEQUENCE:1243,DATA:{'time': 1721317677.667, 'user-id': '1004', 'source': 'HAI Interface', 'destination-index': '21', 'study-stage': '1', 'decision-state': 0, 'vitals-state': 0, 'airspace-state': 0, 'data': {'page': 'map', 'action': 'set destination', 'value': '21'}}
INFO:root:1721317679.650976,ID:1004,STAGE:1,SEQUENCE:1243,DATA:{'time': 1721317679.644, 'user-id': '1004', 'source': 'HAI Interface', 'destination-index': '21', 'study-stage': '1', 'decision-state': 0, 'vitals-state': 0, 'airspace-state': 0, 'data': {'page': 'emergency', 'action': 'trying to change destination to100'}}
INFO:root:1721317680.743123,ID:1004,STAGE:1,SEQUENCE:1243,DATA:{'time': 1721317680.739, 'user-id': '1004', 'source': 'HAI Interface', 'destination-index': '21', 'study-stage': '1', 'decision-state': 0, 'vitals-state': 0, 'airspace-state': 0, 'data': {'page': 'map', 'action': 'selected helipad', 'value': '5'}}
INFO:root:1721317680.746047,ID:1004,STAGE:1,SEQUENCE:1243,DATA:{'time': 1721317680.739, 'user-id': '1004', 'source': 'HAI Interface', 'destination-index': '21', 'study-stage': '1', 'decision-state': 0, 'vitals-state': 0, 'airspace-state': 0, 'data': {'page': 'map', 'action': 'set destination', 'value': '21'}}
INFO:root:1721317684.633998,ID:1004,STAGE:1,SEQUENCE:1243,DATA:{'time': 1721317684.629, 'user-id': '1004', 'source': 'HAI Interface', 'destination-index': '21', 'study-stage': '1', 'decision-state': 0, 'vitals-state': 0, 'airspace-state': 0, 'data': {'page': 'emergency', 'action': 'trying to change destination to19'}}
INFO:root:1721317686.439171,ID:1004,STAGE:1,SEQUENCE:1243,DATA:{'time': 1721317686.431, 'user-id': '1004', 'source': 'HAI Interface', 'destination-index': '21', 'study-stage': '1', 'decision-state': 0, 'vitals-state': 0, 'airspace-state': 0, 'data': {'page': 'map', 'action': 'changing helipad', 'value': '5'}}
INFO:root:1721317686.442163,ID:1004,STAGE:1,SEQUENCE:1243,DATA:{'time': 1721317686.431, 'user-id': '1004', 'source': 'HAI Interface', 'destination-index': '21', 'study-stage': '1', 'decision-state': 0, 'vitals-state': 0, 'airspace-state': 0, 'data': {'page': 'map', 'action': 'changing helipad', 'value': '5'}}
INFO:root:1721317686.445179,ID:1004,STAGE:1,SEQUENCE:1243,DATA:{'time': 1721317686.431, 'user-id': '1004', 'source': 'HAI Interface', 'destination-index': '21', 'study-stage': '1', 'decision-state': 0, 'vitals-state': 0, 'airspace-state': 0, 'data': {'page': 'map', 'action': 'selected helipad', 'value': '5'}}
INFO:root:1721317686.449276,ID:1004,STAGE:1,SEQUENCE:1243,DATA:{'time': 1721317686.432, 'user-id': '1004', 'source': 'HAI Interface', 'destination-index': '21', 'study-stage': '1', 'decision-state': 0, 'vitals-state': 0, 'airspace-state': 0, 'data': {'page': 'map', 'action': 'set destination', 'value': '5'}}
INFO:root:1721317689.628494,ID:1004,STAGE:1,SEQUENCE:1243,DATA:{'time': 1721317689.621, 'user-id': '1004', 'source': 'HAI Interface', 'destination-index': '21', 'study-stage': '1', 'decision-state': 0, 'vitals-state': 0, 'airspace-state': 0, 'data': {'page': 'emergency', 'action': 'trying to change destination to19'}}
INFO:root:1721317693.873542,ID:1004,STAGE:1,SEQUENCE:1243,DATA:{'time': 1721317693.87, 'user-id': '1004', 'source': 'HAI Interface', 'destination-index': '21', 'study-stage': '1', 'decision-state': 0, 'vitals-state': 0, 'airspace-state': 0, 'data': {'page': 'map', 'action': 'hide map'}}
INFO:root:1721317694.626529,ID:1004,STAGE:1,SEQUENCE:1243,DATA:{'time': 1721317694.622, 'user-id': '1004', 'source': 'HAI Interface', 'destination-index': '21', 'study-stage': '1', 'decision-state': 0, 'vitals-state': 0, 'airspace-state': 0, 'data': {'page': 'emergency', 'action': 'trying to change destination to19'}}
INFO:root:1721317696.190383,ID:1004,STAGE:1,SEQUENCE:1243,DATA:{'time': 1721317696.187, 'user-id': '1004', 'source': 'HAI Interface', 'destination-index': '21', 'study-stage': '1', 'decision-state': 0, 'vitals-state': 0, 'airspace-state': 0, 'data': {'page': 'change-destination', 'action': 'submit button pressed'}}
INFO:root:1721317696.300632,ID:1004,STAGE:1,SEQUENCE:1243,DATA:{'time': 1721317696.294, 'user-id': 'none', 'source': 'HAI Interface', 'destination-index': 3, 'study-stage': -1, 'decision-state': 0, 'vitals-state': 0, 'airspace-state': 0, 'data': {'page': 'location', 'action': 'opened page'}}
INFO:root:1721317697.272892,ID:1004,STAGE:1,SEQUENCE:1243,DATA:{'time': 1721317697.267, 'user-id': '1004', 'source': 'HAI Interface', 'destination-index': '21', 'study-stage': '1', 'decision-state': 0, 'vitals-state': 0, 'airspace-state': 0, 'data': {'page': 'map', 'action': 'selected helipad', 'value': '21'}}
INFO:root:1721317697.514514,ID:1004,STAGE:1,SEQUENCE:1243,DATA:{'time': 1721317697.511, 'user-id': '1004', 'source': 'HAI Interface', 'destination-index': '21', 'study-stage': '1', 'decision-state': 0, 'vitals-state': 0, 'airspace-state': 0, 'data': {'page': 'location', 'action': 'confirm button pressed'}}
INFO:root:1721317698.74267,ID:1004,STAGE:1,SEQUENCE:1243,DATA:{'time': 1721317698.737, 'user-id': '1004', 'source': 'HAI Interface', 'destination-index': '5', 'study-stage': '1', 'decision-state': 0, 'vitals-state': 0, 'airspace-state': 0, 'data': {'page': 'map', 'action': 'selected helipad', 'value': '21'}}
INFO:root:1721317702.884398,ID:1004,STAGE:1,SEQUENCE:1243,DATA:{'time': 1721317702.88, 'user-id': '1004', 'source': 'HAI Interface', 'destination-index': '5', 'study-stage': '1', 'decision-state': 0, 'vitals-state': 0, 'airspace-state': 0, 'data': {'page': 'emergency', 'action': 'trying to change destination to100'}}
INFO:root:1721317707.918165,ID:1004,STAGE:1,SEQUENCE:1243,DATA:{'time': 1721317707.913, 'user-id': '1004', 'source': 'HAI Interface', 'destination-index': '5', 'study-stage': '1', 'decision-state': 0, 'vitals-state': 0, 'airspace-state': 0, 'data': {'page': 'emergency', 'action': 'trying to change destination to19'}}
INFO:root:1721317712.943235,ID:1004,STAGE:1,SEQUENCE:1243,DATA:{'time': 1721317712.939, 'user-id': '1004', 'source': 'HAI Interface', 'destination-index': '5', 'study-stage': '1', 'decision-state': 0, 'vitals-state': 0, 'airspace-state': 0, 'data': {'page': 'emergency', 'action': 'trying to change destination to19'}}
INFO:root:1721317717.939282,ID:1004,STAGE:1,SEQUENCE:1243,DATA:{'time': 1721317717.934, 'user-id': '1004', 'source': 'HAI Interface', 'destination-index': '5', 'study-stage': '1', 'decision-state': 0, 'vitals-state': 0, 'airspace-state': 0, 'data': {'page': 'emergency', 'action': 'trying to change destination to19'}}
INFO:root:1721317718.77755,ID:1004,STAGE:1,SEQUENCE:1243,DATA:{'time': 1721317718.773, 'user-id': '1004', 'source': 'HAI Interface', 'destination-index': '5', 'study-stage': '1', 'decision-state': 0, 'vitals-state': 0, 'airspace-state': 0, 'data': {'page': 'Inflight', 'action': 'emergency landing button pressed'}}
INFO:root:1721317718.929831,ID:1004,STAGE:1,SEQUENCE:1243,DATA:{'time': 1721317718.897, 'user-id': 'none', 'source': 'HAI Interface', 'destination-index': 3, 'study-stage': -1, 'decision-state': 0, 'vitals-state': 0, 'airspace-state': 0, 'data': {'page': 'emergency-landing', 'action': 'opened page'}}
INFO:root:1721317719.874298,ID:1004,STAGE:1,SEQUENCE:1243,DATA:{'time': 1721317719.87, 'user-id': '1004', 'source': 'HAI Interface', 'destination-index': '5', 'study-stage': '1', 'decision-state': 0, 'vitals-state': 0, 'airspace-state': 0, 'data': {'page': 'map', 'action': 'selected helipad', 'value': '21'}}
INFO:root:1721317719.876295,ID:1004,STAGE:1,SEQUENCE:1243,DATA:{'time': 1721317719.87, 'user-id': '1004', 'source': 'HAI Interface', 'destination-index': '5', 'study-stage': '1', 'decision-state': 0, 'vitals-state': 0, 'airspace-state': 0, 'data': {'page': 'map', 'action': 'set destination', 'value': -1}}
INFO:root:1721317721.035191,ID:1004,STAGE:1,SEQUENCE:1243,DATA:{'time': 1721317721.031, 'user-id': '1004', 'source': 'HAI Interface', 'destination-index': '5', 'study-stage': '1', 'decision-state': 0, 'vitals-state': 0, 'airspace-state': 0, 'data': {'page': 'map', 'action': 'show map'}}
INFO:root:1721317721.039181,ID:1004,STAGE:1,SEQUENCE:1243,DATA:{'time': 1721317721.032, 'user-id': '1004', 'source': 'HAI Interface', 'destination-index': '5', 'study-stage': '1', 'decision-state': 0, 'vitals-state': 0, 'airspace-state': 0, 'data': {'page': 'map', 'action': 'set destination', 'value': '5'}}
INFO:root:1721317721.040668,ID:1004,STAGE:1,SEQUENCE:1243,DATA:{'time': 1721317721.031, 'user-id': '1004', 'source': 'HAI Interface', 'destination-index': '5', 'study-stage': '1', 'decision-state': 0, 'vitals-state': 0, 'airspace-state': 0, 'data': {'page': 'map', 'action': 'selected helipad', 'value': '21'}}
INFO:root:1721317724.114329,ID:1004,STAGE:1,SEQUENCE:1243,DATA:{'time': 1721317724.11, 'user-id': '1004', 'source': 'HAI Interface', 'destination-index': '5', 'study-stage': '1', 'decision-state': 0, 'vitals-state': 0, 'airspace-state': 0, 'data': {'page': 'emergency', 'action': 'trying to change destination to100'}}
INFO:root:1721317729.139153,ID:1004,STAGE:1,SEQUENCE:1243,DATA:{'time': 1721317729.134, 'user-id': '1004', 'source': 'HAI Interface', 'destination-index': '5', 'study-stage': '1', 'decision-state': 0, 'vitals-state': 0, 'airspace-state': 0, 'data': {'page': 'emergency', 'action': 'trying to change destination to19'}}
INFO:root:1721317734.110143,ID:1004,STAGE:1,SEQUENCE:1243,DATA:{'time': 1721317734.104, 'user-id': '1004', 'source': 'HAI Interface', 'destination-index': '5', 'study-stage': '1', 'decision-state': 0, 'vitals-state': 0, 'airspace-state': 0, 'data': {'page': 'emergency', 'action': 'trying to change destination to19'}}
INFO:root:1721317738.32014,ID:1004,STAGE:1,SEQUENCE:1243,DATA:{'time': 1721317738.316, 'user-id': '1004', 'source': 'HAI Interface', 'destination-index': '5', 'study-stage': '1', 'decision-state': 0, 'vitals-state': 0, 'airspace-state': 0, 'data': {'page': 'map', 'action': 'selected helipad', 'value': '5'}}
INFO:root:1721317738.322136,ID:1004,STAGE:1,SEQUENCE:1243,DATA:{'time': 1721317738.317, 'user-id': '1004', 'source': 'HAI Interface', 'destination-index': '5', 'study-stage': '1', 'decision-state': 0, 'vitals-state': 0, 'airspace-state': 0, 'data': {'page': 'map', 'action': 'set destination', 'value': '5'}}
INFO:root:1721317738.486004,ID:1004,STAGE:1,SEQUENCE:1243,DATA:{'time': 1721317738.481, 'user-id': '1004', 'source': 'HAI Interface', 'destination-index': '5', 'study-stage': '1', 'decision-state': 0, 'vitals-state': 0, 'airspace-state': 0, 'data': {'page': 'map', 'action': 'changing helipad', 'value': '5'}}
INFO:root:1721317738.49004,ID:1004,STAGE:1,SEQUENCE:1243,DATA:{'time': 1721317738.482, 'user-id': '1004', 'source': 'HAI Interface', 'destination-index': '5', 'study-stage': '1', 'decision-state': 0, 'vitals-state': 0, 'airspace-state': 0, 'data': {'page': 'map', 'action': 'changing helipad', 'value': '5'}}
INFO:root:1721317738.491042,ID:1004,STAGE:1,SEQUENCE:1243,DATA:{'time': 1721317738.482, 'user-id': '1004', 'source': 'HAI Interface', 'destination-index': '5', 'study-stage': '1', 'decision-state': 0, 'vitals-state': 0, 'airspace-state': 0, 'data': {'page': 'map', 'action': 'selected helipad', 'value': '5'}}
INFO:root:1721317738.493041,ID:1004,STAGE:1,SEQUENCE:1243,DATA:{'time': 1721317738.482, 'user-id': '1004', 'source': 'HAI Interface', 'destination-index': '5', 'study-stage': '1', 'decision-state': 0, 'vitals-state': 0, 'airspace-state': 0, 'data': {'page': 'map', 'action': 'set destination', 'value': '5'}}
INFO:root:1721317739.11566,ID:1004,STAGE:1,SEQUENCE:1243,DATA:{'time': 1721317739.111, 'user-id': '1004', 'source': 'HAI Interface', 'destination-index': '5', 'study-stage': '1', 'decision-state': 0, 'vitals-state': 0, 'airspace-state': 0, 'data': {'page': 'emergency', 'action': 'trying to change destination to19'}}
INFO:root:1721317740.57768,ID:1004,STAGE:1,SEQUENCE:1243,DATA:{'time': 1721317740.573, 'user-id': '1004', 'source': 'HAI Interface', 'destination-index': '5', 'study-stage': '1', 'decision-state': 0, 'vitals-state': 0, 'airspace-state': 0, 'data': {'page': 'map', 'action': 'hide map'}}
INFO:root:1721317742.439187,ID:1004,STAGE:1,SEQUENCE:1243,DATA:{'time': 1721317742.433, 'user-id': '1004', 'source': 'HAI Interface', 'destination-index': '5', 'study-stage': '1', 'decision-state': 0, 'vitals-state': 0, 'airspace-state': 0, 'data': {'page': 'change-destination', 'action': 'submit button pressed'}}
INFO:root:1721317742.584753,ID:1004,STAGE:1,SEQUENCE:1243,DATA:{'time': 1721317742.56, 'user-id': 'none', 'source': 'HAI Interface', 'destination-index': 3, 'study-stage': -1, 'decision-state': 0, 'vitals-state': 0, 'airspace-state': 0, 'data': {'page': 'location', 'action': 'opened page'}}
INFO:root:1721317743.52324,ID:1004,STAGE:1,SEQUENCE:1243,DATA:{'time': 1721317743.519, 'user-id': '1004', 'source': 'HAI Interface', 'destination-index': '5', 'study-stage': '1', 'decision-state': 0, 'vitals-state': 0, 'airspace-state': 0, 'data': {'page': 'map', 'action': 'selected helipad', 'value': '21'}}
INFO:root:1721317744.185399,ID:1004,STAGE:1,SEQUENCE:1243,DATA:{'time': 1721317744.181, 'user-id': '1004', 'source': 'HAI Interface', 'destination-index': '5', 'study-stage': '1', 'decision-state': 0, 'vitals-state': 0, 'airspace-state': 0, 'data': {'page': 'location', 'action': 'confirm button pressed'}}
INFO:root:1721317745.485098,ID:1004,STAGE:1,SEQUENCE:1243,DATA:{'time': 1721317745.481, 'user-id': '1004', 'source': 'HAI Interface', 'destination-index': '5', 'study-stage': '1', 'decision-state': 0, 'vitals-state': 0, 'airspace-state': 0, 'data': {'page': 'map', 'action': 'selected helipad', 'value': '21'}}
INFO:root:1721317749.731174,ID:1004,STAGE:1,SEQUENCE:1243,DATA:{'time': 1721317749.727, 'user-id': '1004', 'source': 'HAI Interface', 'destination-index': '5', 'study-stage': '1', 'decision-state': 0, 'vitals-state': 0, 'airspace-state': 0, 'data': {'page': 'emergency', 'action': 'trying to change destination to100'}}
INFO:root:1721317754.757618,ID:1004,STAGE:1,SEQUENCE:1243,DATA:{'time': 1721317754.752, 'user-id': '1004', 'source': 'HAI Interface', 'destination-index': '5', 'study-stage': '1', 'decision-state': 0, 'vitals-state': 0, 'airspace-state': 0, 'data': {'page': 'emergency', 'action': 'trying to change destination to19'}}
INFO:root:1721317759.683631,ID:1004,STAGE:1,SEQUENCE:1243,DATA:{'time': 1721317759.676, 'user-id': '1004', 'source': 'HAI Interface', 'destination-index': '5', 'study-stage': '1', 'decision-state': 0, 'vitals-state': 0, 'airspace-state': 0, 'data': {'page': 'emergency', 'action': 'trying to change destination to19'}}
INFO:root:1721317759.686642,ID:1004,STAGE:1,SEQUENCE:1243,DATA:{'time': 1721317759.677, 'user-id': '1004', 'source': 'HAI Interface', 'destination-index': '5', 'study-stage': '1', 'decision-state': 0, 'vitals-state': 0, 'airspace-state': 0, 'data': {'page': 'emergency', 'action': 'show Altitude Miscalibrated Warning, hide map'}}
INFO:root:1721317759.688642,ID:1004,STAGE:1,SEQUENCE:1243,DATA:{'time': 1721317759.677, 'user-id': '1004', 'source': 'HAI Interface', 'destination-index': '5', 'study-stage': '1', 'decision-state': 0, 'vitals-state': 0, 'airspace-state': 0, 'data': {'page': 'map', 'action': 'hide map'}}
INFO:root:1721317759.691147,ID:1004,STAGE:1,SEQUENCE:1243,DATA:{'time': 1721317759.678, 'user-id': '1004', 'source': 'HAI Interface', 'destination-index': '5', 'study-stage': '1', 'decision-state': 0, 'vitals-state': 0, 'airspace-state': 0, 'data': {'page': 'Inflight', 'action': ' Altitude alert activated'}}
INFO:root:1721317764.659566,ID:1004,STAGE:1,SEQUENCE:1243,DATA:{'time': 1721317764.654, 'user-id': '1004', 'source': 'HAI Interface', 'destination-index': '5', 'study-stage': '1', 'decision-state': 0, 'vitals-state': 0, 'airspace-state': 0, 'data': {'page': 'emergency', 'action': 'trying to change destination to19'}}
INFO:root:1721317764.66356,ID:1004,STAGE:1,SEQUENCE:1243,DATA:{'time': 1721317764.654, 'user-id': '1004', 'source': 'HAI Interface', 'destination-index': '5', 'study-stage': '1', 'decision-state': 0, 'vitals-state': 0, 'airspace-state': 0, 'data': {'page': 'emergency', 'action': 'show Altitude Miscalibrated Warning, hide map'}}
INFO:root:1721317764.666552,ID:1004,STAGE:1,SEQUENCE:1243,DATA:{'time': 1721317764.654, 'user-id': '1004', 'source': 'HAI Interface', 'destination-index': '5', 'study-stage': '1', 'decision-state': 0, 'vitals-state': 0, 'airspace-state': 0, 'data': {'page': 'map', 'action': 'hide map'}}
INFO:root:1721317764.669544,ID:1004,STAGE:1,SEQUENCE:1243,DATA:{'time': 1721317764.655, 'user-id': '1004', 'source': 'HAI Interface', 'destination-index': '5', 'study-stage': '1', 'decision-state': 0, 'vitals-state': 0, 'airspace-state': 0, 'data': {'page': 'Inflight', 'action': ' Altitude alert activated'}}
INFO:root:1721317769.658676,ID:1004,STAGE:1,SEQUENCE:1243,DATA:{'time': 1721317769.652, 'user-id': '1004', 'source': 'HAI Interface', 'destination-index': '5', 'study-stage': '1', 'decision-state': 0, 'vitals-state': 0, 'airspace-state': 0, 'data': {'page': 'emergency', 'action': 'trying to change destination to19'}}
INFO:root:1721317769.660724,ID:1004,STAGE:1,SEQUENCE:1243,DATA:{'time': 1721317769.653, 'user-id': '1004', 'source': 'HAI Interface', 'destination-index': '5', 'study-stage': '1', 'decision-state': 0, 'vitals-state': 0, 'airspace-state': 0, 'data': {'page': 'emergency', 'action': 'show Altitude Miscalibrated Warning, hide map'}}
INFO:root:1721317769.663721,ID:1004,STAGE:1,SEQUENCE:1243,DATA:{'time': 1721317769.653, 'user-id': '1004', 'source': 'HAI Interface', 'destination-index': '5', 'study-stage': '1', 'decision-state': 0, 'vitals-state': 0, 'airspace-state': 0, 'data': {'page': 'map', 'action': 'hide map'}}
INFO:root:1721317769.665716,ID:1004,STAGE:1,SEQUENCE:1243,DATA:{'time': 1721317769.654, 'user-id': '1004', 'source': 'HAI Interface', 'destination-index': '5', 'study-stage': '1', 'decision-state': 0, 'vitals-state': 0, 'airspace-state': 0, 'data': {'page': 'Inflight', 'action': ' Altitude alert activated'}}
INFO:root:1721317771.991715,ID:1004,STAGE:1,SEQUENCE:1243,DATA:{'time': 1721317771.988, 'user-id': '1004', 'source': 'HAI Interface', 'destination-index': '5', 'study-stage': '1', 'decision-state': 0, 'vitals-state': 0, 'airspace-state': 0, 'data': {'page': 'Inflight', 'action': 'Altitude alert- show more info button pressed'}}
INFO:root:1721317774.690514,ID:1004,STAGE:1,SEQUENCE:1243,DATA:{'time': 1721317774.685, 'user-id': '1004', 'source': 'HAI Interface', 'destination-index': '5', 'study-stage': '1', 'decision-state': 0, 'vitals-state': 0, 'airspace-state': 0, 'data': {'page': 'emergency', 'action': 'trying to change destination to19'}}
INFO:root:Altitude Warning alert given, sent request to clear altitude_warning_alert
INFO:root:1721317779.669825,ID:1004,STAGE:1,SEQUENCE:1243,DATA:{'time': 1721317779.665, 'user-id': '1004', 'source': 'HAI Interface', 'destination-index': '5', 'study-stage': '1', 'decision-state': 0, 'vitals-state': 0, 'airspace-state': 0, 'data': {'page': 'emergency', 'action': 'trying to change destination to19'}}
INFO:root:1721317784.649567,ID:1004,STAGE:1,SEQUENCE:1243,DATA:{'time': 1721317784.645, 'user-id': '1004', 'source': 'HAI Interface', 'destination-index': '5', 'study-stage': '1', 'decision-state': 0, 'vitals-state': 0, 'airspace-state': 0, 'data': {'page': 'emergency', 'action': 'trying to change destination to19'}}
INFO:root:1721317787.015865,ID:1004,STAGE:1,SEQUENCE:1243,DATA:{'time': 1721317787.012, 'user-id': '1004', 'source': 'HAI Interface', 'destination-index': '5', 'study-stage': '1', 'decision-state': 0, 'vitals-state': 0, 'airspace-state': 0, 'data': {'page': 'Inflight', 'action': 'Altitude alert- submit button pressed with altitude value as:'}}
INFO:root:1721317787.019854,ID:1004,STAGE:1,SEQUENCE:1243,DATA:{'time': 1721317787.014, 'user-id': '1004', 'source': 'HAI Interface', 'destination-index': '5', 'study-stage': '1', 'decision-state': 0, 'vitals-state': 0, 'airspace-state': 0, 'data': {'page': 'Inflight', 'action': 'Altitude alert- altitude submitted'}}
INFO:root:1721317787.021851,ID:1004,STAGE:1,SEQUENCE:1243,DATA:{'time': 1721317787.015, 'user-id': '1004', 'source': 'HAI Interface', 'destination-index': '5', 'study-stage': '1', 'decision-state': 0, 'vitals-state': 0, 'airspace-state': 0, 'data': {'page': 'Inflight', 'action': 'Altitude alert close button pressed'}}
INFO:root:1721317789.635253,ID:1004,STAGE:1,SEQUENCE:1243,DATA:{'time': 1721317789.63, 'user-id': '1004', 'source': 'HAI Interface', 'destination-index': '5', 'study-stage': '1', 'decision-state': 0, 'vitals-state': 0, 'airspace-state': 0, 'data': {'page': 'emergency', 'action': 'trying to change destination to19'}}
INFO:root:1721317794.693298,ID:1004,STAGE:1,SEQUENCE:1243,DATA:{'time': 1721317794.683, 'user-id': '1004', 'source': 'HAI Interface', 'destination-index': '5', 'study-stage': '1', 'decision-state': 0, 'vitals-state': 0, 'airspace-state': 0, 'data': {'page': 'emergency', 'action': 'trying to change destination to19'}}
INFO:root:1721317794.810311,ID:1004,STAGE:1,SEQUENCE:1243,DATA:{'time': 1721317794.801, 'user-id': 'none', 'source': 'HAI Interface', 'destination-index': 3, 'study-stage': -1, 'decision-state': 0, 'vitals-state': 0, 'airspace-state': 0, 'data': {'page': 'checklist', 'action': 'opened page', 'inflight': True}}
INFO:root:1721317795.769438,ID:1004,STAGE:1,SEQUENCE:1243,DATA:{'time': 1721317795.766, 'user-id': '1004', 'source': 'HAI Interface', 'destination-index': '5', 'study-stage': '1', 'decision-state': 0, 'vitals-state': 0, 'airspace-state': 0, 'data': {'page': 'map', 'action': 'selected helipad', 'value': '21'}}
INFO:root:1721317808.333662,ID:1004,STAGE:1,SEQUENCE:1243,DATA:{'time': 1721317808.331, 'user-id': '1004', 'source': 'HAI Interface', 'destination-index': '5', 'study-stage': '1', 'decision-state': 0, 'vitals-state': 0, 'airspace-state': 0, 'data': {'page': 'checklist', 'action': 'toggled checkbox', 'inflight': True, 'item': 0, 'value': 'OFF'}}
INFO:root:1721317808.908561,ID:1004,STAGE:1,SEQUENCE:1243,DATA:{'time': 1721317808.905, 'user-id': '1004', 'source': 'HAI Interface', 'destination-index': '5', 'study-stage': '1', 'decision-state': 0, 'vitals-state': 0, 'airspace-state': 0, 'data': {'page': 'checklist', 'action': 'toggled checkbox', 'inflight': True, 'item': 1, 'value': 'OFF'}}
INFO:root:1721317810.021764,ID:1004,STAGE:1,SEQUENCE:1243,DATA:{'time': 1721317810.018, 'user-id': '1004', 'source': 'HAI Interface', 'destination-index': '5', 'study-stage': '1', 'decision-state': 0, 'vitals-state': 0, 'airspace-state': 0, 'data': {'page': 'checklist', 'action': 'toggled checkbox', 'inflight': True, 'item': 2, 'value': 'OFF'}}
INFO:root:1721317810.022687,ID:1004,STAGE:1,SEQUENCE:1243,DATA:{'time': 1721317810.018, 'user-id': '1004', 'source': 'HAI Interface', 'destination-index': '5', 'study-stage': '1', 'decision-state': 0, 'vitals-state': 0, 'airspace-state': 0, 'data': {'page': 'checklist', 'action': 'showing confirm button', 'inflight': True}}
INFO:root:1721317810.508539,ID:1004,STAGE:1,SEQUENCE:1243,DATA:{'time': 1721317810.504, 'user-id': '1004', 'source': 'HAI Interface', 'destination-index': '5', 'study-stage': '1', 'decision-state': 0, 'vitals-state': 0, 'airspace-state': 0, 'data': {'page': 'checklist', 'action': 'confirm button clicked', 'inflight': True}}
INFO:root:1721317810.778526,ID:1004,STAGE:1,SEQUENCE:1243,DATA:{'time': 1721317810.768, 'user-id': 'none', 'source': 'HAI Interface', 'destination-index': 3, 'study-stage': -1, 'decision-state': 0, 'vitals-state': 0, 'airspace-state': 0, 'data': {'page': 'landing-confirmation', 'action': 'opened page'}}
INFO:root:1721317810.784512,ID:1004,STAGE:1,SEQUENCE:1243,DATA:{'time': 1721317810.769, 'user-id': 'none', 'source': 'HAI Interface', 'destination-index': 3, 'study-stage': -1, 'decision-state': 0, 'vitals-state': 0, 'airspace-state': 0, 'data': {'page': 'landing-confirmation', 'action': 'showing helipad confirm', 'value': 1}}
INFO:root:1721317811.741432,ID:1004,STAGE:1,SEQUENCE:1243,DATA:{'time': 1721317811.737, 'user-id': '1004', 'source': 'HAI Interface', 'destination-index': '5', 'study-stage': '1', 'decision-state': 0, 'vitals-state': 0, 'airspace-state': 0, 'data': {'page': 'map', 'action': 'selected helipad', 'value': '21'}}
INFO:root:1721317813.040968,ID:1004,STAGE:1,SEQUENCE:1243,DATA:{'time': 1721317813.038, 'user-id': '1004', 'source': 'HAI Interface', 'destination-index': '5', 'study-stage': '1', 'decision-state': 0, 'vitals-state': 0, 'airspace-state': 0, 'data': {'page': 'landing-confirmation', 'action': 'checkbox toggle', 'item': 0, 'value': 'ON'}}
INFO:root:1721317820.75036,ID:1004,STAGE:1,SEQUENCE:1243,DATA:{'time': 1721317820.746, 'user-id': '1004', 'source': 'HAI Interface', 'destination-index': '5', 'study-stage': '1', 'decision-state': 0, 'vitals-state': 0, 'airspace-state': 0, 'data': {'page': 'landing-confirmation', 'action': 'checkbox toggle', 'item': 1, 'value': 'ON'}}
INFO:root:1721317824.649861,ID:1004,STAGE:1,SEQUENCE:1243,DATA:{'time': 1721317824.645, 'user-id': '1004', 'source': 'HAI Interface', 'destination-index': '5', 'study-stage': '1', 'decision-state': 0, 'vitals-state': 0, 'airspace-state': 0, 'data': {'page': 'landing-confirmation', 'action': 'confirmed safe to land'}}
INFO:root:1721317824.651508,ID:1004,STAGE:1,SEQUENCE:1243,DATA:{'time': 1721317824.645, 'user-id': '1004', 'source': 'HAI Interface', 'destination-index': '5', 'study-stage': '1', 'decision-state': 0, 'vitals-state': 0, 'airspace-state': 0, 'data': {'page': 'landing-confirmation', 'action': 'showing helipad ready'}}
INFO:root:1721317826.884793,ID:1004,STAGE:1,SEQUENCE:1243,DATA:{'time': 1721317826.881, 'user-id': '1004', 'source': 'HAI Interface', 'destination-index': '5', 'study-stage': '1', 'decision-state': '1', 'vitals-state': 0, 'airspace-state': 0, 'data': {'page': 'landing-confirmation', 'action': 'gave landing confirmation'}}
INFO:root:1721317826.985436,ID:1004,STAGE:1,SEQUENCE:1243,DATA:{'time': 1721317826.979, 'user-id': 'none', 'source': 'HAI Interface', 'destination-index': 3, 'study-stage': -1, 'decision-state': 0, 'vitals-state': 0, 'airspace-state': 0, 'data': {'page': 'landing-countdown', 'action': 'opened page'}}
INFO:root:1721317827.957366,ID:1004,STAGE:1,SEQUENCE:1243,DATA:{'time': 1721317827.952, 'user-id': '1004', 'source': 'HAI Interface', 'destination-index': '5', 'study-stage': '1', 'decision-state': '1', 'vitals-state': 0, 'airspace-state': 0, 'data': {'page': 'map', 'action': 'selected helipad', 'value': '21'}}
INFO:root:1721317827.987149,ID:1004,STAGE:1,SEQUENCE:1243,DATA:{'time': 1721317827.983, 'user-id': '1004', 'source': 'HAI Interface', 'destination-index': '5', 'study-stage': '1', 'decision-state': '1', 'vitals-state': 0, 'airspace-state': 0, 'data': {'page': 'landing-countdown', 'action': 'countdown changed', 'value': 5}}
INFO:root:1721317828.986696,ID:1004,STAGE:1,SEQUENCE:1243,DATA:{'time': 1721317828.983, 'user-id': '1004', 'source': 'HAI Interface', 'destination-index': '5', 'study-stage': '1', 'decision-state': '1', 'vitals-state': 0, 'airspace-state': 0, 'data': {'page': 'landing-countdown', 'action': 'countdown changed', 'value': 4}}
INFO:root:1721317829.992057,ID:1004,STAGE:1,SEQUENCE:1243,DATA:{'time': 1721317829.987, 'user-id': '1004', 'source': 'HAI Interface', 'destination-index': '5', 'study-stage': '1', 'decision-state': '1', 'vitals-state': 0, 'airspace-state': 0, 'data': {'page': 'landing-countdown', 'action': 'countdown changed', 'value': 3}}
INFO:root:1721317830.989586,ID:1004,STAGE:1,SEQUENCE:1243,DATA:{'time': 1721317830.986, 'user-id': '1004', 'source': 'HAI Interface', 'destination-index': '5', 'study-stage': '1', 'decision-state': '1', 'vitals-state': 0, 'airspace-state': 0, 'data': {'page': 'landing-countdown', 'action': 'countdown changed', 'value': 2}}
INFO:root:1721317831.984552,ID:1004,STAGE:1,SEQUENCE:1243,DATA:{'time': 1721317831.98, 'user-id': '1004', 'source': 'HAI Interface', 'destination-index': '5', 'study-stage': '1', 'decision-state': '1', 'vitals-state': 0, 'airspace-state': 0, 'data': {'page': 'landing-countdown', 'action': 'countdown changed', 'value': 1}}
INFO:root:1721317832.991392,ID:1004,STAGE:1,SEQUENCE:1243,DATA:{'time': 1721317832.986, 'user-id': '1004', 'source': 'HAI Interface', 'destination-index': '5', 'study-stage': '1', 'decision-state': '1', 'vitals-state': 0, 'airspace-state': 0, 'data': {'page': 'landing-countdown', 'action': 'countdown changed', 'value': 0}}
INFO:root:1721317833.985432,ID:1004,STAGE:1,SEQUENCE:1243,DATA:{'time': 1721317833.982, 'user-id': '1004', 'source': 'HAI Interface', 'destination-index': '5', 'study-stage': '1', 'decision-state': '1', 'vitals-state': 0, 'airspace-state': 0, 'data': {'page': 'landing-countdown', 'action': 'countdown complete'}}
INFO:root:1721317834.081301,ID:1004,STAGE:1,SEQUENCE:1243,DATA:{'time': 1721317834.07, 'user-id': 'none', 'source': 'HAI Interface', 'destination-index': 3, 'study-stage': -1, 'decision-state': 0, 'vitals-state': 0, 'airspace-state': 0, 'data': {'page': 'landed', 'action': 'opened page'}}
INFO:root:1721317835.056438,ID:1004,STAGE:1,SEQUENCE:1243,DATA:{'time': 1721317835.053, 'user-id': '1004', 'source': 'HAI Interface', 'destination-index': '5', 'study-stage': '1', 'decision-state': '1', 'vitals-state': 0, 'airspace-state': 0, 'data': {'page': 'map', 'action': 'selected helipad', 'value': '21'}}
INFO:root:voice activity detected
INFO:root:recording started
INFO:root:voice deactivity detected
INFO:root:recording stopped
