INFO:root:1721925673.463362,ID:1009,STAGE:3,SEQUENCE:1423,DATA:{'time': 1721925673.459, 'user-id': '1009', 'source': 'HAI Interface', 'destination-index': 'None', 'study-stage': '3', 'decision-state': 0, 'vitals-state': 0, 'airspace-state': 0, 'data': {'page': 'index', 'action': 'confirm button pressed'}}
INFO:root:1721925673.582163,ID:1009,STAGE:3,SEQUENCE:1423,DATA:{'time': 1721925673.572, 'user-id': 'none', 'source': 'HAI Interface', 'destination-index': 3, 'study-stage': -1, 'decision-state': 0, 'vitals-state': 0, 'airspace-state': 0, 'data': {'page': 'location', 'action': 'opened page'}}
INFO:root:Takeoff radiocomms initiated
INFO:comtypes.client._code_cache:Imported existing <module 'comtypes.gen' from 'C:\\Users\\ae-dagbeyibor3\\AppData\\Local\\Programs\\Python\\Python312\\Lib\\site-packages\\comtypes\\gen\\__init__.py'>
INFO:comtypes.client._code_cache:Using writeable comtypes cache directory: 'C:\Users\ae-dagbeyibor3\AppData\Local\Programs\Python\Python312\Lib\site-packages\comtypes\gen'
INFO:root:1721925674.551855,ID:1009,STAGE:3,SEQUENCE:1423,DATA:{'time': 1721925674.54, 'user-id': '1009', 'source': 'HAI Interface', 'destination-index': 'None', 'study-stage': '3', 'decision-state': 0, 'vitals-state': 0, 'airspace-state': 0, 'data': {'page': 'map', 'action': 'selected helipad', 'value': '21'}}
INFO:root:1721925677.318658,ID:1009,STAGE:3,SEQUENCE:1423,DATA:{'time': 1721925677.315, 'user-id': '1009', 'source': 'HAI Interface', 'destination-index': 'None', 'study-stage': '3', 'decision-state': 0, 'vitals-state': 0, 'airspace-state': 0, 'data': {'page': 'location', 'action': 'confirm button pressed'}}
INFO:root:1721925677.535177,ID:1009,STAGE:3,SEQUENCE:1423,DATA:{'time': 1721925677.531, 'user-id': 'none', 'source': 'HAI Interface', 'destination-index': 3, 'study-stage': -1, 'decision-state': 0, 'vitals-state': 0, 'airspace-state': 0, 'data': {'page': 'checklist', 'action': 'opened page', 'inflight': False}}
INFO:root:1721925678.520004,ID:1009,STAGE:3,SEQUENCE:1423,DATA:{'time': 1721925678.514, 'user-id': '1009', 'source': 'HAI Interface', 'destination-index': '3', 'study-stage': '3', 'decision-state': 0, 'vitals-state': 0, 'airspace-state': 0, 'data': {'page': 'map', 'action': 'selected helipad', 'value': '21'}}
INFO:root:1721925681.574936,ID:1009,STAGE:3,SEQUENCE:1423,DATA:{'time': 1721925681.573, 'user-id': '1009', 'source': 'HAI Interface', 'destination-index': '3', 'study-stage': '3', 'decision-state': 0, 'vitals-state': 0, 'airspace-state': 0, 'data': {'page': 'checklist', 'action': 'toggled checkbox', 'inflight': False, 'item': 0, 'value': 'OFF'}}
INFO:root:1721925681.923938,ID:1009,STAGE:3,SEQUENCE:1423,DATA:{'time': 1721925681.921, 'user-id': '1009', 'source': 'HAI Interface', 'destination-index': '3', 'study-stage': '3', 'decision-state': 0, 'vitals-state': 0, 'airspace-state': 0, 'data': {'page': 'checklist', 'action': 'toggled checkbox', 'inflight': False, 'item': 1, 'value': 'OFF'}}
INFO:root:1721925682.469973,ID:1009,STAGE:3,SEQUENCE:1423,DATA:{'time': 1721925682.467, 'user-id': '1009', 'source': 'HAI Interface', 'destination-index': '3', 'study-stage': '3', 'decision-state': 0, 'vitals-state': 0, 'airspace-state': 0, 'data': {'page': 'checklist', 'action': 'toggled checkbox', 'inflight': False, 'item': 2, 'value': 'OFF'}}
INFO:root:1721925682.470977,ID:1009,STAGE:3,SEQUENCE:1423,DATA:{'time': 1721925682.468, 'user-id': '1009', 'source': 'HAI Interface', 'destination-index': '3', 'study-stage': '3', 'decision-state': 0, 'vitals-state': 0, 'airspace-state': 0, 'data': {'page': 'checklist', 'action': 'showing confirm button', 'inflight': False}}
INFO:root:1721925682.795077,ID:1009,STAGE:3,SEQUENCE:1423,DATA:{'time': 1721925682.791, 'user-id': '1009', 'source': 'HAI Interface', 'destination-index': '3', 'study-stage': '3', 'decision-state': 0, 'vitals-state': 0, 'airspace-state': 0, 'data': {'page': 'checklist', 'action': 'confirm button clicked', 'inflight': False}}
INFO:root:1721925682.918077,ID:1009,STAGE:3,SEQUENCE:1423,DATA:{'time': 1721925682.896, 'user-id': 'none', 'source': 'HAI Interface', 'destination-index': 3, 'study-stage': -1, 'decision-state': 0, 'vitals-state': 0, 'airspace-state': 0, 'data': {'page': 'countdown', 'action': 'opened page'}}
INFO:root:1721925683.86501,ID:1009,STAGE:3,SEQUENCE:1423,DATA:{'time': 1721925683.862, 'user-id': '1009', 'source': 'HAI Interface', 'destination-index': '3', 'study-stage': '3', 'decision-state': 0, 'vitals-state': 0, 'airspace-state': 0, 'data': {'page': 'map', 'action': 'selected helipad', 'value': '21'}}
INFO:root:1721925683.900401,ID:1009,STAGE:3,SEQUENCE:1423,DATA:{'time': 1721925683.898, 'user-id': '1009', 'source': 'HAI Interface', 'destination-index': '3', 'study-stage': '3', 'decision-state': 0, 'vitals-state': 0, 'airspace-state': 0, 'data': {'page': 'countdown', 'action': 'countdown now 4'}}
INFO:root:1721925684.899855,ID:1009,STAGE:3,SEQUENCE:1423,DATA:{'time': 1721925684.897, 'user-id': '1009', 'source': 'HAI Interface', 'destination-index': '3', 'study-stage': '3', 'decision-state': 0, 'vitals-state': 0, 'airspace-state': 0, 'data': {'page': 'countdown', 'action': 'countdown now 3'}}
INFO:root:1721925685.899784,ID:1009,STAGE:3,SEQUENCE:1423,DATA:{'time': 1721925685.897, 'user-id': '1009', 'source': 'HAI Interface', 'destination-index': '3', 'study-stage': '3', 'decision-state': 0, 'vitals-state': 0, 'airspace-state': 0, 'data': {'page': 'countdown', 'action': 'countdown now 2'}}
INFO:root:1721925686.902335,ID:1009,STAGE:3,SEQUENCE:1423,DATA:{'time': 1721925686.897, 'user-id': '1009', 'source': 'HAI Interface', 'destination-index': '3', 'study-stage': '3', 'decision-state': 0, 'vitals-state': 0, 'airspace-state': 0, 'data': {'page': 'countdown', 'action': 'countdown now 1'}}
INFO:root:1721925687.900517,ID:1009,STAGE:3,SEQUENCE:1423,DATA:{'time': 1721925687.898, 'user-id': '1009', 'source': 'HAI Interface', 'destination-index': '3', 'study-stage': '3', 'decision-state': 0, 'vitals-state': 0, 'airspace-state': 0, 'data': {'page': 'countdown', 'action': 'countdown now 0'}}
INFO:root:1721925688.900097,ID:1009,STAGE:3,SEQUENCE:1423,DATA:{'time': 1721925688.897, 'user-id': '1009', 'source': 'HAI Interface', 'destination-index': '3', 'study-stage': '3', 'decision-state': 0, 'vitals-state': 0, 'airspace-state': 0, 'data': {'page': 'countdown', 'action': 'countdown complete'}}
INFO:root:1721925690.277398,ID:1009,STAGE:3,SEQUENCE:1423,DATA:{'time': 1721925690.272, 'user-id': '1009', 'source': 'HAI Interface', 'destination-index': '3', 'study-stage': '3', 'decision-state': 0, 'vitals-state': 0, 'airspace-state': 0, 'data': {'page': 'map', 'action': 'selected helipad', 'value': '21'}}
INFO:root:Takeoff radiocomms clear request sent
INFO:root:1721925694.473611,ID:1009,STAGE:3,SEQUENCE:1423,DATA:{'time': 1721925694.469, 'user-id': '1009', 'source': 'HAI Interface', 'destination-index': '3', 'study-stage': '3', 'decision-state': 0, 'vitals-state': 0, 'airspace-state': 0, 'data': {'page': 'emergency', 'action': 'trying to change destination to100'}}
INFO:root:1721925698.072711,ID:1009,STAGE:3,SEQUENCE:1423,DATA:{'time': 1721925698.068, 'user-id': '1009', 'source': 'HAI Interface', 'destination-index': '3', 'study-stage': '3', 'decision-state': 0, 'vitals-state': 0, 'airspace-state': 0, 'data': {'action': 'radio panel opened'}}
INFO:root:1721925699.463316,ID:1009,STAGE:3,SEQUENCE:1423,DATA:{'time': 1721925699.457, 'user-id': '1009', 'source': 'HAI Interface', 'destination-index': '3', 'study-stage': '3', 'decision-state': 0, 'vitals-state': 0, 'airspace-state': 0, 'data': {'page': 'emergency', 'action': 'trying to change destination to19'}}
INFO:root:Inflight Radio Update asked
INFO:root:sent request to set radio update complete
INFO:root:1721925702.929155,ID:1009,STAGE:3,SEQUENCE:1423,DATA:{'time': 1721925702.925, 'user-id': '1009', 'source': 'HAI Interface', 'destination-index': '3', 'study-stage': '3', 'decision-state': 0, 'vitals-state': 0, 'airspace-state': 0, 'data': {'action': 'transmit button pressed'}}
INFO:root:1721925702.930748,ID:1009,STAGE:3,SEQUENCE:1423,DATA:{'time': 1721925702.925, 'user-id': '1009', 'source': 'HAI Interface', 'destination-index': '3', 'study-stage': '3', 'decision-state': 0, 'vitals-state': 0, 'airspace-state': 0, 'data': {'action': 'callsign set to: + NASXGS'}}
INFO:root:1721925704.447432,ID:1009,STAGE:3,SEQUENCE:1423,DATA:{'time': 1721925704.44, 'user-id': '1009', 'source': 'HAI Interface', 'destination-index': '3', 'study-stage': '3', 'decision-state': 0, 'vitals-state': 0, 'airspace-state': 0, 'data': {'page': 'emergency', 'action': 'trying to change destination to19'}}
INFO:root:1721925709.445019,ID:1009,STAGE:3,SEQUENCE:1423,DATA:{'time': 1721925709.439, 'user-id': '1009', 'source': 'HAI Interface', 'destination-index': '3', 'study-stage': '3', 'decision-state': 0, 'vitals-state': 0, 'airspace-state': 0, 'data': {'page': 'emergency', 'action': 'trying to change destination to19'}}
INFO:root:1721925714.471212,ID:1009,STAGE:3,SEQUENCE:1423,DATA:{'time': 1721925714.465, 'user-id': '1009', 'source': 'HAI Interface', 'destination-index': '3', 'study-stage': '3', 'decision-state': 0, 'vitals-state': 0, 'airspace-state': 0, 'data': {'page': 'emergency', 'action': 'trying to change destination to19'}}
INFO:root:1721925717.633079,ID:1009,STAGE:3,SEQUENCE:1423,DATA:{'time': 1721925717.63, 'user-id': '1009', 'source': 'HAI Interface', 'destination-index': '3', 'study-stage': '3', 'decision-state': 0, 'vitals-state': 0, 'airspace-state': 0, 'data': {'page': 'map', 'action': 'show map'}}
INFO:root:1721925717.635274,ID:1009,STAGE:3,SEQUENCE:1423,DATA:{'time': 1721925717.63, 'user-id': '1009', 'source': 'HAI Interface', 'destination-index': '3', 'study-stage': '3', 'decision-state': 0, 'vitals-state': 0, 'airspace-state': 0, 'data': {'page': 'map', 'action': 'selected helipad', 'value': '21'}}
INFO:root:1721925719.498935,ID:1009,STAGE:3,SEQUENCE:1423,DATA:{'time': 1721925719.49, 'user-id': '1009', 'source': 'HAI Interface', 'destination-index': '3', 'study-stage': '3', 'decision-state': 0, 'vitals-state': 0, 'airspace-state': 0, 'data': {'page': 'emergency', 'action': 'trying to change destination to19'}}
INFO:root:1721925724.434117,ID:1009,STAGE:3,SEQUENCE:1423,DATA:{'time': 1721925724.426, 'user-id': '1009', 'source': 'HAI Interface', 'destination-index': '3', 'study-stage': '3', 'decision-state': 0, 'vitals-state': 0, 'airspace-state': 0, 'data': {'page': 'emergency', 'action': 'trying to change destination to19'}}
INFO:root:1721925729.436915,ID:1009,STAGE:3,SEQUENCE:1423,DATA:{'time': 1721925729.431, 'user-id': '1009', 'source': 'HAI Interface', 'destination-index': '3', 'study-stage': '3', 'decision-state': 0, 'vitals-state': 0, 'airspace-state': 0, 'data': {'page': 'emergency', 'action': 'trying to change destination to19'}}
INFO:root:1721925732.347941,ID:1009,STAGE:3,SEQUENCE:1423,DATA:{'time': 1721925732.344, 'user-id': '1009', 'source': 'HAI Interface', 'destination-index': '3', 'study-stage': '3', 'decision-state': 0, 'vitals-state': 0, 'airspace-state': 0, 'data': {'action': 'radio panel closed'}}
INFO:root:1721925734.517643,ID:1009,STAGE:3,SEQUENCE:1423,DATA:{'time': 1721925734.509, 'user-id': '1009', 'source': 'HAI Interface', 'destination-index': '3', 'study-stage': '3', 'decision-state': 0, 'vitals-state': 0, 'airspace-state': 0, 'data': {'page': 'emergency', 'action': 'trying to change destination to19'}}
INFO:root:1721925739.423993,ID:1009,STAGE:3,SEQUENCE:1423,DATA:{'time': 1721925739.418, 'user-id': '1009', 'source': 'HAI Interface', 'destination-index': '3', 'study-stage': '3', 'decision-state': 0, 'vitals-state': 0, 'airspace-state': 0, 'data': {'page': 'emergency', 'action': 'trying to change destination to19'}}
INFO:root:1721925744.505123,ID:1009,STAGE:3,SEQUENCE:1423,DATA:{'time': 1721925744.5, 'user-id': '1009', 'source': 'HAI Interface', 'destination-index': '3', 'study-stage': '3', 'decision-state': 0, 'vitals-state': 0, 'airspace-state': 0, 'data': {'page': 'emergency', 'action': 'trying to change destination to19'}}
INFO:root:1721925745.884224,ID:1009,STAGE:3,SEQUENCE:1423,DATA:{'time': 1721925745.88, 'user-id': '1009', 'source': 'HAI Interface', 'destination-index': '3', 'study-stage': '3', 'decision-state': 0, 'vitals-state': 0, 'airspace-state': 0, 'data': {'page': 'inflight', 'action': 'displaying vitals prompt'}}
INFO:root:1721925749.478313,ID:1009,STAGE:3,SEQUENCE:1423,DATA:{'time': 1721925749.472, 'user-id': '1009', 'source': 'HAI Interface', 'destination-index': '3', 'study-stage': '3', 'decision-state': 0, 'vitals-state': 0, 'airspace-state': 0, 'data': {'page': 'emergency', 'action': 'trying to change destination to19'}}
INFO:root:1721925750.242373,ID:1009,STAGE:3,SEQUENCE:1423,DATA:{'time': 1721925750.238, 'source': 'VitalsTask', 'timer': 114.094, 'data': {'sensor': 'Heart Rate', 'action': 'capture', 'data': 'action button pressed'}}
INFO:root:1721925750.242949,ID:1009,STAGE:3,SEQUENCE:1423,DATA:{'time': 1721925750.239, 'source': 'VitalsTask', 'timer': 114.095, 'data': {'sensor': 'Heart Rate', 'action': 'capture', 'data': 'starting sensor action'}}
INFO:root:1721925751.259602,ID:1009,STAGE:3,SEQUENCE:1423,DATA:{'time': 1721925751.252, 'source': 'VitalsTask', 'timer': 115.108, 'data': {'sensor': 'Heart Rate', 'action': 'capture', 'data': 'sensor action complete'}}
INFO:root:1721925751.261596,ID:1009,STAGE:3,SEQUENCE:1423,DATA:{'time': 1721925751.253, 'source': 'VitalsTask', 'timer': 115.109, 'data': {'sensor': 'Heart Rate', 'action': 'keypad open'}}
INFO:root:1721925753.322377,ID:1009,STAGE:3,SEQUENCE:1423,DATA:{'time': 1721925753.319, 'source': 'VitalsTask', 'timer': 117.175, 'data': {'sensor': 'Heart Rate', 'action': 'keypad press', 'key': 5, 'value': 5}}
INFO:root:1721925753.632439,ID:1009,STAGE:3,SEQUENCE:1423,DATA:{'time': 1721925753.63, 'source': 'VitalsTask', 'timer': 117.486, 'data': {'sensor': 'Heart Rate', 'action': 'keypad press', 'key': 5, 'value': 55}}
INFO:root:1721925754.447979,ID:1009,STAGE:3,SEQUENCE:1423,DATA:{'time': 1721925754.44, 'user-id': '1009', 'source': 'HAI Interface', 'destination-index': '3', 'study-stage': '3', 'decision-state': 0, 'vitals-state': 0, 'airspace-state': 0, 'data': {'page': 'emergency', 'action': 'trying to change destination to19'}}
INFO:root:1721925755.631249,ID:1009,STAGE:3,SEQUENCE:1423,DATA:{'time': 1721925755.622, 'source': 'VitalsTask', 'timer': 119.478, 'data': {'sensor': 'Heart Rate', 'action': 'show action buttons'}}
INFO:root:1721925755.634117,ID:1009,STAGE:3,SEQUENCE:1423,DATA:{'time': 1721925755.622, 'source': 'VitalsTask', 'timer': 119.478, 'data': {'sensor': 'Heart Rate', 'action': 'keypad press', 'key': 10, 'value': 55}}
INFO:root:1721925757.493151,ID:1009,STAGE:3,SEQUENCE:1423,DATA:{'time': 1721925757.491, 'source': 'VitalsTask', 'timer': 121.347, 'data': {'sensor': 'Heart Rate', 'action': 'log', 'data': 'action button pressed'}}
INFO:root:1721925757.494821,ID:1009,STAGE:3,SEQUENCE:1423,DATA:{'time': 1721925757.491, 'source': 'VitalsTask', 'timer': 121.347, 'data': {'sensor': 'Heart Rate', 'action': 'log', 'data': 'starting sensor action'}}
INFO:root:1721925758.505362,ID:1009,STAGE:3,SEQUENCE:1423,DATA:{'time': 1721925758.504, 'source': 'VitalsTask', 'timer': 122.36, 'data': {'sensor': 'Heart Rate', 'action': 'log', 'data': 'sensor action complete'}}
INFO:root:1721925759.191892,ID:1009,STAGE:3,SEQUENCE:1423,DATA:{'time': 1721925759.188, 'source': 'VitalsTask', 'timer': 123.044, 'data': {'sensor': 'Heart Rate', 'action': 'save', 'data': 'action button pressed'}}
INFO:root:1721925759.19512,ID:1009,STAGE:3,SEQUENCE:1423,DATA:{'time': 1721925759.188, 'source': 'VitalsTask', 'timer': 123.044, 'data': {'sensor': 'Heart Rate', 'action': 'save', 'data': 'starting sensor action'}}
INFO:root:1721925759.527979,ID:1009,STAGE:3,SEQUENCE:1423,DATA:{'time': 1721925759.522, 'user-id': '1009', 'source': 'HAI Interface', 'destination-index': '3', 'study-stage': '3', 'decision-state': 0, 'vitals-state': 0, 'airspace-state': 0, 'data': {'page': 'emergency', 'action': 'trying to change destination to19'}}
INFO:root:1721925760.205987,ID:1009,STAGE:3,SEQUENCE:1423,DATA:{'time': 1721925760.202, 'source': 'VitalsTask', 'timer': 124.058, 'data': {'sensor': 'Heart Rate', 'action': 'save', 'data': 'sensor action complete'}}
INFO:root:1721925761.341922,ID:1009,STAGE:3,SEQUENCE:1423,DATA:{'time': 1721925761.34, 'source': 'VitalsTask', 'timer': 125.196, 'data': {'sensor': 'O\u2082 Saturation', 'action': 'opened sensor tab'}}
INFO:root:1721925762.955813,ID:1009,STAGE:3,SEQUENCE:1423,DATA:{'time': 1721925762.952, 'source': 'VitalsTask', 'timer': 126.808, 'data': {'sensor': 'O\u2082 Saturation', 'action': 'capture', 'data': 'action button pressed'}}
INFO:root:1721925762.957807,ID:1009,STAGE:3,SEQUENCE:1423,DATA:{'time': 1721925762.953, 'source': 'VitalsTask', 'timer': 126.809, 'data': {'sensor': 'O\u2082 Saturation', 'action': 'capture', 'data': 'starting sensor action'}}
INFO:root:1721925763.965186,ID:1009,STAGE:3,SEQUENCE:1423,DATA:{'time': 1721925763.963, 'source': 'VitalsTask', 'timer': 127.819, 'data': {'sensor': 'O\u2082 Saturation', 'action': 'capture', 'data': 'sensor action complete'}}
INFO:root:1721925763.967181,ID:1009,STAGE:3,SEQUENCE:1423,DATA:{'time': 1721925763.964, 'source': 'VitalsTask', 'timer': 127.82, 'data': {'sensor': 'O\u2082 Saturation', 'action': 'keypad open'}}
INFO:root:1721925764.461239,ID:1009,STAGE:3,SEQUENCE:1423,DATA:{'time': 1721925764.457, 'user-id': '1009', 'source': 'HAI Interface', 'destination-index': '3', 'study-stage': '3', 'decision-state': 0, 'vitals-state': 0, 'airspace-state': 0, 'data': {'page': 'emergency', 'action': 'trying to change destination to19'}}
INFO:root:1721925765.309156,ID:1009,STAGE:3,SEQUENCE:1423,DATA:{'time': 1721925765.307, 'source': 'VitalsTask', 'timer': 129.163, 'data': {'sensor': 'O\u2082 Saturation', 'action': 'keypad press', 'key': 1, 'value': 1}}
INFO:root:1721925766.873013,ID:1009,STAGE:3,SEQUENCE:1423,DATA:{'time': 1721925766.871, 'source': 'VitalsTask', 'timer': 130.727, 'data': {'sensor': 'O\u2082 Saturation', 'action': 'keypad press', 'key': 11, 'value': 10}}
INFO:root:1721925767.243242,ID:1009,STAGE:3,SEQUENCE:1423,DATA:{'time': 1721925767.241, 'source': 'VitalsTask', 'timer': 131.097, 'data': {'sensor': 'O\u2082 Saturation', 'action': 'keypad press', 'key': 11, 'value': 100}}
INFO:root:1721925769.421028,ID:1009,STAGE:3,SEQUENCE:1423,DATA:{'time': 1721925769.414, 'source': 'VitalsTask', 'timer': 133.27, 'data': {'sensor': 'O\u2082 Saturation', 'action': 'show action buttons'}}
INFO:root:1721925769.426014,ID:1009,STAGE:3,SEQUENCE:1423,DATA:{'time': 1721925769.414, 'source': 'VitalsTask', 'timer': 133.27, 'data': {'sensor': 'O\u2082 Saturation', 'action': 'keypad press', 'key': 10, 'value': 100}}
INFO:root:1721925769.512001,ID:1009,STAGE:3,SEQUENCE:1423,DATA:{'time': 1721925769.508, 'user-id': '1009', 'source': 'HAI Interface', 'destination-index': '3', 'study-stage': '3', 'decision-state': 0, 'vitals-state': 0, 'airspace-state': 0, 'data': {'page': 'emergency', 'action': 'trying to change destination to19'}}
INFO:root:1721925771.421291,ID:1009,STAGE:3,SEQUENCE:1423,DATA:{'time': 1721925771.419, 'source': 'VitalsTask', 'timer': 135.275, 'data': {'sensor': 'O\u2082 Saturation', 'action': 'log', 'data': 'action button pressed'}}
INFO:root:1721925771.423844,ID:1009,STAGE:3,SEQUENCE:1423,DATA:{'time': 1721925771.419, 'source': 'VitalsTask', 'timer': 135.275, 'data': {'sensor': 'O\u2082 Saturation', 'action': 'log', 'data': 'starting sensor action'}}
INFO:root:1721925772.438283,ID:1009,STAGE:3,SEQUENCE:1423,DATA:{'time': 1721925772.435, 'source': 'VitalsTask', 'timer': 136.291, 'data': {'sensor': 'O\u2082 Saturation', 'action': 'log', 'data': 'sensor action complete'}}
INFO:root:1721925773.354063,ID:1009,STAGE:3,SEQUENCE:1423,DATA:{'time': 1721925773.351, 'source': 'VitalsTask', 'timer': 137.207, 'data': {'sensor': 'O\u2082 Saturation', 'action': 'save', 'data': 'action button pressed'}}
INFO:root:1721925773.354975,ID:1009,STAGE:3,SEQUENCE:1423,DATA:{'time': 1721925773.351, 'source': 'VitalsTask', 'timer': 137.207, 'data': {'sensor': 'O\u2082 Saturation', 'action': 'save', 'data': 'starting sensor action'}}
INFO:root:1721925774.366155,ID:1009,STAGE:3,SEQUENCE:1423,DATA:{'time': 1721925774.363, 'source': 'VitalsTask', 'timer': 138.219, 'data': {'sensor': 'O\u2082 Saturation', 'action': 'save', 'data': 'sensor action complete'}}
INFO:root:1721925774.502903,ID:1009,STAGE:3,SEQUENCE:1423,DATA:{'time': 1721925774.498, 'user-id': '1009', 'source': 'HAI Interface', 'destination-index': '3', 'study-stage': '3', 'decision-state': 0, 'vitals-state': 0, 'airspace-state': 0, 'data': {'page': 'emergency', 'action': 'trying to change destination to19'}}
INFO:root:1721925775.17492,ID:1009,STAGE:3,SEQUENCE:1423,DATA:{'time': 1721925775.171, 'source': 'VitalsTask', 'timer': 139.027, 'data': {'sensor': 'Blood Pressure', 'action': 'opened sensor tab'}}
INFO:root:1721925777.422568,ID:1009,STAGE:3,SEQUENCE:1423,DATA:{'time': 1721925777.417, 'source': 'VitalsTask', 'timer': 141.273, 'data': {'sensor': 'Blood Pressure', 'action': 'capture', 'data': 'action button pressed'}}
INFO:root:1721925777.424564,ID:1009,STAGE:3,SEQUENCE:1423,DATA:{'time': 1721925777.418, 'source': 'VitalsTask', 'timer': 141.274, 'data': {'sensor': 'Blood Pressure', 'action': 'capture', 'data': 'starting sensor action'}}
INFO:root:1721925778.43593,ID:1009,STAGE:3,SEQUENCE:1423,DATA:{'time': 1721925778.432, 'source': 'VitalsTask', 'timer': 142.288, 'data': {'sensor': 'Blood Pressure', 'action': 'capture', 'data': 'sensor action complete'}}
INFO:root:1721925778.440916,ID:1009,STAGE:3,SEQUENCE:1423,DATA:{'time': 1721925778.434, 'source': 'VitalsTask', 'timer': 142.29, 'data': {'sensor': 'Blood Pressure', 'action': 'keypad open'}}
INFO:root:1721925779.484985,ID:1009,STAGE:3,SEQUENCE:1423,DATA:{'time': 1721925779.481, 'user-id': '1009', 'source': 'HAI Interface', 'destination-index': '3', 'study-stage': '3', 'decision-state': 0, 'vitals-state': 0, 'airspace-state': 0, 'data': {'page': 'emergency', 'action': 'trying to change destination to19'}}
INFO:root:1721925780.446517,ID:1009,STAGE:3,SEQUENCE:1423,DATA:{'time': 1721925780.445, 'source': 'VitalsTask', 'timer': 144.301, 'data': {'sensor': 'Blood Pressure', 'action': 'keypad press', 'key': 1, 'value': 1}}
INFO:root:1721925781.537842,ID:1009,STAGE:3,SEQUENCE:1423,DATA:{'time': 1721925781.534, 'source': 'VitalsTask', 'timer': 145.39, 'data': {'sensor': 'Blood Pressure', 'action': 'keypad press', 'key': 2, 'value': 12}}
INFO:root:1721925784.455267,ID:1009,STAGE:3,SEQUENCE:1423,DATA:{'time': 1721925784.448, 'user-id': '1009', 'source': 'HAI Interface', 'destination-index': '3', 'study-stage': '3', 'decision-state': 0, 'vitals-state': 0, 'airspace-state': 0, 'data': {'page': 'emergency', 'action': 'trying to change destination to19'}}
INFO:root:1721925784.724221,ID:1009,STAGE:3,SEQUENCE:1423,DATA:{'time': 1721925784.722, 'source': 'VitalsTask', 'timer': 148.578, 'data': {'sensor': 'Blood Pressure', 'action': 'keypad press', 'key': 11, 'value': 120}}
INFO:root:1721925785.221618,ID:1009,STAGE:3,SEQUENCE:1423,DATA:{'time': 1721925785.22, 'source': 'VitalsTask', 'timer': 149.076, 'data': {'sensor': 'Blood Pressure', 'action': 'keypad press', 'key': 11, 'value': 1200}}
INFO:root:1721925787.420958,ID:1009,STAGE:3,SEQUENCE:1423,DATA:{'time': 1721925787.419, 'source': 'VitalsTask', 'timer': 151.275, 'data': {'sensor': 'Blood Pressure', 'action': 'keypad press', 'key': 12, 'value': 120}}
INFO:root:1721925788.584326,ID:1009,STAGE:3,SEQUENCE:1423,DATA:{'time': 1721925788.569, 'source': 'VitalsTask', 'timer': 152.425, 'data': {'sensor': 'Blood Pressure', 'action': 'keypad press', 'key': 8, 'value': 1208}}
INFO:root:1721925789.052072,ID:1009,STAGE:3,SEQUENCE:1423,DATA:{'time': 1721925789.051, 'source': 'VitalsTask', 'timer': 152.907, 'data': {'sensor': 'Blood Pressure', 'action': 'keypad press', 'key': 8, 'value': 12088}}
INFO:root:1721925789.527591,ID:1009,STAGE:3,SEQUENCE:1423,DATA:{'time': 1721925789.523, 'user-id': '1009', 'source': 'HAI Interface', 'destination-index': '3', 'study-stage': '3', 'decision-state': 0, 'vitals-state': 0, 'airspace-state': 0, 'data': {'page': 'emergency', 'action': 'trying to change destination to19'}}
INFO:root:1721925791.035369,ID:1009,STAGE:3,SEQUENCE:1423,DATA:{'time': 1721925791.033, 'source': 'VitalsTask', 'timer': 154.889, 'data': {'sensor': 'Blood Pressure', 'action': 'keypad press', 'key': 12, 'value': 1208}}
INFO:root:1721925792.561784,ID:1009,STAGE:3,SEQUENCE:1423,DATA:{'time': 1721925792.559, 'source': 'VitalsTask', 'timer': 156.415, 'data': {'sensor': 'Blood Pressure', 'action': 'keypad press', 'key': 11, 'value': 12080}}
INFO:root:1721925794.486073,ID:1009,STAGE:3,SEQUENCE:1423,DATA:{'time': 1721925794.477, 'user-id': '1009', 'source': 'HAI Interface', 'destination-index': '3', 'study-stage': '3', 'decision-state': 0, 'vitals-state': 0, 'airspace-state': 0, 'data': {'page': 'emergency', 'action': 'trying to change destination to19'}}
INFO:root:1721925794.611374,ID:1009,STAGE:3,SEQUENCE:1423,DATA:{'time': 1721925794.605, 'source': 'VitalsTask', 'timer': 158.461, 'data': {'sensor': 'Blood Pressure', 'action': 'show action buttons'}}
INFO:root:1721925794.613368,ID:1009,STAGE:3,SEQUENCE:1423,DATA:{'time': 1721925794.606, 'source': 'VitalsTask', 'timer': 158.462, 'data': {'sensor': 'Blood Pressure', 'action': 'keypad press', 'key': 10, 'value': 12080}}
INFO:root:1721925796.773943,ID:1009,STAGE:3,SEQUENCE:1423,DATA:{'time': 1721925796.769, 'source': 'VitalsTask', 'timer': 160.625, 'data': {'sensor': 'Blood Pressure', 'action': 'log', 'data': 'action button pressed'}}
INFO:root:1721925796.77886,ID:1009,STAGE:3,SEQUENCE:1423,DATA:{'time': 1721925796.769, 'source': 'VitalsTask', 'timer': 160.625, 'data': {'sensor': 'Blood Pressure', 'action': 'log', 'data': 'starting sensor action'}}
INFO:root:1721925797.791637,ID:1009,STAGE:3,SEQUENCE:1423,DATA:{'time': 1721925797.79, 'source': 'VitalsTask', 'timer': 161.646, 'data': {'sensor': 'Blood Pressure', 'action': 'log', 'data': 'sensor action complete'}}
INFO:root:1721925798.600259,ID:1009,STAGE:3,SEQUENCE:1423,DATA:{'time': 1721925798.597, 'source': 'VitalsTask', 'timer': 162.453, 'data': {'sensor': 'Blood Pressure', 'action': 'save', 'data': 'action button pressed'}}
INFO:root:1721925798.602256,ID:1009,STAGE:3,SEQUENCE:1423,DATA:{'time': 1721925798.597, 'source': 'VitalsTask', 'timer': 162.453, 'data': {'sensor': 'Blood Pressure', 'action': 'save', 'data': 'starting sensor action'}}
INFO:root:1721925799.505648,ID:1009,STAGE:3,SEQUENCE:1423,DATA:{'time': 1721925799.499, 'user-id': '1009', 'source': 'HAI Interface', 'destination-index': '3', 'study-stage': '3', 'decision-state': 0, 'vitals-state': 0, 'airspace-state': 0, 'data': {'page': 'emergency', 'action': 'trying to change destination to19'}}
INFO:root:1721925799.620388,ID:1009,STAGE:3,SEQUENCE:1423,DATA:{'time': 1721925799.616, 'source': 'VitalsTask', 'timer': 163.472, 'data': {'sensor': 'Blood Pressure', 'action': 'save', 'data': 'sensor action complete'}}
INFO:root:Inflight Radio Update asked
INFO:root:sent request to set radio update complete
INFO:root:1721925802.270793,ID:1009,STAGE:3,SEQUENCE:1423,DATA:{'time': 1721925802.265, 'source': 'VitalsTask', 'timer': 166.121, 'data': {'sensor': 'submit', 'action': 'submit'}}
INFO:root:1721925802.272788,ID:1009,STAGE:3,SEQUENCE:1423,DATA:{'time': 1721925802.265, 'source': 'VitalsTask', 'timer': 166.121, 'data': {'sensor': 'submit', 'action': 'submit', 'data': 'submit succeeded'}}
INFO:root:1721925804.381061,ID:1009,STAGE:3,SEQUENCE:1423,DATA:{'time': 1721925804.377, 'user-id': '1009', 'source': 'HAI Interface', 'destination-index': '3', 'study-stage': '3', 'decision-state': 0, 'vitals-state': 0, 'airspace-state': 0, 'data': {'page': 'inflight', 'action': 'user acknowledged vitals prompt'}}
INFO:root:1721925804.509822,ID:1009,STAGE:3,SEQUENCE:1423,DATA:{'time': 1721925804.503, 'user-id': '1009', 'source': 'HAI Interface', 'destination-index': '3', 'study-stage': '3', 'decision-state': 0, 'vitals-state': 0, 'airspace-state': 0, 'data': {'page': 'emergency', 'action': 'trying to change destination to19'}}
INFO:root:1721925805.616482,ID:1009,STAGE:3,SEQUENCE:1423,DATA:{'time': 1721925805.612, 'user-id': '1009', 'source': 'HAI Interface', 'destination-index': '3', 'study-stage': '3', 'decision-state': 0, 'vitals-state': 0, 'airspace-state': 0, 'data': {'action': 'radio panel opened'}}
INFO:root:1721925807.05953,ID:1009,STAGE:3,SEQUENCE:1423,DATA:{'time': 1721925807.055, 'user-id': '1009', 'source': 'HAI Interface', 'destination-index': '3', 'study-stage': '3', 'decision-state': 0, 'vitals-state': 0, 'airspace-state': 0, 'data': {'action': 'transmit button pressed'}}
INFO:root:1721925807.060529,ID:1009,STAGE:3,SEQUENCE:1423,DATA:{'time': 1721925807.055, 'user-id': '1009', 'source': 'HAI Interface', 'destination-index': '3', 'study-stage': '3', 'decision-state': 0, 'vitals-state': 0, 'airspace-state': 0, 'data': {'action': 'callsign set to: + NASXGS'}}
INFO:root:1721925809.438432,ID:1009,STAGE:3,SEQUENCE:1423,DATA:{'time': 1721925809.428, 'user-id': '1009', 'source': 'HAI Interface', 'destination-index': '3', 'study-stage': '3', 'decision-state': 0, 'vitals-state': 0, 'airspace-state': 0, 'data': {'page': 'emergency', 'action': 'trying to change destination to19'}}
INFO:root:1721925811.055251,ID:1009,STAGE:3,SEQUENCE:1423,DATA:{'time': 1721925811.051, 'user-id': '1009', 'source': 'HAI Interface', 'destination-index': '3', 'study-stage': '3', 'decision-state': 0, 'vitals-state': 0, 'airspace-state': 0, 'data': {'action': 'transmit button pressed'}}
INFO:root:1721925811.056772,ID:1009,STAGE:3,SEQUENCE:1423,DATA:{'time': 1721925811.052, 'user-id': '1009', 'source': 'HAI Interface', 'destination-index': '3', 'study-stage': '3', 'decision-state': 0, 'vitals-state': 0, 'airspace-state': 0, 'data': {'action': 'callsign set to: + NASXGS'}}
INFO:root:1721925814.466421,ID:1009,STAGE:3,SEQUENCE:1423,DATA:{'time': 1721925814.46, 'user-id': '1009', 'source': 'HAI Interface', 'destination-index': '3', 'study-stage': '3', 'decision-state': 0, 'vitals-state': 0, 'airspace-state': 0, 'data': {'page': 'emergency', 'action': 'trying to change destination to19'}}
INFO:root:1721925819.489885,ID:1009,STAGE:3,SEQUENCE:1423,DATA:{'time': 1721925819.485, 'user-id': '1009', 'source': 'HAI Interface', 'destination-index': '3', 'study-stage': '3', 'decision-state': 0, 'vitals-state': 0, 'airspace-state': 0, 'data': {'page': 'emergency', 'action': 'trying to change destination to19'}}
INFO:root:1721925824.537157,ID:1009,STAGE:3,SEQUENCE:1423,DATA:{'time': 1721925824.53, 'user-id': '1009', 'source': 'HAI Interface', 'destination-index': '3', 'study-stage': '3', 'decision-state': 0, 'vitals-state': 0, 'airspace-state': 0, 'data': {'page': 'emergency', 'action': 'trying to change destination to19'}}
INFO:root:1721925829.480369,ID:1009,STAGE:3,SEQUENCE:1423,DATA:{'time': 1721925829.475, 'user-id': '1009', 'source': 'HAI Interface', 'destination-index': '3', 'study-stage': '3', 'decision-state': 0, 'vitals-state': 0, 'airspace-state': 0, 'data': {'page': 'emergency', 'action': 'trying to change destination to19'}}
INFO:root:1721925830.655829,ID:1009,STAGE:3,SEQUENCE:1423,DATA:{'time': 1721925830.649, 'user-id': '1009', 'source': 'HAI Interface', 'destination-index': '3', 'study-stage': '3', 'decision-state': 0, 'vitals-state': 0, 'airspace-state': 0, 'data': {'action': 'transmit button pressed'}}
INFO:root:1721925830.65882,ID:1009,STAGE:3,SEQUENCE:1423,DATA:{'time': 1721925830.65, 'user-id': '1009', 'source': 'HAI Interface', 'destination-index': '3', 'study-stage': '3', 'decision-state': 0, 'vitals-state': 0, 'airspace-state': 0, 'data': {'action': 'callsign set to: + NASXGS'}}
INFO:root:1721925834.503895,ID:1009,STAGE:3,SEQUENCE:1423,DATA:{'time': 1721925834.498, 'user-id': '1009', 'source': 'HAI Interface', 'destination-index': '3', 'study-stage': '3', 'decision-state': 0, 'vitals-state': 0, 'airspace-state': 0, 'data': {'page': 'emergency', 'action': 'trying to change destination to19'}}
INFO:root:1721925837.372738,ID:1009,STAGE:3,SEQUENCE:1423,DATA:{'time': 1721925837.369, 'user-id': '1009', 'source': 'HAI Interface', 'destination-index': '3', 'study-stage': '3', 'decision-state': 0, 'vitals-state': 0, 'airspace-state': 0, 'data': {'action': 'transmit button pressed'}}
INFO:root:1721925837.377238,ID:1009,STAGE:3,SEQUENCE:1423,DATA:{'time': 1721925837.369, 'user-id': '1009', 'source': 'HAI Interface', 'destination-index': '3', 'study-stage': '3', 'decision-state': 0, 'vitals-state': 0, 'airspace-state': 0, 'data': {'action': 'callsign set to: + NASXGS'}}
INFO:root:1721925837.380248,ID:1009,STAGE:3,SEQUENCE:1423,DATA:{'time': 1721925837.369, 'user-id': '1009', 'source': 'HAI Interface', 'destination-index': '3', 'study-stage': '3', 'decision-state': 0, 'vitals-state': 0, 'airspace-state': 0, 'data': {'action': 'radio set to:Comm1'}}
INFO:root:1721925837.384957,ID:1009,STAGE:3,SEQUENCE:1423,DATA:{'time': 1721925837.37, 'user-id': '1009', 'source': 'HAI Interface', 'destination-index': '3', 'study-stage': '3', 'decision-state': 0, 'vitals-state': 0, 'airspace-state': 0, 'data': {'page': 'map', 'action': 'show map'}}
INFO:root:1721925837.385959,ID:1009,STAGE:3,SEQUENCE:1423,DATA:{'time': 1721925837.37, 'user-id': '1009', 'source': 'HAI Interface', 'destination-index': '3', 'study-stage': '3', 'decision-state': 0, 'vitals-state': 0, 'airspace-state': 0, 'data': {'page': 'map', 'action': 'selected helipad', 'value': '21'}}
INFO:root:1721925837.388171,ID:1009,STAGE:3,SEQUENCE:1423,DATA:{'time': 1721925837.378, 'user-id': '1009', 'source': 'HAI Interface', 'destination-index': '3', 'study-stage': '3', 'decision-state': 0, 'vitals-state': 0, 'airspace-state': 0, 'data': {'action': 'NASXGStransmitting updates onComm1123.45 MHz'}}
INFO:root:1721925839.527457,ID:1009,STAGE:3,SEQUENCE:1423,DATA:{'time': 1721925839.52, 'user-id': '1009', 'source': 'HAI Interface', 'destination-index': '3', 'study-stage': '3', 'decision-state': 0, 'vitals-state': 0, 'airspace-state': 0, 'data': {'page': 'emergency', 'action': 'trying to change destination to19'}}
INFO:root:1721925844.55827,ID:1009,STAGE:3,SEQUENCE:1423,DATA:{'time': 1721925844.545, 'user-id': '1009', 'source': 'HAI Interface', 'destination-index': '3', 'study-stage': '3', 'decision-state': 0, 'vitals-state': 0, 'airspace-state': 0, 'data': {'page': 'emergency', 'action': 'trying to change destination to19'}}
INFO:root:1721925845.285277,ID:1009,STAGE:3,SEQUENCE:1423,DATA:{'time': 1721925845.28, 'user-id': '1009', 'source': 'HAI Interface', 'destination-index': '3', 'study-stage': '3', 'decision-state': 0, 'vitals-state': 0, 'airspace-state': 0, 'data': {'page': 'inflight', 'action': 'displaying vitals prompt'}}
INFO:root:1721925849.43378,ID:1009,STAGE:3,SEQUENCE:1423,DATA:{'time': 1721925849.427, 'user-id': '1009', 'source': 'HAI Interface', 'destination-index': '3', 'study-stage': '3', 'decision-state': 0, 'vitals-state': 0, 'airspace-state': 0, 'data': {'page': 'emergency', 'action': 'trying to change destination to19'}}
INFO:root:1721925853.144843,ID:1009,STAGE:3,SEQUENCE:1423,DATA:{'time': 1721925853.141, 'user-id': '1009', 'source': 'HAI Interface', 'destination-index': '3', 'study-stage': '3', 'decision-state': 0, 'vitals-state': 0, 'airspace-state': 0, 'data': {'page': 'map', 'action': 'hide map'}}
INFO:root:1721925854.547943,ID:1009,STAGE:3,SEQUENCE:1423,DATA:{'time': 1721925854.54, 'user-id': '1009', 'source': 'HAI Interface', 'destination-index': '3', 'study-stage': '3', 'decision-state': 0, 'vitals-state': 0, 'airspace-state': 0, 'data': {'page': 'emergency', 'action': 'trying to change destination to19'}}
INFO:root:1721925859.472935,ID:1009,STAGE:3,SEQUENCE:1423,DATA:{'time': 1721925859.466, 'user-id': '1009', 'source': 'HAI Interface', 'destination-index': '3', 'study-stage': '3', 'decision-state': 0, 'vitals-state': 0, 'airspace-state': 0, 'data': {'page': 'emergency', 'action': 'trying to change destination to19'}}
INFO:root:1721925859.632808,ID:1009,STAGE:3,SEQUENCE:1423,DATA:{'time': 1721925859.631, 'source': 'VitalsTask', 'timer': 57.365, 'data': {'sensor': 'Blood Pressure', 'action': 'capture', 'data': 'action button pressed'}}
INFO:root:1721925859.636801,ID:1009,STAGE:3,SEQUENCE:1423,DATA:{'time': 1721925859.631, 'source': 'VitalsTask', 'timer': 57.365, 'data': {'sensor': 'Blood Pressure', 'action': 'capture', 'data': 'starting sensor action'}}
INFO:root:1721925860.647362,ID:1009,STAGE:3,SEQUENCE:1423,DATA:{'time': 1721925860.645, 'source': 'VitalsTask', 'timer': 58.379, 'data': {'sensor': 'Blood Pressure', 'action': 'capture', 'data': 'sensor action complete'}}
INFO:root:1721925860.649357,ID:1009,STAGE:3,SEQUENCE:1423,DATA:{'time': 1721925860.646, 'source': 'VitalsTask', 'timer': 58.38, 'data': {'sensor': 'Blood Pressure', 'action': 'keypad open'}}
INFO:root:1721925862.249061,ID:1009,STAGE:3,SEQUENCE:1423,DATA:{'time': 1721925862.244, 'source': 'VitalsTask', 'timer': 59.978, 'data': {'sensor': 'Blood Pressure', 'action': 'keypad press', 'key': 1, 'value': 1}}
INFO:root:1721925862.676084,ID:1009,STAGE:3,SEQUENCE:1423,DATA:{'time': 1721925862.673, 'source': 'VitalsTask', 'timer': 60.407, 'data': {'sensor': 'Blood Pressure', 'action': 'keypad press', 'key': 1, 'value': 11}}
INFO:root:1721925864.477046,ID:1009,STAGE:3,SEQUENCE:1423,DATA:{'time': 1721925864.471, 'user-id': '1009', 'source': 'HAI Interface', 'destination-index': '3', 'study-stage': '3', 'decision-state': 0, 'vitals-state': 0, 'airspace-state': 0, 'data': {'page': 'emergency', 'action': 'trying to change destination to19'}}
INFO:root:1721925864.738703,ID:1009,STAGE:3,SEQUENCE:1423,DATA:{'time': 1721925864.736, 'source': 'VitalsTask', 'timer': 62.47, 'data': {'sensor': 'Blood Pressure', 'action': 'keypad press', 'key': 12, 'value': 1}}
INFO:root:1721925865.960037,ID:1009,STAGE:3,SEQUENCE:1423,DATA:{'time': 1721925865.959, 'source': 'VitalsTask', 'timer': 63.693, 'data': {'sensor': 'Blood Pressure', 'action': 'keypad press', 'key': 2, 'value': 12}}
INFO:root:1721925867.96001,ID:1009,STAGE:3,SEQUENCE:1423,DATA:{'time': 1721925867.958, 'source': 'VitalsTask', 'timer': 65.692, 'data': {'sensor': 'Blood Pressure', 'action': 'keypad press', 'key': 11, 'value': 120}}
INFO:root:1721925869.440902,ID:1009,STAGE:3,SEQUENCE:1423,DATA:{'time': 1721925869.438, 'source': 'VitalsTask', 'timer': 67.172, 'data': {'sensor': 'Blood Pressure', 'action': 'keypad press', 'key': 8, 'value': 1208}}
INFO:root:1721925869.52186,ID:1009,STAGE:3,SEQUENCE:1423,DATA:{'time': 1721925869.515, 'user-id': '1009', 'source': 'HAI Interface', 'destination-index': '3', 'study-stage': '3', 'decision-state': 0, 'vitals-state': 0, 'airspace-state': 0, 'data': {'page': 'emergency', 'action': 'trying to change destination to19'}}
INFO:root:1721925870.572446,ID:1009,STAGE:3,SEQUENCE:1423,DATA:{'time': 1721925870.571, 'source': 'VitalsTask', 'timer': 68.305, 'data': {'sensor': 'Blood Pressure', 'action': 'keypad press', 'key': 11, 'value': 12080}}
INFO:root:1721925871.752698,ID:1009,STAGE:3,SEQUENCE:1423,DATA:{'time': 1721925871.751, 'source': 'VitalsTask', 'timer': 69.485, 'data': {'sensor': 'Blood Pressure', 'action': 'show action buttons'}}
INFO:root:1721925871.755639,ID:1009,STAGE:3,SEQUENCE:1423,DATA:{'time': 1721925871.751, 'source': 'VitalsTask', 'timer': 69.485, 'data': {'sensor': 'Blood Pressure', 'action': 'keypad press', 'key': 10, 'value': 12080}}
INFO:root:1721925873.606272,ID:1009,STAGE:3,SEQUENCE:1423,DATA:{'time': 1721925873.604, 'source': 'VitalsTask', 'timer': 71.338, 'data': {'sensor': 'Blood Pressure', 'action': 'log', 'data': 'action button pressed'}}
INFO:root:1721925873.608265,ID:1009,STAGE:3,SEQUENCE:1423,DATA:{'time': 1721925873.605, 'source': 'VitalsTask', 'timer': 71.339, 'data': {'sensor': 'Blood Pressure', 'action': 'log', 'data': 'starting sensor action'}}
INFO:root:1721925874.48833,ID:1009,STAGE:3,SEQUENCE:1423,DATA:{'time': 1721925874.482, 'user-id': '1009', 'source': 'HAI Interface', 'destination-index': '3', 'study-stage': '3', 'decision-state': 0, 'vitals-state': 0, 'airspace-state': 0, 'data': {'page': 'emergency', 'action': 'trying to change destination to19'}}
INFO:root:1721925874.626679,ID:1009,STAGE:3,SEQUENCE:1423,DATA:{'time': 1721925874.624, 'source': 'VitalsTask', 'timer': 72.358, 'data': {'sensor': 'Blood Pressure', 'action': 'log', 'data': 'sensor action complete'}}
INFO:root:1721925874.922623,ID:1009,STAGE:3,SEQUENCE:1423,DATA:{'time': 1721925874.92, 'source': 'VitalsTask', 'timer': 72.654, 'data': {'sensor': 'Blood Pressure', 'action': 'save', 'data': 'action button pressed'}}
INFO:root:1721925874.926059,ID:1009,STAGE:3,SEQUENCE:1423,DATA:{'time': 1721925874.92, 'source': 'VitalsTask', 'timer': 72.654, 'data': {'sensor': 'Blood Pressure', 'action': 'save', 'data': 'starting sensor action'}}
INFO:root:1721925875.940178,ID:1009,STAGE:3,SEQUENCE:1423,DATA:{'time': 1721925875.935, 'source': 'VitalsTask', 'timer': 73.669, 'data': {'sensor': 'Blood Pressure', 'action': 'save', 'data': 'sensor action complete'}}
INFO:root:1721925877.816889,ID:1009,STAGE:3,SEQUENCE:1423,DATA:{'time': 1721925877.815, 'source': 'VitalsTask', 'timer': 75.549, 'data': {'sensor': 'O\u2082 Saturation', 'action': 'opened sensor tab'}}
INFO:root:1721925879.138207,ID:1009,STAGE:3,SEQUENCE:1423,DATA:{'time': 1721925879.137, 'source': 'VitalsTask', 'timer': 76.871, 'data': {'sensor': 'O\u2082 Saturation', 'action': 'capture', 'data': 'action button pressed'}}
INFO:root:1721925879.140673,ID:1009,STAGE:3,SEQUENCE:1423,DATA:{'time': 1721925879.137, 'source': 'VitalsTask', 'timer': 76.871, 'data': {'sensor': 'O\u2082 Saturation', 'action': 'capture', 'data': 'starting sensor action'}}
INFO:root:1721925879.511199,ID:1009,STAGE:3,SEQUENCE:1423,DATA:{'time': 1721925879.505, 'user-id': '1009', 'source': 'HAI Interface', 'destination-index': '3', 'study-stage': '3', 'decision-state': 0, 'vitals-state': 0, 'airspace-state': 0, 'data': {'page': 'emergency', 'action': 'trying to change destination to19'}}
INFO:root:1721925880.158419,ID:1009,STAGE:3,SEQUENCE:1423,DATA:{'time': 1721925880.152, 'source': 'VitalsTask', 'timer': 77.886, 'data': {'sensor': 'O\u2082 Saturation', 'action': 'capture', 'data': 'sensor action complete'}}
INFO:root:1721925880.166595,ID:1009,STAGE:3,SEQUENCE:1423,DATA:{'time': 1721925880.152, 'source': 'VitalsTask', 'timer': 77.886, 'data': {'sensor': 'O\u2082 Saturation', 'action': 'keypad open'}}
INFO:root:1721925881.369707,ID:1009,STAGE:3,SEQUENCE:1423,DATA:{'time': 1721925881.368, 'source': 'VitalsTask', 'timer': 79.102, 'data': {'sensor': 'O\u2082 Saturation', 'action': 'keypad press', 'key': 1, 'value': 1}}
INFO:root:1721925883.073168,ID:1009,STAGE:3,SEQUENCE:1423,DATA:{'time': 1721925883.07, 'source': 'VitalsTask', 'timer': 80.804, 'data': {'sensor': 'O\u2082 Saturation', 'action': 'keypad press', 'key': 11, 'value': 10}}
INFO:root:1721925883.427676,ID:1009,STAGE:3,SEQUENCE:1423,DATA:{'time': 1721925883.425, 'source': 'VitalsTask', 'timer': 81.159, 'data': {'sensor': 'O\u2082 Saturation', 'action': 'keypad press', 'key': 11, 'value': 100}}
INFO:root:1721925884.496112,ID:1009,STAGE:3,SEQUENCE:1423,DATA:{'time': 1721925884.491, 'user-id': '1009', 'source': 'HAI Interface', 'destination-index': '3', 'study-stage': '3', 'decision-state': 0, 'vitals-state': 0, 'airspace-state': 0, 'data': {'page': 'emergency', 'action': 'trying to change destination to19'}}
INFO:root:1721925886.40592,ID:1009,STAGE:3,SEQUENCE:1423,DATA:{'time': 1721925886.404, 'source': 'VitalsTask', 'timer': 84.138, 'data': {'sensor': 'O\u2082 Saturation', 'action': 'show action buttons'}}
INFO:root:1721925886.407915,ID:1009,STAGE:3,SEQUENCE:1423,DATA:{'time': 1721925886.404, 'source': 'VitalsTask', 'timer': 84.139, 'data': {'sensor': 'O\u2082 Saturation', 'action': 'keypad press', 'key': 10, 'value': 100}}
INFO:root:1721925889.473794,ID:1009,STAGE:3,SEQUENCE:1423,DATA:{'time': 1721925889.469, 'user-id': '1009', 'source': 'HAI Interface', 'destination-index': '3', 'study-stage': '3', 'decision-state': 0, 'vitals-state': 0, 'airspace-state': 0, 'data': {'page': 'emergency', 'action': 'trying to change destination to19'}}
INFO:root:1721925891.368875,ID:1009,STAGE:3,SEQUENCE:1423,DATA:{'time': 1721925891.366, 'source': 'VitalsTask', 'timer': 89.1, 'data': {'sensor': 'O\u2082 Saturation', 'action': 'log', 'data': 'action button pressed'}}
INFO:root:1721925891.369869,ID:1009,STAGE:3,SEQUENCE:1423,DATA:{'time': 1721925891.366, 'source': 'VitalsTask', 'timer': 89.1, 'data': {'sensor': 'O\u2082 Saturation', 'action': 'log', 'data': 'starting sensor action'}}
INFO:root:1721925892.378849,ID:1009,STAGE:3,SEQUENCE:1423,DATA:{'time': 1721925892.376, 'source': 'VitalsTask', 'timer': 90.11, 'data': {'sensor': 'O\u2082 Saturation', 'action': 'log', 'data': 'sensor action complete'}}
INFO:root:1721925892.386164,ID:1009,STAGE:3,SEQUENCE:1423,DATA:{'time': 1721925892.383, 'source': 'VitalsTask', 'timer': 90.117, 'data': {'sensor': 'O\u2082 Saturation', 'action': 'save', 'data': 'action button pressed'}}
INFO:root:1721925892.389751,ID:1009,STAGE:3,SEQUENCE:1423,DATA:{'time': 1721925892.384, 'source': 'VitalsTask', 'timer': 90.118, 'data': {'sensor': 'O\u2082 Saturation', 'action': 'save', 'data': 'starting sensor action'}}
INFO:root:1721925893.395807,ID:1009,STAGE:3,SEQUENCE:1423,DATA:{'time': 1721925893.393, 'source': 'VitalsTask', 'timer': 91.127, 'data': {'sensor': 'O\u2082 Saturation', 'action': 'save', 'data': 'sensor action complete'}}
INFO:root:1721925894.142189,ID:1009,STAGE:3,SEQUENCE:1423,DATA:{'time': 1721925894.134, 'source': 'VitalsTask', 'timer': 91.868, 'data': {'sensor': 'Heart Rate', 'action': 'opened sensor tab'}}
INFO:root:1721925894.475608,ID:1009,STAGE:3,SEQUENCE:1423,DATA:{'time': 1721925894.47, 'user-id': '1009', 'source': 'HAI Interface', 'destination-index': '3', 'study-stage': '3', 'decision-state': 0, 'vitals-state': 0, 'airspace-state': 0, 'data': {'page': 'emergency', 'action': 'trying to change destination to19'}}
INFO:root:1721925895.9503,ID:1009,STAGE:3,SEQUENCE:1423,DATA:{'time': 1721925895.938, 'source': 'VitalsTask', 'timer': 93.672, 'data': {'sensor': 'Heart Rate', 'action': 'capture', 'data': 'action button pressed'}}
INFO:root:1721925895.952292,ID:1009,STAGE:3,SEQUENCE:1423,DATA:{'time': 1721925895.939, 'source': 'VitalsTask', 'timer': 93.673, 'data': {'sensor': 'Heart Rate', 'action': 'capture', 'data': 'starting sensor action'}}
INFO:root:1721925896.958529,ID:1009,STAGE:3,SEQUENCE:1423,DATA:{'time': 1721925896.956, 'source': 'VitalsTask', 'timer': 94.69, 'data': {'sensor': 'Heart Rate', 'action': 'capture', 'data': 'sensor action complete'}}
INFO:root:1721925896.960523,ID:1009,STAGE:3,SEQUENCE:1423,DATA:{'time': 1721925896.956, 'source': 'VitalsTask', 'timer': 94.69, 'data': {'sensor': 'Heart Rate', 'action': 'keypad open'}}
INFO:root:1721925898.203675,ID:1009,STAGE:3,SEQUENCE:1423,DATA:{'time': 1721925898.201, 'source': 'VitalsTask', 'timer': 95.935, 'data': {'sensor': 'Heart Rate', 'action': 'keypad press', 'key': 5, 'value': 5}}
INFO:root:1721925898.577182,ID:1009,STAGE:3,SEQUENCE:1423,DATA:{'time': 1721925898.575, 'source': 'VitalsTask', 'timer': 96.309, 'data': {'sensor': 'Heart Rate', 'action': 'keypad press', 'key': 5, 'value': 55}}
INFO:root:Inflight Radio Update asked
INFO:root:sent request to set radio update complete
INFO:root:1721925899.494864,ID:1009,STAGE:3,SEQUENCE:1423,DATA:{'time': 1721925899.485, 'user-id': '1009', 'source': 'HAI Interface', 'destination-index': '3', 'study-stage': '3', 'decision-state': 0, 'vitals-state': 0, 'airspace-state': 0, 'data': {'page': 'emergency', 'action': 'trying to change destination to19'}}
INFO:root:1721925900.406337,ID:1009,STAGE:3,SEQUENCE:1423,DATA:{'time': 1721925900.405, 'source': 'VitalsTask', 'timer': 98.139, 'data': {'sensor': 'Heart Rate', 'action': 'show action buttons'}}
INFO:root:1721925900.410324,ID:1009,STAGE:3,SEQUENCE:1423,DATA:{'time': 1721925900.405, 'source': 'VitalsTask', 'timer': 98.139, 'data': {'sensor': 'Heart Rate', 'action': 'keypad press', 'key': 10, 'value': 55}}
INFO:root:1721925902.091646,ID:1009,STAGE:3,SEQUENCE:1423,DATA:{'time': 1721925902.088, 'source': 'VitalsTask', 'timer': 99.822, 'data': {'sensor': 'Heart Rate', 'action': 'log', 'data': 'action button pressed'}}
INFO:root:1721925902.094159,ID:1009,STAGE:3,SEQUENCE:1423,DATA:{'time': 1721925902.088, 'source': 'VitalsTask', 'timer': 99.822, 'data': {'sensor': 'Heart Rate', 'action': 'log', 'data': 'starting sensor action'}}
INFO:root:1721925903.10662,ID:1009,STAGE:3,SEQUENCE:1423,DATA:{'time': 1721925903.103, 'source': 'VitalsTask', 'timer': 100.837, 'data': {'sensor': 'Heart Rate', 'action': 'log', 'data': 'sensor action complete'}}
INFO:root:1721925903.455651,ID:1009,STAGE:3,SEQUENCE:1423,DATA:{'time': 1721925903.45, 'source': 'VitalsTask', 'timer': 101.184, 'data': {'sensor': 'Heart Rate', 'action': 'save', 'data': 'action button pressed'}}
INFO:root:1721925903.459211,ID:1009,STAGE:3,SEQUENCE:1423,DATA:{'time': 1721925903.451, 'source': 'VitalsTask', 'timer': 101.185, 'data': {'sensor': 'Heart Rate', 'action': 'save', 'data': 'starting sensor action'}}
INFO:root:1721925904.464377,ID:1009,STAGE:3,SEQUENCE:1423,DATA:{'time': 1721925904.462, 'source': 'VitalsTask', 'timer': 102.196, 'data': {'sensor': 'Heart Rate', 'action': 'save', 'data': 'sensor action complete'}}
INFO:root:1721925904.516593,ID:1009,STAGE:3,SEQUENCE:1423,DATA:{'time': 1721925904.511, 'user-id': '1009', 'source': 'HAI Interface', 'destination-index': '3', 'study-stage': '3', 'decision-state': 0, 'vitals-state': 0, 'airspace-state': 0, 'data': {'page': 'emergency', 'action': 'trying to change destination to19'}}
INFO:root:1721925905.80866,ID:1009,STAGE:3,SEQUENCE:1423,DATA:{'time': 1721925905.806, 'source': 'VitalsTask', 'timer': 103.54, 'data': {'sensor': 'submit', 'action': 'submit'}}
INFO:root:1721925905.810656,ID:1009,STAGE:3,SEQUENCE:1423,DATA:{'time': 1721925905.807, 'source': 'VitalsTask', 'timer': 103.541, 'data': {'sensor': 'submit', 'action': 'submit', 'data': 'submit succeeded'}}
INFO:root:1721925908.381385,ID:1009,STAGE:3,SEQUENCE:1423,DATA:{'time': 1721925908.377, 'user-id': '1009', 'source': 'HAI Interface', 'destination-index': '3', 'study-stage': '3', 'decision-state': 0, 'vitals-state': 0, 'airspace-state': 0, 'data': {'page': 'inflight', 'action': 'user acknowledged vitals prompt'}}
INFO:root:1721925909.531444,ID:1009,STAGE:3,SEQUENCE:1423,DATA:{'time': 1721925909.524, 'user-id': '1009', 'source': 'HAI Interface', 'destination-index': '3', 'study-stage': '3', 'decision-state': 0, 'vitals-state': 0, 'airspace-state': 0, 'data': {'page': 'emergency', 'action': 'trying to change destination to19'}}
INFO:root:1721925910.729578,ID:1009,STAGE:3,SEQUENCE:1423,DATA:{'time': 1721925910.725, 'user-id': '1009', 'source': 'HAI Interface', 'destination-index': '3', 'study-stage': '3', 'decision-state': 0, 'vitals-state': 0, 'airspace-state': 0, 'data': {'action': 'transmit button pressed'}}
INFO:root:1721925910.732572,ID:1009,STAGE:3,SEQUENCE:1423,DATA:{'time': 1721925910.726, 'user-id': '1009', 'source': 'HAI Interface', 'destination-index': '3', 'study-stage': '3', 'decision-state': 0, 'vitals-state': 0, 'airspace-state': 0, 'data': {'action': 'callsign set to: + NASXGS'}}
INFO:root:1721925910.733568,ID:1009,STAGE:3,SEQUENCE:1423,DATA:{'time': 1721925910.726, 'user-id': '1009', 'source': 'HAI Interface', 'destination-index': '3', 'study-stage': '3', 'decision-state': 0, 'vitals-state': 0, 'airspace-state': 0, 'data': {'action': 'radio set to:Comm1'}}
INFO:root:1721925910.736559,ID:1009,STAGE:3,SEQUENCE:1423,DATA:{'time': 1721925910.726, 'user-id': '1009', 'source': 'HAI Interface', 'destination-index': '3', 'study-stage': '3', 'decision-state': 0, 'vitals-state': 0, 'airspace-state': 0, 'data': {'page': 'map', 'action': 'show map'}}
INFO:root:1721925910.740549,ID:1009,STAGE:3,SEQUENCE:1423,DATA:{'time': 1721925910.727, 'user-id': '1009', 'source': 'HAI Interface', 'destination-index': '3', 'study-stage': '3', 'decision-state': 0, 'vitals-state': 0, 'airspace-state': 0, 'data': {'page': 'map', 'action': 'selected helipad', 'value': '21'}}
INFO:root:1721925910.744538,ID:1009,STAGE:3,SEQUENCE:1423,DATA:{'time': 1721925910.731, 'user-id': '1009', 'source': 'HAI Interface', 'destination-index': '3', 'study-stage': '3', 'decision-state': 0, 'vitals-state': 0, 'airspace-state': 0, 'data': {'action': 'NASXGStransmitting updates onComm1123.45 MHz'}}
INFO:root:1721925914.493681,ID:1009,STAGE:3,SEQUENCE:1423,DATA:{'time': 1721925914.484, 'user-id': '1009', 'source': 'HAI Interface', 'destination-index': '3', 'study-stage': '3', 'decision-state': 0, 'vitals-state': 0, 'airspace-state': 0, 'data': {'page': 'emergency', 'action': 'trying to change destination to19'}}
INFO:root:1721925919.448569,ID:1009,STAGE:3,SEQUENCE:1423,DATA:{'time': 1721925919.439, 'user-id': '1009', 'source': 'HAI Interface', 'destination-index': '3', 'study-stage': '3', 'decision-state': 0, 'vitals-state': 0, 'airspace-state': 0, 'data': {'page': 'emergency', 'action': 'trying to change destination to19'}}
INFO:root:1721925924.508402,ID:1009,STAGE:3,SEQUENCE:1423,DATA:{'time': 1721925924.502, 'user-id': '1009', 'source': 'HAI Interface', 'destination-index': '3', 'study-stage': '3', 'decision-state': 0, 'vitals-state': 0, 'airspace-state': 0, 'data': {'page': 'emergency', 'action': 'trying to change destination to19'}}
INFO:root:1721925928.216365,ID:1009,STAGE:3,SEQUENCE:1423,DATA:{'time': 1721925928.211, 'user-id': '1009', 'source': 'HAI Interface', 'destination-index': '3', 'study-stage': '3', 'decision-state': 0, 'vitals-state': 0, 'airspace-state': 0, 'data': {'page': 'map', 'action': 'hide map'}}
INFO:root:1721925929.523393,ID:1009,STAGE:3,SEQUENCE:1423,DATA:{'time': 1721925929.518, 'user-id': '1009', 'source': 'HAI Interface', 'destination-index': '3', 'study-stage': '3', 'decision-state': 0, 'vitals-state': 0, 'airspace-state': 0, 'data': {'page': 'emergency', 'action': 'trying to change destination to19'}}
INFO:root:1721925929.894884,ID:1009,STAGE:3,SEQUENCE:1423,DATA:{'time': 1721925929.889, 'user-id': '1009', 'source': 'HAI Interface', 'destination-index': '3', 'study-stage': '3', 'decision-state': 0, 'vitals-state': 0, 'airspace-state': 0, 'data': {'action': 'radio panel closed'}}
INFO:root:1721925934.446336,ID:1009,STAGE:3,SEQUENCE:1423,DATA:{'time': 1721925934.441, 'user-id': '1009', 'source': 'HAI Interface', 'destination-index': '3', 'study-stage': '3', 'decision-state': 0, 'vitals-state': 0, 'airspace-state': 0, 'data': {'page': 'emergency', 'action': 'trying to change destination to19'}}
INFO:root:1721925939.52075,ID:1009,STAGE:3,SEQUENCE:1423,DATA:{'time': 1721925939.513, 'user-id': '1009', 'source': 'HAI Interface', 'destination-index': '3', 'study-stage': '3', 'decision-state': 0, 'vitals-state': 0, 'airspace-state': 0, 'data': {'page': 'emergency', 'action': 'trying to change destination to19'}}
INFO:root:1721925943.980572,ID:1009,STAGE:3,SEQUENCE:1423,DATA:{'time': 1721925943.977, 'user-id': '1009', 'source': 'HAI Interface', 'destination-index': '3', 'study-stage': '3', 'decision-state': 0, 'vitals-state': 0, 'airspace-state': 0, 'data': {'page': 'inflight', 'action': 'displaying vitals prompt'}}
INFO:root:1721925944.496501,ID:1009,STAGE:3,SEQUENCE:1423,DATA:{'time': 1721925944.491, 'user-id': '1009', 'source': 'HAI Interface', 'destination-index': '3', 'study-stage': '3', 'decision-state': 0, 'vitals-state': 0, 'airspace-state': 0, 'data': {'page': 'emergency', 'action': 'trying to change destination to19'}}
INFO:root:1721925949.398618,ID:1009,STAGE:3,SEQUENCE:1423,DATA:{'time': 1721925949.391, 'user-id': '1009', 'source': 'HAI Interface', 'destination-index': '3', 'study-stage': '3', 'decision-state': 0, 'vitals-state': 0, 'airspace-state': 0, 'data': {'page': 'emergency', 'action': 'trying to change destination to19'}}
INFO:root:1721925952.169983,ID:1009,STAGE:3,SEQUENCE:1423,DATA:{'time': 1721925952.167, 'source': 'VitalsTask', 'timer': 46.36, 'data': {'sensor': 'Heart Rate', 'action': 'capture', 'data': 'action button pressed'}}
INFO:root:1721925952.171977,ID:1009,STAGE:3,SEQUENCE:1423,DATA:{'time': 1721925952.167, 'source': 'VitalsTask', 'timer': 46.36, 'data': {'sensor': 'Heart Rate', 'action': 'capture', 'data': 'starting sensor action'}}
INFO:root:1721925953.191767,ID:1009,STAGE:3,SEQUENCE:1423,DATA:{'time': 1721925953.187, 'source': 'VitalsTask', 'timer': 47.38, 'data': {'sensor': 'Heart Rate', 'action': 'capture', 'data': 'sensor action complete'}}
INFO:root:1721925953.194941,ID:1009,STAGE:3,SEQUENCE:1423,DATA:{'time': 1721925953.189, 'source': 'VitalsTask', 'timer': 47.382, 'data': {'sensor': 'Heart Rate', 'action': 'keypad open'}}
INFO:root:1721925954.482671,ID:1009,STAGE:3,SEQUENCE:1423,DATA:{'time': 1721925954.478, 'user-id': '1009', 'source': 'HAI Interface', 'destination-index': '3', 'study-stage': '3', 'decision-state': 0, 'vitals-state': 0, 'airspace-state': 0, 'data': {'page': 'emergency', 'action': 'trying to change destination to19'}}
INFO:root:1721925955.366885,ID:1009,STAGE:3,SEQUENCE:1423,DATA:{'time': 1721925955.362, 'source': 'VitalsTask', 'timer': 49.555, 'data': {'sensor': 'Heart Rate', 'action': 'keypad press', 'key': 5, 'value': 5}}
INFO:root:1721925955.661542,ID:1009,STAGE:3,SEQUENCE:1423,DATA:{'time': 1721925955.66, 'source': 'VitalsTask', 'timer': 49.853, 'data': {'sensor': 'Heart Rate', 'action': 'keypad press', 'key': 5, 'value': 55}}
INFO:root:1721925956.901842,ID:1009,STAGE:3,SEQUENCE:1423,DATA:{'time': 1721925956.9, 'source': 'VitalsTask', 'timer': 51.093, 'data': {'sensor': 'Heart Rate', 'action': 'show action buttons'}}
INFO:root:1721925956.903837,ID:1009,STAGE:3,SEQUENCE:1423,DATA:{'time': 1721925956.9, 'source': 'VitalsTask', 'timer': 51.093, 'data': {'sensor': 'Heart Rate', 'action': 'keypad press', 'key': 10, 'value': 55}}
INFO:root:1721925958.360647,ID:1009,STAGE:3,SEQUENCE:1423,DATA:{'time': 1721925958.358, 'source': 'VitalsTask', 'timer': 52.551, 'data': {'sensor': 'Heart Rate', 'action': 'log', 'data': 'action button pressed'}}
INFO:root:1721925958.365695,ID:1009,STAGE:3,SEQUENCE:1423,DATA:{'time': 1721925958.358, 'source': 'VitalsTask', 'timer': 52.551, 'data': {'sensor': 'Heart Rate', 'action': 'log', 'data': 'starting sensor action'}}
INFO:root:1721925959.379005,ID:1009,STAGE:3,SEQUENCE:1423,DATA:{'time': 1721925959.377, 'source': 'VitalsTask', 'timer': 53.57, 'data': {'sensor': 'Heart Rate', 'action': 'log', 'data': 'sensor action complete'}}
INFO:root:1721925959.484493,ID:1009,STAGE:3,SEQUENCE:1423,DATA:{'time': 1721925959.479, 'source': 'VitalsTask', 'timer': 53.672, 'data': {'sensor': 'Heart Rate', 'action': 'save', 'data': 'action button pressed'}}
INFO:root:1721925959.486002,ID:1009,STAGE:3,SEQUENCE:1423,DATA:{'time': 1721925959.48, 'source': 'VitalsTask', 'timer': 53.673, 'data': {'sensor': 'Heart Rate', 'action': 'save', 'data': 'starting sensor action'}}
INFO:root:1721925959.539787,ID:1009,STAGE:3,SEQUENCE:1423,DATA:{'time': 1721925959.535, 'user-id': '1009', 'source': 'HAI Interface', 'destination-index': '3', 'study-stage': '3', 'decision-state': 0, 'vitals-state': 0, 'airspace-state': 0, 'data': {'page': 'emergency', 'action': 'trying to change destination to19'}}
INFO:root:1721925960.49748,ID:1009,STAGE:3,SEQUENCE:1423,DATA:{'time': 1721925960.496, 'source': 'VitalsTask', 'timer': 54.689, 'data': {'sensor': 'Heart Rate', 'action': 'save', 'data': 'sensor action complete'}}
INFO:root:1721925964.542875,ID:1009,STAGE:3,SEQUENCE:1423,DATA:{'time': 1721925964.537, 'user-id': '1009', 'source': 'HAI Interface', 'destination-index': '3', 'study-stage': '3', 'decision-state': 0, 'vitals-state': 0, 'airspace-state': 0, 'data': {'page': 'emergency', 'action': 'trying to change destination to19'}}
INFO:root:1721925966.264881,ID:1009,STAGE:3,SEQUENCE:1423,DATA:{'time': 1721925966.264, 'source': 'VitalsTask', 'timer': 60.457, 'data': {'sensor': 'O\u2082 Saturation', 'action': 'opened sensor tab'}}
INFO:root:1721925967.801373,ID:1009,STAGE:3,SEQUENCE:1423,DATA:{'time': 1721925967.798, 'source': 'VitalsTask', 'timer': 61.991, 'data': {'sensor': 'O\u2082 Saturation', 'action': 'capture', 'data': 'action button pressed'}}
INFO:root:1721925967.8036,ID:1009,STAGE:3,SEQUENCE:1423,DATA:{'time': 1721925967.799, 'source': 'VitalsTask', 'timer': 61.992, 'data': {'sensor': 'O\u2082 Saturation', 'action': 'capture', 'data': 'starting sensor action'}}
INFO:root:1721925968.833718,ID:1009,STAGE:3,SEQUENCE:1423,DATA:{'time': 1721925968.821, 'source': 'VitalsTask', 'timer': 63.014, 'data': {'sensor': 'O\u2082 Saturation', 'action': 'capture', 'data': 'sensor action complete'}}
INFO:root:1721925968.835712,ID:1009,STAGE:3,SEQUENCE:1423,DATA:{'time': 1721925968.822, 'source': 'VitalsTask', 'timer': 63.015, 'data': {'sensor': 'O\u2082 Saturation', 'action': 'keypad open'}}
INFO:root:1721925969.501137,ID:1009,STAGE:3,SEQUENCE:1423,DATA:{'time': 1721925969.492, 'user-id': '1009', 'source': 'HAI Interface', 'destination-index': '3', 'study-stage': '3', 'decision-state': 0, 'vitals-state': 0, 'airspace-state': 0, 'data': {'page': 'emergency', 'action': 'trying to change destination to19'}}
INFO:root:1721925970.280066,ID:1009,STAGE:3,SEQUENCE:1423,DATA:{'time': 1721925970.276, 'source': 'VitalsTask', 'timer': 64.469, 'data': {'sensor': 'O\u2082 Saturation', 'action': 'keypad press', 'key': 1, 'value': 1}}
INFO:root:1721925971.734985,ID:1009,STAGE:3,SEQUENCE:1423,DATA:{'time': 1721925971.733, 'source': 'VitalsTask', 'timer': 65.926, 'data': {'sensor': 'O\u2082 Saturation', 'action': 'keypad press', 'key': 11, 'value': 10}}
INFO:root:1721925972.027686,ID:1009,STAGE:3,SEQUENCE:1423,DATA:{'time': 1721925972.026, 'source': 'VitalsTask', 'timer': 66.219, 'data': {'sensor': 'O\u2082 Saturation', 'action': 'keypad press', 'key': 11, 'value': 100}}
INFO:root:1721925973.767177,ID:1009,STAGE:3,SEQUENCE:1423,DATA:{'time': 1721925973.763, 'source': 'VitalsTask', 'timer': 67.956, 'data': {'sensor': 'O\u2082 Saturation', 'action': 'show action buttons'}}
INFO:root:1721925973.769175,ID:1009,STAGE:3,SEQUENCE:1423,DATA:{'time': 1721925973.763, 'source': 'VitalsTask', 'timer': 67.956, 'data': {'sensor': 'O\u2082 Saturation', 'action': 'keypad press', 'key': 10, 'value': 100}}
INFO:root:1721925974.51857,ID:1009,STAGE:3,SEQUENCE:1423,DATA:{'time': 1721925974.514, 'user-id': '1009', 'source': 'HAI Interface', 'destination-index': '3', 'study-stage': '3', 'decision-state': 0, 'vitals-state': 0, 'airspace-state': 0, 'data': {'page': 'emergency', 'action': 'trying to change destination to19'}}
INFO:root:1721925976.434616,ID:1009,STAGE:3,SEQUENCE:1423,DATA:{'time': 1721925976.431, 'source': 'VitalsTask', 'timer': 70.624, 'data': {'sensor': 'O\u2082 Saturation', 'action': 'log', 'data': 'action button pressed'}}
INFO:root:1721925976.435611,ID:1009,STAGE:3,SEQUENCE:1423,DATA:{'time': 1721925976.431, 'source': 'VitalsTask', 'timer': 70.624, 'data': {'sensor': 'O\u2082 Saturation', 'action': 'log', 'data': 'starting sensor action'}}
INFO:root:1721925977.383643,ID:1009,STAGE:3,SEQUENCE:1423,DATA:{'time': 1721925977.381, 'source': 'VitalsTask', 'timer': 71.574, 'data': {'sensor': 'O\u2082 Saturation', 'action': 'save', 'data': 'action button pressed'}}
INFO:root:1721925977.385172,ID:1009,STAGE:3,SEQUENCE:1423,DATA:{'time': 1721925977.381, 'source': 'VitalsTask', 'timer': 71.574, 'data': {'sensor': 'O\u2082 Saturation', 'action': 'save', 'data': 'a sensor action is in progress, cancelling'}}
INFO:root:1721925977.447009,ID:1009,STAGE:3,SEQUENCE:1423,DATA:{'time': 1721925977.445, 'source': 'VitalsTask', 'timer': 71.638, 'data': {'sensor': 'O\u2082 Saturation', 'action': 'log', 'data': 'sensor action complete'}}
INFO:root:1721925978.986622,ID:1009,STAGE:3,SEQUENCE:1423,DATA:{'time': 1721925978.983, 'source': 'VitalsTask', 'timer': 73.176, 'data': {'sensor': 'O\u2082 Saturation', 'action': 'save', 'data': 'action button pressed'}}
INFO:root:1721925978.988621,ID:1009,STAGE:3,SEQUENCE:1423,DATA:{'time': 1721925978.984, 'source': 'VitalsTask', 'timer': 73.177, 'data': {'sensor': 'O\u2082 Saturation', 'action': 'save', 'data': 'starting sensor action'}}
INFO:root:1721925979.452886,ID:1009,STAGE:3,SEQUENCE:1423,DATA:{'time': 1721925979.449, 'user-id': '1009', 'source': 'HAI Interface', 'destination-index': '3', 'study-stage': '3', 'decision-state': 0, 'vitals-state': 0, 'airspace-state': 0, 'data': {'page': 'emergency', 'action': 'trying to change destination to19'}}
INFO:root:1721925980.004707,ID:1009,STAGE:3,SEQUENCE:1423,DATA:{'time': 1721925980.002, 'source': 'VitalsTask', 'timer': 74.195, 'data': {'sensor': 'O\u2082 Saturation', 'action': 'save', 'data': 'sensor action complete'}}
INFO:root:1721925981.022527,ID:1009,STAGE:3,SEQUENCE:1423,DATA:{'time': 1721925981.02, 'source': 'VitalsTask', 'timer': 75.213, 'data': {'sensor': 'Blood Pressure', 'action': 'opened sensor tab'}}
INFO:root:1721925982.764641,ID:1009,STAGE:3,SEQUENCE:1423,DATA:{'time': 1721925982.763, 'source': 'VitalsTask', 'timer': 76.956, 'data': {'sensor': 'Blood Pressure', 'action': 'capture', 'data': 'action button pressed'}}
INFO:root:1721925982.767147,ID:1009,STAGE:3,SEQUENCE:1423,DATA:{'time': 1721925982.763, 'source': 'VitalsTask', 'timer': 76.956, 'data': {'sensor': 'Blood Pressure', 'action': 'capture', 'data': 'starting sensor action'}}
INFO:root:1721925983.784068,ID:1009,STAGE:3,SEQUENCE:1423,DATA:{'time': 1721925983.78, 'source': 'VitalsTask', 'timer': 77.973, 'data': {'sensor': 'Blood Pressure', 'action': 'capture', 'data': 'sensor action complete'}}
INFO:root:1721925983.786062,ID:1009,STAGE:3,SEQUENCE:1423,DATA:{'time': 1721925983.781, 'source': 'VitalsTask', 'timer': 77.974, 'data': {'sensor': 'Blood Pressure', 'action': 'keypad open'}}
INFO:root:1721925984.743934,ID:1009,STAGE:3,SEQUENCE:1423,DATA:{'time': 1721925984.742, 'source': 'VitalsTask', 'timer': 78.935, 'data': {'sensor': 'Blood Pressure', 'action': 'keypad press', 'key': 1, 'value': 1}}
INFO:root:1721925985.02341,ID:1009,STAGE:3,SEQUENCE:1423,DATA:{'time': 1721925985.013, 'user-id': '1009', 'source': 'HAI Interface', 'destination-index': '3', 'study-stage': '3', 'decision-state': 0, 'vitals-state': 0, 'airspace-state': 0, 'data': {'page': 'emergency', 'action': 'trying to change destination to19'}}
INFO:root:1721925985.024916,ID:1009,STAGE:3,SEQUENCE:1423,DATA:{'time': 1721925985.014, 'user-id': '1009', 'source': 'HAI Interface', 'destination-index': '3', 'study-stage': '3', 'decision-state': 0, 'vitals-state': 0, 'airspace-state': 0, 'data': {'page': 'emergency', 'action': 'show Fuel Tank Empty Alert , hide map'}}
INFO:root:1721925985.02891,ID:1009,STAGE:3,SEQUENCE:1423,DATA:{'time': 1721925985.014, 'user-id': '1009', 'source': 'HAI Interface', 'destination-index': '3', 'study-stage': '3', 'decision-state': 0, 'vitals-state': 0, 'airspace-state': 0, 'data': {'page': 'map', 'action': 'hide map'}}
INFO:root:1721925985.031903,ID:1009,STAGE:3,SEQUENCE:1423,DATA:{'time': 1721925985.015, 'user-id': '1009', 'source': 'HAI Interface', 'destination-index': '3', 'study-stage': '3', 'decision-state': 0, 'vitals-state': 0, 'airspace-state': 0, 'data': {'page': 'Inflight', 'action': 'Fuel tank emergency alert-displayed'}}
INFO:root:1721925985.955668,ID:1009,STAGE:3,SEQUENCE:1423,DATA:{'time': 1721925985.952, 'source': 'VitalsTask', 'timer': 80.145, 'data': {'sensor': 'Blood Pressure', 'action': 'keypad press', 'key': 2, 'value': 12}}
INFO:root:1721925988.672839,ID:1009,STAGE:3,SEQUENCE:1423,DATA:{'time': 1721925988.668, 'source': 'VitalsTask', 'timer': 82.861, 'data': {'sensor': 'Blood Pressure', 'action': 'keypad press', 'key': 11, 'value': 120}}
INFO:root:1721925989.556916,ID:1009,STAGE:3,SEQUENCE:1423,DATA:{'time': 1721925989.549, 'user-id': '1009', 'source': 'HAI Interface', 'destination-index': '3', 'study-stage': '3', 'decision-state': 0, 'vitals-state': 0, 'airspace-state': 0, 'data': {'page': 'emergency', 'action': 'trying to change destination to19'}}
INFO:root:1721925989.55891,ID:1009,STAGE:3,SEQUENCE:1423,DATA:{'time': 1721925989.55, 'user-id': '1009', 'source': 'HAI Interface', 'destination-index': '3', 'study-stage': '3', 'decision-state': 0, 'vitals-state': 0, 'airspace-state': 0, 'data': {'page': 'emergency', 'action': 'show Fuel Tank Empty Alert , hide map'}}
INFO:root:1721925989.561902,ID:1009,STAGE:3,SEQUENCE:1423,DATA:{'time': 1721925989.55, 'user-id': '1009', 'source': 'HAI Interface', 'destination-index': '3', 'study-stage': '3', 'decision-state': 0, 'vitals-state': 0, 'airspace-state': 0, 'data': {'page': 'map', 'action': 'hide map'}}
INFO:root:1721925989.564493,ID:1009,STAGE:3,SEQUENCE:1423,DATA:{'time': 1721925989.55, 'user-id': '1009', 'source': 'HAI Interface', 'destination-index': '3', 'study-stage': '3', 'decision-state': 0, 'vitals-state': 0, 'airspace-state': 0, 'data': {'page': 'Inflight', 'action': 'Fuel tank emergency alert-displayed'}}
INFO:root:1721925989.884989,ID:1009,STAGE:3,SEQUENCE:1423,DATA:{'time': 1721925989.881, 'source': 'VitalsTask', 'timer': 84.074, 'data': {'sensor': 'Blood Pressure', 'action': 'keypad press', 'key': 8, 'value': 1208}}
INFO:root:1721925990.892026,ID:1009,STAGE:3,SEQUENCE:1423,DATA:{'time': 1721925990.888, 'source': 'VitalsTask', 'timer': 85.081, 'data': {'sensor': 'Blood Pressure', 'action': 'keypad press', 'key': 11, 'value': 12080}}
INFO:root:1721925992.597159,ID:1009,STAGE:3,SEQUENCE:1423,DATA:{'time': 1721925992.593, 'source': 'VitalsTask', 'timer': 86.786, 'data': {'sensor': 'Blood Pressure', 'action': 'show action buttons'}}
INFO:root:1721925992.599152,ID:1009,STAGE:3,SEQUENCE:1423,DATA:{'time': 1721925992.594, 'source': 'VitalsTask', 'timer': 86.787, 'data': {'sensor': 'Blood Pressure', 'action': 'keypad press', 'key': 10, 'value': 12080}}
INFO:root:1721925993.859076,ID:1009,STAGE:3,SEQUENCE:1423,DATA:{'time': 1721925993.855, 'user-id': '1009', 'source': 'HAI Interface', 'destination-index': '3', 'study-stage': '3', 'decision-state': 0, 'vitals-state': 0, 'airspace-state': 0, 'data': {'page': 'Inflight', 'action': 'Fuel tank emergency- show more info button pressed'}}
INFO:root:1721925994.559115,ID:1009,STAGE:3,SEQUENCE:1423,DATA:{'time': 1721925994.551, 'user-id': '1009', 'source': 'HAI Interface', 'destination-index': '3', 'study-stage': '3', 'decision-state': 0, 'vitals-state': 0, 'airspace-state': 0, 'data': {'page': 'emergency', 'action': 'trying to change destination to19'}}
INFO:root:1721925994.560618,ID:1009,STAGE:3,SEQUENCE:1423,DATA:{'time': 1721925994.552, 'user-id': '1009', 'source': 'HAI Interface', 'destination-index': '3', 'study-stage': '3', 'decision-state': 0, 'vitals-state': 0, 'airspace-state': 0, 'data': {'page': 'emergency', 'action': 'show Fuel Tank Empty Alert , hide map'}}
INFO:root:1721925994.563416,ID:1009,STAGE:3,SEQUENCE:1423,DATA:{'time': 1721925994.552, 'user-id': '1009', 'source': 'HAI Interface', 'destination-index': '3', 'study-stage': '3', 'decision-state': 0, 'vitals-state': 0, 'airspace-state': 0, 'data': {'page': 'map', 'action': 'hide map'}}
INFO:root:1721925994.568227,ID:1009,STAGE:3,SEQUENCE:1423,DATA:{'time': 1721925994.553, 'user-id': '1009', 'source': 'HAI Interface', 'destination-index': '3', 'study-stage': '3', 'decision-state': 0, 'vitals-state': 0, 'airspace-state': 0, 'data': {'page': 'Inflight', 'action': 'Fuel tank emergency alert-displayed'}}
INFO:root:1721925999.499203,ID:1009,STAGE:3,SEQUENCE:1423,DATA:{'time': 1721925999.495, 'user-id': '1009', 'source': 'HAI Interface', 'destination-index': '3', 'study-stage': '3', 'decision-state': 0, 'vitals-state': 0, 'airspace-state': 0, 'data': {'page': 'emergency', 'action': 'trying to change destination to19'}}
INFO:root:1721925999.551423,ID:1009,STAGE:3,SEQUENCE:1423,DATA:{'time': 1721925999.547, 'user-id': '1009', 'source': 'HAI Interface', 'destination-index': '3', 'study-stage': '3', 'decision-state': 0, 'vitals-state': 0, 'airspace-state': 0, 'data': {'page': 'Inflight', 'action': 'Empty Tank emergency- close button '}}
INFO:root:1721925999.555412,ID:1009,STAGE:3,SEQUENCE:1423,DATA:{'time': 1721925999.549, 'user-id': '1009', 'source': 'HAI Interface', 'destination-index': '3', 'study-stage': '3', 'decision-state': 0, 'vitals-state': 0, 'airspace-state': 0, 'data': {'page': 'Inflight', 'action': 'Continue button on Fuel tank emergency pressed'}}
INFO:root:1721926004.49028,ID:1009,STAGE:3,SEQUENCE:1423,DATA:{'time': 1721926004.486, 'user-id': '1009', 'source': 'HAI Interface', 'destination-index': '3', 'study-stage': '3', 'decision-state': 0, 'vitals-state': 0, 'airspace-state': 0, 'data': {'page': 'emergency', 'action': 'trying to change destination to19'}}
INFO:root:1721926007.273708,ID:1009,STAGE:3,SEQUENCE:1423,DATA:{'time': 1721926007.27, 'source': 'VitalsTask', 'timer': 101.463, 'data': {'sensor': 'Blood Pressure', 'action': 'log', 'data': 'action button pressed'}}
INFO:root:1721926007.277331,ID:1009,STAGE:3,SEQUENCE:1423,DATA:{'time': 1721926007.27, 'source': 'VitalsTask', 'timer': 101.463, 'data': {'sensor': 'Blood Pressure', 'action': 'log', 'data': 'starting sensor action'}}
INFO:root:1721926008.285231,ID:1009,STAGE:3,SEQUENCE:1423,DATA:{'time': 1721926008.283, 'source': 'VitalsTask', 'timer': 102.476, 'data': {'sensor': 'Blood Pressure', 'action': 'log', 'data': 'sensor action complete'}}
INFO:root:1721926008.841536,ID:1009,STAGE:3,SEQUENCE:1423,DATA:{'time': 1721926008.838, 'source': 'VitalsTask', 'timer': 103.031, 'data': {'sensor': 'Blood Pressure', 'action': 'save', 'data': 'action button pressed'}}
INFO:root:1721926008.843529,ID:1009,STAGE:3,SEQUENCE:1423,DATA:{'time': 1721926008.838, 'source': 'VitalsTask', 'timer': 103.031, 'data': {'sensor': 'Blood Pressure', 'action': 'save', 'data': 'starting sensor action'}}
INFO:root:1721926009.473959,ID:1009,STAGE:3,SEQUENCE:1423,DATA:{'time': 1721926009.468, 'user-id': '1009', 'source': 'HAI Interface', 'destination-index': '3', 'study-stage': '3', 'decision-state': 0, 'vitals-state': 0, 'airspace-state': 0, 'data': {'page': 'emergency', 'action': 'trying to change destination to19'}}
INFO:root:1721926009.859387,ID:1009,STAGE:3,SEQUENCE:1423,DATA:{'time': 1721926009.858, 'source': 'VitalsTask', 'timer': 104.051, 'data': {'sensor': 'Blood Pressure', 'action': 'save', 'data': 'sensor action complete'}}
INFO:root:1721926011.038213,ID:1009,STAGE:3,SEQUENCE:1423,DATA:{'time': 1721926011.034, 'source': 'VitalsTask', 'timer': 105.227, 'data': {'sensor': 'submit', 'action': 'submit'}}
INFO:root:1721926011.040214,ID:1009,STAGE:3,SEQUENCE:1423,DATA:{'time': 1721926011.035, 'source': 'VitalsTask', 'timer': 105.228, 'data': {'sensor': 'submit', 'action': 'submit', 'data': 'submit succeeded'}}
INFO:root:1721926011.941864,ID:1009,STAGE:3,SEQUENCE:1423,DATA:{'time': 1721926011.937, 'source': 'VitalsTask', 'timer': 0.901, 'data': {'sensor': 'submit', 'action': 'submit'}}
INFO:root:1721926011.943858,ID:1009,STAGE:3,SEQUENCE:1423,DATA:{'time': 1721926011.938, 'source': 'VitalsTask', 'timer': 0.902, 'data': {'sensor': 'submit', 'action': 'submit', 'data': 'submit failed incomplete vitals checklist'}}
INFO:root:1721926013.047698,ID:1009,STAGE:3,SEQUENCE:1423,DATA:{'time': 1721926013.042, 'user-id': '1009', 'source': 'HAI Interface', 'destination-index': '3', 'study-stage': '3', 'decision-state': 0, 'vitals-state': 0, 'airspace-state': 0, 'data': {'page': 'inflight', 'action': 'user acknowledged vitals prompt'}}
INFO:root:1721926014.537454,ID:1009,STAGE:3,SEQUENCE:1423,DATA:{'time': 1721926014.533, 'user-id': '1009', 'source': 'HAI Interface', 'destination-index': '3', 'study-stage': '3', 'decision-state': 0, 'vitals-state': 0, 'airspace-state': 0, 'data': {'page': 'emergency', 'action': 'trying to change destination to19'}}
INFO:root:Empty Fuel alert given, sent request to clear empty_fuel_emergency
INFO:root:1721926019.540095,ID:1009,STAGE:3,SEQUENCE:1423,DATA:{'time': 1721926019.534, 'user-id': '1009', 'source': 'HAI Interface', 'destination-index': '3', 'study-stage': '3', 'decision-state': 0, 'vitals-state': 0, 'airspace-state': 0, 'data': {'page': 'emergency', 'action': 'trying to change destination to19'}}
INFO:root:1721926024.487423,ID:1009,STAGE:3,SEQUENCE:1423,DATA:{'time': 1721926024.482, 'user-id': '1009', 'source': 'HAI Interface', 'destination-index': '3', 'study-stage': '3', 'decision-state': 0, 'vitals-state': 0, 'airspace-state': 0, 'data': {'page': 'emergency', 'action': 'trying to change destination to19'}}
INFO:root:1721926028.394506,ID:1009,STAGE:3,SEQUENCE:1423,DATA:{'time': 1721926028.389, 'user-id': '1009', 'source': 'HAI Interface', 'destination-index': '3', 'study-stage': '3', 'decision-state': 0, 'vitals-state': 0, 'airspace-state': 0, 'data': {'page': 'map', 'action': 'show map'}}
INFO:root:1721926028.398006,ID:1009,STAGE:3,SEQUENCE:1423,DATA:{'time': 1721926028.39, 'user-id': '1009', 'source': 'HAI Interface', 'destination-index': '3', 'study-stage': '3', 'decision-state': 0, 'vitals-state': 0, 'airspace-state': 0, 'data': {'page': 'map', 'action': 'selected helipad', 'value': '21'}}
INFO:root:1721926029.497799,ID:1009,STAGE:3,SEQUENCE:1423,DATA:{'time': 1721926029.492, 'user-id': '1009', 'source': 'HAI Interface', 'destination-index': '3', 'study-stage': '3', 'decision-state': 0, 'vitals-state': 0, 'airspace-state': 0, 'data': {'page': 'emergency', 'action': 'trying to change destination to19'}}
INFO:root:1721926034.517322,ID:1009,STAGE:3,SEQUENCE:1423,DATA:{'time': 1721926034.511, 'user-id': '1009', 'source': 'HAI Interface', 'destination-index': '3', 'study-stage': '3', 'decision-state': 0, 'vitals-state': 0, 'airspace-state': 0, 'data': {'page': 'emergency', 'action': 'trying to change destination to19'}}
INFO:root:1721926039.563318,ID:1009,STAGE:3,SEQUENCE:1423,DATA:{'time': 1721926039.559, 'user-id': '1009', 'source': 'HAI Interface', 'destination-index': '3', 'study-stage': '3', 'decision-state': 0, 'vitals-state': 0, 'airspace-state': 0, 'data': {'page': 'emergency', 'action': 'trying to change destination to19'}}
INFO:root:1721926044.529682,ID:1009,STAGE:3,SEQUENCE:1423,DATA:{'time': 1721926044.525, 'user-id': '1009', 'source': 'HAI Interface', 'destination-index': '3', 'study-stage': '3', 'decision-state': 0, 'vitals-state': 0, 'airspace-state': 0, 'data': {'page': 'emergency', 'action': 'trying to change destination to19'}}
INFO:root:1721926049.470373,ID:1009,STAGE:3,SEQUENCE:1423,DATA:{'time': 1721926049.462, 'user-id': '1009', 'source': 'HAI Interface', 'destination-index': '3', 'study-stage': '3', 'decision-state': 0, 'vitals-state': 0, 'airspace-state': 0, 'data': {'page': 'emergency', 'action': 'trying to change destination to19'}}
INFO:root:SimConnect Error in /var
INFO:SimConnect.SimConnect:SIM OPEN
INFO:root:1721926054.448178,ID:1009,STAGE:3,SEQUENCE:1423,DATA:{'time': 1721926054.441, 'user-id': '1009', 'source': 'HAI Interface', 'destination-index': '3', 'study-stage': '3', 'decision-state': 0, 'vitals-state': 0, 'airspace-state': 0, 'data': {'page': 'emergency', 'action': 'trying to change destination to19'}}
INFO:root:1721926059.529735,ID:1009,STAGE:3,SEQUENCE:1423,DATA:{'time': 1721926059.523, 'user-id': '1009', 'source': 'HAI Interface', 'destination-index': '3', 'study-stage': '3', 'decision-state': 0, 'vitals-state': 0, 'airspace-state': 0, 'data': {'page': 'emergency', 'action': 'trying to change destination to19'}}
INFO:root:1721926064.530338,ID:1009,STAGE:3,SEQUENCE:1423,DATA:{'time': 1721926064.517, 'user-id': '1009', 'source': 'HAI Interface', 'destination-index': '3', 'study-stage': '3', 'decision-state': 0, 'vitals-state': 0, 'airspace-state': 0, 'data': {'page': 'emergency', 'action': 'trying to change destination to19'}}
INFO:root:1721926069.497349,ID:1009,STAGE:3,SEQUENCE:1423,DATA:{'time': 1721926069.486, 'user-id': '1009', 'source': 'HAI Interface', 'destination-index': '3', 'study-stage': '3', 'decision-state': 0, 'vitals-state': 0, 'airspace-state': 0, 'data': {'page': 'emergency', 'action': 'trying to change destination to19'}}
INFO:root:1721926074.438434,ID:1009,STAGE:3,SEQUENCE:1423,DATA:{'time': 1721926074.43, 'user-id': '1009', 'source': 'HAI Interface', 'destination-index': '3', 'study-stage': '3', 'decision-state': 0, 'vitals-state': 0, 'airspace-state': 0, 'data': {'page': 'emergency', 'action': 'trying to change destination to19'}}
INFO:root:1721926079.585519,ID:1009,STAGE:3,SEQUENCE:1423,DATA:{'time': 1721926079.579, 'user-id': '1009', 'source': 'HAI Interface', 'destination-index': '3', 'study-stage': '3', 'decision-state': 0, 'vitals-state': 0, 'airspace-state': 0, 'data': {'page': 'emergency', 'action': 'trying to change destination to19'}}
INFO:root:1721926084.460732,ID:1009,STAGE:3,SEQUENCE:1423,DATA:{'time': 1721926084.453, 'user-id': '1009', 'source': 'HAI Interface', 'destination-index': '3', 'study-stage': '3', 'decision-state': 0, 'vitals-state': 0, 'airspace-state': 0, 'data': {'page': 'emergency', 'action': 'trying to change destination to19'}}
INFO:root:1721926089.497264,ID:1009,STAGE:3,SEQUENCE:1423,DATA:{'time': 1721926089.491, 'user-id': '1009', 'source': 'HAI Interface', 'destination-index': '3', 'study-stage': '3', 'decision-state': 0, 'vitals-state': 0, 'airspace-state': 0, 'data': {'page': 'emergency', 'action': 'trying to change destination to19'}}
INFO:root:1721926094.494303,ID:1009,STAGE:3,SEQUENCE:1423,DATA:{'time': 1721926094.479, 'user-id': '1009', 'source': 'HAI Interface', 'destination-index': '3', 'study-stage': '3', 'decision-state': 0, 'vitals-state': 0, 'airspace-state': 0, 'data': {'page': 'emergency', 'action': 'trying to change destination to19'}}
INFO:root:1721926099.485584,ID:1009,STAGE:3,SEQUENCE:1423,DATA:{'time': 1721926099.479, 'user-id': '1009', 'source': 'HAI Interface', 'destination-index': '3', 'study-stage': '3', 'decision-state': 0, 'vitals-state': 0, 'airspace-state': 0, 'data': {'page': 'emergency', 'action': 'trying to change destination to19'}}
INFO:root:1721926104.495256,ID:1009,STAGE:3,SEQUENCE:1423,DATA:{'time': 1721926104.486, 'user-id': '1009', 'source': 'HAI Interface', 'destination-index': '3', 'study-stage': '3', 'decision-state': 0, 'vitals-state': 0, 'airspace-state': 0, 'data': {'page': 'emergency', 'action': 'trying to change destination to19'}}
INFO:root:1721926109.542753,ID:1009,STAGE:3,SEQUENCE:1423,DATA:{'time': 1721926109.537, 'user-id': '1009', 'source': 'HAI Interface', 'destination-index': '3', 'study-stage': '3', 'decision-state': 0, 'vitals-state': 0, 'airspace-state': 0, 'data': {'page': 'emergency', 'action': 'trying to change destination to19'}}
INFO:root:1721926114.449137,ID:1009,STAGE:3,SEQUENCE:1423,DATA:{'time': 1721926114.443, 'user-id': '1009', 'source': 'HAI Interface', 'destination-index': '3', 'study-stage': '3', 'decision-state': 0, 'vitals-state': 0, 'airspace-state': 0, 'data': {'page': 'emergency', 'action': 'trying to change destination to19'}}
INFO:root:1721926119.579177,ID:1009,STAGE:3,SEQUENCE:1423,DATA:{'time': 1721926119.568, 'user-id': '1009', 'source': 'HAI Interface', 'destination-index': '3', 'study-stage': '3', 'decision-state': 0, 'vitals-state': 0, 'airspace-state': 0, 'data': {'page': 'emergency', 'action': 'trying to change destination to19'}}
INFO:root:1721926124.477921,ID:1009,STAGE:3,SEQUENCE:1423,DATA:{'time': 1721926124.467, 'user-id': '1009', 'source': 'HAI Interface', 'destination-index': '3', 'study-stage': '3', 'decision-state': 0, 'vitals-state': 0, 'airspace-state': 0, 'data': {'page': 'emergency', 'action': 'trying to change destination to19'}}
INFO:root:1721926129.479178,ID:1009,STAGE:3,SEQUENCE:1423,DATA:{'time': 1721926129.464, 'user-id': '1009', 'source': 'HAI Interface', 'destination-index': '3', 'study-stage': '3', 'decision-state': 0, 'vitals-state': 0, 'airspace-state': 0, 'data': {'page': 'emergency', 'action': 'trying to change destination to19'}}
INFO:root:1721926134.579795,ID:1009,STAGE:3,SEQUENCE:1423,DATA:{'time': 1721926134.574, 'user-id': '1009', 'source': 'HAI Interface', 'destination-index': '3', 'study-stage': '3', 'decision-state': 0, 'vitals-state': 0, 'airspace-state': 0, 'data': {'page': 'emergency', 'action': 'trying to change destination to19'}}
INFO:root:1721926139.478407,ID:1009,STAGE:3,SEQUENCE:1423,DATA:{'time': 1721926139.47, 'user-id': '1009', 'source': 'HAI Interface', 'destination-index': '3', 'study-stage': '3', 'decision-state': 0, 'vitals-state': 0, 'airspace-state': 0, 'data': {'page': 'emergency', 'action': 'trying to change destination to19'}}
INFO:root:1721926144.558861,ID:1009,STAGE:3,SEQUENCE:1423,DATA:{'time': 1721926144.553, 'user-id': '1009', 'source': 'HAI Interface', 'destination-index': '3', 'study-stage': '3', 'decision-state': 0, 'vitals-state': 0, 'airspace-state': 0, 'data': {'page': 'emergency', 'action': 'trying to change destination to19'}}
INFO:root:1721926149.506165,ID:1009,STAGE:3,SEQUENCE:1423,DATA:{'time': 1721926149.491, 'user-id': '1009', 'source': 'HAI Interface', 'destination-index': '3', 'study-stage': '3', 'decision-state': 0, 'vitals-state': 0, 'airspace-state': 0, 'data': {'page': 'emergency', 'action': 'trying to change destination to19'}}
INFO:root:1721926149.624723,ID:1009,STAGE:3,SEQUENCE:1423,DATA:{'time': 1721926149.614, 'user-id': 'none', 'source': 'HAI Interface', 'destination-index': 3, 'study-stage': -1, 'decision-state': 0, 'vitals-state': 0, 'airspace-state': 0, 'data': {'page': 'checklist', 'action': 'opened page', 'inflight': True}}
INFO:root:1721926150.579069,ID:1009,STAGE:3,SEQUENCE:1423,DATA:{'time': 1721926150.573, 'user-id': '1009', 'source': 'HAI Interface', 'destination-index': '3', 'study-stage': '3', 'decision-state': 0, 'vitals-state': 0, 'airspace-state': 0, 'data': {'page': 'map', 'action': 'selected helipad', 'value': '21'}}
INFO:root:1721926151.812504,ID:1009,STAGE:3,SEQUENCE:1423,DATA:{'time': 1721926151.808, 'user-id': '1009', 'source': 'HAI Interface', 'destination-index': '3', 'study-stage': '3', 'decision-state': 0, 'vitals-state': 0, 'airspace-state': 0, 'data': {'page': 'checklist', 'action': 'toggled checkbox', 'inflight': True, 'item': 0, 'value': 'OFF'}}
INFO:root:1721926152.394741,ID:1009,STAGE:3,SEQUENCE:1423,DATA:{'time': 1721926152.39, 'user-id': '1009', 'source': 'HAI Interface', 'destination-index': '3', 'study-stage': '3', 'decision-state': 0, 'vitals-state': 0, 'airspace-state': 0, 'data': {'page': 'checklist', 'action': 'toggled checkbox', 'inflight': True, 'item': 1, 'value': 'OFF'}}
INFO:root:1721926152.835428,ID:1009,STAGE:3,SEQUENCE:1423,DATA:{'time': 1721926152.819, 'user-id': '1009', 'source': 'HAI Interface', 'destination-index': '3', 'study-stage': '3', 'decision-state': 0, 'vitals-state': 0, 'airspace-state': 0, 'data': {'page': 'checklist', 'action': 'toggled checkbox', 'inflight': True, 'item': 2, 'value': 'OFF'}}
INFO:root:1721926152.842431,ID:1009,STAGE:3,SEQUENCE:1423,DATA:{'time': 1721926152.819, 'user-id': '1009', 'source': 'HAI Interface', 'destination-index': '3', 'study-stage': '3', 'decision-state': 0, 'vitals-state': 0, 'airspace-state': 0, 'data': {'page': 'checklist', 'action': 'showing confirm button', 'inflight': True}}
INFO:root:1721926153.332745,ID:1009,STAGE:3,SEQUENCE:1423,DATA:{'time': 1721926153.329, 'user-id': '1009', 'source': 'HAI Interface', 'destination-index': '3', 'study-stage': '3', 'decision-state': 0, 'vitals-state': 0, 'airspace-state': 0, 'data': {'page': 'checklist', 'action': 'confirm button clicked', 'inflight': True}}
INFO:root:1721926153.665027,ID:1009,STAGE:3,SEQUENCE:1423,DATA:{'time': 1721926153.635, 'user-id': 'none', 'source': 'HAI Interface', 'destination-index': 3, 'study-stage': -1, 'decision-state': 0, 'vitals-state': 0, 'airspace-state': 0, 'data': {'page': 'landing-confirmation', 'action': 'opened page'}}
INFO:root:1721926153.66905,ID:1009,STAGE:3,SEQUENCE:1423,DATA:{'time': 1721926153.636, 'user-id': 'none', 'source': 'HAI Interface', 'destination-index': 3, 'study-stage': -1, 'decision-state': 0, 'vitals-state': 0, 'airspace-state': 0, 'data': {'page': 'landing-confirmation', 'action': 'showing helipad confirm', 'value': 1}}
INFO:root:1721926154.606413,ID:1009,STAGE:3,SEQUENCE:1423,DATA:{'time': 1721926154.603, 'user-id': '1009', 'source': 'HAI Interface', 'destination-index': '3', 'study-stage': '3', 'decision-state': 0, 'vitals-state': 0, 'airspace-state': 0, 'data': {'page': 'map', 'action': 'selected helipad', 'value': '21'}}
INFO:root:1721926155.397976,ID:1009,STAGE:3,SEQUENCE:1423,DATA:{'time': 1721926155.393, 'user-id': '1009', 'source': 'HAI Interface', 'destination-index': '3', 'study-stage': '3', 'decision-state': 0, 'vitals-state': 0, 'airspace-state': 0, 'data': {'page': 'landing-confirmation', 'action': 'checkbox toggle', 'item': 0, 'value': 'ON'}}
INFO:root:1721926155.777347,ID:1009,STAGE:3,SEQUENCE:1423,DATA:{'time': 1721926155.773, 'user-id': '1009', 'source': 'HAI Interface', 'destination-index': '3', 'study-stage': '3', 'decision-state': 0, 'vitals-state': 0, 'airspace-state': 0, 'data': {'page': 'landing-confirmation', 'action': 'checkbox toggle', 'item': 1, 'value': 'ON'}}
INFO:root:1721926156.195237,ID:1009,STAGE:3,SEQUENCE:1423,DATA:{'time': 1721926156.191, 'user-id': '1009', 'source': 'HAI Interface', 'destination-index': '3', 'study-stage': '3', 'decision-state': 0, 'vitals-state': 0, 'airspace-state': 0, 'data': {'page': 'landing-confirmation', 'action': 'confirmed safe to land'}}
INFO:root:1721926156.196745,ID:1009,STAGE:3,SEQUENCE:1423,DATA:{'time': 1721926156.191, 'user-id': '1009', 'source': 'HAI Interface', 'destination-index': '3', 'study-stage': '3', 'decision-state': 0, 'vitals-state': 0, 'airspace-state': 0, 'data': {'page': 'landing-confirmation', 'action': 'showing helipad ready'}}
INFO:root:1721926157.789509,ID:1009,STAGE:3,SEQUENCE:1423,DATA:{'time': 1721926157.785, 'user-id': '1009', 'source': 'HAI Interface', 'destination-index': '3', 'study-stage': '3', 'decision-state': 0, 'vitals-state': 0, 'airspace-state': 0, 'data': {'page': 'landing-confirmation', 'action': 'gave landing confirmation'}}
INFO:root:1721926157.918578,ID:1009,STAGE:3,SEQUENCE:1423,DATA:{'time': 1721926157.903, 'user-id': 'none', 'source': 'HAI Interface', 'destination-index': 3, 'study-stage': -1, 'decision-state': 0, 'vitals-state': 0, 'airspace-state': 0, 'data': {'page': 'landing-countdown', 'action': 'opened page'}}
INFO:root:1721926158.877834,ID:1009,STAGE:3,SEQUENCE:1423,DATA:{'time': 1721926158.874, 'user-id': '1009', 'source': 'HAI Interface', 'destination-index': '3', 'study-stage': '3', 'decision-state': '1', 'vitals-state': 0, 'airspace-state': 0, 'data': {'page': 'map', 'action': 'selected helipad', 'value': '21'}}
INFO:root:1721926158.914669,ID:1009,STAGE:3,SEQUENCE:1423,DATA:{'time': 1721926158.911, 'user-id': '1009', 'source': 'HAI Interface', 'destination-index': '3', 'study-stage': '3', 'decision-state': '1', 'vitals-state': 0, 'airspace-state': 0, 'data': {'page': 'landing-countdown', 'action': 'countdown changed', 'value': 5}}
INFO:root:1721926159.919075,ID:1009,STAGE:3,SEQUENCE:1423,DATA:{'time': 1721926159.916, 'user-id': '1009', 'source': 'HAI Interface', 'destination-index': '3', 'study-stage': '3', 'decision-state': '1', 'vitals-state': 0, 'airspace-state': 0, 'data': {'page': 'landing-countdown', 'action': 'countdown changed', 'value': 4}}
INFO:root:1721926160.909576,ID:1009,STAGE:3,SEQUENCE:1423,DATA:{'time': 1721926160.905, 'user-id': '1009', 'source': 'HAI Interface', 'destination-index': '3', 'study-stage': '3', 'decision-state': '1', 'vitals-state': 0, 'airspace-state': 0, 'data': {'page': 'landing-countdown', 'action': 'countdown changed', 'value': 3}}
INFO:root:1721926161.918874,ID:1009,STAGE:3,SEQUENCE:1423,DATA:{'time': 1721926161.916, 'user-id': '1009', 'source': 'HAI Interface', 'destination-index': '3', 'study-stage': '3', 'decision-state': '1', 'vitals-state': 0, 'airspace-state': 0, 'data': {'page': 'landing-countdown', 'action': 'countdown changed', 'value': 2}}
INFO:root:1721926162.915882,ID:1009,STAGE:3,SEQUENCE:1423,DATA:{'time': 1721926162.912, 'user-id': '1009', 'source': 'HAI Interface', 'destination-index': '3', 'study-stage': '3', 'decision-state': '1', 'vitals-state': 0, 'airspace-state': 0, 'data': {'page': 'landing-countdown', 'action': 'countdown changed', 'value': 1}}
INFO:root:1721926163.912566,ID:1009,STAGE:3,SEQUENCE:1423,DATA:{'time': 1721926163.908, 'user-id': '1009', 'source': 'HAI Interface', 'destination-index': '3', 'study-stage': '3', 'decision-state': '1', 'vitals-state': 0, 'airspace-state': 0, 'data': {'page': 'landing-countdown', 'action': 'countdown changed', 'value': 0}}
INFO:root:1721926164.908168,ID:1009,STAGE:3,SEQUENCE:1423,DATA:{'time': 1721926164.905, 'user-id': '1009', 'source': 'HAI Interface', 'destination-index': '3', 'study-stage': '3', 'decision-state': '1', 'vitals-state': 0, 'airspace-state': 0, 'data': {'page': 'landing-countdown', 'action': 'countdown complete'}}
INFO:root:1721926165.041168,ID:1009,STAGE:3,SEQUENCE:1423,DATA:{'time': 1721926165.009, 'user-id': 'none', 'source': 'HAI Interface', 'destination-index': 3, 'study-stage': -1, 'decision-state': 0, 'vitals-state': 0, 'airspace-state': 0, 'data': {'page': 'landed', 'action': 'opened page'}}
INFO:root:1721926165.985986,ID:1009,STAGE:3,SEQUENCE:1423,DATA:{'time': 1721926165.981, 'user-id': '1009', 'source': 'HAI Interface', 'destination-index': '3', 'study-stage': '3', 'decision-state': '1', 'vitals-state': 0, 'airspace-state': 0, 'data': {'page': 'map', 'action': 'selected helipad', 'value': '21'}}
INFO:SimConnect.SimConnect:SIM Paused
INFO:SimConnect.SimConnect:SIM Paused
INFO:SimConnect.SimConnect:SIM Stop
INFO:SimConnect.SimConnect:SIM START
INFO:SimConnect.SimConnect:SIM Stop
INFO:SimConnect.SimConnect:SIM START
INFO:SimConnect.SimConnect:SIM Unpaused
