INFO:root:SimConnect Error in /var
INFO:SimConnect.SimConnect:SIM OPEN
INFO:root:1721922663.267247,ID:1009,STAGE:1,SEQUENCE:1423,DATA:{'time': 1721922663.262, 'user-id': '1009', 'source': 'HAI Interface', 'destination-index': 'None', 'study-stage': '1', 'decision-state': 0, 'vitals-state': 0, 'airspace-state': 0, 'data': {'page': 'index', 'action': 'confirm button pressed'}}
INFO:root:1721922663.398512,ID:1009,STAGE:1,SEQUENCE:1423,DATA:{'time': 1721922663.389, 'user-id': 'none', 'source': 'HAI Interface', 'destination-index': 3, 'study-stage': -1, 'decision-state': 0, 'vitals-state': 0, 'airspace-state': 0, 'data': {'page': 'location', 'action': 'opened page'}}
INFO:root:Takeoff radiocomms initiated
INFO:comtypes.client._code_cache:Imported existing <module 'comtypes.gen' from 'C:\\Users\\ae-dagbeyibor3\\AppData\\Local\\Programs\\Python\\Python312\\Lib\\site-packages\\comtypes\\gen\\__init__.py'>
INFO:comtypes.client._code_cache:Using writeable comtypes cache directory: 'C:\Users\ae-dagbeyibor3\AppData\Local\Programs\Python\Python312\Lib\site-packages\comtypes\gen'
INFO:root:1721922664.356039,ID:1009,STAGE:1,SEQUENCE:1423,DATA:{'time': 1721922664.349, 'user-id': '1009', 'source': 'HAI Interface', 'destination-index': 'None', 'study-stage': '1', 'decision-state': 0, 'vitals-state': 0, 'airspace-state': 0, 'data': {'page': 'map', 'action': 'selected helipad', 'value': '21'}}
INFO:root:Takeoff radiocomms clear request sent
INFO:root:1721922686.312442,ID:1009,STAGE:1,SEQUENCE:1423,DATA:{'time': 1721922686.308, 'user-id': '1009', 'source': 'HAI Interface', 'destination-index': 'None', 'study-stage': '1', 'decision-state': 0, 'vitals-state': 0, 'airspace-state': 0, 'data': {'page': 'location', 'action': 'confirm button pressed'}}
INFO:root:1721922686.60083,ID:1009,STAGE:1,SEQUENCE:1423,DATA:{'time': 1721922686.591, 'user-id': 'none', 'source': 'HAI Interface', 'destination-index': 3, 'study-stage': -1, 'decision-state': 0, 'vitals-state': 0, 'airspace-state': 0, 'data': {'page': 'checklist', 'action': 'opened page', 'inflight': False}}
INFO:root:1721922687.563875,ID:1009,STAGE:1,SEQUENCE:1423,DATA:{'time': 1721922687.56, 'user-id': '1009', 'source': 'HAI Interface', 'destination-index': '3', 'study-stage': '1', 'decision-state': 0, 'vitals-state': 0, 'airspace-state': 0, 'data': {'page': 'map', 'action': 'selected helipad', 'value': '21'}}
INFO:root:1721922692.7766,ID:1009,STAGE:1,SEQUENCE:1423,DATA:{'time': 1721922692.772, 'user-id': '1009', 'source': 'HAI Interface', 'destination-index': '3', 'study-stage': '1', 'decision-state': 0, 'vitals-state': 0, 'airspace-state': 0, 'data': {'page': 'checklist', 'action': 'toggled checkbox', 'inflight': False, 'item': 0, 'value': 'OFF'}}
INFO:root:1721922702.206302,ID:1009,STAGE:1,SEQUENCE:1423,DATA:{'time': 1721922702.202, 'user-id': '1009', 'source': 'HAI Interface', 'destination-index': '3', 'study-stage': '1', 'decision-state': 0, 'vitals-state': 0, 'airspace-state': 0, 'data': {'page': 'checklist', 'action': 'toggled checkbox', 'inflight': False, 'item': 1, 'value': 'OFF'}}
INFO:root:1721922704.512427,ID:1009,STAGE:1,SEQUENCE:1423,DATA:{'time': 1721922704.508, 'user-id': '1009', 'source': 'HAI Interface', 'destination-index': '3', 'study-stage': '1', 'decision-state': 0, 'vitals-state': 0, 'airspace-state': 0, 'data': {'page': 'checklist', 'action': 'toggled checkbox', 'inflight': False, 'item': 2, 'value': 'OFF'}}
INFO:root:1721922704.514426,ID:1009,STAGE:1,SEQUENCE:1423,DATA:{'time': 1721922704.509, 'user-id': '1009', 'source': 'HAI Interface', 'destination-index': '3', 'study-stage': '1', 'decision-state': 0, 'vitals-state': 0, 'airspace-state': 0, 'data': {'page': 'checklist', 'action': 'showing confirm button', 'inflight': False}}
INFO:root:1721922705.526954,ID:1009,STAGE:1,SEQUENCE:1423,DATA:{'time': 1721922705.523, 'user-id': '1009', 'source': 'HAI Interface', 'destination-index': '3', 'study-stage': '1', 'decision-state': 0, 'vitals-state': 0, 'airspace-state': 0, 'data': {'page': 'checklist', 'action': 'confirm button clicked', 'inflight': False}}
INFO:root:1721922705.656432,ID:1009,STAGE:1,SEQUENCE:1423,DATA:{'time': 1721922705.636, 'user-id': 'none', 'source': 'HAI Interface', 'destination-index': 3, 'study-stage': -1, 'decision-state': 0, 'vitals-state': 0, 'airspace-state': 0, 'data': {'page': 'countdown', 'action': 'opened page'}}
INFO:root:1721922706.604596,ID:1009,STAGE:1,SEQUENCE:1423,DATA:{'time': 1721922706.6, 'user-id': '1009', 'source': 'HAI Interface', 'destination-index': '3', 'study-stage': '1', 'decision-state': 0, 'vitals-state': 0, 'airspace-state': 0, 'data': {'page': 'map', 'action': 'selected helipad', 'value': '21'}}
INFO:root:1721922706.642733,ID:1009,STAGE:1,SEQUENCE:1423,DATA:{'time': 1721922706.639, 'user-id': '1009', 'source': 'HAI Interface', 'destination-index': '3', 'study-stage': '1', 'decision-state': 0, 'vitals-state': 0, 'airspace-state': 0, 'data': {'page': 'countdown', 'action': 'countdown now 4'}}
INFO:root:1721922707.646164,ID:1009,STAGE:1,SEQUENCE:1423,DATA:{'time': 1721922707.642, 'user-id': '1009', 'source': 'HAI Interface', 'destination-index': '3', 'study-stage': '1', 'decision-state': 0, 'vitals-state': 0, 'airspace-state': 0, 'data': {'page': 'countdown', 'action': 'countdown now 3'}}
INFO:root:1721922708.650022,ID:1009,STAGE:1,SEQUENCE:1423,DATA:{'time': 1721922708.644, 'user-id': '1009', 'source': 'HAI Interface', 'destination-index': '3', 'study-stage': '1', 'decision-state': 0, 'vitals-state': 0, 'airspace-state': 0, 'data': {'page': 'countdown', 'action': 'countdown now 2'}}
INFO:root:1721922709.646328,ID:1009,STAGE:1,SEQUENCE:1423,DATA:{'time': 1721922709.642, 'user-id': '1009', 'source': 'HAI Interface', 'destination-index': '3', 'study-stage': '1', 'decision-state': 0, 'vitals-state': 0, 'airspace-state': 0, 'data': {'page': 'countdown', 'action': 'countdown now 1'}}
INFO:root:1721922710.642692,ID:1009,STAGE:1,SEQUENCE:1423,DATA:{'time': 1721922710.638, 'user-id': '1009', 'source': 'HAI Interface', 'destination-index': '3', 'study-stage': '1', 'decision-state': 0, 'vitals-state': 0, 'airspace-state': 0, 'data': {'page': 'countdown', 'action': 'countdown now 0'}}
INFO:root:1721922711.65546,ID:1009,STAGE:1,SEQUENCE:1423,DATA:{'time': 1721922711.65, 'user-id': '1009', 'source': 'HAI Interface', 'destination-index': '3', 'study-stage': '1', 'decision-state': 0, 'vitals-state': 0, 'airspace-state': 0, 'data': {'page': 'countdown', 'action': 'countdown complete'}}
INFO:root:1721922713.039837,ID:1009,STAGE:1,SEQUENCE:1423,DATA:{'time': 1721922713.034, 'user-id': '1009', 'source': 'HAI Interface', 'destination-index': '3', 'study-stage': '1', 'decision-state': 0, 'vitals-state': 0, 'airspace-state': 0, 'data': {'page': 'map', 'action': 'selected helipad', 'value': '21'}}
INFO:root:1721922717.25771,ID:1009,STAGE:1,SEQUENCE:1423,DATA:{'time': 1721922717.25, 'user-id': '1009', 'source': 'HAI Interface', 'destination-index': '3', 'study-stage': '1', 'decision-state': 0, 'vitals-state': 0, 'airspace-state': 0, 'data': {'page': 'emergency', 'action': 'trying to change destination to100'}}
INFO:root:Inflight Radio Update asked
INFO:root:sent request to set radio update complete
INFO:root:1721922722.230039,ID:1009,STAGE:1,SEQUENCE:1423,DATA:{'time': 1721922722.224, 'user-id': '1009', 'source': 'HAI Interface', 'destination-index': '3', 'study-stage': '1', 'decision-state': 0, 'vitals-state': 0, 'airspace-state': 0, 'data': {'page': 'emergency', 'action': 'trying to change destination to19'}}
INFO:root:1721922727.28649,ID:1009,STAGE:1,SEQUENCE:1423,DATA:{'time': 1721922727.281, 'user-id': '1009', 'source': 'HAI Interface', 'destination-index': '3', 'study-stage': '1', 'decision-state': 0, 'vitals-state': 0, 'airspace-state': 0, 'data': {'page': 'emergency', 'action': 'trying to change destination to19'}}
INFO:root:1721922732.291363,ID:1009,STAGE:1,SEQUENCE:1423,DATA:{'time': 1721922732.28, 'user-id': '1009', 'source': 'HAI Interface', 'destination-index': '3', 'study-stage': '1', 'decision-state': 0, 'vitals-state': 0, 'airspace-state': 0, 'data': {'page': 'emergency', 'action': 'trying to change destination to19'}}
INFO:root:1721922737.245554,ID:1009,STAGE:1,SEQUENCE:1423,DATA:{'time': 1721922737.236, 'user-id': '1009', 'source': 'HAI Interface', 'destination-index': '3', 'study-stage': '1', 'decision-state': 0, 'vitals-state': 0, 'airspace-state': 0, 'data': {'page': 'emergency', 'action': 'trying to change destination to19'}}
INFO:root:1721922742.277755,ID:1009,STAGE:1,SEQUENCE:1423,DATA:{'time': 1721922742.268, 'user-id': '1009', 'source': 'HAI Interface', 'destination-index': '3', 'study-stage': '1', 'decision-state': 0, 'vitals-state': 0, 'airspace-state': 0, 'data': {'page': 'emergency', 'action': 'trying to change destination to19'}}
INFO:root:1721922747.238178,ID:1009,STAGE:1,SEQUENCE:1423,DATA:{'time': 1721922747.229, 'user-id': '1009', 'source': 'HAI Interface', 'destination-index': '3', 'study-stage': '1', 'decision-state': 0, 'vitals-state': 0, 'airspace-state': 0, 'data': {'page': 'emergency', 'action': 'trying to change destination to19'}}
INFO:root:1721922752.252785,ID:1009,STAGE:1,SEQUENCE:1423,DATA:{'time': 1721922752.241, 'user-id': '1009', 'source': 'HAI Interface', 'destination-index': '3', 'study-stage': '1', 'decision-state': 0, 'vitals-state': 0, 'airspace-state': 0, 'data': {'page': 'emergency', 'action': 'trying to change destination to19'}}
INFO:root:1721922757.273946,ID:1009,STAGE:1,SEQUENCE:1423,DATA:{'time': 1721922757.263, 'user-id': '1009', 'source': 'HAI Interface', 'destination-index': '3', 'study-stage': '1', 'decision-state': 0, 'vitals-state': 0, 'airspace-state': 0, 'data': {'page': 'emergency', 'action': 'trying to change destination to19'}}
INFO:root:1721922761.444459,ID:1009,STAGE:1,SEQUENCE:1423,DATA:{'time': 1721922761.43, 'user-id': '1009', 'source': 'HAI Interface', 'destination-index': '3', 'study-stage': '1', 'decision-state': 0, 'vitals-state': 0, 'airspace-state': 0, 'data': {'action': 'radio panel opened'}}
INFO:root:1721922762.240497,ID:1009,STAGE:1,SEQUENCE:1423,DATA:{'time': 1721922762.232, 'user-id': '1009', 'source': 'HAI Interface', 'destination-index': '3', 'study-stage': '1', 'decision-state': 0, 'vitals-state': 0, 'airspace-state': 0, 'data': {'page': 'emergency', 'action': 'trying to change destination to19'}}
INFO:root:1721922765.486988,ID:1009,STAGE:1,SEQUENCE:1423,DATA:{'time': 1721922765.481, 'user-id': '1009', 'source': 'HAI Interface', 'destination-index': '3', 'study-stage': '1', 'decision-state': 0, 'vitals-state': 0, 'airspace-state': 0, 'data': {'page': 'inflight', 'action': 'displaying vitals prompt'}}
INFO:root:1721922767.217856,ID:1009,STAGE:1,SEQUENCE:1423,DATA:{'time': 1721922767.207, 'user-id': '1009', 'source': 'HAI Interface', 'destination-index': '3', 'study-stage': '1', 'decision-state': 0, 'vitals-state': 0, 'airspace-state': 0, 'data': {'page': 'emergency', 'action': 'trying to change destination to19'}}
INFO:root:1721922772.260255,ID:1009,STAGE:1,SEQUENCE:1423,DATA:{'time': 1721922772.255, 'user-id': '1009', 'source': 'HAI Interface', 'destination-index': '3', 'study-stage': '1', 'decision-state': 0, 'vitals-state': 0, 'airspace-state': 0, 'data': {'page': 'emergency', 'action': 'trying to change destination to19'}}
INFO:root:1721922777.23676,ID:1009,STAGE:1,SEQUENCE:1423,DATA:{'time': 1721922777.23, 'user-id': '1009', 'source': 'HAI Interface', 'destination-index': '3', 'study-stage': '1', 'decision-state': 0, 'vitals-state': 0, 'airspace-state': 0, 'data': {'page': 'emergency', 'action': 'trying to change destination to19'}}
INFO:root:1721922782.249135,ID:1009,STAGE:1,SEQUENCE:1423,DATA:{'time': 1721922782.241, 'user-id': '1009', 'source': 'HAI Interface', 'destination-index': '3', 'study-stage': '1', 'decision-state': 0, 'vitals-state': 0, 'airspace-state': 0, 'data': {'page': 'emergency', 'action': 'trying to change destination to19'}}
INFO:root:1721922783.102503,ID:1009,STAGE:1,SEQUENCE:1423,DATA:{'time': 1721922783.098, 'user-id': '1009', 'source': 'HAI Interface', 'destination-index': '3', 'study-stage': '1', 'decision-state': 0, 'vitals-state': 0, 'airspace-state': 0, 'data': {'action': 'transmit button pressed'}}
INFO:root:1721922783.105013,ID:1009,STAGE:1,SEQUENCE:1423,DATA:{'time': 1721922783.098, 'user-id': '1009', 'source': 'HAI Interface', 'destination-index': '3', 'study-stage': '1', 'decision-state': 0, 'vitals-state': 0, 'airspace-state': 0, 'data': {'action': 'callsign set to: + NASXGS'}}
INFO:root:1721922783.10601,ID:1009,STAGE:1,SEQUENCE:1423,DATA:{'time': 1721922783.098, 'user-id': '1009', 'source': 'HAI Interface', 'destination-index': '3', 'study-stage': '1', 'decision-state': 0, 'vitals-state': 0, 'airspace-state': 0, 'data': {'action': 'radio set to:Comm1'}}
INFO:root:1721922783.112361,ID:1009,STAGE:1,SEQUENCE:1423,DATA:{'time': 1721922783.099, 'user-id': '1009', 'source': 'HAI Interface', 'destination-index': '3', 'study-stage': '1', 'decision-state': 0, 'vitals-state': 0, 'airspace-state': 0, 'data': {'page': 'map', 'action': 'show map'}}
INFO:root:1721922783.115353,ID:1009,STAGE:1,SEQUENCE:1423,DATA:{'time': 1721922783.099, 'user-id': '1009', 'source': 'HAI Interface', 'destination-index': '3', 'study-stage': '1', 'decision-state': 0, 'vitals-state': 0, 'airspace-state': 0, 'data': {'page': 'map', 'action': 'selected helipad', 'value': '21'}}
INFO:root:1721922783.11735,ID:1009,STAGE:1,SEQUENCE:1423,DATA:{'time': 1721922783.109, 'user-id': '1009', 'source': 'HAI Interface', 'destination-index': '3', 'study-stage': '1', 'decision-state': 0, 'vitals-state': 0, 'airspace-state': 0, 'data': {'action': 'NASXGStransmitting updates onComm1123.45 MHz'}}
INFO:root:1721922787.282937,ID:1009,STAGE:1,SEQUENCE:1423,DATA:{'time': 1721922787.276, 'user-id': '1009', 'source': 'HAI Interface', 'destination-index': '3', 'study-stage': '1', 'decision-state': 0, 'vitals-state': 0, 'airspace-state': 0, 'data': {'page': 'emergency', 'action': 'trying to change destination to19'}}
INFO:root:1721922792.264392,ID:1009,STAGE:1,SEQUENCE:1423,DATA:{'time': 1721922792.256, 'user-id': '1009', 'source': 'HAI Interface', 'destination-index': '3', 'study-stage': '1', 'decision-state': 0, 'vitals-state': 0, 'airspace-state': 0, 'data': {'page': 'emergency', 'action': 'trying to change destination to19'}}
INFO:root:1721922797.254681,ID:1009,STAGE:1,SEQUENCE:1423,DATA:{'time': 1721922797.245, 'user-id': '1009', 'source': 'HAI Interface', 'destination-index': '3', 'study-stage': '1', 'decision-state': 0, 'vitals-state': 0, 'airspace-state': 0, 'data': {'page': 'emergency', 'action': 'trying to change destination to19'}}
INFO:root:1721922802.326215,ID:1009,STAGE:1,SEQUENCE:1423,DATA:{'time': 1721922802.321, 'user-id': '1009', 'source': 'HAI Interface', 'destination-index': '3', 'study-stage': '1', 'decision-state': 0, 'vitals-state': 0, 'airspace-state': 0, 'data': {'page': 'emergency', 'action': 'trying to change destination to19'}}
INFO:root:1721922807.2526,ID:1009,STAGE:1,SEQUENCE:1423,DATA:{'time': 1721922807.247, 'user-id': '1009', 'source': 'HAI Interface', 'destination-index': '3', 'study-stage': '1', 'decision-state': 0, 'vitals-state': 0, 'airspace-state': 0, 'data': {'page': 'emergency', 'action': 'trying to change destination to19'}}
INFO:root:1721922812.257888,ID:1009,STAGE:1,SEQUENCE:1423,DATA:{'time': 1721922812.249, 'user-id': '1009', 'source': 'HAI Interface', 'destination-index': '3', 'study-stage': '1', 'decision-state': 0, 'vitals-state': 0, 'airspace-state': 0, 'data': {'page': 'emergency', 'action': 'trying to change destination to19'}}
INFO:root:1721922817.246995,ID:1009,STAGE:1,SEQUENCE:1423,DATA:{'time': 1721922817.239, 'user-id': '1009', 'source': 'HAI Interface', 'destination-index': '3', 'study-stage': '1', 'decision-state': 0, 'vitals-state': 0, 'airspace-state': 0, 'data': {'page': 'emergency', 'action': 'trying to change destination to19'}}
INFO:root:Inflight Radio Update asked
INFO:root:sent request to set radio update complete
INFO:root:1721922821.782399,ID:1009,STAGE:1,SEQUENCE:1423,DATA:{'time': 1721922821.778, 'user-id': '1009', 'source': 'HAI Interface', 'destination-index': '3', 'study-stage': '1', 'decision-state': 0, 'vitals-state': 0, 'airspace-state': 0, 'data': {'page': 'map', 'action': 'hide map'}}
INFO:root:1721922822.260687,ID:1009,STAGE:1,SEQUENCE:1423,DATA:{'time': 1721922822.253, 'user-id': '1009', 'source': 'HAI Interface', 'destination-index': '3', 'study-stage': '1', 'decision-state': 0, 'vitals-state': 0, 'airspace-state': 0, 'data': {'page': 'emergency', 'action': 'trying to change destination to19'}}
INFO:root:1721922827.271875,ID:1009,STAGE:1,SEQUENCE:1423,DATA:{'time': 1721922827.262, 'user-id': '1009', 'source': 'HAI Interface', 'destination-index': '3', 'study-stage': '1', 'decision-state': 0, 'vitals-state': 0, 'airspace-state': 0, 'data': {'page': 'emergency', 'action': 'trying to change destination to19'}}
INFO:root:1721922832.27077,ID:1009,STAGE:1,SEQUENCE:1423,DATA:{'time': 1721922832.266, 'user-id': '1009', 'source': 'HAI Interface', 'destination-index': '3', 'study-stage': '1', 'decision-state': 0, 'vitals-state': 0, 'airspace-state': 0, 'data': {'page': 'emergency', 'action': 'trying to change destination to19'}}
INFO:root:1721922836.412443,ID:1009,STAGE:1,SEQUENCE:1423,DATA:{'time': 1721922836.403, 'source': 'VitalsTask', 'timer': 1824.861, 'data': {'sensor': 'Blood Pressure', 'action': 'capture', 'data': 'action button pressed'}}
INFO:root:1721922836.415436,ID:1009,STAGE:1,SEQUENCE:1423,DATA:{'time': 1721922836.403, 'source': 'VitalsTask', 'timer': 1824.861, 'data': {'sensor': 'Blood Pressure', 'action': 'capture', 'data': 'starting sensor action'}}
INFO:root:1721922837.230166,ID:1009,STAGE:1,SEQUENCE:1423,DATA:{'time': 1721922837.225, 'user-id': '1009', 'source': 'HAI Interface', 'destination-index': '3', 'study-stage': '1', 'decision-state': 0, 'vitals-state': 0, 'airspace-state': 0, 'data': {'page': 'emergency', 'action': 'trying to change destination to19'}}
INFO:root:1721922837.428359,ID:1009,STAGE:1,SEQUENCE:1423,DATA:{'time': 1721922837.42, 'source': 'VitalsTask', 'timer': 1825.878, 'data': {'sensor': 'Blood Pressure', 'action': 'capture', 'data': 'sensor action complete'}}
INFO:root:1721922837.42936,ID:1009,STAGE:1,SEQUENCE:1423,DATA:{'time': 1721922837.421, 'source': 'VitalsTask', 'timer': 1825.879, 'data': {'sensor': 'Blood Pressure', 'action': 'keypad open'}}
INFO:root:1721922840.707053,ID:1009,STAGE:1,SEQUENCE:1423,DATA:{'time': 1721922840.701, 'source': 'VitalsTask', 'timer': 1829.159, 'data': {'sensor': 'Blood Pressure', 'action': 'keypad press', 'key': 1, 'value': 1}}
INFO:root:1721922841.747416,ID:1009,STAGE:1,SEQUENCE:1423,DATA:{'time': 1721922841.742, 'source': 'VitalsTask', 'timer': 1830.2, 'data': {'sensor': 'Blood Pressure', 'action': 'keypad press', 'key': 2, 'value': 12}}
INFO:root:1721922842.247153,ID:1009,STAGE:1,SEQUENCE:1423,DATA:{'time': 1721922842.24, 'user-id': '1009', 'source': 'HAI Interface', 'destination-index': '3', 'study-stage': '1', 'decision-state': 0, 'vitals-state': 0, 'airspace-state': 0, 'data': {'page': 'emergency', 'action': 'trying to change destination to19'}}
INFO:root:1721922843.096113,ID:1009,STAGE:1,SEQUENCE:1423,DATA:{'time': 1721922843.082, 'source': 'VitalsTask', 'timer': 1831.54, 'data': {'sensor': 'Blood Pressure', 'action': 'keypad press', 'key': 11, 'value': 120}}
INFO:root:1721922843.352764,ID:1009,STAGE:1,SEQUENCE:1423,DATA:{'time': 1721922843.346, 'source': 'VitalsTask', 'timer': 1831.804, 'data': {'sensor': 'Blood Pressure', 'action': 'keypad press', 'key': 11, 'value': 1200}}
INFO:root:1721922846.017965,ID:1009,STAGE:1,SEQUENCE:1423,DATA:{'time': 1721922845.998, 'source': 'VitalsTask', 'timer': 1834.456, 'data': {'sensor': 'Blood Pressure', 'action': 'keypad press', 'key': 12, 'value': 120}}
INFO:root:1721922847.267009,ID:1009,STAGE:1,SEQUENCE:1423,DATA:{'time': 1721922847.261, 'user-id': '1009', 'source': 'HAI Interface', 'destination-index': '3', 'study-stage': '1', 'decision-state': 0, 'vitals-state': 0, 'airspace-state': 0, 'data': {'page': 'emergency', 'action': 'trying to change destination to19'}}
INFO:root:1721922847.328533,ID:1009,STAGE:1,SEQUENCE:1423,DATA:{'time': 1721922847.321, 'source': 'VitalsTask', 'timer': 1835.779, 'data': {'sensor': 'Blood Pressure', 'action': 'keypad press', 'key': 8, 'value': 1208}}
INFO:root:1721922848.224714,ID:1009,STAGE:1,SEQUENCE:1423,DATA:{'time': 1721922848.216, 'source': 'VitalsTask', 'timer': 1836.674, 'data': {'sensor': 'Blood Pressure', 'action': 'keypad press', 'key': 11, 'value': 12080}}
INFO:root:1721922848.87084,ID:1009,STAGE:1,SEQUENCE:1423,DATA:{'time': 1721922848.861, 'source': 'VitalsTask', 'timer': 1837.319, 'data': {'sensor': 'Blood Pressure', 'action': 'keypad press', 'key': 11, 'value': 120800}}
INFO:root:1721922851.161495,ID:1009,STAGE:1,SEQUENCE:1423,DATA:{'time': 1721922851.154, 'source': 'VitalsTask', 'timer': 1839.612, 'data': {'sensor': 'Blood Pressure', 'action': 'keypad press', 'key': 12, 'value': 12080}}
INFO:root:1721922852.295308,ID:1009,STAGE:1,SEQUENCE:1423,DATA:{'time': 1721922852.29, 'user-id': '1009', 'source': 'HAI Interface', 'destination-index': '3', 'study-stage': '1', 'decision-state': 0, 'vitals-state': 0, 'airspace-state': 0, 'data': {'page': 'emergency', 'action': 'trying to change destination to19'}}
INFO:root:1721922853.323362,ID:1009,STAGE:1,SEQUENCE:1423,DATA:{'time': 1721922853.311, 'source': 'VitalsTask', 'timer': 1841.769, 'data': {'sensor': 'Blood Pressure', 'action': 'show action buttons'}}
INFO:root:1721922853.324871,ID:1009,STAGE:1,SEQUENCE:1423,DATA:{'time': 1721922853.311, 'source': 'VitalsTask', 'timer': 1841.769, 'data': {'sensor': 'Blood Pressure', 'action': 'keypad press', 'key': 10, 'value': 12080}}
INFO:root:1721922856.80436,ID:1009,STAGE:1,SEQUENCE:1423,DATA:{'time': 1721922856.797, 'source': 'VitalsTask', 'timer': 1845.255, 'data': {'sensor': 'Blood Pressure', 'action': 'log', 'data': 'action button pressed'}}
INFO:root:1721922856.807352,ID:1009,STAGE:1,SEQUENCE:1423,DATA:{'time': 1721922856.797, 'source': 'VitalsTask', 'timer': 1845.255, 'data': {'sensor': 'Blood Pressure', 'action': 'log', 'data': 'starting sensor action'}}
INFO:root:1721922857.143685,ID:1009,STAGE:1,SEQUENCE:1423,DATA:{'time': 1721922857.137, 'source': 'VitalsTask', 'timer': 1845.595, 'data': {'sensor': 'Blood Pressure', 'action': 'log', 'data': 'action button pressed'}}
INFO:root:1721922857.14568,ID:1009,STAGE:1,SEQUENCE:1423,DATA:{'time': 1721922857.138, 'source': 'VitalsTask', 'timer': 1845.596, 'data': {'sensor': 'Blood Pressure', 'action': 'log', 'data': 'a sensor action is in progress, cancelling'}}
INFO:root:1721922857.250979,ID:1009,STAGE:1,SEQUENCE:1423,DATA:{'time': 1721922857.246, 'user-id': '1009', 'source': 'HAI Interface', 'destination-index': '3', 'study-stage': '1', 'decision-state': 0, 'vitals-state': 0, 'airspace-state': 0, 'data': {'page': 'emergency', 'action': 'trying to change destination to19'}}
INFO:root:1721922857.818583,ID:1009,STAGE:1,SEQUENCE:1423,DATA:{'time': 1721922857.811, 'source': 'VitalsTask', 'timer': 1846.269, 'data': {'sensor': 'Blood Pressure', 'action': 'log', 'data': 'sensor action complete'}}
INFO:root:1721922858.900791,ID:1009,STAGE:1,SEQUENCE:1423,DATA:{'time': 1721922858.893, 'source': 'VitalsTask', 'timer': 1847.351, 'data': {'sensor': 'Blood Pressure', 'action': 'save', 'data': 'action button pressed'}}
INFO:root:1721922858.903782,ID:1009,STAGE:1,SEQUENCE:1423,DATA:{'time': 1721922858.894, 'source': 'VitalsTask', 'timer': 1847.352, 'data': {'sensor': 'Blood Pressure', 'action': 'save', 'data': 'starting sensor action'}}
INFO:root:1721922859.915102,ID:1009,STAGE:1,SEQUENCE:1423,DATA:{'time': 1721922859.907, 'source': 'VitalsTask', 'timer': 1848.365, 'data': {'sensor': 'Blood Pressure', 'action': 'save', 'data': 'sensor action complete'}}
INFO:root:1721922862.283647,ID:1009,STAGE:1,SEQUENCE:1423,DATA:{'time': 1721922862.278, 'user-id': '1009', 'source': 'HAI Interface', 'destination-index': '3', 'study-stage': '1', 'decision-state': 0, 'vitals-state': 0, 'airspace-state': 0, 'data': {'page': 'emergency', 'action': 'trying to change destination to19'}}
INFO:root:1721922863.439697,ID:1009,STAGE:1,SEQUENCE:1423,DATA:{'time': 1721922863.431, 'source': 'VitalsTask', 'timer': 1851.889, 'data': {'sensor': 'Heart Rate', 'action': 'opened sensor tab'}}
INFO:root:1721922863.827565,ID:1009,STAGE:1,SEQUENCE:1423,DATA:{'time': 1721922863.824, 'user-id': '1009', 'source': 'HAI Interface', 'destination-index': '3', 'study-stage': '1', 'decision-state': 0, 'vitals-state': 0, 'airspace-state': 0, 'data': {'page': 'inflight', 'action': 'displaying vitals prompt'}}
INFO:root:1721922867.260672,ID:1009,STAGE:1,SEQUENCE:1423,DATA:{'time': 1721922867.255, 'user-id': '1009', 'source': 'HAI Interface', 'destination-index': '3', 'study-stage': '1', 'decision-state': 0, 'vitals-state': 0, 'airspace-state': 0, 'data': {'page': 'emergency', 'action': 'trying to change destination to19'}}
INFO:root:1721922868.895746,ID:1009,STAGE:1,SEQUENCE:1423,DATA:{'time': 1721922868.886, 'source': 'VitalsTask', 'timer': 1857.344, 'data': {'sensor': 'Heart Rate', 'action': 'capture', 'data': 'action button pressed'}}
INFO:root:1721922868.896745,ID:1009,STAGE:1,SEQUENCE:1423,DATA:{'time': 1721922868.886, 'source': 'VitalsTask', 'timer': 1857.344, 'data': {'sensor': 'Heart Rate', 'action': 'capture', 'data': 'starting sensor action'}}
INFO:root:1721922869.916344,ID:1009,STAGE:1,SEQUENCE:1423,DATA:{'time': 1721922869.906, 'source': 'VitalsTask', 'timer': 1858.364, 'data': {'sensor': 'Heart Rate', 'action': 'capture', 'data': 'sensor action complete'}}
INFO:root:1721922869.921332,ID:1009,STAGE:1,SEQUENCE:1423,DATA:{'time': 1721922869.906, 'source': 'VitalsTask', 'timer': 1858.364, 'data': {'sensor': 'Heart Rate', 'action': 'keypad open'}}
INFO:root:1721922871.263553,ID:1009,STAGE:1,SEQUENCE:1423,DATA:{'time': 1721922871.254, 'source': 'VitalsTask', 'timer': 1859.712, 'data': {'sensor': 'Heart Rate', 'action': 'keypad press', 'key': 5, 'value': 5}}
INFO:root:1721922871.686298,ID:1009,STAGE:1,SEQUENCE:1423,DATA:{'time': 1721922871.679, 'source': 'VitalsTask', 'timer': 1860.137, 'data': {'sensor': 'Heart Rate', 'action': 'keypad press', 'key': 5, 'value': 55}}
INFO:root:1721922872.233124,ID:1009,STAGE:1,SEQUENCE:1423,DATA:{'time': 1721922872.225, 'user-id': '1009', 'source': 'HAI Interface', 'destination-index': '3', 'study-stage': '1', 'decision-state': 0, 'vitals-state': 0, 'airspace-state': 0, 'data': {'page': 'emergency', 'action': 'trying to change destination to19'}}
INFO:root:1721922873.928699,ID:1009,STAGE:1,SEQUENCE:1423,DATA:{'time': 1721922873.917, 'source': 'VitalsTask', 'timer': 1862.375, 'data': {'sensor': 'Heart Rate', 'action': 'show action buttons'}}
INFO:root:1721922873.931202,ID:1009,STAGE:1,SEQUENCE:1423,DATA:{'time': 1721922873.918, 'source': 'VitalsTask', 'timer': 1862.376, 'data': {'sensor': 'Heart Rate', 'action': 'keypad press', 'key': 10, 'value': 55}}
INFO:root:1721922876.572861,ID:1009,STAGE:1,SEQUENCE:1423,DATA:{'time': 1721922876.562, 'source': 'VitalsTask', 'timer': 1865.02, 'data': {'sensor': 'Heart Rate', 'action': 'log', 'data': 'action button pressed'}}
INFO:root:1721922876.575854,ID:1009,STAGE:1,SEQUENCE:1423,DATA:{'time': 1721922876.563, 'source': 'VitalsTask', 'timer': 1865.021, 'data': {'sensor': 'Heart Rate', 'action': 'log', 'data': 'starting sensor action'}}
INFO:root:1721922877.309324,ID:1009,STAGE:1,SEQUENCE:1423,DATA:{'time': 1721922877.302, 'user-id': '1009', 'source': 'HAI Interface', 'destination-index': '3', 'study-stage': '1', 'decision-state': 0, 'vitals-state': 0, 'airspace-state': 0, 'data': {'page': 'emergency', 'action': 'trying to change destination to19'}}
INFO:root:1721922877.591696,ID:1009,STAGE:1,SEQUENCE:1423,DATA:{'time': 1721922877.581, 'source': 'VitalsTask', 'timer': 1866.039, 'data': {'sensor': 'Heart Rate', 'action': 'log', 'data': 'sensor action complete'}}
INFO:root:1721922877.889424,ID:1009,STAGE:1,SEQUENCE:1423,DATA:{'time': 1721922877.878, 'source': 'VitalsTask', 'timer': 1866.336, 'data': {'sensor': 'Heart Rate', 'action': 'save', 'data': 'action button pressed'}}
INFO:root:1721922877.891463,ID:1009,STAGE:1,SEQUENCE:1423,DATA:{'time': 1721922877.878, 'source': 'VitalsTask', 'timer': 1866.336, 'data': {'sensor': 'Heart Rate', 'action': 'save', 'data': 'starting sensor action'}}
INFO:root:1721922878.902698,ID:1009,STAGE:1,SEQUENCE:1423,DATA:{'time': 1721922878.892, 'source': 'VitalsTask', 'timer': 1867.35, 'data': {'sensor': 'Heart Rate', 'action': 'save', 'data': 'sensor action complete'}}
INFO:root:1721922882.329967,ID:1009,STAGE:1,SEQUENCE:1423,DATA:{'time': 1721922882.306, 'user-id': '1009', 'source': 'HAI Interface', 'destination-index': '3', 'study-stage': '1', 'decision-state': 0, 'vitals-state': 0, 'airspace-state': 0, 'data': {'page': 'emergency', 'action': 'trying to change destination to19'}}
INFO:root:1721922883.300427,ID:1009,STAGE:1,SEQUENCE:1423,DATA:{'time': 1721922883.293, 'source': 'VitalsTask', 'timer': 1871.751, 'data': {'sensor': 'O\u2082 Saturation', 'action': 'opened sensor tab'}}
INFO:root:1721922885.293488,ID:1009,STAGE:1,SEQUENCE:1423,DATA:{'time': 1721922885.287, 'source': 'VitalsTask', 'timer': 1873.745, 'data': {'sensor': 'O\u2082 Saturation', 'action': 'opened sensor tab'}}
INFO:root:1721922886.449007,ID:1009,STAGE:1,SEQUENCE:1423,DATA:{'time': 1721922886.441, 'source': 'VitalsTask', 'timer': 1874.899, 'data': {'sensor': 'O\u2082 Saturation', 'action': 'capture', 'data': 'action button pressed'}}
INFO:root:1721922886.452511,ID:1009,STAGE:1,SEQUENCE:1423,DATA:{'time': 1721922886.441, 'source': 'VitalsTask', 'timer': 1874.899, 'data': {'sensor': 'O\u2082 Saturation', 'action': 'capture', 'data': 'starting sensor action'}}
INFO:root:1721922887.461093,ID:1009,STAGE:1,SEQUENCE:1423,DATA:{'time': 1721922887.453, 'source': 'VitalsTask', 'timer': 1875.911, 'data': {'sensor': 'O\u2082 Saturation', 'action': 'capture', 'data': 'sensor action complete'}}
INFO:root:1721922887.464085,ID:1009,STAGE:1,SEQUENCE:1423,DATA:{'time': 1721922887.454, 'source': 'VitalsTask', 'timer': 1875.912, 'data': {'sensor': 'O\u2082 Saturation', 'action': 'keypad open'}}
INFO:root:1721922887.755092,ID:1009,STAGE:1,SEQUENCE:1423,DATA:{'time': 1721922887.75, 'user-id': '1009', 'source': 'HAI Interface', 'destination-index': '3', 'study-stage': '1', 'decision-state': 0, 'vitals-state': 0, 'airspace-state': 0, 'data': {'page': 'emergency', 'action': 'trying to change destination to19'}}
INFO:root:1721922888.554932,ID:1009,STAGE:1,SEQUENCE:1423,DATA:{'time': 1721922888.545, 'source': 'VitalsTask', 'timer': 1877.003, 'data': {'sensor': 'O\u2082 Saturation', 'action': 'keypad press', 'key': 1, 'value': 1}}
INFO:root:1721922890.338542,ID:1009,STAGE:1,SEQUENCE:1423,DATA:{'time': 1721922890.33, 'source': 'VitalsTask', 'timer': 1878.788, 'data': {'sensor': 'O\u2082 Saturation', 'action': 'keypad press', 'key': 11, 'value': 10}}
INFO:root:1721922890.609399,ID:1009,STAGE:1,SEQUENCE:1423,DATA:{'time': 1721922890.595, 'source': 'VitalsTask', 'timer': 1879.053, 'data': {'sensor': 'O\u2082 Saturation', 'action': 'keypad press', 'key': 11, 'value': 100}}
INFO:root:1721922890.940885,ID:1009,STAGE:1,SEQUENCE:1423,DATA:{'time': 1721922890.933, 'source': 'VitalsTask', 'timer': 1879.391, 'data': {'sensor': 'O\u2082 Saturation', 'action': 'keypad press', 'key': 11, 'value': 1000}}
INFO:root:1721922892.324008,ID:1009,STAGE:1,SEQUENCE:1423,DATA:{'time': 1721922892.319, 'user-id': '1009', 'source': 'HAI Interface', 'destination-index': '3', 'study-stage': '1', 'decision-state': 0, 'vitals-state': 0, 'airspace-state': 0, 'data': {'page': 'emergency', 'action': 'trying to change destination to19'}}
INFO:root:1721922893.662922,ID:1009,STAGE:1,SEQUENCE:1423,DATA:{'time': 1721922893.657, 'source': 'VitalsTask', 'timer': 1882.115, 'data': {'sensor': 'O\u2082 Saturation', 'action': 'keypad press', 'key': 12, 'value': 100}}
INFO:root:1721922895.628543,ID:1009,STAGE:1,SEQUENCE:1423,DATA:{'time': 1721922895.621, 'source': 'VitalsTask', 'timer': 1884.079, 'data': {'sensor': 'O\u2082 Saturation', 'action': 'show action buttons'}}
INFO:root:1721922895.631534,ID:1009,STAGE:1,SEQUENCE:1423,DATA:{'time': 1721922895.621, 'source': 'VitalsTask', 'timer': 1884.079, 'data': {'sensor': 'O\u2082 Saturation', 'action': 'keypad press', 'key': 10, 'value': 100}}
INFO:root:1721922897.261726,ID:1009,STAGE:1,SEQUENCE:1423,DATA:{'time': 1721922897.257, 'user-id': '1009', 'source': 'HAI Interface', 'destination-index': '3', 'study-stage': '1', 'decision-state': 0, 'vitals-state': 0, 'airspace-state': 0, 'data': {'page': 'emergency', 'action': 'trying to change destination to19'}}
INFO:root:1721922897.617289,ID:1009,STAGE:1,SEQUENCE:1423,DATA:{'time': 1721922897.609, 'source': 'VitalsTask', 'timer': 1886.067, 'data': {'sensor': 'O\u2082 Saturation', 'action': 'log', 'data': 'action button pressed'}}
INFO:root:1721922897.621788,ID:1009,STAGE:1,SEQUENCE:1423,DATA:{'time': 1721922897.61, 'source': 'VitalsTask', 'timer': 1886.068, 'data': {'sensor': 'O\u2082 Saturation', 'action': 'log', 'data': 'starting sensor action'}}
INFO:root:1721922898.631711,ID:1009,STAGE:1,SEQUENCE:1423,DATA:{'time': 1721922898.625, 'source': 'VitalsTask', 'timer': 1887.083, 'data': {'sensor': 'O\u2082 Saturation', 'action': 'log', 'data': 'sensor action complete'}}
INFO:root:1721922899.709422,ID:1009,STAGE:1,SEQUENCE:1423,DATA:{'time': 1721922899.703, 'source': 'VitalsTask', 'timer': 1888.161, 'data': {'sensor': 'O\u2082 Saturation', 'action': 'save', 'data': 'action button pressed'}}
INFO:root:1721922899.713653,ID:1009,STAGE:1,SEQUENCE:1423,DATA:{'time': 1721922899.703, 'source': 'VitalsTask', 'timer': 1888.161, 'data': {'sensor': 'O\u2082 Saturation', 'action': 'save', 'data': 'starting sensor action'}}
INFO:root:1721922900.73098,ID:1009,STAGE:1,SEQUENCE:1423,DATA:{'time': 1721922900.72, 'source': 'VitalsTask', 'timer': 1889.178, 'data': {'sensor': 'O\u2082 Saturation', 'action': 'save', 'data': 'sensor action complete'}}
INFO:root:1721922902.247191,ID:1009,STAGE:1,SEQUENCE:1423,DATA:{'time': 1721922902.238, 'user-id': '1009', 'source': 'HAI Interface', 'destination-index': '3', 'study-stage': '1', 'decision-state': 0, 'vitals-state': 0, 'airspace-state': 0, 'data': {'page': 'emergency', 'action': 'trying to change destination to19'}}
INFO:root:1721922902.575756,ID:1009,STAGE:1,SEQUENCE:1423,DATA:{'time': 1721922902.565, 'source': 'VitalsTask', 'timer': 1891.023, 'data': {'sensor': 'submit', 'action': 'submit'}}
INFO:root:1721922902.588798,ID:1009,STAGE:1,SEQUENCE:1423,DATA:{'time': 1721922902.567, 'source': 'VitalsTask', 'timer': 1891.025, 'data': {'sensor': 'submit', 'action': 'submit', 'data': 'submit succeeded'}}
INFO:root:1721922907.279219,ID:1009,STAGE:1,SEQUENCE:1423,DATA:{'time': 1721922907.275, 'user-id': '1009', 'source': 'HAI Interface', 'destination-index': '3', 'study-stage': '1', 'decision-state': 0, 'vitals-state': 0, 'airspace-state': 0, 'data': {'page': 'emergency', 'action': 'trying to change destination to19'}}
INFO:root:1721922908.814138,ID:1009,STAGE:1,SEQUENCE:1423,DATA:{'time': 1721922908.808, 'user-id': '1009', 'source': 'HAI Interface', 'destination-index': '3', 'study-stage': '1', 'decision-state': 0, 'vitals-state': 0, 'airspace-state': 0, 'data': {'page': 'inflight', 'action': 'user acknowledged vitals prompt'}}
INFO:root:1721922912.228788,ID:1009,STAGE:1,SEQUENCE:1423,DATA:{'time': 1721922912.225, 'user-id': '1009', 'source': 'HAI Interface', 'destination-index': '3', 'study-stage': '1', 'decision-state': 0, 'vitals-state': 0, 'airspace-state': 0, 'data': {'page': 'emergency', 'action': 'trying to change destination to19'}}
INFO:root:Inflight Radio Update asked
INFO:root:1721922917.252276,ID:1009,STAGE:1,SEQUENCE:1423,DATA:{'time': 1721922917.248, 'user-id': '1009', 'source': 'HAI Interface', 'destination-index': '3', 'study-stage': '1', 'decision-state': 0, 'vitals-state': 0, 'airspace-state': 0, 'data': {'page': 'emergency', 'action': 'trying to change destination to19'}}
INFO:root:sent request to set radio update complete
INFO:root:1721922922.223714,ID:1009,STAGE:1,SEQUENCE:1423,DATA:{'time': 1721922922.216, 'user-id': '1009', 'source': 'HAI Interface', 'destination-index': '3', 'study-stage': '1', 'decision-state': 0, 'vitals-state': 0, 'airspace-state': 0, 'data': {'page': 'emergency', 'action': 'trying to change destination to19'}}
INFO:root:1721922927.264497,ID:1009,STAGE:1,SEQUENCE:1423,DATA:{'time': 1721922927.259, 'user-id': '1009', 'source': 'HAI Interface', 'destination-index': '3', 'study-stage': '1', 'decision-state': 0, 'vitals-state': 0, 'airspace-state': 0, 'data': {'page': 'emergency', 'action': 'trying to change destination to19'}}
INFO:root:1721922932.259513,ID:1009,STAGE:1,SEQUENCE:1423,DATA:{'time': 1721922932.249, 'user-id': '1009', 'source': 'HAI Interface', 'destination-index': '3', 'study-stage': '1', 'decision-state': 0, 'vitals-state': 0, 'airspace-state': 0, 'data': {'page': 'emergency', 'action': 'trying to change destination to19'}}
INFO:root:1721922934.681298,ID:1009,STAGE:1,SEQUENCE:1423,DATA:{'time': 1721922934.673, 'user-id': '1009', 'source': 'HAI Interface', 'destination-index': '3', 'study-stage': '1', 'decision-state': 0, 'vitals-state': 0, 'airspace-state': 0, 'data': {'action': 'transmit button pressed'}}
INFO:root:1721922934.682802,ID:1009,STAGE:1,SEQUENCE:1423,DATA:{'time': 1721922934.674, 'user-id': '1009', 'source': 'HAI Interface', 'destination-index': '3', 'study-stage': '1', 'decision-state': 0, 'vitals-state': 0, 'airspace-state': 0, 'data': {'action': 'callsign set to: + NASXGS'}}
INFO:root:1721922934.683326,ID:1009,STAGE:1,SEQUENCE:1423,DATA:{'time': 1721922934.674, 'user-id': '1009', 'source': 'HAI Interface', 'destination-index': '3', 'study-stage': '1', 'decision-state': 0, 'vitals-state': 0, 'airspace-state': 0, 'data': {'action': 'radio set to:Comm1'}}
INFO:root:1721922934.689315,ID:1009,STAGE:1,SEQUENCE:1423,DATA:{'time': 1721922934.674, 'user-id': '1009', 'source': 'HAI Interface', 'destination-index': '3', 'study-stage': '1', 'decision-state': 0, 'vitals-state': 0, 'airspace-state': 0, 'data': {'page': 'map', 'action': 'show map'}}
INFO:root:1721922934.695299,ID:1009,STAGE:1,SEQUENCE:1423,DATA:{'time': 1721922934.675, 'user-id': '1009', 'source': 'HAI Interface', 'destination-index': '3', 'study-stage': '1', 'decision-state': 0, 'vitals-state': 0, 'airspace-state': 0, 'data': {'page': 'map', 'action': 'selected helipad', 'value': '21'}}
INFO:root:1721922934.697353,ID:1009,STAGE:1,SEQUENCE:1423,DATA:{'time': 1721922934.68, 'user-id': '1009', 'source': 'HAI Interface', 'destination-index': '3', 'study-stage': '1', 'decision-state': 0, 'vitals-state': 0, 'airspace-state': 0, 'data': {'action': 'NASXGStransmitting updates onComm1123.45 MHz'}}
INFO:root:1721922937.275448,ID:1009,STAGE:1,SEQUENCE:1423,DATA:{'time': 1721922937.268, 'user-id': '1009', 'source': 'HAI Interface', 'destination-index': '3', 'study-stage': '1', 'decision-state': 0, 'vitals-state': 0, 'airspace-state': 0, 'data': {'page': 'emergency', 'action': 'trying to change destination to19'}}
INFO:root:1721922942.275964,ID:1009,STAGE:1,SEQUENCE:1423,DATA:{'time': 1721922942.267, 'user-id': '1009', 'source': 'HAI Interface', 'destination-index': '3', 'study-stage': '1', 'decision-state': 0, 'vitals-state': 0, 'airspace-state': 0, 'data': {'page': 'emergency', 'action': 'trying to change destination to19'}}
INFO:root:1721922947.238093,ID:1009,STAGE:1,SEQUENCE:1423,DATA:{'time': 1721922947.232, 'user-id': '1009', 'source': 'HAI Interface', 'destination-index': '3', 'study-stage': '1', 'decision-state': 0, 'vitals-state': 0, 'airspace-state': 0, 'data': {'page': 'emergency', 'action': 'trying to change destination to19'}}
INFO:root:1721922952.241767,ID:1009,STAGE:1,SEQUENCE:1423,DATA:{'time': 1721922952.237, 'user-id': '1009', 'source': 'HAI Interface', 'destination-index': '3', 'study-stage': '1', 'decision-state': 0, 'vitals-state': 0, 'airspace-state': 0, 'data': {'page': 'emergency', 'action': 'trying to change destination to19'}}
INFO:root:1721922957.273734,ID:1009,STAGE:1,SEQUENCE:1423,DATA:{'time': 1721922957.263, 'user-id': '1009', 'source': 'HAI Interface', 'destination-index': '3', 'study-stage': '1', 'decision-state': 0, 'vitals-state': 0, 'airspace-state': 0, 'data': {'page': 'emergency', 'action': 'trying to change destination to19'}}
INFO:root:1721922958.271668,ID:1009,STAGE:1,SEQUENCE:1423,DATA:{'time': 1721922958.262, 'user-id': '1009', 'source': 'HAI Interface', 'destination-index': '3', 'study-stage': '1', 'decision-state': 0, 'vitals-state': 0, 'airspace-state': 0, 'data': {'page': 'map', 'action': 'hide map'}}
INFO:root:1721922962.230194,ID:1009,STAGE:1,SEQUENCE:1423,DATA:{'time': 1721922962.223, 'user-id': '1009', 'source': 'HAI Interface', 'destination-index': '3', 'study-stage': '1', 'decision-state': 0, 'vitals-state': 0, 'airspace-state': 0, 'data': {'page': 'emergency', 'action': 'trying to change destination to19'}}
INFO:root:1721922962.532494,ID:1009,STAGE:1,SEQUENCE:1423,DATA:{'time': 1721922962.525, 'user-id': '1009', 'source': 'HAI Interface', 'destination-index': '3', 'study-stage': '1', 'decision-state': 0, 'vitals-state': 0, 'airspace-state': 0, 'data': {'page': 'inflight', 'action': 'displaying vitals prompt'}}
INFO:root:1721922967.289033,ID:1009,STAGE:1,SEQUENCE:1423,DATA:{'time': 1721922967.281, 'user-id': '1009', 'source': 'HAI Interface', 'destination-index': '3', 'study-stage': '1', 'decision-state': 0, 'vitals-state': 0, 'airspace-state': 0, 'data': {'page': 'emergency', 'action': 'trying to change destination to19'}}
INFO:root:1721922971.081082,ID:1009,STAGE:1,SEQUENCE:1423,DATA:{'time': 1721922971.073, 'source': 'VitalsTask', 'timer': 68.505, 'data': {'sensor': 'Heart Rate', 'action': 'opened sensor tab'}}
INFO:root:1721922972.295103,ID:1009,STAGE:1,SEQUENCE:1423,DATA:{'time': 1721922972.288, 'user-id': '1009', 'source': 'HAI Interface', 'destination-index': '3', 'study-stage': '1', 'decision-state': 0, 'vitals-state': 0, 'airspace-state': 0, 'data': {'page': 'emergency', 'action': 'trying to change destination to19'}}
INFO:root:1721922973.745521,ID:1009,STAGE:1,SEQUENCE:1423,DATA:{'time': 1721922973.738, 'source': 'VitalsTask', 'timer': 71.17, 'data': {'sensor': 'Heart Rate', 'action': 'capture', 'data': 'action button pressed'}}
INFO:root:1721922973.749089,ID:1009,STAGE:1,SEQUENCE:1423,DATA:{'time': 1721922973.74, 'source': 'VitalsTask', 'timer': 71.172, 'data': {'sensor': 'Heart Rate', 'action': 'capture', 'data': 'starting sensor action'}}
INFO:root:1721922974.762195,ID:1009,STAGE:1,SEQUENCE:1423,DATA:{'time': 1721922974.753, 'source': 'VitalsTask', 'timer': 72.185, 'data': {'sensor': 'Heart Rate', 'action': 'capture', 'data': 'sensor action complete'}}
INFO:root:1721922974.764189,ID:1009,STAGE:1,SEQUENCE:1423,DATA:{'time': 1721922974.754, 'source': 'VitalsTask', 'timer': 72.186, 'data': {'sensor': 'Heart Rate', 'action': 'keypad open'}}
INFO:root:1721922977.040193,ID:1009,STAGE:1,SEQUENCE:1423,DATA:{'time': 1721922977.033, 'source': 'VitalsTask', 'timer': 74.465, 'data': {'sensor': 'Heart Rate', 'action': 'keypad press', 'key': 5, 'value': 5}}
INFO:root:1721922977.265757,ID:1009,STAGE:1,SEQUENCE:1423,DATA:{'time': 1721922977.259, 'user-id': '1009', 'source': 'HAI Interface', 'destination-index': '3', 'study-stage': '1', 'decision-state': 0, 'vitals-state': 0, 'airspace-state': 0, 'data': {'page': 'emergency', 'action': 'trying to change destination to19'}}
INFO:root:1721922977.637939,ID:1009,STAGE:1,SEQUENCE:1423,DATA:{'time': 1721922977.63, 'source': 'VitalsTask', 'timer': 75.062, 'data': {'sensor': 'Heart Rate', 'action': 'keypad press', 'key': 5, 'value': 55}}
INFO:root:1721922979.492096,ID:1009,STAGE:1,SEQUENCE:1423,DATA:{'time': 1721922979.478, 'source': 'VitalsTask', 'timer': 76.91, 'data': {'sensor': 'Heart Rate', 'action': 'show action buttons'}}
INFO:root:1721922979.494603,ID:1009,STAGE:1,SEQUENCE:1423,DATA:{'time': 1721922979.479, 'source': 'VitalsTask', 'timer': 76.911, 'data': {'sensor': 'Heart Rate', 'action': 'keypad press', 'key': 10, 'value': 55}}
INFO:root:1721922981.180319,ID:1009,STAGE:1,SEQUENCE:1423,DATA:{'time': 1721922981.173, 'source': 'VitalsTask', 'timer': 78.605, 'data': {'sensor': 'O\u2082 Saturation', 'action': 'opened sensor tab'}}
INFO:root:1721922982.277189,ID:1009,STAGE:1,SEQUENCE:1423,DATA:{'time': 1721922982.271, 'user-id': '1009', 'source': 'HAI Interface', 'destination-index': '3', 'study-stage': '1', 'decision-state': 0, 'vitals-state': 0, 'airspace-state': 0, 'data': {'page': 'emergency', 'action': 'trying to change destination to19'}}
INFO:root:1721922983.433342,ID:1009,STAGE:1,SEQUENCE:1423,DATA:{'time': 1721922983.426, 'source': 'VitalsTask', 'timer': 80.858, 'data': {'sensor': 'O\u2082 Saturation', 'action': 'capture', 'data': 'action button pressed'}}
INFO:root:1721922983.435482,ID:1009,STAGE:1,SEQUENCE:1423,DATA:{'time': 1721922983.427, 'source': 'VitalsTask', 'timer': 80.859, 'data': {'sensor': 'O\u2082 Saturation', 'action': 'capture', 'data': 'starting sensor action'}}
INFO:root:1721922984.444277,ID:1009,STAGE:1,SEQUENCE:1423,DATA:{'time': 1721922984.437, 'source': 'VitalsTask', 'timer': 81.869, 'data': {'sensor': 'O\u2082 Saturation', 'action': 'capture', 'data': 'sensor action complete'}}
INFO:root:1721922984.446272,ID:1009,STAGE:1,SEQUENCE:1423,DATA:{'time': 1721922984.437, 'source': 'VitalsTask', 'timer': 81.869, 'data': {'sensor': 'O\u2082 Saturation', 'action': 'keypad open'}}
INFO:root:1721922985.671267,ID:1009,STAGE:1,SEQUENCE:1423,DATA:{'time': 1721922985.662, 'source': 'VitalsTask', 'timer': 83.094, 'data': {'sensor': 'O\u2082 Saturation', 'action': 'keypad press', 'key': 1, 'value': 1}}
INFO:root:1721922987.237113,ID:1009,STAGE:1,SEQUENCE:1423,DATA:{'time': 1721922987.228, 'user-id': '1009', 'source': 'HAI Interface', 'destination-index': '3', 'study-stage': '1', 'decision-state': 0, 'vitals-state': 0, 'airspace-state': 0, 'data': {'page': 'emergency', 'action': 'trying to change destination to19'}}
INFO:root:1721922987.56794,ID:1009,STAGE:1,SEQUENCE:1423,DATA:{'time': 1721922987.557, 'source': 'VitalsTask', 'timer': 84.989, 'data': {'sensor': 'O\u2082 Saturation', 'action': 'keypad press', 'key': 11, 'value': 10}}
INFO:root:1721922988.0005,ID:1009,STAGE:1,SEQUENCE:1423,DATA:{'time': 1721922987.984, 'source': 'VitalsTask', 'timer': 85.416, 'data': {'sensor': 'O\u2082 Saturation', 'action': 'keypad press', 'key': 11, 'value': 100}}
INFO:root:1721922989.373071,ID:1009,STAGE:1,SEQUENCE:1423,DATA:{'time': 1721922989.365, 'source': 'VitalsTask', 'timer': 86.797, 'data': {'sensor': 'O\u2082 Saturation', 'action': 'show action buttons'}}
INFO:root:1721922989.376571,ID:1009,STAGE:1,SEQUENCE:1423,DATA:{'time': 1721922989.367, 'source': 'VitalsTask', 'timer': 86.799, 'data': {'sensor': 'O\u2082 Saturation', 'action': 'keypad press', 'key': 10, 'value': 100}}
INFO:root:1721922990.749487,ID:1009,STAGE:1,SEQUENCE:1423,DATA:{'time': 1721922990.742, 'source': 'VitalsTask', 'timer': 88.174, 'data': {'sensor': 'O\u2082 Saturation', 'action': 'log', 'data': 'action button pressed'}}
INFO:root:1721922990.75264,ID:1009,STAGE:1,SEQUENCE:1423,DATA:{'time': 1721922990.743, 'source': 'VitalsTask', 'timer': 88.175, 'data': {'sensor': 'O\u2082 Saturation', 'action': 'log', 'data': 'starting sensor action'}}
INFO:root:1721922991.760895,ID:1009,STAGE:1,SEQUENCE:1423,DATA:{'time': 1721922991.753, 'source': 'VitalsTask', 'timer': 89.185, 'data': {'sensor': 'O\u2082 Saturation', 'action': 'log', 'data': 'sensor action complete'}}
INFO:root:1721922992.251254,ID:1009,STAGE:1,SEQUENCE:1423,DATA:{'time': 1721922992.241, 'user-id': '1009', 'source': 'HAI Interface', 'destination-index': '3', 'study-stage': '1', 'decision-state': 0, 'vitals-state': 0, 'airspace-state': 0, 'data': {'page': 'emergency', 'action': 'trying to change destination to19'}}
INFO:root:1721922992.64704,ID:1009,STAGE:1,SEQUENCE:1423,DATA:{'time': 1721922992.638, 'source': 'VitalsTask', 'timer': 90.07, 'data': {'sensor': 'O\u2082 Saturation', 'action': 'save', 'data': 'action button pressed'}}
INFO:root:1721922992.648079,ID:1009,STAGE:1,SEQUENCE:1423,DATA:{'time': 1721922992.639, 'source': 'VitalsTask', 'timer': 90.071, 'data': {'sensor': 'O\u2082 Saturation', 'action': 'save', 'data': 'starting sensor action'}}
INFO:root:1721922993.665929,ID:1009,STAGE:1,SEQUENCE:1423,DATA:{'time': 1721922993.659, 'source': 'VitalsTask', 'timer': 91.091, 'data': {'sensor': 'O\u2082 Saturation', 'action': 'save', 'data': 'sensor action complete'}}
INFO:root:1721922995.261583,ID:1009,STAGE:1,SEQUENCE:1423,DATA:{'time': 1721922995.254, 'source': 'VitalsTask', 'timer': 92.686, 'data': {'sensor': 'Blood Pressure', 'action': 'opened sensor tab'}}
INFO:root:1721922995.527268,ID:1009,STAGE:1,SEQUENCE:1423,DATA:{'time': 1721922995.52, 'source': 'VitalsTask', 'timer': 92.952, 'data': {'sensor': 'Blood Pressure', 'action': 'opened sensor tab'}}
INFO:root:1721922997.217781,ID:1009,STAGE:1,SEQUENCE:1423,DATA:{'time': 1721922997.212, 'user-id': '1009', 'source': 'HAI Interface', 'destination-index': '3', 'study-stage': '1', 'decision-state': 0, 'vitals-state': 0, 'airspace-state': 0, 'data': {'page': 'emergency', 'action': 'trying to change destination to19'}}
INFO:root:1721922997.253124,ID:1009,STAGE:1,SEQUENCE:1423,DATA:{'time': 1721922997.245, 'source': 'VitalsTask', 'timer': 94.677, 'data': {'sensor': 'Blood Pressure', 'action': 'capture', 'data': 'action button pressed'}}
INFO:root:1721922997.255563,ID:1009,STAGE:1,SEQUENCE:1423,DATA:{'time': 1721922997.246, 'source': 'VitalsTask', 'timer': 94.678, 'data': {'sensor': 'Blood Pressure', 'action': 'capture', 'data': 'starting sensor action'}}
INFO:root:1721922998.263664,ID:1009,STAGE:1,SEQUENCE:1423,DATA:{'time': 1721922998.257, 'source': 'VitalsTask', 'timer': 95.689, 'data': {'sensor': 'Blood Pressure', 'action': 'capture', 'data': 'sensor action complete'}}
INFO:root:1721922998.264659,ID:1009,STAGE:1,SEQUENCE:1423,DATA:{'time': 1721922998.257, 'source': 'VitalsTask', 'timer': 95.689, 'data': {'sensor': 'Blood Pressure', 'action': 'keypad open'}}
INFO:root:1721922999.553918,ID:1009,STAGE:1,SEQUENCE:1423,DATA:{'time': 1721922999.546, 'source': 'VitalsTask', 'timer': 96.978, 'data': {'sensor': 'Blood Pressure', 'action': 'keypad press', 'key': 1, 'value': 1}}
INFO:root:1721923000.590818,ID:1009,STAGE:1,SEQUENCE:1423,DATA:{'time': 1721923000.582, 'source': 'VitalsTask', 'timer': 98.014, 'data': {'sensor': 'Blood Pressure', 'action': 'keypad press', 'key': 2, 'value': 12}}
INFO:root:1721923002.324755,ID:1009,STAGE:1,SEQUENCE:1423,DATA:{'time': 1721923002.315, 'user-id': '1009', 'source': 'HAI Interface', 'destination-index': '3', 'study-stage': '1', 'decision-state': 0, 'vitals-state': 0, 'airspace-state': 0, 'data': {'page': 'emergency', 'action': 'trying to change destination to19'}}
INFO:root:1721923004.143199,ID:1009,STAGE:1,SEQUENCE:1423,DATA:{'time': 1721923004.136, 'source': 'VitalsTask', 'timer': 101.568, 'data': {'sensor': 'Blood Pressure', 'action': 'keypad press', 'key': 11, 'value': 120}}
INFO:root:1721923005.54934,ID:1009,STAGE:1,SEQUENCE:1423,DATA:{'time': 1721923005.542, 'source': 'VitalsTask', 'timer': 102.974, 'data': {'sensor': 'Blood Pressure', 'action': 'keypad press', 'key': 8, 'value': 1208}}
INFO:root:1721923006.855317,ID:1009,STAGE:1,SEQUENCE:1423,DATA:{'time': 1721923006.848, 'source': 'VitalsTask', 'timer': 104.28, 'data': {'sensor': 'Blood Pressure', 'action': 'keypad press', 'key': 11, 'value': 12080}}
INFO:root:1721923007.740369,ID:1009,STAGE:1,SEQUENCE:1423,DATA:{'time': 1721923007.723, 'user-id': '1009', 'source': 'HAI Interface', 'destination-index': '3', 'study-stage': '1', 'decision-state': 0, 'vitals-state': 0, 'airspace-state': 0, 'data': {'page': 'emergency', 'action': 'trying to change destination to19'}}
INFO:root:1721923007.743871,ID:1009,STAGE:1,SEQUENCE:1423,DATA:{'time': 1721923007.723, 'user-id': '1009', 'source': 'HAI Interface', 'destination-index': '3', 'study-stage': '1', 'decision-state': 0, 'vitals-state': 0, 'airspace-state': 0, 'data': {'page': 'emergency', 'action': 'show Weather Emergency Alert, hide map'}}
INFO:root:1721923007.747866,ID:1009,STAGE:1,SEQUENCE:1423,DATA:{'time': 1721923007.724, 'user-id': '1009', 'source': 'HAI Interface', 'destination-index': '3', 'study-stage': '1', 'decision-state': 0, 'vitals-state': 0, 'airspace-state': 0, 'data': {'page': 'map', 'action': 'hide map'}}
INFO:root:1721923007.74937,ID:1009,STAGE:1,SEQUENCE:1423,DATA:{'time': 1721923007.724, 'user-id': '1009', 'source': 'HAI Interface', 'destination-index': '3', 'study-stage': '1', 'decision-state': 0, 'vitals-state': 0, 'airspace-state': 0, 'data': {'page': 'Inflight', 'action': 'Weather emergency- emergnecy propmt displayed'}}
INFO:root:1721923008.074981,ID:1009,STAGE:1,SEQUENCE:1423,DATA:{'time': 1721923008.069, 'source': 'VitalsTask', 'timer': 105.501, 'data': {'sensor': 'Blood Pressure', 'action': 'show action buttons'}}
INFO:root:1721923008.076884,ID:1009,STAGE:1,SEQUENCE:1423,DATA:{'time': 1721923008.069, 'source': 'VitalsTask', 'timer': 105.501, 'data': {'sensor': 'Blood Pressure', 'action': 'keypad press', 'key': 10, 'value': 12080}}
INFO:root:1721923009.777218,ID:1009,STAGE:1,SEQUENCE:1423,DATA:{'time': 1721923009.771, 'source': 'VitalsTask', 'timer': 107.203, 'data': {'sensor': 'Blood Pressure', 'action': 'log', 'data': 'action button pressed'}}
INFO:root:1721923009.779721,ID:1009,STAGE:1,SEQUENCE:1423,DATA:{'time': 1721923009.771, 'source': 'VitalsTask', 'timer': 107.203, 'data': {'sensor': 'Blood Pressure', 'action': 'log', 'data': 'starting sensor action'}}
INFO:root:1721923010.792546,ID:1009,STAGE:1,SEQUENCE:1423,DATA:{'time': 1721923010.783, 'source': 'VitalsTask', 'timer': 108.215, 'data': {'sensor': 'Blood Pressure', 'action': 'log', 'data': 'sensor action complete'}}
INFO:root:1721923011.028396,ID:1009,STAGE:1,SEQUENCE:1423,DATA:{'time': 1721923011.02, 'source': 'VitalsTask', 'timer': 108.452, 'data': {'sensor': 'Blood Pressure', 'action': 'save', 'data': 'action button pressed'}}
INFO:root:1721923011.030896,ID:1009,STAGE:1,SEQUENCE:1423,DATA:{'time': 1721923011.021, 'source': 'VitalsTask', 'timer': 108.453, 'data': {'sensor': 'Blood Pressure', 'action': 'save', 'data': 'starting sensor action'}}
INFO:root:1721923012.050765,ID:1009,STAGE:1,SEQUENCE:1423,DATA:{'time': 1721923012.042, 'source': 'VitalsTask', 'timer': 109.474, 'data': {'sensor': 'Blood Pressure', 'action': 'save', 'data': 'sensor action complete'}}
INFO:root:1721923012.296924,ID:1009,STAGE:1,SEQUENCE:1423,DATA:{'time': 1721923012.289, 'user-id': '1009', 'source': 'HAI Interface', 'destination-index': '3', 'study-stage': '1', 'decision-state': 0, 'vitals-state': 0, 'airspace-state': 0, 'data': {'page': 'emergency', 'action': 'trying to change destination to19'}}
INFO:root:1721923012.299425,ID:1009,STAGE:1,SEQUENCE:1423,DATA:{'time': 1721923012.29, 'user-id': '1009', 'source': 'HAI Interface', 'destination-index': '3', 'study-stage': '1', 'decision-state': 0, 'vitals-state': 0, 'airspace-state': 0, 'data': {'page': 'emergency', 'action': 'show Weather Emergency Alert, hide map'}}
INFO:root:1721923012.303927,ID:1009,STAGE:1,SEQUENCE:1423,DATA:{'time': 1721923012.29, 'user-id': '1009', 'source': 'HAI Interface', 'destination-index': '3', 'study-stage': '1', 'decision-state': 0, 'vitals-state': 0, 'airspace-state': 0, 'data': {'page': 'map', 'action': 'hide map'}}
INFO:root:1721923012.306221,ID:1009,STAGE:1,SEQUENCE:1423,DATA:{'time': 1721923012.29, 'user-id': '1009', 'source': 'HAI Interface', 'destination-index': '3', 'study-stage': '1', 'decision-state': 0, 'vitals-state': 0, 'airspace-state': 0, 'data': {'page': 'Inflight', 'action': 'Weather emergency- emergnecy propmt displayed'}}
INFO:root:1721923013.671487,ID:1009,STAGE:1,SEQUENCE:1423,DATA:{'time': 1721923013.662, 'source': 'VitalsTask', 'timer': 111.094, 'data': {'sensor': 'submit', 'action': 'submit'}}
INFO:root:1721923013.673482,ID:1009,STAGE:1,SEQUENCE:1423,DATA:{'time': 1721923013.662, 'source': 'VitalsTask', 'timer': 111.094, 'data': {'sensor': 'submit', 'action': 'submit', 'data': 'submit failed incomplete vitals checklist'}}
INFO:root:1721923015.48142,ID:1009,STAGE:1,SEQUENCE:1423,DATA:{'time': 1721923015.476, 'user-id': '1009', 'source': 'HAI Interface', 'destination-index': '3', 'study-stage': '1', 'decision-state': 0, 'vitals-state': 0, 'airspace-state': 0, 'data': {'page': 'Inflight', 'action': 'Weather emergency- show more info button pressed'}}
INFO:root:1721923017.210357,ID:1009,STAGE:1,SEQUENCE:1423,DATA:{'time': 1721923017.204, 'user-id': '1009', 'source': 'HAI Interface', 'destination-index': '3', 'study-stage': '1', 'decision-state': 0, 'vitals-state': 0, 'airspace-state': 0, 'data': {'page': 'emergency', 'action': 'trying to change destination to19'}}
INFO:root:1721923022.278152,ID:1009,STAGE:1,SEQUENCE:1423,DATA:{'time': 1721923022.273, 'user-id': '1009', 'source': 'HAI Interface', 'destination-index': '3', 'study-stage': '1', 'decision-state': 0, 'vitals-state': 0, 'airspace-state': 0, 'data': {'page': 'emergency', 'action': 'trying to change destination to19'}}
INFO:root:1721923026.122763,ID:1009,STAGE:1,SEQUENCE:1423,DATA:{'time': 1721923026.115, 'user-id': '1009', 'source': 'HAI Interface', 'destination-index': '3', 'study-stage': '1', 'decision-state': 0, 'vitals-state': 0, 'airspace-state': 0, 'data': {'page': 'Inflight', 'action': 'Weather emergency- close button pressed'}}
INFO:root:1721923027.320456,ID:1009,STAGE:1,SEQUENCE:1423,DATA:{'time': 1721923027.314, 'user-id': '1009', 'source': 'HAI Interface', 'destination-index': '3', 'study-stage': '1', 'decision-state': 0, 'vitals-state': 0, 'airspace-state': 0, 'data': {'page': 'emergency', 'action': 'trying to change destination to19'}}
INFO:root:1721923028.114024,ID:1009,STAGE:1,SEQUENCE:1423,DATA:{'time': 1721923028.1, 'user-id': '1009', 'source': 'HAI Interface', 'destination-index': '3', 'study-stage': '1', 'decision-state': 0, 'vitals-state': 0, 'airspace-state': 0, 'data': {'page': 'map', 'action': 'show map'}}
INFO:root:1721923028.126011,ID:1009,STAGE:1,SEQUENCE:1423,DATA:{'time': 1721923028.101, 'user-id': '1009', 'source': 'HAI Interface', 'destination-index': '3', 'study-stage': '1', 'decision-state': 0, 'vitals-state': 0, 'airspace-state': 0, 'data': {'page': 'map', 'action': 'selected helipad', 'value': '21'}}
INFO:root:1721923032.224653,ID:1009,STAGE:1,SEQUENCE:1423,DATA:{'time': 1721923032.213, 'user-id': '1009', 'source': 'HAI Interface', 'destination-index': '3', 'study-stage': '1', 'decision-state': 0, 'vitals-state': 0, 'airspace-state': 0, 'data': {'page': 'emergency', 'action': 'trying to change destination to19'}}
INFO:root:1721923034.726115,ID:1009,STAGE:1,SEQUENCE:1423,DATA:{'time': 1721923034.72, 'user-id': '1009', 'source': 'HAI Interface', 'destination-index': '3', 'study-stage': '1', 'decision-state': 0, 'vitals-state': 0, 'airspace-state': 0, 'data': {'page': 'inflight', 'action': 'user acknowledged vitals prompt'}}
INFO:root:1721923037.245619,ID:1009,STAGE:1,SEQUENCE:1423,DATA:{'time': 1721923037.236, 'user-id': '1009', 'source': 'HAI Interface', 'destination-index': '3', 'study-stage': '1', 'decision-state': 0, 'vitals-state': 0, 'airspace-state': 0, 'data': {'page': 'emergency', 'action': 'trying to change destination to19'}}
INFO:root:1721923038.532743,ID:1009,STAGE:1,SEQUENCE:1423,DATA:{'time': 1721923038.528, 'user-id': '1009', 'source': 'HAI Interface', 'destination-index': '3', 'study-stage': '1', 'decision-state': 0, 'vitals-state': 0, 'airspace-state': 0, 'data': {'page': 'map', 'action': 'selected helipad', 'value': '5'}}
INFO:root:1721923042.249185,ID:1009,STAGE:1,SEQUENCE:1423,DATA:{'time': 1721923042.241, 'user-id': '1009', 'source': 'HAI Interface', 'destination-index': '3', 'study-stage': '1', 'decision-state': 0, 'vitals-state': 0, 'airspace-state': 0, 'data': {'page': 'emergency', 'action': 'trying to change destination to19'}}
INFO:root:Weather emergency alert given, sent request to clear weather_emergency
INFO:root:1721923046.974594,ID:1009,STAGE:1,SEQUENCE:1423,DATA:{'time': 1721923046.965, 'user-id': '1009', 'source': 'HAI Interface', 'destination-index': '3', 'study-stage': '1', 'decision-state': 0, 'vitals-state': 0, 'airspace-state': 0, 'data': {'page': 'map', 'action': 'selected helipad', 'value': 100}}
INFO:root:1721923046.977586,ID:1009,STAGE:1,SEQUENCE:1423,DATA:{'time': 1721923046.967, 'user-id': '1009', 'source': 'HAI Interface', 'destination-index': '3', 'study-stage': '1', 'decision-state': 0, 'vitals-state': 0, 'airspace-state': 0, 'data': {'page': 'map', 'action': 'hide map'}}
INFO:root:1721923047.286317,ID:1009,STAGE:1,SEQUENCE:1423,DATA:{'time': 1721923047.277, 'user-id': '1009', 'source': 'HAI Interface', 'destination-index': '3', 'study-stage': '1', 'decision-state': 0, 'vitals-state': 0, 'airspace-state': 0, 'data': {'page': 'emergency', 'action': 'trying to change destination to19'}}
INFO:root:1721923052.275099,ID:1009,STAGE:1,SEQUENCE:1423,DATA:{'time': 1721923052.27, 'user-id': '1009', 'source': 'HAI Interface', 'destination-index': '3', 'study-stage': '1', 'decision-state': 0, 'vitals-state': 0, 'airspace-state': 0, 'data': {'page': 'emergency', 'action': 'trying to change destination to19'}}
INFO:root:1721923054.349229,ID:1009,STAGE:1,SEQUENCE:1423,DATA:{'time': 1721923054.344, 'user-id': '1009', 'source': 'HAI Interface', 'destination-index': '3', 'study-stage': '1', 'decision-state': 0, 'vitals-state': 0, 'airspace-state': 0, 'data': {'page': 'map', 'action': 'show map'}}
INFO:root:1721923054.358205,ID:1009,STAGE:1,SEQUENCE:1423,DATA:{'time': 1721923054.345, 'user-id': '1009', 'source': 'HAI Interface', 'destination-index': '3', 'study-stage': '1', 'decision-state': 0, 'vitals-state': 0, 'airspace-state': 0, 'data': {'page': 'map', 'action': 'selected helipad', 'value': '21'}}
INFO:root:1721923057.215095,ID:1009,STAGE:1,SEQUENCE:1423,DATA:{'time': 1721923057.205, 'user-id': '1009', 'source': 'HAI Interface', 'destination-index': '3', 'study-stage': '1', 'decision-state': 0, 'vitals-state': 0, 'airspace-state': 0, 'data': {'page': 'emergency', 'action': 'trying to change destination to19'}}
INFO:root:1721923058.256171,ID:1009,STAGE:1,SEQUENCE:1423,DATA:{'time': 1721923058.25, 'user-id': '1009', 'source': 'HAI Interface', 'destination-index': '3', 'study-stage': '1', 'decision-state': 0, 'vitals-state': 0, 'airspace-state': 0, 'data': {'page': 'map', 'action': 'selected helipad', 'value': '5'}}
INFO:root:1721923062.234254,ID:1009,STAGE:1,SEQUENCE:1423,DATA:{'time': 1721923062.229, 'user-id': '1009', 'source': 'HAI Interface', 'destination-index': '3', 'study-stage': '1', 'decision-state': 0, 'vitals-state': 0, 'airspace-state': 0, 'data': {'page': 'emergency', 'action': 'trying to change destination to19'}}
INFO:root:1721923067.28124,ID:1009,STAGE:1,SEQUENCE:1423,DATA:{'time': 1721923067.271, 'user-id': '1009', 'source': 'HAI Interface', 'destination-index': '3', 'study-stage': '1', 'decision-state': 0, 'vitals-state': 0, 'airspace-state': 0, 'data': {'page': 'emergency', 'action': 'trying to change destination to19'}}
INFO:root:1721923072.213913,ID:1009,STAGE:1,SEQUENCE:1423,DATA:{'time': 1721923072.206, 'user-id': '1009', 'source': 'HAI Interface', 'destination-index': '3', 'study-stage': '1', 'decision-state': 0, 'vitals-state': 0, 'airspace-state': 0, 'data': {'page': 'emergency', 'action': 'trying to change destination to19'}}
INFO:root:1721923074.84025,ID:1009,STAGE:1,SEQUENCE:1423,DATA:{'time': 1721923074.83, 'user-id': '1009', 'source': 'HAI Interface', 'destination-index': '3', 'study-stage': '1', 'decision-state': 0, 'vitals-state': 0, 'airspace-state': 0, 'data': {'page': 'map', 'action': 'selected helipad', 'value': 100}}
INFO:root:1721923074.850082,ID:1009,STAGE:1,SEQUENCE:1423,DATA:{'time': 1721923074.832, 'user-id': '1009', 'source': 'HAI Interface', 'destination-index': '3', 'study-stage': '1', 'decision-state': 0, 'vitals-state': 0, 'airspace-state': 0, 'data': {'action': 'transmit button pressed'}}
INFO:root:1721923074.851798,ID:1009,STAGE:1,SEQUENCE:1423,DATA:{'time': 1721923074.833, 'user-id': '1009', 'source': 'HAI Interface', 'destination-index': '3', 'study-stage': '1', 'decision-state': 0, 'vitals-state': 0, 'airspace-state': 0, 'data': {'action': 'callsign set to: + NASXGS'}}
INFO:root:1721923074.85479,ID:1009,STAGE:1,SEQUENCE:1423,DATA:{'time': 1721923074.833, 'user-id': '1009', 'source': 'HAI Interface', 'destination-index': '3', 'study-stage': '1', 'decision-state': 0, 'vitals-state': 0, 'airspace-state': 0, 'data': {'action': 'radio set to:Comm1'}}
INFO:root:1721923074.858779,ID:1009,STAGE:1,SEQUENCE:1423,DATA:{'time': 1721923074.833, 'user-id': '1009', 'source': 'HAI Interface', 'destination-index': '3', 'study-stage': '1', 'decision-state': 0, 'vitals-state': 0, 'airspace-state': 0, 'data': {'page': 'map', 'action': 'show map'}}
INFO:root:1721923074.863766,ID:1009,STAGE:1,SEQUENCE:1423,DATA:{'time': 1721923074.834, 'user-id': '1009', 'source': 'HAI Interface', 'destination-index': '3', 'study-stage': '1', 'decision-state': 0, 'vitals-state': 0, 'airspace-state': 0, 'data': {'page': 'map', 'action': 'selected helipad', 'value': '21'}}
INFO:root:1721923074.873765,ID:1009,STAGE:1,SEQUENCE:1423,DATA:{'time': 1721923074.842, 'user-id': '1009', 'source': 'HAI Interface', 'destination-index': '3', 'study-stage': '1', 'decision-state': 0, 'vitals-state': 0, 'airspace-state': 0, 'data': {'action': 'NASXGStransmitting updates onComm1123.45 MHz'}}
INFO:root:1721923077.315409,ID:1009,STAGE:1,SEQUENCE:1423,DATA:{'time': 1721923077.306, 'user-id': '1009', 'source': 'HAI Interface', 'destination-index': '3', 'study-stage': '1', 'decision-state': 0, 'vitals-state': 0, 'airspace-state': 0, 'data': {'page': 'emergency', 'action': 'trying to change destination to19'}}
INFO:root:1721923082.278283,ID:1009,STAGE:1,SEQUENCE:1423,DATA:{'time': 1721923082.266, 'user-id': '1009', 'source': 'HAI Interface', 'destination-index': '3', 'study-stage': '1', 'decision-state': 0, 'vitals-state': 0, 'airspace-state': 0, 'data': {'page': 'emergency', 'action': 'trying to change destination to19'}}
INFO:root:SimConnect Error in /var
INFO:root:SimConnect Error in /var
INFO:SimConnect.SimConnect:SIM OPEN
INFO:SimConnect.SimConnect:SIM OPEN
INFO:root:1721923087.264377,ID:1009,STAGE:1,SEQUENCE:1423,DATA:{'time': 1721923087.256, 'user-id': '1009', 'source': 'HAI Interface', 'destination-index': '3', 'study-stage': '1', 'decision-state': 0, 'vitals-state': 0, 'airspace-state': 0, 'data': {'page': 'emergency', 'action': 'trying to change destination to19'}}
INFO:root:1721923092.313269,ID:1009,STAGE:1,SEQUENCE:1423,DATA:{'time': 1721923092.305, 'user-id': '1009', 'source': 'HAI Interface', 'destination-index': '3', 'study-stage': '1', 'decision-state': 0, 'vitals-state': 0, 'airspace-state': 0, 'data': {'page': 'emergency', 'action': 'trying to change destination to19'}}
INFO:root:1721923097.276089,ID:1009,STAGE:1,SEQUENCE:1423,DATA:{'time': 1721923097.268, 'user-id': '1009', 'source': 'HAI Interface', 'destination-index': '3', 'study-stage': '1', 'decision-state': 0, 'vitals-state': 0, 'airspace-state': 0, 'data': {'page': 'emergency', 'action': 'trying to change destination to19'}}
INFO:root:1721923102.227206,ID:1009,STAGE:1,SEQUENCE:1423,DATA:{'time': 1721923102.217, 'user-id': '1009', 'source': 'HAI Interface', 'destination-index': '3', 'study-stage': '1', 'decision-state': 0, 'vitals-state': 0, 'airspace-state': 0, 'data': {'page': 'emergency', 'action': 'trying to change destination to19'}}
INFO:root:1721923107.296739,ID:1009,STAGE:1,SEQUENCE:1423,DATA:{'time': 1721923107.291, 'user-id': '1009', 'source': 'HAI Interface', 'destination-index': '3', 'study-stage': '1', 'decision-state': 0, 'vitals-state': 0, 'airspace-state': 0, 'data': {'page': 'emergency', 'action': 'trying to change destination to19'}}
INFO:root:1721923112.216486,ID:1009,STAGE:1,SEQUENCE:1423,DATA:{'time': 1721923112.208, 'user-id': '1009', 'source': 'HAI Interface', 'destination-index': '3', 'study-stage': '1', 'decision-state': 0, 'vitals-state': 0, 'airspace-state': 0, 'data': {'page': 'emergency', 'action': 'trying to change destination to19'}}
INFO:root:1721923117.305717,ID:1009,STAGE:1,SEQUENCE:1423,DATA:{'time': 1721923117.293, 'user-id': '1009', 'source': 'HAI Interface', 'destination-index': '3', 'study-stage': '1', 'decision-state': 0, 'vitals-state': 0, 'airspace-state': 0, 'data': {'page': 'emergency', 'action': 'trying to change destination to19'}}
INFO:root:1721923122.244398,ID:1009,STAGE:1,SEQUENCE:1423,DATA:{'time': 1721923122.231, 'user-id': '1009', 'source': 'HAI Interface', 'destination-index': '3', 'study-stage': '1', 'decision-state': 0, 'vitals-state': 0, 'airspace-state': 0, 'data': {'page': 'emergency', 'action': 'trying to change destination to19'}}
INFO:root:1721923124.684015,ID:1009,STAGE:1,SEQUENCE:1423,DATA:{'time': 1721923124.679, 'user-id': '1009', 'source': 'HAI Interface', 'destination-index': '3', 'study-stage': '1', 'decision-state': 0, 'vitals-state': 0, 'airspace-state': 0, 'data': {'page': 'map', 'action': 'hide map'}}
INFO:root:1721923127.25529,ID:1009,STAGE:1,SEQUENCE:1423,DATA:{'time': 1721923127.248, 'user-id': '1009', 'source': 'HAI Interface', 'destination-index': '3', 'study-stage': '1', 'decision-state': 0, 'vitals-state': 0, 'airspace-state': 0, 'data': {'page': 'emergency', 'action': 'trying to change destination to19'}}
INFO:root:1721923127.381183,ID:1009,STAGE:1,SEQUENCE:1423,DATA:{'time': 1721923127.376, 'user-id': '1009', 'source': 'HAI Interface', 'destination-index': '3', 'study-stage': '1', 'decision-state': 0, 'vitals-state': 0, 'airspace-state': 0, 'data': {'page': 'Inflight', 'action': 'emergency landing button pressed'}}
INFO:root:1721923127.567803,ID:1009,STAGE:1,SEQUENCE:1423,DATA:{'time': 1721923127.527, 'user-id': 'none', 'source': 'HAI Interface', 'destination-index': 3, 'study-stage': -1, 'decision-state': 0, 'vitals-state': 0, 'airspace-state': 0, 'data': {'page': 'emergency-landing', 'action': 'opened page'}}
INFO:root:1721923128.48443,ID:1009,STAGE:1,SEQUENCE:1423,DATA:{'time': 1721923128.481, 'user-id': '1009', 'source': 'HAI Interface', 'destination-index': '3', 'study-stage': '1', 'decision-state': 0, 'vitals-state': 0, 'airspace-state': 0, 'data': {'page': 'map', 'action': 'selected helipad', 'value': '21'}}
INFO:root:1721923128.487369,ID:1009,STAGE:1,SEQUENCE:1423,DATA:{'time': 1721923128.481, 'user-id': '1009', 'source': 'HAI Interface', 'destination-index': '3', 'study-stage': '1', 'decision-state': 0, 'vitals-state': 0, 'airspace-state': 0, 'data': {'page': 'map', 'action': 'set destination', 'value': -1}}
INFO:root:1721923132.799968,ID:1009,STAGE:1,SEQUENCE:1423,DATA:{'time': 1721923132.789, 'user-id': '1009', 'source': 'HAI Interface', 'destination-index': '3', 'study-stage': '1', 'decision-state': 0, 'vitals-state': 0, 'airspace-state': 0, 'data': {'page': 'emergency', 'action': 'trying to change destination to100'}}
INFO:root:1721923136.421374,ID:1009,STAGE:1,SEQUENCE:1423,DATA:{'time': 1721923136.416, 'user-id': '1009', 'source': 'HAI Interface', 'destination-index': '3', 'study-stage': '1', 'decision-state': 0, 'vitals-state': 0, 'airspace-state': 0, 'data': {'page': 'map', 'action': 'show map'}}
INFO:root:1721923136.426361,ID:1009,STAGE:1,SEQUENCE:1423,DATA:{'time': 1721923136.416, 'user-id': '1009', 'source': 'HAI Interface', 'destination-index': '3', 'study-stage': '1', 'decision-state': 0, 'vitals-state': 0, 'airspace-state': 0, 'data': {'page': 'map', 'action': 'selected helipad', 'value': '21'}}
INFO:root:1721923136.43035,ID:1009,STAGE:1,SEQUENCE:1423,DATA:{'time': 1721923136.417, 'user-id': '1009', 'source': 'HAI Interface', 'destination-index': '3', 'study-stage': '1', 'decision-state': 0, 'vitals-state': 0, 'airspace-state': 0, 'data': {'page': 'map', 'action': 'set destination', 'value': '3'}}
INFO:root:1721923137.791806,ID:1009,STAGE:1,SEQUENCE:1423,DATA:{'time': 1721923137.773, 'user-id': '1009', 'source': 'HAI Interface', 'destination-index': '3', 'study-stage': '1', 'decision-state': 0, 'vitals-state': 0, 'airspace-state': 0, 'data': {'page': 'emergency', 'action': 'trying to change destination to19'}}
INFO:root:1721923142.71494,ID:1009,STAGE:1,SEQUENCE:1423,DATA:{'time': 1721923142.707, 'user-id': '1009', 'source': 'HAI Interface', 'destination-index': '3', 'study-stage': '1', 'decision-state': 0, 'vitals-state': 0, 'airspace-state': 0, 'data': {'page': 'emergency', 'action': 'trying to change destination to19'}}
INFO:root:1721923147.762905,ID:1009,STAGE:1,SEQUENCE:1423,DATA:{'time': 1721923147.754, 'user-id': '1009', 'source': 'HAI Interface', 'destination-index': '3', 'study-stage': '1', 'decision-state': 0, 'vitals-state': 0, 'airspace-state': 0, 'data': {'page': 'emergency', 'action': 'trying to change destination to19'}}
INFO:root:1721923148.76304,ID:1009,STAGE:1,SEQUENCE:1423,DATA:{'time': 1721923148.759, 'user-id': '1009', 'source': 'HAI Interface', 'destination-index': '3', 'study-stage': '1', 'decision-state': 0, 'vitals-state': 0, 'airspace-state': 0, 'data': {'page': 'map', 'action': 'selected helipad', 'value': '7'}}
INFO:root:1721923148.766036,ID:1009,STAGE:1,SEQUENCE:1423,DATA:{'time': 1721923148.76, 'user-id': '1009', 'source': 'HAI Interface', 'destination-index': '3', 'study-stage': '1', 'decision-state': 0, 'vitals-state': 0, 'airspace-state': 0, 'data': {'page': 'map', 'action': 'set destination', 'value': '3'}}
INFO:root:1721923152.2595,ID:1009,STAGE:1,SEQUENCE:1423,DATA:{'time': 1721923152.254, 'user-id': '1009', 'source': 'HAI Interface', 'destination-index': '3', 'study-stage': '1', 'decision-state': 0, 'vitals-state': 0, 'airspace-state': 0, 'data': {'page': 'map', 'action': 'changing helipad', 'value': '7'}}
INFO:root:1721923152.261491,ID:1009,STAGE:1,SEQUENCE:1423,DATA:{'time': 1721923152.255, 'user-id': '1009', 'source': 'HAI Interface', 'destination-index': '3', 'study-stage': '1', 'decision-state': 0, 'vitals-state': 0, 'airspace-state': 0, 'data': {'page': 'map', 'action': 'changing helipad', 'value': '7'}}
INFO:root:1721923152.264482,ID:1009,STAGE:1,SEQUENCE:1423,DATA:{'time': 1721923152.255, 'user-id': '1009', 'source': 'HAI Interface', 'destination-index': '3', 'study-stage': '1', 'decision-state': 0, 'vitals-state': 0, 'airspace-state': 0, 'data': {'page': 'map', 'action': 'selected helipad', 'value': '7'}}
INFO:root:1721923152.267474,ID:1009,STAGE:1,SEQUENCE:1423,DATA:{'time': 1721923152.256, 'user-id': '1009', 'source': 'HAI Interface', 'destination-index': '3', 'study-stage': '1', 'decision-state': 0, 'vitals-state': 0, 'airspace-state': 0, 'data': {'page': 'map', 'action': 'set destination', 'value': '7'}}
INFO:root:1721923152.73355,ID:1009,STAGE:1,SEQUENCE:1423,DATA:{'time': 1721923152.723, 'user-id': '1009', 'source': 'HAI Interface', 'destination-index': '3', 'study-stage': '1', 'decision-state': 0, 'vitals-state': 0, 'airspace-state': 0, 'data': {'page': 'emergency', 'action': 'trying to change destination to19'}}
INFO:root:1721923157.722074,ID:1009,STAGE:1,SEQUENCE:1423,DATA:{'time': 1721923157.708, 'user-id': '1009', 'source': 'HAI Interface', 'destination-index': '3', 'study-stage': '1', 'decision-state': 0, 'vitals-state': 0, 'airspace-state': 0, 'data': {'page': 'emergency', 'action': 'trying to change destination to19'}}
INFO:root:1721923160.865437,ID:1009,STAGE:1,SEQUENCE:1423,DATA:{'time': 1721923160.86, 'user-id': '1009', 'source': 'HAI Interface', 'destination-index': '3', 'study-stage': '1', 'decision-state': 0, 'vitals-state': 0, 'airspace-state': 0, 'data': {'page': 'map', 'action': 'hide map'}}
INFO:root:1721923162.715129,ID:1009,STAGE:1,SEQUENCE:1423,DATA:{'time': 1721923162.706, 'user-id': '1009', 'source': 'HAI Interface', 'destination-index': '3', 'study-stage': '1', 'decision-state': 0, 'vitals-state': 0, 'airspace-state': 0, 'data': {'page': 'emergency', 'action': 'trying to change destination to19'}}
INFO:root:1721923163.044007,ID:1009,STAGE:1,SEQUENCE:1423,DATA:{'time': 1721923163.032, 'user-id': '1009', 'source': 'HAI Interface', 'destination-index': '3', 'study-stage': '1', 'decision-state': 0, 'vitals-state': 0, 'airspace-state': 0, 'data': {'page': 'change-destination', 'action': 'submit button pressed'}}
INFO:root:1721923163.178748,ID:1009,STAGE:1,SEQUENCE:1423,DATA:{'time': 1721923163.167, 'user-id': 'none', 'source': 'HAI Interface', 'destination-index': 3, 'study-stage': -1, 'decision-state': 0, 'vitals-state': 0, 'airspace-state': 0, 'data': {'page': 'location', 'action': 'opened page'}}
INFO:root:1721923164.623514,ID:1009,STAGE:1,SEQUENCE:1423,DATA:{'time': 1721923164.618, 'user-id': '1009', 'source': 'HAI Interface', 'destination-index': '3', 'study-stage': '1', 'decision-state': 0, 'vitals-state': 0, 'airspace-state': 0, 'data': {'page': 'map', 'action': 'selected helipad', 'value': '21'}}
INFO:root:1721923165.777895,ID:1009,STAGE:1,SEQUENCE:1423,DATA:{'time': 1721923165.772, 'user-id': '1009', 'source': 'HAI Interface', 'destination-index': '3', 'study-stage': '1', 'decision-state': 0, 'vitals-state': 0, 'airspace-state': 0, 'data': {'page': 'location', 'action': 'confirm button pressed'}}
INFO:root:1721923167.055797,ID:1009,STAGE:1,SEQUENCE:1423,DATA:{'time': 1721923167.051, 'user-id': '1009', 'source': 'HAI Interface', 'destination-index': '7', 'study-stage': '1', 'decision-state': 0, 'vitals-state': 0, 'airspace-state': 0, 'data': {'page': 'map', 'action': 'selected helipad', 'value': '21'}}
INFO:root:1721923171.274644,ID:1009,STAGE:1,SEQUENCE:1423,DATA:{'time': 1721923171.265, 'user-id': '1009', 'source': 'HAI Interface', 'destination-index': '7', 'study-stage': '1', 'decision-state': 0, 'vitals-state': 0, 'airspace-state': 0, 'data': {'page': 'emergency', 'action': 'trying to change destination to100'}}
INFO:root:1721923176.314197,ID:1009,STAGE:1,SEQUENCE:1423,DATA:{'time': 1721923176.301, 'user-id': '1009', 'source': 'HAI Interface', 'destination-index': '7', 'study-stage': '1', 'decision-state': 0, 'vitals-state': 0, 'airspace-state': 0, 'data': {'page': 'emergency', 'action': 'trying to change destination to19'}}
INFO:root:1721923181.362901,ID:1009,STAGE:1,SEQUENCE:1423,DATA:{'time': 1721923181.356, 'user-id': '1009', 'source': 'HAI Interface', 'destination-index': '7', 'study-stage': '1', 'decision-state': 0, 'vitals-state': 0, 'airspace-state': 0, 'data': {'page': 'emergency', 'action': 'trying to change destination to19'}}
INFO:root:1721923186.262556,ID:1009,STAGE:1,SEQUENCE:1423,DATA:{'time': 1721923186.257, 'user-id': '1009', 'source': 'HAI Interface', 'destination-index': '7', 'study-stage': '1', 'decision-state': 0, 'vitals-state': 0, 'airspace-state': 0, 'data': {'page': 'emergency', 'action': 'trying to change destination to19'}}
INFO:root:1721923189.361483,ID:1009,STAGE:1,SEQUENCE:1423,DATA:{'time': 1721923189.356, 'user-id': '1009', 'source': 'HAI Interface', 'destination-index': '7', 'study-stage': '1', 'decision-state': 0, 'vitals-state': 0, 'airspace-state': 0, 'data': {'action': 'radio panel opened'}}
INFO:root:1721923191.257078,ID:1009,STAGE:1,SEQUENCE:1423,DATA:{'time': 1721923191.249, 'user-id': '1009', 'source': 'HAI Interface', 'destination-index': '7', 'study-stage': '1', 'decision-state': 0, 'vitals-state': 0, 'airspace-state': 0, 'data': {'page': 'emergency', 'action': 'trying to change destination to19'}}
INFO:root:1721923196.316261,ID:1009,STAGE:1,SEQUENCE:1423,DATA:{'time': 1721923196.298, 'user-id': '1009', 'source': 'HAI Interface', 'destination-index': '7', 'study-stage': '1', 'decision-state': 0, 'vitals-state': 0, 'airspace-state': 0, 'data': {'page': 'emergency', 'action': 'trying to change destination to19'}}
INFO:root:1721923196.458559,ID:1009,STAGE:1,SEQUENCE:1423,DATA:{'time': 1721923196.426, 'user-id': 'none', 'source': 'HAI Interface', 'destination-index': 3, 'study-stage': -1, 'decision-state': 0, 'vitals-state': 0, 'airspace-state': 0, 'data': {'page': 'checklist', 'action': 'opened page', 'inflight': True}}
INFO:root:1721923197.399574,ID:1009,STAGE:1,SEQUENCE:1423,DATA:{'time': 1721923197.395, 'user-id': '1009', 'source': 'HAI Interface', 'destination-index': '7', 'study-stage': '1', 'decision-state': 0, 'vitals-state': 0, 'airspace-state': 0, 'data': {'page': 'map', 'action': 'selected helipad', 'value': '21'}}
INFO:root:1721923199.712277,ID:1009,STAGE:1,SEQUENCE:1423,DATA:{'time': 1721923199.709, 'user-id': '1009', 'source': 'HAI Interface', 'destination-index': '7', 'study-stage': '1', 'decision-state': 0, 'vitals-state': 0, 'airspace-state': 0, 'data': {'page': 'checklist', 'action': 'toggled checkbox', 'inflight': True, 'item': 0, 'value': 'OFF'}}
INFO:root:1721923200.46187,ID:1009,STAGE:1,SEQUENCE:1423,DATA:{'time': 1721923200.456, 'user-id': '1009', 'source': 'HAI Interface', 'destination-index': '7', 'study-stage': '1', 'decision-state': 0, 'vitals-state': 0, 'airspace-state': 0, 'data': {'page': 'checklist', 'action': 'toggled checkbox', 'inflight': True, 'item': 1, 'value': 'OFF'}}
INFO:root:1721923201.827183,ID:1009,STAGE:1,SEQUENCE:1423,DATA:{'time': 1721923201.821, 'user-id': '1009', 'source': 'HAI Interface', 'destination-index': '7', 'study-stage': '1', 'decision-state': 0, 'vitals-state': 0, 'airspace-state': 0, 'data': {'page': 'checklist', 'action': 'toggled checkbox', 'inflight': True, 'item': 2, 'value': 'OFF'}}
INFO:root:1721923201.829177,ID:1009,STAGE:1,SEQUENCE:1423,DATA:{'time': 1721923201.822, 'user-id': '1009', 'source': 'HAI Interface', 'destination-index': '7', 'study-stage': '1', 'decision-state': 0, 'vitals-state': 0, 'airspace-state': 0, 'data': {'page': 'checklist', 'action': 'showing confirm button', 'inflight': True}}
INFO:root:1721923202.781088,ID:1009,STAGE:1,SEQUENCE:1423,DATA:{'time': 1721923202.777, 'user-id': '1009', 'source': 'HAI Interface', 'destination-index': '7', 'study-stage': '1', 'decision-state': 0, 'vitals-state': 0, 'airspace-state': 0, 'data': {'page': 'checklist', 'action': 'confirm button clicked', 'inflight': True}}
INFO:root:1721923203.076396,ID:1009,STAGE:1,SEQUENCE:1423,DATA:{'time': 1721923203.055, 'user-id': 'none', 'source': 'HAI Interface', 'destination-index': 3, 'study-stage': -1, 'decision-state': 0, 'vitals-state': 0, 'airspace-state': 0, 'data': {'page': 'landing-confirmation', 'action': 'opened page'}}
INFO:root:1721923203.07944,ID:1009,STAGE:1,SEQUENCE:1423,DATA:{'time': 1721923203.056, 'user-id': 'none', 'source': 'HAI Interface', 'destination-index': 3, 'study-stage': -1, 'decision-state': 0, 'vitals-state': 0, 'airspace-state': 0, 'data': {'page': 'landing-confirmation', 'action': 'showing helipad confirm', 'value': 1}}
INFO:root:1721923204.050136,ID:1009,STAGE:1,SEQUENCE:1423,DATA:{'time': 1721923204.042, 'user-id': '1009', 'source': 'HAI Interface', 'destination-index': '7', 'study-stage': '1', 'decision-state': 0, 'vitals-state': 0, 'airspace-state': 0, 'data': {'page': 'map', 'action': 'selected helipad', 'value': '21'}}
INFO:root:1721923207.29117,ID:1009,STAGE:1,SEQUENCE:1423,DATA:{'time': 1721923207.285, 'user-id': '1009', 'source': 'HAI Interface', 'destination-index': '7', 'study-stage': '1', 'decision-state': 0, 'vitals-state': 0, 'airspace-state': 0, 'data': {'page': 'landing-confirmation', 'action': 'checkbox toggle', 'item': 0, 'value': 'ON'}}
INFO:root:1721923211.372218,ID:1009,STAGE:1,SEQUENCE:1423,DATA:{'time': 1721923211.365, 'user-id': '1009', 'source': 'HAI Interface', 'destination-index': '7', 'study-stage': '1', 'decision-state': 0, 'vitals-state': 0, 'airspace-state': 0, 'data': {'page': 'landing-confirmation', 'action': 'checkbox toggle', 'item': 1, 'value': 'ON'}}
INFO:root:1721923212.991606,ID:1009,STAGE:1,SEQUENCE:1423,DATA:{'time': 1721923212.984, 'user-id': '1009', 'source': 'HAI Interface', 'destination-index': '7', 'study-stage': '1', 'decision-state': 0, 'vitals-state': 0, 'airspace-state': 0, 'data': {'page': 'landing-confirmation', 'action': 'confirmed safe to land'}}
INFO:root:1721923212.993601,ID:1009,STAGE:1,SEQUENCE:1423,DATA:{'time': 1721923212.985, 'user-id': '1009', 'source': 'HAI Interface', 'destination-index': '7', 'study-stage': '1', 'decision-state': 0, 'vitals-state': 0, 'airspace-state': 0, 'data': {'page': 'landing-confirmation', 'action': 'showing helipad ready'}}
INFO:root:1721923215.56083,ID:1009,STAGE:1,SEQUENCE:1423,DATA:{'time': 1721923215.556, 'user-id': '1009', 'source': 'HAI Interface', 'destination-index': '7', 'study-stage': '1', 'decision-state': 0, 'vitals-state': 0, 'airspace-state': 0, 'data': {'page': 'landing-confirmation', 'action': 'gave landing confirmation'}}
INFO:root:1721923215.686473,ID:1009,STAGE:1,SEQUENCE:1423,DATA:{'time': 1721923215.673, 'user-id': 'none', 'source': 'HAI Interface', 'destination-index': 3, 'study-stage': -1, 'decision-state': 0, 'vitals-state': 0, 'airspace-state': 0, 'data': {'page': 'landing-countdown', 'action': 'opened page'}}
INFO:root:1721923216.647791,ID:1009,STAGE:1,SEQUENCE:1423,DATA:{'time': 1721923216.644, 'user-id': '1009', 'source': 'HAI Interface', 'destination-index': '7', 'study-stage': '1', 'decision-state': '1', 'vitals-state': 0, 'airspace-state': 0, 'data': {'page': 'map', 'action': 'selected helipad', 'value': '21'}}
INFO:root:1721923216.686376,ID:1009,STAGE:1,SEQUENCE:1423,DATA:{'time': 1721923216.677, 'user-id': '1009', 'source': 'HAI Interface', 'destination-index': '7', 'study-stage': '1', 'decision-state': '1', 'vitals-state': 0, 'airspace-state': 0, 'data': {'page': 'landing-countdown', 'action': 'countdown changed', 'value': 5}}
INFO:root:1721923217.677566,ID:1009,STAGE:1,SEQUENCE:1423,DATA:{'time': 1721923217.674, 'user-id': '1009', 'source': 'HAI Interface', 'destination-index': '7', 'study-stage': '1', 'decision-state': '1', 'vitals-state': 0, 'airspace-state': 0, 'data': {'page': 'landing-countdown', 'action': 'countdown changed', 'value': 4}}
INFO:root:1721923218.68056,ID:1009,STAGE:1,SEQUENCE:1423,DATA:{'time': 1721923218.675, 'user-id': '1009', 'source': 'HAI Interface', 'destination-index': '7', 'study-stage': '1', 'decision-state': '1', 'vitals-state': 0, 'airspace-state': 0, 'data': {'page': 'landing-countdown', 'action': 'countdown changed', 'value': 3}}
INFO:root:1721923219.678157,ID:1009,STAGE:1,SEQUENCE:1423,DATA:{'time': 1721923219.674, 'user-id': '1009', 'source': 'HAI Interface', 'destination-index': '7', 'study-stage': '1', 'decision-state': '1', 'vitals-state': 0, 'airspace-state': 0, 'data': {'page': 'landing-countdown', 'action': 'countdown changed', 'value': 2}}
INFO:root:1721923220.684035,ID:1009,STAGE:1,SEQUENCE:1423,DATA:{'time': 1721923220.68, 'user-id': '1009', 'source': 'HAI Interface', 'destination-index': '7', 'study-stage': '1', 'decision-state': '1', 'vitals-state': 0, 'airspace-state': 0, 'data': {'page': 'landing-countdown', 'action': 'countdown changed', 'value': 1}}
INFO:root:1721923221.680284,ID:1009,STAGE:1,SEQUENCE:1423,DATA:{'time': 1721923221.675, 'user-id': '1009', 'source': 'HAI Interface', 'destination-index': '7', 'study-stage': '1', 'decision-state': '1', 'vitals-state': 0, 'airspace-state': 0, 'data': {'page': 'landing-countdown', 'action': 'countdown changed', 'value': 0}}
INFO:root:1721923222.679071,ID:1009,STAGE:1,SEQUENCE:1423,DATA:{'time': 1721923222.674, 'user-id': '1009', 'source': 'HAI Interface', 'destination-index': '7', 'study-stage': '1', 'decision-state': '1', 'vitals-state': 0, 'airspace-state': 0, 'data': {'page': 'landing-countdown', 'action': 'countdown complete'}}
INFO:root:1721923222.799884,ID:1009,STAGE:1,SEQUENCE:1423,DATA:{'time': 1721923222.783, 'user-id': 'none', 'source': 'HAI Interface', 'destination-index': 3, 'study-stage': -1, 'decision-state': 0, 'vitals-state': 0, 'airspace-state': 0, 'data': {'page': 'landed', 'action': 'opened page'}}
INFO:root:1721923223.77149,ID:1009,STAGE:1,SEQUENCE:1423,DATA:{'time': 1721923223.764, 'user-id': '1009', 'source': 'HAI Interface', 'destination-index': '7', 'study-stage': '1', 'decision-state': '1', 'vitals-state': 0, 'airspace-state': 0, 'data': {'page': 'map', 'action': 'selected helipad', 'value': '21'}}
INFO:root:1721923223.778512,ID:1009,STAGE:1,SEQUENCE:1423,DATA:{'time': 1721923223.772, 'user-id': '1009', 'source': 'HAI Interface', 'destination-index': '7', 'study-stage': '1', 'decision-state': '1', 'vitals-state': 0, 'airspace-state': 0, 'data': {'action': 'radio panel opened'}}
INFO:root:1721923236.040344,ID:1009,STAGE:1,SEQUENCE:1423,DATA:{'time': 1721923236.035, 'user-id': '1009', 'source': 'HAI Interface', 'destination-index': '7', 'study-stage': '1', 'decision-state': '1', 'vitals-state': 0, 'airspace-state': 0, 'data': {'action': 'receive button pressed'}}
INFO:root:1721923236.041871,ID:1009,STAGE:1,SEQUENCE:1423,DATA:{'time': 1721923236.035, 'user-id': '1009', 'source': 'HAI Interface', 'destination-index': '7', 'study-stage': '1', 'decision-state': '1', 'vitals-state': 0, 'airspace-state': 0, 'data': {'action': 'callsign set to:[object Object]'}}
INFO:root:1721923236.044953,ID:1009,STAGE:1,SEQUENCE:1423,DATA:{'time': 1721923236.035, 'user-id': '1009', 'source': 'HAI Interface', 'destination-index': '7', 'study-stage': '1', 'decision-state': '1', 'vitals-state': 0, 'airspace-state': 0, 'data': {'action': 'radio set to:Comm2'}}
INFO:root:1721923236.047393,ID:1009,STAGE:1,SEQUENCE:1423,DATA:{'time': 1721923236.038, 'user-id': '1009', 'source': 'HAI Interface', 'destination-index': '7', 'study-stage': '1', 'decision-state': '1', 'vitals-state': 0, 'airspace-state': 0, 'data': {'action': 'MEDEVACtransmitting onComm2123.45 MHz'}}
INFO:root:Ok, continue to monitor the patients vitals and keep us updated 
INFO:root:altitude sensor radio comm done- command to clear event and make the receieve 0 sent
INFO:SimConnect.SimConnect:SIM Paused
INFO:SimConnect.SimConnect:SIM Paused
INFO:SimConnect.SimConnect:SIM Stop
INFO:SimConnect.SimConnect:SIM Stop
INFO:SimConnect.SimConnect:SIM Paused
INFO:SimConnect.SimConnect:SIM Paused
INFO:SimConnect.SimConnect:SIM START
INFO:SimConnect.SimConnect:SIM START
INFO:SimConnect.SimConnect:SIM Unpaused
INFO:SimConnect.SimConnect:SIM Unpaused
INFO:SimConnect.SimConnect:SIM Paused
INFO:SimConnect.SimConnect:SIM Paused
INFO:SimConnect.SimConnect:SIM Stop
INFO:SimConnect.SimConnect:SIM Stop
INFO:SimConnect.SimConnect:SIM Paused
INFO:SimConnect.SimConnect:SIM Paused
INFO:SimConnect.SimConnect:SIM START
INFO:SimConnect.SimConnect:SIM START
INFO:SimConnect.SimConnect:SIM Unpaused
INFO:SimConnect.SimConnect:SIM Unpaused
INFO:root:1721923665.865506,ID:1009,STAGE:1,SEQUENCE:1423,DATA:{'time': 1721923665.862, 'user-id': '1009', 'source': 'HAI Interface', 'destination-index': '7', 'study-stage': '1', 'decision-state': '1', 'vitals-state': 0, 'airspace-state': 0, 'data': {'action': 'radio panel closed'}}
INFO:root:1721923667.181639,ID:1009,STAGE:1,SEQUENCE:1423,DATA:{'time': 1721923667.178, 'user-id': '1009', 'source': 'HAI Interface', 'destination-index': '7', 'study-stage': '1', 'decision-state': '1', 'vitals-state': 0, 'airspace-state': 0, 'data': {'action': 'radio panel opened'}}
INFO:root:1721923674.716308,ID:1009,STAGE:1,SEQUENCE:1423,DATA:{'time': 1721923674.712, 'user-id': '1009', 'source': 'HAI Interface', 'destination-index': '7', 'study-stage': '1', 'decision-state': '1', 'vitals-state': 0, 'airspace-state': 0, 'data': {'action': 'radio panel closed'}}
