INFO:root:1721924784.054496,ID:1009,STAGE:2,SEQUENCE:1423,DATA:{'time': 1721924784.051, 'user-id': '1009', 'source': 'HAI Interface', 'destination-index': 'None', 'study-stage': '2', 'decision-state': 0, 'vitals-state': 0, 'airspace-state': 0, 'data': {'page': 'index', 'action': 'confirm button pressed'}}
INFO:root:1721924784.159239,ID:1009,STAGE:2,SEQUENCE:1423,DATA:{'time': 1721924784.151, 'user-id': 'none', 'source': 'HAI Interface', 'destination-index': 3, 'study-stage': -1, 'decision-state': 0, 'vitals-state': 0, 'airspace-state': 0, 'data': {'page': 'location', 'action': 'opened page'}}
INFO:root:Takeoff radiocomms initiated
INFO:comtypes.client._code_cache:Imported existing <module 'comtypes.gen' from 'C:\\Users\\ae-dagbeyibor3\\AppData\\Local\\Programs\\Python\\Python312\\Lib\\site-packages\\comtypes\\gen\\__init__.py'>
INFO:comtypes.client._code_cache:Using writeable comtypes cache directory: 'C:\Users\ae-dagbeyibor3\AppData\Local\Programs\Python\Python312\Lib\site-packages\comtypes\gen'
INFO:root:1721924785.130363,ID:1009,STAGE:2,SEQUENCE:1423,DATA:{'time': 1721924785.126, 'user-id': '1009', 'source': 'HAI Interface', 'destination-index': 'None', 'study-stage': '2', 'decision-state': 0, 'vitals-state': 0, 'airspace-state': 0, 'data': {'page': 'map', 'action': 'selected helipad', 'value': '21'}}
INFO:root:1721924787.179861,ID:1009,STAGE:2,SEQUENCE:1423,DATA:{'time': 1721924787.176, 'user-id': '1009', 'source': 'HAI Interface', 'destination-index': 'None', 'study-stage': '2', 'decision-state': 0, 'vitals-state': 0, 'airspace-state': 0, 'data': {'page': 'location', 'action': 'confirm button pressed'}}
INFO:root:1721924787.453607,ID:1009,STAGE:2,SEQUENCE:1423,DATA:{'time': 1721924787.441, 'user-id': 'none', 'source': 'HAI Interface', 'destination-index': 3, 'study-stage': -1, 'decision-state': 0, 'vitals-state': 0, 'airspace-state': 0, 'data': {'page': 'checklist', 'action': 'opened page', 'inflight': False}}
INFO:root:1721924788.415153,ID:1009,STAGE:2,SEQUENCE:1423,DATA:{'time': 1721924788.412, 'user-id': '1009', 'source': 'HAI Interface', 'destination-index': '3', 'study-stage': '2', 'decision-state': 0, 'vitals-state': 0, 'airspace-state': 0, 'data': {'page': 'map', 'action': 'selected helipad', 'value': '21'}}
INFO:root:1721924790.833967,ID:1009,STAGE:2,SEQUENCE:1423,DATA:{'time': 1721924790.831, 'user-id': '1009', 'source': 'HAI Interface', 'destination-index': '3', 'study-stage': '2', 'decision-state': 0, 'vitals-state': 0, 'airspace-state': 0, 'data': {'page': 'checklist', 'action': 'toggled checkbox', 'inflight': False, 'item': 0, 'value': 'OFF'}}
INFO:root:1721924791.207968,ID:1009,STAGE:2,SEQUENCE:1423,DATA:{'time': 1721924791.203, 'user-id': '1009', 'source': 'HAI Interface', 'destination-index': '3', 'study-stage': '2', 'decision-state': 0, 'vitals-state': 0, 'airspace-state': 0, 'data': {'page': 'checklist', 'action': 'toggled checkbox', 'inflight': False, 'item': 1, 'value': 'OFF'}}
INFO:root:1721924791.582225,ID:1009,STAGE:2,SEQUENCE:1423,DATA:{'time': 1721924791.579, 'user-id': '1009', 'source': 'HAI Interface', 'destination-index': '3', 'study-stage': '2', 'decision-state': 0, 'vitals-state': 0, 'airspace-state': 0, 'data': {'page': 'checklist', 'action': 'toggled checkbox', 'inflight': False, 'item': 2, 'value': 'OFF'}}
INFO:root:1721924791.58422,ID:1009,STAGE:2,SEQUENCE:1423,DATA:{'time': 1721924791.579, 'user-id': '1009', 'source': 'HAI Interface', 'destination-index': '3', 'study-stage': '2', 'decision-state': 0, 'vitals-state': 0, 'airspace-state': 0, 'data': {'page': 'checklist', 'action': 'showing confirm button', 'inflight': False}}
INFO:root:1721924796.010517,ID:1009,STAGE:2,SEQUENCE:1423,DATA:{'time': 1721924796.007, 'user-id': '1009', 'source': 'HAI Interface', 'destination-index': '3', 'study-stage': '2', 'decision-state': 0, 'vitals-state': 0, 'airspace-state': 0, 'data': {'page': 'checklist', 'action': 'confirm button clicked', 'inflight': False}}
INFO:root:1721924796.102615,ID:1009,STAGE:2,SEQUENCE:1423,DATA:{'time': 1721924796.092, 'user-id': 'none', 'source': 'HAI Interface', 'destination-index': 3, 'study-stage': -1, 'decision-state': 0, 'vitals-state': 0, 'airspace-state': 0, 'data': {'page': 'countdown', 'action': 'opened page'}}
INFO:root:1721924797.063949,ID:1009,STAGE:2,SEQUENCE:1423,DATA:{'time': 1721924797.06, 'user-id': '1009', 'source': 'HAI Interface', 'destination-index': '3', 'study-stage': '2', 'decision-state': 0, 'vitals-state': 0, 'airspace-state': 0, 'data': {'page': 'map', 'action': 'selected helipad', 'value': '21'}}
INFO:root:1721924797.097168,ID:1009,STAGE:2,SEQUENCE:1423,DATA:{'time': 1721924797.093, 'user-id': '1009', 'source': 'HAI Interface', 'destination-index': '3', 'study-stage': '2', 'decision-state': 0, 'vitals-state': 0, 'airspace-state': 0, 'data': {'page': 'countdown', 'action': 'countdown now 4'}}
INFO:root:1721924798.096249,ID:1009,STAGE:2,SEQUENCE:1423,DATA:{'time': 1721924798.093, 'user-id': '1009', 'source': 'HAI Interface', 'destination-index': '3', 'study-stage': '2', 'decision-state': 0, 'vitals-state': 0, 'airspace-state': 0, 'data': {'page': 'countdown', 'action': 'countdown now 3'}}
INFO:root:1721924799.098015,ID:1009,STAGE:2,SEQUENCE:1423,DATA:{'time': 1721924799.094, 'user-id': '1009', 'source': 'HAI Interface', 'destination-index': '3', 'study-stage': '2', 'decision-state': 0, 'vitals-state': 0, 'airspace-state': 0, 'data': {'page': 'countdown', 'action': 'countdown now 2'}}
INFO:root:1721924800.097602,ID:1009,STAGE:2,SEQUENCE:1423,DATA:{'time': 1721924800.094, 'user-id': '1009', 'source': 'HAI Interface', 'destination-index': '3', 'study-stage': '2', 'decision-state': 0, 'vitals-state': 0, 'airspace-state': 0, 'data': {'page': 'countdown', 'action': 'countdown now 1'}}
INFO:root:1721924801.09661,ID:1009,STAGE:2,SEQUENCE:1423,DATA:{'time': 1721924801.094, 'user-id': '1009', 'source': 'HAI Interface', 'destination-index': '3', 'study-stage': '2', 'decision-state': 0, 'vitals-state': 0, 'airspace-state': 0, 'data': {'page': 'countdown', 'action': 'countdown now 0'}}
INFO:root:1721924802.099379,ID:1009,STAGE:2,SEQUENCE:1423,DATA:{'time': 1721924802.094, 'user-id': '1009', 'source': 'HAI Interface', 'destination-index': '3', 'study-stage': '2', 'decision-state': 0, 'vitals-state': 0, 'airspace-state': 0, 'data': {'page': 'countdown', 'action': 'countdown complete'}}
INFO:root:Takeoff radiocomms clear request sent
INFO:root:1721924804.865948,ID:1009,STAGE:2,SEQUENCE:1423,DATA:{'time': 1721924804.861, 'user-id': '1009', 'source': 'HAI Interface', 'destination-index': '3', 'study-stage': '2', 'decision-state': 0, 'vitals-state': 0, 'airspace-state': 0, 'data': {'page': 'map', 'action': 'selected helipad', 'value': '21'}}
INFO:root:1721924810.322463,ID:1009,STAGE:2,SEQUENCE:1423,DATA:{'time': 1721924810.318, 'user-id': '1009', 'source': 'HAI Interface', 'destination-index': '3', 'study-stage': '2', 'decision-state': 0, 'vitals-state': 0, 'airspace-state': 0, 'data': {'action': 'radio panel opened'}}
INFO:root:Inflight Radio Update asked
INFO:root:sent request to set radio update complete
INFO:root:1721924814.979273,ID:1009,STAGE:2,SEQUENCE:1423,DATA:{'time': 1721924814.975, 'user-id': '1009', 'source': 'HAI Interface', 'destination-index': '3', 'study-stage': '2', 'decision-state': 0, 'vitals-state': 0, 'airspace-state': 0, 'data': {'action': 'transmit button pressed'}}
INFO:root:1721924814.982265,ID:1009,STAGE:2,SEQUENCE:1423,DATA:{'time': 1721924814.976, 'user-id': '1009', 'source': 'HAI Interface', 'destination-index': '3', 'study-stage': '2', 'decision-state': 0, 'vitals-state': 0, 'airspace-state': 0, 'data': {'action': 'callsign set to: + NASXGS'}}
INFO:root:1721924814.983262,ID:1009,STAGE:2,SEQUENCE:1423,DATA:{'time': 1721924814.976, 'user-id': '1009', 'source': 'HAI Interface', 'destination-index': '3', 'study-stage': '2', 'decision-state': 0, 'vitals-state': 0, 'airspace-state': 0, 'data': {'action': 'radio set to:Comm1'}}
INFO:root:1721924814.985692,ID:1009,STAGE:2,SEQUENCE:1423,DATA:{'time': 1721924814.977, 'user-id': '1009', 'source': 'HAI Interface', 'destination-index': '3', 'study-stage': '2', 'decision-state': 0, 'vitals-state': 0, 'airspace-state': 0, 'data': {'page': 'map', 'action': 'show map'}}
INFO:root:1721924814.98869,ID:1009,STAGE:2,SEQUENCE:1423,DATA:{'time': 1721924814.977, 'user-id': '1009', 'source': 'HAI Interface', 'destination-index': '3', 'study-stage': '2', 'decision-state': 0, 'vitals-state': 0, 'airspace-state': 0, 'data': {'page': 'map', 'action': 'selected helipad', 'value': '21'}}
INFO:root:1721924814.991707,ID:1009,STAGE:2,SEQUENCE:1423,DATA:{'time': 1721924814.984, 'user-id': '1009', 'source': 'HAI Interface', 'destination-index': '3', 'study-stage': '2', 'decision-state': 0, 'vitals-state': 0, 'airspace-state': 0, 'data': {'action': 'NASXGStransmitting updates onComm1123.45 MHz'}}
INFO:root:1721924834.560523,ID:1009,STAGE:2,SEQUENCE:1423,DATA:{'time': 1721924834.557, 'user-id': '1009', 'source': 'HAI Interface', 'destination-index': '3', 'study-stage': '2', 'decision-state': 0, 'vitals-state': 0, 'airspace-state': 0, 'data': {'page': 'map', 'action': 'hide map'}}
INFO:root:1721924836.310601,ID:1009,STAGE:2,SEQUENCE:1423,DATA:{'time': 1721924836.304, 'user-id': '1009', 'source': 'HAI Interface', 'destination-index': '3', 'study-stage': '2', 'decision-state': 0, 'vitals-state': 0, 'airspace-state': 0, 'data': {'action': 'radio panel closed'}}
INFO:root:1721924856.86223,ID:1009,STAGE:2,SEQUENCE:1423,DATA:{'time': 1721924856.856, 'user-id': '1009', 'source': 'HAI Interface', 'destination-index': '3', 'study-stage': '2', 'decision-state': 0, 'vitals-state': 0, 'airspace-state': 0, 'data': {'page': 'inflight', 'action': 'displaying vitals prompt'}}
INFO:root:1721924863.126233,ID:1009,STAGE:2,SEQUENCE:1423,DATA:{'time': 1721924863.123, 'source': 'VitalsTask', 'timer': 122.938, 'data': {'sensor': 'Heart Rate', 'action': 'opened sensor tab'}}
INFO:root:1721924864.731151,ID:1009,STAGE:2,SEQUENCE:1423,DATA:{'time': 1721924864.722, 'source': 'VitalsTask', 'timer': 124.537, 'data': {'sensor': 'Heart Rate', 'action': 'capture', 'data': 'action button pressed'}}
INFO:root:1721924864.732617,ID:1009,STAGE:2,SEQUENCE:1423,DATA:{'time': 1721924864.723, 'source': 'VitalsTask', 'timer': 124.538, 'data': {'sensor': 'Heart Rate', 'action': 'capture', 'data': 'starting sensor action'}}
INFO:root:1721924865.743029,ID:1009,STAGE:2,SEQUENCE:1423,DATA:{'time': 1721924865.74, 'source': 'VitalsTask', 'timer': 125.555, 'data': {'sensor': 'Heart Rate', 'action': 'capture', 'data': 'sensor action complete'}}
INFO:root:1721924865.745024,ID:1009,STAGE:2,SEQUENCE:1423,DATA:{'time': 1721924865.74, 'source': 'VitalsTask', 'timer': 125.555, 'data': {'sensor': 'Heart Rate', 'action': 'keypad open'}}
INFO:root:1721924867.774838,ID:1009,STAGE:2,SEQUENCE:1423,DATA:{'time': 1721924867.772, 'source': 'VitalsTask', 'timer': 127.587, 'data': {'sensor': 'Heart Rate', 'action': 'keypad press', 'key': 5, 'value': 5}}
INFO:root:1721924869.491411,ID:1009,STAGE:2,SEQUENCE:1423,DATA:{'time': 1721924869.489, 'source': 'VitalsTask', 'timer': 129.304, 'data': {'sensor': 'Heart Rate', 'action': 'keypad press', 'key': 5, 'value': 55}}
INFO:root:1721924871.370153,ID:1009,STAGE:2,SEQUENCE:1423,DATA:{'time': 1721924871.367, 'source': 'VitalsTask', 'timer': 131.182, 'data': {'sensor': 'Heart Rate', 'action': 'show action buttons'}}
INFO:root:1721924871.377134,ID:1009,STAGE:2,SEQUENCE:1423,DATA:{'time': 1721924871.367, 'source': 'VitalsTask', 'timer': 131.182, 'data': {'sensor': 'Heart Rate', 'action': 'keypad press', 'key': 10, 'value': 55}}
INFO:root:1721924873.338351,ID:1009,STAGE:2,SEQUENCE:1423,DATA:{'time': 1721924873.333, 'source': 'VitalsTask', 'timer': 133.148, 'data': {'sensor': 'Heart Rate', 'action': 'log', 'data': 'action button pressed'}}
INFO:root:1721924873.340345,ID:1009,STAGE:2,SEQUENCE:1423,DATA:{'time': 1721924873.334, 'source': 'VitalsTask', 'timer': 133.149, 'data': {'sensor': 'Heart Rate', 'action': 'log', 'data': 'starting sensor action'}}
INFO:root:1721924874.350362,ID:1009,STAGE:2,SEQUENCE:1423,DATA:{'time': 1721924874.347, 'source': 'VitalsTask', 'timer': 134.162, 'data': {'sensor': 'Heart Rate', 'action': 'log', 'data': 'sensor action complete'}}
INFO:root:1721924874.551959,ID:1009,STAGE:2,SEQUENCE:1423,DATA:{'time': 1721924874.546, 'source': 'VitalsTask', 'timer': 134.361, 'data': {'sensor': 'Heart Rate', 'action': 'save', 'data': 'action button pressed'}}
INFO:root:1721924874.553958,ID:1009,STAGE:2,SEQUENCE:1423,DATA:{'time': 1721924874.547, 'source': 'VitalsTask', 'timer': 134.362, 'data': {'sensor': 'Heart Rate', 'action': 'save', 'data': 'starting sensor action'}}
INFO:root:1721924875.568155,ID:1009,STAGE:2,SEQUENCE:1423,DATA:{'time': 1721924875.566, 'source': 'VitalsTask', 'timer': 135.381, 'data': {'sensor': 'Heart Rate', 'action': 'save', 'data': 'sensor action complete'}}
INFO:root:1721924876.234135,ID:1009,STAGE:2,SEQUENCE:1423,DATA:{'time': 1721924876.231, 'source': 'VitalsTask', 'timer': 136.046, 'data': {'sensor': 'O\u2082 Saturation', 'action': 'opened sensor tab'}}
INFO:root:1721924879.285437,ID:1009,STAGE:2,SEQUENCE:1423,DATA:{'time': 1721924879.281, 'source': 'VitalsTask', 'timer': 139.096, 'data': {'sensor': 'O\u2082 Saturation', 'action': 'capture', 'data': 'action button pressed'}}
INFO:root:1721924879.287363,ID:1009,STAGE:2,SEQUENCE:1423,DATA:{'time': 1721924879.282, 'source': 'VitalsTask', 'timer': 139.097, 'data': {'sensor': 'O\u2082 Saturation', 'action': 'capture', 'data': 'starting sensor action'}}
INFO:root:1721924880.304494,ID:1009,STAGE:2,SEQUENCE:1423,DATA:{'time': 1721924880.302, 'source': 'VitalsTask', 'timer': 140.117, 'data': {'sensor': 'O\u2082 Saturation', 'action': 'capture', 'data': 'sensor action complete'}}
INFO:root:1721924880.307061,ID:1009,STAGE:2,SEQUENCE:1423,DATA:{'time': 1721924880.302, 'source': 'VitalsTask', 'timer': 140.117, 'data': {'sensor': 'O\u2082 Saturation', 'action': 'keypad open'}}
INFO:root:1721924881.440867,ID:1009,STAGE:2,SEQUENCE:1423,DATA:{'time': 1721924881.438, 'source': 'VitalsTask', 'timer': 141.253, 'data': {'sensor': 'O\u2082 Saturation', 'action': 'keypad press', 'key': 1, 'value': 1}}
INFO:root:1721924883.297282,ID:1009,STAGE:2,SEQUENCE:1423,DATA:{'time': 1721924883.293, 'source': 'VitalsTask', 'timer': 143.108, 'data': {'sensor': 'O\u2082 Saturation', 'action': 'keypad press', 'key': 11, 'value': 10}}
INFO:root:1721924883.818335,ID:1009,STAGE:2,SEQUENCE:1423,DATA:{'time': 1721924883.815, 'source': 'VitalsTask', 'timer': 143.63, 'data': {'sensor': 'O\u2082 Saturation', 'action': 'keypad press', 'key': 11, 'value': 100}}
INFO:root:1721924885.713167,ID:1009,STAGE:2,SEQUENCE:1423,DATA:{'time': 1721924885.709, 'source': 'VitalsTask', 'timer': 145.524, 'data': {'sensor': 'O\u2082 Saturation', 'action': 'show action buttons'}}
INFO:root:1721924885.715161,ID:1009,STAGE:2,SEQUENCE:1423,DATA:{'time': 1721924885.71, 'source': 'VitalsTask', 'timer': 145.525, 'data': {'sensor': 'O\u2082 Saturation', 'action': 'keypad press', 'key': 10, 'value': 100}}
INFO:root:1721924887.603459,ID:1009,STAGE:2,SEQUENCE:1423,DATA:{'time': 1721924887.6, 'source': 'VitalsTask', 'timer': 147.415, 'data': {'sensor': 'O\u2082 Saturation', 'action': 'log', 'data': 'action button pressed'}}
INFO:root:1721924887.605678,ID:1009,STAGE:2,SEQUENCE:1423,DATA:{'time': 1721924887.6, 'source': 'VitalsTask', 'timer': 147.415, 'data': {'sensor': 'O\u2082 Saturation', 'action': 'log', 'data': 'starting sensor action'}}
INFO:root:1721924888.614507,ID:1009,STAGE:2,SEQUENCE:1423,DATA:{'time': 1721924888.612, 'source': 'VitalsTask', 'timer': 148.427, 'data': {'sensor': 'O\u2082 Saturation', 'action': 'log', 'data': 'sensor action complete'}}
INFO:root:1721924888.857065,ID:1009,STAGE:2,SEQUENCE:1423,DATA:{'time': 1721924888.853, 'source': 'VitalsTask', 'timer': 148.668, 'data': {'sensor': 'O\u2082 Saturation', 'action': 'save', 'data': 'action button pressed'}}
INFO:root:1721924888.858065,ID:1009,STAGE:2,SEQUENCE:1423,DATA:{'time': 1721924888.853, 'source': 'VitalsTask', 'timer': 148.668, 'data': {'sensor': 'O\u2082 Saturation', 'action': 'save', 'data': 'starting sensor action'}}
INFO:root:1721924889.869583,ID:1009,STAGE:2,SEQUENCE:1423,DATA:{'time': 1721924889.865, 'source': 'VitalsTask', 'timer': 149.68, 'data': {'sensor': 'O\u2082 Saturation', 'action': 'save', 'data': 'sensor action complete'}}
INFO:root:1721924890.980457,ID:1009,STAGE:2,SEQUENCE:1423,DATA:{'time': 1721924890.976, 'source': 'VitalsTask', 'timer': 150.791, 'data': {'sensor': 'Blood Pressure', 'action': 'opened sensor tab'}}
INFO:root:1721924892.559131,ID:1009,STAGE:2,SEQUENCE:1423,DATA:{'time': 1721924892.556, 'source': 'VitalsTask', 'timer': 152.371, 'data': {'sensor': 'Blood Pressure', 'action': 'capture', 'data': 'action button pressed'}}
INFO:root:1721924892.560127,ID:1009,STAGE:2,SEQUENCE:1423,DATA:{'time': 1721924892.556, 'source': 'VitalsTask', 'timer': 152.371, 'data': {'sensor': 'Blood Pressure', 'action': 'capture', 'data': 'starting sensor action'}}
INFO:root:1721924893.574099,ID:1009,STAGE:2,SEQUENCE:1423,DATA:{'time': 1721924893.571, 'source': 'VitalsTask', 'timer': 153.386, 'data': {'sensor': 'Blood Pressure', 'action': 'capture', 'data': 'sensor action complete'}}
INFO:root:1721924893.576678,ID:1009,STAGE:2,SEQUENCE:1423,DATA:{'time': 1721924893.571, 'source': 'VitalsTask', 'timer': 153.386, 'data': {'sensor': 'Blood Pressure', 'action': 'keypad open'}}
INFO:root:1721924895.052416,ID:1009,STAGE:2,SEQUENCE:1423,DATA:{'time': 1721924895.049, 'source': 'VitalsTask', 'timer': 154.864, 'data': {'sensor': 'Blood Pressure', 'action': 'keypad press', 'key': 1, 'value': 1}}
INFO:root:1721924895.955847,ID:1009,STAGE:2,SEQUENCE:1423,DATA:{'time': 1721924895.952, 'source': 'VitalsTask', 'timer': 155.767, 'data': {'sensor': 'Blood Pressure', 'action': 'keypad press', 'key': 2, 'value': 12}}
INFO:root:1721924897.404944,ID:1009,STAGE:2,SEQUENCE:1423,DATA:{'time': 1721924897.402, 'source': 'VitalsTask', 'timer': 157.217, 'data': {'sensor': 'Blood Pressure', 'action': 'keypad press', 'key': 11, 'value': 120}}
INFO:root:1721924898.782157,ID:1009,STAGE:2,SEQUENCE:1423,DATA:{'time': 1721924898.779, 'source': 'VitalsTask', 'timer': 158.594, 'data': {'sensor': 'Blood Pressure', 'action': 'keypad press', 'key': 8, 'value': 1208}}
INFO:root:1721924900.015149,ID:1009,STAGE:2,SEQUENCE:1423,DATA:{'time': 1721924900.012, 'source': 'VitalsTask', 'timer': 159.827, 'data': {'sensor': 'Blood Pressure', 'action': 'keypad press', 'key': 11, 'value': 12080}}
INFO:root:1721924902.470462,ID:1009,STAGE:2,SEQUENCE:1423,DATA:{'time': 1721924902.464, 'source': 'VitalsTask', 'timer': 162.279, 'data': {'sensor': 'Blood Pressure', 'action': 'show action buttons'}}
INFO:root:1721924902.472671,ID:1009,STAGE:2,SEQUENCE:1423,DATA:{'time': 1721924902.465, 'source': 'VitalsTask', 'timer': 162.28, 'data': {'sensor': 'Blood Pressure', 'action': 'keypad press', 'key': 10, 'value': 12080}}
INFO:root:1721924904.141701,ID:1009,STAGE:2,SEQUENCE:1423,DATA:{'time': 1721924904.135, 'source': 'VitalsTask', 'timer': 163.95, 'data': {'sensor': 'Blood Pressure', 'action': 'log', 'data': 'action button pressed'}}
INFO:root:1721924904.143695,ID:1009,STAGE:2,SEQUENCE:1423,DATA:{'time': 1721924904.136, 'source': 'VitalsTask', 'timer': 163.951, 'data': {'sensor': 'Blood Pressure', 'action': 'log', 'data': 'starting sensor action'}}
INFO:root:1721924905.151415,ID:1009,STAGE:2,SEQUENCE:1423,DATA:{'time': 1721924905.148, 'source': 'VitalsTask', 'timer': 164.963, 'data': {'sensor': 'Blood Pressure', 'action': 'log', 'data': 'sensor action complete'}}
INFO:root:1721924905.620904,ID:1009,STAGE:2,SEQUENCE:1423,DATA:{'time': 1721924905.619, 'source': 'VitalsTask', 'timer': 165.434, 'data': {'sensor': 'Blood Pressure', 'action': 'save', 'data': 'action button pressed'}}
INFO:root:1721924905.622898,ID:1009,STAGE:2,SEQUENCE:1423,DATA:{'time': 1721924905.619, 'source': 'VitalsTask', 'timer': 165.434, 'data': {'sensor': 'Blood Pressure', 'action': 'save', 'data': 'starting sensor action'}}
INFO:root:1721924906.639113,ID:1009,STAGE:2,SEQUENCE:1423,DATA:{'time': 1721924906.636, 'source': 'VitalsTask', 'timer': 166.451, 'data': {'sensor': 'Blood Pressure', 'action': 'save', 'data': 'sensor action complete'}}
INFO:root:1721924908.201359,ID:1009,STAGE:2,SEQUENCE:1423,DATA:{'time': 1721924908.198, 'source': 'VitalsTask', 'timer': 168.013, 'data': {'sensor': 'submit', 'action': 'submit'}}
INFO:root:1721924908.202356,ID:1009,STAGE:2,SEQUENCE:1423,DATA:{'time': 1721924908.198, 'source': 'VitalsTask', 'timer': 168.013, 'data': {'sensor': 'submit', 'action': 'submit', 'data': 'submit succeeded'}}
INFO:root:Inflight Radio Update asked
INFO:root:sent request to set radio update complete
INFO:root:1721924910.298116,ID:1009,STAGE:2,SEQUENCE:1423,DATA:{'time': 1721924910.293, 'user-id': '1009', 'source': 'HAI Interface', 'destination-index': '3', 'study-stage': '2', 'decision-state': 0, 'vitals-state': 0, 'airspace-state': 0, 'data': {'page': 'inflight', 'action': 'user acknowledged vitals prompt'}}
INFO:root:1721924911.454996,ID:1009,STAGE:2,SEQUENCE:1423,DATA:{'time': 1721924911.45, 'user-id': '1009', 'source': 'HAI Interface', 'destination-index': '3', 'study-stage': '2', 'decision-state': 0, 'vitals-state': 0, 'airspace-state': 0, 'data': {'action': 'radio panel opened'}}
INFO:root:1721924913.091289,ID:1009,STAGE:2,SEQUENCE:1423,DATA:{'time': 1721924913.088, 'user-id': '1009', 'source': 'HAI Interface', 'destination-index': '3', 'study-stage': '2', 'decision-state': 0, 'vitals-state': 0, 'airspace-state': 0, 'data': {'action': 'transmit button pressed'}}
INFO:root:1721924913.092966,ID:1009,STAGE:2,SEQUENCE:1423,DATA:{'time': 1721924913.088, 'user-id': '1009', 'source': 'HAI Interface', 'destination-index': '3', 'study-stage': '2', 'decision-state': 0, 'vitals-state': 0, 'airspace-state': 0, 'data': {'action': 'callsign set to: + NASXGS'}}
INFO:root:1721924913.097848,ID:1009,STAGE:2,SEQUENCE:1423,DATA:{'time': 1721924913.088, 'user-id': '1009', 'source': 'HAI Interface', 'destination-index': '3', 'study-stage': '2', 'decision-state': 0, 'vitals-state': 0, 'airspace-state': 0, 'data': {'action': 'radio set to:Comm1'}}
INFO:root:1721924913.101837,ID:1009,STAGE:2,SEQUENCE:1423,DATA:{'time': 1721924913.088, 'user-id': '1009', 'source': 'HAI Interface', 'destination-index': '3', 'study-stage': '2', 'decision-state': 0, 'vitals-state': 0, 'airspace-state': 0, 'data': {'page': 'map', 'action': 'show map'}}
INFO:root:1721924913.10518,ID:1009,STAGE:2,SEQUENCE:1423,DATA:{'time': 1721924913.089, 'user-id': '1009', 'source': 'HAI Interface', 'destination-index': '3', 'study-stage': '2', 'decision-state': 0, 'vitals-state': 0, 'airspace-state': 0, 'data': {'page': 'map', 'action': 'selected helipad', 'value': '21'}}
INFO:root:1721924913.11017,ID:1009,STAGE:2,SEQUENCE:1423,DATA:{'time': 1721924913.094, 'user-id': '1009', 'source': 'HAI Interface', 'destination-index': '3', 'study-stage': '2', 'decision-state': 0, 'vitals-state': 0, 'airspace-state': 0, 'data': {'action': 'NASXGStransmitting updates onComm1123.45 MHz'}}
INFO:root:1721924919.655052,ID:1009,STAGE:2,SEQUENCE:1423,DATA:{'time': 1721924919.65, 'source': 'VitalsTask', 'timer': 11.451, 'data': {'sensor': 'submit', 'action': 'submit'}}
INFO:root:1721924919.657046,ID:1009,STAGE:2,SEQUENCE:1423,DATA:{'time': 1721924919.65, 'source': 'VitalsTask', 'timer': 11.451, 'data': {'sensor': 'submit', 'action': 'submit', 'data': 'submit failed incomplete vitals checklist'}}
INFO:root:SimConnect Error in /var
INFO:SimConnect.SimConnect:SIM OPEN
INFO:root:1721924930.381767,ID:1009,STAGE:2,SEQUENCE:1423,DATA:{'time': 1721924930.375, 'user-id': '1009', 'source': 'HAI Interface', 'destination-index': '3', 'study-stage': '2', 'decision-state': 0, 'vitals-state': 0, 'airspace-state': 0, 'data': {'page': 'map', 'action': 'hide map'}}
INFO:root:1721924932.959519,ID:1009,STAGE:2,SEQUENCE:1423,DATA:{'time': 1721924932.955, 'user-id': '1009', 'source': 'HAI Interface', 'destination-index': '3', 'study-stage': '2', 'decision-state': 0, 'vitals-state': 0, 'airspace-state': 0, 'data': {'action': 'radio panel closed'}}
INFO:root:1721924939.797072,ID:1009,STAGE:2,SEQUENCE:1423,DATA:{'time': 1721924939.79, 'user-id': '1009', 'source': 'HAI Interface', 'destination-index': '3', 'study-stage': '2', 'decision-state': 0, 'vitals-state': 0, 'airspace-state': 0, 'data': {'page': 'map', 'action': 'show map'}}
INFO:root:1721924939.805488,ID:1009,STAGE:2,SEQUENCE:1423,DATA:{'time': 1721924939.79, 'user-id': '1009', 'source': 'HAI Interface', 'destination-index': '3', 'study-stage': '2', 'decision-state': 0, 'vitals-state': 0, 'airspace-state': 0, 'data': {'page': 'map', 'action': 'selected helipad', 'value': '21'}}
INFO:root:1721924954.867702,ID:1009,STAGE:2,SEQUENCE:1423,DATA:{'time': 1721924954.861, 'user-id': '1009', 'source': 'HAI Interface', 'destination-index': '3', 'study-stage': '2', 'decision-state': 0, 'vitals-state': 0, 'airspace-state': 0, 'data': {'page': 'inflight', 'action': 'displaying vitals prompt'}}
INFO:root:1721924964.100789,ID:1009,STAGE:2,SEQUENCE:1423,DATA:{'time': 1721924964.098, 'source': 'VitalsTask', 'timer': 55.899, 'data': {'sensor': 'Heart Rate', 'action': 'opened sensor tab'}}
INFO:root:1721924966.001254,ID:1009,STAGE:2,SEQUENCE:1423,DATA:{'time': 1721924965.996, 'source': 'VitalsTask', 'timer': 57.797, 'data': {'sensor': 'Heart Rate', 'action': 'capture', 'data': 'action button pressed'}}
INFO:root:1721924966.004246,ID:1009,STAGE:2,SEQUENCE:1423,DATA:{'time': 1721924965.997, 'source': 'VitalsTask', 'timer': 57.798, 'data': {'sensor': 'Heart Rate', 'action': 'capture', 'data': 'starting sensor action'}}
INFO:root:1721924967.014161,ID:1009,STAGE:2,SEQUENCE:1423,DATA:{'time': 1721924967.011, 'source': 'VitalsTask', 'timer': 58.812, 'data': {'sensor': 'Heart Rate', 'action': 'capture', 'data': 'sensor action complete'}}
INFO:root:1721924967.015932,ID:1009,STAGE:2,SEQUENCE:1423,DATA:{'time': 1721924967.011, 'source': 'VitalsTask', 'timer': 58.812, 'data': {'sensor': 'Heart Rate', 'action': 'keypad open'}}
INFO:root:1721924968.176367,ID:1009,STAGE:2,SEQUENCE:1423,DATA:{'time': 1721924968.173, 'source': 'VitalsTask', 'timer': 59.974, 'data': {'sensor': 'Heart Rate', 'action': 'keypad press', 'key': 5, 'value': 5}}
INFO:root:1721924968.440582,ID:1009,STAGE:2,SEQUENCE:1423,DATA:{'time': 1721924968.438, 'source': 'VitalsTask', 'timer': 60.239, 'data': {'sensor': 'Heart Rate', 'action': 'keypad press', 'key': 5, 'value': 55}}
INFO:root:1721924970.139868,ID:1009,STAGE:2,SEQUENCE:1423,DATA:{'time': 1721924970.131, 'source': 'VitalsTask', 'timer': 61.932, 'data': {'sensor': 'Heart Rate', 'action': 'show action buttons'}}
INFO:root:1721924970.142375,ID:1009,STAGE:2,SEQUENCE:1423,DATA:{'time': 1721924970.132, 'source': 'VitalsTask', 'timer': 61.933, 'data': {'sensor': 'Heart Rate', 'action': 'keypad press', 'key': 10, 'value': 55}}
INFO:root:1721924971.822457,ID:1009,STAGE:2,SEQUENCE:1423,DATA:{'time': 1721924971.816, 'source': 'VitalsTask', 'timer': 63.617, 'data': {'sensor': 'Heart Rate', 'action': 'log', 'data': 'action button pressed'}}
INFO:root:1721924971.824452,ID:1009,STAGE:2,SEQUENCE:1423,DATA:{'time': 1721924971.816, 'source': 'VitalsTask', 'timer': 63.617, 'data': {'sensor': 'Heart Rate', 'action': 'log', 'data': 'starting sensor action'}}
INFO:root:1721924972.835227,ID:1009,STAGE:2,SEQUENCE:1423,DATA:{'time': 1721924972.832, 'source': 'VitalsTask', 'timer': 64.633, 'data': {'sensor': 'Heart Rate', 'action': 'log', 'data': 'sensor action complete'}}
INFO:root:1721924973.621753,ID:1009,STAGE:2,SEQUENCE:1423,DATA:{'time': 1721924973.617, 'source': 'VitalsTask', 'timer': 65.418, 'data': {'sensor': 'Heart Rate', 'action': 'save', 'data': 'action button pressed'}}
INFO:root:1721924973.625042,ID:1009,STAGE:2,SEQUENCE:1423,DATA:{'time': 1721924973.617, 'source': 'VitalsTask', 'timer': 65.418, 'data': {'sensor': 'Heart Rate', 'action': 'save', 'data': 'starting sensor action'}}
INFO:root:1721924974.631574,ID:1009,STAGE:2,SEQUENCE:1423,DATA:{'time': 1721924974.627, 'source': 'VitalsTask', 'timer': 66.428, 'data': {'sensor': 'Heart Rate', 'action': 'save', 'data': 'sensor action complete'}}
INFO:root:1721924975.015312,ID:1009,STAGE:2,SEQUENCE:1423,DATA:{'time': 1721924975.01, 'source': 'VitalsTask', 'timer': 66.811, 'data': {'sensor': 'O\u2082 Saturation', 'action': 'opened sensor tab'}}
INFO:root:1721924975.373362,ID:1009,STAGE:2,SEQUENCE:1423,DATA:{'time': 1721924975.365, 'source': 'VitalsTask', 'timer': 67.166, 'data': {'sensor': 'O\u2082 Saturation', 'action': 'opened sensor tab'}}
INFO:root:1721924976.489278,ID:1009,STAGE:2,SEQUENCE:1423,DATA:{'time': 1721924976.485, 'source': 'VitalsTask', 'timer': 68.286, 'data': {'sensor': 'O\u2082 Saturation', 'action': 'capture', 'data': 'action button pressed'}}
INFO:root:1721924976.490278,ID:1009,STAGE:2,SEQUENCE:1423,DATA:{'time': 1721924976.485, 'source': 'VitalsTask', 'timer': 68.286, 'data': {'sensor': 'O\u2082 Saturation', 'action': 'capture', 'data': 'starting sensor action'}}
INFO:root:1721924977.504059,ID:1009,STAGE:2,SEQUENCE:1423,DATA:{'time': 1721924977.499, 'source': 'VitalsTask', 'timer': 69.3, 'data': {'sensor': 'O\u2082 Saturation', 'action': 'capture', 'data': 'sensor action complete'}}
INFO:root:1721924977.506054,ID:1009,STAGE:2,SEQUENCE:1423,DATA:{'time': 1721924977.499, 'source': 'VitalsTask', 'timer': 69.3, 'data': {'sensor': 'O\u2082 Saturation', 'action': 'keypad open'}}
INFO:root:1721924978.662464,ID:1009,STAGE:2,SEQUENCE:1423,DATA:{'time': 1721924978.653, 'source': 'VitalsTask', 'timer': 70.454, 'data': {'sensor': 'O\u2082 Saturation', 'action': 'keypad press', 'key': 1, 'value': 1}}
INFO:root:1721924980.319147,ID:1009,STAGE:2,SEQUENCE:1423,DATA:{'time': 1721924980.315, 'source': 'VitalsTask', 'timer': 72.116, 'data': {'sensor': 'O\u2082 Saturation', 'action': 'keypad press', 'key': 11, 'value': 10}}
INFO:root:1721924981.305569,ID:1009,STAGE:2,SEQUENCE:1423,DATA:{'time': 1721924981.302, 'source': 'VitalsTask', 'timer': 73.103, 'data': {'sensor': 'O\u2082 Saturation', 'action': 'keypad press', 'key': 11, 'value': 100}}
INFO:root:1721924983.165634,ID:1009,STAGE:2,SEQUENCE:1423,DATA:{'time': 1721924983.157, 'source': 'VitalsTask', 'timer': 74.958, 'data': {'sensor': 'O\u2082 Saturation', 'action': 'show action buttons'}}
INFO:root:1721924983.168629,ID:1009,STAGE:2,SEQUENCE:1423,DATA:{'time': 1721924983.158, 'source': 'VitalsTask', 'timer': 74.959, 'data': {'sensor': 'O\u2082 Saturation', 'action': 'keypad press', 'key': 10, 'value': 100}}
INFO:root:1721924984.88502,ID:1009,STAGE:2,SEQUENCE:1423,DATA:{'time': 1721924984.882, 'source': 'VitalsTask', 'timer': 76.683, 'data': {'sensor': 'Blood Pressure', 'action': 'opened sensor tab'}}
INFO:root:1721924986.955418,ID:1009,STAGE:2,SEQUENCE:1423,DATA:{'time': 1721924986.949, 'source': 'VitalsTask', 'timer': 78.75, 'data': {'sensor': 'Blood Pressure', 'action': 'capture', 'data': 'action button pressed'}}
INFO:root:1721924986.958725,ID:1009,STAGE:2,SEQUENCE:1423,DATA:{'time': 1721924986.95, 'source': 'VitalsTask', 'timer': 78.751, 'data': {'sensor': 'Blood Pressure', 'action': 'capture', 'data': 'starting sensor action'}}
INFO:root:1721924987.973652,ID:1009,STAGE:2,SEQUENCE:1423,DATA:{'time': 1721924987.97, 'source': 'VitalsTask', 'timer': 79.771, 'data': {'sensor': 'Blood Pressure', 'action': 'capture', 'data': 'sensor action complete'}}
INFO:root:1721924987.976161,ID:1009,STAGE:2,SEQUENCE:1423,DATA:{'time': 1721924987.97, 'source': 'VitalsTask', 'timer': 79.771, 'data': {'sensor': 'Blood Pressure', 'action': 'keypad open'}}
INFO:root:1721924989.157085,ID:1009,STAGE:2,SEQUENCE:1423,DATA:{'time': 1721924989.154, 'source': 'VitalsTask', 'timer': 80.955, 'data': {'sensor': 'Blood Pressure', 'action': 'keypad press', 'key': 1, 'value': 1}}
INFO:root:1721924989.510738,ID:1009,STAGE:2,SEQUENCE:1423,DATA:{'time': 1721924989.508, 'source': 'VitalsTask', 'timer': 81.309, 'data': {'sensor': 'Blood Pressure', 'action': 'keypad press', 'key': 1, 'value': 11}}
INFO:root:1721924991.989789,ID:1009,STAGE:2,SEQUENCE:1423,DATA:{'time': 1721924991.982, 'source': 'VitalsTask', 'timer': 83.783, 'data': {'sensor': 'Blood Pressure', 'action': 'keypad press', 'key': 12, 'value': 1}}
INFO:root:1721924994.814781,ID:1009,STAGE:2,SEQUENCE:1423,DATA:{'time': 1721924994.81, 'source': 'VitalsTask', 'timer': 86.611, 'data': {'sensor': 'Blood Pressure', 'action': 'keypad press', 'key': 2, 'value': 12}}
INFO:root:1721924995.308312,ID:1009,STAGE:2,SEQUENCE:1423,DATA:{'time': 1721924995.303, 'source': 'VitalsTask', 'timer': 87.104, 'data': {'sensor': 'Blood Pressure', 'action': 'keypad press', 'key': 2, 'value': 122}}
INFO:root:1721924997.832052,ID:1009,STAGE:2,SEQUENCE:1423,DATA:{'time': 1721924997.828, 'source': 'VitalsTask', 'timer': 89.629, 'data': {'sensor': 'Blood Pressure', 'action': 'keypad press', 'key': 12, 'value': 12}}
INFO:root:1721924999.322694,ID:1009,STAGE:2,SEQUENCE:1423,DATA:{'time': 1721924999.32, 'source': 'VitalsTask', 'timer': 91.121, 'data': {'sensor': 'Blood Pressure', 'action': 'keypad press', 'key': 11, 'value': 120}}
INFO:root:1721925000.821607,ID:1009,STAGE:2,SEQUENCE:1423,DATA:{'time': 1721925000.817, 'source': 'VitalsTask', 'timer': 92.618, 'data': {'sensor': 'Blood Pressure', 'action': 'keypad press', 'key': 8, 'value': 1208}}
INFO:root:1721925002.492193,ID:1009,STAGE:2,SEQUENCE:1423,DATA:{'time': 1721925002.489, 'source': 'VitalsTask', 'timer': 94.29, 'data': {'sensor': 'Blood Pressure', 'action': 'keypad press', 'key': 11, 'value': 12080}}
INFO:root:1721925003.988064,ID:1009,STAGE:2,SEQUENCE:1423,DATA:{'time': 1721925003.984, 'source': 'VitalsTask', 'timer': 95.785, 'data': {'sensor': 'Blood Pressure', 'action': 'show action buttons'}}
INFO:root:1721925003.99057,ID:1009,STAGE:2,SEQUENCE:1423,DATA:{'time': 1721925003.984, 'source': 'VitalsTask', 'timer': 95.785, 'data': {'sensor': 'Blood Pressure', 'action': 'keypad press', 'key': 10, 'value': 12080}}
INFO:root:1721925005.873308,ID:1009,STAGE:2,SEQUENCE:1423,DATA:{'time': 1721925005.869, 'source': 'VitalsTask', 'timer': 97.67, 'data': {'sensor': 'Blood Pressure', 'action': 'log', 'data': 'action button pressed'}}
INFO:root:1721925005.87521,ID:1009,STAGE:2,SEQUENCE:1423,DATA:{'time': 1721925005.87, 'source': 'VitalsTask', 'timer': 97.671, 'data': {'sensor': 'Blood Pressure', 'action': 'log', 'data': 'starting sensor action'}}
INFO:root:1721925006.883532,ID:1009,STAGE:2,SEQUENCE:1423,DATA:{'time': 1721925006.88, 'source': 'VitalsTask', 'timer': 98.681, 'data': {'sensor': 'Blood Pressure', 'action': 'log', 'data': 'sensor action complete'}}
INFO:root:1721925007.717249,ID:1009,STAGE:2,SEQUENCE:1423,DATA:{'time': 1721925007.708, 'source': 'VitalsTask', 'timer': 99.509, 'data': {'sensor': 'Blood Pressure', 'action': 'save', 'data': 'action button pressed'}}
INFO:root:1721925007.718251,ID:1009,STAGE:2,SEQUENCE:1423,DATA:{'time': 1721925007.709, 'source': 'VitalsTask', 'timer': 99.51, 'data': {'sensor': 'Blood Pressure', 'action': 'save', 'data': 'starting sensor action'}}
INFO:root:Inflight Radio Update asked
INFO:root:sent request to set radio update complete
INFO:root:1721925008.732584,ID:1009,STAGE:2,SEQUENCE:1423,DATA:{'time': 1721925008.728, 'source': 'VitalsTask', 'timer': 100.529, 'data': {'sensor': 'Blood Pressure', 'action': 'save', 'data': 'sensor action complete'}}
INFO:root:1721925012.504261,ID:1009,STAGE:2,SEQUENCE:1423,DATA:{'time': 1721925012.501, 'source': 'VitalsTask', 'timer': 104.302, 'data': {'sensor': 'submit', 'action': 'submit'}}
INFO:root:1721925012.50634,ID:1009,STAGE:2,SEQUENCE:1423,DATA:{'time': 1721925012.501, 'source': 'VitalsTask', 'timer': 104.302, 'data': {'sensor': 'submit', 'action': 'submit', 'data': 'submit failed incomplete vitals checklist'}}
INFO:root:1721925015.035447,ID:1009,STAGE:2,SEQUENCE:1423,DATA:{'time': 1721925015.031, 'source': 'VitalsTask', 'timer': 106.832, 'data': {'sensor': 'O\u2082 Saturation', 'action': 'opened sensor tab'}}
INFO:root:1721925017.226495,ID:1009,STAGE:2,SEQUENCE:1423,DATA:{'time': 1721925017.223, 'source': 'VitalsTask', 'timer': 109.024, 'data': {'sensor': 'O\u2082 Saturation', 'action': 'log', 'data': 'action button pressed'}}
INFO:root:1721925017.229697,ID:1009,STAGE:2,SEQUENCE:1423,DATA:{'time': 1721925017.223, 'source': 'VitalsTask', 'timer': 109.024, 'data': {'sensor': 'O\u2082 Saturation', 'action': 'log', 'data': 'starting sensor action'}}
INFO:root:1721925018.248275,ID:1009,STAGE:2,SEQUENCE:1423,DATA:{'time': 1721925018.243, 'source': 'VitalsTask', 'timer': 110.044, 'data': {'sensor': 'O\u2082 Saturation', 'action': 'log', 'data': 'sensor action complete'}}
INFO:root:1721925019.034185,ID:1009,STAGE:2,SEQUENCE:1423,DATA:{'time': 1721925019.027, 'source': 'VitalsTask', 'timer': 110.828, 'data': {'sensor': 'O\u2082 Saturation', 'action': 'save', 'data': 'action button pressed'}}
INFO:root:1721925019.037683,ID:1009,STAGE:2,SEQUENCE:1423,DATA:{'time': 1721925019.029, 'source': 'VitalsTask', 'timer': 110.83, 'data': {'sensor': 'O\u2082 Saturation', 'action': 'save', 'data': 'starting sensor action'}}
INFO:root:1721925020.050189,ID:1009,STAGE:2,SEQUENCE:1423,DATA:{'time': 1721925020.041, 'source': 'VitalsTask', 'timer': 111.842, 'data': {'sensor': 'O\u2082 Saturation', 'action': 'save', 'data': 'sensor action complete'}}
INFO:root:1721925021.523086,ID:1009,STAGE:2,SEQUENCE:1423,DATA:{'time': 1721925021.505, 'source': 'VitalsTask', 'timer': 113.306, 'data': {'sensor': 'submit', 'action': 'submit'}}
INFO:root:1721925021.531066,ID:1009,STAGE:2,SEQUENCE:1423,DATA:{'time': 1721925021.506, 'source': 'VitalsTask', 'timer': 113.307, 'data': {'sensor': 'submit', 'action': 'submit', 'data': 'submit succeeded'}}
INFO:root:1721925022.841414,ID:1009,STAGE:2,SEQUENCE:1423,DATA:{'time': 1721925022.836, 'user-id': '1009', 'source': 'HAI Interface', 'destination-index': '3', 'study-stage': '2', 'decision-state': 0, 'vitals-state': 0, 'airspace-state': 0, 'data': {'page': 'inflight', 'action': 'user acknowledged vitals prompt'}}
INFO:root:1721925024.271919,ID:1009,STAGE:2,SEQUENCE:1423,DATA:{'time': 1721925024.266, 'user-id': '1009', 'source': 'HAI Interface', 'destination-index': '3', 'study-stage': '2', 'decision-state': 0, 'vitals-state': 0, 'airspace-state': 0, 'data': {'action': 'radio panel opened'}}
INFO:root:1721925026.066906,ID:1009,STAGE:2,SEQUENCE:1423,DATA:{'time': 1721925026.056, 'user-id': '1009', 'source': 'HAI Interface', 'destination-index': '3', 'study-stage': '2', 'decision-state': 0, 'vitals-state': 0, 'airspace-state': 0, 'data': {'action': 'transmit button pressed'}}
INFO:root:1721925026.07189,ID:1009,STAGE:2,SEQUENCE:1423,DATA:{'time': 1721925026.056, 'user-id': '1009', 'source': 'HAI Interface', 'destination-index': '3', 'study-stage': '2', 'decision-state': 0, 'vitals-state': 0, 'airspace-state': 0, 'data': {'action': 'callsign set to: + NASXGS'}}
INFO:root:1721925026.076393,ID:1009,STAGE:2,SEQUENCE:1423,DATA:{'time': 1721925026.056, 'user-id': '1009', 'source': 'HAI Interface', 'destination-index': '3', 'study-stage': '2', 'decision-state': 0, 'vitals-state': 0, 'airspace-state': 0, 'data': {'action': 'radio set to:Comm1'}}
INFO:root:1721925026.082376,ID:1009,STAGE:2,SEQUENCE:1423,DATA:{'time': 1721925026.057, 'user-id': '1009', 'source': 'HAI Interface', 'destination-index': '3', 'study-stage': '2', 'decision-state': 0, 'vitals-state': 0, 'airspace-state': 0, 'data': {'page': 'map', 'action': 'show map'}}
INFO:root:1721925026.089869,ID:1009,STAGE:2,SEQUENCE:1423,DATA:{'time': 1721925026.057, 'user-id': '1009', 'source': 'HAI Interface', 'destination-index': '3', 'study-stage': '2', 'decision-state': 0, 'vitals-state': 0, 'airspace-state': 0, 'data': {'page': 'map', 'action': 'selected helipad', 'value': '21'}}
INFO:root:1721925026.09286,ID:1009,STAGE:2,SEQUENCE:1423,DATA:{'time': 1721925026.063, 'user-id': '1009', 'source': 'HAI Interface', 'destination-index': '3', 'study-stage': '2', 'decision-state': 0, 'vitals-state': 0, 'airspace-state': 0, 'data': {'action': 'NASXGStransmitting updates onComm1123.45 MHz'}}
INFO:root:1721925040.902881,ID:1009,STAGE:2,SEQUENCE:1423,DATA:{'time': 1721925040.899, 'user-id': '1009', 'source': 'HAI Interface', 'destination-index': '3', 'study-stage': '2', 'decision-state': 0, 'vitals-state': 0, 'airspace-state': 0, 'data': {'page': 'map', 'action': 'hide map'}}
INFO:root:1721925042.859067,ID:1009,STAGE:2,SEQUENCE:1423,DATA:{'time': 1721925042.855, 'user-id': '1009', 'source': 'HAI Interface', 'destination-index': '3', 'study-stage': '2', 'decision-state': 0, 'vitals-state': 0, 'airspace-state': 0, 'data': {'action': 'radio panel closed'}}
INFO:root:1721925053.216459,ID:1009,STAGE:2,SEQUENCE:1423,DATA:{'time': 1721925053.212, 'user-id': '1009', 'source': 'HAI Interface', 'destination-index': '3', 'study-stage': '2', 'decision-state': 0, 'vitals-state': 0, 'airspace-state': 0, 'data': {'page': 'inflight', 'action': 'displaying vitals prompt'}}
INFO:root:1721925059.950631,ID:1009,STAGE:2,SEQUENCE:1423,DATA:{'time': 1721925059.947, 'source': 'VitalsTask', 'timer': 38.44, 'data': {'sensor': 'O\u2082 Saturation', 'action': 'capture', 'data': 'action button pressed'}}
INFO:root:1721925059.95297,ID:1009,STAGE:2,SEQUENCE:1423,DATA:{'time': 1721925059.947, 'source': 'VitalsTask', 'timer': 38.44, 'data': {'sensor': 'O\u2082 Saturation', 'action': 'capture', 'data': 'starting sensor action'}}
INFO:root:1721925060.962001,ID:1009,STAGE:2,SEQUENCE:1423,DATA:{'time': 1721925060.959, 'source': 'VitalsTask', 'timer': 39.452, 'data': {'sensor': 'O\u2082 Saturation', 'action': 'capture', 'data': 'sensor action complete'}}
INFO:root:1721925060.965482,ID:1009,STAGE:2,SEQUENCE:1423,DATA:{'time': 1721925060.959, 'source': 'VitalsTask', 'timer': 39.452, 'data': {'sensor': 'O\u2082 Saturation', 'action': 'keypad open'}}
INFO:root:1721925062.355531,ID:1009,STAGE:2,SEQUENCE:1423,DATA:{'time': 1721925062.353, 'source': 'VitalsTask', 'timer': 40.846, 'data': {'sensor': 'O\u2082 Saturation', 'action': 'keypad press', 'key': 1, 'value': 1}}
INFO:root:1721925063.922994,ID:1009,STAGE:2,SEQUENCE:1423,DATA:{'time': 1721925063.917, 'source': 'VitalsTask', 'timer': 42.41, 'data': {'sensor': 'O\u2082 Saturation', 'action': 'keypad press', 'key': 11, 'value': 10}}
INFO:root:1721925064.509715,ID:1009,STAGE:2,SEQUENCE:1423,DATA:{'time': 1721925064.505, 'source': 'VitalsTask', 'timer': 42.998, 'data': {'sensor': 'O\u2082 Saturation', 'action': 'keypad press', 'key': 11, 'value': 100}}
INFO:root:1721925065.800517,ID:1009,STAGE:2,SEQUENCE:1423,DATA:{'time': 1721925065.792, 'source': 'VitalsTask', 'timer': 44.285, 'data': {'sensor': 'O\u2082 Saturation', 'action': 'show action buttons'}}
INFO:root:1721925065.80351,ID:1009,STAGE:2,SEQUENCE:1423,DATA:{'time': 1721925065.792, 'source': 'VitalsTask', 'timer': 44.285, 'data': {'sensor': 'O\u2082 Saturation', 'action': 'keypad press', 'key': 10, 'value': 100}}
INFO:root:1721925067.279257,ID:1009,STAGE:2,SEQUENCE:1423,DATA:{'time': 1721925067.275, 'source': 'VitalsTask', 'timer': 45.768, 'data': {'sensor': 'O\u2082 Saturation', 'action': 'log', 'data': 'action button pressed'}}
INFO:root:1721925067.296844,ID:1009,STAGE:2,SEQUENCE:1423,DATA:{'time': 1721925067.276, 'source': 'VitalsTask', 'timer': 45.769, 'data': {'sensor': 'O\u2082 Saturation', 'action': 'log', 'data': 'starting sensor action'}}
INFO:root:1721925068.29188,ID:1009,STAGE:2,SEQUENCE:1423,DATA:{'time': 1721925068.289, 'source': 'VitalsTask', 'timer': 46.782, 'data': {'sensor': 'O\u2082 Saturation', 'action': 'log', 'data': 'sensor action complete'}}
INFO:root:1721925068.87231,ID:1009,STAGE:2,SEQUENCE:1423,DATA:{'time': 1721925068.868, 'source': 'VitalsTask', 'timer': 47.361, 'data': {'sensor': 'O\u2082 Saturation', 'action': 'save', 'data': 'action button pressed'}}
INFO:root:1721925068.874304,ID:1009,STAGE:2,SEQUENCE:1423,DATA:{'time': 1721925068.869, 'source': 'VitalsTask', 'timer': 47.362, 'data': {'sensor': 'O\u2082 Saturation', 'action': 'save', 'data': 'starting sensor action'}}
INFO:root:1721925069.887028,ID:1009,STAGE:2,SEQUENCE:1423,DATA:{'time': 1721925069.883, 'source': 'VitalsTask', 'timer': 48.376, 'data': {'sensor': 'O\u2082 Saturation', 'action': 'save', 'data': 'sensor action complete'}}
INFO:root:1721925070.592283,ID:1009,STAGE:2,SEQUENCE:1423,DATA:{'time': 1721925070.59, 'source': 'VitalsTask', 'timer': 49.083, 'data': {'sensor': 'Heart Rate', 'action': 'opened sensor tab'}}
INFO:root:1721925072.337869,ID:1009,STAGE:2,SEQUENCE:1423,DATA:{'time': 1721925072.331, 'source': 'VitalsTask', 'timer': 50.824, 'data': {'sensor': 'Heart Rate', 'action': 'capture', 'data': 'action button pressed'}}
INFO:root:1721925072.342369,ID:1009,STAGE:2,SEQUENCE:1423,DATA:{'time': 1721925072.332, 'source': 'VitalsTask', 'timer': 50.825, 'data': {'sensor': 'Heart Rate', 'action': 'capture', 'data': 'starting sensor action'}}
INFO:root:1721925073.362385,ID:1009,STAGE:2,SEQUENCE:1423,DATA:{'time': 1721925073.35, 'source': 'VitalsTask', 'timer': 51.843, 'data': {'sensor': 'Heart Rate', 'action': 'capture', 'data': 'sensor action complete'}}
INFO:root:1721925073.370365,ID:1009,STAGE:2,SEQUENCE:1423,DATA:{'time': 1721925073.35, 'source': 'VitalsTask', 'timer': 51.843, 'data': {'sensor': 'Heart Rate', 'action': 'keypad open'}}
INFO:root:1721925075.13227,ID:1009,STAGE:2,SEQUENCE:1423,DATA:{'time': 1721925075.128, 'source': 'VitalsTask', 'timer': 53.621, 'data': {'sensor': 'Heart Rate', 'action': 'keypad press', 'key': 5, 'value': 5}}
INFO:root:1721925075.566647,ID:1009,STAGE:2,SEQUENCE:1423,DATA:{'time': 1721925075.563, 'source': 'VitalsTask', 'timer': 54.056, 'data': {'sensor': 'Heart Rate', 'action': 'keypad press', 'key': 5, 'value': 55}}
INFO:root:1721925078.331081,ID:1009,STAGE:2,SEQUENCE:1423,DATA:{'time': 1721925078.323, 'source': 'VitalsTask', 'timer': 56.816, 'data': {'sensor': 'Heart Rate', 'action': 'show action buttons'}}
INFO:root:1721925078.332584,ID:1009,STAGE:2,SEQUENCE:1423,DATA:{'time': 1721925078.323, 'source': 'VitalsTask', 'timer': 56.816, 'data': {'sensor': 'Heart Rate', 'action': 'keypad press', 'key': 10, 'value': 55}}
INFO:root:1721925082.153986,ID:1009,STAGE:2,SEQUENCE:1423,DATA:{'time': 1721925082.149, 'source': 'VitalsTask', 'timer': 60.642, 'data': {'sensor': 'Blood Pressure', 'action': 'opened sensor tab'}}
INFO:root:1721925085.166788,ID:1009,STAGE:2,SEQUENCE:1423,DATA:{'time': 1721925085.162, 'source': 'VitalsTask', 'timer': 63.655, 'data': {'sensor': 'Blood Pressure', 'action': 'capture', 'data': 'action button pressed'}}
INFO:root:1721925085.168783,ID:1009,STAGE:2,SEQUENCE:1423,DATA:{'time': 1721925085.163, 'source': 'VitalsTask', 'timer': 63.656, 'data': {'sensor': 'Blood Pressure', 'action': 'capture', 'data': 'starting sensor action'}}
INFO:root:1721925086.179132,ID:1009,STAGE:2,SEQUENCE:1423,DATA:{'time': 1721925086.173, 'source': 'VitalsTask', 'timer': 64.666, 'data': {'sensor': 'Blood Pressure', 'action': 'capture', 'data': 'sensor action complete'}}
INFO:root:1721925086.186113,ID:1009,STAGE:2,SEQUENCE:1423,DATA:{'time': 1721925086.175, 'source': 'VitalsTask', 'timer': 64.668, 'data': {'sensor': 'Blood Pressure', 'action': 'keypad open'}}
INFO:root:1721925087.576456,ID:1009,STAGE:2,SEQUENCE:1423,DATA:{'time': 1721925087.572, 'source': 'VitalsTask', 'timer': 66.065, 'data': {'sensor': 'Blood Pressure', 'action': 'keypad press', 'key': 1, 'value': 1}}
INFO:root:1721925088.476026,ID:1009,STAGE:2,SEQUENCE:1423,DATA:{'time': 1721925088.473, 'source': 'VitalsTask', 'timer': 66.966, 'data': {'sensor': 'Blood Pressure', 'action': 'keypad press', 'key': 2, 'value': 12}}
INFO:root:1721925089.393395,ID:1009,STAGE:2,SEQUENCE:1423,DATA:{'time': 1721925089.391, 'source': 'VitalsTask', 'timer': 67.884, 'data': {'sensor': 'Blood Pressure', 'action': 'keypad press', 'key': 11, 'value': 120}}
INFO:root:1721925089.790151,ID:1009,STAGE:2,SEQUENCE:1423,DATA:{'time': 1721925089.787, 'source': 'VitalsTask', 'timer': 68.28, 'data': {'sensor': 'Blood Pressure', 'action': 'keypad press', 'key': 11, 'value': 1200}}
INFO:root:1721925093.374461,ID:1009,STAGE:2,SEQUENCE:1423,DATA:{'time': 1721925093.369, 'source': 'VitalsTask', 'timer': 71.862, 'data': {'sensor': 'Blood Pressure', 'action': 'keypad press', 'key': 12, 'value': 120}}
INFO:root:1721925095.075075,ID:1009,STAGE:2,SEQUENCE:1423,DATA:{'time': 1721925095.069, 'source': 'VitalsTask', 'timer': 73.562, 'data': {'sensor': 'Blood Pressure', 'action': 'keypad press', 'key': 8, 'value': 1208}}
INFO:root:1721925096.501781,ID:1009,STAGE:2,SEQUENCE:1423,DATA:{'time': 1721925096.499, 'source': 'VitalsTask', 'timer': 74.992, 'data': {'sensor': 'Blood Pressure', 'action': 'keypad press', 'key': 11, 'value': 12080}}
INFO:root:1721925098.839509,ID:1009,STAGE:2,SEQUENCE:1423,DATA:{'time': 1721925098.804, 'source': 'VitalsTask', 'timer': 77.297, 'data': {'sensor': 'Blood Pressure', 'action': 'show action buttons'}}
INFO:root:1721925098.844495,ID:1009,STAGE:2,SEQUENCE:1423,DATA:{'time': 1721925098.805, 'source': 'VitalsTask', 'timer': 77.298, 'data': {'sensor': 'Blood Pressure', 'action': 'keypad press', 'key': 10, 'value': 12080}}
INFO:root:1721925100.571911,ID:1009,STAGE:2,SEQUENCE:1423,DATA:{'time': 1721925100.565, 'source': 'VitalsTask', 'timer': 79.058, 'data': {'sensor': 'Blood Pressure', 'action': 'log', 'data': 'action button pressed'}}
INFO:root:1721925100.576448,ID:1009,STAGE:2,SEQUENCE:1423,DATA:{'time': 1721925100.565, 'source': 'VitalsTask', 'timer': 79.058, 'data': {'sensor': 'Blood Pressure', 'action': 'log', 'data': 'starting sensor action'}}
INFO:root:1721925101.578964,ID:1009,STAGE:2,SEQUENCE:1423,DATA:{'time': 1721925101.575, 'source': 'VitalsTask', 'timer': 80.068, 'data': {'sensor': 'Blood Pressure', 'action': 'log', 'data': 'sensor action complete'}}
INFO:root:1721925101.908573,ID:1009,STAGE:2,SEQUENCE:1423,DATA:{'time': 1721925101.905, 'source': 'VitalsTask', 'timer': 80.398, 'data': {'sensor': 'Blood Pressure', 'action': 'save', 'data': 'action button pressed'}}
INFO:root:1721925101.911566,ID:1009,STAGE:2,SEQUENCE:1423,DATA:{'time': 1721925101.905, 'source': 'VitalsTask', 'timer': 80.398, 'data': {'sensor': 'Blood Pressure', 'action': 'save', 'data': 'starting sensor action'}}
INFO:root:1721925102.923673,ID:1009,STAGE:2,SEQUENCE:1423,DATA:{'time': 1721925102.919, 'source': 'VitalsTask', 'timer': 81.412, 'data': {'sensor': 'Blood Pressure', 'action': 'save', 'data': 'sensor action complete'}}
INFO:root:1721925104.931435,ID:1009,STAGE:2,SEQUENCE:1423,DATA:{'time': 1721925104.927, 'source': 'VitalsTask', 'timer': 83.42, 'data': {'sensor': 'Blood Pressure', 'action': 'capture', 'data': 'action button pressed'}}
INFO:root:1721925104.936421,ID:1009,STAGE:2,SEQUENCE:1423,DATA:{'time': 1721925104.927, 'source': 'VitalsTask', 'timer': 83.42, 'data': {'sensor': 'Blood Pressure', 'action': 'capture', 'data': 'sensor item has already been completed, cancelling'}}
INFO:root:1721925107.120501,ID:1009,STAGE:2,SEQUENCE:1423,DATA:{'time': 1721925107.117, 'source': 'VitalsTask', 'timer': 85.61, 'data': {'sensor': 'Blood Pressure', 'action': 'capture', 'data': 'action button pressed'}}
INFO:root:1721925107.124003,ID:1009,STAGE:2,SEQUENCE:1423,DATA:{'time': 1721925107.118, 'source': 'VitalsTask', 'timer': 85.611, 'data': {'sensor': 'Blood Pressure', 'action': 'capture', 'data': 'sensor item has already been completed, cancelling'}}
INFO:root:1721925108.800163,ID:1009,STAGE:2,SEQUENCE:1423,DATA:{'time': 1721925108.787, 'source': 'VitalsTask', 'timer': 87.28, 'data': {'sensor': 'Blood Pressure', 'action': 'log', 'data': 'action button pressed'}}
INFO:root:1721925108.802673,ID:1009,STAGE:2,SEQUENCE:1423,DATA:{'time': 1721925108.787, 'source': 'VitalsTask', 'timer': 87.28, 'data': {'sensor': 'Blood Pressure', 'action': 'log', 'data': 'sensor item has already been completed, cancelling'}}
INFO:root:1721925109.581046,ID:1009,STAGE:2,SEQUENCE:1423,DATA:{'time': 1721925109.576, 'source': 'VitalsTask', 'timer': 88.069, 'data': {'sensor': 'Blood Pressure', 'action': 'log', 'data': 'action button pressed'}}
INFO:root:1721925109.583046,ID:1009,STAGE:2,SEQUENCE:1423,DATA:{'time': 1721925109.576, 'source': 'VitalsTask', 'timer': 88.069, 'data': {'sensor': 'Blood Pressure', 'action': 'log', 'data': 'sensor item has already been completed, cancelling'}}
INFO:root:1721925111.187799,ID:1009,STAGE:2,SEQUENCE:1423,DATA:{'time': 1721925111.18, 'source': 'VitalsTask', 'timer': 89.673, 'data': {'sensor': 'Heart Rate', 'action': 'opened sensor tab'}}
INFO:root:1721925113.318411,ID:1009,STAGE:2,SEQUENCE:1423,DATA:{'time': 1721925113.314, 'source': 'VitalsTask', 'timer': 91.807, 'data': {'sensor': 'Heart Rate', 'action': 'log', 'data': 'action button pressed'}}
INFO:root:1721925113.321407,ID:1009,STAGE:2,SEQUENCE:1423,DATA:{'time': 1721925113.317, 'source': 'VitalsTask', 'timer': 91.81, 'data': {'sensor': 'Heart Rate', 'action': 'log', 'data': 'starting sensor action'}}
INFO:root:1721925114.337541,ID:1009,STAGE:2,SEQUENCE:1423,DATA:{'time': 1721925114.332, 'source': 'VitalsTask', 'timer': 92.825, 'data': {'sensor': 'Heart Rate', 'action': 'log', 'data': 'sensor action complete'}}
INFO:root:1721925115.019981,ID:1009,STAGE:2,SEQUENCE:1423,DATA:{'time': 1721925115.009, 'source': 'VitalsTask', 'timer': 93.502, 'data': {'sensor': 'Heart Rate', 'action': 'save', 'data': 'action button pressed'}}
INFO:root:1721925115.022951,ID:1009,STAGE:2,SEQUENCE:1423,DATA:{'time': 1721925115.009, 'source': 'VitalsTask', 'timer': 93.502, 'data': {'sensor': 'Heart Rate', 'action': 'save', 'data': 'starting sensor action'}}
INFO:root:1721925116.032217,ID:1009,STAGE:2,SEQUENCE:1423,DATA:{'time': 1721925116.025, 'source': 'VitalsTask', 'timer': 94.518, 'data': {'sensor': 'Heart Rate', 'action': 'save', 'data': 'sensor action complete'}}
INFO:root:1721925118.353533,ID:1009,STAGE:2,SEQUENCE:1423,DATA:{'time': 1721925118.348, 'source': 'VitalsTask', 'timer': 96.841, 'data': {'sensor': 'submit', 'action': 'submit'}}
INFO:root:1721925118.357522,ID:1009,STAGE:2,SEQUENCE:1423,DATA:{'time': 1721925118.349, 'source': 'VitalsTask', 'timer': 96.842, 'data': {'sensor': 'submit', 'action': 'submit', 'data': 'submit succeeded'}}
INFO:root:1721925120.120551,ID:1009,STAGE:2,SEQUENCE:1423,DATA:{'time': 1721925120.117, 'source': 'VitalsTask', 'timer': 1.768, 'data': {'sensor': 'submit', 'action': 'submit'}}
INFO:root:1721925120.122062,ID:1009,STAGE:2,SEQUENCE:1423,DATA:{'time': 1721925120.117, 'source': 'VitalsTask', 'timer': 1.768, 'data': {'sensor': 'submit', 'action': 'submit', 'data': 'submit failed incomplete vitals checklist'}}
INFO:root:1721925121.778758,ID:1009,STAGE:2,SEQUENCE:1423,DATA:{'time': 1721925121.773, 'user-id': '1009', 'source': 'HAI Interface', 'destination-index': '3', 'study-stage': '2', 'decision-state': 0, 'vitals-state': '1', 'airspace-state': 0, 'data': {'page': 'inflight', 'action': 'user acknowledged vitals prompt'}}
INFO:root:1721925146.220923,ID:1009,STAGE:2,SEQUENCE:1423,DATA:{'time': 1721925146.216, 'user-id': '1009', 'source': 'HAI Interface', 'destination-index': '3', 'study-stage': '2', 'decision-state': 0, 'vitals-state': '1', 'airspace-state': 0, 'data': {'page': 'Inflight', 'action': 'emergency landing button pressed'}}
INFO:root:1721925146.436344,ID:1009,STAGE:2,SEQUENCE:1423,DATA:{'time': 1721925146.382, 'user-id': 'none', 'source': 'HAI Interface', 'destination-index': 3, 'study-stage': -1, 'decision-state': 0, 'vitals-state': 0, 'airspace-state': 0, 'data': {'page': 'emergency-landing', 'action': 'opened page'}}
INFO:root:1721925147.333809,ID:1009,STAGE:2,SEQUENCE:1423,DATA:{'time': 1721925147.328, 'user-id': '1009', 'source': 'HAI Interface', 'destination-index': '3', 'study-stage': '2', 'decision-state': 0, 'vitals-state': '1', 'airspace-state': 0, 'data': {'page': 'map', 'action': 'selected helipad', 'value': '21'}}
INFO:root:1721925147.338327,ID:1009,STAGE:2,SEQUENCE:1423,DATA:{'time': 1721925147.329, 'user-id': '1009', 'source': 'HAI Interface', 'destination-index': '3', 'study-stage': '2', 'decision-state': 0, 'vitals-state': '1', 'airspace-state': 0, 'data': {'page': 'map', 'action': 'set destination', 'value': -1}}
INFO:root:1721925149.728161,ID:1009,STAGE:2,SEQUENCE:1423,DATA:{'time': 1721925149.718, 'user-id': '1009', 'source': 'HAI Interface', 'destination-index': '3', 'study-stage': '2', 'decision-state': 0, 'vitals-state': '1', 'airspace-state': 0, 'data': {'page': 'map', 'action': 'show map'}}
INFO:root:1721925149.756802,ID:1009,STAGE:2,SEQUENCE:1423,DATA:{'time': 1721925149.719, 'user-id': '1009', 'source': 'HAI Interface', 'destination-index': '3', 'study-stage': '2', 'decision-state': 0, 'vitals-state': '1', 'airspace-state': 0, 'data': {'page': 'map', 'action': 'selected helipad', 'value': '21'}}
INFO:root:1721925149.758797,ID:1009,STAGE:2,SEQUENCE:1423,DATA:{'time': 1721925149.72, 'user-id': '1009', 'source': 'HAI Interface', 'destination-index': '3', 'study-stage': '2', 'decision-state': 0, 'vitals-state': '1', 'airspace-state': 0, 'data': {'page': 'map', 'action': 'set destination', 'value': '3'}}
INFO:root:1721925151.876378,ID:1009,STAGE:2,SEQUENCE:1423,DATA:{'time': 1721925151.869, 'user-id': '1009', 'source': 'HAI Interface', 'destination-index': '3', 'study-stage': '2', 'decision-state': 0, 'vitals-state': '1', 'airspace-state': 0, 'data': {'page': 'map', 'action': 'selected helipad', 'value': '19'}}
INFO:root:1721925151.878879,ID:1009,STAGE:2,SEQUENCE:1423,DATA:{'time': 1721925151.869, 'user-id': '1009', 'source': 'HAI Interface', 'destination-index': '3', 'study-stage': '2', 'decision-state': 0, 'vitals-state': '1', 'airspace-state': 0, 'data': {'page': 'map', 'action': 'set destination', 'value': '3'}}
INFO:root:1721925153.983591,ID:1009,STAGE:2,SEQUENCE:1423,DATA:{'time': 1721925153.975, 'user-id': '1009', 'source': 'HAI Interface', 'destination-index': '3', 'study-stage': '2', 'decision-state': 0, 'vitals-state': '1', 'airspace-state': 0, 'data': {'page': 'map', 'action': 'hide map'}}
INFO:root:1721925155.761778,ID:1009,STAGE:2,SEQUENCE:1423,DATA:{'time': 1721925155.757, 'user-id': '1009', 'source': 'HAI Interface', 'destination-index': '3', 'study-stage': '2', 'decision-state': 0, 'vitals-state': '1', 'airspace-state': 0, 'data': {'page': 'map', 'action': 'show map'}}
INFO:root:1721925155.76477,ID:1009,STAGE:2,SEQUENCE:1423,DATA:{'time': 1721925155.758, 'user-id': '1009', 'source': 'HAI Interface', 'destination-index': '3', 'study-stage': '2', 'decision-state': 0, 'vitals-state': '1', 'airspace-state': 0, 'data': {'page': 'map', 'action': 'selected helipad', 'value': '21'}}
INFO:root:1721925155.768269,ID:1009,STAGE:2,SEQUENCE:1423,DATA:{'time': 1721925155.758, 'user-id': '1009', 'source': 'HAI Interface', 'destination-index': '3', 'study-stage': '2', 'decision-state': 0, 'vitals-state': '1', 'airspace-state': 0, 'data': {'page': 'map', 'action': 'set destination', 'value': '3'}}
INFO:root:1721925157.504533,ID:1009,STAGE:2,SEQUENCE:1423,DATA:{'time': 1721925157.5, 'user-id': '1009', 'source': 'HAI Interface', 'destination-index': '3', 'study-stage': '2', 'decision-state': 0, 'vitals-state': '1', 'airspace-state': 0, 'data': {'page': 'map', 'action': 'changing helipad', 'value': '21'}}
INFO:root:1721925161.92553,ID:1009,STAGE:2,SEQUENCE:1423,DATA:{'time': 1721925161.921, 'user-id': '1009', 'source': 'HAI Interface', 'destination-index': '3', 'study-stage': '2', 'decision-state': 0, 'vitals-state': '1', 'airspace-state': 0, 'data': {'page': 'map', 'action': 'selected helipad', 'value': 100}}
INFO:root:1721925170.081897,ID:1009,STAGE:2,SEQUENCE:1423,DATA:{'time': 1721925170.077, 'user-id': '1009', 'source': 'HAI Interface', 'destination-index': '3', 'study-stage': '2', 'decision-state': 0, 'vitals-state': '1', 'airspace-state': 0, 'data': {'action': 'radio panel opened'}}
INFO:root:1721925175.084186,ID:1009,STAGE:2,SEQUENCE:1423,DATA:{'time': 1721925175.072, 'user-id': '1009', 'source': 'HAI Interface', 'destination-index': '3', 'study-stage': '2', 'decision-state': 0, 'vitals-state': '1', 'airspace-state': 0, 'data': {'action': 'receive button pressed'}}
INFO:root:1721925175.087178,ID:1009,STAGE:2,SEQUENCE:1423,DATA:{'time': 1721925175.073, 'user-id': '1009', 'source': 'HAI Interface', 'destination-index': '3', 'study-stage': '2', 'decision-state': 0, 'vitals-state': '1', 'airspace-state': 0, 'data': {'action': 'callsign set to:[object Object]'}}
INFO:root:1721925175.09068,ID:1009,STAGE:2,SEQUENCE:1423,DATA:{'time': 1721925175.073, 'user-id': '1009', 'source': 'HAI Interface', 'destination-index': '3', 'study-stage': '2', 'decision-state': 0, 'vitals-state': '1', 'airspace-state': 0, 'data': {'action': 'radio set to:Comm2'}}
INFO:root:1721925175.093672,ID:1009,STAGE:2,SEQUENCE:1423,DATA:{'time': 1721925175.079, 'user-id': '1009', 'source': 'HAI Interface', 'destination-index': '3', 'study-stage': '2', 'decision-state': 0, 'vitals-state': '1', 'airspace-state': 0, 'data': {'action': 'MEDEVACtransmitting onComm2123.45 MHz'}}
INFO:root:Administer medication radio comm initiated
INFO:root:Administer medication radio comm done- command to clear event  make the receive 0 sent 
INFO:root:1721925225.574887,ID:1009,STAGE:2,SEQUENCE:1423,DATA:{'time': 1721925225.571, 'user-id': '1009', 'source': 'HAI Interface', 'destination-index': '3', 'study-stage': '2', 'decision-state': 0, 'vitals-state': '1', 'airspace-state': 0, 'data': {'page': 'map', 'action': 'hide map'}}
INFO:root:1721925227.22886,ID:1009,STAGE:2,SEQUENCE:1423,DATA:{'time': 1721925227.224, 'user-id': '1009', 'source': 'HAI Interface', 'destination-index': '3', 'study-stage': '2', 'decision-state': 0, 'vitals-state': '1', 'airspace-state': 0, 'data': {'page': 'change-destination', 'action': 'submit button pressed'}}
INFO:root:1721925227.426319,ID:1009,STAGE:2,SEQUENCE:1423,DATA:{'time': 1721925227.393, 'user-id': 'none', 'source': 'HAI Interface', 'destination-index': 3, 'study-stage': -1, 'decision-state': 0, 'vitals-state': 0, 'airspace-state': 0, 'data': {'page': 'location', 'action': 'opened page'}}
INFO:root:1721925228.350974,ID:1009,STAGE:2,SEQUENCE:1423,DATA:{'time': 1721925228.341, 'user-id': '1009', 'source': 'HAI Interface', 'destination-index': '3', 'study-stage': '2', 'decision-state': 0, 'vitals-state': '1', 'airspace-state': 0, 'data': {'page': 'map', 'action': 'selected helipad', 'value': '21'}}
INFO:root:1721925228.885448,ID:1009,STAGE:2,SEQUENCE:1423,DATA:{'time': 1721925228.878, 'user-id': '1009', 'source': 'HAI Interface', 'destination-index': '3', 'study-stage': '2', 'decision-state': 0, 'vitals-state': '1', 'airspace-state': 0, 'data': {'page': 'location', 'action': 'confirm button pressed'}}
INFO:root:1721925230.150618,ID:1009,STAGE:2,SEQUENCE:1423,DATA:{'time': 1721925230.144, 'user-id': '1009', 'source': 'HAI Interface', 'destination-index': '3', 'study-stage': '2', 'decision-state': 0, 'vitals-state': '1', 'airspace-state': 0, 'data': {'page': 'map', 'action': 'selected helipad', 'value': '21'}}
INFO:root:1721925239.522733,ID:1009,STAGE:2,SEQUENCE:1423,DATA:{'time': 1721925239.515, 'user-id': '1009', 'source': 'HAI Interface', 'destination-index': '3', 'study-stage': '2', 'decision-state': 0, 'vitals-state': '1', 'airspace-state': 0, 'data': {'page': 'Inflight', 'action': 'emergency landing button pressed'}}
INFO:root:1721925239.75516,ID:1009,STAGE:2,SEQUENCE:1423,DATA:{'time': 1721925239.657, 'user-id': 'none', 'source': 'HAI Interface', 'destination-index': 3, 'study-stage': -1, 'decision-state': 0, 'vitals-state': 0, 'airspace-state': 0, 'data': {'page': 'emergency-landing', 'action': 'opened page'}}
INFO:root:1721925240.619309,ID:1009,STAGE:2,SEQUENCE:1423,DATA:{'time': 1721925240.613, 'user-id': '1009', 'source': 'HAI Interface', 'destination-index': '3', 'study-stage': '2', 'decision-state': 0, 'vitals-state': '1', 'airspace-state': 0, 'data': {'page': 'map', 'action': 'selected helipad', 'value': '21'}}
INFO:root:1721925240.620831,ID:1009,STAGE:2,SEQUENCE:1423,DATA:{'time': 1721925240.614, 'user-id': '1009', 'source': 'HAI Interface', 'destination-index': '3', 'study-stage': '2', 'decision-state': 0, 'vitals-state': '1', 'airspace-state': 0, 'data': {'page': 'map', 'action': 'set destination', 'value': -1}}
INFO:root:1721925242.312033,ID:1009,STAGE:2,SEQUENCE:1423,DATA:{'time': 1721925242.303, 'user-id': '1009', 'source': 'HAI Interface', 'destination-index': '3', 'study-stage': '2', 'decision-state': 0, 'vitals-state': '1', 'airspace-state': 0, 'data': {'page': 'map', 'action': 'show map'}}
INFO:root:1721925242.315027,ID:1009,STAGE:2,SEQUENCE:1423,DATA:{'time': 1721925242.303, 'user-id': '1009', 'source': 'HAI Interface', 'destination-index': '3', 'study-stage': '2', 'decision-state': 0, 'vitals-state': '1', 'airspace-state': 0, 'data': {'page': 'map', 'action': 'selected helipad', 'value': '21'}}
INFO:root:1721925242.319014,ID:1009,STAGE:2,SEQUENCE:1423,DATA:{'time': 1721925242.304, 'user-id': '1009', 'source': 'HAI Interface', 'destination-index': '3', 'study-stage': '2', 'decision-state': 0, 'vitals-state': '1', 'airspace-state': 0, 'data': {'page': 'map', 'action': 'set destination', 'value': '3'}}
INFO:root:1721925245.658721,ID:1009,STAGE:2,SEQUENCE:1423,DATA:{'time': 1721925245.654, 'user-id': '1009', 'source': 'HAI Interface', 'destination-index': '3', 'study-stage': '2', 'decision-state': 0, 'vitals-state': '1', 'airspace-state': 0, 'data': {'page': 'map', 'action': 'selected helipad', 'value': '7'}}
INFO:root:1721925245.661056,ID:1009,STAGE:2,SEQUENCE:1423,DATA:{'time': 1721925245.655, 'user-id': '1009', 'source': 'HAI Interface', 'destination-index': '3', 'study-stage': '2', 'decision-state': 0, 'vitals-state': '1', 'airspace-state': 0, 'data': {'page': 'map', 'action': 'set destination', 'value': '3'}}
INFO:root:1721925245.870895,ID:1009,STAGE:2,SEQUENCE:1423,DATA:{'time': 1721925245.863, 'user-id': '1009', 'source': 'HAI Interface', 'destination-index': '3', 'study-stage': '2', 'decision-state': 0, 'vitals-state': '1', 'airspace-state': 0, 'data': {'page': 'map', 'action': 'changing helipad', 'value': '7'}}
INFO:root:1721925250.408192,ID:1009,STAGE:2,SEQUENCE:1423,DATA:{'time': 1721925250.371, 'user-id': '1009', 'source': 'HAI Interface', 'destination-index': '3', 'study-stage': '2', 'decision-state': 0, 'vitals-state': '1', 'airspace-state': 0, 'data': {'page': 'map', 'action': 'selected helipad', 'value': 100}}
INFO:root:voice activity detected
INFO:root:recording started
INFO:root:voice deactivity detected
INFO:root:recording stopped
INFO:root:1721925265.121883,ID:1009,STAGE:2,SEQUENCE:1423,DATA:{'time': 1721925265.043, 'user-id': 'none', 'source': 'HAI Interface', 'destination-index': 3, 'study-stage': -1, 'decision-state': 0, 'vitals-state': 0, 'airspace-state': 0, 'data': {'page': 'checklist', 'action': 'opened page', 'inflight': True}}
INFO:root:1721925266.510997,ID:1009,STAGE:2,SEQUENCE:1423,DATA:{'time': 1721925266.505, 'user-id': '1009', 'source': 'HAI Interface', 'destination-index': '3', 'study-stage': '2', 'decision-state': 0, 'vitals-state': '1', 'airspace-state': 0, 'data': {'page': 'map', 'action': 'selected helipad', 'value': '21'}}
INFO:root:1721925269.007129,ID:1009,STAGE:2,SEQUENCE:1423,DATA:{'time': 1721925268.994, 'user-id': '1009', 'source': 'HAI Interface', 'destination-index': '3', 'study-stage': '2', 'decision-state': 0, 'vitals-state': '1', 'airspace-state': 0, 'data': {'page': 'checklist', 'action': 'toggled checkbox', 'inflight': True, 'item': 0, 'value': 'OFF'}}
INFO:root:1721925269.52651,ID:1009,STAGE:2,SEQUENCE:1423,DATA:{'time': 1721925269.522, 'user-id': '1009', 'source': 'HAI Interface', 'destination-index': '3', 'study-stage': '2', 'decision-state': 0, 'vitals-state': '1', 'airspace-state': 0, 'data': {'page': 'checklist', 'action': 'toggled checkbox', 'inflight': True, 'item': 1, 'value': 'OFF'}}
