INFO:root:1721242074.786714,ID:1003,STAGE:1,SEQUENCE:1432,DATA:{'time': 1721242074.783, 'user-id': '1003', 'source': 'HAI Interface', 'destination-index': 'None', 'study-stage': '1', 'decision-state': 0, 'vitals-state': 0, 'airspace-state': 0, 'data': {'page': 'index', 'action': 'confirm button pressed'}}
INFO:root:1721242074.914438,ID:1003,STAGE:1,SEQUENCE:1432,DATA:{'time': 1721242074.889, 'user-id': 'none', 'source': 'HAI Interface', 'destination-index': 3, 'study-stage': -1, 'decision-state': 0, 'vitals-state': 0, 'airspace-state': 0, 'data': {'page': 'location', 'action': 'opened page'}}
INFO:root:1721242075.86656,ID:1003,STAGE:1,SEQUENCE:1432,DATA:{'time': 1721242075.862, 'user-id': '1003', 'source': 'HAI Interface', 'destination-index': 'None', 'study-stage': '1', 'decision-state': 0, 'vitals-state': 0, 'airspace-state': 0, 'data': {'page': 'map', 'action': 'selected helipad', 'value': '21'}}
INFO:root:Takeoff radiocomms initiated
INFO:comtypes.client._code_cache:Imported existing <module 'comtypes.gen' from 'C:\\Users\\ae-dagbeyibor3\\AppData\\Local\\Programs\\Python\\Python312\\Lib\\site-packages\\comtypes\\gen\\__init__.py'>
INFO:comtypes.client._code_cache:Using writeable comtypes cache directory: 'C:\Users\ae-dagbeyibor3\AppData\Local\Programs\Python\Python312\Lib\site-packages\comtypes\gen'
INFO:root:1721242084.205062,ID:1003,STAGE:1,SEQUENCE:1432,DATA:{'time': 1721242084.2, 'user-id': '1003', 'source': 'HAI Interface', 'destination-index': 'None', 'study-stage': '1', 'decision-state': 0, 'vitals-state': 0, 'airspace-state': 0, 'data': {'action': 'radio panel opened'}}
INFO:root:1721242092.205336,ID:1003,STAGE:1,SEQUENCE:1432,DATA:{'time': 1721242092.202, 'user-id': '1003', 'source': 'HAI Interface', 'destination-index': 'None', 'study-stage': '1', 'decision-state': 0, 'vitals-state': 0, 'airspace-state': 0, 'data': {'action': 'radio panel closed'}}
INFO:root:Takeoff radiocomms clear request sent
INFO:root:1721242094.17289,ID:1003,STAGE:1,SEQUENCE:1432,DATA:{'time': 1721242094.17, 'user-id': '1003', 'source': 'HAI Interface', 'destination-index': 'None', 'study-stage': '1', 'decision-state': 0, 'vitals-state': 0, 'airspace-state': 0, 'data': {'page': 'location', 'action': 'confirm button pressed'}}
INFO:root:1721242094.432105,ID:1003,STAGE:1,SEQUENCE:1432,DATA:{'time': 1721242094.406, 'user-id': 'none', 'source': 'HAI Interface', 'destination-index': 3, 'study-stage': -1, 'decision-state': 0, 'vitals-state': 0, 'airspace-state': 0, 'data': {'page': 'checklist', 'action': 'opened page', 'inflight': False}}
INFO:root:1721242095.383316,ID:1003,STAGE:1,SEQUENCE:1432,DATA:{'time': 1721242095.379, 'user-id': '1003', 'source': 'HAI Interface', 'destination-index': '3', 'study-stage': '1', 'decision-state': 0, 'vitals-state': 0, 'airspace-state': 0, 'data': {'page': 'map', 'action': 'selected helipad', 'value': '21'}}
INFO:root:1721242097.255524,ID:1003,STAGE:1,SEQUENCE:1432,DATA:{'time': 1721242097.252, 'user-id': '1003', 'source': 'HAI Interface', 'destination-index': '3', 'study-stage': '1', 'decision-state': 0, 'vitals-state': 0, 'airspace-state': 0, 'data': {'page': 'checklist', 'action': 'toggled checkbox', 'inflight': False, 'item': 0, 'value': 'OFF'}}
INFO:root:1721242098.082737,ID:1003,STAGE:1,SEQUENCE:1432,DATA:{'time': 1721242098.079, 'user-id': '1003', 'source': 'HAI Interface', 'destination-index': '3', 'study-stage': '1', 'decision-state': 0, 'vitals-state': 0, 'airspace-state': 0, 'data': {'page': 'checklist', 'action': 'toggled checkbox', 'inflight': False, 'item': 1, 'value': 'OFF'}}
INFO:root:1721242099.046297,ID:1003,STAGE:1,SEQUENCE:1432,DATA:{'time': 1721242099.044, 'user-id': '1003', 'source': 'HAI Interface', 'destination-index': '3', 'study-stage': '1', 'decision-state': 0, 'vitals-state': 0, 'airspace-state': 0, 'data': {'page': 'checklist', 'action': 'toggled checkbox', 'inflight': False, 'item': 2, 'value': 'OFF'}}
INFO:root:1721242099.048291,ID:1003,STAGE:1,SEQUENCE:1432,DATA:{'time': 1721242099.044, 'user-id': '1003', 'source': 'HAI Interface', 'destination-index': '3', 'study-stage': '1', 'decision-state': 0, 'vitals-state': 0, 'airspace-state': 0, 'data': {'page': 'checklist', 'action': 'showing confirm button', 'inflight': False}}
INFO:root:1721242100.014361,ID:1003,STAGE:1,SEQUENCE:1432,DATA:{'time': 1721242100.011, 'user-id': '1003', 'source': 'HAI Interface', 'destination-index': '3', 'study-stage': '1', 'decision-state': 0, 'vitals-state': 0, 'airspace-state': 0, 'data': {'page': 'checklist', 'action': 'confirm button clicked', 'inflight': False}}
INFO:root:1721242100.131201,ID:1003,STAGE:1,SEQUENCE:1432,DATA:{'time': 1721242100.108, 'user-id': 'none', 'source': 'HAI Interface', 'destination-index': 3, 'study-stage': -1, 'decision-state': 0, 'vitals-state': 0, 'airspace-state': 0, 'data': {'page': 'countdown', 'action': 'opened page'}}
INFO:root:1721242101.087698,ID:1003,STAGE:1,SEQUENCE:1432,DATA:{'time': 1721242101.081, 'user-id': '1003', 'source': 'HAI Interface', 'destination-index': '3', 'study-stage': '1', 'decision-state': 0, 'vitals-state': 0, 'airspace-state': 0, 'data': {'page': 'map', 'action': 'selected helipad', 'value': '21'}}
INFO:root:1721242101.117461,ID:1003,STAGE:1,SEQUENCE:1432,DATA:{'time': 1721242101.114, 'user-id': '1003', 'source': 'HAI Interface', 'destination-index': '3', 'study-stage': '1', 'decision-state': 0, 'vitals-state': 0, 'airspace-state': 0, 'data': {'page': 'countdown', 'action': 'countdown now 4'}}
INFO:root:1721242102.1162,ID:1003,STAGE:1,SEQUENCE:1432,DATA:{'time': 1721242102.111, 'user-id': '1003', 'source': 'HAI Interface', 'destination-index': '3', 'study-stage': '1', 'decision-state': 0, 'vitals-state': 0, 'airspace-state': 0, 'data': {'page': 'countdown', 'action': 'countdown now 3'}}
INFO:root:1721242103.116522,ID:1003,STAGE:1,SEQUENCE:1432,DATA:{'time': 1721242103.112, 'user-id': '1003', 'source': 'HAI Interface', 'destination-index': '3', 'study-stage': '1', 'decision-state': 0, 'vitals-state': 0, 'airspace-state': 0, 'data': {'page': 'countdown', 'action': 'countdown now 2'}}
INFO:root:1721242104.116528,ID:1003,STAGE:1,SEQUENCE:1432,DATA:{'time': 1721242104.113, 'user-id': '1003', 'source': 'HAI Interface', 'destination-index': '3', 'study-stage': '1', 'decision-state': 0, 'vitals-state': 0, 'airspace-state': 0, 'data': {'page': 'countdown', 'action': 'countdown now 1'}}
INFO:root:1721242105.117601,ID:1003,STAGE:1,SEQUENCE:1432,DATA:{'time': 1721242105.113, 'user-id': '1003', 'source': 'HAI Interface', 'destination-index': '3', 'study-stage': '1', 'decision-state': 0, 'vitals-state': 0, 'airspace-state': 0, 'data': {'page': 'countdown', 'action': 'countdown now 0'}}
INFO:root:1721242106.11903,ID:1003,STAGE:1,SEQUENCE:1432,DATA:{'time': 1721242106.113, 'user-id': '1003', 'source': 'HAI Interface', 'destination-index': '3', 'study-stage': '1', 'decision-state': 0, 'vitals-state': 0, 'airspace-state': 0, 'data': {'page': 'countdown', 'action': 'countdown complete'}}
INFO:root:1721242107.444611,ID:1003,STAGE:1,SEQUENCE:1432,DATA:{'time': 1721242107.439, 'user-id': '1003', 'source': 'HAI Interface', 'destination-index': '3', 'study-stage': '1', 'decision-state': 0, 'vitals-state': 0, 'airspace-state': 0, 'data': {'page': 'map', 'action': 'selected helipad', 'value': '21'}}
INFO:root:1721242113.101142,ID:1003,STAGE:1,SEQUENCE:1432,DATA:{'time': 1721242113.095, 'user-id': '1003', 'source': 'HAI Interface', 'destination-index': '3', 'study-stage': '1', 'decision-state': 0, 'vitals-state': 0, 'airspace-state': 0, 'data': {'action': 'radio panel opened'}}
INFO:root:Inflight Radio Update asked
INFO:root:sent request to set radio update complete
INFO:root:1721242121.367458,ID:1003,STAGE:1,SEQUENCE:1432,DATA:{'time': 1721242121.363, 'user-id': '1003', 'source': 'HAI Interface', 'destination-index': '3', 'study-stage': '1', 'decision-state': 0, 'vitals-state': 0, 'airspace-state': 0, 'data': {'action': 'transmit button pressed'}}
INFO:root:1721242121.369967,ID:1003,STAGE:1,SEQUENCE:1432,DATA:{'time': 1721242121.363, 'user-id': '1003', 'source': 'HAI Interface', 'destination-index': '3', 'study-stage': '1', 'decision-state': 0, 'vitals-state': 0, 'airspace-state': 0, 'data': {'action': 'callsign set to: + NASXGS'}}
INFO:root:1721242121.371962,ID:1003,STAGE:1,SEQUENCE:1432,DATA:{'time': 1721242121.363, 'user-id': '1003', 'source': 'HAI Interface', 'destination-index': '3', 'study-stage': '1', 'decision-state': 0, 'vitals-state': 0, 'airspace-state': 0, 'data': {'action': 'radio set to:Comm1'}}
INFO:root:1721242121.375951,ID:1003,STAGE:1,SEQUENCE:1432,DATA:{'time': 1721242121.364, 'user-id': '1003', 'source': 'HAI Interface', 'destination-index': '3', 'study-stage': '1', 'decision-state': 0, 'vitals-state': 0, 'airspace-state': 0, 'data': {'page': 'map', 'action': 'show map'}}
INFO:root:1721242121.380264,ID:1003,STAGE:1,SEQUENCE:1432,DATA:{'time': 1721242121.364, 'user-id': '1003', 'source': 'HAI Interface', 'destination-index': '3', 'study-stage': '1', 'decision-state': 0, 'vitals-state': 0, 'airspace-state': 0, 'data': {'page': 'map', 'action': 'selected helipad', 'value': '21'}}
INFO:root:1721242121.386612,ID:1003,STAGE:1,SEQUENCE:1432,DATA:{'time': 1721242121.368, 'user-id': '1003', 'source': 'HAI Interface', 'destination-index': '3', 'study-stage': '1', 'decision-state': 0, 'vitals-state': 0, 'airspace-state': 0, 'data': {'action': 'NASXGStransmitting updates onComm1123.45 MHz'}}
INFO:root:1721242136.324081,ID:1003,STAGE:1,SEQUENCE:1432,DATA:{'time': 1721242136.319, 'user-id': '1003', 'source': 'HAI Interface', 'destination-index': '3', 'study-stage': '1', 'decision-state': 0, 'vitals-state': 0, 'airspace-state': 0, 'data': {'page': 'map', 'action': 'hide map'}}
INFO:root:1721242138.997203,ID:1003,STAGE:1,SEQUENCE:1432,DATA:{'time': 1721242138.992, 'user-id': '1003', 'source': 'HAI Interface', 'destination-index': '3', 'study-stage': '1', 'decision-state': 0, 'vitals-state': 0, 'airspace-state': 0, 'data': {'page': 'map', 'action': 'show map'}}
INFO:root:1721242139.000201,ID:1003,STAGE:1,SEQUENCE:1432,DATA:{'time': 1721242138.992, 'user-id': '1003', 'source': 'HAI Interface', 'destination-index': '3', 'study-stage': '1', 'decision-state': 0, 'vitals-state': 0, 'airspace-state': 0, 'data': {'page': 'map', 'action': 'selected helipad', 'value': '21'}}
INFO:root:1721242160.249526,ID:1003,STAGE:1,SEQUENCE:1432,DATA:{'time': 1721242160.245, 'user-id': '1003', 'source': 'HAI Interface', 'destination-index': '3', 'study-stage': '1', 'decision-state': 0, 'vitals-state': 0, 'airspace-state': 0, 'data': {'page': 'inflight', 'action': 'displaying vitals prompt'}}
INFO:root:1721242163.622375,ID:1003,STAGE:1,SEQUENCE:1432,DATA:{'time': 1721242163.614, 'user-id': '1003', 'source': 'HAI Interface', 'destination-index': '3', 'study-stage': '1', 'decision-state': 0, 'vitals-state': 0, 'airspace-state': 0, 'data': {'page': 'inflight', 'action': 'user acknowledged vitals prompt'}}
INFO:root:1721242166.956922,ID:1003,STAGE:1,SEQUENCE:1432,DATA:{'time': 1721242166.945, 'source': 'VitalsTask', 'timer': 1600.473, 'data': {'sensor': 'Heart Rate', 'action': 'capture', 'data': 'action button pressed'}}
INFO:root:1721242166.957923,ID:1003,STAGE:1,SEQUENCE:1432,DATA:{'time': 1721242166.945, 'source': 'VitalsTask', 'timer': 1600.473, 'data': {'sensor': 'Heart Rate', 'action': 'capture', 'data': 'starting sensor action'}}
INFO:root:1721242167.965891,ID:1003,STAGE:1,SEQUENCE:1432,DATA:{'time': 1721242167.96, 'source': 'VitalsTask', 'timer': 1601.488, 'data': {'sensor': 'Heart Rate', 'action': 'capture', 'data': 'sensor action complete'}}
INFO:root:1721242167.96689,ID:1003,STAGE:1,SEQUENCE:1432,DATA:{'time': 1721242167.961, 'source': 'VitalsTask', 'timer': 1601.489, 'data': {'sensor': 'Heart Rate', 'action': 'keypad open'}}
INFO:root:1721242169.341447,ID:1003,STAGE:1,SEQUENCE:1432,DATA:{'time': 1721242169.336, 'source': 'VitalsTask', 'timer': 1602.864, 'data': {'sensor': 'Heart Rate', 'action': 'keypad press', 'key': 5, 'value': 5}}
INFO:root:1721242169.497771,ID:1003,STAGE:1,SEQUENCE:1432,DATA:{'time': 1721242169.492, 'source': 'VitalsTask', 'timer': 1603.02, 'data': {'sensor': 'Heart Rate', 'action': 'keypad press', 'key': 5, 'value': 55}}
INFO:root:1721242170.780914,ID:1003,STAGE:1,SEQUENCE:1432,DATA:{'time': 1721242170.776, 'source': 'VitalsTask', 'timer': 1604.304, 'data': {'sensor': 'Heart Rate', 'action': 'show action buttons'}}
INFO:root:1721242170.782908,ID:1003,STAGE:1,SEQUENCE:1432,DATA:{'time': 1721242170.776, 'source': 'VitalsTask', 'timer': 1604.304, 'data': {'sensor': 'Heart Rate', 'action': 'keypad press', 'key': 10, 'value': 55}}
INFO:root:1721242172.227357,ID:1003,STAGE:1,SEQUENCE:1432,DATA:{'time': 1721242172.222, 'source': 'VitalsTask', 'timer': 1605.75, 'data': {'sensor': 'Heart Rate', 'action': 'log', 'data': 'action button pressed'}}
INFO:root:1721242172.22935,ID:1003,STAGE:1,SEQUENCE:1432,DATA:{'time': 1721242172.222, 'source': 'VitalsTask', 'timer': 1605.75, 'data': {'sensor': 'Heart Rate', 'action': 'log', 'data': 'starting sensor action'}}
INFO:root:1721242173.240691,ID:1003,STAGE:1,SEQUENCE:1432,DATA:{'time': 1721242173.236, 'source': 'VitalsTask', 'timer': 1606.764, 'data': {'sensor': 'Heart Rate', 'action': 'log', 'data': 'sensor action complete'}}
INFO:root:1721242173.917475,ID:1003,STAGE:1,SEQUENCE:1432,DATA:{'time': 1721242173.912, 'source': 'VitalsTask', 'timer': 1607.44, 'data': {'sensor': 'Heart Rate', 'action': 'save', 'data': 'action button pressed'}}
INFO:root:1721242173.919471,ID:1003,STAGE:1,SEQUENCE:1432,DATA:{'time': 1721242173.912, 'source': 'VitalsTask', 'timer': 1607.44, 'data': {'sensor': 'Heart Rate', 'action': 'save', 'data': 'starting sensor action'}}
INFO:root:1721242174.934557,ID:1003,STAGE:1,SEQUENCE:1432,DATA:{'time': 1721242174.928, 'source': 'VitalsTask', 'timer': 1608.456, 'data': {'sensor': 'Heart Rate', 'action': 'save', 'data': 'sensor action complete'}}
INFO:root:1721242176.095195,ID:1003,STAGE:1,SEQUENCE:1432,DATA:{'time': 1721242176.09, 'source': 'VitalsTask', 'timer': 1609.618, 'data': {'sensor': 'O\u2082 Saturation', 'action': 'opened sensor tab'}}
INFO:root:1721242178.269255,ID:1003,STAGE:1,SEQUENCE:1432,DATA:{'time': 1721242178.263, 'source': 'VitalsTask', 'timer': 1611.791, 'data': {'sensor': 'O\u2082 Saturation', 'action': 'capture', 'data': 'action button pressed'}}
INFO:root:1721242178.272272,ID:1003,STAGE:1,SEQUENCE:1432,DATA:{'time': 1721242178.264, 'source': 'VitalsTask', 'timer': 1611.792, 'data': {'sensor': 'O\u2082 Saturation', 'action': 'capture', 'data': 'starting sensor action'}}
INFO:root:1721242179.286032,ID:1003,STAGE:1,SEQUENCE:1432,DATA:{'time': 1721242179.279, 'source': 'VitalsTask', 'timer': 1612.807, 'data': {'sensor': 'O\u2082 Saturation', 'action': 'capture', 'data': 'sensor action complete'}}
INFO:root:1721242179.288027,ID:1003,STAGE:1,SEQUENCE:1432,DATA:{'time': 1721242179.279, 'source': 'VitalsTask', 'timer': 1612.807, 'data': {'sensor': 'O\u2082 Saturation', 'action': 'keypad open'}}
INFO:root:1721242180.157683,ID:1003,STAGE:1,SEQUENCE:1432,DATA:{'time': 1721242180.152, 'source': 'VitalsTask', 'timer': 1613.68, 'data': {'sensor': 'O\u2082 Saturation', 'action': 'keypad press', 'key': 1, 'value': 1}}
INFO:root:1721242181.576099,ID:1003,STAGE:1,SEQUENCE:1432,DATA:{'time': 1721242181.572, 'source': 'VitalsTask', 'timer': 1615.1, 'data': {'sensor': 'O\u2082 Saturation', 'action': 'keypad press', 'key': 11, 'value': 10}}
INFO:root:1721242181.804209,ID:1003,STAGE:1,SEQUENCE:1432,DATA:{'time': 1721242181.8, 'source': 'VitalsTask', 'timer': 1615.328, 'data': {'sensor': 'O\u2082 Saturation', 'action': 'keypad press', 'key': 11, 'value': 100}}
INFO:root:1721242182.662093,ID:1003,STAGE:1,SEQUENCE:1432,DATA:{'time': 1721242182.657, 'source': 'VitalsTask', 'timer': 1616.185, 'data': {'sensor': 'O\u2082 Saturation', 'action': 'show action buttons'}}
INFO:root:1721242182.664088,ID:1003,STAGE:1,SEQUENCE:1432,DATA:{'time': 1721242182.657, 'source': 'VitalsTask', 'timer': 1616.185, 'data': {'sensor': 'O\u2082 Saturation', 'action': 'keypad press', 'key': 10, 'value': 100}}
INFO:root:1721242184.242641,ID:1003,STAGE:1,SEQUENCE:1432,DATA:{'time': 1721242184.237, 'source': 'VitalsTask', 'timer': 1617.765, 'data': {'sensor': 'O\u2082 Saturation', 'action': 'log', 'data': 'action button pressed'}}
INFO:root:1721242184.244636,ID:1003,STAGE:1,SEQUENCE:1432,DATA:{'time': 1721242184.238, 'source': 'VitalsTask', 'timer': 1617.766, 'data': {'sensor': 'O\u2082 Saturation', 'action': 'log', 'data': 'starting sensor action'}}
INFO:root:1721242185.2596,ID:1003,STAGE:1,SEQUENCE:1432,DATA:{'time': 1721242185.254, 'source': 'VitalsTask', 'timer': 1618.782, 'data': {'sensor': 'O\u2082 Saturation', 'action': 'log', 'data': 'sensor action complete'}}
INFO:root:1721242186.15097,ID:1003,STAGE:1,SEQUENCE:1432,DATA:{'time': 1721242186.144, 'source': 'VitalsTask', 'timer': 1619.672, 'data': {'sensor': 'O\u2082 Saturation', 'action': 'save', 'data': 'action button pressed'}}
INFO:root:1721242186.151968,ID:1003,STAGE:1,SEQUENCE:1432,DATA:{'time': 1721242186.144, 'source': 'VitalsTask', 'timer': 1619.672, 'data': {'sensor': 'O\u2082 Saturation', 'action': 'save', 'data': 'starting sensor action'}}
INFO:root:1721242187.169284,ID:1003,STAGE:1,SEQUENCE:1432,DATA:{'time': 1721242187.164, 'source': 'VitalsTask', 'timer': 1620.692, 'data': {'sensor': 'O\u2082 Saturation', 'action': 'save', 'data': 'sensor action complete'}}
INFO:root:1721242187.951586,ID:1003,STAGE:1,SEQUENCE:1432,DATA:{'time': 1721242187.948, 'source': 'VitalsTask', 'timer': 1621.476, 'data': {'sensor': 'Blood Pressure', 'action': 'opened sensor tab'}}
INFO:root:1721242189.141523,ID:1003,STAGE:1,SEQUENCE:1432,DATA:{'time': 1721242189.131, 'source': 'VitalsTask', 'timer': 1622.659, 'data': {'sensor': 'Blood Pressure', 'action': 'capture', 'data': 'action button pressed'}}
INFO:root:1721242189.144404,ID:1003,STAGE:1,SEQUENCE:1432,DATA:{'time': 1721242189.132, 'source': 'VitalsTask', 'timer': 1622.66, 'data': {'sensor': 'Blood Pressure', 'action': 'capture', 'data': 'starting sensor action'}}
INFO:root:1721242190.153782,ID:1003,STAGE:1,SEQUENCE:1432,DATA:{'time': 1721242190.149, 'source': 'VitalsTask', 'timer': 1623.677, 'data': {'sensor': 'Blood Pressure', 'action': 'capture', 'data': 'sensor action complete'}}
INFO:root:1721242190.155352,ID:1003,STAGE:1,SEQUENCE:1432,DATA:{'time': 1721242190.149, 'source': 'VitalsTask', 'timer': 1623.677, 'data': {'sensor': 'Blood Pressure', 'action': 'keypad open'}}
INFO:root:1721242191.275235,ID:1003,STAGE:1,SEQUENCE:1432,DATA:{'time': 1721242191.268, 'source': 'VitalsTask', 'timer': 1624.796, 'data': {'sensor': 'Blood Pressure', 'action': 'keypad press', 'key': 1, 'value': 1}}
INFO:root:1721242192.092132,ID:1003,STAGE:1,SEQUENCE:1432,DATA:{'time': 1721242192.086, 'source': 'VitalsTask', 'timer': 1625.614, 'data': {'sensor': 'Blood Pressure', 'action': 'keypad press', 'key': 2, 'value': 12}}
INFO:root:1721242193.254553,ID:1003,STAGE:1,SEQUENCE:1432,DATA:{'time': 1721242193.249, 'source': 'VitalsTask', 'timer': 1626.777, 'data': {'sensor': 'Blood Pressure', 'action': 'keypad press', 'key': 11, 'value': 120}}
INFO:root:1721242194.118197,ID:1003,STAGE:1,SEQUENCE:1432,DATA:{'time': 1721242194.113, 'source': 'VitalsTask', 'timer': 1627.641, 'data': {'sensor': 'Blood Pressure', 'action': 'keypad press', 'key': 8, 'value': 1208}}
INFO:root:1721242194.870745,ID:1003,STAGE:1,SEQUENCE:1432,DATA:{'time': 1721242194.865, 'source': 'VitalsTask', 'timer': 1628.393, 'data': {'sensor': 'Blood Pressure', 'action': 'keypad press', 'key': 11, 'value': 12080}}
INFO:root:1721242195.668393,ID:1003,STAGE:1,SEQUENCE:1432,DATA:{'time': 1721242195.658, 'source': 'VitalsTask', 'timer': 1629.186, 'data': {'sensor': 'Blood Pressure', 'action': 'show action buttons'}}
INFO:root:1721242195.676907,ID:1003,STAGE:1,SEQUENCE:1432,DATA:{'time': 1721242195.658, 'source': 'VitalsTask', 'timer': 1629.186, 'data': {'sensor': 'Blood Pressure', 'action': 'keypad press', 'key': 10, 'value': 12080}}
INFO:root:1721242197.007052,ID:1003,STAGE:1,SEQUENCE:1432,DATA:{'time': 1721242196.998, 'source': 'VitalsTask', 'timer': 1630.526, 'data': {'sensor': 'Blood Pressure', 'action': 'log', 'data': 'action button pressed'}}
INFO:root:1721242197.010045,ID:1003,STAGE:1,SEQUENCE:1432,DATA:{'time': 1721242196.998, 'source': 'VitalsTask', 'timer': 1630.526, 'data': {'sensor': 'Blood Pressure', 'action': 'log', 'data': 'starting sensor action'}}
INFO:root:1721242198.011804,ID:1003,STAGE:1,SEQUENCE:1432,DATA:{'time': 1721242198.008, 'source': 'VitalsTask', 'timer': 1631.536, 'data': {'sensor': 'Blood Pressure', 'action': 'log', 'data': 'sensor action complete'}}
INFO:root:1721242198.738757,ID:1003,STAGE:1,SEQUENCE:1432,DATA:{'time': 1721242198.733, 'source': 'VitalsTask', 'timer': 1632.261, 'data': {'sensor': 'Blood Pressure', 'action': 'save', 'data': 'action button pressed'}}
INFO:root:1721242198.739754,ID:1003,STAGE:1,SEQUENCE:1432,DATA:{'time': 1721242198.733, 'source': 'VitalsTask', 'timer': 1632.261, 'data': {'sensor': 'Blood Pressure', 'action': 'save', 'data': 'starting sensor action'}}
INFO:root:1721242199.755157,ID:1003,STAGE:1,SEQUENCE:1432,DATA:{'time': 1721242199.75, 'source': 'VitalsTask', 'timer': 1633.278, 'data': {'sensor': 'Blood Pressure', 'action': 'save', 'data': 'sensor action complete'}}
INFO:root:1721242200.964031,ID:1003,STAGE:1,SEQUENCE:1432,DATA:{'time': 1721242200.959, 'source': 'VitalsTask', 'timer': 1634.487, 'data': {'sensor': 'submit', 'action': 'submit'}}
INFO:root:1721242200.966026,ID:1003,STAGE:1,SEQUENCE:1432,DATA:{'time': 1721242200.96, 'source': 'VitalsTask', 'timer': 1634.488, 'data': {'sensor': 'submit', 'action': 'submit', 'data': 'submit succeeded'}}
INFO:root:Inflight Radio Update asked
INFO:root:sent request to set radio update complete
INFO:root:1721242216.814978,ID:1003,STAGE:1,SEQUENCE:1432,DATA:{'time': 1721242216.809, 'user-id': '1003', 'source': 'HAI Interface', 'destination-index': '3', 'study-stage': '1', 'decision-state': 0, 'vitals-state': 0, 'airspace-state': 0, 'data': {'action': 'transmit button pressed'}}
INFO:root:1721242216.819491,ID:1003,STAGE:1,SEQUENCE:1432,DATA:{'time': 1721242216.809, 'user-id': '1003', 'source': 'HAI Interface', 'destination-index': '3', 'study-stage': '1', 'decision-state': 0, 'vitals-state': 0, 'airspace-state': 0, 'data': {'action': 'callsign set to: + NASXGS'}}
INFO:root:1721242216.821485,ID:1003,STAGE:1,SEQUENCE:1432,DATA:{'time': 1721242216.81, 'user-id': '1003', 'source': 'HAI Interface', 'destination-index': '3', 'study-stage': '1', 'decision-state': 0, 'vitals-state': 0, 'airspace-state': 0, 'data': {'action': 'radio set to:Comm1'}}
INFO:root:1721242216.824987,ID:1003,STAGE:1,SEQUENCE:1432,DATA:{'time': 1721242216.81, 'user-id': '1003', 'source': 'HAI Interface', 'destination-index': '3', 'study-stage': '1', 'decision-state': 0, 'vitals-state': 0, 'airspace-state': 0, 'data': {'page': 'map', 'action': 'show map'}}
INFO:root:1721242216.83107,ID:1003,STAGE:1,SEQUENCE:1432,DATA:{'time': 1721242216.81, 'user-id': '1003', 'source': 'HAI Interface', 'destination-index': '3', 'study-stage': '1', 'decision-state': 0, 'vitals-state': 0, 'airspace-state': 0, 'data': {'page': 'map', 'action': 'selected helipad', 'value': '21'}}
INFO:root:1721242216.841083,ID:1003,STAGE:1,SEQUENCE:1432,DATA:{'time': 1721242216.815, 'user-id': '1003', 'source': 'HAI Interface', 'destination-index': '3', 'study-stage': '1', 'decision-state': 0, 'vitals-state': 0, 'airspace-state': 0, 'data': {'action': 'NASXGStransmitting updates onComm1123.45 MHz'}}
INFO:root:1721242227.069239,ID:1003,STAGE:1,SEQUENCE:1432,DATA:{'time': 1721242227.063, 'user-id': '1003', 'source': 'HAI Interface', 'destination-index': '3', 'study-stage': '1', 'decision-state': 0, 'vitals-state': 0, 'airspace-state': 0, 'data': {'page': 'map', 'action': 'hide map'}}
INFO:root:1721242229.338234,ID:1003,STAGE:1,SEQUENCE:1432,DATA:{'time': 1721242229.331, 'user-id': '1003', 'source': 'HAI Interface', 'destination-index': '3', 'study-stage': '1', 'decision-state': 0, 'vitals-state': 0, 'airspace-state': 0, 'data': {'page': 'map', 'action': 'show map'}}
INFO:root:1721242229.341226,ID:1003,STAGE:1,SEQUENCE:1432,DATA:{'time': 1721242229.331, 'user-id': '1003', 'source': 'HAI Interface', 'destination-index': '3', 'study-stage': '1', 'decision-state': 0, 'vitals-state': 0, 'airspace-state': 0, 'data': {'page': 'map', 'action': 'selected helipad', 'value': '21'}}
INFO:root:1721242259.296949,ID:1003,STAGE:1,SEQUENCE:1432,DATA:{'time': 1721242259.292, 'user-id': '1003', 'source': 'HAI Interface', 'destination-index': '3', 'study-stage': '1', 'decision-state': 0, 'vitals-state': 0, 'airspace-state': 0, 'data': {'page': 'inflight', 'action': 'displaying vitals prompt'}}
INFO:root:1721242262.51312,ID:1003,STAGE:1,SEQUENCE:1432,DATA:{'time': 1721242262.507, 'user-id': '1003', 'source': 'HAI Interface', 'destination-index': '3', 'study-stage': '1', 'decision-state': 0, 'vitals-state': 0, 'airspace-state': 0, 'data': {'page': 'inflight', 'action': 'user acknowledged vitals prompt'}}
INFO:root:1721242266.010671,ID:1003,STAGE:1,SEQUENCE:1432,DATA:{'time': 1721242266.004, 'source': 'VitalsTask', 'timer': 65.044, 'data': {'sensor': 'Blood Pressure', 'action': 'capture', 'data': 'action button pressed'}}
INFO:root:1721242266.012665,ID:1003,STAGE:1,SEQUENCE:1432,DATA:{'time': 1721242266.004, 'source': 'VitalsTask', 'timer': 65.044, 'data': {'sensor': 'Blood Pressure', 'action': 'capture', 'data': 'starting sensor action'}}
INFO:root:1721242267.026975,ID:1003,STAGE:1,SEQUENCE:1432,DATA:{'time': 1721242267.022, 'source': 'VitalsTask', 'timer': 66.062, 'data': {'sensor': 'Blood Pressure', 'action': 'capture', 'data': 'sensor action complete'}}
INFO:root:1721242267.027765,ID:1003,STAGE:1,SEQUENCE:1432,DATA:{'time': 1721242267.022, 'source': 'VitalsTask', 'timer': 66.062, 'data': {'sensor': 'Blood Pressure', 'action': 'keypad open'}}
INFO:root:1721242269.560482,ID:1003,STAGE:1,SEQUENCE:1432,DATA:{'time': 1721242269.552, 'source': 'VitalsTask', 'timer': 68.592, 'data': {'sensor': 'Blood Pressure', 'action': 'keypad press', 'key': 1, 'value': 1}}
INFO:root:1721242270.622161,ID:1003,STAGE:1,SEQUENCE:1432,DATA:{'time': 1721242270.617, 'source': 'VitalsTask', 'timer': 69.657, 'data': {'sensor': 'Blood Pressure', 'action': 'keypad press', 'key': 2, 'value': 12}}
INFO:root:1721242271.609967,ID:1003,STAGE:1,SEQUENCE:1432,DATA:{'time': 1721242271.605, 'source': 'VitalsTask', 'timer': 70.645, 'data': {'sensor': 'Blood Pressure', 'action': 'keypad press', 'key': 11, 'value': 120}}
INFO:root:1721242272.385968,ID:1003,STAGE:1,SEQUENCE:1432,DATA:{'time': 1721242272.381, 'source': 'VitalsTask', 'timer': 71.421, 'data': {'sensor': 'Blood Pressure', 'action': 'keypad press', 'key': 8, 'value': 1208}}
INFO:root:1721242273.179131,ID:1003,STAGE:1,SEQUENCE:1432,DATA:{'time': 1721242273.174, 'source': 'VitalsTask', 'timer': 72.214, 'data': {'sensor': 'Blood Pressure', 'action': 'keypad press', 'key': 11, 'value': 12080}}
INFO:root:1721242274.0684,ID:1003,STAGE:1,SEQUENCE:1432,DATA:{'time': 1721242274.063, 'source': 'VitalsTask', 'timer': 73.103, 'data': {'sensor': 'Blood Pressure', 'action': 'show action buttons'}}
INFO:root:1721242274.070401,ID:1003,STAGE:1,SEQUENCE:1432,DATA:{'time': 1721242274.063, 'source': 'VitalsTask', 'timer': 73.103, 'data': {'sensor': 'Blood Pressure', 'action': 'keypad press', 'key': 10, 'value': 12080}}
INFO:root:1721242275.508129,ID:1003,STAGE:1,SEQUENCE:1432,DATA:{'time': 1721242275.502, 'source': 'VitalsTask', 'timer': 74.542, 'data': {'sensor': 'Blood Pressure', 'action': 'log', 'data': 'action button pressed'}}
INFO:root:1721242275.509126,ID:1003,STAGE:1,SEQUENCE:1432,DATA:{'time': 1721242275.502, 'source': 'VitalsTask', 'timer': 74.542, 'data': {'sensor': 'Blood Pressure', 'action': 'log', 'data': 'starting sensor action'}}
INFO:root:1721242276.522976,ID:1003,STAGE:1,SEQUENCE:1432,DATA:{'time': 1721242276.518, 'source': 'VitalsTask', 'timer': 75.558, 'data': {'sensor': 'Blood Pressure', 'action': 'log', 'data': 'sensor action complete'}}
INFO:root:1721242277.015242,ID:1003,STAGE:1,SEQUENCE:1432,DATA:{'time': 1721242277.008, 'source': 'VitalsTask', 'timer': 76.048, 'data': {'sensor': 'Blood Pressure', 'action': 'save', 'data': 'action button pressed'}}
INFO:root:1721242277.018235,ID:1003,STAGE:1,SEQUENCE:1432,DATA:{'time': 1721242277.008, 'source': 'VitalsTask', 'timer': 76.048, 'data': {'sensor': 'Blood Pressure', 'action': 'save', 'data': 'starting sensor action'}}
INFO:root:1721242278.028746,ID:1003,STAGE:1,SEQUENCE:1432,DATA:{'time': 1721242278.023, 'source': 'VitalsTask', 'timer': 77.063, 'data': {'sensor': 'Blood Pressure', 'action': 'save', 'data': 'sensor action complete'}}
INFO:root:1721242279.102063,ID:1003,STAGE:1,SEQUENCE:1432,DATA:{'time': 1721242279.097, 'source': 'VitalsTask', 'timer': 78.137, 'data': {'sensor': 'Heart Rate', 'action': 'opened sensor tab'}}
INFO:root:1721242280.411212,ID:1003,STAGE:1,SEQUENCE:1432,DATA:{'time': 1721242280.405, 'source': 'VitalsTask', 'timer': 79.445, 'data': {'sensor': 'Heart Rate', 'action': 'capture', 'data': 'action button pressed'}}
INFO:root:1721242280.413207,ID:1003,STAGE:1,SEQUENCE:1432,DATA:{'time': 1721242280.406, 'source': 'VitalsTask', 'timer': 79.446, 'data': {'sensor': 'Heart Rate', 'action': 'capture', 'data': 'starting sensor action'}}
INFO:root:1721242281.423672,ID:1003,STAGE:1,SEQUENCE:1432,DATA:{'time': 1721242281.419, 'source': 'VitalsTask', 'timer': 80.459, 'data': {'sensor': 'Heart Rate', 'action': 'capture', 'data': 'sensor action complete'}}
INFO:root:1721242281.425666,ID:1003,STAGE:1,SEQUENCE:1432,DATA:{'time': 1721242281.419, 'source': 'VitalsTask', 'timer': 80.459, 'data': {'sensor': 'Heart Rate', 'action': 'keypad open'}}
INFO:root:1721242282.130176,ID:1003,STAGE:1,SEQUENCE:1432,DATA:{'time': 1721242282.122, 'user-id': '1003', 'source': 'HAI Interface', 'destination-index': '3', 'study-stage': '1', 'decision-state': 0, 'vitals-state': 0, 'airspace-state': 0, 'data': {'page': 'emergency', 'action': 'show Altitude Miscalibrated Warning, hide map'}}
INFO:root:1721242282.134712,ID:1003,STAGE:1,SEQUENCE:1432,DATA:{'time': 1721242282.123, 'user-id': '1003', 'source': 'HAI Interface', 'destination-index': '3', 'study-stage': '1', 'decision-state': 0, 'vitals-state': 0, 'airspace-state': 0, 'data': {'page': 'map', 'action': 'hide map'}}
INFO:root:1721242282.142794,ID:1003,STAGE:1,SEQUENCE:1432,DATA:{'time': 1721242282.124, 'user-id': '1003', 'source': 'HAI Interface', 'destination-index': '3', 'study-stage': '1', 'decision-state': 0, 'vitals-state': 0, 'airspace-state': 0, 'data': {'page': 'Inflight', 'action': ' Altitude alert activated'}}
INFO:root:1721242282.671607,ID:1003,STAGE:1,SEQUENCE:1432,DATA:{'time': 1721242282.666, 'source': 'VitalsTask', 'timer': 81.706, 'data': {'sensor': 'Heart Rate', 'action': 'keypad press', 'key': 5, 'value': 5}}
INFO:root:1721242282.9342,ID:1003,STAGE:1,SEQUENCE:1432,DATA:{'time': 1721242282.927, 'source': 'VitalsTask', 'timer': 81.967, 'data': {'sensor': 'Heart Rate', 'action': 'keypad press', 'key': 5, 'value': 55}}
INFO:root:1721242285.286405,ID:1003,STAGE:1,SEQUENCE:1432,DATA:{'time': 1721242285.282, 'user-id': '1003', 'source': 'HAI Interface', 'destination-index': '3', 'study-stage': '1', 'decision-state': 0, 'vitals-state': 0, 'airspace-state': 0, 'data': {'page': 'Inflight', 'action': 'Altitude alert- show more info button pressed'}}
INFO:root:1721242294.574395,ID:1003,STAGE:1,SEQUENCE:1432,DATA:{'time': 1721242294.57, 'user-id': '1003', 'source': 'HAI Interface', 'destination-index': '3', 'study-stage': '1', 'decision-state': 0, 'vitals-state': 0, 'airspace-state': 0, 'data': {'page': 'Inflight', 'action': 'Altitude alert- submit button pressed with altitude value as:1000'}}
INFO:root:1721242294.582377,ID:1003,STAGE:1,SEQUENCE:1432,DATA:{'time': 1721242294.574, 'user-id': '1003', 'source': 'HAI Interface', 'destination-index': '3', 'study-stage': '1', 'decision-state': 0, 'vitals-state': 0, 'airspace-state': 0, 'data': {'page': 'Inflight', 'action': 'Altitude alert- altitude submitted'}}
INFO:root:1721242294.588869,ID:1003,STAGE:1,SEQUENCE:1432,DATA:{'time': 1721242294.575, 'user-id': '1003', 'source': 'HAI Interface', 'destination-index': '3', 'study-stage': '1', 'decision-state': 0, 'vitals-state': 0, 'airspace-state': 0, 'data': {'page': 'Inflight', 'action': 'Altitude alert close button pressed'}}
INFO:root:1721242298.893751,ID:1003,STAGE:1,SEQUENCE:1432,DATA:{'time': 1721242298.888, 'source': 'VitalsTask', 'timer': 97.928, 'data': {'sensor': 'Heart Rate', 'action': 'show action buttons'}}
INFO:root:1721242298.895745,ID:1003,STAGE:1,SEQUENCE:1432,DATA:{'time': 1721242298.888, 'source': 'VitalsTask', 'timer': 97.928, 'data': {'sensor': 'Heart Rate', 'action': 'keypad press', 'key': 10, 'value': 55}}
INFO:root:Altitude Warning alert given, sent request to clear altitude_warning_alert
INFO:root:1721242299.877413,ID:1003,STAGE:1,SEQUENCE:1432,DATA:{'time': 1721242299.869, 'source': 'VitalsTask', 'timer': 98.909, 'data': {'sensor': 'Heart Rate', 'action': 'log', 'data': 'action button pressed'}}
INFO:root:1721242299.878411,ID:1003,STAGE:1,SEQUENCE:1432,DATA:{'time': 1721242299.87, 'source': 'VitalsTask', 'timer': 98.91, 'data': {'sensor': 'Heart Rate', 'action': 'log', 'data': 'starting sensor action'}}
INFO:root:1721242300.886614,ID:1003,STAGE:1,SEQUENCE:1432,DATA:{'time': 1721242300.882, 'source': 'VitalsTask', 'timer': 99.922, 'data': {'sensor': 'Heart Rate', 'action': 'log', 'data': 'sensor action complete'}}
INFO:root:1721242302.552094,ID:1003,STAGE:1,SEQUENCE:1432,DATA:{'time': 1721242302.545, 'source': 'VitalsTask', 'timer': 101.585, 'data': {'sensor': 'Heart Rate', 'action': 'save', 'data': 'action button pressed'}}
INFO:root:1721242302.554089,ID:1003,STAGE:1,SEQUENCE:1432,DATA:{'time': 1721242302.546, 'source': 'VitalsTask', 'timer': 101.586, 'data': {'sensor': 'Heart Rate', 'action': 'save', 'data': 'starting sensor action'}}
INFO:root:1721242303.567937,ID:1003,STAGE:1,SEQUENCE:1432,DATA:{'time': 1721242303.559, 'source': 'VitalsTask', 'timer': 102.599, 'data': {'sensor': 'Heart Rate', 'action': 'save', 'data': 'sensor action complete'}}
INFO:root:1721242305.187744,ID:1003,STAGE:1,SEQUENCE:1432,DATA:{'time': 1721242305.183, 'source': 'VitalsTask', 'timer': 104.223, 'data': {'sensor': 'O\u2082 Saturation', 'action': 'opened sensor tab'}}
INFO:root:1721242306.431842,ID:1003,STAGE:1,SEQUENCE:1432,DATA:{'time': 1721242306.425, 'source': 'VitalsTask', 'timer': 105.465, 'data': {'sensor': 'O\u2082 Saturation', 'action': 'capture', 'data': 'action button pressed'}}
INFO:root:1721242306.434836,ID:1003,STAGE:1,SEQUENCE:1432,DATA:{'time': 1721242306.425, 'source': 'VitalsTask', 'timer': 105.465, 'data': {'sensor': 'O\u2082 Saturation', 'action': 'capture', 'data': 'starting sensor action'}}
INFO:root:1721242307.443033,ID:1003,STAGE:1,SEQUENCE:1432,DATA:{'time': 1721242307.437, 'source': 'VitalsTask', 'timer': 106.477, 'data': {'sensor': 'O\u2082 Saturation', 'action': 'capture', 'data': 'sensor action complete'}}
INFO:root:1721242307.44471,ID:1003,STAGE:1,SEQUENCE:1432,DATA:{'time': 1721242307.438, 'source': 'VitalsTask', 'timer': 106.478, 'data': {'sensor': 'O\u2082 Saturation', 'action': 'keypad open'}}
INFO:root:1721242308.739037,ID:1003,STAGE:1,SEQUENCE:1432,DATA:{'time': 1721242308.734, 'source': 'VitalsTask', 'timer': 107.774, 'data': {'sensor': 'O\u2082 Saturation', 'action': 'keypad press', 'key': 1, 'value': 1}}
INFO:root:1721242310.145973,ID:1003,STAGE:1,SEQUENCE:1432,DATA:{'time': 1721242310.141, 'source': 'VitalsTask', 'timer': 109.181, 'data': {'sensor': 'O\u2082 Saturation', 'action': 'keypad press', 'key': 11, 'value': 10}}
INFO:root:1721242310.307966,ID:1003,STAGE:1,SEQUENCE:1432,DATA:{'time': 1721242310.303, 'source': 'VitalsTask', 'timer': 109.343, 'data': {'sensor': 'O\u2082 Saturation', 'action': 'keypad press', 'key': 11, 'value': 100}}
INFO:root:1721242311.12174,ID:1003,STAGE:1,SEQUENCE:1432,DATA:{'time': 1721242311.117, 'source': 'VitalsTask', 'timer': 110.157, 'data': {'sensor': 'O\u2082 Saturation', 'action': 'show action buttons'}}
INFO:root:1721242311.123734,ID:1003,STAGE:1,SEQUENCE:1432,DATA:{'time': 1721242311.117, 'source': 'VitalsTask', 'timer': 110.157, 'data': {'sensor': 'O\u2082 Saturation', 'action': 'keypad press', 'key': 10, 'value': 100}}
INFO:root:1721242312.248321,ID:1003,STAGE:1,SEQUENCE:1432,DATA:{'time': 1721242312.243, 'source': 'VitalsTask', 'timer': 111.283, 'data': {'sensor': 'O\u2082 Saturation', 'action': 'log', 'data': 'action button pressed'}}
INFO:root:1721242312.249968,ID:1003,STAGE:1,SEQUENCE:1432,DATA:{'time': 1721242312.244, 'source': 'VitalsTask', 'timer': 111.284, 'data': {'sensor': 'O\u2082 Saturation', 'action': 'log', 'data': 'starting sensor action'}}
INFO:root:1721242313.265108,ID:1003,STAGE:1,SEQUENCE:1432,DATA:{'time': 1721242313.259, 'source': 'VitalsTask', 'timer': 112.299, 'data': {'sensor': 'O\u2082 Saturation', 'action': 'log', 'data': 'sensor action complete'}}
INFO:root:1721242313.766086,ID:1003,STAGE:1,SEQUENCE:1432,DATA:{'time': 1721242313.759, 'source': 'VitalsTask', 'timer': 112.799, 'data': {'sensor': 'O\u2082 Saturation', 'action': 'save', 'data': 'action button pressed'}}
INFO:root:1721242313.768591,ID:1003,STAGE:1,SEQUENCE:1432,DATA:{'time': 1721242313.759, 'source': 'VitalsTask', 'timer': 112.799, 'data': {'sensor': 'O\u2082 Saturation', 'action': 'save', 'data': 'starting sensor action'}}
INFO:root:1721242314.774021,ID:1003,STAGE:1,SEQUENCE:1432,DATA:{'time': 1721242314.77, 'source': 'VitalsTask', 'timer': 113.81, 'data': {'sensor': 'O\u2082 Saturation', 'action': 'save', 'data': 'sensor action complete'}}
INFO:root:1721242315.401922,ID:1003,STAGE:1,SEQUENCE:1432,DATA:{'time': 1721242315.397, 'source': 'VitalsTask', 'timer': 114.437, 'data': {'sensor': 'submit', 'action': 'submit'}}
INFO:root:1721242315.403916,ID:1003,STAGE:1,SEQUENCE:1432,DATA:{'time': 1721242315.397, 'source': 'VitalsTask', 'timer': 114.437, 'data': {'sensor': 'submit', 'action': 'submit', 'data': 'submit succeeded'}}
INFO:root:1721242402.099944,ID:1003,STAGE:1,SEQUENCE:1432,DATA:{'time': 1721242402.094, 'user-id': '1003', 'source': 'HAI Interface', 'destination-index': '3', 'study-stage': '1', 'decision-state': 0, 'vitals-state': 0, 'airspace-state': 0, 'data': {'page': 'emergency', 'action': 'show Weather Emergency Alert, hide map'}}
INFO:root:1721242402.107439,ID:1003,STAGE:1,SEQUENCE:1432,DATA:{'time': 1721242402.094, 'user-id': '1003', 'source': 'HAI Interface', 'destination-index': '3', 'study-stage': '1', 'decision-state': 0, 'vitals-state': 0, 'airspace-state': 0, 'data': {'page': 'map', 'action': 'hide map'}}
INFO:root:1721242402.111935,ID:1003,STAGE:1,SEQUENCE:1432,DATA:{'time': 1721242402.095, 'user-id': '1003', 'source': 'HAI Interface', 'destination-index': '3', 'study-stage': '1', 'decision-state': 0, 'vitals-state': 0, 'airspace-state': 0, 'data': {'page': 'Inflight', 'action': 'Weather emergency- emergnecy propmt displayed'}}
INFO:root:Inflight Radio Update asked
INFO:root:sent request to set radio update complete
INFO:root:1721242406.588918,ID:1003,STAGE:1,SEQUENCE:1432,DATA:{'time': 1721242406.585, 'user-id': '1003', 'source': 'HAI Interface', 'destination-index': '3', 'study-stage': '1', 'decision-state': 0, 'vitals-state': 0, 'airspace-state': 0, 'data': {'page': 'Inflight', 'action': 'Weather emergency- show more info button pressed'}}
INFO:root:1721242406.673097,ID:1003,STAGE:1,SEQUENCE:1432,DATA:{'time': 1721242406.664, 'user-id': '1003', 'source': 'HAI Interface', 'destination-index': '3', 'study-stage': '1', 'decision-state': 0, 'vitals-state': 0, 'airspace-state': 0, 'data': {'page': 'emergency', 'action': 'show Weather Emergency Alert, hide map'}}
INFO:root:1721242406.677091,ID:1003,STAGE:1,SEQUENCE:1432,DATA:{'time': 1721242406.665, 'user-id': '1003', 'source': 'HAI Interface', 'destination-index': '3', 'study-stage': '1', 'decision-state': 0, 'vitals-state': 0, 'airspace-state': 0, 'data': {'page': 'map', 'action': 'hide map'}}
INFO:root:1721242406.684622,ID:1003,STAGE:1,SEQUENCE:1432,DATA:{'time': 1721242406.665, 'user-id': '1003', 'source': 'HAI Interface', 'destination-index': '3', 'study-stage': '1', 'decision-state': 0, 'vitals-state': 0, 'airspace-state': 0, 'data': {'page': 'Inflight', 'action': 'Weather emergency- emergnecy propmt displayed'}}
INFO:root:1721242421.59841,ID:1003,STAGE:1,SEQUENCE:1432,DATA:{'time': 1721242421.594, 'user-id': '1003', 'source': 'HAI Interface', 'destination-index': '3', 'study-stage': '1', 'decision-state': 0, 'vitals-state': 0, 'airspace-state': 0, 'data': {'page': 'Inflight', 'action': 'Weather emergency- close button pressed'}}
INFO:root:1721242425.736886,ID:1003,STAGE:1,SEQUENCE:1432,DATA:{'time': 1721242425.731, 'user-id': '1003', 'source': 'HAI Interface', 'destination-index': '3', 'study-stage': '1', 'decision-state': 0, 'vitals-state': 0, 'airspace-state': 0, 'data': {'action': 'receive button pressed'}}
INFO:root:1721242425.740876,ID:1003,STAGE:1,SEQUENCE:1432,DATA:{'time': 1721242425.732, 'user-id': '1003', 'source': 'HAI Interface', 'destination-index': '3', 'study-stage': '1', 'decision-state': 0, 'vitals-state': 0, 'airspace-state': 0, 'data': {'action': 'callsign set to:[object Object]'}}
INFO:root:1721242425.742381,ID:1003,STAGE:1,SEQUENCE:1432,DATA:{'time': 1721242425.732, 'user-id': '1003', 'source': 'HAI Interface', 'destination-index': '3', 'study-stage': '1', 'decision-state': 0, 'vitals-state': 0, 'airspace-state': 0, 'data': {'action': 'radio set to:Comm2'}}
INFO:root:1721242425.745883,ID:1003,STAGE:1,SEQUENCE:1432,DATA:{'time': 1721242425.736, 'user-id': '1003', 'source': 'HAI Interface', 'destination-index': '3', 'study-stage': '1', 'decision-state': 0, 'vitals-state': 0, 'airspace-state': 0, 'data': {'action': 'MEDEVACtransmitting onComm2123.45 MHz'}}
INFO:root:Weather emergency alert given, sent request to clear weather_emergency
INFO:root:1721242440.587345,ID:1003,STAGE:1,SEQUENCE:1432,DATA:{'time': 1721242440.58, 'user-id': '1003', 'source': 'HAI Interface', 'destination-index': '3', 'study-stage': '1', 'decision-state': 0, 'vitals-state': 0, 'airspace-state': 0, 'data': {'page': 'map', 'action': 'show map'}}
INFO:root:1721242440.58934,ID:1003,STAGE:1,SEQUENCE:1432,DATA:{'time': 1721242440.58, 'user-id': '1003', 'source': 'HAI Interface', 'destination-index': '3', 'study-stage': '1', 'decision-state': 0, 'vitals-state': 0, 'airspace-state': 0, 'data': {'page': 'map', 'action': 'selected helipad', 'value': '21'}}
INFO:root:Ok, continue to monitor the patients vitals and keep us updated 
INFO:root:1721242448.639388,ID:1003,STAGE:1,SEQUENCE:1432,DATA:{'time': 1721242448.635, 'user-id': '1003', 'source': 'HAI Interface', 'destination-index': '3', 'study-stage': '1', 'decision-state': 0, 'vitals-state': 0, 'airspace-state': 0, 'data': {'page': 'inflight', 'action': 'displaying vitals prompt'}}
INFO:root:altitude sensor radio comm done- command to clear event and make the emergency variables 0 sent
INFO:root:1721242454.68447,ID:1003,STAGE:1,SEQUENCE:1432,DATA:{'time': 1721242454.679, 'user-id': '1003', 'source': 'HAI Interface', 'destination-index': '3', 'study-stage': '1', 'decision-state': 0, 'vitals-state': 0, 'airspace-state': 0, 'data': {'action': 'receive button pressed'}}
INFO:root:1721242454.68647,ID:1003,STAGE:1,SEQUENCE:1432,DATA:{'time': 1721242454.679, 'user-id': '1003', 'source': 'HAI Interface', 'destination-index': '3', 'study-stage': '1', 'decision-state': 0, 'vitals-state': 0, 'airspace-state': 0, 'data': {'action': 'callsign set to:[object Object]'}}
INFO:root:1721242454.688721,ID:1003,STAGE:1,SEQUENCE:1432,DATA:{'time': 1721242454.679, 'user-id': '1003', 'source': 'HAI Interface', 'destination-index': '3', 'study-stage': '1', 'decision-state': 0, 'vitals-state': 0, 'airspace-state': 0, 'data': {'action': 'radio set to:Comm2'}}
INFO:root:1721242454.692711,ID:1003,STAGE:1,SEQUENCE:1432,DATA:{'time': 1721242454.683, 'user-id': '1003', 'source': 'HAI Interface', 'destination-index': '3', 'study-stage': '1', 'decision-state': 0, 'vitals-state': 0, 'airspace-state': 0, 'data': {'action': 'MEDEVACtransmitting onComm2123.45 MHz'}}
INFO:root:Ok, continue to monitor the patients vitals and keep us updated 
INFO:root:1721242466.558366,ID:1003,STAGE:1,SEQUENCE:1432,DATA:{'time': 1721242466.553, 'user-id': '1003', 'source': 'HAI Interface', 'destination-index': '3', 'study-stage': '1', 'decision-state': 0, 'vitals-state': 0, 'airspace-state': 0, 'data': {'page': 'inflight', 'action': 'user acknowledged vitals prompt'}}
INFO:root:1721242467.247781,ID:1003,STAGE:1,SEQUENCE:1432,DATA:{'time': 1721242467.242, 'source': 'VitalsTask', 'timer': 151.844, 'data': {'sensor': 'O\u2082 Saturation', 'action': 'capture', 'data': 'action button pressed'}}
INFO:root:1721242467.252038,ID:1003,STAGE:1,SEQUENCE:1432,DATA:{'time': 1721242467.242, 'source': 'VitalsTask', 'timer': 151.844, 'data': {'sensor': 'O\u2082 Saturation', 'action': 'capture', 'data': 'starting sensor action'}}
INFO:root:altitude sensor radio comm done- command to clear event and make the emergency variables 0 sent
INFO:root:1721242468.262306,ID:1003,STAGE:1,SEQUENCE:1432,DATA:{'time': 1721242468.257, 'source': 'VitalsTask', 'timer': 152.859, 'data': {'sensor': 'O\u2082 Saturation', 'action': 'capture', 'data': 'sensor action complete'}}
INFO:root:1721242468.2643,ID:1003,STAGE:1,SEQUENCE:1432,DATA:{'time': 1721242468.258, 'source': 'VitalsTask', 'timer': 152.86, 'data': {'sensor': 'O\u2082 Saturation', 'action': 'keypad open'}}
INFO:root:1721242477.961921,ID:1003,STAGE:1,SEQUENCE:1432,DATA:{'time': 1721242477.956, 'source': 'VitalsTask', 'timer': 162.558, 'data': {'sensor': 'O\u2082 Saturation', 'action': 'keypad press', 'key': 5, 'value': 5}}
INFO:root:1721242478.119085,ID:1003,STAGE:1,SEQUENCE:1432,DATA:{'time': 1721242478.114, 'source': 'VitalsTask', 'timer': 162.716, 'data': {'sensor': 'O\u2082 Saturation', 'action': 'keypad press', 'key': 5, 'value': 55}}
INFO:root:1721242479.331853,ID:1003,STAGE:1,SEQUENCE:1432,DATA:{'time': 1721242479.327, 'source': 'VitalsTask', 'timer': 163.929, 'data': {'sensor': 'O\u2082 Saturation', 'action': 'show action buttons'}}
INFO:root:1721242479.333853,ID:1003,STAGE:1,SEQUENCE:1432,DATA:{'time': 1721242479.327, 'source': 'VitalsTask', 'timer': 163.929, 'data': {'sensor': 'O\u2082 Saturation', 'action': 'keypad press', 'key': 10, 'value': 55}}
INFO:root:weather emergency radio comm response initiated
INFO:root:1721242485.324542,ID:1003,STAGE:1,SEQUENCE:1432,DATA:{'time': 1721242485.316, 'source': 'VitalsTask', 'timer': 169.918, 'data': {'sensor': 'Heart Rate', 'action': 'opened sensor tab'}}
INFO:root:1721242486.467905,ID:1003,STAGE:1,SEQUENCE:1432,DATA:{'time': 1721242486.462, 'source': 'VitalsTask', 'timer': 171.064, 'data': {'sensor': 'Heart Rate', 'action': 'capture', 'data': 'action button pressed'}}
INFO:root:1721242486.469841,ID:1003,STAGE:1,SEQUENCE:1432,DATA:{'time': 1721242486.462, 'source': 'VitalsTask', 'timer': 171.064, 'data': {'sensor': 'Heart Rate', 'action': 'capture', 'data': 'starting sensor action'}}
INFO:root:1721242487.483923,ID:1003,STAGE:1,SEQUENCE:1432,DATA:{'time': 1721242487.475, 'source': 'VitalsTask', 'timer': 172.077, 'data': {'sensor': 'Heart Rate', 'action': 'capture', 'data': 'sensor action complete'}}
INFO:root:1721242487.486176,ID:1003,STAGE:1,SEQUENCE:1432,DATA:{'time': 1721242487.476, 'source': 'VitalsTask', 'timer': 172.078, 'data': {'sensor': 'Heart Rate', 'action': 'keypad open'}}
INFO:root:1721242490.916203,ID:1003,STAGE:1,SEQUENCE:1432,DATA:{'time': 1721242490.912, 'user-id': '1003', 'source': 'HAI Interface', 'destination-index': '3', 'study-stage': '1', 'decision-state': 0, 'vitals-state': 0, 'airspace-state': 0, 'data': {'page': 'map', 'action': 'selected helipad', 'value': '19'}}
INFO:root:Reroute to weather emergency radio comm done- command to clear event and make the emergency variables 0 sent
INFO:root:Inflight Radio Update asked
INFO:root:sent request to set radio update complete
INFO:root:1721242504.362945,ID:1003,STAGE:1,SEQUENCE:1432,DATA:{'time': 1721242504.323, 'user-id': 'none', 'source': 'HAI Interface', 'destination-index': 3, 'study-stage': -1, 'decision-state': 0, 'vitals-state': 0, 'airspace-state': 0, 'data': {'page': 'change-destination', 'action': 'opened page'}}
INFO:root:1721242505.287593,ID:1003,STAGE:1,SEQUENCE:1432,DATA:{'time': 1721242505.282, 'user-id': '1003', 'source': 'HAI Interface', 'destination-index': '3', 'study-stage': '1', 'decision-state': 0, 'vitals-state': 0, 'airspace-state': 0, 'data': {'page': 'map', 'action': 'selected helipad', 'value': '21'}}
INFO:root:1721242505.28959,ID:1003,STAGE:1,SEQUENCE:1432,DATA:{'time': 1721242505.283, 'user-id': '1003', 'source': 'HAI Interface', 'destination-index': '3', 'study-stage': '1', 'decision-state': 0, 'vitals-state': 0, 'airspace-state': 0, 'data': {'page': 'map', 'action': 'set destination', 'value': -1}}
INFO:root:1721242510.846031,ID:1003,STAGE:1,SEQUENCE:1432,DATA:{'time': 1721242510.839, 'user-id': '1003', 'source': 'HAI Interface', 'destination-index': '3', 'study-stage': '1', 'decision-state': 0, 'vitals-state': 0, 'airspace-state': 0, 'data': {'page': 'map', 'action': 'show map'}}
INFO:root:1721242510.848028,ID:1003,STAGE:1,SEQUENCE:1432,DATA:{'time': 1721242510.84, 'user-id': '1003', 'source': 'HAI Interface', 'destination-index': '3', 'study-stage': '1', 'decision-state': 0, 'vitals-state': 0, 'airspace-state': 0, 'data': {'page': 'map', 'action': 'selected helipad', 'value': '21'}}
INFO:root:1721242510.849023,ID:1003,STAGE:1,SEQUENCE:1432,DATA:{'time': 1721242510.84, 'user-id': '1003', 'source': 'HAI Interface', 'destination-index': '3', 'study-stage': '1', 'decision-state': 0, 'vitals-state': 0, 'airspace-state': 0, 'data': {'page': 'map', 'action': 'set destination', 'value': '3'}}
INFO:root:1721242517.429988,ID:1003,STAGE:1,SEQUENCE:1432,DATA:{'time': 1721242517.424, 'user-id': '1003', 'source': 'HAI Interface', 'destination-index': '3', 'study-stage': '1', 'decision-state': 0, 'vitals-state': 0, 'airspace-state': 0, 'data': {'page': 'map', 'action': 'hide map'}}
INFO:root:1721242520.555086,ID:1003,STAGE:1,SEQUENCE:1432,DATA:{'time': 1721242520.549, 'source': 'VitalsTask', 'timer': 205.151, 'data': {'sensor': 'Heart Rate', 'action': 'keypad press', 'key': 5, 'value': 5}}
INFO:root:1721242520.701545,ID:1003,STAGE:1,SEQUENCE:1432,DATA:{'time': 1721242520.694, 'source': 'VitalsTask', 'timer': 205.296, 'data': {'sensor': 'Heart Rate', 'action': 'keypad press', 'key': 5, 'value': 55}}
INFO:root:1721242521.689564,ID:1003,STAGE:1,SEQUENCE:1432,DATA:{'time': 1721242521.684, 'source': 'VitalsTask', 'timer': 206.286, 'data': {'sensor': 'Heart Rate', 'action': 'show action buttons'}}
INFO:root:1721242521.691559,ID:1003,STAGE:1,SEQUENCE:1432,DATA:{'time': 1721242521.685, 'source': 'VitalsTask', 'timer': 206.287, 'data': {'sensor': 'Heart Rate', 'action': 'keypad press', 'key': 10, 'value': 55}}
INFO:root:1721242522.69716,ID:1003,STAGE:1,SEQUENCE:1432,DATA:{'time': 1721242522.692, 'source': 'VitalsTask', 'timer': 207.294, 'data': {'sensor': 'Heart Rate', 'action': 'log', 'data': 'action button pressed'}}
INFO:root:1721242522.698791,ID:1003,STAGE:1,SEQUENCE:1432,DATA:{'time': 1721242522.692, 'source': 'VitalsTask', 'timer': 207.294, 'data': {'sensor': 'Heart Rate', 'action': 'log', 'data': 'starting sensor action'}}
INFO:root:1721242523.709656,ID:1003,STAGE:1,SEQUENCE:1432,DATA:{'time': 1721242523.704, 'source': 'VitalsTask', 'timer': 208.306, 'data': {'sensor': 'Heart Rate', 'action': 'log', 'data': 'sensor action complete'}}
INFO:root:1721242524.800031,ID:1003,STAGE:1,SEQUENCE:1432,DATA:{'time': 1721242524.796, 'user-id': '1003', 'source': 'HAI Interface', 'destination-index': '3', 'study-stage': '1', 'decision-state': 0, 'vitals-state': 0, 'airspace-state': 0, 'data': {'action': 'radio panel opened'}}
INFO:root:1721242529.252157,ID:1003,STAGE:1,SEQUENCE:1432,DATA:{'time': 1721242529.248, 'user-id': '1003', 'source': 'HAI Interface', 'destination-index': '3', 'study-stage': '1', 'decision-state': 0, 'vitals-state': 0, 'airspace-state': 0, 'data': {'action': 'transmit button pressed'}}
INFO:root:1721242529.256701,ID:1003,STAGE:1,SEQUENCE:1432,DATA:{'time': 1721242529.249, 'user-id': '1003', 'source': 'HAI Interface', 'destination-index': '3', 'study-stage': '1', 'decision-state': 0, 'vitals-state': 0, 'airspace-state': 0, 'data': {'action': 'callsign set to: + NASXGS'}}
INFO:root:1721242529.257699,ID:1003,STAGE:1,SEQUENCE:1432,DATA:{'time': 1721242529.249, 'user-id': '1003', 'source': 'HAI Interface', 'destination-index': '3', 'study-stage': '1', 'decision-state': 0, 'vitals-state': 0, 'airspace-state': 0, 'data': {'action': 'radio set to:Comm1'}}
INFO:root:1721242529.259727,ID:1003,STAGE:1,SEQUENCE:1432,DATA:{'time': 1721242529.249, 'user-id': '1003', 'source': 'HAI Interface', 'destination-index': '3', 'study-stage': '1', 'decision-state': 0, 'vitals-state': 0, 'airspace-state': 0, 'data': {'page': 'map', 'action': 'show map'}}
INFO:root:1721242529.263247,ID:1003,STAGE:1,SEQUENCE:1432,DATA:{'time': 1721242529.25, 'user-id': '1003', 'source': 'HAI Interface', 'destination-index': '3', 'study-stage': '1', 'decision-state': 0, 'vitals-state': 0, 'airspace-state': 0, 'data': {'page': 'map', 'action': 'selected helipad', 'value': '21'}}
INFO:root:1721242529.272777,ID:1003,STAGE:1,SEQUENCE:1432,DATA:{'time': 1721242529.25, 'user-id': '1003', 'source': 'HAI Interface', 'destination-index': '3', 'study-stage': '1', 'decision-state': 0, 'vitals-state': 0, 'airspace-state': 0, 'data': {'page': 'map', 'action': 'set destination', 'value': '3'}}
INFO:root:1721242529.27728,ID:1003,STAGE:1,SEQUENCE:1432,DATA:{'time': 1721242529.255, 'user-id': '1003', 'source': 'HAI Interface', 'destination-index': '3', 'study-stage': '1', 'decision-state': 0, 'vitals-state': 0, 'airspace-state': 0, 'data': {'action': 'NASXGStransmitting updates onComm1123.45 MHz'}}
INFO:root:1721242541.461397,ID:1003,STAGE:1,SEQUENCE:1432,DATA:{'time': 1721242541.456, 'user-id': '1003', 'source': 'HAI Interface', 'destination-index': '3', 'study-stage': '1', 'decision-state': 0, 'vitals-state': 0, 'airspace-state': 0, 'data': {'page': 'map', 'action': 'hide map'}}
INFO:root:1721242544.95293,ID:1003,STAGE:1,SEQUENCE:1432,DATA:{'time': 1721242544.946, 'source': 'VitalsTask', 'timer': 229.548, 'data': {'sensor': 'Heart Rate', 'action': 'save', 'data': 'action button pressed'}}
INFO:root:1721242544.953928,ID:1003,STAGE:1,SEQUENCE:1432,DATA:{'time': 1721242544.946, 'source': 'VitalsTask', 'timer': 229.548, 'data': {'sensor': 'Heart Rate', 'action': 'save', 'data': 'starting sensor action'}}
INFO:root:1721242545.967896,ID:1003,STAGE:1,SEQUENCE:1432,DATA:{'time': 1721242545.962, 'source': 'VitalsTask', 'timer': 230.564, 'data': {'sensor': 'Heart Rate', 'action': 'save', 'data': 'sensor action complete'}}
INFO:root:1721242546.498666,ID:1003,STAGE:1,SEQUENCE:1432,DATA:{'time': 1721242546.494, 'source': 'VitalsTask', 'timer': 231.096, 'data': {'sensor': 'Blood Pressure', 'action': 'opened sensor tab'}}
INFO:root:1721242548.129956,ID:1003,STAGE:1,SEQUENCE:1432,DATA:{'time': 1721242548.123, 'source': 'VitalsTask', 'timer': 232.725, 'data': {'sensor': 'Blood Pressure', 'action': 'capture', 'data': 'action button pressed'}}
INFO:root:1721242548.130953,ID:1003,STAGE:1,SEQUENCE:1432,DATA:{'time': 1721242548.124, 'source': 'VitalsTask', 'timer': 232.726, 'data': {'sensor': 'Blood Pressure', 'action': 'capture', 'data': 'starting sensor action'}}
INFO:root:1721242549.139796,ID:1003,STAGE:1,SEQUENCE:1432,DATA:{'time': 1721242549.134, 'source': 'VitalsTask', 'timer': 233.736, 'data': {'sensor': 'Blood Pressure', 'action': 'capture', 'data': 'sensor action complete'}}
INFO:root:1721242549.142301,ID:1003,STAGE:1,SEQUENCE:1432,DATA:{'time': 1721242549.134, 'source': 'VitalsTask', 'timer': 233.736, 'data': {'sensor': 'Blood Pressure', 'action': 'keypad open'}}
INFO:root:1721242550.091937,ID:1003,STAGE:1,SEQUENCE:1432,DATA:{'time': 1721242550.086, 'source': 'VitalsTask', 'timer': 234.688, 'data': {'sensor': 'Blood Pressure', 'action': 'keypad press', 'key': 1, 'value': 1}}
INFO:root:1721242550.737156,ID:1003,STAGE:1,SEQUENCE:1432,DATA:{'time': 1721242550.731, 'source': 'VitalsTask', 'timer': 235.333, 'data': {'sensor': 'Blood Pressure', 'action': 'keypad press', 'key': 2, 'value': 12}}
INFO:root:1721242551.973317,ID:1003,STAGE:1,SEQUENCE:1432,DATA:{'time': 1721242551.966, 'source': 'VitalsTask', 'timer': 236.568, 'data': {'sensor': 'Blood Pressure', 'action': 'keypad press', 'key': 11, 'value': 120}}
INFO:root:1721242553.550368,ID:1003,STAGE:1,SEQUENCE:1432,DATA:{'time': 1721242553.544, 'source': 'VitalsTask', 'timer': 238.146, 'data': {'sensor': 'Blood Pressure', 'action': 'keypad press', 'key': 8, 'value': 1208}}
INFO:root:1721242554.328764,ID:1003,STAGE:1,SEQUENCE:1432,DATA:{'time': 1721242554.324, 'source': 'VitalsTask', 'timer': 238.926, 'data': {'sensor': 'Blood Pressure', 'action': 'keypad press', 'key': 11, 'value': 12080}}
INFO:root:1721242555.165339,ID:1003,STAGE:1,SEQUENCE:1432,DATA:{'time': 1721242555.162, 'source': 'VitalsTask', 'timer': 239.764, 'data': {'sensor': 'Blood Pressure', 'action': 'show action buttons'}}
INFO:root:1721242555.167769,ID:1003,STAGE:1,SEQUENCE:1432,DATA:{'time': 1721242555.162, 'source': 'VitalsTask', 'timer': 239.764, 'data': {'sensor': 'Blood Pressure', 'action': 'keypad press', 'key': 10, 'value': 12080}}
INFO:root:1721242556.309728,ID:1003,STAGE:1,SEQUENCE:1432,DATA:{'time': 1721242556.303, 'source': 'VitalsTask', 'timer': 240.905, 'data': {'sensor': 'Blood Pressure', 'action': 'log', 'data': 'action button pressed'}}
INFO:root:1721242556.311211,ID:1003,STAGE:1,SEQUENCE:1432,DATA:{'time': 1721242556.304, 'source': 'VitalsTask', 'timer': 240.906, 'data': {'sensor': 'Blood Pressure', 'action': 'log', 'data': 'starting sensor action'}}
INFO:root:1721242557.325939,ID:1003,STAGE:1,SEQUENCE:1432,DATA:{'time': 1721242557.322, 'source': 'VitalsTask', 'timer': 241.924, 'data': {'sensor': 'Blood Pressure', 'action': 'log', 'data': 'sensor action complete'}}
INFO:root:1721242557.947266,ID:1003,STAGE:1,SEQUENCE:1432,DATA:{'time': 1721242557.941, 'source': 'VitalsTask', 'timer': 242.543, 'data': {'sensor': 'Blood Pressure', 'action': 'save', 'data': 'action button pressed'}}
INFO:root:1721242557.948268,ID:1003,STAGE:1,SEQUENCE:1432,DATA:{'time': 1721242557.942, 'source': 'VitalsTask', 'timer': 242.544, 'data': {'sensor': 'Blood Pressure', 'action': 'save', 'data': 'starting sensor action'}}
INFO:root:1721242558.960469,ID:1003,STAGE:1,SEQUENCE:1432,DATA:{'time': 1721242558.954, 'source': 'VitalsTask', 'timer': 243.556, 'data': {'sensor': 'Blood Pressure', 'action': 'save', 'data': 'sensor action complete'}}
INFO:root:1721242559.391153,ID:1003,STAGE:1,SEQUENCE:1432,DATA:{'time': 1721242559.386, 'source': 'VitalsTask', 'timer': 243.988, 'data': {'sensor': 'O\u2082 Saturation', 'action': 'opened sensor tab'}}
INFO:root:1721242561.048801,ID:1003,STAGE:1,SEQUENCE:1432,DATA:{'time': 1721242561.044, 'source': 'VitalsTask', 'timer': 245.646, 'data': {'sensor': 'O\u2082 Saturation', 'action': 'capture', 'data': 'action button pressed'}}
INFO:root:1721242561.0498,ID:1003,STAGE:1,SEQUENCE:1432,DATA:{'time': 1721242561.044, 'source': 'VitalsTask', 'timer': 245.646, 'data': {'sensor': 'O\u2082 Saturation', 'action': 'capture', 'data': 'sensor item has already been completed, cancelling'}}
INFO:root:1721242561.599346,ID:1003,STAGE:1,SEQUENCE:1432,DATA:{'time': 1721242561.594, 'source': 'VitalsTask', 'timer': 246.196, 'data': {'sensor': 'O\u2082 Saturation', 'action': 'capture', 'data': 'action button pressed'}}
INFO:root:1721242561.600856,ID:1003,STAGE:1,SEQUENCE:1432,DATA:{'time': 1721242561.594, 'source': 'VitalsTask', 'timer': 246.196, 'data': {'sensor': 'O\u2082 Saturation', 'action': 'capture', 'data': 'sensor item has already been completed, cancelling'}}
INFO:root:1721242561.819515,ID:1003,STAGE:1,SEQUENCE:1432,DATA:{'time': 1721242561.814, 'source': 'VitalsTask', 'timer': 246.416, 'data': {'sensor': 'O\u2082 Saturation', 'action': 'capture', 'data': 'action button pressed'}}
INFO:root:1721242561.821054,ID:1003,STAGE:1,SEQUENCE:1432,DATA:{'time': 1721242561.814, 'source': 'VitalsTask', 'timer': 246.416, 'data': {'sensor': 'O\u2082 Saturation', 'action': 'capture', 'data': 'sensor item has already been completed, cancelling'}}
INFO:root:1721242562.432368,ID:1003,STAGE:1,SEQUENCE:1432,DATA:{'time': 1721242562.427, 'source': 'VitalsTask', 'timer': 247.029, 'data': {'sensor': 'O\u2082 Saturation', 'action': 'log', 'data': 'action button pressed'}}
INFO:root:1721242562.434312,ID:1003,STAGE:1,SEQUENCE:1432,DATA:{'time': 1721242562.428, 'source': 'VitalsTask', 'timer': 247.03, 'data': {'sensor': 'O\u2082 Saturation', 'action': 'log', 'data': 'starting sensor action'}}
INFO:root:1721242563.451113,ID:1003,STAGE:1,SEQUENCE:1432,DATA:{'time': 1721242563.446, 'source': 'VitalsTask', 'timer': 248.048, 'data': {'sensor': 'O\u2082 Saturation', 'action': 'log', 'data': 'sensor action complete'}}
INFO:root:1721242563.749315,ID:1003,STAGE:1,SEQUENCE:1432,DATA:{'time': 1721242563.744, 'source': 'VitalsTask', 'timer': 248.346, 'data': {'sensor': 'O\u2082 Saturation', 'action': 'save', 'data': 'action button pressed'}}
INFO:root:1721242563.750927,ID:1003,STAGE:1,SEQUENCE:1432,DATA:{'time': 1721242563.745, 'source': 'VitalsTask', 'timer': 248.347, 'data': {'sensor': 'O\u2082 Saturation', 'action': 'save', 'data': 'starting sensor action'}}
INFO:root:1721242564.765377,ID:1003,STAGE:1,SEQUENCE:1432,DATA:{'time': 1721242564.76, 'source': 'VitalsTask', 'timer': 249.362, 'data': {'sensor': 'O\u2082 Saturation', 'action': 'save', 'data': 'sensor action complete'}}
INFO:root:1721242565.446453,ID:1003,STAGE:1,SEQUENCE:1432,DATA:{'time': 1721242565.44, 'source': 'VitalsTask', 'timer': 250.042, 'data': {'sensor': 'submit', 'action': 'submit'}}
INFO:root:1721242565.448449,ID:1003,STAGE:1,SEQUENCE:1432,DATA:{'time': 1721242565.44, 'source': 'VitalsTask', 'timer': 250.042, 'data': {'sensor': 'submit', 'action': 'submit', 'data': 'submit succeeded'}}
INFO:root:1721242568.103547,ID:1003,STAGE:1,SEQUENCE:1432,DATA:{'time': 1721242568.098, 'source': 'VitalsTask', 'timer': 2.658, 'data': {'sensor': 'Heart Rate', 'action': 'opened sensor tab'}}
INFO:root:1721242570.414611,ID:1003,STAGE:1,SEQUENCE:1432,DATA:{'time': 1721242570.411, 'user-id': '1003', 'source': 'HAI Interface', 'destination-index': '3', 'study-stage': '1', 'decision-state': 0, 'vitals-state': 0, 'airspace-state': 0, 'data': {'page': 'map', 'action': 'show map'}}
INFO:root:1721242570.416605,ID:1003,STAGE:1,SEQUENCE:1432,DATA:{'time': 1721242570.412, 'user-id': '1003', 'source': 'HAI Interface', 'destination-index': '3', 'study-stage': '1', 'decision-state': 0, 'vitals-state': 0, 'airspace-state': 0, 'data': {'page': 'map', 'action': 'selected helipad', 'value': '21'}}
INFO:root:1721242570.419106,ID:1003,STAGE:1,SEQUENCE:1432,DATA:{'time': 1721242570.412, 'user-id': '1003', 'source': 'HAI Interface', 'destination-index': '3', 'study-stage': '1', 'decision-state': 0, 'vitals-state': 0, 'airspace-state': 0, 'data': {'page': 'map', 'action': 'set destination', 'value': '3'}}
INFO:root:1721242574.62987,ID:1003,STAGE:1,SEQUENCE:1432,DATA:{'time': 1721242574.609, 'user-id': 'none', 'source': 'HAI Interface', 'destination-index': 3, 'study-stage': -1, 'decision-state': 0, 'vitals-state': 0, 'airspace-state': 0, 'data': {'page': 'checklist', 'action': 'opened page', 'inflight': True}}
INFO:root:1721242575.582975,ID:1003,STAGE:1,SEQUENCE:1432,DATA:{'time': 1721242575.579, 'user-id': '1003', 'source': 'HAI Interface', 'destination-index': '3', 'study-stage': '1', 'decision-state': 0, 'vitals-state': 0, 'airspace-state': 0, 'data': {'page': 'map', 'action': 'selected helipad', 'value': '21'}}
INFO:root:1721242577.559992,ID:1003,STAGE:1,SEQUENCE:1432,DATA:{'time': 1721242577.556, 'user-id': '1003', 'source': 'HAI Interface', 'destination-index': '3', 'study-stage': '1', 'decision-state': 0, 'vitals-state': 0, 'airspace-state': 0, 'data': {'page': 'checklist', 'action': 'toggled checkbox', 'inflight': True, 'item': 0, 'value': 'OFF'}}
INFO:root:1721242578.154265,ID:1003,STAGE:1,SEQUENCE:1432,DATA:{'time': 1721242578.148, 'user-id': '1003', 'source': 'HAI Interface', 'destination-index': '3', 'study-stage': '1', 'decision-state': 0, 'vitals-state': 0, 'airspace-state': 0, 'data': {'page': 'checklist', 'action': 'toggled checkbox', 'inflight': True, 'item': 1, 'value': 'OFF'}}
INFO:root:1721242582.191353,ID:1003,STAGE:1,SEQUENCE:1432,DATA:{'time': 1721242582.188, 'user-id': '1003', 'source': 'HAI Interface', 'destination-index': '3', 'study-stage': '1', 'decision-state': 0, 'vitals-state': 0, 'airspace-state': 0, 'data': {'page': 'checklist', 'action': 'toggled checkbox', 'inflight': True, 'item': 2, 'value': 'OFF'}}
INFO:root:1721242582.193218,ID:1003,STAGE:1,SEQUENCE:1432,DATA:{'time': 1721242582.188, 'user-id': '1003', 'source': 'HAI Interface', 'destination-index': '3', 'study-stage': '1', 'decision-state': 0, 'vitals-state': 0, 'airspace-state': 0, 'data': {'page': 'checklist', 'action': 'showing confirm button', 'inflight': True}}
INFO:root:1721242584.309958,ID:1003,STAGE:1,SEQUENCE:1432,DATA:{'time': 1721242584.306, 'user-id': '1003', 'source': 'HAI Interface', 'destination-index': '3', 'study-stage': '1', 'decision-state': 0, 'vitals-state': 0, 'airspace-state': 0, 'data': {'page': 'checklist', 'action': 'confirm button clicked', 'inflight': True}}
INFO:root:1721242584.616888,ID:1003,STAGE:1,SEQUENCE:1432,DATA:{'time': 1721242584.591, 'user-id': 'none', 'source': 'HAI Interface', 'destination-index': 3, 'study-stage': -1, 'decision-state': 0, 'vitals-state': 0, 'airspace-state': 0, 'data': {'page': 'landing-confirmation', 'action': 'opened page'}}
INFO:root:1721242584.621875,ID:1003,STAGE:1,SEQUENCE:1432,DATA:{'time': 1721242584.592, 'user-id': 'none', 'source': 'HAI Interface', 'destination-index': 3, 'study-stage': -1, 'decision-state': 0, 'vitals-state': 0, 'airspace-state': 0, 'data': {'page': 'landing-confirmation', 'action': 'showing helipad confirm', 'value': 1}}
INFO:root:1721242585.562032,ID:1003,STAGE:1,SEQUENCE:1432,DATA:{'time': 1721242585.558, 'user-id': '1003', 'source': 'HAI Interface', 'destination-index': '3', 'study-stage': '1', 'decision-state': 0, 'vitals-state': 0, 'airspace-state': 0, 'data': {'page': 'map', 'action': 'selected helipad', 'value': '21'}}
INFO:root:1721242587.688876,ID:1003,STAGE:1,SEQUENCE:1432,DATA:{'time': 1721242587.685, 'user-id': '1003', 'source': 'HAI Interface', 'destination-index': '3', 'study-stage': '1', 'decision-state': 0, 'vitals-state': 0, 'airspace-state': 0, 'data': {'page': 'landing-confirmation', 'action': 'checkbox toggle', 'item': 0, 'value': 'ON'}}
INFO:root:1721242596.983438,ID:1003,STAGE:1,SEQUENCE:1432,DATA:{'time': 1721242596.979, 'user-id': '1003', 'source': 'HAI Interface', 'destination-index': '3', 'study-stage': '1', 'decision-state': 0, 'vitals-state': 0, 'airspace-state': 0, 'data': {'page': 'landing-confirmation', 'action': 'checkbox toggle', 'item': 1, 'value': 'ON'}}
INFO:root:1721242602.030059,ID:1003,STAGE:1,SEQUENCE:1432,DATA:{'time': 1721242602.025, 'user-id': '1003', 'source': 'HAI Interface', 'destination-index': '3', 'study-stage': '1', 'decision-state': 0, 'vitals-state': 0, 'airspace-state': 0, 'data': {'page': 'landing-confirmation', 'action': 'confirmed safe to land'}}
INFO:root:1721242602.032054,ID:1003,STAGE:1,SEQUENCE:1432,DATA:{'time': 1721242602.025, 'user-id': '1003', 'source': 'HAI Interface', 'destination-index': '3', 'study-stage': '1', 'decision-state': 0, 'vitals-state': 0, 'airspace-state': 0, 'data': {'page': 'landing-confirmation', 'action': 'showing helipad ready'}}
INFO:root:Inflight Radio Update asked
INFO:root:sent request to set radio update complete
INFO:root:1721242606.323986,ID:1003,STAGE:1,SEQUENCE:1432,DATA:{'time': 1721242606.319, 'user-id': '1003', 'source': 'HAI Interface', 'destination-index': '3', 'study-stage': '1', 'decision-state': 0, 'vitals-state': 0, 'airspace-state': 0, 'data': {'page': 'landing-confirmation', 'action': 'gave landing confirmation'}}
INFO:root:1721242606.428398,ID:1003,STAGE:1,SEQUENCE:1432,DATA:{'time': 1721242606.421, 'user-id': 'none', 'source': 'HAI Interface', 'destination-index': 3, 'study-stage': -1, 'decision-state': 0, 'vitals-state': 0, 'airspace-state': 0, 'data': {'page': 'landing-countdown', 'action': 'opened page'}}
INFO:root:1721242607.396939,ID:1003,STAGE:1,SEQUENCE:1432,DATA:{'time': 1721242607.392, 'user-id': '1003', 'source': 'HAI Interface', 'destination-index': '3', 'study-stage': '1', 'decision-state': '1', 'vitals-state': 0, 'airspace-state': 0, 'data': {'page': 'map', 'action': 'selected helipad', 'value': '21'}}
INFO:root:1721242607.436549,ID:1003,STAGE:1,SEQUENCE:1432,DATA:{'time': 1721242607.432, 'user-id': '1003', 'source': 'HAI Interface', 'destination-index': '3', 'study-stage': '1', 'decision-state': '1', 'vitals-state': 0, 'airspace-state': 0, 'data': {'page': 'landing-countdown', 'action': 'countdown changed', 'value': 5}}
INFO:root:1721242608.436533,ID:1003,STAGE:1,SEQUENCE:1432,DATA:{'time': 1721242608.432, 'user-id': '1003', 'source': 'HAI Interface', 'destination-index': '3', 'study-stage': '1', 'decision-state': '1', 'vitals-state': 0, 'airspace-state': 0, 'data': {'page': 'landing-countdown', 'action': 'countdown changed', 'value': 4}}
INFO:root:1721242609.440728,ID:1003,STAGE:1,SEQUENCE:1432,DATA:{'time': 1721242609.434, 'user-id': '1003', 'source': 'HAI Interface', 'destination-index': '3', 'study-stage': '1', 'decision-state': '1', 'vitals-state': 0, 'airspace-state': 0, 'data': {'page': 'landing-countdown', 'action': 'countdown changed', 'value': 3}}
INFO:root:1721242610.437237,ID:1003,STAGE:1,SEQUENCE:1432,DATA:{'time': 1721242610.433, 'user-id': '1003', 'source': 'HAI Interface', 'destination-index': '3', 'study-stage': '1', 'decision-state': '1', 'vitals-state': 0, 'airspace-state': 0, 'data': {'page': 'landing-countdown', 'action': 'countdown changed', 'value': 2}}
INFO:root:1721242611.437431,ID:1003,STAGE:1,SEQUENCE:1432,DATA:{'time': 1721242611.433, 'user-id': '1003', 'source': 'HAI Interface', 'destination-index': '3', 'study-stage': '1', 'decision-state': '1', 'vitals-state': 0, 'airspace-state': 0, 'data': {'page': 'landing-countdown', 'action': 'countdown changed', 'value': 1}}
INFO:root:1721242612.438253,ID:1003,STAGE:1,SEQUENCE:1432,DATA:{'time': 1721242612.434, 'user-id': '1003', 'source': 'HAI Interface', 'destination-index': '3', 'study-stage': '1', 'decision-state': '1', 'vitals-state': 0, 'airspace-state': 0, 'data': {'page': 'landing-countdown', 'action': 'countdown changed', 'value': 0}}
INFO:root:1721242613.436303,ID:1003,STAGE:1,SEQUENCE:1432,DATA:{'time': 1721242613.433, 'user-id': '1003', 'source': 'HAI Interface', 'destination-index': '3', 'study-stage': '1', 'decision-state': '1', 'vitals-state': 0, 'airspace-state': 0, 'data': {'page': 'landing-countdown', 'action': 'countdown complete'}}
INFO:root:1721242613.547444,ID:1003,STAGE:1,SEQUENCE:1432,DATA:{'time': 1721242613.531, 'user-id': 'none', 'source': 'HAI Interface', 'destination-index': 3, 'study-stage': -1, 'decision-state': 0, 'vitals-state': 0, 'airspace-state': 0, 'data': {'page': 'landed', 'action': 'opened page'}}
INFO:root:1721242614.51365,ID:1003,STAGE:1,SEQUENCE:1432,DATA:{'time': 1721242614.51, 'user-id': '1003', 'source': 'HAI Interface', 'destination-index': '3', 'study-stage': '1', 'decision-state': '1', 'vitals-state': 0, 'airspace-state': 0, 'data': {'page': 'map', 'action': 'selected helipad', 'value': '21'}}
INFO:SimConnect.SimConnect:SIM Paused
