INFO:root:1723038094.599221,ID:1015,STAGE:2,SEQUENCE:1234,DATA:{'time': 1723038094.594, 'user-id': '1015', 'source': 'HAI Interface', 'destination-index': 'None', 'study-stage': '2', 'decision-state': 0, 'vitals-state': 0, 'airspace-state': 0, 'data': {'page': 'index', 'action': 'confirm button pressed'}}
INFO:root:1723038094.946744,ID:1015,STAGE:2,SEQUENCE:1234,DATA:{'time': 1723038094.881, 'user-id': 'none', 'source': 'HAI Interface', 'destination-index': 3, 'study-stage': -1, 'decision-state': 0, 'vitals-state': 0, 'airspace-state': 0, 'data': {'page': 'location', 'action': 'opened page'}}
INFO:root:Takeoff radiocomms initiated
INFO:comtypes.client._code_cache:Imported existing <module 'comtypes.gen' from 'C:\\Users\\ae-dagbeyibor3\\AppData\\Local\\Programs\\Python\\Python312\\Lib\\site-packages\\comtypes\\gen\\__init__.py'>
INFO:comtypes.client._code_cache:Using writeable comtypes cache directory: 'C:\Users\ae-dagbeyibor3\AppData\Local\Programs\Python\Python312\Lib\site-packages\comtypes\gen'
INFO:root:1723038095.813046,ID:1015,STAGE:2,SEQUENCE:1234,DATA:{'time': 1723038095.81, 'user-id': '1015', 'source': 'HAI Interface', 'destination-index': 'None', 'study-stage': '2', 'decision-state': 0, 'vitals-state': 0, 'airspace-state': 0, 'data': {'page': 'map', 'action': 'selected helipad', 'value': '21'}}
INFO:root:1723038099.215279,ID:1015,STAGE:2,SEQUENCE:1234,DATA:{'time': 1723038099.212, 'user-id': '1015', 'source': 'HAI Interface', 'destination-index': 'None', 'study-stage': '2', 'decision-state': 0, 'vitals-state': 0, 'airspace-state': 0, 'data': {'page': 'location', 'action': 'confirm button pressed'}}
INFO:root:1723038099.500352,ID:1015,STAGE:2,SEQUENCE:1234,DATA:{'time': 1723038099.49, 'user-id': 'none', 'source': 'HAI Interface', 'destination-index': 3, 'study-stage': -1, 'decision-state': 0, 'vitals-state': 0, 'airspace-state': 0, 'data': {'page': 'checklist', 'action': 'opened page', 'inflight': False}}
INFO:root:1723038100.443217,ID:1015,STAGE:2,SEQUENCE:1234,DATA:{'time': 1723038100.439, 'user-id': '1015', 'source': 'HAI Interface', 'destination-index': '3', 'study-stage': '2', 'decision-state': 0, 'vitals-state': 0, 'airspace-state': 0, 'data': {'page': 'map', 'action': 'selected helipad', 'value': '21'}}
INFO:root:1723038101.105909,ID:1015,STAGE:2,SEQUENCE:1234,DATA:{'time': 1723038101.103, 'user-id': '1015', 'source': 'HAI Interface', 'destination-index': '3', 'study-stage': '2', 'decision-state': 0, 'vitals-state': 0, 'airspace-state': 0, 'data': {'page': 'checklist', 'action': 'toggled checkbox', 'inflight': False, 'item': 0, 'value': 'OFF'}}
INFO:root:1723038101.40035,ID:1015,STAGE:2,SEQUENCE:1234,DATA:{'time': 1723038101.396, 'user-id': '1015', 'source': 'HAI Interface', 'destination-index': '3', 'study-stage': '2', 'decision-state': 0, 'vitals-state': 0, 'airspace-state': 0, 'data': {'page': 'checklist', 'action': 'toggled checkbox', 'inflight': False, 'item': 1, 'value': 'OFF'}}
INFO:root:1723038101.636228,ID:1015,STAGE:2,SEQUENCE:1234,DATA:{'time': 1723038101.632, 'user-id': '1015', 'source': 'HAI Interface', 'destination-index': '3', 'study-stage': '2', 'decision-state': 0, 'vitals-state': 0, 'airspace-state': 0, 'data': {'page': 'checklist', 'action': 'toggled checkbox', 'inflight': False, 'item': 2, 'value': 'OFF'}}
INFO:root:1723038101.637853,ID:1015,STAGE:2,SEQUENCE:1234,DATA:{'time': 1723038101.632, 'user-id': '1015', 'source': 'HAI Interface', 'destination-index': '3', 'study-stage': '2', 'decision-state': 0, 'vitals-state': 0, 'airspace-state': 0, 'data': {'page': 'checklist', 'action': 'showing confirm button', 'inflight': False}}
INFO:root:1723038102.210979,ID:1015,STAGE:2,SEQUENCE:1234,DATA:{'time': 1723038102.208, 'user-id': '1015', 'source': 'HAI Interface', 'destination-index': '3', 'study-stage': '2', 'decision-state': 0, 'vitals-state': 0, 'airspace-state': 0, 'data': {'page': 'checklist', 'action': 'confirm button clicked', 'inflight': False}}
INFO:root:1723038102.317254,ID:1015,STAGE:2,SEQUENCE:1234,DATA:{'time': 1723038102.308, 'user-id': 'none', 'source': 'HAI Interface', 'destination-index': 3, 'study-stage': -1, 'decision-state': 0, 'vitals-state': 0, 'airspace-state': 0, 'data': {'page': 'countdown', 'action': 'opened page'}}
INFO:root:1723038103.28681,ID:1015,STAGE:2,SEQUENCE:1234,DATA:{'time': 1723038103.283, 'user-id': '1015', 'source': 'HAI Interface', 'destination-index': '3', 'study-stage': '2', 'decision-state': 0, 'vitals-state': 0, 'airspace-state': 0, 'data': {'page': 'map', 'action': 'selected helipad', 'value': '21'}}
INFO:root:1723038103.315895,ID:1015,STAGE:2,SEQUENCE:1234,DATA:{'time': 1723038103.313, 'user-id': '1015', 'source': 'HAI Interface', 'destination-index': '3', 'study-stage': '2', 'decision-state': 0, 'vitals-state': 0, 'airspace-state': 0, 'data': {'page': 'countdown', 'action': 'countdown now 4'}}
INFO:root:1723038104.319181,ID:1015,STAGE:2,SEQUENCE:1234,DATA:{'time': 1723038104.316, 'user-id': '1015', 'source': 'HAI Interface', 'destination-index': '3', 'study-stage': '2', 'decision-state': 0, 'vitals-state': 0, 'airspace-state': 0, 'data': {'page': 'countdown', 'action': 'countdown now 3'}}
INFO:root:1723038105.32096,ID:1015,STAGE:2,SEQUENCE:1234,DATA:{'time': 1723038105.318, 'user-id': '1015', 'source': 'HAI Interface', 'destination-index': '3', 'study-stage': '2', 'decision-state': 0, 'vitals-state': 0, 'airspace-state': 0, 'data': {'page': 'countdown', 'action': 'countdown now 2'}}
INFO:root:1723038106.320471,ID:1015,STAGE:2,SEQUENCE:1234,DATA:{'time': 1723038106.318, 'user-id': '1015', 'source': 'HAI Interface', 'destination-index': '3', 'study-stage': '2', 'decision-state': 0, 'vitals-state': 0, 'airspace-state': 0, 'data': {'page': 'countdown', 'action': 'countdown now 1'}}
INFO:root:1723038107.320817,ID:1015,STAGE:2,SEQUENCE:1234,DATA:{'time': 1723038107.317, 'user-id': '1015', 'source': 'HAI Interface', 'destination-index': '3', 'study-stage': '2', 'decision-state': 0, 'vitals-state': 0, 'airspace-state': 0, 'data': {'page': 'countdown', 'action': 'countdown now 0'}}
INFO:root:1723038108.32039,ID:1015,STAGE:2,SEQUENCE:1234,DATA:{'time': 1723038108.316, 'user-id': '1015', 'source': 'HAI Interface', 'destination-index': '3', 'study-stage': '2', 'decision-state': 0, 'vitals-state': 0, 'airspace-state': 0, 'data': {'page': 'countdown', 'action': 'countdown complete'}}
INFO:root:1723038109.723606,ID:1015,STAGE:2,SEQUENCE:1234,DATA:{'time': 1723038109.72, 'user-id': '1015', 'source': 'HAI Interface', 'destination-index': '3', 'study-stage': '2', 'decision-state': 0, 'vitals-state': 0, 'airspace-state': 0, 'data': {'page': 'map', 'action': 'selected helipad', 'value': '21'}}
INFO:root:Takeoff radiocomms clear request sent
INFO:root:1723038118.507188,ID:1015,STAGE:2,SEQUENCE:1234,DATA:{'time': 1723038118.503, 'user-id': '1015', 'source': 'HAI Interface', 'destination-index': '3', 'study-stage': '2', 'decision-state': 0, 'vitals-state': 0, 'airspace-state': 0, 'data': {'action': 'radio panel opened'}}
INFO:root:Inflight Radio Update asked
INFO:root:sent request to set radio update complete
INFO:root:1723038126.258923,ID:1015,STAGE:2,SEQUENCE:1234,DATA:{'time': 1723038126.255, 'user-id': '1015', 'source': 'HAI Interface', 'destination-index': '3', 'study-stage': '2', 'decision-state': 0, 'vitals-state': 0, 'airspace-state': 0, 'data': {'action': 'transmit button pressed'}}
INFO:root:1723038126.261914,ID:1015,STAGE:2,SEQUENCE:1234,DATA:{'time': 1723038126.255, 'user-id': '1015', 'source': 'HAI Interface', 'destination-index': '3', 'study-stage': '2', 'decision-state': 0, 'vitals-state': 0, 'airspace-state': 0, 'data': {'action': 'callsign set to: + NASXGS'}}
INFO:root:1723038126.263909,ID:1015,STAGE:2,SEQUENCE:1234,DATA:{'time': 1723038126.255, 'user-id': '1015', 'source': 'HAI Interface', 'destination-index': '3', 'study-stage': '2', 'decision-state': 0, 'vitals-state': 0, 'airspace-state': 0, 'data': {'action': 'radio set to:Comm1'}}
INFO:root:1723038126.265903,ID:1015,STAGE:2,SEQUENCE:1234,DATA:{'time': 1723038126.256, 'user-id': '1015', 'source': 'HAI Interface', 'destination-index': '3', 'study-stage': '2', 'decision-state': 0, 'vitals-state': 0, 'airspace-state': 0, 'data': {'page': 'map', 'action': 'show map'}}
INFO:root:1723038126.267898,ID:1015,STAGE:2,SEQUENCE:1234,DATA:{'time': 1723038126.256, 'user-id': '1015', 'source': 'HAI Interface', 'destination-index': '3', 'study-stage': '2', 'decision-state': 0, 'vitals-state': 0, 'airspace-state': 0, 'data': {'page': 'map', 'action': 'selected helipad', 'value': '21'}}
INFO:root:1723038126.271395,ID:1015,STAGE:2,SEQUENCE:1234,DATA:{'time': 1723038126.262, 'user-id': '1015', 'source': 'HAI Interface', 'destination-index': '3', 'study-stage': '2', 'decision-state': 0, 'vitals-state': 0, 'airspace-state': 0, 'data': {'action': 'NASXGStransmitting updates onComm1123.45 MHz'}}
INFO:root:1723038140.945432,ID:1015,STAGE:2,SEQUENCE:1234,DATA:{'time': 1723038140.941, 'user-id': '1015', 'source': 'HAI Interface', 'destination-index': '3', 'study-stage': '2', 'decision-state': 0, 'vitals-state': 0, 'airspace-state': 0, 'data': {'page': 'map', 'action': 'hide map'}}
INFO:root:1723038161.023136,ID:1015,STAGE:2,SEQUENCE:1234,DATA:{'time': 1723038161.019, 'user-id': '1015', 'source': 'HAI Interface', 'destination-index': '3', 'study-stage': '2', 'decision-state': 0, 'vitals-state': 0, 'airspace-state': 0, 'data': {'page': 'map', 'action': 'show map'}}
INFO:root:1723038161.025131,ID:1015,STAGE:2,SEQUENCE:1234,DATA:{'time': 1723038161.02, 'user-id': '1015', 'source': 'HAI Interface', 'destination-index': '3', 'study-stage': '2', 'decision-state': 0, 'vitals-state': 0, 'airspace-state': 0, 'data': {'page': 'map', 'action': 'selected helipad', 'value': '21'}}
INFO:root:1723038167.087068,ID:1015,STAGE:2,SEQUENCE:1234,DATA:{'time': 1723038167.083, 'user-id': '1015', 'source': 'HAI Interface', 'destination-index': '3', 'study-stage': '2', 'decision-state': 0, 'vitals-state': 0, 'airspace-state': 0, 'data': {'page': 'inflight', 'action': 'displaying vitals prompt'}}
INFO:root:1723038171.286789,ID:1015,STAGE:2,SEQUENCE:1234,DATA:{'time': 1723038171.28, 'source': 'VitalsTask', 'timer': 135.81, 'data': {'sensor': 'Heart Rate', 'action': 'capture', 'data': 'action button pressed'}}
INFO:root:1723038171.292322,ID:1015,STAGE:2,SEQUENCE:1234,DATA:{'time': 1723038171.281, 'source': 'VitalsTask', 'timer': 135.811, 'data': {'sensor': 'Heart Rate', 'action': 'capture', 'data': 'starting sensor action'}}
INFO:root:1723038172.32448,ID:1015,STAGE:2,SEQUENCE:1234,DATA:{'time': 1723038172.311, 'source': 'VitalsTask', 'timer': 136.841, 'data': {'sensor': 'Heart Rate', 'action': 'capture', 'data': 'sensor action complete'}}
INFO:root:1723038172.326474,ID:1015,STAGE:2,SEQUENCE:1234,DATA:{'time': 1723038172.312, 'source': 'VitalsTask', 'timer': 136.842, 'data': {'sensor': 'Heart Rate', 'action': 'keypad open'}}
INFO:root:1723038174.716432,ID:1015,STAGE:2,SEQUENCE:1234,DATA:{'time': 1723038174.71, 'source': 'VitalsTask', 'timer': 139.24, 'data': {'sensor': 'Heart Rate', 'action': 'keypad press', 'key': 5, 'value': 5}}
INFO:root:1723038174.914161,ID:1015,STAGE:2,SEQUENCE:1234,DATA:{'time': 1723038174.904, 'source': 'VitalsTask', 'timer': 139.434, 'data': {'sensor': 'Heart Rate', 'action': 'keypad press', 'key': 5, 'value': 55}}
INFO:root:1723038176.456251,ID:1015,STAGE:2,SEQUENCE:1234,DATA:{'time': 1723038176.45, 'source': 'VitalsTask', 'timer': 140.98, 'data': {'sensor': 'Heart Rate', 'action': 'show action buttons'}}
INFO:root:1723038176.459243,ID:1015,STAGE:2,SEQUENCE:1234,DATA:{'time': 1723038176.451, 'source': 'VitalsTask', 'timer': 140.981, 'data': {'sensor': 'Heart Rate', 'action': 'keypad press', 'key': 10, 'value': 55}}
INFO:root:1723038178.095275,ID:1015,STAGE:2,SEQUENCE:1234,DATA:{'time': 1723038178.089, 'source': 'VitalsTask', 'timer': 142.619, 'data': {'sensor': 'Heart Rate', 'action': 'log', 'data': 'action button pressed'}}
INFO:root:1723038178.098266,ID:1015,STAGE:2,SEQUENCE:1234,DATA:{'time': 1723038178.092, 'source': 'VitalsTask', 'timer': 142.622, 'data': {'sensor': 'Heart Rate', 'action': 'log', 'data': 'starting sensor action'}}
INFO:root:1723038179.119785,ID:1015,STAGE:2,SEQUENCE:1234,DATA:{'time': 1723038179.112, 'source': 'VitalsTask', 'timer': 143.642, 'data': {'sensor': 'Heart Rate', 'action': 'log', 'data': 'sensor action complete'}}
INFO:root:1723038179.302435,ID:1015,STAGE:2,SEQUENCE:1234,DATA:{'time': 1723038179.294, 'source': 'VitalsTask', 'timer': 143.824, 'data': {'sensor': 'Heart Rate', 'action': 'save', 'data': 'action button pressed'}}
INFO:root:1723038179.305428,ID:1015,STAGE:2,SEQUENCE:1234,DATA:{'time': 1723038179.294, 'source': 'VitalsTask', 'timer': 143.824, 'data': {'sensor': 'Heart Rate', 'action': 'save', 'data': 'starting sensor action'}}
INFO:root:1723038180.312239,ID:1015,STAGE:2,SEQUENCE:1234,DATA:{'time': 1723038180.305, 'source': 'VitalsTask', 'timer': 144.835, 'data': {'sensor': 'Heart Rate', 'action': 'save', 'data': 'sensor action complete'}}
INFO:root:1723038182.002922,ID:1015,STAGE:2,SEQUENCE:1234,DATA:{'time': 1723038181.997, 'source': 'VitalsTask', 'timer': 146.527, 'data': {'sensor': 'O\u2082 Saturation', 'action': 'opened sensor tab'}}
INFO:root:1723038183.925278,ID:1015,STAGE:2,SEQUENCE:1234,DATA:{'time': 1723038183.919, 'source': 'VitalsTask', 'timer': 148.449, 'data': {'sensor': 'O\u2082 Saturation', 'action': 'capture', 'data': 'action button pressed'}}
INFO:root:1723038183.926276,ID:1015,STAGE:2,SEQUENCE:1234,DATA:{'time': 1723038183.919, 'source': 'VitalsTask', 'timer': 148.449, 'data': {'sensor': 'O\u2082 Saturation', 'action': 'capture', 'data': 'starting sensor action'}}
INFO:root:1723038184.941538,ID:1015,STAGE:2,SEQUENCE:1234,DATA:{'time': 1723038184.933, 'source': 'VitalsTask', 'timer': 149.463, 'data': {'sensor': 'O\u2082 Saturation', 'action': 'capture', 'data': 'sensor action complete'}}
INFO:root:1723038184.94453,ID:1015,STAGE:2,SEQUENCE:1234,DATA:{'time': 1723038184.934, 'source': 'VitalsTask', 'timer': 149.464, 'data': {'sensor': 'O\u2082 Saturation', 'action': 'keypad open'}}
INFO:root:1723038185.962553,ID:1015,STAGE:2,SEQUENCE:1234,DATA:{'time': 1723038185.956, 'source': 'VitalsTask', 'timer': 150.486, 'data': {'sensor': 'O\u2082 Saturation', 'action': 'keypad press', 'key': 1, 'value': 1}}
INFO:root:1723038187.777531,ID:1015,STAGE:2,SEQUENCE:1234,DATA:{'time': 1723038187.77, 'source': 'VitalsTask', 'timer': 152.3, 'data': {'sensor': 'O\u2082 Saturation', 'action': 'keypad press', 'key': 11, 'value': 10}}
INFO:root:1723038189.002826,ID:1015,STAGE:2,SEQUENCE:1234,DATA:{'time': 1723038188.995, 'source': 'VitalsTask', 'timer': 153.525, 'data': {'sensor': 'O\u2082 Saturation', 'action': 'keypad press', 'key': 11, 'value': 100}}
INFO:root:1723038190.221678,ID:1015,STAGE:2,SEQUENCE:1234,DATA:{'time': 1723038190.211, 'source': 'VitalsTask', 'timer': 154.741, 'data': {'sensor': 'O\u2082 Saturation', 'action': 'show action buttons'}}
INFO:root:1723038190.224673,ID:1015,STAGE:2,SEQUENCE:1234,DATA:{'time': 1723038190.212, 'source': 'VitalsTask', 'timer': 154.742, 'data': {'sensor': 'O\u2082 Saturation', 'action': 'keypad press', 'key': 10, 'value': 100}}
INFO:root:1723038191.5077,ID:1015,STAGE:2,SEQUENCE:1234,DATA:{'time': 1723038191.501, 'source': 'VitalsTask', 'timer': 156.031, 'data': {'sensor': 'O\u2082 Saturation', 'action': 'log', 'data': 'action button pressed'}}
INFO:root:1723038191.509816,ID:1015,STAGE:2,SEQUENCE:1234,DATA:{'time': 1723038191.502, 'source': 'VitalsTask', 'timer': 156.032, 'data': {'sensor': 'O\u2082 Saturation', 'action': 'log', 'data': 'starting sensor action'}}
INFO:root:1723038192.522847,ID:1015,STAGE:2,SEQUENCE:1234,DATA:{'time': 1723038192.516, 'source': 'VitalsTask', 'timer': 157.046, 'data': {'sensor': 'O\u2082 Saturation', 'action': 'log', 'data': 'sensor action complete'}}
INFO:root:1723038193.135627,ID:1015,STAGE:2,SEQUENCE:1234,DATA:{'time': 1723038193.129, 'source': 'VitalsTask', 'timer': 157.659, 'data': {'sensor': 'O\u2082 Saturation', 'action': 'save', 'data': 'action button pressed'}}
INFO:root:1723038193.13826,ID:1015,STAGE:2,SEQUENCE:1234,DATA:{'time': 1723038193.129, 'source': 'VitalsTask', 'timer': 157.659, 'data': {'sensor': 'O\u2082 Saturation', 'action': 'save', 'data': 'starting sensor action'}}
INFO:root:1723038194.14722,ID:1015,STAGE:2,SEQUENCE:1234,DATA:{'time': 1723038194.14, 'source': 'VitalsTask', 'timer': 158.67, 'data': {'sensor': 'O\u2082 Saturation', 'action': 'save', 'data': 'sensor action complete'}}
INFO:root:1723038196.672907,ID:1015,STAGE:2,SEQUENCE:1234,DATA:{'time': 1723038196.663, 'source': 'VitalsTask', 'timer': 161.193, 'data': {'sensor': 'Blood Pressure', 'action': 'opened sensor tab'}}
INFO:root:1723038198.615303,ID:1015,STAGE:2,SEQUENCE:1234,DATA:{'time': 1723038198.609, 'source': 'VitalsTask', 'timer': 163.139, 'data': {'sensor': 'Blood Pressure', 'action': 'capture', 'data': 'action button pressed'}}
INFO:root:1723038198.616858,ID:1015,STAGE:2,SEQUENCE:1234,DATA:{'time': 1723038198.609, 'source': 'VitalsTask', 'timer': 163.139, 'data': {'sensor': 'Blood Pressure', 'action': 'capture', 'data': 'starting sensor action'}}
INFO:root:1723038199.625614,ID:1015,STAGE:2,SEQUENCE:1234,DATA:{'time': 1723038199.618, 'source': 'VitalsTask', 'timer': 164.148, 'data': {'sensor': 'Blood Pressure', 'action': 'capture', 'data': 'sensor action complete'}}
INFO:root:1723038199.626609,ID:1015,STAGE:2,SEQUENCE:1234,DATA:{'time': 1723038199.62, 'source': 'VitalsTask', 'timer': 164.15, 'data': {'sensor': 'Blood Pressure', 'action': 'keypad open'}}
INFO:root:1723038201.243226,ID:1015,STAGE:2,SEQUENCE:1234,DATA:{'time': 1723038201.237, 'source': 'VitalsTask', 'timer': 165.767, 'data': {'sensor': 'Blood Pressure', 'action': 'keypad press', 'key': 1, 'value': 1}}
INFO:root:1723038202.131949,ID:1015,STAGE:2,SEQUENCE:1234,DATA:{'time': 1723038202.123, 'source': 'VitalsTask', 'timer': 166.653, 'data': {'sensor': 'Blood Pressure', 'action': 'keypad press', 'key': 2, 'value': 12}}
INFO:root:1723038203.657114,ID:1015,STAGE:2,SEQUENCE:1234,DATA:{'time': 1723038203.647, 'source': 'VitalsTask', 'timer': 168.177, 'data': {'sensor': 'Blood Pressure', 'action': 'keypad press', 'key': 11, 'value': 120}}
INFO:root:1723038205.524967,ID:1015,STAGE:2,SEQUENCE:1234,DATA:{'time': 1723038205.517, 'source': 'VitalsTask', 'timer': 170.047, 'data': {'sensor': 'Blood Pressure', 'action': 'keypad press', 'key': 8, 'value': 1208}}
INFO:root:1723038206.411373,ID:1015,STAGE:2,SEQUENCE:1234,DATA:{'time': 1723038206.403, 'source': 'VitalsTask', 'timer': 170.933, 'data': {'sensor': 'Blood Pressure', 'action': 'keypad press', 'key': 11, 'value': 12080}}
INFO:root:1723038207.601982,ID:1015,STAGE:2,SEQUENCE:1234,DATA:{'time': 1723038207.591, 'source': 'VitalsTask', 'timer': 172.121, 'data': {'sensor': 'Blood Pressure', 'action': 'show action buttons'}}
INFO:root:1723038207.607059,ID:1015,STAGE:2,SEQUENCE:1234,DATA:{'time': 1723038207.592, 'source': 'VitalsTask', 'timer': 172.122, 'data': {'sensor': 'Blood Pressure', 'action': 'keypad press', 'key': 10, 'value': 12080}}
INFO:root:1723038209.964052,ID:1015,STAGE:2,SEQUENCE:1234,DATA:{'time': 1723038209.957, 'source': 'VitalsTask', 'timer': 174.487, 'data': {'sensor': 'Blood Pressure', 'action': 'log', 'data': 'action button pressed'}}
INFO:root:1723038209.966047,ID:1015,STAGE:2,SEQUENCE:1234,DATA:{'time': 1723038209.957, 'source': 'VitalsTask', 'timer': 174.487, 'data': {'sensor': 'Blood Pressure', 'action': 'log', 'data': 'starting sensor action'}}
INFO:root:1723038210.978867,ID:1015,STAGE:2,SEQUENCE:1234,DATA:{'time': 1723038210.972, 'source': 'VitalsTask', 'timer': 175.502, 'data': {'sensor': 'Blood Pressure', 'action': 'log', 'data': 'sensor action complete'}}
INFO:root:1723038211.10927,ID:1015,STAGE:2,SEQUENCE:1234,DATA:{'time': 1723038211.103, 'source': 'VitalsTask', 'timer': 175.633, 'data': {'sensor': 'Blood Pressure', 'action': 'save', 'data': 'action button pressed'}}
INFO:root:1723038211.111265,ID:1015,STAGE:2,SEQUENCE:1234,DATA:{'time': 1723038211.103, 'source': 'VitalsTask', 'timer': 175.633, 'data': {'sensor': 'Blood Pressure', 'action': 'save', 'data': 'starting sensor action'}}
INFO:root:1723038212.128014,ID:1015,STAGE:2,SEQUENCE:1234,DATA:{'time': 1723038212.12, 'source': 'VitalsTask', 'timer': 176.65, 'data': {'sensor': 'Blood Pressure', 'action': 'save', 'data': 'sensor action complete'}}
INFO:root:1723038213.298878,ID:1015,STAGE:2,SEQUENCE:1234,DATA:{'time': 1723038213.292, 'source': 'VitalsTask', 'timer': 177.822, 'data': {'sensor': 'submit', 'action': 'submit'}}
INFO:root:1723038213.300488,ID:1015,STAGE:2,SEQUENCE:1234,DATA:{'time': 1723038213.292, 'source': 'VitalsTask', 'timer': 177.822, 'data': {'sensor': 'submit', 'action': 'submit', 'data': 'submit succeeded'}}
INFO:root:1723038215.287328,ID:1015,STAGE:2,SEQUENCE:1234,DATA:{'time': 1723038215.28, 'user-id': '1015', 'source': 'HAI Interface', 'destination-index': '3', 'study-stage': '2', 'decision-state': 0, 'vitals-state': 0, 'airspace-state': 0, 'data': {'page': 'inflight', 'action': 'user acknowledged vitals prompt'}}
INFO:root:Inflight Radio Update asked
INFO:root:sent request to set radio update complete
INFO:root:1723038221.146587,ID:1015,STAGE:2,SEQUENCE:1234,DATA:{'time': 1723038221.142, 'user-id': '1015', 'source': 'HAI Interface', 'destination-index': '3', 'study-stage': '2', 'decision-state': 0, 'vitals-state': 0, 'airspace-state': 0, 'data': {'action': 'transmit button pressed'}}
INFO:root:1723038221.15257,ID:1015,STAGE:2,SEQUENCE:1234,DATA:{'time': 1723038221.142, 'user-id': '1015', 'source': 'HAI Interface', 'destination-index': '3', 'study-stage': '2', 'decision-state': 0, 'vitals-state': 0, 'airspace-state': 0, 'data': {'action': 'callsign set to: + NASXGS'}}
INFO:root:1723038221.153568,ID:1015,STAGE:2,SEQUENCE:1234,DATA:{'time': 1723038221.148, 'user-id': '1015', 'source': 'HAI Interface', 'destination-index': '3', 'study-stage': '2', 'decision-state': 0, 'vitals-state': 0, 'airspace-state': 0, 'data': {'action': 'NASXGStransmitting updates onComm1123.45 MHz'}}
INFO:root:1723038221.153568,ID:1015,STAGE:2,SEQUENCE:1234,DATA:{'time': 1723038221.143, 'user-id': '1015', 'source': 'HAI Interface', 'destination-index': '3', 'study-stage': '2', 'decision-state': 0, 'vitals-state': 0, 'airspace-state': 0, 'data': {'page': 'map', 'action': 'show map'}}
INFO:root:1723038221.154565,ID:1015,STAGE:2,SEQUENCE:1234,DATA:{'time': 1723038221.144, 'user-id': '1015', 'source': 'HAI Interface', 'destination-index': '3', 'study-stage': '2', 'decision-state': 0, 'vitals-state': 0, 'airspace-state': 0, 'data': {'page': 'map', 'action': 'selected helipad', 'value': '21'}}
INFO:root:1723038221.155563,ID:1015,STAGE:2,SEQUENCE:1234,DATA:{'time': 1723038221.143, 'user-id': '1015', 'source': 'HAI Interface', 'destination-index': '3', 'study-stage': '2', 'decision-state': 0, 'vitals-state': 0, 'airspace-state': 0, 'data': {'action': 'radio set to:Comm1'}}
INFO:root:1723038235.390634,ID:1015,STAGE:2,SEQUENCE:1234,DATA:{'time': 1723038235.385, 'user-id': '1015', 'source': 'HAI Interface', 'destination-index': '3', 'study-stage': '2', 'decision-state': 0, 'vitals-state': 0, 'airspace-state': 0, 'data': {'page': 'map', 'action': 'hide map'}}
INFO:root:1723038241.476823,ID:1015,STAGE:2,SEQUENCE:1234,DATA:{'time': 1723038241.471, 'user-id': '1015', 'source': 'HAI Interface', 'destination-index': '3', 'study-stage': '2', 'decision-state': 0, 'vitals-state': 0, 'airspace-state': 0, 'data': {'page': 'map', 'action': 'show map'}}
INFO:root:1723038241.478388,ID:1015,STAGE:2,SEQUENCE:1234,DATA:{'time': 1723038241.472, 'user-id': '1015', 'source': 'HAI Interface', 'destination-index': '3', 'study-stage': '2', 'decision-state': 0, 'vitals-state': 0, 'airspace-state': 0, 'data': {'page': 'map', 'action': 'selected helipad', 'value': '21'}}
INFO:root:1723038265.438627,ID:1015,STAGE:2,SEQUENCE:1234,DATA:{'time': 1723038265.435, 'user-id': '1015', 'source': 'HAI Interface', 'destination-index': '3', 'study-stage': '2', 'decision-state': 0, 'vitals-state': 0, 'airspace-state': 0, 'data': {'page': 'inflight', 'action': 'displaying vitals prompt'}}
INFO:root:1723038270.494026,ID:1015,STAGE:2,SEQUENCE:1234,DATA:{'time': 1723038270.487, 'source': 'VitalsTask', 'timer': 57.193, 'data': {'sensor': 'Blood Pressure', 'action': 'capture', 'data': 'action button pressed'}}
INFO:root:1723038270.496022,ID:1015,STAGE:2,SEQUENCE:1234,DATA:{'time': 1723038270.487, 'source': 'VitalsTask', 'timer': 57.193, 'data': {'sensor': 'Blood Pressure', 'action': 'capture', 'data': 'starting sensor action'}}
INFO:root:1723038271.508501,ID:1015,STAGE:2,SEQUENCE:1234,DATA:{'time': 1723038271.5, 'source': 'VitalsTask', 'timer': 58.206, 'data': {'sensor': 'Blood Pressure', 'action': 'capture', 'data': 'sensor action complete'}}
INFO:root:1723038271.510751,ID:1015,STAGE:2,SEQUENCE:1234,DATA:{'time': 1723038271.501, 'source': 'VitalsTask', 'timer': 58.207, 'data': {'sensor': 'Blood Pressure', 'action': 'keypad open'}}
INFO:root:1723038274.121713,ID:1015,STAGE:2,SEQUENCE:1234,DATA:{'time': 1723038274.114, 'source': 'VitalsTask', 'timer': 60.82, 'data': {'sensor': 'Blood Pressure', 'action': 'keypad press', 'key': 1, 'value': 1}}
INFO:root:1723038275.082042,ID:1015,STAGE:2,SEQUENCE:1234,DATA:{'time': 1723038275.075, 'source': 'VitalsTask', 'timer': 61.781, 'data': {'sensor': 'Blood Pressure', 'action': 'keypad press', 'key': 2, 'value': 12}}
INFO:root:1723038276.340343,ID:1015,STAGE:2,SEQUENCE:1234,DATA:{'time': 1723038276.334, 'source': 'VitalsTask', 'timer': 63.04, 'data': {'sensor': 'Blood Pressure', 'action': 'keypad press', 'key': 11, 'value': 120}}
INFO:root:1723038277.573234,ID:1015,STAGE:2,SEQUENCE:1234,DATA:{'time': 1723038277.566, 'source': 'VitalsTask', 'timer': 64.272, 'data': {'sensor': 'Blood Pressure', 'action': 'keypad press', 'key': 8, 'value': 1208}}
INFO:root:1723038279.980001,ID:1015,STAGE:2,SEQUENCE:1234,DATA:{'time': 1723038279.973, 'source': 'VitalsTask', 'timer': 66.679, 'data': {'sensor': 'Blood Pressure', 'action': 'keypad press', 'key': 11, 'value': 12080}}
INFO:root:1723038280.998226,ID:1015,STAGE:2,SEQUENCE:1234,DATA:{'time': 1723038280.988, 'source': 'VitalsTask', 'timer': 67.694, 'data': {'sensor': 'Blood Pressure', 'action': 'show action buttons'}}
INFO:root:1723038280.999729,ID:1015,STAGE:2,SEQUENCE:1234,DATA:{'time': 1723038280.988, 'source': 'VitalsTask', 'timer': 67.694, 'data': {'sensor': 'Blood Pressure', 'action': 'keypad press', 'key': 10, 'value': 12080}}
INFO:root:1723038283.613471,ID:1015,STAGE:2,SEQUENCE:1234,DATA:{'time': 1723038283.608, 'source': 'VitalsTask', 'timer': 70.314, 'data': {'sensor': 'Blood Pressure', 'action': 'log', 'data': 'action button pressed'}}
INFO:root:1723038283.616074,ID:1015,STAGE:2,SEQUENCE:1234,DATA:{'time': 1723038283.609, 'source': 'VitalsTask', 'timer': 70.315, 'data': {'sensor': 'Blood Pressure', 'action': 'log', 'data': 'starting sensor action'}}
INFO:root:1723038284.631911,ID:1015,STAGE:2,SEQUENCE:1234,DATA:{'time': 1723038284.626, 'source': 'VitalsTask', 'timer': 71.332, 'data': {'sensor': 'Blood Pressure', 'action': 'log', 'data': 'sensor action complete'}}
INFO:root:1723038285.168374,ID:1015,STAGE:2,SEQUENCE:1234,DATA:{'time': 1723038285.161, 'source': 'VitalsTask', 'timer': 71.867, 'data': {'sensor': 'Blood Pressure', 'action': 'save', 'data': 'action button pressed'}}
INFO:root:1723038285.172389,ID:1015,STAGE:2,SEQUENCE:1234,DATA:{'time': 1723038285.161, 'source': 'VitalsTask', 'timer': 71.867, 'data': {'sensor': 'Blood Pressure', 'action': 'save', 'data': 'starting sensor action'}}
INFO:root:1723038286.184447,ID:1015,STAGE:2,SEQUENCE:1234,DATA:{'time': 1723038286.178, 'source': 'VitalsTask', 'timer': 72.884, 'data': {'sensor': 'Blood Pressure', 'action': 'save', 'data': 'sensor action complete'}}
INFO:root:1723038288.232413,ID:1015,STAGE:2,SEQUENCE:1234,DATA:{'time': 1723038288.227, 'source': 'VitalsTask', 'timer': 74.933, 'data': {'sensor': 'Heart Rate', 'action': 'opened sensor tab'}}
INFO:root:1723038289.716245,ID:1015,STAGE:2,SEQUENCE:1234,DATA:{'time': 1723038289.709, 'source': 'VitalsTask', 'timer': 76.415, 'data': {'sensor': 'Heart Rate', 'action': 'capture', 'data': 'action button pressed'}}
INFO:root:1723038289.720807,ID:1015,STAGE:2,SEQUENCE:1234,DATA:{'time': 1723038289.71, 'source': 'VitalsTask', 'timer': 76.416, 'data': {'sensor': 'Heart Rate', 'action': 'capture', 'data': 'starting sensor action'}}
INFO:root:1723038290.73929,ID:1015,STAGE:2,SEQUENCE:1234,DATA:{'time': 1723038290.731, 'source': 'VitalsTask', 'timer': 77.437, 'data': {'sensor': 'Heart Rate', 'action': 'capture', 'data': 'sensor action complete'}}
INFO:root:1723038290.741285,ID:1015,STAGE:2,SEQUENCE:1234,DATA:{'time': 1723038290.731, 'source': 'VitalsTask', 'timer': 77.437, 'data': {'sensor': 'Heart Rate', 'action': 'keypad open'}}
INFO:root:1723038293.297911,ID:1015,STAGE:2,SEQUENCE:1234,DATA:{'time': 1723038293.291, 'source': 'VitalsTask', 'timer': 79.997, 'data': {'sensor': 'Heart Rate', 'action': 'keypad press', 'key': 5, 'value': 5}}
INFO:root:1723038293.793272,ID:1015,STAGE:2,SEQUENCE:1234,DATA:{'time': 1723038293.782, 'source': 'VitalsTask', 'timer': 80.488, 'data': {'sensor': 'Heart Rate', 'action': 'keypad press', 'key': 5, 'value': 55}}
INFO:root:1723038294.884121,ID:1015,STAGE:2,SEQUENCE:1234,DATA:{'time': 1723038294.876, 'source': 'VitalsTask', 'timer': 81.582, 'data': {'sensor': 'Heart Rate', 'action': 'show action buttons'}}
INFO:root:1723038294.886119,ID:1015,STAGE:2,SEQUENCE:1234,DATA:{'time': 1723038294.877, 'source': 'VitalsTask', 'timer': 81.583, 'data': {'sensor': 'Heart Rate', 'action': 'keypad press', 'key': 10, 'value': 55}}
INFO:root:1723038296.483993,ID:1015,STAGE:2,SEQUENCE:1234,DATA:{'time': 1723038296.476, 'source': 'VitalsTask', 'timer': 83.182, 'data': {'sensor': 'Heart Rate', 'action': 'log', 'data': 'action button pressed'}}
INFO:root:1723038296.485988,ID:1015,STAGE:2,SEQUENCE:1234,DATA:{'time': 1723038296.477, 'source': 'VitalsTask', 'timer': 83.183, 'data': {'sensor': 'Heart Rate', 'action': 'log', 'data': 'starting sensor action'}}
INFO:root:1723038297.497798,ID:1015,STAGE:2,SEQUENCE:1234,DATA:{'time': 1723038297.491, 'source': 'VitalsTask', 'timer': 84.197, 'data': {'sensor': 'Heart Rate', 'action': 'log', 'data': 'sensor action complete'}}
INFO:root:1723038298.122046,ID:1015,STAGE:2,SEQUENCE:1234,DATA:{'time': 1723038298.113, 'source': 'VitalsTask', 'timer': 84.819, 'data': {'sensor': 'Heart Rate', 'action': 'save', 'data': 'action button pressed'}}
INFO:root:1723038298.124041,ID:1015,STAGE:2,SEQUENCE:1234,DATA:{'time': 1723038298.114, 'source': 'VitalsTask', 'timer': 84.82, 'data': {'sensor': 'Heart Rate', 'action': 'save', 'data': 'starting sensor action'}}
INFO:root:1723038299.133673,ID:1015,STAGE:2,SEQUENCE:1234,DATA:{'time': 1723038299.127, 'source': 'VitalsTask', 'timer': 85.833, 'data': {'sensor': 'Heart Rate', 'action': 'save', 'data': 'sensor action complete'}}
INFO:root:1723038301.240112,ID:1015,STAGE:2,SEQUENCE:1234,DATA:{'time': 1723038301.23, 'source': 'VitalsTask', 'timer': 87.936, 'data': {'sensor': 'O\u2082 Saturation', 'action': 'opened sensor tab'}}
INFO:root:1723038302.813892,ID:1015,STAGE:2,SEQUENCE:1234,DATA:{'time': 1723038302.804, 'source': 'VitalsTask', 'timer': 89.51, 'data': {'sensor': 'O\u2082 Saturation', 'action': 'capture', 'data': 'action button pressed'}}
INFO:root:1723038302.815887,ID:1015,STAGE:2,SEQUENCE:1234,DATA:{'time': 1723038302.804, 'source': 'VitalsTask', 'timer': 89.51, 'data': {'sensor': 'O\u2082 Saturation', 'action': 'capture', 'data': 'starting sensor action'}}
INFO:root:1723038303.828212,ID:1015,STAGE:2,SEQUENCE:1234,DATA:{'time': 1723038303.82, 'source': 'VitalsTask', 'timer': 90.526, 'data': {'sensor': 'O\u2082 Saturation', 'action': 'capture', 'data': 'sensor action complete'}}
INFO:root:1723038303.830958,ID:1015,STAGE:2,SEQUENCE:1234,DATA:{'time': 1723038303.821, 'source': 'VitalsTask', 'timer': 90.527, 'data': {'sensor': 'O\u2082 Saturation', 'action': 'keypad open'}}
INFO:root:1723038304.74664,ID:1015,STAGE:2,SEQUENCE:1234,DATA:{'time': 1723038304.739, 'source': 'VitalsTask', 'timer': 91.445, 'data': {'sensor': 'O\u2082 Saturation', 'action': 'keypad press', 'key': 1, 'value': 1}}
INFO:root:1723038306.129889,ID:1015,STAGE:2,SEQUENCE:1234,DATA:{'time': 1723038306.124, 'source': 'VitalsTask', 'timer': 92.83, 'data': {'sensor': 'O\u2082 Saturation', 'action': 'keypad press', 'key': 11, 'value': 10}}
INFO:root:1723038307.082369,ID:1015,STAGE:2,SEQUENCE:1234,DATA:{'time': 1723038307.074, 'source': 'VitalsTask', 'timer': 93.78, 'data': {'sensor': 'O\u2082 Saturation', 'action': 'keypad press', 'key': 11, 'value': 100}}
INFO:root:1723038308.271149,ID:1015,STAGE:2,SEQUENCE:1234,DATA:{'time': 1723038308.259, 'source': 'VitalsTask', 'timer': 94.965, 'data': {'sensor': 'O\u2082 Saturation', 'action': 'show action buttons'}}
INFO:root:1723038308.273143,ID:1015,STAGE:2,SEQUENCE:1234,DATA:{'time': 1723038308.259, 'source': 'VitalsTask', 'timer': 94.965, 'data': {'sensor': 'O\u2082 Saturation', 'action': 'keypad press', 'key': 10, 'value': 100}}
INFO:root:1723038309.492996,ID:1015,STAGE:2,SEQUENCE:1234,DATA:{'time': 1723038309.487, 'source': 'VitalsTask', 'timer': 96.193, 'data': {'sensor': 'O\u2082 Saturation', 'action': 'log', 'data': 'action button pressed'}}
INFO:root:1723038309.494992,ID:1015,STAGE:2,SEQUENCE:1234,DATA:{'time': 1723038309.487, 'source': 'VitalsTask', 'timer': 96.193, 'data': {'sensor': 'O\u2082 Saturation', 'action': 'log', 'data': 'starting sensor action'}}
INFO:root:1723038310.506024,ID:1015,STAGE:2,SEQUENCE:1234,DATA:{'time': 1723038310.499, 'source': 'VitalsTask', 'timer': 97.205, 'data': {'sensor': 'O\u2082 Saturation', 'action': 'log', 'data': 'sensor action complete'}}
INFO:root:1723038310.918578,ID:1015,STAGE:2,SEQUENCE:1234,DATA:{'time': 1723038310.909, 'source': 'VitalsTask', 'timer': 97.615, 'data': {'sensor': 'O\u2082 Saturation', 'action': 'save', 'data': 'action button pressed'}}
INFO:root:1723038310.920573,ID:1015,STAGE:2,SEQUENCE:1234,DATA:{'time': 1723038310.909, 'source': 'VitalsTask', 'timer': 97.615, 'data': {'sensor': 'O\u2082 Saturation', 'action': 'save', 'data': 'starting sensor action'}}
INFO:root:1723038311.930604,ID:1015,STAGE:2,SEQUENCE:1234,DATA:{'time': 1723038311.924, 'source': 'VitalsTask', 'timer': 98.63, 'data': {'sensor': 'O\u2082 Saturation', 'action': 'save', 'data': 'sensor action complete'}}
INFO:root:1723038313.127758,ID:1015,STAGE:2,SEQUENCE:1234,DATA:{'time': 1723038313.121, 'source': 'VitalsTask', 'timer': 99.827, 'data': {'sensor': 'submit', 'action': 'submit'}}
INFO:root:1723038313.128756,ID:1015,STAGE:2,SEQUENCE:1234,DATA:{'time': 1723038313.121, 'source': 'VitalsTask', 'timer': 99.827, 'data': {'sensor': 'submit', 'action': 'submit', 'data': 'submit succeeded'}}
INFO:root:1723038314.389739,ID:1015,STAGE:2,SEQUENCE:1234,DATA:{'time': 1723038314.385, 'user-id': '1015', 'source': 'HAI Interface', 'destination-index': '3', 'study-stage': '2', 'decision-state': 0, 'vitals-state': 0, 'airspace-state': 0, 'data': {'page': 'inflight', 'action': 'user acknowledged vitals prompt'}}
INFO:root:1723038317.144759,ID:1015,STAGE:2,SEQUENCE:1234,DATA:{'time': 1723038317.14, 'user-id': '1015', 'source': 'HAI Interface', 'destination-index': '3', 'study-stage': '2', 'decision-state': 0, 'vitals-state': 0, 'airspace-state': 0, 'data': {'action': 'transmit button pressed'}}
INFO:root:1723038317.147751,ID:1015,STAGE:2,SEQUENCE:1234,DATA:{'time': 1723038317.141, 'user-id': '1015', 'source': 'HAI Interface', 'destination-index': '3', 'study-stage': '2', 'decision-state': 0, 'vitals-state': 0, 'airspace-state': 0, 'data': {'action': 'callsign set to: + NASXGS'}}
INFO:root:1723038317.149357,ID:1015,STAGE:2,SEQUENCE:1234,DATA:{'time': 1723038317.141, 'user-id': '1015', 'source': 'HAI Interface', 'destination-index': '3', 'study-stage': '2', 'decision-state': 0, 'vitals-state': 0, 'airspace-state': 0, 'data': {'action': 'radio set to:Comm1'}}
INFO:root:1723038317.153854,ID:1015,STAGE:2,SEQUENCE:1234,DATA:{'time': 1723038317.141, 'user-id': '1015', 'source': 'HAI Interface', 'destination-index': '3', 'study-stage': '2', 'decision-state': 0, 'vitals-state': 0, 'airspace-state': 0, 'data': {'page': 'map', 'action': 'show map'}}
INFO:root:1723038317.158857,ID:1015,STAGE:2,SEQUENCE:1234,DATA:{'time': 1723038317.142, 'user-id': '1015', 'source': 'HAI Interface', 'destination-index': '3', 'study-stage': '2', 'decision-state': 0, 'vitals-state': 0, 'airspace-state': 0, 'data': {'page': 'map', 'action': 'selected helipad', 'value': '21'}}
INFO:root:1723038317.160855,ID:1015,STAGE:2,SEQUENCE:1234,DATA:{'time': 1723038317.147, 'user-id': '1015', 'source': 'HAI Interface', 'destination-index': '3', 'study-stage': '2', 'decision-state': 0, 'vitals-state': 0, 'airspace-state': 0, 'data': {'action': 'NASXGStransmitting updates onComm1123.45 MHz'}}
INFO:root:Inflight Radio Update asked
INFO:root:sent request to set radio update complete
INFO:root:1723038334.107209,ID:1015,STAGE:2,SEQUENCE:1234,DATA:{'time': 1723038334.102, 'user-id': '1015', 'source': 'HAI Interface', 'destination-index': '3', 'study-stage': '2', 'decision-state': 0, 'vitals-state': 0, 'airspace-state': 0, 'data': {'page': 'map', 'action': 'hide map'}}
INFO:SimConnect.SimConnect:SIM OPEN
INFO:SimConnect.SimConnect:SIM OPEN
INFO:root:1723038346.402301,ID:1015,STAGE:2,SEQUENCE:1234,DATA:{'time': 1723038346.396, 'user-id': '1015', 'source': 'HAI Interface', 'destination-index': '3', 'study-stage': '2', 'decision-state': 0, 'vitals-state': 0, 'airspace-state': 0, 'data': {'page': 'map', 'action': 'show map'}}
INFO:root:1723038346.405293,ID:1015,STAGE:2,SEQUENCE:1234,DATA:{'time': 1723038346.397, 'user-id': '1015', 'source': 'HAI Interface', 'destination-index': '3', 'study-stage': '2', 'decision-state': 0, 'vitals-state': 0, 'airspace-state': 0, 'data': {'page': 'map', 'action': 'selected helipad', 'value': '21'}}
INFO:root:1723038364.476284,ID:1015,STAGE:2,SEQUENCE:1234,DATA:{'time': 1723038364.468, 'user-id': '1015', 'source': 'HAI Interface', 'destination-index': '3', 'study-stage': '2', 'decision-state': 0, 'vitals-state': 0, 'airspace-state': 0, 'data': {'page': 'inflight', 'action': 'displaying vitals prompt'}}
INFO:root:1723038369.733921,ID:1015,STAGE:2,SEQUENCE:1234,DATA:{'time': 1723038369.727, 'source': 'VitalsTask', 'timer': 56.606, 'data': {'sensor': 'O\u2082 Saturation', 'action': 'capture', 'data': 'action button pressed'}}
INFO:root:1723038369.735917,ID:1015,STAGE:2,SEQUENCE:1234,DATA:{'time': 1723038369.727, 'source': 'VitalsTask', 'timer': 56.606, 'data': {'sensor': 'O\u2082 Saturation', 'action': 'capture', 'data': 'starting sensor action'}}
INFO:root:1723038370.747607,ID:1015,STAGE:2,SEQUENCE:1234,DATA:{'time': 1723038370.741, 'source': 'VitalsTask', 'timer': 57.62, 'data': {'sensor': 'O\u2082 Saturation', 'action': 'capture', 'data': 'sensor action complete'}}
INFO:root:1723038370.750371,ID:1015,STAGE:2,SEQUENCE:1234,DATA:{'time': 1723038370.742, 'source': 'VitalsTask', 'timer': 57.621, 'data': {'sensor': 'O\u2082 Saturation', 'action': 'keypad open'}}
INFO:root:1723038374.3251,ID:1015,STAGE:2,SEQUENCE:1234,DATA:{'time': 1723038374.319, 'source': 'VitalsTask', 'timer': 61.198, 'data': {'sensor': 'O\u2082 Saturation', 'action': 'keypad press', 'key': 1, 'value': 1}}
INFO:root:1723038375.313406,ID:1015,STAGE:2,SEQUENCE:1234,DATA:{'time': 1723038375.306, 'source': 'VitalsTask', 'timer': 62.185, 'data': {'sensor': 'O\u2082 Saturation', 'action': 'keypad press', 'key': 11, 'value': 10}}
INFO:root:1723038376.284212,ID:1015,STAGE:2,SEQUENCE:1234,DATA:{'time': 1723038376.275, 'source': 'VitalsTask', 'timer': 63.154, 'data': {'sensor': 'O\u2082 Saturation', 'action': 'keypad press', 'key': 11, 'value': 100}}
INFO:root:1723038377.538324,ID:1015,STAGE:2,SEQUENCE:1234,DATA:{'time': 1723038377.53, 'source': 'VitalsTask', 'timer': 64.409, 'data': {'sensor': 'O\u2082 Saturation', 'action': 'show action buttons'}}
INFO:root:1723038377.54331,ID:1015,STAGE:2,SEQUENCE:1234,DATA:{'time': 1723038377.531, 'source': 'VitalsTask', 'timer': 64.41, 'data': {'sensor': 'O\u2082 Saturation', 'action': 'keypad press', 'key': 10, 'value': 100}}
INFO:root:1723038379.868399,ID:1015,STAGE:2,SEQUENCE:1234,DATA:{'time': 1723038379.86, 'source': 'VitalsTask', 'timer': 66.739, 'data': {'sensor': 'O\u2082 Saturation', 'action': 'log', 'data': 'action button pressed'}}
INFO:root:1723038379.872388,ID:1015,STAGE:2,SEQUENCE:1234,DATA:{'time': 1723038379.861, 'source': 'VitalsTask', 'timer': 66.74, 'data': {'sensor': 'O\u2082 Saturation', 'action': 'log', 'data': 'starting sensor action'}}
INFO:root:1723038380.890108,ID:1015,STAGE:2,SEQUENCE:1234,DATA:{'time': 1723038380.88, 'source': 'VitalsTask', 'timer': 67.759, 'data': {'sensor': 'O\u2082 Saturation', 'action': 'log', 'data': 'sensor action complete'}}
INFO:root:1723038381.50803,ID:1015,STAGE:2,SEQUENCE:1234,DATA:{'time': 1723038381.5, 'source': 'VitalsTask', 'timer': 68.379, 'data': {'sensor': 'O\u2082 Saturation', 'action': 'save', 'data': 'action button pressed'}}
INFO:root:1723038381.51083,ID:1015,STAGE:2,SEQUENCE:1234,DATA:{'time': 1723038381.501, 'source': 'VitalsTask', 'timer': 68.38, 'data': {'sensor': 'O\u2082 Saturation', 'action': 'save', 'data': 'starting sensor action'}}
INFO:root:1723038382.543965,ID:1015,STAGE:2,SEQUENCE:1234,DATA:{'time': 1723038382.522, 'source': 'VitalsTask', 'timer': 69.401, 'data': {'sensor': 'O\u2082 Saturation', 'action': 'save', 'data': 'sensor action complete'}}
INFO:root:1723038383.440871,ID:1015,STAGE:2,SEQUENCE:1234,DATA:{'time': 1723038383.434, 'source': 'VitalsTask', 'timer': 70.313, 'data': {'sensor': 'Heart Rate', 'action': 'opened sensor tab'}}
INFO:root:1723038385.077735,ID:1015,STAGE:2,SEQUENCE:1234,DATA:{'time': 1723038385.07, 'source': 'VitalsTask', 'timer': 71.949, 'data': {'sensor': 'Heart Rate', 'action': 'capture', 'data': 'action button pressed'}}
INFO:root:1723038385.079019,ID:1015,STAGE:2,SEQUENCE:1234,DATA:{'time': 1723038385.07, 'source': 'VitalsTask', 'timer': 71.949, 'data': {'sensor': 'Heart Rate', 'action': 'capture', 'data': 'starting sensor action'}}
INFO:root:1723038386.088939,ID:1015,STAGE:2,SEQUENCE:1234,DATA:{'time': 1723038386.081, 'source': 'VitalsTask', 'timer': 72.96, 'data': {'sensor': 'Heart Rate', 'action': 'capture', 'data': 'sensor action complete'}}
INFO:root:1723038386.091168,ID:1015,STAGE:2,SEQUENCE:1234,DATA:{'time': 1723038386.082, 'source': 'VitalsTask', 'timer': 72.961, 'data': {'sensor': 'Heart Rate', 'action': 'keypad open'}}
INFO:root:1723038389.344899,ID:1015,STAGE:2,SEQUENCE:1234,DATA:{'time': 1723038389.337, 'source': 'VitalsTask', 'timer': 76.216, 'data': {'sensor': 'Heart Rate', 'action': 'keypad press', 'key': 5, 'value': 5}}
INFO:root:1723038390.641918,ID:1015,STAGE:2,SEQUENCE:1234,DATA:{'time': 1723038390.634, 'source': 'VitalsTask', 'timer': 77.513, 'data': {'sensor': 'Heart Rate', 'action': 'keypad press', 'key': 5, 'value': 55}}
INFO:root:1723038392.045181,ID:1015,STAGE:2,SEQUENCE:1234,DATA:{'time': 1723038392.037, 'source': 'VitalsTask', 'timer': 78.916, 'data': {'sensor': 'Heart Rate', 'action': 'show action buttons'}}
INFO:root:1723038392.048685,ID:1015,STAGE:2,SEQUENCE:1234,DATA:{'time': 1723038392.038, 'source': 'VitalsTask', 'timer': 78.917, 'data': {'sensor': 'Heart Rate', 'action': 'keypad press', 'key': 10, 'value': 55}}
INFO:root:1723038393.544271,ID:1015,STAGE:2,SEQUENCE:1234,DATA:{'time': 1723038393.537, 'source': 'VitalsTask', 'timer': 80.416, 'data': {'sensor': 'Heart Rate', 'action': 'log', 'data': 'action button pressed'}}
INFO:root:1723038393.548264,ID:1015,STAGE:2,SEQUENCE:1234,DATA:{'time': 1723038393.537, 'source': 'VitalsTask', 'timer': 80.416, 'data': {'sensor': 'Heart Rate', 'action': 'log', 'data': 'starting sensor action'}}
INFO:root:1723038394.557409,ID:1015,STAGE:2,SEQUENCE:1234,DATA:{'time': 1723038394.55, 'source': 'VitalsTask', 'timer': 81.429, 'data': {'sensor': 'Heart Rate', 'action': 'log', 'data': 'sensor action complete'}}
INFO:root:1723038395.18691,ID:1015,STAGE:2,SEQUENCE:1234,DATA:{'time': 1723038395.177, 'source': 'VitalsTask', 'timer': 82.056, 'data': {'sensor': 'Heart Rate', 'action': 'save', 'data': 'action button pressed'}}
INFO:root:1723038395.1909,ID:1015,STAGE:2,SEQUENCE:1234,DATA:{'time': 1723038395.178, 'source': 'VitalsTask', 'timer': 82.057, 'data': {'sensor': 'Heart Rate', 'action': 'save', 'data': 'starting sensor action'}}
INFO:root:1723038396.201956,ID:1015,STAGE:2,SEQUENCE:1234,DATA:{'time': 1723038396.194, 'source': 'VitalsTask', 'timer': 83.073, 'data': {'sensor': 'Heart Rate', 'action': 'save', 'data': 'sensor action complete'}}
INFO:root:1723038397.244708,ID:1015,STAGE:2,SEQUENCE:1234,DATA:{'time': 1723038397.237, 'source': 'VitalsTask', 'timer': 84.116, 'data': {'sensor': 'Blood Pressure', 'action': 'opened sensor tab'}}
INFO:root:1723038398.885136,ID:1015,STAGE:2,SEQUENCE:1234,DATA:{'time': 1723038398.873, 'source': 'VitalsTask', 'timer': 85.752, 'data': {'sensor': 'Blood Pressure', 'action': 'capture', 'data': 'action button pressed'}}
INFO:root:1723038398.887638,ID:1015,STAGE:2,SEQUENCE:1234,DATA:{'time': 1723038398.874, 'source': 'VitalsTask', 'timer': 85.753, 'data': {'sensor': 'Blood Pressure', 'action': 'capture', 'data': 'starting sensor action'}}
INFO:root:1723038399.900998,ID:1015,STAGE:2,SEQUENCE:1234,DATA:{'time': 1723038399.894, 'source': 'VitalsTask', 'timer': 86.773, 'data': {'sensor': 'Blood Pressure', 'action': 'capture', 'data': 'sensor action complete'}}
INFO:root:1723038399.904988,ID:1015,STAGE:2,SEQUENCE:1234,DATA:{'time': 1723038399.894, 'source': 'VitalsTask', 'timer': 86.773, 'data': {'sensor': 'Blood Pressure', 'action': 'keypad open'}}
INFO:root:1723038401.405794,ID:1015,STAGE:2,SEQUENCE:1234,DATA:{'time': 1723038401.398, 'source': 'VitalsTask', 'timer': 88.277, 'data': {'sensor': 'Blood Pressure', 'action': 'keypad press', 'key': 1, 'value': 1}}
INFO:root:1723038402.214307,ID:1015,STAGE:2,SEQUENCE:1234,DATA:{'time': 1723038402.202, 'source': 'VitalsTask', 'timer': 89.081, 'data': {'sensor': 'Blood Pressure', 'action': 'keypad press', 'key': 2, 'value': 12}}
INFO:root:1723038403.58245,ID:1015,STAGE:2,SEQUENCE:1234,DATA:{'time': 1723038403.572, 'source': 'VitalsTask', 'timer': 90.451, 'data': {'sensor': 'Blood Pressure', 'action': 'keypad press', 'key': 11, 'value': 120}}
INFO:root:1723038405.599816,ID:1015,STAGE:2,SEQUENCE:1234,DATA:{'time': 1723038405.59, 'source': 'VitalsTask', 'timer': 92.469, 'data': {'sensor': 'Blood Pressure', 'action': 'keypad press', 'key': 8, 'value': 1208}}
INFO:root:1723038406.758231,ID:1015,STAGE:2,SEQUENCE:1234,DATA:{'time': 1723038406.75, 'source': 'VitalsTask', 'timer': 93.629, 'data': {'sensor': 'Blood Pressure', 'action': 'keypad press', 'key': 11, 'value': 12080}}
INFO:root:1723038408.008815,ID:1015,STAGE:2,SEQUENCE:1234,DATA:{'time': 1723038408.002, 'source': 'VitalsTask', 'timer': 94.881, 'data': {'sensor': 'Blood Pressure', 'action': 'show action buttons'}}
INFO:root:1723038408.010814,ID:1015,STAGE:2,SEQUENCE:1234,DATA:{'time': 1723038408.002, 'source': 'VitalsTask', 'timer': 94.881, 'data': {'sensor': 'Blood Pressure', 'action': 'keypad press', 'key': 10, 'value': 12080}}
INFO:root:1723038410.307213,ID:1015,STAGE:2,SEQUENCE:1234,DATA:{'time': 1723038410.297, 'source': 'VitalsTask', 'timer': 97.176, 'data': {'sensor': 'Blood Pressure', 'action': 'log', 'data': 'action button pressed'}}
INFO:root:1723038410.310166,ID:1015,STAGE:2,SEQUENCE:1234,DATA:{'time': 1723038410.297, 'source': 'VitalsTask', 'timer': 97.176, 'data': {'sensor': 'Blood Pressure', 'action': 'log', 'data': 'starting sensor action'}}
INFO:root:1723038411.319212,ID:1015,STAGE:2,SEQUENCE:1234,DATA:{'time': 1723038411.312, 'source': 'VitalsTask', 'timer': 98.191, 'data': {'sensor': 'Blood Pressure', 'action': 'log', 'data': 'sensor action complete'}}
INFO:root:1723038411.55747,ID:1015,STAGE:2,SEQUENCE:1234,DATA:{'time': 1723038411.55, 'source': 'VitalsTask', 'timer': 98.429, 'data': {'sensor': 'Blood Pressure', 'action': 'save', 'data': 'action button pressed'}}
INFO:root:1723038411.562351,ID:1015,STAGE:2,SEQUENCE:1234,DATA:{'time': 1723038411.55, 'source': 'VitalsTask', 'timer': 98.429, 'data': {'sensor': 'Blood Pressure', 'action': 'save', 'data': 'starting sensor action'}}
INFO:root:1723038412.573423,ID:1015,STAGE:2,SEQUENCE:1234,DATA:{'time': 1723038412.564, 'source': 'VitalsTask', 'timer': 99.443, 'data': {'sensor': 'Blood Pressure', 'action': 'save', 'data': 'sensor action complete'}}
INFO:root:1723038413.296567,ID:1015,STAGE:2,SEQUENCE:1234,DATA:{'time': 1723038413.284, 'source': 'VitalsTask', 'timer': 100.163, 'data': {'sensor': 'submit', 'action': 'submit'}}
INFO:root:1723038413.298562,ID:1015,STAGE:2,SEQUENCE:1234,DATA:{'time': 1723038413.284, 'source': 'VitalsTask', 'timer': 100.163, 'data': {'sensor': 'submit', 'action': 'submit', 'data': 'submit succeeded'}}
INFO:root:1723038417.467068,ID:1015,STAGE:2,SEQUENCE:1234,DATA:{'time': 1723038417.459, 'source': 'VitalsTask', 'timer': 4.174, 'data': {'sensor': 'submit', 'action': 'submit'}}
INFO:root:1723038417.469567,ID:1015,STAGE:2,SEQUENCE:1234,DATA:{'time': 1723038417.46, 'source': 'VitalsTask', 'timer': 4.175, 'data': {'sensor': 'submit', 'action': 'submit', 'data': 'submit failed incomplete vitals checklist'}}
INFO:root:1723038419.298726,ID:1015,STAGE:2,SEQUENCE:1234,DATA:{'time': 1723038419.294, 'user-id': '1015', 'source': 'HAI Interface', 'destination-index': '3', 'study-stage': '2', 'decision-state': 0, 'vitals-state': '1', 'airspace-state': 0, 'data': {'page': 'inflight', 'action': 'user acknowledged vitals prompt'}}
INFO:root:1723038420.398659,ID:1015,STAGE:2,SEQUENCE:1234,DATA:{'time': 1723038420.394, 'user-id': '1015', 'source': 'HAI Interface', 'destination-index': '3', 'study-stage': '2', 'decision-state': 0, 'vitals-state': '1', 'airspace-state': 0, 'data': {'action': 'receive button pressed'}}
INFO:root:1723038420.402647,ID:1015,STAGE:2,SEQUENCE:1234,DATA:{'time': 1723038420.395, 'user-id': '1015', 'source': 'HAI Interface', 'destination-index': '3', 'study-stage': '2', 'decision-state': 0, 'vitals-state': '1', 'airspace-state': 0, 'data': {'action': 'callsign set to:[object Object]'}}
INFO:root:1723038433.374319,ID:1015,STAGE:2,SEQUENCE:1234,DATA:{'time': 1723038433.368, 'user-id': '1015', 'source': 'HAI Interface', 'destination-index': '3', 'study-stage': '2', 'decision-state': 0, 'vitals-state': '1', 'airspace-state': 0, 'data': {'action': 'receive button pressed'}}
INFO:root:1723038433.377311,ID:1015,STAGE:2,SEQUENCE:1234,DATA:{'time': 1723038433.368, 'user-id': '1015', 'source': 'HAI Interface', 'destination-index': '3', 'study-stage': '2', 'decision-state': 0, 'vitals-state': '1', 'airspace-state': 0, 'data': {'action': 'callsign set to:[object Object]'}}
INFO:root:1723038433.378819,ID:1015,STAGE:2,SEQUENCE:1234,DATA:{'time': 1723038433.369, 'user-id': '1015', 'source': 'HAI Interface', 'destination-index': '3', 'study-stage': '2', 'decision-state': 0, 'vitals-state': '1', 'airspace-state': 0, 'data': {'action': 'radio set to:Comm2'}}
INFO:root:1723038433.383942,ID:1015,STAGE:2,SEQUENCE:1234,DATA:{'time': 1723038433.373, 'user-id': '1015', 'source': 'HAI Interface', 'destination-index': '3', 'study-stage': '2', 'decision-state': 0, 'vitals-state': '1', 'airspace-state': 0, 'data': {'action': 'MEDEVACtransmitting onComm2123.45 MHz'}}
INFO:root:Administer medication radio comm initiated
INFO:root:Administer medication radio comm done- command to clear event  make the receive 0 sent 
INFO:root:1723038491.236388,ID:1015,STAGE:2,SEQUENCE:1234,DATA:{'time': 1723038491.232, 'user-id': '1015', 'source': 'HAI Interface', 'destination-index': '3', 'study-stage': '2', 'decision-state': 0, 'vitals-state': '1', 'airspace-state': 0, 'data': {'action': 'receive button pressed'}}
INFO:root:1723038491.238295,ID:1015,STAGE:2,SEQUENCE:1234,DATA:{'time': 1723038491.233, 'user-id': '1015', 'source': 'HAI Interface', 'destination-index': '3', 'study-stage': '2', 'decision-state': 0, 'vitals-state': '1', 'airspace-state': 0, 'data': {'action': 'callsign set to:[object Object]'}}
INFO:root:1723038491.240801,ID:1015,STAGE:2,SEQUENCE:1234,DATA:{'time': 1723038491.233, 'user-id': '1015', 'source': 'HAI Interface', 'destination-index': '3', 'study-stage': '2', 'decision-state': 0, 'vitals-state': '1', 'airspace-state': 0, 'data': {'action': 'radio set to:Comm2'}}
INFO:root:1723038491.244308,ID:1015,STAGE:2,SEQUENCE:1234,DATA:{'time': 1723038491.237, 'user-id': '1015', 'source': 'HAI Interface', 'destination-index': '3', 'study-stage': '2', 'decision-state': 0, 'vitals-state': '1', 'airspace-state': 0, 'data': {'action': 'MEDEVACtransmitting onComm2123.45 MHz'}}
INFO:root:Administer medication radio comm initiated
INFO:root:Administer medication radio comm done- command to clear event  make the receive 0 sent 
INFO:root:1723038536.749348,ID:1015,STAGE:2,SEQUENCE:1234,DATA:{'time': 1723038536.738, 'source': 'VitalsTask', 'timer': 123.453, 'data': {'sensor': 'Blood Pressure', 'action': 'capture', 'data': 'action button pressed'}}
INFO:root:1723038536.75234,ID:1015,STAGE:2,SEQUENCE:1234,DATA:{'time': 1723038536.738, 'source': 'VitalsTask', 'timer': 123.453, 'data': {'sensor': 'Blood Pressure', 'action': 'capture', 'data': 'starting sensor action'}}
INFO:root:1723038537.766605,ID:1015,STAGE:2,SEQUENCE:1234,DATA:{'time': 1723038537.757, 'source': 'VitalsTask', 'timer': 124.472, 'data': {'sensor': 'Blood Pressure', 'action': 'capture', 'data': 'sensor action complete'}}
INFO:root:1723038537.767602,ID:1015,STAGE:2,SEQUENCE:1234,DATA:{'time': 1723038537.757, 'source': 'VitalsTask', 'timer': 124.472, 'data': {'sensor': 'Blood Pressure', 'action': 'keypad open'}}
INFO:root:1723038540.926281,ID:1015,STAGE:2,SEQUENCE:1234,DATA:{'time': 1723038540.919, 'source': 'VitalsTask', 'timer': 127.634, 'data': {'sensor': 'Blood Pressure', 'action': 'keypad press', 'key': 2, 'value': 2}}
INFO:root:1723038541.832736,ID:1015,STAGE:2,SEQUENCE:1234,DATA:{'time': 1723038541.823, 'source': 'VitalsTask', 'timer': 128.538, 'data': {'sensor': 'Blood Pressure', 'action': 'keypad press', 'key': 3, 'value': 23}}
INFO:root:1723038543.023364,ID:1015,STAGE:2,SEQUENCE:1234,DATA:{'time': 1723038543.013, 'source': 'VitalsTask', 'timer': 129.728, 'data': {'sensor': 'Blood Pressure', 'action': 'keypad press', 'key': 6, 'value': 236}}
INFO:root:1723038545.405356,ID:1015,STAGE:2,SEQUENCE:1234,DATA:{'time': 1723038545.397, 'source': 'VitalsTask', 'timer': 132.112, 'data': {'sensor': 'Blood Pressure', 'action': 'keypad press', 'key': 1, 'value': 2361}}
INFO:root:1723038546.700702,ID:1015,STAGE:2,SEQUENCE:1234,DATA:{'time': 1723038546.693, 'source': 'VitalsTask', 'timer': 133.408, 'data': {'sensor': 'Blood Pressure', 'action': 'keypad press', 'key': 9, 'value': 23619}}
INFO:root:1723038547.853289,ID:1015,STAGE:2,SEQUENCE:1234,DATA:{'time': 1723038547.845, 'source': 'VitalsTask', 'timer': 134.56, 'data': {'sensor': 'Blood Pressure', 'action': 'keypad press', 'key': 6, 'value': 236196}}
INFO:root:1723038549.288813,ID:1015,STAGE:2,SEQUENCE:1234,DATA:{'time': 1723038549.281, 'source': 'VitalsTask', 'timer': 135.996, 'data': {'sensor': 'Blood Pressure', 'action': 'show action buttons'}}
INFO:root:1723038549.291804,ID:1015,STAGE:2,SEQUENCE:1234,DATA:{'time': 1723038549.281, 'source': 'VitalsTask', 'timer': 135.996, 'data': {'sensor': 'Blood Pressure', 'action': 'keypad press', 'key': 10, 'value': 236196}}
INFO:root:1723038565.214781,ID:1015,STAGE:2,SEQUENCE:1234,DATA:{'time': 1723038565.206, 'source': 'VitalsTask', 'timer': 151.921, 'data': {'sensor': 'Blood Pressure', 'action': 'log', 'data': 'action button pressed'}}
INFO:root:1723038565.21767,ID:1015,STAGE:2,SEQUENCE:1234,DATA:{'time': 1723038565.207, 'source': 'VitalsTask', 'timer': 151.922, 'data': {'sensor': 'Blood Pressure', 'action': 'log', 'data': 'starting sensor action'}}
INFO:root:1723038566.233587,ID:1015,STAGE:2,SEQUENCE:1234,DATA:{'time': 1723038566.226, 'source': 'VitalsTask', 'timer': 152.941, 'data': {'sensor': 'Blood Pressure', 'action': 'log', 'data': 'sensor action complete'}}
INFO:root:1723038568.946559,ID:1015,STAGE:2,SEQUENCE:1234,DATA:{'time': 1723038568.939, 'source': 'VitalsTask', 'timer': 155.654, 'data': {'sensor': 'Blood Pressure', 'action': 'save', 'data': 'action button pressed'}}
INFO:root:1723038568.948062,ID:1015,STAGE:2,SEQUENCE:1234,DATA:{'time': 1723038568.94, 'source': 'VitalsTask', 'timer': 155.655, 'data': {'sensor': 'Blood Pressure', 'action': 'save', 'data': 'starting sensor action'}}
INFO:root:1723038569.96427,ID:1015,STAGE:2,SEQUENCE:1234,DATA:{'time': 1723038569.956, 'source': 'VitalsTask', 'timer': 156.671, 'data': {'sensor': 'Blood Pressure', 'action': 'save', 'data': 'sensor action complete'}}
INFO:root:1723038574.104317,ID:1015,STAGE:2,SEQUENCE:1234,DATA:{'time': 1723038574.087, 'user-id': 'none', 'source': 'HAI Interface', 'destination-index': 3, 'study-stage': -1, 'decision-state': 0, 'vitals-state': 0, 'airspace-state': 0, 'data': {'page': 'checklist', 'action': 'opened page', 'inflight': True}}
INFO:root:1723038575.566133,ID:1015,STAGE:2,SEQUENCE:1234,DATA:{'time': 1723038575.562, 'user-id': '1015', 'source': 'HAI Interface', 'destination-index': '3', 'study-stage': '2', 'decision-state': 0, 'vitals-state': '1', 'airspace-state': 0, 'data': {'page': 'map', 'action': 'selected helipad', 'value': '21'}}
INFO:root:1723038576.362269,ID:1015,STAGE:2,SEQUENCE:1234,DATA:{'time': 1723038576.358, 'user-id': '1015', 'source': 'HAI Interface', 'destination-index': '3', 'study-stage': '2', 'decision-state': 0, 'vitals-state': '1', 'airspace-state': 0, 'data': {'page': 'checklist', 'action': 'toggled checkbox', 'inflight': True, 'item': 1, 'value': 'OFF'}}
INFO:root:1723038576.969801,ID:1015,STAGE:2,SEQUENCE:1234,DATA:{'time': 1723038576.967, 'user-id': '1015', 'source': 'HAI Interface', 'destination-index': '3', 'study-stage': '2', 'decision-state': 0, 'vitals-state': '1', 'airspace-state': 0, 'data': {'page': 'checklist', 'action': 'toggled checkbox', 'inflight': True, 'item': 0, 'value': 'OFF'}}
INFO:root:1723038577.500536,ID:1015,STAGE:2,SEQUENCE:1234,DATA:{'time': 1723038577.496, 'user-id': '1015', 'source': 'HAI Interface', 'destination-index': '3', 'study-stage': '2', 'decision-state': 0, 'vitals-state': '1', 'airspace-state': 0, 'data': {'page': 'checklist', 'action': 'toggled checkbox', 'inflight': True, 'item': 2, 'value': 'OFF'}}
INFO:root:1723038577.501734,ID:1015,STAGE:2,SEQUENCE:1234,DATA:{'time': 1723038577.497, 'user-id': '1015', 'source': 'HAI Interface', 'destination-index': '3', 'study-stage': '2', 'decision-state': 0, 'vitals-state': '1', 'airspace-state': 0, 'data': {'page': 'checklist', 'action': 'showing confirm button', 'inflight': True}}
INFO:root:1723038578.043997,ID:1015,STAGE:2,SEQUENCE:1234,DATA:{'time': 1723038578.037, 'user-id': '1015', 'source': 'HAI Interface', 'destination-index': '3', 'study-stage': '2', 'decision-state': 0, 'vitals-state': '1', 'airspace-state': 0, 'data': {'page': 'checklist', 'action': 'confirm button clicked', 'inflight': True}}
INFO:root:1723038578.330573,ID:1015,STAGE:2,SEQUENCE:1234,DATA:{'time': 1723038578.32, 'user-id': 'none', 'source': 'HAI Interface', 'destination-index': 3, 'study-stage': -1, 'decision-state': 0, 'vitals-state': 0, 'airspace-state': 0, 'data': {'page': 'landing-confirmation', 'action': 'opened page'}}
INFO:root:1723038578.334134,ID:1015,STAGE:2,SEQUENCE:1234,DATA:{'time': 1723038578.322, 'user-id': 'none', 'source': 'HAI Interface', 'destination-index': 3, 'study-stage': -1, 'decision-state': 0, 'vitals-state': 0, 'airspace-state': 0, 'data': {'page': 'landing-confirmation', 'action': 'showing helipad confirm', 'value': 1}}
INFO:root:1723038579.293746,ID:1015,STAGE:2,SEQUENCE:1234,DATA:{'time': 1723038579.29, 'user-id': '1015', 'source': 'HAI Interface', 'destination-index': '3', 'study-stage': '2', 'decision-state': 0, 'vitals-state': '1', 'airspace-state': 0, 'data': {'page': 'map', 'action': 'selected helipad', 'value': '21'}}
INFO:root:1723038579.757676,ID:1015,STAGE:2,SEQUENCE:1234,DATA:{'time': 1723038579.753, 'user-id': '1015', 'source': 'HAI Interface', 'destination-index': '3', 'study-stage': '2', 'decision-state': 0, 'vitals-state': '1', 'airspace-state': 0, 'data': {'page': 'landing-confirmation', 'action': 'checkbox toggle', 'item': 0, 'value': 'ON'}}
INFO:root:1723038580.21904,ID:1015,STAGE:2,SEQUENCE:1234,DATA:{'time': 1723038580.214, 'user-id': '1015', 'source': 'HAI Interface', 'destination-index': '3', 'study-stage': '2', 'decision-state': 0, 'vitals-state': '1', 'airspace-state': 0, 'data': {'page': 'landing-confirmation', 'action': 'checkbox toggle', 'item': 1, 'value': 'ON'}}
INFO:root:1723038580.713872,ID:1015,STAGE:2,SEQUENCE:1234,DATA:{'time': 1723038580.709, 'user-id': '1015', 'source': 'HAI Interface', 'destination-index': '3', 'study-stage': '2', 'decision-state': 0, 'vitals-state': '1', 'airspace-state': 0, 'data': {'page': 'landing-confirmation', 'action': 'confirmed safe to land'}}
INFO:root:1723038580.715865,ID:1015,STAGE:2,SEQUENCE:1234,DATA:{'time': 1723038580.71, 'user-id': '1015', 'source': 'HAI Interface', 'destination-index': '3', 'study-stage': '2', 'decision-state': 0, 'vitals-state': '1', 'airspace-state': 0, 'data': {'page': 'landing-confirmation', 'action': 'showing helipad ready'}}
INFO:root:1723038581.971419,ID:1015,STAGE:2,SEQUENCE:1234,DATA:{'time': 1723038581.967, 'user-id': '1015', 'source': 'HAI Interface', 'destination-index': '3', 'study-stage': '2', 'decision-state': 0, 'vitals-state': '1', 'airspace-state': 0, 'data': {'page': 'landing-confirmation', 'action': 'gave landing confirmation'}}
INFO:root:1723038582.097653,ID:1015,STAGE:2,SEQUENCE:1234,DATA:{'time': 1723038582.083, 'user-id': 'none', 'source': 'HAI Interface', 'destination-index': 3, 'study-stage': -1, 'decision-state': 0, 'vitals-state': 0, 'airspace-state': 0, 'data': {'page': 'landing-countdown', 'action': 'opened page'}}
INFO:root:1723038583.060503,ID:1015,STAGE:2,SEQUENCE:1234,DATA:{'time': 1723038583.057, 'user-id': '1015', 'source': 'HAI Interface', 'destination-index': '3', 'study-stage': '2', 'decision-state': '1', 'vitals-state': '1', 'airspace-state': 0, 'data': {'page': 'map', 'action': 'selected helipad', 'value': '21'}}
INFO:root:1723038583.090806,ID:1015,STAGE:2,SEQUENCE:1234,DATA:{'time': 1723038583.087, 'user-id': '1015', 'source': 'HAI Interface', 'destination-index': '3', 'study-stage': '2', 'decision-state': '1', 'vitals-state': '1', 'airspace-state': 0, 'data': {'page': 'landing-countdown', 'action': 'countdown changed', 'value': 5}}
INFO:root:1723038584.090857,ID:1015,STAGE:2,SEQUENCE:1234,DATA:{'time': 1723038584.088, 'user-id': '1015', 'source': 'HAI Interface', 'destination-index': '3', 'study-stage': '2', 'decision-state': '1', 'vitals-state': '1', 'airspace-state': 0, 'data': {'page': 'landing-countdown', 'action': 'countdown changed', 'value': 4}}
INFO:root:1723038585.092155,ID:1015,STAGE:2,SEQUENCE:1234,DATA:{'time': 1723038585.088, 'user-id': '1015', 'source': 'HAI Interface', 'destination-index': '3', 'study-stage': '2', 'decision-state': '1', 'vitals-state': '1', 'airspace-state': 0, 'data': {'page': 'landing-countdown', 'action': 'countdown changed', 'value': 3}}
INFO:root:1723038586.088782,ID:1015,STAGE:2,SEQUENCE:1234,DATA:{'time': 1723038586.084, 'user-id': '1015', 'source': 'HAI Interface', 'destination-index': '3', 'study-stage': '2', 'decision-state': '1', 'vitals-state': '1', 'airspace-state': 0, 'data': {'page': 'landing-countdown', 'action': 'countdown changed', 'value': 2}}
INFO:root:1723038587.092633,ID:1015,STAGE:2,SEQUENCE:1234,DATA:{'time': 1723038587.087, 'user-id': '1015', 'source': 'HAI Interface', 'destination-index': '3', 'study-stage': '2', 'decision-state': '1', 'vitals-state': '1', 'airspace-state': 0, 'data': {'page': 'landing-countdown', 'action': 'countdown changed', 'value': 1}}
INFO:root:1723038588.091285,ID:1015,STAGE:2,SEQUENCE:1234,DATA:{'time': 1723038588.085, 'user-id': '1015', 'source': 'HAI Interface', 'destination-index': '3', 'study-stage': '2', 'decision-state': '1', 'vitals-state': '1', 'airspace-state': 0, 'data': {'page': 'landing-countdown', 'action': 'countdown changed', 'value': 0}}
INFO:root:1723038589.089463,ID:1015,STAGE:2,SEQUENCE:1234,DATA:{'time': 1723038589.085, 'user-id': '1015', 'source': 'HAI Interface', 'destination-index': '3', 'study-stage': '2', 'decision-state': '1', 'vitals-state': '1', 'airspace-state': 0, 'data': {'page': 'landing-countdown', 'action': 'countdown complete'}}
INFO:root:1723038589.201156,ID:1015,STAGE:2,SEQUENCE:1234,DATA:{'time': 1723038589.193, 'user-id': 'none', 'source': 'HAI Interface', 'destination-index': 3, 'study-stage': -1, 'decision-state': 0, 'vitals-state': 0, 'airspace-state': 0, 'data': {'page': 'landed', 'action': 'opened page'}}
INFO:root:1723038590.179648,ID:1015,STAGE:2,SEQUENCE:1234,DATA:{'time': 1723038590.176, 'user-id': '1015', 'source': 'HAI Interface', 'destination-index': '3', 'study-stage': '2', 'decision-state': '1', 'vitals-state': '1', 'airspace-state': 0, 'data': {'page': 'map', 'action': 'selected helipad', 'value': '21'}}
INFO:SimConnect.SimConnect:SIM Paused
INFO:SimConnect.SimConnect:SIM Paused
INFO:SimConnect.SimConnect:SIM Stop
INFO:SimConnect.SimConnect:SIM Stop
INFO:SimConnect.SimConnect:SIM Paused
INFO:SimConnect.SimConnect:SIM Paused
INFO:SimConnect.SimConnect:SIM START
INFO:SimConnect.SimConnect:SIM START
INFO:SimConnect.SimConnect:SIM Unpaused
INFO:SimConnect.SimConnect:SIM Unpaused
