INFO:root:SimConnect Error in /var
INFO:SimConnect.SimConnect:SIM OPEN
INFO:root:1721861142.324314,ID:0,STAGE:1,SEQUENCE:0,DATA:{'time': 1721861142.316, 'source': 'VitalsTask', 'timer': 0.003, 'data': {'sensor': 'Heart Rate', 'action': 'opened sensor tab'}}
INFO:root:1721861142.32617,ID:0,STAGE:1,SEQUENCE:0,DATA:{'time': 1721861142.322, 'source': 'VitalsTask', 'timer': 0.009, 'data': {'sensor': 'Heart Rate', 'action': 'keypad open'}}
INFO:root:1721861142.328207,ID:0,STAGE:1,SEQUENCE:0,DATA:{'time': 1721861142.323, 'source': 'VitalsTask', 'timer': 0.01, 'data': {'sensor': 'Heart Rate', 'action': 'show action buttons'}}
INFO:root:1721861142.698413,ID:0,STAGE:1,SEQUENCE:0,DATA:{'time': 1721861142.681, 'user-id': 'none', 'source': 'HAI Interface', 'destination-index': 3, 'study-stage': -1, 'decision-state': 0, 'vitals-state': 0, 'airspace-state': 0, 'data': {'page': 'index', 'action': 'opened page'}}
INFO:root:1721861143.659481,ID:0,STAGE:1,SEQUENCE:0,DATA:{'time': 1721861143.655, 'user-id': '0', 'source': 'HAI Interface', 'destination-index': 'None', 'study-stage': 1, 'decision-state': 0, 'vitals-state': 0, 'airspace-state': 0, 'data': {'page': 'map', 'action': 'selected helipad', 'value': '21'}}
INFO:root:1721861144.91049,ID:0,STAGE:1,SEQUENCE:0,DATA:{'time': 1721861144.893, 'user-id': 'none', 'source': 'HAI Interface', 'destination-index': 3, 'study-stage': -1, 'decision-state': 0, 'vitals-state': 0, 'airspace-state': 0, 'data': {'page': 'index', 'action': 'opened page'}}
INFO:root:1721861145.863817,ID:0,STAGE:1,SEQUENCE:0,DATA:{'time': 1721861145.86, 'user-id': '0', 'source': 'HAI Interface', 'destination-index': 'None', 'study-stage': 1, 'decision-state': 0, 'vitals-state': 0, 'airspace-state': 0, 'data': {'page': 'map', 'action': 'selected helipad', 'value': '21'}}
INFO:root:1721861166.515833,ID:1008,STAGE:2,SEQUENCE:1324,DATA:{'time': 1721861166.464, 'user-id': '1008', 'source': 'HAI Interface', 'destination-index': 'None', 'study-stage': '2', 'decision-state': 0, 'vitals-state': 0, 'airspace-state': 0, 'data': {'page': 'index', 'action': 'confirm button pressed'}}
INFO:root:1721861166.667325,ID:1008,STAGE:2,SEQUENCE:1324,DATA:{'time': 1721861166.653, 'user-id': 'none', 'source': 'HAI Interface', 'destination-index': 3, 'study-stage': -1, 'decision-state': 0, 'vitals-state': 0, 'airspace-state': 0, 'data': {'page': 'location', 'action': 'opened page'}}
INFO:root:Takeoff radiocomms initiated
INFO:comtypes.client._code_cache:Imported existing <module 'comtypes.gen' from 'C:\\Users\\ae-dagbeyibor3\\AppData\\Local\\Programs\\Python\\Python312\\Lib\\site-packages\\comtypes\\gen\\__init__.py'>
INFO:comtypes.client._code_cache:Using writeable comtypes cache directory: 'C:\Users\ae-dagbeyibor3\AppData\Local\Programs\Python\Python312\Lib\site-packages\comtypes\gen'
INFO:root:1721861167.626945,ID:1008,STAGE:2,SEQUENCE:1324,DATA:{'time': 1721861167.619, 'user-id': '1008', 'source': 'HAI Interface', 'destination-index': 'None', 'study-stage': '2', 'decision-state': 0, 'vitals-state': 0, 'airspace-state': 0, 'data': {'page': 'map', 'action': 'selected helipad', 'value': '21'}}
INFO:root:1721861167.693964,ID:1008,STAGE:2,SEQUENCE:1324,DATA:{'time': 1721861167.689, 'user-id': '1008', 'source': 'HAI Interface', 'destination-index': 'None', 'study-stage': '2', 'decision-state': 0, 'vitals-state': 0, 'airspace-state': 0, 'data': {'action': 'radio panel opened'}}
INFO:root:1721861175.47363,ID:1008,STAGE:2,SEQUENCE:1324,DATA:{'time': 1721861175.468, 'user-id': '1008', 'source': 'HAI Interface', 'destination-index': 'None', 'study-stage': '2', 'decision-state': 0, 'vitals-state': 0, 'airspace-state': 0, 'data': {'page': 'location', 'action': 'confirm button pressed'}}
INFO:root:1721861175.751692,ID:1008,STAGE:2,SEQUENCE:1324,DATA:{'time': 1721861175.738, 'user-id': 'none', 'source': 'HAI Interface', 'destination-index': 3, 'study-stage': -1, 'decision-state': 0, 'vitals-state': 0, 'airspace-state': 0, 'data': {'page': 'checklist', 'action': 'opened page', 'inflight': False}}
INFO:root:1721861176.705396,ID:1008,STAGE:2,SEQUENCE:1324,DATA:{'time': 1721861176.702, 'user-id': '1008', 'source': 'HAI Interface', 'destination-index': '3', 'study-stage': '2', 'decision-state': 0, 'vitals-state': 0, 'airspace-state': 0, 'data': {'page': 'map', 'action': 'selected helipad', 'value': '21'}}
INFO:root:1721861177.39715,ID:1008,STAGE:2,SEQUENCE:1324,DATA:{'time': 1721861177.393, 'user-id': '1008', 'source': 'HAI Interface', 'destination-index': '3', 'study-stage': '2', 'decision-state': 0, 'vitals-state': 0, 'airspace-state': 0, 'data': {'page': 'checklist', 'action': 'toggled checkbox', 'inflight': False, 'item': 0, 'value': 'OFF'}}
INFO:root:1721861177.733461,ID:1008,STAGE:2,SEQUENCE:1324,DATA:{'time': 1721861177.73, 'user-id': '1008', 'source': 'HAI Interface', 'destination-index': '3', 'study-stage': '2', 'decision-state': 0, 'vitals-state': 0, 'airspace-state': 0, 'data': {'page': 'checklist', 'action': 'toggled checkbox', 'inflight': False, 'item': 1, 'value': 'OFF'}}
INFO:root:1721861178.028896,ID:1008,STAGE:2,SEQUENCE:1324,DATA:{'time': 1721861178.025, 'user-id': '1008', 'source': 'HAI Interface', 'destination-index': '3', 'study-stage': '2', 'decision-state': 0, 'vitals-state': 0, 'airspace-state': 0, 'data': {'page': 'checklist', 'action': 'toggled checkbox', 'inflight': False, 'item': 2, 'value': 'OFF'}}
INFO:root:1721861178.031531,ID:1008,STAGE:2,SEQUENCE:1324,DATA:{'time': 1721861178.026, 'user-id': '1008', 'source': 'HAI Interface', 'destination-index': '3', 'study-stage': '2', 'decision-state': 0, 'vitals-state': 0, 'airspace-state': 0, 'data': {'page': 'checklist', 'action': 'showing confirm button', 'inflight': False}}
INFO:root:1721861178.692543,ID:1008,STAGE:2,SEQUENCE:1324,DATA:{'time': 1721861178.687, 'user-id': '1008', 'source': 'HAI Interface', 'destination-index': '3', 'study-stage': '2', 'decision-state': 0, 'vitals-state': 0, 'airspace-state': 0, 'data': {'page': 'checklist', 'action': 'confirm button clicked', 'inflight': False}}
INFO:root:1721861178.832175,ID:1008,STAGE:2,SEQUENCE:1324,DATA:{'time': 1721861178.827, 'user-id': 'none', 'source': 'HAI Interface', 'destination-index': 3, 'study-stage': -1, 'decision-state': 0, 'vitals-state': 0, 'airspace-state': 0, 'data': {'page': 'countdown', 'action': 'opened page'}}
INFO:root:1721861179.794201,ID:1008,STAGE:2,SEQUENCE:1324,DATA:{'time': 1721861179.789, 'user-id': '1008', 'source': 'HAI Interface', 'destination-index': '3', 'study-stage': '2', 'decision-state': 0, 'vitals-state': 0, 'airspace-state': 0, 'data': {'page': 'map', 'action': 'selected helipad', 'value': '21'}}
INFO:root:1721861179.845089,ID:1008,STAGE:2,SEQUENCE:1324,DATA:{'time': 1721861179.839, 'user-id': '1008', 'source': 'HAI Interface', 'destination-index': '3', 'study-stage': '2', 'decision-state': 0, 'vitals-state': 0, 'airspace-state': 0, 'data': {'page': 'countdown', 'action': 'countdown now 4'}}
INFO:root:1721861180.831755,ID:1008,STAGE:2,SEQUENCE:1324,DATA:{'time': 1721861180.828, 'user-id': '1008', 'source': 'HAI Interface', 'destination-index': '3', 'study-stage': '2', 'decision-state': 0, 'vitals-state': 0, 'airspace-state': 0, 'data': {'page': 'countdown', 'action': 'countdown now 3'}}
INFO:root:1721861181.83346,ID:1008,STAGE:2,SEQUENCE:1324,DATA:{'time': 1721861181.828, 'user-id': '1008', 'source': 'HAI Interface', 'destination-index': '3', 'study-stage': '2', 'decision-state': 0, 'vitals-state': 0, 'airspace-state': 0, 'data': {'page': 'countdown', 'action': 'countdown now 2'}}
INFO:root:1721861182.842427,ID:1008,STAGE:2,SEQUENCE:1324,DATA:{'time': 1721861182.838, 'user-id': '1008', 'source': 'HAI Interface', 'destination-index': '3', 'study-stage': '2', 'decision-state': 0, 'vitals-state': 0, 'airspace-state': 0, 'data': {'page': 'countdown', 'action': 'countdown now 1'}}
INFO:root:1721861183.84287,ID:1008,STAGE:2,SEQUENCE:1324,DATA:{'time': 1721861183.839, 'user-id': '1008', 'source': 'HAI Interface', 'destination-index': '3', 'study-stage': '2', 'decision-state': 0, 'vitals-state': 0, 'airspace-state': 0, 'data': {'page': 'countdown', 'action': 'countdown now 0'}}
INFO:root:Takeoff radiocomms clear request sent
INFO:root:1721861184.835261,ID:1008,STAGE:2,SEQUENCE:1324,DATA:{'time': 1721861184.831, 'user-id': '1008', 'source': 'HAI Interface', 'destination-index': '3', 'study-stage': '2', 'decision-state': 0, 'vitals-state': 0, 'airspace-state': 0, 'data': {'page': 'countdown', 'action': 'countdown complete'}}
INFO:root:1721861186.177469,ID:1008,STAGE:2,SEQUENCE:1324,DATA:{'time': 1721861186.173, 'user-id': '1008', 'source': 'HAI Interface', 'destination-index': '3', 'study-stage': '2', 'decision-state': 0, 'vitals-state': 0, 'airspace-state': 0, 'data': {'page': 'map', 'action': 'selected helipad', 'value': '21'}}
INFO:root:1721861188.191114,ID:1008,STAGE:2,SEQUENCE:1324,DATA:{'time': 1721861188.183, 'user-id': '1008', 'source': 'HAI Interface', 'destination-index': '3', 'study-stage': '2', 'decision-state': 0, 'vitals-state': 0, 'airspace-state': 0, 'data': {'action': 'radio panel opened'}}
INFO:root:1721861192.791693,ID:1008,STAGE:2,SEQUENCE:1324,DATA:{'time': 1721861192.785, 'user-id': '1008', 'source': 'HAI Interface', 'destination-index': '3', 'study-stage': '2', 'decision-state': 0, 'vitals-state': 0, 'airspace-state': 0, 'data': {'action': 'transmit button pressed'}}
INFO:root:1721861192.79668,ID:1008,STAGE:2,SEQUENCE:1324,DATA:{'time': 1721861192.785, 'user-id': '1008', 'source': 'HAI Interface', 'destination-index': '3', 'study-stage': '2', 'decision-state': 0, 'vitals-state': 0, 'airspace-state': 0, 'data': {'action': 'callsign set to: + NASXGS'}}
INFO:root:1721861192.800727,ID:1008,STAGE:2,SEQUENCE:1324,DATA:{'time': 1721861192.785, 'user-id': '1008', 'source': 'HAI Interface', 'destination-index': '3', 'study-stage': '2', 'decision-state': 0, 'vitals-state': 0, 'airspace-state': 0, 'data': {'action': 'radio set to:Comm1'}}
INFO:root:1721861192.808827,ID:1008,STAGE:2,SEQUENCE:1324,DATA:{'time': 1721861192.786, 'user-id': '1008', 'source': 'HAI Interface', 'destination-index': '3', 'study-stage': '2', 'decision-state': 0, 'vitals-state': 0, 'airspace-state': 0, 'data': {'page': 'map', 'action': 'show map'}}
INFO:root:1721861192.810822,ID:1008,STAGE:2,SEQUENCE:1324,DATA:{'time': 1721861192.786, 'user-id': '1008', 'source': 'HAI Interface', 'destination-index': '3', 'study-stage': '2', 'decision-state': 0, 'vitals-state': 0, 'airspace-state': 0, 'data': {'page': 'map', 'action': 'selected helipad', 'value': '21'}}
INFO:root:1721861192.819313,ID:1008,STAGE:2,SEQUENCE:1324,DATA:{'time': 1721861192.795, 'user-id': '1008', 'source': 'HAI Interface', 'destination-index': '3', 'study-stage': '2', 'decision-state': 0, 'vitals-state': 0, 'airspace-state': 0, 'data': {'action': 'NASXGStransmitting updates onComm1123.45 MHz'}}
INFO:root:Inflight Radio Update asked
INFO:root:sent request to set radio update complete
INFO:root:1721861207.449881,ID:1008,STAGE:2,SEQUENCE:1324,DATA:{'time': 1721861207.445, 'user-id': '1008', 'source': 'HAI Interface', 'destination-index': '3', 'study-stage': '2', 'decision-state': 0, 'vitals-state': 0, 'airspace-state': 0, 'data': {'page': 'map', 'action': 'hide map'}}
INFO:root:1721861209.407767,ID:1008,STAGE:2,SEQUENCE:1324,DATA:{'time': 1721861209.401, 'user-id': '1008', 'source': 'HAI Interface', 'destination-index': '3', 'study-stage': '2', 'decision-state': 0, 'vitals-state': 0, 'airspace-state': 0, 'data': {'page': 'map', 'action': 'show map'}}
INFO:root:1721861209.411762,ID:1008,STAGE:2,SEQUENCE:1324,DATA:{'time': 1721861209.402, 'user-id': '1008', 'source': 'HAI Interface', 'destination-index': '3', 'study-stage': '2', 'decision-state': 0, 'vitals-state': 0, 'airspace-state': 0, 'data': {'page': 'map', 'action': 'selected helipad', 'value': '21'}}
INFO:root:1721861220.219467,ID:1008,STAGE:2,SEQUENCE:1324,DATA:{'time': 1721861220.212, 'source': 'VitalsTask', 'timer': 77.899, 'data': {'sensor': 'Heart Rate', 'action': 'capture', 'data': 'action button pressed'}}
INFO:root:1721861220.223972,ID:1008,STAGE:2,SEQUENCE:1324,DATA:{'time': 1721861220.213, 'source': 'VitalsTask', 'timer': 77.9, 'data': {'sensor': 'Heart Rate', 'action': 'capture', 'data': 'starting sensor action'}}
INFO:root:1721861221.231639,ID:1008,STAGE:2,SEQUENCE:1324,DATA:{'time': 1721861221.229, 'source': 'VitalsTask', 'timer': 78.916, 'data': {'sensor': 'Heart Rate', 'action': 'capture', 'data': 'sensor action complete'}}
INFO:root:1721861221.233639,ID:1008,STAGE:2,SEQUENCE:1324,DATA:{'time': 1721861221.229, 'source': 'VitalsTask', 'timer': 78.916, 'data': {'sensor': 'Heart Rate', 'action': 'keypad open'}}
INFO:root:1721861222.397303,ID:1008,STAGE:2,SEQUENCE:1324,DATA:{'time': 1721861222.391, 'source': 'VitalsTask', 'timer': 80.078, 'data': {'sensor': 'Heart Rate', 'action': 'keypad press', 'key': 5, 'value': 5}}
INFO:root:1721861222.668832,ID:1008,STAGE:2,SEQUENCE:1324,DATA:{'time': 1721861222.664, 'source': 'VitalsTask', 'timer': 80.351, 'data': {'sensor': 'Heart Rate', 'action': 'keypad press', 'key': 5, 'value': 55}}
INFO:root:1721861224.196154,ID:1008,STAGE:2,SEQUENCE:1324,DATA:{'time': 1721861224.192, 'source': 'VitalsTask', 'timer': 81.879, 'data': {'sensor': 'Heart Rate', 'action': 'show action buttons'}}
INFO:root:1721861224.197943,ID:1008,STAGE:2,SEQUENCE:1324,DATA:{'time': 1721861224.193, 'source': 'VitalsTask', 'timer': 81.88, 'data': {'sensor': 'Heart Rate', 'action': 'keypad press', 'key': 10, 'value': 55}}
INFO:root:1721861226.331727,ID:1008,STAGE:2,SEQUENCE:1324,DATA:{'time': 1721861226.327, 'source': 'VitalsTask', 'timer': 84.014, 'data': {'sensor': 'Heart Rate', 'action': 'log', 'data': 'action button pressed'}}
INFO:root:1721861226.334642,ID:1008,STAGE:2,SEQUENCE:1324,DATA:{'time': 1721861226.327, 'source': 'VitalsTask', 'timer': 84.014, 'data': {'sensor': 'Heart Rate', 'action': 'log', 'data': 'starting sensor action'}}
INFO:root:1721861227.352626,ID:1008,STAGE:2,SEQUENCE:1324,DATA:{'time': 1721861227.346, 'source': 'VitalsTask', 'timer': 85.033, 'data': {'sensor': 'Heart Rate', 'action': 'log', 'data': 'sensor action complete'}}
INFO:root:1721861236.244266,ID:1008,STAGE:2,SEQUENCE:1324,DATA:{'time': 1721861236.24, 'source': 'VitalsTask', 'timer': 93.927, 'data': {'sensor': 'Heart Rate', 'action': 'opened sensor tab'}}
INFO:root:1721861237.796161,ID:1008,STAGE:2,SEQUENCE:1324,DATA:{'time': 1721861237.793, 'source': 'VitalsTask', 'timer': 95.48, 'data': {'sensor': 'O\u2082 Saturation', 'action': 'opened sensor tab'}}
INFO:root:1721861238.971779,ID:1008,STAGE:2,SEQUENCE:1324,DATA:{'time': 1721861238.967, 'user-id': '1008', 'source': 'HAI Interface', 'destination-index': '3', 'study-stage': '2', 'decision-state': 0, 'vitals-state': 0, 'airspace-state': 0, 'data': {'page': 'inflight', 'action': 'displaying vitals prompt'}}
INFO:root:1721861240.995508,ID:1008,STAGE:2,SEQUENCE:1324,DATA:{'time': 1721861240.993, 'source': 'VitalsTask', 'timer': 98.68, 'data': {'sensor': 'Heart Rate', 'action': 'opened sensor tab'}}
INFO:root:1721861242.964574,ID:1008,STAGE:2,SEQUENCE:1324,DATA:{'time': 1721861242.96, 'source': 'VitalsTask', 'timer': 100.647, 'data': {'sensor': 'Heart Rate', 'action': 'save', 'data': 'action button pressed'}}
INFO:root:1721861242.967564,ID:1008,STAGE:2,SEQUENCE:1324,DATA:{'time': 1721861242.96, 'source': 'VitalsTask', 'timer': 100.647, 'data': {'sensor': 'Heart Rate', 'action': 'save', 'data': 'starting sensor action'}}
INFO:root:1721861243.991166,ID:1008,STAGE:2,SEQUENCE:1324,DATA:{'time': 1721861243.98, 'source': 'VitalsTask', 'timer': 101.667, 'data': {'sensor': 'Heart Rate', 'action': 'save', 'data': 'sensor action complete'}}
INFO:root:1721861245.196729,ID:1008,STAGE:2,SEQUENCE:1324,DATA:{'time': 1721861245.188, 'source': 'VitalsTask', 'timer': 102.875, 'data': {'sensor': 'O\u2082 Saturation', 'action': 'opened sensor tab'}}
INFO:root:1721861248.828376,ID:1008,STAGE:2,SEQUENCE:1324,DATA:{'time': 1721861248.817, 'source': 'VitalsTask', 'timer': 106.504, 'data': {'sensor': 'O\u2082 Saturation', 'action': 'capture', 'data': 'action button pressed'}}
INFO:root:1721861248.83037,ID:1008,STAGE:2,SEQUENCE:1324,DATA:{'time': 1721861248.818, 'source': 'VitalsTask', 'timer': 106.505, 'data': {'sensor': 'O\u2082 Saturation', 'action': 'capture', 'data': 'starting sensor action'}}
INFO:root:1721861249.839381,ID:1008,STAGE:2,SEQUENCE:1324,DATA:{'time': 1721861249.835, 'source': 'VitalsTask', 'timer': 107.522, 'data': {'sensor': 'O\u2082 Saturation', 'action': 'capture', 'data': 'sensor action complete'}}
INFO:root:1721861249.842709,ID:1008,STAGE:2,SEQUENCE:1324,DATA:{'time': 1721861249.835, 'source': 'VitalsTask', 'timer': 107.522, 'data': {'sensor': 'O\u2082 Saturation', 'action': 'keypad open'}}
INFO:root:1721861251.295171,ID:1008,STAGE:2,SEQUENCE:1324,DATA:{'time': 1721861251.246, 'source': 'VitalsTask', 'timer': 108.933, 'data': {'sensor': 'O\u2082 Saturation', 'action': 'keypad press', 'key': 1, 'value': 1}}
INFO:root:1721861252.433996,ID:1008,STAGE:2,SEQUENCE:1324,DATA:{'time': 1721861252.422, 'source': 'VitalsTask', 'timer': 110.109, 'data': {'sensor': 'O\u2082 Saturation', 'action': 'keypad press', 'key': 11, 'value': 10}}
INFO:root:1721861253.177417,ID:1008,STAGE:2,SEQUENCE:1324,DATA:{'time': 1721861253.171, 'source': 'VitalsTask', 'timer': 110.858, 'data': {'sensor': 'O\u2082 Saturation', 'action': 'keypad press', 'key': 11, 'value': 100}}
INFO:root:1721861254.433865,ID:1008,STAGE:2,SEQUENCE:1324,DATA:{'time': 1721861254.428, 'source': 'VitalsTask', 'timer': 112.115, 'data': {'sensor': 'O\u2082 Saturation', 'action': 'show action buttons'}}
INFO:root:1721861254.43586,ID:1008,STAGE:2,SEQUENCE:1324,DATA:{'time': 1721861254.428, 'source': 'VitalsTask', 'timer': 112.115, 'data': {'sensor': 'O\u2082 Saturation', 'action': 'keypad press', 'key': 10, 'value': 100}}
INFO:root:1721861256.686205,ID:1008,STAGE:2,SEQUENCE:1324,DATA:{'time': 1721861256.682, 'source': 'VitalsTask', 'timer': 114.369, 'data': {'sensor': 'O\u2082 Saturation', 'action': 'log', 'data': 'action button pressed'}}
INFO:root:1721861256.691197,ID:1008,STAGE:2,SEQUENCE:1324,DATA:{'time': 1721861256.683, 'source': 'VitalsTask', 'timer': 114.37, 'data': {'sensor': 'O\u2082 Saturation', 'action': 'log', 'data': 'starting sensor action'}}
INFO:root:1721861257.701207,ID:1008,STAGE:2,SEQUENCE:1324,DATA:{'time': 1721861257.698, 'source': 'VitalsTask', 'timer': 115.385, 'data': {'sensor': 'O\u2082 Saturation', 'action': 'log', 'data': 'sensor action complete'}}
INFO:root:1721861257.798441,ID:1008,STAGE:2,SEQUENCE:1324,DATA:{'time': 1721861257.793, 'source': 'VitalsTask', 'timer': 115.48, 'data': {'sensor': 'O\u2082 Saturation', 'action': 'save', 'data': 'action button pressed'}}
INFO:root:1721861257.801433,ID:1008,STAGE:2,SEQUENCE:1324,DATA:{'time': 1721861257.793, 'source': 'VitalsTask', 'timer': 115.48, 'data': {'sensor': 'O\u2082 Saturation', 'action': 'save', 'data': 'starting sensor action'}}
INFO:root:1721861258.121017,ID:1008,STAGE:2,SEQUENCE:1324,DATA:{'time': 1721861258.116, 'source': 'VitalsTask', 'timer': 115.803, 'data': {'sensor': 'O\u2082 Saturation', 'action': 'save', 'data': 'action button pressed'}}
INFO:root:1721861258.123542,ID:1008,STAGE:2,SEQUENCE:1324,DATA:{'time': 1721861258.116, 'source': 'VitalsTask', 'timer': 115.803, 'data': {'sensor': 'O\u2082 Saturation', 'action': 'save', 'data': 'a sensor action is in progress, cancelling'}}
INFO:root:1721861258.809656,ID:1008,STAGE:2,SEQUENCE:1324,DATA:{'time': 1721861258.805, 'source': 'VitalsTask', 'timer': 116.492, 'data': {'sensor': 'O\u2082 Saturation', 'action': 'save', 'data': 'sensor action complete'}}
INFO:root:1721861259.436708,ID:1008,STAGE:2,SEQUENCE:1324,DATA:{'time': 1721861259.429, 'source': 'VitalsTask', 'timer': 117.116, 'data': {'sensor': 'Blood Pressure', 'action': 'opened sensor tab'}}
INFO:root:1721861261.147289,ID:1008,STAGE:2,SEQUENCE:1324,DATA:{'time': 1721861261.143, 'source': 'VitalsTask', 'timer': 118.83, 'data': {'sensor': 'Blood Pressure', 'action': 'capture', 'data': 'action button pressed'}}
INFO:root:1721861261.149789,ID:1008,STAGE:2,SEQUENCE:1324,DATA:{'time': 1721861261.143, 'source': 'VitalsTask', 'timer': 118.83, 'data': {'sensor': 'Blood Pressure', 'action': 'capture', 'data': 'starting sensor action'}}
INFO:root:1721861262.162199,ID:1008,STAGE:2,SEQUENCE:1324,DATA:{'time': 1721861262.158, 'source': 'VitalsTask', 'timer': 119.845, 'data': {'sensor': 'Blood Pressure', 'action': 'capture', 'data': 'sensor action complete'}}
INFO:root:1721861262.169023,ID:1008,STAGE:2,SEQUENCE:1324,DATA:{'time': 1721861262.158, 'source': 'VitalsTask', 'timer': 119.845, 'data': {'sensor': 'Blood Pressure', 'action': 'keypad open'}}
INFO:root:1721861263.984644,ID:1008,STAGE:2,SEQUENCE:1324,DATA:{'time': 1721861263.979, 'source': 'VitalsTask', 'timer': 121.666, 'data': {'sensor': 'Blood Pressure', 'action': 'keypad press', 'key': 2, 'value': 2}}
INFO:root:1721861266.382336,ID:1008,STAGE:2,SEQUENCE:1324,DATA:{'time': 1721861266.378, 'source': 'VitalsTask', 'timer': 124.065, 'data': {'sensor': 'Blood Pressure', 'action': 'keypad press', 'key': 12, 'value': 0}}
INFO:root:1721861267.382551,ID:1008,STAGE:2,SEQUENCE:1324,DATA:{'time': 1721861267.378, 'source': 'VitalsTask', 'timer': 125.065, 'data': {'sensor': 'Blood Pressure', 'action': 'keypad press', 'key': 1, 'value': 1}}
INFO:root:1721861268.402884,ID:1008,STAGE:2,SEQUENCE:1324,DATA:{'time': 1721861268.399, 'source': 'VitalsTask', 'timer': 126.086, 'data': {'sensor': 'Blood Pressure', 'action': 'keypad press', 'key': 2, 'value': 12}}
INFO:root:1721861269.867486,ID:1008,STAGE:2,SEQUENCE:1324,DATA:{'time': 1721861269.865, 'source': 'VitalsTask', 'timer': 127.552, 'data': {'sensor': 'Blood Pressure', 'action': 'keypad press', 'key': 11, 'value': 120}}
INFO:root:1721861270.491449,ID:1008,STAGE:2,SEQUENCE:1324,DATA:{'time': 1721861270.485, 'source': 'VitalsTask', 'timer': 128.172, 'data': {'sensor': 'Blood Pressure', 'action': 'keypad press', 'key': 8, 'value': 1208}}
INFO:root:1721861270.769771,ID:1008,STAGE:2,SEQUENCE:1324,DATA:{'time': 1721861270.766, 'source': 'VitalsTask', 'timer': 128.453, 'data': {'sensor': 'Blood Pressure', 'action': 'keypad press', 'key': 8, 'value': 12088}}
INFO:root:1721861273.064523,ID:1008,STAGE:2,SEQUENCE:1324,DATA:{'time': 1721861273.058, 'source': 'VitalsTask', 'timer': 130.745, 'data': {'sensor': 'Blood Pressure', 'action': 'keypad press', 'key': 11, 'value': 120880}}
INFO:root:1721861274.52152,ID:1008,STAGE:2,SEQUENCE:1324,DATA:{'time': 1721861274.517, 'source': 'VitalsTask', 'timer': 132.204, 'data': {'sensor': 'Blood Pressure', 'action': 'keypad press', 'key': 12, 'value': 12088}}
INFO:root:1721861274.908528,ID:1008,STAGE:2,SEQUENCE:1324,DATA:{'time': 1721861274.903, 'source': 'VitalsTask', 'timer': 132.59, 'data': {'sensor': 'Blood Pressure', 'action': 'keypad press', 'key': 12, 'value': 1208}}
INFO:root:1721861275.883977,ID:1008,STAGE:2,SEQUENCE:1324,DATA:{'time': 1721861275.878, 'source': 'VitalsTask', 'timer': 133.565, 'data': {'sensor': 'Blood Pressure', 'action': 'keypad press', 'key': 11, 'value': 12080}}
INFO:root:1721861278.4189,ID:1008,STAGE:2,SEQUENCE:1324,DATA:{'time': 1721861278.416, 'source': 'VitalsTask', 'timer': 136.103, 'data': {'sensor': 'Blood Pressure', 'action': 'show action buttons'}}
INFO:root:1721861278.420896,ID:1008,STAGE:2,SEQUENCE:1324,DATA:{'time': 1721861278.417, 'source': 'VitalsTask', 'timer': 136.104, 'data': {'sensor': 'Blood Pressure', 'action': 'keypad press', 'key': 10, 'value': 12080}}
INFO:root:1721861280.104009,ID:1008,STAGE:2,SEQUENCE:1324,DATA:{'time': 1721861280.1, 'source': 'VitalsTask', 'timer': 137.787, 'data': {'sensor': 'Blood Pressure', 'action': 'log', 'data': 'action button pressed'}}
INFO:root:1721861280.106513,ID:1008,STAGE:2,SEQUENCE:1324,DATA:{'time': 1721861280.101, 'source': 'VitalsTask', 'timer': 137.788, 'data': {'sensor': 'Blood Pressure', 'action': 'log', 'data': 'starting sensor action'}}
INFO:root:1721861281.115163,ID:1008,STAGE:2,SEQUENCE:1324,DATA:{'time': 1721861281.111, 'source': 'VitalsTask', 'timer': 138.798, 'data': {'sensor': 'Blood Pressure', 'action': 'log', 'data': 'sensor action complete'}}
INFO:root:1721861281.765687,ID:1008,STAGE:2,SEQUENCE:1324,DATA:{'time': 1721861281.761, 'source': 'VitalsTask', 'timer': 139.448, 'data': {'sensor': 'Blood Pressure', 'action': 'save', 'data': 'action button pressed'}}
INFO:root:1721861281.778687,ID:1008,STAGE:2,SEQUENCE:1324,DATA:{'time': 1721861281.762, 'source': 'VitalsTask', 'timer': 139.449, 'data': {'sensor': 'Blood Pressure', 'action': 'save', 'data': 'starting sensor action'}}
INFO:root:1721861282.790964,ID:1008,STAGE:2,SEQUENCE:1324,DATA:{'time': 1721861282.784, 'source': 'VitalsTask', 'timer': 140.471, 'data': {'sensor': 'Blood Pressure', 'action': 'save', 'data': 'sensor action complete'}}
INFO:root:1721861284.731053,ID:1008,STAGE:2,SEQUENCE:1324,DATA:{'time': 1721861284.723, 'source': 'VitalsTask', 'timer': 142.41, 'data': {'sensor': 'submit', 'action': 'submit'}}
INFO:root:1721861284.734051,ID:1008,STAGE:2,SEQUENCE:1324,DATA:{'time': 1721861284.723, 'source': 'VitalsTask', 'timer': 142.41, 'data': {'sensor': 'submit', 'action': 'submit', 'data': 'submit succeeded'}}
INFO:root:1721861285.389149,ID:1008,STAGE:2,SEQUENCE:1324,DATA:{'time': 1721861285.382, 'user-id': '1008', 'source': 'HAI Interface', 'destination-index': '3', 'study-stage': '2', 'decision-state': 0, 'vitals-state': 0, 'airspace-state': 0, 'data': {'page': 'inflight', 'action': 'user acknowledged vitals prompt'}}
INFO:root:1721861289.00983,ID:1008,STAGE:2,SEQUENCE:1324,DATA:{'time': 1721861289.005, 'user-id': '1008', 'source': 'HAI Interface', 'destination-index': '3', 'study-stage': '2', 'decision-state': 0, 'vitals-state': 0, 'airspace-state': 0, 'data': {'action': 'transmit button pressed'}}
INFO:root:1721861289.014842,ID:1008,STAGE:2,SEQUENCE:1324,DATA:{'time': 1721861289.005, 'user-id': '1008', 'source': 'HAI Interface', 'destination-index': '3', 'study-stage': '2', 'decision-state': 0, 'vitals-state': 0, 'airspace-state': 0, 'data': {'action': 'callsign set to: + NASXGS'}}
INFO:root:1721861289.017346,ID:1008,STAGE:2,SEQUENCE:1324,DATA:{'time': 1721861289.006, 'user-id': '1008', 'source': 'HAI Interface', 'destination-index': '3', 'study-stage': '2', 'decision-state': 0, 'vitals-state': 0, 'airspace-state': 0, 'data': {'action': 'radio set to:Comm1'}}
INFO:root:1721861289.017346,ID:1008,STAGE:2,SEQUENCE:1324,DATA:{'time': 1721861289.006, 'user-id': '1008', 'source': 'HAI Interface', 'destination-index': '3', 'study-stage': '2', 'decision-state': 0, 'vitals-state': 0, 'airspace-state': 0, 'data': {'page': 'map', 'action': 'show map'}}
INFO:root:1721861289.019488,ID:1008,STAGE:2,SEQUENCE:1324,DATA:{'time': 1721861289.006, 'user-id': '1008', 'source': 'HAI Interface', 'destination-index': '3', 'study-stage': '2', 'decision-state': 0, 'vitals-state': 0, 'airspace-state': 0, 'data': {'page': 'map', 'action': 'selected helipad', 'value': '21'}}
INFO:root:1721861289.030464,ID:1008,STAGE:2,SEQUENCE:1324,DATA:{'time': 1721861289.01, 'user-id': '1008', 'source': 'HAI Interface', 'destination-index': '3', 'study-stage': '2', 'decision-state': 0, 'vitals-state': 0, 'airspace-state': 0, 'data': {'action': 'NASXGStransmitting updates onComm1123.45 MHz'}}
INFO:root:Inflight Radio Update asked
INFO:root:sent request to set radio update complete
INFO:root:1721861300.006848,ID:1008,STAGE:2,SEQUENCE:1324,DATA:{'time': 1721861300.001, 'user-id': '1008', 'source': 'HAI Interface', 'destination-index': '3', 'study-stage': '2', 'decision-state': 0, 'vitals-state': 0, 'airspace-state': 0, 'data': {'page': 'map', 'action': 'hide map'}}
INFO:root:1721861303.469457,ID:1008,STAGE:2,SEQUENCE:1324,DATA:{'time': 1721861303.462, 'user-id': '1008', 'source': 'HAI Interface', 'destination-index': '3', 'study-stage': '2', 'decision-state': 0, 'vitals-state': 0, 'airspace-state': 0, 'data': {'page': 'map', 'action': 'show map'}}
INFO:root:1721861303.471451,ID:1008,STAGE:2,SEQUENCE:1324,DATA:{'time': 1721861303.463, 'user-id': '1008', 'source': 'HAI Interface', 'destination-index': '3', 'study-stage': '2', 'decision-state': 0, 'vitals-state': 0, 'airspace-state': 0, 'data': {'page': 'map', 'action': 'selected helipad', 'value': '21'}}
INFO:root:1721861337.32959,ID:1008,STAGE:2,SEQUENCE:1324,DATA:{'time': 1721861337.324, 'user-id': '1008', 'source': 'HAI Interface', 'destination-index': '3', 'study-stage': '2', 'decision-state': 0, 'vitals-state': 0, 'airspace-state': 0, 'data': {'page': 'inflight', 'action': 'displaying vitals prompt'}}
INFO:root:1721861342.842489,ID:1008,STAGE:2,SEQUENCE:1324,DATA:{'time': 1721861342.824, 'source': 'VitalsTask', 'timer': 58.101, 'data': {'sensor': 'Blood Pressure', 'action': 'capture', 'data': 'action button pressed'}}
INFO:root:1721861342.844484,ID:1008,STAGE:2,SEQUENCE:1324,DATA:{'time': 1721861342.824, 'source': 'VitalsTask', 'timer': 58.101, 'data': {'sensor': 'Blood Pressure', 'action': 'capture', 'data': 'starting sensor action'}}
INFO:root:1721861343.849226,ID:1008,STAGE:2,SEQUENCE:1324,DATA:{'time': 1721861343.845, 'source': 'VitalsTask', 'timer': 59.122, 'data': {'sensor': 'Blood Pressure', 'action': 'capture', 'data': 'sensor action complete'}}
INFO:root:1721861343.854724,ID:1008,STAGE:2,SEQUENCE:1324,DATA:{'time': 1721861343.845, 'source': 'VitalsTask', 'timer': 59.122, 'data': {'sensor': 'Blood Pressure', 'action': 'keypad open'}}
INFO:root:1721861346.505111,ID:1008,STAGE:2,SEQUENCE:1324,DATA:{'time': 1721861346.501, 'source': 'VitalsTask', 'timer': 61.778, 'data': {'sensor': 'Blood Pressure', 'action': 'keypad press', 'key': 1, 'value': 1}}
INFO:root:1721861346.93238,ID:1008,STAGE:2,SEQUENCE:1324,DATA:{'time': 1721861346.928, 'source': 'VitalsTask', 'timer': 62.205, 'data': {'sensor': 'Blood Pressure', 'action': 'keypad press', 'key': 1, 'value': 11}}
INFO:root:1721861347.809643,ID:1008,STAGE:2,SEQUENCE:1324,DATA:{'time': 1721861347.806, 'source': 'VitalsTask', 'timer': 63.083, 'data': {'sensor': 'Blood Pressure', 'action': 'keypad press', 'key': 2, 'value': 112}}
INFO:root:1721861349.943727,ID:1008,STAGE:2,SEQUENCE:1324,DATA:{'time': 1721861349.937, 'source': 'VitalsTask', 'timer': 65.214, 'data': {'sensor': 'Blood Pressure', 'action': 'keypad press', 'key': 12, 'value': 11}}
INFO:root:1721861350.804117,ID:1008,STAGE:2,SEQUENCE:1324,DATA:{'time': 1721861350.797, 'source': 'VitalsTask', 'timer': 66.074, 'data': {'sensor': 'Blood Pressure', 'action': 'keypad press', 'key': 12, 'value': 1}}
INFO:root:1721861352.247592,ID:1008,STAGE:2,SEQUENCE:1324,DATA:{'time': 1721861352.245, 'source': 'VitalsTask', 'timer': 67.522, 'data': {'sensor': 'Blood Pressure', 'action': 'keypad press', 'key': 2, 'value': 12}}
INFO:root:1721861353.361683,ID:1008,STAGE:2,SEQUENCE:1324,DATA:{'time': 1721861353.357, 'source': 'VitalsTask', 'timer': 68.634, 'data': {'sensor': 'Blood Pressure', 'action': 'keypad press', 'key': 11, 'value': 120}}
INFO:root:1721861354.313533,ID:1008,STAGE:2,SEQUENCE:1324,DATA:{'time': 1721861354.308, 'source': 'VitalsTask', 'timer': 69.585, 'data': {'sensor': 'Blood Pressure', 'action': 'keypad press', 'key': 8, 'value': 1208}}
INFO:root:1721861355.285674,ID:1008,STAGE:2,SEQUENCE:1324,DATA:{'time': 1721861355.282, 'source': 'VitalsTask', 'timer': 70.559, 'data': {'sensor': 'Blood Pressure', 'action': 'keypad press', 'key': 11, 'value': 12080}}
INFO:root:1721861356.266334,ID:1008,STAGE:2,SEQUENCE:1324,DATA:{'time': 1721861356.256, 'source': 'VitalsTask', 'timer': 71.533, 'data': {'sensor': 'Blood Pressure', 'action': 'show action buttons'}}
INFO:root:1721861356.268794,ID:1008,STAGE:2,SEQUENCE:1324,DATA:{'time': 1721861356.257, 'source': 'VitalsTask', 'timer': 71.534, 'data': {'sensor': 'Blood Pressure', 'action': 'keypad press', 'key': 10, 'value': 12080}}
INFO:root:1721861358.0749,ID:1008,STAGE:2,SEQUENCE:1324,DATA:{'time': 1721861358.07, 'source': 'VitalsTask', 'timer': 73.347, 'data': {'sensor': 'Heart Rate', 'action': 'opened sensor tab'}}
INFO:root:1721861359.743457,ID:1008,STAGE:2,SEQUENCE:1324,DATA:{'time': 1721861359.733, 'source': 'VitalsTask', 'timer': 75.01, 'data': {'sensor': 'Blood Pressure', 'action': 'opened sensor tab'}}
INFO:root:1721861361.186133,ID:1008,STAGE:2,SEQUENCE:1324,DATA:{'time': 1721861361.176, 'source': 'VitalsTask', 'timer': 76.453, 'data': {'sensor': 'Blood Pressure', 'action': 'log', 'data': 'action button pressed'}}
INFO:root:1721861361.190168,ID:1008,STAGE:2,SEQUENCE:1324,DATA:{'time': 1721861361.176, 'source': 'VitalsTask', 'timer': 76.453, 'data': {'sensor': 'Blood Pressure', 'action': 'log', 'data': 'starting sensor action'}}
INFO:root:1721861362.19638,ID:1008,STAGE:2,SEQUENCE:1324,DATA:{'time': 1721861362.19, 'source': 'VitalsTask', 'timer': 77.467, 'data': {'sensor': 'Blood Pressure', 'action': 'log', 'data': 'sensor action complete'}}
INFO:root:1721861362.951447,ID:1008,STAGE:2,SEQUENCE:1324,DATA:{'time': 1721861362.946, 'source': 'VitalsTask', 'timer': 78.223, 'data': {'sensor': 'Blood Pressure', 'action': 'save', 'data': 'action button pressed'}}
INFO:root:1721861362.958944,ID:1008,STAGE:2,SEQUENCE:1324,DATA:{'time': 1721861362.947, 'source': 'VitalsTask', 'timer': 78.224, 'data': {'sensor': 'Blood Pressure', 'action': 'save', 'data': 'starting sensor action'}}
INFO:root:1721861363.970956,ID:1008,STAGE:2,SEQUENCE:1324,DATA:{'time': 1721861363.963, 'source': 'VitalsTask', 'timer': 79.24, 'data': {'sensor': 'Blood Pressure', 'action': 'save', 'data': 'sensor action complete'}}
INFO:root:1721861364.727448,ID:1008,STAGE:2,SEQUENCE:1324,DATA:{'time': 1721861364.724, 'source': 'VitalsTask', 'timer': 80.001, 'data': {'sensor': 'O\u2082 Saturation', 'action': 'opened sensor tab'}}
INFO:root:1721861366.360657,ID:1008,STAGE:2,SEQUENCE:1324,DATA:{'time': 1721861366.352, 'source': 'VitalsTask', 'timer': 81.629, 'data': {'sensor': 'O\u2082 Saturation', 'action': 'capture', 'data': 'action button pressed'}}
INFO:root:1721861366.36365,ID:1008,STAGE:2,SEQUENCE:1324,DATA:{'time': 1721861366.352, 'source': 'VitalsTask', 'timer': 81.629, 'data': {'sensor': 'O\u2082 Saturation', 'action': 'capture', 'data': 'starting sensor action'}}
INFO:root:1721861367.373944,ID:1008,STAGE:2,SEQUENCE:1324,DATA:{'time': 1721861367.369, 'source': 'VitalsTask', 'timer': 82.646, 'data': {'sensor': 'O\u2082 Saturation', 'action': 'capture', 'data': 'sensor action complete'}}
INFO:root:1721861367.376577,ID:1008,STAGE:2,SEQUENCE:1324,DATA:{'time': 1721861367.37, 'source': 'VitalsTask', 'timer': 82.647, 'data': {'sensor': 'O\u2082 Saturation', 'action': 'keypad open'}}
INFO:root:1721861368.567194,ID:1008,STAGE:2,SEQUENCE:1324,DATA:{'time': 1721861368.561, 'source': 'VitalsTask', 'timer': 83.838, 'data': {'sensor': 'O\u2082 Saturation', 'action': 'keypad press', 'key': 1, 'value': 1}}
INFO:root:1721861369.630835,ID:1008,STAGE:2,SEQUENCE:1324,DATA:{'time': 1721861369.626, 'source': 'VitalsTask', 'timer': 84.903, 'data': {'sensor': 'O\u2082 Saturation', 'action': 'keypad press', 'key': 11, 'value': 10}}
INFO:root:1721861370.033427,ID:1008,STAGE:2,SEQUENCE:1324,DATA:{'time': 1721861370.03, 'source': 'VitalsTask', 'timer': 85.307, 'data': {'sensor': 'O\u2082 Saturation', 'action': 'keypad press', 'key': 11, 'value': 100}}
INFO:root:1721861371.176348,ID:1008,STAGE:2,SEQUENCE:1324,DATA:{'time': 1721861371.167, 'source': 'VitalsTask', 'timer': 86.444, 'data': {'sensor': 'O\u2082 Saturation', 'action': 'show action buttons'}}
INFO:root:1721861371.179378,ID:1008,STAGE:2,SEQUENCE:1324,DATA:{'time': 1721861371.167, 'source': 'VitalsTask', 'timer': 86.444, 'data': {'sensor': 'O\u2082 Saturation', 'action': 'keypad press', 'key': 10, 'value': 100}}
INFO:root:1721861373.102941,ID:1008,STAGE:2,SEQUENCE:1324,DATA:{'time': 1721861373.099, 'source': 'VitalsTask', 'timer': 88.376, 'data': {'sensor': 'O\u2082 Saturation', 'action': 'log', 'data': 'action button pressed'}}
INFO:root:1721861373.109946,ID:1008,STAGE:2,SEQUENCE:1324,DATA:{'time': 1721861373.099, 'source': 'VitalsTask', 'timer': 88.376, 'data': {'sensor': 'O\u2082 Saturation', 'action': 'log', 'data': 'starting sensor action'}}
INFO:root:1721861374.121004,ID:1008,STAGE:2,SEQUENCE:1324,DATA:{'time': 1721861374.117, 'source': 'VitalsTask', 'timer': 89.394, 'data': {'sensor': 'O\u2082 Saturation', 'action': 'log', 'data': 'sensor action complete'}}
INFO:root:1721861374.253237,ID:1008,STAGE:2,SEQUENCE:1324,DATA:{'time': 1721861374.249, 'source': 'VitalsTask', 'timer': 89.526, 'data': {'sensor': 'O\u2082 Saturation', 'action': 'save', 'data': 'action button pressed'}}
INFO:root:1721861374.25561,ID:1008,STAGE:2,SEQUENCE:1324,DATA:{'time': 1721861374.25, 'source': 'VitalsTask', 'timer': 89.527, 'data': {'sensor': 'O\u2082 Saturation', 'action': 'save', 'data': 'starting sensor action'}}
INFO:root:1721861374.916517,ID:1008,STAGE:2,SEQUENCE:1324,DATA:{'time': 1721861374.911, 'user-id': '1008', 'source': 'HAI Interface', 'destination-index': '3', 'study-stage': '2', 'decision-state': 0, 'vitals-state': 0, 'airspace-state': 0, 'data': {'page': 'inflight', 'action': 'user acknowledged vitals prompt'}}
INFO:root:1721861375.277985,ID:1008,STAGE:2,SEQUENCE:1324,DATA:{'time': 1721861375.27, 'source': 'VitalsTask', 'timer': 90.547, 'data': {'sensor': 'O\u2082 Saturation', 'action': 'save', 'data': 'sensor action complete'}}
INFO:root:1721861376.884905,ID:1008,STAGE:2,SEQUENCE:1324,DATA:{'time': 1721861376.878, 'user-id': '1008', 'source': 'HAI Interface', 'destination-index': '3', 'study-stage': '2', 'decision-state': 0, 'vitals-state': 0, 'airspace-state': 0, 'data': {'action': 'transmit button pressed'}}
INFO:root:1721861376.894399,ID:1008,STAGE:2,SEQUENCE:1324,DATA:{'time': 1721861376.879, 'user-id': '1008', 'source': 'HAI Interface', 'destination-index': '3', 'study-stage': '2', 'decision-state': 0, 'vitals-state': 0, 'airspace-state': 0, 'data': {'action': 'callsign set to: + NASXGS'}}
INFO:root:1721861376.895397,ID:1008,STAGE:2,SEQUENCE:1324,DATA:{'time': 1721861376.879, 'user-id': '1008', 'source': 'HAI Interface', 'destination-index': '3', 'study-stage': '2', 'decision-state': 0, 'vitals-state': 0, 'airspace-state': 0, 'data': {'action': 'radio set to:Comm1'}}
INFO:root:1721861376.896395,ID:1008,STAGE:2,SEQUENCE:1324,DATA:{'time': 1721861376.88, 'user-id': '1008', 'source': 'HAI Interface', 'destination-index': '3', 'study-stage': '2', 'decision-state': 0, 'vitals-state': 0, 'airspace-state': 0, 'data': {'page': 'map', 'action': 'show map'}}
INFO:root:1721861376.931811,ID:1008,STAGE:2,SEQUENCE:1324,DATA:{'time': 1721861376.88, 'user-id': '1008', 'source': 'HAI Interface', 'destination-index': '3', 'study-stage': '2', 'decision-state': 0, 'vitals-state': 0, 'airspace-state': 0, 'data': {'page': 'map', 'action': 'selected helipad', 'value': '21'}}
INFO:root:1721861376.938302,ID:1008,STAGE:2,SEQUENCE:1324,DATA:{'time': 1721861376.885, 'user-id': '1008', 'source': 'HAI Interface', 'destination-index': '3', 'study-stage': '2', 'decision-state': 0, 'vitals-state': 0, 'airspace-state': 0, 'data': {'action': 'NASXGStransmitting updates onComm1123.45 MHz'}}
INFO:root:1721861379.602585,ID:1008,STAGE:2,SEQUENCE:1324,DATA:{'time': 1721861379.6, 'source': 'VitalsTask', 'timer': 94.877, 'data': {'sensor': 'Heart Rate', 'action': 'opened sensor tab'}}
INFO:root:1721861382.3584,ID:1008,STAGE:2,SEQUENCE:1324,DATA:{'time': 1721861382.353, 'source': 'VitalsTask', 'timer': 97.63, 'data': {'sensor': 'Heart Rate', 'action': 'capture', 'data': 'action button pressed'}}
INFO:root:1721861382.362389,ID:1008,STAGE:2,SEQUENCE:1324,DATA:{'time': 1721861382.354, 'source': 'VitalsTask', 'timer': 97.631, 'data': {'sensor': 'Heart Rate', 'action': 'capture', 'data': 'starting sensor action'}}
INFO:root:1721861383.36894,ID:1008,STAGE:2,SEQUENCE:1324,DATA:{'time': 1721861383.364, 'source': 'VitalsTask', 'timer': 98.641, 'data': {'sensor': 'Heart Rate', 'action': 'capture', 'data': 'sensor action complete'}}
INFO:root:1721861383.371228,ID:1008,STAGE:2,SEQUENCE:1324,DATA:{'time': 1721861383.364, 'source': 'VitalsTask', 'timer': 98.641, 'data': {'sensor': 'Heart Rate', 'action': 'keypad open'}}
INFO:root:1721861386.268378,ID:1008,STAGE:2,SEQUENCE:1324,DATA:{'time': 1721861386.266, 'source': 'VitalsTask', 'timer': 101.543, 'data': {'sensor': 'Heart Rate', 'action': 'keypad press', 'key': 5, 'value': 5}}
INFO:root:1721861388.001404,ID:1008,STAGE:2,SEQUENCE:1324,DATA:{'time': 1721861387.998, 'source': 'VitalsTask', 'timer': 103.275, 'data': {'sensor': 'Heart Rate', 'action': 'keypad press', 'key': 5, 'value': 55}}
INFO:root:1721861389.371025,ID:1008,STAGE:2,SEQUENCE:1324,DATA:{'time': 1721861389.367, 'source': 'VitalsTask', 'timer': 104.644, 'data': {'sensor': 'Heart Rate', 'action': 'show action buttons'}}
INFO:root:1721861389.376525,ID:1008,STAGE:2,SEQUENCE:1324,DATA:{'time': 1721861389.367, 'source': 'VitalsTask', 'timer': 104.644, 'data': {'sensor': 'Heart Rate', 'action': 'keypad press', 'key': 10, 'value': 55}}
INFO:root:Inflight Radio Update asked
INFO:root:Transmit button pressed- radio update received
INFO:root:sent request to set radio update complete
INFO:root:1721861390.563632,ID:1008,STAGE:2,SEQUENCE:1324,DATA:{'time': 1721861390.559, 'source': 'VitalsTask', 'timer': 105.836, 'data': {'sensor': 'Heart Rate', 'action': 'log', 'data': 'action button pressed'}}
INFO:root:1721861390.565626,ID:1008,STAGE:2,SEQUENCE:1324,DATA:{'time': 1721861390.559, 'source': 'VitalsTask', 'timer': 105.836, 'data': {'sensor': 'Heart Rate', 'action': 'log', 'data': 'starting sensor action'}}
INFO:root:1721861391.58069,ID:1008,STAGE:2,SEQUENCE:1324,DATA:{'time': 1721861391.577, 'source': 'VitalsTask', 'timer': 106.854, 'data': {'sensor': 'Heart Rate', 'action': 'log', 'data': 'sensor action complete'}}
INFO:root:1721861401.436812,ID:1008,STAGE:2,SEQUENCE:1324,DATA:{'time': 1721861401.396, 'source': 'VitalsTask', 'timer': 116.673, 'data': {'sensor': 'Heart Rate', 'action': 'save', 'data': 'action button pressed'}}
INFO:root:1721861401.448442,ID:1008,STAGE:2,SEQUENCE:1324,DATA:{'time': 1721861401.397, 'source': 'VitalsTask', 'timer': 116.674, 'data': {'sensor': 'Heart Rate', 'action': 'save', 'data': 'starting sensor action'}}
INFO:root:1721861402.417666,ID:1008,STAGE:2,SEQUENCE:1324,DATA:{'time': 1721861402.41, 'source': 'VitalsTask', 'timer': 117.687, 'data': {'sensor': 'Heart Rate', 'action': 'save', 'data': 'sensor action complete'}}
INFO:root:1721861404.430138,ID:1008,STAGE:2,SEQUENCE:1324,DATA:{'time': 1721861404.426, 'user-id': '1008', 'source': 'HAI Interface', 'destination-index': '3', 'study-stage': '2', 'decision-state': 0, 'vitals-state': 0, 'airspace-state': 0, 'data': {'page': 'map', 'action': 'hide map'}}
INFO:root:1721861406.41502,ID:1008,STAGE:2,SEQUENCE:1324,DATA:{'time': 1721861406.392, 'user-id': '1008', 'source': 'HAI Interface', 'destination-index': '3', 'study-stage': '2', 'decision-state': 0, 'vitals-state': 0, 'airspace-state': 0, 'data': {'action': 'transmit button pressed'}}
INFO:root:1721861406.420538,ID:1008,STAGE:2,SEQUENCE:1324,DATA:{'time': 1721861406.392, 'user-id': '1008', 'source': 'HAI Interface', 'destination-index': '3', 'study-stage': '2', 'decision-state': 0, 'vitals-state': 0, 'airspace-state': 0, 'data': {'action': 'callsign set to: + NASXGS'}}
INFO:root:1721861406.427561,ID:1008,STAGE:2,SEQUENCE:1324,DATA:{'time': 1721861406.393, 'user-id': '1008', 'source': 'HAI Interface', 'destination-index': '3', 'study-stage': '2', 'decision-state': 0, 'vitals-state': 0, 'airspace-state': 0, 'data': {'action': 'radio set to:Comm1'}}
INFO:root:1721861406.434662,ID:1008,STAGE:2,SEQUENCE:1324,DATA:{'time': 1721861406.393, 'user-id': '1008', 'source': 'HAI Interface', 'destination-index': '3', 'study-stage': '2', 'decision-state': 0, 'vitals-state': 0, 'airspace-state': 0, 'data': {'page': 'map', 'action': 'show map'}}
INFO:root:1721861406.441187,ID:1008,STAGE:2,SEQUENCE:1324,DATA:{'time': 1721861406.393, 'user-id': '1008', 'source': 'HAI Interface', 'destination-index': '3', 'study-stage': '2', 'decision-state': 0, 'vitals-state': 0, 'airspace-state': 0, 'data': {'page': 'map', 'action': 'selected helipad', 'value': '21'}}
INFO:root:1721861406.457699,ID:1008,STAGE:2,SEQUENCE:1324,DATA:{'time': 1721861406.397, 'user-id': '1008', 'source': 'HAI Interface', 'destination-index': '3', 'study-stage': '2', 'decision-state': 0, 'vitals-state': 0, 'airspace-state': 0, 'data': {'action': 'NASXGStransmitting updates onComm1123.45 MHz'}}
INFO:root:1721861414.603253,ID:1008,STAGE:2,SEQUENCE:1324,DATA:{'time': 1721861414.597, 'source': 'VitalsTask', 'timer': 129.874, 'data': {'sensor': 'submit', 'action': 'submit'}}
INFO:root:1721861414.605248,ID:1008,STAGE:2,SEQUENCE:1324,DATA:{'time': 1721861414.598, 'source': 'VitalsTask', 'timer': 129.875, 'data': {'sensor': 'submit', 'action': 'submit', 'data': 'submit succeeded'}}
INFO:root:1721861416.538083,ID:1008,STAGE:2,SEQUENCE:1324,DATA:{'time': 1721861416.533, 'user-id': '1008', 'source': 'HAI Interface', 'destination-index': '3', 'study-stage': '2', 'decision-state': 0, 'vitals-state': 0, 'airspace-state': 0, 'data': {'page': 'map', 'action': 'hide map'}}
INFO:root:1721861418.070508,ID:1008,STAGE:2,SEQUENCE:1324,DATA:{'time': 1721861418.063, 'user-id': '1008', 'source': 'HAI Interface', 'destination-index': '3', 'study-stage': '2', 'decision-state': 0, 'vitals-state': 0, 'airspace-state': 0, 'data': {'page': 'map', 'action': 'show map'}}
INFO:root:1721861418.073501,ID:1008,STAGE:2,SEQUENCE:1324,DATA:{'time': 1721861418.063, 'user-id': '1008', 'source': 'HAI Interface', 'destination-index': '3', 'study-stage': '2', 'decision-state': 0, 'vitals-state': 0, 'airspace-state': 0, 'data': {'page': 'map', 'action': 'selected helipad', 'value': '21'}}
INFO:root:SimConnect Error in /var
INFO:SimConnect.SimConnect:SIM OPEN
INFO:root:Inflight Radio Update asked
INFO:root:sent request to set radio update complete
INFO:root:1721861492.281058,ID:1008,STAGE:2,SEQUENCE:1324,DATA:{'time': 1721861492.275, 'user-id': '1008', 'source': 'HAI Interface', 'destination-index': '3', 'study-stage': '2', 'decision-state': 0, 'vitals-state': '1', 'airspace-state': 0, 'data': {'action': 'transmit button pressed'}}
INFO:root:1721861492.289036,ID:1008,STAGE:2,SEQUENCE:1324,DATA:{'time': 1721861492.276, 'user-id': '1008', 'source': 'HAI Interface', 'destination-index': '3', 'study-stage': '2', 'decision-state': 0, 'vitals-state': '1', 'airspace-state': 0, 'data': {'action': 'callsign set to: + NASXGS'}}
INFO:root:1721861492.294529,ID:1008,STAGE:2,SEQUENCE:1324,DATA:{'time': 1721861492.276, 'user-id': '1008', 'source': 'HAI Interface', 'destination-index': '3', 'study-stage': '2', 'decision-state': 0, 'vitals-state': '1', 'airspace-state': 0, 'data': {'action': 'radio set to:Comm1'}}
INFO:root:1721861492.297093,ID:1008,STAGE:2,SEQUENCE:1324,DATA:{'time': 1721861492.277, 'user-id': '1008', 'source': 'HAI Interface', 'destination-index': '3', 'study-stage': '2', 'decision-state': 0, 'vitals-state': '1', 'airspace-state': 0, 'data': {'page': 'map', 'action': 'show map'}}
INFO:root:1721861492.30458,ID:1008,STAGE:2,SEQUENCE:1324,DATA:{'time': 1721861492.277, 'user-id': '1008', 'source': 'HAI Interface', 'destination-index': '3', 'study-stage': '2', 'decision-state': 0, 'vitals-state': '1', 'airspace-state': 0, 'data': {'page': 'map', 'action': 'selected helipad', 'value': '21'}}
INFO:root:1721861492.318063,ID:1008,STAGE:2,SEQUENCE:1324,DATA:{'time': 1721861492.282, 'user-id': '1008', 'source': 'HAI Interface', 'destination-index': '3', 'study-stage': '2', 'decision-state': 0, 'vitals-state': '1', 'airspace-state': 0, 'data': {'action': 'NASXGStransmitting updates onComm1123.45 MHz'}}
INFO:root:1721861509.845921,ID:1008,STAGE:2,SEQUENCE:1324,DATA:{'time': 1721861509.838, 'user-id': '1008', 'source': 'HAI Interface', 'destination-index': '3', 'study-stage': '2', 'decision-state': 0, 'vitals-state': '1', 'airspace-state': 0, 'data': {'page': 'map', 'action': 'hide map'}}
INFO:root:1721861514.015849,ID:1008,STAGE:2,SEQUENCE:1324,DATA:{'time': 1721861514.01, 'user-id': '1008', 'source': 'HAI Interface', 'destination-index': '3', 'study-stage': '2', 'decision-state': 0, 'vitals-state': '1', 'airspace-state': 0, 'data': {'action': 'receive button pressed'}}
INFO:root:1721861514.019838,ID:1008,STAGE:2,SEQUENCE:1324,DATA:{'time': 1721861514.011, 'user-id': '1008', 'source': 'HAI Interface', 'destination-index': '3', 'study-stage': '2', 'decision-state': 0, 'vitals-state': '1', 'airspace-state': 0, 'data': {'action': 'callsign set to:[object Object]'}}
INFO:root:1721861514.021833,ID:1008,STAGE:2,SEQUENCE:1324,DATA:{'time': 1721861514.011, 'user-id': '1008', 'source': 'HAI Interface', 'destination-index': '3', 'study-stage': '2', 'decision-state': 0, 'vitals-state': '1', 'airspace-state': 0, 'data': {'action': 'radio set to:Comm2'}}
INFO:root:1721861514.032892,ID:1008,STAGE:2,SEQUENCE:1324,DATA:{'time': 1721861514.014, 'user-id': '1008', 'source': 'HAI Interface', 'destination-index': '3', 'study-stage': '2', 'decision-state': 0, 'vitals-state': '1', 'airspace-state': 0, 'data': {'action': 'MEDEVACtransmitting onComm2123.45 MHz'}}
INFO:root:Administer medication radio comm initiated
INFO:root:1721861532.411863,ID:1008,STAGE:2,SEQUENCE:1324,DATA:{'time': 1721861532.402, 'source': 'VitalsTask', 'timer': 117.804, 'data': {'sensor': 'Heart Rate', 'action': 'capture', 'data': 'action button pressed'}}
INFO:root:1721861532.414368,ID:1008,STAGE:2,SEQUENCE:1324,DATA:{'time': 1721861532.403, 'source': 'VitalsTask', 'timer': 117.805, 'data': {'sensor': 'Heart Rate', 'action': 'capture', 'data': 'starting sensor action'}}
INFO:root:1721861533.416884,ID:1008,STAGE:2,SEQUENCE:1324,DATA:{'time': 1721861533.413, 'source': 'VitalsTask', 'timer': 118.815, 'data': {'sensor': 'Heart Rate', 'action': 'capture', 'data': 'sensor action complete'}}
INFO:root:1721861533.418884,ID:1008,STAGE:2,SEQUENCE:1324,DATA:{'time': 1721861533.413, 'source': 'VitalsTask', 'timer': 118.815, 'data': {'sensor': 'Heart Rate', 'action': 'keypad open'}}
INFO:root:1721861536.332557,ID:1008,STAGE:2,SEQUENCE:1324,DATA:{'time': 1721861536.328, 'source': 'VitalsTask', 'timer': 121.73, 'data': {'sensor': 'Heart Rate', 'action': 'keypad press', 'key': 2, 'value': 2}}
INFO:root:1721861537.264531,ID:1008,STAGE:2,SEQUENCE:1324,DATA:{'time': 1721861537.257, 'source': 'VitalsTask', 'timer': 122.659, 'data': {'sensor': 'Heart Rate', 'action': 'keypad press', 'key': 3, 'value': 23}}
INFO:root:1721861538.93649,ID:1008,STAGE:2,SEQUENCE:1324,DATA:{'time': 1721861538.924, 'source': 'VitalsTask', 'timer': 124.326, 'data': {'sensor': 'Heart Rate', 'action': 'keypad press', 'key': 2, 'value': 232}}
INFO:root:1721861549.296119,ID:1008,STAGE:2,SEQUENCE:1324,DATA:{'time': 1721861549.291, 'source': 'VitalsTask', 'timer': 134.693, 'data': {'sensor': 'Heart Rate', 'action': 'show action buttons'}}
INFO:root:1721861549.298993,ID:1008,STAGE:2,SEQUENCE:1324,DATA:{'time': 1721861549.292, 'source': 'VitalsTask', 'timer': 134.694, 'data': {'sensor': 'Heart Rate', 'action': 'keypad press', 'key': 10, 'value': 232}}
INFO:root:Administer medication radio comm done- command to clear event  make the receive 0 sent 
INFO:root:1721861554.573881,ID:1008,STAGE:2,SEQUENCE:1324,DATA:{'time': 1721861554.569, 'source': 'VitalsTask', 'timer': 139.971, 'data': {'sensor': 'Heart Rate', 'action': 'log', 'data': 'action button pressed'}}
INFO:root:1721861554.575875,ID:1008,STAGE:2,SEQUENCE:1324,DATA:{'time': 1721861554.569, 'source': 'VitalsTask', 'timer': 139.971, 'data': {'sensor': 'Heart Rate', 'action': 'log', 'data': 'starting sensor action'}}
INFO:root:1721861555.5897,ID:1008,STAGE:2,SEQUENCE:1324,DATA:{'time': 1721861555.585, 'source': 'VitalsTask', 'timer': 140.987, 'data': {'sensor': 'Heart Rate', 'action': 'log', 'data': 'sensor action complete'}}
INFO:root:1721861555.66369,ID:1008,STAGE:2,SEQUENCE:1324,DATA:{'time': 1721861555.65, 'source': 'VitalsTask', 'timer': 141.052, 'data': {'sensor': 'Heart Rate', 'action': 'save', 'data': 'action button pressed'}}
INFO:root:1721861555.671705,ID:1008,STAGE:2,SEQUENCE:1324,DATA:{'time': 1721861555.651, 'source': 'VitalsTask', 'timer': 141.053, 'data': {'sensor': 'Heart Rate', 'action': 'save', 'data': 'starting sensor action'}}
INFO:root:1721861556.66839,ID:1008,STAGE:2,SEQUENCE:1324,DATA:{'time': 1721861556.662, 'source': 'VitalsTask', 'timer': 142.064, 'data': {'sensor': 'Heart Rate', 'action': 'save', 'data': 'sensor action complete'}}
INFO:root:1721861557.499702,ID:1008,STAGE:2,SEQUENCE:1324,DATA:{'time': 1721861557.494, 'user-id': '1008', 'source': 'HAI Interface', 'destination-index': '3', 'study-stage': '2', 'decision-state': 0, 'vitals-state': '1', 'airspace-state': 0, 'data': {'action': 'transmit button pressed'}}
INFO:root:1721861557.502692,ID:1008,STAGE:2,SEQUENCE:1324,DATA:{'time': 1721861557.495, 'user-id': '1008', 'source': 'HAI Interface', 'destination-index': '3', 'study-stage': '2', 'decision-state': 0, 'vitals-state': '1', 'airspace-state': 0, 'data': {'action': 'callsign set to: + MEDEVAC'}}
INFO:root:1721861560.52451,ID:1008,STAGE:2,SEQUENCE:1324,DATA:{'time': 1721861560.512, 'user-id': '1008', 'source': 'HAI Interface', 'destination-index': '3', 'study-stage': '2', 'decision-state': 0, 'vitals-state': '1', 'airspace-state': 0, 'data': {'action': 'receive button pressed'}}
INFO:root:1721861560.52801,ID:1008,STAGE:2,SEQUENCE:1324,DATA:{'time': 1721861560.512, 'user-id': '1008', 'source': 'HAI Interface', 'destination-index': '3', 'study-stage': '2', 'decision-state': 0, 'vitals-state': '1', 'airspace-state': 0, 'data': {'action': 'callsign set to:[object Object]'}}
INFO:root:1721861560.530534,ID:1008,STAGE:2,SEQUENCE:1324,DATA:{'time': 1721861560.513, 'user-id': '1008', 'source': 'HAI Interface', 'destination-index': '3', 'study-stage': '2', 'decision-state': 0, 'vitals-state': '1', 'airspace-state': 0, 'data': {'action': 'radio set to:Comm2'}}
INFO:root:1721861560.543523,ID:1008,STAGE:2,SEQUENCE:1324,DATA:{'time': 1721861560.516, 'user-id': '1008', 'source': 'HAI Interface', 'destination-index': '3', 'study-stage': '2', 'decision-state': 0, 'vitals-state': '1', 'airspace-state': 0, 'data': {'action': 'MEDEVACtransmitting onComm2123.45 MHz'}}
INFO:root:Administer medication radio comm initiated
INFO:root:1721861572.535141,ID:1008,STAGE:2,SEQUENCE:1324,DATA:{'time': 1721861572.527, 'source': 'VitalsTask', 'timer': 157.929, 'data': {'sensor': 'O\u2082 Saturation', 'action': 'opened sensor tab'}}
INFO:root:1721861574.598636,ID:1008,STAGE:2,SEQUENCE:1324,DATA:{'time': 1721861574.593, 'source': 'VitalsTask', 'timer': 159.995, 'data': {'sensor': 'O\u2082 Saturation', 'action': 'capture', 'data': 'action button pressed'}}
INFO:root:1721861574.601628,ID:1008,STAGE:2,SEQUENCE:1324,DATA:{'time': 1721861574.594, 'source': 'VitalsTask', 'timer': 159.996, 'data': {'sensor': 'O\u2082 Saturation', 'action': 'capture', 'data': 'starting sensor action'}}
INFO:root:1721861575.61114,ID:1008,STAGE:2,SEQUENCE:1324,DATA:{'time': 1721861575.605, 'source': 'VitalsTask', 'timer': 161.007, 'data': {'sensor': 'O\u2082 Saturation', 'action': 'capture', 'data': 'sensor action complete'}}
INFO:root:1721861575.613134,ID:1008,STAGE:2,SEQUENCE:1324,DATA:{'time': 1721861575.607, 'source': 'VitalsTask', 'timer': 161.009, 'data': {'sensor': 'O\u2082 Saturation', 'action': 'keypad open'}}
INFO:root:1721861583.901275,ID:1008,STAGE:2,SEQUENCE:1324,DATA:{'time': 1721861583.895, 'user-id': '1008', 'source': 'HAI Interface', 'destination-index': '3', 'study-stage': '2', 'decision-state': 0, 'vitals-state': '1', 'airspace-state': 0, 'data': {'page': 'Inflight', 'action': 'change altitude button pressed'}}
INFO:root:1721861585.030048,ID:1008,STAGE:2,SEQUENCE:1324,DATA:{'time': 1721861585.025, 'user-id': '1008', 'source': 'HAI Interface', 'destination-index': '3', 'study-stage': '2', 'decision-state': 0, 'vitals-state': '1', 'airspace-state': 0, 'data': {'page': 'map', 'action': 'selected helipad', 'value': '21'}}
INFO:root:1721861589.083831,ID:1008,STAGE:2,SEQUENCE:1324,DATA:{'time': 1721861589.078, 'user-id': '1008', 'source': 'HAI Interface', 'destination-index': '3', 'study-stage': '2', 'decision-state': 0, 'vitals-state': '1', 'airspace-state': 0, 'data': {'page': 'change-altitude', 'action': 'altitude changed by participant1000'}}
INFO:root:1721861591.042257,ID:1008,STAGE:2,SEQUENCE:1324,DATA:{'time': 1721861591.037, 'user-id': 'none', 'source': 'HAI Interface', 'destination-index': 3, 'study-stage': -1, 'decision-state': 0, 'vitals-state': 0, 'airspace-state': 0, 'data': {'page': 'Inflight', 'action': 'change destination button pressed'}}
INFO:root:1721861591.24561,ID:1008,STAGE:2,SEQUENCE:1324,DATA:{'time': 1721861591.187, 'user-id': 'none', 'source': 'HAI Interface', 'destination-index': 3, 'study-stage': -1, 'decision-state': 0, 'vitals-state': 0, 'airspace-state': 0, 'data': {'page': 'change-destination', 'action': 'opened page'}}
INFO:root:1721861592.163906,ID:1008,STAGE:2,SEQUENCE:1324,DATA:{'time': 1721861592.159, 'user-id': '1008', 'source': 'HAI Interface', 'destination-index': '3', 'study-stage': '2', 'decision-state': 0, 'vitals-state': '0', 'airspace-state': 0, 'data': {'page': 'map', 'action': 'selected helipad', 'value': '21'}}
INFO:root:1721861592.17036,ID:1008,STAGE:2,SEQUENCE:1324,DATA:{'time': 1721861592.16, 'user-id': '1008', 'source': 'HAI Interface', 'destination-index': '3', 'study-stage': '2', 'decision-state': 0, 'vitals-state': '0', 'airspace-state': 0, 'data': {'page': 'map', 'action': 'set destination', 'value': -1}}
INFO:root:1721861594.579948,ID:1008,STAGE:2,SEQUENCE:1324,DATA:{'time': 1721861594.574, 'user-id': '1008', 'source': 'HAI Interface', 'destination-index': '3', 'study-stage': '2', 'decision-state': 0, 'vitals-state': '0', 'airspace-state': 0, 'data': {'page': 'map', 'action': 'hide map'}}
INFO:root:Administer medication radio comm done- command to clear event  make the receive 0 sent 
INFO:root:1721861598.924567,ID:1008,STAGE:2,SEQUENCE:1324,DATA:{'time': 1721861598.92, 'user-id': '1008', 'source': 'HAI Interface', 'destination-index': '3', 'study-stage': '2', 'decision-state': 0, 'vitals-state': '0', 'airspace-state': 0, 'data': {'page': 'map', 'action': 'hide map'}}
INFO:root:1721861600.291117,ID:1008,STAGE:2,SEQUENCE:1324,DATA:{'time': 1721861600.286, 'user-id': '1008', 'source': 'HAI Interface', 'destination-index': '3', 'study-stage': '2', 'decision-state': 0, 'vitals-state': '0', 'airspace-state': 0, 'data': {'page': 'map', 'action': 'hide map'}}
INFO:root:SimConnect Error in /var
INFO:SimConnect.SimConnect:SIM OPEN
INFO:root:SimConnect Error in /var
INFO:SimConnect.SimConnect:SIM OPEN
INFO:root:1721861604.731821,ID:1008,STAGE:2,SEQUENCE:1324,DATA:{'time': 1721861604.727, 'user-id': '1008', 'source': 'HAI Interface', 'destination-index': '3', 'study-stage': '2', 'decision-state': 0, 'vitals-state': '0', 'airspace-state': 0, 'data': {'page': 'map', 'action': 'hide map'}}
INFO:root:1721861605.667201,ID:1008,STAGE:2,SEQUENCE:1324,DATA:{'time': 1721861605.659, 'user-id': '1008', 'source': 'HAI Interface', 'destination-index': '3', 'study-stage': '2', 'decision-state': 0, 'vitals-state': '0', 'airspace-state': 0, 'data': {'page': 'map', 'action': 'hide map'}}
INFO:root:1721861607.798577,ID:1008,STAGE:2,SEQUENCE:1324,DATA:{'time': 1721861607.79, 'user-id': '1008', 'source': 'HAI Interface', 'destination-index': '3', 'study-stage': '2', 'decision-state': 0, 'vitals-state': '0', 'airspace-state': 0, 'data': {'page': 'map', 'action': 'show map'}}
INFO:root:1721861607.816042,ID:1008,STAGE:2,SEQUENCE:1324,DATA:{'time': 1721861607.79, 'user-id': '1008', 'source': 'HAI Interface', 'destination-index': '3', 'study-stage': '2', 'decision-state': 0, 'vitals-state': '0', 'airspace-state': 0, 'data': {'page': 'map', 'action': 'selected helipad', 'value': '21'}}
INFO:root:1721861607.822131,ID:1008,STAGE:2,SEQUENCE:1324,DATA:{'time': 1721861607.791, 'user-id': '1008', 'source': 'HAI Interface', 'destination-index': '3', 'study-stage': '2', 'decision-state': 0, 'vitals-state': '0', 'airspace-state': 0, 'data': {'page': 'map', 'action': 'set destination', 'value': '3'}}
INFO:root:1721861614.661128,ID:1008,STAGE:2,SEQUENCE:1324,DATA:{'time': 1721861614.655, 'user-id': '1008', 'source': 'HAI Interface', 'destination-index': '3', 'study-stage': '2', 'decision-state': 0, 'vitals-state': '0', 'airspace-state': 0, 'data': {'action': 'radio panel opened'}}
INFO:root:1721861619.338815,ID:1008,STAGE:2,SEQUENCE:1324,DATA:{'time': 1721861619.327, 'user-id': '1008', 'source': 'HAI Interface', 'destination-index': '3', 'study-stage': '2', 'decision-state': 0, 'vitals-state': '0', 'airspace-state': 0, 'data': {'action': 'receive button pressed'}}
INFO:root:1721861619.351806,ID:1008,STAGE:2,SEQUENCE:1324,DATA:{'time': 1721861619.328, 'user-id': '1008', 'source': 'HAI Interface', 'destination-index': '3', 'study-stage': '2', 'decision-state': 0, 'vitals-state': '0', 'airspace-state': 0, 'data': {'action': 'callsign set to:[object Object]'}}
INFO:root:1721861622.035964,ID:1008,STAGE:2,SEQUENCE:1324,DATA:{'time': 1721861622.032, 'user-id': '1008', 'source': 'HAI Interface', 'destination-index': '3', 'study-stage': '2', 'decision-state': 0, 'vitals-state': '0', 'airspace-state': 0, 'data': {'action': 'receive button pressed'}}
INFO:root:1721861622.038469,ID:1008,STAGE:2,SEQUENCE:1324,DATA:{'time': 1721861622.032, 'user-id': '1008', 'source': 'HAI Interface', 'destination-index': '3', 'study-stage': '2', 'decision-state': 0, 'vitals-state': '0', 'airspace-state': 0, 'data': {'action': 'callsign set to:[object Object]'}}
INFO:root:1721861622.041465,ID:1008,STAGE:2,SEQUENCE:1324,DATA:{'time': 1721861622.033, 'user-id': '1008', 'source': 'HAI Interface', 'destination-index': '3', 'study-stage': '2', 'decision-state': 0, 'vitals-state': '0', 'airspace-state': 0, 'data': {'action': 'radio set to:Comm2'}}
INFO:root:1721861622.046991,ID:1008,STAGE:2,SEQUENCE:1324,DATA:{'time': 1721861622.036, 'user-id': '1008', 'source': 'HAI Interface', 'destination-index': '3', 'study-stage': '2', 'decision-state': 0, 'vitals-state': '0', 'airspace-state': 0, 'data': {'action': 'MEDEVACtransmitting onComm2123.45 MHz'}}
INFO:root:Inflight Radio Update asked
INFO:root:sent request to set radio update complete
INFO:root:Administer medication radio comm initiated
INFO:root:1721861651.464427,ID:1008,STAGE:2,SEQUENCE:1324,DATA:{'time': 1721861651.441, 'user-id': 'none', 'source': 'HAI Interface', 'destination-index': 3, 'study-stage': -1, 'decision-state': 0, 'vitals-state': 0, 'airspace-state': 0, 'data': {'page': 'checklist', 'action': 'opened page', 'inflight': True}}
INFO:root:1721861652.416974,ID:1008,STAGE:2,SEQUENCE:1324,DATA:{'time': 1721861652.412, 'user-id': '1008', 'source': 'HAI Interface', 'destination-index': '3', 'study-stage': '2', 'decision-state': 0, 'vitals-state': '0', 'airspace-state': 0, 'data': {'page': 'map', 'action': 'selected helipad', 'value': '21'}}
INFO:root:1721861662.477439,ID:1008,STAGE:2,SEQUENCE:1324,DATA:{'time': 1721861662.474, 'user-id': '1008', 'source': 'HAI Interface', 'destination-index': '3', 'study-stage': '2', 'decision-state': 0, 'vitals-state': '0', 'airspace-state': 0, 'data': {'page': 'checklist', 'action': 'toggled checkbox', 'inflight': True, 'item': 0, 'value': 'OFF'}}
INFO:root:1721861662.712231,ID:1008,STAGE:2,SEQUENCE:1324,DATA:{'time': 1721861662.707, 'user-id': '1008', 'source': 'HAI Interface', 'destination-index': '3', 'study-stage': '2', 'decision-state': 0, 'vitals-state': '0', 'airspace-state': 0, 'data': {'page': 'checklist', 'action': 'toggled checkbox', 'inflight': True, 'item': 1, 'value': 'OFF'}}
INFO:root:1721861662.966536,ID:1008,STAGE:2,SEQUENCE:1324,DATA:{'time': 1721861662.961, 'user-id': '1008', 'source': 'HAI Interface', 'destination-index': '3', 'study-stage': '2', 'decision-state': 0, 'vitals-state': '0', 'airspace-state': 0, 'data': {'page': 'checklist', 'action': 'toggled checkbox', 'inflight': True, 'item': 2, 'value': 'OFF'}}
INFO:root:1721861662.968581,ID:1008,STAGE:2,SEQUENCE:1324,DATA:{'time': 1721861662.961, 'user-id': '1008', 'source': 'HAI Interface', 'destination-index': '3', 'study-stage': '2', 'decision-state': 0, 'vitals-state': '0', 'airspace-state': 0, 'data': {'page': 'checklist', 'action': 'showing confirm button', 'inflight': True}}
INFO:root:1721861664.095271,ID:1008,STAGE:2,SEQUENCE:1324,DATA:{'time': 1721861664.09, 'user-id': '1008', 'source': 'HAI Interface', 'destination-index': '3', 'study-stage': '2', 'decision-state': 0, 'vitals-state': '0', 'airspace-state': 0, 'data': {'page': 'checklist', 'action': 'confirm button clicked', 'inflight': True}}
INFO:root:1721861664.416405,ID:1008,STAGE:2,SEQUENCE:1324,DATA:{'time': 1721861664.386, 'user-id': 'none', 'source': 'HAI Interface', 'destination-index': 3, 'study-stage': -1, 'decision-state': 0, 'vitals-state': 0, 'airspace-state': 0, 'data': {'page': 'landing-confirmation', 'action': 'opened page'}}
INFO:root:1721861664.420718,ID:1008,STAGE:2,SEQUENCE:1324,DATA:{'time': 1721861664.388, 'user-id': 'none', 'source': 'HAI Interface', 'destination-index': 3, 'study-stage': -1, 'decision-state': 0, 'vitals-state': 0, 'airspace-state': 0, 'data': {'page': 'landing-confirmation', 'action': 'showing helipad confirm', 'value': 1}}
INFO:root:1721861665.367663,ID:1008,STAGE:2,SEQUENCE:1324,DATA:{'time': 1721861665.363, 'user-id': '1008', 'source': 'HAI Interface', 'destination-index': '3', 'study-stage': '2', 'decision-state': 0, 'vitals-state': '0', 'airspace-state': 0, 'data': {'page': 'map', 'action': 'selected helipad', 'value': '21'}}
INFO:root:Administer medication radio comm done- command to clear event  make the receive 0 sent 
INFO:root:1721861668.284016,ID:1008,STAGE:2,SEQUENCE:1324,DATA:{'time': 1721861668.281, 'user-id': '1008', 'source': 'HAI Interface', 'destination-index': '3', 'study-stage': '2', 'decision-state': 0, 'vitals-state': '0', 'airspace-state': 0, 'data': {'page': 'landing-confirmation', 'action': 'checkbox toggle', 'item': 0, 'value': 'ON'}}
INFO:root:1721861669.934177,ID:1008,STAGE:2,SEQUENCE:1324,DATA:{'time': 1721861669.93, 'user-id': '1008', 'source': 'HAI Interface', 'destination-index': '3', 'study-stage': '2', 'decision-state': 0, 'vitals-state': '0', 'airspace-state': 0, 'data': {'page': 'landing-confirmation', 'action': 'checkbox toggle', 'item': 1, 'value': 'ON'}}
INFO:root:1721861670.83871,ID:1008,STAGE:2,SEQUENCE:1324,DATA:{'time': 1721861670.834, 'user-id': '1008', 'source': 'HAI Interface', 'destination-index': '3', 'study-stage': '2', 'decision-state': 0, 'vitals-state': '0', 'airspace-state': 0, 'data': {'page': 'landing-confirmation', 'action': 'confirmed safe to land'}}
INFO:root:1721861670.841059,ID:1008,STAGE:2,SEQUENCE:1324,DATA:{'time': 1721861670.835, 'user-id': '1008', 'source': 'HAI Interface', 'destination-index': '3', 'study-stage': '2', 'decision-state': 0, 'vitals-state': '0', 'airspace-state': 0, 'data': {'page': 'landing-confirmation', 'action': 'showing helipad ready'}}
INFO:root:1721861672.027731,ID:1008,STAGE:2,SEQUENCE:1324,DATA:{'time': 1721861672.022, 'user-id': '1008', 'source': 'HAI Interface', 'destination-index': '3', 'study-stage': '2', 'decision-state': 0, 'vitals-state': '0', 'airspace-state': 0, 'data': {'page': 'landing-confirmation', 'action': 'gave landing confirmation'}}
INFO:root:1721861672.164862,ID:1008,STAGE:2,SEQUENCE:1324,DATA:{'time': 1721861672.141, 'user-id': 'none', 'source': 'HAI Interface', 'destination-index': 3, 'study-stage': -1, 'decision-state': 0, 'vitals-state': 0, 'airspace-state': 0, 'data': {'page': 'landing-countdown', 'action': 'opened page'}}
INFO:root:1721861673.120709,ID:1008,STAGE:2,SEQUENCE:1324,DATA:{'time': 1721861673.117, 'user-id': '1008', 'source': 'HAI Interface', 'destination-index': '3', 'study-stage': '2', 'decision-state': '1', 'vitals-state': '0', 'airspace-state': 0, 'data': {'page': 'map', 'action': 'selected helipad', 'value': '21'}}
INFO:root:1721861673.146466,ID:1008,STAGE:2,SEQUENCE:1324,DATA:{'time': 1721861673.142, 'user-id': '1008', 'source': 'HAI Interface', 'destination-index': '3', 'study-stage': '2', 'decision-state': '1', 'vitals-state': '0', 'airspace-state': 0, 'data': {'page': 'landing-countdown', 'action': 'countdown changed', 'value': 5}}
INFO:root:1721861673.673535,ID:1008,STAGE:2,SEQUENCE:1324,DATA:{'time': 1721861673.67, 'user-id': '1008', 'source': 'HAI Interface', 'destination-index': '3', 'study-stage': '2', 'decision-state': '1', 'vitals-state': '0', 'airspace-state': 0, 'data': {'action': 'radio panel opened'}}
INFO:root:1721861674.146565,ID:1008,STAGE:2,SEQUENCE:1324,DATA:{'time': 1721861674.142, 'user-id': '1008', 'source': 'HAI Interface', 'destination-index': '3', 'study-stage': '2', 'decision-state': '1', 'vitals-state': '0', 'airspace-state': 0, 'data': {'page': 'landing-countdown', 'action': 'countdown changed', 'value': 4}}
INFO:root:1721861675.146895,ID:1008,STAGE:2,SEQUENCE:1324,DATA:{'time': 1721861675.142, 'user-id': '1008', 'source': 'HAI Interface', 'destination-index': '3', 'study-stage': '2', 'decision-state': '1', 'vitals-state': '0', 'airspace-state': 0, 'data': {'page': 'landing-countdown', 'action': 'countdown changed', 'value': 3}}
INFO:root:1721861676.150604,ID:1008,STAGE:2,SEQUENCE:1324,DATA:{'time': 1721861676.142, 'user-id': '1008', 'source': 'HAI Interface', 'destination-index': '3', 'study-stage': '2', 'decision-state': '1', 'vitals-state': '0', 'airspace-state': 0, 'data': {'page': 'landing-countdown', 'action': 'countdown changed', 'value': 2}}
INFO:root:1721861677.146511,ID:1008,STAGE:2,SEQUENCE:1324,DATA:{'time': 1721861677.142, 'user-id': '1008', 'source': 'HAI Interface', 'destination-index': '3', 'study-stage': '2', 'decision-state': '1', 'vitals-state': '0', 'airspace-state': 0, 'data': {'page': 'landing-countdown', 'action': 'countdown changed', 'value': 1}}
INFO:root:1721861677.972081,ID:1008,STAGE:2,SEQUENCE:1324,DATA:{'time': 1721861677.968, 'user-id': '1008', 'source': 'HAI Interface', 'destination-index': '3', 'study-stage': '2', 'decision-state': '1', 'vitals-state': '0', 'airspace-state': 0, 'data': {'action': 'transmit button pressed'}}
INFO:root:1721861677.976074,ID:1008,STAGE:2,SEQUENCE:1324,DATA:{'time': 1721861677.968, 'user-id': '1008', 'source': 'HAI Interface', 'destination-index': '3', 'study-stage': '2', 'decision-state': '1', 'vitals-state': '0', 'airspace-state': 0, 'data': {'action': 'callsign set to: + NASXGS'}}
INFO:root:1721861677.978771,ID:1008,STAGE:2,SEQUENCE:1324,DATA:{'time': 1721861677.968, 'user-id': '1008', 'source': 'HAI Interface', 'destination-index': '3', 'study-stage': '2', 'decision-state': '1', 'vitals-state': '0', 'airspace-state': 0, 'data': {'action': 'radio set to:Comm1'}}
INFO:root:1721861677.982761,ID:1008,STAGE:2,SEQUENCE:1324,DATA:{'time': 1721861677.969, 'user-id': '1008', 'source': 'HAI Interface', 'destination-index': '3', 'study-stage': '2', 'decision-state': '1', 'vitals-state': '0', 'airspace-state': 0, 'data': {'page': 'map', 'action': 'show map'}}
INFO:root:1721861677.985752,ID:1008,STAGE:2,SEQUENCE:1324,DATA:{'time': 1721861677.969, 'user-id': '1008', 'source': 'HAI Interface', 'destination-index': '3', 'study-stage': '2', 'decision-state': '1', 'vitals-state': '0', 'airspace-state': 0, 'data': {'page': 'map', 'action': 'selected helipad', 'value': '21'}}
INFO:root:1721861677.989742,ID:1008,STAGE:2,SEQUENCE:1324,DATA:{'time': 1721861677.973, 'user-id': '1008', 'source': 'HAI Interface', 'destination-index': '3', 'study-stage': '2', 'decision-state': '1', 'vitals-state': '0', 'airspace-state': 0, 'data': {'action': 'NASXGStransmitting updates onComm1123.45 MHz'}}
INFO:root:1721861678.146822,ID:1008,STAGE:2,SEQUENCE:1324,DATA:{'time': 1721861678.142, 'user-id': '1008', 'source': 'HAI Interface', 'destination-index': '3', 'study-stage': '2', 'decision-state': '1', 'vitals-state': '0', 'airspace-state': 0, 'data': {'page': 'landing-countdown', 'action': 'countdown changed', 'value': 0}}
INFO:root:1721861679.151961,ID:1008,STAGE:2,SEQUENCE:1324,DATA:{'time': 1721861679.149, 'user-id': '1008', 'source': 'HAI Interface', 'destination-index': '3', 'study-stage': '2', 'decision-state': '1', 'vitals-state': '0', 'airspace-state': 0, 'data': {'page': 'landing-countdown', 'action': 'countdown complete'}}
INFO:root:1721861679.29361,ID:1008,STAGE:2,SEQUENCE:1324,DATA:{'time': 1721861679.275, 'user-id': 'none', 'source': 'HAI Interface', 'destination-index': 3, 'study-stage': -1, 'decision-state': 0, 'vitals-state': 0, 'airspace-state': 0, 'data': {'page': 'landed', 'action': 'opened page'}}
INFO:root:1721861680.254792,ID:1008,STAGE:2,SEQUENCE:1324,DATA:{'time': 1721861680.251, 'user-id': '1008', 'source': 'HAI Interface', 'destination-index': '3', 'study-stage': '2', 'decision-state': '1', 'vitals-state': '0', 'airspace-state': 0, 'data': {'page': 'map', 'action': 'selected helipad', 'value': '21'}}
INFO:SimConnect.SimConnect:SIM Paused
INFO:SimConnect.SimConnect:SIM Paused
INFO:SimConnect.SimConnect:SIM Stop
INFO:SimConnect.SimConnect:SIM Stop
INFO:SimConnect.SimConnect:SIM Paused
INFO:SimConnect.SimConnect:SIM Paused
INFO:SimConnect.SimConnect:SIM START
INFO:SimConnect.SimConnect:SIM START
INFO:SimConnect.SimConnect:SIM Unpaused
INFO:SimConnect.SimConnect:SIM Unpaused
