1752873117.087913,ID:2111,STAGE:1,SEQUENCE:1234,DATA:{'page':'{'sensor': 'Heart Rate', 'action': 'opened sensor tab'}','action':'None','timestamp':1752873117100},ANY:{'page': {'sensor': 'Heart Rate', 'action': 'opened sensor tab'}, 'timestamp': 1752873117100}
1752873117.088878,ID:2111,STAGE:1,SEQUENCE:1234,DATA:{'page':'{'sensor': 'Heart Rate', 'action': 'keypad open'}','action':'None','timestamp':1752873117101},ANY:{'page': {'sensor': 'Heart Rate', 'action': 'keypad open'}, 'timestamp': 1752873117101}
1752873117.089374,ID:2111,STAGE:1,SEQUENCE:1234,DATA:{'page':'{'sensor': 'Heart Rate', 'action': 'show action buttons'}','action':'None','timestamp':1752873117102},ANY:{'page': {'sensor': 'Heart Rate', 'action': 'show action buttons'}, 'timestamp': 1752873117102}
1752873525.263997,ID:2111,STAGE:1,SEQUENCE:1234,DATA:{'page':'{'sensor': 'Heart Rate', 'action': 'opened sensor tab'}','action':'None','timestamp':1752873525277},ANY:{'page': {'sensor': 'Heart Rate', 'action': 'opened sensor tab'}, 'timestamp': 1752873525277}
1752873528.584772,ID:2111,STAGE:1,SEQUENCE:1234,DATA:{'page':'{'sensor': 'Heart Rate', 'action': 'capture', 'data': 'action button pressed'}','action':'None','timestamp':1752873528597},ANY:{'page': {'sensor': 'Heart Rate', 'action': 'capture', 'data': 'action button pressed'}, 'timestamp': 1752873528597}
1752873528.585292,ID:2111,STAGE:1,SEQUENCE:1234,DATA:{'page':'{'sensor': 'Heart Rate', 'action': 'capture', 'data': 'starting sensor action'}','action':'None','timestamp':1752873528597},ANY:{'page': {'sensor': 'Heart Rate', 'action': 'capture', 'data': 'starting sensor action'}, 'timestamp': 1752873528597}
1752873529.600207,ID:2111,STAGE:1,SEQUENCE:1234,DATA:{'page':'{'sensor': 'Heart Rate', 'action': 'capture', 'data': 'sensor action complete'}','action':'None','timestamp':1752873529613},ANY:{'page': {'sensor': 'Heart Rate', 'action': 'capture', 'data': 'sensor action complete'}, 'timestamp': 1752873529613}
1752873529.60117,ID:2111,STAGE:1,SEQUENCE:1234,DATA:{'page':'{'sensor': 'Heart Rate', 'action': 'keypad open'}','action':'None','timestamp':1752873529613},ANY:{'page': {'sensor': 'Heart Rate', 'action': 'keypad open'}, 'timestamp': 1752873529613}
1752873535.560802,ID:2111,STAGE:1,SEQUENCE:1234,DATA:{'page':'{'sensor': 'Heart Rate', 'action': 'keypad press', 'key': 5, 'value': 5}','action':'None','timestamp':1752873535573},ANY:{'page': {'sensor': 'Heart Rate', 'action': 'keypad press', 'key': 5, 'value': 5}, 'timestamp': 1752873535573}
1752873535.736238,ID:2111,STAGE:1,SEQUENCE:1234,DATA:{'page':'{'sensor': 'Heart Rate', 'action': 'keypad press', 'key': 5, 'value': 55}','action':'None','timestamp':1752873535748},ANY:{'page': {'sensor': 'Heart Rate', 'action': 'keypad press', 'key': 5, 'value': 55}, 'timestamp': 1752873535748}
1752873537.408585,ID:2111,STAGE:1,SEQUENCE:1234,DATA:{'page':'{'sensor': 'Heart Rate', 'action': 'keypad press', 'key': 10, 'value': 55}','action':'None','timestamp':1752873537421},ANY:{'page': {'sensor': 'Heart Rate', 'action': 'keypad press', 'key': 10, 'value': 55}, 'timestamp': 1752873537421}
1752873539.824182,ID:2111,STAGE:1,SEQUENCE:1234,DATA:{'page':'{'sensor': 'Heart Rate', 'action': 'log', 'data': 'action button pressed'}','action':'None','timestamp':1752873539837},ANY:{'page': {'sensor': 'Heart Rate', 'action': 'log', 'data': 'action button pressed'}, 'timestamp': 1752873539837}
1752873539.824677,ID:2111,STAGE:1,SEQUENCE:1234,DATA:{'page':'{'sensor': 'Heart Rate', 'action': 'log', 'data': 'starting sensor action'}','action':'None','timestamp':1752873539837},ANY:{'page': {'sensor': 'Heart Rate', 'action': 'log', 'data': 'starting sensor action'}, 'timestamp': 1752873539837}
1752873540.846343,ID:2111,STAGE:1,SEQUENCE:1234,DATA:{'page':'{'sensor': 'Heart Rate', 'action': 'log', 'data': 'sensor action complete'}','action':'None','timestamp':1752873540860},ANY:{'page': {'sensor': 'Heart Rate', 'action': 'log', 'data': 'sensor action complete'}, 'timestamp': 1752873540860}
1752873542.372434,ID:2111,STAGE:1,SEQUENCE:1234,DATA:{'page':'{'sensor': 'Heart Rate', 'action': 'save', 'data': 'action button pressed'}','action':'None','timestamp':1752873542385},ANY:{'page': {'sensor': 'Heart Rate', 'action': 'save', 'data': 'action button pressed'}, 'timestamp': 1752873542385}
1752873542.374915,ID:2111,STAGE:1,SEQUENCE:1234,DATA:{'page':'{'sensor': 'Heart Rate', 'action': 'save', 'data': 'starting sensor action'}','action':'None','timestamp':1752873542386},ANY:{'page': {'sensor': 'Heart Rate', 'action': 'save', 'data': 'starting sensor action'}, 'timestamp': 1752873542386}
1752873543.391265,ID:2111,STAGE:1,SEQUENCE:1234,DATA:{'page':'{'sensor': 'Heart Rate', 'action': 'save', 'data': 'sensor action complete'}','action':'None','timestamp':1752873543404},ANY:{'page': {'sensor': 'Heart Rate', 'action': 'save', 'data': 'sensor action complete'}, 'timestamp': 1752873543404}
1752873547.072157,ID:2111,STAGE:1,SEQUENCE:1234,DATA:{'page':'{'sensor': 'O₂ Saturation', 'action': 'opened sensor tab'}','action':'None','timestamp':1752873547085},ANY:{'page': {'sensor': 'O₂ Saturation', 'action': 'opened sensor tab'}, 'timestamp': 1752873547085}
1752873549.967277,ID:2111,STAGE:1,SEQUENCE:1234,DATA:{'page':'{'sensor': 'O₂ Saturation', 'action': 'capture', 'data': 'action button pressed'}','action':'None','timestamp':1752873549980},ANY:{'page': {'sensor': 'O₂ Saturation', 'action': 'capture', 'data': 'action button pressed'}, 'timestamp': 1752873549980}
1752873549.967773,ID:2111,STAGE:1,SEQUENCE:1234,DATA:{'page':'{'sensor': 'O₂ Saturation', 'action': 'capture', 'data': 'starting sensor action'}','action':'None','timestamp':1752873549980},ANY:{'page': {'sensor': 'O₂ Saturation', 'action': 'capture', 'data': 'starting sensor action'}, 'timestamp': 1752873549980}
1752873550.984674,ID:2111,STAGE:1,SEQUENCE:1234,DATA:{'page':'{'sensor': 'O₂ Saturation', 'action': 'capture', 'data': 'sensor action complete'}','action':'None','timestamp':1752873550998},ANY:{'page': {'sensor': 'O₂ Saturation', 'action': 'capture', 'data': 'sensor action complete'}, 'timestamp': 1752873550998}
1752873550.986658,ID:2111,STAGE:1,SEQUENCE:1234,DATA:{'page':'{'sensor': 'O₂ Saturation', 'action': 'keypad open'}','action':'None','timestamp':1752873550998},ANY:{'page': {'sensor': 'O₂ Saturation', 'action': 'keypad open'}, 'timestamp': 1752873550998}
1752873552.320104,ID:2111,STAGE:1,SEQUENCE:1234,DATA:{'page':'{'sensor': 'O₂ Saturation', 'action': 'keypad press', 'key': 1, 'value': 1}','action':'None','timestamp':1752873552332},ANY:{'page': {'sensor': 'O₂ Saturation', 'action': 'keypad press', 'key': 1, 'value': 1}, 'timestamp': 1752873552332}
1752873553.306523,ID:2111,STAGE:1,SEQUENCE:1234,DATA:{'page':'{'sensor': 'O₂ Saturation', 'action': 'keypad press', 'key': 11, 'value': 10}','action':'None','timestamp':1752873553318},ANY:{'page': {'sensor': 'O₂ Saturation', 'action': 'keypad press', 'key': 11, 'value': 10}, 'timestamp': 1752873553318}
1752873553.514159,ID:2111,STAGE:1,SEQUENCE:1234,DATA:{'page':'{'sensor': 'O₂ Saturation', 'action': 'keypad press', 'key': 11, 'value': 100}','action':'None','timestamp':1752873553526},ANY:{'page': {'sensor': 'O₂ Saturation', 'action': 'keypad press', 'key': 11, 'value': 100}, 'timestamp': 1752873553526}
1752873554.103944,ID:2111,STAGE:1,SEQUENCE:1234,DATA:{'page':'{'sensor': 'O₂ Saturation', 'action': 'show action buttons'}','action':'None','timestamp':1752873554116},ANY:{'page': {'sensor': 'O₂ Saturation', 'action': 'show action buttons'}, 'timestamp': 1752873554116}
1752873554.104467,ID:2111,STAGE:1,SEQUENCE:1234,DATA:{'page':'{'sensor': 'O₂ Saturation', 'action': 'keypad press', 'key': 10, 'value': 100}','action':'None','timestamp':1752873554116},ANY:{'page': {'sensor': 'O₂ Saturation', 'action': 'keypad press', 'key': 10, 'value': 100}, 'timestamp': 1752873554116}
1752873555.424694,ID:2111,STAGE:1,SEQUENCE:1234,DATA:{'page':'{'sensor': 'O₂ Saturation', 'action': 'log', 'data': 'action button pressed'}','action':'None','timestamp':1752873555437},ANY:{'page': {'sensor': 'O₂ Saturation', 'action': 'log', 'data': 'action button pressed'}, 'timestamp': 1752873555437}
1752873555.42519,ID:2111,STAGE:1,SEQUENCE:1234,DATA:{'page':'{'sensor': 'O₂ Saturation', 'action': 'log', 'data': 'starting sensor action'}','action':'None','timestamp':1752873555437},ANY:{'page': {'sensor': 'O₂ Saturation', 'action': 'log', 'data': 'starting sensor action'}, 'timestamp': 1752873555437}
1752873556.439838,ID:2111,STAGE:1,SEQUENCE:1234,DATA:{'page':'{'sensor': 'O₂ Saturation', 'action': 'log', 'data': 'sensor action complete'}','action':'None','timestamp':1752873556452},ANY:{'page': {'sensor': 'O₂ Saturation', 'action': 'log', 'data': 'sensor action complete'}, 'timestamp': 1752873556452}
1752873557.31232,ID:2111,STAGE:1,SEQUENCE:1234,DATA:{'page':'{'sensor': 'O₂ Saturation', 'action': 'save', 'data': 'action button pressed'}','action':'None','timestamp':1752873557325},ANY:{'page': {'sensor': 'O₂ Saturation', 'action': 'save', 'data': 'action button pressed'}, 'timestamp': 1752873557325}
1752873557.312817,ID:2111,STAGE:1,SEQUENCE:1234,DATA:{'page':'{'sensor': 'O₂ Saturation', 'action': 'save', 'data': 'starting sensor action'}','action':'None','timestamp':1752873557325},ANY:{'page': {'sensor': 'O₂ Saturation', 'action': 'save', 'data': 'starting sensor action'}, 'timestamp': 1752873557325}
1752873558.330156,ID:2111,STAGE:1,SEQUENCE:1234,DATA:{'page':'{'sensor': 'O₂ Saturation', 'action': 'save', 'data': 'sensor action complete'}','action':'None','timestamp':1752873558343},ANY:{'page': {'sensor': 'O₂ Saturation', 'action': 'save', 'data': 'sensor action complete'}, 'timestamp': 1752873558343}
1752873560.400077,ID:2111,STAGE:1,SEQUENCE:1234,DATA:{'page':'{'sensor': 'Blood Pressure', 'action': 'opened sensor tab'}','action':'None','timestamp':1752873560412},ANY:{'page': {'sensor': 'Blood Pressure', 'action': 'opened sensor tab'}, 'timestamp': 1752873560412}
1752873561.960325,ID:2111,STAGE:1,SEQUENCE:1234,DATA:{'page':'{'sensor': 'Blood Pressure', 'action': 'capture', 'data': 'action button pressed'}','action':'None','timestamp':1752873561972},ANY:{'page': {'sensor': 'Blood Pressure', 'action': 'capture', 'data': 'action button pressed'}, 'timestamp': 1752873561972}
1752873561.960821,ID:2111,STAGE:1,SEQUENCE:1234,DATA:{'page':'{'sensor': 'Blood Pressure', 'action': 'capture', 'data': 'starting sensor action'}','action':'None','timestamp':1752873561972},ANY:{'page': {'sensor': 'Blood Pressure', 'action': 'capture', 'data': 'starting sensor action'}, 'timestamp': 1752873561972}
1752873562.979487,ID:2111,STAGE:1,SEQUENCE:1234,DATA:{'page':'{'sensor': 'Blood Pressure', 'action': 'capture', 'data': 'sensor action complete'}','action':'None','timestamp':1752873562992},ANY:{'page': {'sensor': 'Blood Pressure', 'action': 'capture', 'data': 'sensor action complete'}, 'timestamp': 1752873562992}
1752873562.979984,ID:2111,STAGE:1,SEQUENCE:1234,DATA:{'page':'{'sensor': 'Blood Pressure', 'action': 'keypad open'}','action':'None','timestamp':1752873562992},ANY:{'page': {'sensor': 'Blood Pressure', 'action': 'keypad open'}, 'timestamp': 1752873562992}
1752873564.679484,ID:2111,STAGE:1,SEQUENCE:1234,DATA:{'page':'{'sensor': 'Blood Pressure', 'action': 'keypad press', 'key': 1, 'value': 1}','action':'None','timestamp':1752873564692},ANY:{'page': {'sensor': 'Blood Pressure', 'action': 'keypad press', 'key': 1, 'value': 1}, 'timestamp': 1752873564692}
1752873565.193321,ID:2111,STAGE:1,SEQUENCE:1234,DATA:{'page':'{'sensor': 'Blood Pressure', 'action': 'keypad press', 'key': 2, 'value': 12}','action':'None','timestamp':1752873565205},ANY:{'page': {'sensor': 'Blood Pressure', 'action': 'keypad press', 'key': 2, 'value': 12}, 'timestamp': 1752873565205}
1752873565.912882,ID:2111,STAGE:1,SEQUENCE:1234,DATA:{'page':'{'sensor': 'Blood Pressure', 'action': 'keypad press', 'key': 11, 'value': 120}','action':'None','timestamp':1752873565925},ANY:{'page': {'sensor': 'Blood Pressure', 'action': 'keypad press', 'key': 11, 'value': 120}, 'timestamp': 1752873565925}
1752873566.895843,ID:2111,STAGE:1,SEQUENCE:1234,DATA:{'page':'{'sensor': 'Blood Pressure', 'action': 'keypad press', 'key': 8, 'value': 1208}','action':'None','timestamp':1752873566908},ANY:{'page': {'sensor': 'Blood Pressure', 'action': 'keypad press', 'key': 8, 'value': 1208}, 'timestamp': 1752873566908}
1752873567.36776,ID:2111,STAGE:1,SEQUENCE:1234,DATA:{'page':'{'sensor': 'Blood Pressure', 'action': 'keypad press', 'key': 11, 'value': 12080}','action':'None','timestamp':1752873567381},ANY:{'page': {'sensor': 'Blood Pressure', 'action': 'keypad press', 'key': 11, 'value': 12080}, 'timestamp': 1752873567381}
1752873569.449493,ID:2111,STAGE:1,SEQUENCE:1234,DATA:{'page':'{'sensor': 'Blood Pressure', 'action': 'keypad press', 'key': 7, 'value': 120807}','action':'None','timestamp':1752873569460},ANY:{'page': {'sensor': 'Blood Pressure', 'action': 'keypad press', 'key': 7, 'value': 120807}, 'timestamp': 1752873569460}
1752873569.651208,ID:2111,STAGE:1,SEQUENCE:1234,DATA:{'page':'{'sensor': 'Blood Pressure', 'action': 'keypad press', 'key': 7, 'value': 1208077}','action':'None','timestamp':1752873569663},ANY:{'page': {'sensor': 'Blood Pressure', 'action': 'keypad press', 'key': 7, 'value': 1208077}, 'timestamp': 1752873569663}
1752873569.953019,ID:2111,STAGE:1,SEQUENCE:1234,DATA:{'page':'{'sensor': 'Blood Pressure', 'action': 'keypad press', 'key': 7, 'value': 12080777}','action':'None','timestamp':1752873569964},ANY:{'page': {'sensor': 'Blood Pressure', 'action': 'keypad press', 'key': 7, 'value': 12080777}, 'timestamp': 1752873569964}
1752873571.223842,ID:2111,STAGE:1,SEQUENCE:1234,DATA:{'page':'{'sensor': 'Blood Pressure', 'action': 'keypad press', 'key': 12, 'value': 1208077}','action':'None','timestamp':1752873571237},ANY:{'page': {'sensor': 'Blood Pressure', 'action': 'keypad press', 'key': 12, 'value': 1208077}, 'timestamp': 1752873571237}
1752873571.447793,ID:2111,STAGE:1,SEQUENCE:1234,DATA:{'page':'{'sensor': 'Blood Pressure', 'action': 'keypad press', 'key': 12, 'value': 120807}','action':'None','timestamp':1752873571460},ANY:{'page': {'sensor': 'Blood Pressure', 'action': 'keypad press', 'key': 12, 'value': 120807}, 'timestamp': 1752873571460}
1752873571.694811,ID:2111,STAGE:1,SEQUENCE:1234,DATA:{'page':'{'sensor': 'Blood Pressure', 'action': 'keypad press', 'key': 12, 'value': 12080}','action':'None','timestamp':1752873571708},ANY:{'page': {'sensor': 'Blood Pressure', 'action': 'keypad press', 'key': 12, 'value': 12080}, 'timestamp': 1752873571708}
1752873572.563056,ID:2111,STAGE:1,SEQUENCE:1234,DATA:{'page':'{'sensor': 'Blood Pressure', 'action': 'show action buttons'}','action':'None','timestamp':1752873572573},ANY:{'page': {'sensor': 'Blood Pressure', 'action': 'show action buttons'}, 'timestamp': 1752873572573}
1752873572.56355,ID:2111,STAGE:1,SEQUENCE:1234,DATA:{'page':'{'sensor': 'Blood Pressure', 'action': 'keypad press', 'key': 10, 'value': 12080}','action':'None','timestamp':1752873572574},ANY:{'page': {'sensor': 'Blood Pressure', 'action': 'keypad press', 'key': 10, 'value': 12080}, 'timestamp': 1752873572574}
1752873591.935606,ID:2111,STAGE:1,SEQUENCE:1234,DATA:{'page':'{'sensor': 'Blood Pressure', 'action': 'log', 'data': 'action button pressed'}','action':'None','timestamp':1752873591947},ANY:{'page': {'sensor': 'Blood Pressure', 'action': 'log', 'data': 'action button pressed'}, 'timestamp': 1752873591947}
1752873591.936077,ID:2111,STAGE:1,SEQUENCE:1234,DATA:{'page':'{'sensor': 'Blood Pressure', 'action': 'log', 'data': 'starting sensor action'}','action':'None','timestamp':1752873591948},ANY:{'page': {'sensor': 'Blood Pressure', 'action': 'log', 'data': 'starting sensor action'}, 'timestamp': 1752873591948}
1752873592.951742,ID:2111,STAGE:1,SEQUENCE:1234,DATA:{'page':'{'sensor': 'Blood Pressure', 'action': 'log', 'data': 'sensor action complete'}','action':'None','timestamp':1752873592958},ANY:{'page': {'sensor': 'Blood Pressure', 'action': 'log', 'data': 'sensor action complete'}, 'timestamp': 1752873592958}
1752873594.080347,ID:2111,STAGE:1,SEQUENCE:1234,DATA:{'page':'{'sensor': 'Blood Pressure', 'action': 'save', 'data': 'action button pressed'}','action':'None','timestamp':1752873594093},ANY:{'page': {'sensor': 'Blood Pressure', 'action': 'save', 'data': 'action button pressed'}, 'timestamp': 1752873594093}
1752873594.081366,ID:2111,STAGE:1,SEQUENCE:1234,DATA:{'page':'{'sensor': 'Blood Pressure', 'action': 'save', 'data': 'starting sensor action'}','action':'None','timestamp':1752873594094},ANY:{'page': {'sensor': 'Blood Pressure', 'action': 'save', 'data': 'starting sensor action'}, 'timestamp': 1752873594094}
1752873595.10308,ID:2111,STAGE:1,SEQUENCE:1234,DATA:{'page':'{'sensor': 'Blood Pressure', 'action': 'save', 'data': 'sensor action complete'}','action':'None','timestamp':1752873595108},ANY:{'page': {'sensor': 'Blood Pressure', 'action': 'save', 'data': 'sensor action complete'}, 'timestamp': 1752873595108}
1752873599.087634,ID:2111,STAGE:1,SEQUENCE:1234,DATA:{'page':'{'sensor': 'submit', 'action': 'submit', 'data': 'submit succeeded'}','action':'None','timestamp':1752873599100},ANY:{'page': {'sensor': 'submit', 'action': 'submit', 'data': 'submit succeeded'}, 'timestamp': 1752873599100}
1752873730.454528,ID:2111,STAGE:1,SEQUENCE:1234,DATA:{'page':'{'page': 'speak text', 'action': 'Receieved text and level:Are you ready to start?normal'}','action':'None','timestamp':1752873730452},ANY:{'page': {'page': 'speak text', 'action': 'Receieved text and level:Are you ready to start?normal'}, 'timestamp': 1752873730452}
1752873730.455023,ID:2111,STAGE:1,SEQUENCE:1234,DATA:{'page':'{'page': 'Jarvis speaking', 'action': 'Message: Are you ready to start? Stress level: normal'}','action':'None','timestamp':1752873730453},ANY:{'page': {'page': 'Jarvis speaking', 'action': 'Message: Are you ready to start? Stress level: normal'}, 'timestamp': 1752873730453}
1752873733.622683,ID:2111,STAGE:1,SEQUENCE:1234,DATA:{'page':'{'action': 'Controller Executing: click on start-button with value: undefined'}','action':'None','timestamp':1752873733620},ANY:{'page': {'action': 'Controller Executing: click on start-button with value: undefined'}, 'timestamp': 1752873733620}
1752873733.624171,ID:2111,STAGE:1,SEQUENCE:1234,DATA:{'page':'{'page': 'index', 'action': 'confirm button pressed'}','action':'None','timestamp':1752873733620},ANY:{'page': {'page': 'index', 'action': 'confirm button pressed'}, 'timestamp': 1752873733620}
1752873733.705515,ID:2111,STAGE:1,SEQUENCE:1234,DATA:{'page':'None','action':'None','timestamp':None},ANY:{'time': 1752873733.701, 'user-id': 'none', 'source': 'HAI Interface', 'destination-index': 3, 'study-stage': -1, 'decision-state': 0, 'vitals-state': 0, 'airspace-state': 0, 'data': {'page': 'location', 'action': 'opened page'}}
1752873734.68079,ID:2111,STAGE:1,SEQUENCE:1234,DATA:{'page':'{'page': 'map', 'action': 'selected helipad', 'value': '21'}','action':'None','timestamp':1752873734676},ANY:{'page': {'page': 'map', 'action': 'selected helipad', 'value': '21'}, 'timestamp': 1752873734676}
1752873735.348826,ID:2111,STAGE:1,SEQUENCE:1234,DATA:{'page':'{'page': 'speak text', 'action': 'Receieved text and level:Please confirm the destination Emory University Hospitalnormal'}','action':'None','timestamp':1752873735345},ANY:{'page': {'page': 'speak text', 'action': 'Receieved text and level:Please confirm the destination Emory University Hospitalnormal'}, 'timestamp': 1752873735345}
1752873735.349321,ID:2111,STAGE:1,SEQUENCE:1234,DATA:{'page':'{'page': 'Jarvis speaking', 'action': 'Message: Please confirm the destination Emory University Hospital Stress level: normal'}','action':'None','timestamp':1752873735345},ANY:{'page': {'page': 'Jarvis speaking', 'action': 'Message: Please confirm the destination Emory University Hospital Stress level: normal'}, 'timestamp': 1752873735345}
1752873741.815376,ID:2111,STAGE:1,SEQUENCE:1234,DATA:{'page':'None','action':'None','timestamp':None},ANY:{'time': 1752873741.812, 'user-id': '2111', 'source': 'HAI Interface', 'destination-index': 'None', 'study-stage': '1', 'decision-state': 0, 'vitals-state': 0, 'airspace-state': 0, 'data': {'page': 'location', 'action': 'confirm button pressed'}}
1752873741.893744,ID:2111,STAGE:1,SEQUENCE:1234,DATA:{'page':'{'page': 'checklist', 'action': 'opened page', 'inflight': False}','action':'None','timestamp':1752873741886},ANY:{'page': {'page': 'checklist', 'action': 'opened page', 'inflight': False}, 'timestamp': 1752873741886}
1752873742.873704,ID:2111,STAGE:1,SEQUENCE:1234,DATA:{'page':'{'page': 'map', 'action': 'selected helipad', 'value': '21'}','action':'None','timestamp':1752873742871},ANY:{'page': {'page': 'map', 'action': 'selected helipad', 'value': '21'}, 'timestamp': 1752873742871}
1752873762.661851,ID:2111,STAGE:1,SEQUENCE:1234,DATA:{'page':'{'page': 'checklist', 'action': 'toggled checkbox', 'inflight': False, 'item': 0, 'value': 'OFF'}','action':'None','timestamp':1752873762660},ANY:{'page': {'page': 'checklist', 'action': 'toggled checkbox', 'inflight': False, 'item': 0, 'value': 'OFF'}, 'timestamp': 1752873762660}
1752873772.691987,ID:2111,STAGE:1,SEQUENCE:1234,DATA:{'page':'{'page': 'checklist', 'action': 'toggled checkbox', 'inflight': False, 'item': 1, 'value': 'OFF'}','action':'None','timestamp':1752873772690},ANY:{'page': {'page': 'checklist', 'action': 'toggled checkbox', 'inflight': False, 'item': 1, 'value': 'OFF'}, 'timestamp': 1752873772690}
1752873776.018525,ID:2111,STAGE:1,SEQUENCE:1234,DATA:{'page':'{'page': 'checklist', 'action': 'toggled checkbox', 'inflight': False, 'item': 2, 'value': 'OFF'}','action':'None','timestamp':1752873776016},ANY:{'page': {'page': 'checklist', 'action': 'toggled checkbox', 'inflight': False, 'item': 2, 'value': 'OFF'}, 'timestamp': 1752873776016}
1752873776.019021,ID:2111,STAGE:1,SEQUENCE:1234,DATA:{'page':'{'page': 'checklist', 'action': 'showing confirm button', 'inflight': False}','action':'None','timestamp':1752873776016},ANY:{'page': {'page': 'checklist', 'action': 'showing confirm button', 'inflight': False}, 'timestamp': 1752873776016}
1752873777.571012,ID:2111,STAGE:1,SEQUENCE:1234,DATA:{'page':'{'action': 'Controller Executing: click on confirm-button with value: undefined'}','action':'None','timestamp':1752873777568},ANY:{'page': {'action': 'Controller Executing: click on confirm-button with value: undefined'}, 'timestamp': 1752873777568}
1752873777.572501,ID:2111,STAGE:1,SEQUENCE:1234,DATA:{'page':'{'page': 'checklist', 'action': 'confirm button clicked', 'inflight': False}','action':'None','timestamp':1752873777568},ANY:{'page': {'page': 'checklist', 'action': 'confirm button clicked', 'inflight': False}, 'timestamp': 1752873777568}
1752873777.649379,ID:2111,STAGE:1,SEQUENCE:1234,DATA:{'page':'{'page': 'countdown', 'action': 'opened page'}','action':'None','timestamp':1752873777642},ANY:{'page': {'page': 'countdown', 'action': 'opened page'}, 'timestamp': 1752873777642}
1752873778.625599,ID:2111,STAGE:1,SEQUENCE:1234,DATA:{'page':'{'page': 'map', 'action': 'selected helipad', 'value': '21'}','action':'None','timestamp':1752873778623},ANY:{'page': {'page': 'map', 'action': 'selected helipad', 'value': '21'}, 'timestamp': 1752873778623}
1752873778.658942,ID:2111,STAGE:1,SEQUENCE:1234,DATA:{'page':'{'page': 'countdown', 'action': 'countdown now 4'}','action':'None','timestamp':1752873778656},ANY:{'page': {'page': 'countdown', 'action': 'countdown now 4'}, 'timestamp': 1752873778656}
1752873779.655089,ID:2111,STAGE:1,SEQUENCE:1234,DATA:{'page':'{'page': 'countdown', 'action': 'countdown now 3'}','action':'None','timestamp':1752873779652},ANY:{'page': {'page': 'countdown', 'action': 'countdown now 3'}, 'timestamp': 1752873779652}
1752873780.329747,ID:2111,STAGE:1,SEQUENCE:1234,DATA:{'page':'{'page': 'Jarvis speaking', 'action': 'Message: Acknowledge, Taking Off Stress level: normal'}','action':'None','timestamp':1752873780327},ANY:{'page': {'page': 'Jarvis speaking', 'action': 'Message: Acknowledge, Taking Off Stress level: normal'}, 'timestamp': 1752873780327}
1752873780.647431,ID:2111,STAGE:1,SEQUENCE:1234,DATA:{'page':'{'page': 'countdown', 'action': 'countdown now 2'}','action':'None','timestamp':1752873780643},ANY:{'page': {'page': 'countdown', 'action': 'countdown now 2'}, 'timestamp': 1752873780643}
1752873781.646566,ID:2111,STAGE:1,SEQUENCE:1234,DATA:{'page':'{'page': 'countdown', 'action': 'countdown now 1'}','action':'None','timestamp':1752873781644},ANY:{'page': {'page': 'countdown', 'action': 'countdown now 1'}, 'timestamp': 1752873781644}
1752873782.647995,ID:2111,STAGE:1,SEQUENCE:1234,DATA:{'page':'{'page': 'countdown', 'action': 'countdown now 0'}','action':'None','timestamp':1752873782644},ANY:{'page': {'page': 'countdown', 'action': 'countdown now 0'}, 'timestamp': 1752873782644}
1752873783.646545,ID:2111,STAGE:1,SEQUENCE:1234,DATA:{'page':'{'page': 'countdown', 'action': 'countdown complete'}','action':'None','timestamp':1752873783643},ANY:{'page': {'page': 'countdown', 'action': 'countdown complete'}, 'timestamp': 1752873783643}
1752873784.43299,ID:2111,STAGE:1,SEQUENCE:1234,DATA:{'page':'{'action': 'Starting prompt cycle'}','action':'None','timestamp':1752873784445},ANY:{'page': {'action': 'Starting prompt cycle'}, 'timestamp': 1752873784445}
1752873784.462701,ID:2111,STAGE:1,SEQUENCE:1234,DATA:{'page':'{'action': 'Starting prompt cycle'}','action':'None','timestamp':1752873784475},ANY:{'page': {'action': 'Starting prompt cycle'}, 'timestamp': 1752873784475}
1752873784.753014,ID:2111,STAGE:1,SEQUENCE:1234,DATA:{'page':'{'page': 'map', 'action': 'selected helipad', 'value': '21'}','action':'None','timestamp':1752873784749},ANY:{'page': {'page': 'map', 'action': 'selected helipad', 'value': '21'}, 'timestamp': 1752873784749}
1752873788.808866,ID:2111,STAGE:1,SEQUENCE:1234,DATA:{'page':'{'page': 'emergency', 'action': 'trying to change destination to100'}','action':'None','timestamp':1752873788805},ANY:{'page': {'page': 'emergency', 'action': 'trying to change destination to100'}, 'timestamp': 1752873788805}
1752873792.923105,ID:2111,STAGE:1,SEQUENCE:1234,DATA:{'page':'{'page': 'Ground speaking', 'action': 'N A S X G S, this is Ground Control asking for update on flight status, patient status and estimated time to destination.'}','action':'None','timestamp':1752873792935},ANY:{'page': {'page': 'Ground speaking', 'action': 'N A S X G S, this is Ground Control asking for update on flight status, patient status and estimated time to destination.'}, 'timestamp': 1752873792935}
1752873792.923601,ID:2111,STAGE:1,SEQUENCE:1234,DATA:{'page':'{'page': 'radio update', 'action': 'radio update asked'}','action':'None','timestamp':1752873792935},ANY:{'page': {'page': 'radio update', 'action': 'radio update asked'}, 'timestamp': 1752873792935}
1752873792.924594,ID:2111,STAGE:1,SEQUENCE:1234,DATA:{'page':'{'page': 'radio prompt', 'action': 'radio update prompt 1'}','action':'None','timestamp':1752873792936},ANY:{'page': {'page': 'radio prompt', 'action': 'radio update prompt 1'}, 'timestamp': 1752873792936}
1752873793.787774,ID:2111,STAGE:1,SEQUENCE:1234,DATA:{'page':'{'page': 'emergency', 'action': 'trying to change destination to19'}','action':'None','timestamp':1752873793785},ANY:{'page': {'page': 'emergency', 'action': 'trying to change destination to19'}, 'timestamp': 1752873793785}
1752873798.796997,ID:2111,STAGE:1,SEQUENCE:1234,DATA:{'page':'{'page': 'emergency', 'action': 'trying to change destination to19'}','action':'None','timestamp':1752873798794},ANY:{'page': {'page': 'emergency', 'action': 'trying to change destination to19'}, 'timestamp': 1752873798794}
1752873803.804998,ID:2111,STAGE:1,SEQUENCE:1234,DATA:{'page':'{'page': 'emergency', 'action': 'trying to change destination to19'}','action':'None','timestamp':1752873803802},ANY:{'page': {'page': 'emergency', 'action': 'trying to change destination to19'}, 'timestamp': 1752873803802}
1752873808.818421,ID:2111,STAGE:1,SEQUENCE:1234,DATA:{'page':'{'page': 'emergency', 'action': 'trying to change destination to19'}','action':'None','timestamp':1752873808815},ANY:{'page': {'page': 'emergency', 'action': 'trying to change destination to19'}, 'timestamp': 1752873808815}
1752873812.304724,ID:2111,STAGE:1,SEQUENCE:1234,DATA:{'page':'{'page': 'Jarvis speaking', 'action': 'Message: Opening map Stress level: normal'}','action':'None','timestamp':1752873812300},ANY:{'page': {'page': 'Jarvis speaking', 'action': 'Message: Opening map Stress level: normal'}, 'timestamp': 1752873812300}
1752873813.289779,ID:2111,STAGE:1,SEQUENCE:1234,DATA:{'page':'{'page': 'map', 'action': 'selected helipad', 'value': '21'}','action':'None','timestamp':1752873813287},ANY:{'page': {'page': 'map', 'action': 'selected helipad', 'value': '21'}, 'timestamp': 1752873813287}
1752873813.768551,ID:2111,STAGE:1,SEQUENCE:1234,DATA:{'page':'{'page': 'map', 'action': 'show map'}','action':'None','timestamp':1752873813764},ANY:{'page': {'page': 'map', 'action': 'show map'}, 'timestamp': 1752873813764}
1752873813.769047,ID:2111,STAGE:1,SEQUENCE:1234,DATA:{'page':'{'page': 'map', 'action': 'selected helipad', 'value': '21'}','action':'None','timestamp':1752873813765},ANY:{'page': {'page': 'map', 'action': 'selected helipad', 'value': '21'}, 'timestamp': 1752873813765}
1752873813.787894,ID:2111,STAGE:1,SEQUENCE:1234,DATA:{'page':'{'page': 'emergency', 'action': 'trying to change destination to19'}','action':'None','timestamp':1752873813784},ANY:{'page': {'page': 'emergency', 'action': 'trying to change destination to19'}, 'timestamp': 1752873813784}
1752873818.786782,ID:2111,STAGE:1,SEQUENCE:1234,DATA:{'page':'{'page': 'emergency', 'action': 'trying to change destination to19'}','action':'None','timestamp':1752873818783},ANY:{'page': {'page': 'emergency', 'action': 'trying to change destination to19'}, 'timestamp': 1752873818783}
1752873823.781438,ID:2111,STAGE:1,SEQUENCE:1234,DATA:{'page':'{'page': 'emergency', 'action': 'trying to change destination to19'}','action':'None','timestamp':1752873823779},ANY:{'page': {'page': 'emergency', 'action': 'trying to change destination to19'}, 'timestamp': 1752873823779}
1752873828.801685,ID:2111,STAGE:1,SEQUENCE:1234,DATA:{'page':'{'page': 'emergency', 'action': 'trying to change destination to19'}','action':'None','timestamp':1752873828799},ANY:{'page': {'page': 'emergency', 'action': 'trying to change destination to19'}, 'timestamp': 1752873828799}
1752873833.815343,ID:2111,STAGE:1,SEQUENCE:1234,DATA:{'page':'{'page': 'emergency', 'action': 'trying to change destination to19'}','action':'None','timestamp':1752873833811},ANY:{'page': {'page': 'emergency', 'action': 'trying to change destination to19'}, 'timestamp': 1752873833811}
1752873838.819566,ID:2111,STAGE:1,SEQUENCE:1234,DATA:{'page':'{'page': 'emergency', 'action': 'trying to change destination to19'}','action':'None','timestamp':1752873838815},ANY:{'page': {'page': 'emergency', 'action': 'trying to change destination to19'}, 'timestamp': 1752873838815}
1752873843.79721,ID:2111,STAGE:1,SEQUENCE:1234,DATA:{'page':'{'page': 'emergency', 'action': 'trying to change destination to19'}','action':'None','timestamp':1752873843794},ANY:{'page': {'page': 'emergency', 'action': 'trying to change destination to19'}, 'timestamp': 1752873843794}
1752873844.73166,ID:2111,STAGE:1,SEQUENCE:1234,DATA:{'page':'{'page': 'inflight', 'action': 'displaying vitals prompt'}','action':'None','timestamp':1752873844744},ANY:{'page': {'page': 'inflight', 'action': 'displaying vitals prompt'}, 'timestamp': 1752873844744}
1752873844.733151,ID:2111,STAGE:1,SEQUENCE:1234,DATA:{'page':'{'page': 'vitals prompt', 'action': 'vitals_prompt 1'}','action':'None','timestamp':1752873844745},ANY:{'page': {'page': 'vitals prompt', 'action': 'vitals_prompt 1'}, 'timestamp': 1752873844745}
44745}
1752873848.80833,ID:2111,STAGE:1,SEQUENCE:1234,DATA:{'page':'{'page': 'emergency', 'action': 'trying to change destination to19'}','action':'None','timestamp':1752873848806},ANY:{'page': {'page': 'emergency', 'action': 'trying to change destination to19'}, 'timestamp': 1752873848806}
1752873853.818729,ID:2111,STAGE:1,SEQUENCE:1234,DATA:{'page':'{'page': 'emergency', 'action': 'trying to change destination to19'}','action':'None','timestamp':1752873853814},ANY:{'page': {'page': 'emergency', 'action': 'trying to change destination to19'}, 'timestamp': 1752873853814}
1752873858.826398,ID:2111,STAGE:1,SEQUENCE:1234,DATA:{'page':'{'page': 'emergency', 'action': 'trying to change destination to19'}','action':'None','timestamp':1752873858822},ANY:{'page': {'page': 'emergency', 'action': 'trying to change destination to19'}, 'timestamp': 1752873858822}
1752873859.234013,ID:2111,STAGE:1,SEQUENCE:1234,DATA:{'page':'{'page': 'map', 'action': 'selected helipad', 'value': '17'}','action':'None','timestamp':1752873859231},ANY:{'page': {'page': 'map', 'action': 'selected helipad', 'value': '17'}, 'timestamp': 1752873859231}
1752873859.733146,ID:2111,STAGE:1,SEQUENCE:1234,DATA:{'page':'{'page': 'vitals prompt', 'action': 'auto off vitals prompt'}','action':'None','timestamp':1752873859745},ANY:{'page': {'page': 'vitals prompt', 'action': 'auto off vitals prompt'}, 'timestamp': 1752873859745}
1752873863.807199,ID:2111,STAGE:1,SEQUENCE:1234,DATA:{'page':'{'page': 'emergency', 'action': 'trying to change destination to19'}','action':'None','timestamp':1752873863804},ANY:{'page': {'page': 'emergency', 'action': 'trying to change destination to19'}, 'timestamp': 1752873863804}
1752873868.818091,ID:2111,STAGE:1,SEQUENCE:1234,DATA:{'page':'{'page': 'emergency', 'action': 'trying to change destination to19'}','action':'None','timestamp':1752873868814},ANY:{'page': {'page': 'emergency', 'action': 'trying to change destination to19'}, 'timestamp': 1752873868814}
1752873873.464634,ID:2111,STAGE:1,SEQUENCE:1234,DATA:{'page':'{'page': 'map', 'action': 'hide map'}','action':'None','timestamp':1752873873462},ANY:{'page': {'page': 'map', 'action': 'hide map'}, 'timestamp': 1752873873462}
1752873873.797407,ID:2111,STAGE:1,SEQUENCE:1234,DATA:{'page':'{'page': 'emergency', 'action': 'trying to change destination to19'}','action':'None','timestamp':1752873873794},ANY:{'page': {'page': 'emergency', 'action': 'trying to change destination to19'}, 'timestamp': 1752873873794}
1752873878.806336,ID:2111,STAGE:1,SEQUENCE:1234,DATA:{'page':'{'page': 'emergency', 'action': 'trying to change destination to19'}','action':'None','timestamp':1752873878804},ANY:{'page': {'page': 'emergency', 'action': 'trying to change destination to19'}, 'timestamp': 1752873878804}
1752873879.063878,ID:2111,STAGE:1,SEQUENCE:1234,DATA:{'page':'{'page': 'map', 'action': 'show map'}','action':'None','timestamp':1752873879060},ANY:{'page': {'page': 'map', 'action': 'show map'}, 'timestamp': 1752873879060}
1752873879.064374,ID:2111,STAGE:1,SEQUENCE:1234,DATA:{'page':'{'page': 'map', 'action': 'selected helipad', 'value': '21'}','action':'None','timestamp':1752873879061},ANY:{'page': {'page': 'map', 'action': 'selected helipad', 'value': '21'}, 'timestamp': 1752873879061}
1752873883.783135,ID:2111,STAGE:1,SEQUENCE:1234,DATA:{'page':'{'page': 'emergency', 'action': 'trying to change destination to19'}','action':'None','timestamp':1752873883779},ANY:{'page': {'page': 'emergency', 'action': 'trying to change destination to19'}, 'timestamp': 1752873883779}
1752873888.794169,ID:2111,STAGE:1,SEQUENCE:1234,DATA:{'page':'{'page': 'emergency', 'action': 'trying to change destination to19'}','action':'None','timestamp':1752873888791},ANY:{'page': {'page': 'emergency', 'action': 'trying to change destination to19'}, 'timestamp': 1752873888791}
1752873890.495913,ID:2111,STAGE:1,SEQUENCE:1234,DATA:{'page':'{'page': 'map', 'action': 'selected helipad', 'value': 100}','action':'None','timestamp':1752873890493},ANY:{'page': {'page': 'map', 'action': 'selected helipad', 'value': 100}, 'timestamp': 1752873890493}
1752873893.806047,ID:2111,STAGE:1,SEQUENCE:1234,DATA:{'page':'{'page': 'emergency', 'action': 'trying to change destination to19'}','action':'None','timestamp':1752873893802},ANY:{'page': {'page': 'emergency', 'action': 'trying to change destination to19'}, 'timestamp': 1752873893802}
1752873898.785101,ID:2111,STAGE:1,SEQUENCE:1234,DATA:{'page':'{'page': 'emergency', 'action': 'trying to change destination to19'}','action':'None','timestamp':1752873898782},ANY:{'page': {'page': 'emergency', 'action': 'trying to change destination to19'}, 'timestamp': 1752873898782}
1752873901.673832,ID:2111,STAGE:1,SEQUENCE:1234,DATA:{'page':'{'page': 'Ground speaking', 'action': 'N A S X G S, this is Ground Control asking for update on flight status, patient status and estimated time to destination.'}','action':'None','timestamp':1752873901687},ANY:{'page': {'page': 'Ground speaking', 'action': 'N A S X G S, this is Ground Control asking for update on flight status, patient status and estimated time to destination.'}, 'timestamp': 1752873901687}
1752873901.674823,ID:2111,STAGE:1,SEQUENCE:1234,DATA:{'page':'{'page': 'radio update', 'action': 'radio update asked'}','action':'None','timestamp':1752873901687},ANY:{'page': {'page': 'radio update', 'action': 'radio update asked'}, 'timestamp': 1752873901687}
1752873901.675319,ID:2111,STAGE:1,SEQUENCE:1234,DATA:{'page':'{'page': 'radio prompt', 'action': 'radio update prompt 2'}','action':'None','timestamp':1752873901687},ANY:{'page': {'page': 'radio prompt', 'action': 'radio update prompt 2'}, 'timestamp': 1752873901687}
1752873903.801179,ID:2111,STAGE:1,SEQUENCE:1234,DATA:{'page':'{'page': 'emergency', 'action': 'trying to change destination to19'}','action':'None','timestamp':1752873903797},ANY:{'page': {'page': 'emergency', 'action': 'trying to change destination to19'}, 'timestamp': 1752873903797}
1752873908.808257,ID:2111,STAGE:1,SEQUENCE:1234,DATA:{'page':'{'page': 'emergency', 'action': 'trying to change destination to19'}','action':'None','timestamp':1752873908803},ANY:{'page': {'page': 'emergency', 'action': 'trying to change destination to19'}, 'timestamp': 1752873908803}
1752873913.782659,ID:2111,STAGE:1,SEQUENCE:1234,DATA:{'page':'{'page': 'emergency', 'action': 'trying to change destination to19'}','action':'None','timestamp':1752873913779},ANY:{'page': {'page': 'emergency', 'action': 'trying to change destination to19'}, 'timestamp': 1752873913779}
1752873918.789598,ID:2111,STAGE:1,SEQUENCE:1234,DATA:{'page':'{'page': 'emergency', 'action': 'trying to change destination to19'}','action':'None','timestamp':1752873918786},ANY:{'page': {'page': 'emergency', 'action': 'trying to change destination to19'}, 'timestamp': 1752873918786}
1752873923.80722,ID:2111,STAGE:1,SEQUENCE:1234,DATA:{'page':'{'page': 'emergency', 'action': 'trying to change destination to19'}','action':'None','timestamp':1752873923804},ANY:{'page': {'page': 'emergency', 'action': 'trying to change destination to19'}, 'timestamp': 1752873923804}
1752873928.781933,ID:2111,STAGE:1,SEQUENCE:1234,DATA:{'page':'{'page': 'emergency', 'action': 'trying to change destination to19'}','action':'None','timestamp':1752873928779},ANY:{'page': {'page': 'emergency', 'action': 'trying to change destination to19'}, 'timestamp': 1752873928779}
1752873933.793965,ID:2111,STAGE:1,SEQUENCE:1234,DATA:{'page':'{'page': 'emergency', 'action': 'trying to change destination to19'}','action':'None','timestamp':1752873933791},ANY:{'page': {'page': 'emergency', 'action': 'trying to change destination to19'}, 'timestamp': 1752873933791}
1752873938.807925,ID:2111,STAGE:1,SEQUENCE:1234,DATA:{'page':'{'page': 'emergency', 'action': 'trying to change destination to19'}','action':'None','timestamp':1752873938804},ANY:{'page': {'page': 'emergency', 'action': 'trying to change destination to19'}, 'timestamp': 1752873938804}
1752873943.781954,ID:2111,STAGE:1,SEQUENCE:1234,DATA:{'page':'{'page': 'emergency', 'action': 'trying to change destination to19'}','action':'None','timestamp':1752873943779},ANY:{'page': {'page': 'emergency', 'action': 'trying to change destination to19'}, 'timestamp': 1752873943779}
1752873948.798342,ID:2111,STAGE:1,SEQUENCE:1234,DATA:{'page':'{'page': 'emergency', 'action': 'trying to change destination to19'}','action':'None','timestamp':1752873948793},ANY:{'page': {'page': 'emergency', 'action': 'trying to change destination to19'}, 'timestamp': 1752873948793}
1752873950.454969,ID:2111,STAGE:1,SEQUENCE:1234,DATA:{'page':'{'page': 'inflight', 'action': 'displaying vitals prompt'}','action':'None','timestamp':1752873950467},ANY:{'page': {'page': 'inflight', 'action': 'displaying vitals prompt'}, 'timestamp': 1752873950467}
1752873950.456457,ID:2111,STAGE:1,SEQUENCE:1234,DATA:{'page':'{'page': 'vitals prompt', 'action': 'vitals_prompt 2'}','action':'None','timestamp':1752873950467},ANY:{'page': {'page': 'vitals prompt', 'action': 'vitals_prompt 2'}, 'timestamp': 1752873950467}
50467}
1752873953.808511,ID:2111,STAGE:1,SEQUENCE:1234,DATA:{'page':'{'page': 'emergency', 'action': 'trying to change destination to19'}','action':'None','timestamp':1752873953805},ANY:{'page': {'page': 'emergency', 'action': 'trying to change destination to19'}, 'timestamp': 1752873953805}
1752873958.829414,ID:2111,STAGE:1,SEQUENCE:1234,DATA:{'page':'{'page': 'Inflight', 'action': ' Altitude alert activated'}','action':'None','timestamp':1752873958824},ANY:{'page': {'page': 'Inflight', 'action': ' Altitude alert activated'}, 'timestamp': 1752873958824}
 hide map'}, 'timestamp': 1752873958822}
1752873958.829414,ID:2111,STAGE:1,SEQUENCE:1234,DATA:{'page':'{'page': 'Inflight', 'action': 'showing emergency: low Sensor Miscalibrated <div> Report the reading from the secondary altitude gauge</div>'}','action':'None','timestamp':1752873958825},ANY:{'page': {'page': 'Inflight', 'action': 'showing emergency: low Sensor Miscalibrated <div> Report the reading from the secondary altitude gauge</div>'}, 'timestamp': 1752873958825}
1752873958.83537,ID:2111,STAGE:1,SEQUENCE:1234,DATA:{'page':'{'page': 'Jarvis speaking', 'action': 'Message: Primary Altitude sensor miscalibrated. Request reading from secondary altitude gauge, left panel, second dial. Stress level: normal'}','action':'None','timestamp':1752873958825},ANY:{'page': {'page': 'Jarvis speaking', 'action': 'Message: Primary Altitude sensor miscalibrated. Request reading from secondary altitude gauge, left panel, second dial. Stress level: normal'}, 'timestamp': 1752873958825}
1752873959.218849,ID:2111,STAGE:1,SEQUENCE:1234,DATA:{'page':'{'action': 'user acknowledged vitals prompt'}','action':'None','timestamp':1752873959232},ANY:{'page': {'action': 'user acknowledged vitals prompt'}, 'timestamp': 1752873959232}
1752873963.799645,ID:2111,STAGE:1,SEQUENCE:1234,DATA:{'page':'{'page': 'emergency', 'action': 'trying to change destination to19'}','action':'None','timestamp':1752873963796},ANY:{'page': {'page': 'emergency', 'action': 'trying to change destination to19'}, 'timestamp': 1752873963796}
1752873965.456268,ID:2111,STAGE:1,SEQUENCE:1234,DATA:{'page':'{'page': 'vitals prompt', 'action': 'auto off vitals prompt'}','action':'None','timestamp':1752873965468},ANY:{'page': {'page': 'vitals prompt', 'action': 'auto off vitals prompt'}, 'timestamp': 1752873965468}
1752873968.809439,ID:2111,STAGE:1,SEQUENCE:1234,DATA:{'page':'{'page': 'emergency', 'action': 'trying to change destination to19'}','action':'None','timestamp':1752873968805},ANY:{'page': {'page': 'emergency', 'action': 'trying to change destination to19'}, 'timestamp': 1752873968805}
1752873969.260416,ID:2111,STAGE:1,SEQUENCE:1234,DATA:{'page':'{'page': 'speak text', 'action': 'Receieved text and level:Please, Inform current altitude in feet.normal'}','action':'None','timestamp':1752873969257},ANY:{'page': {'page': 'speak text', 'action': 'Receieved text and level:Please, Inform current altitude in feet.normal'}, 'timestamp': 1752873969257}
1752873969.260912,ID:2111,STAGE:1,SEQUENCE:1234,DATA:{'page':'{'page': 'Jarvis speaking', 'action': 'Message: Please, Inform current altitude in feet. Stress level: normal'}','action':'None','timestamp':1752873969258},ANY:{'page': {'page': 'Jarvis speaking', 'action': 'Message: Please, Inform current altitude in feet. Stress level: normal'}, 'timestamp': 1752873969258}
1752873969.426966,ID:2111,STAGE:1,SEQUENCE:1234,DATA:{'page':'{'sensor': 'Blood Pressure', 'action': 'capture', 'data': 'action button pressed'}','action':'None','timestamp':1752873969440},ANY:{'page': {'sensor': 'Blood Pressure', 'action': 'capture', 'data': 'action button pressed'}, 'timestamp': 1752873969440}
1752873969.427958,ID:2111,STAGE:1,SEQUENCE:1234,DATA:{'page':'{'sensor': 'Blood Pressure', 'action': 'capture', 'data': 'starting sensor action'}','action':'None','timestamp':1752873969440},ANY:{'page': {'sensor': 'Blood Pressure', 'action': 'capture', 'data': 'starting sensor action'}, 'timestamp': 1752873969440}
1752873970.442851,ID:2111,STAGE:1,SEQUENCE:1234,DATA:{'page':'{'sensor': 'Blood Pressure', 'action': 'keypad open'}','action':'None','timestamp':1752873970455},ANY:{'page': {'sensor': 'Blood Pressure', 'action': 'keypad open'}, 'timestamp': 1752873970455}
a': 'sensor action complete'}, 'timestamp': 1752873970454}
1752873973.818168,ID:2111,STAGE:1,SEQUENCE:1234,DATA:{'page':'{'page': 'emergency', 'action': 'trying to change destination to19'}','action':'None','timestamp':1752873973815},ANY:{'page': {'page': 'emergency', 'action': 'trying to change destination to19'}, 'timestamp': 1752873973815}
1752873974.195837,ID:2111,STAGE:1,SEQUENCE:1234,DATA:{'page':'{'sensor': 'Blood Pressure', 'action': 'keypad press', 'key': 1, 'value': 1}','action':'None','timestamp':1752873974207},ANY:{'page': {'sensor': 'Blood Pressure', 'action': 'keypad press', 'key': 1, 'value': 1}, 'timestamp': 1752873974207}
1752873975.108393,ID:2111,STAGE:1,SEQUENCE:1234,DATA:{'page':'{'sensor': 'Blood Pressure', 'action': 'keypad press', 'key': 2, 'value': 12}','action':'None','timestamp':1752873975120},ANY:{'page': {'sensor': 'Blood Pressure', 'action': 'keypad press', 'key': 2, 'value': 12}, 'timestamp': 1752873975120}
1752873976.048982,ID:2111,STAGE:1,SEQUENCE:1234,DATA:{'page':'{'action': 'Controller Executing: set-value on valueInput with value: 4000'}','action':'None','timestamp':1752873976045},ANY:{'page': {'action': 'Controller Executing: set-value on valueInput with value: 4000'}, 'timestamp': 1752873976045}
1752873976.049477,ID:2111,STAGE:1,SEQUENCE:1234,DATA:{'page':'{'page': 'speak text', 'action': 'Receieved text and level:settingaltitudeinputto4000normal'}','action':'None','timestamp':1752873976046},ANY:{'page': {'page': 'speak text', 'action': 'Receieved text and level:settingaltitudeinputto4000normal'}, 'timestamp': 1752873976046}
1752873976.05047,ID:2111,STAGE:1,SEQUENCE:1234,DATA:{'page':'{'page': 'Jarvis speaking', 'action': 'Message: settingaltitudeinputto4000 Stress level: normal'}','action':'None','timestamp':1752873976046},ANY:{'page': {'page': 'Jarvis speaking', 'action': 'Message: settingaltitudeinputto4000 Stress level: normal'}, 'timestamp': 1752873976046}
1752873976.093416,ID:2111,STAGE:1,SEQUENCE:1234,DATA:{'page':'{'sensor': 'Blood Pressure', 'action': 'keypad press', 'key': 11, 'value': 120}','action':'None','timestamp':1752873976103},ANY:{'page': {'sensor': 'Blood Pressure', 'action': 'keypad press', 'key': 11, 'value': 120}, 'timestamp': 1752873976103}
1752873977.396828,ID:2111,STAGE:1,SEQUENCE:1234,DATA:{'page':'{'sensor': 'Blood Pressure', 'action': 'keypad press', 'key': 8, 'value': 1208}','action':'None','timestamp':1752873977409},ANY:{'page': {'sensor': 'Blood Pressure', 'action': 'keypad press', 'key': 8, 'value': 1208}, 'timestamp': 1752873977409}
1752873978.285828,ID:2111,STAGE:1,SEQUENCE:1234,DATA:{'page':'{'sensor': 'Blood Pressure', 'action': 'keypad press', 'key': 11, 'value': 12080}','action':'None','timestamp':1752873978296},ANY:{'page': {'sensor': 'Blood Pressure', 'action': 'keypad press', 'key': 11, 'value': 12080}, 'timestamp': 1752873978296}
1752873978.737626,ID:2111,STAGE:1,SEQUENCE:1234,DATA:{'page':'{'action': 'Controller Executing: click on submit-button with value: undefined'}','action':'None','timestamp':1752873978735},ANY:{'page': {'action': 'Controller Executing: click on submit-button with value: undefined'}, 'timestamp': 1752873978735}
1752873978.738124,ID:2111,STAGE:1,SEQUENCE:1234,DATA:{'page':'{'page': 'Jarvis speaking', 'action': 'Message: Copy. Sensor miscalibration likely. WARNING CLEARED. System status: Normal. Continuing course. Stress level: normal'}','action':'None','timestamp':1752873978736},ANY:{'page': {'page': 'Jarvis speaking', 'action': 'Message: Copy. Sensor miscalibration likely. WARNING CLEARED. System status: Normal. Continuing course. Stress level: normal'}, 'timestamp': 1752873978736}
1752873978.739115,ID:2111,STAGE:1,SEQUENCE:1234,DATA:{'page':'{'page': 'Inflight', 'action': 'user entered correct value: 12000'}','action':'None','timestamp':1752873978736},ANY:{'page': {'page': 'Inflight', 'action': 'user entered correct value: 12000'}, 'timestamp': 1752873978736}
1752873978.787006,ID:2111,STAGE:1,SEQUENCE:1234,DATA:{'page':'{'page': 'emergency', 'action': 'trying to change destination to19'}','action':'None','timestamp':1752873978782},ANY:{'page': {'page': 'emergency', 'action': 'trying to change destination to19'}, 'timestamp': 1752873978782}
1752873979.364136,ID:2111,STAGE:1,SEQUENCE:1234,DATA:{'page':'{'sensor': 'Blood Pressure', 'action': 'show action buttons'}','action':'None','timestamp':1752873979376},ANY:{'page': {'sensor': 'Blood Pressure', 'action': 'show action buttons'}, 'timestamp': 1752873979376}
1752873979.364632,ID:2111,STAGE:1,SEQUENCE:1234,DATA:{'page':'{'sensor': 'Blood Pressure', 'action': 'keypad press', 'key': 10, 'value': 12080}','action':'None','timestamp':1752873979377},ANY:{'page': {'sensor': 'Blood Pressure', 'action': 'keypad press', 'key': 10, 'value': 12080}, 'timestamp': 1752873979377}
1752873980.890771,ID:2111,STAGE:1,SEQUENCE:1234,DATA:{'page':'{'sensor': 'Blood Pressure', 'action': 'log', 'data': 'starting sensor action'}','action':'None','timestamp':1752873980904},ANY:{'page': {'sensor': 'Blood Pressure', 'action': 'log', 'data': 'starting sensor action'}, 'timestamp': 1752873980904}
1752873981.058676,ID:2111,STAGE:1,SEQUENCE:1234,DATA:{'page':'{'action': 'Controller Executing: click on submit-button with value: undefined'}','action':'None','timestamp':1752873981056},ANY:{'page': {'action': 'Controller Executing: click on submit-button with value: undefined'}, 'timestamp': 1752873981056}
1752873981.059669,ID:2111,STAGE:1,SEQUENCE:1234,DATA:{'page':'{'page': 'Jarvis speaking', 'action': 'Message: Copy. Sensor miscalibration likely. WARNING CLEARED. System status: Normal. Continuing course. Stress level: normal'}','action':'None','timestamp':1752873981057},ANY:{'page': {'page': 'Jarvis speaking', 'action': 'Message: Copy. Sensor miscalibration likely. WARNING CLEARED. System status: Normal. Continuing course. Stress level: normal'}, 'timestamp': 1752873981057}
1752873981.060165,ID:2111,STAGE:1,SEQUENCE:1234,DATA:{'page':'{'page': 'Inflight', 'action': 'user entered correct value: 12000'}','action':'None','timestamp':1752873981057},ANY:{'page': {'page': 'Inflight', 'action': 'user entered correct value: 12000'}, 'timestamp': 1752873981057}
1752873981.910969,ID:2111,STAGE:1,SEQUENCE:1234,DATA:{'page':'{'sensor': 'Blood Pressure', 'action': 'log', 'data': 'sensor action complete'}','action':'None','timestamp':1752873981923},ANY:{'page': {'sensor': 'Blood Pressure', 'action': 'log', 'data': 'sensor action complete'}, 'timestamp': 1752873981923}
1752873983.403852,ID:2111,STAGE:1,SEQUENCE:1234,DATA:{'page':'{'sensor': 'Blood Pressure', 'action': 'save', 'data': 'action button pressed'}','action':'None','timestamp':1752873983416},ANY:{'page': {'sensor': 'Blood Pressure', 'action': 'save', 'data': 'action button pressed'}, 'timestamp': 1752873983416}
1752873983.404348,ID:2111,STAGE:1,SEQUENCE:1234,DATA:{'page':'{'sensor': 'Blood Pressure', 'action': 'save', 'data': 'starting sensor action'}','action':'None','timestamp':1752873983416},ANY:{'page': {'sensor': 'Blood Pressure', 'action': 'save', 'data': 'starting sensor action'}, 'timestamp': 1752873983416}
1752873983.804261,ID:2111,STAGE:1,SEQUENCE:1234,DATA:{'page':'{'page': 'emergency', 'action': 'trying to change destination to19'}','action':'None','timestamp':1752873983801},ANY:{'page': {'page': 'emergency', 'action': 'trying to change destination to19'}, 'timestamp': 1752873983801}
1752873984.414777,ID:2111,STAGE:1,SEQUENCE:1234,DATA:{'page':'{'sensor': 'Blood Pressure', 'action': 'save', 'data': 'sensor action complete'}','action':'None','timestamp':1752873984428},ANY:{'page': {'sensor': 'Blood Pressure', 'action': 'save', 'data': 'sensor action complete'}, 'timestamp': 1752873984428}
1752873987.44216,ID:2111,STAGE:1,SEQUENCE:1234,DATA:{'page':'{'sensor': 'O₂ Saturation', 'action': 'opened sensor tab'}','action':'None','timestamp':1752873987456},ANY:{'page': {'sensor': 'O₂ Saturation', 'action': 'opened sensor tab'}, 'timestamp': 1752873987456}
1752873988.782953,ID:2111,STAGE:1,SEQUENCE:1234,DATA:{'page':'{'page': 'emergency', 'action': 'trying to change destination to19'}','action':'None','timestamp':1752873988780},ANY:{'page': {'page': 'emergency', 'action': 'trying to change destination to19'}, 'timestamp': 1752873988780}
1752873988.938935,ID:2111,STAGE:1,SEQUENCE:1234,DATA:{'page':'{'sensor': 'O₂ Saturation', 'action': 'capture', 'data': 'starting sensor action'}','action':'None','timestamp':1752873988951},ANY:{'page': {'sensor': 'O₂ Saturation', 'action': 'capture', 'data': 'starting sensor action'}, 'timestamp': 1752873988951}
1752873989.952832,ID:2111,STAGE:1,SEQUENCE:1234,DATA:{'page':'{'sensor': 'O₂ Saturation', 'action': 'capture', 'data': 'sensor action complete'}','action':'None','timestamp':1752873989964},ANY:{'page': {'sensor': 'O₂ Saturation', 'action': 'capture', 'data': 'sensor action complete'}, 'timestamp': 1752873989964}
1752873989.95432,ID:2111,STAGE:1,SEQUENCE:1234,DATA:{'page':'{'sensor': 'O₂ Saturation', 'action': 'keypad open'}','action':'None','timestamp':1752873989966},ANY:{'page': {'sensor': 'O₂ Saturation', 'action': 'keypad open'}, 'timestamp': 1752873989966}
1752873991.434075,ID:2111,STAGE:1,SEQUENCE:1234,DATA:{'page':'{'sensor': 'O₂ Saturation', 'action': 'keypad press', 'key': 1, 'value': 1}','action':'None','timestamp':1752873991447},ANY:{'page': {'sensor': 'O₂ Saturation', 'action': 'keypad press', 'key': 1, 'value': 1}, 'timestamp': 1752873991447}
1752873992.210798,ID:2111,STAGE:1,SEQUENCE:1234,DATA:{'page':'{'sensor': 'O₂ Saturation', 'action': 'keypad press', 'key': 11, 'value': 10}','action':'None','timestamp':1752873992223},ANY:{'page': {'sensor': 'O₂ Saturation', 'action': 'keypad press', 'key': 11, 'value': 10}, 'timestamp': 1752873992223}
1752873992.42026,ID:2111,STAGE:1,SEQUENCE:1234,DATA:{'page':'{'sensor': 'O₂ Saturation', 'action': 'keypad press', 'key': 11, 'value': 100}','action':'None','timestamp':1752873992434},ANY:{'page': {'sensor': 'O₂ Saturation', 'action': 'keypad press', 'key': 11, 'value': 100}, 'timestamp': 1752873992434}
1752873993.147193,ID:2111,STAGE:1,SEQUENCE:1234,DATA:{'page':'{'sensor': 'O₂ Saturation', 'action': 'show action buttons'}','action':'None','timestamp':1752873993159},ANY:{'page': {'sensor': 'O₂ Saturation', 'action': 'show action buttons'}, 'timestamp': 1752873993159}
1752873993.148185,ID:2111,STAGE:1,SEQUENCE:1234,DATA:{'page':'{'sensor': 'O₂ Saturation', 'action': 'keypad press', 'key': 10, 'value': 100}','action':'None','timestamp':1752873993160},ANY:{'page': {'sensor': 'O₂ Saturation', 'action': 'keypad press', 'key': 10, 'value': 100}, 'timestamp': 1752873993160}
1752873993.798767,ID:2111,STAGE:1,SEQUENCE:1234,DATA:{'page':'{'page': 'emergency', 'action': 'trying to change destination to19'}','action':'None','timestamp':1752873993795},ANY:{'page': {'page': 'emergency', 'action': 'trying to change destination to19'}, 'timestamp': 1752873993795}
1752873994.413379,ID:2111,STAGE:1,SEQUENCE:1234,DATA:{'page':'{'sensor': 'O₂ Saturation', 'action': 'log', 'data': 'action button pressed'}','action':'None','timestamp':1752873994424},ANY:{'page': {'sensor': 'O₂ Saturation', 'action': 'log', 'data': 'action button pressed'}, 'timestamp': 1752873994424}

1752873995.430731,ID:2111,STAGE:1,SEQUENCE:1234,DATA:{'page':'{'sensor': 'O₂ Saturation', 'action': 'log', 'data': 'sensor action complete'}','action':'None','timestamp':1752873995443},ANY:{'page': {'sensor': 'O₂ Saturation', 'action': 'log', 'data': 'sensor action complete'}, 'timestamp': 1752873995443}
1752873996.498827,ID:2111,STAGE:1,SEQUENCE:1234,DATA:{'page':'{'sensor': 'O₂ Saturation', 'action': 'save', 'data': 'starting sensor action'}','action':'None','timestamp':1752873996512},ANY:{'page': {'sensor': 'O₂ Saturation', 'action': 'save', 'data': 'starting sensor action'}, 'timestamp': 1752873996512}
1752873997.512995,ID:2111,STAGE:1,SEQUENCE:1234,DATA:{'page':'{'sensor': 'O₂ Saturation', 'action': 'save', 'data': 'sensor action complete'}','action':'None','timestamp':1752873997526},ANY:{'page': {'sensor': 'O₂ Saturation', 'action': 'save', 'data': 'sensor action complete'}, 'timestamp': 1752873997526}
1752873998.806238,ID:2111,STAGE:1,SEQUENCE:1234,DATA:{'page':'{'page': 'emergency', 'action': 'trying to change destination to19'}','action':'None','timestamp':1752873998804},ANY:{'page': {'page': 'emergency', 'action': 'trying to change destination to19'}, 'timestamp': 1752873998804}
1752873998.921874,ID:2111,STAGE:1,SEQUENCE:1234,DATA:{'page':'{'sensor': 'Blood Pressure', 'action': 'opened sensor tab'}','action':'None','timestamp':1752873998934},ANY:{'page': {'sensor': 'Blood Pressure', 'action': 'opened sensor tab'}, 'timestamp': 1752873998934}
1752874001.55436,ID:2111,STAGE:1,SEQUENCE:1234,DATA:{'page':'{'sensor': 'Heart Rate', 'action': 'opened sensor tab'}','action':'None','timestamp':1752874001567},ANY:{'page': {'sensor': 'Heart Rate', 'action': 'opened sensor tab'}, 'timestamp': 1752874001567}
1752874002.539066,ID:2111,STAGE:1,SEQUENCE:1234,DATA:{'page':'{'sensor': 'Heart Rate', 'action': 'capture', 'data': 'action button pressed'}','action':'None','timestamp':1752874002550},ANY:{'page': {'sensor': 'Heart Rate', 'action': 'capture', 'data': 'action button pressed'}, 'timestamp': 1752874002550}
1752874002.539562,ID:2111,STAGE:1,SEQUENCE:1234,DATA:{'page':'{'sensor': 'Heart Rate', 'action': 'capture', 'data': 'starting sensor action'}','action':'None','timestamp':1752874002551},ANY:{'page': {'sensor': 'Heart Rate', 'action': 'capture', 'data': 'starting sensor action'}, 'timestamp': 1752874002551}
1752874002.745766,ID:2111,STAGE:1,SEQUENCE:1234,DATA:{'page':'{'page': 'Ground speaking', 'action': 'N A S X G S, this is Ground Control asking for update on flight status, patient status and estimated time to destination.'}','action':'None','timestamp':1752874002758},ANY:{'page': {'page': 'Ground speaking', 'action': 'N A S X G S, this is Ground Control asking for update on flight status, patient status and estimated time to destination.'}, 'timestamp': 1752874002758}
1752874002.748226,ID:2111,STAGE:1,SEQUENCE:1234,DATA:{'page':'{'page': 'radio update', 'action': 'radio update asked'}','action':'None','timestamp':1752874002759},ANY:{'page': {'page': 'radio update', 'action': 'radio update asked'}, 'timestamp': 1752874002759}
1752874002.750269,ID:2111,STAGE:1,SEQUENCE:1234,DATA:{'page':'{'page': 'radio prompt', 'action': 'radio update prompt 3'}','action':'None','timestamp':1752874002759},ANY:{'page': {'page': 'radio prompt', 'action': 'radio update prompt 3'}, 'timestamp': 1752874002759}
1752874003.550948,ID:2111,STAGE:1,SEQUENCE:1234,DATA:{'page':'{'sensor': 'Heart Rate', 'action': 'capture', 'data': 'sensor action complete'}','action':'None','timestamp':1752874003562},ANY:{'page': {'sensor': 'Heart Rate', 'action': 'capture', 'data': 'sensor action complete'}, 'timestamp': 1752874003562}
1752874003.552432,ID:2111,STAGE:1,SEQUENCE:1234,DATA:{'page':'{'sensor': 'Heart Rate', 'action': 'keypad open'}','action':'None','timestamp':1752874003563},ANY:{'page': {'sensor': 'Heart Rate', 'action': 'keypad open'}, 'timestamp': 1752874003563}
1752874003.784613,ID:2111,STAGE:1,SEQUENCE:1234,DATA:{'page':'{'page': 'emergency', 'action': 'trying to change destination to19'}','action':'None','timestamp':1752874003782},ANY:{'page': {'page': 'emergency', 'action': 'trying to change destination to19'}, 'timestamp': 1752874003782}
1752874006.858685,ID:2111,STAGE:1,SEQUENCE:1234,DATA:{'page':'{'sensor': 'Heart Rate', 'action': 'keypad press', 'key': 5, 'value': 5}','action':'None','timestamp':1752874006871},ANY:{'page': {'sensor': 'Heart Rate', 'action': 'keypad press', 'key': 5, 'value': 5}, 'timestamp': 1752874006871}
1752874007.05901,ID:2111,STAGE:1,SEQUENCE:1234,DATA:{'page':'{'sensor': 'Heart Rate', 'action': 'keypad press', 'key': 5, 'value': 55}','action':'None','timestamp':1752874007072},ANY:{'page': {'sensor': 'Heart Rate', 'action': 'keypad press', 'key': 5, 'value': 55}, 'timestamp': 1752874007072}
1752874008.043375,ID:2111,STAGE:1,SEQUENCE:1234,DATA:{'page':'{'sensor': 'Heart Rate', 'action': 'show action buttons'}','action':'None','timestamp':1752874008054},ANY:{'page': {'sensor': 'Heart Rate', 'action': 'show action buttons'}, 'timestamp': 1752874008054}
1752874008.044356,ID:2111,STAGE:1,SEQUENCE:1234,DATA:{'page':'{'sensor': 'Heart Rate', 'action': 'keypad press', 'key': 10, 'value': 55}','action':'None','timestamp':1752874008055},ANY:{'page': {'sensor': 'Heart Rate', 'action': 'keypad press', 'key': 10, 'value': 55}, 'timestamp': 1752874008055}
1752874008.832288,ID:2111,STAGE:1,SEQUENCE:1234,DATA:{'page':'{'page': 'emergency', 'action': 'trying to change destination to19'}','action':'None','timestamp':1752874008830},ANY:{'page': {'page': 'emergency', 'action': 'trying to change destination to19'}, 'timestamp': 1752874008830}
1752874009.028183,ID:2111,STAGE:1,SEQUENCE:1234,DATA:{'page':'{'sensor': 'Heart Rate', 'action': 'log', 'data': 'action button pressed'}','action':'None','timestamp':1752874009041},ANY:{'page': {'sensor': 'Heart Rate', 'action': 'log', 'data': 'action button pressed'}, 'timestamp': 1752874009041}
1752874009.028678,ID:2111,STAGE:1,SEQUENCE:1234,DATA:{'page':'{'sensor': 'Heart Rate', 'action': 'log', 'data': 'starting sensor action'}','action':'None','timestamp':1752874009041},ANY:{'page': {'sensor': 'Heart Rate', 'action': 'log', 'data': 'starting sensor action'}, 'timestamp': 1752874009041}
1752874010.040407,ID:2111,STAGE:1,SEQUENCE:1234,DATA:{'page':'{'sensor': 'Heart Rate', 'action': 'log', 'data': 'sensor action complete'}','action':'None','timestamp':1752874010052},ANY:{'page': {'sensor': 'Heart Rate', 'action': 'log', 'data': 'sensor action complete'}, 'timestamp': 1752874010052}
1752874010.43613,ID:2111,STAGE:1,SEQUENCE:1234,DATA:{'page':'{'sensor': 'Heart Rate', 'action': 'save', 'data': 'action button pressed'}','action':'None','timestamp':1752874010448},ANY:{'page': {'sensor': 'Heart Rate', 'action': 'save', 'data': 'action button pressed'}, 'timestamp': 1752874010448}
1752874010.436628,ID:2111,STAGE:1,SEQUENCE:1234,DATA:{'page':'{'sensor': 'Heart Rate', 'action': 'save', 'data': 'starting sensor action'}','action':'None','timestamp':1752874010449},ANY:{'page': {'sensor': 'Heart Rate', 'action': 'save', 'data': 'starting sensor action'}, 'timestamp': 1752874010449}
1752874011.45525,ID:2111,STAGE:1,SEQUENCE:1234,DATA:{'page':'{'sensor': 'Heart Rate', 'action': 'save', 'data': 'sensor action complete'}','action':'None','timestamp':1752874011468},ANY:{'page': {'sensor': 'Heart Rate', 'action': 'save', 'data': 'sensor action complete'}, 'timestamp': 1752874011468}
1752874012.292137,ID:2111,STAGE:1,SEQUENCE:1234,DATA:{'page':'{'sensor': 'submit', 'action': 'submit'}','action':'None','timestamp':1752874012304},ANY:{'page': {'sensor': 'submit', 'action': 'submit'}, 'timestamp': 1752874012304}
1752874012.293625,ID:2111,STAGE:1,SEQUENCE:1234,DATA:{'page':'{'sensor': 'submit', 'action': 'submit', 'data': 'submit succeeded'}','action':'None','timestamp':1752874012305},ANY:{'page': {'sensor': 'submit', 'action': 'submit', 'data': 'submit succeeded'}, 'timestamp': 1752874012305}
1752874013.808621,ID:2111,STAGE:1,SEQUENCE:1234,DATA:{'page':'{'page': 'emergency', 'action': 'trying to change destination to19'}','action':'None','timestamp':1752874013806},ANY:{'page': {'page': 'emergency', 'action': 'trying to change destination to19'}, 'timestamp': 1752874013806}
1752874017.336739,ID:2111,STAGE:1,SEQUENCE:1234,DATA:{'page':'{'page': 'speak text', 'action': 'Receieved text and level:Vitals received and stable. All clear. Enjoy the flightnormal'}','action':'None','timestamp':1752874017334},ANY:{'page': {'page': 'speak text', 'action': 'Receieved text and level:Vitals received and stable. All clear. Enjoy the flightnormal'}, 'timestamp': 1752874017334}
1752874017.337236,ID:2111,STAGE:1,SEQUENCE:1234,DATA:{'page':'{'page': 'Jarvis speaking', 'action': 'Message: Vitals received and stable. All clear. Enjoy the flight Stress level: normal'}','action':'None','timestamp':1752874017334},ANY:{'page': {'page': 'Jarvis speaking', 'action': 'Message: Vitals received and stable. All clear. Enjoy the flight Stress level: normal'}, 'timestamp': 1752874017334}
1752874018.790291,ID:2111,STAGE:1,SEQUENCE:1234,DATA:{'page':'{'page': 'emergency', 'action': 'trying to change destination to19'}','action':'None','timestamp':1752874018787},ANY:{'page': {'page': 'emergency', 'action': 'trying to change destination to19'}, 'timestamp': 1752874018787}
1752874023.79907,ID:2111,STAGE:1,SEQUENCE:1234,DATA:{'page':'{'page': 'emergency', 'action': 'trying to change destination to19'}','action':'None','timestamp':1752874023796},ANY:{'page': {'page': 'emergency', 'action': 'trying to change destination to19'}, 'timestamp': 1752874023796}
1752874025.553021,ID:2111,STAGE:1,SEQUENCE:1234,DATA:{'page':'{'page': 'speak text', 'action': 'Receieved text and level:Opening mapnormal'}','action':'None','timestamp':1752874025550},ANY:{'page': {'page': 'speak text', 'action': 'Receieved text and level:Opening mapnormal'}, 'timestamp': 1752874025550}
1752874025.553516,ID:2111,STAGE:1,SEQUENCE:1234,DATA:{'page':'{'page': 'Jarvis speaking', 'action': 'Message: Opening map Stress level: normal'}','action':'None','timestamp':1752874025551},ANY:{'page': {'page': 'Jarvis speaking', 'action': 'Message: Opening map Stress level: normal'}, 'timestamp': 1752874025551}
1752874026.258698,ID:2111,STAGE:1,SEQUENCE:1234,DATA:{'page':'{'page': 'map', 'action': 'selected helipad', 'value': '21'}','action':'None','timestamp':1752874026256},ANY:{'page': {'page': 'map', 'action': 'selected helipad', 'value': '21'}, 'timestamp': 1752874026256}
1752874026.767165,ID:2111,STAGE:1,SEQUENCE:1234,DATA:{'page':'{'page': 'map', 'action': 'selected helipad', 'value': '21'}','action':'None','timestamp':1752874026764},ANY:{'page': {'page': 'map', 'action': 'selected helipad', 'value': '21'}, 'timestamp': 1752874026764}
1752874028.80667,ID:2111,STAGE:1,SEQUENCE:1234,DATA:{'page':'{'page': 'emergency', 'action': 'trying to change destination to19'}','action':'None','timestamp':1752874028803},ANY:{'page': {'page': 'emergency', 'action': 'trying to change destination to19'}, 'timestamp': 1752874028803}
1752874033.268562,ID:2111,STAGE:1,SEQUENCE:1234,DATA:{'page':'{'page': 'map', 'action': 'selected helipad', 'value': '20'}','action':'None','timestamp':1752874033266},ANY:{'page': {'page': 'map', 'action': 'selected helipad', 'value': '20'}, 'timestamp': 1752874033266}
1752874033.819078,ID:2111,STAGE:1,SEQUENCE:1234,DATA:{'page':'{'page': 'emergency', 'action': 'trying to change destination to19'}','action':'None','timestamp':1752874033816},ANY:{'page': {'page': 'emergency', 'action': 'trying to change destination to19'}, 'timestamp': 1752874033816}
1752874038.795918,ID:2111,STAGE:1,SEQUENCE:1234,DATA:{'page':'{'page': 'emergency', 'action': 'trying to change destination to19'}','action':'None','timestamp':1752874038793},ANY:{'page': {'page': 'emergency', 'action': 'trying to change destination to19'}, 'timestamp': 1752874038793}
1752874042.428192,ID:2111,STAGE:1,SEQUENCE:1234,DATA:{'page':'{'page': 'map', 'action': 'selected helipad', 'value': '9'}','action':'None','timestamp':1752874042423},ANY:{'page': {'page': 'map', 'action': 'selected helipad', 'value': '9'}, 'timestamp': 1752874042423}
1752874043.803954,ID:2111,STAGE:1,SEQUENCE:1234,DATA:{'page':'{'page': 'emergency', 'action': 'trying to change destination to19'}','action':'None','timestamp':1752874043801},ANY:{'page': {'page': 'emergency', 'action': 'trying to change destination to19'}, 'timestamp': 1752874043801}
1752874048.786896,ID:2111,STAGE:1,SEQUENCE:1234,DATA:{'page':'{'page': 'emergency', 'action': 'trying to change destination to19'}','action':'None','timestamp':1752874048783},ANY:{'page': {'page': 'emergency', 'action': 'trying to change destination to19'}, 'timestamp': 1752874048783}
1752874053.794632,ID:2111,STAGE:1,SEQUENCE:1234,DATA:{'page':'{'page': 'emergency', 'action': 'trying to change destination to19'}','action':'None','timestamp':1752874053792},ANY:{'page': {'page': 'emergency', 'action': 'trying to change destination to19'}, 'timestamp': 1752874053792}
1752874058.802842,ID:2111,STAGE:1,SEQUENCE:1234,DATA:{'page':'{'page': 'emergency', 'action': 'trying to change destination to19'}','action':'None','timestamp':1752874058800},ANY:{'page': {'page': 'emergency', 'action': 'trying to change destination to19'}, 'timestamp': 1752874058800}
1752874063.783851,ID:2111,STAGE:1,SEQUENCE:1234,DATA:{'page':'{'page': 'emergency', 'action': 'trying to change destination to19'}','action':'None','timestamp':1752874063781},ANY:{'page': {'page': 'emergency', 'action': 'trying to change destination to19'}, 'timestamp': 1752874063781}
1752874068.028531,ID:2111,STAGE:1,SEQUENCE:1234,DATA:{'page':'{'page': 'map', 'action': 'selected helipad', 'value': '3'}','action':'None','timestamp':1752874068024},ANY:{'page': {'page': 'map', 'action': 'selected helipad', 'value': '3'}, 'timestamp': 1752874068024}
1752874068.792293,ID:2111,STAGE:1,SEQUENCE:1234,DATA:{'page':'{'page': 'emergency', 'action': 'trying to change destination to19'}','action':'None','timestamp':1752874068790},ANY:{'page': {'page': 'emergency', 'action': 'trying to change destination to19'}, 'timestamp': 1752874068790}
1752874071.078606,ID:2111,STAGE:1,SEQUENCE:1234,DATA:{'page':'{'page': 'inflight', 'action': 'displaying vitals prompt'}','action':'None','timestamp':1752874071091},ANY:{'page': {'page': 'inflight', 'action': 'displaying vitals prompt'}, 'timestamp': 1752874071091}
1752874071.079598,ID:2111,STAGE:1,SEQUENCE:1234,DATA:{'page':'{'page': 'vitals prompt', 'action': 'log vitals prompted'}','action':'None','timestamp':1752874071092},ANY:{'page': {'page': 'vitals prompt', 'action': 'log vitals prompted'}, 'timestamp': 1752874071092}
1752874071.080095,ID:2111,STAGE:1,SEQUENCE:1234,DATA:{'page':'{'page': 'vitals prompt', 'action': 'vitals_prompt 3'}','action':'None','timestamp':1752874071092},ANY:{'page': {'page': 'vitals prompt', 'action': 'vitals_prompt 3'}, 'timestamp': 1752874071092}
1752874073.808676,ID:2111,STAGE:1,SEQUENCE:1234,DATA:{'page':'{'page': 'emergency', 'action': 'trying to change destination to19'}','action':'None','timestamp':1752874073804},ANY:{'page': {'page': 'emergency', 'action': 'trying to change destination to19'}, 'timestamp': 1752874073804}
1752874078.521828,ID:2111,STAGE:1,SEQUENCE:1234,DATA:{'page':'{'action': 'user acknowledged vitals prompt'}','action':'None','timestamp':1752874078534},ANY:{'page': {'action': 'user acknowledged vitals prompt'}, 'timestamp': 1752874078534}
1752874078.792644,ID:2111,STAGE:1,SEQUENCE:1234,DATA:{'page':'{'page': 'emergency', 'action': 'trying to change destination to19'}','action':'None','timestamp':1752874078789},ANY:{'page': {'page': 'emergency', 'action': 'trying to change destination to19'}, 'timestamp': 1752874078789}
1752874078.797604,ID:2111,STAGE:1,SEQUENCE:1234,DATA:{'page':'{'page': 'emergency', 'action': 'show Weather Emergency Alert, hide map'}','action':'None','timestamp':1752874078789},ANY:{'page': {'page': 'emergency', 'action': 'show Weather Emergency Alert, hide map'}, 'timestamp': 1752874078789}
1752874078.797604,ID:2111,STAGE:1,SEQUENCE:1234,DATA:{'page':'{'page': 'Inflight', 'action': 'Weather emergency- emergnecy propmt displayed'}','action':'None','timestamp':1752874078790},ANY:{'page': {'page': 'Inflight', 'action': 'Weather emergency- emergnecy propmt displayed'}, 'timestamp': 1752874078790}
1752874078.799095,ID:2111,STAGE:1,SEQUENCE:1234,DATA:{'page':'{'page': 'Inflight', 'action': 'showing emergency: high Weather Emergency <strong>Severe turbulence detected.</strong><br>Prepare for emergency descent.'}','action':'None','timestamp':1752874078790},ANY:{'page': {'page': 'Inflight', 'action': 'showing emergency: high Weather Emergency <strong>Severe turbulence detected.</strong><br>Prepare for emergency descent.'}, 'timestamp': 1752874078790}
1752874078.800579,ID:2111,STAGE:1,SEQUENCE:1234,DATA:{'page':'{'page': 'Jarvis speaking', 'action': 'Message: Emergency detected: Immediate landing is required. Attention Emergency detected Stress level: high'}','action':'None','timestamp':1752874078791},ANY:{'page': {'page': 'Jarvis speaking', 'action': 'Message: Emergency detected: Immediate landing is required. Attention Emergency detected Stress level: high'}, 'timestamp': 1752874078791}
1752874080.755171,ID:2111,STAGE:1,SEQUENCE:1234,DATA:{'page':'{'sensor': 'Heart Rate', 'action': 'capture', 'data': 'action button pressed'}','action':'None','timestamp':1752874080767},ANY:{'page': {'sensor': 'Heart Rate', 'action': 'capture', 'data': 'action button pressed'}, 'timestamp': 1752874080767}
1752874080.755667,ID:2111,STAGE:1,SEQUENCE:1234,DATA:{'page':'{'sensor': 'Heart Rate', 'action': 'capture', 'data': 'starting sensor action'}','action':'None','timestamp':1752874080768},ANY:{'page': {'sensor': 'Heart Rate', 'action': 'capture', 'data': 'starting sensor action'}, 'timestamp': 1752874080768}
1752874081.766557,ID:2111,STAGE:1,SEQUENCE:1234,DATA:{'page':'{'sensor': 'Heart Rate', 'action': 'capture', 'data': 'sensor action complete'}','action':'None','timestamp':1752874081781},ANY:{'page': {'sensor': 'Heart Rate', 'action': 'capture', 'data': 'sensor action complete'}, 'timestamp': 1752874081781}
1752874081.768047,ID:2111,STAGE:1,SEQUENCE:1234,DATA:{'page':'{'sensor': 'Heart Rate', 'action': 'keypad open'}','action':'None','timestamp':1752874081781},ANY:{'page': {'sensor': 'Heart Rate', 'action': 'keypad open'}, 'timestamp': 1752874081781}
1752874083.79233,ID:2111,STAGE:1,SEQUENCE:1234,DATA:{'page':'{'page': 'emergency', 'action': 'trying to change destination to19'}','action':'None','timestamp':1752874083788},ANY:{'page': {'page': 'emergency', 'action': 'trying to change destination to19'}, 'timestamp': 1752874083788}
1752874084.129529,ID:2111,STAGE:1,SEQUENCE:1234,DATA:{'page':'{'page': 'emergency', 'action': ' (High) Emergency acknowledged'}','action':'None','timestamp':1752874084124},ANY:{'page': {'page': 'emergency', 'action': ' (High) Emergency acknowledged'}, 'timestamp': 1752874084124}
1752874084.140437,ID:2111,STAGE:1,SEQUENCE:1234,DATA:{'page':'{'page': 'Jarvis speaking', 'action': 'Message:  I recommend landing at the Nearest helipad which is a commercial Helipad Hilton. Please confirm Helipa or select an alternative emergency landing site now. Stress level: high'}','action':'None','timestamp':1752874084125},ANY:{'page': {'page': 'Jarvis speaking', 'action': 'Message:  I recommend landing at the Nearest helipad which is a commercial Helipad Hilton. Please confirm Helipa or select an alternative emergency landing site now. Stress level: high'}, 'timestamp': 1752874084125}
1752874084.304118,ID:2111,STAGE:1,SEQUENCE:1234,DATA:{'page':'None','action':'None','timestamp':None},ANY:{'time': 1752874084.289, 'user-id': 'none', 'source': 'HAI Interface', 'destination-index': 3, 'study-stage': -1, 'decision-state': 0, 'vitals-state': 0, 'airspace-state': 0, 'data': {'page': 'emergency-landing', 'action': 'opened page'}}
1752874085.267538,ID:2111,STAGE:1,SEQUENCE:1234,DATA:{'page':'{'page': 'map', 'action': 'set destination', 'value': '3'}','action':'None','timestamp':1752874085264},ANY:{'page': {'page': 'map', 'action': 'set destination', 'value': '3'}, 'timestamp': 1752874085264}
3}
1752874085.753391,ID:2111,STAGE:1,SEQUENCE:1234,DATA:{'page':'{'page': 'map', 'action': 'selected helipad', 'value': '21'}','action':'None','timestamp':1752874085746},ANY:{'page': {'page': 'map', 'action': 'selected helipad', 'value': '21'}, 'timestamp': 1752874085746}
1752874086.07936,ID:2111,STAGE:1,SEQUENCE:1234,DATA:{'page':'{'page': 'vitals prompt', 'action': 'auto off vitals prompt'}','action':'None','timestamp':1752874086093},ANY:{'page': {'page': 'vitals prompt', 'action': 'auto off vitals prompt'}, 'timestamp': 1752874086093}
1752874088.376377,ID:2111,STAGE:1,SEQUENCE:1234,DATA:{'page':'{'page': 'map', 'action': 'selected helipad', 'value': '20'}','action':'None','timestamp':1752874088372},ANY:{'page': {'page': 'map', 'action': 'selected helipad', 'value': '20'}, 'timestamp': 1752874088372}
1752874088.376875,ID:2111,STAGE:1,SEQUENCE:1234,DATA:{'page':'{'page': 'map', 'action': 'set destination', 'value': '3'}','action':'None','timestamp':1752874088372},ANY:{'page': {'page': 'map', 'action': 'set destination', 'value': '3'}, 'timestamp': 1752874088372}
1752874089.314773,ID:2111,STAGE:1,SEQUENCE:1234,DATA:{'page':'{'page': 'emergency', 'action': 'trying to change destination to100'}','action':'None','timestamp':1752874089312},ANY:{'page': {'page': 'emergency', 'action': 'trying to change destination to100'}, 'timestamp': 1752874089312}
1752874094.327729,ID:2111,STAGE:1,SEQUENCE:1234,DATA:{'page':'{'page': 'emergency', 'action': 'trying to change destination to19'}','action':'None','timestamp':1752874094322},ANY:{'page': {'page': 'emergency', 'action': 'trying to change destination to19'}, 'timestamp': 1752874094322}
1752874095.350678,ID:2111,STAGE:1,SEQUENCE:1234,DATA:{'page':'{'page': 'map', 'action': 'selected helipad', 'value': '5'}','action':'None','timestamp':1752874095347},ANY:{'page': {'page': 'map', 'action': 'selected helipad', 'value': '5'}, 'timestamp': 1752874095347}
1752874095.351669,ID:2111,STAGE:1,SEQUENCE:1234,DATA:{'page':'{'page': 'map', 'action': 'set destination', 'value': '3'}','action':'None','timestamp':1752874095347},ANY:{'page': {'page': 'map', 'action': 'set destination', 'value': '3'}, 'timestamp': 1752874095347}
1752874097.611362,ID:2111,STAGE:1,SEQUENCE:1234,DATA:{'page':'{'page': 'map', 'action': 'hide map'}','action':'None','timestamp':1752874097608},ANY:{'page': {'page': 'map', 'action': 'hide map'}, 'timestamp': 1752874097608}
1752874099.304962,ID:2111,STAGE:1,SEQUENCE:1234,DATA:{'page':'{'page': 'emergency', 'action': 'trying to change destination to19'}','action':'None','timestamp':1752874099302},ANY:{'page': {'page': 'emergency', 'action': 'trying to change destination to19'}, 'timestamp': 1752874099302}
1752874100.542292,ID:2111,STAGE:1,SEQUENCE:1234,DATA:{'page':'{'page': 'map', 'action': 'show map'}','action':'None','timestamp':1752874100536},ANY:{'page': {'page': 'map', 'action': 'show map'}, 'timestamp': 1752874100536}
 'value': '21'}, 'timestamp': 1752874100536}
1752874104.31778,ID:2111,STAGE:1,SEQUENCE:1234,DATA:{'page':'{'page': 'emergency', 'action': 'trying to change destination to19'}','action':'None','timestamp':1752874104314},ANY:{'page': {'page': 'emergency', 'action': 'trying to change destination to19'}, 'timestamp': 1752874104314}
1752874105.04933,ID:2111,STAGE:1,SEQUENCE:1234,DATA:{'page':'{'page': 'map', 'action': 'set destination', 'value': '21'}','action':'None','timestamp':1752874105045},ANY:{'page': {'page': 'map', 'action': 'set destination', 'value': '21'}, 'timestamp': 1752874105045}
}
1752874108.43485,ID:2111,STAGE:1,SEQUENCE:1234,DATA:{'page':'{'page': 'map', 'action': 'selected helipad', 'value': 100}','action':'None','timestamp':1752874108432},ANY:{'page': {'page': 'map', 'action': 'selected helipad', 'value': 100}, 'timestamp': 1752874108432}
1752874108.435319,ID:2111,STAGE:1,SEQUENCE:1234,DATA:{'page':'{'page': 'map', 'action': 'hide map'}','action':'None','timestamp':1752874108433},ANY:{'page': {'page': 'map', 'action': 'hide map'}, 'timestamp': 1752874108433}
1752874109.328573,ID:2111,STAGE:1,SEQUENCE:1234,DATA:{'page':'{'page': 'emergency', 'action': 'trying to change destination to19'}','action':'None','timestamp':1752874109325},ANY:{'page': {'page': 'emergency', 'action': 'trying to change destination to19'}, 'timestamp': 1752874109325}
1752874114.304783,ID:2111,STAGE:1,SEQUENCE:1234,DATA:{'page':'{'page': 'emergency', 'action': 'trying to change destination to19'}','action':'None','timestamp':1752874114302},ANY:{'page': {'page': 'emergency', 'action': 'trying to change destination to19'}, 'timestamp': 1752874114302}
1752874115.257346,ID:2111,STAGE:1,SEQUENCE:1234,DATA:{'page':'{'page': 'map', 'action': 'selected helipad', 'value': '21'}','action':'None','timestamp':1752874115252},ANY:{'page': {'page': 'map', 'action': 'selected helipad', 'value': '21'}, 'timestamp': 1752874115252}
1752874118.110245,ID:2111,STAGE:1,SEQUENCE:1234,DATA:{'page':'{'page': 'map', 'action': 'selected helipad', 'value': '5'}','action':'None','timestamp':1752874118108},ANY:{'page': {'page': 'map', 'action': 'selected helipad', 'value': '5'}, 'timestamp': 1752874118108}
1752874118.111207,ID:2111,STAGE:1,SEQUENCE:1234,DATA:{'page':'{'page': 'map', 'action': 'set destination', 'value': '3'}','action':'None','timestamp':1752874118108},ANY:{'page': {'page': 'map', 'action': 'set destination', 'value': '3'}, 'timestamp': 1752874118108}
1752874119.317057,ID:2111,STAGE:1,SEQUENCE:1234,DATA:{'page':'{'page': 'emergency', 'action': 'trying to change destination to19'}','action':'None','timestamp':1752874119313},ANY:{'page': {'page': 'emergency', 'action': 'trying to change destination to19'}, 'timestamp': 1752874119313}
1752874124.327167,ID:2111,STAGE:1,SEQUENCE:1234,DATA:{'page':'{'page': 'emergency', 'action': 'trying to change destination to19'}','action':'None','timestamp':1752874124324},ANY:{'page': {'page': 'emergency', 'action': 'trying to change destination to19'}, 'timestamp': 1752874124324}
1752874126.079326,ID:2111,STAGE:1,SEQUENCE:1234,DATA:{'page':'{'page': 'map', 'action': 'changing helipad', 'value': '5'}','action':'None','timestamp':1752874126076},ANY:{'page': {'page': 'map', 'action': 'changing helipad', 'value': '5'}, 'timestamp': 1752874126076}
1752874126.079823,ID:2111,STAGE:1,SEQUENCE:1234,DATA:{'page':'{'page': 'map', 'action': 'changing helipad', 'value': '5'}','action':'None','timestamp':1752874126076},ANY:{'page': {'page': 'map', 'action': 'changing helipad', 'value': '5'}, 'timestamp': 1752874126076}
1752874128.952395,ID:2111,STAGE:1,SEQUENCE:1234,DATA:{'page':'{'page': 'map', 'action': 'hide map'}','action':'None','timestamp':1752874128949},ANY:{'page': {'page': 'map', 'action': 'hide map'}, 'timestamp': 1752874128949}
1752874129.337629,ID:2111,STAGE:1,SEQUENCE:1234,DATA:{'page':'{'page': 'emergency', 'action': 'trying to change destination to19'}','action':'None','timestamp':1752874129333},ANY:{'page': {'page': 'emergency', 'action': 'trying to change destination to19'}, 'timestamp': 1752874129333}
1752874131.755492,ID:2111,STAGE:1,SEQUENCE:1234,DATA:{'page':'None','action':'None','timestamp':None},ANY:{'time': 1752874131.752, 'user-id': '2111', 'source': 'HAI Interface', 'destination-index': '3', 'study-stage': '1', 'decision-state': 0, 'vitals-state': 0, 'airspace-state': 0, 'data': {'page': 'change-destination', 'action': 'submit button pressed'}}
1752874131.83882,ID:2111,STAGE:1,SEQUENCE:1234,DATA:{'page':'None','action':'None','timestamp':None},ANY:{'time': 1752874131.833, 'user-id': 'none', 'source': 'HAI Interface', 'destination-index': 3, 'study-stage': -1, 'decision-state': 0, 'vitals-state': 0, 'airspace-state': 0, 'data': {'page': 'location', 'action': 'opened page'}}
1752874132.814678,ID:2111,STAGE:1,SEQUENCE:1234,DATA:{'page':'{'page': 'map', 'action': 'selected helipad', 'value': '21'}','action':'None','timestamp':1752874132812},ANY:{'page': {'page': 'map', 'action': 'selected helipad', 'value': '21'}, 'timestamp': 1752874132812}
1752874134.020781,ID:2111,STAGE:1,SEQUENCE:1234,DATA:{'page':'None','action':'None','timestamp':None},ANY:{'time': 1752874134.016, 'user-id': '2111', 'source': 'HAI Interface', 'destination-index': '3', 'study-stage': '1', 'decision-state': 0, 'vitals-state': 0, 'airspace-state': 0, 'data': {'page': 'location', 'action': 'confirm button pressed'}}
1752874135.101542,ID:2111,STAGE:1,SEQUENCE:1234,DATA:{'page':'{'page': 'map', 'action': 'selected helipad', 'value': '21'}','action':'None','timestamp':1752874135098},ANY:{'page': {'page': 'map', 'action': 'selected helipad', 'value': '21'}, 'timestamp': 1752874135098}
1752874138.88822,ID:2111,STAGE:1,SEQUENCE:1234,DATA:{'page':'{'page': 'map', 'action': 'show map'}','action':'None','timestamp':1752874138884},ANY:{'page': {'page': 'map', 'action': 'show map'}, 'timestamp': 1752874138884}
1752874138.889209,ID:2111,STAGE:1,SEQUENCE:1234,DATA:{'page':'{'page': 'map', 'action': 'selected helipad', 'value': '21'}','action':'None','timestamp':1752874138884},ANY:{'page': {'page': 'map', 'action': 'selected helipad', 'value': '21'}, 'timestamp': 1752874138884}
1752874139.160523,ID:2111,STAGE:1,SEQUENCE:1234,DATA:{'page':'{'page': 'emergency', 'action': 'trying to change destination to100'}','action':'None','timestamp':1752874139144},ANY:{'page': {'page': 'emergency', 'action': 'trying to change destination to100'}, 'timestamp': 1752874139144}
1752874139.284524,ID:2111,STAGE:1,SEQUENCE:1234,DATA:{'page':'{'page': 'checklist', 'action': 'opened page', 'inflight': True}','action':'None','timestamp':1752874139279},ANY:{'page': {'page': 'checklist', 'action': 'opened page', 'inflight': True}, 'timestamp': 1752874139279}
1752874140.256276,ID:2111,STAGE:1,SEQUENCE:1234,DATA:{'page':'{'page': 'map', 'action': 'selected helipad', 'value': '21'}','action':'None','timestamp':1752874140251},ANY:{'page': {'page': 'map', 'action': 'selected helipad', 'value': '21'}, 'timestamp': 1752874140251}
1752874144.04009,ID:2111,STAGE:1,SEQUENCE:1234,DATA:{'page':'{'page': 'checklist', 'action': 'toggled checkbox', 'inflight': True, 'item': 0, 'value': 'OFF'}','action':'None','timestamp':1752874144037},ANY:{'page': {'page': 'checklist', 'action': 'toggled checkbox', 'inflight': True, 'item': 0, 'value': 'OFF'}, 'timestamp': 1752874144037}
1752874145.073148,ID:2111,STAGE:1,SEQUENCE:1234,DATA:{'page':'{'page': 'checklist', 'action': 'toggled checkbox', 'inflight': True, 'item': 1, 'value': 'OFF'}','action':'None','timestamp':1752874145071},ANY:{'page': {'page': 'checklist', 'action': 'toggled checkbox', 'inflight': True, 'item': 1, 'value': 'OFF'}, 'timestamp': 1752874145071}
1752874146.729508,ID:2111,STAGE:1,SEQUENCE:1234,DATA:{'page':'{'page': 'checklist', 'action': 'toggled checkbox', 'inflight': True, 'item': 2, 'value': 'OFF'}','action':'None','timestamp':1752874146726},ANY:{'page': {'page': 'checklist', 'action': 'toggled checkbox', 'inflight': True, 'item': 2, 'value': 'OFF'}, 'timestamp': 1752874146726}
1752874146.730004,ID:2111,STAGE:1,SEQUENCE:1234,DATA:{'page':'{'page': 'checklist', 'action': 'showing confirm button', 'inflight': True}','action':'None','timestamp':1752874146726},ANY:{'page': {'page': 'checklist', 'action': 'showing confirm button', 'inflight': True}, 'timestamp': 1752874146726}
1752874147.705662,ID:2111,STAGE:1,SEQUENCE:1234,DATA:{'page':'{'page': 'checklist', 'action': 'confirm button clicked', 'inflight': True}','action':'None','timestamp':1752874147701},ANY:{'page': {'page': 'checklist', 'action': 'confirm button clicked', 'inflight': True}, 'timestamp': 1752874147701}
1752874147.8029,ID:2111,STAGE:1,SEQUENCE:1234,DATA:{'page':'{'page': 'landing-confirmation', 'action': 'showing helipad confirm', 'value': 1}','action':'None','timestamp':1752874147791},ANY:{'page': {'page': 'landing-confirmation', 'action': 'showing helipad confirm', 'value': 1}, 'timestamp': 1752874147791}
1752874148.768115,ID:2111,STAGE:1,SEQUENCE:1234,DATA:{'page':'{'page': 'map', 'action': 'selected helipad', 'value': '21'}','action':'None','timestamp':1752874148765},ANY:{'page': {'page': 'map', 'action': 'selected helipad', 'value': '21'}, 'timestamp': 1752874148765}
1752874149.441608,ID:2111,STAGE:1,SEQUENCE:1234,DATA:{'page':'{'page': 'Ground speaking', 'action': 'N A S X G S, this is Ground Control asking for update on flight status, patient status and estimated time to destination.'}','action':'None','timestamp':1752874149454},ANY:{'page': {'page': 'Ground speaking', 'action': 'N A S X G S, this is Ground Control asking for update on flight status, patient status and estimated time to destination.'}, 'timestamp': 1752874149454}
1752874149.442104,ID:2111,STAGE:1,SEQUENCE:1234,DATA:{'page':'{'page': 'radio update', 'action': 'radio update asked'}','action':'None','timestamp':1752874149455},ANY:{'page': {'page': 'radio update', 'action': 'radio update asked'}, 'timestamp': 1752874149455}
1752874149.442599,ID:2111,STAGE:1,SEQUENCE:1234,DATA:{'page':'{'page': 'radio prompt', 'action': 'radio update prompt 4'}','action':'None','timestamp':1752874149455},ANY:{'page': {'page': 'radio prompt', 'action': 'radio update prompt 4'}, 'timestamp': 1752874149455}
1752874153.96241,ID:2111,STAGE:1,SEQUENCE:1234,DATA:{'page':'{'page': 'landing-confirmation', 'action': 'checkbox toggle', 'item': 0, 'value': 'ON'}','action':'None','timestamp':1752874153960},ANY:{'page': {'page': 'landing-confirmation', 'action': 'checkbox toggle', 'item': 0, 'value': 'ON'}, 'timestamp': 1752874153960}
1752874154.99909,ID:2111,STAGE:1,SEQUENCE:1234,DATA:{'page':'{'page': 'landing-confirmation', 'action': 'checkbox toggle', 'item': 1, 'value': 'ON'}','action':'None','timestamp':1752874154996},ANY:{'page': {'page': 'landing-confirmation', 'action': 'checkbox toggle', 'item': 1, 'value': 'ON'}, 'timestamp': 1752874154996}
1752874175.518235,ID:2111,STAGE:1,SEQUENCE:1234,DATA:{'page':'{'page': 'landing-confirmation', 'action': 'showing helipad ready'}','action':'None','timestamp':1752874175516},ANY:{'page': {'page': 'landing-confirmation', 'action': 'showing helipad ready'}, 'timestamp': 1752874175516}

1752874179.102793,ID:2111,STAGE:1,SEQUENCE:1234,DATA:{'page':'{'page': 'landing-confirmation', 'action': 'gave landing confirmation'}','action':'None','timestamp':1752874179100},ANY:{'page': {'page': 'landing-confirmation', 'action': 'gave landing confirmation'}, 'timestamp': 1752874179100}
1752874179.184136,ID:2111,STAGE:1,SEQUENCE:1234,DATA:{'page':'{'page': 'landing-countdown', 'action': 'opened page'}','action':'None','timestamp':1752874179178},ANY:{'page': {'page': 'landing-countdown', 'action': 'opened page'}, 'timestamp': 1752874179178}
1752874180.154734,ID:2111,STAGE:1,SEQUENCE:1234,DATA:{'page':'{'page': 'map', 'action': 'selected helipad', 'value': '21'}','action':'None','timestamp':1752874180152},ANY:{'page': {'page': 'map', 'action': 'selected helipad', 'value': '21'}, 'timestamp': 1752874180152}
1752874180.183769,ID:2111,STAGE:1,SEQUENCE:1234,DATA:{'page':'{'page': 'landing-countdown', 'action': 'countdown changed', 'value': 5}','action':'None','timestamp':1752874180181},ANY:{'page': {'page': 'landing-countdown', 'action': 'countdown changed', 'value': 5}, 'timestamp': 1752874180181}
1752874181.186499,ID:2111,STAGE:1,SEQUENCE:1234,DATA:{'page':'{'page': 'landing-countdown', 'action': 'countdown changed', 'value': 4}','action':'None','timestamp':1752874181184},ANY:{'page': {'page': 'landing-countdown', 'action': 'countdown changed', 'value': 4}, 'timestamp': 1752874181184}
1752874182.186647,ID:2111,STAGE:1,SEQUENCE:1234,DATA:{'page':'{'page': 'landing-countdown', 'action': 'countdown changed', 'value': 3}','action':'None','timestamp':1752874182183},ANY:{'page': {'page': 'landing-countdown', 'action': 'countdown changed', 'value': 3}, 'timestamp': 1752874182183}
1752874183.186468,ID:2111,STAGE:1,SEQUENCE:1234,DATA:{'page':'{'page': 'landing-countdown', 'action': 'countdown changed', 'value': 2}','action':'None','timestamp':1752874183184},ANY:{'page': {'page': 'landing-countdown', 'action': 'countdown changed', 'value': 2}, 'timestamp': 1752874183184}
1752874184.182555,ID:2111,STAGE:1,SEQUENCE:1234,DATA:{'page':'{'page': 'landing-countdown', 'action': 'countdown changed', 'value': 1}','action':'None','timestamp':1752874184180},ANY:{'page': {'page': 'landing-countdown', 'action': 'countdown changed', 'value': 1}, 'timestamp': 1752874184180}
1752874185.185303,ID:2111,STAGE:1,SEQUENCE:1234,DATA:{'page':'{'page': 'landing-countdown', 'action': 'countdown changed', 'value': 0}','action':'None','timestamp':1752874185181},ANY:{'page': {'page': 'landing-countdown', 'action': 'countdown changed', 'value': 0}, 'timestamp': 1752874185181}
1752874186.185808,ID:2111,STAGE:1,SEQUENCE:1234,DATA:{'page':'{'page': 'landing-countdown', 'action': 'countdown complete'}','action':'None','timestamp':1752874186182},ANY:{'page': {'page': 'landing-countdown', 'action': 'countdown complete'}, 'timestamp': 1752874186182}
1752874186.2543,ID:2111,STAGE:1,SEQUENCE:1234,DATA:{'page':'{'page': 'landed', 'action': 'opened page'}','action':'None','timestamp':1752874186247},ANY:{'page': {'page': 'landed', 'action': 'opened page'}, 'timestamp': 1752874186247}
1752874187.236651,ID:2111,STAGE:1,SEQUENCE:1234,DATA:{'page':'{'page': 'map', 'action': 'selected helipad', 'value': '21'}','action':'None','timestamp':1752874187233},ANY:{'page': {'page': 'map', 'action': 'selected helipad', 'value': '21'}, 'timestamp': 1752874187233}
1752874271.348711,ID:2111,STAGE:1,SEQUENCE:1234,DATA:{'page':'{'page': 'index', 'action': 'opened page'}','action':'None','timestamp':1752874271346},ANY:{'page': {'page': 'index', 'action': 'opened page'}, 'timestamp': 1752874271346}
1752874272.283488,ID:2111,STAGE:1,SEQUENCE:1234,DATA:{'page':'{'page': 'map', 'action': 'selected helipad', 'value': '21'}','action':'None','timestamp':1752874272282},ANY:{'page': {'page': 'map', 'action': 'selected helipad', 'value': '21'}, 'timestamp': 1752874272282}
