INFO:root:1721933697.027979,ID:1010,STAGE:2,SEQUENCE:1243,DATA:{'time': 1721933697.024, 'user-id': '1010', 'source': 'HAI Interface', 'destination-index': 'None', 'study-stage': '2', 'decision-state': 0, 'vitals-state': 0, 'airspace-state': 0, 'data': {'page': 'index', 'action': 'confirm button pressed'}}
INFO:root:1721933697.137528,ID:1010,STAGE:2,SEQUENCE:1243,DATA:{'time': 1721933697.132, 'user-id': 'none', 'source': 'HAI Interface', 'destination-index': 3, 'study-stage': -1, 'decision-state': 0, 'vitals-state': 0, 'airspace-state': 0, 'data': {'page': 'location', 'action': 'opened page'}}
INFO:root:Takeoff radiocomms initiated
INFO:comtypes.client._code_cache:Imported existing <module 'comtypes.gen' from 'C:\\Users\\ae-dagbeyibor3\\AppData\\Local\\Programs\\Python\\Python312\\Lib\\site-packages\\comtypes\\gen\\__init__.py'>
INFO:comtypes.client._code_cache:Using writeable comtypes cache directory: 'C:\Users\ae-dagbeyibor3\AppData\Local\Programs\Python\Python312\Lib\site-packages\comtypes\gen'
INFO:root:1721933698.116491,ID:1010,STAGE:2,SEQUENCE:1243,DATA:{'time': 1721933698.1, 'user-id': '1010', 'source': 'HAI Interface', 'destination-index': 'None', 'study-stage': '2', 'decision-state': 0, 'vitals-state': 0, 'airspace-state': 0, 'data': {'page': 'map', 'action': 'selected helipad', 'value': '21'}}
INFO:root:Takeoff radiocomms clear request sent
INFO:root:1721933716.293563,ID:1010,STAGE:2,SEQUENCE:1243,DATA:{'time': 1721933716.29, 'user-id': '1010', 'source': 'HAI Interface', 'destination-index': 'None', 'study-stage': '2', 'decision-state': 0, 'vitals-state': 0, 'airspace-state': 0, 'data': {'page': 'location', 'action': 'confirm button pressed'}}
INFO:root:1721933716.512838,ID:1010,STAGE:2,SEQUENCE:1243,DATA:{'time': 1721933716.502, 'user-id': 'none', 'source': 'HAI Interface', 'destination-index': 3, 'study-stage': -1, 'decision-state': 0, 'vitals-state': 0, 'airspace-state': 0, 'data': {'page': 'checklist', 'action': 'opened page', 'inflight': False}}
INFO:root:1721933717.470113,ID:1010,STAGE:2,SEQUENCE:1243,DATA:{'time': 1721933717.467, 'user-id': '1010', 'source': 'HAI Interface', 'destination-index': '3', 'study-stage': '2', 'decision-state': 0, 'vitals-state': 0, 'airspace-state': 0, 'data': {'page': 'map', 'action': 'selected helipad', 'value': '21'}}
INFO:root:1721933718.216971,ID:1010,STAGE:2,SEQUENCE:1243,DATA:{'time': 1721933718.214, 'user-id': '1010', 'source': 'HAI Interface', 'destination-index': '3', 'study-stage': '2', 'decision-state': 0, 'vitals-state': 0, 'airspace-state': 0, 'data': {'page': 'checklist', 'action': 'toggled checkbox', 'inflight': False, 'item': 0, 'value': 'OFF'}}
INFO:root:1721933721.25425,ID:1010,STAGE:2,SEQUENCE:1243,DATA:{'time': 1721933721.251, 'user-id': '1010', 'source': 'HAI Interface', 'destination-index': '3', 'study-stage': '2', 'decision-state': 0, 'vitals-state': 0, 'airspace-state': 0, 'data': {'page': 'checklist', 'action': 'toggled checkbox', 'inflight': False, 'item': 1, 'value': 'OFF'}}
INFO:root:1721933722.080949,ID:1010,STAGE:2,SEQUENCE:1243,DATA:{'time': 1721933722.078, 'user-id': '1010', 'source': 'HAI Interface', 'destination-index': '3', 'study-stage': '2', 'decision-state': 0, 'vitals-state': 0, 'airspace-state': 0, 'data': {'page': 'checklist', 'action': 'toggled checkbox', 'inflight': False, 'item': 2, 'value': 'OFF'}}
INFO:root:1721933722.083295,ID:1010,STAGE:2,SEQUENCE:1243,DATA:{'time': 1721933722.079, 'user-id': '1010', 'source': 'HAI Interface', 'destination-index': '3', 'study-stage': '2', 'decision-state': 0, 'vitals-state': 0, 'airspace-state': 0, 'data': {'page': 'checklist', 'action': 'showing confirm button', 'inflight': False}}
INFO:root:1721933722.78402,ID:1010,STAGE:2,SEQUENCE:1243,DATA:{'time': 1721933722.781, 'user-id': '1010', 'source': 'HAI Interface', 'destination-index': '3', 'study-stage': '2', 'decision-state': 0, 'vitals-state': 0, 'airspace-state': 0, 'data': {'page': 'checklist', 'action': 'confirm button clicked', 'inflight': False}}
INFO:root:1721933722.883889,ID:1010,STAGE:2,SEQUENCE:1243,DATA:{'time': 1721933722.876, 'user-id': 'none', 'source': 'HAI Interface', 'destination-index': 3, 'study-stage': -1, 'decision-state': 0, 'vitals-state': 0, 'airspace-state': 0, 'data': {'page': 'countdown', 'action': 'opened page'}}
INFO:root:1721933723.856522,ID:1010,STAGE:2,SEQUENCE:1243,DATA:{'time': 1721933723.851, 'user-id': '1010', 'source': 'HAI Interface', 'destination-index': '3', 'study-stage': '2', 'decision-state': 0, 'vitals-state': 0, 'airspace-state': 0, 'data': {'page': 'map', 'action': 'selected helipad', 'value': '21'}}
INFO:root:1721933723.88659,ID:1010,STAGE:2,SEQUENCE:1243,DATA:{'time': 1721933723.884, 'user-id': '1010', 'source': 'HAI Interface', 'destination-index': '3', 'study-stage': '2', 'decision-state': 0, 'vitals-state': 0, 'airspace-state': 0, 'data': {'page': 'countdown', 'action': 'countdown now 4'}}
INFO:root:1721933724.888209,ID:1010,STAGE:2,SEQUENCE:1243,DATA:{'time': 1721933724.884, 'user-id': '1010', 'source': 'HAI Interface', 'destination-index': '3', 'study-stage': '2', 'decision-state': 0, 'vitals-state': 0, 'airspace-state': 0, 'data': {'page': 'countdown', 'action': 'countdown now 3'}}
INFO:root:1721933725.882782,ID:1010,STAGE:2,SEQUENCE:1243,DATA:{'time': 1721933725.879, 'user-id': '1010', 'source': 'HAI Interface', 'destination-index': '3', 'study-stage': '2', 'decision-state': 0, 'vitals-state': 0, 'airspace-state': 0, 'data': {'page': 'countdown', 'action': 'countdown now 2'}}
INFO:root:1721933726.886663,ID:1010,STAGE:2,SEQUENCE:1243,DATA:{'time': 1721933726.884, 'user-id': '1010', 'source': 'HAI Interface', 'destination-index': '3', 'study-stage': '2', 'decision-state': 0, 'vitals-state': 0, 'airspace-state': 0, 'data': {'page': 'countdown', 'action': 'countdown now 1'}}
INFO:root:1721933727.887552,ID:1010,STAGE:2,SEQUENCE:1243,DATA:{'time': 1721933727.884, 'user-id': '1010', 'source': 'HAI Interface', 'destination-index': '3', 'study-stage': '2', 'decision-state': 0, 'vitals-state': 0, 'airspace-state': 0, 'data': {'page': 'countdown', 'action': 'countdown now 0'}}
INFO:root:1721933728.882673,ID:1010,STAGE:2,SEQUENCE:1243,DATA:{'time': 1721933728.877, 'user-id': '1010', 'source': 'HAI Interface', 'destination-index': '3', 'study-stage': '2', 'decision-state': 0, 'vitals-state': 0, 'airspace-state': 0, 'data': {'page': 'countdown', 'action': 'countdown complete'}}
INFO:root:1721933730.171796,ID:1010,STAGE:2,SEQUENCE:1243,DATA:{'time': 1721933730.168, 'user-id': '1010', 'source': 'HAI Interface', 'destination-index': '3', 'study-stage': '2', 'decision-state': 0, 'vitals-state': 0, 'airspace-state': 0, 'data': {'page': 'map', 'action': 'selected helipad', 'value': '21'}}
INFO:root:Inflight Radio Update asked
INFO:root:sent request to set radio update complete
INFO:root:1721933739.076759,ID:1010,STAGE:2,SEQUENCE:1243,DATA:{'time': 1721933739.074, 'user-id': '1010', 'source': 'HAI Interface', 'destination-index': '3', 'study-stage': '2', 'decision-state': 0, 'vitals-state': 0, 'airspace-state': 0, 'data': {'action': 'radio panel opened'}}
INFO:root:SimConnect Error in /var
INFO:SimConnect.SimConnect:SIM OPEN
INFO:root:SimConnect Error in /var
INFO:SimConnect.SimConnect:SIM OPEN
INFO:root:1721933743.78436,ID:1010,STAGE:2,SEQUENCE:1243,DATA:{'time': 1721933743.779, 'user-id': '1010', 'source': 'HAI Interface', 'destination-index': '3', 'study-stage': '2', 'decision-state': 0, 'vitals-state': 0, 'airspace-state': 0, 'data': {'action': 'transmit button pressed'}}
INFO:root:1721933743.789515,ID:1010,STAGE:2,SEQUENCE:1243,DATA:{'time': 1721933743.78, 'user-id': '1010', 'source': 'HAI Interface', 'destination-index': '3', 'study-stage': '2', 'decision-state': 0, 'vitals-state': 0, 'airspace-state': 0, 'data': {'action': 'callsign set to: + NASXGS'}}
INFO:root:1721933743.799741,ID:1010,STAGE:2,SEQUENCE:1243,DATA:{'time': 1721933743.78, 'user-id': '1010', 'source': 'HAI Interface', 'destination-index': '3', 'study-stage': '2', 'decision-state': 0, 'vitals-state': 0, 'airspace-state': 0, 'data': {'action': 'radio set to:Comm1'}}
INFO:root:1721933743.80074,ID:1010,STAGE:2,SEQUENCE:1243,DATA:{'time': 1721933743.781, 'user-id': '1010', 'source': 'HAI Interface', 'destination-index': '3', 'study-stage': '2', 'decision-state': 0, 'vitals-state': 0, 'airspace-state': 0, 'data': {'page': 'map', 'action': 'show map'}}
INFO:root:1721933743.805727,ID:1010,STAGE:2,SEQUENCE:1243,DATA:{'time': 1721933743.781, 'user-id': '1010', 'source': 'HAI Interface', 'destination-index': '3', 'study-stage': '2', 'decision-state': 0, 'vitals-state': 0, 'airspace-state': 0, 'data': {'page': 'map', 'action': 'selected helipad', 'value': '21'}}
INFO:root:1721933743.81082,ID:1010,STAGE:2,SEQUENCE:1243,DATA:{'time': 1721933743.789, 'user-id': '1010', 'source': 'HAI Interface', 'destination-index': '3', 'study-stage': '2', 'decision-state': 0, 'vitals-state': 0, 'airspace-state': 0, 'data': {'action': 'NASXGStransmitting updates onComm1123.45 MHz'}}
INFO:root:1721933761.66377,ID:1010,STAGE:2,SEQUENCE:1243,DATA:{'time': 1721933761.658, 'user-id': '1010', 'source': 'HAI Interface', 'destination-index': '3', 'study-stage': '2', 'decision-state': 0, 'vitals-state': 0, 'airspace-state': 0, 'data': {'page': 'map', 'action': 'hide map'}}
INFO:root:1721933763.816013,ID:1010,STAGE:2,SEQUENCE:1243,DATA:{'time': 1721933763.804, 'user-id': '1010', 'source': 'HAI Interface', 'destination-index': '3', 'study-stage': '2', 'decision-state': 0, 'vitals-state': 0, 'airspace-state': 0, 'data': {'page': 'map', 'action': 'show map'}}
INFO:root:1721933763.820021,ID:1010,STAGE:2,SEQUENCE:1243,DATA:{'time': 1721933763.805, 'user-id': '1010', 'source': 'HAI Interface', 'destination-index': '3', 'study-stage': '2', 'decision-state': 0, 'vitals-state': 0, 'airspace-state': 0, 'data': {'page': 'map', 'action': 'selected helipad', 'value': '21'}}
INFO:root:1721933765.109841,ID:1010,STAGE:2,SEQUENCE:1243,DATA:{'time': 1721933765.1, 'source': 'VitalsTask', 'timer': 144.157, 'data': {'sensor': 'Heart Rate', 'action': 'opened sensor tab'}}
INFO:root:1721933767.73215,ID:1010,STAGE:2,SEQUENCE:1243,DATA:{'time': 1721933767.726, 'source': 'VitalsTask', 'timer': 146.783, 'data': {'sensor': 'Heart Rate', 'action': 'capture', 'data': 'action button pressed'}}
INFO:root:1721933767.734659,ID:1010,STAGE:2,SEQUENCE:1243,DATA:{'time': 1721933767.726, 'source': 'VitalsTask', 'timer': 146.783, 'data': {'sensor': 'Heart Rate', 'action': 'capture', 'data': 'starting sensor action'}}
INFO:root:1721933768.758489,ID:1010,STAGE:2,SEQUENCE:1243,DATA:{'time': 1721933768.742, 'source': 'VitalsTask', 'timer': 147.799, 'data': {'sensor': 'Heart Rate', 'action': 'capture', 'data': 'sensor action complete'}}
INFO:root:1721933768.762522,ID:1010,STAGE:2,SEQUENCE:1243,DATA:{'time': 1721933768.742, 'source': 'VitalsTask', 'timer': 147.799, 'data': {'sensor': 'Heart Rate', 'action': 'keypad open'}}
INFO:root:1721933770.141929,ID:1010,STAGE:2,SEQUENCE:1243,DATA:{'time': 1721933770.13, 'source': 'VitalsTask', 'timer': 149.187, 'data': {'sensor': 'Heart Rate', 'action': 'keypad press', 'key': 5, 'value': 5}}
INFO:root:1721933771.329421,ID:1010,STAGE:2,SEQUENCE:1243,DATA:{'time': 1721933771.322, 'source': 'VitalsTask', 'timer': 150.379, 'data': {'sensor': 'Heart Rate', 'action': 'keypad press', 'key': 5, 'value': 55}}
INFO:root:1721933772.682493,ID:1010,STAGE:2,SEQUENCE:1243,DATA:{'time': 1721933772.673, 'source': 'VitalsTask', 'timer': 151.73, 'data': {'sensor': 'Heart Rate', 'action': 'show action buttons'}}
INFO:root:1721933772.68549,ID:1010,STAGE:2,SEQUENCE:1243,DATA:{'time': 1721933772.674, 'source': 'VitalsTask', 'timer': 151.731, 'data': {'sensor': 'Heart Rate', 'action': 'keypad press', 'key': 10, 'value': 55}}
INFO:root:1721933773.903738,ID:1010,STAGE:2,SEQUENCE:1243,DATA:{'time': 1721933773.896, 'source': 'VitalsTask', 'timer': 152.953, 'data': {'sensor': 'Heart Rate', 'action': 'log', 'data': 'action button pressed'}}
INFO:root:1721933773.906242,ID:1010,STAGE:2,SEQUENCE:1243,DATA:{'time': 1721933773.896, 'source': 'VitalsTask', 'timer': 152.953, 'data': {'sensor': 'Heart Rate', 'action': 'log', 'data': 'starting sensor action'}}
INFO:root:1721933774.919765,ID:1010,STAGE:2,SEQUENCE:1243,DATA:{'time': 1721933774.912, 'source': 'VitalsTask', 'timer': 153.969, 'data': {'sensor': 'Heart Rate', 'action': 'log', 'data': 'sensor action complete'}}
INFO:root:1721933775.651798,ID:1010,STAGE:2,SEQUENCE:1243,DATA:{'time': 1721933775.642, 'source': 'VitalsTask', 'timer': 154.699, 'data': {'sensor': 'Heart Rate', 'action': 'save', 'data': 'action button pressed'}}
INFO:root:1721933775.656814,ID:1010,STAGE:2,SEQUENCE:1243,DATA:{'time': 1721933775.643, 'source': 'VitalsTask', 'timer': 154.7, 'data': {'sensor': 'Heart Rate', 'action': 'save', 'data': 'starting sensor action'}}
INFO:root:1721933776.670593,ID:1010,STAGE:2,SEQUENCE:1243,DATA:{'time': 1721933776.662, 'source': 'VitalsTask', 'timer': 155.719, 'data': {'sensor': 'Heart Rate', 'action': 'save', 'data': 'sensor action complete'}}
INFO:root:1721933777.313676,ID:1010,STAGE:2,SEQUENCE:1243,DATA:{'time': 1721933777.3, 'source': 'VitalsTask', 'timer': 156.357, 'data': {'sensor': 'O\u2082 Saturation', 'action': 'opened sensor tab'}}
INFO:root:1721933778.507457,ID:1010,STAGE:2,SEQUENCE:1243,DATA:{'time': 1721933778.497, 'source': 'VitalsTask', 'timer': 157.554, 'data': {'sensor': 'O\u2082 Saturation', 'action': 'capture', 'data': 'action button pressed'}}
INFO:root:1721933778.508455,ID:1010,STAGE:2,SEQUENCE:1243,DATA:{'time': 1721933778.498, 'source': 'VitalsTask', 'timer': 157.555, 'data': {'sensor': 'O\u2082 Saturation', 'action': 'capture', 'data': 'starting sensor action'}}
INFO:root:1721933779.51883,ID:1010,STAGE:2,SEQUENCE:1243,DATA:{'time': 1721933779.511, 'source': 'VitalsTask', 'timer': 158.568, 'data': {'sensor': 'O\u2082 Saturation', 'action': 'capture', 'data': 'sensor action complete'}}
INFO:root:1721933779.520823,ID:1010,STAGE:2,SEQUENCE:1243,DATA:{'time': 1721933779.512, 'source': 'VitalsTask', 'timer': 158.569, 'data': {'sensor': 'O\u2082 Saturation', 'action': 'keypad open'}}
INFO:root:1721933780.617105,ID:1010,STAGE:2,SEQUENCE:1243,DATA:{'time': 1721933780.61, 'source': 'VitalsTask', 'timer': 159.667, 'data': {'sensor': 'O\u2082 Saturation', 'action': 'keypad press', 'key': 1, 'value': 1}}
INFO:root:1721933781.650727,ID:1010,STAGE:2,SEQUENCE:1243,DATA:{'time': 1721933781.643, 'source': 'VitalsTask', 'timer': 160.7, 'data': {'sensor': 'O\u2082 Saturation', 'action': 'keypad press', 'key': 11, 'value': 10}}
INFO:root:1721933782.244134,ID:1010,STAGE:2,SEQUENCE:1243,DATA:{'time': 1721933782.234, 'source': 'VitalsTask', 'timer': 161.291, 'data': {'sensor': 'O\u2082 Saturation', 'action': 'keypad press', 'key': 11, 'value': 100}}
INFO:root:1721933783.129823,ID:1010,STAGE:2,SEQUENCE:1243,DATA:{'time': 1721933783.119, 'source': 'VitalsTask', 'timer': 162.176, 'data': {'sensor': 'O\u2082 Saturation', 'action': 'show action buttons'}}
INFO:root:1721933783.137472,ID:1010,STAGE:2,SEQUENCE:1243,DATA:{'time': 1721933783.127, 'source': 'VitalsTask', 'timer': 162.184, 'data': {'sensor': 'O\u2082 Saturation', 'action': 'keypad press', 'key': 10, 'value': 100}}
INFO:root:1721933783.316059,ID:1010,STAGE:2,SEQUENCE:1243,DATA:{'time': 1721933783.311, 'user-id': '1010', 'source': 'HAI Interface', 'destination-index': '3', 'study-stage': '2', 'decision-state': 0, 'vitals-state': 0, 'airspace-state': 0, 'data': {'page': 'inflight', 'action': 'displaying vitals prompt'}}
INFO:root:1721933784.409417,ID:1010,STAGE:2,SEQUENCE:1243,DATA:{'time': 1721933784.401, 'source': 'VitalsTask', 'timer': 163.458, 'data': {'sensor': 'O\u2082 Saturation', 'action': 'log', 'data': 'action button pressed'}}
INFO:root:1721933784.412409,ID:1010,STAGE:2,SEQUENCE:1243,DATA:{'time': 1721933784.402, 'source': 'VitalsTask', 'timer': 163.459, 'data': {'sensor': 'O\u2082 Saturation', 'action': 'log', 'data': 'starting sensor action'}}
INFO:root:1721933785.444933,ID:1010,STAGE:2,SEQUENCE:1243,DATA:{'time': 1721933785.427, 'source': 'VitalsTask', 'timer': 164.484, 'data': {'sensor': 'O\u2082 Saturation', 'action': 'log', 'data': 'sensor action complete'}}
INFO:root:1721933786.256434,ID:1010,STAGE:2,SEQUENCE:1243,DATA:{'time': 1721933786.235, 'source': 'VitalsTask', 'timer': 165.292, 'data': {'sensor': 'O\u2082 Saturation', 'action': 'save', 'data': 'action button pressed'}}
INFO:root:1721933786.259426,ID:1010,STAGE:2,SEQUENCE:1243,DATA:{'time': 1721933786.236, 'source': 'VitalsTask', 'timer': 165.293, 'data': {'sensor': 'O\u2082 Saturation', 'action': 'save', 'data': 'starting sensor action'}}
INFO:root:1721933787.263411,ID:1010,STAGE:2,SEQUENCE:1243,DATA:{'time': 1721933787.254, 'source': 'VitalsTask', 'timer': 166.311, 'data': {'sensor': 'O\u2082 Saturation', 'action': 'save', 'data': 'sensor action complete'}}
INFO:root:1721933787.90919,ID:1010,STAGE:2,SEQUENCE:1243,DATA:{'time': 1721933787.896, 'source': 'VitalsTask', 'timer': 166.953, 'data': {'sensor': 'Blood Pressure', 'action': 'opened sensor tab'}}
INFO:root:1721933788.932519,ID:1010,STAGE:2,SEQUENCE:1243,DATA:{'time': 1721933788.922, 'source': 'VitalsTask', 'timer': 167.979, 'data': {'sensor': 'Blood Pressure', 'action': 'capture', 'data': 'action button pressed'}}
INFO:root:1721933788.936144,ID:1010,STAGE:2,SEQUENCE:1243,DATA:{'time': 1721933788.922, 'source': 'VitalsTask', 'timer': 167.979, 'data': {'sensor': 'Blood Pressure', 'action': 'capture', 'data': 'starting sensor action'}}
INFO:root:1721933789.946774,ID:1010,STAGE:2,SEQUENCE:1243,DATA:{'time': 1721933789.937, 'source': 'VitalsTask', 'timer': 168.994, 'data': {'sensor': 'Blood Pressure', 'action': 'capture', 'data': 'sensor action complete'}}
INFO:root:1721933789.949765,ID:1010,STAGE:2,SEQUENCE:1243,DATA:{'time': 1721933789.938, 'source': 'VitalsTask', 'timer': 168.995, 'data': {'sensor': 'Blood Pressure', 'action': 'keypad open'}}
INFO:root:1721933791.791942,ID:1010,STAGE:2,SEQUENCE:1243,DATA:{'time': 1721933791.784, 'source': 'VitalsTask', 'timer': 170.841, 'data': {'sensor': 'Blood Pressure', 'action': 'keypad press', 'key': 2, 'value': 2}}
INFO:root:1721933793.159744,ID:1010,STAGE:2,SEQUENCE:1243,DATA:{'time': 1721933793.148, 'source': 'VitalsTask', 'timer': 172.205, 'data': {'sensor': 'Blood Pressure', 'action': 'keypad press', 'key': 12, 'value': 0}}
INFO:root:1721933794.13574,ID:1010,STAGE:2,SEQUENCE:1243,DATA:{'time': 1721933794.125, 'source': 'VitalsTask', 'timer': 173.182, 'data': {'sensor': 'Blood Pressure', 'action': 'keypad press', 'key': 1, 'value': 1}}
INFO:root:1721933794.822178,ID:1010,STAGE:2,SEQUENCE:1243,DATA:{'time': 1721933794.812, 'source': 'VitalsTask', 'timer': 173.869, 'data': {'sensor': 'Blood Pressure', 'action': 'keypad press', 'key': 2, 'value': 12}}
INFO:root:1721933795.997151,ID:1010,STAGE:2,SEQUENCE:1243,DATA:{'time': 1721933795.988, 'source': 'VitalsTask', 'timer': 175.045, 'data': {'sensor': 'Blood Pressure', 'action': 'keypad press', 'key': 11, 'value': 120}}
INFO:root:1721933797.21083,ID:1010,STAGE:2,SEQUENCE:1243,DATA:{'time': 1721933797.201, 'source': 'VitalsTask', 'timer': 176.258, 'data': {'sensor': 'Blood Pressure', 'action': 'keypad press', 'key': 8, 'value': 1208}}
INFO:root:1721933797.869535,ID:1010,STAGE:2,SEQUENCE:1243,DATA:{'time': 1721933797.862, 'source': 'VitalsTask', 'timer': 176.919, 'data': {'sensor': 'Blood Pressure', 'action': 'keypad press', 'key': 11, 'value': 12080}}
INFO:root:1721933798.772886,ID:1010,STAGE:2,SEQUENCE:1243,DATA:{'time': 1721933798.764, 'source': 'VitalsTask', 'timer': 177.821, 'data': {'sensor': 'Blood Pressure', 'action': 'show action buttons'}}
INFO:root:1721933798.774883,ID:1010,STAGE:2,SEQUENCE:1243,DATA:{'time': 1721933798.764, 'source': 'VitalsTask', 'timer': 177.821, 'data': {'sensor': 'Blood Pressure', 'action': 'keypad press', 'key': 10, 'value': 12080}}
INFO:root:1721933800.210959,ID:1010,STAGE:2,SEQUENCE:1243,DATA:{'time': 1721933800.204, 'source': 'VitalsTask', 'timer': 179.261, 'data': {'sensor': 'Blood Pressure', 'action': 'log', 'data': 'action button pressed'}}
INFO:root:1721933800.213466,ID:1010,STAGE:2,SEQUENCE:1243,DATA:{'time': 1721933800.205, 'source': 'VitalsTask', 'timer': 179.262, 'data': {'sensor': 'Blood Pressure', 'action': 'log', 'data': 'starting sensor action'}}
INFO:root:1721933801.233039,ID:1010,STAGE:2,SEQUENCE:1243,DATA:{'time': 1721933801.224, 'source': 'VitalsTask', 'timer': 180.281, 'data': {'sensor': 'Blood Pressure', 'action': 'log', 'data': 'sensor action complete'}}
INFO:root:1721933801.837533,ID:1010,STAGE:2,SEQUENCE:1243,DATA:{'time': 1721933801.83, 'source': 'VitalsTask', 'timer': 180.887, 'data': {'sensor': 'Blood Pressure', 'action': 'save', 'data': 'action button pressed'}}
INFO:root:1721933801.839534,ID:1010,STAGE:2,SEQUENCE:1243,DATA:{'time': 1721933801.83, 'source': 'VitalsTask', 'timer': 180.887, 'data': {'sensor': 'Blood Pressure', 'action': 'save', 'data': 'starting sensor action'}}
INFO:root:1721933802.857257,ID:1010,STAGE:2,SEQUENCE:1243,DATA:{'time': 1721933802.849, 'source': 'VitalsTask', 'timer': 181.906, 'data': {'sensor': 'Blood Pressure', 'action': 'save', 'data': 'sensor action complete'}}
INFO:root:1721933803.676895,ID:1010,STAGE:2,SEQUENCE:1243,DATA:{'time': 1721933803.652, 'source': 'VitalsTask', 'timer': 182.709, 'data': {'sensor': 'submit', 'action': 'submit'}}
INFO:root:1721933803.681398,ID:1010,STAGE:2,SEQUENCE:1243,DATA:{'time': 1721933803.652, 'source': 'VitalsTask', 'timer': 182.709, 'data': {'sensor': 'submit', 'action': 'submit', 'data': 'submit succeeded'}}
INFO:root:1721933804.941684,ID:1010,STAGE:2,SEQUENCE:1243,DATA:{'time': 1721933804.938, 'user-id': '1010', 'source': 'HAI Interface', 'destination-index': '3', 'study-stage': '2', 'decision-state': 0, 'vitals-state': 0, 'airspace-state': 0, 'data': {'page': 'inflight', 'action': 'user acknowledged vitals prompt'}}
INFO:root:1721933811.667568,ID:1010,STAGE:2,SEQUENCE:1243,DATA:{'time': 1721933811.659, 'source': 'VitalsTask', 'timer': 8.004, 'data': {'sensor': 'submit', 'action': 'submit'}}
INFO:root:1721933811.67056,ID:1010,STAGE:2,SEQUENCE:1243,DATA:{'time': 1721933811.66, 'source': 'VitalsTask', 'timer': 8.005, 'data': {'sensor': 'submit', 'action': 'submit', 'data': 'submit failed incomplete vitals checklist'}}
INFO:root:Inflight Radio Update asked
INFO:root:sent request to set radio update complete
INFO:root:1721933837.470621,ID:1010,STAGE:2,SEQUENCE:1243,DATA:{'time': 1721933837.465, 'user-id': '1010', 'source': 'HAI Interface', 'destination-index': '3', 'study-stage': '2', 'decision-state': 0, 'vitals-state': 0, 'airspace-state': 0, 'data': {'action': 'transmit button pressed'}}
INFO:root:1721933837.474232,ID:1010,STAGE:2,SEQUENCE:1243,DATA:{'time': 1721933837.465, 'user-id': '1010', 'source': 'HAI Interface', 'destination-index': '3', 'study-stage': '2', 'decision-state': 0, 'vitals-state': 0, 'airspace-state': 0, 'data': {'action': 'callsign set to: + NASXGS'}}
INFO:root:1721933837.478709,ID:1010,STAGE:2,SEQUENCE:1243,DATA:{'time': 1721933837.466, 'user-id': '1010', 'source': 'HAI Interface', 'destination-index': '3', 'study-stage': '2', 'decision-state': 0, 'vitals-state': 0, 'airspace-state': 0, 'data': {'action': 'radio set to:Comm1'}}
INFO:root:1721933837.479705,ID:1010,STAGE:2,SEQUENCE:1243,DATA:{'time': 1721933837.466, 'user-id': '1010', 'source': 'HAI Interface', 'destination-index': '3', 'study-stage': '2', 'decision-state': 0, 'vitals-state': 0, 'airspace-state': 0, 'data': {'page': 'map', 'action': 'show map'}}
INFO:root:1721933837.486687,ID:1010,STAGE:2,SEQUENCE:1243,DATA:{'time': 1721933837.466, 'user-id': '1010', 'source': 'HAI Interface', 'destination-index': '3', 'study-stage': '2', 'decision-state': 0, 'vitals-state': 0, 'airspace-state': 0, 'data': {'page': 'map', 'action': 'selected helipad', 'value': '21'}}
INFO:root:1721933837.488682,ID:1010,STAGE:2,SEQUENCE:1243,DATA:{'time': 1721933837.471, 'user-id': '1010', 'source': 'HAI Interface', 'destination-index': '3', 'study-stage': '2', 'decision-state': 0, 'vitals-state': 0, 'airspace-state': 0, 'data': {'action': 'NASXGStransmitting updates onComm1123.45 MHz'}}
INFO:root:SimConnect Error in /var
INFO:SimConnect.SimConnect:SIM OPEN
INFO:root:1721933856.738429,ID:1010,STAGE:2,SEQUENCE:1243,DATA:{'time': 1721933856.728, 'source': 'VitalsTask', 'timer': 53.073, 'data': {'sensor': 'Heart Rate', 'action': 'opened sensor tab'}}
INFO:root:1721933858.101581,ID:1010,STAGE:2,SEQUENCE:1243,DATA:{'time': 1721933858.092, 'source': 'VitalsTask', 'timer': 54.437, 'data': {'sensor': 'Heart Rate', 'action': 'capture', 'data': 'action button pressed'}}
INFO:root:1721933858.108587,ID:1010,STAGE:2,SEQUENCE:1243,DATA:{'time': 1721933858.092, 'source': 'VitalsTask', 'timer': 54.437, 'data': {'sensor': 'Heart Rate', 'action': 'capture', 'data': 'starting sensor action'}}
INFO:root:1721933859.114697,ID:1010,STAGE:2,SEQUENCE:1243,DATA:{'time': 1721933859.106, 'source': 'VitalsTask', 'timer': 55.451, 'data': {'sensor': 'Heart Rate', 'action': 'capture', 'data': 'sensor action complete'}}
INFO:root:1721933859.116216,ID:1010,STAGE:2,SEQUENCE:1243,DATA:{'time': 1721933859.107, 'source': 'VitalsTask', 'timer': 55.452, 'data': {'sensor': 'Heart Rate', 'action': 'keypad open'}}
INFO:root:1721933860.241837,ID:1010,STAGE:2,SEQUENCE:1243,DATA:{'time': 1721933860.235, 'source': 'VitalsTask', 'timer': 56.58, 'data': {'sensor': 'Heart Rate', 'action': 'keypad press', 'key': 5, 'value': 5}}
INFO:root:1721933860.777854,ID:1010,STAGE:2,SEQUENCE:1243,DATA:{'time': 1721933860.766, 'source': 'VitalsTask', 'timer': 57.111, 'data': {'sensor': 'Heart Rate', 'action': 'keypad press', 'key': 5, 'value': 55}}
INFO:root:1721933861.95964,ID:1010,STAGE:2,SEQUENCE:1243,DATA:{'time': 1721933861.95, 'source': 'VitalsTask', 'timer': 58.295, 'data': {'sensor': 'Heart Rate', 'action': 'show action buttons'}}
INFO:root:1721933861.961634,ID:1010,STAGE:2,SEQUENCE:1243,DATA:{'time': 1721933861.951, 'source': 'VitalsTask', 'timer': 58.296, 'data': {'sensor': 'Heart Rate', 'action': 'keypad press', 'key': 10, 'value': 55}}
INFO:root:1721933863.068964,ID:1010,STAGE:2,SEQUENCE:1243,DATA:{'time': 1721933863.061, 'source': 'VitalsTask', 'timer': 59.406, 'data': {'sensor': 'Heart Rate', 'action': 'log', 'data': 'action button pressed'}}
INFO:root:1721933863.072371,ID:1010,STAGE:2,SEQUENCE:1243,DATA:{'time': 1721933863.062, 'source': 'VitalsTask', 'timer': 59.407, 'data': {'sensor': 'Heart Rate', 'action': 'log', 'data': 'starting sensor action'}}
INFO:root:1721933864.104085,ID:1010,STAGE:2,SEQUENCE:1243,DATA:{'time': 1721933864.088, 'source': 'VitalsTask', 'timer': 60.433, 'data': {'sensor': 'Heart Rate', 'action': 'log', 'data': 'sensor action complete'}}
INFO:root:1721933864.173864,ID:1010,STAGE:2,SEQUENCE:1243,DATA:{'time': 1721933864.159, 'source': 'VitalsTask', 'timer': 60.504, 'data': {'sensor': 'Heart Rate', 'action': 'save', 'data': 'action button pressed'}}
INFO:root:1721933864.175863,ID:1010,STAGE:2,SEQUENCE:1243,DATA:{'time': 1721933864.159, 'source': 'VitalsTask', 'timer': 60.504, 'data': {'sensor': 'Heart Rate', 'action': 'save', 'data': 'starting sensor action'}}
INFO:root:1721933865.181546,ID:1010,STAGE:2,SEQUENCE:1243,DATA:{'time': 1721933865.173, 'source': 'VitalsTask', 'timer': 61.518, 'data': {'sensor': 'Heart Rate', 'action': 'save', 'data': 'sensor action complete'}}
INFO:root:1721933865.887162,ID:1010,STAGE:2,SEQUENCE:1243,DATA:{'time': 1721933865.879, 'source': 'VitalsTask', 'timer': 62.224, 'data': {'sensor': 'O\u2082 Saturation', 'action': 'opened sensor tab'}}
INFO:root:1721933867.601813,ID:1010,STAGE:2,SEQUENCE:1243,DATA:{'time': 1721933867.594, 'source': 'VitalsTask', 'timer': 63.939, 'data': {'sensor': 'O\u2082 Saturation', 'action': 'opened sensor tab'}}
INFO:root:1721933868.678717,ID:1010,STAGE:2,SEQUENCE:1243,DATA:{'time': 1721933868.671, 'source': 'VitalsTask', 'timer': 65.016, 'data': {'sensor': 'O\u2082 Saturation', 'action': 'capture', 'data': 'action button pressed'}}
INFO:root:1721933868.680711,ID:1010,STAGE:2,SEQUENCE:1243,DATA:{'time': 1721933868.672, 'source': 'VitalsTask', 'timer': 65.017, 'data': {'sensor': 'O\u2082 Saturation', 'action': 'capture', 'data': 'starting sensor action'}}
INFO:root:1721933869.699759,ID:1010,STAGE:2,SEQUENCE:1243,DATA:{'time': 1721933869.691, 'source': 'VitalsTask', 'timer': 66.036, 'data': {'sensor': 'O\u2082 Saturation', 'action': 'capture', 'data': 'sensor action complete'}}
INFO:root:1721933869.702168,ID:1010,STAGE:2,SEQUENCE:1243,DATA:{'time': 1721933869.692, 'source': 'VitalsTask', 'timer': 66.037, 'data': {'sensor': 'O\u2082 Saturation', 'action': 'keypad open'}}
INFO:root:1721933870.842566,ID:1010,STAGE:2,SEQUENCE:1243,DATA:{'time': 1721933870.826, 'source': 'VitalsTask', 'timer': 67.171, 'data': {'sensor': 'O\u2082 Saturation', 'action': 'keypad press', 'key': 1, 'value': 1}}
INFO:root:1721933872.131109,ID:1010,STAGE:2,SEQUENCE:1243,DATA:{'time': 1721933872.125, 'source': 'VitalsTask', 'timer': 68.47, 'data': {'sensor': 'O\u2082 Saturation', 'action': 'keypad press', 'key': 11, 'value': 10}}
INFO:root:1721933872.723715,ID:1010,STAGE:2,SEQUENCE:1243,DATA:{'time': 1721933872.714, 'source': 'VitalsTask', 'timer': 69.059, 'data': {'sensor': 'O\u2082 Saturation', 'action': 'keypad press', 'key': 11, 'value': 100}}
INFO:root:1721933873.881172,ID:1010,STAGE:2,SEQUENCE:1243,DATA:{'time': 1721933873.864, 'source': 'VitalsTask', 'timer': 70.209, 'data': {'sensor': 'O\u2082 Saturation', 'action': 'show action buttons'}}
INFO:root:1721933873.886089,ID:1010,STAGE:2,SEQUENCE:1243,DATA:{'time': 1721933873.873, 'source': 'VitalsTask', 'timer': 70.218, 'data': {'sensor': 'O\u2082 Saturation', 'action': 'keypad press', 'key': 10, 'value': 100}}
INFO:root:1721933875.09326,ID:1010,STAGE:2,SEQUENCE:1243,DATA:{'time': 1721933875.084, 'source': 'VitalsTask', 'timer': 71.429, 'data': {'sensor': 'O\u2082 Saturation', 'action': 'log', 'data': 'action button pressed'}}
INFO:root:1721933875.098917,ID:1010,STAGE:2,SEQUENCE:1243,DATA:{'time': 1721933875.085, 'source': 'VitalsTask', 'timer': 71.43, 'data': {'sensor': 'O\u2082 Saturation', 'action': 'log', 'data': 'starting sensor action'}}
INFO:root:1721933876.107335,ID:1010,STAGE:2,SEQUENCE:1243,DATA:{'time': 1721933876.1, 'source': 'VitalsTask', 'timer': 72.445, 'data': {'sensor': 'O\u2082 Saturation', 'action': 'log', 'data': 'sensor action complete'}}
INFO:root:1721933876.692595,ID:1010,STAGE:2,SEQUENCE:1243,DATA:{'time': 1721933876.68, 'source': 'VitalsTask', 'timer': 73.025, 'data': {'sensor': 'O\u2082 Saturation', 'action': 'save', 'data': 'action button pressed'}}
INFO:root:1721933876.694595,ID:1010,STAGE:2,SEQUENCE:1243,DATA:{'time': 1721933876.681, 'source': 'VitalsTask', 'timer': 73.026, 'data': {'sensor': 'O\u2082 Saturation', 'action': 'save', 'data': 'starting sensor action'}}
INFO:root:1721933877.699933,ID:1010,STAGE:2,SEQUENCE:1243,DATA:{'time': 1721933877.691, 'source': 'VitalsTask', 'timer': 74.036, 'data': {'sensor': 'O\u2082 Saturation', 'action': 'save', 'data': 'sensor action complete'}}
INFO:root:1721933878.469072,ID:1010,STAGE:2,SEQUENCE:1243,DATA:{'time': 1721933878.46, 'source': 'VitalsTask', 'timer': 74.805, 'data': {'sensor': 'Blood Pressure', 'action': 'opened sensor tab'}}
INFO:root:1721933880.00865,ID:1010,STAGE:2,SEQUENCE:1243,DATA:{'time': 1721933879.994, 'source': 'VitalsTask', 'timer': 76.339, 'data': {'sensor': 'Blood Pressure', 'action': 'capture', 'data': 'action button pressed'}}
INFO:root:1721933880.016144,ID:1010,STAGE:2,SEQUENCE:1243,DATA:{'time': 1721933879.994, 'source': 'VitalsTask', 'timer': 76.339, 'data': {'sensor': 'Blood Pressure', 'action': 'capture', 'data': 'starting sensor action'}}
INFO:root:1721933881.017625,ID:1010,STAGE:2,SEQUENCE:1243,DATA:{'time': 1721933881.007, 'source': 'VitalsTask', 'timer': 77.353, 'data': {'sensor': 'Blood Pressure', 'action': 'capture', 'data': 'sensor action complete'}}
INFO:root:1721933881.025639,ID:1010,STAGE:2,SEQUENCE:1243,DATA:{'time': 1721933881.008, 'source': 'VitalsTask', 'timer': 77.353, 'data': {'sensor': 'Blood Pressure', 'action': 'keypad open'}}
INFO:root:1721933882.024547,ID:1010,STAGE:2,SEQUENCE:1243,DATA:{'time': 1721933882.018, 'user-id': '1010', 'source': 'HAI Interface', 'destination-index': '3', 'study-stage': '2', 'decision-state': 0, 'vitals-state': 0, 'airspace-state': 0, 'data': {'page': 'inflight', 'action': 'displaying vitals prompt'}}
INFO:root:1721933882.062278,ID:1010,STAGE:2,SEQUENCE:1243,DATA:{'time': 1721933882.054, 'source': 'VitalsTask', 'timer': 78.399, 'data': {'sensor': 'Blood Pressure', 'action': 'keypad press', 'key': 1, 'value': 1}}
INFO:root:1721933882.747082,ID:1010,STAGE:2,SEQUENCE:1243,DATA:{'time': 1721933882.738, 'source': 'VitalsTask', 'timer': 79.083, 'data': {'sensor': 'Blood Pressure', 'action': 'keypad press', 'key': 2, 'value': 12}}
INFO:root:1721933883.872267,ID:1010,STAGE:2,SEQUENCE:1243,DATA:{'time': 1721933883.859, 'source': 'VitalsTask', 'timer': 80.204, 'data': {'sensor': 'Blood Pressure', 'action': 'keypad press', 'key': 11, 'value': 120}}
INFO:root:1721933884.777443,ID:1010,STAGE:2,SEQUENCE:1243,DATA:{'time': 1721933884.767, 'source': 'VitalsTask', 'timer': 81.112, 'data': {'sensor': 'Blood Pressure', 'action': 'keypad press', 'key': 8, 'value': 1208}}
INFO:root:1721933885.578558,ID:1010,STAGE:2,SEQUENCE:1243,DATA:{'time': 1721933885.569, 'source': 'VitalsTask', 'timer': 81.914, 'data': {'sensor': 'Blood Pressure', 'action': 'keypad press', 'key': 11, 'value': 12080}}
INFO:root:1721933886.735618,ID:1010,STAGE:2,SEQUENCE:1243,DATA:{'time': 1721933886.727, 'source': 'VitalsTask', 'timer': 83.072, 'data': {'sensor': 'Blood Pressure', 'action': 'show action buttons'}}
INFO:root:1721933886.739613,ID:1010,STAGE:2,SEQUENCE:1243,DATA:{'time': 1721933886.727, 'source': 'VitalsTask', 'timer': 83.072, 'data': {'sensor': 'Blood Pressure', 'action': 'keypad press', 'key': 10, 'value': 12080}}
INFO:root:1721933889.21255,ID:1010,STAGE:2,SEQUENCE:1243,DATA:{'time': 1721933889.209, 'user-id': '1010', 'source': 'HAI Interface', 'destination-index': '3', 'study-stage': '2', 'decision-state': 0, 'vitals-state': 0, 'airspace-state': 0, 'data': {'page': 'map', 'action': 'hide map'}}
INFO:root:1721933890.706422,ID:1010,STAGE:2,SEQUENCE:1243,DATA:{'time': 1721933890.695, 'source': 'VitalsTask', 'timer': 87.04, 'data': {'sensor': 'Blood Pressure', 'action': 'log', 'data': 'action button pressed'}}
INFO:root:1721933890.709414,ID:1010,STAGE:2,SEQUENCE:1243,DATA:{'time': 1721933890.696, 'source': 'VitalsTask', 'timer': 87.041, 'data': {'sensor': 'Blood Pressure', 'action': 'log', 'data': 'starting sensor action'}}
INFO:root:1721933891.725185,ID:1010,STAGE:2,SEQUENCE:1243,DATA:{'time': 1721933891.711, 'source': 'VitalsTask', 'timer': 88.056, 'data': {'sensor': 'Blood Pressure', 'action': 'log', 'data': 'sensor action complete'}}
INFO:root:1721933892.298046,ID:1010,STAGE:2,SEQUENCE:1243,DATA:{'time': 1721933892.289, 'source': 'VitalsTask', 'timer': 88.634, 'data': {'sensor': 'Blood Pressure', 'action': 'save', 'data': 'action button pressed'}}
INFO:root:1721933892.303032,ID:1010,STAGE:2,SEQUENCE:1243,DATA:{'time': 1721933892.29, 'source': 'VitalsTask', 'timer': 88.635, 'data': {'sensor': 'Blood Pressure', 'action': 'save', 'data': 'starting sensor action'}}
INFO:root:1721933893.3165,ID:1010,STAGE:2,SEQUENCE:1243,DATA:{'time': 1721933893.307, 'source': 'VitalsTask', 'timer': 89.652, 'data': {'sensor': 'Blood Pressure', 'action': 'save', 'data': 'sensor action complete'}}
INFO:root:1721933894.074014,ID:1010,STAGE:2,SEQUENCE:1243,DATA:{'time': 1721933894.066, 'source': 'VitalsTask', 'timer': 90.411, 'data': {'sensor': 'submit', 'action': 'submit'}}
INFO:root:1721933894.075578,ID:1010,STAGE:2,SEQUENCE:1243,DATA:{'time': 1721933894.066, 'source': 'VitalsTask', 'timer': 90.411, 'data': {'sensor': 'submit', 'action': 'submit', 'data': 'submit succeeded'}}
INFO:root:1721933894.964476,ID:1010,STAGE:2,SEQUENCE:1243,DATA:{'time': 1721933894.958, 'user-id': '1010', 'source': 'HAI Interface', 'destination-index': '3', 'study-stage': '2', 'decision-state': 0, 'vitals-state': 0, 'airspace-state': 0, 'data': {'page': 'inflight', 'action': 'user acknowledged vitals prompt'}}
INFO:root:1721933896.878558,ID:1010,STAGE:2,SEQUENCE:1243,DATA:{'time': 1721933896.873, 'user-id': '1010', 'source': 'HAI Interface', 'destination-index': '3', 'study-stage': '2', 'decision-state': 0, 'vitals-state': 0, 'airspace-state': 0, 'data': {'page': 'map', 'action': 'show map'}}
INFO:root:1721933896.880684,ID:1010,STAGE:2,SEQUENCE:1243,DATA:{'time': 1721933896.873, 'user-id': '1010', 'source': 'HAI Interface', 'destination-index': '3', 'study-stage': '2', 'decision-state': 0, 'vitals-state': 0, 'airspace-state': 0, 'data': {'page': 'map', 'action': 'selected helipad', 'value': '21'}}
INFO:root:Inflight Radio Update asked
INFO:root:sent request to set radio update complete
INFO:root:1721933935.323029,ID:1010,STAGE:2,SEQUENCE:1243,DATA:{'time': 1721933935.317, 'user-id': '1010', 'source': 'HAI Interface', 'destination-index': '3', 'study-stage': '2', 'decision-state': 0, 'vitals-state': 0, 'airspace-state': 0, 'data': {'action': 'transmit button pressed'}}
INFO:root:1721933935.331008,ID:1010,STAGE:2,SEQUENCE:1243,DATA:{'time': 1721933935.318, 'user-id': '1010', 'source': 'HAI Interface', 'destination-index': '3', 'study-stage': '2', 'decision-state': 0, 'vitals-state': 0, 'airspace-state': 0, 'data': {'action': 'callsign set to: + NASXGS'}}
INFO:root:1721933935.332006,ID:1010,STAGE:2,SEQUENCE:1243,DATA:{'time': 1721933935.318, 'user-id': '1010', 'source': 'HAI Interface', 'destination-index': '3', 'study-stage': '2', 'decision-state': 0, 'vitals-state': 0, 'airspace-state': 0, 'data': {'action': 'radio set to:Comm1'}}
INFO:root:1721933935.334,ID:1010,STAGE:2,SEQUENCE:1243,DATA:{'time': 1721933935.319, 'user-id': '1010', 'source': 'HAI Interface', 'destination-index': '3', 'study-stage': '2', 'decision-state': 0, 'vitals-state': 0, 'airspace-state': 0, 'data': {'page': 'map', 'action': 'show map'}}
INFO:root:1721933935.343548,ID:1010,STAGE:2,SEQUENCE:1243,DATA:{'time': 1721933935.319, 'user-id': '1010', 'source': 'HAI Interface', 'destination-index': '3', 'study-stage': '2', 'decision-state': 0, 'vitals-state': 0, 'airspace-state': 0, 'data': {'page': 'map', 'action': 'selected helipad', 'value': '21'}}
INFO:root:1721933935.348662,ID:1010,STAGE:2,SEQUENCE:1243,DATA:{'time': 1721933935.325, 'user-id': '1010', 'source': 'HAI Interface', 'destination-index': '3', 'study-stage': '2', 'decision-state': 0, 'vitals-state': 0, 'airspace-state': 0, 'data': {'action': 'NASXGStransmitting updates onComm1123.45 MHz'}}
INFO:root:1721933951.082461,ID:1010,STAGE:2,SEQUENCE:1243,DATA:{'time': 1721933951.073, 'source': 'VitalsTask', 'timer': 57.006, 'data': {'sensor': 'Heart Rate', 'action': 'opened sensor tab'}}
INFO:root:1721933952.272604,ID:1010,STAGE:2,SEQUENCE:1243,DATA:{'time': 1721933952.266, 'source': 'VitalsTask', 'timer': 58.199, 'data': {'sensor': 'Heart Rate', 'action': 'capture', 'data': 'action button pressed'}}
INFO:root:1721933952.277591,ID:1010,STAGE:2,SEQUENCE:1243,DATA:{'time': 1721933952.266, 'source': 'VitalsTask', 'timer': 58.199, 'data': {'sensor': 'Heart Rate', 'action': 'capture', 'data': 'starting sensor action'}}
INFO:root:1721933953.290291,ID:1010,STAGE:2,SEQUENCE:1243,DATA:{'time': 1721933953.279, 'source': 'VitalsTask', 'timer': 59.212, 'data': {'sensor': 'Heart Rate', 'action': 'capture', 'data': 'sensor action complete'}}
INFO:root:1721933953.292813,ID:1010,STAGE:2,SEQUENCE:1243,DATA:{'time': 1721933953.279, 'source': 'VitalsTask', 'timer': 59.212, 'data': {'sensor': 'Heart Rate', 'action': 'keypad open'}}
INFO:root:1721933954.116441,ID:1010,STAGE:2,SEQUENCE:1243,DATA:{'time': 1721933954.104, 'source': 'VitalsTask', 'timer': 60.037, 'data': {'sensor': 'Heart Rate', 'action': 'keypad press', 'key': 5, 'value': 5}}
INFO:root:1721933954.668505,ID:1010,STAGE:2,SEQUENCE:1243,DATA:{'time': 1721933954.659, 'source': 'VitalsTask', 'timer': 60.592, 'data': {'sensor': 'Heart Rate', 'action': 'keypad press', 'key': 5, 'value': 55}}
INFO:root:1721933956.456051,ID:1010,STAGE:2,SEQUENCE:1243,DATA:{'time': 1721933956.449, 'source': 'VitalsTask', 'timer': 62.382, 'data': {'sensor': 'Heart Rate', 'action': 'show action buttons'}}
INFO:root:1721933956.45853,ID:1010,STAGE:2,SEQUENCE:1243,DATA:{'time': 1721933956.449, 'source': 'VitalsTask', 'timer': 62.382, 'data': {'sensor': 'Heart Rate', 'action': 'keypad press', 'key': 10, 'value': 55}}
INFO:root:1721933957.810931,ID:1010,STAGE:2,SEQUENCE:1243,DATA:{'time': 1721933957.801, 'source': 'VitalsTask', 'timer': 63.734, 'data': {'sensor': 'Heart Rate', 'action': 'log', 'data': 'action button pressed'}}
INFO:root:1721933957.813922,ID:1010,STAGE:2,SEQUENCE:1243,DATA:{'time': 1721933957.802, 'source': 'VitalsTask', 'timer': 63.735, 'data': {'sensor': 'Heart Rate', 'action': 'log', 'data': 'starting sensor action'}}
INFO:root:1721933958.821871,ID:1010,STAGE:2,SEQUENCE:1243,DATA:{'time': 1721933958.814, 'source': 'VitalsTask', 'timer': 64.747, 'data': {'sensor': 'Heart Rate', 'action': 'log', 'data': 'sensor action complete'}}
INFO:root:1721933959.456939,ID:1010,STAGE:2,SEQUENCE:1243,DATA:{'time': 1721933959.447, 'source': 'VitalsTask', 'timer': 65.38, 'data': {'sensor': 'Heart Rate', 'action': 'save', 'data': 'action button pressed'}}
INFO:root:1721933959.458934,ID:1010,STAGE:2,SEQUENCE:1243,DATA:{'time': 1721933959.448, 'source': 'VitalsTask', 'timer': 65.381, 'data': {'sensor': 'Heart Rate', 'action': 'save', 'data': 'starting sensor action'}}
INFO:root:1721933960.468596,ID:1010,STAGE:2,SEQUENCE:1243,DATA:{'time': 1721933960.46, 'source': 'VitalsTask', 'timer': 66.393, 'data': {'sensor': 'Heart Rate', 'action': 'save', 'data': 'sensor action complete'}}
INFO:root:1721933961.191567,ID:1010,STAGE:2,SEQUENCE:1243,DATA:{'time': 1721933961.181, 'source': 'VitalsTask', 'timer': 67.114, 'data': {'sensor': 'O\u2082 Saturation', 'action': 'opened sensor tab'}}
INFO:root:1721933962.368327,ID:1010,STAGE:2,SEQUENCE:1243,DATA:{'time': 1721933962.36, 'source': 'VitalsTask', 'timer': 68.293, 'data': {'sensor': 'O\u2082 Saturation', 'action': 'capture', 'data': 'action button pressed'}}
INFO:root:1721933962.371832,ID:1010,STAGE:2,SEQUENCE:1243,DATA:{'time': 1721933962.36, 'source': 'VitalsTask', 'timer': 68.293, 'data': {'sensor': 'O\u2082 Saturation', 'action': 'capture', 'data': 'starting sensor action'}}
INFO:root:1721933963.387586,ID:1010,STAGE:2,SEQUENCE:1243,DATA:{'time': 1721933963.379, 'source': 'VitalsTask', 'timer': 69.312, 'data': {'sensor': 'O\u2082 Saturation', 'action': 'capture', 'data': 'sensor action complete'}}
INFO:root:1721933963.390588,ID:1010,STAGE:2,SEQUENCE:1243,DATA:{'time': 1721933963.38, 'source': 'VitalsTask', 'timer': 69.313, 'data': {'sensor': 'O\u2082 Saturation', 'action': 'keypad open'}}
INFO:root:1721933964.26395,ID:1010,STAGE:2,SEQUENCE:1243,DATA:{'time': 1721933964.256, 'source': 'VitalsTask', 'timer': 70.189, 'data': {'sensor': 'O\u2082 Saturation', 'action': 'keypad press', 'key': 1, 'value': 1}}
INFO:root:1721933965.207543,ID:1010,STAGE:2,SEQUENCE:1243,DATA:{'time': 1721933965.2, 'source': 'VitalsTask', 'timer': 71.133, 'data': {'sensor': 'O\u2082 Saturation', 'action': 'keypad press', 'key': 11, 'value': 10}}
INFO:root:1721933965.659996,ID:1010,STAGE:2,SEQUENCE:1243,DATA:{'time': 1721933965.651, 'source': 'VitalsTask', 'timer': 71.584, 'data': {'sensor': 'O\u2082 Saturation', 'action': 'keypad press', 'key': 11, 'value': 100}}
INFO:root:1721933966.61387,ID:1010,STAGE:2,SEQUENCE:1243,DATA:{'time': 1721933966.606, 'source': 'VitalsTask', 'timer': 72.539, 'data': {'sensor': 'O\u2082 Saturation', 'action': 'show action buttons'}}
INFO:root:1721933966.617861,ID:1010,STAGE:2,SEQUENCE:1243,DATA:{'time': 1721933966.607, 'source': 'VitalsTask', 'timer': 72.54, 'data': {'sensor': 'O\u2082 Saturation', 'action': 'keypad press', 'key': 10, 'value': 100}}
INFO:root:1721933967.744538,ID:1010,STAGE:2,SEQUENCE:1243,DATA:{'time': 1721933967.737, 'source': 'VitalsTask', 'timer': 73.67, 'data': {'sensor': 'O\u2082 Saturation', 'action': 'log', 'data': 'action button pressed'}}
INFO:root:1721933967.7463,ID:1010,STAGE:2,SEQUENCE:1243,DATA:{'time': 1721933967.737, 'source': 'VitalsTask', 'timer': 73.67, 'data': {'sensor': 'O\u2082 Saturation', 'action': 'log', 'data': 'starting sensor action'}}
INFO:root:1721933968.75659,ID:1010,STAGE:2,SEQUENCE:1243,DATA:{'time': 1721933968.748, 'source': 'VitalsTask', 'timer': 74.681, 'data': {'sensor': 'O\u2082 Saturation', 'action': 'log', 'data': 'sensor action complete'}}
INFO:root:1721933969.01667,ID:1010,STAGE:2,SEQUENCE:1243,DATA:{'time': 1721933969.009, 'source': 'VitalsTask', 'timer': 74.942, 'data': {'sensor': 'O\u2082 Saturation', 'action': 'save', 'data': 'action button pressed'}}
INFO:root:1721933969.018666,ID:1010,STAGE:2,SEQUENCE:1243,DATA:{'time': 1721933969.01, 'source': 'VitalsTask', 'timer': 74.943, 'data': {'sensor': 'O\u2082 Saturation', 'action': 'save', 'data': 'starting sensor action'}}
INFO:root:1721933970.031036,ID:1010,STAGE:2,SEQUENCE:1243,DATA:{'time': 1721933970.02, 'source': 'VitalsTask', 'timer': 75.953, 'data': {'sensor': 'O\u2082 Saturation', 'action': 'save', 'data': 'sensor action complete'}}
INFO:root:1721933970.415884,ID:1010,STAGE:2,SEQUENCE:1243,DATA:{'time': 1721933970.407, 'source': 'VitalsTask', 'timer': 76.34, 'data': {'sensor': 'Blood Pressure', 'action': 'opened sensor tab'}}
INFO:root:1721933971.825434,ID:1010,STAGE:2,SEQUENCE:1243,DATA:{'time': 1721933971.816, 'source': 'VitalsTask', 'timer': 77.749, 'data': {'sensor': 'Blood Pressure', 'action': 'capture', 'data': 'action button pressed'}}
INFO:root:1721933971.827428,ID:1010,STAGE:2,SEQUENCE:1243,DATA:{'time': 1721933971.816, 'source': 'VitalsTask', 'timer': 77.749, 'data': {'sensor': 'Blood Pressure', 'action': 'capture', 'data': 'starting sensor action'}}
INFO:root:1721933972.842147,ID:1010,STAGE:2,SEQUENCE:1243,DATA:{'time': 1721933972.834, 'source': 'VitalsTask', 'timer': 78.767, 'data': {'sensor': 'Blood Pressure', 'action': 'capture', 'data': 'sensor action complete'}}
INFO:root:1721933972.844379,ID:1010,STAGE:2,SEQUENCE:1243,DATA:{'time': 1721933972.834, 'source': 'VitalsTask', 'timer': 78.767, 'data': {'sensor': 'Blood Pressure', 'action': 'keypad open'}}
INFO:root:1721933974.657796,ID:1010,STAGE:2,SEQUENCE:1243,DATA:{'time': 1721933974.646, 'source': 'VitalsTask', 'timer': 80.579, 'data': {'sensor': 'Blood Pressure', 'action': 'keypad press', 'key': 2, 'value': 2}}
INFO:root:1721933975.741878,ID:1010,STAGE:2,SEQUENCE:1243,DATA:{'time': 1721933975.717, 'source': 'VitalsTask', 'timer': 81.65, 'data': {'sensor': 'Blood Pressure', 'action': 'keypad press', 'key': 12, 'value': 0}}
INFO:root:1721933976.943594,ID:1010,STAGE:2,SEQUENCE:1243,DATA:{'time': 1721933976.934, 'source': 'VitalsTask', 'timer': 82.867, 'data': {'sensor': 'Blood Pressure', 'action': 'keypad press', 'key': 1, 'value': 1}}
INFO:root:1721933977.677543,ID:1010,STAGE:2,SEQUENCE:1243,DATA:{'time': 1721933977.668, 'source': 'VitalsTask', 'timer': 83.601, 'data': {'sensor': 'Blood Pressure', 'action': 'keypad press', 'key': 2, 'value': 12}}
INFO:root:1721933978.948129,ID:1010,STAGE:2,SEQUENCE:1243,DATA:{'time': 1721933978.942, 'source': 'VitalsTask', 'timer': 84.875, 'data': {'sensor': 'Blood Pressure', 'action': 'keypad press', 'key': 11, 'value': 120}}
INFO:root:1721933979.825813,ID:1010,STAGE:2,SEQUENCE:1243,DATA:{'time': 1721933979.817, 'source': 'VitalsTask', 'timer': 85.75, 'data': {'sensor': 'Blood Pressure', 'action': 'keypad press', 'key': 8, 'value': 1208}}
INFO:root:1721933980.023788,ID:1010,STAGE:2,SEQUENCE:1243,DATA:{'time': 1721933980.018, 'user-id': '1010', 'source': 'HAI Interface', 'destination-index': '3', 'study-stage': '2', 'decision-state': 0, 'vitals-state': 0, 'airspace-state': 0, 'data': {'page': 'inflight', 'action': 'displaying vitals prompt'}}
INFO:root:1721933980.550042,ID:1010,STAGE:2,SEQUENCE:1243,DATA:{'time': 1721933980.543, 'source': 'VitalsTask', 'timer': 86.476, 'data': {'sensor': 'Blood Pressure', 'action': 'keypad press', 'key': 11, 'value': 12080}}
INFO:root:1721933981.341738,ID:1010,STAGE:2,SEQUENCE:1243,DATA:{'time': 1721933981.325, 'source': 'VitalsTask', 'timer': 87.258, 'data': {'sensor': 'Blood Pressure', 'action': 'show action buttons'}}
INFO:root:1721933981.34473,ID:1010,STAGE:2,SEQUENCE:1243,DATA:{'time': 1721933981.326, 'source': 'VitalsTask', 'timer': 87.259, 'data': {'sensor': 'Blood Pressure', 'action': 'keypad press', 'key': 10, 'value': 12080}}
INFO:root:1721933982.426902,ID:1010,STAGE:2,SEQUENCE:1243,DATA:{'time': 1721933982.419, 'source': 'VitalsTask', 'timer': 88.352, 'data': {'sensor': 'Blood Pressure', 'action': 'log', 'data': 'action button pressed'}}
INFO:root:1721933982.428932,ID:1010,STAGE:2,SEQUENCE:1243,DATA:{'time': 1721933982.42, 'source': 'VitalsTask', 'timer': 88.353, 'data': {'sensor': 'Blood Pressure', 'action': 'log', 'data': 'starting sensor action'}}
INFO:root:1721933983.439658,ID:1010,STAGE:2,SEQUENCE:1243,DATA:{'time': 1721933983.43, 'source': 'VitalsTask', 'timer': 89.363, 'data': {'sensor': 'Blood Pressure', 'action': 'log', 'data': 'sensor action complete'}}
INFO:root:1721933983.593187,ID:1010,STAGE:2,SEQUENCE:1243,DATA:{'time': 1721933983.584, 'source': 'VitalsTask', 'timer': 89.517, 'data': {'sensor': 'Blood Pressure', 'action': 'save', 'data': 'action button pressed'}}
INFO:root:1721933983.596179,ID:1010,STAGE:2,SEQUENCE:1243,DATA:{'time': 1721933983.584, 'source': 'VitalsTask', 'timer': 89.517, 'data': {'sensor': 'Blood Pressure', 'action': 'save', 'data': 'starting sensor action'}}
INFO:root:1721933984.606862,ID:1010,STAGE:2,SEQUENCE:1243,DATA:{'time': 1721933984.597, 'source': 'VitalsTask', 'timer': 90.53, 'data': {'sensor': 'Blood Pressure', 'action': 'save', 'data': 'sensor action complete'}}
INFO:root:1721933985.2141,ID:1010,STAGE:2,SEQUENCE:1243,DATA:{'time': 1721933985.207, 'source': 'VitalsTask', 'timer': 91.14, 'data': {'sensor': 'submit', 'action': 'submit'}}
INFO:root:1721933985.215724,ID:1010,STAGE:2,SEQUENCE:1243,DATA:{'time': 1721933985.207, 'source': 'VitalsTask', 'timer': 91.14, 'data': {'sensor': 'submit', 'action': 'submit', 'data': 'submit succeeded'}}
INFO:root:1721933986.135109,ID:1010,STAGE:2,SEQUENCE:1243,DATA:{'time': 1721933986.13, 'user-id': '1010', 'source': 'HAI Interface', 'destination-index': '3', 'study-stage': '2', 'decision-state': 0, 'vitals-state': 0, 'airspace-state': 0, 'data': {'page': 'map', 'action': 'hide map'}}
INFO:root:1721933986.978237,ID:1010,STAGE:2,SEQUENCE:1243,DATA:{'time': 1721933986.973, 'user-id': '1010', 'source': 'HAI Interface', 'destination-index': '3', 'study-stage': '2', 'decision-state': 0, 'vitals-state': 0, 'airspace-state': 0, 'data': {'page': 'inflight', 'action': 'user acknowledged vitals prompt'}}
INFO:root:1721933989.108515,ID:1010,STAGE:2,SEQUENCE:1243,DATA:{'time': 1721933989.103, 'user-id': '1010', 'source': 'HAI Interface', 'destination-index': '3', 'study-stage': '2', 'decision-state': 0, 'vitals-state': 0, 'airspace-state': 0, 'data': {'page': 'map', 'action': 'selected helipad', 'value': '21'}}
INFO:root:1721933989.110511,ID:1010,STAGE:2,SEQUENCE:1243,DATA:{'time': 1721933989.103, 'user-id': '1010', 'source': 'HAI Interface', 'destination-index': '3', 'study-stage': '2', 'decision-state': 0, 'vitals-state': 0, 'airspace-state': 0, 'data': {'page': 'map', 'action': 'show map'}}
INFO:root:1721934037.050905,ID:1010,STAGE:2,SEQUENCE:1243,DATA:{'time': 1721934037.043, 'user-id': '1010', 'source': 'HAI Interface', 'destination-index': '3', 'study-stage': '2', 'decision-state': 0, 'vitals-state': '1', 'airspace-state': 0, 'data': {'action': 'receive button pressed'}}
INFO:root:1721934037.053898,ID:1010,STAGE:2,SEQUENCE:1243,DATA:{'time': 1721934037.044, 'user-id': '1010', 'source': 'HAI Interface', 'destination-index': '3', 'study-stage': '2', 'decision-state': 0, 'vitals-state': '1', 'airspace-state': 0, 'data': {'action': 'callsign set to:[object Object]'}}
INFO:root:1721934058.426285,ID:1010,STAGE:2,SEQUENCE:1243,DATA:{'time': 1721934058.415, 'user-id': '1010', 'source': 'HAI Interface', 'destination-index': '3', 'study-stage': '2', 'decision-state': 0, 'vitals-state': '1', 'airspace-state': 0, 'data': {'action': 'receive button pressed'}}
INFO:root:1721934058.434333,ID:1010,STAGE:2,SEQUENCE:1243,DATA:{'time': 1721934058.415, 'user-id': '1010', 'source': 'HAI Interface', 'destination-index': '3', 'study-stage': '2', 'decision-state': 0, 'vitals-state': '1', 'airspace-state': 0, 'data': {'action': 'callsign set to:[object Object]'}}
INFO:root:Administer medication radio comm initiated
INFO:root:1721934070.103491,ID:1010,STAGE:2,SEQUENCE:1243,DATA:{'time': 1721934070.092, 'source': 'VitalsTask', 'timer': 84.885, 'data': {'sensor': 'Heart Rate', 'action': 'opened sensor tab'}}
INFO:root:1721934071.442453,ID:1010,STAGE:2,SEQUENCE:1243,DATA:{'time': 1721934071.435, 'source': 'VitalsTask', 'timer': 86.228, 'data': {'sensor': 'Heart Rate', 'action': 'capture', 'data': 'action button pressed'}}
INFO:root:1721934071.445444,ID:1010,STAGE:2,SEQUENCE:1243,DATA:{'time': 1721934071.435, 'source': 'VitalsTask', 'timer': 86.228, 'data': {'sensor': 'Heart Rate', 'action': 'capture', 'data': 'starting sensor action'}}
INFO:root:1721934072.462869,ID:1010,STAGE:2,SEQUENCE:1243,DATA:{'time': 1721934072.451, 'source': 'VitalsTask', 'timer': 87.244, 'data': {'sensor': 'Heart Rate', 'action': 'capture', 'data': 'sensor action complete'}}
INFO:root:1721934072.465861,ID:1010,STAGE:2,SEQUENCE:1243,DATA:{'time': 1721934072.452, 'source': 'VitalsTask', 'timer': 87.245, 'data': {'sensor': 'Heart Rate', 'action': 'keypad open'}}
INFO:root:1721934075.074179,ID:1010,STAGE:2,SEQUENCE:1243,DATA:{'time': 1721934075.039, 'source': 'VitalsTask', 'timer': 89.832, 'data': {'sensor': 'Heart Rate', 'action': 'keypad press', 'key': 2, 'value': 2}}
INFO:root:1721934075.748127,ID:1010,STAGE:2,SEQUENCE:1243,DATA:{'time': 1721934075.739, 'source': 'VitalsTask', 'timer': 90.532, 'data': {'sensor': 'Heart Rate', 'action': 'keypad press', 'key': 3, 'value': 23}}
INFO:root:1721934076.571655,ID:1010,STAGE:2,SEQUENCE:1243,DATA:{'time': 1721934076.563, 'source': 'VitalsTask', 'timer': 91.356, 'data': {'sensor': 'Heart Rate', 'action': 'keypad press', 'key': 2, 'value': 232}}
INFO:root:1721934077.733403,ID:1010,STAGE:2,SEQUENCE:1243,DATA:{'time': 1721934077.727, 'source': 'VitalsTask', 'timer': 92.52, 'data': {'sensor': 'Heart Rate', 'action': 'show action buttons'}}
INFO:root:1721934077.7364,ID:1010,STAGE:2,SEQUENCE:1243,DATA:{'time': 1721934077.727, 'source': 'VitalsTask', 'timer': 92.52, 'data': {'sensor': 'Heart Rate', 'action': 'keypad press', 'key': 10, 'value': 232}}
INFO:root:1721934079.188364,ID:1010,STAGE:2,SEQUENCE:1243,DATA:{'time': 1721934079.179, 'source': 'VitalsTask', 'timer': 93.972, 'data': {'sensor': 'Heart Rate', 'action': 'log', 'data': 'action button pressed'}}
INFO:root:1721934079.192859,ID:1010,STAGE:2,SEQUENCE:1243,DATA:{'time': 1721934079.179, 'source': 'VitalsTask', 'timer': 93.972, 'data': {'sensor': 'Heart Rate', 'action': 'log', 'data': 'starting sensor action'}}
INFO:root:1721934080.205209,ID:1010,STAGE:2,SEQUENCE:1243,DATA:{'time': 1721934080.198, 'source': 'VitalsTask', 'timer': 94.991, 'data': {'sensor': 'Heart Rate', 'action': 'log', 'data': 'sensor action complete'}}
INFO:root:1721934081.482056,ID:1010,STAGE:2,SEQUENCE:1243,DATA:{'time': 1721934081.475, 'source': 'VitalsTask', 'timer': 96.268, 'data': {'sensor': 'Heart Rate', 'action': 'save', 'data': 'action button pressed'}}
INFO:root:1721934081.483054,ID:1010,STAGE:2,SEQUENCE:1243,DATA:{'time': 1721934081.475, 'source': 'VitalsTask', 'timer': 96.268, 'data': {'sensor': 'Heart Rate', 'action': 'save', 'data': 'starting sensor action'}}
INFO:root:1721934082.497433,ID:1010,STAGE:2,SEQUENCE:1243,DATA:{'time': 1721934082.489, 'source': 'VitalsTask', 'timer': 97.282, 'data': {'sensor': 'Heart Rate', 'action': 'save', 'data': 'sensor action complete'}}
INFO:root:1721934083.327341,ID:1010,STAGE:2,SEQUENCE:1243,DATA:{'time': 1721934083.32, 'source': 'VitalsTask', 'timer': 98.113, 'data': {'sensor': 'O\u2082 Saturation', 'action': 'opened sensor tab'}}
INFO:root:1721934084.482628,ID:1010,STAGE:2,SEQUENCE:1243,DATA:{'time': 1721934084.473, 'source': 'VitalsTask', 'timer': 99.266, 'data': {'sensor': 'O\u2082 Saturation', 'action': 'capture', 'data': 'action button pressed'}}
INFO:root:1721934084.485303,ID:1010,STAGE:2,SEQUENCE:1243,DATA:{'time': 1721934084.475, 'source': 'VitalsTask', 'timer': 99.268, 'data': {'sensor': 'O\u2082 Saturation', 'action': 'capture', 'data': 'starting sensor action'}}
INFO:root:1721934085.495073,ID:1010,STAGE:2,SEQUENCE:1243,DATA:{'time': 1721934085.486, 'source': 'VitalsTask', 'timer': 100.279, 'data': {'sensor': 'O\u2082 Saturation', 'action': 'capture', 'data': 'sensor action complete'}}
INFO:root:1721934085.49707,ID:1010,STAGE:2,SEQUENCE:1243,DATA:{'time': 1721934085.486, 'source': 'VitalsTask', 'timer': 100.279, 'data': {'sensor': 'O\u2082 Saturation', 'action': 'keypad open'}}
INFO:root:1721934086.313979,ID:1010,STAGE:2,SEQUENCE:1243,DATA:{'time': 1721934086.307, 'source': 'VitalsTask', 'timer': 101.1, 'data': {'sensor': 'O\u2082 Saturation', 'action': 'keypad press', 'key': 1, 'value': 1}}
INFO:root:1721934087.127997,ID:1010,STAGE:2,SEQUENCE:1243,DATA:{'time': 1721934087.12, 'source': 'VitalsTask', 'timer': 101.913, 'data': {'sensor': 'O\u2082 Saturation', 'action': 'keypad press', 'key': 11, 'value': 10}}
INFO:root:1721934087.644062,ID:1010,STAGE:2,SEQUENCE:1243,DATA:{'time': 1721934087.635, 'source': 'VitalsTask', 'timer': 102.428, 'data': {'sensor': 'O\u2082 Saturation', 'action': 'keypad press', 'key': 11, 'value': 100}}
INFO:root:1721934088.399482,ID:1010,STAGE:2,SEQUENCE:1243,DATA:{'time': 1721934088.392, 'source': 'VitalsTask', 'timer': 103.185, 'data': {'sensor': 'O\u2082 Saturation', 'action': 'show action buttons'}}
INFO:root:1721934088.401058,ID:1010,STAGE:2,SEQUENCE:1243,DATA:{'time': 1721934088.393, 'source': 'VitalsTask', 'timer': 103.186, 'data': {'sensor': 'O\u2082 Saturation', 'action': 'keypad press', 'key': 10, 'value': 100}}
INFO:root:1721934089.541244,ID:1010,STAGE:2,SEQUENCE:1243,DATA:{'time': 1721934089.532, 'source': 'VitalsTask', 'timer': 104.325, 'data': {'sensor': 'O\u2082 Saturation', 'action': 'log', 'data': 'action button pressed'}}
INFO:root:1721934089.543238,ID:1010,STAGE:2,SEQUENCE:1243,DATA:{'time': 1721934089.532, 'source': 'VitalsTask', 'timer': 104.325, 'data': {'sensor': 'O\u2082 Saturation', 'action': 'log', 'data': 'starting sensor action'}}
INFO:root:1721934090.552882,ID:1010,STAGE:2,SEQUENCE:1243,DATA:{'time': 1721934090.545, 'source': 'VitalsTask', 'timer': 105.338, 'data': {'sensor': 'O\u2082 Saturation', 'action': 'log', 'data': 'sensor action complete'}}
INFO:root:1721934091.078065,ID:1010,STAGE:2,SEQUENCE:1243,DATA:{'time': 1721934091.064, 'source': 'VitalsTask', 'timer': 105.857, 'data': {'sensor': 'O\u2082 Saturation', 'action': 'save', 'data': 'action button pressed'}}
INFO:root:1721934091.08006,ID:1010,STAGE:2,SEQUENCE:1243,DATA:{'time': 1721934091.065, 'source': 'VitalsTask', 'timer': 105.858, 'data': {'sensor': 'O\u2082 Saturation', 'action': 'save', 'data': 'starting sensor action'}}
INFO:root:1721934092.087358,ID:1010,STAGE:2,SEQUENCE:1243,DATA:{'time': 1721934092.08, 'source': 'VitalsTask', 'timer': 106.873, 'data': {'sensor': 'O\u2082 Saturation', 'action': 'save', 'data': 'sensor action complete'}}
INFO:root:1721934093.038839,ID:1010,STAGE:2,SEQUENCE:1243,DATA:{'time': 1721934093.03, 'source': 'VitalsTask', 'timer': 107.823, 'data': {'sensor': 'Blood Pressure', 'action': 'opened sensor tab'}}
INFO:root:1721934094.397616,ID:1010,STAGE:2,SEQUENCE:1243,DATA:{'time': 1721934094.389, 'source': 'VitalsTask', 'timer': 109.182, 'data': {'sensor': 'Blood Pressure', 'action': 'capture', 'data': 'action button pressed'}}
INFO:root:1721934094.40068,ID:1010,STAGE:2,SEQUENCE:1243,DATA:{'time': 1721934094.39, 'source': 'VitalsTask', 'timer': 109.183, 'data': {'sensor': 'Blood Pressure', 'action': 'capture', 'data': 'starting sensor action'}}
INFO:root:1721934095.416197,ID:1010,STAGE:2,SEQUENCE:1243,DATA:{'time': 1721934095.408, 'source': 'VitalsTask', 'timer': 110.201, 'data': {'sensor': 'Blood Pressure', 'action': 'capture', 'data': 'sensor action complete'}}
INFO:root:1721934095.418191,ID:1010,STAGE:2,SEQUENCE:1243,DATA:{'time': 1721934095.409, 'source': 'VitalsTask', 'timer': 110.202, 'data': {'sensor': 'Blood Pressure', 'action': 'keypad open'}}
INFO:root:1721934096.58732,ID:1010,STAGE:2,SEQUENCE:1243,DATA:{'time': 1721934096.572, 'source': 'VitalsTask', 'timer': 111.365, 'data': {'sensor': 'Blood Pressure', 'action': 'keypad press', 'key': 2, 'value': 2}}
INFO:root:1721934097.273375,ID:1010,STAGE:2,SEQUENCE:1243,DATA:{'time': 1721934097.264, 'source': 'VitalsTask', 'timer': 112.057, 'data': {'sensor': 'Blood Pressure', 'action': 'keypad press', 'key': 3, 'value': 23}}
INFO:root:1721934098.114735,ID:1010,STAGE:2,SEQUENCE:1243,DATA:{'time': 1721934098.104, 'source': 'VitalsTask', 'timer': 112.897, 'data': {'sensor': 'Blood Pressure', 'action': 'keypad press', 'key': 6, 'value': 236}}
INFO:root:1721934099.62425,ID:1010,STAGE:2,SEQUENCE:1243,DATA:{'time': 1721934099.616, 'source': 'VitalsTask', 'timer': 114.409, 'data': {'sensor': 'Blood Pressure', 'action': 'keypad press', 'key': 1, 'value': 2361}}
INFO:root:1721934100.792905,ID:1010,STAGE:2,SEQUENCE:1243,DATA:{'time': 1721934100.784, 'source': 'VitalsTask', 'timer': 115.577, 'data': {'sensor': 'Blood Pressure', 'action': 'keypad press', 'key': 9, 'value': 23619}}
INFO:root:Administer medication radio comm done- command to clear event  make the receive 0 sent 
INFO:root:1721934101.57406,ID:1010,STAGE:2,SEQUENCE:1243,DATA:{'time': 1721934101.567, 'source': 'VitalsTask', 'timer': 116.36, 'data': {'sensor': 'Blood Pressure', 'action': 'keypad press', 'key': 6, 'value': 236196}}
INFO:root:1721934102.703951,ID:1010,STAGE:2,SEQUENCE:1243,DATA:{'time': 1721934102.694, 'source': 'VitalsTask', 'timer': 117.487, 'data': {'sensor': 'Blood Pressure', 'action': 'show action buttons'}}
INFO:root:1721934102.708939,ID:1010,STAGE:2,SEQUENCE:1243,DATA:{'time': 1721934102.695, 'source': 'VitalsTask', 'timer': 117.488, 'data': {'sensor': 'Blood Pressure', 'action': 'keypad press', 'key': 10, 'value': 236196}}
INFO:root:1721934104.472938,ID:1010,STAGE:2,SEQUENCE:1243,DATA:{'time': 1721934104.462, 'source': 'VitalsTask', 'timer': 119.255, 'data': {'sensor': 'Blood Pressure', 'action': 'log', 'data': 'action button pressed'}}
INFO:root:1721934104.475438,ID:1010,STAGE:2,SEQUENCE:1243,DATA:{'time': 1721934104.463, 'source': 'VitalsTask', 'timer': 119.256, 'data': {'sensor': 'Blood Pressure', 'action': 'log', 'data': 'starting sensor action'}}
INFO:root:1721934105.483811,ID:1010,STAGE:2,SEQUENCE:1243,DATA:{'time': 1721934105.476, 'source': 'VitalsTask', 'timer': 120.269, 'data': {'sensor': 'Blood Pressure', 'action': 'log', 'data': 'sensor action complete'}}
INFO:root:1721934106.627608,ID:1010,STAGE:2,SEQUENCE:1243,DATA:{'time': 1721934106.619, 'source': 'VitalsTask', 'timer': 121.412, 'data': {'sensor': 'Blood Pressure', 'action': 'save', 'data': 'action button pressed'}}
INFO:root:1721934106.628607,ID:1010,STAGE:2,SEQUENCE:1243,DATA:{'time': 1721934106.619, 'source': 'VitalsTask', 'timer': 121.412, 'data': {'sensor': 'Blood Pressure', 'action': 'save', 'data': 'starting sensor action'}}
INFO:root:1721934107.646141,ID:1010,STAGE:2,SEQUENCE:1243,DATA:{'time': 1721934107.636, 'source': 'VitalsTask', 'timer': 122.429, 'data': {'sensor': 'Blood Pressure', 'action': 'save', 'data': 'sensor action complete'}}
INFO:root:voice activity detected
INFO:root:recording started
INFO:root:voice deactivity detected
INFO:root:recording stopped
INFO:root:1721934112.476598,ID:1010,STAGE:2,SEQUENCE:1243,DATA:{'time': 1721934112.468, 'source': 'VitalsTask', 'timer': 127.261, 'data': {'sensor': 'submit', 'action': 'submit'}}
INFO:root:1721934112.481626,ID:1010,STAGE:2,SEQUENCE:1243,DATA:{'time': 1721934112.469, 'source': 'VitalsTask', 'timer': 127.262, 'data': {'sensor': 'submit', 'action': 'submit', 'data': 'submit succeeded'}}
