INFO:root:1721934463.949871,ID:1010,STAGE:4,SEQUENCE:1243,DATA:{'time': 1721934463.947, 'user-id': '1010', 'source': 'HAI Interface', 'destination-index': 'None', 'study-stage': '4', 'decision-state': 0, 'vitals-state': 0, 'airspace-state': 0, 'data': {'page': 'index', 'action': 'confirm button pressed'}}
INFO:root:1721934464.060725,ID:1010,STAGE:4,SEQUENCE:1243,DATA:{'time': 1721934464.054, 'user-id': 'none', 'source': 'HAI Interface', 'destination-index': 3, 'study-stage': -1, 'decision-state': 0, 'vitals-state': 0, 'airspace-state': 0, 'data': {'page': 'location', 'action': 'opened page'}}
INFO:root:Takeoff radiocomms initiated
INFO:comtypes.client._code_cache:Imported existing <module 'comtypes.gen' from 'C:\\Users\\ae-dagbeyibor3\\AppData\\Local\\Programs\\Python\\Python312\\Lib\\site-packages\\comtypes\\gen\\__init__.py'>
INFO:comtypes.client._code_cache:Using writeable comtypes cache directory: 'C:\Users\ae-dagbeyibor3\AppData\Local\Programs\Python\Python312\Lib\site-packages\comtypes\gen'
INFO:root:1721934465.029297,ID:1010,STAGE:4,SEQUENCE:1243,DATA:{'time': 1721934465.019, 'user-id': '1010', 'source': 'HAI Interface', 'destination-index': 'None', 'study-stage': '4', 'decision-state': 0, 'vitals-state': 0, 'airspace-state': 0, 'data': {'page': 'map', 'action': 'selected helipad', 'value': '21'}}
INFO:root:1721934465.280339,ID:1010,STAGE:4,SEQUENCE:1243,DATA:{'time': 1721934465.277, 'user-id': '1010', 'source': 'HAI Interface', 'destination-index': 'None', 'study-stage': '4', 'decision-state': 0, 'vitals-state': 0, 'airspace-state': 0, 'data': {'page': 'location', 'action': 'confirm button pressed'}}
INFO:root:1721934465.51554,ID:1010,STAGE:4,SEQUENCE:1243,DATA:{'time': 1721934465.505, 'user-id': 'none', 'source': 'HAI Interface', 'destination-index': 3, 'study-stage': -1, 'decision-state': 0, 'vitals-state': 0, 'airspace-state': 0, 'data': {'page': 'checklist', 'action': 'opened page', 'inflight': False}}
INFO:root:1721934466.474527,ID:1010,STAGE:4,SEQUENCE:1243,DATA:{'time': 1721934466.471, 'user-id': '1010', 'source': 'HAI Interface', 'destination-index': '3', 'study-stage': '4', 'decision-state': 0, 'vitals-state': 0, 'airspace-state': 0, 'data': {'page': 'map', 'action': 'selected helipad', 'value': '21'}}
INFO:root:1721934467.038709,ID:1010,STAGE:4,SEQUENCE:1243,DATA:{'time': 1721934467.036, 'user-id': '1010', 'source': 'HAI Interface', 'destination-index': '3', 'study-stage': '4', 'decision-state': 0, 'vitals-state': 0, 'airspace-state': 0, 'data': {'page': 'checklist', 'action': 'toggled checkbox', 'inflight': False, 'item': 0, 'value': 'OFF'}}
INFO:root:1721934467.289373,ID:1010,STAGE:4,SEQUENCE:1243,DATA:{'time': 1721934467.286, 'user-id': '1010', 'source': 'HAI Interface', 'destination-index': '3', 'study-stage': '4', 'decision-state': 0, 'vitals-state': 0, 'airspace-state': 0, 'data': {'page': 'checklist', 'action': 'toggled checkbox', 'inflight': False, 'item': 1, 'value': 'OFF'}}
INFO:root:1721934467.509579,ID:1010,STAGE:4,SEQUENCE:1243,DATA:{'time': 1721934467.506, 'user-id': '1010', 'source': 'HAI Interface', 'destination-index': '3', 'study-stage': '4', 'decision-state': 0, 'vitals-state': 0, 'airspace-state': 0, 'data': {'page': 'checklist', 'action': 'toggled checkbox', 'inflight': False, 'item': 2, 'value': 'OFF'}}
INFO:root:1721934467.511579,ID:1010,STAGE:4,SEQUENCE:1243,DATA:{'time': 1721934467.506, 'user-id': '1010', 'source': 'HAI Interface', 'destination-index': '3', 'study-stage': '4', 'decision-state': 0, 'vitals-state': 0, 'airspace-state': 0, 'data': {'page': 'checklist', 'action': 'showing confirm button', 'inflight': False}}
INFO:root:1721934468.057066,ID:1010,STAGE:4,SEQUENCE:1243,DATA:{'time': 1721934468.054, 'user-id': '1010', 'source': 'HAI Interface', 'destination-index': '3', 'study-stage': '4', 'decision-state': 0, 'vitals-state': 0, 'airspace-state': 0, 'data': {'page': 'checklist', 'action': 'confirm button clicked', 'inflight': False}}
INFO:root:1721934468.164082,ID:1010,STAGE:4,SEQUENCE:1243,DATA:{'time': 1721934468.15, 'user-id': 'none', 'source': 'HAI Interface', 'destination-index': 3, 'study-stage': -1, 'decision-state': 0, 'vitals-state': 0, 'airspace-state': 0, 'data': {'page': 'countdown', 'action': 'opened page'}}
INFO:root:1721934469.126286,ID:1010,STAGE:4,SEQUENCE:1243,DATA:{'time': 1721934469.122, 'user-id': '1010', 'source': 'HAI Interface', 'destination-index': '3', 'study-stage': '4', 'decision-state': 0, 'vitals-state': 0, 'airspace-state': 0, 'data': {'page': 'map', 'action': 'selected helipad', 'value': '21'}}
INFO:root:1721934469.157561,ID:1010,STAGE:4,SEQUENCE:1243,DATA:{'time': 1721934469.155, 'user-id': '1010', 'source': 'HAI Interface', 'destination-index': '3', 'study-stage': '4', 'decision-state': 0, 'vitals-state': 0, 'airspace-state': 0, 'data': {'page': 'countdown', 'action': 'countdown now 4'}}
INFO:root:1721934470.157117,ID:1010,STAGE:4,SEQUENCE:1243,DATA:{'time': 1721934470.154, 'user-id': '1010', 'source': 'HAI Interface', 'destination-index': '3', 'study-stage': '4', 'decision-state': 0, 'vitals-state': 0, 'airspace-state': 0, 'data': {'page': 'countdown', 'action': 'countdown now 3'}}
INFO:root:1721934471.159161,ID:1010,STAGE:4,SEQUENCE:1243,DATA:{'time': 1721934471.155, 'user-id': '1010', 'source': 'HAI Interface', 'destination-index': '3', 'study-stage': '4', 'decision-state': 0, 'vitals-state': 0, 'airspace-state': 0, 'data': {'page': 'countdown', 'action': 'countdown now 2'}}
INFO:root:1721934472.157306,ID:1010,STAGE:4,SEQUENCE:1243,DATA:{'time': 1721934472.155, 'user-id': '1010', 'source': 'HAI Interface', 'destination-index': '3', 'study-stage': '4', 'decision-state': 0, 'vitals-state': 0, 'airspace-state': 0, 'data': {'page': 'countdown', 'action': 'countdown now 1'}}
INFO:root:1721934473.158819,ID:1010,STAGE:4,SEQUENCE:1243,DATA:{'time': 1721934473.155, 'user-id': '1010', 'source': 'HAI Interface', 'destination-index': '3', 'study-stage': '4', 'decision-state': 0, 'vitals-state': 0, 'airspace-state': 0, 'data': {'page': 'countdown', 'action': 'countdown now 0'}}
INFO:root:1721934474.159226,ID:1010,STAGE:4,SEQUENCE:1243,DATA:{'time': 1721934474.156, 'user-id': '1010', 'source': 'HAI Interface', 'destination-index': '3', 'study-stage': '4', 'decision-state': 0, 'vitals-state': 0, 'airspace-state': 0, 'data': {'page': 'countdown', 'action': 'countdown complete'}}
INFO:root:1721934475.451139,ID:1010,STAGE:4,SEQUENCE:1243,DATA:{'time': 1721934475.447, 'user-id': '1010', 'source': 'HAI Interface', 'destination-index': '3', 'study-stage': '4', 'decision-state': 0, 'vitals-state': 0, 'airspace-state': 0, 'data': {'page': 'map', 'action': 'selected helipad', 'value': '21'}}
INFO:root:1721934476.834971,ID:1010,STAGE:4,SEQUENCE:1243,DATA:{'time': 1721934476.83, 'user-id': '1010', 'source': 'HAI Interface', 'destination-index': '3', 'study-stage': '4', 'decision-state': 0, 'vitals-state': 0, 'airspace-state': 0, 'data': {'page': 'map', 'action': 'show map'}}
INFO:root:1721934476.837963,ID:1010,STAGE:4,SEQUENCE:1243,DATA:{'time': 1721934476.83, 'user-id': '1010', 'source': 'HAI Interface', 'destination-index': '3', 'study-stage': '4', 'decision-state': 0, 'vitals-state': 0, 'airspace-state': 0, 'data': {'page': 'map', 'action': 'selected helipad', 'value': '21'}}
INFO:root:1721934478.002363,ID:1010,STAGE:4,SEQUENCE:1243,DATA:{'time': 1721934477.997, 'user-id': '1010', 'source': 'HAI Interface', 'destination-index': '3', 'study-stage': '4', 'decision-state': 0, 'vitals-state': 0, 'airspace-state': 0, 'data': {'action': 'radio panel opened'}}
INFO:root:1721934479.626626,ID:1010,STAGE:4,SEQUENCE:1243,DATA:{'time': 1721934479.622, 'user-id': '1010', 'source': 'HAI Interface', 'destination-index': '3', 'study-stage': '4', 'decision-state': 0, 'vitals-state': 0, 'airspace-state': 0, 'data': {'page': 'emergency', 'action': 'trying to change destination to100'}}
INFO:root:Takeoff radiocomms clear request sent
INFO:root:1721934484.677705,ID:1010,STAGE:4,SEQUENCE:1243,DATA:{'time': 1721934484.669, 'user-id': '1010', 'source': 'HAI Interface', 'destination-index': '3', 'study-stage': '4', 'decision-state': 0, 'vitals-state': 0, 'airspace-state': 0, 'data': {'page': 'emergency', 'action': 'trying to change destination to19'}}
INFO:root:1721934489.590215,ID:1010,STAGE:4,SEQUENCE:1243,DATA:{'time': 1721934489.583, 'user-id': '1010', 'source': 'HAI Interface', 'destination-index': '3', 'study-stage': '4', 'decision-state': 0, 'vitals-state': 0, 'airspace-state': 0, 'data': {'page': 'emergency', 'action': 'trying to change destination to19'}}
INFO:root:1721934489.709161,ID:1010,STAGE:4,SEQUENCE:1243,DATA:{'time': 1721934489.704, 'user-id': '1010', 'source': 'HAI Interface', 'destination-index': '3', 'study-stage': '4', 'decision-state': 0, 'vitals-state': 0, 'airspace-state': 0, 'data': {'action': 'transmit button pressed'}}
INFO:root:1721934489.711674,ID:1010,STAGE:4,SEQUENCE:1243,DATA:{'time': 1721934489.705, 'user-id': '1010', 'source': 'HAI Interface', 'destination-index': '3', 'study-stage': '4', 'decision-state': 0, 'vitals-state': 0, 'airspace-state': 0, 'data': {'action': 'callsign set to: + NASXGS'}}
INFO:root:1721934489.712675,ID:1010,STAGE:4,SEQUENCE:1243,DATA:{'time': 1721934489.705, 'user-id': '1010', 'source': 'HAI Interface', 'destination-index': '3', 'study-stage': '4', 'decision-state': 0, 'vitals-state': 0, 'airspace-state': 0, 'data': {'action': 'radio set to:Comm1'}}
INFO:root:1721934489.716245,ID:1010,STAGE:4,SEQUENCE:1243,DATA:{'time': 1721934489.705, 'user-id': '1010', 'source': 'HAI Interface', 'destination-index': '3', 'study-stage': '4', 'decision-state': 0, 'vitals-state': 0, 'airspace-state': 0, 'data': {'page': 'map', 'action': 'show map'}}
INFO:root:1721934489.718767,ID:1010,STAGE:4,SEQUENCE:1243,DATA:{'time': 1721934489.706, 'user-id': '1010', 'source': 'HAI Interface', 'destination-index': '3', 'study-stage': '4', 'decision-state': 0, 'vitals-state': 0, 'airspace-state': 0, 'data': {'page': 'map', 'action': 'selected helipad', 'value': '21'}}
INFO:root:1721934489.721734,ID:1010,STAGE:4,SEQUENCE:1243,DATA:{'time': 1721934489.711, 'user-id': '1010', 'source': 'HAI Interface', 'destination-index': '3', 'study-stage': '4', 'decision-state': 0, 'vitals-state': 0, 'airspace-state': 0, 'data': {'action': 'NASXGStransmitting updates onComm1123.45 MHz'}}
INFO:root:Inflight Radio Update asked
INFO:root:sent request to set radio update complete
INFO:root:1721934494.594475,ID:1010,STAGE:4,SEQUENCE:1243,DATA:{'time': 1721934494.589, 'user-id': '1010', 'source': 'HAI Interface', 'destination-index': '3', 'study-stage': '4', 'decision-state': 0, 'vitals-state': 0, 'airspace-state': 0, 'data': {'page': 'emergency', 'action': 'trying to change destination to19'}}
INFO:root:1721934499.662636,ID:1010,STAGE:4,SEQUENCE:1243,DATA:{'time': 1721934499.658, 'user-id': '1010', 'source': 'HAI Interface', 'destination-index': '3', 'study-stage': '4', 'decision-state': 0, 'vitals-state': 0, 'airspace-state': 0, 'data': {'page': 'emergency', 'action': 'trying to change destination to19'}}
INFO:root:1721934504.676794,ID:1010,STAGE:4,SEQUENCE:1243,DATA:{'time': 1721934504.67, 'user-id': '1010', 'source': 'HAI Interface', 'destination-index': '3', 'study-stage': '4', 'decision-state': 0, 'vitals-state': 0, 'airspace-state': 0, 'data': {'page': 'emergency', 'action': 'trying to change destination to19'}}
INFO:root:1721934505.941323,ID:1010,STAGE:4,SEQUENCE:1243,DATA:{'time': 1721934505.937, 'user-id': '1010', 'source': 'HAI Interface', 'destination-index': '3', 'study-stage': '4', 'decision-state': 0, 'vitals-state': 0, 'airspace-state': 0, 'data': {'page': 'map', 'action': 'hide map'}}
INFO:root:1721934508.500177,ID:1010,STAGE:4,SEQUENCE:1243,DATA:{'time': 1721934508.491, 'source': 'VitalsTask', 'timer': 84.679, 'data': {'sensor': 'Heart Rate', 'action': 'opened sensor tab'}}
INFO:root:1721934509.396208,ID:1010,STAGE:4,SEQUENCE:1243,DATA:{'time': 1721934509.389, 'source': 'VitalsTask', 'timer': 85.577, 'data': {'sensor': 'Heart Rate', 'action': 'capture', 'data': 'action button pressed'}}
INFO:root:1721934509.398203,ID:1010,STAGE:4,SEQUENCE:1243,DATA:{'time': 1721934509.389, 'source': 'VitalsTask', 'timer': 85.577, 'data': {'sensor': 'Heart Rate', 'action': 'capture', 'data': 'starting sensor action'}}
INFO:root:1721934509.679756,ID:1010,STAGE:4,SEQUENCE:1243,DATA:{'time': 1721934509.675, 'user-id': '1010', 'source': 'HAI Interface', 'destination-index': '3', 'study-stage': '4', 'decision-state': 0, 'vitals-state': 0, 'airspace-state': 0, 'data': {'page': 'emergency', 'action': 'trying to change destination to19'}}
INFO:root:1721934510.407076,ID:1010,STAGE:4,SEQUENCE:1243,DATA:{'time': 1721934510.399, 'source': 'VitalsTask', 'timer': 86.587, 'data': {'sensor': 'Heart Rate', 'action': 'capture', 'data': 'sensor action complete'}}
INFO:root:1721934510.409069,ID:1010,STAGE:4,SEQUENCE:1243,DATA:{'time': 1721934510.401, 'source': 'VitalsTask', 'timer': 86.589, 'data': {'sensor': 'Heart Rate', 'action': 'keypad open'}}
INFO:root:1721934511.579115,ID:1010,STAGE:4,SEQUENCE:1243,DATA:{'time': 1721934511.571, 'source': 'VitalsTask', 'timer': 87.759, 'data': {'sensor': 'Heart Rate', 'action': 'keypad press', 'key': 5, 'value': 5}}
INFO:root:1721934512.296376,ID:1010,STAGE:4,SEQUENCE:1243,DATA:{'time': 1721934512.289, 'source': 'VitalsTask', 'timer': 88.477, 'data': {'sensor': 'Heart Rate', 'action': 'keypad press', 'key': 5, 'value': 55}}
INFO:root:1721934513.371989,ID:1010,STAGE:4,SEQUENCE:1243,DATA:{'time': 1721934513.364, 'source': 'VitalsTask', 'timer': 89.552, 'data': {'sensor': 'Heart Rate', 'action': 'show action buttons'}}
INFO:root:1721934513.376975,ID:1010,STAGE:4,SEQUENCE:1243,DATA:{'time': 1721934513.365, 'source': 'VitalsTask', 'timer': 89.553, 'data': {'sensor': 'Heart Rate', 'action': 'keypad press', 'key': 10, 'value': 55}}
INFO:root:1721934514.53603,ID:1010,STAGE:4,SEQUENCE:1243,DATA:{'time': 1721934514.527, 'source': 'VitalsTask', 'timer': 90.715, 'data': {'sensor': 'Heart Rate', 'action': 'log', 'data': 'action button pressed'}}
INFO:root:1721934514.537532,ID:1010,STAGE:4,SEQUENCE:1243,DATA:{'time': 1721934514.527, 'source': 'VitalsTask', 'timer': 90.715, 'data': {'sensor': 'Heart Rate', 'action': 'log', 'data': 'starting sensor action'}}
INFO:root:1721934514.612252,ID:1010,STAGE:4,SEQUENCE:1243,DATA:{'time': 1721934514.603, 'user-id': '1010', 'source': 'HAI Interface', 'destination-index': '3', 'study-stage': '4', 'decision-state': 0, 'vitals-state': 0, 'airspace-state': 0, 'data': {'page': 'emergency', 'action': 'trying to change destination to19'}}
INFO:root:1721934515.44416,ID:1010,STAGE:4,SEQUENCE:1243,DATA:{'time': 1721934515.437, 'source': 'VitalsTask', 'timer': 91.625, 'data': {'sensor': 'Heart Rate', 'action': 'save', 'data': 'action button pressed'}}
INFO:root:1721934515.448149,ID:1010,STAGE:4,SEQUENCE:1243,DATA:{'time': 1721934515.437, 'source': 'VitalsTask', 'timer': 91.625, 'data': {'sensor': 'Heart Rate', 'action': 'save', 'data': 'a sensor action is in progress, cancelling'}}
INFO:root:1721934515.549807,ID:1010,STAGE:4,SEQUENCE:1243,DATA:{'time': 1721934515.543, 'source': 'VitalsTask', 'timer': 91.731, 'data': {'sensor': 'Heart Rate', 'action': 'log', 'data': 'sensor action complete'}}
INFO:root:1721934516.277492,ID:1010,STAGE:4,SEQUENCE:1243,DATA:{'time': 1721934516.268, 'source': 'VitalsTask', 'timer': 92.456, 'data': {'sensor': 'Heart Rate', 'action': 'save', 'data': 'action button pressed'}}
INFO:root:1721934516.278489,ID:1010,STAGE:4,SEQUENCE:1243,DATA:{'time': 1721934516.268, 'source': 'VitalsTask', 'timer': 92.456, 'data': {'sensor': 'Heart Rate', 'action': 'save', 'data': 'starting sensor action'}}
INFO:root:1721934517.292347,ID:1010,STAGE:4,SEQUENCE:1243,DATA:{'time': 1721934517.284, 'source': 'VitalsTask', 'timer': 93.472, 'data': {'sensor': 'Heart Rate', 'action': 'save', 'data': 'sensor action complete'}}
INFO:root:1721934517.826095,ID:1010,STAGE:4,SEQUENCE:1243,DATA:{'time': 1721934517.817, 'source': 'VitalsTask', 'timer': 94.005, 'data': {'sensor': 'O\u2082 Saturation', 'action': 'opened sensor tab'}}
INFO:root:1721934518.917867,ID:1010,STAGE:4,SEQUENCE:1243,DATA:{'time': 1721934518.909, 'source': 'VitalsTask', 'timer': 95.097, 'data': {'sensor': 'O\u2082 Saturation', 'action': 'capture', 'data': 'action button pressed'}}
INFO:root:1721934518.919861,ID:1010,STAGE:4,SEQUENCE:1243,DATA:{'time': 1721934518.91, 'source': 'VitalsTask', 'timer': 95.098, 'data': {'sensor': 'O\u2082 Saturation', 'action': 'capture', 'data': 'starting sensor action'}}
INFO:root:1721934519.601365,ID:1010,STAGE:4,SEQUENCE:1243,DATA:{'time': 1721934519.597, 'user-id': '1010', 'source': 'HAI Interface', 'destination-index': '3', 'study-stage': '4', 'decision-state': 0, 'vitals-state': 0, 'airspace-state': 0, 'data': {'page': 'emergency', 'action': 'trying to change destination to19'}}
INFO:root:1721934519.933749,ID:1010,STAGE:4,SEQUENCE:1243,DATA:{'time': 1721934519.926, 'source': 'VitalsTask', 'timer': 96.114, 'data': {'sensor': 'O\u2082 Saturation', 'action': 'capture', 'data': 'sensor action complete'}}
INFO:root:1721934519.934747,ID:1010,STAGE:4,SEQUENCE:1243,DATA:{'time': 1721934519.927, 'source': 'VitalsTask', 'timer': 96.115, 'data': {'sensor': 'O\u2082 Saturation', 'action': 'keypad open'}}
INFO:root:1721934520.833078,ID:1010,STAGE:4,SEQUENCE:1243,DATA:{'time': 1721934520.825, 'source': 'VitalsTask', 'timer': 97.013, 'data': {'sensor': 'O\u2082 Saturation', 'action': 'keypad press', 'key': 1, 'value': 1}}
INFO:root:1721934521.623613,ID:1010,STAGE:4,SEQUENCE:1243,DATA:{'time': 1721934521.615, 'source': 'VitalsTask', 'timer': 97.803, 'data': {'sensor': 'O\u2082 Saturation', 'action': 'keypad press', 'key': 11, 'value': 10}}
INFO:root:1721934522.080337,ID:1010,STAGE:4,SEQUENCE:1243,DATA:{'time': 1721934522.072, 'source': 'VitalsTask', 'timer': 98.26, 'data': {'sensor': 'O\u2082 Saturation', 'action': 'keypad press', 'key': 11, 'value': 100}}
INFO:root:1721934522.952704,ID:1010,STAGE:4,SEQUENCE:1243,DATA:{'time': 1721934522.947, 'source': 'VitalsTask', 'timer': 99.135, 'data': {'sensor': 'O\u2082 Saturation', 'action': 'show action buttons'}}
INFO:root:1721934522.954699,ID:1010,STAGE:4,SEQUENCE:1243,DATA:{'time': 1721934522.948, 'source': 'VitalsTask', 'timer': 99.136, 'data': {'sensor': 'O\u2082 Saturation', 'action': 'keypad press', 'key': 10, 'value': 100}}
INFO:root:1721934524.075492,ID:1010,STAGE:4,SEQUENCE:1243,DATA:{'time': 1721934524.065, 'source': 'VitalsTask', 'timer': 100.253, 'data': {'sensor': 'O\u2082 Saturation', 'action': 'log', 'data': 'action button pressed'}}
INFO:root:1721934524.077995,ID:1010,STAGE:4,SEQUENCE:1243,DATA:{'time': 1721934524.066, 'source': 'VitalsTask', 'timer': 100.254, 'data': {'sensor': 'O\u2082 Saturation', 'action': 'log', 'data': 'starting sensor action'}}
INFO:root:1721934524.652246,ID:1010,STAGE:4,SEQUENCE:1243,DATA:{'time': 1721934524.644, 'user-id': '1010', 'source': 'HAI Interface', 'destination-index': '3', 'study-stage': '4', 'decision-state': 0, 'vitals-state': 0, 'airspace-state': 0, 'data': {'page': 'emergency', 'action': 'trying to change destination to19'}}
INFO:root:1721934525.088348,ID:1010,STAGE:4,SEQUENCE:1243,DATA:{'time': 1721934525.082, 'source': 'VitalsTask', 'timer': 101.27, 'data': {'sensor': 'O\u2082 Saturation', 'action': 'log', 'data': 'sensor action complete'}}
INFO:root:1721934525.094966,ID:1010,STAGE:4,SEQUENCE:1243,DATA:{'time': 1721934525.085, 'source': 'VitalsTask', 'timer': 101.273, 'data': {'sensor': 'O\u2082 Saturation', 'action': 'save', 'data': 'action button pressed'}}
INFO:root:1721934525.09796,ID:1010,STAGE:4,SEQUENCE:1243,DATA:{'time': 1721934525.086, 'source': 'VitalsTask', 'timer': 101.274, 'data': {'sensor': 'O\u2082 Saturation', 'action': 'save', 'data': 'starting sensor action'}}
INFO:root:1721934526.110545,ID:1010,STAGE:4,SEQUENCE:1243,DATA:{'time': 1721934526.103, 'source': 'VitalsTask', 'timer': 102.291, 'data': {'sensor': 'O\u2082 Saturation', 'action': 'save', 'data': 'sensor action complete'}}
INFO:root:1721934526.711174,ID:1010,STAGE:4,SEQUENCE:1243,DATA:{'time': 1721934526.703, 'source': 'VitalsTask', 'timer': 102.891, 'data': {'sensor': 'Blood Pressure', 'action': 'opened sensor tab'}}
INFO:root:1721934527.669219,ID:1010,STAGE:4,SEQUENCE:1243,DATA:{'time': 1721934527.662, 'source': 'VitalsTask', 'timer': 103.85, 'data': {'sensor': 'Blood Pressure', 'action': 'capture', 'data': 'action button pressed'}}
INFO:root:1721934527.671241,ID:1010,STAGE:4,SEQUENCE:1243,DATA:{'time': 1721934527.662, 'source': 'VitalsTask', 'timer': 103.85, 'data': {'sensor': 'Blood Pressure', 'action': 'capture', 'data': 'starting sensor action'}}
INFO:root:1721934528.687168,ID:1010,STAGE:4,SEQUENCE:1243,DATA:{'time': 1721934528.68, 'source': 'VitalsTask', 'timer': 104.868, 'data': {'sensor': 'Blood Pressure', 'action': 'capture', 'data': 'sensor action complete'}}
INFO:root:1721934528.689162,ID:1010,STAGE:4,SEQUENCE:1243,DATA:{'time': 1721934528.68, 'source': 'VitalsTask', 'timer': 104.868, 'data': {'sensor': 'Blood Pressure', 'action': 'keypad open'}}
INFO:root:1721934529.603989,ID:1010,STAGE:4,SEQUENCE:1243,DATA:{'time': 1721934529.596, 'source': 'VitalsTask', 'timer': 105.784, 'data': {'sensor': 'Blood Pressure', 'action': 'keypad press', 'key': 1, 'value': 1}}
INFO:root:1721934529.627062,ID:1010,STAGE:4,SEQUENCE:1243,DATA:{'time': 1721934529.622, 'user-id': '1010', 'source': 'HAI Interface', 'destination-index': '3', 'study-stage': '4', 'decision-state': 0, 'vitals-state': 0, 'airspace-state': 0, 'data': {'page': 'emergency', 'action': 'trying to change destination to19'}}
INFO:root:1721934530.334295,ID:1010,STAGE:4,SEQUENCE:1243,DATA:{'time': 1721934530.327, 'source': 'VitalsTask', 'timer': 106.515, 'data': {'sensor': 'Blood Pressure', 'action': 'keypad press', 'key': 2, 'value': 12}}
INFO:root:1721934531.484926,ID:1010,STAGE:4,SEQUENCE:1243,DATA:{'time': 1721934531.476, 'source': 'VitalsTask', 'timer': 107.664, 'data': {'sensor': 'Blood Pressure', 'action': 'keypad press', 'key': 11, 'value': 120}}
INFO:root:1721934532.321372,ID:1010,STAGE:4,SEQUENCE:1243,DATA:{'time': 1721934532.313, 'source': 'VitalsTask', 'timer': 108.501, 'data': {'sensor': 'Blood Pressure', 'action': 'keypad press', 'key': 8, 'value': 1208}}
INFO:root:1721934532.999151,ID:1010,STAGE:4,SEQUENCE:1243,DATA:{'time': 1721934532.993, 'source': 'VitalsTask', 'timer': 109.181, 'data': {'sensor': 'Blood Pressure', 'action': 'keypad press', 'key': 11, 'value': 12080}}
INFO:root:1721934533.766959,ID:1010,STAGE:4,SEQUENCE:1243,DATA:{'time': 1721934533.76, 'source': 'VitalsTask', 'timer': 109.948, 'data': {'sensor': 'Blood Pressure', 'action': 'show action buttons'}}
INFO:root:1721934533.768954,ID:1010,STAGE:4,SEQUENCE:1243,DATA:{'time': 1721934533.761, 'source': 'VitalsTask', 'timer': 109.949, 'data': {'sensor': 'Blood Pressure', 'action': 'keypad press', 'key': 10, 'value': 12080}}
INFO:root:1721934534.639455,ID:1010,STAGE:4,SEQUENCE:1243,DATA:{'time': 1721934534.633, 'user-id': '1010', 'source': 'HAI Interface', 'destination-index': '3', 'study-stage': '4', 'decision-state': 0, 'vitals-state': 0, 'airspace-state': 0, 'data': {'page': 'emergency', 'action': 'trying to change destination to19'}}
INFO:root:1721934534.889385,ID:1010,STAGE:4,SEQUENCE:1243,DATA:{'time': 1721934534.883, 'source': 'VitalsTask', 'timer': 111.071, 'data': {'sensor': 'Blood Pressure', 'action': 'log', 'data': 'action button pressed'}}
INFO:root:1721934534.891377,ID:1010,STAGE:4,SEQUENCE:1243,DATA:{'time': 1721934534.883, 'source': 'VitalsTask', 'timer': 111.071, 'data': {'sensor': 'Blood Pressure', 'action': 'log', 'data': 'starting sensor action'}}
INFO:root:1721934535.910755,ID:1010,STAGE:4,SEQUENCE:1243,DATA:{'time': 1721934535.902, 'source': 'VitalsTask', 'timer': 112.09, 'data': {'sensor': 'Blood Pressure', 'action': 'log', 'data': 'sensor action complete'}}
INFO:root:1721934536.520216,ID:1010,STAGE:4,SEQUENCE:1243,DATA:{'time': 1721934536.513, 'source': 'VitalsTask', 'timer': 112.701, 'data': {'sensor': 'Blood Pressure', 'action': 'save', 'data': 'action button pressed'}}
INFO:root:1721934536.52207,ID:1010,STAGE:4,SEQUENCE:1243,DATA:{'time': 1721934536.513, 'source': 'VitalsTask', 'timer': 112.701, 'data': {'sensor': 'Blood Pressure', 'action': 'save', 'data': 'starting sensor action'}}
INFO:root:1721934536.655287,ID:1010,STAGE:4,SEQUENCE:1243,DATA:{'time': 1721934536.65, 'user-id': '1010', 'source': 'HAI Interface', 'destination-index': '3', 'study-stage': '4', 'decision-state': 0, 'vitals-state': 0, 'airspace-state': 0, 'data': {'page': 'inflight', 'action': 'displaying vitals prompt'}}
INFO:root:1721934537.537271,ID:1010,STAGE:4,SEQUENCE:1243,DATA:{'time': 1721934537.53, 'source': 'VitalsTask', 'timer': 113.718, 'data': {'sensor': 'Blood Pressure', 'action': 'save', 'data': 'sensor action complete'}}
INFO:root:1721934538.118243,ID:1010,STAGE:4,SEQUENCE:1243,DATA:{'time': 1721934538.111, 'source': 'VitalsTask', 'timer': 114.299, 'data': {'sensor': 'submit', 'action': 'submit'}}
INFO:root:1721934538.119238,ID:1010,STAGE:4,SEQUENCE:1243,DATA:{'time': 1721934538.111, 'source': 'VitalsTask', 'timer': 114.299, 'data': {'sensor': 'submit', 'action': 'submit', 'data': 'submit succeeded'}}
INFO:root:1721934538.813135,ID:1010,STAGE:4,SEQUENCE:1243,DATA:{'time': 1721934538.808, 'user-id': '1010', 'source': 'HAI Interface', 'destination-index': '3', 'study-stage': '4', 'decision-state': 0, 'vitals-state': 0, 'airspace-state': 0, 'data': {'page': 'inflight', 'action': 'user acknowledged vitals prompt'}}
INFO:root:1721934539.629514,ID:1010,STAGE:4,SEQUENCE:1243,DATA:{'time': 1721934539.622, 'user-id': '1010', 'source': 'HAI Interface', 'destination-index': '3', 'study-stage': '4', 'decision-state': 0, 'vitals-state': 0, 'airspace-state': 0, 'data': {'page': 'emergency', 'action': 'trying to change destination to19'}}
INFO:root:1721934541.345452,ID:1010,STAGE:4,SEQUENCE:1243,DATA:{'time': 1721934541.341, 'user-id': '1010', 'source': 'HAI Interface', 'destination-index': '3', 'study-stage': '4', 'decision-state': 0, 'vitals-state': 0, 'airspace-state': 0, 'data': {'page': 'map', 'action': 'show map'}}
INFO:root:1721934541.34796,ID:1010,STAGE:4,SEQUENCE:1243,DATA:{'time': 1721934541.341, 'user-id': '1010', 'source': 'HAI Interface', 'destination-index': '3', 'study-stage': '4', 'decision-state': 0, 'vitals-state': 0, 'airspace-state': 0, 'data': {'page': 'map', 'action': 'selected helipad', 'value': '21'}}
INFO:root:1721934544.686365,ID:1010,STAGE:4,SEQUENCE:1243,DATA:{'time': 1721934544.68, 'user-id': '1010', 'source': 'HAI Interface', 'destination-index': '3', 'study-stage': '4', 'decision-state': 0, 'vitals-state': 0, 'airspace-state': 0, 'data': {'page': 'emergency', 'action': 'trying to change destination to19'}}
INFO:root:1721934549.635888,ID:1010,STAGE:4,SEQUENCE:1243,DATA:{'time': 1721934549.631, 'user-id': '1010', 'source': 'HAI Interface', 'destination-index': '3', 'study-stage': '4', 'decision-state': 0, 'vitals-state': 0, 'airspace-state': 0, 'data': {'page': 'emergency', 'action': 'trying to change destination to19'}}
INFO:root:1721934554.671403,ID:1010,STAGE:4,SEQUENCE:1243,DATA:{'time': 1721934554.657, 'user-id': '1010', 'source': 'HAI Interface', 'destination-index': '3', 'study-stage': '4', 'decision-state': 0, 'vitals-state': 0, 'airspace-state': 0, 'data': {'page': 'emergency', 'action': 'trying to change destination to19'}}
INFO:root:1721934559.604575,ID:1010,STAGE:4,SEQUENCE:1243,DATA:{'time': 1721934559.597, 'user-id': '1010', 'source': 'HAI Interface', 'destination-index': '3', 'study-stage': '4', 'decision-state': 0, 'vitals-state': 0, 'airspace-state': 0, 'data': {'page': 'emergency', 'action': 'trying to change destination to19'}}
INFO:root:1721934564.605209,ID:1010,STAGE:4,SEQUENCE:1243,DATA:{'time': 1721934564.6, 'user-id': '1010', 'source': 'HAI Interface', 'destination-index': '3', 'study-stage': '4', 'decision-state': 0, 'vitals-state': 0, 'airspace-state': 0, 'data': {'page': 'emergency', 'action': 'trying to change destination to19'}}
INFO:root:1721934569.616472,ID:1010,STAGE:4,SEQUENCE:1243,DATA:{'time': 1721934569.607, 'user-id': '1010', 'source': 'HAI Interface', 'destination-index': '3', 'study-stage': '4', 'decision-state': 0, 'vitals-state': 0, 'airspace-state': 0, 'data': {'page': 'emergency', 'action': 'trying to change destination to19'}}
INFO:root:1721934574.645412,ID:1010,STAGE:4,SEQUENCE:1243,DATA:{'time': 1721934574.634, 'user-id': '1010', 'source': 'HAI Interface', 'destination-index': '3', 'study-stage': '4', 'decision-state': 0, 'vitals-state': 0, 'airspace-state': 0, 'data': {'page': 'emergency', 'action': 'trying to change destination to19'}}
INFO:root:1721934579.675196,ID:1010,STAGE:4,SEQUENCE:1243,DATA:{'time': 1721934579.667, 'user-id': '1010', 'source': 'HAI Interface', 'destination-index': '3', 'study-stage': '4', 'decision-state': 0, 'vitals-state': 0, 'airspace-state': 0, 'data': {'page': 'emergency', 'action': 'trying to change destination to19'}}
INFO:root:1721934584.645082,ID:1010,STAGE:4,SEQUENCE:1243,DATA:{'time': 1721934584.64, 'user-id': '1010', 'source': 'HAI Interface', 'destination-index': '3', 'study-stage': '4', 'decision-state': 0, 'vitals-state': 0, 'airspace-state': 0, 'data': {'page': 'emergency', 'action': 'trying to change destination to19'}}
INFO:root:1721934588.106196,ID:1010,STAGE:4,SEQUENCE:1243,DATA:{'time': 1721934588.101, 'user-id': '1010', 'source': 'HAI Interface', 'destination-index': '3', 'study-stage': '4', 'decision-state': 0, 'vitals-state': 0, 'airspace-state': 0, 'data': {'action': 'transmit button pressed'}}
INFO:root:1721934588.116193,ID:1010,STAGE:4,SEQUENCE:1243,DATA:{'time': 1721934588.102, 'user-id': '1010', 'source': 'HAI Interface', 'destination-index': '3', 'study-stage': '4', 'decision-state': 0, 'vitals-state': 0, 'airspace-state': 0, 'data': {'action': 'callsign set to: + NASXGS'}}
INFO:root:1721934588.118188,ID:1010,STAGE:4,SEQUENCE:1243,DATA:{'time': 1721934588.102, 'user-id': '1010', 'source': 'HAI Interface', 'destination-index': '3', 'study-stage': '4', 'decision-state': 0, 'vitals-state': 0, 'airspace-state': 0, 'data': {'action': 'radio set to:Comm1'}}
INFO:root:1721934588.119331,ID:1010,STAGE:4,SEQUENCE:1243,DATA:{'time': 1721934588.102, 'user-id': '1010', 'source': 'HAI Interface', 'destination-index': '3', 'study-stage': '4', 'decision-state': 0, 'vitals-state': 0, 'airspace-state': 0, 'data': {'page': 'map', 'action': 'show map'}}
INFO:root:1721934588.120332,ID:1010,STAGE:4,SEQUENCE:1243,DATA:{'time': 1721934588.107, 'user-id': '1010', 'source': 'HAI Interface', 'destination-index': '3', 'study-stage': '4', 'decision-state': 0, 'vitals-state': 0, 'airspace-state': 0, 'data': {'action': 'NASXGStransmitting updates onComm1123.45 MHz'}}
INFO:root:1721934588.12206,ID:1010,STAGE:4,SEQUENCE:1243,DATA:{'time': 1721934588.103, 'user-id': '1010', 'source': 'HAI Interface', 'destination-index': '3', 'study-stage': '4', 'decision-state': 0, 'vitals-state': 0, 'airspace-state': 0, 'data': {'page': 'map', 'action': 'selected helipad', 'value': '21'}}
INFO:root:1721934589.651911,ID:1010,STAGE:4,SEQUENCE:1243,DATA:{'time': 1721934589.646, 'user-id': '1010', 'source': 'HAI Interface', 'destination-index': '3', 'study-stage': '4', 'decision-state': 0, 'vitals-state': 0, 'airspace-state': 0, 'data': {'page': 'emergency', 'action': 'trying to change destination to19'}}
INFO:root:Inflight Radio Update asked
INFO:root:sent request to set radio update complete
INFO:root:1721934594.635891,ID:1010,STAGE:4,SEQUENCE:1243,DATA:{'time': 1721934594.627, 'user-id': '1010', 'source': 'HAI Interface', 'destination-index': '3', 'study-stage': '4', 'decision-state': 0, 'vitals-state': 0, 'airspace-state': 0, 'data': {'page': 'emergency', 'action': 'trying to change destination to19'}}
INFO:root:1721934599.6412,ID:1010,STAGE:4,SEQUENCE:1243,DATA:{'time': 1721934599.631, 'user-id': '1010', 'source': 'HAI Interface', 'destination-index': '3', 'study-stage': '4', 'decision-state': 0, 'vitals-state': 0, 'airspace-state': 0, 'data': {'page': 'emergency', 'action': 'trying to change destination to19'}}
INFO:root:1721934603.482451,ID:1010,STAGE:4,SEQUENCE:1243,DATA:{'time': 1721934603.476, 'source': 'VitalsTask', 'timer': 65.364, 'data': {'sensor': 'Heart Rate', 'action': 'opened sensor tab'}}
INFO:root:1721934604.643333,ID:1010,STAGE:4,SEQUENCE:1243,DATA:{'time': 1721934604.635, 'user-id': '1010', 'source': 'HAI Interface', 'destination-index': '3', 'study-stage': '4', 'decision-state': 0, 'vitals-state': 0, 'airspace-state': 0, 'data': {'page': 'emergency', 'action': 'trying to change destination to19'}}
INFO:root:1721934604.734363,ID:1010,STAGE:4,SEQUENCE:1243,DATA:{'time': 1721934604.725, 'source': 'VitalsTask', 'timer': 66.613, 'data': {'sensor': 'Heart Rate', 'action': 'capture', 'data': 'action button pressed'}}
INFO:root:1721934604.73516,ID:1010,STAGE:4,SEQUENCE:1243,DATA:{'time': 1721934604.726, 'source': 'VitalsTask', 'timer': 66.614, 'data': {'sensor': 'Heart Rate', 'action': 'capture', 'data': 'starting sensor action'}}
INFO:root:1721934605.747831,ID:1010,STAGE:4,SEQUENCE:1243,DATA:{'time': 1721934605.74, 'source': 'VitalsTask', 'timer': 67.628, 'data': {'sensor': 'Heart Rate', 'action': 'capture', 'data': 'sensor action complete'}}
INFO:root:1721934605.748832,ID:1010,STAGE:4,SEQUENCE:1243,DATA:{'time': 1721934605.741, 'source': 'VitalsTask', 'timer': 67.629, 'data': {'sensor': 'Heart Rate', 'action': 'keypad open'}}
INFO:root:1721934605.820492,ID:1010,STAGE:4,SEQUENCE:1243,DATA:{'time': 1721934605.816, 'user-id': '1010', 'source': 'HAI Interface', 'destination-index': '3', 'study-stage': '4', 'decision-state': 0, 'vitals-state': 0, 'airspace-state': 0, 'data': {'page': 'map', 'action': 'hide map'}}
INFO:root:1721934607.205768,ID:1010,STAGE:4,SEQUENCE:1243,DATA:{'time': 1721934607.198, 'source': 'VitalsTask', 'timer': 69.086, 'data': {'sensor': 'Heart Rate', 'action': 'keypad press', 'key': 5, 'value': 5}}
INFO:root:1721934607.601274,ID:1010,STAGE:4,SEQUENCE:1243,DATA:{'time': 1721934607.595, 'source': 'VitalsTask', 'timer': 69.483, 'data': {'sensor': 'Heart Rate', 'action': 'keypad press', 'key': 5, 'value': 55}}
INFO:root:1721934608.841757,ID:1010,STAGE:4,SEQUENCE:1243,DATA:{'time': 1721934608.834, 'source': 'VitalsTask', 'timer': 70.722, 'data': {'sensor': 'Heart Rate', 'action': 'show action buttons'}}
INFO:root:1721934608.843755,ID:1010,STAGE:4,SEQUENCE:1243,DATA:{'time': 1721934608.835, 'source': 'VitalsTask', 'timer': 70.723, 'data': {'sensor': 'Heart Rate', 'action': 'keypad press', 'key': 10, 'value': 55}}
INFO:root:1721934609.652084,ID:1010,STAGE:4,SEQUENCE:1243,DATA:{'time': 1721934609.646, 'user-id': '1010', 'source': 'HAI Interface', 'destination-index': '3', 'study-stage': '4', 'decision-state': 0, 'vitals-state': 0, 'airspace-state': 0, 'data': {'page': 'emergency', 'action': 'trying to change destination to19'}}
INFO:root:1721934610.068654,ID:1010,STAGE:4,SEQUENCE:1243,DATA:{'time': 1721934610.062, 'source': 'VitalsTask', 'timer': 71.95, 'data': {'sensor': 'Heart Rate', 'action': 'log', 'data': 'action button pressed'}}
INFO:root:1721934610.070647,ID:1010,STAGE:4,SEQUENCE:1243,DATA:{'time': 1721934610.062, 'source': 'VitalsTask', 'timer': 71.95, 'data': {'sensor': 'Heart Rate', 'action': 'log', 'data': 'starting sensor action'}}
INFO:root:1721934611.091193,ID:1010,STAGE:4,SEQUENCE:1243,DATA:{'time': 1721934611.081, 'source': 'VitalsTask', 'timer': 72.969, 'data': {'sensor': 'Heart Rate', 'action': 'log', 'data': 'sensor action complete'}}
INFO:root:1721934611.097077,ID:1010,STAGE:4,SEQUENCE:1243,DATA:{'time': 1721934611.087, 'source': 'VitalsTask', 'timer': 72.975, 'data': {'sensor': 'Heart Rate', 'action': 'save', 'data': 'action button pressed'}}
INFO:root:1721934611.10007,ID:1010,STAGE:4,SEQUENCE:1243,DATA:{'time': 1721934611.088, 'source': 'VitalsTask', 'timer': 72.976, 'data': {'sensor': 'Heart Rate', 'action': 'save', 'data': 'starting sensor action'}}
INFO:root:1721934612.118728,ID:1010,STAGE:4,SEQUENCE:1243,DATA:{'time': 1721934612.098, 'source': 'VitalsTask', 'timer': 73.986, 'data': {'sensor': 'Heart Rate', 'action': 'save', 'data': 'sensor action complete'}}
INFO:root:1721934612.775464,ID:1010,STAGE:4,SEQUENCE:1243,DATA:{'time': 1721934612.762, 'source': 'VitalsTask', 'timer': 74.65, 'data': {'sensor': 'O\u2082 Saturation', 'action': 'opened sensor tab'}}
INFO:root:1721934613.774518,ID:1010,STAGE:4,SEQUENCE:1243,DATA:{'time': 1721934613.763, 'source': 'VitalsTask', 'timer': 75.651, 'data': {'sensor': 'O\u2082 Saturation', 'action': 'capture', 'data': 'action button pressed'}}
INFO:root:1721934613.777787,ID:1010,STAGE:4,SEQUENCE:1243,DATA:{'time': 1721934613.764, 'source': 'VitalsTask', 'timer': 75.652, 'data': {'sensor': 'O\u2082 Saturation', 'action': 'capture', 'data': 'starting sensor action'}}
INFO:root:1721934614.615157,ID:1010,STAGE:4,SEQUENCE:1243,DATA:{'time': 1721934614.609, 'user-id': '1010', 'source': 'HAI Interface', 'destination-index': '3', 'study-stage': '4', 'decision-state': 0, 'vitals-state': 0, 'airspace-state': 0, 'data': {'page': 'emergency', 'action': 'trying to change destination to19'}}
INFO:root:1721934614.78876,ID:1010,STAGE:4,SEQUENCE:1243,DATA:{'time': 1721934614.781, 'source': 'VitalsTask', 'timer': 76.669, 'data': {'sensor': 'O\u2082 Saturation', 'action': 'capture', 'data': 'sensor action complete'}}
INFO:root:1721934614.790266,ID:1010,STAGE:4,SEQUENCE:1243,DATA:{'time': 1721934614.782, 'source': 'VitalsTask', 'timer': 76.67, 'data': {'sensor': 'O\u2082 Saturation', 'action': 'keypad open'}}
INFO:root:1721934615.582173,ID:1010,STAGE:4,SEQUENCE:1243,DATA:{'time': 1721934615.574, 'source': 'VitalsTask', 'timer': 77.462, 'data': {'sensor': 'O\u2082 Saturation', 'action': 'keypad press', 'key': 1, 'value': 1}}
INFO:root:1721934616.525287,ID:1010,STAGE:4,SEQUENCE:1243,DATA:{'time': 1721934616.516, 'source': 'VitalsTask', 'timer': 78.404, 'data': {'sensor': 'O\u2082 Saturation', 'action': 'keypad press', 'key': 11, 'value': 10}}
INFO:root:1721934617.054373,ID:1010,STAGE:4,SEQUENCE:1243,DATA:{'time': 1721934617.047, 'source': 'VitalsTask', 'timer': 78.935, 'data': {'sensor': 'O\u2082 Saturation', 'action': 'keypad press', 'key': 11, 'value': 100}}
INFO:root:1721934617.91459,ID:1010,STAGE:4,SEQUENCE:1243,DATA:{'time': 1721934617.908, 'source': 'VitalsTask', 'timer': 79.796, 'data': {'sensor': 'O\u2082 Saturation', 'action': 'show action buttons'}}
INFO:root:1721934617.916542,ID:1010,STAGE:4,SEQUENCE:1243,DATA:{'time': 1721934617.908, 'source': 'VitalsTask', 'timer': 79.796, 'data': {'sensor': 'O\u2082 Saturation', 'action': 'keypad press', 'key': 10, 'value': 100}}
INFO:root:1721934619.071639,ID:1010,STAGE:4,SEQUENCE:1243,DATA:{'time': 1721934619.064, 'source': 'VitalsTask', 'timer': 80.952, 'data': {'sensor': 'O\u2082 Saturation', 'action': 'log', 'data': 'action button pressed'}}
INFO:root:1721934619.073639,ID:1010,STAGE:4,SEQUENCE:1243,DATA:{'time': 1721934619.064, 'source': 'VitalsTask', 'timer': 80.952, 'data': {'sensor': 'O\u2082 Saturation', 'action': 'log', 'data': 'starting sensor action'}}
INFO:root:1721934619.67281,ID:1010,STAGE:4,SEQUENCE:1243,DATA:{'time': 1721934619.666, 'user-id': '1010', 'source': 'HAI Interface', 'destination-index': '3', 'study-stage': '4', 'decision-state': 0, 'vitals-state': 0, 'airspace-state': 0, 'data': {'page': 'emergency', 'action': 'trying to change destination to19'}}
INFO:root:1721934620.086146,ID:1010,STAGE:4,SEQUENCE:1243,DATA:{'time': 1721934620.079, 'source': 'VitalsTask', 'timer': 81.967, 'data': {'sensor': 'O\u2082 Saturation', 'action': 'log', 'data': 'sensor action complete'}}
INFO:root:1721934620.376151,ID:1010,STAGE:4,SEQUENCE:1243,DATA:{'time': 1721934620.368, 'source': 'VitalsTask', 'timer': 82.256, 'data': {'sensor': 'O\u2082 Saturation', 'action': 'save', 'data': 'action button pressed'}}
INFO:root:1721934620.379197,ID:1010,STAGE:4,SEQUENCE:1243,DATA:{'time': 1721934620.368, 'source': 'VitalsTask', 'timer': 82.256, 'data': {'sensor': 'O\u2082 Saturation', 'action': 'save', 'data': 'starting sensor action'}}
INFO:root:1721934621.386986,ID:1010,STAGE:4,SEQUENCE:1243,DATA:{'time': 1721934621.38, 'source': 'VitalsTask', 'timer': 83.268, 'data': {'sensor': 'O\u2082 Saturation', 'action': 'save', 'data': 'sensor action complete'}}
INFO:root:1721934621.999312,ID:1010,STAGE:4,SEQUENCE:1243,DATA:{'time': 1721934621.992, 'source': 'VitalsTask', 'timer': 83.88, 'data': {'sensor': 'Blood Pressure', 'action': 'opened sensor tab'}}
INFO:root:1721934623.11201,ID:1010,STAGE:4,SEQUENCE:1243,DATA:{'time': 1721934623.105, 'source': 'VitalsTask', 'timer': 84.993, 'data': {'sensor': 'Blood Pressure', 'action': 'capture', 'data': 'action button pressed'}}
INFO:root:1721934623.113007,ID:1010,STAGE:4,SEQUENCE:1243,DATA:{'time': 1721934623.105, 'source': 'VitalsTask', 'timer': 84.993, 'data': {'sensor': 'Blood Pressure', 'action': 'capture', 'data': 'starting sensor action'}}
INFO:root:1721934624.131097,ID:1010,STAGE:4,SEQUENCE:1243,DATA:{'time': 1721934624.123, 'source': 'VitalsTask', 'timer': 86.011, 'data': {'sensor': 'Blood Pressure', 'action': 'capture', 'data': 'sensor action complete'}}
INFO:root:1721934624.132032,ID:1010,STAGE:4,SEQUENCE:1243,DATA:{'time': 1721934624.124, 'source': 'VitalsTask', 'timer': 86.012, 'data': {'sensor': 'Blood Pressure', 'action': 'keypad open'}}
INFO:root:1721934624.704905,ID:1010,STAGE:4,SEQUENCE:1243,DATA:{'time': 1721934624.697, 'user-id': '1010', 'source': 'HAI Interface', 'destination-index': '3', 'study-stage': '4', 'decision-state': 0, 'vitals-state': 0, 'airspace-state': 0, 'data': {'page': 'emergency', 'action': 'trying to change destination to19'}}
INFO:root:1721934624.920765,ID:1010,STAGE:4,SEQUENCE:1243,DATA:{'time': 1721934624.913, 'source': 'VitalsTask', 'timer': 86.801, 'data': {'sensor': 'Blood Pressure', 'action': 'keypad press', 'key': 1, 'value': 1}}
INFO:root:1721934625.607929,ID:1010,STAGE:4,SEQUENCE:1243,DATA:{'time': 1721934625.599, 'source': 'VitalsTask', 'timer': 87.487, 'data': {'sensor': 'Blood Pressure', 'action': 'keypad press', 'key': 2, 'value': 12}}
INFO:root:1721934626.575797,ID:1010,STAGE:4,SEQUENCE:1243,DATA:{'time': 1721934626.567, 'source': 'VitalsTask', 'timer': 88.455, 'data': {'sensor': 'Blood Pressure', 'action': 'keypad press', 'key': 11, 'value': 120}}
INFO:root:1721934627.836641,ID:1010,STAGE:4,SEQUENCE:1243,DATA:{'time': 1721934627.83, 'source': 'VitalsTask', 'timer': 89.718, 'data': {'sensor': 'Blood Pressure', 'action': 'keypad press', 'key': 8, 'value': 1208}}
INFO:root:1721934628.592556,ID:1010,STAGE:4,SEQUENCE:1243,DATA:{'time': 1721934628.586, 'source': 'VitalsTask', 'timer': 90.474, 'data': {'sensor': 'Blood Pressure', 'action': 'keypad press', 'key': 11, 'value': 12080}}
INFO:root:1721934629.503303,ID:1010,STAGE:4,SEQUENCE:1243,DATA:{'time': 1721934629.483, 'source': 'VitalsTask', 'timer': 91.371, 'data': {'sensor': 'Blood Pressure', 'action': 'show action buttons'}}
INFO:root:1721934629.5043,ID:1010,STAGE:4,SEQUENCE:1243,DATA:{'time': 1721934629.483, 'source': 'VitalsTask', 'timer': 91.371, 'data': {'sensor': 'Blood Pressure', 'action': 'keypad press', 'key': 10, 'value': 12080}}
INFO:root:1721934629.601354,ID:1010,STAGE:4,SEQUENCE:1243,DATA:{'time': 1721934629.594, 'user-id': '1010', 'source': 'HAI Interface', 'destination-index': '3', 'study-stage': '4', 'decision-state': 0, 'vitals-state': 0, 'airspace-state': 0, 'data': {'page': 'emergency', 'action': 'trying to change destination to19'}}
INFO:root:1721934630.744622,ID:1010,STAGE:4,SEQUENCE:1243,DATA:{'time': 1721934630.737, 'source': 'VitalsTask', 'timer': 92.625, 'data': {'sensor': 'Blood Pressure', 'action': 'log', 'data': 'action button pressed'}}
INFO:root:1721934630.747122,ID:1010,STAGE:4,SEQUENCE:1243,DATA:{'time': 1721934630.738, 'source': 'VitalsTask', 'timer': 92.626, 'data': {'sensor': 'Blood Pressure', 'action': 'log', 'data': 'starting sensor action'}}
INFO:root:1721934631.755621,ID:1010,STAGE:4,SEQUENCE:1243,DATA:{'time': 1721934631.749, 'source': 'VitalsTask', 'timer': 93.637, 'data': {'sensor': 'Blood Pressure', 'action': 'log', 'data': 'sensor action complete'}}
INFO:root:1721934632.245886,ID:1010,STAGE:4,SEQUENCE:1243,DATA:{'time': 1721934632.239, 'source': 'VitalsTask', 'timer': 94.127, 'data': {'sensor': 'Blood Pressure', 'action': 'save', 'data': 'action button pressed'}}
INFO:root:1721934632.247881,ID:1010,STAGE:4,SEQUENCE:1243,DATA:{'time': 1721934632.239, 'source': 'VitalsTask', 'timer': 94.127, 'data': {'sensor': 'Blood Pressure', 'action': 'save', 'data': 'starting sensor action'}}
INFO:root:1721934633.262793,ID:1010,STAGE:4,SEQUENCE:1243,DATA:{'time': 1721934633.256, 'source': 'VitalsTask', 'timer': 95.144, 'data': {'sensor': 'Blood Pressure', 'action': 'save', 'data': 'sensor action complete'}}
INFO:root:1721934634.537359,ID:1010,STAGE:4,SEQUENCE:1243,DATA:{'time': 1721934634.528, 'source': 'VitalsTask', 'timer': 96.416, 'data': {'sensor': 'submit', 'action': 'submit'}}
INFO:root:1721934634.540281,ID:1010,STAGE:4,SEQUENCE:1243,DATA:{'time': 1721934634.529, 'source': 'VitalsTask', 'timer': 96.417, 'data': {'sensor': 'submit', 'action': 'submit', 'data': 'submit succeeded'}}
INFO:root:1721934634.710372,ID:1010,STAGE:4,SEQUENCE:1243,DATA:{'time': 1721934634.701, 'user-id': '1010', 'source': 'HAI Interface', 'destination-index': '3', 'study-stage': '4', 'decision-state': 0, 'vitals-state': 0, 'airspace-state': 0, 'data': {'page': 'emergency', 'action': 'trying to change destination to19'}}
INFO:root:1721934634.997194,ID:1010,STAGE:4,SEQUENCE:1243,DATA:{'time': 1721934634.993, 'user-id': '1010', 'source': 'HAI Interface', 'destination-index': '3', 'study-stage': '4', 'decision-state': 0, 'vitals-state': 0, 'airspace-state': 0, 'data': {'page': 'inflight', 'action': 'displaying vitals prompt'}}
INFO:root:1721934636.354274,ID:1010,STAGE:4,SEQUENCE:1243,DATA:{'time': 1721934636.35, 'user-id': '1010', 'source': 'HAI Interface', 'destination-index': '3', 'study-stage': '4', 'decision-state': 0, 'vitals-state': 0, 'airspace-state': 0, 'data': {'page': 'inflight', 'action': 'user acknowledged vitals prompt'}}
INFO:root:1721934638.321564,ID:1010,STAGE:4,SEQUENCE:1243,DATA:{'time': 1721934638.318, 'user-id': '1010', 'source': 'HAI Interface', 'destination-index': '3', 'study-stage': '4', 'decision-state': 0, 'vitals-state': 0, 'airspace-state': 0, 'data': {'page': 'map', 'action': 'show map'}}
INFO:root:1721934638.32655,ID:1010,STAGE:4,SEQUENCE:1243,DATA:{'time': 1721934638.318, 'user-id': '1010', 'source': 'HAI Interface', 'destination-index': '3', 'study-stage': '4', 'decision-state': 0, 'vitals-state': 0, 'airspace-state': 0, 'data': {'page': 'map', 'action': 'selected helipad', 'value': '21'}}
INFO:root:1721934639.727219,ID:1010,STAGE:4,SEQUENCE:1243,DATA:{'time': 1721934639.719, 'user-id': '1010', 'source': 'HAI Interface', 'destination-index': '3', 'study-stage': '4', 'decision-state': 0, 'vitals-state': 0, 'airspace-state': 0, 'data': {'page': 'emergency', 'action': 'trying to change destination to19'}}
INFO:root:1721934644.637316,ID:1010,STAGE:4,SEQUENCE:1243,DATA:{'time': 1721934644.632, 'user-id': '1010', 'source': 'HAI Interface', 'destination-index': '3', 'study-stage': '4', 'decision-state': 0, 'vitals-state': 0, 'airspace-state': 0, 'data': {'page': 'emergency', 'action': 'trying to change destination to19'}}
INFO:root:1721934650.206225,ID:1010,STAGE:4,SEQUENCE:1243,DATA:{'time': 1721934650.196, 'user-id': '1010', 'source': 'HAI Interface', 'destination-index': '3', 'study-stage': '4', 'decision-state': 0, 'vitals-state': 0, 'airspace-state': 0, 'data': {'page': 'emergency', 'action': 'trying to change destination to19'}}
INFO:root:1721934650.209216,ID:1010,STAGE:4,SEQUENCE:1243,DATA:{'time': 1721934650.196, 'user-id': '1010', 'source': 'HAI Interface', 'destination-index': '3', 'study-stage': '4', 'decision-state': 0, 'vitals-state': 0, 'airspace-state': 0, 'data': {'page': 'emergency', 'action': 'show Pressure Miscalibrated Warning, hide map'}}
INFO:root:1721934650.210215,ID:1010,STAGE:4,SEQUENCE:1243,DATA:{'time': 1721934650.197, 'user-id': '1010', 'source': 'HAI Interface', 'destination-index': '3', 'study-stage': '4', 'decision-state': 0, 'vitals-state': 0, 'airspace-state': 0, 'data': {'page': 'map', 'action': 'hide map'}}
INFO:root:1721934650.21571,ID:1010,STAGE:4,SEQUENCE:1243,DATA:{'time': 1721934650.198, 'user-id': '1010', 'source': 'HAI Interface', 'destination-index': '3', 'study-stage': '4', 'decision-state': 0, 'vitals-state': 0, 'airspace-state': 0, 'data': {'page': 'Inflight', 'action': 'Pressure Warning alert activated'}}
INFO:root:1721934654.71542,ID:1010,STAGE:4,SEQUENCE:1243,DATA:{'time': 1721934654.706, 'user-id': '1010', 'source': 'HAI Interface', 'destination-index': '3', 'study-stage': '4', 'decision-state': 0, 'vitals-state': 0, 'airspace-state': 0, 'data': {'page': 'emergency', 'action': 'trying to change destination to19'}}
INFO:root:1721934654.716928,ID:1010,STAGE:4,SEQUENCE:1243,DATA:{'time': 1721934654.707, 'user-id': '1010', 'source': 'HAI Interface', 'destination-index': '3', 'study-stage': '4', 'decision-state': 0, 'vitals-state': 0, 'airspace-state': 0, 'data': {'page': 'emergency', 'action': 'show Pressure Miscalibrated Warning, hide map'}}
INFO:root:1721934654.716928,ID:1010,STAGE:4,SEQUENCE:1243,DATA:{'time': 1721934654.707, 'user-id': '1010', 'source': 'HAI Interface', 'destination-index': '3', 'study-stage': '4', 'decision-state': 0, 'vitals-state': 0, 'airspace-state': 0, 'data': {'page': 'map', 'action': 'hide map'}}
INFO:root:1721934654.726034,ID:1010,STAGE:4,SEQUENCE:1243,DATA:{'time': 1721934654.708, 'user-id': '1010', 'source': 'HAI Interface', 'destination-index': '3', 'study-stage': '4', 'decision-state': 0, 'vitals-state': 0, 'airspace-state': 0, 'data': {'page': 'Inflight', 'action': 'Pressure Warning alert activated'}}
INFO:root:1721934659.709438,ID:1010,STAGE:4,SEQUENCE:1243,DATA:{'time': 1721934659.697, 'user-id': '1010', 'source': 'HAI Interface', 'destination-index': '3', 'study-stage': '4', 'decision-state': 0, 'vitals-state': 0, 'airspace-state': 0, 'data': {'page': 'emergency', 'action': 'trying to change destination to19'}}
INFO:root:1721934659.713426,ID:1010,STAGE:4,SEQUENCE:1243,DATA:{'time': 1721934659.697, 'user-id': '1010', 'source': 'HAI Interface', 'destination-index': '3', 'study-stage': '4', 'decision-state': 0, 'vitals-state': 0, 'airspace-state': 0, 'data': {'page': 'emergency', 'action': 'show Pressure Miscalibrated Warning, hide map'}}
INFO:root:1721934659.715422,ID:1010,STAGE:4,SEQUENCE:1243,DATA:{'time': 1721934659.698, 'user-id': '1010', 'source': 'HAI Interface', 'destination-index': '3', 'study-stage': '4', 'decision-state': 0, 'vitals-state': 0, 'airspace-state': 0, 'data': {'page': 'map', 'action': 'hide map'}}
INFO:root:1721934659.719159,ID:1010,STAGE:4,SEQUENCE:1243,DATA:{'time': 1721934659.698, 'user-id': '1010', 'source': 'HAI Interface', 'destination-index': '3', 'study-stage': '4', 'decision-state': 0, 'vitals-state': 0, 'airspace-state': 0, 'data': {'page': 'Inflight', 'action': 'Pressure Warning alert activated'}}
INFO:root:1721934664.639187,ID:1010,STAGE:4,SEQUENCE:1243,DATA:{'time': 1721934664.629, 'user-id': '1010', 'source': 'HAI Interface', 'destination-index': '3', 'study-stage': '4', 'decision-state': 0, 'vitals-state': 0, 'airspace-state': 0, 'data': {'page': 'emergency', 'action': 'trying to change destination to19'}}
INFO:root:1721934664.642095,ID:1010,STAGE:4,SEQUENCE:1243,DATA:{'time': 1721934664.63, 'user-id': '1010', 'source': 'HAI Interface', 'destination-index': '3', 'study-stage': '4', 'decision-state': 0, 'vitals-state': 0, 'airspace-state': 0, 'data': {'page': 'emergency', 'action': 'show Pressure Miscalibrated Warning, hide map'}}
INFO:root:1721934664.645597,ID:1010,STAGE:4,SEQUENCE:1243,DATA:{'time': 1721934664.63, 'user-id': '1010', 'source': 'HAI Interface', 'destination-index': '3', 'study-stage': '4', 'decision-state': 0, 'vitals-state': 0, 'airspace-state': 0, 'data': {'page': 'map', 'action': 'hide map'}}
INFO:root:1721934664.652123,ID:1010,STAGE:4,SEQUENCE:1243,DATA:{'time': 1721934664.63, 'user-id': '1010', 'source': 'HAI Interface', 'destination-index': '3', 'study-stage': '4', 'decision-state': 0, 'vitals-state': 0, 'airspace-state': 0, 'data': {'page': 'Inflight', 'action': 'Pressure Warning alert activated'}}
INFO:root:1721934669.666226,ID:1010,STAGE:4,SEQUENCE:1243,DATA:{'time': 1721934669.659, 'user-id': '1010', 'source': 'HAI Interface', 'destination-index': '3', 'study-stage': '4', 'decision-state': 0, 'vitals-state': 0, 'airspace-state': 0, 'data': {'page': 'emergency', 'action': 'trying to change destination to19'}}
INFO:root:1721934669.669222,ID:1010,STAGE:4,SEQUENCE:1243,DATA:{'time': 1721934669.659, 'user-id': '1010', 'source': 'HAI Interface', 'destination-index': '3', 'study-stage': '4', 'decision-state': 0, 'vitals-state': 0, 'airspace-state': 0, 'data': {'page': 'emergency', 'action': 'show Pressure Miscalibrated Warning, hide map'}}
INFO:root:1721934669.676204,ID:1010,STAGE:4,SEQUENCE:1243,DATA:{'time': 1721934669.659, 'user-id': '1010', 'source': 'HAI Interface', 'destination-index': '3', 'study-stage': '4', 'decision-state': 0, 'vitals-state': 0, 'airspace-state': 0, 'data': {'page': 'map', 'action': 'hide map'}}
INFO:root:1721934669.682188,ID:1010,STAGE:4,SEQUENCE:1243,DATA:{'time': 1721934669.66, 'user-id': '1010', 'source': 'HAI Interface', 'destination-index': '3', 'study-stage': '4', 'decision-state': 0, 'vitals-state': 0, 'airspace-state': 0, 'data': {'page': 'Inflight', 'action': 'Pressure Warning alert activated'}}
INFO:root:1721934671.981335,ID:1010,STAGE:4,SEQUENCE:1243,DATA:{'time': 1721934671.976, 'user-id': '1010', 'source': 'HAI Interface', 'destination-index': '3', 'study-stage': '4', 'decision-state': 0, 'vitals-state': 0, 'airspace-state': 0, 'data': {'page': 'Inflight', 'action': 'Pressure Warning- show info button pressed'}}
INFO:root:1721934674.632636,ID:1010,STAGE:4,SEQUENCE:1243,DATA:{'time': 1721934674.619, 'user-id': '1010', 'source': 'HAI Interface', 'destination-index': '3', 'study-stage': '4', 'decision-state': 0, 'vitals-state': 0, 'airspace-state': 0, 'data': {'page': 'emergency', 'action': 'trying to change destination to19'}}
INFO:root:1721934674.634636,ID:1010,STAGE:4,SEQUENCE:1243,DATA:{'time': 1721934674.62, 'user-id': '1010', 'source': 'HAI Interface', 'destination-index': '3', 'study-stage': '4', 'decision-state': 0, 'vitals-state': 0, 'airspace-state': 0, 'data': {'page': 'emergency', 'action': 'show Pressure Miscalibrated Warning, hide map'}}
INFO:root:1721934674.636631,ID:1010,STAGE:4,SEQUENCE:1243,DATA:{'time': 1721934674.62, 'user-id': '1010', 'source': 'HAI Interface', 'destination-index': '3', 'study-stage': '4', 'decision-state': 0, 'vitals-state': 0, 'airspace-state': 0, 'data': {'page': 'map', 'action': 'hide map'}}
INFO:root:1721934674.642034,ID:1010,STAGE:4,SEQUENCE:1243,DATA:{'time': 1721934674.62, 'user-id': '1010', 'source': 'HAI Interface', 'destination-index': '3', 'study-stage': '4', 'decision-state': 0, 'vitals-state': 0, 'airspace-state': 0, 'data': {'page': 'Inflight', 'action': 'Pressure Warning alert activated'}}
INFO:root:Pressure Warning alert given, sent request to clear pressure_warning_alert
INFO:root:1721934677.915121,ID:1010,STAGE:4,SEQUENCE:1243,DATA:{'time': 1721934677.911, 'user-id': '1010', 'source': 'HAI Interface', 'destination-index': '3', 'study-stage': '4', 'decision-state': 0, 'vitals-state': 0, 'airspace-state': 0, 'data': {'page': 'Inflight', 'action': 'Pressure Warning- submit button pressed with pressure value as:75'}}
INFO:root:1721934677.918112,ID:1010,STAGE:4,SEQUENCE:1243,DATA:{'time': 1721934677.911, 'user-id': '1010', 'source': 'HAI Interface', 'destination-index': '3', 'study-stage': '4', 'decision-state': 0, 'vitals-state': 0, 'airspace-state': 0, 'data': {'page': 'Inflight', 'action': 'Pressure Warning- alert explaination'}}
INFO:root:1721934679.630078,ID:1010,STAGE:4,SEQUENCE:1243,DATA:{'time': 1721934679.625, 'user-id': '1010', 'source': 'HAI Interface', 'destination-index': '3', 'study-stage': '4', 'decision-state': 0, 'vitals-state': 0, 'airspace-state': 0, 'data': {'page': 'emergency', 'action': 'trying to change destination to19'}}
INFO:root:1721934684.631155,ID:1010,STAGE:4,SEQUENCE:1243,DATA:{'time': 1721934684.625, 'user-id': '1010', 'source': 'HAI Interface', 'destination-index': '3', 'study-stage': '4', 'decision-state': 0, 'vitals-state': 0, 'airspace-state': 0, 'data': {'page': 'emergency', 'action': 'trying to change destination to19'}}
INFO:root:1721934687.524094,ID:1010,STAGE:4,SEQUENCE:1243,DATA:{'time': 1721934687.52, 'user-id': '1010', 'source': 'HAI Interface', 'destination-index': '3', 'study-stage': '4', 'decision-state': 0, 'vitals-state': 0, 'airspace-state': 0, 'data': {'page': 'Inflight', 'action': 'Pressure Warning alert close button pressed'}}
INFO:root:1721934689.688066,ID:1010,STAGE:4,SEQUENCE:1243,DATA:{'time': 1721934689.682, 'user-id': '1010', 'source': 'HAI Interface', 'destination-index': '3', 'study-stage': '4', 'decision-state': 0, 'vitals-state': 0, 'airspace-state': 0, 'data': {'page': 'emergency', 'action': 'trying to change destination to19'}}
INFO:root:1721934690.790594,ID:1010,STAGE:4,SEQUENCE:1243,DATA:{'time': 1721934690.785, 'user-id': '1010', 'source': 'HAI Interface', 'destination-index': '3', 'study-stage': '4', 'decision-state': 0, 'vitals-state': 0, 'airspace-state': 0, 'data': {'action': 'receive button pressed'}}
INFO:root:1721934690.791593,ID:1010,STAGE:4,SEQUENCE:1243,DATA:{'time': 1721934690.786, 'user-id': '1010', 'source': 'HAI Interface', 'destination-index': '3', 'study-stage': '4', 'decision-state': 0, 'vitals-state': 0, 'airspace-state': 0, 'data': {'action': 'callsign set to:[object Object]'}}
INFO:root:1721934690.792272,ID:1010,STAGE:4,SEQUENCE:1243,DATA:{'time': 1721934690.786, 'user-id': '1010', 'source': 'HAI Interface', 'destination-index': '3', 'study-stage': '4', 'decision-state': 0, 'vitals-state': 0, 'airspace-state': 0, 'data': {'action': 'radio set to:Comm2'}}
INFO:root:1721934690.797589,ID:1010,STAGE:4,SEQUENCE:1243,DATA:{'time': 1721934690.789, 'user-id': '1010', 'source': 'HAI Interface', 'destination-index': '3', 'study-stage': '4', 'decision-state': 0, 'vitals-state': 0, 'airspace-state': 0, 'data': {'action': 'MEDEVACtransmitting onComm2123.45 MHz'}}
INFO:root:1721934694.693413,ID:1010,STAGE:4,SEQUENCE:1243,DATA:{'time': 1721934694.686, 'user-id': '1010', 'source': 'HAI Interface', 'destination-index': '3', 'study-stage': '4', 'decision-state': 0, 'vitals-state': 0, 'airspace-state': 0, 'data': {'page': 'emergency', 'action': 'trying to change destination to19'}}
INFO:root:1721934699.670802,ID:1010,STAGE:4,SEQUENCE:1243,DATA:{'time': 1721934699.665, 'user-id': '1010', 'source': 'HAI Interface', 'destination-index': '3', 'study-stage': '4', 'decision-state': 0, 'vitals-state': 0, 'airspace-state': 0, 'data': {'page': 'emergency', 'action': 'trying to change destination to19'}}
INFO:root:Pressure Warning alert given, sent request to clear pressure_warning_alert
INFO:root:1721934704.63624,ID:1010,STAGE:4,SEQUENCE:1243,DATA:{'time': 1721934704.631, 'user-id': '1010', 'source': 'HAI Interface', 'destination-index': '3', 'study-stage': '4', 'decision-state': 0, 'vitals-state': 0, 'airspace-state': 0, 'data': {'page': 'emergency', 'action': 'trying to change destination to19'}}
INFO:root:1721934709.698659,ID:1010,STAGE:4,SEQUENCE:1243,DATA:{'time': 1721934709.687, 'user-id': '1010', 'source': 'HAI Interface', 'destination-index': '3', 'study-stage': '4', 'decision-state': 0, 'vitals-state': 0, 'airspace-state': 0, 'data': {'page': 'emergency', 'action': 'trying to change destination to19'}}
INFO:root:1721934714.632352,ID:1010,STAGE:4,SEQUENCE:1243,DATA:{'time': 1721934714.624, 'user-id': '1010', 'source': 'HAI Interface', 'destination-index': '3', 'study-stage': '4', 'decision-state': 0, 'vitals-state': 0, 'airspace-state': 0, 'data': {'page': 'emergency', 'action': 'trying to change destination to19'}}
INFO:root:1721934719.664331,ID:1010,STAGE:4,SEQUENCE:1243,DATA:{'time': 1721934719.658, 'user-id': '1010', 'source': 'HAI Interface', 'destination-index': '3', 'study-stage': '4', 'decision-state': 0, 'vitals-state': 0, 'airspace-state': 0, 'data': {'page': 'emergency', 'action': 'trying to change destination to19'}}
INFO:root:1721934720.400006,ID:1010,STAGE:4,SEQUENCE:1243,DATA:{'time': 1721934720.395, 'user-id': '1010', 'source': 'HAI Interface', 'destination-index': '3', 'study-stage': '4', 'decision-state': 0, 'vitals-state': 0, 'airspace-state': 0, 'data': {'page': 'map', 'action': 'show map'}}
INFO:root:1721934720.402005,ID:1010,STAGE:4,SEQUENCE:1243,DATA:{'time': 1721934720.395, 'user-id': '1010', 'source': 'HAI Interface', 'destination-index': '3', 'study-stage': '4', 'decision-state': 0, 'vitals-state': 0, 'airspace-state': 0, 'data': {'page': 'map', 'action': 'selected helipad', 'value': '21'}}
INFO:root:1721934724.671324,ID:1010,STAGE:4,SEQUENCE:1243,DATA:{'time': 1721934724.663, 'user-id': '1010', 'source': 'HAI Interface', 'destination-index': '3', 'study-stage': '4', 'decision-state': 0, 'vitals-state': 0, 'airspace-state': 0, 'data': {'page': 'emergency', 'action': 'trying to change destination to19'}}
INFO:root:1721934729.61206,ID:1010,STAGE:4,SEQUENCE:1243,DATA:{'time': 1721934729.605, 'user-id': '1010', 'source': 'HAI Interface', 'destination-index': '3', 'study-stage': '4', 'decision-state': 0, 'vitals-state': 0, 'airspace-state': 0, 'data': {'page': 'emergency', 'action': 'trying to change destination to19'}}
INFO:root:1721934734.66208,ID:1010,STAGE:4,SEQUENCE:1243,DATA:{'time': 1721934734.657, 'user-id': '1010', 'source': 'HAI Interface', 'destination-index': '3', 'study-stage': '4', 'decision-state': 0, 'vitals-state': 0, 'airspace-state': 0, 'data': {'page': 'emergency', 'action': 'trying to change destination to19'}}
INFO:root:1721934739.613869,ID:1010,STAGE:4,SEQUENCE:1243,DATA:{'time': 1721934739.605, 'user-id': '1010', 'source': 'HAI Interface', 'destination-index': '3', 'study-stage': '4', 'decision-state': 0, 'vitals-state': 0, 'airspace-state': 0, 'data': {'page': 'emergency', 'action': 'trying to change destination to19'}}
INFO:root:1721934744.635707,ID:1010,STAGE:4,SEQUENCE:1243,DATA:{'time': 1721934744.627, 'user-id': '1010', 'source': 'HAI Interface', 'destination-index': '3', 'study-stage': '4', 'decision-state': 0, 'vitals-state': 0, 'airspace-state': 0, 'data': {'page': 'emergency', 'action': 'trying to change destination to19'}}
INFO:root:Ok, continue to monitor the patients vitals and keep us updated 
INFO:root:1721934749.676698,ID:1010,STAGE:4,SEQUENCE:1243,DATA:{'time': 1721934749.669, 'user-id': '1010', 'source': 'HAI Interface', 'destination-index': '3', 'study-stage': '4', 'decision-state': 0, 'vitals-state': 0, 'airspace-state': 0, 'data': {'page': 'emergency', 'action': 'trying to change destination to19'}}
INFO:root:1721934754.620206,ID:1010,STAGE:4,SEQUENCE:1243,DATA:{'time': 1721934754.613, 'user-id': '1010', 'source': 'HAI Interface', 'destination-index': '3', 'study-stage': '4', 'decision-state': 0, 'vitals-state': 0, 'airspace-state': 0, 'data': {'page': 'emergency', 'action': 'trying to change destination to19'}}
INFO:root:Miscalibrated sensor radio comm done- command to clear event and make the receive 0 sent
INFO:root:1721934759.685091,ID:1010,STAGE:4,SEQUENCE:1243,DATA:{'time': 1721934759.679, 'user-id': '1010', 'source': 'HAI Interface', 'destination-index': '3', 'study-stage': '4', 'decision-state': 0, 'vitals-state': 0, 'airspace-state': 0, 'data': {'page': 'emergency', 'action': 'trying to change destination to19'}}
INFO:root:1721934761.692685,ID:1010,STAGE:4,SEQUENCE:1243,DATA:{'time': 1721934761.687, 'user-id': '1010', 'source': 'HAI Interface', 'destination-index': '3', 'study-stage': '4', 'decision-state': 0, 'vitals-state': 0, 'airspace-state': 0, 'data': {'action': 'transmit button pressed'}}
INFO:root:1721934761.695676,ID:1010,STAGE:4,SEQUENCE:1243,DATA:{'time': 1721934761.688, 'user-id': '1010', 'source': 'HAI Interface', 'destination-index': '3', 'study-stage': '4', 'decision-state': 0, 'vitals-state': 0, 'airspace-state': 0, 'data': {'action': 'callsign set to: + NASXGS'}}
INFO:root:1721934761.701172,ID:1010,STAGE:4,SEQUENCE:1243,DATA:{'time': 1721934761.688, 'user-id': '1010', 'source': 'HAI Interface', 'destination-index': '3', 'study-stage': '4', 'decision-state': 0, 'vitals-state': 0, 'airspace-state': 0, 'data': {'action': 'radio set to:Comm1'}}
INFO:root:1721934761.704164,ID:1010,STAGE:4,SEQUENCE:1243,DATA:{'time': 1721934761.688, 'user-id': '1010', 'source': 'HAI Interface', 'destination-index': '3', 'study-stage': '4', 'decision-state': 0, 'vitals-state': 0, 'airspace-state': 0, 'data': {'page': 'map', 'action': 'show map'}}
INFO:root:1721934761.707667,ID:1010,STAGE:4,SEQUENCE:1243,DATA:{'time': 1721934761.688, 'user-id': '1010', 'source': 'HAI Interface', 'destination-index': '3', 'study-stage': '4', 'decision-state': 0, 'vitals-state': 0, 'airspace-state': 0, 'data': {'page': 'map', 'action': 'selected helipad', 'value': '21'}}
INFO:root:1721934761.713165,ID:1010,STAGE:4,SEQUENCE:1243,DATA:{'time': 1721934761.694, 'user-id': '1010', 'source': 'HAI Interface', 'destination-index': '3', 'study-stage': '4', 'decision-state': 0, 'vitals-state': 0, 'airspace-state': 0, 'data': {'action': 'NASXGStransmitting updates onComm1123.45 MHz'}}
INFO:root:Inflight Radio Update asked
INFO:root:sent request to set radio update complete
INFO:root:1721934764.666482,ID:1010,STAGE:4,SEQUENCE:1243,DATA:{'time': 1721934764.661, 'user-id': '1010', 'source': 'HAI Interface', 'destination-index': '3', 'study-stage': '4', 'decision-state': 0, 'vitals-state': 0, 'airspace-state': 0, 'data': {'page': 'emergency', 'action': 'trying to change destination to19'}}
INFO:root:1721934770.411709,ID:1010,STAGE:4,SEQUENCE:1243,DATA:{'time': 1721934770.407, 'user-id': '1010', 'source': 'HAI Interface', 'destination-index': '3', 'study-stage': '4', 'decision-state': 0, 'vitals-state': '1', 'airspace-state': 0, 'data': {'page': 'emergency', 'action': 'trying to change destination to19'}}
INFO:root:1721934770.415698,ID:1010,STAGE:4,SEQUENCE:1243,DATA:{'time': 1721934770.408, 'user-id': '1010', 'source': 'HAI Interface', 'destination-index': '3', 'study-stage': '4', 'decision-state': 0, 'vitals-state': '1', 'airspace-state': 0, 'data': {'page': 'emergency', 'action': 'show Engine Failure Alert, hide map'}}
INFO:root:1721934770.420197,ID:1010,STAGE:4,SEQUENCE:1243,DATA:{'time': 1721934770.408, 'user-id': '1010', 'source': 'HAI Interface', 'destination-index': '3', 'study-stage': '4', 'decision-state': 0, 'vitals-state': '1', 'airspace-state': 0, 'data': {'page': 'map', 'action': 'hide map'}}
INFO:root:1721934770.428198,ID:1010,STAGE:4,SEQUENCE:1243,DATA:{'time': 1721934770.408, 'user-id': '1010', 'source': 'HAI Interface', 'destination-index': '3', 'study-stage': '4', 'decision-state': 0, 'vitals-state': '1', 'airspace-state': 0, 'data': {'page': 'Inflight', 'action': 'Engine failure emergency- emergnecy propmt displayed'}}
INFO:root:1721934774.676269,ID:1010,STAGE:4,SEQUENCE:1243,DATA:{'time': 1721934774.668, 'user-id': '1010', 'source': 'HAI Interface', 'destination-index': '3', 'study-stage': '4', 'decision-state': 0, 'vitals-state': '1', 'airspace-state': 0, 'data': {'page': 'emergency', 'action': 'trying to change destination to19'}}
INFO:root:1721934774.680421,ID:1010,STAGE:4,SEQUENCE:1243,DATA:{'time': 1721934774.669, 'user-id': '1010', 'source': 'HAI Interface', 'destination-index': '3', 'study-stage': '4', 'decision-state': 0, 'vitals-state': '1', 'airspace-state': 0, 'data': {'page': 'emergency', 'action': 'show Engine Failure Alert, hide map'}}
INFO:root:1721934774.68441,ID:1010,STAGE:4,SEQUENCE:1243,DATA:{'time': 1721934774.669, 'user-id': '1010', 'source': 'HAI Interface', 'destination-index': '3', 'study-stage': '4', 'decision-state': 0, 'vitals-state': '1', 'airspace-state': 0, 'data': {'page': 'map', 'action': 'hide map'}}
INFO:root:1721934774.691391,ID:1010,STAGE:4,SEQUENCE:1243,DATA:{'time': 1721934774.669, 'user-id': '1010', 'source': 'HAI Interface', 'destination-index': '3', 'study-stage': '4', 'decision-state': 0, 'vitals-state': '1', 'airspace-state': 0, 'data': {'page': 'Inflight', 'action': 'Engine failure emergency- emergnecy propmt displayed'}}
INFO:root:1721934774.976649,ID:1010,STAGE:4,SEQUENCE:1243,DATA:{'time': 1721934774.971, 'user-id': '1010', 'source': 'HAI Interface', 'destination-index': '3', 'study-stage': '4', 'decision-state': 0, 'vitals-state': '1', 'airspace-state': 0, 'data': {'page': 'map', 'action': 'hide map'}}
INFO:root:1721934777.965189,ID:1010,STAGE:4,SEQUENCE:1243,DATA:{'time': 1721934777.954, 'user-id': '1010', 'source': 'HAI Interface', 'destination-index': '3', 'study-stage': '4', 'decision-state': 0, 'vitals-state': '1', 'airspace-state': 0, 'data': {'page': 'Inflight', 'action': 'Engine failure emergency- show more info button pressed'}}
INFO:root:1721934779.675799,ID:1010,STAGE:4,SEQUENCE:1243,DATA:{'time': 1721934779.669, 'user-id': '1010', 'source': 'HAI Interface', 'destination-index': '3', 'study-stage': '4', 'decision-state': 0, 'vitals-state': '1', 'airspace-state': 0, 'data': {'page': 'emergency', 'action': 'trying to change destination to19'}}
INFO:root:1721934784.7022,ID:1010,STAGE:4,SEQUENCE:1243,DATA:{'time': 1721934784.697, 'user-id': '1010', 'source': 'HAI Interface', 'destination-index': '3', 'study-stage': '4', 'decision-state': 0, 'vitals-state': '1', 'airspace-state': 0, 'data': {'page': 'emergency', 'action': 'trying to change destination to19'}}
INFO:root:1721934789.694786,ID:1010,STAGE:4,SEQUENCE:1243,DATA:{'time': 1721934789.689, 'user-id': '1010', 'source': 'HAI Interface', 'destination-index': '3', 'study-stage': '4', 'decision-state': 0, 'vitals-state': '1', 'airspace-state': 0, 'data': {'page': 'emergency', 'action': 'trying to change destination to19'}}
INFO:root:1721934794.641322,ID:1010,STAGE:4,SEQUENCE:1243,DATA:{'time': 1721934794.635, 'user-id': '1010', 'source': 'HAI Interface', 'destination-index': '3', 'study-stage': '4', 'decision-state': 0, 'vitals-state': '1', 'airspace-state': 0, 'data': {'page': 'emergency', 'action': 'trying to change destination to19'}}
INFO:root:1721934795.132449,ID:1010,STAGE:4,SEQUENCE:1243,DATA:{'time': 1721934795.125, 'user-id': '1010', 'source': 'HAI Interface', 'destination-index': '3', 'study-stage': '4', 'decision-state': 0, 'vitals-state': '1', 'airspace-state': 0, 'data': {'page': 'Inflight', 'action': 'Engine failure emergency- close button pressed'}}
INFO:root:1721934795.144126,ID:1010,STAGE:4,SEQUENCE:1243,DATA:{'time': 1721934795.126, 'user-id': '1010', 'source': 'HAI Interface', 'destination-index': '3', 'study-stage': '4', 'decision-state': 0, 'vitals-state': '1', 'airspace-state': 0, 'data': {'page': 'Inflight', 'action': 'change destination button pressed'}}
INFO:root:1721934795.299064,ID:1010,STAGE:4,SEQUENCE:1243,DATA:{'time': 1721934795.277, 'user-id': 'none', 'source': 'HAI Interface', 'destination-index': 3, 'study-stage': -1, 'decision-state': 0, 'vitals-state': 0, 'airspace-state': 0, 'data': {'page': 'emergency-landing', 'action': 'opened page'}}
INFO:root:1721934796.247147,ID:1010,STAGE:4,SEQUENCE:1243,DATA:{'time': 1721934796.237, 'user-id': '1010', 'source': 'HAI Interface', 'destination-index': '3', 'study-stage': '4', 'decision-state': 0, 'vitals-state': '1', 'airspace-state': 0, 'data': {'page': 'map', 'action': 'selected helipad', 'value': '21'}}
INFO:root:1721934796.250138,ID:1010,STAGE:4,SEQUENCE:1243,DATA:{'time': 1721934796.238, 'user-id': '1010', 'source': 'HAI Interface', 'destination-index': '3', 'study-stage': '4', 'decision-state': 0, 'vitals-state': '1', 'airspace-state': 0, 'data': {'page': 'map', 'action': 'set destination', 'value': -1}}
INFO:root:1721934798.244317,ID:1010,STAGE:4,SEQUENCE:1243,DATA:{'time': 1721934798.238, 'user-id': '1010', 'source': 'HAI Interface', 'destination-index': '3', 'study-stage': '4', 'decision-state': 0, 'vitals-state': '1', 'airspace-state': 0, 'data': {'page': 'map', 'action': 'show map'}}
INFO:root:1721934798.247819,ID:1010,STAGE:4,SEQUENCE:1243,DATA:{'time': 1721934798.238, 'user-id': '1010', 'source': 'HAI Interface', 'destination-index': '3', 'study-stage': '4', 'decision-state': 0, 'vitals-state': '1', 'airspace-state': 0, 'data': {'page': 'map', 'action': 'selected helipad', 'value': '21'}}
INFO:root:1721934798.255311,ID:1010,STAGE:4,SEQUENCE:1243,DATA:{'time': 1721934798.238, 'user-id': '1010', 'source': 'HAI Interface', 'destination-index': '3', 'study-stage': '4', 'decision-state': 0, 'vitals-state': '1', 'airspace-state': 0, 'data': {'page': 'map', 'action': 'set destination', 'value': '3'}}
INFO:root:1721934800.458444,ID:1010,STAGE:4,SEQUENCE:1243,DATA:{'time': 1721934800.454, 'user-id': '1010', 'source': 'HAI Interface', 'destination-index': '3', 'study-stage': '4', 'decision-state': 0, 'vitals-state': '1', 'airspace-state': 0, 'data': {'page': 'emergency', 'action': 'trying to change destination to100'}}
INFO:root:1721934801.828428,ID:1010,STAGE:4,SEQUENCE:1243,DATA:{'time': 1721934801.824, 'user-id': '1010', 'source': 'HAI Interface', 'destination-index': '3', 'study-stage': '4', 'decision-state': 0, 'vitals-state': '1', 'airspace-state': 0, 'data': {'page': 'map', 'action': 'selected helipad', 'value': '5'}}
INFO:root:1721934801.83142,ID:1010,STAGE:4,SEQUENCE:1243,DATA:{'time': 1721934801.825, 'user-id': '1010', 'source': 'HAI Interface', 'destination-index': '3', 'study-stage': '4', 'decision-state': 0, 'vitals-state': '1', 'airspace-state': 0, 'data': {'page': 'map', 'action': 'set destination', 'value': '3'}}
INFO:root:1721934804.203721,ID:1010,STAGE:4,SEQUENCE:1243,DATA:{'time': 1721934804.2, 'user-id': '1010', 'source': 'HAI Interface', 'destination-index': '3', 'study-stage': '4', 'decision-state': 0, 'vitals-state': '1', 'airspace-state': 0, 'data': {'page': 'map', 'action': 'changing helipad', 'value': '5'}}
INFO:root:1721934805.481317,ID:1010,STAGE:4,SEQUENCE:1243,DATA:{'time': 1721934805.476, 'user-id': '1010', 'source': 'HAI Interface', 'destination-index': '3', 'study-stage': '4', 'decision-state': 0, 'vitals-state': '1', 'airspace-state': 0, 'data': {'page': 'emergency', 'action': 'trying to change destination to19'}}
INFO:root:1721934805.947501,ID:1010,STAGE:4,SEQUENCE:1243,DATA:{'time': 1721934805.941, 'user-id': '1010', 'source': 'HAI Interface', 'destination-index': '3', 'study-stage': '4', 'decision-state': 0, 'vitals-state': '1', 'airspace-state': 0, 'data': {'page': 'map', 'action': 'selected helipad', 'value': 100}}
INFO:root:1721934808.655265,ID:1010,STAGE:4,SEQUENCE:1243,DATA:{'time': 1721934808.651, 'user-id': '1010', 'source': 'HAI Interface', 'destination-index': '3', 'study-stage': '4', 'decision-state': 0, 'vitals-state': '1', 'airspace-state': 0, 'data': {'page': 'map', 'action': 'selected helipad', 'value': '5'}}
INFO:root:1721934808.657259,ID:1010,STAGE:4,SEQUENCE:1243,DATA:{'time': 1721934808.651, 'user-id': '1010', 'source': 'HAI Interface', 'destination-index': '3', 'study-stage': '4', 'decision-state': 0, 'vitals-state': '1', 'airspace-state': 0, 'data': {'page': 'map', 'action': 'set destination', 'value': 19}}
INFO:root:1721934808.760343,ID:1010,STAGE:4,SEQUENCE:1243,DATA:{'time': 1721934808.754, 'user-id': '1010', 'source': 'HAI Interface', 'destination-index': '3', 'study-stage': '4', 'decision-state': 0, 'vitals-state': '1', 'airspace-state': 0, 'data': {'page': 'map', 'action': 'changing helipad', 'value': '5'}}
INFO:root:Engine Failure alert given, sent request to clear engine_failure_emergency
INFO:root:1721934810.458814,ID:1010,STAGE:4,SEQUENCE:1243,DATA:{'time': 1721934810.453, 'user-id': '1010', 'source': 'HAI Interface', 'destination-index': '3', 'study-stage': '4', 'decision-state': 0, 'vitals-state': '1', 'airspace-state': 0, 'data': {'page': 'emergency', 'action': 'trying to change destination to19'}}
INFO:root:1721934810.544013,ID:1010,STAGE:4,SEQUENCE:1243,DATA:{'time': 1721934810.538, 'user-id': '1010', 'source': 'HAI Interface', 'destination-index': '3', 'study-stage': '4', 'decision-state': 0, 'vitals-state': '1', 'airspace-state': 0, 'data': {'page': 'map', 'action': 'selected helipad', 'value': 100}}
INFO:root:1721934811.361484,ID:1010,STAGE:4,SEQUENCE:1243,DATA:{'time': 1721934811.357, 'user-id': '1010', 'source': 'HAI Interface', 'destination-index': '3', 'study-stage': '4', 'decision-state': 0, 'vitals-state': '1', 'airspace-state': 0, 'data': {'action': 'radio panel opened'}}
INFO:root:1721934815.452921,ID:1010,STAGE:4,SEQUENCE:1243,DATA:{'time': 1721934815.447, 'user-id': '1010', 'source': 'HAI Interface', 'destination-index': '3', 'study-stage': '4', 'decision-state': 0, 'vitals-state': '1', 'airspace-state': 0, 'data': {'page': 'emergency', 'action': 'trying to change destination to19'}}
INFO:root:1721934816.002405,ID:1010,STAGE:4,SEQUENCE:1243,DATA:{'time': 1721934815.998, 'user-id': '1010', 'source': 'HAI Interface', 'destination-index': '3', 'study-stage': '4', 'decision-state': 0, 'vitals-state': '1', 'airspace-state': 0, 'data': {'action': 'receive button pressed'}}
INFO:root:1721934816.003907,ID:1010,STAGE:4,SEQUENCE:1243,DATA:{'time': 1721934815.998, 'user-id': '1010', 'source': 'HAI Interface', 'destination-index': '3', 'study-stage': '4', 'decision-state': 0, 'vitals-state': '1', 'airspace-state': 0, 'data': {'action': 'callsign set to:[object Object]'}}
INFO:root:1721934816.007417,ID:1010,STAGE:4,SEQUENCE:1243,DATA:{'time': 1721934815.998, 'user-id': '1010', 'source': 'HAI Interface', 'destination-index': '3', 'study-stage': '4', 'decision-state': 0, 'vitals-state': '1', 'airspace-state': 0, 'data': {'action': 'radio set to:Comm2'}}
INFO:root:1721934816.012011,ID:1010,STAGE:4,SEQUENCE:1243,DATA:{'time': 1721934816.002, 'user-id': '1010', 'source': 'HAI Interface', 'destination-index': '3', 'study-stage': '4', 'decision-state': 0, 'vitals-state': '1', 'airspace-state': 0, 'data': {'action': 'MEDEVACtransmitting onComm2123.45 MHz'}}
INFO:root:1721934820.456996,ID:1010,STAGE:4,SEQUENCE:1243,DATA:{'time': 1721934820.447, 'user-id': '1010', 'source': 'HAI Interface', 'destination-index': '3', 'study-stage': '4', 'decision-state': 0, 'vitals-state': '1', 'airspace-state': 0, 'data': {'page': 'emergency', 'action': 'trying to change destination to19'}}
INFO:root:Reroute to Old Fourth Ward radio comm response initiated
INFO:root:1721934825.483387,ID:1010,STAGE:4,SEQUENCE:1243,DATA:{'time': 1721934825.478, 'user-id': '1010', 'source': 'HAI Interface', 'destination-index': '3', 'study-stage': '4', 'decision-state': 0, 'vitals-state': '1', 'airspace-state': 0, 'data': {'page': 'emergency', 'action': 'trying to change destination to19'}}
INFO:root:1721934830.262715,ID:1010,STAGE:4,SEQUENCE:1243,DATA:{'time': 1721934830.258, 'user-id': '1010', 'source': 'HAI Interface', 'destination-index': '3', 'study-stage': '4', 'decision-state': 0, 'vitals-state': '1', 'airspace-state': 0, 'data': {'page': 'map', 'action': 'selected helipad', 'value': '5'}}
INFO:root:1721934830.265708,ID:1010,STAGE:4,SEQUENCE:1243,DATA:{'time': 1721934830.258, 'user-id': '1010', 'source': 'HAI Interface', 'destination-index': '3', 'study-stage': '4', 'decision-state': 0, 'vitals-state': '1', 'airspace-state': 0, 'data': {'page': 'map', 'action': 'set destination', 'value': 19}}
INFO:root:1721934830.480081,ID:1010,STAGE:4,SEQUENCE:1243,DATA:{'time': 1721934830.472, 'user-id': '1010', 'source': 'HAI Interface', 'destination-index': '3', 'study-stage': '4', 'decision-state': 0, 'vitals-state': '1', 'airspace-state': 0, 'data': {'page': 'emergency', 'action': 'trying to change destination to19'}}
INFO:root:1721934831.937995,ID:1010,STAGE:4,SEQUENCE:1243,DATA:{'time': 1721934831.933, 'user-id': '1010', 'source': 'HAI Interface', 'destination-index': '3', 'study-stage': '4', 'decision-state': 0, 'vitals-state': '1', 'airspace-state': 0, 'data': {'page': 'map', 'action': 'selected helipad', 'value': '19'}}
INFO:root:1721934831.939398,ID:1010,STAGE:4,SEQUENCE:1243,DATA:{'time': 1721934831.933, 'user-id': '1010', 'source': 'HAI Interface', 'destination-index': '3', 'study-stage': '4', 'decision-state': 0, 'vitals-state': '1', 'airspace-state': 0, 'data': {'page': 'map', 'action': 'set destination', 'value': 19}}
INFO:root:1721934833.527763,ID:1010,STAGE:4,SEQUENCE:1243,DATA:{'time': 1721934833.523, 'user-id': '1010', 'source': 'HAI Interface', 'destination-index': '3', 'study-stage': '4', 'decision-state': 0, 'vitals-state': '1', 'airspace-state': 0, 'data': {'page': 'map', 'action': 'changing helipad', 'value': '19'}}
INFO:root:1721934833.532781,ID:1010,STAGE:4,SEQUENCE:1243,DATA:{'time': 1721934833.523, 'user-id': '1010', 'source': 'HAI Interface', 'destination-index': '3', 'study-stage': '4', 'decision-state': 0, 'vitals-state': '1', 'airspace-state': 0, 'data': {'page': 'map', 'action': 'selected helipad', 'value': '19'}}
INFO:root:1721934833.534777,ID:1010,STAGE:4,SEQUENCE:1243,DATA:{'time': 1721934833.523, 'user-id': '1010', 'source': 'HAI Interface', 'destination-index': '3', 'study-stage': '4', 'decision-state': 0, 'vitals-state': '1', 'airspace-state': 0, 'data': {'page': 'map', 'action': 'set destination', 'value': 19}}
INFO:root:1721934834.206661,ID:1010,STAGE:4,SEQUENCE:1243,DATA:{'time': 1721934834.202, 'user-id': '1010', 'source': 'HAI Interface', 'destination-index': '3', 'study-stage': '4', 'decision-state': 0, 'vitals-state': '1', 'airspace-state': 0, 'data': {'page': 'map', 'action': 'hide map'}}
INFO:root:1721934835.419943,ID:1010,STAGE:4,SEQUENCE:1243,DATA:{'time': 1721934835.414, 'user-id': '1010', 'source': 'HAI Interface', 'destination-index': '3', 'study-stage': '4', 'decision-state': 0, 'vitals-state': '1', 'airspace-state': 0, 'data': {'page': 'change-destination', 'action': 'submit button pressed'}}
INFO:root:1721934835.583566,ID:1010,STAGE:4,SEQUENCE:1243,DATA:{'time': 1721934835.567, 'user-id': 'none', 'source': 'HAI Interface', 'destination-index': 3, 'study-stage': -1, 'decision-state': 0, 'vitals-state': 0, 'airspace-state': 0, 'data': {'page': 'location', 'action': 'opened page'}}
INFO:root:1721934836.521596,ID:1010,STAGE:4,SEQUENCE:1243,DATA:{'time': 1721934836.518, 'user-id': '1010', 'source': 'HAI Interface', 'destination-index': '3', 'study-stage': '4', 'decision-state': 0, 'vitals-state': '1', 'airspace-state': 0, 'data': {'page': 'map', 'action': 'selected helipad', 'value': '21'}}
INFO:root:1721934836.800844,ID:1010,STAGE:4,SEQUENCE:1243,DATA:{'time': 1721934836.796, 'user-id': '1010', 'source': 'HAI Interface', 'destination-index': '3', 'study-stage': '4', 'decision-state': 0, 'vitals-state': '1', 'airspace-state': 0, 'data': {'page': 'location', 'action': 'confirm button pressed'}}
INFO:root:1721934838.114577,ID:1010,STAGE:4,SEQUENCE:1243,DATA:{'time': 1721934838.108, 'user-id': '1010', 'source': 'HAI Interface', 'destination-index': '19', 'study-stage': '4', 'decision-state': 0, 'vitals-state': '1', 'airspace-state': 0, 'data': {'page': 'map', 'action': 'selected helipad', 'value': '21'}}
INFO:root:1721934838.64439,ID:1010,STAGE:4,SEQUENCE:1243,DATA:{'time': 1721934838.64, 'user-id': '1010', 'source': 'HAI Interface', 'destination-index': '19', 'study-stage': '4', 'decision-state': 0, 'vitals-state': '1', 'airspace-state': 0, 'data': {'page': 'map', 'action': 'show map'}}
INFO:root:1721934838.646384,ID:1010,STAGE:4,SEQUENCE:1243,DATA:{'time': 1721934838.64, 'user-id': '1010', 'source': 'HAI Interface', 'destination-index': '19', 'study-stage': '4', 'decision-state': 0, 'vitals-state': '1', 'airspace-state': 0, 'data': {'page': 'map', 'action': 'selected helipad', 'value': '21'}}
INFO:root:1721934842.401386,ID:1010,STAGE:4,SEQUENCE:1243,DATA:{'time': 1721934842.393, 'user-id': '1010', 'source': 'HAI Interface', 'destination-index': '19', 'study-stage': '4', 'decision-state': 0, 'vitals-state': '1', 'airspace-state': 0, 'data': {'page': 'emergency', 'action': 'trying to change destination to100'}}
INFO:root:1721934847.332098,ID:1010,STAGE:4,SEQUENCE:1243,DATA:{'time': 1721934847.321, 'user-id': '1010', 'source': 'HAI Interface', 'destination-index': '19', 'study-stage': '4', 'decision-state': 0, 'vitals-state': '1', 'airspace-state': 0, 'data': {'page': 'emergency', 'action': 'trying to change destination to19'}}
INFO:root:1721934849.392555,ID:1010,STAGE:4,SEQUENCE:1243,DATA:{'time': 1721934849.389, 'user-id': '1010', 'source': 'HAI Interface', 'destination-index': '19', 'study-stage': '4', 'decision-state': 0, 'vitals-state': '0', 'airspace-state': 0, 'data': {'action': 'radio panel opened'}}
INFO:root:1721934852.37301,ID:1010,STAGE:4,SEQUENCE:1243,DATA:{'time': 1721934852.368, 'user-id': '1010', 'source': 'HAI Interface', 'destination-index': '19', 'study-stage': '4', 'decision-state': 0, 'vitals-state': '0', 'airspace-state': 0, 'data': {'page': 'emergency', 'action': 'trying to change destination to19'}}
INFO:root:Reroute to Old Fourth Ward radio comm done- command to clear event and make receive 0 sent
INFO:root:1721934857.344193,ID:1010,STAGE:4,SEQUENCE:1243,DATA:{'time': 1721934857.338, 'user-id': '1010', 'source': 'HAI Interface', 'destination-index': '19', 'study-stage': '4', 'decision-state': 0, 'vitals-state': '0', 'airspace-state': 0, 'data': {'page': 'emergency', 'action': 'trying to change destination to19'}}
INFO:root:1721934861.678639,ID:1010,STAGE:4,SEQUENCE:1243,DATA:{'time': 1721934861.671, 'source': 'VitalsTask', 'timer': 227.141, 'data': {'sensor': 'Heart Rate', 'action': 'opened sensor tab'}}
INFO:root:1721934862.384087,ID:1010,STAGE:4,SEQUENCE:1243,DATA:{'time': 1721934862.378, 'user-id': '1010', 'source': 'HAI Interface', 'destination-index': '19', 'study-stage': '4', 'decision-state': 0, 'vitals-state': '0', 'airspace-state': 0, 'data': {'page': 'emergency', 'action': 'trying to change destination to19'}}
INFO:root:1721934867.300734,ID:1010,STAGE:4,SEQUENCE:1243,DATA:{'time': 1721934867.294, 'user-id': '1010', 'source': 'HAI Interface', 'destination-index': '19', 'study-stage': '4', 'decision-state': 0, 'vitals-state': '0', 'airspace-state': 0, 'data': {'page': 'emergency', 'action': 'trying to change destination to19'}}
INFO:root:1721934872.33435,ID:1010,STAGE:4,SEQUENCE:1243,DATA:{'time': 1721934872.329, 'user-id': '1010', 'source': 'HAI Interface', 'destination-index': '19', 'study-stage': '4', 'decision-state': 0, 'vitals-state': '0', 'airspace-state': 0, 'data': {'page': 'emergency', 'action': 'trying to change destination to19'}}
INFO:root:1721934872.452749,ID:1010,STAGE:4,SEQUENCE:1243,DATA:{'time': 1721934872.444, 'user-id': 'none', 'source': 'HAI Interface', 'destination-index': 3, 'study-stage': -1, 'decision-state': 0, 'vitals-state': 0, 'airspace-state': 0, 'data': {'page': 'checklist', 'action': 'opened page', 'inflight': True}}
INFO:root:1721934873.418157,ID:1010,STAGE:4,SEQUENCE:1243,DATA:{'time': 1721934873.413, 'user-id': '1010', 'source': 'HAI Interface', 'destination-index': '19', 'study-stage': '4', 'decision-state': 0, 'vitals-state': '0', 'airspace-state': 0, 'data': {'page': 'map', 'action': 'selected helipad', 'value': '21'}}
INFO:root:1721934874.302928,ID:1010,STAGE:4,SEQUENCE:1243,DATA:{'time': 1721934874.299, 'user-id': '1010', 'source': 'HAI Interface', 'destination-index': '19', 'study-stage': '4', 'decision-state': 0, 'vitals-state': '0', 'airspace-state': 0, 'data': {'page': 'checklist', 'action': 'toggled checkbox', 'inflight': True, 'item': 0, 'value': 'OFF'}}
INFO:root:1721934875.903422,ID:1010,STAGE:4,SEQUENCE:1243,DATA:{'time': 1721934875.899, 'user-id': '1010', 'source': 'HAI Interface', 'destination-index': '19', 'study-stage': '4', 'decision-state': 0, 'vitals-state': '0', 'airspace-state': 0, 'data': {'page': 'checklist', 'action': 'toggled checkbox', 'inflight': True, 'item': 1, 'value': 'OFF'}}
INFO:root:1721934876.556297,ID:1010,STAGE:4,SEQUENCE:1243,DATA:{'time': 1721934876.553, 'user-id': '1010', 'source': 'HAI Interface', 'destination-index': '19', 'study-stage': '4', 'decision-state': 0, 'vitals-state': '0', 'airspace-state': 0, 'data': {'page': 'checklist', 'action': 'toggled checkbox', 'inflight': True, 'item': 2, 'value': 'OFF'}}
INFO:root:1721934876.558292,ID:1010,STAGE:4,SEQUENCE:1243,DATA:{'time': 1721934876.553, 'user-id': '1010', 'source': 'HAI Interface', 'destination-index': '19', 'study-stage': '4', 'decision-state': 0, 'vitals-state': '0', 'airspace-state': 0, 'data': {'page': 'checklist', 'action': 'showing confirm button', 'inflight': True}}
INFO:root:1721934877.033162,ID:1010,STAGE:4,SEQUENCE:1243,DATA:{'time': 1721934877.03, 'user-id': '1010', 'source': 'HAI Interface', 'destination-index': '19', 'study-stage': '4', 'decision-state': 0, 'vitals-state': '0', 'airspace-state': 0, 'data': {'page': 'checklist', 'action': 'confirm button clicked', 'inflight': True}}
INFO:root:1721934877.308613,ID:1010,STAGE:4,SEQUENCE:1243,DATA:{'time': 1721934877.289, 'user-id': 'none', 'source': 'HAI Interface', 'destination-index': 3, 'study-stage': -1, 'decision-state': 0, 'vitals-state': 0, 'airspace-state': 0, 'data': {'page': 'landing-confirmation', 'action': 'opened page'}}
INFO:root:1721934877.311853,ID:1010,STAGE:4,SEQUENCE:1243,DATA:{'time': 1721934877.29, 'user-id': 'none', 'source': 'HAI Interface', 'destination-index': 3, 'study-stage': -1, 'decision-state': 0, 'vitals-state': 0, 'airspace-state': 0, 'data': {'page': 'landing-confirmation', 'action': 'showing helipad confirm', 'value': 1}}
INFO:root:1721934877.982296,ID:1010,STAGE:4,SEQUENCE:1243,DATA:{'time': 1721934877.978, 'user-id': '1010', 'source': 'HAI Interface', 'destination-index': '19', 'study-stage': '4', 'decision-state': 0, 'vitals-state': '0', 'airspace-state': 0, 'data': {'page': 'landing-confirmation', 'action': 'checkbox toggle', 'item': 0, 'value': 'ON'}}
INFO:root:1721934878.262169,ID:1010,STAGE:4,SEQUENCE:1243,DATA:{'time': 1721934878.258, 'user-id': '1010', 'source': 'HAI Interface', 'destination-index': '19', 'study-stage': '4', 'decision-state': 0, 'vitals-state': '0', 'airspace-state': 0, 'data': {'page': 'map', 'action': 'selected helipad', 'value': '21'}}
INFO:root:1721934878.336136,ID:1010,STAGE:4,SEQUENCE:1243,DATA:{'time': 1721934878.333, 'user-id': '1010', 'source': 'HAI Interface', 'destination-index': '19', 'study-stage': '4', 'decision-state': 0, 'vitals-state': '0', 'airspace-state': 0, 'data': {'page': 'landing-confirmation', 'action': 'checkbox toggle', 'item': 1, 'value': 'ON'}}
INFO:root:1721934878.817743,ID:1010,STAGE:4,SEQUENCE:1243,DATA:{'time': 1721934878.814, 'user-id': '1010', 'source': 'HAI Interface', 'destination-index': '19', 'study-stage': '4', 'decision-state': 0, 'vitals-state': '0', 'airspace-state': 0, 'data': {'page': 'landing-confirmation', 'action': 'confirmed safe to land'}}
INFO:root:1721934878.81874,ID:1010,STAGE:4,SEQUENCE:1243,DATA:{'time': 1721934878.814, 'user-id': '1010', 'source': 'HAI Interface', 'destination-index': '19', 'study-stage': '4', 'decision-state': 0, 'vitals-state': '0', 'airspace-state': 0, 'data': {'page': 'landing-confirmation', 'action': 'showing helipad ready'}}
INFO:root:1721934879.804461,ID:1010,STAGE:4,SEQUENCE:1243,DATA:{'time': 1721934879.801, 'user-id': '1010', 'source': 'HAI Interface', 'destination-index': '19', 'study-stage': '4', 'decision-state': 0, 'vitals-state': '0', 'airspace-state': 0, 'data': {'page': 'landing-confirmation', 'action': 'gave landing confirmation'}}
INFO:root:1721934879.933722,ID:1010,STAGE:4,SEQUENCE:1243,DATA:{'time': 1721934879.915, 'user-id': 'none', 'source': 'HAI Interface', 'destination-index': 3, 'study-stage': -1, 'decision-state': 0, 'vitals-state': 0, 'airspace-state': 0, 'data': {'page': 'landing-countdown', 'action': 'opened page'}}
INFO:root:1721934880.889136,ID:1010,STAGE:4,SEQUENCE:1243,DATA:{'time': 1721934880.885, 'user-id': '1010', 'source': 'HAI Interface', 'destination-index': '19', 'study-stage': '4', 'decision-state': '1', 'vitals-state': '0', 'airspace-state': 0, 'data': {'page': 'map', 'action': 'selected helipad', 'value': '21'}}
INFO:root:1721934880.92608,ID:1010,STAGE:4,SEQUENCE:1243,DATA:{'time': 1721934880.923, 'user-id': '1010', 'source': 'HAI Interface', 'destination-index': '19', 'study-stage': '4', 'decision-state': '1', 'vitals-state': '0', 'airspace-state': 0, 'data': {'page': 'landing-countdown', 'action': 'countdown changed', 'value': 5}}
INFO:root:1721934881.928311,ID:1010,STAGE:4,SEQUENCE:1243,DATA:{'time': 1721934881.924, 'user-id': '1010', 'source': 'HAI Interface', 'destination-index': '19', 'study-stage': '4', 'decision-state': '1', 'vitals-state': '0', 'airspace-state': 0, 'data': {'page': 'landing-countdown', 'action': 'countdown changed', 'value': 4}}
INFO:root:1721934882.925586,ID:1010,STAGE:4,SEQUENCE:1243,DATA:{'time': 1721934882.921, 'user-id': '1010', 'source': 'HAI Interface', 'destination-index': '19', 'study-stage': '4', 'decision-state': '1', 'vitals-state': '0', 'airspace-state': 0, 'data': {'page': 'landing-countdown', 'action': 'countdown changed', 'value': 3}}
INFO:root:1721934883.927774,ID:1010,STAGE:4,SEQUENCE:1243,DATA:{'time': 1721934883.924, 'user-id': '1010', 'source': 'HAI Interface', 'destination-index': '19', 'study-stage': '4', 'decision-state': '1', 'vitals-state': '0', 'airspace-state': 0, 'data': {'page': 'landing-countdown', 'action': 'countdown changed', 'value': 2}}
INFO:root:1721934884.920298,ID:1010,STAGE:4,SEQUENCE:1243,DATA:{'time': 1721934884.916, 'user-id': '1010', 'source': 'HAI Interface', 'destination-index': '19', 'study-stage': '4', 'decision-state': '1', 'vitals-state': '0', 'airspace-state': 0, 'data': {'page': 'landing-countdown', 'action': 'countdown changed', 'value': 1}}
INFO:root:1721934885.921644,ID:1010,STAGE:4,SEQUENCE:1243,DATA:{'time': 1721934885.916, 'user-id': '1010', 'source': 'HAI Interface', 'destination-index': '19', 'study-stage': '4', 'decision-state': '1', 'vitals-state': '0', 'airspace-state': 0, 'data': {'page': 'landing-countdown', 'action': 'countdown changed', 'value': 0}}
INFO:root:1721934886.923143,ID:1010,STAGE:4,SEQUENCE:1243,DATA:{'time': 1721934886.918, 'user-id': '1010', 'source': 'HAI Interface', 'destination-index': '19', 'study-stage': '4', 'decision-state': '1', 'vitals-state': '0', 'airspace-state': 0, 'data': {'page': 'landing-countdown', 'action': 'countdown complete'}}
INFO:root:1721934887.054244,ID:1010,STAGE:4,SEQUENCE:1243,DATA:{'time': 1721934887.033, 'user-id': 'none', 'source': 'HAI Interface', 'destination-index': 3, 'study-stage': -1, 'decision-state': 0, 'vitals-state': 0, 'airspace-state': 0, 'data': {'page': 'landed', 'action': 'opened page'}}
INFO:root:1721934888.004315,ID:1010,STAGE:4,SEQUENCE:1243,DATA:{'time': 1721934888, 'user-id': '1010', 'source': 'HAI Interface', 'destination-index': '19', 'study-stage': '4', 'decision-state': '1', 'vitals-state': '0', 'airspace-state': 0, 'data': {'page': 'map', 'action': 'selected helipad', 'value': '21'}}
INFO:root:Inflight Radio Update asked
INFO:root:sent request to set radio update complete
INFO:SimConnect.SimConnect:SIM Paused
INFO:SimConnect.SimConnect:SIM Stop
INFO:SimConnect.SimConnect:SIM Paused
INFO:SimConnect.SimConnect:SIM START
INFO:SimConnect.SimConnect:SIM Unpaused
