INFO:root:1723388781.684631,ID:1019,STAGE:1,SEQUENCE:1324,DATA:{'time': 1723388781.681, 'user-id': '1019', 'source': 'HAI Interface', 'destination-index': 'None', 'study-stage': '1', 'decision-state': 0, 'vitals-state': 0, 'airspace-state': 0, 'data': {'page': 'index', 'action': 'confirm button pressed'}}
INFO:root:1723388781.787359,ID:1019,STAGE:1,SEQUENCE:1324,DATA:{'time': 1723388781.778, 'user-id': 'none', 'source': 'HAI Interface', 'destination-index': 3, 'study-stage': -1, 'decision-state': 0, 'vitals-state': 0, 'airspace-state': 0, 'data': {'page': 'location', 'action': 'opened page'}}
INFO:root:Takeoff radiocomms initiated
INFO:comtypes.client._code_cache:Imported existing <module 'comtypes.gen' from 'C:\\Users\\ae-dagbeyibor3\\AppData\\Local\\Programs\\Python\\Python312\\Lib\\site-packages\\comtypes\\gen\\__init__.py'>
INFO:comtypes.client._code_cache:Using writeable comtypes cache directory: 'C:\Users\ae-dagbeyibor3\AppData\Local\Programs\Python\Python312\Lib\site-packages\comtypes\gen'
INFO:root:1723388782.748177,ID:1019,STAGE:1,SEQUENCE:1324,DATA:{'time': 1723388782.745, 'user-id': '1019', 'source': 'HAI Interface', 'destination-index': 'None', 'study-stage': '1', 'decision-state': 0, 'vitals-state': 0, 'airspace-state': 0, 'data': {'page': 'map', 'action': 'selected helipad', 'value': '21'}}
INFO:root:Takeoff radiocomms clear request sent
INFO:root:1723388801.726906,ID:1019,STAGE:1,SEQUENCE:1324,DATA:{'time': 1723388801.724, 'user-id': '1019', 'source': 'HAI Interface', 'destination-index': 'None', 'study-stage': '1', 'decision-state': 0, 'vitals-state': 0, 'airspace-state': 0, 'data': {'page': 'location', 'action': 'confirm button pressed'}}
INFO:root:1723388801.981112,ID:1019,STAGE:1,SEQUENCE:1324,DATA:{'time': 1723388801.969, 'user-id': 'none', 'source': 'HAI Interface', 'destination-index': 3, 'study-stage': -1, 'decision-state': 0, 'vitals-state': 0, 'airspace-state': 0, 'data': {'page': 'checklist', 'action': 'opened page', 'inflight': False}}
INFO:root:1723388802.946546,ID:1019,STAGE:1,SEQUENCE:1324,DATA:{'time': 1723388802.943, 'user-id': '1019', 'source': 'HAI Interface', 'destination-index': '3', 'study-stage': '1', 'decision-state': 0, 'vitals-state': 0, 'airspace-state': 0, 'data': {'page': 'map', 'action': 'selected helipad', 'value': '21'}}
INFO:root:1723388821.849835,ID:1019,STAGE:1,SEQUENCE:1324,DATA:{'time': 1723388821.846, 'user-id': '1019', 'source': 'HAI Interface', 'destination-index': '3', 'study-stage': '1', 'decision-state': 0, 'vitals-state': 0, 'airspace-state': 0, 'data': {'page': 'checklist', 'action': 'toggled checkbox', 'inflight': False, 'item': 0, 'value': 'OFF'}}
INFO:root:1723388839.67226,ID:1019,STAGE:1,SEQUENCE:1324,DATA:{'time': 1723388839.669, 'user-id': '1019', 'source': 'HAI Interface', 'destination-index': '3', 'study-stage': '1', 'decision-state': 0, 'vitals-state': 0, 'airspace-state': 0, 'data': {'page': 'checklist', 'action': 'toggled checkbox', 'inflight': False, 'item': 1, 'value': 'OFF'}}
INFO:root:1723388840.585433,ID:1019,STAGE:1,SEQUENCE:1324,DATA:{'time': 1723388840.582, 'user-id': '1019', 'source': 'HAI Interface', 'destination-index': '3', 'study-stage': '1', 'decision-state': 0, 'vitals-state': 0, 'airspace-state': 0, 'data': {'page': 'checklist', 'action': 'toggled checkbox', 'inflight': False, 'item': 2, 'value': 'OFF'}}
INFO:root:1723388840.587642,ID:1019,STAGE:1,SEQUENCE:1324,DATA:{'time': 1723388840.583, 'user-id': '1019', 'source': 'HAI Interface', 'destination-index': '3', 'study-stage': '1', 'decision-state': 0, 'vitals-state': 0, 'airspace-state': 0, 'data': {'page': 'checklist', 'action': 'showing confirm button', 'inflight': False}}
INFO:root:1723388841.727376,ID:1019,STAGE:1,SEQUENCE:1324,DATA:{'time': 1723388841.723, 'user-id': '1019', 'source': 'HAI Interface', 'destination-index': '3', 'study-stage': '1', 'decision-state': 0, 'vitals-state': 0, 'airspace-state': 0, 'data': {'page': 'checklist', 'action': 'confirm button clicked', 'inflight': False}}
INFO:root:1723388841.822535,ID:1019,STAGE:1,SEQUENCE:1324,DATA:{'time': 1723388841.811, 'user-id': 'none', 'source': 'HAI Interface', 'destination-index': 3, 'study-stage': -1, 'decision-state': 0, 'vitals-state': 0, 'airspace-state': 0, 'data': {'page': 'countdown', 'action': 'opened page'}}
INFO:root:1723388842.790674,ID:1019,STAGE:1,SEQUENCE:1324,DATA:{'time': 1723388842.787, 'user-id': '1019', 'source': 'HAI Interface', 'destination-index': '3', 'study-stage': '1', 'decision-state': 0, 'vitals-state': 0, 'airspace-state': 0, 'data': {'page': 'map', 'action': 'selected helipad', 'value': '21'}}
INFO:root:1723388842.816,ID:1019,STAGE:1,SEQUENCE:1324,DATA:{'time': 1723388842.813, 'user-id': '1019', 'source': 'HAI Interface', 'destination-index': '3', 'study-stage': '1', 'decision-state': 0, 'vitals-state': 0, 'airspace-state': 0, 'data': {'page': 'countdown', 'action': 'countdown now 4'}}
INFO:root:1723388843.822293,ID:1019,STAGE:1,SEQUENCE:1324,DATA:{'time': 1723388843.82, 'user-id': '1019', 'source': 'HAI Interface', 'destination-index': '3', 'study-stage': '1', 'decision-state': 0, 'vitals-state': 0, 'airspace-state': 0, 'data': {'page': 'countdown', 'action': 'countdown now 3'}}
INFO:root:1723388844.820473,ID:1019,STAGE:1,SEQUENCE:1324,DATA:{'time': 1723388844.817, 'user-id': '1019', 'source': 'HAI Interface', 'destination-index': '3', 'study-stage': '1', 'decision-state': 0, 'vitals-state': 0, 'airspace-state': 0, 'data': {'page': 'countdown', 'action': 'countdown now 2'}}
INFO:root:1723388845.823282,ID:1019,STAGE:1,SEQUENCE:1324,DATA:{'time': 1723388845.82, 'user-id': '1019', 'source': 'HAI Interface', 'destination-index': '3', 'study-stage': '1', 'decision-state': 0, 'vitals-state': 0, 'airspace-state': 0, 'data': {'page': 'countdown', 'action': 'countdown now 1'}}
INFO:root:1723388846.815064,ID:1019,STAGE:1,SEQUENCE:1324,DATA:{'time': 1723388846.812, 'user-id': '1019', 'source': 'HAI Interface', 'destination-index': '3', 'study-stage': '1', 'decision-state': 0, 'vitals-state': 0, 'airspace-state': 0, 'data': {'page': 'countdown', 'action': 'countdown now 0'}}
INFO:root:1723388847.819903,ID:1019,STAGE:1,SEQUENCE:1324,DATA:{'time': 1723388847.817, 'user-id': '1019', 'source': 'HAI Interface', 'destination-index': '3', 'study-stage': '1', 'decision-state': 0, 'vitals-state': 0, 'airspace-state': 0, 'data': {'page': 'countdown', 'action': 'countdown complete'}}
INFO:root:1723388849.120759,ID:1019,STAGE:1,SEQUENCE:1324,DATA:{'time': 1723388849.113, 'user-id': '1019', 'source': 'HAI Interface', 'destination-index': '3', 'study-stage': '1', 'decision-state': 0, 'vitals-state': 0, 'airspace-state': 0, 'data': {'page': 'map', 'action': 'selected helipad', 'value': '21'}}
INFO:root:1723388853.338823,ID:1019,STAGE:1,SEQUENCE:1324,DATA:{'time': 1723388853.334, 'user-id': '1019', 'source': 'HAI Interface', 'destination-index': '3', 'study-stage': '1', 'decision-state': 0, 'vitals-state': 0, 'airspace-state': 0, 'data': {'page': 'emergency', 'action': 'trying to change destination to100'}}
INFO:root:Inflight Radio Update asked
INFO:root:sent request to set radio update complete
INFO:root:1723388858.28454,ID:1019,STAGE:1,SEQUENCE:1324,DATA:{'time': 1723388858.28, 'user-id': '1019', 'source': 'HAI Interface', 'destination-index': '3', 'study-stage': '1', 'decision-state': 0, 'vitals-state': 0, 'airspace-state': 0, 'data': {'page': 'emergency', 'action': 'trying to change destination to19'}}
INFO:root:1723388863.322061,ID:1019,STAGE:1,SEQUENCE:1324,DATA:{'time': 1723388863.317, 'user-id': '1019', 'source': 'HAI Interface', 'destination-index': '3', 'study-stage': '1', 'decision-state': 0, 'vitals-state': 0, 'airspace-state': 0, 'data': {'page': 'emergency', 'action': 'trying to change destination to19'}}
INFO:root:1723388868.277517,ID:1019,STAGE:1,SEQUENCE:1324,DATA:{'time': 1723388868.275, 'user-id': '1019', 'source': 'HAI Interface', 'destination-index': '3', 'study-stage': '1', 'decision-state': 0, 'vitals-state': 0, 'airspace-state': 0, 'data': {'page': 'emergency', 'action': 'trying to change destination to19'}}
INFO:root:1723388873.273054,ID:1019,STAGE:1,SEQUENCE:1324,DATA:{'time': 1723388873.269, 'user-id': '1019', 'source': 'HAI Interface', 'destination-index': '3', 'study-stage': '1', 'decision-state': 0, 'vitals-state': 0, 'airspace-state': 0, 'data': {'page': 'emergency', 'action': 'trying to change destination to19'}}
INFO:root:1723388878.316826,ID:1019,STAGE:1,SEQUENCE:1324,DATA:{'time': 1723388878.313, 'user-id': '1019', 'source': 'HAI Interface', 'destination-index': '3', 'study-stage': '1', 'decision-state': 0, 'vitals-state': 0, 'airspace-state': 0, 'data': {'page': 'emergency', 'action': 'trying to change destination to19'}}
INFO:root:1723388883.274949,ID:1019,STAGE:1,SEQUENCE:1324,DATA:{'time': 1723388883.27, 'user-id': '1019', 'source': 'HAI Interface', 'destination-index': '3', 'study-stage': '1', 'decision-state': 0, 'vitals-state': 0, 'airspace-state': 0, 'data': {'page': 'emergency', 'action': 'trying to change destination to19'}}
INFO:root:1723388887.370723,ID:1019,STAGE:1,SEQUENCE:1324,DATA:{'time': 1723388887.367, 'user-id': '1019', 'source': 'HAI Interface', 'destination-index': '3', 'study-stage': '1', 'decision-state': 0, 'vitals-state': 0, 'airspace-state': 0, 'data': {'action': 'radio panel opened'}}
INFO:root:1723388888.320722,ID:1019,STAGE:1,SEQUENCE:1324,DATA:{'time': 1723388888.316, 'user-id': '1019', 'source': 'HAI Interface', 'destination-index': '3', 'study-stage': '1', 'decision-state': 0, 'vitals-state': 0, 'airspace-state': 0, 'data': {'page': 'emergency', 'action': 'trying to change destination to19'}}
INFO:root:1723388893.309235,ID:1019,STAGE:1,SEQUENCE:1324,DATA:{'time': 1723388893.303, 'user-id': '1019', 'source': 'HAI Interface', 'destination-index': '3', 'study-stage': '1', 'decision-state': 0, 'vitals-state': 0, 'airspace-state': 0, 'data': {'page': 'emergency', 'action': 'trying to change destination to19'}}
INFO:root:1723388898.304143,ID:1019,STAGE:1,SEQUENCE:1324,DATA:{'time': 1723388898.3, 'user-id': '1019', 'source': 'HAI Interface', 'destination-index': '3', 'study-stage': '1', 'decision-state': 0, 'vitals-state': 0, 'airspace-state': 0, 'data': {'page': 'emergency', 'action': 'trying to change destination to19'}}
INFO:root:1723388899.903317,ID:1019,STAGE:1,SEQUENCE:1324,DATA:{'time': 1723388899.9, 'user-id': '1019', 'source': 'HAI Interface', 'destination-index': '3', 'study-stage': '1', 'decision-state': 0, 'vitals-state': 0, 'airspace-state': 0, 'data': {'action': 'transmit button pressed'}}
INFO:root:1723388899.907306,ID:1019,STAGE:1,SEQUENCE:1324,DATA:{'time': 1723388899.901, 'user-id': '1019', 'source': 'HAI Interface', 'destination-index': '3', 'study-stage': '1', 'decision-state': 0, 'vitals-state': 0, 'airspace-state': 0, 'data': {'action': 'callsign set to: + NASXGS'}}
INFO:root:1723388899.908303,ID:1019,STAGE:1,SEQUENCE:1324,DATA:{'time': 1723388899.901, 'user-id': '1019', 'source': 'HAI Interface', 'destination-index': '3', 'study-stage': '1', 'decision-state': 0, 'vitals-state': 0, 'airspace-state': 0, 'data': {'action': 'radio set to:Comm1'}}
INFO:root:1723388899.908303,ID:1019,STAGE:1,SEQUENCE:1324,DATA:{'time': 1723388899.901, 'user-id': '1019', 'source': 'HAI Interface', 'destination-index': '3', 'study-stage': '1', 'decision-state': 0, 'vitals-state': 0, 'airspace-state': 0, 'data': {'page': 'map', 'action': 'show map'}}
INFO:root:1723388899.911037,ID:1019,STAGE:1,SEQUENCE:1324,DATA:{'time': 1723388899.902, 'user-id': '1019', 'source': 'HAI Interface', 'destination-index': '3', 'study-stage': '1', 'decision-state': 0, 'vitals-state': 0, 'airspace-state': 0, 'data': {'page': 'map', 'action': 'selected helipad', 'value': '21'}}
INFO:root:1723388899.915026,ID:1019,STAGE:1,SEQUENCE:1324,DATA:{'time': 1723388899.907, 'user-id': '1019', 'source': 'HAI Interface', 'destination-index': '3', 'study-stage': '1', 'decision-state': 0, 'vitals-state': 0, 'airspace-state': 0, 'data': {'action': 'NASXGStransmitting updates onComm1123.45 MHz'}}
INFO:root:1723388902.251722,ID:1019,STAGE:1,SEQUENCE:1324,DATA:{'time': 1723388902.248, 'user-id': '1019', 'source': 'HAI Interface', 'destination-index': '3', 'study-stage': '1', 'decision-state': 0, 'vitals-state': 0, 'airspace-state': 0, 'data': {'page': 'inflight', 'action': 'displaying vitals prompt'}}
INFO:root:1723388903.243986,ID:1019,STAGE:1,SEQUENCE:1324,DATA:{'time': 1723388903.24, 'user-id': '1019', 'source': 'HAI Interface', 'destination-index': '3', 'study-stage': '1', 'decision-state': 0, 'vitals-state': 0, 'airspace-state': 0, 'data': {'page': 'emergency', 'action': 'trying to change destination to19'}}
INFO:root:1723388908.302919,ID:1019,STAGE:1,SEQUENCE:1324,DATA:{'time': 1723388908.299, 'user-id': '1019', 'source': 'HAI Interface', 'destination-index': '3', 'study-stage': '1', 'decision-state': 0, 'vitals-state': 0, 'airspace-state': 0, 'data': {'page': 'emergency', 'action': 'trying to change destination to19'}}
INFO:root:1723388913.262936,ID:1019,STAGE:1,SEQUENCE:1324,DATA:{'time': 1723388913.258, 'user-id': '1019', 'source': 'HAI Interface', 'destination-index': '3', 'study-stage': '1', 'decision-state': 0, 'vitals-state': 0, 'airspace-state': 0, 'data': {'page': 'emergency', 'action': 'trying to change destination to19'}}
INFO:root:1723388918.283993,ID:1019,STAGE:1,SEQUENCE:1324,DATA:{'time': 1723388918.28, 'user-id': '1019', 'source': 'HAI Interface', 'destination-index': '3', 'study-stage': '1', 'decision-state': 0, 'vitals-state': 0, 'airspace-state': 0, 'data': {'page': 'emergency', 'action': 'trying to change destination to19'}}
INFO:root:1723388923.304555,ID:1019,STAGE:1,SEQUENCE:1324,DATA:{'time': 1723388923.299, 'user-id': '1019', 'source': 'HAI Interface', 'destination-index': '3', 'study-stage': '1', 'decision-state': 0, 'vitals-state': 0, 'airspace-state': 0, 'data': {'page': 'emergency', 'action': 'trying to change destination to19'}}
INFO:root:1723388928.302299,ID:1019,STAGE:1,SEQUENCE:1324,DATA:{'time': 1723388928.293, 'user-id': '1019', 'source': 'HAI Interface', 'destination-index': '3', 'study-stage': '1', 'decision-state': 0, 'vitals-state': 0, 'airspace-state': 0, 'data': {'page': 'emergency', 'action': 'trying to change destination to19'}}
INFO:root:1723388933.339519,ID:1019,STAGE:1,SEQUENCE:1324,DATA:{'time': 1723388933.335, 'user-id': '1019', 'source': 'HAI Interface', 'destination-index': '3', 'study-stage': '1', 'decision-state': 0, 'vitals-state': 0, 'airspace-state': 0, 'data': {'page': 'emergency', 'action': 'trying to change destination to19'}}
INFO:SimConnect.SimConnect:SIM OPEN
INFO:root:1723388938.324986,ID:1019,STAGE:1,SEQUENCE:1324,DATA:{'time': 1723388938.318, 'user-id': '1019', 'source': 'HAI Interface', 'destination-index': '3', 'study-stage': '1', 'decision-state': 0, 'vitals-state': 0, 'airspace-state': 0, 'data': {'page': 'emergency', 'action': 'trying to change destination to19'}}
INFO:root:1723388943.324019,ID:1019,STAGE:1,SEQUENCE:1324,DATA:{'time': 1723388943.317, 'user-id': '1019', 'source': 'HAI Interface', 'destination-index': '3', 'study-stage': '1', 'decision-state': 0, 'vitals-state': 0, 'airspace-state': 0, 'data': {'page': 'emergency', 'action': 'trying to change destination to19'}}
INFO:root:1723388944.05733,ID:1019,STAGE:1,SEQUENCE:1324,DATA:{'time': 1723388944.04, 'user-id': '1019', 'source': 'HAI Interface', 'destination-index': '3', 'study-stage': '1', 'decision-state': 0, 'vitals-state': 0, 'airspace-state': 0, 'data': {'page': 'map', 'action': 'hide map'}}
INFO:root:1723388948.341916,ID:1019,STAGE:1,SEQUENCE:1324,DATA:{'time': 1723388948.336, 'user-id': '1019', 'source': 'HAI Interface', 'destination-index': '3', 'study-stage': '1', 'decision-state': 0, 'vitals-state': 0, 'airspace-state': 0, 'data': {'page': 'emergency', 'action': 'trying to change destination to19'}}
INFO:root:1723388951.624288,ID:1019,STAGE:1,SEQUENCE:1324,DATA:{'time': 1723388951.62, 'source': 'VitalsTask', 'timer': 1947.264, 'data': {'sensor': 'Heart Rate', 'action': 'opened sensor tab'}}
INFO:root:1723388953.323639,ID:1019,STAGE:1,SEQUENCE:1324,DATA:{'time': 1723388953.317, 'user-id': '1019', 'source': 'HAI Interface', 'destination-index': '3', 'study-stage': '1', 'decision-state': 0, 'vitals-state': 0, 'airspace-state': 0, 'data': {'page': 'emergency', 'action': 'trying to change destination to19'}}
INFO:root:1723388954.607111,ID:1019,STAGE:1,SEQUENCE:1324,DATA:{'time': 1723388954.601, 'source': 'VitalsTask', 'timer': 1950.245, 'data': {'sensor': 'Heart Rate', 'action': 'capture', 'data': 'action button pressed'}}
INFO:root:1723388954.613096,ID:1019,STAGE:1,SEQUENCE:1324,DATA:{'time': 1723388954.602, 'source': 'VitalsTask', 'timer': 1950.246, 'data': {'sensor': 'Heart Rate', 'action': 'capture', 'data': 'starting sensor action'}}
INFO:root:Inflight Radio Update asked
INFO:root:sent request to set radio update complete
INFO:root:1723388955.618314,ID:1019,STAGE:1,SEQUENCE:1324,DATA:{'time': 1723388955.614, 'source': 'VitalsTask', 'timer': 1951.258, 'data': {'sensor': 'Heart Rate', 'action': 'capture', 'data': 'sensor action complete'}}
INFO:root:1723388955.620158,ID:1019,STAGE:1,SEQUENCE:1324,DATA:{'time': 1723388955.615, 'source': 'VitalsTask', 'timer': 1951.259, 'data': {'sensor': 'Heart Rate', 'action': 'keypad open'}}
INFO:root:1723388958.302842,ID:1019,STAGE:1,SEQUENCE:1324,DATA:{'time': 1723388958.297, 'user-id': '1019', 'source': 'HAI Interface', 'destination-index': '3', 'study-stage': '1', 'decision-state': 0, 'vitals-state': 0, 'airspace-state': 0, 'data': {'page': 'emergency', 'action': 'trying to change destination to19'}}
INFO:root:1723388958.562071,ID:1019,STAGE:1,SEQUENCE:1324,DATA:{'time': 1723388958.558, 'source': 'VitalsTask', 'timer': 1954.202, 'data': {'sensor': 'Heart Rate', 'action': 'keypad press', 'key': 5, 'value': 5}}
INFO:root:1723388959.177948,ID:1019,STAGE:1,SEQUENCE:1324,DATA:{'time': 1723388959.174, 'source': 'VitalsTask', 'timer': 1954.818, 'data': {'sensor': 'Heart Rate', 'action': 'keypad press', 'key': 5, 'value': 55}}
INFO:root:1723388960.73403,ID:1019,STAGE:1,SEQUENCE:1324,DATA:{'time': 1723388960.73, 'source': 'VitalsTask', 'timer': 1956.374, 'data': {'sensor': 'Heart Rate', 'action': 'show action buttons'}}
INFO:root:1723388960.736025,ID:1019,STAGE:1,SEQUENCE:1324,DATA:{'time': 1723388960.73, 'source': 'VitalsTask', 'timer': 1956.374, 'data': {'sensor': 'Heart Rate', 'action': 'keypad press', 'key': 10, 'value': 55}}
INFO:root:1723388962.334687,ID:1019,STAGE:1,SEQUENCE:1324,DATA:{'time': 1723388962.33, 'source': 'VitalsTask', 'timer': 1957.974, 'data': {'sensor': 'Heart Rate', 'action': 'log', 'data': 'action button pressed'}}
INFO:root:1723388962.336682,ID:1019,STAGE:1,SEQUENCE:1324,DATA:{'time': 1723388962.33, 'source': 'VitalsTask', 'timer': 1957.974, 'data': {'sensor': 'Heart Rate', 'action': 'log', 'data': 'starting sensor action'}}
INFO:root:1723388963.337395,ID:1019,STAGE:1,SEQUENCE:1324,DATA:{'time': 1723388963.33, 'user-id': '1019', 'source': 'HAI Interface', 'destination-index': '3', 'study-stage': '1', 'decision-state': 0, 'vitals-state': 0, 'airspace-state': 0, 'data': {'page': 'emergency', 'action': 'trying to change destination to19'}}
INFO:root:1723388963.348358,ID:1019,STAGE:1,SEQUENCE:1324,DATA:{'time': 1723388963.342, 'source': 'VitalsTask', 'timer': 1958.986, 'data': {'sensor': 'Heart Rate', 'action': 'log', 'data': 'sensor action complete'}}
INFO:root:1723388964.418538,ID:1019,STAGE:1,SEQUENCE:1324,DATA:{'time': 1723388964.413, 'source': 'VitalsTask', 'timer': 1960.057, 'data': {'sensor': 'Heart Rate', 'action': 'save', 'data': 'action button pressed'}}
INFO:root:1723388964.420538,ID:1019,STAGE:1,SEQUENCE:1324,DATA:{'time': 1723388964.414, 'source': 'VitalsTask', 'timer': 1960.058, 'data': {'sensor': 'Heart Rate', 'action': 'save', 'data': 'starting sensor action'}}
INFO:root:1723388965.442151,ID:1019,STAGE:1,SEQUENCE:1324,DATA:{'time': 1723388965.437, 'source': 'VitalsTask', 'timer': 1961.081, 'data': {'sensor': 'Heart Rate', 'action': 'save', 'data': 'sensor action complete'}}
INFO:root:1723388966.577511,ID:1019,STAGE:1,SEQUENCE:1324,DATA:{'time': 1723388966.574, 'source': 'VitalsTask', 'timer': 1962.218, 'data': {'sensor': 'O\u2082 Saturation', 'action': 'opened sensor tab'}}
INFO:root:1723388968.320379,ID:1019,STAGE:1,SEQUENCE:1324,DATA:{'time': 1723388968.314, 'user-id': '1019', 'source': 'HAI Interface', 'destination-index': '3', 'study-stage': '1', 'decision-state': 0, 'vitals-state': 0, 'airspace-state': 0, 'data': {'page': 'emergency', 'action': 'trying to change destination to19'}}
INFO:root:1723388968.993294,ID:1019,STAGE:1,SEQUENCE:1324,DATA:{'time': 1723388968.99, 'source': 'VitalsTask', 'timer': 1964.634, 'data': {'sensor': 'O\u2082 Saturation', 'action': 'capture', 'data': 'action button pressed'}}
INFO:root:1723388968.995288,ID:1019,STAGE:1,SEQUENCE:1324,DATA:{'time': 1723388968.99, 'source': 'VitalsTask', 'timer': 1964.634, 'data': {'sensor': 'O\u2082 Saturation', 'action': 'capture', 'data': 'starting sensor action'}}
INFO:root:1723388970.007099,ID:1019,STAGE:1,SEQUENCE:1324,DATA:{'time': 1723388970.004, 'source': 'VitalsTask', 'timer': 1965.648, 'data': {'sensor': 'O\u2082 Saturation', 'action': 'capture', 'data': 'sensor action complete'}}
INFO:root:1723388970.010156,ID:1019,STAGE:1,SEQUENCE:1324,DATA:{'time': 1723388970.006, 'source': 'VitalsTask', 'timer': 1965.65, 'data': {'sensor': 'O\u2082 Saturation', 'action': 'keypad open'}}
INFO:root:1723388971.612952,ID:1019,STAGE:1,SEQUENCE:1324,DATA:{'time': 1723388971.608, 'source': 'VitalsTask', 'timer': 1967.252, 'data': {'sensor': 'O\u2082 Saturation', 'action': 'keypad press', 'key': 1, 'value': 1}}
INFO:root:1723388973.030146,ID:1019,STAGE:1,SEQUENCE:1324,DATA:{'time': 1723388973.026, 'source': 'VitalsTask', 'timer': 1968.67, 'data': {'sensor': 'O\u2082 Saturation', 'action': 'keypad press', 'key': 11, 'value': 10}}
INFO:root:1723388973.357418,ID:1019,STAGE:1,SEQUENCE:1324,DATA:{'time': 1723388973.352, 'user-id': '1019', 'source': 'HAI Interface', 'destination-index': '3', 'study-stage': '1', 'decision-state': 0, 'vitals-state': 0, 'airspace-state': 0, 'data': {'page': 'emergency', 'action': 'trying to change destination to19'}}
INFO:root:1723388974.085771,ID:1019,STAGE:1,SEQUENCE:1324,DATA:{'time': 1723388974.082, 'source': 'VitalsTask', 'timer': 1969.726, 'data': {'sensor': 'O\u2082 Saturation', 'action': 'keypad press', 'key': 11, 'value': 100}}
INFO:root:1723388975.203028,ID:1019,STAGE:1,SEQUENCE:1324,DATA:{'time': 1723388975.199, 'source': 'VitalsTask', 'timer': 1970.843, 'data': {'sensor': 'O\u2082 Saturation', 'action': 'show action buttons'}}
INFO:root:1723388975.205026,ID:1019,STAGE:1,SEQUENCE:1324,DATA:{'time': 1723388975.2, 'source': 'VitalsTask', 'timer': 1970.844, 'data': {'sensor': 'O\u2082 Saturation', 'action': 'keypad press', 'key': 10, 'value': 100}}
INFO:root:1723388978.100366,ID:1019,STAGE:1,SEQUENCE:1324,DATA:{'time': 1723388978.096, 'source': 'VitalsTask', 'timer': 1973.74, 'data': {'sensor': 'O\u2082 Saturation', 'action': 'log', 'data': 'action button pressed'}}
INFO:root:1723388978.103,ID:1019,STAGE:1,SEQUENCE:1324,DATA:{'time': 1723388978.096, 'source': 'VitalsTask', 'timer': 1973.74, 'data': {'sensor': 'O\u2082 Saturation', 'action': 'log', 'data': 'starting sensor action'}}
INFO:root:1723388978.325541,ID:1019,STAGE:1,SEQUENCE:1324,DATA:{'time': 1723388978.319, 'user-id': '1019', 'source': 'HAI Interface', 'destination-index': '3', 'study-stage': '1', 'decision-state': 0, 'vitals-state': 0, 'airspace-state': 0, 'data': {'page': 'emergency', 'action': 'trying to change destination to19'}}
INFO:root:1723388979.110258,ID:1019,STAGE:1,SEQUENCE:1324,DATA:{'time': 1723388979.107, 'source': 'VitalsTask', 'timer': 1974.751, 'data': {'sensor': 'O\u2082 Saturation', 'action': 'log', 'data': 'sensor action complete'}}
INFO:root:1723388980.166093,ID:1019,STAGE:1,SEQUENCE:1324,DATA:{'time': 1723388980.15, 'source': 'VitalsTask', 'timer': 1975.794, 'data': {'sensor': 'O\u2082 Saturation', 'action': 'save', 'data': 'action button pressed'}}
INFO:root:1723388980.168592,ID:1019,STAGE:1,SEQUENCE:1324,DATA:{'time': 1723388980.15, 'source': 'VitalsTask', 'timer': 1975.794, 'data': {'sensor': 'O\u2082 Saturation', 'action': 'save', 'data': 'starting sensor action'}}
INFO:root:1723388981.17019,ID:1019,STAGE:1,SEQUENCE:1324,DATA:{'time': 1723388981.165, 'source': 'VitalsTask', 'timer': 1976.809, 'data': {'sensor': 'O\u2082 Saturation', 'action': 'save', 'data': 'sensor action complete'}}
INFO:root:1723388982.955905,ID:1019,STAGE:1,SEQUENCE:1324,DATA:{'time': 1723388982.952, 'user-id': '1019', 'source': 'HAI Interface', 'destination-index': '3', 'study-stage': '1', 'decision-state': 0, 'vitals-state': 0, 'airspace-state': 0, 'data': {'page': 'inflight', 'action': 'user acknowledged vitals prompt'}}
INFO:root:1723388983.309534,ID:1019,STAGE:1,SEQUENCE:1324,DATA:{'time': 1723388983.304, 'user-id': '1019', 'source': 'HAI Interface', 'destination-index': '3', 'study-stage': '1', 'decision-state': 0, 'vitals-state': 0, 'airspace-state': 0, 'data': {'page': 'emergency', 'action': 'trying to change destination to19'}}
INFO:root:1723388984.954907,ID:1019,STAGE:1,SEQUENCE:1324,DATA:{'time': 1723388984.951, 'source': 'VitalsTask', 'timer': 1980.595, 'data': {'sensor': 'Blood Pressure', 'action': 'opened sensor tab'}}
INFO:root:1723388986.625931,ID:1019,STAGE:1,SEQUENCE:1324,DATA:{'time': 1723388986.62, 'source': 'VitalsTask', 'timer': 1982.264, 'data': {'sensor': 'Blood Pressure', 'action': 'capture', 'data': 'action button pressed'}}
INFO:root:1723388986.627925,ID:1019,STAGE:1,SEQUENCE:1324,DATA:{'time': 1723388986.621, 'source': 'VitalsTask', 'timer': 1982.265, 'data': {'sensor': 'Blood Pressure', 'action': 'capture', 'data': 'starting sensor action'}}
INFO:root:1723388987.63632,ID:1019,STAGE:1,SEQUENCE:1324,DATA:{'time': 1723388987.632, 'source': 'VitalsTask', 'timer': 1983.276, 'data': {'sensor': 'Blood Pressure', 'action': 'capture', 'data': 'sensor action complete'}}
INFO:root:1723388987.638825,ID:1019,STAGE:1,SEQUENCE:1324,DATA:{'time': 1723388987.632, 'source': 'VitalsTask', 'timer': 1983.276, 'data': {'sensor': 'Blood Pressure', 'action': 'keypad open'}}
INFO:root:1723388988.342483,ID:1019,STAGE:1,SEQUENCE:1324,DATA:{'time': 1723388988.338, 'user-id': '1019', 'source': 'HAI Interface', 'destination-index': '3', 'study-stage': '1', 'decision-state': 0, 'vitals-state': 0, 'airspace-state': 0, 'data': {'page': 'emergency', 'action': 'trying to change destination to19'}}
INFO:root:1723388988.933308,ID:1019,STAGE:1,SEQUENCE:1324,DATA:{'time': 1723388988.929, 'source': 'VitalsTask', 'timer': 1984.573, 'data': {'sensor': 'Blood Pressure', 'action': 'keypad press', 'key': 1, 'value': 1}}
INFO:root:1723388990.064129,ID:1019,STAGE:1,SEQUENCE:1324,DATA:{'time': 1723388990.058, 'source': 'VitalsTask', 'timer': 1985.702, 'data': {'sensor': 'Blood Pressure', 'action': 'keypad press', 'key': 2, 'value': 12}}
INFO:root:1723388991.40273,ID:1019,STAGE:1,SEQUENCE:1324,DATA:{'time': 1723388991.397, 'source': 'VitalsTask', 'timer': 1987.041, 'data': {'sensor': 'Blood Pressure', 'action': 'keypad press', 'key': 11, 'value': 120}}
INFO:root:1723388993.005112,ID:1019,STAGE:1,SEQUENCE:1324,DATA:{'time': 1723388993, 'source': 'VitalsTask', 'timer': 1988.644, 'data': {'sensor': 'Blood Pressure', 'action': 'keypad press', 'key': 8, 'value': 1208}}
INFO:root:1723388993.309168,ID:1019,STAGE:1,SEQUENCE:1324,DATA:{'time': 1723388993.303, 'user-id': '1019', 'source': 'HAI Interface', 'destination-index': '3', 'study-stage': '1', 'decision-state': 0, 'vitals-state': 0, 'airspace-state': 0, 'data': {'page': 'emergency', 'action': 'trying to change destination to19'}}
INFO:root:1723388994.073622,ID:1019,STAGE:1,SEQUENCE:1324,DATA:{'time': 1723388994.069, 'source': 'VitalsTask', 'timer': 1989.713, 'data': {'sensor': 'Blood Pressure', 'action': 'keypad press', 'key': 11, 'value': 12080}}
INFO:root:1723388995.025222,ID:1019,STAGE:1,SEQUENCE:1324,DATA:{'time': 1723388995.022, 'source': 'VitalsTask', 'timer': 1990.666, 'data': {'sensor': 'Blood Pressure', 'action': 'show action buttons'}}
INFO:root:1723388995.027217,ID:1019,STAGE:1,SEQUENCE:1324,DATA:{'time': 1723388995.022, 'source': 'VitalsTask', 'timer': 1990.666, 'data': {'sensor': 'Blood Pressure', 'action': 'keypad press', 'key': 10, 'value': 12080}}
INFO:root:1723388996.778105,ID:1019,STAGE:1,SEQUENCE:1324,DATA:{'time': 1723388996.774, 'source': 'VitalsTask', 'timer': 1992.418, 'data': {'sensor': 'Blood Pressure', 'action': 'log', 'data': 'action button pressed'}}
INFO:root:1723388996.780307,ID:1019,STAGE:1,SEQUENCE:1324,DATA:{'time': 1723388996.774, 'source': 'VitalsTask', 'timer': 1992.418, 'data': {'sensor': 'Blood Pressure', 'action': 'log', 'data': 'starting sensor action'}}
INFO:root:1723388997.790353,ID:1019,STAGE:1,SEQUENCE:1324,DATA:{'time': 1723388997.786, 'source': 'VitalsTask', 'timer': 1993.43, 'data': {'sensor': 'Blood Pressure', 'action': 'log', 'data': 'sensor action complete'}}
INFO:root:1723388998.317453,ID:1019,STAGE:1,SEQUENCE:1324,DATA:{'time': 1723388998.31, 'user-id': '1019', 'source': 'HAI Interface', 'destination-index': '3', 'study-stage': '1', 'decision-state': 0, 'vitals-state': 0, 'airspace-state': 0, 'data': {'page': 'emergency', 'action': 'trying to change destination to19'}}
INFO:root:1723388998.543238,ID:1019,STAGE:1,SEQUENCE:1324,DATA:{'time': 1723388998.538, 'source': 'VitalsTask', 'timer': 1994.182, 'data': {'sensor': 'Blood Pressure', 'action': 'save', 'data': 'action button pressed'}}
INFO:root:1723388998.54424,ID:1019,STAGE:1,SEQUENCE:1324,DATA:{'time': 1723388998.539, 'source': 'VitalsTask', 'timer': 1994.183, 'data': {'sensor': 'Blood Pressure', 'action': 'save', 'data': 'starting sensor action'}}
INFO:root:1723388999.557081,ID:1019,STAGE:1,SEQUENCE:1324,DATA:{'time': 1723388999.552, 'source': 'VitalsTask', 'timer': 1995.196, 'data': {'sensor': 'Blood Pressure', 'action': 'save', 'data': 'sensor action complete'}}
INFO:root:1723389000.251317,ID:1019,STAGE:1,SEQUENCE:1324,DATA:{'time': 1723389000.246, 'user-id': '1019', 'source': 'HAI Interface', 'destination-index': '3', 'study-stage': '1', 'decision-state': 0, 'vitals-state': 0, 'airspace-state': 0, 'data': {'page': 'inflight', 'action': 'displaying vitals prompt'}}
INFO:root:1723389000.945623,ID:1019,STAGE:1,SEQUENCE:1324,DATA:{'time': 1723389000.942, 'source': 'VitalsTask', 'timer': 1996.586, 'data': {'sensor': 'submit', 'action': 'submit'}}
INFO:root:1723389000.94862,ID:1019,STAGE:1,SEQUENCE:1324,DATA:{'time': 1723389000.942, 'source': 'VitalsTask', 'timer': 1996.586, 'data': {'sensor': 'submit', 'action': 'submit', 'data': 'submit succeeded'}}
INFO:root:1723389003.383781,ID:1019,STAGE:1,SEQUENCE:1324,DATA:{'time': 1723389003.372, 'user-id': '1019', 'source': 'HAI Interface', 'destination-index': '3', 'study-stage': '1', 'decision-state': 0, 'vitals-state': 0, 'airspace-state': 0, 'data': {'page': 'emergency', 'action': 'trying to change destination to19'}}
INFO:root:1723389004.683063,ID:1019,STAGE:1,SEQUENCE:1324,DATA:{'time': 1723389004.677, 'user-id': '1019', 'source': 'HAI Interface', 'destination-index': '3', 'study-stage': '1', 'decision-state': 0, 'vitals-state': 0, 'airspace-state': 0, 'data': {'page': 'inflight', 'action': 'user acknowledged vitals prompt'}}
INFO:root:1723389008.30369,ID:1019,STAGE:1,SEQUENCE:1324,DATA:{'time': 1723389008.296, 'user-id': '1019', 'source': 'HAI Interface', 'destination-index': '3', 'study-stage': '1', 'decision-state': 0, 'vitals-state': 0, 'airspace-state': 0, 'data': {'page': 'emergency', 'action': 'trying to change destination to19'}}
INFO:root:1723389008.307686,ID:1019,STAGE:1,SEQUENCE:1324,DATA:{'time': 1723389008.297, 'user-id': '1019', 'source': 'HAI Interface', 'destination-index': '3', 'study-stage': '1', 'decision-state': 0, 'vitals-state': 0, 'airspace-state': 0, 'data': {'page': 'emergency', 'action': 'show Altitude Miscalibrated Warning, hide map'}}
INFO:root:1723389008.311187,ID:1019,STAGE:1,SEQUENCE:1324,DATA:{'time': 1723389008.297, 'user-id': '1019', 'source': 'HAI Interface', 'destination-index': '3', 'study-stage': '1', 'decision-state': 0, 'vitals-state': 0, 'airspace-state': 0, 'data': {'page': 'map', 'action': 'hide map'}}
INFO:root:1723389008.313748,ID:1019,STAGE:1,SEQUENCE:1324,DATA:{'time': 1723389008.298, 'user-id': '1019', 'source': 'HAI Interface', 'destination-index': '3', 'study-stage': '1', 'decision-state': 0, 'vitals-state': 0, 'airspace-state': 0, 'data': {'page': 'Inflight', 'action': ' Altitude alert activated'}}
INFO:root:1723389011.416109,ID:1019,STAGE:1,SEQUENCE:1324,DATA:{'time': 1723389011.409, 'user-id': '1019', 'source': 'HAI Interface', 'destination-index': '3', 'study-stage': '1', 'decision-state': 0, 'vitals-state': 0, 'airspace-state': 0, 'data': {'page': 'Inflight', 'action': 'Altitude alert- show more info button pressed'}}
INFO:root:1723389013.374975,ID:1019,STAGE:1,SEQUENCE:1324,DATA:{'time': 1723389013.369, 'user-id': '1019', 'source': 'HAI Interface', 'destination-index': '3', 'study-stage': '1', 'decision-state': 0, 'vitals-state': 0, 'airspace-state': 0, 'data': {'page': 'emergency', 'action': 'trying to change destination to19'}}
INFO:root:1723389018.298953,ID:1019,STAGE:1,SEQUENCE:1324,DATA:{'time': 1723389018.294, 'user-id': '1019', 'source': 'HAI Interface', 'destination-index': '3', 'study-stage': '1', 'decision-state': 0, 'vitals-state': 0, 'airspace-state': 0, 'data': {'page': 'emergency', 'action': 'trying to change destination to19'}}
INFO:root:Altitude Warning alert given, sent request to clear altitude_warning_alert
INFO:root:1723389023.782543,ID:1019,STAGE:1,SEQUENCE:1324,DATA:{'time': 1723389023.777, 'user-id': '1019', 'source': 'HAI Interface', 'destination-index': '3', 'study-stage': '1', 'decision-state': 0, 'vitals-state': 0, 'airspace-state': 0, 'data': {'page': 'emergency', 'action': 'trying to change destination to19'}}
INFO:root:1723389023.784537,ID:1019,STAGE:1,SEQUENCE:1324,DATA:{'time': 1723389023.778, 'user-id': '1019', 'source': 'HAI Interface', 'destination-index': '3', 'study-stage': '1', 'decision-state': 0, 'vitals-state': 0, 'airspace-state': 0, 'data': {'page': 'emergency', 'action': 'show Altitude Miscalibrated Warning, hide map'}}
INFO:root:1723389023.789547,ID:1019,STAGE:1,SEQUENCE:1324,DATA:{'time': 1723389023.778, 'user-id': '1019', 'source': 'HAI Interface', 'destination-index': '3', 'study-stage': '1', 'decision-state': 0, 'vitals-state': 0, 'airspace-state': 0, 'data': {'page': 'map', 'action': 'hide map'}}
INFO:root:1723389023.791542,ID:1019,STAGE:1,SEQUENCE:1324,DATA:{'time': 1723389023.779, 'user-id': '1019', 'source': 'HAI Interface', 'destination-index': '3', 'study-stage': '1', 'decision-state': 0, 'vitals-state': 0, 'airspace-state': 0, 'data': {'page': 'Inflight', 'action': ' Altitude alert activated'}}
INFO:root:1723389028.357489,ID:1019,STAGE:1,SEQUENCE:1324,DATA:{'time': 1723389028.35, 'user-id': '1019', 'source': 'HAI Interface', 'destination-index': '3', 'study-stage': '1', 'decision-state': 0, 'vitals-state': 0, 'airspace-state': 0, 'data': {'page': 'emergency', 'action': 'trying to change destination to19'}}
INFO:root:1723389033.222291,ID:1019,STAGE:1,SEQUENCE:1324,DATA:{'time': 1723389033.217, 'user-id': '1019', 'source': 'HAI Interface', 'destination-index': '3', 'study-stage': '1', 'decision-state': 0, 'vitals-state': 0, 'airspace-state': 0, 'data': {'page': 'Inflight', 'action': 'Altitude alert- submit button pressed with altitude value as:1000'}}
INFO:root:1723389033.231633,ID:1019,STAGE:1,SEQUENCE:1324,DATA:{'time': 1723389033.222, 'user-id': '1019', 'source': 'HAI Interface', 'destination-index': '3', 'study-stage': '1', 'decision-state': 0, 'vitals-state': 0, 'airspace-state': 0, 'data': {'page': 'Inflight', 'action': 'Altitude alert- altitude submitted'}}
INFO:root:1723389033.233992,ID:1019,STAGE:1,SEQUENCE:1324,DATA:{'time': 1723389033.223, 'user-id': '1019', 'source': 'HAI Interface', 'destination-index': '3', 'study-stage': '1', 'decision-state': 0, 'vitals-state': 0, 'airspace-state': 0, 'data': {'page': 'Inflight', 'action': 'Altitude alert close button pressed'}}
INFO:root:1723389033.45607,ID:1019,STAGE:1,SEQUENCE:1324,DATA:{'time': 1723389033.449, 'user-id': '1019', 'source': 'HAI Interface', 'destination-index': '3', 'study-stage': '1', 'decision-state': 0, 'vitals-state': 0, 'airspace-state': 0, 'data': {'page': 'emergency', 'action': 'trying to change destination to19'}}
INFO:root:1723389038.298274,ID:1019,STAGE:1,SEQUENCE:1324,DATA:{'time': 1723389038.292, 'user-id': '1019', 'source': 'HAI Interface', 'destination-index': '3', 'study-stage': '1', 'decision-state': 0, 'vitals-state': 0, 'airspace-state': 0, 'data': {'page': 'emergency', 'action': 'trying to change destination to19'}}
INFO:root:1723389043.350606,ID:1019,STAGE:1,SEQUENCE:1324,DATA:{'time': 1723389043.338, 'user-id': '1019', 'source': 'HAI Interface', 'destination-index': '3', 'study-stage': '1', 'decision-state': 0, 'vitals-state': 0, 'airspace-state': 0, 'data': {'page': 'emergency', 'action': 'trying to change destination to19'}}
INFO:root:1723389048.320382,ID:1019,STAGE:1,SEQUENCE:1324,DATA:{'time': 1723389048.314, 'user-id': '1019', 'source': 'HAI Interface', 'destination-index': '3', 'study-stage': '1', 'decision-state': 0, 'vitals-state': 0, 'airspace-state': 0, 'data': {'page': 'emergency', 'action': 'trying to change destination to19'}}
INFO:root:1723389053.285979,ID:1019,STAGE:1,SEQUENCE:1324,DATA:{'time': 1723389053.281, 'user-id': '1019', 'source': 'HAI Interface', 'destination-index': '3', 'study-stage': '1', 'decision-state': 0, 'vitals-state': 0, 'airspace-state': 0, 'data': {'page': 'emergency', 'action': 'trying to change destination to19'}}
INFO:root:1723389058.318539,ID:1019,STAGE:1,SEQUENCE:1324,DATA:{'time': 1723389058.313, 'user-id': '1019', 'source': 'HAI Interface', 'destination-index': '3', 'study-stage': '1', 'decision-state': 0, 'vitals-state': 0, 'airspace-state': 0, 'data': {'page': 'emergency', 'action': 'trying to change destination to19'}}
INFO:root:1723389063.308158,ID:1019,STAGE:1,SEQUENCE:1324,DATA:{'time': 1723389063.303, 'user-id': '1019', 'source': 'HAI Interface', 'destination-index': '3', 'study-stage': '1', 'decision-state': 0, 'vitals-state': 0, 'airspace-state': 0, 'data': {'page': 'emergency', 'action': 'trying to change destination to19'}}
INFO:root:1723389068.373743,ID:1019,STAGE:1,SEQUENCE:1324,DATA:{'time': 1723389068.368, 'user-id': '1019', 'source': 'HAI Interface', 'destination-index': '3', 'study-stage': '1', 'decision-state': 0, 'vitals-state': 0, 'airspace-state': 0, 'data': {'page': 'emergency', 'action': 'trying to change destination to19'}}
INFO:root:1723389073.361761,ID:1019,STAGE:1,SEQUENCE:1324,DATA:{'time': 1723389073.347, 'user-id': '1019', 'source': 'HAI Interface', 'destination-index': '3', 'study-stage': '1', 'decision-state': 0, 'vitals-state': 0, 'airspace-state': 0, 'data': {'page': 'emergency', 'action': 'trying to change destination to19'}}
INFO:root:1723389073.684052,ID:1019,STAGE:1,SEQUENCE:1324,DATA:{'time': 1723389073.678, 'user-id': '1019', 'source': 'HAI Interface', 'destination-index': '3', 'study-stage': '1', 'decision-state': 0, 'vitals-state': 0, 'airspace-state': 0, 'data': {'action': 'transmit button pressed'}}
INFO:root:1723389073.68721,ID:1019,STAGE:1,SEQUENCE:1324,DATA:{'time': 1723389073.679, 'user-id': '1019', 'source': 'HAI Interface', 'destination-index': '3', 'study-stage': '1', 'decision-state': 0, 'vitals-state': 0, 'airspace-state': 0, 'data': {'action': 'callsign set to: + NASXGS'}}
INFO:root:1723389073.688207,ID:1019,STAGE:1,SEQUENCE:1324,DATA:{'time': 1723389073.679, 'user-id': '1019', 'source': 'HAI Interface', 'destination-index': '3', 'study-stage': '1', 'decision-state': 0, 'vitals-state': 0, 'airspace-state': 0, 'data': {'action': 'radio set to:Comm1'}}
INFO:root:1723389073.691199,ID:1019,STAGE:1,SEQUENCE:1324,DATA:{'time': 1723389073.68, 'user-id': '1019', 'source': 'HAI Interface', 'destination-index': '3', 'study-stage': '1', 'decision-state': 0, 'vitals-state': 0, 'airspace-state': 0, 'data': {'page': 'map', 'action': 'show map'}}
INFO:root:1723389073.695188,ID:1019,STAGE:1,SEQUENCE:1324,DATA:{'time': 1723389073.68, 'user-id': '1019', 'source': 'HAI Interface', 'destination-index': '3', 'study-stage': '1', 'decision-state': 0, 'vitals-state': 0, 'airspace-state': 0, 'data': {'page': 'map', 'action': 'selected helipad', 'value': '21'}}
INFO:root:1723389073.697185,ID:1019,STAGE:1,SEQUENCE:1324,DATA:{'time': 1723389073.686, 'user-id': '1019', 'source': 'HAI Interface', 'destination-index': '3', 'study-stage': '1', 'decision-state': 0, 'vitals-state': 0, 'airspace-state': 0, 'data': {'action': 'NASXGStransmitting updates onComm1123.45 MHz'}}
INFO:root:1723389078.364918,ID:1019,STAGE:1,SEQUENCE:1324,DATA:{'time': 1723389078.359, 'user-id': '1019', 'source': 'HAI Interface', 'destination-index': '3', 'study-stage': '1', 'decision-state': 0, 'vitals-state': 0, 'airspace-state': 0, 'data': {'page': 'emergency', 'action': 'trying to change destination to19'}}
INFO:root:1723389083.288444,ID:1019,STAGE:1,SEQUENCE:1324,DATA:{'time': 1723389083.283, 'user-id': '1019', 'source': 'HAI Interface', 'destination-index': '3', 'study-stage': '1', 'decision-state': 0, 'vitals-state': 0, 'airspace-state': 0, 'data': {'page': 'emergency', 'action': 'trying to change destination to19'}}
INFO:root:1723389088.336946,ID:1019,STAGE:1,SEQUENCE:1324,DATA:{'time': 1723389088.33, 'user-id': '1019', 'source': 'HAI Interface', 'destination-index': '3', 'study-stage': '1', 'decision-state': 0, 'vitals-state': 0, 'airspace-state': 0, 'data': {'page': 'emergency', 'action': 'trying to change destination to19'}}
INFO:root:1723389093.360119,ID:1019,STAGE:1,SEQUENCE:1324,DATA:{'time': 1723389093.354, 'user-id': '1019', 'source': 'HAI Interface', 'destination-index': '3', 'study-stage': '1', 'decision-state': 0, 'vitals-state': 0, 'airspace-state': 0, 'data': {'page': 'emergency', 'action': 'trying to change destination to19'}}
INFO:root:1723389098.304372,ID:1019,STAGE:1,SEQUENCE:1324,DATA:{'time': 1723389098.3, 'user-id': '1019', 'source': 'HAI Interface', 'destination-index': '3', 'study-stage': '1', 'decision-state': 0, 'vitals-state': 0, 'airspace-state': 0, 'data': {'page': 'emergency', 'action': 'trying to change destination to19'}}
INFO:root:1723389102.457827,ID:1019,STAGE:1,SEQUENCE:1324,DATA:{'time': 1723389102.453, 'user-id': '1019', 'source': 'HAI Interface', 'destination-index': '3', 'study-stage': '1', 'decision-state': 0, 'vitals-state': 0, 'airspace-state': 0, 'data': {'page': 'map', 'action': 'hide map'}}
INFO:root:1723389103.322966,ID:1019,STAGE:1,SEQUENCE:1324,DATA:{'time': 1723389103.317, 'user-id': '1019', 'source': 'HAI Interface', 'destination-index': '3', 'study-stage': '1', 'decision-state': 0, 'vitals-state': 0, 'airspace-state': 0, 'data': {'page': 'emergency', 'action': 'trying to change destination to19'}}
INFO:root:1723389107.400076,ID:1019,STAGE:1,SEQUENCE:1324,DATA:{'time': 1723389107.395, 'user-id': '1019', 'source': 'HAI Interface', 'destination-index': '3', 'study-stage': '1', 'decision-state': 0, 'vitals-state': 0, 'airspace-state': 0, 'data': {'action': 'receive button pressed'}}
INFO:root:1723389107.402582,ID:1019,STAGE:1,SEQUENCE:1324,DATA:{'time': 1723389107.396, 'user-id': '1019', 'source': 'HAI Interface', 'destination-index': '3', 'study-stage': '1', 'decision-state': 0, 'vitals-state': 0, 'airspace-state': 0, 'data': {'action': 'callsign set to:[object Object]'}}
INFO:root:1723389107.405574,ID:1019,STAGE:1,SEQUENCE:1324,DATA:{'time': 1723389107.396, 'user-id': '1019', 'source': 'HAI Interface', 'destination-index': '3', 'study-stage': '1', 'decision-state': 0, 'vitals-state': 0, 'airspace-state': 0, 'data': {'action': 'radio set to:Comm2'}}
INFO:root:1723389107.410588,ID:1019,STAGE:1,SEQUENCE:1324,DATA:{'time': 1723389107.4, 'user-id': '1019', 'source': 'HAI Interface', 'destination-index': '3', 'study-stage': '1', 'decision-state': 0, 'vitals-state': 0, 'airspace-state': 0, 'data': {'action': 'MEDEVACtransmitting onComm2123.45 MHz'}}
INFO:root:1723389108.336352,ID:1019,STAGE:1,SEQUENCE:1324,DATA:{'time': 1723389108.331, 'user-id': '1019', 'source': 'HAI Interface', 'destination-index': '3', 'study-stage': '1', 'decision-state': 0, 'vitals-state': 0, 'airspace-state': 0, 'data': {'page': 'emergency', 'action': 'trying to change destination to19'}}
INFO:root:Ok, continue to monitor the patients vitals and keep us updated 
INFO:root:1723389113.299303,ID:1019,STAGE:1,SEQUENCE:1324,DATA:{'time': 1723389113.293, 'user-id': '1019', 'source': 'HAI Interface', 'destination-index': '3', 'study-stage': '1', 'decision-state': 0, 'vitals-state': 0, 'airspace-state': 0, 'data': {'page': 'emergency', 'action': 'trying to change destination to19'}}
INFO:root:1723389118.320379,ID:1019,STAGE:1,SEQUENCE:1324,DATA:{'time': 1723389118.315, 'user-id': '1019', 'source': 'HAI Interface', 'destination-index': '3', 'study-stage': '1', 'decision-state': 0, 'vitals-state': 0, 'airspace-state': 0, 'data': {'page': 'emergency', 'action': 'trying to change destination to19'}}
INFO:root:altitude sensor radio comm done- command to clear event and make the receieve 0 sent
INFO:root:1723389123.311044,ID:1019,STAGE:1,SEQUENCE:1324,DATA:{'time': 1723389123.307, 'user-id': '1019', 'source': 'HAI Interface', 'destination-index': '3', 'study-stage': '1', 'decision-state': 0, 'vitals-state': 0, 'airspace-state': 0, 'data': {'page': 'emergency', 'action': 'trying to change destination to19'}}
INFO:root:1723389128.352974,ID:1019,STAGE:1,SEQUENCE:1324,DATA:{'time': 1723389128.347, 'user-id': '1019', 'source': 'HAI Interface', 'destination-index': '3', 'study-stage': '1', 'decision-state': 0, 'vitals-state': 0, 'airspace-state': 0, 'data': {'page': 'emergency', 'action': 'trying to change destination to19'}}
INFO:root:Inflight Radio Update asked
INFO:root:sent request to set radio update complete
INFO:root:1723389133.28633,ID:1019,STAGE:1,SEQUENCE:1324,DATA:{'time': 1723389133.282, 'user-id': '1019', 'source': 'HAI Interface', 'destination-index': '3', 'study-stage': '1', 'decision-state': 0, 'vitals-state': 0, 'airspace-state': 0, 'data': {'page': 'emergency', 'action': 'trying to change destination to19'}}
INFO:root:1723389138.332912,ID:1019,STAGE:1,SEQUENCE:1324,DATA:{'time': 1723389138.328, 'user-id': '1019', 'source': 'HAI Interface', 'destination-index': '3', 'study-stage': '1', 'decision-state': 0, 'vitals-state': 0, 'airspace-state': 0, 'data': {'page': 'emergency', 'action': 'trying to change destination to19'}}
INFO:root:1723389143.698708,ID:1019,STAGE:1,SEQUENCE:1324,DATA:{'time': 1723389143.694, 'user-id': '1019', 'source': 'HAI Interface', 'destination-index': '3', 'study-stage': '1', 'decision-state': 0, 'vitals-state': 0, 'airspace-state': 0, 'data': {'page': 'emergency', 'action': 'trying to change destination to19'}}
INFO:root:1723389143.702703,ID:1019,STAGE:1,SEQUENCE:1324,DATA:{'time': 1723389143.695, 'user-id': '1019', 'source': 'HAI Interface', 'destination-index': '3', 'study-stage': '1', 'decision-state': 0, 'vitals-state': 0, 'airspace-state': 0, 'data': {'page': 'emergency', 'action': 'show Weather Emergency Alert, hide map'}}
INFO:root:1723389143.704697,ID:1019,STAGE:1,SEQUENCE:1324,DATA:{'time': 1723389143.695, 'user-id': '1019', 'source': 'HAI Interface', 'destination-index': '3', 'study-stage': '1', 'decision-state': 0, 'vitals-state': 0, 'airspace-state': 0, 'data': {'page': 'map', 'action': 'hide map'}}
INFO:root:1723389143.709684,ID:1019,STAGE:1,SEQUENCE:1324,DATA:{'time': 1723389143.695, 'user-id': '1019', 'source': 'HAI Interface', 'destination-index': '3', 'study-stage': '1', 'decision-state': 0, 'vitals-state': 0, 'airspace-state': 0, 'data': {'page': 'Inflight', 'action': 'Weather emergency- emergnecy propmt displayed'}}
INFO:root:1723389148.388599,ID:1019,STAGE:1,SEQUENCE:1324,DATA:{'time': 1723389148.374, 'user-id': '1019', 'source': 'HAI Interface', 'destination-index': '3', 'study-stage': '1', 'decision-state': 0, 'vitals-state': 0, 'airspace-state': 0, 'data': {'page': 'emergency', 'action': 'trying to change destination to19'}}
INFO:root:1723389148.390593,ID:1019,STAGE:1,SEQUENCE:1324,DATA:{'time': 1723389148.375, 'user-id': '1019', 'source': 'HAI Interface', 'destination-index': '3', 'study-stage': '1', 'decision-state': 0, 'vitals-state': 0, 'airspace-state': 0, 'data': {'page': 'emergency', 'action': 'show Weather Emergency Alert, hide map'}}
INFO:root:1723389148.394603,ID:1019,STAGE:1,SEQUENCE:1324,DATA:{'time': 1723389148.375, 'user-id': '1019', 'source': 'HAI Interface', 'destination-index': '3', 'study-stage': '1', 'decision-state': 0, 'vitals-state': 0, 'airspace-state': 0, 'data': {'page': 'map', 'action': 'hide map'}}
INFO:root:1723389148.397107,ID:1019,STAGE:1,SEQUENCE:1324,DATA:{'time': 1723389148.376, 'user-id': '1019', 'source': 'HAI Interface', 'destination-index': '3', 'study-stage': '1', 'decision-state': 0, 'vitals-state': 0, 'airspace-state': 0, 'data': {'page': 'Inflight', 'action': 'Weather emergency- emergnecy propmt displayed'}}
INFO:root:1723389151.456948,ID:1019,STAGE:1,SEQUENCE:1324,DATA:{'time': 1723389151.452, 'user-id': '1019', 'source': 'HAI Interface', 'destination-index': '3', 'study-stage': '1', 'decision-state': 0, 'vitals-state': 0, 'airspace-state': 0, 'data': {'page': 'Inflight', 'action': 'Weather emergency- show more info button pressed'}}
INFO:root:1723389153.321267,ID:1019,STAGE:1,SEQUENCE:1324,DATA:{'time': 1723389153.314, 'user-id': '1019', 'source': 'HAI Interface', 'destination-index': '3', 'study-stage': '1', 'decision-state': 0, 'vitals-state': 0, 'airspace-state': 0, 'data': {'page': 'emergency', 'action': 'trying to change destination to19'}}
INFO:root:1723389158.349587,ID:1019,STAGE:1,SEQUENCE:1324,DATA:{'time': 1723389158.343, 'user-id': '1019', 'source': 'HAI Interface', 'destination-index': '3', 'study-stage': '1', 'decision-state': 0, 'vitals-state': 0, 'airspace-state': 0, 'data': {'page': 'emergency', 'action': 'trying to change destination to19'}}
INFO:root:1723389163.311168,ID:1019,STAGE:1,SEQUENCE:1324,DATA:{'time': 1723389163.304, 'user-id': '1019', 'source': 'HAI Interface', 'destination-index': '3', 'study-stage': '1', 'decision-state': 0, 'vitals-state': 0, 'airspace-state': 0, 'data': {'page': 'emergency', 'action': 'trying to change destination to19'}}
INFO:root:1723389164.746835,ID:1019,STAGE:1,SEQUENCE:1324,DATA:{'time': 1723389164.742, 'user-id': '1019', 'source': 'HAI Interface', 'destination-index': '3', 'study-stage': '1', 'decision-state': 0, 'vitals-state': 0, 'airspace-state': 0, 'data': {'page': 'Inflight', 'action': 'Weather emergency- close button pressed'}}
INFO:root:1723389168.351465,ID:1019,STAGE:1,SEQUENCE:1324,DATA:{'time': 1723389168.345, 'user-id': '1019', 'source': 'HAI Interface', 'destination-index': '3', 'study-stage': '1', 'decision-state': 0, 'vitals-state': 0, 'airspace-state': 0, 'data': {'page': 'emergency', 'action': 'trying to change destination to19'}}
INFO:root:1723389170.557545,ID:1019,STAGE:1,SEQUENCE:1324,DATA:{'time': 1723389170.552, 'user-id': '1019', 'source': 'HAI Interface', 'destination-index': '3', 'study-stage': '1', 'decision-state': 0, 'vitals-state': 0, 'airspace-state': 0, 'data': {'page': 'map', 'action': 'show map'}}
INFO:root:1723389170.55954,ID:1019,STAGE:1,SEQUENCE:1324,DATA:{'time': 1723389170.552, 'user-id': '1019', 'source': 'HAI Interface', 'destination-index': '3', 'study-stage': '1', 'decision-state': 0, 'vitals-state': 0, 'airspace-state': 0, 'data': {'page': 'map', 'action': 'selected helipad', 'value': '21'}}
INFO:root:1723389173.320568,ID:1019,STAGE:1,SEQUENCE:1324,DATA:{'time': 1723389173.311, 'user-id': '1019', 'source': 'HAI Interface', 'destination-index': '3', 'study-stage': '1', 'decision-state': 0, 'vitals-state': 0, 'airspace-state': 0, 'data': {'page': 'emergency', 'action': 'trying to change destination to19'}}
INFO:root:1723389174.913313,ID:1019,STAGE:1,SEQUENCE:1324,DATA:{'time': 1723389174.907, 'user-id': '1019', 'source': 'HAI Interface', 'destination-index': '3', 'study-stage': '1', 'decision-state': 0, 'vitals-state': 0, 'airspace-state': 0, 'data': {'page': 'inflight', 'action': 'displaying vitals prompt'}}
INFO:root:1723389177.434421,ID:1019,STAGE:1,SEQUENCE:1324,DATA:{'time': 1723389177.43, 'user-id': '1019', 'source': 'HAI Interface', 'destination-index': '3', 'study-stage': '1', 'decision-state': 0, 'vitals-state': 0, 'airspace-state': 0, 'data': {'page': 'inflight', 'action': 'user acknowledged vitals prompt'}}
INFO:root:1723389178.393337,ID:1019,STAGE:1,SEQUENCE:1324,DATA:{'time': 1723389178.387, 'user-id': '1019', 'source': 'HAI Interface', 'destination-index': '3', 'study-stage': '1', 'decision-state': 0, 'vitals-state': 0, 'airspace-state': 0, 'data': {'page': 'emergency', 'action': 'trying to change destination to19'}}
INFO:root:Weather emergency alert given, sent request to clear weather_emergency
INFO:root:1723389182.858559,ID:1019,STAGE:1,SEQUENCE:1324,DATA:{'time': 1723389182.853, 'source': 'VitalsTask', 'timer': 181.91, 'data': {'sensor': 'Heart Rate', 'action': 'opened sensor tab'}}
INFO:root:1723389183.319847,ID:1019,STAGE:1,SEQUENCE:1324,DATA:{'time': 1723389183.312, 'user-id': '1019', 'source': 'HAI Interface', 'destination-index': '3', 'study-stage': '1', 'decision-state': 0, 'vitals-state': 0, 'airspace-state': 0, 'data': {'page': 'emergency', 'action': 'trying to change destination to19'}}
INFO:root:1723389185.13415,ID:1019,STAGE:1,SEQUENCE:1324,DATA:{'time': 1723389185.131, 'source': 'VitalsTask', 'timer': 184.188, 'data': {'sensor': 'Heart Rate', 'action': 'capture', 'data': 'action button pressed'}}
INFO:root:1723389185.136144,ID:1019,STAGE:1,SEQUENCE:1324,DATA:{'time': 1723389185.131, 'source': 'VitalsTask', 'timer': 184.188, 'data': {'sensor': 'Heart Rate', 'action': 'capture', 'data': 'starting sensor action'}}
INFO:root:1723389186.14636,ID:1019,STAGE:1,SEQUENCE:1324,DATA:{'time': 1723389186.143, 'source': 'VitalsTask', 'timer': 185.2, 'data': {'sensor': 'Heart Rate', 'action': 'capture', 'data': 'sensor action complete'}}
INFO:root:1723389186.149354,ID:1019,STAGE:1,SEQUENCE:1324,DATA:{'time': 1723389186.143, 'source': 'VitalsTask', 'timer': 185.2, 'data': {'sensor': 'Heart Rate', 'action': 'keypad open'}}
INFO:root:1723389187.172165,ID:1019,STAGE:1,SEQUENCE:1324,DATA:{'time': 1723389187.163, 'source': 'VitalsTask', 'timer': 186.22, 'data': {'sensor': 'Heart Rate', 'action': 'keypad press', 'key': 5, 'value': 5}}
INFO:root:1723389188.1577,ID:1019,STAGE:1,SEQUENCE:1324,DATA:{'time': 1723389188.151, 'source': 'VitalsTask', 'timer': 187.208, 'data': {'sensor': 'Heart Rate', 'action': 'keypad press', 'key': 5, 'value': 55}}
INFO:root:1723389188.344505,ID:1019,STAGE:1,SEQUENCE:1324,DATA:{'time': 1723389188.338, 'user-id': '1019', 'source': 'HAI Interface', 'destination-index': '3', 'study-stage': '1', 'decision-state': 0, 'vitals-state': 0, 'airspace-state': 0, 'data': {'page': 'emergency', 'action': 'trying to change destination to19'}}
INFO:root:1723389193.368767,ID:1019,STAGE:1,SEQUENCE:1324,DATA:{'time': 1723389193.361, 'user-id': '1019', 'source': 'HAI Interface', 'destination-index': '3', 'study-stage': '1', 'decision-state': 0, 'vitals-state': 0, 'airspace-state': 0, 'data': {'page': 'emergency', 'action': 'trying to change destination to19'}}
INFO:root:1723389198.301514,ID:1019,STAGE:1,SEQUENCE:1324,DATA:{'time': 1723389198.293, 'user-id': '1019', 'source': 'HAI Interface', 'destination-index': '3', 'study-stage': '1', 'decision-state': 0, 'vitals-state': 0, 'airspace-state': 0, 'data': {'page': 'emergency', 'action': 'trying to change destination to19'}}
INFO:root:1723389203.286669,ID:1019,STAGE:1,SEQUENCE:1324,DATA:{'time': 1723389203.277, 'user-id': '1019', 'source': 'HAI Interface', 'destination-index': '3', 'study-stage': '1', 'decision-state': 0, 'vitals-state': 0, 'airspace-state': 0, 'data': {'page': 'emergency', 'action': 'trying to change destination to19'}}
INFO:root:1723389206.790924,ID:1019,STAGE:1,SEQUENCE:1324,DATA:{'time': 1723389206.775, 'source': 'VitalsTask', 'timer': 205.832, 'data': {'sensor': 'Heart Rate', 'action': 'show action buttons'}}
INFO:root:1723389206.792923,ID:1019,STAGE:1,SEQUENCE:1324,DATA:{'time': 1723389206.775, 'source': 'VitalsTask', 'timer': 205.832, 'data': {'sensor': 'Heart Rate', 'action': 'keypad press', 'key': 10, 'value': 55}}
INFO:root:1723389208.369056,ID:1019,STAGE:1,SEQUENCE:1324,DATA:{'time': 1723389208.362, 'user-id': '1019', 'source': 'HAI Interface', 'destination-index': '3', 'study-stage': '1', 'decision-state': 0, 'vitals-state': 0, 'airspace-state': 0, 'data': {'page': 'emergency', 'action': 'trying to change destination to19'}}
INFO:root:1723389208.384042,ID:1019,STAGE:1,SEQUENCE:1324,DATA:{'time': 1723389208.368, 'user-id': '1019', 'source': 'HAI Interface', 'destination-index': '3', 'study-stage': '1', 'decision-state': 0, 'vitals-state': 0, 'airspace-state': 0, 'data': {'page': 'map', 'action': 'show map'}}
INFO:root:1723389208.390028,ID:1019,STAGE:1,SEQUENCE:1324,DATA:{'time': 1723389208.368, 'user-id': '1019', 'source': 'HAI Interface', 'destination-index': '3', 'study-stage': '1', 'decision-state': 0, 'vitals-state': 0, 'airspace-state': 0, 'data': {'page': 'map', 'action': 'selected helipad', 'value': '21'}}
INFO:root:1723389208.540275,ID:1019,STAGE:1,SEQUENCE:1324,DATA:{'time': 1723389208.512, 'user-id': 'none', 'source': 'HAI Interface', 'destination-index': 3, 'study-stage': -1, 'decision-state': 0, 'vitals-state': 0, 'airspace-state': 0, 'data': {'page': 'change-destination', 'action': 'opened page'}}
INFO:root:1723389209.469615,ID:1019,STAGE:1,SEQUENCE:1324,DATA:{'time': 1723389209.464, 'user-id': '1019', 'source': 'HAI Interface', 'destination-index': '3', 'study-stage': '1', 'decision-state': 0, 'vitals-state': 0, 'airspace-state': 0, 'data': {'page': 'map', 'action': 'selected helipad', 'value': '21'}}
INFO:root:1723389209.470613,ID:1019,STAGE:1,SEQUENCE:1324,DATA:{'time': 1723389209.464, 'user-id': '1019', 'source': 'HAI Interface', 'destination-index': '3', 'study-stage': '1', 'decision-state': 0, 'vitals-state': 0, 'airspace-state': 0, 'data': {'page': 'map', 'action': 'set destination', 'value': -1}}
INFO:root:1723389210.69449,ID:1019,STAGE:1,SEQUENCE:1324,DATA:{'time': 1723389210.674, 'user-id': '1019', 'source': 'HAI Interface', 'destination-index': '3', 'study-stage': '1', 'decision-state': 0, 'vitals-state': 0, 'airspace-state': 0, 'data': {'page': 'map', 'action': 'show map'}}
INFO:root:1723389210.702467,ID:1019,STAGE:1,SEQUENCE:1324,DATA:{'time': 1723389210.674, 'user-id': '1019', 'source': 'HAI Interface', 'destination-index': '3', 'study-stage': '1', 'decision-state': 0, 'vitals-state': 0, 'airspace-state': 0, 'data': {'page': 'map', 'action': 'selected helipad', 'value': '21'}}
INFO:root:1723389210.708451,ID:1019,STAGE:1,SEQUENCE:1324,DATA:{'time': 1723389210.674, 'user-id': '1019', 'source': 'HAI Interface', 'destination-index': '3', 'study-stage': '1', 'decision-state': 0, 'vitals-state': 0, 'airspace-state': 0, 'data': {'page': 'map', 'action': 'set destination', 'value': '3'}}
INFO:root:1723389210.831387,ID:1019,STAGE:1,SEQUENCE:1324,DATA:{'time': 1723389210.799, 'user-id': 'none', 'source': 'HAI Interface', 'destination-index': 3, 'study-stage': -1, 'decision-state': 0, 'vitals-state': 0, 'airspace-state': 0, 'data': {'page': 'emergency-landing', 'action': 'opened page'}}
INFO:root:1723389211.774053,ID:1019,STAGE:1,SEQUENCE:1324,DATA:{'time': 1723389211.764, 'user-id': '1019', 'source': 'HAI Interface', 'destination-index': '3', 'study-stage': '1', 'decision-state': 0, 'vitals-state': 0, 'airspace-state': 0, 'data': {'page': 'map', 'action': 'selected helipad', 'value': '21'}}
INFO:root:1723389211.776278,ID:1019,STAGE:1,SEQUENCE:1324,DATA:{'time': 1723389211.764, 'user-id': '1019', 'source': 'HAI Interface', 'destination-index': '3', 'study-stage': '1', 'decision-state': 0, 'vitals-state': 0, 'airspace-state': 0, 'data': {'page': 'map', 'action': 'set destination', 'value': -1}}
INFO:root:1723389214.383193,ID:1019,STAGE:1,SEQUENCE:1324,DATA:{'time': 1723389214.378, 'user-id': '1019', 'source': 'HAI Interface', 'destination-index': '3', 'study-stage': '1', 'decision-state': 0, 'vitals-state': 0, 'airspace-state': 0, 'data': {'page': 'map', 'action': 'show map'}}
INFO:root:1723389214.38419,ID:1019,STAGE:1,SEQUENCE:1324,DATA:{'time': 1723389214.379, 'user-id': '1019', 'source': 'HAI Interface', 'destination-index': '3', 'study-stage': '1', 'decision-state': 0, 'vitals-state': 0, 'airspace-state': 0, 'data': {'page': 'map', 'action': 'selected helipad', 'value': '21'}}
INFO:root:1723389214.387613,ID:1019,STAGE:1,SEQUENCE:1324,DATA:{'time': 1723389214.379, 'user-id': '1019', 'source': 'HAI Interface', 'destination-index': '3', 'study-stage': '1', 'decision-state': 0, 'vitals-state': 0, 'airspace-state': 0, 'data': {'page': 'map', 'action': 'set destination', 'value': '3'}}
INFO:root:1723389215.990175,ID:1019,STAGE:1,SEQUENCE:1324,DATA:{'time': 1723389215.984, 'user-id': '1019', 'source': 'HAI Interface', 'destination-index': '3', 'study-stage': '1', 'decision-state': 0, 'vitals-state': 0, 'airspace-state': 0, 'data': {'page': 'emergency', 'action': 'trying to change destination to100'}}
INFO:root:1723389220.142345,ID:1019,STAGE:1,SEQUENCE:1324,DATA:{'time': 1723389220.137, 'user-id': '1019', 'source': 'HAI Interface', 'destination-index': '3', 'study-stage': '1', 'decision-state': 0, 'vitals-state': 0, 'airspace-state': 0, 'data': {'page': 'map', 'action': 'selected helipad', 'value': '9'}}
INFO:root:1723389220.144345,ID:1019,STAGE:1,SEQUENCE:1324,DATA:{'time': 1723389220.137, 'user-id': '1019', 'source': 'HAI Interface', 'destination-index': '3', 'study-stage': '1', 'decision-state': 0, 'vitals-state': 0, 'airspace-state': 0, 'data': {'page': 'map', 'action': 'set destination', 'value': '3'}}
INFO:root:1723389221.006306,ID:1019,STAGE:1,SEQUENCE:1324,DATA:{'time': 1723389220.998, 'user-id': '1019', 'source': 'HAI Interface', 'destination-index': '3', 'study-stage': '1', 'decision-state': 0, 'vitals-state': 0, 'airspace-state': 0, 'data': {'page': 'emergency', 'action': 'trying to change destination to19'}}
INFO:root:1723389225.992485,ID:1019,STAGE:1,SEQUENCE:1324,DATA:{'time': 1723389225.986, 'user-id': '1019', 'source': 'HAI Interface', 'destination-index': '3', 'study-stage': '1', 'decision-state': 0, 'vitals-state': 0, 'airspace-state': 0, 'data': {'page': 'emergency', 'action': 'trying to change destination to19'}}
INFO:root:1723389227.128203,ID:1019,STAGE:1,SEQUENCE:1324,DATA:{'time': 1723389227.124, 'user-id': '1019', 'source': 'HAI Interface', 'destination-index': '3', 'study-stage': '1', 'decision-state': 0, 'vitals-state': 0, 'airspace-state': 0, 'data': {'page': 'map', 'action': 'changing helipad', 'value': '9'}}
INFO:root:1723389227.130422,ID:1019,STAGE:1,SEQUENCE:1324,DATA:{'time': 1723389227.124, 'user-id': '1019', 'source': 'HAI Interface', 'destination-index': '3', 'study-stage': '1', 'decision-state': 0, 'vitals-state': 0, 'airspace-state': 0, 'data': {'page': 'map', 'action': 'changing helipad', 'value': '9'}}
INFO:root:1723389227.134942,ID:1019,STAGE:1,SEQUENCE:1324,DATA:{'time': 1723389227.125, 'user-id': '1019', 'source': 'HAI Interface', 'destination-index': '3', 'study-stage': '1', 'decision-state': 0, 'vitals-state': 0, 'airspace-state': 0, 'data': {'page': 'map', 'action': 'selected helipad', 'value': '9'}}
INFO:root:1723389227.136935,ID:1019,STAGE:1,SEQUENCE:1324,DATA:{'time': 1723389227.125, 'user-id': '1019', 'source': 'HAI Interface', 'destination-index': '3', 'study-stage': '1', 'decision-state': 0, 'vitals-state': 0, 'airspace-state': 0, 'data': {'page': 'map', 'action': 'set destination', 'value': '9'}}
INFO:root:1723389228.722243,ID:1019,STAGE:1,SEQUENCE:1324,DATA:{'time': 1723389228.718, 'user-id': '1019', 'source': 'HAI Interface', 'destination-index': '3', 'study-stage': '1', 'decision-state': 0, 'vitals-state': 0, 'airspace-state': 0, 'data': {'page': 'map', 'action': 'hide map'}}
INFO:root:1723389231.005264,ID:1019,STAGE:1,SEQUENCE:1324,DATA:{'time': 1723389230.998, 'user-id': '1019', 'source': 'HAI Interface', 'destination-index': '3', 'study-stage': '1', 'decision-state': 0, 'vitals-state': 0, 'airspace-state': 0, 'data': {'page': 'emergency', 'action': 'trying to change destination to19'}}
INFO:root:1723389231.612684,ID:1019,STAGE:1,SEQUENCE:1324,DATA:{'time': 1723389231.609, 'user-id': '1019', 'source': 'HAI Interface', 'destination-index': '3', 'study-stage': '1', 'decision-state': 0, 'vitals-state': 0, 'airspace-state': 0, 'data': {'page': 'change-destination', 'action': 'submit button pressed'}}
INFO:root:1723389231.794585,ID:1019,STAGE:1,SEQUENCE:1324,DATA:{'time': 1723389231.739, 'user-id': 'none', 'source': 'HAI Interface', 'destination-index': 3, 'study-stage': -1, 'decision-state': 0, 'vitals-state': 0, 'airspace-state': 0, 'data': {'page': 'location', 'action': 'opened page'}}
INFO:root:1723389232.702662,ID:1019,STAGE:1,SEQUENCE:1324,DATA:{'time': 1723389232.697, 'user-id': '1019', 'source': 'HAI Interface', 'destination-index': '3', 'study-stage': '1', 'decision-state': 0, 'vitals-state': 0, 'airspace-state': 0, 'data': {'page': 'map', 'action': 'selected helipad', 'value': '21'}}
INFO:root:1723389235.409437,ID:1019,STAGE:1,SEQUENCE:1324,DATA:{'time': 1723389235.405, 'user-id': '1019', 'source': 'HAI Interface', 'destination-index': '3', 'study-stage': '1', 'decision-state': 0, 'vitals-state': 0, 'airspace-state': 0, 'data': {'page': 'location', 'action': 'confirm button pressed'}}
INFO:root:1723389236.741604,ID:1019,STAGE:1,SEQUENCE:1324,DATA:{'time': 1723389236.736, 'user-id': '1019', 'source': 'HAI Interface', 'destination-index': '9', 'study-stage': '1', 'decision-state': 0, 'vitals-state': 0, 'airspace-state': 0, 'data': {'page': 'map', 'action': 'selected helipad', 'value': '21'}}
INFO:root:1723389240.350288,ID:1019,STAGE:1,SEQUENCE:1324,DATA:{'time': 1723389240.343, 'source': 'VitalsTask', 'timer': 239.4, 'data': {'sensor': 'Heart Rate', 'action': 'log', 'data': 'action button pressed'}}
INFO:root:1723389240.352287,ID:1019,STAGE:1,SEQUENCE:1324,DATA:{'time': 1723389240.343, 'source': 'VitalsTask', 'timer': 239.4, 'data': {'sensor': 'Heart Rate', 'action': 'log', 'data': 'starting sensor action'}}
INFO:root:1723389241.025749,ID:1019,STAGE:1,SEQUENCE:1324,DATA:{'time': 1723389241.02, 'user-id': '1019', 'source': 'HAI Interface', 'destination-index': '9', 'study-stage': '1', 'decision-state': 0, 'vitals-state': 0, 'airspace-state': 0, 'data': {'page': 'emergency', 'action': 'trying to change destination to100'}}
INFO:root:1723389241.360206,ID:1019,STAGE:1,SEQUENCE:1324,DATA:{'time': 1723389241.355, 'source': 'VitalsTask', 'timer': 240.412, 'data': {'sensor': 'Heart Rate', 'action': 'log', 'data': 'sensor action complete'}}
INFO:root:1723389241.928838,ID:1019,STAGE:1,SEQUENCE:1324,DATA:{'time': 1723389241.925, 'source': 'VitalsTask', 'timer': 240.982, 'data': {'sensor': 'Heart Rate', 'action': 'save', 'data': 'action button pressed'}}
INFO:root:1723389241.932832,ID:1019,STAGE:1,SEQUENCE:1324,DATA:{'time': 1723389241.925, 'source': 'VitalsTask', 'timer': 240.982, 'data': {'sensor': 'Heart Rate', 'action': 'save', 'data': 'starting sensor action'}}
INFO:root:1723389242.941788,ID:1019,STAGE:1,SEQUENCE:1324,DATA:{'time': 1723389242.938, 'source': 'VitalsTask', 'timer': 241.995, 'data': {'sensor': 'Heart Rate', 'action': 'save', 'data': 'sensor action complete'}}
INFO:root:1723389245.099643,ID:1019,STAGE:1,SEQUENCE:1324,DATA:{'time': 1723389245.093, 'source': 'VitalsTask', 'timer': 244.15, 'data': {'sensor': 'O\u2082 Saturation', 'action': 'opened sensor tab'}}
INFO:root:1723389246.012223,ID:1019,STAGE:1,SEQUENCE:1324,DATA:{'time': 1723389246.007, 'user-id': '1019', 'source': 'HAI Interface', 'destination-index': '9', 'study-stage': '1', 'decision-state': 0, 'vitals-state': 0, 'airspace-state': 0, 'data': {'page': 'emergency', 'action': 'trying to change destination to19'}}
INFO:root:1723389247.702614,ID:1019,STAGE:1,SEQUENCE:1324,DATA:{'time': 1723389247.699, 'source': 'VitalsTask', 'timer': 246.756, 'data': {'sensor': 'O\u2082 Saturation', 'action': 'capture', 'data': 'action button pressed'}}
INFO:root:1723389247.70461,ID:1019,STAGE:1,SEQUENCE:1324,DATA:{'time': 1723389247.699, 'source': 'VitalsTask', 'timer': 246.756, 'data': {'sensor': 'O\u2082 Saturation', 'action': 'capture', 'data': 'starting sensor action'}}
INFO:root:1723389248.723963,ID:1019,STAGE:1,SEQUENCE:1324,DATA:{'time': 1723389248.717, 'source': 'VitalsTask', 'timer': 247.774, 'data': {'sensor': 'O\u2082 Saturation', 'action': 'capture', 'data': 'sensor action complete'}}
INFO:root:1723389248.725962,ID:1019,STAGE:1,SEQUENCE:1324,DATA:{'time': 1723389248.717, 'source': 'VitalsTask', 'timer': 247.774, 'data': {'sensor': 'O\u2082 Saturation', 'action': 'keypad open'}}
INFO:root:1723389249.891673,ID:1019,STAGE:1,SEQUENCE:1324,DATA:{'time': 1723389249.885, 'source': 'VitalsTask', 'timer': 248.942, 'data': {'sensor': 'O\u2082 Saturation', 'action': 'keypad press', 'key': 1, 'value': 1}}
INFO:root:1723389250.970222,ID:1019,STAGE:1,SEQUENCE:1324,DATA:{'time': 1723389250.965, 'user-id': '1019', 'source': 'HAI Interface', 'destination-index': '9', 'study-stage': '1', 'decision-state': 0, 'vitals-state': 0, 'airspace-state': 0, 'data': {'page': 'emergency', 'action': 'trying to change destination to19'}}
INFO:root:1723389251.280367,ID:1019,STAGE:1,SEQUENCE:1324,DATA:{'time': 1723389251.277, 'source': 'VitalsTask', 'timer': 250.334, 'data': {'sensor': 'O\u2082 Saturation', 'action': 'keypad press', 'key': 11, 'value': 10}}
INFO:root:1723389252.387666,ID:1019,STAGE:1,SEQUENCE:1324,DATA:{'time': 1723389252.384, 'source': 'VitalsTask', 'timer': 251.441, 'data': {'sensor': 'O\u2082 Saturation', 'action': 'keypad press', 'key': 11, 'value': 100}}
INFO:root:1723389254.743385,ID:1019,STAGE:1,SEQUENCE:1324,DATA:{'time': 1723389254.739, 'user-id': '1019', 'source': 'HAI Interface', 'destination-index': '9', 'study-stage': '1', 'decision-state': 0, 'vitals-state': 0, 'airspace-state': 0, 'data': {'action': 'radio panel opened'}}
INFO:root:1723389255.980037,ID:1019,STAGE:1,SEQUENCE:1324,DATA:{'time': 1723389255.976, 'user-id': '1019', 'source': 'HAI Interface', 'destination-index': '9', 'study-stage': '1', 'decision-state': 0, 'vitals-state': 0, 'airspace-state': 0, 'data': {'page': 'emergency', 'action': 'trying to change destination to19'}}
INFO:root:1723389260.984593,ID:1019,STAGE:1,SEQUENCE:1324,DATA:{'time': 1723389260.977, 'user-id': '1019', 'source': 'HAI Interface', 'destination-index': '9', 'study-stage': '1', 'decision-state': 0, 'vitals-state': 0, 'airspace-state': 0, 'data': {'page': 'emergency', 'action': 'trying to change destination to19'}}
INFO:root:1723389266.029548,ID:1019,STAGE:1,SEQUENCE:1324,DATA:{'time': 1723389266.022, 'user-id': '1019', 'source': 'HAI Interface', 'destination-index': '9', 'study-stage': '1', 'decision-state': 0, 'vitals-state': 0, 'airspace-state': 0, 'data': {'page': 'emergency', 'action': 'trying to change destination to19'}}
INFO:root:1723389267.576471,ID:1019,STAGE:1,SEQUENCE:1324,DATA:{'time': 1723389267.572, 'user-id': '1019', 'source': 'HAI Interface', 'destination-index': '9', 'study-stage': '1', 'decision-state': 0, 'vitals-state': 0, 'airspace-state': 0, 'data': {'action': 'receive button pressed'}}
INFO:root:1723389267.57847,ID:1019,STAGE:1,SEQUENCE:1324,DATA:{'time': 1723389267.573, 'user-id': '1019', 'source': 'HAI Interface', 'destination-index': '9', 'study-stage': '1', 'decision-state': 0, 'vitals-state': 0, 'airspace-state': 0, 'data': {'action': 'callsign set to:[object Object]'}}
INFO:root:1723389267.583549,ID:1019,STAGE:1,SEQUENCE:1324,DATA:{'time': 1723389267.573, 'user-id': '1019', 'source': 'HAI Interface', 'destination-index': '9', 'study-stage': '1', 'decision-state': 0, 'vitals-state': 0, 'airspace-state': 0, 'data': {'action': 'radio set to:Comm2'}}
INFO:root:1723389267.588535,ID:1019,STAGE:1,SEQUENCE:1324,DATA:{'time': 1723389267.576, 'user-id': '1019', 'source': 'HAI Interface', 'destination-index': '9', 'study-stage': '1', 'decision-state': 0, 'vitals-state': 0, 'airspace-state': 0, 'data': {'action': 'MEDEVACtransmitting onComm2123.45 MHz'}}
INFO:root:1723389270.949238,ID:1019,STAGE:1,SEQUENCE:1324,DATA:{'time': 1723389270.942, 'user-id': '1019', 'source': 'HAI Interface', 'destination-index': '9', 'study-stage': '1', 'decision-state': 0, 'vitals-state': 0, 'airspace-state': 0, 'data': {'page': 'emergency', 'action': 'trying to change destination to19'}}
INFO:root:Ok, continue to monitor the patients vitals and keep us updated 
INFO:root:1723389276.021042,ID:1019,STAGE:1,SEQUENCE:1324,DATA:{'time': 1723389276.014, 'user-id': '1019', 'source': 'HAI Interface', 'destination-index': '9', 'study-stage': '1', 'decision-state': 0, 'vitals-state': 0, 'airspace-state': 0, 'data': {'page': 'emergency', 'action': 'trying to change destination to19'}}
INFO:root:altitude sensor radio comm done- command to clear event and make the receieve 0 sent
INFO:root:1723389280.943738,ID:1019,STAGE:1,SEQUENCE:1324,DATA:{'time': 1723389280.937, 'user-id': '1019', 'source': 'HAI Interface', 'destination-index': '9', 'study-stage': '1', 'decision-state': 0, 'vitals-state': 0, 'airspace-state': 0, 'data': {'page': 'emergency', 'action': 'trying to change destination to19'}}
INFO:root:1723389285.898817,ID:1019,STAGE:1,SEQUENCE:1324,DATA:{'time': 1723389285.891, 'user-id': '1019', 'source': 'HAI Interface', 'destination-index': '9', 'study-stage': '1', 'decision-state': 0, 'vitals-state': 0, 'airspace-state': 0, 'data': {'page': 'emergency', 'action': 'trying to change destination to19'}}
INFO:root:1723389289.183814,ID:1019,STAGE:1,SEQUENCE:1324,DATA:{'time': 1723389289.18, 'source': 'VitalsTask', 'timer': 288.237, 'data': {'sensor': 'O\u2082 Saturation', 'action': 'show action buttons'}}
INFO:root:1723389289.18607,ID:1019,STAGE:1,SEQUENCE:1324,DATA:{'time': 1723389289.181, 'source': 'VitalsTask', 'timer': 288.238, 'data': {'sensor': 'O\u2082 Saturation', 'action': 'keypad press', 'key': 10, 'value': 100}}
INFO:root:Inflight Radio Update asked
INFO:root:sent request to set radio update complete
INFO:root:1723389290.561933,ID:1019,STAGE:1,SEQUENCE:1324,DATA:{'time': 1723389290.558, 'source': 'VitalsTask', 'timer': 289.615, 'data': {'sensor': 'O\u2082 Saturation', 'action': 'log', 'data': 'action button pressed'}}
INFO:root:1723389290.56387,ID:1019,STAGE:1,SEQUENCE:1324,DATA:{'time': 1723389290.559, 'source': 'VitalsTask', 'timer': 289.616, 'data': {'sensor': 'O\u2082 Saturation', 'action': 'log', 'data': 'starting sensor action'}}
INFO:root:1723389290.948723,ID:1019,STAGE:1,SEQUENCE:1324,DATA:{'time': 1723389290.943, 'user-id': '1019', 'source': 'HAI Interface', 'destination-index': '9', 'study-stage': '1', 'decision-state': 0, 'vitals-state': 0, 'airspace-state': 0, 'data': {'page': 'emergency', 'action': 'trying to change destination to19'}}
INFO:root:weather emergency radio comm response initiated
INFO:root:1723389291.573946,ID:1019,STAGE:1,SEQUENCE:1324,DATA:{'time': 1723389291.57, 'source': 'VitalsTask', 'timer': 290.627, 'data': {'sensor': 'O\u2082 Saturation', 'action': 'log', 'data': 'sensor action complete'}}
INFO:root:1723389292.098289,ID:1019,STAGE:1,SEQUENCE:1324,DATA:{'time': 1723389292.094, 'source': 'VitalsTask', 'timer': 291.151, 'data': {'sensor': 'O\u2082 Saturation', 'action': 'save', 'data': 'action button pressed'}}
INFO:root:1723389292.100812,ID:1019,STAGE:1,SEQUENCE:1324,DATA:{'time': 1723389292.095, 'source': 'VitalsTask', 'timer': 291.152, 'data': {'sensor': 'O\u2082 Saturation', 'action': 'save', 'data': 'starting sensor action'}}
INFO:root:1723389293.116463,ID:1019,STAGE:1,SEQUENCE:1324,DATA:{'time': 1723389293.113, 'source': 'VitalsTask', 'timer': 292.17, 'data': {'sensor': 'O\u2082 Saturation', 'action': 'save', 'data': 'sensor action complete'}}
INFO:root:1723389295.964217,ID:1019,STAGE:1,SEQUENCE:1324,DATA:{'time': 1723389295.959, 'user-id': '1019', 'source': 'HAI Interface', 'destination-index': '9', 'study-stage': '1', 'decision-state': 0, 'vitals-state': 0, 'airspace-state': 0, 'data': {'page': 'emergency', 'action': 'trying to change destination to19'}}
INFO:root:1723389299.679879,ID:1019,STAGE:1,SEQUENCE:1324,DATA:{'time': 1723389299.675, 'source': 'VitalsTask', 'timer': 298.732, 'data': {'sensor': 'Blood Pressure', 'action': 'opened sensor tab'}}
INFO:root:1723389300.969925,ID:1019,STAGE:1,SEQUENCE:1324,DATA:{'time': 1723389300.965, 'user-id': '1019', 'source': 'HAI Interface', 'destination-index': '9', 'study-stage': '1', 'decision-state': 0, 'vitals-state': 0, 'airspace-state': 0, 'data': {'page': 'emergency', 'action': 'trying to change destination to19'}}
INFO:root:1723389301.606113,ID:1019,STAGE:1,SEQUENCE:1324,DATA:{'time': 1723389301.602, 'source': 'VitalsTask', 'timer': 300.659, 'data': {'sensor': 'Blood Pressure', 'action': 'capture', 'data': 'action button pressed'}}
INFO:root:1723389301.607201,ID:1019,STAGE:1,SEQUENCE:1324,DATA:{'time': 1723389301.602, 'source': 'VitalsTask', 'timer': 300.659, 'data': {'sensor': 'Blood Pressure', 'action': 'capture', 'data': 'starting sensor action'}}
INFO:root:1723389302.621828,ID:1019,STAGE:1,SEQUENCE:1324,DATA:{'time': 1723389302.617, 'source': 'VitalsTask', 'timer': 301.674, 'data': {'sensor': 'Blood Pressure', 'action': 'capture', 'data': 'sensor action complete'}}
INFO:root:1723389302.622825,ID:1019,STAGE:1,SEQUENCE:1324,DATA:{'time': 1723389302.618, 'source': 'VitalsTask', 'timer': 301.675, 'data': {'sensor': 'Blood Pressure', 'action': 'keypad open'}}
INFO:root:Reroute to weather emergency radio comm done- command to clear event and make receive 0 sent
INFO:root:1723389305.320194,ID:1019,STAGE:1,SEQUENCE:1324,DATA:{'time': 1723389305.317, 'source': 'VitalsTask', 'timer': 304.374, 'data': {'sensor': 'Blood Pressure', 'action': 'keypad press', 'key': 1, 'value': 1}}
INFO:root:1723389305.910764,ID:1019,STAGE:1,SEQUENCE:1324,DATA:{'time': 1723389305.907, 'user-id': '1019', 'source': 'HAI Interface', 'destination-index': '9', 'study-stage': '1', 'decision-state': 0, 'vitals-state': 0, 'airspace-state': 0, 'data': {'page': 'emergency', 'action': 'trying to change destination to19'}}
INFO:root:1723389306.102424,ID:1019,STAGE:1,SEQUENCE:1324,DATA:{'time': 1723389306.099, 'source': 'VitalsTask', 'timer': 305.156, 'data': {'sensor': 'Blood Pressure', 'action': 'keypad press', 'key': 2, 'value': 12}}
INFO:root:1723389307.536956,ID:1019,STAGE:1,SEQUENCE:1324,DATA:{'time': 1723389307.532, 'source': 'VitalsTask', 'timer': 306.589, 'data': {'sensor': 'Blood Pressure', 'action': 'keypad press', 'key': 11, 'value': 120}}
INFO:root:1723389308.966257,ID:1019,STAGE:1,SEQUENCE:1324,DATA:{'time': 1723389308.962, 'source': 'VitalsTask', 'timer': 308.019, 'data': {'sensor': 'Blood Pressure', 'action': 'keypad press', 'key': 8, 'value': 1208}}
INFO:root:1723389309.943612,ID:1019,STAGE:1,SEQUENCE:1324,DATA:{'time': 1723389309.941, 'source': 'VitalsTask', 'timer': 308.998, 'data': {'sensor': 'Blood Pressure', 'action': 'keypad press', 'key': 11, 'value': 12080}}
INFO:root:1723389310.898754,ID:1019,STAGE:1,SEQUENCE:1324,DATA:{'time': 1723389310.884, 'user-id': '1019', 'source': 'HAI Interface', 'destination-index': '9', 'study-stage': '1', 'decision-state': 0, 'vitals-state': 0, 'airspace-state': 0, 'data': {'page': 'emergency', 'action': 'trying to change destination to19'}}
INFO:root:1723389311.009962,ID:1019,STAGE:1,SEQUENCE:1324,DATA:{'time': 1723389310.998, 'user-id': 'none', 'source': 'HAI Interface', 'destination-index': 3, 'study-stage': -1, 'decision-state': 0, 'vitals-state': 0, 'airspace-state': 0, 'data': {'page': 'checklist', 'action': 'opened page', 'inflight': True}}
INFO:root:1723389311.567439,ID:1019,STAGE:1,SEQUENCE:1324,DATA:{'time': 1723389311.562, 'source': 'VitalsTask', 'timer': 310.619, 'data': {'sensor': 'Blood Pressure', 'action': 'show action buttons'}}
INFO:root:1723389311.570082,ID:1019,STAGE:1,SEQUENCE:1324,DATA:{'time': 1723389311.562, 'source': 'VitalsTask', 'timer': 310.619, 'data': {'sensor': 'Blood Pressure', 'action': 'keypad press', 'key': 10, 'value': 12080}}
INFO:root:1723389311.967305,ID:1019,STAGE:1,SEQUENCE:1324,DATA:{'time': 1723389311.962, 'user-id': '1019', 'source': 'HAI Interface', 'destination-index': '9', 'study-stage': '1', 'decision-state': 0, 'vitals-state': 0, 'airspace-state': 0, 'data': {'page': 'map', 'action': 'selected helipad', 'value': '21'}}
INFO:root:1723389313.322321,ID:1019,STAGE:1,SEQUENCE:1324,DATA:{'time': 1723389313.318, 'source': 'VitalsTask', 'timer': 312.375, 'data': {'sensor': 'Blood Pressure', 'action': 'log', 'data': 'action button pressed'}}
INFO:root:1723389313.325316,ID:1019,STAGE:1,SEQUENCE:1324,DATA:{'time': 1723389313.319, 'source': 'VitalsTask', 'timer': 312.376, 'data': {'sensor': 'Blood Pressure', 'action': 'log', 'data': 'starting sensor action'}}
INFO:root:1723389314.338025,ID:1019,STAGE:1,SEQUENCE:1324,DATA:{'time': 1723389314.334, 'source': 'VitalsTask', 'timer': 313.391, 'data': {'sensor': 'Blood Pressure', 'action': 'log', 'data': 'sensor action complete'}}
INFO:root:1723389314.630307,ID:1019,STAGE:1,SEQUENCE:1324,DATA:{'time': 1723389314.626, 'source': 'VitalsTask', 'timer': 313.683, 'data': {'sensor': 'Blood Pressure', 'action': 'save', 'data': 'action button pressed'}}
INFO:root:1723389314.635397,ID:1019,STAGE:1,SEQUENCE:1324,DATA:{'time': 1723389314.627, 'source': 'VitalsTask', 'timer': 313.684, 'data': {'sensor': 'Blood Pressure', 'action': 'save', 'data': 'starting sensor action'}}
INFO:root:1723389315.645137,ID:1019,STAGE:1,SEQUENCE:1324,DATA:{'time': 1723389315.641, 'source': 'VitalsTask', 'timer': 314.698, 'data': {'sensor': 'Blood Pressure', 'action': 'save', 'data': 'sensor action complete'}}
INFO:root:1723389321.905365,ID:1019,STAGE:1,SEQUENCE:1324,DATA:{'time': 1723389321.901, 'user-id': '1019', 'source': 'HAI Interface', 'destination-index': '9', 'study-stage': '1', 'decision-state': 0, 'vitals-state': 0, 'airspace-state': 0, 'data': {'page': 'checklist', 'action': 'toggled checkbox', 'inflight': True, 'item': 0, 'value': 'OFF'}}
INFO:root:1723389324.663391,ID:1019,STAGE:1,SEQUENCE:1324,DATA:{'time': 1723389324.66, 'user-id': '1019', 'source': 'HAI Interface', 'destination-index': '9', 'study-stage': '1', 'decision-state': 0, 'vitals-state': 0, 'airspace-state': 0, 'data': {'page': 'checklist', 'action': 'toggled checkbox', 'inflight': True, 'item': 1, 'value': 'OFF'}}
INFO:root:1723389325.89381,ID:1019,STAGE:1,SEQUENCE:1324,DATA:{'time': 1723389325.889, 'user-id': '1019', 'source': 'HAI Interface', 'destination-index': '9', 'study-stage': '1', 'decision-state': 0, 'vitals-state': 0, 'airspace-state': 0, 'data': {'page': 'checklist', 'action': 'toggled checkbox', 'inflight': True, 'item': 2, 'value': 'OFF'}}
INFO:root:1723389325.899232,ID:1019,STAGE:1,SEQUENCE:1324,DATA:{'time': 1723389325.889, 'user-id': '1019', 'source': 'HAI Interface', 'destination-index': '9', 'study-stage': '1', 'decision-state': 0, 'vitals-state': 0, 'airspace-state': 0, 'data': {'page': 'checklist', 'action': 'showing confirm button', 'inflight': True}}
INFO:root:1723389326.538998,ID:1019,STAGE:1,SEQUENCE:1324,DATA:{'time': 1723389326.533, 'user-id': '1019', 'source': 'HAI Interface', 'destination-index': '9', 'study-stage': '1', 'decision-state': 0, 'vitals-state': 0, 'airspace-state': 0, 'data': {'page': 'checklist', 'action': 'confirm button clicked', 'inflight': True}}
INFO:root:1723389326.763249,ID:1019,STAGE:1,SEQUENCE:1324,DATA:{'time': 1723389326.748, 'user-id': 'none', 'source': 'HAI Interface', 'destination-index': 3, 'study-stage': -1, 'decision-state': 0, 'vitals-state': 0, 'airspace-state': 0, 'data': {'page': 'landing-confirmation', 'action': 'opened page'}}
INFO:root:1723389326.767239,ID:1019,STAGE:1,SEQUENCE:1324,DATA:{'time': 1723389326.749, 'user-id': 'none', 'source': 'HAI Interface', 'destination-index': 3, 'study-stage': -1, 'decision-state': 0, 'vitals-state': 0, 'airspace-state': 0, 'data': {'page': 'landing-confirmation', 'action': 'showing helipad confirm', 'value': 1}}
INFO:root:1723389327.71243,ID:1019,STAGE:1,SEQUENCE:1324,DATA:{'time': 1723389327.709, 'user-id': '1019', 'source': 'HAI Interface', 'destination-index': '9', 'study-stage': '1', 'decision-state': 0, 'vitals-state': 0, 'airspace-state': 0, 'data': {'page': 'map', 'action': 'selected helipad', 'value': '21'}}
INFO:root:1723389331.448424,ID:1019,STAGE:1,SEQUENCE:1324,DATA:{'time': 1723389331.444, 'user-id': '1019', 'source': 'HAI Interface', 'destination-index': '9', 'study-stage': '1', 'decision-state': 0, 'vitals-state': 0, 'airspace-state': 0, 'data': {'page': 'landing-confirmation', 'action': 'checkbox toggle', 'item': 0, 'value': 'ON'}}
INFO:root:1723389352.210067,ID:1019,STAGE:1,SEQUENCE:1324,DATA:{'time': 1723389352.204, 'source': 'VitalsTask', 'timer': 351.261, 'data': {'sensor': 'submit', 'action': 'submit'}}
INFO:root:1723389352.211886,ID:1019,STAGE:1,SEQUENCE:1324,DATA:{'time': 1723389352.204, 'source': 'VitalsTask', 'timer': 351.261, 'data': {'sensor': 'submit', 'action': 'submit', 'data': 'submit succeeded'}}
INFO:root:1723389378.993222,ID:1019,STAGE:1,SEQUENCE:1324,DATA:{'time': 1723389378.989, 'user-id': '1019', 'source': 'HAI Interface', 'destination-index': '9', 'study-stage': '1', 'decision-state': 0, 'vitals-state': 0, 'airspace-state': 0, 'data': {'page': 'landing-confirmation', 'action': 'checkbox toggle', 'item': 1, 'value': 'ON'}}
INFO:root:1723389380.595262,ID:1019,STAGE:1,SEQUENCE:1324,DATA:{'time': 1723389380.59, 'user-id': '1019', 'source': 'HAI Interface', 'destination-index': '9', 'study-stage': '1', 'decision-state': 0, 'vitals-state': 0, 'airspace-state': 0, 'data': {'page': 'landing-confirmation', 'action': 'confirmed safe to land'}}
INFO:root:1723389380.597257,ID:1019,STAGE:1,SEQUENCE:1324,DATA:{'time': 1723389380.591, 'user-id': '1019', 'source': 'HAI Interface', 'destination-index': '9', 'study-stage': '1', 'decision-state': 0, 'vitals-state': 0, 'airspace-state': 0, 'data': {'page': 'landing-confirmation', 'action': 'showing helipad ready'}}
INFO:root:1723389384.649628,ID:1019,STAGE:1,SEQUENCE:1324,DATA:{'time': 1723389384.641, 'user-id': '1019', 'source': 'HAI Interface', 'destination-index': '9', 'study-stage': '1', 'decision-state': 0, 'vitals-state': 0, 'airspace-state': 0, 'data': {'page': 'landing-confirmation', 'action': 'gave landing confirmation'}}
INFO:root:1723389384.782967,ID:1019,STAGE:1,SEQUENCE:1324,DATA:{'time': 1723389384.769, 'user-id': 'none', 'source': 'HAI Interface', 'destination-index': 3, 'study-stage': -1, 'decision-state': 0, 'vitals-state': 0, 'airspace-state': 0, 'data': {'page': 'landing-countdown', 'action': 'opened page'}}
INFO:root:1723389385.736333,ID:1019,STAGE:1,SEQUENCE:1324,DATA:{'time': 1723389385.732, 'user-id': '1019', 'source': 'HAI Interface', 'destination-index': '9', 'study-stage': '1', 'decision-state': '1', 'vitals-state': 0, 'airspace-state': 0, 'data': {'page': 'map', 'action': 'selected helipad', 'value': '21'}}
INFO:root:1723389385.785381,ID:1019,STAGE:1,SEQUENCE:1324,DATA:{'time': 1723389385.781, 'user-id': '1019', 'source': 'HAI Interface', 'destination-index': '9', 'study-stage': '1', 'decision-state': '1', 'vitals-state': 0, 'airspace-state': 0, 'data': {'page': 'landing-countdown', 'action': 'countdown changed', 'value': 5}}
INFO:root:1723389386.782699,ID:1019,STAGE:1,SEQUENCE:1324,DATA:{'time': 1723389386.779, 'user-id': '1019', 'source': 'HAI Interface', 'destination-index': '9', 'study-stage': '1', 'decision-state': '1', 'vitals-state': 0, 'airspace-state': 0, 'data': {'page': 'landing-countdown', 'action': 'countdown changed', 'value': 4}}
INFO:root:1723389387.785544,ID:1019,STAGE:1,SEQUENCE:1324,DATA:{'time': 1723389387.78, 'user-id': '1019', 'source': 'HAI Interface', 'destination-index': '9', 'study-stage': '1', 'decision-state': '1', 'vitals-state': 0, 'airspace-state': 0, 'data': {'page': 'landing-countdown', 'action': 'countdown changed', 'value': 3}}
INFO:root:Inflight Radio Update asked
INFO:root:sent request to set radio update complete
INFO:root:1723389388.783823,ID:1019,STAGE:1,SEQUENCE:1324,DATA:{'time': 1723389388.779, 'user-id': '1019', 'source': 'HAI Interface', 'destination-index': '9', 'study-stage': '1', 'decision-state': '1', 'vitals-state': 0, 'airspace-state': 0, 'data': {'page': 'landing-countdown', 'action': 'countdown changed', 'value': 2}}
INFO:root:1723389389.782627,ID:1019,STAGE:1,SEQUENCE:1324,DATA:{'time': 1723389389.779, 'user-id': '1019', 'source': 'HAI Interface', 'destination-index': '9', 'study-stage': '1', 'decision-state': '1', 'vitals-state': 0, 'airspace-state': 0, 'data': {'page': 'landing-countdown', 'action': 'countdown changed', 'value': 1}}
INFO:root:1723389390.782271,ID:1019,STAGE:1,SEQUENCE:1324,DATA:{'time': 1723389390.778, 'user-id': '1019', 'source': 'HAI Interface', 'destination-index': '9', 'study-stage': '1', 'decision-state': '1', 'vitals-state': 0, 'airspace-state': 0, 'data': {'page': 'landing-countdown', 'action': 'countdown changed', 'value': 0}}
INFO:root:1723389391.783214,ID:1019,STAGE:1,SEQUENCE:1324,DATA:{'time': 1723389391.78, 'user-id': '1019', 'source': 'HAI Interface', 'destination-index': '9', 'study-stage': '1', 'decision-state': '1', 'vitals-state': 0, 'airspace-state': 0, 'data': {'page': 'landing-countdown', 'action': 'countdown complete'}}
INFO:root:1723389391.889035,ID:1019,STAGE:1,SEQUENCE:1324,DATA:{'time': 1723389391.88, 'user-id': 'none', 'source': 'HAI Interface', 'destination-index': 3, 'study-stage': -1, 'decision-state': 0, 'vitals-state': 0, 'airspace-state': 0, 'data': {'page': 'landed', 'action': 'opened page'}}
INFO:root:1723389392.852882,ID:1019,STAGE:1,SEQUENCE:1324,DATA:{'time': 1723389392.849, 'user-id': '1019', 'source': 'HAI Interface', 'destination-index': '9', 'study-stage': '1', 'decision-state': '1', 'vitals-state': 0, 'airspace-state': 0, 'data': {'page': 'map', 'action': 'selected helipad', 'value': '21'}}
INFO:SimConnect.SimConnect:SIM Paused
INFO:SimConnect.SimConnect:SIM Stop
INFO:SimConnect.SimConnect:SIM Paused
INFO:SimConnect.SimConnect:SIM START
INFO:SimConnect.SimConnect:SIM Unpaused
