INFO:root:1723390793.30404,ID:1019,STAGE:2,SEQUENCE:1324,DATA:{'time': 1723390793.301, 'user-id': '1019', 'source': 'HAI Interface', 'destination-index': 'None', 'study-stage': '2', 'decision-state': 0, 'vitals-state': 0, 'airspace-state': 0, 'data': {'page': 'index', 'action': 'confirm button pressed'}}
INFO:root:1723390793.41059,ID:1019,STAGE:2,SEQUENCE:1324,DATA:{'time': 1723390793.403, 'user-id': 'none', 'source': 'HAI Interface', 'destination-index': 3, 'study-stage': -1, 'decision-state': 0, 'vitals-state': 0, 'airspace-state': 0, 'data': {'page': 'location', 'action': 'opened page'}}
INFO:root:Takeoff radiocomms initiated
INFO:comtypes.client._code_cache:Imported existing <module 'comtypes.gen' from 'C:\\Users\\ae-dagbeyibor3\\AppData\\Local\\Programs\\Python\\Python312\\Lib\\site-packages\\comtypes\\gen\\__init__.py'>
INFO:comtypes.client._code_cache:Using writeable comtypes cache directory: 'C:\Users\ae-dagbeyibor3\AppData\Local\Programs\Python\Python312\Lib\site-packages\comtypes\gen'
INFO:root:1723390794.376069,ID:1019,STAGE:2,SEQUENCE:1324,DATA:{'time': 1723390794.372, 'user-id': '1019', 'source': 'HAI Interface', 'destination-index': 'None', 'study-stage': '2', 'decision-state': 0, 'vitals-state': 0, 'airspace-state': 0, 'data': {'page': 'map', 'action': 'selected helipad', 'value': '21'}}
INFO:root:Takeoff radiocomms clear request sent
INFO:root:1723390812.396908,ID:1019,STAGE:2,SEQUENCE:1324,DATA:{'time': 1723390812.393, 'user-id': '1019', 'source': 'HAI Interface', 'destination-index': 'None', 'study-stage': '2', 'decision-state': 0, 'vitals-state': 0, 'airspace-state': 0, 'data': {'page': 'location', 'action': 'confirm button pressed'}}
INFO:root:1723390812.609474,ID:1019,STAGE:2,SEQUENCE:1324,DATA:{'time': 1723390812.603, 'user-id': 'none', 'source': 'HAI Interface', 'destination-index': 3, 'study-stage': -1, 'decision-state': 0, 'vitals-state': 0, 'airspace-state': 0, 'data': {'page': 'checklist', 'action': 'opened page', 'inflight': False}}
INFO:root:1723390813.578843,ID:1019,STAGE:2,SEQUENCE:1324,DATA:{'time': 1723390813.572, 'user-id': '1019', 'source': 'HAI Interface', 'destination-index': '3', 'study-stage': '2', 'decision-state': 0, 'vitals-state': 0, 'airspace-state': 0, 'data': {'page': 'map', 'action': 'selected helipad', 'value': '21'}}
INFO:root:1723390822.08952,ID:1019,STAGE:2,SEQUENCE:1324,DATA:{'time': 1723390822.086, 'user-id': '1019', 'source': 'HAI Interface', 'destination-index': '3', 'study-stage': '2', 'decision-state': 0, 'vitals-state': 0, 'airspace-state': 0, 'data': {'page': 'checklist', 'action': 'toggled checkbox', 'inflight': False, 'item': 0, 'value': 'OFF'}}
INFO:root:1723390823.028563,ID:1019,STAGE:2,SEQUENCE:1324,DATA:{'time': 1723390823.025, 'user-id': '1019', 'source': 'HAI Interface', 'destination-index': '3', 'study-stage': '2', 'decision-state': 0, 'vitals-state': 0, 'airspace-state': 0, 'data': {'page': 'checklist', 'action': 'toggled checkbox', 'inflight': False, 'item': 1, 'value': 'OFF'}}
INFO:root:1723390823.692685,ID:1019,STAGE:2,SEQUENCE:1324,DATA:{'time': 1723390823.688, 'user-id': '1019', 'source': 'HAI Interface', 'destination-index': '3', 'study-stage': '2', 'decision-state': 0, 'vitals-state': 0, 'airspace-state': 0, 'data': {'page': 'checklist', 'action': 'toggled checkbox', 'inflight': False, 'item': 2, 'value': 'OFF'}}
INFO:root:1723390823.694118,ID:1019,STAGE:2,SEQUENCE:1324,DATA:{'time': 1723390823.688, 'user-id': '1019', 'source': 'HAI Interface', 'destination-index': '3', 'study-stage': '2', 'decision-state': 0, 'vitals-state': 0, 'airspace-state': 0, 'data': {'page': 'checklist', 'action': 'showing confirm button', 'inflight': False}}
INFO:root:1723390824.326225,ID:1019,STAGE:2,SEQUENCE:1324,DATA:{'time': 1723390824.323, 'user-id': '1019', 'source': 'HAI Interface', 'destination-index': '3', 'study-stage': '2', 'decision-state': 0, 'vitals-state': 0, 'airspace-state': 0, 'data': {'page': 'checklist', 'action': 'confirm button clicked', 'inflight': False}}
INFO:root:1723390824.441011,ID:1019,STAGE:2,SEQUENCE:1324,DATA:{'time': 1723390824.428, 'user-id': 'none', 'source': 'HAI Interface', 'destination-index': 3, 'study-stage': -1, 'decision-state': 0, 'vitals-state': 0, 'airspace-state': 0, 'data': {'page': 'countdown', 'action': 'opened page'}}
INFO:root:1723390825.408909,ID:1019,STAGE:2,SEQUENCE:1324,DATA:{'time': 1723390825.405, 'user-id': '1019', 'source': 'HAI Interface', 'destination-index': '3', 'study-stage': '2', 'decision-state': 0, 'vitals-state': 0, 'airspace-state': 0, 'data': {'page': 'map', 'action': 'selected helipad', 'value': '21'}}
INFO:root:1723390825.438535,ID:1019,STAGE:2,SEQUENCE:1324,DATA:{'time': 1723390825.436, 'user-id': '1019', 'source': 'HAI Interface', 'destination-index': '3', 'study-stage': '2', 'decision-state': 0, 'vitals-state': 0, 'airspace-state': 0, 'data': {'page': 'countdown', 'action': 'countdown now 4'}}
INFO:root:1723390826.442731,ID:1019,STAGE:2,SEQUENCE:1324,DATA:{'time': 1723390826.44, 'user-id': '1019', 'source': 'HAI Interface', 'destination-index': '3', 'study-stage': '2', 'decision-state': 0, 'vitals-state': 0, 'airspace-state': 0, 'data': {'page': 'countdown', 'action': 'countdown now 3'}}
INFO:root:1723390827.443695,ID:1019,STAGE:2,SEQUENCE:1324,DATA:{'time': 1723390827.44, 'user-id': '1019', 'source': 'HAI Interface', 'destination-index': '3', 'study-stage': '2', 'decision-state': 0, 'vitals-state': 0, 'airspace-state': 0, 'data': {'page': 'countdown', 'action': 'countdown now 2'}}
INFO:root:1723390828.433872,ID:1019,STAGE:2,SEQUENCE:1324,DATA:{'time': 1723390828.43, 'user-id': '1019', 'source': 'HAI Interface', 'destination-index': '3', 'study-stage': '2', 'decision-state': 0, 'vitals-state': 0, 'airspace-state': 0, 'data': {'page': 'countdown', 'action': 'countdown now 1'}}
INFO:root:1723390829.436172,ID:1019,STAGE:2,SEQUENCE:1324,DATA:{'time': 1723390829.433, 'user-id': '1019', 'source': 'HAI Interface', 'destination-index': '3', 'study-stage': '2', 'decision-state': 0, 'vitals-state': 0, 'airspace-state': 0, 'data': {'page': 'countdown', 'action': 'countdown now 0'}}
INFO:root:1723390830.438863,ID:1019,STAGE:2,SEQUENCE:1324,DATA:{'time': 1723390830.434, 'user-id': '1019', 'source': 'HAI Interface', 'destination-index': '3', 'study-stage': '2', 'decision-state': 0, 'vitals-state': 0, 'airspace-state': 0, 'data': {'page': 'countdown', 'action': 'countdown complete'}}
INFO:root:1723390831.790781,ID:1019,STAGE:2,SEQUENCE:1324,DATA:{'time': 1723390831.787, 'user-id': '1019', 'source': 'HAI Interface', 'destination-index': '3', 'study-stage': '2', 'decision-state': 0, 'vitals-state': 0, 'airspace-state': 0, 'data': {'page': 'map', 'action': 'selected helipad', 'value': '21'}}
INFO:root:Inflight Radio Update asked
INFO:root:sent request to set radio update complete
INFO:root:1723390840.687898,ID:1019,STAGE:2,SEQUENCE:1324,DATA:{'time': 1723390840.683, 'user-id': '1019', 'source': 'HAI Interface', 'destination-index': '3', 'study-stage': '2', 'decision-state': 0, 'vitals-state': 0, 'airspace-state': 0, 'data': {'action': 'radio panel opened'}}
INFO:root:1723390848.228893,ID:1019,STAGE:2,SEQUENCE:1324,DATA:{'time': 1723390848.224, 'user-id': '1019', 'source': 'HAI Interface', 'destination-index': '3', 'study-stage': '2', 'decision-state': 0, 'vitals-state': 0, 'airspace-state': 0, 'data': {'action': 'transmit button pressed'}}
INFO:root:1723390848.232882,ID:1019,STAGE:2,SEQUENCE:1324,DATA:{'time': 1723390848.225, 'user-id': '1019', 'source': 'HAI Interface', 'destination-index': '3', 'study-stage': '2', 'decision-state': 0, 'vitals-state': 0, 'airspace-state': 0, 'data': {'action': 'callsign set to: + NASXGS'}}
INFO:root:1723390848.23388,ID:1019,STAGE:2,SEQUENCE:1324,DATA:{'time': 1723390848.225, 'user-id': '1019', 'source': 'HAI Interface', 'destination-index': '3', 'study-stage': '2', 'decision-state': 0, 'vitals-state': 0, 'airspace-state': 0, 'data': {'action': 'radio set to:Comm1'}}
INFO:root:1723390848.234876,ID:1019,STAGE:2,SEQUENCE:1324,DATA:{'time': 1723390848.226, 'user-id': '1019', 'source': 'HAI Interface', 'destination-index': '3', 'study-stage': '2', 'decision-state': 0, 'vitals-state': 0, 'airspace-state': 0, 'data': {'page': 'map', 'action': 'show map'}}
INFO:root:1723390848.235874,ID:1019,STAGE:2,SEQUENCE:1324,DATA:{'time': 1723390848.226, 'user-id': '1019', 'source': 'HAI Interface', 'destination-index': '3', 'study-stage': '2', 'decision-state': 0, 'vitals-state': 0, 'airspace-state': 0, 'data': {'page': 'map', 'action': 'selected helipad', 'value': '21'}}
INFO:root:1723390848.239863,ID:1019,STAGE:2,SEQUENCE:1324,DATA:{'time': 1723390848.23, 'user-id': '1019', 'source': 'HAI Interface', 'destination-index': '3', 'study-stage': '2', 'decision-state': 0, 'vitals-state': 0, 'airspace-state': 0, 'data': {'action': 'NASXGStransmitting updates onComm1123.45 MHz'}}
INFO:root:1723390881.446377,ID:1019,STAGE:2,SEQUENCE:1324,DATA:{'time': 1723390881.443, 'user-id': '1019', 'source': 'HAI Interface', 'destination-index': '3', 'study-stage': '2', 'decision-state': 0, 'vitals-state': 0, 'airspace-state': 0, 'data': {'page': 'map', 'action': 'hide map'}}
INFO:root:1723390884.587733,ID:1019,STAGE:2,SEQUENCE:1324,DATA:{'time': 1723390884.585, 'user-id': '1019', 'source': 'HAI Interface', 'destination-index': '3', 'study-stage': '2', 'decision-state': 0, 'vitals-state': 0, 'airspace-state': 0, 'data': {'page': 'inflight', 'action': 'displaying vitals prompt'}}
INFO:root:1723390891.035615,ID:1019,STAGE:2,SEQUENCE:1324,DATA:{'time': 1723390891.031, 'source': 'VitalsTask', 'timer': 130.771, 'data': {'sensor': 'Heart Rate', 'action': 'opened sensor tab'}}
INFO:root:1723390893.180828,ID:1019,STAGE:2,SEQUENCE:1324,DATA:{'time': 1723390893.176, 'source': 'VitalsTask', 'timer': 132.916, 'data': {'sensor': 'Heart Rate', 'action': 'capture', 'data': 'action button pressed'}}
INFO:root:1723390893.185328,ID:1019,STAGE:2,SEQUENCE:1324,DATA:{'time': 1723390893.176, 'source': 'VitalsTask', 'timer': 132.916, 'data': {'sensor': 'Heart Rate', 'action': 'capture', 'data': 'starting sensor action'}}
INFO:root:1723390894.199661,ID:1019,STAGE:2,SEQUENCE:1324,DATA:{'time': 1723390894.195, 'source': 'VitalsTask', 'timer': 133.935, 'data': {'sensor': 'Heart Rate', 'action': 'capture', 'data': 'sensor action complete'}}
INFO:root:1723390894.201657,ID:1019,STAGE:2,SEQUENCE:1324,DATA:{'time': 1723390894.195, 'source': 'VitalsTask', 'timer': 133.935, 'data': {'sensor': 'Heart Rate', 'action': 'keypad open'}}
INFO:root:1723390895.472708,ID:1019,STAGE:2,SEQUENCE:1324,DATA:{'time': 1723390895.468, 'source': 'VitalsTask', 'timer': 135.208, 'data': {'sensor': 'Heart Rate', 'action': 'keypad press', 'key': 5, 'value': 5}}
INFO:root:1723390896.361084,ID:1019,STAGE:2,SEQUENCE:1324,DATA:{'time': 1723390896.356, 'source': 'VitalsTask', 'timer': 136.096, 'data': {'sensor': 'Heart Rate', 'action': 'keypad press', 'key': 5, 'value': 55}}
INFO:root:1723390897.53732,ID:1019,STAGE:2,SEQUENCE:1324,DATA:{'time': 1723390897.532, 'source': 'VitalsTask', 'timer': 137.272, 'data': {'sensor': 'Heart Rate', 'action': 'show action buttons'}}
INFO:root:1723390897.539314,ID:1019,STAGE:2,SEQUENCE:1324,DATA:{'time': 1723390897.533, 'source': 'VitalsTask', 'timer': 137.273, 'data': {'sensor': 'Heart Rate', 'action': 'keypad press', 'key': 10, 'value': 55}}
INFO:root:1723390898.670414,ID:1019,STAGE:2,SEQUENCE:1324,DATA:{'time': 1723390898.665, 'source': 'VitalsTask', 'timer': 138.405, 'data': {'sensor': 'Heart Rate', 'action': 'log', 'data': 'action button pressed'}}
INFO:root:1723390898.673432,ID:1019,STAGE:2,SEQUENCE:1324,DATA:{'time': 1723390898.665, 'source': 'VitalsTask', 'timer': 138.405, 'data': {'sensor': 'Heart Rate', 'action': 'log', 'data': 'starting sensor action'}}
INFO:root:1723390899.681504,ID:1019,STAGE:2,SEQUENCE:1324,DATA:{'time': 1723390899.677, 'source': 'VitalsTask', 'timer': 139.417, 'data': {'sensor': 'Heart Rate', 'action': 'log', 'data': 'sensor action complete'}}
INFO:root:1723390900.311566,ID:1019,STAGE:2,SEQUENCE:1324,DATA:{'time': 1723390900.308, 'source': 'VitalsTask', 'timer': 140.048, 'data': {'sensor': 'Heart Rate', 'action': 'save', 'data': 'action button pressed'}}
INFO:root:1723390900.313606,ID:1019,STAGE:2,SEQUENCE:1324,DATA:{'time': 1723390900.308, 'source': 'VitalsTask', 'timer': 140.048, 'data': {'sensor': 'Heart Rate', 'action': 'save', 'data': 'starting sensor action'}}
INFO:root:1723390901.332319,ID:1019,STAGE:2,SEQUENCE:1324,DATA:{'time': 1723390901.325, 'source': 'VitalsTask', 'timer': 141.065, 'data': {'sensor': 'Heart Rate', 'action': 'save', 'data': 'sensor action complete'}}
INFO:root:1723390901.521806,ID:1019,STAGE:2,SEQUENCE:1324,DATA:{'time': 1723390901.517, 'source': 'VitalsTask', 'timer': 141.257, 'data': {'sensor': 'O\u2082 Saturation', 'action': 'opened sensor tab'}}
INFO:root:1723390902.802124,ID:1019,STAGE:2,SEQUENCE:1324,DATA:{'time': 1723390902.798, 'source': 'VitalsTask', 'timer': 142.538, 'data': {'sensor': 'O\u2082 Saturation', 'action': 'capture', 'data': 'action button pressed'}}
INFO:root:1723390902.803121,ID:1019,STAGE:2,SEQUENCE:1324,DATA:{'time': 1723390902.798, 'source': 'VitalsTask', 'timer': 142.538, 'data': {'sensor': 'O\u2082 Saturation', 'action': 'capture', 'data': 'starting sensor action'}}
INFO:root:1723390903.821853,ID:1019,STAGE:2,SEQUENCE:1324,DATA:{'time': 1723390903.818, 'source': 'VitalsTask', 'timer': 143.558, 'data': {'sensor': 'O\u2082 Saturation', 'action': 'capture', 'data': 'sensor action complete'}}
INFO:root:1723390903.823454,ID:1019,STAGE:2,SEQUENCE:1324,DATA:{'time': 1723390903.818, 'source': 'VitalsTask', 'timer': 143.558, 'data': {'sensor': 'O\u2082 Saturation', 'action': 'keypad open'}}
INFO:root:1723390905.019107,ID:1019,STAGE:2,SEQUENCE:1324,DATA:{'time': 1723390905.015, 'source': 'VitalsTask', 'timer': 144.755, 'data': {'sensor': 'O\u2082 Saturation', 'action': 'keypad press', 'key': 1, 'value': 1}}
INFO:root:1723390906.356134,ID:1019,STAGE:2,SEQUENCE:1324,DATA:{'time': 1723390906.351, 'source': 'VitalsTask', 'timer': 146.091, 'data': {'sensor': 'O\u2082 Saturation', 'action': 'keypad press', 'key': 11, 'value': 10}}
INFO:root:1723390906.920958,ID:1019,STAGE:2,SEQUENCE:1324,DATA:{'time': 1723390906.916, 'source': 'VitalsTask', 'timer': 146.656, 'data': {'sensor': 'O\u2082 Saturation', 'action': 'keypad press', 'key': 11, 'value': 100}}
INFO:root:1723390909.368373,ID:1019,STAGE:2,SEQUENCE:1324,DATA:{'time': 1723390909.363, 'source': 'VitalsTask', 'timer': 149.103, 'data': {'sensor': 'O\u2082 Saturation', 'action': 'show action buttons'}}
INFO:root:1723390909.370591,ID:1019,STAGE:2,SEQUENCE:1324,DATA:{'time': 1723390909.364, 'source': 'VitalsTask', 'timer': 149.104, 'data': {'sensor': 'O\u2082 Saturation', 'action': 'keypad press', 'key': 10, 'value': 100}}
INFO:root:1723390910.8052,ID:1019,STAGE:2,SEQUENCE:1324,DATA:{'time': 1723390910.797, 'source': 'VitalsTask', 'timer': 150.537, 'data': {'sensor': 'O\u2082 Saturation', 'action': 'log', 'data': 'action button pressed'}}
INFO:root:1723390910.807195,ID:1019,STAGE:2,SEQUENCE:1324,DATA:{'time': 1723390910.797, 'source': 'VitalsTask', 'timer': 150.537, 'data': {'sensor': 'O\u2082 Saturation', 'action': 'log', 'data': 'starting sensor action'}}
INFO:root:1723390911.816596,ID:1019,STAGE:2,SEQUENCE:1324,DATA:{'time': 1723390911.811, 'source': 'VitalsTask', 'timer': 151.551, 'data': {'sensor': 'O\u2082 Saturation', 'action': 'log', 'data': 'sensor action complete'}}
INFO:root:1723390912.264733,ID:1019,STAGE:2,SEQUENCE:1324,DATA:{'time': 1723390912.26, 'source': 'VitalsTask', 'timer': 152, 'data': {'sensor': 'O\u2082 Saturation', 'action': 'save', 'data': 'action button pressed'}}
INFO:root:1723390912.266923,ID:1019,STAGE:2,SEQUENCE:1324,DATA:{'time': 1723390912.26, 'source': 'VitalsTask', 'timer': 152, 'data': {'sensor': 'O\u2082 Saturation', 'action': 'save', 'data': 'starting sensor action'}}
INFO:root:1723390913.279789,ID:1019,STAGE:2,SEQUENCE:1324,DATA:{'time': 1723390913.276, 'source': 'VitalsTask', 'timer': 153.016, 'data': {'sensor': 'O\u2082 Saturation', 'action': 'save', 'data': 'sensor action complete'}}
INFO:root:1723390914.005592,ID:1019,STAGE:2,SEQUENCE:1324,DATA:{'time': 1723390914.002, 'source': 'VitalsTask', 'timer': 153.742, 'data': {'sensor': 'Blood Pressure', 'action': 'opened sensor tab'}}
INFO:root:1723390915.241439,ID:1019,STAGE:2,SEQUENCE:1324,DATA:{'time': 1723390915.237, 'source': 'VitalsTask', 'timer': 154.977, 'data': {'sensor': 'Blood Pressure', 'action': 'capture', 'data': 'action button pressed'}}
INFO:root:1723390915.242442,ID:1019,STAGE:2,SEQUENCE:1324,DATA:{'time': 1723390915.237, 'source': 'VitalsTask', 'timer': 154.977, 'data': {'sensor': 'Blood Pressure', 'action': 'capture', 'data': 'starting sensor action'}}
INFO:root:1723390916.258435,ID:1019,STAGE:2,SEQUENCE:1324,DATA:{'time': 1723390916.254, 'source': 'VitalsTask', 'timer': 155.994, 'data': {'sensor': 'Blood Pressure', 'action': 'capture', 'data': 'sensor action complete'}}
INFO:root:1723390916.260945,ID:1019,STAGE:2,SEQUENCE:1324,DATA:{'time': 1723390916.254, 'source': 'VitalsTask', 'timer': 155.994, 'data': {'sensor': 'Blood Pressure', 'action': 'keypad open'}}
INFO:root:1723390917.20207,ID:1019,STAGE:2,SEQUENCE:1324,DATA:{'time': 1723390917.198, 'source': 'VitalsTask', 'timer': 156.938, 'data': {'sensor': 'Blood Pressure', 'action': 'keypad press', 'key': 1, 'value': 1}}
INFO:root:1723390918.057889,ID:1019,STAGE:2,SEQUENCE:1324,DATA:{'time': 1723390918.052, 'source': 'VitalsTask', 'timer': 157.792, 'data': {'sensor': 'Blood Pressure', 'action': 'keypad press', 'key': 2, 'value': 12}}
INFO:root:1723390919.24939,ID:1019,STAGE:2,SEQUENCE:1324,DATA:{'time': 1723390919.245, 'source': 'VitalsTask', 'timer': 158.985, 'data': {'sensor': 'Blood Pressure', 'action': 'keypad press', 'key': 11, 'value': 120}}
INFO:root:1723390921.156725,ID:1019,STAGE:2,SEQUENCE:1324,DATA:{'time': 1723390921.15, 'source': 'VitalsTask', 'timer': 160.89, 'data': {'sensor': 'Blood Pressure', 'action': 'keypad press', 'key': 8, 'value': 1208}}
INFO:root:1723390922.105885,ID:1019,STAGE:2,SEQUENCE:1324,DATA:{'time': 1723390922.101, 'source': 'VitalsTask', 'timer': 161.841, 'data': {'sensor': 'Blood Pressure', 'action': 'keypad press', 'key': 11, 'value': 12080}}
INFO:root:1723390923.023774,ID:1019,STAGE:2,SEQUENCE:1324,DATA:{'time': 1723390923.019, 'source': 'VitalsTask', 'timer': 162.759, 'data': {'sensor': 'Blood Pressure', 'action': 'show action buttons'}}
INFO:root:1723390923.025708,ID:1019,STAGE:2,SEQUENCE:1324,DATA:{'time': 1723390923.02, 'source': 'VitalsTask', 'timer': 162.76, 'data': {'sensor': 'Blood Pressure', 'action': 'keypad press', 'key': 10, 'value': 12080}}
INFO:root:1723390924.295757,ID:1019,STAGE:2,SEQUENCE:1324,DATA:{'time': 1723390924.285, 'source': 'VitalsTask', 'timer': 164.025, 'data': {'sensor': 'Blood Pressure', 'action': 'log', 'data': 'action button pressed'}}
INFO:root:1723390924.29875,ID:1019,STAGE:2,SEQUENCE:1324,DATA:{'time': 1723390924.286, 'source': 'VitalsTask', 'timer': 164.026, 'data': {'sensor': 'Blood Pressure', 'action': 'log', 'data': 'starting sensor action'}}
INFO:root:1723390925.303824,ID:1019,STAGE:2,SEQUENCE:1324,DATA:{'time': 1723390925.3, 'source': 'VitalsTask', 'timer': 165.04, 'data': {'sensor': 'Blood Pressure', 'action': 'log', 'data': 'sensor action complete'}}
INFO:root:1723390925.493111,ID:1019,STAGE:2,SEQUENCE:1324,DATA:{'time': 1723390925.485, 'source': 'VitalsTask', 'timer': 165.225, 'data': {'sensor': 'Blood Pressure', 'action': 'save', 'data': 'action button pressed'}}
INFO:root:1723390925.495105,ID:1019,STAGE:2,SEQUENCE:1324,DATA:{'time': 1723390925.485, 'source': 'VitalsTask', 'timer': 165.225, 'data': {'sensor': 'Blood Pressure', 'action': 'save', 'data': 'starting sensor action'}}
INFO:root:1723390926.51034,ID:1019,STAGE:2,SEQUENCE:1324,DATA:{'time': 1723390926.503, 'source': 'VitalsTask', 'timer': 166.243, 'data': {'sensor': 'Blood Pressure', 'action': 'save', 'data': 'sensor action complete'}}
INFO:root:1723390927.744122,ID:1019,STAGE:2,SEQUENCE:1324,DATA:{'time': 1723390927.739, 'source': 'VitalsTask', 'timer': 167.479, 'data': {'sensor': 'submit', 'action': 'submit'}}
INFO:root:1723390927.746117,ID:1019,STAGE:2,SEQUENCE:1324,DATA:{'time': 1723390927.739, 'source': 'VitalsTask', 'timer': 167.479, 'data': {'sensor': 'submit', 'action': 'submit', 'data': 'submit succeeded'}}
INFO:root:1723390931.560647,ID:1019,STAGE:2,SEQUENCE:1324,DATA:{'time': 1723390931.555, 'user-id': '1019', 'source': 'HAI Interface', 'destination-index': '3', 'study-stage': '2', 'decision-state': 0, 'vitals-state': 0, 'airspace-state': 0, 'data': {'page': 'inflight', 'action': 'user acknowledged vitals prompt'}}
INFO:root:Inflight Radio Update asked
INFO:root:sent request to set radio update complete
INFO:root:1723390940.833513,ID:1019,STAGE:2,SEQUENCE:1324,DATA:{'time': 1723390940.829, 'user-id': '1019', 'source': 'HAI Interface', 'destination-index': '3', 'study-stage': '2', 'decision-state': 0, 'vitals-state': 0, 'airspace-state': 0, 'data': {'page': 'map', 'action': 'show map'}}
INFO:root:1723390940.835016,ID:1019,STAGE:2,SEQUENCE:1324,DATA:{'time': 1723390940.83, 'user-id': '1019', 'source': 'HAI Interface', 'destination-index': '3', 'study-stage': '2', 'decision-state': 0, 'vitals-state': 0, 'airspace-state': 0, 'data': {'page': 'map', 'action': 'selected helipad', 'value': '21'}}
INFO:root:1723390944.945498,ID:1019,STAGE:2,SEQUENCE:1324,DATA:{'time': 1723390944.941, 'user-id': '1019', 'source': 'HAI Interface', 'destination-index': '3', 'study-stage': '2', 'decision-state': 0, 'vitals-state': 0, 'airspace-state': 0, 'data': {'action': 'transmit button pressed'}}
INFO:root:1723390944.949202,ID:1019,STAGE:2,SEQUENCE:1324,DATA:{'time': 1723390944.941, 'user-id': '1019', 'source': 'HAI Interface', 'destination-index': '3', 'study-stage': '2', 'decision-state': 0, 'vitals-state': 0, 'airspace-state': 0, 'data': {'action': 'callsign set to: + NASXGS'}}
INFO:root:1723390944.951197,ID:1019,STAGE:2,SEQUENCE:1324,DATA:{'time': 1723390944.941, 'user-id': '1019', 'source': 'HAI Interface', 'destination-index': '3', 'study-stage': '2', 'decision-state': 0, 'vitals-state': 0, 'airspace-state': 0, 'data': {'action': 'radio set to:Comm1'}}
INFO:root:1723390944.955698,ID:1019,STAGE:2,SEQUENCE:1324,DATA:{'time': 1723390944.942, 'user-id': '1019', 'source': 'HAI Interface', 'destination-index': '3', 'study-stage': '2', 'decision-state': 0, 'vitals-state': 0, 'airspace-state': 0, 'data': {'page': 'map', 'action': 'show map'}}
INFO:root:1723390944.960198,ID:1019,STAGE:2,SEQUENCE:1324,DATA:{'time': 1723390944.942, 'user-id': '1019', 'source': 'HAI Interface', 'destination-index': '3', 'study-stage': '2', 'decision-state': 0, 'vitals-state': 0, 'airspace-state': 0, 'data': {'page': 'map', 'action': 'selected helipad', 'value': '21'}}
INFO:root:1723390944.964725,ID:1019,STAGE:2,SEQUENCE:1324,DATA:{'time': 1723390944.947, 'user-id': '1019', 'source': 'HAI Interface', 'destination-index': '3', 'study-stage': '2', 'decision-state': 0, 'vitals-state': 0, 'airspace-state': 0, 'data': {'action': 'NASXGStransmitting updates onComm1123.45 MHz'}}
INFO:root:1723390976.83598,ID:1019,STAGE:2,SEQUENCE:1324,DATA:{'time': 1723390976.831, 'user-id': '1019', 'source': 'HAI Interface', 'destination-index': '3', 'study-stage': '2', 'decision-state': 0, 'vitals-state': 0, 'airspace-state': 0, 'data': {'page': 'map', 'action': 'hide map'}}
INFO:root:1723390982.946394,ID:1019,STAGE:2,SEQUENCE:1324,DATA:{'time': 1723390982.941, 'user-id': '1019', 'source': 'HAI Interface', 'destination-index': '3', 'study-stage': '2', 'decision-state': 0, 'vitals-state': 0, 'airspace-state': 0, 'data': {'page': 'inflight', 'action': 'displaying vitals prompt'}}
INFO:root:1723390987.823549,ID:1019,STAGE:2,SEQUENCE:1324,DATA:{'time': 1723390987.819, 'source': 'VitalsTask', 'timer': 60.079, 'data': {'sensor': 'Heart Rate', 'action': 'opened sensor tab'}}
INFO:root:1723390989.928697,ID:1019,STAGE:2,SEQUENCE:1324,DATA:{'time': 1723390989.922, 'source': 'VitalsTask', 'timer': 62.182, 'data': {'sensor': 'Heart Rate', 'action': 'capture', 'data': 'action button pressed'}}
INFO:root:1723390989.935339,ID:1019,STAGE:2,SEQUENCE:1324,DATA:{'time': 1723390989.922, 'source': 'VitalsTask', 'timer': 62.182, 'data': {'sensor': 'Heart Rate', 'action': 'capture', 'data': 'starting sensor action'}}
INFO:root:1723390990.942449,ID:1019,STAGE:2,SEQUENCE:1324,DATA:{'time': 1723390990.938, 'source': 'VitalsTask', 'timer': 63.198, 'data': {'sensor': 'Heart Rate', 'action': 'capture', 'data': 'sensor action complete'}}
INFO:root:1723390990.944673,ID:1019,STAGE:2,SEQUENCE:1324,DATA:{'time': 1723390990.939, 'source': 'VitalsTask', 'timer': 63.199, 'data': {'sensor': 'Heart Rate', 'action': 'keypad open'}}
INFO:root:1723390992.608289,ID:1019,STAGE:2,SEQUENCE:1324,DATA:{'time': 1723390992.605, 'source': 'VitalsTask', 'timer': 64.865, 'data': {'sensor': 'Heart Rate', 'action': 'keypad press', 'key': 5, 'value': 5}}
INFO:root:1723390993.603721,ID:1019,STAGE:2,SEQUENCE:1324,DATA:{'time': 1723390993.599, 'source': 'VitalsTask', 'timer': 65.859, 'data': {'sensor': 'Heart Rate', 'action': 'keypad press', 'key': 5, 'value': 55}}
INFO:root:1723390995.279697,ID:1019,STAGE:2,SEQUENCE:1324,DATA:{'time': 1723390995.274, 'source': 'VitalsTask', 'timer': 67.534, 'data': {'sensor': 'Heart Rate', 'action': 'show action buttons'}}
INFO:root:1723390995.281692,ID:1019,STAGE:2,SEQUENCE:1324,DATA:{'time': 1723390995.275, 'source': 'VitalsTask', 'timer': 67.535, 'data': {'sensor': 'Heart Rate', 'action': 'keypad press', 'key': 10, 'value': 55}}
INFO:root:1723390996.791512,ID:1019,STAGE:2,SEQUENCE:1324,DATA:{'time': 1723390996.786, 'source': 'VitalsTask', 'timer': 69.046, 'data': {'sensor': 'Heart Rate', 'action': 'log', 'data': 'action button pressed'}}
INFO:root:1723390996.79303,ID:1019,STAGE:2,SEQUENCE:1324,DATA:{'time': 1723390996.786, 'source': 'VitalsTask', 'timer': 69.046, 'data': {'sensor': 'Heart Rate', 'action': 'log', 'data': 'starting sensor action'}}
INFO:root:1723390997.804238,ID:1019,STAGE:2,SEQUENCE:1324,DATA:{'time': 1723390997.8, 'source': 'VitalsTask', 'timer': 70.06, 'data': {'sensor': 'Heart Rate', 'action': 'log', 'data': 'sensor action complete'}}
INFO:root:1723390998.345338,ID:1019,STAGE:2,SEQUENCE:1324,DATA:{'time': 1723390998.341, 'source': 'VitalsTask', 'timer': 70.601, 'data': {'sensor': 'Heart Rate', 'action': 'save', 'data': 'action button pressed'}}
INFO:root:1723390998.347332,ID:1019,STAGE:2,SEQUENCE:1324,DATA:{'time': 1723390998.341, 'source': 'VitalsTask', 'timer': 70.601, 'data': {'sensor': 'Heart Rate', 'action': 'save', 'data': 'starting sensor action'}}
INFO:root:1723390999.356148,ID:1019,STAGE:2,SEQUENCE:1324,DATA:{'time': 1723390999.352, 'source': 'VitalsTask', 'timer': 71.612, 'data': {'sensor': 'Heart Rate', 'action': 'save', 'data': 'sensor action complete'}}
INFO:root:1723391000.089655,ID:1019,STAGE:2,SEQUENCE:1324,DATA:{'time': 1723391000.085, 'source': 'VitalsTask', 'timer': 72.345, 'data': {'sensor': 'O\u2082 Saturation', 'action': 'opened sensor tab'}}
INFO:root:1723391001.420979,ID:1019,STAGE:2,SEQUENCE:1324,DATA:{'time': 1723391001.417, 'source': 'VitalsTask', 'timer': 73.677, 'data': {'sensor': 'O\u2082 Saturation', 'action': 'capture', 'data': 'action button pressed'}}
INFO:root:1723391001.421976,ID:1019,STAGE:2,SEQUENCE:1324,DATA:{'time': 1723391001.417, 'source': 'VitalsTask', 'timer': 73.677, 'data': {'sensor': 'O\u2082 Saturation', 'action': 'capture', 'data': 'starting sensor action'}}
INFO:root:1723391002.437802,ID:1019,STAGE:2,SEQUENCE:1324,DATA:{'time': 1723391002.433, 'source': 'VitalsTask', 'timer': 74.693, 'data': {'sensor': 'O\u2082 Saturation', 'action': 'capture', 'data': 'sensor action complete'}}
INFO:root:1723391002.4388,ID:1019,STAGE:2,SEQUENCE:1324,DATA:{'time': 1723391002.435, 'source': 'VitalsTask', 'timer': 74.695, 'data': {'sensor': 'O\u2082 Saturation', 'action': 'keypad open'}}
INFO:root:1723391003.443263,ID:1019,STAGE:2,SEQUENCE:1324,DATA:{'time': 1723391003.439, 'source': 'VitalsTask', 'timer': 75.699, 'data': {'sensor': 'O\u2082 Saturation', 'action': 'keypad press', 'key': 1, 'value': 1}}
INFO:root:1723391004.743785,ID:1019,STAGE:2,SEQUENCE:1324,DATA:{'time': 1723391004.737, 'source': 'VitalsTask', 'timer': 76.997, 'data': {'sensor': 'O\u2082 Saturation', 'action': 'keypad press', 'key': 11, 'value': 10}}
INFO:root:1723391005.218005,ID:1019,STAGE:2,SEQUENCE:1324,DATA:{'time': 1723391005.213, 'source': 'VitalsTask', 'timer': 77.473, 'data': {'sensor': 'O\u2082 Saturation', 'action': 'keypad press', 'key': 11, 'value': 100}}
INFO:root:1723391006.606223,ID:1019,STAGE:2,SEQUENCE:1324,DATA:{'time': 1723391006.601, 'source': 'VitalsTask', 'timer': 78.861, 'data': {'sensor': 'O\u2082 Saturation', 'action': 'show action buttons'}}
INFO:root:1723391006.60822,ID:1019,STAGE:2,SEQUENCE:1324,DATA:{'time': 1723391006.601, 'source': 'VitalsTask', 'timer': 78.861, 'data': {'sensor': 'O\u2082 Saturation', 'action': 'keypad press', 'key': 10, 'value': 100}}
INFO:root:1723391008.116429,ID:1019,STAGE:2,SEQUENCE:1324,DATA:{'time': 1723391008.11, 'source': 'VitalsTask', 'timer': 80.37, 'data': {'sensor': 'O\u2082 Saturation', 'action': 'log', 'data': 'action button pressed'}}
INFO:root:1723391008.118427,ID:1019,STAGE:2,SEQUENCE:1324,DATA:{'time': 1723391008.11, 'source': 'VitalsTask', 'timer': 80.37, 'data': {'sensor': 'O\u2082 Saturation', 'action': 'log', 'data': 'starting sensor action'}}
INFO:root:1723391009.130233,ID:1019,STAGE:2,SEQUENCE:1324,DATA:{'time': 1723391009.125, 'source': 'VitalsTask', 'timer': 81.385, 'data': {'sensor': 'O\u2082 Saturation', 'action': 'log', 'data': 'sensor action complete'}}
INFO:root:1723391009.844131,ID:1019,STAGE:2,SEQUENCE:1324,DATA:{'time': 1723391009.838, 'source': 'VitalsTask', 'timer': 82.098, 'data': {'sensor': 'O\u2082 Saturation', 'action': 'save', 'data': 'action button pressed'}}
INFO:root:1723391009.848633,ID:1019,STAGE:2,SEQUENCE:1324,DATA:{'time': 1723391009.838, 'source': 'VitalsTask', 'timer': 82.098, 'data': {'sensor': 'O\u2082 Saturation', 'action': 'save', 'data': 'starting sensor action'}}
INFO:root:1723391010.85826,ID:1019,STAGE:2,SEQUENCE:1324,DATA:{'time': 1723391010.853, 'source': 'VitalsTask', 'timer': 83.113, 'data': {'sensor': 'O\u2082 Saturation', 'action': 'save', 'data': 'sensor action complete'}}
INFO:root:1723391011.896526,ID:1019,STAGE:2,SEQUENCE:1324,DATA:{'time': 1723391011.893, 'source': 'VitalsTask', 'timer': 84.153, 'data': {'sensor': 'Blood Pressure', 'action': 'opened sensor tab'}}
INFO:root:1723391013.078607,ID:1019,STAGE:2,SEQUENCE:1324,DATA:{'time': 1723391013.072, 'source': 'VitalsTask', 'timer': 85.332, 'data': {'sensor': 'Blood Pressure', 'action': 'capture', 'data': 'action button pressed'}}
INFO:root:1723391013.080606,ID:1019,STAGE:2,SEQUENCE:1324,DATA:{'time': 1723391013.073, 'source': 'VitalsTask', 'timer': 85.333, 'data': {'sensor': 'Blood Pressure', 'action': 'capture', 'data': 'starting sensor action'}}
INFO:root:1723391014.103398,ID:1019,STAGE:2,SEQUENCE:1324,DATA:{'time': 1723391014.085, 'source': 'VitalsTask', 'timer': 86.345, 'data': {'sensor': 'Blood Pressure', 'action': 'capture', 'data': 'sensor action complete'}}
INFO:root:1723391014.104783,ID:1019,STAGE:2,SEQUENCE:1324,DATA:{'time': 1723391014.086, 'source': 'VitalsTask', 'timer': 86.346, 'data': {'sensor': 'Blood Pressure', 'action': 'keypad open'}}
INFO:root:1723391015.407125,ID:1019,STAGE:2,SEQUENCE:1324,DATA:{'time': 1723391015.398, 'source': 'VitalsTask', 'timer': 87.658, 'data': {'sensor': 'Blood Pressure', 'action': 'keypad press', 'key': 1, 'value': 1}}
INFO:root:1723391016.314686,ID:1019,STAGE:2,SEQUENCE:1324,DATA:{'time': 1723391016.309, 'source': 'VitalsTask', 'timer': 88.569, 'data': {'sensor': 'Blood Pressure', 'action': 'keypad press', 'key': 2, 'value': 12}}
INFO:root:1723391017.411883,ID:1019,STAGE:2,SEQUENCE:1324,DATA:{'time': 1723391017.405, 'source': 'VitalsTask', 'timer': 89.665, 'data': {'sensor': 'Blood Pressure', 'action': 'keypad press', 'key': 11, 'value': 120}}
INFO:root:1723391019.354323,ID:1019,STAGE:2,SEQUENCE:1324,DATA:{'time': 1723391019.349, 'source': 'VitalsTask', 'timer': 91.609, 'data': {'sensor': 'Blood Pressure', 'action': 'keypad press', 'key': 8, 'value': 1208}}
INFO:root:1723391020.543568,ID:1019,STAGE:2,SEQUENCE:1324,DATA:{'time': 1723391020.539, 'source': 'VitalsTask', 'timer': 92.799, 'data': {'sensor': 'Blood Pressure', 'action': 'keypad press', 'key': 11, 'value': 12080}}
INFO:root:1723391022.764831,ID:1019,STAGE:2,SEQUENCE:1324,DATA:{'time': 1723391022.76, 'source': 'VitalsTask', 'timer': 95.02, 'data': {'sensor': 'Blood Pressure', 'action': 'show action buttons'}}
INFO:root:1723391022.771324,ID:1019,STAGE:2,SEQUENCE:1324,DATA:{'time': 1723391022.761, 'source': 'VitalsTask', 'timer': 95.021, 'data': {'sensor': 'Blood Pressure', 'action': 'keypad press', 'key': 10, 'value': 12080}}
INFO:root:1723391024.143522,ID:1019,STAGE:2,SEQUENCE:1324,DATA:{'time': 1723391024.139, 'source': 'VitalsTask', 'timer': 96.399, 'data': {'sensor': 'Blood Pressure', 'action': 'log', 'data': 'action button pressed'}}
INFO:root:1723391024.145516,ID:1019,STAGE:2,SEQUENCE:1324,DATA:{'time': 1723391024.139, 'source': 'VitalsTask', 'timer': 96.399, 'data': {'sensor': 'Blood Pressure', 'action': 'log', 'data': 'starting sensor action'}}
INFO:root:1723391025.157222,ID:1019,STAGE:2,SEQUENCE:1324,DATA:{'time': 1723391025.152, 'source': 'VitalsTask', 'timer': 97.412, 'data': {'sensor': 'Blood Pressure', 'action': 'log', 'data': 'sensor action complete'}}
INFO:root:1723391025.825868,ID:1019,STAGE:2,SEQUENCE:1324,DATA:{'time': 1723391025.821, 'source': 'VitalsTask', 'timer': 98.081, 'data': {'sensor': 'Blood Pressure', 'action': 'save', 'data': 'action button pressed'}}
INFO:root:1723391025.827862,ID:1019,STAGE:2,SEQUENCE:1324,DATA:{'time': 1723391025.821, 'source': 'VitalsTask', 'timer': 98.081, 'data': {'sensor': 'Blood Pressure', 'action': 'save', 'data': 'starting sensor action'}}
INFO:root:1723391026.839967,ID:1019,STAGE:2,SEQUENCE:1324,DATA:{'time': 1723391026.836, 'source': 'VitalsTask', 'timer': 99.096, 'data': {'sensor': 'Blood Pressure', 'action': 'save', 'data': 'sensor action complete'}}
INFO:root:1723391028.442108,ID:1019,STAGE:2,SEQUENCE:1324,DATA:{'time': 1723391028.437, 'source': 'VitalsTask', 'timer': 100.697, 'data': {'sensor': 'submit', 'action': 'submit'}}
INFO:root:1723391028.444633,ID:1019,STAGE:2,SEQUENCE:1324,DATA:{'time': 1723391028.437, 'source': 'VitalsTask', 'timer': 100.697, 'data': {'sensor': 'submit', 'action': 'submit', 'data': 'submit succeeded'}}
INFO:root:1723391030.998287,ID:1019,STAGE:2,SEQUENCE:1324,DATA:{'time': 1723391030.995, 'user-id': '1019', 'source': 'HAI Interface', 'destination-index': '3', 'study-stage': '2', 'decision-state': 0, 'vitals-state': 0, 'airspace-state': 0, 'data': {'page': 'inflight', 'action': 'user acknowledged vitals prompt'}}
INFO:root:Inflight Radio Update asked
INFO:root:sent request to set radio update complete
INFO:root:1723391041.107951,ID:1019,STAGE:2,SEQUENCE:1324,DATA:{'time': 1723391041.105, 'user-id': '1019', 'source': 'HAI Interface', 'destination-index': '3', 'study-stage': '2', 'decision-state': 0, 'vitals-state': 0, 'airspace-state': 0, 'data': {'action': 'transmit button pressed'}}
INFO:root:1723391041.114146,ID:1019,STAGE:2,SEQUENCE:1324,DATA:{'time': 1723391041.106, 'user-id': '1019', 'source': 'HAI Interface', 'destination-index': '3', 'study-stage': '2', 'decision-state': 0, 'vitals-state': 0, 'airspace-state': 0, 'data': {'page': 'map', 'action': 'show map'}}
INFO:root:1723391041.114146,ID:1019,STAGE:2,SEQUENCE:1324,DATA:{'time': 1723391041.105, 'user-id': '1019', 'source': 'HAI Interface', 'destination-index': '3', 'study-stage': '2', 'decision-state': 0, 'vitals-state': 0, 'airspace-state': 0, 'data': {'action': 'callsign set to: + NASXGS'}}
INFO:root:1723391041.115334,ID:1019,STAGE:2,SEQUENCE:1324,DATA:{'time': 1723391041.105, 'user-id': '1019', 'source': 'HAI Interface', 'destination-index': '3', 'study-stage': '2', 'decision-state': 0, 'vitals-state': 0, 'airspace-state': 0, 'data': {'action': 'radio set to:Comm1'}}
INFO:root:1723391041.116336,ID:1019,STAGE:2,SEQUENCE:1324,DATA:{'time': 1723391041.106, 'user-id': '1019', 'source': 'HAI Interface', 'destination-index': '3', 'study-stage': '2', 'decision-state': 0, 'vitals-state': 0, 'airspace-state': 0, 'data': {'page': 'map', 'action': 'selected helipad', 'value': '21'}}
INFO:root:1723391041.119872,ID:1019,STAGE:2,SEQUENCE:1324,DATA:{'time': 1723391041.11, 'user-id': '1019', 'source': 'HAI Interface', 'destination-index': '3', 'study-stage': '2', 'decision-state': 0, 'vitals-state': 0, 'airspace-state': 0, 'data': {'action': 'NASXGStransmitting updates onComm1123.45 MHz'}}
INFO:root:1723391071.717605,ID:1019,STAGE:2,SEQUENCE:1324,DATA:{'time': 1723391071.714, 'user-id': '1019', 'source': 'HAI Interface', 'destination-index': '3', 'study-stage': '2', 'decision-state': 0, 'vitals-state': 0, 'airspace-state': 0, 'data': {'page': 'map', 'action': 'hide map'}}
INFO:root:1723391081.991371,ID:1019,STAGE:2,SEQUENCE:1324,DATA:{'time': 1723391081.988, 'user-id': '1019', 'source': 'HAI Interface', 'destination-index': '3', 'study-stage': '2', 'decision-state': 0, 'vitals-state': 0, 'airspace-state': 0, 'data': {'page': 'inflight', 'action': 'displaying vitals prompt'}}
INFO:root:1723391088.785108,ID:1019,STAGE:2,SEQUENCE:1324,DATA:{'time': 1723391088.781, 'source': 'VitalsTask', 'timer': 60.344, 'data': {'sensor': 'Heart Rate', 'action': 'opened sensor tab'}}
INFO:root:1723391090.312989,ID:1019,STAGE:2,SEQUENCE:1324,DATA:{'time': 1723391090.309, 'source': 'VitalsTask', 'timer': 61.872, 'data': {'sensor': 'Heart Rate', 'action': 'capture', 'data': 'action button pressed'}}
INFO:root:1723391090.313986,ID:1019,STAGE:2,SEQUENCE:1324,DATA:{'time': 1723391090.309, 'source': 'VitalsTask', 'timer': 61.872, 'data': {'sensor': 'Heart Rate', 'action': 'capture', 'data': 'starting sensor action'}}
INFO:root:1723391091.326503,ID:1019,STAGE:2,SEQUENCE:1324,DATA:{'time': 1723391091.322, 'source': 'VitalsTask', 'timer': 62.885, 'data': {'sensor': 'Heart Rate', 'action': 'capture', 'data': 'sensor action complete'}}
INFO:root:1723391091.328496,ID:1019,STAGE:2,SEQUENCE:1324,DATA:{'time': 1723391091.323, 'source': 'VitalsTask', 'timer': 62.886, 'data': {'sensor': 'Heart Rate', 'action': 'keypad open'}}
INFO:root:1723391093.185118,ID:1019,STAGE:2,SEQUENCE:1324,DATA:{'time': 1723391093.18, 'source': 'VitalsTask', 'timer': 64.743, 'data': {'sensor': 'Heart Rate', 'action': 'keypad press', 'key': 5, 'value': 5}}
INFO:root:1723391093.641475,ID:1019,STAGE:2,SEQUENCE:1324,DATA:{'time': 1723391093.632, 'source': 'VitalsTask', 'timer': 65.195, 'data': {'sensor': 'Heart Rate', 'action': 'keypad press', 'key': 5, 'value': 55}}
INFO:root:1723391094.949537,ID:1019,STAGE:2,SEQUENCE:1324,DATA:{'time': 1723391094.944, 'source': 'VitalsTask', 'timer': 66.507, 'data': {'sensor': 'Heart Rate', 'action': 'show action buttons'}}
INFO:root:1723391094.95117,ID:1019,STAGE:2,SEQUENCE:1324,DATA:{'time': 1723391094.944, 'source': 'VitalsTask', 'timer': 66.507, 'data': {'sensor': 'Heart Rate', 'action': 'keypad press', 'key': 10, 'value': 55}}
INFO:root:1723391099.18765,ID:1019,STAGE:2,SEQUENCE:1324,DATA:{'time': 1723391099.183, 'source': 'VitalsTask', 'timer': 70.746, 'data': {'sensor': 'Heart Rate', 'action': 'log', 'data': 'action button pressed'}}
INFO:root:1723391099.190641,ID:1019,STAGE:2,SEQUENCE:1324,DATA:{'time': 1723391099.183, 'source': 'VitalsTask', 'timer': 70.746, 'data': {'sensor': 'Heart Rate', 'action': 'log', 'data': 'starting sensor action'}}
INFO:root:1723391100.204144,ID:1019,STAGE:2,SEQUENCE:1324,DATA:{'time': 1723391100.2, 'source': 'VitalsTask', 'timer': 71.763, 'data': {'sensor': 'Heart Rate', 'action': 'log', 'data': 'sensor action complete'}}
INFO:root:1723391100.352172,ID:1019,STAGE:2,SEQUENCE:1324,DATA:{'time': 1723391100.348, 'source': 'VitalsTask', 'timer': 71.911, 'data': {'sensor': 'Heart Rate', 'action': 'save', 'data': 'action button pressed'}}
INFO:root:1723391100.354613,ID:1019,STAGE:2,SEQUENCE:1324,DATA:{'time': 1723391100.349, 'source': 'VitalsTask', 'timer': 71.912, 'data': {'sensor': 'Heart Rate', 'action': 'save', 'data': 'starting sensor action'}}
INFO:root:1723391101.364863,ID:1019,STAGE:2,SEQUENCE:1324,DATA:{'time': 1723391101.36, 'source': 'VitalsTask', 'timer': 72.923, 'data': {'sensor': 'Heart Rate', 'action': 'save', 'data': 'sensor action complete'}}
INFO:root:1723391101.732798,ID:1019,STAGE:2,SEQUENCE:1324,DATA:{'time': 1723391101.728, 'source': 'VitalsTask', 'timer': 73.291, 'data': {'sensor': 'O\u2082 Saturation', 'action': 'opened sensor tab'}}
INFO:root:1723391104.118643,ID:1019,STAGE:2,SEQUENCE:1324,DATA:{'time': 1723391104.113, 'source': 'VitalsTask', 'timer': 75.676, 'data': {'sensor': 'O\u2082 Saturation', 'action': 'capture', 'data': 'action button pressed'}}
INFO:root:1723391104.120638,ID:1019,STAGE:2,SEQUENCE:1324,DATA:{'time': 1723391104.114, 'source': 'VitalsTask', 'timer': 75.677, 'data': {'sensor': 'O\u2082 Saturation', 'action': 'capture', 'data': 'starting sensor action'}}
INFO:root:1723391105.137246,ID:1019,STAGE:2,SEQUENCE:1324,DATA:{'time': 1723391105.133, 'source': 'VitalsTask', 'timer': 76.696, 'data': {'sensor': 'O\u2082 Saturation', 'action': 'capture', 'data': 'sensor action complete'}}
INFO:root:1723391105.139238,ID:1019,STAGE:2,SEQUENCE:1324,DATA:{'time': 1723391105.133, 'source': 'VitalsTask', 'timer': 76.696, 'data': {'sensor': 'O\u2082 Saturation', 'action': 'keypad open'}}
INFO:root:1723391106.251477,ID:1019,STAGE:2,SEQUENCE:1324,DATA:{'time': 1723391106.246, 'source': 'VitalsTask', 'timer': 77.809, 'data': {'sensor': 'O\u2082 Saturation', 'action': 'keypad press', 'key': 1, 'value': 1}}
INFO:root:1723391107.468219,ID:1019,STAGE:2,SEQUENCE:1324,DATA:{'time': 1723391107.463, 'source': 'VitalsTask', 'timer': 79.026, 'data': {'sensor': 'O\u2082 Saturation', 'action': 'keypad press', 'key': 11, 'value': 10}}
INFO:root:1723391107.957014,ID:1019,STAGE:2,SEQUENCE:1324,DATA:{'time': 1723391107.952, 'source': 'VitalsTask', 'timer': 79.515, 'data': {'sensor': 'O\u2082 Saturation', 'action': 'keypad press', 'key': 11, 'value': 100}}
INFO:root:1723391109.27234,ID:1019,STAGE:2,SEQUENCE:1324,DATA:{'time': 1723391109.266, 'source': 'VitalsTask', 'timer': 80.829, 'data': {'sensor': 'O\u2082 Saturation', 'action': 'show action buttons'}}
INFO:root:1723391109.274335,ID:1019,STAGE:2,SEQUENCE:1324,DATA:{'time': 1723391109.267, 'source': 'VitalsTask', 'timer': 80.83, 'data': {'sensor': 'O\u2082 Saturation', 'action': 'keypad press', 'key': 10, 'value': 100}}
INFO:root:1723391110.667493,ID:1019,STAGE:2,SEQUENCE:1324,DATA:{'time': 1723391110.662, 'source': 'VitalsTask', 'timer': 82.225, 'data': {'sensor': 'O\u2082 Saturation', 'action': 'log', 'data': 'action button pressed'}}
INFO:root:1723391110.669488,ID:1019,STAGE:2,SEQUENCE:1324,DATA:{'time': 1723391110.662, 'source': 'VitalsTask', 'timer': 82.225, 'data': {'sensor': 'O\u2082 Saturation', 'action': 'log', 'data': 'starting sensor action'}}
INFO:root:1723391111.682554,ID:1019,STAGE:2,SEQUENCE:1324,DATA:{'time': 1723391111.679, 'source': 'VitalsTask', 'timer': 83.242, 'data': {'sensor': 'O\u2082 Saturation', 'action': 'log', 'data': 'sensor action complete'}}
INFO:root:1723391112.39104,ID:1019,STAGE:2,SEQUENCE:1324,DATA:{'time': 1723391112.386, 'source': 'VitalsTask', 'timer': 83.949, 'data': {'sensor': 'O\u2082 Saturation', 'action': 'save', 'data': 'action button pressed'}}
INFO:root:1723391112.39304,ID:1019,STAGE:2,SEQUENCE:1324,DATA:{'time': 1723391112.387, 'source': 'VitalsTask', 'timer': 83.95, 'data': {'sensor': 'O\u2082 Saturation', 'action': 'save', 'data': 'starting sensor action'}}
INFO:root:1723391113.411558,ID:1019,STAGE:2,SEQUENCE:1324,DATA:{'time': 1723391113.406, 'source': 'VitalsTask', 'timer': 84.969, 'data': {'sensor': 'O\u2082 Saturation', 'action': 'save', 'data': 'sensor action complete'}}
INFO:root:1723391115.063328,ID:1019,STAGE:2,SEQUENCE:1324,DATA:{'time': 1723391115.059, 'source': 'VitalsTask', 'timer': 86.622, 'data': {'sensor': 'Blood Pressure', 'action': 'opened sensor tab'}}
INFO:root:1723391116.384431,ID:1019,STAGE:2,SEQUENCE:1324,DATA:{'time': 1723391116.38, 'source': 'VitalsTask', 'timer': 87.943, 'data': {'sensor': 'Blood Pressure', 'action': 'capture', 'data': 'action button pressed'}}
INFO:root:1723391116.386425,ID:1019,STAGE:2,SEQUENCE:1324,DATA:{'time': 1723391116.38, 'source': 'VitalsTask', 'timer': 87.943, 'data': {'sensor': 'Blood Pressure', 'action': 'capture', 'data': 'starting sensor action'}}
INFO:root:1723391117.396134,ID:1019,STAGE:2,SEQUENCE:1324,DATA:{'time': 1723391117.392, 'source': 'VitalsTask', 'timer': 88.955, 'data': {'sensor': 'Blood Pressure', 'action': 'capture', 'data': 'sensor action complete'}}
INFO:root:1723391117.398126,ID:1019,STAGE:2,SEQUENCE:1324,DATA:{'time': 1723391117.392, 'source': 'VitalsTask', 'timer': 88.955, 'data': {'sensor': 'Blood Pressure', 'action': 'keypad open'}}
INFO:root:1723391118.386216,ID:1019,STAGE:2,SEQUENCE:1324,DATA:{'time': 1723391118.382, 'source': 'VitalsTask', 'timer': 89.945, 'data': {'sensor': 'Blood Pressure', 'action': 'keypad press', 'key': 1, 'value': 1}}
INFO:root:1723391119.197672,ID:1019,STAGE:2,SEQUENCE:1324,DATA:{'time': 1723391119.194, 'source': 'VitalsTask', 'timer': 90.757, 'data': {'sensor': 'Blood Pressure', 'action': 'keypad press', 'key': 2, 'value': 12}}
INFO:root:1723391120.406594,ID:1019,STAGE:2,SEQUENCE:1324,DATA:{'time': 1723391120.402, 'source': 'VitalsTask', 'timer': 91.965, 'data': {'sensor': 'Blood Pressure', 'action': 'keypad press', 'key': 11, 'value': 120}}
INFO:root:1723391121.381517,ID:1019,STAGE:2,SEQUENCE:1324,DATA:{'time': 1723391121.378, 'source': 'VitalsTask', 'timer': 92.941, 'data': {'sensor': 'Blood Pressure', 'action': 'keypad press', 'key': 8, 'value': 1208}}
INFO:root:1723391122.404841,ID:1019,STAGE:2,SEQUENCE:1324,DATA:{'time': 1723391122.4, 'source': 'VitalsTask', 'timer': 93.963, 'data': {'sensor': 'Blood Pressure', 'action': 'keypad press', 'key': 11, 'value': 12080}}
INFO:root:1723391123.356475,ID:1019,STAGE:2,SEQUENCE:1324,DATA:{'time': 1723391123.352, 'source': 'VitalsTask', 'timer': 94.915, 'data': {'sensor': 'Blood Pressure', 'action': 'show action buttons'}}
INFO:root:1723391123.358471,ID:1019,STAGE:2,SEQUENCE:1324,DATA:{'time': 1723391123.352, 'source': 'VitalsTask', 'timer': 94.915, 'data': {'sensor': 'Blood Pressure', 'action': 'keypad press', 'key': 10, 'value': 12080}}
INFO:root:1723391125.15304,ID:1019,STAGE:2,SEQUENCE:1324,DATA:{'time': 1723391125.147, 'source': 'VitalsTask', 'timer': 96.71, 'data': {'sensor': 'Blood Pressure', 'action': 'log', 'data': 'action button pressed'}}
INFO:root:1723391125.155082,ID:1019,STAGE:2,SEQUENCE:1324,DATA:{'time': 1723391125.148, 'source': 'VitalsTask', 'timer': 96.711, 'data': {'sensor': 'Blood Pressure', 'action': 'log', 'data': 'starting sensor action'}}
INFO:root:1723391126.16589,ID:1019,STAGE:2,SEQUENCE:1324,DATA:{'time': 1723391126.159, 'source': 'VitalsTask', 'timer': 97.722, 'data': {'sensor': 'Blood Pressure', 'action': 'log', 'data': 'sensor action complete'}}
INFO:root:1723391126.933083,ID:1019,STAGE:2,SEQUENCE:1324,DATA:{'time': 1723391126.929, 'source': 'VitalsTask', 'timer': 98.492, 'data': {'sensor': 'Blood Pressure', 'action': 'save', 'data': 'action button pressed'}}
INFO:root:1723391126.935078,ID:1019,STAGE:2,SEQUENCE:1324,DATA:{'time': 1723391126.929, 'source': 'VitalsTask', 'timer': 98.492, 'data': {'sensor': 'Blood Pressure', 'action': 'save', 'data': 'starting sensor action'}}
INFO:root:1723391127.947911,ID:1019,STAGE:2,SEQUENCE:1324,DATA:{'time': 1723391127.942, 'source': 'VitalsTask', 'timer': 99.505, 'data': {'sensor': 'Blood Pressure', 'action': 'save', 'data': 'sensor action complete'}}
INFO:root:1723391129.451877,ID:1019,STAGE:2,SEQUENCE:1324,DATA:{'time': 1723391129.446, 'source': 'VitalsTask', 'timer': 101.009, 'data': {'sensor': 'submit', 'action': 'submit'}}
INFO:root:1723391129.452874,ID:1019,STAGE:2,SEQUENCE:1324,DATA:{'time': 1723391129.447, 'source': 'VitalsTask', 'timer': 101.01, 'data': {'sensor': 'submit', 'action': 'submit', 'data': 'submit succeeded'}}
INFO:root:1723391131.822263,ID:1019,STAGE:2,SEQUENCE:1324,DATA:{'time': 1723391131.817, 'user-id': '1019', 'source': 'HAI Interface', 'destination-index': '3', 'study-stage': '2', 'decision-state': 0, 'vitals-state': '1', 'airspace-state': 0, 'data': {'page': 'inflight', 'action': 'user acknowledged vitals prompt'}}
INFO:root:1723391151.127272,ID:1019,STAGE:2,SEQUENCE:1324,DATA:{'time': 1723391151.123, 'user-id': '1019', 'source': 'HAI Interface', 'destination-index': '3', 'study-stage': '2', 'decision-state': 0, 'vitals-state': '1', 'airspace-state': 0, 'data': {'action': 'receive button pressed'}}
INFO:root:1723391151.129315,ID:1019,STAGE:2,SEQUENCE:1324,DATA:{'time': 1723391151.123, 'user-id': '1019', 'source': 'HAI Interface', 'destination-index': '3', 'study-stage': '2', 'decision-state': 0, 'vitals-state': '1', 'airspace-state': 0, 'data': {'action': 'callsign set to:[object Object]'}}
INFO:root:1723391151.132306,ID:1019,STAGE:2,SEQUENCE:1324,DATA:{'time': 1723391151.124, 'user-id': '1019', 'source': 'HAI Interface', 'destination-index': '3', 'study-stage': '2', 'decision-state': 0, 'vitals-state': '1', 'airspace-state': 0, 'data': {'action': 'radio set to:Comm2'}}
INFO:root:1723391151.135317,ID:1019,STAGE:2,SEQUENCE:1324,DATA:{'time': 1723391151.127, 'user-id': '1019', 'source': 'HAI Interface', 'destination-index': '3', 'study-stage': '2', 'decision-state': 0, 'vitals-state': '1', 'airspace-state': 0, 'data': {'action': 'MEDEVACtransmitting onComm2123.45 MHz'}}
INFO:root:Administer medication radio comm initiated
INFO:root:Administer medication radio comm done- command to clear event  make the receive 0 sent 
INFO:root:voice activity detected
INFO:root:recording started
INFO:root:voice deactivity detected
INFO:root:recording stopped
