INFO:root:1722523042.554454,ID:1012,STAGE:1,SEQUENCE:1432,DATA:{'time': 1722523042.551, 'user-id': '1012', 'source': 'HAI Interface', 'destination-index': 'None', 'study-stage': '1', 'decision-state': 0, 'vitals-state': 0, 'airspace-state': 0, 'data': {'page': 'index', 'action': 'confirm button pressed'}}
INFO:root:1722523042.6808,ID:1012,STAGE:1,SEQUENCE:1432,DATA:{'time': 1722523042.663, 'user-id': 'none', 'source': 'HAI Interface', 'destination-index': 3, 'study-stage': -1, 'decision-state': 0, 'vitals-state': 0, 'airspace-state': 0, 'data': {'page': 'location', 'action': 'opened page'}}
INFO:root:Takeoff radiocomms initiated
INFO:root:1722523043.629902,ID:1012,STAGE:1,SEQUENCE:1432,DATA:{'time': 1722523043.627, 'user-id': '1012', 'source': 'HAI Interface', 'destination-index': 'None', 'study-stage': '1', 'decision-state': 0, 'vitals-state': 0, 'airspace-state': 0, 'data': {'page': 'map', 'action': 'selected helipad', 'value': '21'}}
INFO:root:1722523053.373116,ID:1012,STAGE:1,SEQUENCE:1432,DATA:{'time': 1722523053.367, 'user-id': '1012', 'source': 'HAI Interface', 'destination-index': 'None', 'study-stage': '1', 'decision-state': 0, 'vitals-state': 0, 'airspace-state': 0, 'data': {'page': 'location', 'action': 'confirm button pressed'}}
INFO:root:1722523053.652976,ID:1012,STAGE:1,SEQUENCE:1432,DATA:{'time': 1722523053.638, 'user-id': 'none', 'source': 'HAI Interface', 'destination-index': 3, 'study-stage': -1, 'decision-state': 0, 'vitals-state': 0, 'airspace-state': 0, 'data': {'page': 'checklist', 'action': 'opened page', 'inflight': False}}
INFO:root:1722523054.601728,ID:1012,STAGE:1,SEQUENCE:1432,DATA:{'time': 1722523054.598, 'user-id': '1012', 'source': 'HAI Interface', 'destination-index': '3', 'study-stage': '1', 'decision-state': 0, 'vitals-state': 0, 'airspace-state': 0, 'data': {'page': 'map', 'action': 'selected helipad', 'value': '21'}}
INFO:root:1722523055.149809,ID:1012,STAGE:1,SEQUENCE:1432,DATA:{'time': 1722523055.145, 'user-id': '1012', 'source': 'HAI Interface', 'destination-index': '3', 'study-stage': '1', 'decision-state': 0, 'vitals-state': 0, 'airspace-state': 0, 'data': {'page': 'checklist', 'action': 'toggled checkbox', 'inflight': False, 'item': 0, 'value': 'OFF'}}
INFO:root:1722523055.708716,ID:1012,STAGE:1,SEQUENCE:1432,DATA:{'time': 1722523055.705, 'user-id': '1012', 'source': 'HAI Interface', 'destination-index': '3', 'study-stage': '1', 'decision-state': 0, 'vitals-state': 0, 'airspace-state': 0, 'data': {'page': 'checklist', 'action': 'toggled checkbox', 'inflight': False, 'item': 1, 'value': 'OFF'}}
INFO:root:1722523056.307184,ID:1012,STAGE:1,SEQUENCE:1432,DATA:{'time': 1722523056.304, 'user-id': '1012', 'source': 'HAI Interface', 'destination-index': '3', 'study-stage': '1', 'decision-state': 0, 'vitals-state': 0, 'airspace-state': 0, 'data': {'page': 'checklist', 'action': 'toggled checkbox', 'inflight': False, 'item': 2, 'value': 'OFF'}}
INFO:root:1722523056.310329,ID:1012,STAGE:1,SEQUENCE:1432,DATA:{'time': 1722523056.304, 'user-id': '1012', 'source': 'HAI Interface', 'destination-index': '3', 'study-stage': '1', 'decision-state': 0, 'vitals-state': 0, 'airspace-state': 0, 'data': {'page': 'checklist', 'action': 'showing confirm button', 'inflight': False}}
INFO:root:1722523058.688218,ID:1012,STAGE:1,SEQUENCE:1432,DATA:{'time': 1722523058.684, 'user-id': '1012', 'source': 'HAI Interface', 'destination-index': '3', 'study-stage': '1', 'decision-state': 0, 'vitals-state': 0, 'airspace-state': 0, 'data': {'page': 'checklist', 'action': 'confirm button clicked', 'inflight': False}}
INFO:root:1722523058.825064,ID:1012,STAGE:1,SEQUENCE:1432,DATA:{'time': 1722523058.802, 'user-id': 'none', 'source': 'HAI Interface', 'destination-index': 3, 'study-stage': -1, 'decision-state': 0, 'vitals-state': 0, 'airspace-state': 0, 'data': {'page': 'countdown', 'action': 'opened page'}}
INFO:root:1722523059.771504,ID:1012,STAGE:1,SEQUENCE:1432,DATA:{'time': 1722523059.767, 'user-id': '1012', 'source': 'HAI Interface', 'destination-index': '3', 'study-stage': '1', 'decision-state': 0, 'vitals-state': 0, 'airspace-state': 0, 'data': {'page': 'map', 'action': 'selected helipad', 'value': '21'}}
INFO:root:1722523059.818112,ID:1012,STAGE:1,SEQUENCE:1432,DATA:{'time': 1722523059.814, 'user-id': '1012', 'source': 'HAI Interface', 'destination-index': '3', 'study-stage': '1', 'decision-state': 0, 'vitals-state': 0, 'airspace-state': 0, 'data': {'page': 'countdown', 'action': 'countdown now 4'}}
INFO:root:Takeoff radiocomms clear request sent
INFO:root:1722523060.818753,ID:1012,STAGE:1,SEQUENCE:1432,DATA:{'time': 1722523060.815, 'user-id': '1012', 'source': 'HAI Interface', 'destination-index': '3', 'study-stage': '1', 'decision-state': 0, 'vitals-state': 0, 'airspace-state': 0, 'data': {'page': 'countdown', 'action': 'countdown now 3'}}
INFO:root:1722523061.819728,ID:1012,STAGE:1,SEQUENCE:1432,DATA:{'time': 1722523061.814, 'user-id': '1012', 'source': 'HAI Interface', 'destination-index': '3', 'study-stage': '1', 'decision-state': 0, 'vitals-state': 0, 'airspace-state': 0, 'data': {'page': 'countdown', 'action': 'countdown now 2'}}
INFO:root:1722523062.818462,ID:1012,STAGE:1,SEQUENCE:1432,DATA:{'time': 1722523062.814, 'user-id': '1012', 'source': 'HAI Interface', 'destination-index': '3', 'study-stage': '1', 'decision-state': 0, 'vitals-state': 0, 'airspace-state': 0, 'data': {'page': 'countdown', 'action': 'countdown now 1'}}
INFO:root:1722523063.807983,ID:1012,STAGE:1,SEQUENCE:1432,DATA:{'time': 1722523063.804, 'user-id': '1012', 'source': 'HAI Interface', 'destination-index': '3', 'study-stage': '1', 'decision-state': 0, 'vitals-state': 0, 'airspace-state': 0, 'data': {'page': 'countdown', 'action': 'countdown now 0'}}
INFO:root:1722523064.810577,ID:1012,STAGE:1,SEQUENCE:1432,DATA:{'time': 1722523064.806, 'user-id': '1012', 'source': 'HAI Interface', 'destination-index': '3', 'study-stage': '1', 'decision-state': 0, 'vitals-state': 0, 'airspace-state': 0, 'data': {'page': 'countdown', 'action': 'countdown complete'}}
INFO:root:1722523067.171986,ID:1012,STAGE:1,SEQUENCE:1432,DATA:{'time': 1722523067.166, 'user-id': '1012', 'source': 'HAI Interface', 'destination-index': '3', 'study-stage': '1', 'decision-state': 0, 'vitals-state': 0, 'airspace-state': 0, 'data': {'page': 'map', 'action': 'selected helipad', 'value': '21'}}
INFO:root:1722523070.471618,ID:1012,STAGE:1,SEQUENCE:1432,DATA:{'time': 1722523070.466, 'user-id': '1012', 'source': 'HAI Interface', 'destination-index': '3', 'study-stage': '1', 'decision-state': 0, 'vitals-state': 0, 'airspace-state': 0, 'data': {'page': 'emergency', 'action': 'trying to change destination to100'}}
INFO:root:Inflight Radio Update asked
INFO:root:sent request to set radio update complete
INFO:root:1722523075.42191,ID:1012,STAGE:1,SEQUENCE:1432,DATA:{'time': 1722523075.416, 'user-id': '1012', 'source': 'HAI Interface', 'destination-index': '3', 'study-stage': '1', 'decision-state': 0, 'vitals-state': 0, 'airspace-state': 0, 'data': {'page': 'emergency', 'action': 'trying to change destination to19'}}
INFO:root:1722523080.443725,ID:1012,STAGE:1,SEQUENCE:1432,DATA:{'time': 1722523080.434, 'user-id': '1012', 'source': 'HAI Interface', 'destination-index': '3', 'study-stage': '1', 'decision-state': 0, 'vitals-state': 0, 'airspace-state': 0, 'data': {'page': 'emergency', 'action': 'trying to change destination to19'}}
INFO:root:1722523082.335572,ID:1012,STAGE:1,SEQUENCE:1432,DATA:{'time': 1722523082.328, 'user-id': '1012', 'source': 'HAI Interface', 'destination-index': '3', 'study-stage': '1', 'decision-state': 0, 'vitals-state': 0, 'airspace-state': 0, 'data': {'page': 'map', 'action': 'show map'}}
INFO:root:1722523082.338604,ID:1012,STAGE:1,SEQUENCE:1432,DATA:{'time': 1722523082.329, 'user-id': '1012', 'source': 'HAI Interface', 'destination-index': '3', 'study-stage': '1', 'decision-state': 0, 'vitals-state': 0, 'airspace-state': 0, 'data': {'page': 'map', 'action': 'selected helipad', 'value': '21'}}
INFO:root:1722523085.420097,ID:1012,STAGE:1,SEQUENCE:1432,DATA:{'time': 1722523085.396, 'user-id': '1012', 'source': 'HAI Interface', 'destination-index': '3', 'study-stage': '1', 'decision-state': 0, 'vitals-state': 0, 'airspace-state': 0, 'data': {'page': 'emergency', 'action': 'trying to change destination to19'}}
INFO:root:1722523090.479564,ID:1012,STAGE:1,SEQUENCE:1432,DATA:{'time': 1722523090.47, 'user-id': '1012', 'source': 'HAI Interface', 'destination-index': '3', 'study-stage': '1', 'decision-state': 0, 'vitals-state': 0, 'airspace-state': 0, 'data': {'page': 'emergency', 'action': 'trying to change destination to19'}}
INFO:root:1722523095.43187,ID:1012,STAGE:1,SEQUENCE:1432,DATA:{'time': 1722523095.411, 'user-id': '1012', 'source': 'HAI Interface', 'destination-index': '3', 'study-stage': '1', 'decision-state': 0, 'vitals-state': 0, 'airspace-state': 0, 'data': {'page': 'emergency', 'action': 'trying to change destination to19'}}
INFO:root:1722523100.414134,ID:1012,STAGE:1,SEQUENCE:1432,DATA:{'time': 1722523100.408, 'user-id': '1012', 'source': 'HAI Interface', 'destination-index': '3', 'study-stage': '1', 'decision-state': 0, 'vitals-state': 0, 'airspace-state': 0, 'data': {'page': 'emergency', 'action': 'trying to change destination to19'}}
INFO:root:1722523102.180855,ID:1012,STAGE:1,SEQUENCE:1432,DATA:{'time': 1722523102.177, 'user-id': '1012', 'source': 'HAI Interface', 'destination-index': '3', 'study-stage': '1', 'decision-state': 0, 'vitals-state': 0, 'airspace-state': 0, 'data': {'action': 'radio panel opened'}}
INFO:root:1722523105.437351,ID:1012,STAGE:1,SEQUENCE:1432,DATA:{'time': 1722523105.428, 'user-id': '1012', 'source': 'HAI Interface', 'destination-index': '3', 'study-stage': '1', 'decision-state': 0, 'vitals-state': 0, 'airspace-state': 0, 'data': {'page': 'emergency', 'action': 'trying to change destination to19'}}
INFO:root:1722523110.501303,ID:1012,STAGE:1,SEQUENCE:1432,DATA:{'time': 1722523110.492, 'user-id': '1012', 'source': 'HAI Interface', 'destination-index': '3', 'study-stage': '1', 'decision-state': 0, 'vitals-state': 0, 'airspace-state': 0, 'data': {'page': 'emergency', 'action': 'trying to change destination to19'}}
INFO:root:1722523115.396798,ID:1012,STAGE:1,SEQUENCE:1432,DATA:{'time': 1722523115.391, 'user-id': '1012', 'source': 'HAI Interface', 'destination-index': '3', 'study-stage': '1', 'decision-state': 0, 'vitals-state': 0, 'airspace-state': 0, 'data': {'page': 'emergency', 'action': 'trying to change destination to19'}}
INFO:root:1722523120.016744,ID:1012,STAGE:1,SEQUENCE:1432,DATA:{'time': 1722523120.01, 'user-id': '1012', 'source': 'HAI Interface', 'destination-index': '3', 'study-stage': '1', 'decision-state': 0, 'vitals-state': 0, 'airspace-state': 0, 'data': {'page': 'inflight', 'action': 'displaying vitals prompt'}}
INFO:root:1722523120.423199,ID:1012,STAGE:1,SEQUENCE:1432,DATA:{'time': 1722523120.414, 'user-id': '1012', 'source': 'HAI Interface', 'destination-index': '3', 'study-stage': '1', 'decision-state': 0, 'vitals-state': 0, 'airspace-state': 0, 'data': {'page': 'emergency', 'action': 'trying to change destination to19'}}
INFO:root:1722523120.910913,ID:1012,STAGE:1,SEQUENCE:1432,DATA:{'time': 1722523120.906, 'user-id': '1012', 'source': 'HAI Interface', 'destination-index': '3', 'study-stage': '1', 'decision-state': 0, 'vitals-state': 0, 'airspace-state': 0, 'data': {'action': 'transmit button pressed'}}
INFO:root:1722523120.914903,ID:1012,STAGE:1,SEQUENCE:1432,DATA:{'time': 1722523120.906, 'user-id': '1012', 'source': 'HAI Interface', 'destination-index': '3', 'study-stage': '1', 'decision-state': 0, 'vitals-state': 0, 'airspace-state': 0, 'data': {'action': 'callsign set to: + NASXGS'}}
INFO:root:1722523120.915607,ID:1012,STAGE:1,SEQUENCE:1432,DATA:{'time': 1722523120.907, 'user-id': '1012', 'source': 'HAI Interface', 'destination-index': '3', 'study-stage': '1', 'decision-state': 0, 'vitals-state': 0, 'airspace-state': 0, 'data': {'action': 'radio set to:Comm1'}}
INFO:root:1722523120.921399,ID:1012,STAGE:1,SEQUENCE:1432,DATA:{'time': 1722523120.907, 'user-id': '1012', 'source': 'HAI Interface', 'destination-index': '3', 'study-stage': '1', 'decision-state': 0, 'vitals-state': 0, 'airspace-state': 0, 'data': {'page': 'map', 'action': 'show map'}}
INFO:root:1722523120.925389,ID:1012,STAGE:1,SEQUENCE:1432,DATA:{'time': 1722523120.908, 'user-id': '1012', 'source': 'HAI Interface', 'destination-index': '3', 'study-stage': '1', 'decision-state': 0, 'vitals-state': 0, 'airspace-state': 0, 'data': {'page': 'map', 'action': 'selected helipad', 'value': '21'}}
INFO:root:1722523120.929961,ID:1012,STAGE:1,SEQUENCE:1432,DATA:{'time': 1722523120.913, 'user-id': '1012', 'source': 'HAI Interface', 'destination-index': '3', 'study-stage': '1', 'decision-state': 0, 'vitals-state': 0, 'airspace-state': 0, 'data': {'action': 'NASXGStransmitting updates onComm1123.45 MHz'}}
INFO:root:1722523125.410117,ID:1012,STAGE:1,SEQUENCE:1432,DATA:{'time': 1722523125.405, 'user-id': '1012', 'source': 'HAI Interface', 'destination-index': '3', 'study-stage': '1', 'decision-state': 0, 'vitals-state': 0, 'airspace-state': 0, 'data': {'page': 'emergency', 'action': 'trying to change destination to19'}}
INFO:root:1722523130.456776,ID:1012,STAGE:1,SEQUENCE:1432,DATA:{'time': 1722523130.449, 'user-id': '1012', 'source': 'HAI Interface', 'destination-index': '3', 'study-stage': '1', 'decision-state': 0, 'vitals-state': 0, 'airspace-state': 0, 'data': {'page': 'emergency', 'action': 'trying to change destination to19'}}
INFO:root:1722523135.442106,ID:1012,STAGE:1,SEQUENCE:1432,DATA:{'time': 1722523135.431, 'user-id': '1012', 'source': 'HAI Interface', 'destination-index': '3', 'study-stage': '1', 'decision-state': 0, 'vitals-state': 0, 'airspace-state': 0, 'data': {'page': 'emergency', 'action': 'trying to change destination to19'}}
INFO:root:1722523140.443076,ID:1012,STAGE:1,SEQUENCE:1432,DATA:{'time': 1722523140.436, 'user-id': '1012', 'source': 'HAI Interface', 'destination-index': '3', 'study-stage': '1', 'decision-state': 0, 'vitals-state': 0, 'airspace-state': 0, 'data': {'page': 'emergency', 'action': 'trying to change destination to19'}}
INFO:root:1722523141.788264,ID:1012,STAGE:1,SEQUENCE:1432,DATA:{'time': 1722523141.784, 'user-id': '1012', 'source': 'HAI Interface', 'destination-index': '3', 'study-stage': '1', 'decision-state': 0, 'vitals-state': 0, 'airspace-state': 0, 'data': {'page': 'map', 'action': 'hide map'}}
INFO:root:1722523145.431304,ID:1012,STAGE:1,SEQUENCE:1432,DATA:{'time': 1722523145.424, 'user-id': '1012', 'source': 'HAI Interface', 'destination-index': '3', 'study-stage': '1', 'decision-state': 0, 'vitals-state': 0, 'airspace-state': 0, 'data': {'page': 'emergency', 'action': 'trying to change destination to19'}}
INFO:root:1722523145.629624,ID:1012,STAGE:1,SEQUENCE:1432,DATA:{'time': 1722523145.625, 'user-id': '1012', 'source': 'HAI Interface', 'destination-index': '3', 'study-stage': '1', 'decision-state': 0, 'vitals-state': 0, 'airspace-state': 0, 'data': {'page': 'inflight', 'action': 'user acknowledged vitals prompt'}}
INFO:root:1722523150.477383,ID:1012,STAGE:1,SEQUENCE:1432,DATA:{'time': 1722523150.47, 'user-id': '1012', 'source': 'HAI Interface', 'destination-index': '3', 'study-stage': '1', 'decision-state': 0, 'vitals-state': 0, 'airspace-state': 0, 'data': {'page': 'emergency', 'action': 'trying to change destination to19'}}
INFO:root:1722523155.422771,ID:1012,STAGE:1,SEQUENCE:1432,DATA:{'time': 1722523155.414, 'user-id': '1012', 'source': 'HAI Interface', 'destination-index': '3', 'study-stage': '1', 'decision-state': 0, 'vitals-state': 0, 'airspace-state': 0, 'data': {'page': 'emergency', 'action': 'trying to change destination to19'}}
INFO:root:1722523160.397785,ID:1012,STAGE:1,SEQUENCE:1432,DATA:{'time': 1722523160.387, 'user-id': '1012', 'source': 'HAI Interface', 'destination-index': '3', 'study-stage': '1', 'decision-state': 0, 'vitals-state': 0, 'airspace-state': 0, 'data': {'page': 'emergency', 'action': 'trying to change destination to19'}}
INFO:root:1722523165.390581,ID:1012,STAGE:1,SEQUENCE:1432,DATA:{'time': 1722523165.382, 'user-id': '1012', 'source': 'HAI Interface', 'destination-index': '3', 'study-stage': '1', 'decision-state': 0, 'vitals-state': 0, 'airspace-state': 0, 'data': {'page': 'emergency', 'action': 'trying to change destination to19'}}
INFO:root:1722523170.461499,ID:1012,STAGE:1,SEQUENCE:1432,DATA:{'time': 1722523170.453, 'user-id': '1012', 'source': 'HAI Interface', 'destination-index': '3', 'study-stage': '1', 'decision-state': 0, 'vitals-state': 0, 'airspace-state': 0, 'data': {'page': 'emergency', 'action': 'trying to change destination to19'}}
INFO:root:1722523173.288938,ID:1012,STAGE:1,SEQUENCE:1432,DATA:{'time': 1722523173.285, 'source': 'VitalsTask', 'timer': 1875.325, 'data': {'sensor': 'Heart Rate', 'action': 'opened sensor tab'}}
INFO:root:Inflight Radio Update asked
INFO:root:sent request to set radio update complete
INFO:root:1722523175.34835,ID:1012,STAGE:1,SEQUENCE:1432,DATA:{'time': 1722523175.338, 'user-id': '1012', 'source': 'HAI Interface', 'destination-index': '3', 'study-stage': '1', 'decision-state': 0, 'vitals-state': 0, 'airspace-state': 0, 'data': {'page': 'emergency', 'action': 'trying to change destination to19'}}
INFO:root:1722523180.31635,ID:1012,STAGE:1,SEQUENCE:1432,DATA:{'time': 1722523180.305, 'user-id': '1012', 'source': 'HAI Interface', 'destination-index': '3', 'study-stage': '1', 'decision-state': 0, 'vitals-state': 0, 'airspace-state': 0, 'data': {'page': 'emergency', 'action': 'trying to change destination to19'}}
INFO:root:1722523185.444637,ID:1012,STAGE:1,SEQUENCE:1432,DATA:{'time': 1722523185.437, 'user-id': '1012', 'source': 'HAI Interface', 'destination-index': '3', 'study-stage': '1', 'decision-state': 0, 'vitals-state': 0, 'airspace-state': 0, 'data': {'page': 'emergency', 'action': 'trying to change destination to19'}}
INFO:root:1722523190.421032,ID:1012,STAGE:1,SEQUENCE:1432,DATA:{'time': 1722523190.412, 'user-id': '1012', 'source': 'HAI Interface', 'destination-index': '3', 'study-stage': '1', 'decision-state': 0, 'vitals-state': 0, 'airspace-state': 0, 'data': {'page': 'emergency', 'action': 'trying to change destination to19'}}
INFO:root:1722523195.299004,ID:1012,STAGE:1,SEQUENCE:1432,DATA:{'time': 1722523195.29, 'source': 'VitalsTask', 'timer': 1897.33, 'data': {'sensor': 'Heart Rate', 'action': 'opened sensor tab'}}
INFO:root:1722523195.472959,ID:1012,STAGE:1,SEQUENCE:1432,DATA:{'time': 1722523195.451, 'user-id': '1012', 'source': 'HAI Interface', 'destination-index': '3', 'study-stage': '1', 'decision-state': 0, 'vitals-state': 0, 'airspace-state': 0, 'data': {'page': 'emergency', 'action': 'trying to change destination to19'}}
INFO:root:1722523199.214981,ID:1012,STAGE:1,SEQUENCE:1432,DATA:{'time': 1722523199.211, 'source': 'VitalsTask', 'timer': 1901.251, 'data': {'sensor': 'Heart Rate', 'action': 'opened sensor tab'}}
INFO:root:1722523200.358229,ID:1012,STAGE:1,SEQUENCE:1432,DATA:{'time': 1722523200.347, 'user-id': '1012', 'source': 'HAI Interface', 'destination-index': '3', 'study-stage': '1', 'decision-state': 0, 'vitals-state': 0, 'airspace-state': 0, 'data': {'page': 'emergency', 'action': 'trying to change destination to19'}}
INFO:root:1722523203.7246,ID:1012,STAGE:1,SEQUENCE:1432,DATA:{'time': 1722523203.719, 'source': 'VitalsTask', 'timer': 1905.759, 'data': {'sensor': 'Heart Rate', 'action': 'opened sensor tab'}}
INFO:root:1722523205.424477,ID:1012,STAGE:1,SEQUENCE:1432,DATA:{'time': 1722523205.419, 'user-id': '1012', 'source': 'HAI Interface', 'destination-index': '3', 'study-stage': '1', 'decision-state': 0, 'vitals-state': 0, 'airspace-state': 0, 'data': {'page': 'emergency', 'action': 'trying to change destination to19'}}
INFO:root:1722523207.761535,ID:1012,STAGE:1,SEQUENCE:1432,DATA:{'time': 1722523207.753, 'source': 'VitalsTask', 'timer': 1909.793, 'data': {'sensor': 'Heart Rate', 'action': 'opened sensor tab'}}
INFO:root:1722523208.405072,ID:1012,STAGE:1,SEQUENCE:1432,DATA:{'time': 1722523208.4, 'source': 'VitalsTask', 'timer': 1910.44, 'data': {'sensor': 'Heart Rate', 'action': 'opened sensor tab'}}
INFO:root:1722523208.928705,ID:1012,STAGE:1,SEQUENCE:1432,DATA:{'time': 1722523208.925, 'source': 'VitalsTask', 'timer': 1910.965, 'data': {'sensor': 'Heart Rate', 'action': 'opened sensor tab'}}
INFO:root:1722523209.846615,ID:1012,STAGE:1,SEQUENCE:1432,DATA:{'time': 1722523209.831, 'source': 'VitalsTask', 'timer': 1911.871, 'data': {'sensor': 'Heart Rate', 'action': 'opened sensor tab'}}
INFO:root:1722523210.456784,ID:1012,STAGE:1,SEQUENCE:1432,DATA:{'time': 1722523210.447, 'user-id': '1012', 'source': 'HAI Interface', 'destination-index': '3', 'study-stage': '1', 'decision-state': 0, 'vitals-state': 0, 'airspace-state': 0, 'data': {'page': 'emergency', 'action': 'trying to change destination to19'}}
INFO:root:1722523212.361374,ID:1012,STAGE:1,SEQUENCE:1432,DATA:{'time': 1722523212.354, 'source': 'VitalsTask', 'timer': 1914.394, 'data': {'sensor': 'Heart Rate', 'action': 'capture', 'data': 'action button pressed'}}
INFO:root:1722523212.362897,ID:1012,STAGE:1,SEQUENCE:1432,DATA:{'time': 1722523212.354, 'source': 'VitalsTask', 'timer': 1914.394, 'data': {'sensor': 'Heart Rate', 'action': 'capture', 'data': 'starting sensor action'}}
INFO:root:1722523213.376755,ID:1012,STAGE:1,SEQUENCE:1432,DATA:{'time': 1722523213.372, 'source': 'VitalsTask', 'timer': 1915.412, 'data': {'sensor': 'Heart Rate', 'action': 'capture', 'data': 'sensor action complete'}}
INFO:root:1722523213.378751,ID:1012,STAGE:1,SEQUENCE:1432,DATA:{'time': 1722523213.372, 'source': 'VitalsTask', 'timer': 1915.412, 'data': {'sensor': 'Heart Rate', 'action': 'keypad open'}}
INFO:root:1722523215.297318,ID:1012,STAGE:1,SEQUENCE:1432,DATA:{'time': 1722523215.293, 'source': 'VitalsTask', 'timer': 1917.333, 'data': {'sensor': 'Heart Rate', 'action': 'keypad press', 'key': 5, 'value': 5}}
INFO:root:1722523215.448183,ID:1012,STAGE:1,SEQUENCE:1432,DATA:{'time': 1722523215.438, 'user-id': '1012', 'source': 'HAI Interface', 'destination-index': '3', 'study-stage': '1', 'decision-state': 0, 'vitals-state': 0, 'airspace-state': 0, 'data': {'page': 'emergency', 'action': 'trying to change destination to19'}}
INFO:root:1722523215.695652,ID:1012,STAGE:1,SEQUENCE:1432,DATA:{'time': 1722523215.69, 'source': 'VitalsTask', 'timer': 1917.73, 'data': {'sensor': 'Heart Rate', 'action': 'keypad press', 'key': 5, 'value': 55}}
INFO:root:1722523216.768551,ID:1012,STAGE:1,SEQUENCE:1432,DATA:{'time': 1722523216.762, 'source': 'VitalsTask', 'timer': 1918.802, 'data': {'sensor': 'Heart Rate', 'action': 'show action buttons'}}
INFO:root:1722523216.771543,ID:1012,STAGE:1,SEQUENCE:1432,DATA:{'time': 1722523216.762, 'source': 'VitalsTask', 'timer': 1918.802, 'data': {'sensor': 'Heart Rate', 'action': 'keypad press', 'key': 10, 'value': 55}}
INFO:root:1722523217.991458,ID:1012,STAGE:1,SEQUENCE:1432,DATA:{'time': 1722523217.986, 'source': 'VitalsTask', 'timer': 1920.026, 'data': {'sensor': 'Heart Rate', 'action': 'log', 'data': 'action button pressed'}}
INFO:root:1722523217.993611,ID:1012,STAGE:1,SEQUENCE:1432,DATA:{'time': 1722523217.986, 'source': 'VitalsTask', 'timer': 1920.026, 'data': {'sensor': 'Heart Rate', 'action': 'log', 'data': 'starting sensor action'}}
INFO:root:1722523218.372899,ID:1012,STAGE:1,SEQUENCE:1432,DATA:{'time': 1722523218.367, 'user-id': '1012', 'source': 'HAI Interface', 'destination-index': '3', 'study-stage': '1', 'decision-state': 0, 'vitals-state': 0, 'airspace-state': 0, 'data': {'page': 'inflight', 'action': 'displaying vitals prompt'}}
INFO:root:1722523218.907817,ID:1012,STAGE:1,SEQUENCE:1432,DATA:{'time': 1722523218.903, 'source': 'VitalsTask', 'timer': 1920.943, 'data': {'sensor': 'Heart Rate', 'action': 'save', 'data': 'action button pressed'}}
INFO:root:1722523218.909812,ID:1012,STAGE:1,SEQUENCE:1432,DATA:{'time': 1722523218.904, 'source': 'VitalsTask', 'timer': 1920.944, 'data': {'sensor': 'Heart Rate', 'action': 'save', 'data': 'a sensor action is in progress, cancelling'}}
INFO:root:1722523219.003668,ID:1012,STAGE:1,SEQUENCE:1432,DATA:{'time': 1722523218.998, 'source': 'VitalsTask', 'timer': 1921.038, 'data': {'sensor': 'Heart Rate', 'action': 'log', 'data': 'sensor action complete'}}
INFO:root:1722523220.449125,ID:1012,STAGE:1,SEQUENCE:1432,DATA:{'time': 1722523220.443, 'source': 'VitalsTask', 'timer': 1922.483, 'data': {'sensor': 'Heart Rate', 'action': 'save', 'data': 'action button pressed'}}
INFO:root:1722523220.452629,ID:1012,STAGE:1,SEQUENCE:1432,DATA:{'time': 1722523220.443, 'source': 'VitalsTask', 'timer': 1922.483, 'data': {'sensor': 'Heart Rate', 'action': 'save', 'data': 'starting sensor action'}}
INFO:root:1722523220.475698,ID:1012,STAGE:1,SEQUENCE:1432,DATA:{'time': 1722523220.468, 'user-id': '1012', 'source': 'HAI Interface', 'destination-index': '3', 'study-stage': '1', 'decision-state': 0, 'vitals-state': 0, 'airspace-state': 0, 'data': {'page': 'emergency', 'action': 'trying to change destination to19'}}
INFO:root:1722523221.463505,ID:1012,STAGE:1,SEQUENCE:1432,DATA:{'time': 1722523221.457, 'source': 'VitalsTask', 'timer': 1923.497, 'data': {'sensor': 'Heart Rate', 'action': 'save', 'data': 'sensor action complete'}}
INFO:root:1722523222.222658,ID:1012,STAGE:1,SEQUENCE:1432,DATA:{'time': 1722523222.21, 'source': 'VitalsTask', 'timer': 1924.25, 'data': {'sensor': 'O\u2082 Saturation', 'action': 'opened sensor tab'}}
INFO:root:1722523224.98682,ID:1012,STAGE:1,SEQUENCE:1432,DATA:{'time': 1722523224.982, 'source': 'VitalsTask', 'timer': 1927.022, 'data': {'sensor': 'O\u2082 Saturation', 'action': 'capture', 'data': 'action button pressed'}}
INFO:root:1722523224.988814,ID:1012,STAGE:1,SEQUENCE:1432,DATA:{'time': 1722523224.982, 'source': 'VitalsTask', 'timer': 1927.022, 'data': {'sensor': 'O\u2082 Saturation', 'action': 'capture', 'data': 'starting sensor action'}}
INFO:root:1722523225.444432,ID:1012,STAGE:1,SEQUENCE:1432,DATA:{'time': 1722523225.435, 'user-id': '1012', 'source': 'HAI Interface', 'destination-index': '3', 'study-stage': '1', 'decision-state': 0, 'vitals-state': 0, 'airspace-state': 0, 'data': {'page': 'emergency', 'action': 'trying to change destination to19'}}
INFO:root:1722523225.999603,ID:1012,STAGE:1,SEQUENCE:1432,DATA:{'time': 1722523225.994, 'source': 'VitalsTask', 'timer': 1928.034, 'data': {'sensor': 'O\u2082 Saturation', 'action': 'capture', 'data': 'sensor action complete'}}
INFO:root:1722523226.004589,ID:1012,STAGE:1,SEQUENCE:1432,DATA:{'time': 1722523225.995, 'source': 'VitalsTask', 'timer': 1928.035, 'data': {'sensor': 'O\u2082 Saturation', 'action': 'keypad open'}}
INFO:root:1722523230.093968,ID:1012,STAGE:1,SEQUENCE:1432,DATA:{'time': 1722523230.089, 'source': 'VitalsTask', 'timer': 1932.129, 'data': {'sensor': 'O\u2082 Saturation', 'action': 'keypad press', 'key': 1, 'value': 1}}
INFO:root:1722523230.439593,ID:1012,STAGE:1,SEQUENCE:1432,DATA:{'time': 1722523230.432, 'user-id': '1012', 'source': 'HAI Interface', 'destination-index': '3', 'study-stage': '1', 'decision-state': 0, 'vitals-state': 0, 'airspace-state': 0, 'data': {'page': 'emergency', 'action': 'trying to change destination to19'}}
INFO:root:1722523231.096269,ID:1012,STAGE:1,SEQUENCE:1432,DATA:{'time': 1722523231.089, 'source': 'VitalsTask', 'timer': 1933.129, 'data': {'sensor': 'O\u2082 Saturation', 'action': 'show action buttons'}}
INFO:root:1722523231.098263,ID:1012,STAGE:1,SEQUENCE:1432,DATA:{'time': 1722523231.09, 'source': 'VitalsTask', 'timer': 1933.13, 'data': {'sensor': 'O\u2082 Saturation', 'action': 'keypad press', 'key': 10, 'value': 1}}
INFO:root:1722523234.083464,ID:1012,STAGE:1,SEQUENCE:1432,DATA:{'time': 1722523234.078, 'source': 'VitalsTask', 'timer': 1936.118, 'data': {'sensor': 'O\u2082 Saturation', 'action': 'capture', 'data': 'action button pressed'}}
INFO:root:1722523234.087911,ID:1012,STAGE:1,SEQUENCE:1432,DATA:{'time': 1722523234.079, 'source': 'VitalsTask', 'timer': 1936.119, 'data': {'sensor': 'O\u2082 Saturation', 'action': 'capture', 'data': 'sensor item has already been completed, cancelling'}}
INFO:root:1722523235.439328,ID:1012,STAGE:1,SEQUENCE:1432,DATA:{'time': 1722523235.432, 'user-id': '1012', 'source': 'HAI Interface', 'destination-index': '3', 'study-stage': '1', 'decision-state': 0, 'vitals-state': 0, 'airspace-state': 0, 'data': {'page': 'emergency', 'action': 'trying to change destination to19'}}
INFO:root:1722523235.63086,ID:1012,STAGE:1,SEQUENCE:1432,DATA:{'time': 1722523235.627, 'source': 'VitalsTask', 'timer': 1937.667, 'data': {'sensor': 'O\u2082 Saturation', 'action': 'capture', 'data': 'action button pressed'}}
INFO:root:1722523235.633855,ID:1012,STAGE:1,SEQUENCE:1432,DATA:{'time': 1722523235.627, 'source': 'VitalsTask', 'timer': 1937.667, 'data': {'sensor': 'O\u2082 Saturation', 'action': 'capture', 'data': 'sensor item has already been completed, cancelling'}}
INFO:root:1722523240.113039,ID:1012,STAGE:1,SEQUENCE:1432,DATA:{'time': 1722523240.107, 'source': 'VitalsTask', 'timer': 1942.147, 'data': {'sensor': 'O\u2082 Saturation', 'action': 'capture', 'data': 'action button pressed'}}
INFO:root:1722523240.115034,ID:1012,STAGE:1,SEQUENCE:1432,DATA:{'time': 1722523240.108, 'source': 'VitalsTask', 'timer': 1942.148, 'data': {'sensor': 'O\u2082 Saturation', 'action': 'capture', 'data': 'sensor item has already been completed, cancelling'}}
INFO:root:1722523240.871278,ID:1012,STAGE:1,SEQUENCE:1432,DATA:{'time': 1722523240.865, 'source': 'VitalsTask', 'timer': 1942.905, 'data': {'sensor': 'O\u2082 Saturation', 'action': 'capture', 'data': 'action button pressed'}}
INFO:root:1722523240.873318,ID:1012,STAGE:1,SEQUENCE:1432,DATA:{'time': 1722523240.865, 'source': 'VitalsTask', 'timer': 1942.905, 'data': {'sensor': 'O\u2082 Saturation', 'action': 'capture', 'data': 'sensor item has already been completed, cancelling'}}
INFO:root:1722523240.9327,ID:1012,STAGE:1,SEQUENCE:1432,DATA:{'time': 1722523240.927, 'user-id': '1012', 'source': 'HAI Interface', 'destination-index': '3', 'study-stage': '1', 'decision-state': 0, 'vitals-state': 0, 'airspace-state': 0, 'data': {'page': 'emergency', 'action': 'trying to change destination to19'}}
INFO:root:1722523245.412388,ID:1012,STAGE:1,SEQUENCE:1432,DATA:{'time': 1722523245.404, 'user-id': '1012', 'source': 'HAI Interface', 'destination-index': '3', 'study-stage': '1', 'decision-state': 0, 'vitals-state': 0, 'airspace-state': 0, 'data': {'page': 'emergency', 'action': 'trying to change destination to19'}}
INFO:root:1722523247.051849,ID:1012,STAGE:1,SEQUENCE:1432,DATA:{'time': 1722523247.047, 'source': 'VitalsTask', 'timer': 1949.087, 'data': {'sensor': 'O\u2082 Saturation', 'action': 'log', 'data': 'action button pressed'}}
INFO:root:1722523247.055843,ID:1012,STAGE:1,SEQUENCE:1432,DATA:{'time': 1722523247.047, 'source': 'VitalsTask', 'timer': 1949.087, 'data': {'sensor': 'O\u2082 Saturation', 'action': 'log', 'data': 'starting sensor action'}}
INFO:root:1722523248.064826,ID:1012,STAGE:1,SEQUENCE:1432,DATA:{'time': 1722523248.061, 'source': 'VitalsTask', 'timer': 1950.101, 'data': {'sensor': 'O\u2082 Saturation', 'action': 'log', 'data': 'sensor action complete'}}
INFO:root:1722523248.492342,ID:1012,STAGE:1,SEQUENCE:1432,DATA:{'time': 1722523248.485, 'source': 'VitalsTask', 'timer': 1950.525, 'data': {'sensor': 'O\u2082 Saturation', 'action': 'save', 'data': 'action button pressed'}}
INFO:root:1722523248.495334,ID:1012,STAGE:1,SEQUENCE:1432,DATA:{'time': 1722523248.488, 'source': 'VitalsTask', 'timer': 1950.528, 'data': {'sensor': 'O\u2082 Saturation', 'action': 'save', 'data': 'starting sensor action'}}
INFO:root:1722523249.513836,ID:1012,STAGE:1,SEQUENCE:1432,DATA:{'time': 1722523249.507, 'source': 'VitalsTask', 'timer': 1951.547, 'data': {'sensor': 'O\u2082 Saturation', 'action': 'save', 'data': 'sensor action complete'}}
INFO:root:1722523250.446721,ID:1012,STAGE:1,SEQUENCE:1432,DATA:{'time': 1722523250.437, 'user-id': '1012', 'source': 'HAI Interface', 'destination-index': '3', 'study-stage': '1', 'decision-state': 0, 'vitals-state': 0, 'airspace-state': 0, 'data': {'page': 'emergency', 'action': 'trying to change destination to19'}}
INFO:root:1722523255.05679,ID:1012,STAGE:1,SEQUENCE:1432,DATA:{'time': 1722523255.053, 'source': 'VitalsTask', 'timer': 1957.093, 'data': {'sensor': 'Heart Rate', 'action': 'opened sensor tab'}}
INFO:root:1722523255.461897,ID:1012,STAGE:1,SEQUENCE:1432,DATA:{'time': 1722523255.453, 'user-id': '1012', 'source': 'HAI Interface', 'destination-index': '3', 'study-stage': '1', 'decision-state': 0, 'vitals-state': 0, 'airspace-state': 0, 'data': {'page': 'emergency', 'action': 'trying to change destination to19'}}
INFO:root:1722523256.486169,ID:1012,STAGE:1,SEQUENCE:1432,DATA:{'time': 1722523256.478, 'source': 'VitalsTask', 'timer': 1958.518, 'data': {'sensor': 'O\u2082 Saturation', 'action': 'opened sensor tab'}}
INFO:root:1722523260.446261,ID:1012,STAGE:1,SEQUENCE:1432,DATA:{'time': 1722523260.437, 'user-id': '1012', 'source': 'HAI Interface', 'destination-index': '3', 'study-stage': '1', 'decision-state': 0, 'vitals-state': 0, 'airspace-state': 0, 'data': {'page': 'emergency', 'action': 'trying to change destination to19'}}
INFO:root:1722523261.859174,ID:1012,STAGE:1,SEQUENCE:1432,DATA:{'time': 1722523261.853, 'source': 'VitalsTask', 'timer': 1963.893, 'data': {'sensor': 'O\u2082 Saturation', 'action': 'capture', 'data': 'action button pressed'}}
INFO:root:1722523261.861168,ID:1012,STAGE:1,SEQUENCE:1432,DATA:{'time': 1722523261.853, 'source': 'VitalsTask', 'timer': 1963.893, 'data': {'sensor': 'O\u2082 Saturation', 'action': 'capture', 'data': 'sensor item has already been completed, cancelling'}}
INFO:root:1722523262.164628,ID:1012,STAGE:1,SEQUENCE:1432,DATA:{'time': 1722523262.158, 'source': 'VitalsTask', 'timer': 1964.198, 'data': {'sensor': 'O\u2082 Saturation', 'action': 'capture', 'data': 'action button pressed'}}
INFO:root:1722523262.166374,ID:1012,STAGE:1,SEQUENCE:1432,DATA:{'time': 1722523262.159, 'source': 'VitalsTask', 'timer': 1964.199, 'data': {'sensor': 'O\u2082 Saturation', 'action': 'capture', 'data': 'sensor item has already been completed, cancelling'}}
INFO:root:1722523263.779193,ID:1012,STAGE:1,SEQUENCE:1432,DATA:{'time': 1722523263.772, 'source': 'VitalsTask', 'timer': 1965.812, 'data': {'sensor': 'Blood Pressure', 'action': 'opened sensor tab'}}
INFO:root:1722523265.49397,ID:1012,STAGE:1,SEQUENCE:1432,DATA:{'time': 1722523265.487, 'user-id': '1012', 'source': 'HAI Interface', 'destination-index': '3', 'study-stage': '1', 'decision-state': 0, 'vitals-state': 0, 'airspace-state': 0, 'data': {'page': 'emergency', 'action': 'trying to change destination to19'}}
INFO:root:1722523270.356217,ID:1012,STAGE:1,SEQUENCE:1432,DATA:{'time': 1722523270.345, 'source': 'VitalsTask', 'timer': 1972.385, 'data': {'sensor': 'Blood Pressure', 'action': 'capture', 'data': 'action button pressed'}}
INFO:root:1722523270.357214,ID:1012,STAGE:1,SEQUENCE:1432,DATA:{'time': 1722523270.346, 'source': 'VitalsTask', 'timer': 1972.386, 'data': {'sensor': 'Blood Pressure', 'action': 'capture', 'data': 'starting sensor action'}}
INFO:root:1722523270.43944,ID:1012,STAGE:1,SEQUENCE:1432,DATA:{'time': 1722523270.43, 'user-id': '1012', 'source': 'HAI Interface', 'destination-index': '3', 'study-stage': '1', 'decision-state': 0, 'vitals-state': 0, 'airspace-state': 0, 'data': {'page': 'emergency', 'action': 'trying to change destination to19'}}
INFO:root:1722523271.371485,ID:1012,STAGE:1,SEQUENCE:1432,DATA:{'time': 1722523271.363, 'source': 'VitalsTask', 'timer': 1973.403, 'data': {'sensor': 'Blood Pressure', 'action': 'capture', 'data': 'sensor action complete'}}
INFO:root:1722523271.374476,ID:1012,STAGE:1,SEQUENCE:1432,DATA:{'time': 1722523271.364, 'source': 'VitalsTask', 'timer': 1973.404, 'data': {'sensor': 'Blood Pressure', 'action': 'keypad open'}}
INFO:root:Inflight Radio Update asked
INFO:root:sent request to set radio update complete
INFO:root:1722523274.381992,ID:1012,STAGE:1,SEQUENCE:1432,DATA:{'time': 1722523274.377, 'source': 'VitalsTask', 'timer': 1976.417, 'data': {'sensor': 'Blood Pressure', 'action': 'keypad press', 'key': 1, 'value': 1}}
INFO:root:1722523275.291094,ID:1012,STAGE:1,SEQUENCE:1432,DATA:{'time': 1722523275.286, 'source': 'VitalsTask', 'timer': 1977.326, 'data': {'sensor': 'Blood Pressure', 'action': 'keypad press', 'key': 2, 'value': 12}}
INFO:root:1722523275.448523,ID:1012,STAGE:1,SEQUENCE:1432,DATA:{'time': 1722523275.436, 'user-id': '1012', 'source': 'HAI Interface', 'destination-index': '3', 'study-stage': '1', 'decision-state': 0, 'vitals-state': 0, 'airspace-state': 0, 'data': {'page': 'emergency', 'action': 'trying to change destination to19'}}
INFO:root:1722523276.395764,ID:1012,STAGE:1,SEQUENCE:1432,DATA:{'time': 1722523276.391, 'source': 'VitalsTask', 'timer': 1978.431, 'data': {'sensor': 'Blood Pressure', 'action': 'keypad press', 'key': 11, 'value': 120}}
INFO:root:1722523277.306234,ID:1012,STAGE:1,SEQUENCE:1432,DATA:{'time': 1722523277.301, 'source': 'VitalsTask', 'timer': 1979.341, 'data': {'sensor': 'Blood Pressure', 'action': 'keypad press', 'key': 8, 'value': 1208}}
INFO:root:1722523279.723937,ID:1012,STAGE:1,SEQUENCE:1432,DATA:{'time': 1722523279.719, 'source': 'VitalsTask', 'timer': 1981.759, 'data': {'sensor': 'Blood Pressure', 'action': 'keypad press', 'key': 11, 'value': 12080}}
INFO:root:1722523280.479994,ID:1012,STAGE:1,SEQUENCE:1432,DATA:{'time': 1722523280.474, 'user-id': '1012', 'source': 'HAI Interface', 'destination-index': '3', 'study-stage': '1', 'decision-state': 0, 'vitals-state': 0, 'airspace-state': 0, 'data': {'page': 'emergency', 'action': 'trying to change destination to19'}}
INFO:root:1722523280.904111,ID:1012,STAGE:1,SEQUENCE:1432,DATA:{'time': 1722523280.895, 'source': 'VitalsTask', 'timer': 1982.935, 'data': {'sensor': 'Blood Pressure', 'action': 'show action buttons'}}
INFO:root:1722523280.908099,ID:1012,STAGE:1,SEQUENCE:1432,DATA:{'time': 1722523280.896, 'source': 'VitalsTask', 'timer': 1982.936, 'data': {'sensor': 'Blood Pressure', 'action': 'keypad press', 'key': 10, 'value': 12080}}
INFO:root:1722523282.389995,ID:1012,STAGE:1,SEQUENCE:1432,DATA:{'time': 1722523282.383, 'source': 'VitalsTask', 'timer': 1984.423, 'data': {'sensor': 'Blood Pressure', 'action': 'log', 'data': 'action button pressed'}}
INFO:root:1722523282.390993,ID:1012,STAGE:1,SEQUENCE:1432,DATA:{'time': 1722523282.384, 'source': 'VitalsTask', 'timer': 1984.424, 'data': {'sensor': 'Blood Pressure', 'action': 'log', 'data': 'starting sensor action'}}
INFO:root:1722523283.405736,ID:1012,STAGE:1,SEQUENCE:1432,DATA:{'time': 1722523283.401, 'source': 'VitalsTask', 'timer': 1985.441, 'data': {'sensor': 'Blood Pressure', 'action': 'log', 'data': 'sensor action complete'}}
INFO:root:1722523283.597248,ID:1012,STAGE:1,SEQUENCE:1432,DATA:{'time': 1722523283.591, 'source': 'VitalsTask', 'timer': 1985.631, 'data': {'sensor': 'Blood Pressure', 'action': 'save', 'data': 'action button pressed'}}
INFO:root:1722523283.599767,ID:1012,STAGE:1,SEQUENCE:1432,DATA:{'time': 1722523283.591, 'source': 'VitalsTask', 'timer': 1985.631, 'data': {'sensor': 'Blood Pressure', 'action': 'save', 'data': 'starting sensor action'}}
INFO:root:1722523284.608535,ID:1012,STAGE:1,SEQUENCE:1432,DATA:{'time': 1722523284.603, 'source': 'VitalsTask', 'timer': 1986.643, 'data': {'sensor': 'Blood Pressure', 'action': 'save', 'data': 'sensor action complete'}}
INFO:root:1722523285.423566,ID:1012,STAGE:1,SEQUENCE:1432,DATA:{'time': 1722523285.415, 'user-id': '1012', 'source': 'HAI Interface', 'destination-index': '3', 'study-stage': '1', 'decision-state': 0, 'vitals-state': 0, 'airspace-state': 0, 'data': {'page': 'emergency', 'action': 'trying to change destination to19'}}
INFO:root:1722523285.699725,ID:1012,STAGE:1,SEQUENCE:1432,DATA:{'time': 1722523285.694, 'source': 'VitalsTask', 'timer': 1987.734, 'data': {'sensor': 'O\u2082 Saturation', 'action': 'opened sensor tab'}}
INFO:root:1722523290.440008,ID:1012,STAGE:1,SEQUENCE:1432,DATA:{'time': 1722523290.434, 'user-id': '1012', 'source': 'HAI Interface', 'destination-index': '3', 'study-stage': '1', 'decision-state': 0, 'vitals-state': 0, 'airspace-state': 0, 'data': {'page': 'emergency', 'action': 'trying to change destination to19'}}
INFO:root:1722523292.596763,ID:1012,STAGE:1,SEQUENCE:1432,DATA:{'time': 1722523292.591, 'source': 'VitalsTask', 'timer': 1994.631, 'data': {'sensor': 'Blood Pressure', 'action': 'opened sensor tab'}}
INFO:root:1722523294.155891,ID:1012,STAGE:1,SEQUENCE:1432,DATA:{'time': 1722523294.149, 'source': 'VitalsTask', 'timer': 1996.189, 'data': {'sensor': 'Heart Rate', 'action': 'opened sensor tab'}}
INFO:root:1722523295.038704,ID:1012,STAGE:1,SEQUENCE:1432,DATA:{'time': 1722523295.03, 'source': 'VitalsTask', 'timer': 1997.07, 'data': {'sensor': 'O\u2082 Saturation', 'action': 'opened sensor tab'}}
INFO:root:1722523295.463874,ID:1012,STAGE:1,SEQUENCE:1432,DATA:{'time': 1722523295.455, 'user-id': '1012', 'source': 'HAI Interface', 'destination-index': '3', 'study-stage': '1', 'decision-state': 0, 'vitals-state': 0, 'airspace-state': 0, 'data': {'page': 'emergency', 'action': 'trying to change destination to19'}}
INFO:root:1722523300.031722,ID:1012,STAGE:1,SEQUENCE:1432,DATA:{'time': 1722523300.026, 'source': 'VitalsTask', 'timer': 2002.066, 'data': {'sensor': 'O\u2082 Saturation', 'action': 'capture', 'data': 'action button pressed'}}
INFO:root:1722523300.034716,ID:1012,STAGE:1,SEQUENCE:1432,DATA:{'time': 1722523300.027, 'source': 'VitalsTask', 'timer': 2002.067, 'data': {'sensor': 'O\u2082 Saturation', 'action': 'capture', 'data': 'sensor item has already been completed, cancelling'}}
INFO:root:1722523300.449961,ID:1012,STAGE:1,SEQUENCE:1432,DATA:{'time': 1722523300.442, 'user-id': '1012', 'source': 'HAI Interface', 'destination-index': '3', 'study-stage': '1', 'decision-state': 0, 'vitals-state': 0, 'airspace-state': 0, 'data': {'page': 'emergency', 'action': 'trying to change destination to19'}}
INFO:root:1722523305.465216,ID:1012,STAGE:1,SEQUENCE:1432,DATA:{'time': 1722523305.459, 'user-id': '1012', 'source': 'HAI Interface', 'destination-index': '3', 'study-stage': '1', 'decision-state': 0, 'vitals-state': 0, 'airspace-state': 0, 'data': {'page': 'emergency', 'action': 'trying to change destination to19'}}
INFO:root:1722523306.875105,ID:1012,STAGE:1,SEQUENCE:1432,DATA:{'time': 1722523306.868, 'source': 'VitalsTask', 'timer': 2008.908, 'data': {'sensor': 'submit', 'action': 'submit'}}
INFO:root:1722523306.878101,ID:1012,STAGE:1,SEQUENCE:1432,DATA:{'time': 1722523306.869, 'source': 'VitalsTask', 'timer': 2008.909, 'data': {'sensor': 'submit', 'action': 'submit', 'data': 'submit succeeded'}}
INFO:root:1722523310.297131,ID:1012,STAGE:1,SEQUENCE:1432,DATA:{'time': 1722523310.292, 'source': 'VitalsTask', 'timer': 3.422, 'data': {'sensor': 'O\u2082 Saturation', 'action': 'capture', 'data': 'action button pressed'}}
INFO:root:1722523310.299133,ID:1012,STAGE:1,SEQUENCE:1432,DATA:{'time': 1722523310.294, 'source': 'VitalsTask', 'timer': 3.424, 'data': {'sensor': 'O\u2082 Saturation', 'action': 'capture', 'data': 'starting sensor action'}}
INFO:root:1722523310.447101,ID:1012,STAGE:1,SEQUENCE:1432,DATA:{'time': 1722523310.438, 'user-id': '1012', 'source': 'HAI Interface', 'destination-index': '3', 'study-stage': '1', 'decision-state': 0, 'vitals-state': 0, 'airspace-state': 0, 'data': {'page': 'emergency', 'action': 'trying to change destination to19'}}
INFO:root:1722523311.313652,ID:1012,STAGE:1,SEQUENCE:1432,DATA:{'time': 1722523311.306, 'source': 'VitalsTask', 'timer': 4.436, 'data': {'sensor': 'O\u2082 Saturation', 'action': 'capture', 'data': 'sensor action complete'}}
INFO:root:1722523311.316644,ID:1012,STAGE:1,SEQUENCE:1432,DATA:{'time': 1722523311.307, 'source': 'VitalsTask', 'timer': 4.437, 'data': {'sensor': 'O\u2082 Saturation', 'action': 'keypad open'}}
INFO:root:1722523313.24043,ID:1012,STAGE:1,SEQUENCE:1432,DATA:{'time': 1722523313.235, 'source': 'VitalsTask', 'timer': 6.365, 'data': {'sensor': 'O\u2082 Saturation', 'action': 'keypad press', 'key': 1, 'value': 1}}
INFO:root:1722523314.748092,ID:1012,STAGE:1,SEQUENCE:1432,DATA:{'time': 1722523314.743, 'source': 'VitalsTask', 'timer': 7.873, 'data': {'sensor': 'O\u2082 Saturation', 'action': 'keypad press', 'key': 11, 'value': 10}}
INFO:root:1722523315.255641,ID:1012,STAGE:1,SEQUENCE:1432,DATA:{'time': 1722523315.249, 'source': 'VitalsTask', 'timer': 8.379, 'data': {'sensor': 'O\u2082 Saturation', 'action': 'keypad press', 'key': 11, 'value': 100}}
INFO:root:1722523315.447923,ID:1012,STAGE:1,SEQUENCE:1432,DATA:{'time': 1722523315.44, 'user-id': '1012', 'source': 'HAI Interface', 'destination-index': '3', 'study-stage': '1', 'decision-state': 0, 'vitals-state': 0, 'airspace-state': 0, 'data': {'page': 'emergency', 'action': 'trying to change destination to19'}}
INFO:root:1722523316.619347,ID:1012,STAGE:1,SEQUENCE:1432,DATA:{'time': 1722523316.61, 'source': 'VitalsTask', 'timer': 9.74, 'data': {'sensor': 'O\u2082 Saturation', 'action': 'show action buttons'}}
INFO:root:1722523316.622919,ID:1012,STAGE:1,SEQUENCE:1432,DATA:{'time': 1722523316.612, 'source': 'VitalsTask', 'timer': 9.742, 'data': {'sensor': 'O\u2082 Saturation', 'action': 'keypad press', 'key': 10, 'value': 100}}
INFO:root:1722523317.773331,ID:1012,STAGE:1,SEQUENCE:1432,DATA:{'time': 1722523317.769, 'user-id': '1012', 'source': 'HAI Interface', 'destination-index': '3', 'study-stage': '1', 'decision-state': 0, 'vitals-state': 0, 'airspace-state': 0, 'data': {'page': 'inflight', 'action': 'displaying vitals prompt'}}
INFO:root:1722523318.017913,ID:1012,STAGE:1,SEQUENCE:1432,DATA:{'time': 1722523318.013, 'source': 'VitalsTask', 'timer': 11.143, 'data': {'sensor': 'O\u2082 Saturation', 'action': 'log', 'data': 'action button pressed'}}
INFO:root:1722523318.020905,ID:1012,STAGE:1,SEQUENCE:1432,DATA:{'time': 1722523318.013, 'source': 'VitalsTask', 'timer': 11.143, 'data': {'sensor': 'O\u2082 Saturation', 'action': 'log', 'data': 'starting sensor action'}}
INFO:root:1722523319.030604,ID:1012,STAGE:1,SEQUENCE:1432,DATA:{'time': 1722523319.025, 'source': 'VitalsTask', 'timer': 12.155, 'data': {'sensor': 'O\u2082 Saturation', 'action': 'log', 'data': 'sensor action complete'}}
INFO:root:1722523319.664862,ID:1012,STAGE:1,SEQUENCE:1432,DATA:{'time': 1722523319.66, 'source': 'VitalsTask', 'timer': 12.79, 'data': {'sensor': 'O\u2082 Saturation', 'action': 'save', 'data': 'action button pressed'}}
INFO:root:1722523319.666858,ID:1012,STAGE:1,SEQUENCE:1432,DATA:{'time': 1722523319.66, 'source': 'VitalsTask', 'timer': 12.79, 'data': {'sensor': 'O\u2082 Saturation', 'action': 'save', 'data': 'starting sensor action'}}
INFO:root:1722523320.411006,ID:1012,STAGE:1,SEQUENCE:1432,DATA:{'time': 1722523320.404, 'user-id': '1012', 'source': 'HAI Interface', 'destination-index': '3', 'study-stage': '1', 'decision-state': 0, 'vitals-state': 0, 'airspace-state': 0, 'data': {'page': 'emergency', 'action': 'trying to change destination to19'}}
INFO:root:1722523320.687485,ID:1012,STAGE:1,SEQUENCE:1432,DATA:{'time': 1722523320.681, 'source': 'VitalsTask', 'timer': 13.811, 'data': {'sensor': 'O\u2082 Saturation', 'action': 'save', 'data': 'sensor action complete'}}
INFO:root:1722523321.710261,ID:1012,STAGE:1,SEQUENCE:1432,DATA:{'time': 1722523321.705, 'source': 'VitalsTask', 'timer': 14.835, 'data': {'sensor': 'Heart Rate', 'action': 'opened sensor tab'}}
INFO:root:1722523325.46036,ID:1012,STAGE:1,SEQUENCE:1432,DATA:{'time': 1722523325.455, 'user-id': '1012', 'source': 'HAI Interface', 'destination-index': '3', 'study-stage': '1', 'decision-state': 0, 'vitals-state': 0, 'airspace-state': 0, 'data': {'page': 'emergency', 'action': 'trying to change destination to19'}}
INFO:root:1722523327.448014,ID:1012,STAGE:1,SEQUENCE:1432,DATA:{'time': 1722523327.442, 'source': 'VitalsTask', 'timer': 20.572, 'data': {'sensor': 'Heart Rate', 'action': 'capture', 'data': 'action button pressed'}}
INFO:root:1722523327.450507,ID:1012,STAGE:1,SEQUENCE:1432,DATA:{'time': 1722523327.443, 'source': 'VitalsTask', 'timer': 20.573, 'data': {'sensor': 'Heart Rate', 'action': 'capture', 'data': 'starting sensor action'}}
INFO:root:1722523328.463866,ID:1012,STAGE:1,SEQUENCE:1432,DATA:{'time': 1722523328.458, 'source': 'VitalsTask', 'timer': 21.588, 'data': {'sensor': 'Heart Rate', 'action': 'capture', 'data': 'sensor action complete'}}
INFO:root:1722523328.464862,ID:1012,STAGE:1,SEQUENCE:1432,DATA:{'time': 1722523328.459, 'source': 'VitalsTask', 'timer': 21.589, 'data': {'sensor': 'Heart Rate', 'action': 'keypad open'}}
INFO:root:1722523329.397706,ID:1012,STAGE:1,SEQUENCE:1432,DATA:{'time': 1722523329.392, 'source': 'VitalsTask', 'timer': 22.522, 'data': {'sensor': 'Heart Rate', 'action': 'keypad press', 'key': 5, 'value': 5}}
INFO:root:1722523329.846359,ID:1012,STAGE:1,SEQUENCE:1432,DATA:{'time': 1722523329.842, 'source': 'VitalsTask', 'timer': 22.972, 'data': {'sensor': 'Heart Rate', 'action': 'keypad press', 'key': 5, 'value': 55}}
INFO:root:1722523330.429441,ID:1012,STAGE:1,SEQUENCE:1432,DATA:{'time': 1722523330.422, 'user-id': '1012', 'source': 'HAI Interface', 'destination-index': '3', 'study-stage': '1', 'decision-state': 0, 'vitals-state': 0, 'airspace-state': 0, 'data': {'page': 'emergency', 'action': 'trying to change destination to19'}}
INFO:root:1722523331.462804,ID:1012,STAGE:1,SEQUENCE:1432,DATA:{'time': 1722523331.459, 'source': 'VitalsTask', 'timer': 24.589, 'data': {'sensor': 'Heart Rate', 'action': 'show action buttons'}}
INFO:root:1722523331.465323,ID:1012,STAGE:1,SEQUENCE:1432,DATA:{'time': 1722523331.459, 'source': 'VitalsTask', 'timer': 24.589, 'data': {'sensor': 'Heart Rate', 'action': 'keypad press', 'key': 10, 'value': 55}}
INFO:root:1722523332.574895,ID:1012,STAGE:1,SEQUENCE:1432,DATA:{'time': 1722523332.571, 'source': 'VitalsTask', 'timer': 25.701, 'data': {'sensor': 'Heart Rate', 'action': 'log', 'data': 'action button pressed'}}
INFO:root:1722523332.576891,ID:1012,STAGE:1,SEQUENCE:1432,DATA:{'time': 1722523332.571, 'source': 'VitalsTask', 'timer': 25.701, 'data': {'sensor': 'Heart Rate', 'action': 'log', 'data': 'starting sensor action'}}
INFO:root:1722523333.589262,ID:1012,STAGE:1,SEQUENCE:1432,DATA:{'time': 1722523333.584, 'source': 'VitalsTask', 'timer': 26.714, 'data': {'sensor': 'Heart Rate', 'action': 'save', 'data': 'action button pressed'}}
INFO:root:1722523333.591293,ID:1012,STAGE:1,SEQUENCE:1432,DATA:{'time': 1722523333.585, 'source': 'VitalsTask', 'timer': 26.715, 'data': {'sensor': 'Heart Rate', 'action': 'save', 'data': 'a sensor action is in progress, cancelling'}}
INFO:root:1722523333.593248,ID:1012,STAGE:1,SEQUENCE:1432,DATA:{'time': 1722523333.588, 'source': 'VitalsTask', 'timer': 26.718, 'data': {'sensor': 'Heart Rate', 'action': 'log', 'data': 'sensor action complete'}}
INFO:root:1722523334.679726,ID:1012,STAGE:1,SEQUENCE:1432,DATA:{'time': 1722523334.673, 'source': 'VitalsTask', 'timer': 27.803, 'data': {'sensor': 'Heart Rate', 'action': 'save', 'data': 'action button pressed'}}
INFO:root:1722523334.682233,ID:1012,STAGE:1,SEQUENCE:1432,DATA:{'time': 1722523334.673, 'source': 'VitalsTask', 'timer': 27.803, 'data': {'sensor': 'Heart Rate', 'action': 'save', 'data': 'starting sensor action'}}
INFO:root:1722523335.457001,ID:1012,STAGE:1,SEQUENCE:1432,DATA:{'time': 1722523335.446, 'user-id': '1012', 'source': 'HAI Interface', 'destination-index': '3', 'study-stage': '1', 'decision-state': 0, 'vitals-state': 0, 'airspace-state': 0, 'data': {'page': 'emergency', 'action': 'trying to change destination to19'}}
INFO:root:1722523335.690451,ID:1012,STAGE:1,SEQUENCE:1432,DATA:{'time': 1722523335.686, 'source': 'VitalsTask', 'timer': 28.816, 'data': {'sensor': 'Heart Rate', 'action': 'save', 'data': 'sensor action complete'}}
INFO:root:1722523337.180098,ID:1012,STAGE:1,SEQUENCE:1432,DATA:{'time': 1722523337.174, 'source': 'VitalsTask', 'timer': 30.304, 'data': {'sensor': 'O\u2082 Saturation', 'action': 'opened sensor tab'}}
INFO:root:1722523339.047041,ID:1012,STAGE:1,SEQUENCE:1432,DATA:{'time': 1722523339.042, 'source': 'VitalsTask', 'timer': 32.172, 'data': {'sensor': 'Blood Pressure', 'action': 'opened sensor tab'}}
INFO:root:1722523340.434588,ID:1012,STAGE:1,SEQUENCE:1432,DATA:{'time': 1722523340.424, 'user-id': '1012', 'source': 'HAI Interface', 'destination-index': '3', 'study-stage': '1', 'decision-state': 0, 'vitals-state': 0, 'airspace-state': 0, 'data': {'page': 'emergency', 'action': 'trying to change destination to19'}}
INFO:root:1722523340.537604,ID:1012,STAGE:1,SEQUENCE:1432,DATA:{'time': 1722523340.533, 'source': 'VitalsTask', 'timer': 33.663, 'data': {'sensor': 'Blood Pressure', 'action': 'capture', 'data': 'action button pressed'}}
INFO:root:1722523340.539598,ID:1012,STAGE:1,SEQUENCE:1432,DATA:{'time': 1722523340.533, 'source': 'VitalsTask', 'timer': 33.663, 'data': {'sensor': 'Blood Pressure', 'action': 'capture', 'data': 'starting sensor action'}}
INFO:root:1722523341.548371,ID:1012,STAGE:1,SEQUENCE:1432,DATA:{'time': 1722523341.544, 'source': 'VitalsTask', 'timer': 34.674, 'data': {'sensor': 'Blood Pressure', 'action': 'capture', 'data': 'sensor action complete'}}
INFO:root:1722523341.551364,ID:1012,STAGE:1,SEQUENCE:1432,DATA:{'time': 1722523341.545, 'source': 'VitalsTask', 'timer': 34.675, 'data': {'sensor': 'Blood Pressure', 'action': 'keypad open'}}
INFO:root:1722523344.287971,ID:1012,STAGE:1,SEQUENCE:1432,DATA:{'time': 1722523344.279, 'source': 'VitalsTask', 'timer': 37.409, 'data': {'sensor': 'Blood Pressure', 'action': 'keypad press', 'key': 1, 'value': 1}}
INFO:root:1722523345.407857,ID:1012,STAGE:1,SEQUENCE:1432,DATA:{'time': 1722523345.402, 'user-id': '1012', 'source': 'HAI Interface', 'destination-index': '3', 'study-stage': '1', 'decision-state': 0, 'vitals-state': 0, 'airspace-state': 0, 'data': {'page': 'emergency', 'action': 'trying to change destination to19'}}
INFO:root:1722523345.583327,ID:1012,STAGE:1,SEQUENCE:1432,DATA:{'time': 1722523345.577, 'source': 'VitalsTask', 'timer': 38.707, 'data': {'sensor': 'Blood Pressure', 'action': 'keypad press', 'key': 2, 'value': 12}}
INFO:root:1722523346.754398,ID:1012,STAGE:1,SEQUENCE:1432,DATA:{'time': 1722523346.746, 'source': 'VitalsTask', 'timer': 39.876, 'data': {'sensor': 'Blood Pressure', 'action': 'show action buttons'}}
INFO:root:1722523346.756743,ID:1012,STAGE:1,SEQUENCE:1432,DATA:{'time': 1722523346.749, 'source': 'VitalsTask', 'timer': 39.879, 'data': {'sensor': 'Blood Pressure', 'action': 'keypad press', 'key': 10, 'value': 12}}
INFO:root:1722523349.74829,ID:1012,STAGE:1,SEQUENCE:1432,DATA:{'time': 1722523349.742, 'source': 'VitalsTask', 'timer': 42.872, 'data': {'sensor': 'Blood Pressure', 'action': 'capture', 'data': 'action button pressed'}}
INFO:root:1722523349.75029,ID:1012,STAGE:1,SEQUENCE:1432,DATA:{'time': 1722523349.743, 'source': 'VitalsTask', 'timer': 42.873, 'data': {'sensor': 'Blood Pressure', 'action': 'capture', 'data': 'sensor item has already been completed, cancelling'}}
INFO:root:1722523350.40571,ID:1012,STAGE:1,SEQUENCE:1432,DATA:{'time': 1722523350.399, 'user-id': '1012', 'source': 'HAI Interface', 'destination-index': '3', 'study-stage': '1', 'decision-state': 0, 'vitals-state': 0, 'airspace-state': 0, 'data': {'page': 'emergency', 'action': 'trying to change destination to19'}}
INFO:root:1722523351.37515,ID:1012,STAGE:1,SEQUENCE:1432,DATA:{'time': 1722523351.369, 'source': 'VitalsTask', 'timer': 44.499, 'data': {'sensor': 'Blood Pressure', 'action': 'opened sensor tab'}}
INFO:root:1722523352.600236,ID:1012,STAGE:1,SEQUENCE:1432,DATA:{'time': 1722523352.595, 'source': 'VitalsTask', 'timer': 45.725, 'data': {'sensor': 'Blood Pressure', 'action': 'capture', 'data': 'action button pressed'}}
INFO:root:1722523352.602762,ID:1012,STAGE:1,SEQUENCE:1432,DATA:{'time': 1722523352.595, 'source': 'VitalsTask', 'timer': 45.725, 'data': {'sensor': 'Blood Pressure', 'action': 'capture', 'data': 'sensor item has already been completed, cancelling'}}
INFO:root:1722523353.225698,ID:1012,STAGE:1,SEQUENCE:1432,DATA:{'time': 1722523353.22, 'source': 'VitalsTask', 'timer': 46.35, 'data': {'sensor': 'Blood Pressure', 'action': 'capture', 'data': 'action button pressed'}}
INFO:root:1722523353.227909,ID:1012,STAGE:1,SEQUENCE:1432,DATA:{'time': 1722523353.221, 'source': 'VitalsTask', 'timer': 46.351, 'data': {'sensor': 'Blood Pressure', 'action': 'capture', 'data': 'sensor item has already been completed, cancelling'}}
INFO:root:1722523355.331673,ID:1012,STAGE:1,SEQUENCE:1432,DATA:{'time': 1722523355.326, 'user-id': '1012', 'source': 'HAI Interface', 'destination-index': '3', 'study-stage': '1', 'decision-state': 0, 'vitals-state': 0, 'airspace-state': 0, 'data': {'page': 'emergency', 'action': 'trying to change destination to19'}}
INFO:root:1722523356.591007,ID:1012,STAGE:1,SEQUENCE:1432,DATA:{'time': 1722523356.585, 'source': 'VitalsTask', 'timer': 49.715, 'data': {'sensor': 'Heart Rate', 'action': 'opened sensor tab'}}
INFO:root:1722523357.741363,ID:1012,STAGE:1,SEQUENCE:1432,DATA:{'time': 1722523357.736, 'source': 'VitalsTask', 'timer': 50.866, 'data': {'sensor': 'O\u2082 Saturation', 'action': 'opened sensor tab'}}
INFO:root:1722523358.78309,ID:1012,STAGE:1,SEQUENCE:1432,DATA:{'time': 1722523358.777, 'source': 'VitalsTask', 'timer': 51.907, 'data': {'sensor': 'Blood Pressure', 'action': 'opened sensor tab'}}
INFO:root:1722523360.084895,ID:1012,STAGE:1,SEQUENCE:1432,DATA:{'time': 1722523360.078, 'source': 'VitalsTask', 'timer': 53.208, 'data': {'sensor': 'Blood Pressure', 'action': 'capture', 'data': 'action button pressed'}}
INFO:root:1722523360.087404,ID:1012,STAGE:1,SEQUENCE:1432,DATA:{'time': 1722523360.078, 'source': 'VitalsTask', 'timer': 53.208, 'data': {'sensor': 'Blood Pressure', 'action': 'capture', 'data': 'sensor item has already been completed, cancelling'}}
INFO:root:1722523360.732783,ID:1012,STAGE:1,SEQUENCE:1432,DATA:{'time': 1722523360.728, 'user-id': '1012', 'source': 'HAI Interface', 'destination-index': '3', 'study-stage': '1', 'decision-state': 0, 'vitals-state': 0, 'airspace-state': 0, 'data': {'page': 'emergency', 'action': 'trying to change destination to19'}}
INFO:root:1722523360.736777,ID:1012,STAGE:1,SEQUENCE:1432,DATA:{'time': 1722523360.729, 'user-id': '1012', 'source': 'HAI Interface', 'destination-index': '3', 'study-stage': '1', 'decision-state': 0, 'vitals-state': 0, 'airspace-state': 0, 'data': {'page': 'emergency', 'action': 'show Weather Emergency Alert, hide map'}}
INFO:root:1722523360.739769,ID:1012,STAGE:1,SEQUENCE:1432,DATA:{'time': 1722523360.729, 'user-id': '1012', 'source': 'HAI Interface', 'destination-index': '3', 'study-stage': '1', 'decision-state': 0, 'vitals-state': 0, 'airspace-state': 0, 'data': {'page': 'map', 'action': 'hide map'}}
INFO:root:1722523360.743273,ID:1012,STAGE:1,SEQUENCE:1432,DATA:{'time': 1722523360.73, 'user-id': '1012', 'source': 'HAI Interface', 'destination-index': '3', 'study-stage': '1', 'decision-state': 0, 'vitals-state': 0, 'airspace-state': 0, 'data': {'page': 'Inflight', 'action': 'Weather emergency- emergnecy propmt displayed'}}
INFO:root:1722523360.874171,ID:1012,STAGE:1,SEQUENCE:1432,DATA:{'time': 1722523360.868, 'source': 'VitalsTask', 'timer': 53.998, 'data': {'sensor': 'Blood Pressure', 'action': 'log', 'data': 'action button pressed'}}
INFO:root:1722523360.876166,ID:1012,STAGE:1,SEQUENCE:1432,DATA:{'time': 1722523360.869, 'source': 'VitalsTask', 'timer': 53.999, 'data': {'sensor': 'Blood Pressure', 'action': 'log', 'data': 'starting sensor action'}}
INFO:root:1722523361.890784,ID:1012,STAGE:1,SEQUENCE:1432,DATA:{'time': 1722523361.882, 'source': 'VitalsTask', 'timer': 55.012, 'data': {'sensor': 'Blood Pressure', 'action': 'log', 'data': 'sensor action complete'}}
INFO:root:1722523362.208974,ID:1012,STAGE:1,SEQUENCE:1432,DATA:{'time': 1722523362.204, 'source': 'VitalsTask', 'timer': 55.334, 'data': {'sensor': 'Blood Pressure', 'action': 'save', 'data': 'action button pressed'}}
INFO:root:1722523362.211217,ID:1012,STAGE:1,SEQUENCE:1432,DATA:{'time': 1722523362.204, 'source': 'VitalsTask', 'timer': 55.334, 'data': {'sensor': 'Blood Pressure', 'action': 'save', 'data': 'starting sensor action'}}
INFO:root:1722523363.227493,ID:1012,STAGE:1,SEQUENCE:1432,DATA:{'time': 1722523363.222, 'source': 'VitalsTask', 'timer': 56.352, 'data': {'sensor': 'Blood Pressure', 'action': 'save', 'data': 'sensor action complete'}}
INFO:root:1722523365.499556,ID:1012,STAGE:1,SEQUENCE:1432,DATA:{'time': 1722523365.49, 'user-id': '1012', 'source': 'HAI Interface', 'destination-index': '3', 'study-stage': '1', 'decision-state': 0, 'vitals-state': 0, 'airspace-state': 0, 'data': {'page': 'emergency', 'action': 'trying to change destination to19'}}
INFO:root:1722523365.501085,ID:1012,STAGE:1,SEQUENCE:1432,DATA:{'time': 1722523365.491, 'user-id': '1012', 'source': 'HAI Interface', 'destination-index': '3', 'study-stage': '1', 'decision-state': 0, 'vitals-state': 0, 'airspace-state': 0, 'data': {'page': 'emergency', 'action': 'show Weather Emergency Alert, hide map'}}
INFO:root:1722523365.504082,ID:1012,STAGE:1,SEQUENCE:1432,DATA:{'time': 1722523365.491, 'user-id': '1012', 'source': 'HAI Interface', 'destination-index': '3', 'study-stage': '1', 'decision-state': 0, 'vitals-state': 0, 'airspace-state': 0, 'data': {'page': 'map', 'action': 'hide map'}}
INFO:root:1722523365.508071,ID:1012,STAGE:1,SEQUENCE:1432,DATA:{'time': 1722523365.491, 'user-id': '1012', 'source': 'HAI Interface', 'destination-index': '3', 'study-stage': '1', 'decision-state': 0, 'vitals-state': 0, 'airspace-state': 0, 'data': {'page': 'Inflight', 'action': 'Weather emergency- emergnecy propmt displayed'}}
INFO:root:1722523369.466785,ID:1012,STAGE:1,SEQUENCE:1432,DATA:{'time': 1722523369.462, 'user-id': '1012', 'source': 'HAI Interface', 'destination-index': '3', 'study-stage': '1', 'decision-state': 0, 'vitals-state': 0, 'airspace-state': 0, 'data': {'page': 'Inflight', 'action': 'Weather emergency- show more info button pressed'}}
INFO:root:1722523370.368154,ID:1012,STAGE:1,SEQUENCE:1432,DATA:{'time': 1722523370.362, 'user-id': '1012', 'source': 'HAI Interface', 'destination-index': '3', 'study-stage': '1', 'decision-state': 0, 'vitals-state': 0, 'airspace-state': 0, 'data': {'page': 'emergency', 'action': 'trying to change destination to19'}}
INFO:root:1722523375.442017,ID:1012,STAGE:1,SEQUENCE:1432,DATA:{'time': 1722523375.418, 'user-id': '1012', 'source': 'HAI Interface', 'destination-index': '3', 'study-stage': '1', 'decision-state': 0, 'vitals-state': 0, 'airspace-state': 0, 'data': {'page': 'emergency', 'action': 'trying to change destination to19'}}
INFO:root:1722523380.482251,ID:1012,STAGE:1,SEQUENCE:1432,DATA:{'time': 1722523380.474, 'user-id': '1012', 'source': 'HAI Interface', 'destination-index': '3', 'study-stage': '1', 'decision-state': 0, 'vitals-state': 0, 'airspace-state': 0, 'data': {'page': 'emergency', 'action': 'trying to change destination to19'}}
INFO:root:1722523384.017653,ID:1012,STAGE:1,SEQUENCE:1432,DATA:{'time': 1722523384.012, 'user-id': '1012', 'source': 'HAI Interface', 'destination-index': '3', 'study-stage': '1', 'decision-state': 0, 'vitals-state': 0, 'airspace-state': 0, 'data': {'page': 'Inflight', 'action': 'Weather emergency- close button pressed'}}
INFO:root:1722523385.410301,ID:1012,STAGE:1,SEQUENCE:1432,DATA:{'time': 1722523385.404, 'user-id': '1012', 'source': 'HAI Interface', 'destination-index': '3', 'study-stage': '1', 'decision-state': 0, 'vitals-state': 0, 'airspace-state': 0, 'data': {'page': 'emergency', 'action': 'trying to change destination to19'}}
INFO:root:1722523389.743298,ID:1012,STAGE:1,SEQUENCE:1432,DATA:{'time': 1722523389.736, 'user-id': '1012', 'source': 'HAI Interface', 'destination-index': '3', 'study-stage': '1', 'decision-state': 0, 'vitals-state': 0, 'airspace-state': 0, 'data': {'action': 'transmit button pressed'}}
INFO:root:1722523389.748829,ID:1012,STAGE:1,SEQUENCE:1432,DATA:{'time': 1722523389.736, 'user-id': '1012', 'source': 'HAI Interface', 'destination-index': '3', 'study-stage': '1', 'decision-state': 0, 'vitals-state': 0, 'airspace-state': 0, 'data': {'action': 'callsign set to: + MEDEVAC'}}
INFO:root:1722523390.423489,ID:1012,STAGE:1,SEQUENCE:1432,DATA:{'time': 1722523390.416, 'user-id': '1012', 'source': 'HAI Interface', 'destination-index': '3', 'study-stage': '1', 'decision-state': 0, 'vitals-state': 0, 'airspace-state': 0, 'data': {'page': 'emergency', 'action': 'trying to change destination to19'}}
INFO:root:1722523395.468807,ID:1012,STAGE:1,SEQUENCE:1432,DATA:{'time': 1722523395.461, 'user-id': '1012', 'source': 'HAI Interface', 'destination-index': '3', 'study-stage': '1', 'decision-state': 0, 'vitals-state': 0, 'airspace-state': 0, 'data': {'page': 'emergency', 'action': 'trying to change destination to19'}}
INFO:root:1722523395.501517,ID:1012,STAGE:1,SEQUENCE:1432,DATA:{'time': 1722523395.496, 'user-id': '1012', 'source': 'HAI Interface', 'destination-index': '3', 'study-stage': '1', 'decision-state': 0, 'vitals-state': 0, 'airspace-state': 0, 'data': {'action': 'receive button pressed'}}
INFO:root:1722523395.508498,ID:1012,STAGE:1,SEQUENCE:1432,DATA:{'time': 1722523395.497, 'user-id': '1012', 'source': 'HAI Interface', 'destination-index': '3', 'study-stage': '1', 'decision-state': 0, 'vitals-state': 0, 'airspace-state': 0, 'data': {'action': 'callsign set to:[object Object]'}}
INFO:root:1722523395.510714,ID:1012,STAGE:1,SEQUENCE:1432,DATA:{'time': 1722523395.497, 'user-id': '1012', 'source': 'HAI Interface', 'destination-index': '3', 'study-stage': '1', 'decision-state': 0, 'vitals-state': 0, 'airspace-state': 0, 'data': {'action': 'radio set to:Comm2'}}
INFO:root:1722523395.515705,ID:1012,STAGE:1,SEQUENCE:1432,DATA:{'time': 1722523395.501, 'user-id': '1012', 'source': 'HAI Interface', 'destination-index': '3', 'study-stage': '1', 'decision-state': 0, 'vitals-state': 0, 'airspace-state': 0, 'data': {'action': 'MEDEVACtransmitting onComm2123.45 MHz'}}
INFO:root:Weather emergency alert given, sent request to clear weather_emergency
INFO:root:1722523400.413835,ID:1012,STAGE:1,SEQUENCE:1432,DATA:{'time': 1722523400.406, 'user-id': '1012', 'source': 'HAI Interface', 'destination-index': '3', 'study-stage': '1', 'decision-state': 0, 'vitals-state': 0, 'airspace-state': 0, 'data': {'page': 'emergency', 'action': 'trying to change destination to19'}}
INFO:root:1722523401.330321,ID:1012,STAGE:1,SEQUENCE:1432,DATA:{'time': 1722523401.326, 'user-id': '1012', 'source': 'HAI Interface', 'destination-index': '3', 'study-stage': '1', 'decision-state': 0, 'vitals-state': 0, 'airspace-state': 0, 'data': {'page': 'inflight', 'action': 'user acknowledged vitals prompt'}}
INFO:root:1722523403.230817,ID:1012,STAGE:1,SEQUENCE:1432,DATA:{'time': 1722523403.226, 'user-id': '1012', 'source': 'HAI Interface', 'destination-index': '3', 'study-stage': '1', 'decision-state': 0, 'vitals-state': 0, 'airspace-state': 0, 'data': {'page': 'map', 'action': 'show map'}}
INFO:root:1722523403.233808,ID:1012,STAGE:1,SEQUENCE:1432,DATA:{'time': 1722523403.226, 'user-id': '1012', 'source': 'HAI Interface', 'destination-index': '3', 'study-stage': '1', 'decision-state': 0, 'vitals-state': 0, 'airspace-state': 0, 'data': {'page': 'map', 'action': 'selected helipad', 'value': '21'}}
INFO:root:1722523405.459573,ID:1012,STAGE:1,SEQUENCE:1432,DATA:{'time': 1722523405.452, 'user-id': '1012', 'source': 'HAI Interface', 'destination-index': '3', 'study-stage': '1', 'decision-state': 0, 'vitals-state': 0, 'airspace-state': 0, 'data': {'page': 'emergency', 'action': 'trying to change destination to19'}}
INFO:root:1722523405.956427,ID:1012,STAGE:1,SEQUENCE:1432,DATA:{'time': 1722523405.949, 'user-id': '1012', 'source': 'HAI Interface', 'destination-index': '3', 'study-stage': '1', 'decision-state': 0, 'vitals-state': 0, 'airspace-state': 0, 'data': {'page': 'map', 'action': 'selected helipad', 'value': '5'}}
INFO:root:1722523410.463218,ID:1012,STAGE:1,SEQUENCE:1432,DATA:{'time': 1722523410.45, 'user-id': '1012', 'source': 'HAI Interface', 'destination-index': '3', 'study-stage': '1', 'decision-state': 0, 'vitals-state': 0, 'airspace-state': 0, 'data': {'page': 'emergency', 'action': 'trying to change destination to19'}}
INFO:root:1722523415.386093,ID:1012,STAGE:1,SEQUENCE:1432,DATA:{'time': 1722523415.38, 'user-id': '1012', 'source': 'HAI Interface', 'destination-index': '3', 'study-stage': '1', 'decision-state': 0, 'vitals-state': 0, 'airspace-state': 0, 'data': {'page': 'emergency', 'action': 'trying to change destination to19'}}
INFO:root:1722523420.45902,ID:1012,STAGE:1,SEQUENCE:1432,DATA:{'time': 1722523420.453, 'user-id': '1012', 'source': 'HAI Interface', 'destination-index': '3', 'study-stage': '1', 'decision-state': 0, 'vitals-state': 0, 'airspace-state': 0, 'data': {'page': 'emergency', 'action': 'trying to change destination to19'}}
INFO:root:1722523425.395917,ID:1012,STAGE:1,SEQUENCE:1432,DATA:{'time': 1722523425.39, 'user-id': '1012', 'source': 'HAI Interface', 'destination-index': '3', 'study-stage': '1', 'decision-state': 0, 'vitals-state': 0, 'airspace-state': 0, 'data': {'page': 'emergency', 'action': 'trying to change destination to19'}}
INFO:root:1722523430.471277,ID:1012,STAGE:1,SEQUENCE:1432,DATA:{'time': 1722523430.464, 'user-id': '1012', 'source': 'HAI Interface', 'destination-index': '3', 'study-stage': '1', 'decision-state': 0, 'vitals-state': 0, 'airspace-state': 0, 'data': {'page': 'emergency', 'action': 'trying to change destination to19'}}
INFO:root:1722523435.496718,ID:1012,STAGE:1,SEQUENCE:1432,DATA:{'time': 1722523435.491, 'user-id': '1012', 'source': 'HAI Interface', 'destination-index': '3', 'study-stage': '1', 'decision-state': 0, 'vitals-state': 0, 'airspace-state': 0, 'data': {'page': 'emergency', 'action': 'trying to change destination to19'}}
INFO:root:1722523440.412806,ID:1012,STAGE:1,SEQUENCE:1432,DATA:{'time': 1722523440.405, 'user-id': '1012', 'source': 'HAI Interface', 'destination-index': '3', 'study-stage': '1', 'decision-state': 0, 'vitals-state': 0, 'airspace-state': 0, 'data': {'page': 'emergency', 'action': 'trying to change destination to19'}}
INFO:root:1722523443.288769,ID:1012,STAGE:1,SEQUENCE:1432,DATA:{'time': 1722523443.283, 'user-id': '1012', 'source': 'HAI Interface', 'destination-index': '3', 'study-stage': '1', 'decision-state': 0, 'vitals-state': 0, 'airspace-state': 0, 'data': {'page': 'map', 'action': 'selected helipad', 'value': 100}}
INFO:root:1722523443.295778,ID:1012,STAGE:1,SEQUENCE:1432,DATA:{'time': 1722523443.286, 'user-id': '1012', 'source': 'HAI Interface', 'destination-index': '3', 'study-stage': '1', 'decision-state': 0, 'vitals-state': 0, 'airspace-state': 0, 'data': {'action': 'receive button pressed'}}
INFO:root:1722523443.303305,ID:1012,STAGE:1,SEQUENCE:1432,DATA:{'time': 1722523443.286, 'user-id': '1012', 'source': 'HAI Interface', 'destination-index': '3', 'study-stage': '1', 'decision-state': 0, 'vitals-state': 0, 'airspace-state': 0, 'data': {'action': 'callsign set to:[object Object]'}}
INFO:root:1722523443.309798,ID:1012,STAGE:1,SEQUENCE:1432,DATA:{'time': 1722523443.287, 'user-id': '1012', 'source': 'HAI Interface', 'destination-index': '3', 'study-stage': '1', 'decision-state': 0, 'vitals-state': 0, 'airspace-state': 0, 'data': {'action': 'radio set to:Comm2'}}
INFO:root:1722523443.312299,ID:1012,STAGE:1,SEQUENCE:1432,DATA:{'time': 1722523443.291, 'user-id': '1012', 'source': 'HAI Interface', 'destination-index': '3', 'study-stage': '1', 'decision-state': 0, 'vitals-state': 0, 'airspace-state': 0, 'data': {'action': 'MEDEVACtransmitting onComm2123.45 MHz'}}
INFO:root:1722523445.465897,ID:1012,STAGE:1,SEQUENCE:1432,DATA:{'time': 1722523445.457, 'user-id': '1012', 'source': 'HAI Interface', 'destination-index': '3', 'study-stage': '1', 'decision-state': 0, 'vitals-state': 0, 'airspace-state': 0, 'data': {'page': 'emergency', 'action': 'trying to change destination to19'}}
INFO:root:1722523450.399933,ID:1012,STAGE:1,SEQUENCE:1432,DATA:{'time': 1722523450.387, 'user-id': '1012', 'source': 'HAI Interface', 'destination-index': '3', 'study-stage': '1', 'decision-state': 0, 'vitals-state': 0, 'airspace-state': 0, 'data': {'page': 'emergency', 'action': 'trying to change destination to19'}}
INFO:root:1722523455.412474,ID:1012,STAGE:1,SEQUENCE:1432,DATA:{'time': 1722523455.407, 'user-id': '1012', 'source': 'HAI Interface', 'destination-index': '3', 'study-stage': '1', 'decision-state': 0, 'vitals-state': 0, 'airspace-state': 0, 'data': {'page': 'emergency', 'action': 'trying to change destination to19'}}
INFO:root:1722523460.445512,ID:1012,STAGE:1,SEQUENCE:1432,DATA:{'time': 1722523460.44, 'user-id': '1012', 'source': 'HAI Interface', 'destination-index': '3', 'study-stage': '1', 'decision-state': 0, 'vitals-state': 0, 'airspace-state': 0, 'data': {'page': 'emergency', 'action': 'trying to change destination to19'}}
INFO:root:1722523465.435861,ID:1012,STAGE:1,SEQUENCE:1432,DATA:{'time': 1722523465.427, 'user-id': '1012', 'source': 'HAI Interface', 'destination-index': '3', 'study-stage': '1', 'decision-state': 0, 'vitals-state': 0, 'airspace-state': 0, 'data': {'page': 'emergency', 'action': 'trying to change destination to19'}}
INFO:root:1722523465.452882,ID:1012,STAGE:1,SEQUENCE:1432,DATA:{'time': 1722523465.444, 'user-id': '1012', 'source': 'HAI Interface', 'destination-index': '3', 'study-stage': '1', 'decision-state': 0, 'vitals-state': 0, 'airspace-state': 0, 'data': {'action': 'radio panel closed'}}
INFO:root:weather emergency radio comm response initiated
INFO:root:1722523470.441474,ID:1012,STAGE:1,SEQUENCE:1432,DATA:{'time': 1722523470.435, 'user-id': '1012', 'source': 'HAI Interface', 'destination-index': '3', 'study-stage': '1', 'decision-state': 0, 'vitals-state': 0, 'airspace-state': 0, 'data': {'page': 'emergency', 'action': 'trying to change destination to19'}}
INFO:root:1722523475.375695,ID:1012,STAGE:1,SEQUENCE:1432,DATA:{'time': 1722523475.37, 'user-id': '1012', 'source': 'HAI Interface', 'destination-index': '3', 'study-stage': '1', 'decision-state': 0, 'vitals-state': 0, 'airspace-state': 0, 'data': {'page': 'emergency', 'action': 'trying to change destination to19'}}
INFO:root:1722523479.057962,ID:1012,STAGE:1,SEQUENCE:1432,DATA:{'time': 1722523479.053, 'source': 'VitalsTask', 'timer': 172.183, 'data': {'sensor': 'Heart Rate', 'action': 'opened sensor tab'}}
INFO:root:1722523480.373012,ID:1012,STAGE:1,SEQUENCE:1432,DATA:{'time': 1722523480.367, 'user-id': '1012', 'source': 'HAI Interface', 'destination-index': '3', 'study-stage': '1', 'decision-state': 0, 'vitals-state': 0, 'airspace-state': 0, 'data': {'page': 'emergency', 'action': 'trying to change destination to19'}}
INFO:root:Reroute to weather emergency radio comm done- command to clear event and make receive 0 sent
INFO:root:1722523485.429792,ID:1012,STAGE:1,SEQUENCE:1432,DATA:{'time': 1722523485.423, 'user-id': '1012', 'source': 'HAI Interface', 'destination-index': '3', 'study-stage': '1', 'decision-state': 0, 'vitals-state': 0, 'airspace-state': 0, 'data': {'page': 'emergency', 'action': 'trying to change destination to19'}}
INFO:root:1722523490.417784,ID:1012,STAGE:1,SEQUENCE:1432,DATA:{'time': 1722523490.411, 'user-id': '1012', 'source': 'HAI Interface', 'destination-index': '3', 'study-stage': '1', 'decision-state': 0, 'vitals-state': 0, 'airspace-state': 0, 'data': {'page': 'emergency', 'action': 'trying to change destination to19'}}
INFO:root:Inflight Radio Update asked
INFO:root:sent request to set radio update complete
INFO:root:1722523495.407863,ID:1012,STAGE:1,SEQUENCE:1432,DATA:{'time': 1722523495.4, 'user-id': '1012', 'source': 'HAI Interface', 'destination-index': '3', 'study-stage': '1', 'decision-state': 0, 'vitals-state': 0, 'airspace-state': 0, 'data': {'page': 'emergency', 'action': 'trying to change destination to19'}}
INFO:root:1722523496.083521,ID:1012,STAGE:1,SEQUENCE:1432,DATA:{'time': 1722523496.076, 'source': 'VitalsTask', 'timer': 189.206, 'data': {'sensor': 'O\u2082 Saturation', 'action': 'opened sensor tab'}}
INFO:root:1722523497.180009,ID:1012,STAGE:1,SEQUENCE:1432,DATA:{'time': 1722523497.172, 'source': 'VitalsTask', 'timer': 190.302, 'data': {'sensor': 'Blood Pressure', 'action': 'opened sensor tab'}}
INFO:root:1722523500.459228,ID:1012,STAGE:1,SEQUENCE:1432,DATA:{'time': 1722523500.449, 'user-id': '1012', 'source': 'HAI Interface', 'destination-index': '3', 'study-stage': '1', 'decision-state': 0, 'vitals-state': 0, 'airspace-state': 0, 'data': {'page': 'emergency', 'action': 'trying to change destination to19'}}
INFO:root:1722523505.40038,ID:1012,STAGE:1,SEQUENCE:1432,DATA:{'time': 1722523505.394, 'user-id': '1012', 'source': 'HAI Interface', 'destination-index': '3', 'study-stage': '1', 'decision-state': 0, 'vitals-state': 0, 'airspace-state': 0, 'data': {'page': 'emergency', 'action': 'trying to change destination to19'}}
INFO:root:1722523510.429438,ID:1012,STAGE:1,SEQUENCE:1432,DATA:{'time': 1722523510.405, 'user-id': '1012', 'source': 'HAI Interface', 'destination-index': '3', 'study-stage': '1', 'decision-state': 0, 'vitals-state': 0, 'airspace-state': 0, 'data': {'page': 'emergency', 'action': 'trying to change destination to19'}}
INFO:root:1722523515.415734,ID:1012,STAGE:1,SEQUENCE:1432,DATA:{'time': 1722523515.408, 'user-id': '1012', 'source': 'HAI Interface', 'destination-index': '3', 'study-stage': '1', 'decision-state': 0, 'vitals-state': 0, 'airspace-state': 0, 'data': {'page': 'emergency', 'action': 'trying to change destination to19'}}
INFO:root:1722523520.413486,ID:1012,STAGE:1,SEQUENCE:1432,DATA:{'time': 1722523520.404, 'user-id': '1012', 'source': 'HAI Interface', 'destination-index': '3', 'study-stage': '1', 'decision-state': 0, 'vitals-state': 0, 'airspace-state': 0, 'data': {'page': 'emergency', 'action': 'trying to change destination to19'}}
INFO:root:1722523525.44774,ID:1012,STAGE:1,SEQUENCE:1432,DATA:{'time': 1722523525.426, 'user-id': '1012', 'source': 'HAI Interface', 'destination-index': '3', 'study-stage': '1', 'decision-state': 0, 'vitals-state': 0, 'airspace-state': 0, 'data': {'page': 'emergency', 'action': 'trying to change destination to19'}}
INFO:root:1722523525.482278,ID:1012,STAGE:1,SEQUENCE:1432,DATA:{'time': 1722523525.427, 'user-id': '1012', 'source': 'HAI Interface', 'destination-index': '3', 'study-stage': '1', 'decision-state': 0, 'vitals-state': 0, 'airspace-state': 0, 'data': {'page': 'emergency', 'action': 'show Altitude Miscalibrated Warning, hide map'}}
INFO:root:1722523525.483281,ID:1012,STAGE:1,SEQUENCE:1432,DATA:{'time': 1722523525.428, 'user-id': '1012', 'source': 'HAI Interface', 'destination-index': '3', 'study-stage': '1', 'decision-state': 0, 'vitals-state': 0, 'airspace-state': 0, 'data': {'page': 'map', 'action': 'hide map'}}
INFO:root:1722523525.491296,ID:1012,STAGE:1,SEQUENCE:1432,DATA:{'time': 1722523525.428, 'user-id': '1012', 'source': 'HAI Interface', 'destination-index': '3', 'study-stage': '1', 'decision-state': 0, 'vitals-state': 0, 'airspace-state': 0, 'data': {'page': 'Inflight', 'action': ' Altitude alert activated'}}
INFO:root:1722523525.667226,ID:1012,STAGE:1,SEQUENCE:1432,DATA:{'time': 1722523525.627, 'user-id': 'none', 'source': 'HAI Interface', 'destination-index': 3, 'study-stage': -1, 'decision-state': 0, 'vitals-state': 0, 'airspace-state': 0, 'data': {'page': 'checklist', 'action': 'opened page', 'inflight': True}}
INFO:root:1722523526.590549,ID:1012,STAGE:1,SEQUENCE:1432,DATA:{'time': 1722523526.584, 'user-id': '1012', 'source': 'HAI Interface', 'destination-index': '3', 'study-stage': '1', 'decision-state': 0, 'vitals-state': 0, 'airspace-state': 0, 'data': {'page': 'map', 'action': 'selected helipad', 'value': '21'}}
INFO:root:1722523528.729697,ID:1012,STAGE:1,SEQUENCE:1432,DATA:{'time': 1722523528.725, 'user-id': '1012', 'source': 'HAI Interface', 'destination-index': '3', 'study-stage': '1', 'decision-state': 0, 'vitals-state': 0, 'airspace-state': 0, 'data': {'page': 'checklist', 'action': 'toggled checkbox', 'inflight': True, 'item': 0, 'value': 'OFF'}}
INFO:root:1722523529.659598,ID:1012,STAGE:1,SEQUENCE:1432,DATA:{'time': 1722523529.655, 'user-id': '1012', 'source': 'HAI Interface', 'destination-index': '3', 'study-stage': '1', 'decision-state': 0, 'vitals-state': 0, 'airspace-state': 0, 'data': {'page': 'checklist', 'action': 'toggled checkbox', 'inflight': True, 'item': 1, 'value': 'OFF'}}
INFO:root:1722523530.270642,ID:1012,STAGE:1,SEQUENCE:1432,DATA:{'time': 1722523530.266, 'user-id': '1012', 'source': 'HAI Interface', 'destination-index': '3', 'study-stage': '1', 'decision-state': 0, 'vitals-state': 0, 'airspace-state': 0, 'data': {'page': 'checklist', 'action': 'toggled checkbox', 'inflight': True, 'item': 2, 'value': 'OFF'}}
INFO:root:1722523530.273145,ID:1012,STAGE:1,SEQUENCE:1432,DATA:{'time': 1722523530.267, 'user-id': '1012', 'source': 'HAI Interface', 'destination-index': '3', 'study-stage': '1', 'decision-state': 0, 'vitals-state': 0, 'airspace-state': 0, 'data': {'page': 'checklist', 'action': 'showing confirm button', 'inflight': True}}
INFO:root:1722523532.935964,ID:1012,STAGE:1,SEQUENCE:1432,DATA:{'time': 1722523532.931, 'user-id': '1012', 'source': 'HAI Interface', 'destination-index': '3', 'study-stage': '1', 'decision-state': 0, 'vitals-state': 0, 'airspace-state': 0, 'data': {'page': 'checklist', 'action': 'confirm button clicked', 'inflight': True}}
INFO:root:1722523533.316797,ID:1012,STAGE:1,SEQUENCE:1432,DATA:{'time': 1722523533.289, 'user-id': 'none', 'source': 'HAI Interface', 'destination-index': 3, 'study-stage': -1, 'decision-state': 0, 'vitals-state': 0, 'airspace-state': 0, 'data': {'page': 'landing-confirmation', 'action': 'opened page'}}
INFO:root:1722523533.328277,ID:1012,STAGE:1,SEQUENCE:1432,DATA:{'time': 1722523533.29, 'user-id': 'none', 'source': 'HAI Interface', 'destination-index': 3, 'study-stage': -1, 'decision-state': 0, 'vitals-state': 0, 'airspace-state': 0, 'data': {'page': 'landing-confirmation', 'action': 'showing helipad confirm', 'value': 1}}
INFO:root:1722523534.268095,ID:1012,STAGE:1,SEQUENCE:1432,DATA:{'time': 1722523534.263, 'user-id': '1012', 'source': 'HAI Interface', 'destination-index': '3', 'study-stage': '1', 'decision-state': 0, 'vitals-state': 0, 'airspace-state': 0, 'data': {'page': 'map', 'action': 'selected helipad', 'value': '21'}}
INFO:root:Altitude Warning alert given, sent request to clear altitude_warning_alert
INFO:root:1722523542.716077,ID:1012,STAGE:1,SEQUENCE:1432,DATA:{'time': 1722523542.711, 'user-id': '1012', 'source': 'HAI Interface', 'destination-index': '3', 'study-stage': '1', 'decision-state': 0, 'vitals-state': 0, 'airspace-state': 0, 'data': {'page': 'landing-confirmation', 'action': 'checkbox toggle', 'item': 0, 'value': 'ON'}}
INFO:root:1722523548.163579,ID:1012,STAGE:1,SEQUENCE:1432,DATA:{'time': 1722523548.158, 'user-id': '1012', 'source': 'HAI Interface', 'destination-index': '3', 'study-stage': '1', 'decision-state': 0, 'vitals-state': 0, 'airspace-state': 0, 'data': {'page': 'landing-confirmation', 'action': 'checkbox toggle', 'item': 1, 'value': 'ON'}}
INFO:root:1722523548.914221,ID:1012,STAGE:1,SEQUENCE:1432,DATA:{'time': 1722523548.909, 'user-id': '1012', 'source': 'HAI Interface', 'destination-index': '3', 'study-stage': '1', 'decision-state': 0, 'vitals-state': 0, 'airspace-state': 0, 'data': {'page': 'landing-confirmation', 'action': 'confirmed safe to land'}}
INFO:root:1722523548.916217,ID:1012,STAGE:1,SEQUENCE:1432,DATA:{'time': 1722523548.91, 'user-id': '1012', 'source': 'HAI Interface', 'destination-index': '3', 'study-stage': '1', 'decision-state': 0, 'vitals-state': 0, 'airspace-state': 0, 'data': {'page': 'landing-confirmation', 'action': 'showing helipad ready'}}
INFO:root:1722523551.131556,ID:1012,STAGE:1,SEQUENCE:1432,DATA:{'time': 1722523551.126, 'user-id': '1012', 'source': 'HAI Interface', 'destination-index': '3', 'study-stage': '1', 'decision-state': 0, 'vitals-state': 0, 'airspace-state': 0, 'data': {'page': 'landing-confirmation', 'action': 'gave landing confirmation'}}
INFO:root:1722523551.266609,ID:1012,STAGE:1,SEQUENCE:1432,DATA:{'time': 1722523551.249, 'user-id': 'none', 'source': 'HAI Interface', 'destination-index': 3, 'study-stage': -1, 'decision-state': 0, 'vitals-state': 0, 'airspace-state': 0, 'data': {'page': 'landing-countdown', 'action': 'opened page'}}
INFO:root:1722523552.218299,ID:1012,STAGE:1,SEQUENCE:1432,DATA:{'time': 1722523552.211, 'user-id': '1012', 'source': 'HAI Interface', 'destination-index': '3', 'study-stage': '1', 'decision-state': '1', 'vitals-state': 0, 'airspace-state': 0, 'data': {'page': 'map', 'action': 'selected helipad', 'value': '21'}}
INFO:root:1722523552.255468,ID:1012,STAGE:1,SEQUENCE:1432,DATA:{'time': 1722523552.25, 'user-id': '1012', 'source': 'HAI Interface', 'destination-index': '3', 'study-stage': '1', 'decision-state': '1', 'vitals-state': 0, 'airspace-state': 0, 'data': {'page': 'landing-countdown', 'action': 'countdown changed', 'value': 5}}
INFO:root:1722523553.256111,ID:1012,STAGE:1,SEQUENCE:1432,DATA:{'time': 1722523553.252, 'user-id': '1012', 'source': 'HAI Interface', 'destination-index': '3', 'study-stage': '1', 'decision-state': '1', 'vitals-state': 0, 'airspace-state': 0, 'data': {'page': 'landing-countdown', 'action': 'countdown changed', 'value': 4}}
INFO:root:1722523554.262432,ID:1012,STAGE:1,SEQUENCE:1432,DATA:{'time': 1722523554.253, 'user-id': '1012', 'source': 'HAI Interface', 'destination-index': '3', 'study-stage': '1', 'decision-state': '1', 'vitals-state': 0, 'airspace-state': 0, 'data': {'page': 'landing-countdown', 'action': 'countdown changed', 'value': 3}}
INFO:root:1722523555.25693,ID:1012,STAGE:1,SEQUENCE:1432,DATA:{'time': 1722523555.252, 'user-id': '1012', 'source': 'HAI Interface', 'destination-index': '3', 'study-stage': '1', 'decision-state': '1', 'vitals-state': 0, 'airspace-state': 0, 'data': {'page': 'landing-countdown', 'action': 'countdown changed', 'value': 2}}
INFO:root:1722523556.256163,ID:1012,STAGE:1,SEQUENCE:1432,DATA:{'time': 1722523556.252, 'user-id': '1012', 'source': 'HAI Interface', 'destination-index': '3', 'study-stage': '1', 'decision-state': '1', 'vitals-state': 0, 'airspace-state': 0, 'data': {'page': 'landing-countdown', 'action': 'countdown changed', 'value': 1}}
INFO:root:1722523557.259097,ID:1012,STAGE:1,SEQUENCE:1432,DATA:{'time': 1722523557.252, 'user-id': '1012', 'source': 'HAI Interface', 'destination-index': '3', 'study-stage': '1', 'decision-state': '1', 'vitals-state': 0, 'airspace-state': 0, 'data': {'page': 'landing-countdown', 'action': 'countdown changed', 'value': 0}}
INFO:root:1722523558.256128,ID:1012,STAGE:1,SEQUENCE:1432,DATA:{'time': 1722523558.251, 'user-id': '1012', 'source': 'HAI Interface', 'destination-index': '3', 'study-stage': '1', 'decision-state': '1', 'vitals-state': 0, 'airspace-state': 0, 'data': {'page': 'landing-countdown', 'action': 'countdown complete'}}
INFO:root:1722523558.400047,ID:1012,STAGE:1,SEQUENCE:1432,DATA:{'time': 1722523558.375, 'user-id': 'none', 'source': 'HAI Interface', 'destination-index': 3, 'study-stage': -1, 'decision-state': 0, 'vitals-state': 0, 'airspace-state': 0, 'data': {'page': 'landed', 'action': 'opened page'}}
INFO:root:1722523559.34799,ID:1012,STAGE:1,SEQUENCE:1432,DATA:{'time': 1722523559.343, 'user-id': '1012', 'source': 'HAI Interface', 'destination-index': '3', 'study-stage': '1', 'decision-state': '1', 'vitals-state': 0, 'airspace-state': 0, 'data': {'page': 'map', 'action': 'selected helipad', 'value': '21'}}
INFO:root:Altitude Warning alert given, sent request to clear altitude_warning_alert
INFO:SimConnect.SimConnect:SIM Paused
INFO:root:Altitude Warning alert given, sent request to clear altitude_warning_alert
INFO:root:Altitude Warning alert given, sent request to clear altitude_warning_alert
INFO:root:Altitude Warning alert given, sent request to clear altitude_warning_alert
INFO:root:Altitude Warning alert given, sent request to clear altitude_warning_alert
INFO:root:1722523646.580325,ID:0,STAGE:1,SEQUENCE:0,DATA:{'time': 1722523646.561, 'user-id': 'none', 'source': 'HAI Interface', 'destination-index': 3, 'study-stage': -1, 'decision-state': 0, 'vitals-state': 0, 'airspace-state': 0, 'data': {'page': 'index', 'action': 'opened page'}}
INFO:root:1722523647.637704,ID:0,STAGE:1,SEQUENCE:0,DATA:{'time': 1722523647.631, 'user-id': '0', 'source': 'HAI Interface', 'destination-index': 'None', 'study-stage': 1, 'decision-state': 0, 'vitals-state': 0, 'airspace-state': 0, 'data': {'page': 'map', 'action': 'selected helipad', 'value': '21'}}
INFO:root:1722523647.871269,ID:0,STAGE:1,SEQUENCE:0,DATA:{'time': 1722523647.781, 'user-id': 'none', 'source': 'HAI Interface', 'destination-index': 3, 'study-stage': -1, 'decision-state': 0, 'vitals-state': 0, 'airspace-state': 0, 'data': {'page': 'index', 'action': 'opened page'}}
INFO:root:Altitude Warning alert given, sent request to clear altitude_warning_alert
INFO:root:1722523648.74625,ID:0,STAGE:1,SEQUENCE:0,DATA:{'time': 1722523648.74, 'user-id': '0', 'source': 'HAI Interface', 'destination-index': 'None', 'study-stage': 1, 'decision-state': 0, 'vitals-state': 0, 'airspace-state': 0, 'data': {'page': 'map', 'action': 'selected helipad', 'value': '21'}}
