INFO:root:1722525941.017252,ID:1012,STAGE:2,SEQUENCE:1432,DATA:{'time': 1722525941.015, 'user-id': '1012', 'source': 'HAI Interface', 'destination-index': 'None', 'study-stage': '2', 'decision-state': 0, 'vitals-state': 0, 'airspace-state': 0, 'data': {'page': 'index', 'action': 'confirm button pressed'}}
INFO:root:1722525941.127506,ID:1012,STAGE:2,SEQUENCE:1432,DATA:{'time': 1722525941.123, 'user-id': 'none', 'source': 'HAI Interface', 'destination-index': 3, 'study-stage': -1, 'decision-state': 0, 'vitals-state': 0, 'airspace-state': 0, 'data': {'page': 'location', 'action': 'opened page'}}
INFO:root:Takeoff radiocomms initiated
INFO:comtypes.client._code_cache:Imported existing <module 'comtypes.gen' from 'C:\\Users\\ae-dagbeyibor3\\AppData\\Local\\Programs\\Python\\Python312\\Lib\\site-packages\\comtypes\\gen\\__init__.py'>
INFO:comtypes.client._code_cache:Using writeable comtypes cache directory: 'C:\Users\ae-dagbeyibor3\AppData\Local\Programs\Python\Python312\Lib\site-packages\comtypes\gen'
INFO:root:1722525942.098755,ID:1012,STAGE:2,SEQUENCE:1432,DATA:{'time': 1722525942.095, 'user-id': '1012', 'source': 'HAI Interface', 'destination-index': 'None', 'study-stage': '2', 'decision-state': 0, 'vitals-state': 0, 'airspace-state': 0, 'data': {'page': 'map', 'action': 'selected helipad', 'value': '21'}}
INFO:root:SimConnect Error in /var
INFO:SimConnect.SimConnect:SIM OPEN
INFO:root:1722525943.703509,ID:1012,STAGE:2,SEQUENCE:1432,DATA:{'time': 1722525943.7, 'user-id': '1012', 'source': 'HAI Interface', 'destination-index': 'None', 'study-stage': '2', 'decision-state': 0, 'vitals-state': 0, 'airspace-state': 0, 'data': {'page': 'location', 'action': 'confirm button pressed'}}
INFO:root:1722525944.05165,ID:1012,STAGE:2,SEQUENCE:1432,DATA:{'time': 1722525944.042, 'user-id': 'none', 'source': 'HAI Interface', 'destination-index': 3, 'study-stage': -1, 'decision-state': 0, 'vitals-state': 0, 'airspace-state': 0, 'data': {'page': 'checklist', 'action': 'opened page', 'inflight': False}}
INFO:root:1722525945.017131,ID:1012,STAGE:2,SEQUENCE:1432,DATA:{'time': 1722525945.012, 'user-id': '1012', 'source': 'HAI Interface', 'destination-index': '3', 'study-stage': '2', 'decision-state': 0, 'vitals-state': 0, 'airspace-state': 0, 'data': {'page': 'map', 'action': 'selected helipad', 'value': '21'}}
INFO:root:1722525945.196127,ID:1012,STAGE:2,SEQUENCE:1432,DATA:{'time': 1722525945.191, 'user-id': '1012', 'source': 'HAI Interface', 'destination-index': '3', 'study-stage': '2', 'decision-state': 0, 'vitals-state': 0, 'airspace-state': 0, 'data': {'page': 'checklist', 'action': 'toggled checkbox', 'inflight': False, 'item': 0, 'value': 'OFF'}}
INFO:root:1722525945.59549,ID:1012,STAGE:2,SEQUENCE:1432,DATA:{'time': 1722525945.592, 'user-id': '1012', 'source': 'HAI Interface', 'destination-index': '3', 'study-stage': '2', 'decision-state': 0, 'vitals-state': 0, 'airspace-state': 0, 'data': {'page': 'checklist', 'action': 'toggled checkbox', 'inflight': False, 'item': 1, 'value': 'OFF'}}
INFO:root:1722525945.971661,ID:1012,STAGE:2,SEQUENCE:1432,DATA:{'time': 1722525945.967, 'user-id': '1012', 'source': 'HAI Interface', 'destination-index': '3', 'study-stage': '2', 'decision-state': 0, 'vitals-state': 0, 'airspace-state': 0, 'data': {'page': 'checklist', 'action': 'toggled checkbox', 'inflight': False, 'item': 2, 'value': 'OFF'}}
INFO:root:1722525945.972599,ID:1012,STAGE:2,SEQUENCE:1432,DATA:{'time': 1722525945.967, 'user-id': '1012', 'source': 'HAI Interface', 'destination-index': '3', 'study-stage': '2', 'decision-state': 0, 'vitals-state': 0, 'airspace-state': 0, 'data': {'page': 'checklist', 'action': 'showing confirm button', 'inflight': False}}
INFO:root:1722525946.431074,ID:1012,STAGE:2,SEQUENCE:1432,DATA:{'time': 1722525946.426, 'user-id': '1012', 'source': 'HAI Interface', 'destination-index': '3', 'study-stage': '2', 'decision-state': 0, 'vitals-state': 0, 'airspace-state': 0, 'data': {'page': 'checklist', 'action': 'confirm button clicked', 'inflight': False}}
INFO:root:1722525946.542719,ID:1012,STAGE:2,SEQUENCE:1432,DATA:{'time': 1722525946.533, 'user-id': 'none', 'source': 'HAI Interface', 'destination-index': 3, 'study-stage': -1, 'decision-state': 0, 'vitals-state': 0, 'airspace-state': 0, 'data': {'page': 'countdown', 'action': 'opened page'}}
INFO:root:1722525947.509919,ID:1012,STAGE:2,SEQUENCE:1432,DATA:{'time': 1722525947.504, 'user-id': '1012', 'source': 'HAI Interface', 'destination-index': '3', 'study-stage': '2', 'decision-state': 0, 'vitals-state': 0, 'airspace-state': 0, 'data': {'page': 'map', 'action': 'selected helipad', 'value': '21'}}
INFO:root:1722525947.550279,ID:1012,STAGE:2,SEQUENCE:1432,DATA:{'time': 1722525947.546, 'user-id': '1012', 'source': 'HAI Interface', 'destination-index': '3', 'study-stage': '2', 'decision-state': 0, 'vitals-state': 0, 'airspace-state': 0, 'data': {'page': 'countdown', 'action': 'countdown now 4'}}
INFO:root:1722525948.549083,ID:1012,STAGE:2,SEQUENCE:1432,DATA:{'time': 1722525948.546, 'user-id': '1012', 'source': 'HAI Interface', 'destination-index': '3', 'study-stage': '2', 'decision-state': 0, 'vitals-state': 0, 'airspace-state': 0, 'data': {'page': 'countdown', 'action': 'countdown now 3'}}
INFO:root:1722525949.54187,ID:1012,STAGE:2,SEQUENCE:1432,DATA:{'time': 1722525949.537, 'user-id': '1012', 'source': 'HAI Interface', 'destination-index': '3', 'study-stage': '2', 'decision-state': 0, 'vitals-state': 0, 'airspace-state': 0, 'data': {'page': 'countdown', 'action': 'countdown now 2'}}
INFO:root:1722525950.549523,ID:1012,STAGE:2,SEQUENCE:1432,DATA:{'time': 1722525950.546, 'user-id': '1012', 'source': 'HAI Interface', 'destination-index': '3', 'study-stage': '2', 'decision-state': 0, 'vitals-state': 0, 'airspace-state': 0, 'data': {'page': 'countdown', 'action': 'countdown now 1'}}
INFO:root:1722525951.541749,ID:1012,STAGE:2,SEQUENCE:1432,DATA:{'time': 1722525951.538, 'user-id': '1012', 'source': 'HAI Interface', 'destination-index': '3', 'study-stage': '2', 'decision-state': 0, 'vitals-state': 0, 'airspace-state': 0, 'data': {'page': 'countdown', 'action': 'countdown now 0'}}
INFO:root:1722525952.551128,ID:1012,STAGE:2,SEQUENCE:1432,DATA:{'time': 1722525952.538, 'user-id': '1012', 'source': 'HAI Interface', 'destination-index': '3', 'study-stage': '2', 'decision-state': 0, 'vitals-state': 0, 'airspace-state': 0, 'data': {'page': 'countdown', 'action': 'countdown complete'}}
INFO:root:1722525954.450817,ID:1012,STAGE:2,SEQUENCE:1432,DATA:{'time': 1722525954.439, 'user-id': '1012', 'source': 'HAI Interface', 'destination-index': '3', 'study-stage': '2', 'decision-state': 0, 'vitals-state': 0, 'airspace-state': 0, 'data': {'page': 'map', 'action': 'selected helipad', 'value': '21'}}
INFO:root:1722525957.323771,ID:1012,STAGE:2,SEQUENCE:1432,DATA:{'time': 1722525957.319, 'user-id': '1012', 'source': 'HAI Interface', 'destination-index': '3', 'study-stage': '2', 'decision-state': 0, 'vitals-state': 0, 'airspace-state': 0, 'data': {'page': 'map', 'action': 'show map'}}
INFO:root:1722525957.32577,ID:1012,STAGE:2,SEQUENCE:1432,DATA:{'time': 1722525957.32, 'user-id': '1012', 'source': 'HAI Interface', 'destination-index': '3', 'study-stage': '2', 'decision-state': 0, 'vitals-state': 0, 'airspace-state': 0, 'data': {'page': 'map', 'action': 'selected helipad', 'value': '21'}}
INFO:root:Takeoff radiocomms clear request sent
INFO:root:1722525966.978376,ID:1012,STAGE:2,SEQUENCE:1432,DATA:{'time': 1722525966.972, 'user-id': '1012', 'source': 'HAI Interface', 'destination-index': '3', 'study-stage': '2', 'decision-state': 0, 'vitals-state': 0, 'airspace-state': 0, 'data': {'action': 'radio panel opened'}}
INFO:root:Inflight Radio Update asked
INFO:root:sent request to set radio update complete
INFO:root:1722525971.118116,ID:1012,STAGE:2,SEQUENCE:1432,DATA:{'time': 1722525971.112, 'user-id': '1012', 'source': 'HAI Interface', 'destination-index': '3', 'study-stage': '2', 'decision-state': 0, 'vitals-state': 0, 'airspace-state': 0, 'data': {'action': 'transmit button pressed'}}
INFO:root:1722525971.125613,ID:1012,STAGE:2,SEQUENCE:1432,DATA:{'time': 1722525971.112, 'user-id': '1012', 'source': 'HAI Interface', 'destination-index': '3', 'study-stage': '2', 'decision-state': 0, 'vitals-state': 0, 'airspace-state': 0, 'data': {'action': 'callsign set to: + NASXGS'}}
INFO:root:1722525971.12661,ID:1012,STAGE:2,SEQUENCE:1432,DATA:{'time': 1722525971.113, 'user-id': '1012', 'source': 'HAI Interface', 'destination-index': '3', 'study-stage': '2', 'decision-state': 0, 'vitals-state': 0, 'airspace-state': 0, 'data': {'action': 'radio set to:Comm1'}}
INFO:root:1722525971.127607,ID:1012,STAGE:2,SEQUENCE:1432,DATA:{'time': 1722525971.113, 'user-id': '1012', 'source': 'HAI Interface', 'destination-index': '3', 'study-stage': '2', 'decision-state': 0, 'vitals-state': 0, 'airspace-state': 0, 'data': {'page': 'map', 'action': 'show map'}}
INFO:root:1722525971.129602,ID:1012,STAGE:2,SEQUENCE:1432,DATA:{'time': 1722525971.113, 'user-id': '1012', 'source': 'HAI Interface', 'destination-index': '3', 'study-stage': '2', 'decision-state': 0, 'vitals-state': 0, 'airspace-state': 0, 'data': {'page': 'map', 'action': 'selected helipad', 'value': '21'}}
INFO:root:1722525971.173093,ID:1012,STAGE:2,SEQUENCE:1432,DATA:{'time': 1722525971.119, 'user-id': '1012', 'source': 'HAI Interface', 'destination-index': '3', 'study-stage': '2', 'decision-state': 0, 'vitals-state': 0, 'airspace-state': 0, 'data': {'action': 'NASXGStransmitting updates onComm1123.45 MHz'}}
INFO:root:1722525989.031879,ID:1012,STAGE:2,SEQUENCE:1432,DATA:{'time': 1722525989.026, 'user-id': '1012', 'source': 'HAI Interface', 'destination-index': '3', 'study-stage': '2', 'decision-state': 0, 'vitals-state': 0, 'airspace-state': 0, 'data': {'page': 'map', 'action': 'hide map'}}
INFO:root:1722525990.973676,ID:1012,STAGE:2,SEQUENCE:1432,DATA:{'time': 1722525990.968, 'user-id': '1012', 'source': 'HAI Interface', 'destination-index': '3', 'study-stage': '2', 'decision-state': 0, 'vitals-state': 0, 'airspace-state': 0, 'data': {'page': 'map', 'action': 'show map'}}
INFO:root:1722525990.976181,ID:1012,STAGE:2,SEQUENCE:1432,DATA:{'time': 1722525990.969, 'user-id': '1012', 'source': 'HAI Interface', 'destination-index': '3', 'study-stage': '2', 'decision-state': 0, 'vitals-state': 0, 'airspace-state': 0, 'data': {'page': 'map', 'action': 'selected helipad', 'value': '21'}}
INFO:root:1722525994.950055,ID:1012,STAGE:2,SEQUENCE:1432,DATA:{'time': 1722525994.941, 'source': 'VitalsTask', 'timer': 92.753, 'data': {'sensor': 'Heart Rate', 'action': 'capture', 'data': 'action button pressed'}}
INFO:root:1722525994.954042,ID:1012,STAGE:2,SEQUENCE:1432,DATA:{'time': 1722525994.941, 'source': 'VitalsTask', 'timer': 92.753, 'data': {'sensor': 'Heart Rate', 'action': 'capture', 'data': 'starting sensor action'}}
INFO:root:1722525995.95902,ID:1012,STAGE:2,SEQUENCE:1432,DATA:{'time': 1722525995.956, 'source': 'VitalsTask', 'timer': 93.768, 'data': {'sensor': 'Heart Rate', 'action': 'capture', 'data': 'sensor action complete'}}
INFO:root:1722525995.961012,ID:1012,STAGE:2,SEQUENCE:1432,DATA:{'time': 1722525995.956, 'source': 'VitalsTask', 'timer': 93.768, 'data': {'sensor': 'Heart Rate', 'action': 'keypad open'}}
INFO:root:1722525997.687188,ID:1012,STAGE:2,SEQUENCE:1432,DATA:{'time': 1722525997.685, 'source': 'VitalsTask', 'timer': 95.497, 'data': {'sensor': 'Heart Rate', 'action': 'keypad press', 'key': 5, 'value': 5}}
INFO:root:1722525998.087246,ID:1012,STAGE:2,SEQUENCE:1432,DATA:{'time': 1722525998.083, 'source': 'VitalsTask', 'timer': 95.895, 'data': {'sensor': 'Heart Rate', 'action': 'keypad press', 'key': 5, 'value': 55}}
INFO:root:1722525999.567978,ID:1012,STAGE:2,SEQUENCE:1432,DATA:{'time': 1722525999.565, 'source': 'VitalsTask', 'timer': 97.377, 'data': {'sensor': 'Heart Rate', 'action': 'show action buttons'}}
INFO:root:1722525999.570969,ID:1012,STAGE:2,SEQUENCE:1432,DATA:{'time': 1722525999.565, 'source': 'VitalsTask', 'timer': 97.377, 'data': {'sensor': 'Heart Rate', 'action': 'keypad press', 'key': 10, 'value': 55}}
INFO:root:1722526000.690853,ID:1012,STAGE:2,SEQUENCE:1432,DATA:{'time': 1722526000.686, 'source': 'VitalsTask', 'timer': 98.498, 'data': {'sensor': 'Heart Rate', 'action': 'log', 'data': 'action button pressed'}}
INFO:root:1722526000.692481,ID:1012,STAGE:2,SEQUENCE:1432,DATA:{'time': 1722526000.687, 'source': 'VitalsTask', 'timer': 98.499, 'data': {'sensor': 'Heart Rate', 'action': 'log', 'data': 'starting sensor action'}}
INFO:root:1722526001.664045,ID:1012,STAGE:2,SEQUENCE:1432,DATA:{'time': 1722526001.659, 'source': 'VitalsTask', 'timer': 99.471, 'data': {'sensor': 'Heart Rate', 'action': 'save', 'data': 'action button pressed'}}
INFO:root:1722526001.666039,ID:1012,STAGE:2,SEQUENCE:1432,DATA:{'time': 1722526001.659, 'source': 'VitalsTask', 'timer': 99.471, 'data': {'sensor': 'Heart Rate', 'action': 'save', 'data': 'a sensor action is in progress, cancelling'}}
INFO:root:1722526001.705428,ID:1012,STAGE:2,SEQUENCE:1432,DATA:{'time': 1722526001.701, 'source': 'VitalsTask', 'timer': 99.513, 'data': {'sensor': 'Heart Rate', 'action': 'log', 'data': 'sensor action complete'}}
INFO:root:1722526002.621179,ID:1012,STAGE:2,SEQUENCE:1432,DATA:{'time': 1722526002.615, 'source': 'VitalsTask', 'timer': 100.427, 'data': {'sensor': 'Heart Rate', 'action': 'save', 'data': 'action button pressed'}}
INFO:root:1722526002.624171,ID:1012,STAGE:2,SEQUENCE:1432,DATA:{'time': 1722526002.615, 'source': 'VitalsTask', 'timer': 100.427, 'data': {'sensor': 'Heart Rate', 'action': 'save', 'data': 'starting sensor action'}}
INFO:root:1722526003.636032,ID:1012,STAGE:2,SEQUENCE:1432,DATA:{'time': 1722526003.633, 'source': 'VitalsTask', 'timer': 101.445, 'data': {'sensor': 'Heart Rate', 'action': 'save', 'data': 'sensor action complete'}}
INFO:root:1722526004.786199,ID:1012,STAGE:2,SEQUENCE:1432,DATA:{'time': 1722526004.78, 'source': 'VitalsTask', 'timer': 102.592, 'data': {'sensor': 'O\u2082 Saturation', 'action': 'opened sensor tab'}}
INFO:root:1722526007.323366,ID:1012,STAGE:2,SEQUENCE:1432,DATA:{'time': 1722526007.321, 'source': 'VitalsTask', 'timer': 105.133, 'data': {'sensor': 'O\u2082 Saturation', 'action': 'capture', 'data': 'action button pressed'}}
INFO:root:1722526007.325362,ID:1012,STAGE:2,SEQUENCE:1432,DATA:{'time': 1722526007.321, 'source': 'VitalsTask', 'timer': 105.133, 'data': {'sensor': 'O\u2082 Saturation', 'action': 'capture', 'data': 'starting sensor action'}}
INFO:root:1722526008.349424,ID:1012,STAGE:2,SEQUENCE:1432,DATA:{'time': 1722526008.339, 'source': 'VitalsTask', 'timer': 106.151, 'data': {'sensor': 'O\u2082 Saturation', 'action': 'capture', 'data': 'sensor action complete'}}
INFO:root:1722526008.351416,ID:1012,STAGE:2,SEQUENCE:1432,DATA:{'time': 1722526008.34, 'source': 'VitalsTask', 'timer': 106.152, 'data': {'sensor': 'O\u2082 Saturation', 'action': 'keypad open'}}
INFO:root:1722526009.422029,ID:1012,STAGE:2,SEQUENCE:1432,DATA:{'time': 1722526009.419, 'source': 'VitalsTask', 'timer': 107.231, 'data': {'sensor': 'O\u2082 Saturation', 'action': 'keypad press', 'key': 1, 'value': 1}}
INFO:root:1722526010.784941,ID:1012,STAGE:2,SEQUENCE:1432,DATA:{'time': 1722526010.781, 'source': 'VitalsTask', 'timer': 108.593, 'data': {'sensor': 'O\u2082 Saturation', 'action': 'keypad press', 'key': 11, 'value': 10}}
INFO:root:1722526011.439543,ID:1012,STAGE:2,SEQUENCE:1432,DATA:{'time': 1722526011.436, 'source': 'VitalsTask', 'timer': 109.248, 'data': {'sensor': 'O\u2082 Saturation', 'action': 'keypad press', 'key': 11, 'value': 100}}
INFO:root:1722526013.750462,ID:1012,STAGE:2,SEQUENCE:1432,DATA:{'time': 1722526013.745, 'user-id': '1012', 'source': 'HAI Interface', 'destination-index': '3', 'study-stage': '2', 'decision-state': 0, 'vitals-state': 0, 'airspace-state': 0, 'data': {'page': 'inflight', 'action': 'displaying vitals prompt'}}
INFO:root:1722526013.762964,ID:1012,STAGE:2,SEQUENCE:1432,DATA:{'time': 1722526013.756, 'source': 'VitalsTask', 'timer': 111.568, 'data': {'sensor': 'O\u2082 Saturation', 'action': 'show action buttons'}}
INFO:root:1722526013.767045,ID:1012,STAGE:2,SEQUENCE:1432,DATA:{'time': 1722526013.757, 'source': 'VitalsTask', 'timer': 111.569, 'data': {'sensor': 'O\u2082 Saturation', 'action': 'keypad press', 'key': 10, 'value': 100}}
INFO:root:1722526015.351897,ID:1012,STAGE:2,SEQUENCE:1432,DATA:{'time': 1722526015.348, 'source': 'VitalsTask', 'timer': 113.16, 'data': {'sensor': 'O\u2082 Saturation', 'action': 'log', 'data': 'action button pressed'}}
INFO:root:1722526015.353898,ID:1012,STAGE:2,SEQUENCE:1432,DATA:{'time': 1722526015.348, 'source': 'VitalsTask', 'timer': 113.16, 'data': {'sensor': 'O\u2082 Saturation', 'action': 'log', 'data': 'starting sensor action'}}
INFO:root:1722526016.372302,ID:1012,STAGE:2,SEQUENCE:1432,DATA:{'time': 1722526016.368, 'source': 'VitalsTask', 'timer': 114.18, 'data': {'sensor': 'O\u2082 Saturation', 'action': 'log', 'data': 'sensor action complete'}}
INFO:root:1722526016.64509,ID:1012,STAGE:2,SEQUENCE:1432,DATA:{'time': 1722526016.64, 'source': 'VitalsTask', 'timer': 114.452, 'data': {'sensor': 'O\u2082 Saturation', 'action': 'save', 'data': 'action button pressed'}}
INFO:root:1722526016.647602,ID:1012,STAGE:2,SEQUENCE:1432,DATA:{'time': 1722526016.641, 'source': 'VitalsTask', 'timer': 114.453, 'data': {'sensor': 'O\u2082 Saturation', 'action': 'save', 'data': 'starting sensor action'}}
INFO:root:1722526017.657277,ID:1012,STAGE:2,SEQUENCE:1432,DATA:{'time': 1722526017.654, 'source': 'VitalsTask', 'timer': 115.466, 'data': {'sensor': 'O\u2082 Saturation', 'action': 'save', 'data': 'sensor action complete'}}
INFO:root:1722526018.584466,ID:1012,STAGE:2,SEQUENCE:1432,DATA:{'time': 1722526018.58, 'source': 'VitalsTask', 'timer': 116.392, 'data': {'sensor': 'Blood Pressure', 'action': 'opened sensor tab'}}
INFO:root:1722526019.501477,ID:1012,STAGE:2,SEQUENCE:1432,DATA:{'time': 1722526019.497, 'source': 'VitalsTask', 'timer': 117.309, 'data': {'sensor': 'Blood Pressure', 'action': 'capture', 'data': 'action button pressed'}}
INFO:root:1722526019.50339,ID:1012,STAGE:2,SEQUENCE:1432,DATA:{'time': 1722526019.497, 'source': 'VitalsTask', 'timer': 117.309, 'data': {'sensor': 'Blood Pressure', 'action': 'capture', 'data': 'starting sensor action'}}
INFO:root:1722526020.515205,ID:1012,STAGE:2,SEQUENCE:1432,DATA:{'time': 1722526020.51, 'source': 'VitalsTask', 'timer': 118.322, 'data': {'sensor': 'Blood Pressure', 'action': 'capture', 'data': 'sensor action complete'}}
INFO:root:1722526020.517199,ID:1012,STAGE:2,SEQUENCE:1432,DATA:{'time': 1722526020.511, 'source': 'VitalsTask', 'timer': 118.323, 'data': {'sensor': 'Blood Pressure', 'action': 'keypad open'}}
INFO:root:1722526022.107134,ID:1012,STAGE:2,SEQUENCE:1432,DATA:{'time': 1722526022.103, 'source': 'VitalsTask', 'timer': 119.915, 'data': {'sensor': 'Blood Pressure', 'action': 'keypad press', 'key': 1, 'value': 1}}
INFO:root:1722526023.531525,ID:1012,STAGE:2,SEQUENCE:1432,DATA:{'time': 1722526023.528, 'source': 'VitalsTask', 'timer': 121.34, 'data': {'sensor': 'Blood Pressure', 'action': 'keypad press', 'key': 2, 'value': 12}}
INFO:root:1722526024.583359,ID:1012,STAGE:2,SEQUENCE:1432,DATA:{'time': 1722526024.577, 'source': 'VitalsTask', 'timer': 122.39, 'data': {'sensor': 'Blood Pressure', 'action': 'keypad press', 'key': 11, 'value': 120}}
INFO:root:1722526026.371732,ID:1012,STAGE:2,SEQUENCE:1432,DATA:{'time': 1722526026.367, 'source': 'VitalsTask', 'timer': 124.179, 'data': {'sensor': 'Blood Pressure', 'action': 'keypad press', 'key': 8, 'value': 1208}}
INFO:root:1722526027.10584,ID:1012,STAGE:2,SEQUENCE:1432,DATA:{'time': 1722526027.101, 'source': 'VitalsTask', 'timer': 124.913, 'data': {'sensor': 'Blood Pressure', 'action': 'keypad press', 'key': 11, 'value': 12080}}
INFO:root:1722526028.161634,ID:1012,STAGE:2,SEQUENCE:1432,DATA:{'time': 1722526028.156, 'source': 'VitalsTask', 'timer': 125.968, 'data': {'sensor': 'Blood Pressure', 'action': 'show action buttons'}}
INFO:root:1722526028.163633,ID:1012,STAGE:2,SEQUENCE:1432,DATA:{'time': 1722526028.156, 'source': 'VitalsTask', 'timer': 125.968, 'data': {'sensor': 'Blood Pressure', 'action': 'keypad press', 'key': 10, 'value': 12080}}
INFO:root:1722526029.737224,ID:1012,STAGE:2,SEQUENCE:1432,DATA:{'time': 1722526029.735, 'source': 'VitalsTask', 'timer': 127.547, 'data': {'sensor': 'Blood Pressure', 'action': 'log', 'data': 'action button pressed'}}
INFO:root:1722526029.739222,ID:1012,STAGE:2,SEQUENCE:1432,DATA:{'time': 1722526029.735, 'source': 'VitalsTask', 'timer': 127.547, 'data': {'sensor': 'Blood Pressure', 'action': 'log', 'data': 'starting sensor action'}}
INFO:root:1722526030.568989,ID:1012,STAGE:2,SEQUENCE:1432,DATA:{'time': 1722526030.566, 'source': 'VitalsTask', 'timer': 128.378, 'data': {'sensor': 'Blood Pressure', 'action': 'save', 'data': 'action button pressed'}}
INFO:root:1722526030.571714,ID:1012,STAGE:2,SEQUENCE:1432,DATA:{'time': 1722526030.567, 'source': 'VitalsTask', 'timer': 128.379, 'data': {'sensor': 'Blood Pressure', 'action': 'save', 'data': 'a sensor action is in progress, cancelling'}}
INFO:root:1722526030.756538,ID:1012,STAGE:2,SEQUENCE:1432,DATA:{'time': 1722526030.753, 'source': 'VitalsTask', 'timer': 128.565, 'data': {'sensor': 'Blood Pressure', 'action': 'log', 'data': 'sensor action complete'}}
INFO:root:1722526031.85509,ID:1012,STAGE:2,SEQUENCE:1432,DATA:{'time': 1722526031.851, 'source': 'VitalsTask', 'timer': 129.663, 'data': {'sensor': 'Blood Pressure', 'action': 'save', 'data': 'action button pressed'}}
INFO:root:1722526031.857089,ID:1012,STAGE:2,SEQUENCE:1432,DATA:{'time': 1722526031.851, 'source': 'VitalsTask', 'timer': 129.663, 'data': {'sensor': 'Blood Pressure', 'action': 'save', 'data': 'starting sensor action'}}
INFO:root:1722526032.863596,ID:1012,STAGE:2,SEQUENCE:1432,DATA:{'time': 1722526032.861, 'source': 'VitalsTask', 'timer': 130.673, 'data': {'sensor': 'Blood Pressure', 'action': 'save', 'data': 'sensor action complete'}}
INFO:root:1722526033.715733,ID:1012,STAGE:2,SEQUENCE:1432,DATA:{'time': 1722526033.712, 'source': 'VitalsTask', 'timer': 131.524, 'data': {'sensor': 'submit', 'action': 'submit'}}
INFO:root:1722526033.717732,ID:1012,STAGE:2,SEQUENCE:1432,DATA:{'time': 1722526033.713, 'source': 'VitalsTask', 'timer': 131.525, 'data': {'sensor': 'submit', 'action': 'submit', 'data': 'submit succeeded'}}
INFO:root:1722526034.770946,ID:1012,STAGE:2,SEQUENCE:1432,DATA:{'time': 1722526034.766, 'user-id': '1012', 'source': 'HAI Interface', 'destination-index': '3', 'study-stage': '2', 'decision-state': 0, 'vitals-state': 0, 'airspace-state': 0, 'data': {'page': 'inflight', 'action': 'user acknowledged vitals prompt'}}
INFO:root:Inflight Radio Update asked
INFO:root:sent request to set radio update complete
INFO:root:1722526071.599747,ID:1012,STAGE:2,SEQUENCE:1432,DATA:{'time': 1722526071.594, 'user-id': '1012', 'source': 'HAI Interface', 'destination-index': '3', 'study-stage': '2', 'decision-state': 0, 'vitals-state': 0, 'airspace-state': 0, 'data': {'action': 'transmit button pressed'}}
INFO:root:1722526071.60274,ID:1012,STAGE:2,SEQUENCE:1432,DATA:{'time': 1722526071.595, 'user-id': '1012', 'source': 'HAI Interface', 'destination-index': '3', 'study-stage': '2', 'decision-state': 0, 'vitals-state': 0, 'airspace-state': 0, 'data': {'action': 'callsign set to: + NASXGS'}}
INFO:root:1722526071.60425,ID:1012,STAGE:2,SEQUENCE:1432,DATA:{'time': 1722526071.595, 'user-id': '1012', 'source': 'HAI Interface', 'destination-index': '3', 'study-stage': '2', 'decision-state': 0, 'vitals-state': 0, 'airspace-state': 0, 'data': {'action': 'radio set to:Comm1'}}
INFO:root:1722526071.608746,ID:1012,STAGE:2,SEQUENCE:1432,DATA:{'time': 1722526071.595, 'user-id': '1012', 'source': 'HAI Interface', 'destination-index': '3', 'study-stage': '2', 'decision-state': 0, 'vitals-state': 0, 'airspace-state': 0, 'data': {'page': 'map', 'action': 'show map'}}
INFO:root:1722526071.612252,ID:1012,STAGE:2,SEQUENCE:1432,DATA:{'time': 1722526071.596, 'user-id': '1012', 'source': 'HAI Interface', 'destination-index': '3', 'study-stage': '2', 'decision-state': 0, 'vitals-state': 0, 'airspace-state': 0, 'data': {'page': 'map', 'action': 'selected helipad', 'value': '21'}}
INFO:root:1722526071.617245,ID:1012,STAGE:2,SEQUENCE:1432,DATA:{'time': 1722526071.601, 'user-id': '1012', 'source': 'HAI Interface', 'destination-index': '3', 'study-stage': '2', 'decision-state': 0, 'vitals-state': 0, 'airspace-state': 0, 'data': {'action': 'NASXGStransmitting updates onComm1123.45 MHz'}}
INFO:root:1722526091.882624,ID:1012,STAGE:2,SEQUENCE:1432,DATA:{'time': 1722526091.875, 'user-id': '1012', 'source': 'HAI Interface', 'destination-index': '3', 'study-stage': '2', 'decision-state': 0, 'vitals-state': 0, 'airspace-state': 0, 'data': {'page': 'map', 'action': 'hide map'}}
INFO:root:1722526103.645628,ID:1012,STAGE:2,SEQUENCE:1432,DATA:{'time': 1722526103.64, 'user-id': '1012', 'source': 'HAI Interface', 'destination-index': '3', 'study-stage': '2', 'decision-state': 0, 'vitals-state': 0, 'airspace-state': 0, 'data': {'page': 'map', 'action': 'show map'}}
INFO:root:1722526103.649128,ID:1012,STAGE:2,SEQUENCE:1432,DATA:{'time': 1722526103.641, 'user-id': '1012', 'source': 'HAI Interface', 'destination-index': '3', 'study-stage': '2', 'decision-state': 0, 'vitals-state': 0, 'airspace-state': 0, 'data': {'page': 'map', 'action': 'selected helipad', 'value': '21'}}
INFO:root:1722526112.795341,ID:1012,STAGE:2,SEQUENCE:1432,DATA:{'time': 1722526112.79, 'user-id': '1012', 'source': 'HAI Interface', 'destination-index': '3', 'study-stage': '2', 'decision-state': 0, 'vitals-state': 0, 'airspace-state': 0, 'data': {'page': 'inflight', 'action': 'displaying vitals prompt'}}
INFO:root:SimConnect Error in /var
INFO:SimConnect.SimConnect:SIM OPEN
INFO:root:1722526118.193148,ID:1012,STAGE:2,SEQUENCE:1432,DATA:{'time': 1722526118.186, 'source': 'VitalsTask', 'timer': 84.473, 'data': {'sensor': 'Heart Rate', 'action': 'opened sensor tab'}}
INFO:root:1722526120.117331,ID:1012,STAGE:2,SEQUENCE:1432,DATA:{'time': 1722526120.113, 'source': 'VitalsTask', 'timer': 86.4, 'data': {'sensor': 'Heart Rate', 'action': 'capture', 'data': 'action button pressed'}}
INFO:root:1722526120.11884,ID:1012,STAGE:2,SEQUENCE:1432,DATA:{'time': 1722526120.113, 'source': 'VitalsTask', 'timer': 86.4, 'data': {'sensor': 'Heart Rate', 'action': 'capture', 'data': 'starting sensor action'}}
INFO:root:1722526121.127877,ID:1012,STAGE:2,SEQUENCE:1432,DATA:{'time': 1722526121.124, 'source': 'VitalsTask', 'timer': 87.411, 'data': {'sensor': 'Heart Rate', 'action': 'capture', 'data': 'sensor action complete'}}
INFO:root:1722526121.129873,ID:1012,STAGE:2,SEQUENCE:1432,DATA:{'time': 1722526121.124, 'source': 'VitalsTask', 'timer': 87.411, 'data': {'sensor': 'Heart Rate', 'action': 'keypad open'}}
INFO:root:1722526122.181313,ID:1012,STAGE:2,SEQUENCE:1432,DATA:{'time': 1722526122.178, 'source': 'VitalsTask', 'timer': 88.465, 'data': {'sensor': 'Heart Rate', 'action': 'keypad press', 'key': 5, 'value': 5}}
INFO:root:1722526122.615773,ID:1012,STAGE:2,SEQUENCE:1432,DATA:{'time': 1722526122.612, 'source': 'VitalsTask', 'timer': 88.899, 'data': {'sensor': 'Heart Rate', 'action': 'keypad press', 'key': 5, 'value': 55}}
INFO:root:1722526124.260632,ID:1012,STAGE:2,SEQUENCE:1432,DATA:{'time': 1722526124.258, 'source': 'VitalsTask', 'timer': 90.545, 'data': {'sensor': 'Heart Rate', 'action': 'show action buttons'}}
INFO:root:1722526124.266983,ID:1012,STAGE:2,SEQUENCE:1432,DATA:{'time': 1722526124.259, 'source': 'VitalsTask', 'timer': 90.546, 'data': {'sensor': 'Heart Rate', 'action': 'keypad press', 'key': 10, 'value': 55}}
INFO:root:1722526125.599796,ID:1012,STAGE:2,SEQUENCE:1432,DATA:{'time': 1722526125.594, 'source': 'VitalsTask', 'timer': 91.881, 'data': {'sensor': 'Heart Rate', 'action': 'log', 'data': 'action button pressed'}}
INFO:root:1722526125.602218,ID:1012,STAGE:2,SEQUENCE:1432,DATA:{'time': 1722526125.594, 'source': 'VitalsTask', 'timer': 91.881, 'data': {'sensor': 'Heart Rate', 'action': 'log', 'data': 'starting sensor action'}}
INFO:root:1722526126.613438,ID:1012,STAGE:2,SEQUENCE:1432,DATA:{'time': 1722526126.608, 'source': 'VitalsTask', 'timer': 92.895, 'data': {'sensor': 'Heart Rate', 'action': 'log', 'data': 'sensor action complete'}}
INFO:root:1722526126.659618,ID:1012,STAGE:2,SEQUENCE:1432,DATA:{'time': 1722526126.656, 'source': 'VitalsTask', 'timer': 92.943, 'data': {'sensor': 'Heart Rate', 'action': 'save', 'data': 'action button pressed'}}
INFO:root:1722526126.662878,ID:1012,STAGE:2,SEQUENCE:1432,DATA:{'time': 1722526126.657, 'source': 'VitalsTask', 'timer': 92.944, 'data': {'sensor': 'Heart Rate', 'action': 'save', 'data': 'starting sensor action'}}
INFO:root:1722526127.676808,ID:1012,STAGE:2,SEQUENCE:1432,DATA:{'time': 1722526127.673, 'source': 'VitalsTask', 'timer': 93.96, 'data': {'sensor': 'Heart Rate', 'action': 'save', 'data': 'sensor action complete'}}
INFO:root:1722526129.240282,ID:1012,STAGE:2,SEQUENCE:1432,DATA:{'time': 1722526129.238, 'source': 'VitalsTask', 'timer': 95.525, 'data': {'sensor': 'O\u2082 Saturation', 'action': 'opened sensor tab'}}
INFO:root:1722526130.484346,ID:1012,STAGE:2,SEQUENCE:1432,DATA:{'time': 1722526130.478, 'source': 'VitalsTask', 'timer': 96.765, 'data': {'sensor': 'O\u2082 Saturation', 'action': 'capture', 'data': 'action button pressed'}}
INFO:root:1722526130.487637,ID:1012,STAGE:2,SEQUENCE:1432,DATA:{'time': 1722526130.479, 'source': 'VitalsTask', 'timer': 96.766, 'data': {'sensor': 'O\u2082 Saturation', 'action': 'capture', 'data': 'starting sensor action'}}
INFO:root:1722526131.499384,ID:1012,STAGE:2,SEQUENCE:1432,DATA:{'time': 1722526131.497, 'source': 'VitalsTask', 'timer': 97.784, 'data': {'sensor': 'O\u2082 Saturation', 'action': 'capture', 'data': 'sensor action complete'}}
INFO:root:1722526131.501728,ID:1012,STAGE:2,SEQUENCE:1432,DATA:{'time': 1722526131.497, 'source': 'VitalsTask', 'timer': 97.784, 'data': {'sensor': 'O\u2082 Saturation', 'action': 'keypad open'}}
INFO:root:1722526132.48644,ID:1012,STAGE:2,SEQUENCE:1432,DATA:{'time': 1722526132.481, 'source': 'VitalsTask', 'timer': 98.768, 'data': {'sensor': 'O\u2082 Saturation', 'action': 'keypad press', 'key': 1, 'value': 1}}
INFO:root:1722526133.527143,ID:1012,STAGE:2,SEQUENCE:1432,DATA:{'time': 1722526133.524, 'source': 'VitalsTask', 'timer': 99.811, 'data': {'sensor': 'O\u2082 Saturation', 'action': 'keypad press', 'key': 11, 'value': 10}}
INFO:root:1722526134.07042,ID:1012,STAGE:2,SEQUENCE:1432,DATA:{'time': 1722526134.067, 'source': 'VitalsTask', 'timer': 100.354, 'data': {'sensor': 'O\u2082 Saturation', 'action': 'keypad press', 'key': 11, 'value': 100}}
INFO:root:1722526135.236167,ID:1012,STAGE:2,SEQUENCE:1432,DATA:{'time': 1722526135.229, 'source': 'VitalsTask', 'timer': 101.516, 'data': {'sensor': 'O\u2082 Saturation', 'action': 'show action buttons'}}
INFO:root:1722526135.238166,ID:1012,STAGE:2,SEQUENCE:1432,DATA:{'time': 1722526135.229, 'source': 'VitalsTask', 'timer': 101.516, 'data': {'sensor': 'O\u2082 Saturation', 'action': 'keypad press', 'key': 10, 'value': 100}}
INFO:root:1722526136.388411,ID:1012,STAGE:2,SEQUENCE:1432,DATA:{'time': 1722526136.374, 'source': 'VitalsTask', 'timer': 102.661, 'data': {'sensor': 'O\u2082 Saturation', 'action': 'log', 'data': 'action button pressed'}}
INFO:root:1722526136.392913,ID:1012,STAGE:2,SEQUENCE:1432,DATA:{'time': 1722526136.374, 'source': 'VitalsTask', 'timer': 102.661, 'data': {'sensor': 'O\u2082 Saturation', 'action': 'log', 'data': 'starting sensor action'}}
INFO:root:1722526137.282767,ID:1012,STAGE:2,SEQUENCE:1432,DATA:{'time': 1722526137.279, 'source': 'VitalsTask', 'timer': 103.566, 'data': {'sensor': 'O\u2082 Saturation', 'action': 'save', 'data': 'action button pressed'}}
INFO:root:1722526137.284767,ID:1012,STAGE:2,SEQUENCE:1432,DATA:{'time': 1722526137.279, 'source': 'VitalsTask', 'timer': 103.566, 'data': {'sensor': 'O\u2082 Saturation', 'action': 'save', 'data': 'a sensor action is in progress, cancelling'}}
INFO:root:1722526137.395666,ID:1012,STAGE:2,SEQUENCE:1432,DATA:{'time': 1722526137.391, 'source': 'VitalsTask', 'timer': 103.678, 'data': {'sensor': 'O\u2082 Saturation', 'action': 'log', 'data': 'sensor action complete'}}
INFO:root:1722526138.257168,ID:1012,STAGE:2,SEQUENCE:1432,DATA:{'time': 1722526138.254, 'source': 'VitalsTask', 'timer': 104.541, 'data': {'sensor': 'O\u2082 Saturation', 'action': 'save', 'data': 'action button pressed'}}
INFO:root:1722526138.259174,ID:1012,STAGE:2,SEQUENCE:1432,DATA:{'time': 1722526138.254, 'source': 'VitalsTask', 'timer': 104.541, 'data': {'sensor': 'O\u2082 Saturation', 'action': 'save', 'data': 'starting sensor action'}}
INFO:root:1722526139.271448,ID:1012,STAGE:2,SEQUENCE:1432,DATA:{'time': 1722526139.268, 'source': 'VitalsTask', 'timer': 105.555, 'data': {'sensor': 'O\u2082 Saturation', 'action': 'save', 'data': 'sensor action complete'}}
INFO:root:1722526140.879083,ID:1012,STAGE:2,SEQUENCE:1432,DATA:{'time': 1722526140.874, 'source': 'VitalsTask', 'timer': 107.161, 'data': {'sensor': 'Blood Pressure', 'action': 'opened sensor tab'}}
INFO:root:1722526141.880669,ID:1012,STAGE:2,SEQUENCE:1432,DATA:{'time': 1722526141.872, 'source': 'VitalsTask', 'timer': 108.159, 'data': {'sensor': 'Blood Pressure', 'action': 'capture', 'data': 'action button pressed'}}
INFO:root:1722526141.884182,ID:1012,STAGE:2,SEQUENCE:1432,DATA:{'time': 1722526141.872, 'source': 'VitalsTask', 'timer': 108.159, 'data': {'sensor': 'Blood Pressure', 'action': 'capture', 'data': 'starting sensor action'}}
INFO:root:1722526142.894917,ID:1012,STAGE:2,SEQUENCE:1432,DATA:{'time': 1722526142.891, 'source': 'VitalsTask', 'timer': 109.178, 'data': {'sensor': 'Blood Pressure', 'action': 'capture', 'data': 'sensor action complete'}}
INFO:root:1722526142.897471,ID:1012,STAGE:2,SEQUENCE:1432,DATA:{'time': 1722526142.891, 'source': 'VitalsTask', 'timer': 109.178, 'data': {'sensor': 'Blood Pressure', 'action': 'keypad open'}}
INFO:root:1722526143.676056,ID:1012,STAGE:2,SEQUENCE:1432,DATA:{'time': 1722526143.672, 'source': 'VitalsTask', 'timer': 109.959, 'data': {'sensor': 'Blood Pressure', 'action': 'keypad press', 'key': 1, 'value': 1}}
INFO:root:1722526144.829113,ID:1012,STAGE:2,SEQUENCE:1432,DATA:{'time': 1722526144.826, 'source': 'VitalsTask', 'timer': 111.113, 'data': {'sensor': 'Blood Pressure', 'action': 'keypad press', 'key': 2, 'value': 12}}
INFO:root:1722526145.957813,ID:1012,STAGE:2,SEQUENCE:1432,DATA:{'time': 1722526145.952, 'source': 'VitalsTask', 'timer': 112.239, 'data': {'sensor': 'Blood Pressure', 'action': 'keypad press', 'key': 11, 'value': 120}}
INFO:root:1722526146.835245,ID:1012,STAGE:2,SEQUENCE:1432,DATA:{'time': 1722526146.831, 'source': 'VitalsTask', 'timer': 113.118, 'data': {'sensor': 'Blood Pressure', 'action': 'keypad press', 'key': 8, 'value': 1208}}
INFO:root:1722526147.801149,ID:1012,STAGE:2,SEQUENCE:1432,DATA:{'time': 1722526147.798, 'source': 'VitalsTask', 'timer': 114.085, 'data': {'sensor': 'Blood Pressure', 'action': 'keypad press', 'key': 11, 'value': 12080}}
INFO:root:1722526148.742035,ID:1012,STAGE:2,SEQUENCE:1432,DATA:{'time': 1722526148.74, 'source': 'VitalsTask', 'timer': 115.027, 'data': {'sensor': 'Blood Pressure', 'action': 'show action buttons'}}
INFO:root:1722526148.744029,ID:1012,STAGE:2,SEQUENCE:1432,DATA:{'time': 1722526148.74, 'source': 'VitalsTask', 'timer': 115.027, 'data': {'sensor': 'Blood Pressure', 'action': 'keypad press', 'key': 10, 'value': 12080}}
INFO:root:1722526149.629443,ID:1012,STAGE:2,SEQUENCE:1432,DATA:{'time': 1722526149.626, 'source': 'VitalsTask', 'timer': 115.913, 'data': {'sensor': 'Blood Pressure', 'action': 'log', 'data': 'action button pressed'}}
INFO:root:1722526149.633973,ID:1012,STAGE:2,SEQUENCE:1432,DATA:{'time': 1722526149.626, 'source': 'VitalsTask', 'timer': 115.913, 'data': {'sensor': 'Blood Pressure', 'action': 'log', 'data': 'starting sensor action'}}
INFO:root:1722526150.655546,ID:1012,STAGE:2,SEQUENCE:1432,DATA:{'time': 1722526150.643, 'source': 'VitalsTask', 'timer': 116.93, 'data': {'sensor': 'Blood Pressure', 'action': 'log', 'data': 'sensor action complete'}}
INFO:root:1722526150.851217,ID:1012,STAGE:2,SEQUENCE:1432,DATA:{'time': 1722526150.848, 'source': 'VitalsTask', 'timer': 117.135, 'data': {'sensor': 'Blood Pressure', 'action': 'save', 'data': 'action button pressed'}}
INFO:root:1722526150.853218,ID:1012,STAGE:2,SEQUENCE:1432,DATA:{'time': 1722526150.849, 'source': 'VitalsTask', 'timer': 117.136, 'data': {'sensor': 'Blood Pressure', 'action': 'save', 'data': 'starting sensor action'}}
INFO:root:1722526151.874348,ID:1012,STAGE:2,SEQUENCE:1432,DATA:{'time': 1722526151.868, 'source': 'VitalsTask', 'timer': 118.155, 'data': {'sensor': 'Blood Pressure', 'action': 'save', 'data': 'sensor action complete'}}
INFO:root:1722526153.188416,ID:1012,STAGE:2,SEQUENCE:1432,DATA:{'time': 1722526153.184, 'source': 'VitalsTask', 'timer': 119.471, 'data': {'sensor': 'submit', 'action': 'submit'}}
INFO:root:1722526153.192406,ID:1012,STAGE:2,SEQUENCE:1432,DATA:{'time': 1722526153.185, 'source': 'VitalsTask', 'timer': 119.472, 'data': {'sensor': 'submit', 'action': 'submit', 'data': 'submit succeeded'}}
INFO:root:1722526154.353025,ID:1012,STAGE:2,SEQUENCE:1432,DATA:{'time': 1722526154.347, 'user-id': '1012', 'source': 'HAI Interface', 'destination-index': '3', 'study-stage': '2', 'decision-state': 0, 'vitals-state': 0, 'airspace-state': 0, 'data': {'page': 'inflight', 'action': 'user acknowledged vitals prompt'}}
INFO:root:Inflight Radio Update asked
INFO:root:sent request to set radio update complete
INFO:root:1722526168.034282,ID:1012,STAGE:2,SEQUENCE:1432,DATA:{'time': 1722526168.025, 'user-id': '1012', 'source': 'HAI Interface', 'destination-index': '3', 'study-stage': '2', 'decision-state': 0, 'vitals-state': 0, 'airspace-state': 0, 'data': {'action': 'transmit button pressed'}}
INFO:root:1722526168.04226,ID:1012,STAGE:2,SEQUENCE:1432,DATA:{'time': 1722526168.025, 'user-id': '1012', 'source': 'HAI Interface', 'destination-index': '3', 'study-stage': '2', 'decision-state': 0, 'vitals-state': 0, 'airspace-state': 0, 'data': {'action': 'callsign set to: + NASXGS'}}
INFO:root:1722526168.052234,ID:1012,STAGE:2,SEQUENCE:1432,DATA:{'time': 1722526168.026, 'user-id': '1012', 'source': 'HAI Interface', 'destination-index': '3', 'study-stage': '2', 'decision-state': 0, 'vitals-state': 0, 'airspace-state': 0, 'data': {'action': 'radio set to:Comm1'}}
INFO:root:1722526168.059731,ID:1012,STAGE:2,SEQUENCE:1432,DATA:{'time': 1722526168.026, 'user-id': '1012', 'source': 'HAI Interface', 'destination-index': '3', 'study-stage': '2', 'decision-state': 0, 'vitals-state': 0, 'airspace-state': 0, 'data': {'page': 'map', 'action': 'show map'}}
INFO:root:1722526168.060729,ID:1012,STAGE:2,SEQUENCE:1432,DATA:{'time': 1722526168.026, 'user-id': '1012', 'source': 'HAI Interface', 'destination-index': '3', 'study-stage': '2', 'decision-state': 0, 'vitals-state': 0, 'airspace-state': 0, 'data': {'page': 'map', 'action': 'selected helipad', 'value': '21'}}
INFO:root:1722526168.070703,ID:1012,STAGE:2,SEQUENCE:1432,DATA:{'time': 1722526168.032, 'user-id': '1012', 'source': 'HAI Interface', 'destination-index': '3', 'study-stage': '2', 'decision-state': 0, 'vitals-state': 0, 'airspace-state': 0, 'data': {'action': 'NASXGStransmitting updates onComm1123.45 MHz'}}
INFO:root:1722526184.91596,ID:1012,STAGE:2,SEQUENCE:1432,DATA:{'time': 1722526184.911, 'user-id': '1012', 'source': 'HAI Interface', 'destination-index': '3', 'study-stage': '2', 'decision-state': 0, 'vitals-state': 0, 'airspace-state': 0, 'data': {'page': 'map', 'action': 'hide map'}}
INFO:root:1722526187.782859,ID:1012,STAGE:2,SEQUENCE:1432,DATA:{'time': 1722526187.777, 'user-id': '1012', 'source': 'HAI Interface', 'destination-index': '3', 'study-stage': '2', 'decision-state': 0, 'vitals-state': 0, 'airspace-state': 0, 'data': {'page': 'map', 'action': 'show map'}}
INFO:root:1722526187.785842,ID:1012,STAGE:2,SEQUENCE:1432,DATA:{'time': 1722526187.777, 'user-id': '1012', 'source': 'HAI Interface', 'destination-index': '3', 'study-stage': '2', 'decision-state': 0, 'vitals-state': 0, 'airspace-state': 0, 'data': {'page': 'map', 'action': 'selected helipad', 'value': '21'}}
INFO:root:1722526211.502818,ID:1012,STAGE:2,SEQUENCE:1432,DATA:{'time': 1722526211.492, 'user-id': '1012', 'source': 'HAI Interface', 'destination-index': '3', 'study-stage': '2', 'decision-state': 0, 'vitals-state': 0, 'airspace-state': 0, 'data': {'page': 'inflight', 'action': 'displaying vitals prompt'}}
INFO:root:1722526217.466157,ID:1012,STAGE:2,SEQUENCE:1432,DATA:{'time': 1722526217.459, 'source': 'VitalsTask', 'timer': 64.273, 'data': {'sensor': 'Heart Rate', 'action': 'opened sensor tab'}}
INFO:root:1722526218.73713,ID:1012,STAGE:2,SEQUENCE:1432,DATA:{'time': 1722526218.732, 'source': 'VitalsTask', 'timer': 65.546, 'data': {'sensor': 'Heart Rate', 'action': 'capture', 'data': 'action button pressed'}}
INFO:root:1722526218.73713,ID:1012,STAGE:2,SEQUENCE:1432,DATA:{'time': 1722526218.732, 'source': 'VitalsTask', 'timer': 65.546, 'data': {'sensor': 'Heart Rate', 'action': 'capture', 'data': 'starting sensor action'}}
INFO:root:1722526219.753465,ID:1012,STAGE:2,SEQUENCE:1432,DATA:{'time': 1722526219.748, 'source': 'VitalsTask', 'timer': 66.562, 'data': {'sensor': 'Heart Rate', 'action': 'capture', 'data': 'sensor action complete'}}
INFO:root:1722526219.75749,ID:1012,STAGE:2,SEQUENCE:1432,DATA:{'time': 1722526219.748, 'source': 'VitalsTask', 'timer': 66.562, 'data': {'sensor': 'Heart Rate', 'action': 'keypad open'}}
INFO:root:1722526220.901645,ID:1012,STAGE:2,SEQUENCE:1432,DATA:{'time': 1722526220.894, 'source': 'VitalsTask', 'timer': 67.708, 'data': {'sensor': 'Heart Rate', 'action': 'keypad press', 'key': 5, 'value': 5}}
INFO:root:1722526221.206952,ID:1012,STAGE:2,SEQUENCE:1432,DATA:{'time': 1722526221.201, 'source': 'VitalsTask', 'timer': 68.015, 'data': {'sensor': 'Heart Rate', 'action': 'keypad press', 'key': 5, 'value': 55}}
INFO:root:1722526222.853956,ID:1012,STAGE:2,SEQUENCE:1432,DATA:{'time': 1722526222.851, 'source': 'VitalsTask', 'timer': 69.665, 'data': {'sensor': 'Heart Rate', 'action': 'show action buttons'}}
INFO:root:1722526222.855956,ID:1012,STAGE:2,SEQUENCE:1432,DATA:{'time': 1722526222.852, 'source': 'VitalsTask', 'timer': 69.666, 'data': {'sensor': 'Heart Rate', 'action': 'keypad press', 'key': 10, 'value': 55}}
INFO:root:1722526223.796742,ID:1012,STAGE:2,SEQUENCE:1432,DATA:{'time': 1722526223.794, 'source': 'VitalsTask', 'timer': 70.608, 'data': {'sensor': 'Heart Rate', 'action': 'log', 'data': 'action button pressed'}}
INFO:root:1722526223.800622,ID:1012,STAGE:2,SEQUENCE:1432,DATA:{'time': 1722526223.794, 'source': 'VitalsTask', 'timer': 70.608, 'data': {'sensor': 'Heart Rate', 'action': 'log', 'data': 'starting sensor action'}}
INFO:root:1722526224.812996,ID:1012,STAGE:2,SEQUENCE:1432,DATA:{'time': 1722526224.81, 'source': 'VitalsTask', 'timer': 71.624, 'data': {'sensor': 'Heart Rate', 'action': 'log', 'data': 'sensor action complete'}}
INFO:root:1722526225.433907,ID:1012,STAGE:2,SEQUENCE:1432,DATA:{'time': 1722526225.429, 'source': 'VitalsTask', 'timer': 72.243, 'data': {'sensor': 'Heart Rate', 'action': 'save', 'data': 'action button pressed'}}
INFO:root:1722526225.435901,ID:1012,STAGE:2,SEQUENCE:1432,DATA:{'time': 1722526225.43, 'source': 'VitalsTask', 'timer': 72.244, 'data': {'sensor': 'Heart Rate', 'action': 'save', 'data': 'starting sensor action'}}
INFO:root:1722526226.451278,ID:1012,STAGE:2,SEQUENCE:1432,DATA:{'time': 1722526226.447, 'source': 'VitalsTask', 'timer': 73.261, 'data': {'sensor': 'Heart Rate', 'action': 'save', 'data': 'sensor action complete'}}
INFO:root:1722526229.331436,ID:1012,STAGE:2,SEQUENCE:1432,DATA:{'time': 1722526229.326, 'source': 'VitalsTask', 'timer': 76.14, 'data': {'sensor': 'O\u2082 Saturation', 'action': 'opened sensor tab'}}
INFO:root:1722526230.585435,ID:1012,STAGE:2,SEQUENCE:1432,DATA:{'time': 1722526230.578, 'source': 'VitalsTask', 'timer': 77.392, 'data': {'sensor': 'O\u2082 Saturation', 'action': 'capture', 'data': 'action button pressed'}}
INFO:root:1722526230.586996,ID:1012,STAGE:2,SEQUENCE:1432,DATA:{'time': 1722526230.578, 'source': 'VitalsTask', 'timer': 77.392, 'data': {'sensor': 'O\u2082 Saturation', 'action': 'capture', 'data': 'starting sensor action'}}
INFO:root:1722526231.596669,ID:1012,STAGE:2,SEQUENCE:1432,DATA:{'time': 1722526231.593, 'source': 'VitalsTask', 'timer': 78.407, 'data': {'sensor': 'O\u2082 Saturation', 'action': 'capture', 'data': 'sensor action complete'}}
INFO:root:1722526231.599666,ID:1012,STAGE:2,SEQUENCE:1432,DATA:{'time': 1722526231.593, 'source': 'VitalsTask', 'timer': 78.407, 'data': {'sensor': 'O\u2082 Saturation', 'action': 'keypad open'}}
INFO:root:1722526232.718301,ID:1012,STAGE:2,SEQUENCE:1432,DATA:{'time': 1722526232.713, 'source': 'VitalsTask', 'timer': 79.527, 'data': {'sensor': 'O\u2082 Saturation', 'action': 'keypad press', 'key': 1, 'value': 1}}
INFO:root:1722526233.911821,ID:1012,STAGE:2,SEQUENCE:1432,DATA:{'time': 1722526233.905, 'source': 'VitalsTask', 'timer': 80.719, 'data': {'sensor': 'O\u2082 Saturation', 'action': 'keypad press', 'key': 11, 'value': 10}}
INFO:root:1722526234.438162,ID:1012,STAGE:2,SEQUENCE:1432,DATA:{'time': 1722526234.43, 'source': 'VitalsTask', 'timer': 81.244, 'data': {'sensor': 'O\u2082 Saturation', 'action': 'keypad press', 'key': 11, 'value': 100}}
INFO:root:1722526235.533538,ID:1012,STAGE:2,SEQUENCE:1432,DATA:{'time': 1722526235.525, 'source': 'VitalsTask', 'timer': 82.339, 'data': {'sensor': 'O\u2082 Saturation', 'action': 'show action buttons'}}
INFO:root:1722526235.535532,ID:1012,STAGE:2,SEQUENCE:1432,DATA:{'time': 1722526235.526, 'source': 'VitalsTask', 'timer': 82.34, 'data': {'sensor': 'O\u2082 Saturation', 'action': 'keypad press', 'key': 10, 'value': 100}}
INFO:root:1722526236.569442,ID:1012,STAGE:2,SEQUENCE:1432,DATA:{'time': 1722526236.558, 'source': 'VitalsTask', 'timer': 83.372, 'data': {'sensor': 'O\u2082 Saturation', 'action': 'log', 'data': 'action button pressed'}}
INFO:root:1722526236.57144,ID:1012,STAGE:2,SEQUENCE:1432,DATA:{'time': 1722526236.558, 'source': 'VitalsTask', 'timer': 83.372, 'data': {'sensor': 'O\u2082 Saturation', 'action': 'log', 'data': 'starting sensor action'}}
INFO:root:1722526237.574564,ID:1012,STAGE:2,SEQUENCE:1432,DATA:{'time': 1722526237.571, 'source': 'VitalsTask', 'timer': 84.385, 'data': {'sensor': 'O\u2082 Saturation', 'action': 'log', 'data': 'sensor action complete'}}
INFO:root:1722526238.046433,ID:1012,STAGE:2,SEQUENCE:1432,DATA:{'time': 1722526238.041, 'source': 'VitalsTask', 'timer': 84.855, 'data': {'sensor': 'O\u2082 Saturation', 'action': 'save', 'data': 'action button pressed'}}
INFO:root:1722526238.050426,ID:1012,STAGE:2,SEQUENCE:1432,DATA:{'time': 1722526238.041, 'source': 'VitalsTask', 'timer': 84.855, 'data': {'sensor': 'O\u2082 Saturation', 'action': 'save', 'data': 'starting sensor action'}}
INFO:root:1722526239.056114,ID:1012,STAGE:2,SEQUENCE:1432,DATA:{'time': 1722526239.052, 'source': 'VitalsTask', 'timer': 85.866, 'data': {'sensor': 'O\u2082 Saturation', 'action': 'save', 'data': 'sensor action complete'}}
INFO:root:1722526239.750934,ID:1012,STAGE:2,SEQUENCE:1432,DATA:{'time': 1722526239.745, 'source': 'VitalsTask', 'timer': 86.559, 'data': {'sensor': 'Blood Pressure', 'action': 'opened sensor tab'}}
INFO:root:1722526240.900968,ID:1012,STAGE:2,SEQUENCE:1432,DATA:{'time': 1722526240.895, 'source': 'VitalsTask', 'timer': 87.709, 'data': {'sensor': 'Blood Pressure', 'action': 'capture', 'data': 'action button pressed'}}
INFO:root:1722526240.903993,ID:1012,STAGE:2,SEQUENCE:1432,DATA:{'time': 1722526240.896, 'source': 'VitalsTask', 'timer': 87.71, 'data': {'sensor': 'Blood Pressure', 'action': 'capture', 'data': 'starting sensor action'}}
INFO:root:1722526241.915467,ID:1012,STAGE:2,SEQUENCE:1432,DATA:{'time': 1722526241.911, 'source': 'VitalsTask', 'timer': 88.725, 'data': {'sensor': 'Blood Pressure', 'action': 'capture', 'data': 'sensor action complete'}}
INFO:root:1722526241.918458,ID:1012,STAGE:2,SEQUENCE:1432,DATA:{'time': 1722526241.911, 'source': 'VitalsTask', 'timer': 88.725, 'data': {'sensor': 'Blood Pressure', 'action': 'keypad open'}}
INFO:root:1722526243.460106,ID:1012,STAGE:2,SEQUENCE:1432,DATA:{'time': 1722526243.456, 'source': 'VitalsTask', 'timer': 90.27, 'data': {'sensor': 'Blood Pressure', 'action': 'keypad press', 'key': 1, 'value': 1}}
INFO:root:1722526243.851456,ID:1012,STAGE:2,SEQUENCE:1432,DATA:{'time': 1722526243.847, 'source': 'VitalsTask', 'timer': 90.661, 'data': {'sensor': 'Blood Pressure', 'action': 'keypad press', 'key': 1, 'value': 11}}
INFO:root:1722526245.557024,ID:1012,STAGE:2,SEQUENCE:1432,DATA:{'time': 1722526245.553, 'source': 'VitalsTask', 'timer': 92.367, 'data': {'sensor': 'Blood Pressure', 'action': 'keypad press', 'key': 12, 'value': 1}}
INFO:root:1722526247.242062,ID:1012,STAGE:2,SEQUENCE:1432,DATA:{'time': 1722526247.238, 'source': 'VitalsTask', 'timer': 94.052, 'data': {'sensor': 'Blood Pressure', 'action': 'keypad press', 'key': 2, 'value': 12}}
INFO:root:1722526248.4425,ID:1012,STAGE:2,SEQUENCE:1432,DATA:{'time': 1722526248.438, 'source': 'VitalsTask', 'timer': 95.252, 'data': {'sensor': 'Blood Pressure', 'action': 'keypad press', 'key': 11, 'value': 120}}
INFO:root:1722526249.867922,ID:1012,STAGE:2,SEQUENCE:1432,DATA:{'time': 1722526249.863, 'source': 'VitalsTask', 'timer': 96.677, 'data': {'sensor': 'Blood Pressure', 'action': 'keypad press', 'key': 8, 'value': 1208}}
INFO:root:1722526250.761801,ID:1012,STAGE:2,SEQUENCE:1432,DATA:{'time': 1722526250.758, 'source': 'VitalsTask', 'timer': 97.572, 'data': {'sensor': 'Blood Pressure', 'action': 'keypad press', 'key': 11, 'value': 12080}}
INFO:root:1722526252.030807,ID:1012,STAGE:2,SEQUENCE:1432,DATA:{'time': 1722526252.021, 'source': 'VitalsTask', 'timer': 98.835, 'data': {'sensor': 'Blood Pressure', 'action': 'show action buttons'}}
INFO:root:1722526252.034802,ID:1012,STAGE:2,SEQUENCE:1432,DATA:{'time': 1722526252.022, 'source': 'VitalsTask', 'timer': 98.836, 'data': {'sensor': 'Blood Pressure', 'action': 'keypad press', 'key': 10, 'value': 12080}}
INFO:root:1722526253.31005,ID:1012,STAGE:2,SEQUENCE:1432,DATA:{'time': 1722526253.305, 'source': 'VitalsTask', 'timer': 100.119, 'data': {'sensor': 'Blood Pressure', 'action': 'log', 'data': 'action button pressed'}}
INFO:root:1722526253.312046,ID:1012,STAGE:2,SEQUENCE:1432,DATA:{'time': 1722526253.305, 'source': 'VitalsTask', 'timer': 100.119, 'data': {'sensor': 'Blood Pressure', 'action': 'log', 'data': 'starting sensor action'}}
INFO:root:1722526254.32469,ID:1012,STAGE:2,SEQUENCE:1432,DATA:{'time': 1722526254.321, 'source': 'VitalsTask', 'timer': 101.135, 'data': {'sensor': 'Blood Pressure', 'action': 'log', 'data': 'sensor action complete'}}
INFO:root:1722526254.485562,ID:1012,STAGE:2,SEQUENCE:1432,DATA:{'time': 1722526254.482, 'source': 'VitalsTask', 'timer': 101.296, 'data': {'sensor': 'Blood Pressure', 'action': 'save', 'data': 'action button pressed'}}
INFO:root:1722526254.490062,ID:1012,STAGE:2,SEQUENCE:1432,DATA:{'time': 1722526254.482, 'source': 'VitalsTask', 'timer': 101.296, 'data': {'sensor': 'Blood Pressure', 'action': 'save', 'data': 'starting sensor action'}}
INFO:root:1722526255.500026,ID:1012,STAGE:2,SEQUENCE:1432,DATA:{'time': 1722526255.494, 'source': 'VitalsTask', 'timer': 102.308, 'data': {'sensor': 'Blood Pressure', 'action': 'save', 'data': 'sensor action complete'}}
INFO:root:1722526259.100215,ID:1012,STAGE:2,SEQUENCE:1432,DATA:{'time': 1722526259.097, 'source': 'VitalsTask', 'timer': 105.911, 'data': {'sensor': 'submit', 'action': 'submit'}}
INFO:root:1722526259.10159,ID:1012,STAGE:2,SEQUENCE:1432,DATA:{'time': 1722526259.097, 'source': 'VitalsTask', 'timer': 105.911, 'data': {'sensor': 'submit', 'action': 'submit', 'data': 'submit succeeded'}}
INFO:root:1722526259.609738,ID:1012,STAGE:2,SEQUENCE:1432,DATA:{'time': 1722526259.604, 'user-id': '1012', 'source': 'HAI Interface', 'destination-index': '3', 'study-stage': '2', 'decision-state': 0, 'vitals-state': '1', 'airspace-state': 0, 'data': {'page': 'inflight', 'action': 'user acknowledged vitals prompt'}}
INFO:root:1722526262.858264,ID:1012,STAGE:2,SEQUENCE:1432,DATA:{'time': 1722526262.852, 'user-id': '1012', 'source': 'HAI Interface', 'destination-index': '3', 'study-stage': '2', 'decision-state': 0, 'vitals-state': '1', 'airspace-state': 0, 'data': {'action': 'receive button pressed'}}
INFO:root:1722526262.861921,ID:1012,STAGE:2,SEQUENCE:1432,DATA:{'time': 1722526262.852, 'user-id': '1012', 'source': 'HAI Interface', 'destination-index': '3', 'study-stage': '2', 'decision-state': 0, 'vitals-state': '1', 'airspace-state': 0, 'data': {'action': 'callsign set to:[object Object]'}}
INFO:root:1722526262.868041,ID:1012,STAGE:2,SEQUENCE:1432,DATA:{'time': 1722526262.853, 'user-id': '1012', 'source': 'HAI Interface', 'destination-index': '3', 'study-stage': '2', 'decision-state': 0, 'vitals-state': '1', 'airspace-state': 0, 'data': {'action': 'radio set to:Comm2'}}
INFO:root:1722526262.875533,ID:1012,STAGE:2,SEQUENCE:1432,DATA:{'time': 1722526262.856, 'user-id': '1012', 'source': 'HAI Interface', 'destination-index': '3', 'study-stage': '2', 'decision-state': 0, 'vitals-state': '1', 'airspace-state': 0, 'data': {'action': 'MEDEVACtransmitting onComm2123.45 MHz'}}
INFO:root:Administer medication radio comm initiated
INFO:root:Administer medication radio comm done- command to clear event  make the receive 0 sent 
INFO:root:1722526306.645752,ID:1012,STAGE:2,SEQUENCE:1432,DATA:{'time': 1722526306.643, 'source': 'VitalsTask', 'timer': 47.545, 'data': {'sensor': 'Heart Rate', 'action': 'opened sensor tab'}}
INFO:root:1722526308.010441,ID:1012,STAGE:2,SEQUENCE:1432,DATA:{'time': 1722526308.005, 'source': 'VitalsTask', 'timer': 48.907, 'data': {'sensor': 'Heart Rate', 'action': 'opened sensor tab'}}
INFO:root:1722526312.480815,ID:1012,STAGE:2,SEQUENCE:1432,DATA:{'time': 1722526312.475, 'source': 'VitalsTask', 'timer': 53.377, 'data': {'sensor': 'Heart Rate', 'action': 'capture', 'data': 'action button pressed'}}
INFO:root:1722526312.484806,ID:1012,STAGE:2,SEQUENCE:1432,DATA:{'time': 1722526312.476, 'source': 'VitalsTask', 'timer': 53.378, 'data': {'sensor': 'Heart Rate', 'action': 'capture', 'data': 'starting sensor action'}}
INFO:root:1722526313.496354,ID:1012,STAGE:2,SEQUENCE:1432,DATA:{'time': 1722526313.49, 'source': 'VitalsTask', 'timer': 54.392, 'data': {'sensor': 'Heart Rate', 'action': 'capture', 'data': 'sensor action complete'}}
INFO:root:1722526313.501373,ID:1012,STAGE:2,SEQUENCE:1432,DATA:{'time': 1722526313.49, 'source': 'VitalsTask', 'timer': 54.392, 'data': {'sensor': 'Heart Rate', 'action': 'keypad open'}}
INFO:root:1722526327.381978,ID:1012,STAGE:2,SEQUENCE:1432,DATA:{'time': 1722526327.377, 'user-id': '1012', 'source': 'HAI Interface', 'destination-index': '3', 'study-stage': '2', 'decision-state': 0, 'vitals-state': '1', 'airspace-state': 0, 'data': {'action': 'receive button pressed'}}
INFO:root:1722526327.387962,ID:1012,STAGE:2,SEQUENCE:1432,DATA:{'time': 1722526327.377, 'user-id': '1012', 'source': 'HAI Interface', 'destination-index': '3', 'study-stage': '2', 'decision-state': 0, 'vitals-state': '1', 'airspace-state': 0, 'data': {'action': 'callsign set to:[object Object]'}}
INFO:root:1722526327.391951,ID:1012,STAGE:2,SEQUENCE:1432,DATA:{'time': 1722526327.378, 'user-id': '1012', 'source': 'HAI Interface', 'destination-index': '3', 'study-stage': '2', 'decision-state': 0, 'vitals-state': '1', 'airspace-state': 0, 'data': {'action': 'radio set to:Comm2'}}
INFO:root:1722526327.395941,ID:1012,STAGE:2,SEQUENCE:1432,DATA:{'time': 1722526327.381, 'user-id': '1012', 'source': 'HAI Interface', 'destination-index': '3', 'study-stage': '2', 'decision-state': 0, 'vitals-state': '1', 'airspace-state': 0, 'data': {'action': 'MEDEVACtransmitting onComm2123.45 MHz'}}
INFO:root:Administer medication radio comm initiated
INFO:root:1722526338.404374,ID:1012,STAGE:2,SEQUENCE:1432,DATA:{'time': 1722526338.4, 'user-id': '1012', 'source': 'HAI Interface', 'destination-index': '3', 'study-stage': '2', 'decision-state': 0, 'vitals-state': '1', 'airspace-state': 0, 'data': {'action': 'radio panel closed'}}
INFO:root:1722526363.141466,ID:1012,STAGE:2,SEQUENCE:1432,DATA:{'time': 1722526363.137, 'source': 'VitalsTask', 'timer': 104.039, 'data': {'sensor': 'Heart Rate', 'action': 'open', 'data': 'user tried to change the sensor, but cancelled because the keypad is showing'}}
INFO:root:Administer medication radio comm done- command to clear event  make the receive 0 sent 
INFO:root:1722526365.352303,ID:1012,STAGE:2,SEQUENCE:1432,DATA:{'time': 1722526365.347, 'source': 'VitalsTask', 'timer': 106.249, 'data': {'sensor': 'Heart Rate', 'action': 'keypad press', 'key': 2, 'value': 2}}
INFO:root:1722526367.236901,ID:1012,STAGE:2,SEQUENCE:1432,DATA:{'time': 1722526367.232, 'source': 'VitalsTask', 'timer': 108.134, 'data': {'sensor': 'Heart Rate', 'action': 'keypad press', 'key': 3, 'value': 23}}
INFO:root:1722526368.116275,ID:1012,STAGE:2,SEQUENCE:1432,DATA:{'time': 1722526368.112, 'source': 'VitalsTask', 'timer': 109.014, 'data': {'sensor': 'Heart Rate', 'action': 'keypad press', 'key': 2, 'value': 232}}
INFO:root:1722526369.327012,ID:1012,STAGE:2,SEQUENCE:1432,DATA:{'time': 1722526369.318, 'source': 'VitalsTask', 'timer': 110.22, 'data': {'sensor': 'Heart Rate', 'action': 'show action buttons'}}
INFO:root:1722526369.329008,ID:1012,STAGE:2,SEQUENCE:1432,DATA:{'time': 1722526369.318, 'source': 'VitalsTask', 'timer': 110.22, 'data': {'sensor': 'Heart Rate', 'action': 'keypad press', 'key': 10, 'value': 232}}
INFO:root:1722526370.646869,ID:1012,STAGE:2,SEQUENCE:1432,DATA:{'time': 1722526370.642, 'source': 'VitalsTask', 'timer': 111.544, 'data': {'sensor': 'Heart Rate', 'action': 'log', 'data': 'action button pressed'}}
INFO:root:1722526370.648386,ID:1012,STAGE:2,SEQUENCE:1432,DATA:{'time': 1722526370.642, 'source': 'VitalsTask', 'timer': 111.544, 'data': {'sensor': 'Heart Rate', 'action': 'log', 'data': 'starting sensor action'}}
INFO:root:1722526371.45319,ID:1012,STAGE:2,SEQUENCE:1432,DATA:{'time': 1722526371.447, 'source': 'VitalsTask', 'timer': 112.349, 'data': {'sensor': 'Heart Rate', 'action': 'save', 'data': 'action button pressed'}}
INFO:root:1722526371.45718,ID:1012,STAGE:2,SEQUENCE:1432,DATA:{'time': 1722526371.447, 'source': 'VitalsTask', 'timer': 112.349, 'data': {'sensor': 'Heart Rate', 'action': 'save', 'data': 'a sensor action is in progress, cancelling'}}
INFO:root:1722526371.664135,ID:1012,STAGE:2,SEQUENCE:1432,DATA:{'time': 1722526371.657, 'source': 'VitalsTask', 'timer': 112.559, 'data': {'sensor': 'Heart Rate', 'action': 'log', 'data': 'sensor action complete'}}
INFO:root:1722526372.805795,ID:1012,STAGE:2,SEQUENCE:1432,DATA:{'time': 1722526372.803, 'source': 'VitalsTask', 'timer': 113.705, 'data': {'sensor': 'Heart Rate', 'action': 'save', 'data': 'action button pressed'}}
INFO:root:1722526372.807794,ID:1012,STAGE:2,SEQUENCE:1432,DATA:{'time': 1722526372.803, 'source': 'VitalsTask', 'timer': 113.705, 'data': {'sensor': 'Heart Rate', 'action': 'save', 'data': 'starting sensor action'}}
INFO:root:1722526373.817073,ID:1012,STAGE:2,SEQUENCE:1432,DATA:{'time': 1722526373.812, 'source': 'VitalsTask', 'timer': 114.714, 'data': {'sensor': 'Heart Rate', 'action': 'save', 'data': 'sensor action complete'}}
INFO:root:1722526375.063819,ID:1012,STAGE:2,SEQUENCE:1432,DATA:{'time': 1722526375.061, 'source': 'VitalsTask', 'timer': 115.963, 'data': {'sensor': 'O\u2082 Saturation', 'action': 'opened sensor tab'}}
INFO:root:1722526376.174358,ID:1012,STAGE:2,SEQUENCE:1432,DATA:{'time': 1722526376.171, 'source': 'VitalsTask', 'timer': 117.073, 'data': {'sensor': 'O\u2082 Saturation', 'action': 'capture', 'data': 'action button pressed'}}
INFO:root:1722526376.176355,ID:1012,STAGE:2,SEQUENCE:1432,DATA:{'time': 1722526376.171, 'source': 'VitalsTask', 'timer': 117.073, 'data': {'sensor': 'O\u2082 Saturation', 'action': 'capture', 'data': 'starting sensor action'}}
INFO:root:1722526377.194278,ID:1012,STAGE:2,SEQUENCE:1432,DATA:{'time': 1722526377.189, 'source': 'VitalsTask', 'timer': 118.091, 'data': {'sensor': 'O\u2082 Saturation', 'action': 'capture', 'data': 'sensor action complete'}}
INFO:root:1722526377.196273,ID:1012,STAGE:2,SEQUENCE:1432,DATA:{'time': 1722526377.19, 'source': 'VitalsTask', 'timer': 118.092, 'data': {'sensor': 'O\u2082 Saturation', 'action': 'keypad open'}}
INFO:root:1722526380.088904,ID:1012,STAGE:2,SEQUENCE:1432,DATA:{'time': 1722526380.085, 'source': 'VitalsTask', 'timer': 120.987, 'data': {'sensor': 'O\u2082 Saturation', 'action': 'keypad press', 'key': 1, 'value': 1}}
INFO:root:1722526381.392268,ID:1012,STAGE:2,SEQUENCE:1432,DATA:{'time': 1722526381.389, 'source': 'VitalsTask', 'timer': 122.291, 'data': {'sensor': 'O\u2082 Saturation', 'action': 'keypad press', 'key': 11, 'value': 10}}
INFO:root:1722526381.926984,ID:1012,STAGE:2,SEQUENCE:1432,DATA:{'time': 1722526381.921, 'source': 'VitalsTask', 'timer': 122.823, 'data': {'sensor': 'O\u2082 Saturation', 'action': 'keypad press', 'key': 11, 'value': 100}}
INFO:root:1722526382.867605,ID:1012,STAGE:2,SEQUENCE:1432,DATA:{'time': 1722526382.863, 'source': 'VitalsTask', 'timer': 123.765, 'data': {'sensor': 'O\u2082 Saturation', 'action': 'show action buttons'}}
INFO:root:1722526382.869114,ID:1012,STAGE:2,SEQUENCE:1432,DATA:{'time': 1722526382.863, 'source': 'VitalsTask', 'timer': 123.765, 'data': {'sensor': 'O\u2082 Saturation', 'action': 'keypad press', 'key': 10, 'value': 100}}
INFO:root:1722526383.825297,ID:1012,STAGE:2,SEQUENCE:1432,DATA:{'time': 1722526383.822, 'source': 'VitalsTask', 'timer': 124.724, 'data': {'sensor': 'O\u2082 Saturation', 'action': 'log', 'data': 'action button pressed'}}
INFO:root:1722526383.827823,ID:1012,STAGE:2,SEQUENCE:1432,DATA:{'time': 1722526383.822, 'source': 'VitalsTask', 'timer': 124.724, 'data': {'sensor': 'O\u2082 Saturation', 'action': 'log', 'data': 'starting sensor action'}}
INFO:root:1722526384.837281,ID:1012,STAGE:2,SEQUENCE:1432,DATA:{'time': 1722526384.834, 'source': 'VitalsTask', 'timer': 125.736, 'data': {'sensor': 'O\u2082 Saturation', 'action': 'log', 'data': 'sensor action complete'}}
INFO:root:1722526385.12138,ID:1012,STAGE:2,SEQUENCE:1432,DATA:{'time': 1722526385.117, 'source': 'VitalsTask', 'timer': 126.019, 'data': {'sensor': 'O\u2082 Saturation', 'action': 'save', 'data': 'action button pressed'}}
INFO:root:1722526385.125368,ID:1012,STAGE:2,SEQUENCE:1432,DATA:{'time': 1722526385.117, 'source': 'VitalsTask', 'timer': 126.019, 'data': {'sensor': 'O\u2082 Saturation', 'action': 'save', 'data': 'starting sensor action'}}
INFO:root:1722526386.138606,ID:1012,STAGE:2,SEQUENCE:1432,DATA:{'time': 1722526386.134, 'source': 'VitalsTask', 'timer': 127.036, 'data': {'sensor': 'O\u2082 Saturation', 'action': 'save', 'data': 'sensor action complete'}}
INFO:root:1722526387.503124,ID:1012,STAGE:2,SEQUENCE:1432,DATA:{'time': 1722526387.499, 'source': 'VitalsTask', 'timer': 128.401, 'data': {'sensor': 'Blood Pressure', 'action': 'opened sensor tab'}}
INFO:root:1722526389.464003,ID:1012,STAGE:2,SEQUENCE:1432,DATA:{'time': 1722526389.461, 'source': 'VitalsTask', 'timer': 130.363, 'data': {'sensor': 'Blood Pressure', 'action': 'capture', 'data': 'action button pressed'}}
INFO:root:1722526389.467543,ID:1012,STAGE:2,SEQUENCE:1432,DATA:{'time': 1722526389.461, 'source': 'VitalsTask', 'timer': 130.363, 'data': {'sensor': 'Blood Pressure', 'action': 'capture', 'data': 'starting sensor action'}}
INFO:root:1722526390.487802,ID:1012,STAGE:2,SEQUENCE:1432,DATA:{'time': 1722526390.478, 'source': 'VitalsTask', 'timer': 131.38, 'data': {'sensor': 'Blood Pressure', 'action': 'capture', 'data': 'sensor action complete'}}
INFO:root:1722526390.489801,ID:1012,STAGE:2,SEQUENCE:1432,DATA:{'time': 1722526390.478, 'source': 'VitalsTask', 'timer': 131.38, 'data': {'sensor': 'Blood Pressure', 'action': 'keypad open'}}
INFO:root:1722526391.916451,ID:1012,STAGE:2,SEQUENCE:1432,DATA:{'time': 1722526391.912, 'user-id': '1012', 'source': 'HAI Interface', 'destination-index': '3', 'study-stage': '2', 'decision-state': 0, 'vitals-state': '1', 'airspace-state': 0, 'data': {'action': 'radio panel opened'}}
INFO:root:1722526395.002676,ID:1012,STAGE:2,SEQUENCE:1432,DATA:{'time': 1722526394.998, 'user-id': '1012', 'source': 'HAI Interface', 'destination-index': '3', 'study-stage': '2', 'decision-state': 0, 'vitals-state': '1', 'airspace-state': 0, 'data': {'action': 'receive button pressed'}}
INFO:root:1722526395.004671,ID:1012,STAGE:2,SEQUENCE:1432,DATA:{'time': 1722526394.999, 'user-id': '1012', 'source': 'HAI Interface', 'destination-index': '3', 'study-stage': '2', 'decision-state': 0, 'vitals-state': '1', 'airspace-state': 0, 'data': {'action': 'callsign set to:[object Object]'}}
INFO:root:1722526395.009558,ID:1012,STAGE:2,SEQUENCE:1432,DATA:{'time': 1722526394.999, 'user-id': '1012', 'source': 'HAI Interface', 'destination-index': '3', 'study-stage': '2', 'decision-state': 0, 'vitals-state': '1', 'airspace-state': 0, 'data': {'action': 'radio set to:Comm2'}}
INFO:root:1722526395.012554,ID:1012,STAGE:2,SEQUENCE:1432,DATA:{'time': 1722526395.004, 'user-id': '1012', 'source': 'HAI Interface', 'destination-index': '3', 'study-stage': '2', 'decision-state': 0, 'vitals-state': '1', 'airspace-state': 0, 'data': {'action': 'MEDEVACtransmitting onComm2123.45 MHz'}}
INFO:root:Administer medication radio comm initiated
INFO:root:1722526404.290187,ID:1012,STAGE:2,SEQUENCE:1432,DATA:{'time': 1722526404.286, 'source': 'VitalsTask', 'timer': 145.188, 'data': {'sensor': 'Blood Pressure', 'action': 'open', 'data': 'user tried to change the sensor, but cancelled because the keypad is showing'}}
INFO:root:1722526418.296948,ID:1012,STAGE:2,SEQUENCE:1432,DATA:{'time': 1722526418.277, 'user-id': 'none', 'source': 'HAI Interface', 'destination-index': 3, 'study-stage': -1, 'decision-state': 0, 'vitals-state': 0, 'airspace-state': 0, 'data': {'page': 'checklist', 'action': 'opened page', 'inflight': True}}
INFO:root:1722526419.245586,ID:1012,STAGE:2,SEQUENCE:1432,DATA:{'time': 1722526419.242, 'user-id': '1012', 'source': 'HAI Interface', 'destination-index': '3', 'study-stage': '2', 'decision-state': 0, 'vitals-state': '1', 'airspace-state': 0, 'data': {'page': 'map', 'action': 'selected helipad', 'value': '21'}}
INFO:root:1722526429.875528,ID:1012,STAGE:2,SEQUENCE:1432,DATA:{'time': 1722526429.873, 'user-id': '1012', 'source': 'HAI Interface', 'destination-index': '3', 'study-stage': '2', 'decision-state': 0, 'vitals-state': '1', 'airspace-state': 0, 'data': {'page': 'checklist', 'action': 'toggled checkbox', 'inflight': True, 'item': 0, 'value': 'OFF'}}
INFO:root:1722526430.470753,ID:1012,STAGE:2,SEQUENCE:1432,DATA:{'time': 1722526430.468, 'user-id': '1012', 'source': 'HAI Interface', 'destination-index': '3', 'study-stage': '2', 'decision-state': 0, 'vitals-state': '1', 'airspace-state': 0, 'data': {'page': 'checklist', 'action': 'toggled checkbox', 'inflight': True, 'item': 1, 'value': 'OFF'}}
INFO:root:1722526431.05272,ID:1012,STAGE:2,SEQUENCE:1432,DATA:{'time': 1722526431.048, 'user-id': '1012', 'source': 'HAI Interface', 'destination-index': '3', 'study-stage': '2', 'decision-state': 0, 'vitals-state': '1', 'airspace-state': 0, 'data': {'page': 'checklist', 'action': 'toggled checkbox', 'inflight': True, 'item': 2, 'value': 'OFF'}}
INFO:root:1722526431.054722,ID:1012,STAGE:2,SEQUENCE:1432,DATA:{'time': 1722526431.049, 'user-id': '1012', 'source': 'HAI Interface', 'destination-index': '3', 'study-stage': '2', 'decision-state': 0, 'vitals-state': '1', 'airspace-state': 0, 'data': {'page': 'checklist', 'action': 'showing confirm button', 'inflight': True}}
INFO:root:1722526431.733663,ID:1012,STAGE:2,SEQUENCE:1432,DATA:{'time': 1722526431.73, 'user-id': '1012', 'source': 'HAI Interface', 'destination-index': '3', 'study-stage': '2', 'decision-state': 0, 'vitals-state': '1', 'airspace-state': 0, 'data': {'page': 'checklist', 'action': 'confirm button clicked', 'inflight': True}}
INFO:root:Administer medication radio comm done- command to clear event  make the receive 0 sent 
INFO:root:1722526432.019378,ID:1012,STAGE:2,SEQUENCE:1432,DATA:{'time': 1722526432, 'user-id': 'none', 'source': 'HAI Interface', 'destination-index': 3, 'study-stage': -1, 'decision-state': 0, 'vitals-state': 0, 'airspace-state': 0, 'data': {'page': 'landing-confirmation', 'action': 'opened page'}}
INFO:root:1722526432.025872,ID:1012,STAGE:2,SEQUENCE:1432,DATA:{'time': 1722526432.002, 'user-id': 'none', 'source': 'HAI Interface', 'destination-index': 3, 'study-stage': -1, 'decision-state': 0, 'vitals-state': 0, 'airspace-state': 0, 'data': {'page': 'landing-confirmation', 'action': 'showing helipad confirm', 'value': 1}}
INFO:root:1722526432.902426,ID:1012,STAGE:2,SEQUENCE:1432,DATA:{'time': 1722526432.898, 'user-id': '1012', 'source': 'HAI Interface', 'destination-index': '3', 'study-stage': '2', 'decision-state': 0, 'vitals-state': '1', 'airspace-state': 0, 'data': {'page': 'landing-confirmation', 'action': 'checkbox toggle', 'item': 0, 'value': 'ON'}}
INFO:root:1722526432.979939,ID:1012,STAGE:2,SEQUENCE:1432,DATA:{'time': 1722526432.976, 'user-id': '1012', 'source': 'HAI Interface', 'destination-index': '3', 'study-stage': '2', 'decision-state': 0, 'vitals-state': '1', 'airspace-state': 0, 'data': {'page': 'map', 'action': 'selected helipad', 'value': '21'}}
INFO:root:1722526433.294146,ID:1012,STAGE:2,SEQUENCE:1432,DATA:{'time': 1722526433.29, 'user-id': '1012', 'source': 'HAI Interface', 'destination-index': '3', 'study-stage': '2', 'decision-state': 0, 'vitals-state': '1', 'airspace-state': 0, 'data': {'page': 'landing-confirmation', 'action': 'checkbox toggle', 'item': 1, 'value': 'ON'}}
INFO:root:1722526434.557109,ID:1012,STAGE:2,SEQUENCE:1432,DATA:{'time': 1722526434.554, 'user-id': '1012', 'source': 'HAI Interface', 'destination-index': '3', 'study-stage': '2', 'decision-state': 0, 'vitals-state': '1', 'airspace-state': 0, 'data': {'page': 'landing-confirmation', 'action': 'confirmed safe to land'}}
INFO:root:1722526434.560107,ID:1012,STAGE:2,SEQUENCE:1432,DATA:{'time': 1722526434.554, 'user-id': '1012', 'source': 'HAI Interface', 'destination-index': '3', 'study-stage': '2', 'decision-state': 0, 'vitals-state': '1', 'airspace-state': 0, 'data': {'page': 'landing-confirmation', 'action': 'showing helipad ready'}}
INFO:root:1722526435.664298,ID:1012,STAGE:2,SEQUENCE:1432,DATA:{'time': 1722526435.659, 'user-id': '1012', 'source': 'HAI Interface', 'destination-index': '3', 'study-stage': '2', 'decision-state': 0, 'vitals-state': '1', 'airspace-state': 0, 'data': {'page': 'landing-confirmation', 'action': 'gave landing confirmation'}}
INFO:root:1722526435.809428,ID:1012,STAGE:2,SEQUENCE:1432,DATA:{'time': 1722526435.784, 'user-id': 'none', 'source': 'HAI Interface', 'destination-index': 3, 'study-stage': -1, 'decision-state': 0, 'vitals-state': 0, 'airspace-state': 0, 'data': {'page': 'landing-countdown', 'action': 'opened page'}}
INFO:root:1722526436.752649,ID:1012,STAGE:2,SEQUENCE:1432,DATA:{'time': 1722526436.747, 'user-id': '1012', 'source': 'HAI Interface', 'destination-index': '3', 'study-stage': '2', 'decision-state': '1', 'vitals-state': '1', 'airspace-state': 0, 'data': {'page': 'map', 'action': 'selected helipad', 'value': '21'}}
INFO:root:1722526436.790379,ID:1012,STAGE:2,SEQUENCE:1432,DATA:{'time': 1722526436.786, 'user-id': '1012', 'source': 'HAI Interface', 'destination-index': '3', 'study-stage': '2', 'decision-state': '1', 'vitals-state': '1', 'airspace-state': 0, 'data': {'page': 'landing-countdown', 'action': 'countdown changed', 'value': 5}}
INFO:root:1722526437.803349,ID:1012,STAGE:2,SEQUENCE:1432,DATA:{'time': 1722526437.799, 'user-id': '1012', 'source': 'HAI Interface', 'destination-index': '3', 'study-stage': '2', 'decision-state': '1', 'vitals-state': '1', 'airspace-state': 0, 'data': {'page': 'landing-countdown', 'action': 'countdown changed', 'value': 4}}
INFO:root:1722526438.802034,ID:1012,STAGE:2,SEQUENCE:1432,DATA:{'time': 1722526438.789, 'user-id': '1012', 'source': 'HAI Interface', 'destination-index': '3', 'study-stage': '2', 'decision-state': '1', 'vitals-state': '1', 'airspace-state': 0, 'data': {'page': 'landing-countdown', 'action': 'countdown changed', 'value': 3}}
INFO:root:1722526439.799361,ID:1012,STAGE:2,SEQUENCE:1432,DATA:{'time': 1722526439.795, 'user-id': '1012', 'source': 'HAI Interface', 'destination-index': '3', 'study-stage': '2', 'decision-state': '1', 'vitals-state': '0', 'airspace-state': 0, 'data': {'page': 'landing-countdown', 'action': 'countdown changed', 'value': 2}}
INFO:root:1722526440.789095,ID:1012,STAGE:2,SEQUENCE:1432,DATA:{'time': 1722526440.785, 'user-id': '1012', 'source': 'HAI Interface', 'destination-index': '3', 'study-stage': '2', 'decision-state': '1', 'vitals-state': '0', 'airspace-state': 0, 'data': {'page': 'landing-countdown', 'action': 'countdown changed', 'value': 1}}
INFO:root:1722526441.791359,ID:1012,STAGE:2,SEQUENCE:1432,DATA:{'time': 1722526441.787, 'user-id': '1012', 'source': 'HAI Interface', 'destination-index': '3', 'study-stage': '2', 'decision-state': '1', 'vitals-state': '0', 'airspace-state': 0, 'data': {'page': 'landing-countdown', 'action': 'countdown changed', 'value': 0}}
INFO:root:1722526442.791177,ID:1012,STAGE:2,SEQUENCE:1432,DATA:{'time': 1722526442.789, 'user-id': '1012', 'source': 'HAI Interface', 'destination-index': '3', 'study-stage': '2', 'decision-state': '1', 'vitals-state': '0', 'airspace-state': 0, 'data': {'page': 'landing-countdown', 'action': 'countdown complete'}}
INFO:root:1722526442.912169,ID:1012,STAGE:2,SEQUENCE:1432,DATA:{'time': 1722526442.89, 'user-id': 'none', 'source': 'HAI Interface', 'destination-index': 3, 'study-stage': -1, 'decision-state': 0, 'vitals-state': 0, 'airspace-state': 0, 'data': {'page': 'landed', 'action': 'opened page'}}
INFO:root:1722526443.87077,ID:1012,STAGE:2,SEQUENCE:1432,DATA:{'time': 1722526443.867, 'user-id': '1012', 'source': 'HAI Interface', 'destination-index': '3', 'study-stage': '2', 'decision-state': '1', 'vitals-state': '0', 'airspace-state': 0, 'data': {'page': 'map', 'action': 'selected helipad', 'value': '21'}}
INFO:SimConnect.SimConnect:SIM Paused
INFO:SimConnect.SimConnect:SIM Paused
INFO:SimConnect.SimConnect:SIM Stop
INFO:SimConnect.SimConnect:SIM START
INFO:SimConnect.SimConnect:SIM Stop
INFO:SimConnect.SimConnect:SIM START
INFO:SimConnect.SimConnect:SIM Unpaused
INFO:root:1722526569.560418,ID:0,STAGE:1,SEQUENCE:0,DATA:{'time': 1722526569.552, 'user-id': 'none', 'source': 'HAI Interface', 'destination-index': 3, 'study-stage': -1, 'decision-state': 0, 'vitals-state': 0, 'airspace-state': 0, 'data': {'page': 'index', 'action': 'opened page'}}
INFO:root:1722526570.520854,ID:0,STAGE:1,SEQUENCE:0,DATA:{'time': 1722526570.516, 'user-id': '0', 'source': 'HAI Interface', 'destination-index': 'None', 'study-stage': 1, 'decision-state': 0, 'vitals-state': 0, 'airspace-state': 0, 'data': {'page': 'map', 'action': 'selected helipad', 'value': '21'}}
INFO:root:1722526572.853402,ID:0,STAGE:1,SEQUENCE:0,DATA:{'time': 1722526572.845, 'source': 'VitalsTask', 'timer': 0.003, 'data': {'sensor': 'Heart Rate', 'action': 'opened sensor tab'}}
INFO:root:1722526572.855396,ID:0,STAGE:1,SEQUENCE:0,DATA:{'time': 1722526572.846, 'source': 'VitalsTask', 'timer': 0.004, 'data': {'sensor': 'Heart Rate', 'action': 'keypad open'}}
INFO:root:1722526572.857057,ID:0,STAGE:1,SEQUENCE:0,DATA:{'time': 1722526572.846, 'source': 'VitalsTask', 'timer': 0.004, 'data': {'sensor': 'Heart Rate', 'action': 'show action buttons'}}
