INFO:root:1720907612.707159,ID:1001,STAGE:4,SEQUENCE:1234,DATA:{'time': 1720907612.704, 'user-id': '1001', 'source': 'HAI Interface', 'destination-index': 'None', 'study-stage': '4', 'decision-state': 0, 'vitals-state': 0, 'airspace-state': 0, 'data': {'page': 'index', 'action': 'confirm button pressed'}}
INFO:root:1720907612.826544,ID:1001,STAGE:4,SEQUENCE:1234,DATA:{'time': 1720907612.811, 'user-id': 'none', 'source': 'HAI Interface', 'destination-index': 3, 'study-stage': -1, 'decision-state': 0, 'vitals-state': 0, 'airspace-state': 0, 'data': {'page': 'location', 'action': 'opened page'}}
INFO:root:Takeoff radiocomms initiated
INFO:root:1720907613.781097,ID:1001,STAGE:4,SEQUENCE:1234,DATA:{'time': 1720907613.776, 'user-id': '1001', 'source': 'HAI Interface', 'destination-index': 'None', 'study-stage': '4', 'decision-state': 0, 'vitals-state': 0, 'airspace-state': 0, 'data': {'page': 'map', 'action': 'selected helipad', 'value': '21'}}
INFO:root:1720907615.933361,ID:1001,STAGE:4,SEQUENCE:1234,DATA:{'time': 1720907615.931, 'user-id': '1001', 'source': 'HAI Interface', 'destination-index': 'None', 'study-stage': '4', 'decision-state': 0, 'vitals-state': 0, 'airspace-state': 0, 'data': {'page': 'location', 'action': 'confirm button pressed'}}
INFO:root:1720907616.165987,ID:1001,STAGE:4,SEQUENCE:1234,DATA:{'time': 1720907616.158, 'user-id': 'none', 'source': 'HAI Interface', 'destination-index': 3, 'study-stage': -1, 'decision-state': 0, 'vitals-state': 0, 'airspace-state': 0, 'data': {'page': 'checklist', 'action': 'opened page', 'inflight': False}}
INFO:root:1720907617.131731,ID:1001,STAGE:4,SEQUENCE:1234,DATA:{'time': 1720907617.126, 'user-id': '1001', 'source': 'HAI Interface', 'destination-index': '3', 'study-stage': '4', 'decision-state': 0, 'vitals-state': 0, 'airspace-state': 0, 'data': {'page': 'map', 'action': 'selected helipad', 'value': '21'}}
INFO:root:1720907617.237769,ID:1001,STAGE:4,SEQUENCE:1234,DATA:{'time': 1720907617.236, 'user-id': '1001', 'source': 'HAI Interface', 'destination-index': '3', 'study-stage': '4', 'decision-state': 0, 'vitals-state': 0, 'airspace-state': 0, 'data': {'page': 'checklist', 'action': 'toggled checkbox', 'inflight': False, 'item': 1, 'value': 'OFF'}}
INFO:root:1720907617.786602,ID:1001,STAGE:4,SEQUENCE:1234,DATA:{'time': 1720907617.784, 'user-id': '1001', 'source': 'HAI Interface', 'destination-index': '3', 'study-stage': '4', 'decision-state': 0, 'vitals-state': 0, 'airspace-state': 0, 'data': {'page': 'checklist', 'action': 'toggled checkbox', 'inflight': False, 'item': 0, 'value': 'OFF'}}
INFO:root:1720907618.298338,ID:1001,STAGE:4,SEQUENCE:1234,DATA:{'time': 1720907618.296, 'user-id': '1001', 'source': 'HAI Interface', 'destination-index': '3', 'study-stage': '4', 'decision-state': 0, 'vitals-state': 0, 'airspace-state': 0, 'data': {'page': 'checklist', 'action': 'toggled checkbox', 'inflight': False, 'item': 2, 'value': 'OFF'}}
INFO:root:1720907618.300333,ID:1001,STAGE:4,SEQUENCE:1234,DATA:{'time': 1720907618.296, 'user-id': '1001', 'source': 'HAI Interface', 'destination-index': '3', 'study-stage': '4', 'decision-state': 0, 'vitals-state': 0, 'airspace-state': 0, 'data': {'page': 'checklist', 'action': 'showing confirm button', 'inflight': False}}
INFO:root:1720907618.705362,ID:1001,STAGE:4,SEQUENCE:1234,DATA:{'time': 1720907618.703, 'user-id': '1001', 'source': 'HAI Interface', 'destination-index': '3', 'study-stage': '4', 'decision-state': 0, 'vitals-state': 0, 'airspace-state': 0, 'data': {'page': 'checklist', 'action': 'confirm button clicked', 'inflight': False}}
INFO:root:1720907618.819223,ID:1001,STAGE:4,SEQUENCE:1234,DATA:{'time': 1720907618.802, 'user-id': 'none', 'source': 'HAI Interface', 'destination-index': 3, 'study-stage': -1, 'decision-state': 0, 'vitals-state': 0, 'airspace-state': 0, 'data': {'page': 'countdown', 'action': 'opened page'}}
INFO:root:1720907619.784071,ID:1001,STAGE:4,SEQUENCE:1234,DATA:{'time': 1720907619.778, 'user-id': '1001', 'source': 'HAI Interface', 'destination-index': '3', 'study-stage': '4', 'decision-state': 0, 'vitals-state': 0, 'airspace-state': 0, 'data': {'page': 'map', 'action': 'selected helipad', 'value': '21'}}
INFO:root:1720907619.813457,ID:1001,STAGE:4,SEQUENCE:1234,DATA:{'time': 1720907619.81, 'user-id': '1001', 'source': 'HAI Interface', 'destination-index': '3', 'study-stage': '4', 'decision-state': 0, 'vitals-state': 0, 'airspace-state': 0, 'data': {'page': 'countdown', 'action': 'countdown now 4'}}
INFO:root:1720907620.813733,ID:1001,STAGE:4,SEQUENCE:1234,DATA:{'time': 1720907620.81, 'user-id': '1001', 'source': 'HAI Interface', 'destination-index': '3', 'study-stage': '4', 'decision-state': 0, 'vitals-state': 0, 'airspace-state': 0, 'data': {'page': 'countdown', 'action': 'countdown now 3'}}
INFO:root:1720907621.813115,ID:1001,STAGE:4,SEQUENCE:1234,DATA:{'time': 1720907621.809, 'user-id': '1001', 'source': 'HAI Interface', 'destination-index': '3', 'study-stage': '4', 'decision-state': 0, 'vitals-state': 0, 'airspace-state': 0, 'data': {'page': 'countdown', 'action': 'countdown now 2'}}
INFO:root:1720907622.814552,ID:1001,STAGE:4,SEQUENCE:1234,DATA:{'time': 1720907622.81, 'user-id': '1001', 'source': 'HAI Interface', 'destination-index': '3', 'study-stage': '4', 'decision-state': 0, 'vitals-state': 0, 'airspace-state': 0, 'data': {'page': 'countdown', 'action': 'countdown now 1'}}
INFO:root:1720907623.813361,ID:1001,STAGE:4,SEQUENCE:1234,DATA:{'time': 1720907623.81, 'user-id': '1001', 'source': 'HAI Interface', 'destination-index': '3', 'study-stage': '4', 'decision-state': 0, 'vitals-state': 0, 'airspace-state': 0, 'data': {'page': 'countdown', 'action': 'countdown now 0'}}
INFO:root:1720907624.814489,ID:1001,STAGE:4,SEQUENCE:1234,DATA:{'time': 1720907624.81, 'user-id': '1001', 'source': 'HAI Interface', 'destination-index': '3', 'study-stage': '4', 'decision-state': 0, 'vitals-state': 0, 'airspace-state': 0, 'data': {'page': 'countdown', 'action': 'countdown complete'}}
INFO:root:1720907626.096024,ID:1001,STAGE:4,SEQUENCE:1234,DATA:{'time': 1720907626.091, 'user-id': '1001', 'source': 'HAI Interface', 'destination-index': '3', 'study-stage': '4', 'decision-state': 0, 'vitals-state': 0, 'airspace-state': 0, 'data': {'page': 'map', 'action': 'selected helipad', 'value': '21'}}
INFO:root:1720907630.30986,ID:1001,STAGE:4,SEQUENCE:1234,DATA:{'time': 1720907630.304, 'user-id': '1001', 'source': 'HAI Interface', 'destination-index': '3', 'study-stage': '4', 'decision-state': 0, 'vitals-state': 0, 'airspace-state': 0, 'data': {'page': 'emergency', 'action': 'trying to change destination to100'}}
INFO:root:Takeoff radiocomms clear request sent
INFO:root:1720907635.189127,ID:1001,STAGE:4,SEQUENCE:1234,DATA:{'time': 1720907635.179, 'user-id': '1001', 'source': 'HAI Interface', 'destination-index': '3', 'study-stage': '4', 'decision-state': 0, 'vitals-state': 0, 'airspace-state': 0, 'data': {'action': 'radio panel opened'}}
INFO:root:1720907635.34165,ID:1001,STAGE:4,SEQUENCE:1234,DATA:{'time': 1720907635.337, 'user-id': '1001', 'source': 'HAI Interface', 'destination-index': '3', 'study-stage': '4', 'decision-state': 0, 'vitals-state': 0, 'airspace-state': 0, 'data': {'page': 'emergency', 'action': 'trying to change destination to19'}}
INFO:root:Inflight Radio Update asked
INFO:root:1720907639.482747,ID:1001,STAGE:4,SEQUENCE:1234,DATA:{'time': 1720907639.473, 'user-id': '1001', 'source': 'HAI Interface', 'destination-index': '3', 'study-stage': '4', 'decision-state': 0, 'vitals-state': 0, 'airspace-state': 0, 'data': {'action': 'transmit button pressed'}}
INFO:root:1720907639.483752,ID:1001,STAGE:4,SEQUENCE:1234,DATA:{'time': 1720907639.474, 'user-id': '1001', 'source': 'HAI Interface', 'destination-index': '3', 'study-stage': '4', 'decision-state': 0, 'vitals-state': 0, 'airspace-state': 0, 'data': {'action': 'callsign set to: + NASXGS'}}
INFO:root:1720907639.484749,ID:1001,STAGE:4,SEQUENCE:1234,DATA:{'time': 1720907639.474, 'user-id': '1001', 'source': 'HAI Interface', 'destination-index': '3', 'study-stage': '4', 'decision-state': 0, 'vitals-state': 0, 'airspace-state': 0, 'data': {'page': 'map', 'action': 'show map'}}
INFO:root:1720907639.485747,ID:1001,STAGE:4,SEQUENCE:1234,DATA:{'time': 1720907639.474, 'user-id': '1001', 'source': 'HAI Interface', 'destination-index': '3', 'study-stage': '4', 'decision-state': 0, 'vitals-state': 0, 'airspace-state': 0, 'data': {'action': 'radio set to:Comm1'}}
INFO:root:1720907639.491244,ID:1001,STAGE:4,SEQUENCE:1234,DATA:{'time': 1720907639.475, 'user-id': '1001', 'source': 'HAI Interface', 'destination-index': '3', 'study-stage': '4', 'decision-state': 0, 'vitals-state': 0, 'airspace-state': 0, 'data': {'page': 'map', 'action': 'selected helipad', 'value': '21'}}
INFO:root:1720907639.494237,ID:1001,STAGE:4,SEQUENCE:1234,DATA:{'time': 1720907639.479, 'user-id': '1001', 'source': 'HAI Interface', 'destination-index': '3', 'study-stage': '4', 'decision-state': 0, 'vitals-state': 0, 'airspace-state': 0, 'data': {'action': 'NASXGStransmitting updates onComm1123.45 MHz'}}
INFO:root:1720907640.297828,ID:1001,STAGE:4,SEQUENCE:1234,DATA:{'time': 1720907640.29, 'user-id': '1001', 'source': 'HAI Interface', 'destination-index': '3', 'study-stage': '4', 'decision-state': 0, 'vitals-state': 0, 'airspace-state': 0, 'data': {'page': 'emergency', 'action': 'trying to change destination to19'}}
INFO:root:1720907645.271274,ID:1001,STAGE:4,SEQUENCE:1234,DATA:{'time': 1720907645.267, 'user-id': '1001', 'source': 'HAI Interface', 'destination-index': '3', 'study-stage': '4', 'decision-state': 0, 'vitals-state': 0, 'airspace-state': 0, 'data': {'page': 'emergency', 'action': 'trying to change destination to19'}}
INFO:root:1720907650.244643,ID:1001,STAGE:4,SEQUENCE:1234,DATA:{'time': 1720907650.24, 'user-id': '1001', 'source': 'HAI Interface', 'destination-index': '3', 'study-stage': '4', 'decision-state': 0, 'vitals-state': 0, 'airspace-state': 0, 'data': {'page': 'emergency', 'action': 'trying to change destination to19'}}
INFO:root:1720907650.734994,ID:1001,STAGE:4,SEQUENCE:1234,DATA:{'time': 1720907650.731, 'user-id': '1001', 'source': 'HAI Interface', 'destination-index': '3', 'study-stage': '4', 'decision-state': 0, 'vitals-state': 0, 'airspace-state': 0, 'data': {'page': 'map', 'action': 'hide map'}}
INFO:root:1720907655.256332,ID:1001,STAGE:4,SEQUENCE:1234,DATA:{'time': 1720907655.25, 'user-id': '1001', 'source': 'HAI Interface', 'destination-index': '3', 'study-stage': '4', 'decision-state': 0, 'vitals-state': 0, 'airspace-state': 0, 'data': {'page': 'emergency', 'action': 'trying to change destination to19'}}
INFO:root:1720907660.279781,ID:1001,STAGE:4,SEQUENCE:1234,DATA:{'time': 1720907660.273, 'user-id': '1001', 'source': 'HAI Interface', 'destination-index': '3', 'study-stage': '4', 'decision-state': 0, 'vitals-state': 0, 'airspace-state': 0, 'data': {'page': 'emergency', 'action': 'trying to change destination to19'}}
INFO:root:1720907665.233355,ID:1001,STAGE:4,SEQUENCE:1234,DATA:{'time': 1720907665.229, 'user-id': '1001', 'source': 'HAI Interface', 'destination-index': '3', 'study-stage': '4', 'decision-state': 0, 'vitals-state': 0, 'airspace-state': 0, 'data': {'page': 'emergency', 'action': 'trying to change destination to19'}}
INFO:root:1720907670.255662,ID:1001,STAGE:4,SEQUENCE:1234,DATA:{'time': 1720907670.251, 'user-id': '1001', 'source': 'HAI Interface', 'destination-index': '3', 'study-stage': '4', 'decision-state': 0, 'vitals-state': 0, 'airspace-state': 0, 'data': {'page': 'emergency', 'action': 'trying to change destination to19'}}
INFO:root:1720907675.238248,ID:1001,STAGE:4,SEQUENCE:1234,DATA:{'time': 1720907675.232, 'user-id': '1001', 'source': 'HAI Interface', 'destination-index': '3', 'study-stage': '4', 'decision-state': 0, 'vitals-state': 0, 'airspace-state': 0, 'data': {'page': 'emergency', 'action': 'trying to change destination to19'}}
INFO:root:1720907680.250832,ID:1001,STAGE:4,SEQUENCE:1234,DATA:{'time': 1720907680.246, 'user-id': '1001', 'source': 'HAI Interface', 'destination-index': '3', 'study-stage': '4', 'decision-state': 0, 'vitals-state': 0, 'airspace-state': 0, 'data': {'page': 'emergency', 'action': 'trying to change destination to19'}}
INFO:root:1720907684.499249,ID:1001,STAGE:4,SEQUENCE:1234,DATA:{'time': 1720907684.493, 'user-id': '1001', 'source': 'HAI Interface', 'destination-index': '3', 'study-stage': '4', 'decision-state': 0, 'vitals-state': 0, 'airspace-state': 0, 'data': {'page': 'inflight', 'action': 'displaying vitals prompt'}}
INFO:root:1720907685.248173,ID:1001,STAGE:4,SEQUENCE:1234,DATA:{'time': 1720907685.241, 'user-id': '1001', 'source': 'HAI Interface', 'destination-index': '3', 'study-stage': '4', 'decision-state': 0, 'vitals-state': 0, 'airspace-state': 0, 'data': {'page': 'emergency', 'action': 'trying to change destination to19'}}
INFO:root:1720907686.435781,ID:1001,STAGE:4,SEQUENCE:1234,DATA:{'time': 1720907686.439, 'source': 'VitalsTask', 'timer': 97.642, 'data': {'sensor': 'Heart Rate', 'action': 'capture', 'data': 'action button pressed'}}
INFO:root:1720907686.437663,ID:1001,STAGE:4,SEQUENCE:1234,DATA:{'time': 1720907686.44, 'source': 'VitalsTask', 'timer': 97.643, 'data': {'sensor': 'Heart Rate', 'action': 'capture', 'data': 'starting sensor action'}}
INFO:root:1720907687.445122,ID:1001,STAGE:4,SEQUENCE:1234,DATA:{'time': 1720907687.45, 'source': 'VitalsTask', 'timer': 98.653, 'data': {'sensor': 'Heart Rate', 'action': 'capture', 'data': 'sensor action complete'}}
INFO:root:1720907687.4477,ID:1001,STAGE:4,SEQUENCE:1234,DATA:{'time': 1720907687.45, 'source': 'VitalsTask', 'timer': 98.653, 'data': {'sensor': 'Heart Rate', 'action': 'keypad open'}}
INFO:root:1720907688.554251,ID:1001,STAGE:4,SEQUENCE:1234,DATA:{'time': 1720907688.559, 'source': 'VitalsTask', 'timer': 99.762, 'data': {'sensor': 'Heart Rate', 'action': 'keypad press', 'key': 5, 'value': 5}}
INFO:root:1720907688.869708,ID:1001,STAGE:4,SEQUENCE:1234,DATA:{'time': 1720907688.875, 'source': 'VitalsTask', 'timer': 100.078, 'data': {'sensor': 'Heart Rate', 'action': 'keypad press', 'key': 5, 'value': 55}}
INFO:root:1720907689.965435,ID:1001,STAGE:4,SEQUENCE:1234,DATA:{'time': 1720907689.971, 'source': 'VitalsTask', 'timer': 101.174, 'data': {'sensor': 'Heart Rate', 'action': 'show action buttons'}}
INFO:root:1720907689.96699,ID:1001,STAGE:4,SEQUENCE:1234,DATA:{'time': 1720907689.972, 'source': 'VitalsTask', 'timer': 101.175, 'data': {'sensor': 'Heart Rate', 'action': 'keypad press', 'key': 10, 'value': 55}}
INFO:root:1720907690.248295,ID:1001,STAGE:4,SEQUENCE:1234,DATA:{'time': 1720907690.241, 'user-id': '1001', 'source': 'HAI Interface', 'destination-index': '3', 'study-stage': '4', 'decision-state': 0, 'vitals-state': 0, 'airspace-state': 0, 'data': {'page': 'emergency', 'action': 'trying to change destination to19'}}
INFO:root:1720907691.211293,ID:1001,STAGE:4,SEQUENCE:1234,DATA:{'time': 1720907691.216, 'source': 'VitalsTask', 'timer': 102.419, 'data': {'sensor': 'Heart Rate', 'action': 'log', 'data': 'action button pressed'}}
INFO:root:1720907691.216303,ID:1001,STAGE:4,SEQUENCE:1234,DATA:{'time': 1720907691.216, 'source': 'VitalsTask', 'timer': 102.419, 'data': {'sensor': 'Heart Rate', 'action': 'log', 'data': 'starting sensor action'}}
INFO:root:1720907692.226016,ID:1001,STAGE:4,SEQUENCE:1234,DATA:{'time': 1720907692.231, 'source': 'VitalsTask', 'timer': 103.434, 'data': {'sensor': 'Heart Rate', 'action': 'log', 'data': 'sensor action complete'}}
INFO:root:1720907692.968868,ID:1001,STAGE:4,SEQUENCE:1234,DATA:{'time': 1720907692.974, 'source': 'VitalsTask', 'timer': 104.177, 'data': {'sensor': 'Heart Rate', 'action': 'save', 'data': 'action button pressed'}}
INFO:root:1720907692.969871,ID:1001,STAGE:4,SEQUENCE:1234,DATA:{'time': 1720907692.974, 'source': 'VitalsTask', 'timer': 104.177, 'data': {'sensor': 'Heart Rate', 'action': 'save', 'data': 'starting sensor action'}}
INFO:root:1720907693.981227,ID:1001,STAGE:4,SEQUENCE:1234,DATA:{'time': 1720907693.987, 'source': 'VitalsTask', 'timer': 105.19, 'data': {'sensor': 'Heart Rate', 'action': 'save', 'data': 'sensor action complete'}}
INFO:root:1720907694.328711,ID:1001,STAGE:4,SEQUENCE:1234,DATA:{'time': 1720907694.333, 'source': 'VitalsTask', 'timer': 105.536, 'data': {'sensor': 'O\u2082 Saturation', 'action': 'opened sensor tab'}}
INFO:root:1720907695.290218,ID:1001,STAGE:4,SEQUENCE:1234,DATA:{'time': 1720907695.285, 'user-id': '1001', 'source': 'HAI Interface', 'destination-index': '3', 'study-stage': '4', 'decision-state': 0, 'vitals-state': 0, 'airspace-state': 0, 'data': {'page': 'emergency', 'action': 'trying to change destination to19'}}
INFO:root:1720907695.519782,ID:1001,STAGE:4,SEQUENCE:1234,DATA:{'time': 1720907695.525, 'source': 'VitalsTask', 'timer': 106.728, 'data': {'sensor': 'O\u2082 Saturation', 'action': 'capture', 'data': 'action button pressed'}}
INFO:root:1720907695.521776,ID:1001,STAGE:4,SEQUENCE:1234,DATA:{'time': 1720907695.525, 'source': 'VitalsTask', 'timer': 106.728, 'data': {'sensor': 'O\u2082 Saturation', 'action': 'capture', 'data': 'starting sensor action'}}
INFO:root:1720907696.539468,ID:1001,STAGE:4,SEQUENCE:1234,DATA:{'time': 1720907696.545, 'source': 'VitalsTask', 'timer': 107.748, 'data': {'sensor': 'O\u2082 Saturation', 'action': 'capture', 'data': 'sensor action complete'}}
INFO:root:1720907696.540469,ID:1001,STAGE:4,SEQUENCE:1234,DATA:{'time': 1720907696.545, 'source': 'VitalsTask', 'timer': 107.748, 'data': {'sensor': 'O\u2082 Saturation', 'action': 'keypad open'}}
INFO:root:1720907697.311366,ID:1001,STAGE:4,SEQUENCE:1234,DATA:{'time': 1720907697.316, 'source': 'VitalsTask', 'timer': 108.519, 'data': {'sensor': 'O\u2082 Saturation', 'action': 'keypad press', 'key': 1, 'value': 1}}
INFO:root:1720907698.653477,ID:1001,STAGE:4,SEQUENCE:1234,DATA:{'time': 1720907698.657, 'source': 'VitalsTask', 'timer': 109.86, 'data': {'sensor': 'O\u2082 Saturation', 'action': 'keypad press', 'key': 11, 'value': 10}}
INFO:root:1720907698.901209,ID:1001,STAGE:4,SEQUENCE:1234,DATA:{'time': 1720907698.907, 'source': 'VitalsTask', 'timer': 110.11, 'data': {'sensor': 'O\u2082 Saturation', 'action': 'keypad press', 'key': 11, 'value': 100}}
INFO:root:1720907699.675271,ID:1001,STAGE:4,SEQUENCE:1234,DATA:{'time': 1720907699.681, 'source': 'VitalsTask', 'timer': 110.884, 'data': {'sensor': 'O\u2082 Saturation', 'action': 'show action buttons'}}
INFO:root:1720907699.677413,ID:1001,STAGE:4,SEQUENCE:1234,DATA:{'time': 1720907699.682, 'source': 'VitalsTask', 'timer': 110.885, 'data': {'sensor': 'O\u2082 Saturation', 'action': 'keypad press', 'key': 10, 'value': 100}}
INFO:root:1720907700.282662,ID:1001,STAGE:4,SEQUENCE:1234,DATA:{'time': 1720907700.278, 'user-id': '1001', 'source': 'HAI Interface', 'destination-index': '3', 'study-stage': '4', 'decision-state': 0, 'vitals-state': 0, 'airspace-state': 0, 'data': {'page': 'emergency', 'action': 'trying to change destination to19'}}
INFO:root:1720907700.756974,ID:1001,STAGE:4,SEQUENCE:1234,DATA:{'time': 1720907700.762, 'source': 'VitalsTask', 'timer': 111.965, 'data': {'sensor': 'O\u2082 Saturation', 'action': 'log', 'data': 'action button pressed'}}
INFO:root:1720907700.762486,ID:1001,STAGE:4,SEQUENCE:1234,DATA:{'time': 1720907700.762, 'source': 'VitalsTask', 'timer': 111.965, 'data': {'sensor': 'O\u2082 Saturation', 'action': 'log', 'data': 'starting sensor action'}}
INFO:root:1720907701.77543,ID:1001,STAGE:4,SEQUENCE:1234,DATA:{'time': 1720907701.782, 'source': 'VitalsTask', 'timer': 112.985, 'data': {'sensor': 'O\u2082 Saturation', 'action': 'log', 'data': 'sensor action complete'}}
INFO:root:1720907702.032172,ID:1001,STAGE:4,SEQUENCE:1234,DATA:{'time': 1720907702.037, 'source': 'VitalsTask', 'timer': 113.24, 'data': {'sensor': 'O\u2082 Saturation', 'action': 'save', 'data': 'action button pressed'}}
INFO:root:1720907702.033968,ID:1001,STAGE:4,SEQUENCE:1234,DATA:{'time': 1720907702.037, 'source': 'VitalsTask', 'timer': 113.24, 'data': {'sensor': 'O\u2082 Saturation', 'action': 'save', 'data': 'starting sensor action'}}
INFO:root:1720907703.047464,ID:1001,STAGE:4,SEQUENCE:1234,DATA:{'time': 1720907703.052, 'source': 'VitalsTask', 'timer': 114.255, 'data': {'sensor': 'O\u2082 Saturation', 'action': 'save', 'data': 'sensor action complete'}}
INFO:root:1720907703.474394,ID:1001,STAGE:4,SEQUENCE:1234,DATA:{'time': 1720907703.48, 'source': 'VitalsTask', 'timer': 114.683, 'data': {'sensor': 'Blood Pressure', 'action': 'opened sensor tab'}}
INFO:root:1720907704.764243,ID:1001,STAGE:4,SEQUENCE:1234,DATA:{'time': 1720907704.769, 'source': 'VitalsTask', 'timer': 115.972, 'data': {'sensor': 'Blood Pressure', 'action': 'capture', 'data': 'action button pressed'}}
INFO:root:1720907704.766779,ID:1001,STAGE:4,SEQUENCE:1234,DATA:{'time': 1720907704.77, 'source': 'VitalsTask', 'timer': 115.973, 'data': {'sensor': 'Blood Pressure', 'action': 'capture', 'data': 'starting sensor action'}}
INFO:root:1720907705.258349,ID:1001,STAGE:4,SEQUENCE:1234,DATA:{'time': 1720907705.251, 'user-id': '1001', 'source': 'HAI Interface', 'destination-index': '3', 'study-stage': '4', 'decision-state': 0, 'vitals-state': 0, 'airspace-state': 0, 'data': {'page': 'emergency', 'action': 'trying to change destination to19'}}
INFO:root:1720907705.783366,ID:1001,STAGE:4,SEQUENCE:1234,DATA:{'time': 1720907705.788, 'source': 'VitalsTask', 'timer': 116.991, 'data': {'sensor': 'Blood Pressure', 'action': 'capture', 'data': 'sensor action complete'}}
INFO:root:1720907705.784363,ID:1001,STAGE:4,SEQUENCE:1234,DATA:{'time': 1720907705.789, 'source': 'VitalsTask', 'timer': 116.992, 'data': {'sensor': 'Blood Pressure', 'action': 'keypad open'}}
INFO:root:1720907706.53625,ID:1001,STAGE:4,SEQUENCE:1234,DATA:{'time': 1720907706.541, 'source': 'VitalsTask', 'timer': 117.744, 'data': {'sensor': 'Blood Pressure', 'action': 'keypad press', 'key': 1, 'value': 1}}
INFO:root:1720907707.091944,ID:1001,STAGE:4,SEQUENCE:1234,DATA:{'time': 1720907707.097, 'source': 'VitalsTask', 'timer': 118.3, 'data': {'sensor': 'Blood Pressure', 'action': 'keypad press', 'key': 2, 'value': 12}}
INFO:root:1720907708.158421,ID:1001,STAGE:4,SEQUENCE:1234,DATA:{'time': 1720907708.163, 'source': 'VitalsTask', 'timer': 119.366, 'data': {'sensor': 'Blood Pressure', 'action': 'keypad press', 'key': 11, 'value': 120}}
INFO:root:1720907708.697053,ID:1001,STAGE:4,SEQUENCE:1234,DATA:{'time': 1720907708.703, 'source': 'VitalsTask', 'timer': 119.906, 'data': {'sensor': 'Blood Pressure', 'action': 'keypad press', 'key': 8, 'value': 1208}}
INFO:root:1720907709.345184,ID:1001,STAGE:4,SEQUENCE:1234,DATA:{'time': 1720907709.35, 'source': 'VitalsTask', 'timer': 120.553, 'data': {'sensor': 'Blood Pressure', 'action': 'keypad press', 'key': 11, 'value': 12080}}
INFO:root:1720907710.002353,ID:1001,STAGE:4,SEQUENCE:1234,DATA:{'time': 1720907710.005, 'source': 'VitalsTask', 'timer': 121.208, 'data': {'sensor': 'Blood Pressure', 'action': 'show action buttons'}}
INFO:root:1720907710.003599,ID:1001,STAGE:4,SEQUENCE:1234,DATA:{'time': 1720907710.005, 'source': 'VitalsTask', 'timer': 121.208, 'data': {'sensor': 'Blood Pressure', 'action': 'keypad press', 'key': 10, 'value': 12080}}
INFO:root:1720907710.249557,ID:1001,STAGE:4,SEQUENCE:1234,DATA:{'time': 1720907710.245, 'user-id': '1001', 'source': 'HAI Interface', 'destination-index': '3', 'study-stage': '4', 'decision-state': 0, 'vitals-state': 0, 'airspace-state': 0, 'data': {'page': 'emergency', 'action': 'trying to change destination to19'}}
INFO:root:1720907711.24889,ID:1001,STAGE:4,SEQUENCE:1234,DATA:{'time': 1720907711.251, 'source': 'VitalsTask', 'timer': 122.454, 'data': {'sensor': 'Blood Pressure', 'action': 'log', 'data': 'action button pressed'}}
INFO:root:1720907711.250882,ID:1001,STAGE:4,SEQUENCE:1234,DATA:{'time': 1720907711.251, 'source': 'VitalsTask', 'timer': 122.454, 'data': {'sensor': 'Blood Pressure', 'action': 'log', 'data': 'starting sensor action'}}
INFO:root:1720907712.259746,ID:1001,STAGE:4,SEQUENCE:1234,DATA:{'time': 1720907712.265, 'source': 'VitalsTask', 'timer': 123.468, 'data': {'sensor': 'Blood Pressure', 'action': 'log', 'data': 'sensor action complete'}}
INFO:root:1720907712.673872,ID:1001,STAGE:4,SEQUENCE:1234,DATA:{'time': 1720907712.679, 'source': 'VitalsTask', 'timer': 123.882, 'data': {'sensor': 'Blood Pressure', 'action': 'save', 'data': 'action button pressed'}}
INFO:root:1720907712.675875,ID:1001,STAGE:4,SEQUENCE:1234,DATA:{'time': 1720907712.68, 'source': 'VitalsTask', 'timer': 123.883, 'data': {'sensor': 'Blood Pressure', 'action': 'save', 'data': 'starting sensor action'}}
INFO:root:1720907713.687341,ID:1001,STAGE:4,SEQUENCE:1234,DATA:{'time': 1720907713.693, 'source': 'VitalsTask', 'timer': 124.896, 'data': {'sensor': 'Blood Pressure', 'action': 'save', 'data': 'sensor action complete'}}
INFO:root:1720907714.513048,ID:1001,STAGE:4,SEQUENCE:1234,DATA:{'time': 1720907714.517, 'source': 'VitalsTask', 'timer': 125.72, 'data': {'sensor': 'submit', 'action': 'submit'}}
INFO:root:1720907714.514046,ID:1001,STAGE:4,SEQUENCE:1234,DATA:{'time': 1720907714.518, 'source': 'VitalsTask', 'timer': 125.721, 'data': {'sensor': 'submit', 'action': 'submit', 'data': 'submit succeeded'}}
INFO:root:1720907715.276053,ID:1001,STAGE:4,SEQUENCE:1234,DATA:{'time': 1720907715.271, 'user-id': '1001', 'source': 'HAI Interface', 'destination-index': '3', 'study-stage': '4', 'decision-state': 0, 'vitals-state': 0, 'airspace-state': 0, 'data': {'page': 'emergency', 'action': 'trying to change destination to19'}}
INFO:root:1720907715.460234,ID:1001,STAGE:4,SEQUENCE:1234,DATA:{'time': 1720907715.456, 'user-id': '1001', 'source': 'HAI Interface', 'destination-index': '3', 'study-stage': '4', 'decision-state': 0, 'vitals-state': 0, 'airspace-state': 0, 'data': {'page': 'inflight', 'action': 'user acknowledged vitals prompt'}}
INFO:root:1720907720.264152,ID:1001,STAGE:4,SEQUENCE:1234,DATA:{'time': 1720907720.254, 'user-id': '1001', 'source': 'HAI Interface', 'destination-index': '3', 'study-stage': '4', 'decision-state': 0, 'vitals-state': 0, 'airspace-state': 0, 'data': {'page': 'emergency', 'action': 'trying to change destination to19'}}
INFO:root:1720907725.283063,ID:1001,STAGE:4,SEQUENCE:1234,DATA:{'time': 1720907725.278, 'user-id': '1001', 'source': 'HAI Interface', 'destination-index': '3', 'study-stage': '4', 'decision-state': 0, 'vitals-state': 0, 'airspace-state': 0, 'data': {'page': 'emergency', 'action': 'trying to change destination to19'}}
INFO:root:1720907730.292519,ID:1001,STAGE:4,SEQUENCE:1234,DATA:{'time': 1720907730.287, 'user-id': '1001', 'source': 'HAI Interface', 'destination-index': '3', 'study-stage': '4', 'decision-state': 0, 'vitals-state': 0, 'airspace-state': 0, 'data': {'page': 'emergency', 'action': 'trying to change destination to19'}}
INFO:root:1720907735.307198,ID:1001,STAGE:4,SEQUENCE:1234,DATA:{'time': 1720907735.302, 'user-id': '1001', 'source': 'HAI Interface', 'destination-index': '3', 'study-stage': '4', 'decision-state': 0, 'vitals-state': 0, 'airspace-state': 0, 'data': {'page': 'emergency', 'action': 'trying to change destination to19'}}
INFO:root:Inflight Radio Update asked
INFO:root:1720907737.842842,ID:1001,STAGE:4,SEQUENCE:1234,DATA:{'time': 1720907737.835, 'user-id': '1001', 'source': 'HAI Interface', 'destination-index': '3', 'study-stage': '4', 'decision-state': 0, 'vitals-state': 0, 'airspace-state': 0, 'data': {'action': 'transmit button pressed'}}
INFO:root:1720907737.84435,ID:1001,STAGE:4,SEQUENCE:1234,DATA:{'time': 1720907737.835, 'user-id': '1001', 'source': 'HAI Interface', 'destination-index': '3', 'study-stage': '4', 'decision-state': 0, 'vitals-state': 0, 'airspace-state': 0, 'data': {'action': 'callsign set to: + NASXGS'}}
INFO:root:1720907737.845354,ID:1001,STAGE:4,SEQUENCE:1234,DATA:{'time': 1720907737.836, 'user-id': '1001', 'source': 'HAI Interface', 'destination-index': '3', 'study-stage': '4', 'decision-state': 0, 'vitals-state': 0, 'airspace-state': 0, 'data': {'action': 'radio set to:Comm1'}}
INFO:root:1720907737.846351,ID:1001,STAGE:4,SEQUENCE:1234,DATA:{'time': 1720907737.836, 'user-id': '1001', 'source': 'HAI Interface', 'destination-index': '3', 'study-stage': '4', 'decision-state': 0, 'vitals-state': 0, 'airspace-state': 0, 'data': {'page': 'map', 'action': 'show map'}}
INFO:root:1720907737.854349,ID:1001,STAGE:4,SEQUENCE:1234,DATA:{'time': 1720907737.836, 'user-id': '1001', 'source': 'HAI Interface', 'destination-index': '3', 'study-stage': '4', 'decision-state': 0, 'vitals-state': 0, 'airspace-state': 0, 'data': {'page': 'map', 'action': 'selected helipad', 'value': '21'}}
INFO:root:1720907737.866322,ID:1001,STAGE:4,SEQUENCE:1234,DATA:{'time': 1720907737.842, 'user-id': '1001', 'source': 'HAI Interface', 'destination-index': '3', 'study-stage': '4', 'decision-state': 0, 'vitals-state': 0, 'airspace-state': 0, 'data': {'action': 'NASXGStransmitting updates onComm1123.45 MHz'}}
INFO:root:1720907740.329509,ID:1001,STAGE:4,SEQUENCE:1234,DATA:{'time': 1720907740.323, 'user-id': '1001', 'source': 'HAI Interface', 'destination-index': '3', 'study-stage': '4', 'decision-state': 0, 'vitals-state': 0, 'airspace-state': 0, 'data': {'page': 'emergency', 'action': 'trying to change destination to19'}}
INFO:root:1720907745.297135,ID:1001,STAGE:4,SEQUENCE:1234,DATA:{'time': 1720907745.288, 'user-id': '1001', 'source': 'HAI Interface', 'destination-index': '3', 'study-stage': '4', 'decision-state': 0, 'vitals-state': 0, 'airspace-state': 0, 'data': {'page': 'emergency', 'action': 'trying to change destination to19'}}
INFO:root:1720907749.328441,ID:1001,STAGE:4,SEQUENCE:1234,DATA:{'time': 1720907749.324, 'user-id': '1001', 'source': 'HAI Interface', 'destination-index': '3', 'study-stage': '4', 'decision-state': 0, 'vitals-state': 0, 'airspace-state': 0, 'data': {'page': 'map', 'action': 'hide map'}}
INFO:root:1720907750.275375,ID:1001,STAGE:4,SEQUENCE:1234,DATA:{'time': 1720907750.267, 'user-id': '1001', 'source': 'HAI Interface', 'destination-index': '3', 'study-stage': '4', 'decision-state': 0, 'vitals-state': 0, 'airspace-state': 0, 'data': {'page': 'emergency', 'action': 'trying to change destination to19'}}
INFO:root:1720907755.28114,ID:1001,STAGE:4,SEQUENCE:1234,DATA:{'time': 1720907755.274, 'user-id': '1001', 'source': 'HAI Interface', 'destination-index': '3', 'study-stage': '4', 'decision-state': 0, 'vitals-state': 0, 'airspace-state': 0, 'data': {'page': 'emergency', 'action': 'trying to change destination to19'}}
INFO:root:1720907760.312184,ID:1001,STAGE:4,SEQUENCE:1234,DATA:{'time': 1720907760.306, 'user-id': '1001', 'source': 'HAI Interface', 'destination-index': '3', 'study-stage': '4', 'decision-state': 0, 'vitals-state': 0, 'airspace-state': 0, 'data': {'page': 'emergency', 'action': 'trying to change destination to19'}}
INFO:root:1720907765.257953,ID:1001,STAGE:4,SEQUENCE:1234,DATA:{'time': 1720907765.248, 'user-id': '1001', 'source': 'HAI Interface', 'destination-index': '3', 'study-stage': '4', 'decision-state': 0, 'vitals-state': 0, 'airspace-state': 0, 'data': {'page': 'emergency', 'action': 'trying to change destination to19'}}
INFO:root:1720907770.353862,ID:1001,STAGE:4,SEQUENCE:1234,DATA:{'time': 1720907770.348, 'user-id': '1001', 'source': 'HAI Interface', 'destination-index': '3', 'study-stage': '4', 'decision-state': 0, 'vitals-state': 0, 'airspace-state': 0, 'data': {'page': 'emergency', 'action': 'trying to change destination to19'}}
INFO:root:1720907775.324519,ID:1001,STAGE:4,SEQUENCE:1234,DATA:{'time': 1720907775.316, 'user-id': '1001', 'source': 'HAI Interface', 'destination-index': '3', 'study-stage': '4', 'decision-state': 0, 'vitals-state': 0, 'airspace-state': 0, 'data': {'page': 'emergency', 'action': 'trying to change destination to19'}}
INFO:root:1720907780.252872,ID:1001,STAGE:4,SEQUENCE:1234,DATA:{'time': 1720907780.247, 'user-id': '1001', 'source': 'HAI Interface', 'destination-index': '3', 'study-stage': '4', 'decision-state': 0, 'vitals-state': 0, 'airspace-state': 0, 'data': {'page': 'emergency', 'action': 'trying to change destination to19'}}
INFO:root:1720907782.840696,ID:1001,STAGE:4,SEQUENCE:1234,DATA:{'time': 1720907782.838, 'user-id': '1001', 'source': 'HAI Interface', 'destination-index': '3', 'study-stage': '4', 'decision-state': 0, 'vitals-state': 0, 'airspace-state': 0, 'data': {'page': 'inflight', 'action': 'displaying vitals prompt'}}
INFO:root:1720907785.314814,ID:1001,STAGE:4,SEQUENCE:1234,DATA:{'time': 1720907785.309, 'user-id': '1001', 'source': 'HAI Interface', 'destination-index': '3', 'study-stage': '4', 'decision-state': 0, 'vitals-state': 0, 'airspace-state': 0, 'data': {'page': 'emergency', 'action': 'trying to change destination to19'}}
INFO:root:1720907786.89401,ID:1001,STAGE:4,SEQUENCE:1234,DATA:{'time': 1720907786.899, 'source': 'VitalsTask', 'timer': 72.38, 'data': {'sensor': 'Blood Pressure', 'action': 'capture', 'data': 'action button pressed'}}
INFO:root:1720907786.896034,ID:1001,STAGE:4,SEQUENCE:1234,DATA:{'time': 1720907786.899, 'source': 'VitalsTask', 'timer': 72.38, 'data': {'sensor': 'Blood Pressure', 'action': 'capture', 'data': 'starting sensor action'}}
INFO:root:1720907787.90659,ID:1001,STAGE:4,SEQUENCE:1234,DATA:{'time': 1720907787.912, 'source': 'VitalsTask', 'timer': 73.393, 'data': {'sensor': 'Blood Pressure', 'action': 'capture', 'data': 'sensor action complete'}}
INFO:root:1720907787.908584,ID:1001,STAGE:4,SEQUENCE:1234,DATA:{'time': 1720907787.912, 'source': 'VitalsTask', 'timer': 73.393, 'data': {'sensor': 'Blood Pressure', 'action': 'keypad open'}}
INFO:root:1720907788.880957,ID:1001,STAGE:4,SEQUENCE:1234,DATA:{'time': 1720907788.887, 'source': 'VitalsTask', 'timer': 74.368, 'data': {'sensor': 'Blood Pressure', 'action': 'keypad press', 'key': 1, 'value': 1}}
INFO:root:1720907789.406042,ID:1001,STAGE:4,SEQUENCE:1234,DATA:{'time': 1720907789.411, 'source': 'VitalsTask', 'timer': 74.892, 'data': {'sensor': 'Blood Pressure', 'action': 'keypad press', 'key': 2, 'value': 12}}
INFO:root:1720907790.357041,ID:1001,STAGE:4,SEQUENCE:1234,DATA:{'time': 1720907790.348, 'user-id': '1001', 'source': 'HAI Interface', 'destination-index': '3', 'study-stage': '4', 'decision-state': 0, 'vitals-state': 0, 'airspace-state': 0, 'data': {'page': 'emergency', 'action': 'trying to change destination to19'}}
INFO:root:1720907790.363894,ID:1001,STAGE:4,SEQUENCE:1234,DATA:{'time': 1720907790.36, 'source': 'VitalsTask', 'timer': 75.841, 'data': {'sensor': 'Blood Pressure', 'action': 'keypad press', 'key': 11, 'value': 120}}
INFO:root:1720907790.840052,ID:1001,STAGE:4,SEQUENCE:1234,DATA:{'time': 1720907790.845, 'source': 'VitalsTask', 'timer': 76.326, 'data': {'sensor': 'Blood Pressure', 'action': 'keypad press', 'key': 8, 'value': 1208}}
INFO:root:1720907791.466492,ID:1001,STAGE:4,SEQUENCE:1234,DATA:{'time': 1720907791.473, 'source': 'VitalsTask', 'timer': 76.954, 'data': {'sensor': 'Blood Pressure', 'action': 'keypad press', 'key': 11, 'value': 12080}}
INFO:root:1720907792.700064,ID:1001,STAGE:4,SEQUENCE:1234,DATA:{'time': 1720907792.703, 'source': 'VitalsTask', 'timer': 78.184, 'data': {'sensor': 'Blood Pressure', 'action': 'show action buttons'}}
INFO:root:1720907792.702059,ID:1001,STAGE:4,SEQUENCE:1234,DATA:{'time': 1720907792.703, 'source': 'VitalsTask', 'timer': 78.184, 'data': {'sensor': 'Blood Pressure', 'action': 'keypad press', 'key': 10, 'value': 12080}}
INFO:root:1720907793.666152,ID:1001,STAGE:4,SEQUENCE:1234,DATA:{'time': 1720907793.671, 'source': 'VitalsTask', 'timer': 79.152, 'data': {'sensor': 'Blood Pressure', 'action': 'log', 'data': 'action button pressed'}}
INFO:root:1720907793.667149,ID:1001,STAGE:4,SEQUENCE:1234,DATA:{'time': 1720907793.671, 'source': 'VitalsTask', 'timer': 79.152, 'data': {'sensor': 'Blood Pressure', 'action': 'log', 'data': 'starting sensor action'}}
INFO:root:1720907794.687107,ID:1001,STAGE:4,SEQUENCE:1234,DATA:{'time': 1720907794.689, 'source': 'VitalsTask', 'timer': 80.17, 'data': {'sensor': 'Blood Pressure', 'action': 'log', 'data': 'sensor action complete'}}
INFO:root:1720907794.795532,ID:1001,STAGE:4,SEQUENCE:1234,DATA:{'time': 1720907794.797, 'source': 'VitalsTask', 'timer': 80.278, 'data': {'sensor': 'Blood Pressure', 'action': 'save', 'data': 'action button pressed'}}
INFO:root:1720907794.798561,ID:1001,STAGE:4,SEQUENCE:1234,DATA:{'time': 1720907794.797, 'source': 'VitalsTask', 'timer': 80.278, 'data': {'sensor': 'Blood Pressure', 'action': 'save', 'data': 'starting sensor action'}}
INFO:root:1720907795.279379,ID:1001,STAGE:4,SEQUENCE:1234,DATA:{'time': 1720907795.272, 'user-id': '1001', 'source': 'HAI Interface', 'destination-index': '3', 'study-stage': '4', 'decision-state': 0, 'vitals-state': 0, 'airspace-state': 0, 'data': {'page': 'emergency', 'action': 'trying to change destination to19'}}
INFO:root:1720907795.806571,ID:1001,STAGE:4,SEQUENCE:1234,DATA:{'time': 1720907795.812, 'source': 'VitalsTask', 'timer': 81.293, 'data': {'sensor': 'Blood Pressure', 'action': 'save', 'data': 'sensor action complete'}}
INFO:root:1720907796.05965,ID:1001,STAGE:4,SEQUENCE:1234,DATA:{'time': 1720907796.065, 'source': 'VitalsTask', 'timer': 81.546, 'data': {'sensor': 'O\u2082 Saturation', 'action': 'opened sensor tab'}}
INFO:root:1720907796.896972,ID:1001,STAGE:4,SEQUENCE:1234,DATA:{'time': 1720907796.9, 'source': 'VitalsTask', 'timer': 82.381, 'data': {'sensor': 'O\u2082 Saturation', 'action': 'capture', 'data': 'action button pressed'}}
INFO:root:1720907796.900991,ID:1001,STAGE:4,SEQUENCE:1234,DATA:{'time': 1720907796.9, 'source': 'VitalsTask', 'timer': 82.381, 'data': {'sensor': 'O\u2082 Saturation', 'action': 'capture', 'data': 'starting sensor action'}}
INFO:root:1720907797.913473,ID:1001,STAGE:4,SEQUENCE:1234,DATA:{'time': 1720907797.917, 'source': 'VitalsTask', 'timer': 83.398, 'data': {'sensor': 'O\u2082 Saturation', 'action': 'capture', 'data': 'sensor action complete'}}
INFO:root:1720907797.915977,ID:1001,STAGE:4,SEQUENCE:1234,DATA:{'time': 1720907797.918, 'source': 'VitalsTask', 'timer': 83.399, 'data': {'sensor': 'O\u2082 Saturation', 'action': 'keypad open'}}
INFO:root:1720907798.511111,ID:1001,STAGE:4,SEQUENCE:1234,DATA:{'time': 1720907798.516, 'source': 'VitalsTask', 'timer': 83.997, 'data': {'sensor': 'O\u2082 Saturation', 'action': 'keypad press', 'key': 1, 'value': 1}}
INFO:root:1720907799.834344,ID:1001,STAGE:4,SEQUENCE:1234,DATA:{'time': 1720907799.837, 'source': 'VitalsTask', 'timer': 85.318, 'data': {'sensor': 'O\u2082 Saturation', 'action': 'keypad press', 'key': 11, 'value': 10}}
INFO:root:1720907800.110829,ID:1001,STAGE:4,SEQUENCE:1234,DATA:{'time': 1720907800.117, 'source': 'VitalsTask', 'timer': 85.598, 'data': {'sensor': 'O\u2082 Saturation', 'action': 'keypad press', 'key': 11, 'value': 100}}
INFO:root:1720907800.861159,ID:1001,STAGE:4,SEQUENCE:1234,DATA:{'time': 1720907800.866, 'source': 'VitalsTask', 'timer': 86.347, 'data': {'sensor': 'O\u2082 Saturation', 'action': 'show action buttons'}}
INFO:root:1720907800.862157,ID:1001,STAGE:4,SEQUENCE:1234,DATA:{'time': 1720907800.867, 'source': 'VitalsTask', 'timer': 86.348, 'data': {'sensor': 'O\u2082 Saturation', 'action': 'keypad press', 'key': 10, 'value': 100}}
INFO:root:1720907801.034992,ID:1001,STAGE:4,SEQUENCE:1234,DATA:{'time': 1720907801.028, 'user-id': '1001', 'source': 'HAI Interface', 'destination-index': '3', 'study-stage': '4', 'decision-state': 0, 'vitals-state': 0, 'airspace-state': 0, 'data': {'page': 'emergency', 'action': 'trying to change destination to19'}}
INFO:root:1720907801.039979,ID:1001,STAGE:4,SEQUENCE:1234,DATA:{'time': 1720907801.028, 'user-id': '1001', 'source': 'HAI Interface', 'destination-index': '3', 'study-stage': '4', 'decision-state': 0, 'vitals-state': 0, 'airspace-state': 0, 'data': {'page': 'emergency', 'action': 'show Pressure Miscalibrated Warning, hide map'}}
INFO:root:1720907801.043002,ID:1001,STAGE:4,SEQUENCE:1234,DATA:{'time': 1720907801.029, 'user-id': '1001', 'source': 'HAI Interface', 'destination-index': '3', 'study-stage': '4', 'decision-state': 0, 'vitals-state': 0, 'airspace-state': 0, 'data': {'page': 'map', 'action': 'hide map'}}
INFO:root:1720907801.044003,ID:1001,STAGE:4,SEQUENCE:1234,DATA:{'time': 1720907801.029, 'user-id': '1001', 'source': 'HAI Interface', 'destination-index': '3', 'study-stage': '4', 'decision-state': 0, 'vitals-state': 0, 'airspace-state': 0, 'data': {'page': 'Inflight', 'action': 'Pressure Warning alert activated'}}
INFO:root:1720907802.236054,ID:1001,STAGE:4,SEQUENCE:1234,DATA:{'time': 1720907802.24, 'source': 'VitalsTask', 'timer': 87.721, 'data': {'sensor': 'O\u2082 Saturation', 'action': 'log', 'data': 'action button pressed'}}
INFO:root:1720907802.241551,ID:1001,STAGE:4,SEQUENCE:1234,DATA:{'time': 1720907802.24, 'source': 'VitalsTask', 'timer': 87.721, 'data': {'sensor': 'O\u2082 Saturation', 'action': 'log', 'data': 'starting sensor action'}}
INFO:root:1720907803.246967,ID:1001,STAGE:4,SEQUENCE:1234,DATA:{'time': 1720907803.251, 'source': 'VitalsTask', 'timer': 88.732, 'data': {'sensor': 'O\u2082 Saturation', 'action': 'log', 'data': 'sensor action complete'}}
INFO:root:1720907803.508667,ID:1001,STAGE:4,SEQUENCE:1234,DATA:{'time': 1720907803.505, 'user-id': '1001', 'source': 'HAI Interface', 'destination-index': '3', 'study-stage': '4', 'decision-state': 0, 'vitals-state': 0, 'airspace-state': 0, 'data': {'page': 'Inflight', 'action': 'Pressure Warning- show info button pressed'}}
INFO:root:1720907805.30279,ID:1001,STAGE:4,SEQUENCE:1234,DATA:{'time': 1720907805.295, 'user-id': '1001', 'source': 'HAI Interface', 'destination-index': '3', 'study-stage': '4', 'decision-state': 0, 'vitals-state': 0, 'airspace-state': 0, 'data': {'page': 'emergency', 'action': 'trying to change destination to19'}}
INFO:root:1720907810.311564,ID:1001,STAGE:4,SEQUENCE:1234,DATA:{'time': 1720907810.302, 'user-id': '1001', 'source': 'HAI Interface', 'destination-index': '3', 'study-stage': '4', 'decision-state': 0, 'vitals-state': 0, 'airspace-state': 0, 'data': {'page': 'emergency', 'action': 'trying to change destination to19'}}
INFO:root:1720907810.347254,ID:1001,STAGE:4,SEQUENCE:1234,DATA:{'time': 1720907810.338, 'user-id': '1001', 'source': 'HAI Interface', 'destination-index': '3', 'study-stage': '4', 'decision-state': 0, 'vitals-state': 0, 'airspace-state': 0, 'data': {'page': 'Inflight', 'action': 'Pressure Warning- submit button pressed with pressure value as:75'}}
INFO:root:1720907810.351763,ID:1001,STAGE:4,SEQUENCE:1234,DATA:{'time': 1720907810.339, 'user-id': '1001', 'source': 'HAI Interface', 'destination-index': '3', 'study-stage': '4', 'decision-state': 0, 'vitals-state': 0, 'airspace-state': 0, 'data': {'page': 'Inflight', 'action': 'Pressure Warning- alert explaination'}}
INFO:root:1720907813.708477,ID:1001,STAGE:4,SEQUENCE:1234,DATA:{'time': 1720907813.703, 'user-id': '1001', 'source': 'HAI Interface', 'destination-index': '3', 'study-stage': '4', 'decision-state': 0, 'vitals-state': 0, 'airspace-state': 0, 'data': {'page': 'Inflight', 'action': 'Pressure Warning alert close button pressed'}}
INFO:root:1720907815.294897,ID:1001,STAGE:4,SEQUENCE:1234,DATA:{'time': 1720907815.286, 'user-id': '1001', 'source': 'HAI Interface', 'destination-index': '3', 'study-stage': '4', 'decision-state': 0, 'vitals-state': 0, 'airspace-state': 0, 'data': {'page': 'emergency', 'action': 'trying to change destination to19'}}
INFO:root:1720907816.284696,ID:1001,STAGE:4,SEQUENCE:1234,DATA:{'time': 1720907816.288, 'source': 'VitalsTask', 'timer': 101.769, 'data': {'sensor': 'O\u2082 Saturation', 'action': 'save', 'data': 'action button pressed'}}
INFO:root:1720907816.285971,ID:1001,STAGE:4,SEQUENCE:1234,DATA:{'time': 1720907816.289, 'source': 'VitalsTask', 'timer': 101.77, 'data': {'sensor': 'O\u2082 Saturation', 'action': 'save', 'data': 'starting sensor action'}}
INFO:root:1720907817.293905,ID:1001,STAGE:4,SEQUENCE:1234,DATA:{'time': 1720907817.299, 'source': 'VitalsTask', 'timer': 102.78, 'data': {'sensor': 'O\u2082 Saturation', 'action': 'save', 'data': 'sensor action complete'}}
INFO:root:1720907818.457145,ID:1001,STAGE:4,SEQUENCE:1234,DATA:{'time': 1720907818.461, 'source': 'VitalsTask', 'timer': 103.942, 'data': {'sensor': 'Heart Rate', 'action': 'opened sensor tab'}}
INFO:root:1720907820.327714,ID:1001,STAGE:4,SEQUENCE:1234,DATA:{'time': 1720907820.317, 'user-id': '1001', 'source': 'HAI Interface', 'destination-index': '3', 'study-stage': '4', 'decision-state': 0, 'vitals-state': 0, 'airspace-state': 0, 'data': {'page': 'emergency', 'action': 'trying to change destination to19'}}
INFO:root:1720907820.875702,ID:1001,STAGE:4,SEQUENCE:1234,DATA:{'time': 1720907820.879, 'source': 'VitalsTask', 'timer': 106.36, 'data': {'sensor': 'Heart Rate', 'action': 'capture', 'data': 'action button pressed'}}
INFO:root:1720907820.878028,ID:1001,STAGE:4,SEQUENCE:1234,DATA:{'time': 1720907820.879, 'source': 'VitalsTask', 'timer': 106.36, 'data': {'sensor': 'Heart Rate', 'action': 'capture', 'data': 'starting sensor action'}}
INFO:root:1720907821.891721,ID:1001,STAGE:4,SEQUENCE:1234,DATA:{'time': 1720907821.896, 'source': 'VitalsTask', 'timer': 107.377, 'data': {'sensor': 'Heart Rate', 'action': 'capture', 'data': 'sensor action complete'}}
INFO:root:1720907821.893188,ID:1001,STAGE:4,SEQUENCE:1234,DATA:{'time': 1720907821.897, 'source': 'VitalsTask', 'timer': 107.378, 'data': {'sensor': 'Heart Rate', 'action': 'keypad open'}}
INFO:root:1720907822.744269,ID:1001,STAGE:4,SEQUENCE:1234,DATA:{'time': 1720907822.751, 'source': 'VitalsTask', 'timer': 108.232, 'data': {'sensor': 'Heart Rate', 'action': 'keypad press', 'key': 5, 'value': 5}}
INFO:root:1720907823.022426,ID:1001,STAGE:4,SEQUENCE:1234,DATA:{'time': 1720907823.028, 'source': 'VitalsTask', 'timer': 108.509, 'data': {'sensor': 'Heart Rate', 'action': 'keypad press', 'key': 5, 'value': 55}}
INFO:root:1720907824.080248,ID:1001,STAGE:4,SEQUENCE:1234,DATA:{'time': 1720907824.086, 'source': 'VitalsTask', 'timer': 109.567, 'data': {'sensor': 'Heart Rate', 'action': 'show action buttons'}}
INFO:root:1720907824.082241,ID:1001,STAGE:4,SEQUENCE:1234,DATA:{'time': 1720907824.086, 'source': 'VitalsTask', 'timer': 109.567, 'data': {'sensor': 'Heart Rate', 'action': 'keypad press', 'key': 10, 'value': 55}}
INFO:root:1720907825.127059,ID:1001,STAGE:4,SEQUENCE:1234,DATA:{'time': 1720907825.131, 'source': 'VitalsTask', 'timer': 110.612, 'data': {'sensor': 'Heart Rate', 'action': 'log', 'data': 'action button pressed'}}
INFO:root:1720907825.137229,ID:1001,STAGE:4,SEQUENCE:1234,DATA:{'time': 1720907825.131, 'source': 'VitalsTask', 'timer': 110.612, 'data': {'sensor': 'Heart Rate', 'action': 'log', 'data': 'starting sensor action'}}
INFO:root:1720907825.284927,ID:1001,STAGE:4,SEQUENCE:1234,DATA:{'time': 1720907825.278, 'user-id': '1001', 'source': 'HAI Interface', 'destination-index': '3', 'study-stage': '4', 'decision-state': 0, 'vitals-state': 0, 'airspace-state': 0, 'data': {'page': 'emergency', 'action': 'trying to change destination to19'}}
INFO:root:1720907826.139558,ID:1001,STAGE:4,SEQUENCE:1234,DATA:{'time': 1720907826.145, 'source': 'VitalsTask', 'timer': 111.626, 'data': {'sensor': 'Heart Rate', 'action': 'log', 'data': 'sensor action complete'}}
INFO:root:1720907826.551571,ID:1001,STAGE:4,SEQUENCE:1234,DATA:{'time': 1720907826.557, 'source': 'VitalsTask', 'timer': 112.038, 'data': {'sensor': 'Heart Rate', 'action': 'save', 'data': 'action button pressed'}}
INFO:root:1720907826.553073,ID:1001,STAGE:4,SEQUENCE:1234,DATA:{'time': 1720907826.557, 'source': 'VitalsTask', 'timer': 112.038, 'data': {'sensor': 'Heart Rate', 'action': 'save', 'data': 'starting sensor action'}}
INFO:root:1720907827.572895,ID:1001,STAGE:4,SEQUENCE:1234,DATA:{'time': 1720907827.578, 'source': 'VitalsTask', 'timer': 113.059, 'data': {'sensor': 'Heart Rate', 'action': 'save', 'data': 'sensor action complete'}}
INFO:root:1720907828.592706,ID:1001,STAGE:4,SEQUENCE:1234,DATA:{'time': 1720907828.599, 'source': 'VitalsTask', 'timer': 114.08, 'data': {'sensor': 'submit', 'action': 'submit'}}
INFO:root:1720907828.597694,ID:1001,STAGE:4,SEQUENCE:1234,DATA:{'time': 1720907828.599, 'source': 'VitalsTask', 'timer': 114.08, 'data': {'sensor': 'submit', 'action': 'submit', 'data': 'submit succeeded'}}
INFO:root:1720907830.28462,ID:1001,STAGE:4,SEQUENCE:1234,DATA:{'time': 1720907830.279, 'user-id': '1001', 'source': 'HAI Interface', 'destination-index': '3', 'study-stage': '4', 'decision-state': 0, 'vitals-state': 0, 'airspace-state': 0, 'data': {'page': 'emergency', 'action': 'trying to change destination to19'}}
INFO:root:1720907831.085309,ID:1001,STAGE:4,SEQUENCE:1234,DATA:{'time': 1720907831.08, 'user-id': '1001', 'source': 'HAI Interface', 'destination-index': '3', 'study-stage': '4', 'decision-state': 0, 'vitals-state': 0, 'airspace-state': 0, 'data': {'page': 'inflight', 'action': 'user acknowledged vitals prompt'}}
INFO:root:1720907835.31868,ID:1001,STAGE:4,SEQUENCE:1234,DATA:{'time': 1720907835.314, 'user-id': '1001', 'source': 'HAI Interface', 'destination-index': '3', 'study-stage': '4', 'decision-state': 0, 'vitals-state': 0, 'airspace-state': 0, 'data': {'page': 'emergency', 'action': 'trying to change destination to19'}}
INFO:root:1720907840.333123,ID:1001,STAGE:4,SEQUENCE:1234,DATA:{'time': 1720907840.325, 'user-id': '1001', 'source': 'HAI Interface', 'destination-index': '3', 'study-stage': '4', 'decision-state': 0, 'vitals-state': 0, 'airspace-state': 0, 'data': {'page': 'emergency', 'action': 'trying to change destination to19'}}
INFO:root:1720907845.308141,ID:1001,STAGE:4,SEQUENCE:1234,DATA:{'time': 1720907845.304, 'user-id': '1001', 'source': 'HAI Interface', 'destination-index': '3', 'study-stage': '4', 'decision-state': 0, 'vitals-state': 0, 'airspace-state': 0, 'data': {'page': 'emergency', 'action': 'trying to change destination to19'}}
INFO:root:1720907850.317856,ID:1001,STAGE:4,SEQUENCE:1234,DATA:{'time': 1720907850.313, 'user-id': '1001', 'source': 'HAI Interface', 'destination-index': '3', 'study-stage': '4', 'decision-state': 0, 'vitals-state': 0, 'airspace-state': 0, 'data': {'page': 'emergency', 'action': 'trying to change destination to19'}}
INFO:root:1720907855.251754,ID:1001,STAGE:4,SEQUENCE:1234,DATA:{'time': 1720907855.246, 'user-id': '1001', 'source': 'HAI Interface', 'destination-index': '3', 'study-stage': '4', 'decision-state': 0, 'vitals-state': 0, 'airspace-state': 0, 'data': {'page': 'emergency', 'action': 'trying to change destination to19'}}
INFO:root:SimConnect Error in /var
INFO:SimConnect.SimConnect:SIM OPEN
INFO:root:1720907860.313825,ID:1001,STAGE:4,SEQUENCE:1234,DATA:{'time': 1720907860.302, 'user-id': '1001', 'source': 'HAI Interface', 'destination-index': '3', 'study-stage': '4', 'decision-state': 0, 'vitals-state': 0, 'airspace-state': 0, 'data': {'page': 'emergency', 'action': 'trying to change destination to19'}}
INFO:root:1720907865.325931,ID:1001,STAGE:4,SEQUENCE:1234,DATA:{'time': 1720907865.306, 'user-id': '1001', 'source': 'HAI Interface', 'destination-index': '3', 'study-stage': '4', 'decision-state': 0, 'vitals-state': 0, 'airspace-state': 0, 'data': {'page': 'emergency', 'action': 'trying to change destination to19'}}
INFO:root:1720907870.391775,ID:1001,STAGE:4,SEQUENCE:1234,DATA:{'time': 1720907870.385, 'user-id': '1001', 'source': 'HAI Interface', 'destination-index': '3', 'study-stage': '4', 'decision-state': 0, 'vitals-state': 0, 'airspace-state': 0, 'data': {'page': 'emergency', 'action': 'trying to change destination to19'}}
INFO:root:1720907875.305181,ID:1001,STAGE:4,SEQUENCE:1234,DATA:{'time': 1720907875.298, 'user-id': '1001', 'source': 'HAI Interface', 'destination-index': '3', 'study-stage': '4', 'decision-state': 0, 'vitals-state': 0, 'airspace-state': 0, 'data': {'page': 'emergency', 'action': 'trying to change destination to19'}}
INFO:root:1720907880.299983,ID:1001,STAGE:4,SEQUENCE:1234,DATA:{'time': 1720907880.292, 'user-id': '1001', 'source': 'HAI Interface', 'destination-index': '3', 'study-stage': '4', 'decision-state': 0, 'vitals-state': 0, 'airspace-state': 0, 'data': {'page': 'emergency', 'action': 'trying to change destination to19'}}
INFO:root:1720907885.287813,ID:1001,STAGE:4,SEQUENCE:1234,DATA:{'time': 1720907885.28, 'user-id': '1001', 'source': 'HAI Interface', 'destination-index': '3', 'study-stage': '4', 'decision-state': 0, 'vitals-state': 0, 'airspace-state': 0, 'data': {'page': 'emergency', 'action': 'trying to change destination to19'}}
INFO:root:1720907890.368607,ID:1001,STAGE:4,SEQUENCE:1234,DATA:{'time': 1720907890.364, 'user-id': '1001', 'source': 'HAI Interface', 'destination-index': '3', 'study-stage': '4', 'decision-state': 0, 'vitals-state': 0, 'airspace-state': 0, 'data': {'page': 'emergency', 'action': 'trying to change destination to19'}}
INFO:root:1720907895.34336,ID:1001,STAGE:4,SEQUENCE:1234,DATA:{'time': 1720907895.334, 'user-id': '1001', 'source': 'HAI Interface', 'destination-index': '3', 'study-stage': '4', 'decision-state': 0, 'vitals-state': 0, 'airspace-state': 0, 'data': {'page': 'emergency', 'action': 'trying to change destination to19'}}
INFO:root:1720907900.301912,ID:1001,STAGE:4,SEQUENCE:1234,DATA:{'time': 1720907900.296, 'user-id': '1001', 'source': 'HAI Interface', 'destination-index': '3', 'study-stage': '4', 'decision-state': 0, 'vitals-state': 0, 'airspace-state': 0, 'data': {'page': 'emergency', 'action': 'trying to change destination to19'}}
INFO:root:1720907905.335129,ID:1001,STAGE:4,SEQUENCE:1234,DATA:{'time': 1720907905.322, 'user-id': '1001', 'source': 'HAI Interface', 'destination-index': '3', 'study-stage': '4', 'decision-state': 0, 'vitals-state': 0, 'airspace-state': 0, 'data': {'page': 'emergency', 'action': 'trying to change destination to19'}}
INFO:root:1720907910.333939,ID:1001,STAGE:4,SEQUENCE:1234,DATA:{'time': 1720907910.329, 'user-id': '1001', 'source': 'HAI Interface', 'destination-index': '3', 'study-stage': '4', 'decision-state': 0, 'vitals-state': 0, 'airspace-state': 0, 'data': {'page': 'emergency', 'action': 'trying to change destination to19'}}
INFO:root:1720907915.323391,ID:1001,STAGE:4,SEQUENCE:1234,DATA:{'time': 1720907915.317, 'user-id': '1001', 'source': 'HAI Interface', 'destination-index': '3', 'study-stage': '4', 'decision-state': 0, 'vitals-state': 0, 'airspace-state': 0, 'data': {'page': 'emergency', 'action': 'trying to change destination to19'}}
INFO:root:1720907921.087144,ID:1001,STAGE:4,SEQUENCE:1234,DATA:{'time': 1720907921.081, 'user-id': '1001', 'source': 'HAI Interface', 'destination-index': '3', 'study-stage': '4', 'decision-state': 0, 'vitals-state': 0, 'airspace-state': 0, 'data': {'page': 'emergency', 'action': 'trying to change destination to19'}}
INFO:root:1720907921.090649,ID:1001,STAGE:4,SEQUENCE:1234,DATA:{'time': 1720907921.081, 'user-id': '1001', 'source': 'HAI Interface', 'destination-index': '3', 'study-stage': '4', 'decision-state': 0, 'vitals-state': 0, 'airspace-state': 0, 'data': {'page': 'emergency', 'action': 'show Engine Failure Alert, hide map'}}
INFO:root:1720907921.093761,ID:1001,STAGE:4,SEQUENCE:1234,DATA:{'time': 1720907921.081, 'user-id': '1001', 'source': 'HAI Interface', 'destination-index': '3', 'study-stage': '4', 'decision-state': 0, 'vitals-state': 0, 'airspace-state': 0, 'data': {'page': 'map', 'action': 'hide map'}}
INFO:root:1720907921.100807,ID:1001,STAGE:4,SEQUENCE:1234,DATA:{'time': 1720907921.082, 'user-id': '1001', 'source': 'HAI Interface', 'destination-index': '3', 'study-stage': '4', 'decision-state': 0, 'vitals-state': 0, 'airspace-state': 0, 'data': {'page': 'Inflight', 'action': 'Engine failure emergency- emergnecy propmt displayed'}}
INFO:root:1720907923.705251,ID:1001,STAGE:4,SEQUENCE:1234,DATA:{'time': 1720907923.701, 'user-id': '1001', 'source': 'HAI Interface', 'destination-index': '3', 'study-stage': '4', 'decision-state': 0, 'vitals-state': '1', 'airspace-state': 0, 'data': {'page': 'Inflight', 'action': 'Engine failure emergency- show more info button pressed'}}
INFO:root:1720907925.367113,ID:1001,STAGE:4,SEQUENCE:1234,DATA:{'time': 1720907925.359, 'user-id': '1001', 'source': 'HAI Interface', 'destination-index': '3', 'study-stage': '4', 'decision-state': 0, 'vitals-state': '1', 'airspace-state': 0, 'data': {'page': 'emergency', 'action': 'trying to change destination to19'}}
INFO:root:1720907926.802444,ID:1001,STAGE:4,SEQUENCE:1234,DATA:{'time': 1720907926.797, 'user-id': '1001', 'source': 'HAI Interface', 'destination-index': '3', 'study-stage': '4', 'decision-state': 0, 'vitals-state': '1', 'airspace-state': 0, 'data': {'page': 'Inflight', 'action': 'Engine failure emergency- close button pressed'}}
INFO:root:1720907926.808936,ID:1001,STAGE:4,SEQUENCE:1234,DATA:{'time': 1720907926.798, 'user-id': '1001', 'source': 'HAI Interface', 'destination-index': '3', 'study-stage': '4', 'decision-state': 0, 'vitals-state': '1', 'airspace-state': 0, 'data': {'page': 'Inflight', 'action': 'change destination button pressed'}}
INFO:root:1720907927.012875,ID:1001,STAGE:4,SEQUENCE:1234,DATA:{'time': 1720907926.977, 'user-id': 'none', 'source': 'HAI Interface', 'destination-index': 3, 'study-stage': -1, 'decision-state': 0, 'vitals-state': 0, 'airspace-state': 0, 'data': {'page': 'emergency-landing', 'action': 'opened page'}}
INFO:root:1720907927.929626,ID:1001,STAGE:4,SEQUENCE:1234,DATA:{'time': 1720907927.925, 'user-id': '1001', 'source': 'HAI Interface', 'destination-index': '3', 'study-stage': '4', 'decision-state': 0, 'vitals-state': '1', 'airspace-state': 0, 'data': {'page': 'map', 'action': 'selected helipad', 'value': '21'}}
INFO:root:1720907927.934612,ID:1001,STAGE:4,SEQUENCE:1234,DATA:{'time': 1720907927.925, 'user-id': '1001', 'source': 'HAI Interface', 'destination-index': '3', 'study-stage': '4', 'decision-state': 0, 'vitals-state': '1', 'airspace-state': 0, 'data': {'page': 'map', 'action': 'set destination', 'value': -1}}
INFO:root:1720907929.490469,ID:1001,STAGE:4,SEQUENCE:1234,DATA:{'time': 1720907929.48, 'user-id': '1001', 'source': 'HAI Interface', 'destination-index': '3', 'study-stage': '4', 'decision-state': 0, 'vitals-state': '1', 'airspace-state': 0, 'data': {'page': 'map', 'action': 'show map'}}
INFO:root:1720907929.492464,ID:1001,STAGE:4,SEQUENCE:1234,DATA:{'time': 1720907929.481, 'user-id': '1001', 'source': 'HAI Interface', 'destination-index': '3', 'study-stage': '4', 'decision-state': 0, 'vitals-state': '1', 'airspace-state': 0, 'data': {'page': 'map', 'action': 'selected helipad', 'value': '21'}}
INFO:root:1720907929.500015,ID:1001,STAGE:4,SEQUENCE:1234,DATA:{'time': 1720907929.481, 'user-id': '1001', 'source': 'HAI Interface', 'destination-index': '3', 'study-stage': '4', 'decision-state': 0, 'vitals-state': '1', 'airspace-state': 0, 'data': {'page': 'map', 'action': 'set destination', 'value': '3'}}
INFO:root:1720907931.442131,ID:1001,STAGE:4,SEQUENCE:1234,DATA:{'time': 1720907931.434, 'user-id': '1001', 'source': 'HAI Interface', 'destination-index': '3', 'study-stage': '4', 'decision-state': 0, 'vitals-state': '1', 'airspace-state': 0, 'data': {'page': 'map', 'action': 'selected helipad', 'value': '5'}}
INFO:root:1720907931.445168,ID:1001,STAGE:4,SEQUENCE:1234,DATA:{'time': 1720907931.435, 'user-id': '1001', 'source': 'HAI Interface', 'destination-index': '3', 'study-stage': '4', 'decision-state': 0, 'vitals-state': '1', 'airspace-state': 0, 'data': {'page': 'map', 'action': 'set destination', 'value': '3'}}
INFO:root:1720907932.220697,ID:1001,STAGE:4,SEQUENCE:1234,DATA:{'time': 1720907932.215, 'user-id': '1001', 'source': 'HAI Interface', 'destination-index': '3', 'study-stage': '4', 'decision-state': 0, 'vitals-state': '1', 'airspace-state': 0, 'data': {'page': 'emergency', 'action': 'trying to change destination to100'}}
INFO:root:1720907933.54846,ID:1001,STAGE:4,SEQUENCE:1234,DATA:{'time': 1720907933.542, 'user-id': '1001', 'source': 'HAI Interface', 'destination-index': '3', 'study-stage': '4', 'decision-state': 0, 'vitals-state': '1', 'airspace-state': 0, 'data': {'page': 'map', 'action': 'changing helipad', 'value': '5'}}
INFO:root:1720907936.531224,ID:1001,STAGE:4,SEQUENCE:1234,DATA:{'time': 1720907936.526, 'user-id': '1001', 'source': 'HAI Interface', 'destination-index': '3', 'study-stage': '4', 'decision-state': 0, 'vitals-state': '1', 'airspace-state': 0, 'data': {'page': 'map', 'action': 'selected helipad', 'value': 100}}
INFO:root:1720907937.231086,ID:1001,STAGE:4,SEQUENCE:1234,DATA:{'time': 1720907937.223, 'user-id': '1001', 'source': 'HAI Interface', 'destination-index': '3', 'study-stage': '4', 'decision-state': 0, 'vitals-state': '1', 'airspace-state': 0, 'data': {'page': 'emergency', 'action': 'trying to change destination to19'}}
INFO:root:1720907938.28777,ID:1001,STAGE:4,SEQUENCE:1234,DATA:{'time': 1720907938.28, 'user-id': '1001', 'source': 'HAI Interface', 'destination-index': '3', 'study-stage': '4', 'decision-state': 0, 'vitals-state': '1', 'airspace-state': 0, 'data': {'page': 'map', 'action': 'hide map'}}
INFO:root:1720907939.642846,ID:1001,STAGE:4,SEQUENCE:1234,DATA:{'time': 1720907939.63, 'user-id': '1001', 'source': 'HAI Interface', 'destination-index': '3', 'study-stage': '4', 'decision-state': 0, 'vitals-state': '1', 'airspace-state': 0, 'data': {'page': 'change-destination', 'action': 'submit button pressed'}}
INFO:root:1720907939.787513,ID:1001,STAGE:4,SEQUENCE:1234,DATA:{'time': 1720907939.76, 'user-id': 'none', 'source': 'HAI Interface', 'destination-index': 3, 'study-stage': -1, 'decision-state': 0, 'vitals-state': 0, 'airspace-state': 0, 'data': {'page': 'location', 'action': 'opened page'}}
INFO:root:1720907940.732498,ID:1001,STAGE:4,SEQUENCE:1234,DATA:{'time': 1720907940.727, 'user-id': '1001', 'source': 'HAI Interface', 'destination-index': '3', 'study-stage': '4', 'decision-state': 0, 'vitals-state': '1', 'airspace-state': 0, 'data': {'page': 'map', 'action': 'selected helipad', 'value': '21'}}
INFO:root:1720907940.777876,ID:1001,STAGE:4,SEQUENCE:1234,DATA:{'time': 1720907940.768, 'user-id': '1001', 'source': 'HAI Interface', 'destination-index': '3', 'study-stage': '4', 'decision-state': 0, 'vitals-state': '1', 'airspace-state': 0, 'data': {'page': 'location', 'action': 'confirm button pressed'}}
INFO:root:1720907942.070921,ID:1001,STAGE:4,SEQUENCE:1234,DATA:{'time': 1720907942.06, 'user-id': '1001', 'source': 'HAI Interface', 'destination-index': '19', 'study-stage': '4', 'decision-state': 0, 'vitals-state': '1', 'airspace-state': 0, 'data': {'page': 'map', 'action': 'selected helipad', 'value': '21'}}
INFO:root:1720907942.792676,ID:1001,STAGE:4,SEQUENCE:1234,DATA:{'time': 1720907942.787, 'user-id': '1001', 'source': 'HAI Interface', 'destination-index': '19', 'study-stage': '4', 'decision-state': 0, 'vitals-state': '1', 'airspace-state': 0, 'data': {'action': 'radio panel opened'}}
INFO:root:1720907945.628157,ID:1001,STAGE:4,SEQUENCE:1234,DATA:{'time': 1720907945.621, 'user-id': '1001', 'source': 'HAI Interface', 'destination-index': '19', 'study-stage': '4', 'decision-state': 0, 'vitals-state': '1', 'airspace-state': 0, 'data': {'action': 'receive button pressed'}}
INFO:root:1720907945.63166,ID:1001,STAGE:4,SEQUENCE:1234,DATA:{'time': 1720907945.622, 'user-id': '1001', 'source': 'HAI Interface', 'destination-index': '19', 'study-stage': '4', 'decision-state': 0, 'vitals-state': '1', 'airspace-state': 0, 'data': {'action': 'radio set to:Comm2'}}
INFO:root:1720907945.634651,ID:1001,STAGE:4,SEQUENCE:1234,DATA:{'time': 1720907945.622, 'user-id': '1001', 'source': 'HAI Interface', 'destination-index': '19', 'study-stage': '4', 'decision-state': 0, 'vitals-state': '1', 'airspace-state': 0, 'data': {'action': 'callsign set to:[object Object]'}}
INFO:root:1720907945.637675,ID:1001,STAGE:4,SEQUENCE:1234,DATA:{'time': 1720907945.627, 'user-id': '1001', 'source': 'HAI Interface', 'destination-index': '19', 'study-stage': '4', 'decision-state': 0, 'vitals-state': '1', 'airspace-state': 0, 'data': {'action': 'MEDEVACtransmitting onComm2123.45 MHz'}}
INFO:root:1720907946.343439,ID:1001,STAGE:4,SEQUENCE:1234,DATA:{'time': 1720907946.331, 'user-id': '1001', 'source': 'HAI Interface', 'destination-index': '19', 'study-stage': '4', 'decision-state': 0, 'vitals-state': '1', 'airspace-state': 0, 'data': {'page': 'emergency', 'action': 'trying to change destination to100'}}
INFO:root:1720907951.304076,ID:1001,STAGE:4,SEQUENCE:1234,DATA:{'time': 1720907951.298, 'user-id': '1001', 'source': 'HAI Interface', 'destination-index': '19', 'study-stage': '4', 'decision-state': 0, 'vitals-state': '1', 'airspace-state': 0, 'data': {'page': 'emergency', 'action': 'trying to change destination to19'}}
INFO:root:Reroute to Oldforth radio comm response initiated
INFO:root:1720907956.300746,ID:1001,STAGE:4,SEQUENCE:1234,DATA:{'time': 1720907956.291, 'user-id': '1001', 'source': 'HAI Interface', 'destination-index': '19', 'study-stage': '4', 'decision-state': 0, 'vitals-state': '1', 'airspace-state': 0, 'data': {'page': 'emergency', 'action': 'trying to change destination to19'}}
INFO:root:Reroute to Oldforth radio comm done- command to clear event and make the emergency variables 0 sent
INFO:root:1720907961.304029,ID:1001,STAGE:4,SEQUENCE:1234,DATA:{'time': 1720907961.292, 'user-id': '1001', 'source': 'HAI Interface', 'destination-index': '19', 'study-stage': '4', 'decision-state': 0, 'vitals-state': '1', 'airspace-state': 0, 'data': {'page': 'emergency', 'action': 'trying to change destination to19'}}
INFO:root:1720907966.263558,ID:1001,STAGE:4,SEQUENCE:1234,DATA:{'time': 1720907966.256, 'user-id': '1001', 'source': 'HAI Interface', 'destination-index': '19', 'study-stage': '4', 'decision-state': 0, 'vitals-state': '1', 'airspace-state': 0, 'data': {'page': 'emergency', 'action': 'trying to change destination to19'}}
INFO:root:1720907971.258817,ID:1001,STAGE:4,SEQUENCE:1234,DATA:{'time': 1720907971.251, 'user-id': '1001', 'source': 'HAI Interface', 'destination-index': '19', 'study-stage': '4', 'decision-state': 0, 'vitals-state': '1', 'airspace-state': 0, 'data': {'page': 'emergency', 'action': 'trying to change destination to19'}}
INFO:root:1720907976.212943,ID:1001,STAGE:4,SEQUENCE:1234,DATA:{'time': 1720907976.205, 'user-id': '1001', 'source': 'HAI Interface', 'destination-index': '19', 'study-stage': '4', 'decision-state': 0, 'vitals-state': '1', 'airspace-state': 0, 'data': {'page': 'emergency', 'action': 'trying to change destination to19'}}
INFO:root:1720907979.366454,ID:1001,STAGE:4,SEQUENCE:1234,DATA:{'time': 1720907979.359, 'user-id': '1001', 'source': 'HAI Interface', 'destination-index': '19', 'study-stage': '4', 'decision-state': 0, 'vitals-state': '1', 'airspace-state': 0, 'data': {'action': 'receive button pressed'}}
INFO:root:1720907979.36896,ID:1001,STAGE:4,SEQUENCE:1234,DATA:{'time': 1720907979.359, 'user-id': '1001', 'source': 'HAI Interface', 'destination-index': '19', 'study-stage': '4', 'decision-state': 0, 'vitals-state': '1', 'airspace-state': 0, 'data': {'action': 'callsign set to:[object Object]'}}
INFO:root:1720907979.370955,ID:1001,STAGE:4,SEQUENCE:1234,DATA:{'time': 1720907979.36, 'user-id': '1001', 'source': 'HAI Interface', 'destination-index': '19', 'study-stage': '4', 'decision-state': 0, 'vitals-state': '1', 'airspace-state': 0, 'data': {'action': 'radio set to:Comm2'}}
INFO:root:1720907979.375944,ID:1001,STAGE:4,SEQUENCE:1234,DATA:{'time': 1720907979.363, 'user-id': '1001', 'source': 'HAI Interface', 'destination-index': '19', 'study-stage': '4', 'decision-state': 0, 'vitals-state': '1', 'airspace-state': 0, 'data': {'action': 'MEDEVACtransmitting onComm2123.45 MHz'}}
INFO:root:1720907981.32631,ID:1001,STAGE:4,SEQUENCE:1234,DATA:{'time': 1720907981.32, 'user-id': '1001', 'source': 'HAI Interface', 'destination-index': '19', 'study-stage': '4', 'decision-state': 0, 'vitals-state': '1', 'airspace-state': 0, 'data': {'page': 'emergency', 'action': 'trying to change destination to19'}}
INFO:root:1720907983.669727,ID:1001,STAGE:4,SEQUENCE:1234,DATA:{'time': 1720907983.665, 'user-id': '1001', 'source': 'HAI Interface', 'destination-index': '19', 'study-stage': '4', 'decision-state': 0, 'vitals-state': '1', 'airspace-state': 0, 'data': {'page': 'Inflight', 'action': 'change destination button pressed'}}
INFO:root:1720907983.892964,ID:1001,STAGE:4,SEQUENCE:1234,DATA:{'time': 1720907983.824, 'user-id': 'none', 'source': 'HAI Interface', 'destination-index': 3, 'study-stage': -1, 'decision-state': 0, 'vitals-state': 0, 'airspace-state': 0, 'data': {'page': 'change-destination', 'action': 'opened page'}}
INFO:root:1720907984.783866,ID:1001,STAGE:4,SEQUENCE:1234,DATA:{'time': 1720907984.778, 'user-id': '1001', 'source': 'HAI Interface', 'destination-index': '19', 'study-stage': '4', 'decision-state': 0, 'vitals-state': '1', 'airspace-state': 0, 'data': {'page': 'map', 'action': 'selected helipad', 'value': '21'}}
INFO:root:1720907984.790362,ID:1001,STAGE:4,SEQUENCE:1234,DATA:{'time': 1720907984.779, 'user-id': '1001', 'source': 'HAI Interface', 'destination-index': '19', 'study-stage': '4', 'decision-state': 0, 'vitals-state': '1', 'airspace-state': 0, 'data': {'page': 'map', 'action': 'set destination', 'value': -1}}
INFO:root:1720907985.458308,ID:1001,STAGE:4,SEQUENCE:1234,DATA:{'time': 1720907985.453, 'user-id': '1001', 'source': 'HAI Interface', 'destination-index': '19', 'study-stage': '4', 'decision-state': 0, 'vitals-state': '1', 'airspace-state': 0, 'data': {'page': 'map', 'action': 'show map'}}
INFO:root:1720907985.461336,ID:1001,STAGE:4,SEQUENCE:1234,DATA:{'time': 1720907985.454, 'user-id': '1001', 'source': 'HAI Interface', 'destination-index': '19', 'study-stage': '4', 'decision-state': 0, 'vitals-state': '1', 'airspace-state': 0, 'data': {'page': 'map', 'action': 'selected helipad', 'value': '21'}}
INFO:root:1720907985.469315,ID:1001,STAGE:4,SEQUENCE:1234,DATA:{'time': 1720907985.454, 'user-id': '1001', 'source': 'HAI Interface', 'destination-index': '19', 'study-stage': '4', 'decision-state': 0, 'vitals-state': '1', 'airspace-state': 0, 'data': {'page': 'map', 'action': 'set destination', 'value': '19'}}
INFO:root:1720907989.064489,ID:1001,STAGE:4,SEQUENCE:1234,DATA:{'time': 1720907989.046, 'user-id': '1001', 'source': 'HAI Interface', 'destination-index': '19', 'study-stage': '4', 'decision-state': 0, 'vitals-state': '1', 'airspace-state': 0, 'data': {'page': 'emergency', 'action': 'trying to change destination to100'}}
INFO:root:1720907994.072129,ID:1001,STAGE:4,SEQUENCE:1234,DATA:{'time': 1720907994.057, 'user-id': '1001', 'source': 'HAI Interface', 'destination-index': '19', 'study-stage': '4', 'decision-state': 0, 'vitals-state': '1', 'airspace-state': 0, 'data': {'page': 'emergency', 'action': 'trying to change destination to19'}}
INFO:root:1720907994.216743,ID:1001,STAGE:4,SEQUENCE:1234,DATA:{'time': 1720907994.213, 'user-id': '1001', 'source': 'HAI Interface', 'destination-index': '19', 'study-stage': '4', 'decision-state': 0, 'vitals-state': '1', 'airspace-state': 0, 'data': {'page': 'map', 'action': 'hide map'}}
INFO:root:1720907999.044812,ID:1001,STAGE:4,SEQUENCE:1234,DATA:{'time': 1720907999.036, 'user-id': '1001', 'source': 'HAI Interface', 'destination-index': '19', 'study-stage': '4', 'decision-state': 0, 'vitals-state': '1', 'airspace-state': 0, 'data': {'page': 'emergency', 'action': 'trying to change destination to19'}}
INFO:root:1720907999.275853,ID:1001,STAGE:4,SEQUENCE:1234,DATA:{'time': 1720907999.27, 'user-id': '1001', 'source': 'HAI Interface', 'destination-index': '19', 'study-stage': '4', 'decision-state': 0, 'vitals-state': '1', 'airspace-state': 0, 'data': {'action': 'radio panel opened'}}
INFO:root:1720908003.190432,ID:1001,STAGE:4,SEQUENCE:1234,DATA:{'time': 1720908003.184, 'user-id': '1001', 'source': 'HAI Interface', 'destination-index': '19', 'study-stage': '4', 'decision-state': 0, 'vitals-state': '1', 'airspace-state': 0, 'data': {'action': 'receive button pressed'}}
INFO:root:1720908003.197932,ID:1001,STAGE:4,SEQUENCE:1234,DATA:{'time': 1720908003.185, 'user-id': '1001', 'source': 'HAI Interface', 'destination-index': '19', 'study-stage': '4', 'decision-state': 0, 'vitals-state': '1', 'airspace-state': 0, 'data': {'action': 'callsign set to:[object Object]'}}
INFO:root:1720908003.204431,ID:1001,STAGE:4,SEQUENCE:1234,DATA:{'time': 1720908003.185, 'user-id': '1001', 'source': 'HAI Interface', 'destination-index': '19', 'study-stage': '4', 'decision-state': 0, 'vitals-state': '1', 'airspace-state': 0, 'data': {'action': 'radio set to:Comm2'}}
INFO:root:1720908003.209926,ID:1001,STAGE:4,SEQUENCE:1234,DATA:{'time': 1720908003.189, 'user-id': '1001', 'source': 'HAI Interface', 'destination-index': '19', 'study-stage': '4', 'decision-state': 0, 'vitals-state': '1', 'airspace-state': 0, 'data': {'action': 'MEDEVACtransmitting onComm2123.45 MHz'}}
INFO:root:1720908004.000672,ID:1001,STAGE:4,SEQUENCE:1234,DATA:{'time': 1720908003.989, 'user-id': '1001', 'source': 'HAI Interface', 'destination-index': '19', 'study-stage': '4', 'decision-state': 0, 'vitals-state': '1', 'airspace-state': 0, 'data': {'page': 'emergency', 'action': 'trying to change destination to19'}}
INFO:root:1720908009.111201,ID:1001,STAGE:4,SEQUENCE:1234,DATA:{'time': 1720908009.102, 'user-id': '1001', 'source': 'HAI Interface', 'destination-index': '19', 'study-stage': '4', 'decision-state': 0, 'vitals-state': '1', 'airspace-state': 0, 'data': {'page': 'emergency', 'action': 'trying to change destination to19'}}
INFO:root:Reroute to Oldforth radio comm response initiated
INFO:root:1720908014.100478,ID:1001,STAGE:4,SEQUENCE:1234,DATA:{'time': 1720908014.089, 'user-id': '1001', 'source': 'HAI Interface', 'destination-index': '19', 'study-stage': '4', 'decision-state': 0, 'vitals-state': '1', 'airspace-state': 0, 'data': {'page': 'emergency', 'action': 'trying to change destination to19'}}
INFO:root:Reroute to Oldforth radio comm done- command to clear event and make the emergency variables 0 sent
INFO:root:1720908019.05922,ID:1001,STAGE:4,SEQUENCE:1234,DATA:{'time': 1720908019.05, 'user-id': '1001', 'source': 'HAI Interface', 'destination-index': '19', 'study-stage': '4', 'decision-state': 0, 'vitals-state': '1', 'airspace-state': 0, 'data': {'page': 'emergency', 'action': 'trying to change destination to19'}}
INFO:root:1720908021.053132,ID:1001,STAGE:4,SEQUENCE:1234,DATA:{'time': 1720908021.049, 'user-id': '1001', 'source': 'HAI Interface', 'destination-index': '19', 'study-stage': '4', 'decision-state': 0, 'vitals-state': '1', 'airspace-state': 0, 'data': {'page': 'map', 'action': 'show map'}}
INFO:root:1720908021.05565,ID:1001,STAGE:4,SEQUENCE:1234,DATA:{'time': 1720908021.049, 'user-id': '1001', 'source': 'HAI Interface', 'destination-index': '19', 'study-stage': '4', 'decision-state': 0, 'vitals-state': '1', 'airspace-state': 0, 'data': {'page': 'map', 'action': 'selected helipad', 'value': '21'}}
INFO:root:1720908021.057651,ID:1001,STAGE:4,SEQUENCE:1234,DATA:{'time': 1720908021.049, 'user-id': '1001', 'source': 'HAI Interface', 'destination-index': '19', 'study-stage': '4', 'decision-state': 0, 'vitals-state': '1', 'airspace-state': 0, 'data': {'page': 'map', 'action': 'set destination', 'value': '19'}}
INFO:root:1720908023.968473,ID:1001,STAGE:4,SEQUENCE:1234,DATA:{'time': 1720908023.963, 'user-id': '1001', 'source': 'HAI Interface', 'destination-index': '19', 'study-stage': '4', 'decision-state': 0, 'vitals-state': '1', 'airspace-state': 0, 'data': {'page': 'emergency', 'action': 'trying to change destination to19'}}
INFO:root:1720908024.106937,ID:1001,STAGE:4,SEQUENCE:1234,DATA:{'time': 1720908024.078, 'user-id': 'none', 'source': 'HAI Interface', 'destination-index': 3, 'study-stage': -1, 'decision-state': 0, 'vitals-state': 0, 'airspace-state': 0, 'data': {'page': 'checklist', 'action': 'opened page', 'inflight': True}}
INFO:root:1720908025.046397,ID:1001,STAGE:4,SEQUENCE:1234,DATA:{'time': 1720908025.042, 'user-id': '1001', 'source': 'HAI Interface', 'destination-index': '19', 'study-stage': '4', 'decision-state': 0, 'vitals-state': '1', 'airspace-state': 0, 'data': {'page': 'map', 'action': 'selected helipad', 'value': '21'}}
INFO:root:1720908025.958477,ID:1001,STAGE:4,SEQUENCE:1234,DATA:{'time': 1720908025.947, 'user-id': '1001', 'source': 'HAI Interface', 'destination-index': '19', 'study-stage': '4', 'decision-state': 0, 'vitals-state': '1', 'airspace-state': 0, 'data': {'page': 'checklist', 'action': 'toggled checkbox', 'inflight': True, 'item': 0, 'value': 'OFF'}}
INFO:root:1720908026.376338,ID:1001,STAGE:4,SEQUENCE:1234,DATA:{'time': 1720908026.372, 'user-id': '1001', 'source': 'HAI Interface', 'destination-index': '19', 'study-stage': '4', 'decision-state': 0, 'vitals-state': '1', 'airspace-state': 0, 'data': {'page': 'checklist', 'action': 'toggled checkbox', 'inflight': True, 'item': 1, 'value': 'OFF'}}
INFO:root:1720908026.680126,ID:1001,STAGE:4,SEQUENCE:1234,DATA:{'time': 1720908026.675, 'user-id': '1001', 'source': 'HAI Interface', 'destination-index': '19', 'study-stage': '4', 'decision-state': 0, 'vitals-state': '1', 'airspace-state': 0, 'data': {'page': 'checklist', 'action': 'toggled checkbox', 'inflight': True, 'item': 2, 'value': 'OFF'}}
INFO:root:1720908026.682126,ID:1001,STAGE:4,SEQUENCE:1234,DATA:{'time': 1720908026.676, 'user-id': '1001', 'source': 'HAI Interface', 'destination-index': '19', 'study-stage': '4', 'decision-state': 0, 'vitals-state': '1', 'airspace-state': 0, 'data': {'page': 'checklist', 'action': 'showing confirm button', 'inflight': True}}
INFO:root:1720908027.063038,ID:1001,STAGE:4,SEQUENCE:1234,DATA:{'time': 1720908027.057, 'user-id': '1001', 'source': 'HAI Interface', 'destination-index': '19', 'study-stage': '4', 'decision-state': 0, 'vitals-state': '1', 'airspace-state': 0, 'data': {'page': 'checklist', 'action': 'confirm button clicked', 'inflight': True}}
INFO:root:1720908027.421551,ID:1001,STAGE:4,SEQUENCE:1234,DATA:{'time': 1720908027.387, 'user-id': 'none', 'source': 'HAI Interface', 'destination-index': 3, 'study-stage': -1, 'decision-state': 0, 'vitals-state': 0, 'airspace-state': 0, 'data': {'page': 'landing-confirmation', 'action': 'opened page'}}
INFO:root:1720908027.425541,ID:1001,STAGE:4,SEQUENCE:1234,DATA:{'time': 1720908027.388, 'user-id': 'none', 'source': 'HAI Interface', 'destination-index': 3, 'study-stage': -1, 'decision-state': 0, 'vitals-state': 0, 'airspace-state': 0, 'data': {'page': 'landing-confirmation', 'action': 'showing helipad confirm', 'value': 1}}
INFO:root:1720908028.08818,ID:1001,STAGE:4,SEQUENCE:1234,DATA:{'time': 1720908028.083, 'user-id': '1001', 'source': 'HAI Interface', 'destination-index': '19', 'study-stage': '4', 'decision-state': 0, 'vitals-state': '1', 'airspace-state': 0, 'data': {'page': 'landing-confirmation', 'action': 'checkbox toggle', 'item': 0, 'value': 'ON'}}
INFO:root:1720908028.356329,ID:1001,STAGE:4,SEQUENCE:1234,DATA:{'time': 1720908028.351, 'user-id': '1001', 'source': 'HAI Interface', 'destination-index': '19', 'study-stage': '4', 'decision-state': 0, 'vitals-state': '1', 'airspace-state': 0, 'data': {'page': 'map', 'action': 'selected helipad', 'value': '21'}}
INFO:root:1720908028.364761,ID:1001,STAGE:4,SEQUENCE:1234,DATA:{'time': 1720908028.355, 'user-id': '1001', 'source': 'HAI Interface', 'destination-index': '19', 'study-stage': '4', 'decision-state': 0, 'vitals-state': '1', 'airspace-state': 0, 'data': {'page': 'landing-confirmation', 'action': 'checkbox toggle', 'item': 1, 'value': 'ON'}}
INFO:root:1720908028.861725,ID:1001,STAGE:4,SEQUENCE:1234,DATA:{'time': 1720908028.857, 'user-id': '1001', 'source': 'HAI Interface', 'destination-index': '19', 'study-stage': '4', 'decision-state': 0, 'vitals-state': '1', 'airspace-state': 0, 'data': {'page': 'landing-confirmation', 'action': 'confirmed safe to land'}}
INFO:root:1720908028.864497,ID:1001,STAGE:4,SEQUENCE:1234,DATA:{'time': 1720908028.857, 'user-id': '1001', 'source': 'HAI Interface', 'destination-index': '19', 'study-stage': '4', 'decision-state': 0, 'vitals-state': '1', 'airspace-state': 0, 'data': {'page': 'landing-confirmation', 'action': 'showing helipad ready'}}
INFO:root:1720908029.685596,ID:1001,STAGE:4,SEQUENCE:1234,DATA:{'time': 1720908029.681, 'user-id': '1001', 'source': 'HAI Interface', 'destination-index': '19', 'study-stage': '4', 'decision-state': 0, 'vitals-state': '1', 'airspace-state': 0, 'data': {'page': 'landing-confirmation', 'action': 'gave landing confirmation'}}
INFO:root:1720908029.836003,ID:1001,STAGE:4,SEQUENCE:1234,DATA:{'time': 1720908029.808, 'user-id': 'none', 'source': 'HAI Interface', 'destination-index': 3, 'study-stage': -1, 'decision-state': 0, 'vitals-state': 0, 'airspace-state': 0, 'data': {'page': 'landing-countdown', 'action': 'opened page'}}
INFO:root:1720908030.783334,ID:1001,STAGE:4,SEQUENCE:1234,DATA:{'time': 1720908030.778, 'user-id': '1001', 'source': 'HAI Interface', 'destination-index': '19', 'study-stage': '4', 'decision-state': '1', 'vitals-state': '1', 'airspace-state': 0, 'data': {'page': 'map', 'action': 'selected helipad', 'value': '21'}}
INFO:root:1720908030.815701,ID:1001,STAGE:4,SEQUENCE:1234,DATA:{'time': 1720908030.812, 'user-id': '1001', 'source': 'HAI Interface', 'destination-index': '19', 'study-stage': '4', 'decision-state': '1', 'vitals-state': '1', 'airspace-state': 0, 'data': {'page': 'landing-countdown', 'action': 'countdown changed', 'value': 5}}
INFO:root:1720908031.815447,ID:1001,STAGE:4,SEQUENCE:1234,DATA:{'time': 1720908031.811, 'user-id': '1001', 'source': 'HAI Interface', 'destination-index': '19', 'study-stage': '4', 'decision-state': '1', 'vitals-state': '1', 'airspace-state': 0, 'data': {'page': 'landing-countdown', 'action': 'countdown changed', 'value': 4}}
INFO:root:1720908032.82512,ID:1001,STAGE:4,SEQUENCE:1234,DATA:{'time': 1720908032.811, 'user-id': '1001', 'source': 'HAI Interface', 'destination-index': '19', 'study-stage': '4', 'decision-state': '1', 'vitals-state': '1', 'airspace-state': 0, 'data': {'page': 'landing-countdown', 'action': 'countdown changed', 'value': 3}}
INFO:root:1720908033.815396,ID:1001,STAGE:4,SEQUENCE:1234,DATA:{'time': 1720908033.811, 'user-id': '1001', 'source': 'HAI Interface', 'destination-index': '19', 'study-stage': '4', 'decision-state': '1', 'vitals-state': '1', 'airspace-state': 0, 'data': {'page': 'landing-countdown', 'action': 'countdown changed', 'value': 2}}
INFO:root:1720908034.82011,ID:1001,STAGE:4,SEQUENCE:1234,DATA:{'time': 1720908034.814, 'user-id': '1001', 'source': 'HAI Interface', 'destination-index': '19', 'study-stage': '4', 'decision-state': '1', 'vitals-state': '1', 'airspace-state': 0, 'data': {'page': 'landing-countdown', 'action': 'countdown changed', 'value': 1}}
INFO:root:1720908035.816187,ID:1001,STAGE:4,SEQUENCE:1234,DATA:{'time': 1720908035.811, 'user-id': '1001', 'source': 'HAI Interface', 'destination-index': '19', 'study-stage': '4', 'decision-state': '1', 'vitals-state': '1', 'airspace-state': 0, 'data': {'page': 'landing-countdown', 'action': 'countdown changed', 'value': 0}}
INFO:root:1720908036.814593,ID:1001,STAGE:4,SEQUENCE:1234,DATA:{'time': 1720908036.811, 'user-id': '1001', 'source': 'HAI Interface', 'destination-index': '19', 'study-stage': '4', 'decision-state': '1', 'vitals-state': '1', 'airspace-state': 0, 'data': {'page': 'landing-countdown', 'action': 'countdown complete'}}
INFO:root:1720908036.953877,ID:1001,STAGE:4,SEQUENCE:1234,DATA:{'time': 1720908036.929, 'user-id': 'none', 'source': 'HAI Interface', 'destination-index': 3, 'study-stage': -1, 'decision-state': 0, 'vitals-state': 0, 'airspace-state': 0, 'data': {'page': 'landed', 'action': 'opened page'}}
INFO:root:1720908037.901486,ID:1001,STAGE:4,SEQUENCE:1234,DATA:{'time': 1720908037.895, 'user-id': '1001', 'source': 'HAI Interface', 'destination-index': '19', 'study-stage': '4', 'decision-state': '1', 'vitals-state': '1', 'airspace-state': 0, 'data': {'page': 'map', 'action': 'selected helipad', 'value': '21'}}
INFO:SimConnect.SimConnect:SIM Paused
INFO:SimConnect.SimConnect:SIM Paused
INFO:SimConnect.SimConnect:SIM Stop
INFO:SimConnect.SimConnect:SIM START
INFO:SimConnect.SimConnect:SIM Stop
INFO:SimConnect.SimConnect:SIM START
INFO:SimConnect.SimConnect:SIM Unpaused
INFO:root:1720908239.486904,ID:0,STAGE:1,SEQUENCE:0,DATA:{'time': 1720908239.493, 'source': 'VitalsTask', 'timer': 0.002, 'data': {'sensor': 'Heart Rate', 'action': 'opened sensor tab'}}
INFO:root:1720908239.4889,ID:0,STAGE:1,SEQUENCE:0,DATA:{'time': 1720908239.494, 'source': 'VitalsTask', 'timer': 0.003, 'data': {'sensor': 'Heart Rate', 'action': 'keypad open'}}
INFO:root:1720908239.492315,ID:0,STAGE:1,SEQUENCE:0,DATA:{'time': 1720908239.495, 'source': 'VitalsTask', 'timer': 0.004, 'data': {'sensor': 'Heart Rate', 'action': 'show action buttons'}}
INFO:root:1720908240.108542,ID:0,STAGE:1,SEQUENCE:0,DATA:{'time': 1720908240.093, 'user-id': 'none', 'source': 'HAI Interface', 'destination-index': 3, 'study-stage': -1, 'decision-state': 0, 'vitals-state': 0, 'airspace-state': 0, 'data': {'page': 'index', 'action': 'opened page'}}
INFO:root:1720908241.07481,ID:0,STAGE:1,SEQUENCE:0,DATA:{'time': 1720908241.071, 'user-id': '0', 'source': 'HAI Interface', 'destination-index': 'None', 'study-stage': 1, 'decision-state': 0, 'vitals-state': 0, 'airspace-state': 0, 'data': {'page': 'map', 'action': 'selected helipad', 'value': '21'}}
