INFO:root:1720905703.749997,ID:1001,STAGE:2,SEQUENCE:1234,DATA:{'time': 1720905703.746, 'user-id': '1001', 'source': 'HAI Interface', 'destination-index': 'None', 'study-stage': '2', 'decision-state': 0, 'vitals-state': 0, 'airspace-state': 0, 'data': {'page': 'index', 'action': 'confirm button pressed'}}
INFO:root:1720905703.866918,ID:1001,STAGE:2,SEQUENCE:1234,DATA:{'time': 1720905703.846, 'user-id': 'none', 'source': 'HAI Interface', 'destination-index': 3, 'study-stage': -1, 'decision-state': 0, 'vitals-state': 0, 'airspace-state': 0, 'data': {'page': 'location', 'action': 'opened page'}}
INFO:root:Takeoff radiocomms initiated
INFO:root:1720905704.824265,ID:1001,STAGE:2,SEQUENCE:1234,DATA:{'time': 1720905704.82, 'user-id': '1001', 'source': 'HAI Interface', 'destination-index': 'None', 'study-stage': '2', 'decision-state': 0, 'vitals-state': 0, 'airspace-state': 0, 'data': {'page': 'map', 'action': 'selected helipad', 'value': '21'}}
INFO:root:1720905705.948501,ID:1001,STAGE:2,SEQUENCE:1234,DATA:{'time': 1720905705.945, 'user-id': '1001', 'source': 'HAI Interface', 'destination-index': 'None', 'study-stage': '2', 'decision-state': 0, 'vitals-state': 0, 'airspace-state': 0, 'data': {'page': 'location', 'action': 'confirm button pressed'}}
INFO:root:1720905706.166238,ID:1001,STAGE:2,SEQUENCE:1234,DATA:{'time': 1720905706.146, 'user-id': 'none', 'source': 'HAI Interface', 'destination-index': 3, 'study-stage': -1, 'decision-state': 0, 'vitals-state': 0, 'airspace-state': 0, 'data': {'page': 'checklist', 'action': 'opened page', 'inflight': False}}
INFO:root:1720905707.123934,ID:1001,STAGE:2,SEQUENCE:1234,DATA:{'time': 1720905707.12, 'user-id': '1001', 'source': 'HAI Interface', 'destination-index': '3', 'study-stage': '2', 'decision-state': 0, 'vitals-state': 0, 'airspace-state': 0, 'data': {'page': 'map', 'action': 'selected helipad', 'value': '21'}}
INFO:root:1720905707.260279,ID:1001,STAGE:2,SEQUENCE:1234,DATA:{'time': 1720905707.257, 'user-id': '1001', 'source': 'HAI Interface', 'destination-index': '3', 'study-stage': '2', 'decision-state': 0, 'vitals-state': 0, 'airspace-state': 0, 'data': {'page': 'checklist', 'action': 'toggled checkbox', 'inflight': False, 'item': 0, 'value': 'OFF'}}
INFO:root:1720905709.713693,ID:1001,STAGE:2,SEQUENCE:1234,DATA:{'time': 1720905709.709, 'user-id': '1001', 'source': 'HAI Interface', 'destination-index': '3', 'study-stage': '2', 'decision-state': 0, 'vitals-state': 0, 'airspace-state': 0, 'data': {'page': 'checklist', 'action': 'toggled checkbox', 'inflight': False, 'item': 1, 'value': 'OFF'}}
INFO:root:1720905710.416143,ID:1001,STAGE:2,SEQUENCE:1234,DATA:{'time': 1720905710.413, 'user-id': '1001', 'source': 'HAI Interface', 'destination-index': '3', 'study-stage': '2', 'decision-state': 0, 'vitals-state': 0, 'airspace-state': 0, 'data': {'page': 'checklist', 'action': 'toggled checkbox', 'inflight': False, 'item': 2, 'value': 'OFF'}}
INFO:root:1720905710.417138,ID:1001,STAGE:2,SEQUENCE:1234,DATA:{'time': 1720905710.413, 'user-id': '1001', 'source': 'HAI Interface', 'destination-index': '3', 'study-stage': '2', 'decision-state': 0, 'vitals-state': 0, 'airspace-state': 0, 'data': {'page': 'checklist', 'action': 'showing confirm button', 'inflight': False}}
INFO:root:1720905710.939679,ID:1001,STAGE:2,SEQUENCE:1234,DATA:{'time': 1720905710.933, 'user-id': '1001', 'source': 'HAI Interface', 'destination-index': '3', 'study-stage': '2', 'decision-state': 0, 'vitals-state': 0, 'airspace-state': 0, 'data': {'page': 'checklist', 'action': 'confirm button clicked', 'inflight': False}}
INFO:root:1720905711.058624,ID:1001,STAGE:2,SEQUENCE:1234,DATA:{'time': 1720905711.037, 'user-id': 'none', 'source': 'HAI Interface', 'destination-index': 3, 'study-stage': -1, 'decision-state': 0, 'vitals-state': 0, 'airspace-state': 0, 'data': {'page': 'countdown', 'action': 'opened page'}}
INFO:root:1720905712.007474,ID:1001,STAGE:2,SEQUENCE:1234,DATA:{'time': 1720905712.004, 'user-id': '1001', 'source': 'HAI Interface', 'destination-index': '3', 'study-stage': '2', 'decision-state': 0, 'vitals-state': 0, 'airspace-state': 0, 'data': {'page': 'map', 'action': 'selected helipad', 'value': '21'}}
INFO:root:1720905712.045109,ID:1001,STAGE:2,SEQUENCE:1234,DATA:{'time': 1720905712.042, 'user-id': '1001', 'source': 'HAI Interface', 'destination-index': '3', 'study-stage': '2', 'decision-state': 0, 'vitals-state': 0, 'airspace-state': 0, 'data': {'page': 'countdown', 'action': 'countdown now 4'}}
INFO:root:1720905713.048839,ID:1001,STAGE:2,SEQUENCE:1234,DATA:{'time': 1720905713.045, 'user-id': '1001', 'source': 'HAI Interface', 'destination-index': '3', 'study-stage': '2', 'decision-state': 0, 'vitals-state': 0, 'airspace-state': 0, 'data': {'page': 'countdown', 'action': 'countdown now 3'}}
INFO:root:1720905714.049321,ID:1001,STAGE:2,SEQUENCE:1234,DATA:{'time': 1720905714.046, 'user-id': '1001', 'source': 'HAI Interface', 'destination-index': '3', 'study-stage': '2', 'decision-state': 0, 'vitals-state': 0, 'airspace-state': 0, 'data': {'page': 'countdown', 'action': 'countdown now 2'}}
INFO:root:1720905715.056003,ID:1001,STAGE:2,SEQUENCE:1234,DATA:{'time': 1720905715.052, 'user-id': '1001', 'source': 'HAI Interface', 'destination-index': '3', 'study-stage': '2', 'decision-state': 0, 'vitals-state': 0, 'airspace-state': 0, 'data': {'page': 'countdown', 'action': 'countdown now 1'}}
INFO:root:1720905716.055905,ID:1001,STAGE:2,SEQUENCE:1234,DATA:{'time': 1720905716.052, 'user-id': '1001', 'source': 'HAI Interface', 'destination-index': '3', 'study-stage': '2', 'decision-state': 0, 'vitals-state': 0, 'airspace-state': 0, 'data': {'page': 'countdown', 'action': 'countdown now 0'}}
INFO:root:1720905717.054856,ID:1001,STAGE:2,SEQUENCE:1234,DATA:{'time': 1720905717.051, 'user-id': '1001', 'source': 'HAI Interface', 'destination-index': '3', 'study-stage': '2', 'decision-state': 0, 'vitals-state': 0, 'airspace-state': 0, 'data': {'page': 'countdown', 'action': 'countdown complete'}}
INFO:root:1720905718.879367,ID:1001,STAGE:2,SEQUENCE:1234,DATA:{'time': 1720905718.867, 'user-id': '1001', 'source': 'HAI Interface', 'destination-index': '3', 'study-stage': '2', 'decision-state': 0, 'vitals-state': 0, 'airspace-state': 0, 'data': {'page': 'map', 'action': 'selected helipad', 'value': '21'}}
INFO:root:Takeoff radiocomms clear request sent
INFO:root:1720905726.050481,ID:1001,STAGE:2,SEQUENCE:1234,DATA:{'time': 1720905726.046, 'user-id': '1001', 'source': 'HAI Interface', 'destination-index': '3', 'study-stage': '2', 'decision-state': 0, 'vitals-state': 0, 'airspace-state': 0, 'data': {'action': 'radio panel opened'}}
INFO:root:1720905729.525131,ID:1001,STAGE:2,SEQUENCE:1234,DATA:{'time': 1720905729.515, 'user-id': '1001', 'source': 'HAI Interface', 'destination-index': '3', 'study-stage': '2', 'decision-state': 0, 'vitals-state': 0, 'airspace-state': 0, 'data': {'action': 'transmit button pressed'}}
INFO:root:1720905729.528127,ID:1001,STAGE:2,SEQUENCE:1234,DATA:{'time': 1720905729.515, 'user-id': '1001', 'source': 'HAI Interface', 'destination-index': '3', 'study-stage': '2', 'decision-state': 0, 'vitals-state': 0, 'airspace-state': 0, 'data': {'action': 'callsign set to: + NASXGS'}}
INFO:root:1720905729.532159,ID:1001,STAGE:2,SEQUENCE:1234,DATA:{'time': 1720905729.515, 'user-id': '1001', 'source': 'HAI Interface', 'destination-index': '3', 'study-stage': '2', 'decision-state': 0, 'vitals-state': 0, 'airspace-state': 0, 'data': {'action': 'radio set to:Comm1'}}
INFO:root:1720905729.534158,ID:1001,STAGE:2,SEQUENCE:1234,DATA:{'time': 1720905729.516, 'user-id': '1001', 'source': 'HAI Interface', 'destination-index': '3', 'study-stage': '2', 'decision-state': 0, 'vitals-state': 0, 'airspace-state': 0, 'data': {'page': 'map', 'action': 'show map'}}
INFO:root:1720905729.540179,ID:1001,STAGE:2,SEQUENCE:1234,DATA:{'time': 1720905729.516, 'user-id': '1001', 'source': 'HAI Interface', 'destination-index': '3', 'study-stage': '2', 'decision-state': 0, 'vitals-state': 0, 'airspace-state': 0, 'data': {'page': 'map', 'action': 'selected helipad', 'value': '21'}}
INFO:root:1720905729.545679,ID:1001,STAGE:2,SEQUENCE:1234,DATA:{'time': 1720905729.52, 'user-id': '1001', 'source': 'HAI Interface', 'destination-index': '3', 'study-stage': '2', 'decision-state': 0, 'vitals-state': 0, 'airspace-state': 0, 'data': {'action': 'NASXGStransmitting updates onComm1123.45 MHz'}}
INFO:root:Inflight Radio Update asked
INFO:root:1720905742.870905,ID:1001,STAGE:2,SEQUENCE:1234,DATA:{'time': 1720905742.866, 'user-id': '1001', 'source': 'HAI Interface', 'destination-index': '3', 'study-stage': '2', 'decision-state': 0, 'vitals-state': 0, 'airspace-state': 0, 'data': {'page': 'map', 'action': 'hide map'}}
INFO:root:1720905745.35412,ID:1001,STAGE:2,SEQUENCE:1234,DATA:{'time': 1720905745.35, 'user-id': '1001', 'source': 'HAI Interface', 'destination-index': '3', 'study-stage': '2', 'decision-state': 0, 'vitals-state': 0, 'airspace-state': 0, 'data': {'page': 'map', 'action': 'show map'}}
INFO:root:1720905745.356119,ID:1001,STAGE:2,SEQUENCE:1234,DATA:{'time': 1720905745.35, 'user-id': '1001', 'source': 'HAI Interface', 'destination-index': '3', 'study-stage': '2', 'decision-state': 0, 'vitals-state': 0, 'airspace-state': 0, 'data': {'page': 'map', 'action': 'selected helipad', 'value': '21'}}
INFO:root:1720905775.009835,ID:1001,STAGE:2,SEQUENCE:1234,DATA:{'time': 1720905775.005, 'user-id': '1001', 'source': 'HAI Interface', 'destination-index': '3', 'study-stage': '2', 'decision-state': 0, 'vitals-state': 0, 'airspace-state': 0, 'data': {'page': 'inflight', 'action': 'displaying vitals prompt'}}
INFO:root:1720905781.862345,ID:1001,STAGE:2,SEQUENCE:1234,DATA:{'time': 1720905781.862, 'source': 'VitalsTask', 'timer': 100.673, 'data': {'sensor': 'Heart Rate', 'action': 'capture', 'data': 'action button pressed'}}
INFO:root:1720905781.865512,ID:1001,STAGE:2,SEQUENCE:1234,DATA:{'time': 1720905781.863, 'source': 'VitalsTask', 'timer': 100.674, 'data': {'sensor': 'Heart Rate', 'action': 'capture', 'data': 'starting sensor action'}}
INFO:root:1720905782.883762,ID:1001,STAGE:2,SEQUENCE:1234,DATA:{'time': 1720905782.88, 'source': 'VitalsTask', 'timer': 101.691, 'data': {'sensor': 'Heart Rate', 'action': 'capture', 'data': 'sensor action complete'}}
INFO:root:1720905782.886871,ID:1001,STAGE:2,SEQUENCE:1234,DATA:{'time': 1720905782.881, 'source': 'VitalsTask', 'timer': 101.692, 'data': {'sensor': 'Heart Rate', 'action': 'keypad open'}}
INFO:root:1720905783.907463,ID:1001,STAGE:2,SEQUENCE:1234,DATA:{'time': 1720905783.908, 'source': 'VitalsTask', 'timer': 102.719, 'data': {'sensor': 'Heart Rate', 'action': 'keypad press', 'key': 5, 'value': 5}}
INFO:root:1720905784.322948,ID:1001,STAGE:2,SEQUENCE:1234,DATA:{'time': 1720905784.322, 'source': 'VitalsTask', 'timer': 103.133, 'data': {'sensor': 'Heart Rate', 'action': 'keypad press', 'key': 5, 'value': 55}}
INFO:root:1720905785.464119,ID:1001,STAGE:2,SEQUENCE:1234,DATA:{'time': 1720905785.463, 'source': 'VitalsTask', 'timer': 104.274, 'data': {'sensor': 'Heart Rate', 'action': 'show action buttons'}}
INFO:root:1720905785.466109,ID:1001,STAGE:2,SEQUENCE:1234,DATA:{'time': 1720905785.464, 'source': 'VitalsTask', 'timer': 104.275, 'data': {'sensor': 'Heart Rate', 'action': 'keypad press', 'key': 10, 'value': 55}}
INFO:root:1720905786.553852,ID:1001,STAGE:2,SEQUENCE:1234,DATA:{'time': 1720905786.554, 'source': 'VitalsTask', 'timer': 105.365, 'data': {'sensor': 'Heart Rate', 'action': 'log', 'data': 'action button pressed'}}
INFO:root:1720905786.556358,ID:1001,STAGE:2,SEQUENCE:1234,DATA:{'time': 1720905786.554, 'source': 'VitalsTask', 'timer': 105.365, 'data': {'sensor': 'Heart Rate', 'action': 'log', 'data': 'starting sensor action'}}
INFO:root:1720905787.567351,ID:1001,STAGE:2,SEQUENCE:1234,DATA:{'time': 1720905787.568, 'source': 'VitalsTask', 'timer': 106.379, 'data': {'sensor': 'Heart Rate', 'action': 'log', 'data': 'sensor action complete'}}
INFO:root:1720905787.956518,ID:1001,STAGE:2,SEQUENCE:1234,DATA:{'time': 1720905787.956, 'source': 'VitalsTask', 'timer': 106.767, 'data': {'sensor': 'Heart Rate', 'action': 'save', 'data': 'action button pressed'}}
INFO:root:1720905787.959023,ID:1001,STAGE:2,SEQUENCE:1234,DATA:{'time': 1720905787.956, 'source': 'VitalsTask', 'timer': 106.767, 'data': {'sensor': 'Heart Rate', 'action': 'save', 'data': 'starting sensor action'}}
INFO:root:1720905788.976828,ID:1001,STAGE:2,SEQUENCE:1234,DATA:{'time': 1720905788.976, 'source': 'VitalsTask', 'timer': 107.787, 'data': {'sensor': 'Heart Rate', 'action': 'save', 'data': 'sensor action complete'}}
INFO:root:1720905789.401212,ID:1001,STAGE:2,SEQUENCE:1234,DATA:{'time': 1720905789.4, 'source': 'VitalsTask', 'timer': 108.211, 'data': {'sensor': 'O\u2082 Saturation', 'action': 'opened sensor tab'}}
INFO:root:1720905790.246998,ID:1001,STAGE:2,SEQUENCE:1234,DATA:{'time': 1720905790.245, 'source': 'VitalsTask', 'timer': 109.056, 'data': {'sensor': 'O\u2082 Saturation', 'action': 'capture', 'data': 'action button pressed'}}
INFO:root:1720905790.248563,ID:1001,STAGE:2,SEQUENCE:1234,DATA:{'time': 1720905790.246, 'source': 'VitalsTask', 'timer': 109.057, 'data': {'sensor': 'O\u2082 Saturation', 'action': 'capture', 'data': 'starting sensor action'}}
INFO:root:1720905790.385853,ID:1001,STAGE:2,SEQUENCE:1234,DATA:{'time': 1720905790.386, 'source': 'VitalsTask', 'timer': 109.197, 'data': {'sensor': 'O\u2082 Saturation', 'action': 'capture', 'data': 'action button pressed'}}
INFO:root:1720905790.387371,ID:1001,STAGE:2,SEQUENCE:1234,DATA:{'time': 1720905790.386, 'source': 'VitalsTask', 'timer': 109.197, 'data': {'sensor': 'O\u2082 Saturation', 'action': 'capture', 'data': 'a sensor action is in progress, cancelling'}}
INFO:root:1720905791.25805,ID:1001,STAGE:2,SEQUENCE:1234,DATA:{'time': 1720905791.256, 'source': 'VitalsTask', 'timer': 110.067, 'data': {'sensor': 'O\u2082 Saturation', 'action': 'capture', 'data': 'sensor action complete'}}
INFO:root:1720905791.260388,ID:1001,STAGE:2,SEQUENCE:1234,DATA:{'time': 1720905791.256, 'source': 'VitalsTask', 'timer': 110.067, 'data': {'sensor': 'O\u2082 Saturation', 'action': 'keypad open'}}
INFO:root:1720905792.560246,ID:1001,STAGE:2,SEQUENCE:1234,DATA:{'time': 1720905792.559, 'source': 'VitalsTask', 'timer': 111.37, 'data': {'sensor': 'O\u2082 Saturation', 'action': 'keypad press', 'key': 1, 'value': 1}}
INFO:root:1720905793.826629,ID:1001,STAGE:2,SEQUENCE:1234,DATA:{'time': 1720905793.827, 'source': 'VitalsTask', 'timer': 112.638, 'data': {'sensor': 'O\u2082 Saturation', 'action': 'keypad press', 'key': 11, 'value': 10}}
INFO:root:1720905794.119218,ID:1001,STAGE:2,SEQUENCE:1234,DATA:{'time': 1720905794.119, 'source': 'VitalsTask', 'timer': 112.93, 'data': {'sensor': 'O\u2082 Saturation', 'action': 'keypad press', 'key': 11, 'value': 100}}
INFO:root:1720905795.023278,ID:1001,STAGE:2,SEQUENCE:1234,DATA:{'time': 1720905795.022, 'source': 'VitalsTask', 'timer': 113.833, 'data': {'sensor': 'O\u2082 Saturation', 'action': 'show action buttons'}}
INFO:root:1720905795.026829,ID:1001,STAGE:2,SEQUENCE:1234,DATA:{'time': 1720905795.022, 'source': 'VitalsTask', 'timer': 113.833, 'data': {'sensor': 'O\u2082 Saturation', 'action': 'keypad press', 'key': 10, 'value': 100}}
INFO:root:1720905796.133826,ID:1001,STAGE:2,SEQUENCE:1234,DATA:{'time': 1720905796.134, 'source': 'VitalsTask', 'timer': 114.945, 'data': {'sensor': 'O\u2082 Saturation', 'action': 'log', 'data': 'action button pressed'}}
INFO:root:1720905796.135818,ID:1001,STAGE:2,SEQUENCE:1234,DATA:{'time': 1720905796.134, 'source': 'VitalsTask', 'timer': 114.945, 'data': {'sensor': 'O\u2082 Saturation', 'action': 'log', 'data': 'starting sensor action'}}
INFO:root:1720905797.148669,ID:1001,STAGE:2,SEQUENCE:1234,DATA:{'time': 1720905797.147, 'source': 'VitalsTask', 'timer': 115.958, 'data': {'sensor': 'O\u2082 Saturation', 'action': 'log', 'data': 'sensor action complete'}}
INFO:root:1720905797.722356,ID:1001,STAGE:2,SEQUENCE:1234,DATA:{'time': 1720905797.721, 'source': 'VitalsTask', 'timer': 116.532, 'data': {'sensor': 'O\u2082 Saturation', 'action': 'save', 'data': 'action button pressed'}}
INFO:root:1720905797.723359,ID:1001,STAGE:2,SEQUENCE:1234,DATA:{'time': 1720905797.721, 'source': 'VitalsTask', 'timer': 116.532, 'data': {'sensor': 'O\u2082 Saturation', 'action': 'save', 'data': 'starting sensor action'}}
INFO:root:1720905798.657863,ID:1001,STAGE:2,SEQUENCE:1234,DATA:{'time': 1720905798.658, 'source': 'VitalsTask', 'timer': 117.469, 'data': {'sensor': 'O\u2082 Saturation', 'action': 'open', 'data': 'a sensor action is in progress, cancelling'}}
INFO:root:1720905798.73501,ID:1001,STAGE:2,SEQUENCE:1234,DATA:{'time': 1720905798.736, 'source': 'VitalsTask', 'timer': 117.547, 'data': {'sensor': 'O\u2082 Saturation', 'action': 'save', 'data': 'sensor action complete'}}
INFO:root:1720905799.706666,ID:1001,STAGE:2,SEQUENCE:1234,DATA:{'time': 1720905799.707, 'source': 'VitalsTask', 'timer': 118.518, 'data': {'sensor': 'Blood Pressure', 'action': 'opened sensor tab'}}
INFO:root:1720905800.711717,ID:1001,STAGE:2,SEQUENCE:1234,DATA:{'time': 1720905800.712, 'source': 'VitalsTask', 'timer': 119.523, 'data': {'sensor': 'Blood Pressure', 'action': 'capture', 'data': 'action button pressed'}}
INFO:root:1720905800.714632,ID:1001,STAGE:2,SEQUENCE:1234,DATA:{'time': 1720905800.712, 'source': 'VitalsTask', 'timer': 119.523, 'data': {'sensor': 'Blood Pressure', 'action': 'capture', 'data': 'starting sensor action'}}
INFO:root:1720905801.728806,ID:1001,STAGE:2,SEQUENCE:1234,DATA:{'time': 1720905801.728, 'source': 'VitalsTask', 'timer': 120.539, 'data': {'sensor': 'Blood Pressure', 'action': 'capture', 'data': 'sensor action complete'}}
INFO:root:1720905801.730801,ID:1001,STAGE:2,SEQUENCE:1234,DATA:{'time': 1720905801.728, 'source': 'VitalsTask', 'timer': 120.539, 'data': {'sensor': 'Blood Pressure', 'action': 'keypad open'}}
INFO:root:1720905802.520132,ID:1001,STAGE:2,SEQUENCE:1234,DATA:{'time': 1720905802.521, 'source': 'VitalsTask', 'timer': 121.332, 'data': {'sensor': 'Blood Pressure', 'action': 'keypad press', 'key': 1, 'value': 1}}
INFO:root:1720905803.078927,ID:1001,STAGE:2,SEQUENCE:1234,DATA:{'time': 1720905803.079, 'source': 'VitalsTask', 'timer': 121.89, 'data': {'sensor': 'Blood Pressure', 'action': 'keypad press', 'key': 2, 'value': 12}}
INFO:root:1720905804.552482,ID:1001,STAGE:2,SEQUENCE:1234,DATA:{'time': 1720905804.553, 'source': 'VitalsTask', 'timer': 123.364, 'data': {'sensor': 'Blood Pressure', 'action': 'keypad press', 'key': 11, 'value': 120}}
INFO:root:1720905805.149332,ID:1001,STAGE:2,SEQUENCE:1234,DATA:{'time': 1720905805.149, 'source': 'VitalsTask', 'timer': 123.96, 'data': {'sensor': 'Blood Pressure', 'action': 'keypad press', 'key': 8, 'value': 1208}}
INFO:root:1720905805.821415,ID:1001,STAGE:2,SEQUENCE:1234,DATA:{'time': 1720905805.822, 'source': 'VitalsTask', 'timer': 124.633, 'data': {'sensor': 'Blood Pressure', 'action': 'keypad press', 'key': 11, 'value': 12080}}
INFO:root:1720905806.780092,ID:1001,STAGE:2,SEQUENCE:1234,DATA:{'time': 1720905806.78, 'source': 'VitalsTask', 'timer': 125.591, 'data': {'sensor': 'Blood Pressure', 'action': 'show action buttons'}}
INFO:root:1720905806.781914,ID:1001,STAGE:2,SEQUENCE:1234,DATA:{'time': 1720905806.78, 'source': 'VitalsTask', 'timer': 125.591, 'data': {'sensor': 'Blood Pressure', 'action': 'keypad press', 'key': 10, 'value': 12080}}
INFO:root:1720905807.717097,ID:1001,STAGE:2,SEQUENCE:1234,DATA:{'time': 1720905807.717, 'source': 'VitalsTask', 'timer': 126.528, 'data': {'sensor': 'Blood Pressure', 'action': 'log', 'data': 'action button pressed'}}
INFO:root:1720905807.718094,ID:1001,STAGE:2,SEQUENCE:1234,DATA:{'time': 1720905807.717, 'source': 'VitalsTask', 'timer': 126.528, 'data': {'sensor': 'Blood Pressure', 'action': 'log', 'data': 'starting sensor action'}}
INFO:root:1720905808.73527,ID:1001,STAGE:2,SEQUENCE:1234,DATA:{'time': 1720905808.736, 'source': 'VitalsTask', 'timer': 127.547, 'data': {'sensor': 'Blood Pressure', 'action': 'log', 'data': 'sensor action complete'}}
INFO:root:1720905809.23139,ID:1001,STAGE:2,SEQUENCE:1234,DATA:{'time': 1720905809.232, 'source': 'VitalsTask', 'timer': 128.043, 'data': {'sensor': 'Blood Pressure', 'action': 'save', 'data': 'action button pressed'}}
INFO:root:1720905809.233386,ID:1001,STAGE:2,SEQUENCE:1234,DATA:{'time': 1720905809.232, 'source': 'VitalsTask', 'timer': 128.043, 'data': {'sensor': 'Blood Pressure', 'action': 'save', 'data': 'starting sensor action'}}
INFO:root:1720905810.248662,ID:1001,STAGE:2,SEQUENCE:1234,DATA:{'time': 1720905810.248, 'source': 'VitalsTask', 'timer': 129.059, 'data': {'sensor': 'Blood Pressure', 'action': 'save', 'data': 'sensor action complete'}}
INFO:root:1720905810.736689,ID:1001,STAGE:2,SEQUENCE:1234,DATA:{'time': 1720905810.737, 'source': 'VitalsTask', 'timer': 129.548, 'data': {'sensor': 'submit', 'action': 'submit'}}
INFO:root:1720905810.738373,ID:1001,STAGE:2,SEQUENCE:1234,DATA:{'time': 1720905810.738, 'source': 'VitalsTask', 'timer': 129.549, 'data': {'sensor': 'submit', 'action': 'submit', 'data': 'submit succeeded'}}
INFO:root:1720905811.861352,ID:1001,STAGE:2,SEQUENCE:1234,DATA:{'time': 1720905811.856, 'user-id': '1001', 'source': 'HAI Interface', 'destination-index': '3', 'study-stage': '2', 'decision-state': 0, 'vitals-state': 0, 'airspace-state': 0, 'data': {'page': 'inflight', 'action': 'user acknowledged vitals prompt'}}
INFO:root:Inflight Radio Update asked
INFO:root:1720905828.123643,ID:1001,STAGE:2,SEQUENCE:1234,DATA:{'time': 1720905828.118, 'user-id': '1001', 'source': 'HAI Interface', 'destination-index': '3', 'study-stage': '2', 'decision-state': 0, 'vitals-state': 0, 'airspace-state': 0, 'data': {'action': 'transmit button pressed'}}
INFO:root:1720905828.126633,ID:1001,STAGE:2,SEQUENCE:1234,DATA:{'time': 1720905828.119, 'user-id': '1001', 'source': 'HAI Interface', 'destination-index': '3', 'study-stage': '2', 'decision-state': 0, 'vitals-state': 0, 'airspace-state': 0, 'data': {'action': 'callsign set to: + NASXGS'}}
INFO:root:1720905828.12854,ID:1001,STAGE:2,SEQUENCE:1234,DATA:{'time': 1720905828.119, 'user-id': '1001', 'source': 'HAI Interface', 'destination-index': '3', 'study-stage': '2', 'decision-state': 0, 'vitals-state': 0, 'airspace-state': 0, 'data': {'action': 'radio set to:Comm1'}}
INFO:root:1720905828.133634,ID:1001,STAGE:2,SEQUENCE:1234,DATA:{'time': 1720905828.119, 'user-id': '1001', 'source': 'HAI Interface', 'destination-index': '3', 'study-stage': '2', 'decision-state': 0, 'vitals-state': 0, 'airspace-state': 0, 'data': {'page': 'map', 'action': 'show map'}}
INFO:root:1720905828.13763,ID:1001,STAGE:2,SEQUENCE:1234,DATA:{'time': 1720905828.12, 'user-id': '1001', 'source': 'HAI Interface', 'destination-index': '3', 'study-stage': '2', 'decision-state': 0, 'vitals-state': 0, 'airspace-state': 0, 'data': {'page': 'map', 'action': 'selected helipad', 'value': '21'}}
INFO:root:1720905828.140621,ID:1001,STAGE:2,SEQUENCE:1234,DATA:{'time': 1720905828.124, 'user-id': '1001', 'source': 'HAI Interface', 'destination-index': '3', 'study-stage': '2', 'decision-state': 0, 'vitals-state': 0, 'airspace-state': 0, 'data': {'action': 'NASXGStransmitting updates onComm1123.45 MHz'}}
INFO:root:1720905841.48049,ID:1001,STAGE:2,SEQUENCE:1234,DATA:{'time': 1720905841.478, 'user-id': '1001', 'source': 'HAI Interface', 'destination-index': '3', 'study-stage': '2', 'decision-state': 0, 'vitals-state': 0, 'airspace-state': 0, 'data': {'page': 'map', 'action': 'hide map'}}
INFO:root:1720905843.759646,ID:1001,STAGE:2,SEQUENCE:1234,DATA:{'time': 1720905843.752, 'user-id': '1001', 'source': 'HAI Interface', 'destination-index': '3', 'study-stage': '2', 'decision-state': 0, 'vitals-state': 0, 'airspace-state': 0, 'data': {'page': 'map', 'action': 'show map'}}
INFO:root:1720905843.762641,ID:1001,STAGE:2,SEQUENCE:1234,DATA:{'time': 1720905843.753, 'user-id': '1001', 'source': 'HAI Interface', 'destination-index': '3', 'study-stage': '2', 'decision-state': 0, 'vitals-state': 0, 'airspace-state': 0, 'data': {'page': 'map', 'action': 'selected helipad', 'value': '21'}}
INFO:root:1720905858.078971,ID:1001,STAGE:2,SEQUENCE:1234,DATA:{'time': 1720905858.079, 'source': 'VitalsTask', 'timer': 47.341, 'data': {'sensor': 'Heart Rate', 'action': 'opened sensor tab'}}
INFO:root:1720905873.010235,ID:1001,STAGE:2,SEQUENCE:1234,DATA:{'time': 1720905873.004, 'user-id': '1001', 'source': 'HAI Interface', 'destination-index': '3', 'study-stage': '2', 'decision-state': 0, 'vitals-state': 0, 'airspace-state': 0, 'data': {'page': 'inflight', 'action': 'displaying vitals prompt'}}
INFO:root:1720905876.12776,ID:1001,STAGE:2,SEQUENCE:1234,DATA:{'time': 1720905876.127, 'source': 'VitalsTask', 'timer': 65.389, 'data': {'sensor': 'Heart Rate', 'action': 'capture', 'data': 'action button pressed'}}
INFO:root:1720905876.130751,ID:1001,STAGE:2,SEQUENCE:1234,DATA:{'time': 1720905876.127, 'source': 'VitalsTask', 'timer': 65.389, 'data': {'sensor': 'Heart Rate', 'action': 'capture', 'data': 'starting sensor action'}}
INFO:root:1720905877.146584,ID:1001,STAGE:2,SEQUENCE:1234,DATA:{'time': 1720905877.146, 'source': 'VitalsTask', 'timer': 66.408, 'data': {'sensor': 'Heart Rate', 'action': 'capture', 'data': 'sensor action complete'}}
INFO:root:1720905877.149005,ID:1001,STAGE:2,SEQUENCE:1234,DATA:{'time': 1720905877.147, 'source': 'VitalsTask', 'timer': 66.409, 'data': {'sensor': 'Heart Rate', 'action': 'keypad open'}}
INFO:root:1720905878.333404,ID:1001,STAGE:2,SEQUENCE:1234,DATA:{'time': 1720905878.334, 'source': 'VitalsTask', 'timer': 67.596, 'data': {'sensor': 'Heart Rate', 'action': 'keypad press', 'key': 5, 'value': 5}}
INFO:root:1720905878.571424,ID:1001,STAGE:2,SEQUENCE:1234,DATA:{'time': 1720905878.571, 'source': 'VitalsTask', 'timer': 67.833, 'data': {'sensor': 'Heart Rate', 'action': 'keypad press', 'key': 5, 'value': 55}}
INFO:root:1720905879.626371,ID:1001,STAGE:2,SEQUENCE:1234,DATA:{'time': 1720905879.625, 'source': 'VitalsTask', 'timer': 68.887, 'data': {'sensor': 'Heart Rate', 'action': 'show action buttons'}}
INFO:root:1720905879.628365,ID:1001,STAGE:2,SEQUENCE:1234,DATA:{'time': 1720905879.625, 'source': 'VitalsTask', 'timer': 68.887, 'data': {'sensor': 'Heart Rate', 'action': 'keypad press', 'key': 10, 'value': 55}}
INFO:root:1720905880.562237,ID:1001,STAGE:2,SEQUENCE:1234,DATA:{'time': 1720905880.561, 'source': 'VitalsTask', 'timer': 69.823, 'data': {'sensor': 'Heart Rate', 'action': 'log', 'data': 'action button pressed'}}
INFO:root:1720905880.56457,ID:1001,STAGE:2,SEQUENCE:1234,DATA:{'time': 1720905880.561, 'source': 'VitalsTask', 'timer': 69.823, 'data': {'sensor': 'Heart Rate', 'action': 'log', 'data': 'starting sensor action'}}
INFO:root:1720905881.574745,ID:1001,STAGE:2,SEQUENCE:1234,DATA:{'time': 1720905881.575, 'source': 'VitalsTask', 'timer': 70.837, 'data': {'sensor': 'Heart Rate', 'action': 'log', 'data': 'sensor action complete'}}
INFO:root:1720905881.945573,ID:1001,STAGE:2,SEQUENCE:1234,DATA:{'time': 1720905881.945, 'source': 'VitalsTask', 'timer': 71.207, 'data': {'sensor': 'Heart Rate', 'action': 'save', 'data': 'action button pressed'}}
INFO:root:1720905881.94657,ID:1001,STAGE:2,SEQUENCE:1234,DATA:{'time': 1720905881.945, 'source': 'VitalsTask', 'timer': 71.207, 'data': {'sensor': 'Heart Rate', 'action': 'save', 'data': 'starting sensor action'}}
INFO:root:1720905882.965348,ID:1001,STAGE:2,SEQUENCE:1234,DATA:{'time': 1720905882.964, 'source': 'VitalsTask', 'timer': 72.226, 'data': {'sensor': 'Heart Rate', 'action': 'save', 'data': 'sensor action complete'}}
INFO:root:1720905883.398666,ID:1001,STAGE:2,SEQUENCE:1234,DATA:{'time': 1720905883.399, 'source': 'VitalsTask', 'timer': 72.661, 'data': {'sensor': 'O\u2082 Saturation', 'action': 'opened sensor tab'}}
INFO:root:1720905884.423961,ID:1001,STAGE:2,SEQUENCE:1234,DATA:{'time': 1720905884.423, 'source': 'VitalsTask', 'timer': 73.685, 'data': {'sensor': 'O\u2082 Saturation', 'action': 'capture', 'data': 'action button pressed'}}
INFO:root:1720905884.426469,ID:1001,STAGE:2,SEQUENCE:1234,DATA:{'time': 1720905884.424, 'source': 'VitalsTask', 'timer': 73.686, 'data': {'sensor': 'O\u2082 Saturation', 'action': 'capture', 'data': 'starting sensor action'}}
INFO:root:1720905885.441669,ID:1001,STAGE:2,SEQUENCE:1234,DATA:{'time': 1720905885.441, 'source': 'VitalsTask', 'timer': 74.703, 'data': {'sensor': 'O\u2082 Saturation', 'action': 'capture', 'data': 'sensor action complete'}}
INFO:root:1720905885.444198,ID:1001,STAGE:2,SEQUENCE:1234,DATA:{'time': 1720905885.442, 'source': 'VitalsTask', 'timer': 74.704, 'data': {'sensor': 'O\u2082 Saturation', 'action': 'keypad open'}}
INFO:root:1720905886.868593,ID:1001,STAGE:2,SEQUENCE:1234,DATA:{'time': 1720905886.867, 'source': 'VitalsTask', 'timer': 76.129, 'data': {'sensor': 'O\u2082 Saturation', 'action': 'keypad press', 'key': 1, 'value': 1}}
INFO:root:1720905887.986441,ID:1001,STAGE:2,SEQUENCE:1234,DATA:{'time': 1720905887.987, 'source': 'VitalsTask', 'timer': 77.249, 'data': {'sensor': 'O\u2082 Saturation', 'action': 'keypad press', 'key': 11, 'value': 10}}
INFO:root:1720905888.291933,ID:1001,STAGE:2,SEQUENCE:1234,DATA:{'time': 1720905888.291, 'source': 'VitalsTask', 'timer': 77.553, 'data': {'sensor': 'O\u2082 Saturation', 'action': 'keypad press', 'key': 11, 'value': 100}}
INFO:root:1720905888.944737,ID:1001,STAGE:2,SEQUENCE:1234,DATA:{'time': 1720905888.943, 'source': 'VitalsTask', 'timer': 78.205, 'data': {'sensor': 'O\u2082 Saturation', 'action': 'show action buttons'}}
INFO:root:1720905888.948732,ID:1001,STAGE:2,SEQUENCE:1234,DATA:{'time': 1720905888.943, 'source': 'VitalsTask', 'timer': 78.205, 'data': {'sensor': 'O\u2082 Saturation', 'action': 'keypad press', 'key': 10, 'value': 100}}
INFO:root:1720905890.755353,ID:1001,STAGE:2,SEQUENCE:1234,DATA:{'time': 1720905890.755, 'source': 'VitalsTask', 'timer': 80.017, 'data': {'sensor': 'O\u2082 Saturation', 'action': 'log', 'data': 'action button pressed'}}
INFO:root:1720905890.757347,ID:1001,STAGE:2,SEQUENCE:1234,DATA:{'time': 1720905890.756, 'source': 'VitalsTask', 'timer': 80.018, 'data': {'sensor': 'O\u2082 Saturation', 'action': 'log', 'data': 'starting sensor action'}}
INFO:root:1720905891.768744,ID:1001,STAGE:2,SEQUENCE:1234,DATA:{'time': 1720905891.77, 'source': 'VitalsTask', 'timer': 81.032, 'data': {'sensor': 'O\u2082 Saturation', 'action': 'log', 'data': 'sensor action complete'}}
INFO:root:1720905892.187793,ID:1001,STAGE:2,SEQUENCE:1234,DATA:{'time': 1720905892.187, 'source': 'VitalsTask', 'timer': 81.449, 'data': {'sensor': 'O\u2082 Saturation', 'action': 'save', 'data': 'action button pressed'}}
INFO:root:1720905892.190642,ID:1001,STAGE:2,SEQUENCE:1234,DATA:{'time': 1720905892.187, 'source': 'VitalsTask', 'timer': 81.449, 'data': {'sensor': 'O\u2082 Saturation', 'action': 'save', 'data': 'starting sensor action'}}
INFO:root:1720905893.201002,ID:1001,STAGE:2,SEQUENCE:1234,DATA:{'time': 1720905893.202, 'source': 'VitalsTask', 'timer': 82.464, 'data': {'sensor': 'O\u2082 Saturation', 'action': 'save', 'data': 'sensor action complete'}}
INFO:root:1720905893.845,ID:1001,STAGE:2,SEQUENCE:1234,DATA:{'time': 1720905893.841, 'source': 'VitalsTask', 'timer': 83.103, 'data': {'sensor': 'O\u2082 Saturation', 'action': 'opened sensor tab'}}
INFO:root:1720905894.860301,ID:1001,STAGE:2,SEQUENCE:1234,DATA:{'time': 1720905894.861, 'source': 'VitalsTask', 'timer': 84.123, 'data': {'sensor': 'Blood Pressure', 'action': 'opened sensor tab'}}
INFO:root:1720905896.024382,ID:1001,STAGE:2,SEQUENCE:1234,DATA:{'time': 1720905896.023, 'source': 'VitalsTask', 'timer': 85.285, 'data': {'sensor': 'Blood Pressure', 'action': 'capture', 'data': 'action button pressed'}}
INFO:root:1720905896.026885,ID:1001,STAGE:2,SEQUENCE:1234,DATA:{'time': 1720905896.023, 'source': 'VitalsTask', 'timer': 85.285, 'data': {'sensor': 'Blood Pressure', 'action': 'capture', 'data': 'starting sensor action'}}
INFO:root:1720905897.035775,ID:1001,STAGE:2,SEQUENCE:1234,DATA:{'time': 1720905897.035, 'source': 'VitalsTask', 'timer': 86.297, 'data': {'sensor': 'Blood Pressure', 'action': 'capture', 'data': 'sensor action complete'}}
INFO:root:1720905897.037858,ID:1001,STAGE:2,SEQUENCE:1234,DATA:{'time': 1720905897.035, 'source': 'VitalsTask', 'timer': 86.297, 'data': {'sensor': 'Blood Pressure', 'action': 'keypad open'}}
INFO:root:1720905897.737665,ID:1001,STAGE:2,SEQUENCE:1234,DATA:{'time': 1720905897.737, 'source': 'VitalsTask', 'timer': 86.999, 'data': {'sensor': 'Blood Pressure', 'action': 'keypad press', 'key': 1, 'value': 1}}
INFO:root:1720905898.269582,ID:1001,STAGE:2,SEQUENCE:1234,DATA:{'time': 1720905898.272, 'source': 'VitalsTask', 'timer': 87.534, 'data': {'sensor': 'Blood Pressure', 'action': 'keypad press', 'key': 2, 'value': 12}}
INFO:root:1720905899.34027,ID:1001,STAGE:2,SEQUENCE:1234,DATA:{'time': 1720905899.34, 'source': 'VitalsTask', 'timer': 88.602, 'data': {'sensor': 'Blood Pressure', 'action': 'keypad press', 'key': 11, 'value': 120}}
INFO:root:1720905899.918075,ID:1001,STAGE:2,SEQUENCE:1234,DATA:{'time': 1720905899.918, 'source': 'VitalsTask', 'timer': 89.18, 'data': {'sensor': 'Blood Pressure', 'action': 'keypad press', 'key': 8, 'value': 1208}}
INFO:root:1720905900.490094,ID:1001,STAGE:2,SEQUENCE:1234,DATA:{'time': 1720905900.487, 'source': 'VitalsTask', 'timer': 89.749, 'data': {'sensor': 'Blood Pressure', 'action': 'keypad press', 'key': 11, 'value': 12080}}
INFO:root:1720905901.146716,ID:1001,STAGE:2,SEQUENCE:1234,DATA:{'time': 1720905901.147, 'source': 'VitalsTask', 'timer': 90.409, 'data': {'sensor': 'Blood Pressure', 'action': 'show action buttons'}}
INFO:root:1720905901.149709,ID:1001,STAGE:2,SEQUENCE:1234,DATA:{'time': 1720905901.147, 'source': 'VitalsTask', 'timer': 90.409, 'data': {'sensor': 'Blood Pressure', 'action': 'keypad press', 'key': 10, 'value': 12080}}
INFO:root:1720905902.381212,ID:1001,STAGE:2,SEQUENCE:1234,DATA:{'time': 1720905902.381, 'source': 'VitalsTask', 'timer': 91.643, 'data': {'sensor': 'Blood Pressure', 'action': 'log', 'data': 'action button pressed'}}
INFO:root:1720905902.383718,ID:1001,STAGE:2,SEQUENCE:1234,DATA:{'time': 1720905902.381, 'source': 'VitalsTask', 'timer': 91.643, 'data': {'sensor': 'Blood Pressure', 'action': 'log', 'data': 'starting sensor action'}}
INFO:root:1720905903.401316,ID:1001,STAGE:2,SEQUENCE:1234,DATA:{'time': 1720905903.401, 'source': 'VitalsTask', 'timer': 92.663, 'data': {'sensor': 'Blood Pressure', 'action': 'log', 'data': 'sensor action complete'}}
INFO:root:1720905903.799516,ID:1001,STAGE:2,SEQUENCE:1234,DATA:{'time': 1720905903.799, 'source': 'VitalsTask', 'timer': 93.061, 'data': {'sensor': 'Blood Pressure', 'action': 'save', 'data': 'action button pressed'}}
INFO:root:1720905903.801929,ID:1001,STAGE:2,SEQUENCE:1234,DATA:{'time': 1720905903.799, 'source': 'VitalsTask', 'timer': 93.061, 'data': {'sensor': 'Blood Pressure', 'action': 'save', 'data': 'starting sensor action'}}
INFO:root:1720905904.815747,ID:1001,STAGE:2,SEQUENCE:1234,DATA:{'time': 1720905904.814, 'source': 'VitalsTask', 'timer': 94.076, 'data': {'sensor': 'Blood Pressure', 'action': 'save', 'data': 'sensor action complete'}}
INFO:root:1720905905.245154,ID:1001,STAGE:2,SEQUENCE:1234,DATA:{'time': 1720905905.245, 'source': 'VitalsTask', 'timer': 94.507, 'data': {'sensor': 'submit', 'action': 'submit'}}
INFO:root:1720905905.247147,ID:1001,STAGE:2,SEQUENCE:1234,DATA:{'time': 1720905905.245, 'source': 'VitalsTask', 'timer': 94.507, 'data': {'sensor': 'submit', 'action': 'submit', 'data': 'submit succeeded'}}
INFO:root:1720905906.397099,ID:1001,STAGE:2,SEQUENCE:1234,DATA:{'time': 1720905906.394, 'user-id': '1001', 'source': 'HAI Interface', 'destination-index': '3', 'study-stage': '2', 'decision-state': 0, 'vitals-state': 0, 'airspace-state': 0, 'data': {'page': 'inflight', 'action': 'user acknowledged vitals prompt'}}
INFO:root:1720905926.644632,ID:1001,STAGE:2,SEQUENCE:1234,DATA:{'time': 1720905926.639, 'user-id': '1001', 'source': 'HAI Interface', 'destination-index': '3', 'study-stage': '2', 'decision-state': 0, 'vitals-state': 0, 'airspace-state': 0, 'data': {'action': 'transmit button pressed'}}
INFO:root:1720905926.650135,ID:1001,STAGE:2,SEQUENCE:1234,DATA:{'time': 1720905926.64, 'user-id': '1001', 'source': 'HAI Interface', 'destination-index': '3', 'study-stage': '2', 'decision-state': 0, 'vitals-state': 0, 'airspace-state': 0, 'data': {'action': 'callsign set to: + NASXGS'}}
INFO:root:1720905926.655126,ID:1001,STAGE:2,SEQUENCE:1234,DATA:{'time': 1720905926.64, 'user-id': '1001', 'source': 'HAI Interface', 'destination-index': '3', 'study-stage': '2', 'decision-state': 0, 'vitals-state': 0, 'airspace-state': 0, 'data': {'action': 'radio set to:Comm1'}}
INFO:root:1720905926.657121,ID:1001,STAGE:2,SEQUENCE:1234,DATA:{'time': 1720905926.641, 'user-id': '1001', 'source': 'HAI Interface', 'destination-index': '3', 'study-stage': '2', 'decision-state': 0, 'vitals-state': 0, 'airspace-state': 0, 'data': {'page': 'map', 'action': 'show map'}}
INFO:root:1720905926.661109,ID:1001,STAGE:2,SEQUENCE:1234,DATA:{'time': 1720905926.641, 'user-id': '1001', 'source': 'HAI Interface', 'destination-index': '3', 'study-stage': '2', 'decision-state': 0, 'vitals-state': 0, 'airspace-state': 0, 'data': {'page': 'map', 'action': 'selected helipad', 'value': '21'}}
INFO:root:1720905926.664265,ID:1001,STAGE:2,SEQUENCE:1234,DATA:{'time': 1720905926.646, 'user-id': '1001', 'source': 'HAI Interface', 'destination-index': '3', 'study-stage': '2', 'decision-state': 0, 'vitals-state': 0, 'airspace-state': 0, 'data': {'action': 'NASXGStransmitting updates onComm1123.45 MHz'}}
INFO:root:Inflight Radio Update asked
INFO:root:1720905939.570356,ID:1001,STAGE:2,SEQUENCE:1234,DATA:{'time': 1720905939.567, 'user-id': '1001', 'source': 'HAI Interface', 'destination-index': '3', 'study-stage': '2', 'decision-state': 0, 'vitals-state': 0, 'airspace-state': 0, 'data': {'page': 'map', 'action': 'hide map'}}
INFO:root:1720905941.500522,ID:1001,STAGE:2,SEQUENCE:1234,DATA:{'time': 1720905941.496, 'user-id': '1001', 'source': 'HAI Interface', 'destination-index': '3', 'study-stage': '2', 'decision-state': 0, 'vitals-state': 0, 'airspace-state': 0, 'data': {'page': 'map', 'action': 'show map'}}
INFO:root:1720905941.503031,ID:1001,STAGE:2,SEQUENCE:1234,DATA:{'time': 1720905941.496, 'user-id': '1001', 'source': 'HAI Interface', 'destination-index': '3', 'study-stage': '2', 'decision-state': 0, 'vitals-state': 0, 'airspace-state': 0, 'data': {'page': 'map', 'action': 'selected helipad', 'value': '21'}}
INFO:root:1720905972.057048,ID:1001,STAGE:2,SEQUENCE:1234,DATA:{'time': 1720905972.052, 'user-id': '1001', 'source': 'HAI Interface', 'destination-index': '3', 'study-stage': '2', 'decision-state': 0, 'vitals-state': 0, 'airspace-state': 0, 'data': {'page': 'inflight', 'action': 'displaying vitals prompt'}}
INFO:root:1720905976.710274,ID:1001,STAGE:2,SEQUENCE:1234,DATA:{'time': 1720905976.711, 'source': 'VitalsTask', 'timer': 71.465, 'data': {'sensor': 'Blood Pressure', 'action': 'capture', 'data': 'action button pressed'}}
INFO:root:1720905976.711266,ID:1001,STAGE:2,SEQUENCE:1234,DATA:{'time': 1720905976.711, 'source': 'VitalsTask', 'timer': 71.465, 'data': {'sensor': 'Blood Pressure', 'action': 'capture', 'data': 'starting sensor action'}}
INFO:root:1720905977.726063,ID:1001,STAGE:2,SEQUENCE:1234,DATA:{'time': 1720905977.725, 'source': 'VitalsTask', 'timer': 72.479, 'data': {'sensor': 'Blood Pressure', 'action': 'capture', 'data': 'sensor action complete'}}
INFO:root:1720905977.727064,ID:1001,STAGE:2,SEQUENCE:1234,DATA:{'time': 1720905977.725, 'source': 'VitalsTask', 'timer': 72.479, 'data': {'sensor': 'Blood Pressure', 'action': 'keypad open'}}
INFO:root:1720905978.535349,ID:1001,STAGE:2,SEQUENCE:1234,DATA:{'time': 1720905978.535, 'source': 'VitalsTask', 'timer': 73.289, 'data': {'sensor': 'Blood Pressure', 'action': 'keypad press', 'key': 1, 'value': 1}}
INFO:root:1720905980.907192,ID:1001,STAGE:2,SEQUENCE:1234,DATA:{'time': 1720905980.905, 'source': 'VitalsTask', 'timer': 75.659, 'data': {'sensor': 'Blood Pressure', 'action': 'keypad press', 'key': 2, 'value': 12}}
INFO:root:1720905981.938672,ID:1001,STAGE:2,SEQUENCE:1234,DATA:{'time': 1720905981.938, 'source': 'VitalsTask', 'timer': 76.692, 'data': {'sensor': 'Blood Pressure', 'action': 'keypad press', 'key': 5, 'value': 125}}
INFO:root:1720905984.916931,ID:1001,STAGE:2,SEQUENCE:1234,DATA:{'time': 1720905984.917, 'source': 'VitalsTask', 'timer': 79.671, 'data': {'sensor': 'Blood Pressure', 'action': 'keypad press', 'key': 12, 'value': 12}}
INFO:root:1720905986.006152,ID:1001,STAGE:2,SEQUENCE:1234,DATA:{'time': 1720905985.996, 'source': 'VitalsTask', 'timer': 80.75, 'data': {'sensor': 'Blood Pressure', 'action': 'keypad press', 'key': 11, 'value': 120}}
INFO:root:1720905986.793218,ID:1001,STAGE:2,SEQUENCE:1234,DATA:{'time': 1720905986.794, 'source': 'VitalsTask', 'timer': 81.548, 'data': {'sensor': 'Blood Pressure', 'action': 'keypad press', 'key': 8, 'value': 1208}}
INFO:root:1720905987.517238,ID:1001,STAGE:2,SEQUENCE:1234,DATA:{'time': 1720905987.518, 'source': 'VitalsTask', 'timer': 82.272, 'data': {'sensor': 'Blood Pressure', 'action': 'keypad press', 'key': 11, 'value': 12080}}
INFO:root:1720905988.23116,ID:1001,STAGE:2,SEQUENCE:1234,DATA:{'time': 1720905988.232, 'source': 'VitalsTask', 'timer': 82.986, 'data': {'sensor': 'Blood Pressure', 'action': 'show action buttons'}}
INFO:root:1720905988.233695,ID:1001,STAGE:2,SEQUENCE:1234,DATA:{'time': 1720905988.232, 'source': 'VitalsTask', 'timer': 82.986, 'data': {'sensor': 'Blood Pressure', 'action': 'keypad press', 'key': 10, 'value': 12080}}
INFO:root:1720905989.125048,ID:1001,STAGE:2,SEQUENCE:1234,DATA:{'time': 1720905989.125, 'source': 'VitalsTask', 'timer': 83.879, 'data': {'sensor': 'Blood Pressure', 'action': 'log', 'data': 'action button pressed'}}
INFO:root:1720905989.127046,ID:1001,STAGE:2,SEQUENCE:1234,DATA:{'time': 1720905989.125, 'source': 'VitalsTask', 'timer': 83.879, 'data': {'sensor': 'Blood Pressure', 'action': 'log', 'data': 'starting sensor action'}}
INFO:root:1720905990.137463,ID:1001,STAGE:2,SEQUENCE:1234,DATA:{'time': 1720905990.135, 'source': 'VitalsTask', 'timer': 84.889, 'data': {'sensor': 'Blood Pressure', 'action': 'log', 'data': 'sensor action complete'}}
INFO:root:1720905990.442191,ID:1001,STAGE:2,SEQUENCE:1234,DATA:{'time': 1720905990.443, 'source': 'VitalsTask', 'timer': 85.197, 'data': {'sensor': 'Blood Pressure', 'action': 'save', 'data': 'action button pressed'}}
INFO:root:1720905990.443698,ID:1001,STAGE:2,SEQUENCE:1234,DATA:{'time': 1720905990.443, 'source': 'VitalsTask', 'timer': 85.197, 'data': {'sensor': 'Blood Pressure', 'action': 'save', 'data': 'starting sensor action'}}
INFO:root:1720905991.459535,ID:1001,STAGE:2,SEQUENCE:1234,DATA:{'time': 1720905991.458, 'source': 'VitalsTask', 'timer': 86.212, 'data': {'sensor': 'Blood Pressure', 'action': 'save', 'data': 'sensor action complete'}}
INFO:root:1720905991.647206,ID:1001,STAGE:2,SEQUENCE:1234,DATA:{'time': 1720905991.648, 'source': 'VitalsTask', 'timer': 86.402, 'data': {'sensor': 'O\u2082 Saturation', 'action': 'opened sensor tab'}}
INFO:root:1720905992.728069,ID:1001,STAGE:2,SEQUENCE:1234,DATA:{'time': 1720905992.725, 'source': 'VitalsTask', 'timer': 87.479, 'data': {'sensor': 'O\u2082 Saturation', 'action': 'capture', 'data': 'action button pressed'}}
INFO:root:1720905992.73089,ID:1001,STAGE:2,SEQUENCE:1234,DATA:{'time': 1720905992.726, 'source': 'VitalsTask', 'timer': 87.48, 'data': {'sensor': 'O\u2082 Saturation', 'action': 'capture', 'data': 'starting sensor action'}}
INFO:root:1720905993.741203,ID:1001,STAGE:2,SEQUENCE:1234,DATA:{'time': 1720905993.742, 'source': 'VitalsTask', 'timer': 88.496, 'data': {'sensor': 'O\u2082 Saturation', 'action': 'capture', 'data': 'sensor action complete'}}
INFO:root:1720905993.743549,ID:1001,STAGE:2,SEQUENCE:1234,DATA:{'time': 1720905993.742, 'source': 'VitalsTask', 'timer': 88.496, 'data': {'sensor': 'O\u2082 Saturation', 'action': 'keypad open'}}
INFO:root:1720905994.869864,ID:1001,STAGE:2,SEQUENCE:1234,DATA:{'time': 1720905994.871, 'source': 'VitalsTask', 'timer': 89.625, 'data': {'sensor': 'O\u2082 Saturation', 'action': 'keypad press', 'key': 1, 'value': 1}}
INFO:root:1720905995.911302,ID:1001,STAGE:2,SEQUENCE:1234,DATA:{'time': 1720905995.912, 'source': 'VitalsTask', 'timer': 90.666, 'data': {'sensor': 'O\u2082 Saturation', 'action': 'keypad press', 'key': 11, 'value': 10}}
INFO:root:1720905996.295502,ID:1001,STAGE:2,SEQUENCE:1234,DATA:{'time': 1720905996.296, 'source': 'VitalsTask', 'timer': 91.05, 'data': {'sensor': 'O\u2082 Saturation', 'action': 'keypad press', 'key': 11, 'value': 100}}
INFO:root:1720905997.281787,ID:1001,STAGE:2,SEQUENCE:1234,DATA:{'time': 1720905997.283, 'source': 'VitalsTask', 'timer': 92.037, 'data': {'sensor': 'O\u2082 Saturation', 'action': 'show action buttons'}}
INFO:root:1720905997.283781,ID:1001,STAGE:2,SEQUENCE:1234,DATA:{'time': 1720905997.283, 'source': 'VitalsTask', 'timer': 92.037, 'data': {'sensor': 'O\u2082 Saturation', 'action': 'keypad press', 'key': 10, 'value': 100}}
INFO:root:1720905998.692103,ID:1001,STAGE:2,SEQUENCE:1234,DATA:{'time': 1720905998.692, 'source': 'VitalsTask', 'timer': 93.446, 'data': {'sensor': 'O\u2082 Saturation', 'action': 'log', 'data': 'action button pressed'}}
INFO:root:1720905998.693101,ID:1001,STAGE:2,SEQUENCE:1234,DATA:{'time': 1720905998.693, 'source': 'VitalsTask', 'timer': 93.447, 'data': {'sensor': 'O\u2082 Saturation', 'action': 'log', 'data': 'starting sensor action'}}
INFO:root:1720905999.705993,ID:1001,STAGE:2,SEQUENCE:1234,DATA:{'time': 1720905999.707, 'source': 'VitalsTask', 'timer': 94.461, 'data': {'sensor': 'O\u2082 Saturation', 'action': 'log', 'data': 'sensor action complete'}}
INFO:root:1720906000.078033,ID:1001,STAGE:2,SEQUENCE:1234,DATA:{'time': 1720906000.078, 'source': 'VitalsTask', 'timer': 94.832, 'data': {'sensor': 'O\u2082 Saturation', 'action': 'save', 'data': 'action button pressed'}}
INFO:root:1720906000.080172,ID:1001,STAGE:2,SEQUENCE:1234,DATA:{'time': 1720906000.079, 'source': 'VitalsTask', 'timer': 94.833, 'data': {'sensor': 'O\u2082 Saturation', 'action': 'save', 'data': 'starting sensor action'}}
INFO:root:1720906001.088618,ID:1001,STAGE:2,SEQUENCE:1234,DATA:{'time': 1720906001.09, 'source': 'VitalsTask', 'timer': 95.844, 'data': {'sensor': 'O\u2082 Saturation', 'action': 'save', 'data': 'sensor action complete'}}
INFO:root:1720906001.49294,ID:1001,STAGE:2,SEQUENCE:1234,DATA:{'time': 1720906001.493, 'source': 'VitalsTask', 'timer': 96.247, 'data': {'sensor': 'Heart Rate', 'action': 'opened sensor tab'}}
INFO:root:1720906002.573999,ID:1001,STAGE:2,SEQUENCE:1234,DATA:{'time': 1720906002.574, 'source': 'VitalsTask', 'timer': 97.328, 'data': {'sensor': 'Heart Rate', 'action': 'capture', 'data': 'action button pressed'}}
INFO:root:1720906002.575993,ID:1001,STAGE:2,SEQUENCE:1234,DATA:{'time': 1720906002.574, 'source': 'VitalsTask', 'timer': 97.328, 'data': {'sensor': 'Heart Rate', 'action': 'capture', 'data': 'starting sensor action'}}
INFO:root:1720906003.596383,ID:1001,STAGE:2,SEQUENCE:1234,DATA:{'time': 1720906003.596, 'source': 'VitalsTask', 'timer': 98.35, 'data': {'sensor': 'Heart Rate', 'action': 'capture', 'data': 'sensor action complete'}}
INFO:root:1720906003.59738,ID:1001,STAGE:2,SEQUENCE:1234,DATA:{'time': 1720906003.597, 'source': 'VitalsTask', 'timer': 98.351, 'data': {'sensor': 'Heart Rate', 'action': 'keypad open'}}
INFO:root:1720906004.277176,ID:1001,STAGE:2,SEQUENCE:1234,DATA:{'time': 1720906004.279, 'source': 'VitalsTask', 'timer': 99.033, 'data': {'sensor': 'Heart Rate', 'action': 'keypad press', 'key': 5, 'value': 5}}
INFO:root:1720906004.561468,ID:1001,STAGE:2,SEQUENCE:1234,DATA:{'time': 1720906004.562, 'source': 'VitalsTask', 'timer': 99.316, 'data': {'sensor': 'Heart Rate', 'action': 'keypad press', 'key': 5, 'value': 55}}
INFO:root:1720906005.6406,ID:1001,STAGE:2,SEQUENCE:1234,DATA:{'time': 1720906005.638, 'source': 'VitalsTask', 'timer': 100.392, 'data': {'sensor': 'Heart Rate', 'action': 'show action buttons'}}
INFO:root:1720906005.642107,ID:1001,STAGE:2,SEQUENCE:1234,DATA:{'time': 1720906005.638, 'source': 'VitalsTask', 'timer': 100.392, 'data': {'sensor': 'Heart Rate', 'action': 'keypad press', 'key': 10, 'value': 55}}
INFO:root:1720906006.692136,ID:1001,STAGE:2,SEQUENCE:1234,DATA:{'time': 1720906006.692, 'source': 'VitalsTask', 'timer': 101.446, 'data': {'sensor': 'Heart Rate', 'action': 'log', 'data': 'action button pressed'}}
INFO:root:1720906006.694639,ID:1001,STAGE:2,SEQUENCE:1234,DATA:{'time': 1720906006.692, 'source': 'VitalsTask', 'timer': 101.446, 'data': {'sensor': 'Heart Rate', 'action': 'log', 'data': 'starting sensor action'}}
INFO:root:1720906007.709921,ID:1001,STAGE:2,SEQUENCE:1234,DATA:{'time': 1720906007.71, 'source': 'VitalsTask', 'timer': 102.464, 'data': {'sensor': 'Heart Rate', 'action': 'log', 'data': 'sensor action complete'}}
INFO:root:1720906007.907064,ID:1001,STAGE:2,SEQUENCE:1234,DATA:{'time': 1720906007.908, 'source': 'VitalsTask', 'timer': 102.662, 'data': {'sensor': 'Heart Rate', 'action': 'save', 'data': 'action button pressed'}}
INFO:root:1720906007.914599,ID:1001,STAGE:2,SEQUENCE:1234,DATA:{'time': 1720906007.909, 'source': 'VitalsTask', 'timer': 102.663, 'data': {'sensor': 'Heart Rate', 'action': 'save', 'data': 'starting sensor action'}}
INFO:root:1720906008.922002,ID:1001,STAGE:2,SEQUENCE:1234,DATA:{'time': 1720906008.923, 'source': 'VitalsTask', 'timer': 103.677, 'data': {'sensor': 'Heart Rate', 'action': 'save', 'data': 'sensor action complete'}}
INFO:root:1720906009.401166,ID:1001,STAGE:2,SEQUENCE:1234,DATA:{'time': 1720906009.402, 'source': 'VitalsTask', 'timer': 104.156, 'data': {'sensor': 'submit', 'action': 'submit'}}
INFO:root:1720906009.406157,ID:1001,STAGE:2,SEQUENCE:1234,DATA:{'time': 1720906009.403, 'source': 'VitalsTask', 'timer': 104.157, 'data': {'sensor': 'submit', 'action': 'submit', 'data': 'submit succeeded'}}
INFO:root:1720906010.613489,ID:1001,STAGE:2,SEQUENCE:1234,DATA:{'time': 1720906010.609, 'user-id': '1001', 'source': 'HAI Interface', 'destination-index': '3', 'study-stage': '2', 'decision-state': 0, 'vitals-state': 0, 'airspace-state': 0, 'data': {'page': 'inflight', 'action': 'user acknowledged vitals prompt'}}
INFO:root:1720906041.047206,ID:1001,STAGE:2,SEQUENCE:1234,DATA:{'time': 1720906041.042, 'user-id': '1001', 'source': 'HAI Interface', 'destination-index': '3', 'study-stage': '2', 'decision-state': 0, 'vitals-state': '1', 'airspace-state': 0, 'data': {'action': 'transmit button pressed'}}
INFO:root:1720906041.050199,ID:1001,STAGE:2,SEQUENCE:1234,DATA:{'time': 1720906041.042, 'user-id': '1001', 'source': 'HAI Interface', 'destination-index': '3', 'study-stage': '2', 'decision-state': 0, 'vitals-state': '1', 'airspace-state': 0, 'data': {'action': 'callsign set to: + MEDEVAC'}}
INFO:root:1720906047.159997,ID:1001,STAGE:2,SEQUENCE:1234,DATA:{'time': 1720906047.154, 'user-id': '1001', 'source': 'HAI Interface', 'destination-index': '3', 'study-stage': '2', 'decision-state': 0, 'vitals-state': '1', 'airspace-state': 0, 'data': {'action': 'receive button pressed'}}
INFO:root:1720906047.163497,ID:1001,STAGE:2,SEQUENCE:1234,DATA:{'time': 1720906047.154, 'user-id': '1001', 'source': 'HAI Interface', 'destination-index': '3', 'study-stage': '2', 'decision-state': 0, 'vitals-state': '1', 'airspace-state': 0, 'data': {'action': 'callsign set to:[object Object]'}}
INFO:root:1720906047.164494,ID:1001,STAGE:2,SEQUENCE:1234,DATA:{'time': 1720906047.154, 'user-id': '1001', 'source': 'HAI Interface', 'destination-index': '3', 'study-stage': '2', 'decision-state': 0, 'vitals-state': '1', 'airspace-state': 0, 'data': {'action': 'radio set to:Comm2'}}
INFO:root:1720906047.167992,ID:1001,STAGE:2,SEQUENCE:1234,DATA:{'time': 1720906047.157, 'user-id': '1001', 'source': 'HAI Interface', 'destination-index': '3', 'study-stage': '2', 'decision-state': 0, 'vitals-state': '1', 'airspace-state': 0, 'data': {'action': 'MEDEVACtransmitting onComm2123.45 MHz'}}
INFO:root:Administer medication radio comm initiated
INFO:root:Administer medication radio comm done- command to clear event sent
INFO:root:Administer medication radio comm initiated
INFO:root:Administer medication radio comm done- command to clear event sent
INFO:root:Administer medication radio comm initiated
INFO:root:1720906127.940042,ID:1001,STAGE:2,SEQUENCE:1234,DATA:{'time': 1720906127.934, 'user-id': '1001', 'source': 'HAI Interface', 'destination-index': '3', 'study-stage': '2', 'decision-state': 0, 'vitals-state': '1', 'airspace-state': 0, 'data': {'page': 'Inflight', 'action': 'help button pressed'}}
INFO:root:1720906128.135453,ID:1001,STAGE:2,SEQUENCE:1234,DATA:{'time': 1720906128.096, 'user-id': 'none', 'source': 'HAI Interface', 'destination-index': 3, 'study-stage': -1, 'decision-state': 0, 'vitals-state': 0, 'airspace-state': 0, 'data': {'page': 'help', 'action': 'opened page'}}
INFO:root:1720906129.060436,ID:1001,STAGE:2,SEQUENCE:1234,DATA:{'time': 1720906129.056, 'user-id': '1001', 'source': 'HAI Interface', 'destination-index': '3', 'study-stage': '2', 'decision-state': 0, 'vitals-state': '1', 'airspace-state': 0, 'data': {'page': 'map', 'action': 'selected helipad', 'value': '21'}}
INFO:root:SimConnect Error in /var
INFO:SimConnect.SimConnect:SIM OPEN
INFO:root:Administer medication radio comm done- command to clear event sent
INFO:root:Administer medication radio comm initiated
INFO:root:1720906159.476127,ID:1001,STAGE:2,SEQUENCE:1234,DATA:{'time': 1720906159.471, 'user-id': '1001', 'source': 'HAI Interface', 'destination-index': '3', 'study-stage': '2', 'decision-state': 0, 'vitals-state': '1', 'airspace-state': 0, 'data': {'page': 'Inflight', 'action': 'help button pressed'}}
INFO:root:1720906159.705094,ID:1001,STAGE:2,SEQUENCE:1234,DATA:{'time': 1720906159.628, 'user-id': 'none', 'source': 'HAI Interface', 'destination-index': 3, 'study-stage': -1, 'decision-state': 0, 'vitals-state': 0, 'airspace-state': 0, 'data': {'page': 'help', 'action': 'opened page'}}
INFO:root:1720906160.596298,ID:1001,STAGE:2,SEQUENCE:1234,DATA:{'time': 1720906160.589, 'user-id': '1001', 'source': 'HAI Interface', 'destination-index': '3', 'study-stage': '2', 'decision-state': 0, 'vitals-state': '1', 'airspace-state': 0, 'data': {'page': 'map', 'action': 'selected helipad', 'value': '21'}}
INFO:root:1720906166.593225,ID:1001,STAGE:2,SEQUENCE:1234,DATA:{'time': 1720906166.586, 'user-id': '1001', 'source': 'HAI Interface', 'destination-index': '3', 'study-stage': '2', 'decision-state': 0, 'vitals-state': '1', 'airspace-state': 0, 'data': {'page': 'help', 'action': ' Asking for further assistance'}}
INFO:root:1720906172.226889,ID:1001,STAGE:2,SEQUENCE:1234,DATA:{'time': 1720906172.222, 'user-id': '1001', 'source': 'HAI Interface', 'destination-index': '3', 'study-stage': '2', 'decision-state': 0, 'vitals-state': '1', 'airspace-state': 0, 'data': {'page': 'map', 'action': 'selected helipad', 'value': '21'}}
INFO:root:1720906174.844137,ID:1001,STAGE:2,SEQUENCE:1234,DATA:{'time': 1720906174.839, 'user-id': '1001', 'source': 'HAI Interface', 'destination-index': '3', 'study-stage': '2', 'decision-state': 0, 'vitals-state': '1', 'airspace-state': 0, 'data': {'page': 'change-altitude', 'action': 'altitude changed by participant1000'}}
INFO:root:Administer medication radio comm done- command to clear event sent
INFO:root:1720906177.443365,ID:1001,STAGE:2,SEQUENCE:1234,DATA:{'time': 1720906177.439, 'user-id': '1001', 'source': 'HAI Interface', 'destination-index': '3', 'study-stage': '2', 'decision-state': 0, 'vitals-state': '0', 'airspace-state': 0, 'data': {'page': 'map', 'action': 'selected helipad', 'value': '21'}}
INFO:root:Administer medication radio comm initiated
INFO:root:1720906181.87011,ID:1001,STAGE:2,SEQUENCE:1234,DATA:{'time': 1720906181.812, 'user-id': 'none', 'source': 'HAI Interface', 'destination-index': 3, 'study-stage': -1, 'decision-state': 0, 'vitals-state': 0, 'airspace-state': 0, 'data': {'page': 'checklist', 'action': 'opened page', 'inflight': True}}
INFO:root:1720906182.788835,ID:1001,STAGE:2,SEQUENCE:1234,DATA:{'time': 1720906182.782, 'user-id': '1001', 'source': 'HAI Interface', 'destination-index': '3', 'study-stage': '2', 'decision-state': 0, 'vitals-state': '0', 'airspace-state': 0, 'data': {'page': 'map', 'action': 'selected helipad', 'value': '21'}}
INFO:root:1720906186.704686,ID:1001,STAGE:2,SEQUENCE:1234,DATA:{'time': 1720906186.7, 'user-id': '1001', 'source': 'HAI Interface', 'destination-index': '3', 'study-stage': '2', 'decision-state': 0, 'vitals-state': '0', 'airspace-state': 0, 'data': {'page': 'checklist', 'action': 'toggled checkbox', 'inflight': True, 'item': 0, 'value': 'OFF'}}
INFO:root:1720906186.980542,ID:1001,STAGE:2,SEQUENCE:1234,DATA:{'time': 1720906186.977, 'user-id': '1001', 'source': 'HAI Interface', 'destination-index': '3', 'study-stage': '2', 'decision-state': 0, 'vitals-state': '0', 'airspace-state': 0, 'data': {'page': 'checklist', 'action': 'toggled checkbox', 'inflight': True, 'item': 1, 'value': 'OFF'}}
INFO:root:1720906187.39405,ID:1001,STAGE:2,SEQUENCE:1234,DATA:{'time': 1720906187.386, 'user-id': '1001', 'source': 'HAI Interface', 'destination-index': '3', 'study-stage': '2', 'decision-state': 0, 'vitals-state': '0', 'airspace-state': 0, 'data': {'page': 'checklist', 'action': 'showing confirm button', 'inflight': True}}
INFO:root:1720906187.397047,ID:1001,STAGE:2,SEQUENCE:1234,DATA:{'time': 1720906187.386, 'user-id': '1001', 'source': 'HAI Interface', 'destination-index': '3', 'study-stage': '2', 'decision-state': 0, 'vitals-state': '0', 'airspace-state': 0, 'data': {'page': 'checklist', 'action': 'toggled checkbox', 'inflight': True, 'item': 2, 'value': 'OFF'}}
INFO:root:1720906188.158673,ID:1001,STAGE:2,SEQUENCE:1234,DATA:{'time': 1720906188.143, 'user-id': '1001', 'source': 'HAI Interface', 'destination-index': '3', 'study-stage': '2', 'decision-state': 0, 'vitals-state': '0', 'airspace-state': 0, 'data': {'page': 'checklist', 'action': 'confirm button clicked', 'inflight': True}}
INFO:root:1720906188.483074,ID:1001,STAGE:2,SEQUENCE:1234,DATA:{'time': 1720906188.442, 'user-id': 'none', 'source': 'HAI Interface', 'destination-index': 3, 'study-stage': -1, 'decision-state': 0, 'vitals-state': 0, 'airspace-state': 0, 'data': {'page': 'landing-confirmation', 'action': 'opened page'}}
INFO:root:1720906188.48909,ID:1001,STAGE:2,SEQUENCE:1234,DATA:{'time': 1720906188.443, 'user-id': 'none', 'source': 'HAI Interface', 'destination-index': 3, 'study-stage': -1, 'decision-state': 0, 'vitals-state': 0, 'airspace-state': 0, 'data': {'page': 'landing-confirmation', 'action': 'showing helipad confirm', 'value': 1}}
INFO:root:1720906189.418351,ID:1001,STAGE:2,SEQUENCE:1234,DATA:{'time': 1720906189.414, 'user-id': '1001', 'source': 'HAI Interface', 'destination-index': '3', 'study-stage': '2', 'decision-state': 0, 'vitals-state': '0', 'airspace-state': 0, 'data': {'page': 'map', 'action': 'selected helipad', 'value': '21'}}
INFO:root:1720906189.484556,ID:1001,STAGE:2,SEQUENCE:1234,DATA:{'time': 1720906189.48, 'user-id': '1001', 'source': 'HAI Interface', 'destination-index': '3', 'study-stage': '2', 'decision-state': 0, 'vitals-state': '0', 'airspace-state': 0, 'data': {'page': 'landing-confirmation', 'action': 'checkbox toggle', 'item': 0, 'value': 'ON'}}
INFO:root:1720906190.013509,ID:1001,STAGE:2,SEQUENCE:1234,DATA:{'time': 1720906190.009, 'user-id': '1001', 'source': 'HAI Interface', 'destination-index': '3', 'study-stage': '2', 'decision-state': 0, 'vitals-state': '0', 'airspace-state': 0, 'data': {'page': 'landing-confirmation', 'action': 'checkbox toggle', 'item': 1, 'value': 'ON'}}
INFO:root:1720906190.424586,ID:1001,STAGE:2,SEQUENCE:1234,DATA:{'time': 1720906190.417, 'user-id': '1001', 'source': 'HAI Interface', 'destination-index': '3', 'study-stage': '2', 'decision-state': 0, 'vitals-state': '0', 'airspace-state': 0, 'data': {'page': 'landing-confirmation', 'action': 'confirmed safe to land'}}
INFO:root:1720906190.427579,ID:1001,STAGE:2,SEQUENCE:1234,DATA:{'time': 1720906190.418, 'user-id': '1001', 'source': 'HAI Interface', 'destination-index': '3', 'study-stage': '2', 'decision-state': 0, 'vitals-state': '0', 'airspace-state': 0, 'data': {'page': 'landing-confirmation', 'action': 'showing helipad ready'}}
INFO:root:1720906191.723921,ID:1001,STAGE:2,SEQUENCE:1234,DATA:{'time': 1720906191.717, 'user-id': '1001', 'source': 'HAI Interface', 'destination-index': '3', 'study-stage': '2', 'decision-state': 0, 'vitals-state': '0', 'airspace-state': 0, 'data': {'page': 'landing-confirmation', 'action': 'gave landing confirmation'}}
INFO:root:1720906191.871698,ID:1001,STAGE:2,SEQUENCE:1234,DATA:{'time': 1720906191.838, 'user-id': 'none', 'source': 'HAI Interface', 'destination-index': 3, 'study-stage': -1, 'decision-state': 0, 'vitals-state': 0, 'airspace-state': 0, 'data': {'page': 'landing-countdown', 'action': 'opened page'}}
INFO:root:1720906192.819423,ID:1001,STAGE:2,SEQUENCE:1234,DATA:{'time': 1720906192.815, 'user-id': '1001', 'source': 'HAI Interface', 'destination-index': '3', 'study-stage': '2', 'decision-state': '1', 'vitals-state': '0', 'airspace-state': 0, 'data': {'page': 'map', 'action': 'selected helipad', 'value': '21'}}
INFO:root:1720906192.843769,ID:1001,STAGE:2,SEQUENCE:1234,DATA:{'time': 1720906192.84, 'user-id': '1001', 'source': 'HAI Interface', 'destination-index': '3', 'study-stage': '2', 'decision-state': '1', 'vitals-state': '0', 'airspace-state': 0, 'data': {'page': 'landing-countdown', 'action': 'countdown changed', 'value': 5}}
INFO:root:1720906193.595982,ID:1001,STAGE:2,SEQUENCE:1234,DATA:{'time': 1720906193.591, 'user-id': '1001', 'source': 'HAI Interface', 'destination-index': '3', 'study-stage': '2', 'decision-state': '1', 'vitals-state': '0', 'airspace-state': 0, 'data': {'action': 'radio panel opened'}}
INFO:root:1720906193.842644,ID:1001,STAGE:2,SEQUENCE:1234,DATA:{'time': 1720906193.839, 'user-id': '1001', 'source': 'HAI Interface', 'destination-index': '3', 'study-stage': '2', 'decision-state': '1', 'vitals-state': '0', 'airspace-state': 0, 'data': {'page': 'landing-countdown', 'action': 'countdown changed', 'value': 4}}
INFO:root:1720906194.847238,ID:1001,STAGE:2,SEQUENCE:1234,DATA:{'time': 1720906194.84, 'user-id': '1001', 'source': 'HAI Interface', 'destination-index': '3', 'study-stage': '2', 'decision-state': '1', 'vitals-state': '0', 'airspace-state': 0, 'data': {'page': 'landing-countdown', 'action': 'countdown changed', 'value': 3}}
INFO:root:1720906195.854065,ID:1001,STAGE:2,SEQUENCE:1234,DATA:{'time': 1720906195.849, 'user-id': '1001', 'source': 'HAI Interface', 'destination-index': '3', 'study-stage': '2', 'decision-state': '1', 'vitals-state': '0', 'airspace-state': 0, 'data': {'page': 'landing-countdown', 'action': 'countdown changed', 'value': 2}}
INFO:root:1720906196.843822,ID:1001,STAGE:2,SEQUENCE:1234,DATA:{'time': 1720906196.839, 'user-id': '1001', 'source': 'HAI Interface', 'destination-index': '3', 'study-stage': '2', 'decision-state': '1', 'vitals-state': '0', 'airspace-state': 0, 'data': {'page': 'landing-countdown', 'action': 'countdown changed', 'value': 1}}
INFO:root:1720906197.854008,ID:1001,STAGE:2,SEQUENCE:1234,DATA:{'time': 1720906197.848, 'user-id': '1001', 'source': 'HAI Interface', 'destination-index': '3', 'study-stage': '2', 'decision-state': '1', 'vitals-state': '0', 'airspace-state': 0, 'data': {'page': 'landing-countdown', 'action': 'countdown changed', 'value': 0}}
INFO:root:1720906198.851657,ID:1001,STAGE:2,SEQUENCE:1234,DATA:{'time': 1720906198.847, 'user-id': '1001', 'source': 'HAI Interface', 'destination-index': '3', 'study-stage': '2', 'decision-state': '1', 'vitals-state': '0', 'airspace-state': 0, 'data': {'page': 'landing-countdown', 'action': 'countdown complete'}}
INFO:root:1720906198.996232,ID:1001,STAGE:2,SEQUENCE:1234,DATA:{'time': 1720906198.975, 'user-id': 'none', 'source': 'HAI Interface', 'destination-index': 3, 'study-stage': -1, 'decision-state': 0, 'vitals-state': 0, 'airspace-state': 0, 'data': {'page': 'landed', 'action': 'opened page'}}
INFO:root:1720906199.950349,ID:1001,STAGE:2,SEQUENCE:1234,DATA:{'time': 1720906199.946, 'user-id': '1001', 'source': 'HAI Interface', 'destination-index': '3', 'study-stage': '2', 'decision-state': '1', 'vitals-state': '0', 'airspace-state': 0, 'data': {'page': 'map', 'action': 'selected helipad', 'value': '21'}}
INFO:root:1720906200.589236,ID:1001,STAGE:2,SEQUENCE:1234,DATA:{'time': 1720906200.582, 'user-id': '1001', 'source': 'HAI Interface', 'destination-index': '3', 'study-stage': '2', 'decision-state': '1', 'vitals-state': '0', 'airspace-state': 0, 'data': {'action': 'radio panel opened'}}
INFO:root:Administer medication radio comm done- command to clear event sent
INFO:root:Administer medication radio comm initiated
INFO:SimConnect.SimConnect:SIM Paused
INFO:root:Administer medication radio comm done- command to clear event sent
INFO:SimConnect.SimConnect:SIM Stop
INFO:SimConnect.SimConnect:SIM Paused
INFO:root:Inflight Radio Update asked
INFO:root:Administer medication radio comm initiated
INFO:SimConnect.SimConnect:SIM START
INFO:root:Administer medication radio comm done- command to clear event sent
INFO:root:Administer medication radio comm initiated
INFO:SimConnect.SimConnect:SIM Unpaused
