1753797907.873134,ID:2113,STAGE:4,SEQUENCE:1234,DATA:{'page':'{'sensor': 'Heart Rate', 'action': 'opened sensor tab'}','action':'None','timestamp':1753797907934},ANY:{'page': {'sensor': 'Heart Rate', 'action': 'opened sensor tab'}, 'timestamp': 1753797907934}
1753797907.874127,ID:2113,STAGE:4,SEQUENCE:1234,DATA:{'page':'{'sensor': 'Heart Rate', 'action': 'keypad open'}','action':'None','timestamp':1753797907935},ANY:{'page': {'sensor': 'Heart Rate', 'action': 'keypad open'}, 'timestamp': 1753797907935}
1753797907.875614,ID:2113,STAGE:4,SEQUENCE:1234,DATA:{'page':'{'sensor': 'Heart Rate', 'action': 'show action buttons'}','action':'None','timestamp':1753797907935},ANY:{'page': {'sensor': 'Heart Rate', 'action': 'show action buttons'}, 'timestamp': 1753797907935}
1753798025.412295,ID:2113,STAGE:4,SEQUENCE:1234,DATA:{'page':'{'page': 'speak text', 'action': 'Receieved text and level:Are you ready to start?normal'}','action':'None','timestamp':1753798025410},ANY:{'page': {'page': 'speak text', 'action': 'Receieved text and level:Are you ready to start?normal'}, 'timestamp': 1753798025410}
1753798025.414278,ID:2113,STAGE:4,SEQUENCE:1234,DATA:{'page':'{'page': 'Jarvis speaking', 'action': 'Message: Are you ready to start? Stress level: normal'}','action':'None','timestamp':1753798025410},ANY:{'page': {'page': 'Jarvis speaking', 'action': 'Message: Are you ready to start? Stress level: normal'}, 'timestamp': 1753798025410}
1753798028.181323,ID:2113,STAGE:4,SEQUENCE:1234,DATA:{'page':'{'action': 'Controller Executing: click on start-button with value: undefined'}','action':'None','timestamp':1753798028178},ANY:{'page': {'action': 'Controller Executing: click on start-button with value: undefined'}, 'timestamp': 1753798028178}
1753798028.182814,ID:2113,STAGE:4,SEQUENCE:1234,DATA:{'page':'{'page': 'index', 'action': 'confirm button pressed'}','action':'None','timestamp':1753798028178},ANY:{'page': {'page': 'index', 'action': 'confirm button pressed'}, 'timestamp': 1753798028178}
1753798028.26366,ID:2113,STAGE:4,SEQUENCE:1234,DATA:{'page':'None','action':'None','timestamp':None},ANY:{'time': 1753798028.26, 'user-id': 'none', 'source': 'HAI Interface', 'destination-index': 3, 'study-stage': -1, 'decision-state': 0, 'vitals-state': 0, 'airspace-state': 0, 'data': {'page': 'location', 'action': 'opened page'}}
1753798029.245277,ID:2113,STAGE:4,SEQUENCE:1234,DATA:{'page':'{'page': 'map', 'action': 'selected helipad', 'value': '21'}','action':'None','timestamp':1753798029242},ANY:{'page': {'page': 'map', 'action': 'selected helipad', 'value': '21'}, 'timestamp': 1753798029242}
1753798029.899838,ID:2113,STAGE:4,SEQUENCE:1234,DATA:{'page':'{'page': 'Jarvis speaking', 'action': 'Message: Please confirm the destination Emory University Hospital Stress level: normal'}','action':'None','timestamp':1753798029896},ANY:{'page': {'page': 'Jarvis speaking', 'action': 'Message: Please confirm the destination Emory University Hospital Stress level: normal'}, 'timestamp': 1753798029896}
1753798034.713047,ID:2113,STAGE:4,SEQUENCE:1234,DATA:{'page':'{'action': 'Controller Executing: click on confirm-button with value: undefined'}','action':'None','timestamp':1753798034711},ANY:{'page': {'action': 'Controller Executing: click on confirm-button with value: undefined'}, 'timestamp': 1753798034711}
1753798034.713542,ID:2113,STAGE:4,SEQUENCE:1234,DATA:{'page':'None','action':'None','timestamp':None},ANY:{'time': 1753798034.711, 'user-id': '2113', 'source': 'HAI Interface', 'destination-index': 'None', 'study-stage': '4', 'decision-state': 0, 'vitals-state': 0, 'airspace-state': 0, 'data': {'page': 'location', 'action': 'confirm button pressed'}}
1753798034.817634,ID:2113,STAGE:4,SEQUENCE:1234,DATA:{'page':'{'page': 'checklist', 'action': 'opened page', 'inflight': False}','action':'None','timestamp':1753798034809},ANY:{'page': {'page': 'checklist', 'action': 'opened page', 'inflight': False}, 'timestamp': 1753798034809}
1753798035.795253,ID:2113,STAGE:4,SEQUENCE:1234,DATA:{'page':'{'page': 'map', 'action': 'selected helipad', 'value': '21'}','action':'None','timestamp':1753798035789},ANY:{'page': {'page': 'map', 'action': 'selected helipad', 'value': '21'}, 'timestamp': 1753798035789}
1753798038.664295,ID:2113,STAGE:4,SEQUENCE:1234,DATA:{'page':'{'page': 'Jarvis speaking', 'action': 'Message: Put on your seatbelts and ensure that all equipments are secure Stress level: normal'}','action':'None','timestamp':1753798038661},ANY:{'page': {'page': 'Jarvis speaking', 'action': 'Message: Put on your seatbelts and ensure that all equipments are secure Stress level: normal'}, 'timestamp': 1753798038661}
1753798047.161474,ID:2113,STAGE:4,SEQUENCE:1234,DATA:{'page':'{'page': 'checklist', 'action': 'toggled checkbox', 'inflight': False, 'item': 0, 'value': 'OFF'}','action':'None','timestamp':1753798047159},ANY:{'page': {'page': 'checklist', 'action': 'toggled checkbox', 'inflight': False, 'item': 0, 'value': 'OFF'}, 'timestamp': 1753798047159}
1753798048.836057,ID:2113,STAGE:4,SEQUENCE:1234,DATA:{'page':'{'page': 'checklist', 'action': 'toggled checkbox', 'inflight': False, 'item': 1, 'value': 'OFF'}','action':'None','timestamp':1753798048833},ANY:{'page': {'page': 'checklist', 'action': 'toggled checkbox', 'inflight': False, 'item': 1, 'value': 'OFF'}, 'timestamp': 1753798048833}
1753798050.69499,ID:2113,STAGE:4,SEQUENCE:1234,DATA:{'page':'{'page': 'checklist', 'action': 'toggled checkbox', 'inflight': False, 'item': 2, 'value': 'OFF'}','action':'None','timestamp':1753798050692},ANY:{'page': {'page': 'checklist', 'action': 'toggled checkbox', 'inflight': False, 'item': 2, 'value': 'OFF'}, 'timestamp': 1753798050692}
1753798050.695488,ID:2113,STAGE:4,SEQUENCE:1234,DATA:{'page':'{'page': 'checklist', 'action': 'showing confirm button', 'inflight': False}','action':'None','timestamp':1753798050693},ANY:{'page': {'page': 'checklist', 'action': 'showing confirm button', 'inflight': False}, 'timestamp': 1753798050693}
1753798052.321341,ID:2113,STAGE:4,SEQUENCE:1234,DATA:{'page':'{'page': 'checklist', 'action': 'confirm button clicked', 'inflight': False}','action':'None','timestamp':1753798052317},ANY:{'page': {'page': 'checklist', 'action': 'confirm button clicked', 'inflight': False}, 'timestamp': 1753798052317}
8052317}
1753798052.389789,ID:2113,STAGE:4,SEQUENCE:1234,DATA:{'page':'{'page': 'countdown', 'action': 'opened page'}','action':'None','timestamp':1753798052383},ANY:{'page': {'page': 'countdown', 'action': 'opened page'}, 'timestamp': 1753798052383}
1753798053.37258,ID:2113,STAGE:4,SEQUENCE:1234,DATA:{'page':'{'page': 'map', 'action': 'selected helipad', 'value': '21'}','action':'None','timestamp':1753798053368},ANY:{'page': {'page': 'map', 'action': 'selected helipad', 'value': '21'}, 'timestamp': 1753798053368}
1753798053.387958,ID:2113,STAGE:4,SEQUENCE:1234,DATA:{'page':'{'page': 'countdown', 'action': 'countdown now 4'}','action':'None','timestamp':1753798053385},ANY:{'page': {'page': 'countdown', 'action': 'countdown now 4'}, 'timestamp': 1753798053385}
1753798054.359031,ID:2113,STAGE:4,SEQUENCE:1234,DATA:{'page':'{'page': 'speak text', 'action': 'Receieved text and level:Acknowledge, Taking Offnormal'}','action':'None','timestamp':1753798054355},ANY:{'page': {'page': 'speak text', 'action': 'Receieved text and level:Acknowledge, Taking Offnormal'}, 'timestamp': 1753798054355}
54356}
1753798054.387797,ID:2113,STAGE:4,SEQUENCE:1234,DATA:{'page':'{'page': 'countdown', 'action': 'countdown now 3'}','action':'None','timestamp':1753798054385},ANY:{'page': {'page': 'countdown', 'action': 'countdown now 3'}, 'timestamp': 1753798054385}
1753798055.389663,ID:2113,STAGE:4,SEQUENCE:1234,DATA:{'page':'{'page': 'countdown', 'action': 'countdown now 2'}','action':'None','timestamp':1753798055387},ANY:{'page': {'page': 'countdown', 'action': 'countdown now 2'}, 'timestamp': 1753798055387}
1753798056.390244,ID:2113,STAGE:4,SEQUENCE:1234,DATA:{'page':'{'page': 'countdown', 'action': 'countdown now 1'}','action':'None','timestamp':1753798056387},ANY:{'page': {'page': 'countdown', 'action': 'countdown now 1'}, 'timestamp': 1753798056387}
1753798057.38941,ID:2113,STAGE:4,SEQUENCE:1234,DATA:{'page':'{'page': 'countdown', 'action': 'countdown now 0'}','action':'None','timestamp':1753798057387},ANY:{'page': {'page': 'countdown', 'action': 'countdown now 0'}, 'timestamp': 1753798057387}
1753798058.387403,ID:2113,STAGE:4,SEQUENCE:1234,DATA:{'page':'{'page': 'countdown', 'action': 'countdown complete'}','action':'None','timestamp':1753798058384},ANY:{'page': {'page': 'countdown', 'action': 'countdown complete'}, 'timestamp': 1753798058384}
1753798058.963704,ID:2113,STAGE:4,SEQUENCE:1234,DATA:{'page':'{'action': 'Starting prompt cycle'}','action':'None','timestamp':1753798059027},ANY:{'page': {'action': 'Starting prompt cycle'}, 'timestamp': 1753798059027}
1753798058.997928,ID:2113,STAGE:4,SEQUENCE:1234,DATA:{'page':'{'action': 'Starting prompt cycle'}','action':'None','timestamp':1753798059063},ANY:{'page': {'action': 'Starting prompt cycle'}, 'timestamp': 1753798059063}
1753798059.512108,ID:2113,STAGE:4,SEQUENCE:1234,DATA:{'page':'{'page': 'map', 'action': 'selected helipad', 'value': '21'}','action':'None','timestamp':1753798059508},ANY:{'page': {'page': 'map', 'action': 'selected helipad', 'value': '21'}, 'timestamp': 1753798059508}
1753798062.474903,ID:2113,STAGE:4,SEQUENCE:1234,DATA:{'page':'{'page': 'Ground speaking', 'action': 'N A S X G S, this is Ground Control asking for update on flight status, patient status and estimated time to destination.'}','action':'None','timestamp':1753798062540},ANY:{'page': {'page': 'Ground speaking', 'action': 'N A S X G S, this is Ground Control asking for update on flight status, patient status and estimated time to destination.'}, 'timestamp': 1753798062540}
1753798062.481579,ID:2113,STAGE:4,SEQUENCE:1234,DATA:{'page':'{'page': 'radio update', 'action': 'radio update asked'}','action':'None','timestamp':1753798062541},ANY:{'page': {'page': 'radio update', 'action': 'radio update asked'}, 'timestamp': 1753798062541}
1753798062.482571,ID:2113,STAGE:4,SEQUENCE:1234,DATA:{'page':'{'page': 'radio prompt', 'action': 'radio update prompt 1'}','action':'None','timestamp':1753798062541},ANY:{'page': {'page': 'radio prompt', 'action': 'radio update prompt 1'}, 'timestamp': 1753798062541}
1753798063.590376,ID:2113,STAGE:4,SEQUENCE:1234,DATA:{'page':'{'page': 'emergency', 'action': 'trying to change destination to100'}','action':'None','timestamp':1753798063585},ANY:{'page': {'page': 'emergency', 'action': 'trying to change destination to100'}, 'timestamp': 1753798063585}
1753798068.587687,ID:2113,STAGE:4,SEQUENCE:1234,DATA:{'page':'{'page': 'emergency', 'action': 'trying to change destination to19'}','action':'None','timestamp':1753798068583},ANY:{'page': {'page': 'emergency', 'action': 'trying to change destination to19'}, 'timestamp': 1753798068583}
1753798072.027642,ID:2113,STAGE:4,SEQUENCE:1234,DATA:{'page':'{'page': 'speak text', 'action': 'Receieved text and level:This is Jarvis. Call me if you need any help.normal'}','action':'None','timestamp':1753798072024},ANY:{'page': {'page': 'speak text', 'action': 'Receieved text and level:This is Jarvis. Call me if you need any help.normal'}, 'timestamp': 1753798072024}
72025}
1753798073.568588,ID:2113,STAGE:4,SEQUENCE:1234,DATA:{'page':'{'page': 'emergency', 'action': 'trying to change destination to19'}','action':'None','timestamp':1753798073565},ANY:{'page': {'page': 'emergency', 'action': 'trying to change destination to19'}, 'timestamp': 1753798073565}
1753798078.579474,ID:2113,STAGE:4,SEQUENCE:1234,DATA:{'page':'{'page': 'emergency', 'action': 'trying to change destination to19'}','action':'None','timestamp':1753798078577},ANY:{'page': {'page': 'emergency', 'action': 'trying to change destination to19'}, 'timestamp': 1753798078577}
1753798081.837482,ID:2113,STAGE:4,SEQUENCE:1234,DATA:{'page':'{'page': 'speak text', 'action': 'Receieved text and level:May I show you the map?normal'}','action':'None','timestamp':1753798081835},ANY:{'page': {'page': 'speak text', 'action': 'Receieved text and level:May I show you the map?normal'}, 'timestamp': 1753798081835}
1753798081.838469,ID:2113,STAGE:4,SEQUENCE:1234,DATA:{'page':'{'page': 'Jarvis speaking', 'action': 'Message: May I show you the map? Stress level: normal'}','action':'None','timestamp':1753798081835},ANY:{'page': {'page': 'Jarvis speaking', 'action': 'Message: May I show you the map? Stress level: normal'}, 'timestamp': 1753798081835}
1753798083.556078,ID:2113,STAGE:4,SEQUENCE:1234,DATA:{'page':'{'page': 'emergency', 'action': 'trying to change destination to19'}','action':'None','timestamp':1753798083554},ANY:{'page': {'page': 'emergency', 'action': 'trying to change destination to19'}, 'timestamp': 1753798083554}
1753798086.229445,ID:2113,STAGE:4,SEQUENCE:1234,DATA:{'page':'{'page': 'Jarvis speaking', 'action': 'Message: Opening map Stress level: normal'}','action':'None','timestamp':1753798086226},ANY:{'page': {'page': 'Jarvis speaking', 'action': 'Message: Opening map Stress level: normal'}, 'timestamp': 1753798086226}
1753798087.011755,ID:2113,STAGE:4,SEQUENCE:1234,DATA:{'page':'{'page': 'map', 'action': 'selected helipad', 'value': '21'}','action':'None','timestamp':1753798087009},ANY:{'page': {'page': 'map', 'action': 'selected helipad', 'value': '21'}, 'timestamp': 1753798087009}
1753798087.515257,ID:2113,STAGE:4,SEQUENCE:1234,DATA:{'page':'{'page': 'map', 'action': 'show map'}','action':'None','timestamp':1753798087512},ANY:{'page': {'page': 'map', 'action': 'show map'}, 'timestamp': 1753798087512}
1753798087.515257,ID:2113,STAGE:4,SEQUENCE:1234,DATA:{'page':'{'page': 'map', 'action': 'selected helipad', 'value': '21'}','action':'None','timestamp':1753798087513},ANY:{'page': {'page': 'map', 'action': 'selected helipad', 'value': '21'}, 'timestamp': 1753798087513}
1753798088.569651,ID:2113,STAGE:4,SEQUENCE:1234,DATA:{'page':'{'page': 'emergency', 'action': 'trying to change destination to19'}','action':'None','timestamp':1753798088567},ANY:{'page': {'page': 'emergency', 'action': 'trying to change destination to19'}, 'timestamp': 1753798088567}
1753798093.580312,ID:2113,STAGE:4,SEQUENCE:1234,DATA:{'page':'{'page': 'emergency', 'action': 'trying to change destination to19'}','action':'None','timestamp':1753798093576},ANY:{'page': {'page': 'emergency', 'action': 'trying to change destination to19'}, 'timestamp': 1753798093576}
1753798098.55945,ID:2113,STAGE:4,SEQUENCE:1234,DATA:{'page':'{'page': 'emergency', 'action': 'trying to change destination to19'}','action':'None','timestamp':1753798098556},ANY:{'page': {'page': 'emergency', 'action': 'trying to change destination to19'}, 'timestamp': 1753798098556}
1753798103.566135,ID:2113,STAGE:4,SEQUENCE:1234,DATA:{'page':'{'page': 'emergency', 'action': 'trying to change destination to19'}','action':'None','timestamp':1753798103563},ANY:{'page': {'page': 'emergency', 'action': 'trying to change destination to19'}, 'timestamp': 1753798103563}
1753798108.578103,ID:2113,STAGE:4,SEQUENCE:1234,DATA:{'page':'{'page': 'emergency', 'action': 'trying to change destination to19'}','action':'None','timestamp':1753798108575},ANY:{'page': {'page': 'emergency', 'action': 'trying to change destination to19'}, 'timestamp': 1753798108575}
1753798113.569721,ID:2113,STAGE:4,SEQUENCE:1234,DATA:{'page':'{'page': 'emergency', 'action': 'trying to change destination to19'}','action':'None','timestamp':1753798113566},ANY:{'page': {'page': 'emergency', 'action': 'trying to change destination to19'}, 'timestamp': 1753798113566}
1753798118.566743,ID:2113,STAGE:4,SEQUENCE:1234,DATA:{'page':'{'page': 'emergency', 'action': 'trying to change destination to19'}','action':'None','timestamp':1753798118563},ANY:{'page': {'page': 'emergency', 'action': 'trying to change destination to19'}, 'timestamp': 1753798118563}
1753798122.813061,ID:2113,STAGE:4,SEQUENCE:1234,DATA:{'page':'{'page': 'speak text', 'action': 'Receieved text and level:Less than ten minutes to destinationnormal'}','action':'None','timestamp':1753798122810},ANY:{'page': {'page': 'speak text', 'action': 'Receieved text and level:Less than ten minutes to destinationnormal'}, 'timestamp': 1753798122810}
1753798122.813558,ID:2113,STAGE:4,SEQUENCE:1234,DATA:{'page':'{'page': 'Jarvis speaking', 'action': 'Message: Less than ten minutes to destination Stress level: normal'}','action':'None','timestamp':1753798122811},ANY:{'page': {'page': 'Jarvis speaking', 'action': 'Message: Less than ten minutes to destination Stress level: normal'}, 'timestamp': 1753798122811}
1753798123.578545,ID:2113,STAGE:4,SEQUENCE:1234,DATA:{'page':'{'page': 'emergency', 'action': 'trying to change destination to19'}','action':'None','timestamp':1753798123575},ANY:{'page': {'page': 'emergency', 'action': 'trying to change destination to19'}, 'timestamp': 1753798123575}
1753798128.558241,ID:2113,STAGE:4,SEQUENCE:1234,DATA:{'page':'{'page': 'emergency', 'action': 'trying to change destination to19'}','action':'None','timestamp':1753798128555},ANY:{'page': {'page': 'emergency', 'action': 'trying to change destination to19'}, 'timestamp': 1753798128555}
1753798133.569464,ID:2113,STAGE:4,SEQUENCE:1234,DATA:{'page':'{'page': 'emergency', 'action': 'trying to change destination to19'}','action':'None','timestamp':1753798133564},ANY:{'page': {'page': 'emergency', 'action': 'trying to change destination to19'}, 'timestamp': 1753798133564}
1753798138.577689,ID:2113,STAGE:4,SEQUENCE:1234,DATA:{'page':'{'page': 'emergency', 'action': 'trying to change destination to19'}','action':'None','timestamp':1753798138574},ANY:{'page': {'page': 'emergency', 'action': 'trying to change destination to19'}, 'timestamp': 1753798138574}
1753798143.586529,ID:2113,STAGE:4,SEQUENCE:1234,DATA:{'page':'{'page': 'emergency', 'action': 'trying to change destination to19'}','action':'None','timestamp':1753798143584},ANY:{'page': {'page': 'emergency', 'action': 'trying to change destination to19'}, 'timestamp': 1753798143584}
1753798147.380091,ID:2113,STAGE:4,SEQUENCE:1234,DATA:{'page':'{'page': 'vitals prompt', 'action': 'log vitals prompted'}','action':'None','timestamp':1753798147441},ANY:{'page': {'page': 'vitals prompt', 'action': 'log vitals prompted'}, 'timestamp': 1753798147441}
1753798148.570691,ID:2113,STAGE:4,SEQUENCE:1234,DATA:{'page':'{'page': 'emergency', 'action': 'trying to change destination to19'}','action':'None','timestamp':1753798148567},ANY:{'page': {'page': 'emergency', 'action': 'trying to change destination to19'}, 'timestamp': 1753798148567}
1753798152.394183,ID:2113,STAGE:4,SEQUENCE:1234,DATA:{'page':'{'action': 'user acknowledged vitals prompt'}','action':'None','timestamp':1753798152460},ANY:{'page': {'action': 'user acknowledged vitals prompt'}, 'timestamp': 1753798152460}
1753798153.578671,ID:2113,STAGE:4,SEQUENCE:1234,DATA:{'page':'{'page': 'emergency', 'action': 'trying to change destination to19'}','action':'None','timestamp':1753798153575},ANY:{'page': {'page': 'emergency', 'action': 'trying to change destination to19'}, 'timestamp': 1753798153575}
1753798154.762378,ID:2113,STAGE:4,SEQUENCE:1234,DATA:{'page':'{'sensor': 'Heart Rate', 'action': 'capture', 'data': 'action button pressed'}','action':'None','timestamp':1753798154828},ANY:{'page': {'sensor': 'Heart Rate', 'action': 'capture', 'data': 'action button pressed'}, 'timestamp': 1753798154828}
1753798154.763369,ID:2113,STAGE:4,SEQUENCE:1234,DATA:{'page':'{'sensor': 'Heart Rate', 'action': 'capture', 'data': 'starting sensor action'}','action':'None','timestamp':1753798154828},ANY:{'page': {'sensor': 'Heart Rate', 'action': 'capture', 'data': 'starting sensor action'}, 'timestamp': 1753798154828}
1753798155.780833,ID:2113,STAGE:4,SEQUENCE:1234,DATA:{'page':'{'sensor': 'Heart Rate', 'action': 'capture', 'data': 'sensor action complete'}','action':'None','timestamp':1753798155846},ANY:{'page': {'sensor': 'Heart Rate', 'action': 'capture', 'data': 'sensor action complete'}, 'timestamp': 1753798155846}
1753798155.783004,ID:2113,STAGE:4,SEQUENCE:1234,DATA:{'page':'{'sensor': 'Heart Rate', 'action': 'keypad open'}','action':'None','timestamp':1753798155846},ANY:{'page': {'sensor': 'Heart Rate', 'action': 'keypad open'}, 'timestamp': 1753798155846}
1753798156.651536,ID:2113,STAGE:4,SEQUENCE:1234,DATA:{'page':'{'sensor': 'Heart Rate', 'action': 'keypad press', 'key': 5, 'value': 5}','action':'None','timestamp':1753798156716},ANY:{'page': {'sensor': 'Heart Rate', 'action': 'keypad press', 'key': 5, 'value': 5}, 'timestamp': 1753798156716}
1753798156.994183,ID:2113,STAGE:4,SEQUENCE:1234,DATA:{'page':'{'sensor': 'Heart Rate', 'action': 'keypad press', 'key': 5, 'value': 55}','action':'None','timestamp':1753798157060},ANY:{'page': {'sensor': 'Heart Rate', 'action': 'keypad press', 'key': 5, 'value': 55}, 'timestamp': 1753798157060}
1753798158.58852,ID:2113,STAGE:4,SEQUENCE:1234,DATA:{'page':'{'page': 'emergency', 'action': 'trying to change destination to19'}','action':'None','timestamp':1753798158585},ANY:{'page': {'page': 'emergency', 'action': 'trying to change destination to19'}, 'timestamp': 1753798158585}
1753798158.643632,ID:2113,STAGE:4,SEQUENCE:1234,DATA:{'page':'{'sensor': 'Heart Rate', 'action': 'show action buttons'}','action':'None','timestamp':1753798158708},ANY:{'page': {'sensor': 'Heart Rate', 'action': 'show action buttons'}, 'timestamp': 1753798158708}
1753798158.644652,ID:2113,STAGE:4,SEQUENCE:1234,DATA:{'page':'{'sensor': 'Heart Rate', 'action': 'keypad press', 'key': 10, 'value': 55}','action':'None','timestamp':1753798158709},ANY:{'page': {'sensor': 'Heart Rate', 'action': 'keypad press', 'key': 10, 'value': 55}, 'timestamp': 1753798158709}
1753798159.715732,ID:2113,STAGE:4,SEQUENCE:1234,DATA:{'page':'{'sensor': 'Heart Rate', 'action': 'log', 'data': 'action button pressed'}','action':'None','timestamp':1753798159780},ANY:{'page': {'sensor': 'Heart Rate', 'action': 'log', 'data': 'action button pressed'}, 'timestamp': 1753798159780}
1753798159.716226,ID:2113,STAGE:4,SEQUENCE:1234,DATA:{'page':'{'sensor': 'Heart Rate', 'action': 'log', 'data': 'starting sensor action'}','action':'None','timestamp':1753798159780},ANY:{'page': {'sensor': 'Heart Rate', 'action': 'log', 'data': 'starting sensor action'}, 'timestamp': 1753798159780}
1753798160.729093,ID:2113,STAGE:4,SEQUENCE:1234,DATA:{'page':'{'sensor': 'Heart Rate', 'action': 'log', 'data': 'sensor action complete'}','action':'None','timestamp':1753798160794},ANY:{'page': {'sensor': 'Heart Rate', 'action': 'log', 'data': 'sensor action complete'}, 'timestamp': 1753798160794}
1753798161.450557,ID:2113,STAGE:4,SEQUENCE:1234,DATA:{'page':'{'sensor': 'Heart Rate', 'action': 'save', 'data': 'action button pressed'}','action':'None','timestamp':1753798161516},ANY:{'page': {'sensor': 'Heart Rate', 'action': 'save', 'data': 'action button pressed'}, 'timestamp': 1753798161516}

1753798162.377284,ID:2113,STAGE:4,SEQUENCE:1234,DATA:{'page':'{'page': 'vitals prompt', 'action': 'auto off vitals prompt'}','action':'None','timestamp':1753798162441},ANY:{'page': {'page': 'vitals prompt', 'action': 'auto off vitals prompt'}, 'timestamp': 1753798162441}
1753798162.472277,ID:2113,STAGE:4,SEQUENCE:1234,DATA:{'page':'{'sensor': 'Heart Rate', 'action': 'save', 'data': 'sensor action complete'}','action':'None','timestamp':1753798162536},ANY:{'page': {'sensor': 'Heart Rate', 'action': 'save', 'data': 'sensor action complete'}, 'timestamp': 1753798162536}
1753798163.568783,ID:2113,STAGE:4,SEQUENCE:1234,DATA:{'page':'{'page': 'emergency', 'action': 'trying to change destination to19'}','action':'None','timestamp':1753798163565},ANY:{'page': {'page': 'emergency', 'action': 'trying to change destination to19'}, 'timestamp': 1753798163565}
1753798163.801794,ID:2113,STAGE:4,SEQUENCE:1234,DATA:{'page':'{'sensor': 'O₂ Saturation', 'action': 'opened sensor tab'}','action':'None','timestamp':1753798163867},ANY:{'page': {'sensor': 'O₂ Saturation', 'action': 'opened sensor tab'}, 'timestamp': 1753798163867}
1753798165.962614,ID:2113,STAGE:4,SEQUENCE:1234,DATA:{'page':'{'sensor': 'O₂ Saturation', 'action': 'capture', 'data': 'action button pressed'}','action':'None','timestamp':1753798166027},ANY:{'page': {'sensor': 'O₂ Saturation', 'action': 'capture', 'data': 'action button pressed'}, 'timestamp': 1753798166027}
1753798165.96311,ID:2113,STAGE:4,SEQUENCE:1234,DATA:{'page':'{'sensor': 'O₂ Saturation', 'action': 'capture', 'data': 'starting sensor action'}','action':'None','timestamp':1753798166027},ANY:{'page': {'sensor': 'O₂ Saturation', 'action': 'capture', 'data': 'starting sensor action'}, 'timestamp': 1753798166027}
1753798166.978704,ID:2113,STAGE:4,SEQUENCE:1234,DATA:{'page':'{'sensor': 'O₂ Saturation', 'action': 'capture', 'data': 'sensor action complete'}','action':'None','timestamp':1753798167044},ANY:{'page': {'sensor': 'O₂ Saturation', 'action': 'capture', 'data': 'sensor action complete'}, 'timestamp': 1753798167044}
1753798166.981184,ID:2113,STAGE:4,SEQUENCE:1234,DATA:{'page':'{'sensor': 'O₂ Saturation', 'action': 'keypad open'}','action':'None','timestamp':1753798167044},ANY:{'page': {'sensor': 'O₂ Saturation', 'action': 'keypad open'}, 'timestamp': 1753798167044}
1753798168.187952,ID:2113,STAGE:4,SEQUENCE:1234,DATA:{'page':'{'sensor': 'O₂ Saturation', 'action': 'keypad press', 'key': 1, 'value': 1}','action':'None','timestamp':1753798168252},ANY:{'page': {'sensor': 'O₂ Saturation', 'action': 'keypad press', 'key': 1, 'value': 1}, 'timestamp': 1753798168252}
1753798168.581531,ID:2113,STAGE:4,SEQUENCE:1234,DATA:{'page':'{'page': 'emergency', 'action': 'trying to change destination to19'}','action':'None','timestamp':1753798168578},ANY:{'page': {'page': 'emergency', 'action': 'trying to change destination to19'}, 'timestamp': 1753798168578}
1753798168.80345,ID:2113,STAGE:4,SEQUENCE:1234,DATA:{'page':'{'sensor': 'O₂ Saturation', 'action': 'keypad press', 'key': 11, 'value': 10}','action':'None','timestamp':1753798168868},ANY:{'page': {'sensor': 'O₂ Saturation', 'action': 'keypad press', 'key': 11, 'value': 10}, 'timestamp': 1753798168868}
1753798168.970483,ID:2113,STAGE:4,SEQUENCE:1234,DATA:{'page':'{'sensor': 'O₂ Saturation', 'action': 'keypad press', 'key': 11, 'value': 100}','action':'None','timestamp':1753798169035},ANY:{'page': {'sensor': 'O₂ Saturation', 'action': 'keypad press', 'key': 11, 'value': 100}, 'timestamp': 1753798169035}
1753798169.698645,ID:2113,STAGE:4,SEQUENCE:1234,DATA:{'page':'{'sensor': 'O₂ Saturation', 'action': 'show action buttons'}','action':'None','timestamp':1753798169763},ANY:{'page': {'sensor': 'O₂ Saturation', 'action': 'show action buttons'}, 'timestamp': 1753798169763}
1753798169.699168,ID:2113,STAGE:4,SEQUENCE:1234,DATA:{'page':'{'sensor': 'O₂ Saturation', 'action': 'keypad press', 'key': 10, 'value': 100}','action':'None','timestamp':1753798169764},ANY:{'page': {'sensor': 'O₂ Saturation', 'action': 'keypad press', 'key': 10, 'value': 100}, 'timestamp': 1753798169764}
1753798170.779269,ID:2113,STAGE:4,SEQUENCE:1234,DATA:{'page':'{'sensor': 'O₂ Saturation', 'action': 'log', 'data': 'starting sensor action'}','action':'None','timestamp':1753798170843},ANY:{'page': {'sensor': 'O₂ Saturation', 'action': 'log', 'data': 'starting sensor action'}, 'timestamp': 1753798170843}
1753798171.805184,ID:2113,STAGE:4,SEQUENCE:1234,DATA:{'page':'{'sensor': 'O₂ Saturation', 'action': 'log', 'data': 'sensor action complete'}','action':'None','timestamp':1753798171863},ANY:{'page': {'sensor': 'O₂ Saturation', 'action': 'log', 'data': 'sensor action complete'}, 'timestamp': 1753798171863}
1753798172.195786,ID:2113,STAGE:4,SEQUENCE:1234,DATA:{'page':'{'sensor': 'O₂ Saturation', 'action': 'save', 'data': 'starting sensor action'}','action':'None','timestamp':1753798172260},ANY:{'page': {'sensor': 'O₂ Saturation', 'action': 'save', 'data': 'starting sensor action'}, 'timestamp': 1753798172260}
1753798173.215305,ID:2113,STAGE:4,SEQUENCE:1234,DATA:{'page':'{'sensor': 'O₂ Saturation', 'action': 'save', 'data': 'sensor action complete'}','action':'None','timestamp':1753798173280},ANY:{'page': {'sensor': 'O₂ Saturation', 'action': 'save', 'data': 'sensor action complete'}, 'timestamp': 1753798173280}
1753798173.59341,ID:2113,STAGE:4,SEQUENCE:1234,DATA:{'page':'{'page': 'emergency', 'action': 'trying to change destination to19'}','action':'None','timestamp':1753798173590},ANY:{'page': {'page': 'emergency', 'action': 'trying to change destination to19'}, 'timestamp': 1753798173590}
1753798173.626179,ID:2113,STAGE:4,SEQUENCE:1234,DATA:{'page':'{'sensor': 'Blood Pressure', 'action': 'opened sensor tab'}','action':'None','timestamp':1753798173691},ANY:{'page': {'sensor': 'Blood Pressure', 'action': 'opened sensor tab'}, 'timestamp': 1753798173691}
1753798175.151167,ID:2113,STAGE:4,SEQUENCE:1234,DATA:{'page':'{'page': 'Ground speaking', 'action': 'N A S X G S, this is Ground Control asking for update on flight status, patient status and estimated time to destination.'}','action':'None','timestamp':1753798175217},ANY:{'page': {'page': 'Ground speaking', 'action': 'N A S X G S, this is Ground Control asking for update on flight status, patient status and estimated time to destination.'}, 'timestamp': 1753798175217}
1753798175.153152,ID:2113,STAGE:4,SEQUENCE:1234,DATA:{'page':'{'page': 'radio update', 'action': 'radio update asked'}','action':'None','timestamp':1753798175217},ANY:{'page': {'page': 'radio update', 'action': 'radio update asked'}, 'timestamp': 1753798175217}
1753798175.153648,ID:2113,STAGE:4,SEQUENCE:1234,DATA:{'page':'{'page': 'radio prompt', 'action': 'radio update prompt 2'}','action':'None','timestamp':1753798175217},ANY:{'page': {'page': 'radio prompt', 'action': 'radio update prompt 2'}, 'timestamp': 1753798175217}
1753798175.738945,ID:2113,STAGE:4,SEQUENCE:1234,DATA:{'page':'{'sensor': 'Blood Pressure', 'action': 'capture', 'data': 'action button pressed'}','action':'None','timestamp':1753798175804},ANY:{'page': {'sensor': 'Blood Pressure', 'action': 'capture', 'data': 'action button pressed'}, 'timestamp': 1753798175804}
1753798175.739407,ID:2113,STAGE:4,SEQUENCE:1234,DATA:{'page':'{'sensor': 'Blood Pressure', 'action': 'capture', 'data': 'starting sensor action'}','action':'None','timestamp':1753798175804},ANY:{'page': {'sensor': 'Blood Pressure', 'action': 'capture', 'data': 'starting sensor action'}, 'timestamp': 1753798175804}
1753798176.750184,ID:2113,STAGE:4,SEQUENCE:1234,DATA:{'page':'{'sensor': 'Blood Pressure', 'action': 'keypad open'}','action':'None','timestamp':1753798176814},ANY:{'page': {'sensor': 'Blood Pressure', 'action': 'keypad open'}, 'timestamp': 1753798176814}
a': 'sensor action complete'}, 'timestamp': 1753798176814}
1753798177.586499,ID:2113,STAGE:4,SEQUENCE:1234,DATA:{'page':'{'sensor': 'Blood Pressure', 'action': 'keypad press', 'key': 1, 'value': 1}','action':'None','timestamp':1753798177651},ANY:{'page': {'sensor': 'Blood Pressure', 'action': 'keypad press', 'key': 1, 'value': 1}, 'timestamp': 1753798177651}
1753798178.130399,ID:2113,STAGE:4,SEQUENCE:1234,DATA:{'page':'{'sensor': 'Blood Pressure', 'action': 'keypad press', 'key': 2, 'value': 12}','action':'None','timestamp':1753798178195},ANY:{'page': {'sensor': 'Blood Pressure', 'action': 'keypad press', 'key': 2, 'value': 12}, 'timestamp': 1753798178195}
1753798178.570536,ID:2113,STAGE:4,SEQUENCE:1234,DATA:{'page':'{'page': 'emergency', 'action': 'trying to change destination to19'}','action':'None','timestamp':1753798178566},ANY:{'page': {'page': 'emergency', 'action': 'trying to change destination to19'}, 'timestamp': 1753798178566}
1753798178.797554,ID:2113,STAGE:4,SEQUENCE:1234,DATA:{'page':'{'sensor': 'Blood Pressure', 'action': 'keypad press', 'key': 11, 'value': 120}','action':'None','timestamp':1753798178862},ANY:{'page': {'sensor': 'Blood Pressure', 'action': 'keypad press', 'key': 11, 'value': 120}, 'timestamp': 1753798178862}
1753798179.321691,ID:2113,STAGE:4,SEQUENCE:1234,DATA:{'page':'{'sensor': 'Blood Pressure', 'action': 'keypad press', 'key': 8, 'value': 1208}','action':'None','timestamp':1753798179387},ANY:{'page': {'sensor': 'Blood Pressure', 'action': 'keypad press', 'key': 8, 'value': 1208}, 'timestamp': 1753798179387}
1753798179.868118,ID:2113,STAGE:4,SEQUENCE:1234,DATA:{'page':'{'sensor': 'Blood Pressure', 'action': 'keypad press', 'key': 11, 'value': 12080}','action':'None','timestamp':1753798179933},ANY:{'page': {'sensor': 'Blood Pressure', 'action': 'keypad press', 'key': 11, 'value': 12080}, 'timestamp': 1753798179933}
1753798180.827175,ID:2113,STAGE:4,SEQUENCE:1234,DATA:{'page':'{'sensor': 'Blood Pressure', 'action': 'show action buttons'}','action':'None','timestamp':1753798180891},ANY:{'page': {'sensor': 'Blood Pressure', 'action': 'show action buttons'}, 'timestamp': 1753798180891}
1753798180.82767,ID:2113,STAGE:4,SEQUENCE:1234,DATA:{'page':'{'sensor': 'Blood Pressure', 'action': 'keypad press', 'key': 10, 'value': 12080}','action':'None','timestamp':1753798180892},ANY:{'page': {'sensor': 'Blood Pressure', 'action': 'keypad press', 'key': 10, 'value': 12080}, 'timestamp': 1753798180892}
1753798181.858796,ID:2113,STAGE:4,SEQUENCE:1234,DATA:{'page':'{'sensor': 'Blood Pressure', 'action': 'log', 'data': 'starting sensor action'}','action':'None','timestamp':1753798181924},ANY:{'page': {'sensor': 'Blood Pressure', 'action': 'log', 'data': 'starting sensor action'}, 'timestamp': 1753798181924}
1753798182.869424,ID:2113,STAGE:4,SEQUENCE:1234,DATA:{'page':'{'sensor': 'Blood Pressure', 'action': 'log', 'data': 'sensor action complete'}','action':'None','timestamp':1753798182934},ANY:{'page': {'sensor': 'Blood Pressure', 'action': 'log', 'data': 'sensor action complete'}, 'timestamp': 1753798182934}
1753798183.307721,ID:2113,STAGE:4,SEQUENCE:1234,DATA:{'page':'{'sensor': 'Blood Pressure', 'action': 'save', 'data': 'action button pressed'}','action':'None','timestamp':1753798183372},ANY:{'page': {'sensor': 'Blood Pressure', 'action': 'save', 'data': 'action button pressed'}, 'timestamp': 1753798183372}
1753798183.308248,ID:2113,STAGE:4,SEQUENCE:1234,DATA:{'page':'{'sensor': 'Blood Pressure', 'action': 'save', 'data': 'starting sensor action'}','action':'None','timestamp':1753798183373},ANY:{'page': {'sensor': 'Blood Pressure', 'action': 'save', 'data': 'starting sensor action'}, 'timestamp': 1753798183373}
1753798183.577659,ID:2113,STAGE:4,SEQUENCE:1234,DATA:{'page':'{'page': 'emergency', 'action': 'trying to change destination to19'}','action':'None','timestamp':1753798183574},ANY:{'page': {'page': 'emergency', 'action': 'trying to change destination to19'}, 'timestamp': 1753798183574}
1753798184.321723,ID:2113,STAGE:4,SEQUENCE:1234,DATA:{'page':'{'sensor': 'Blood Pressure', 'action': 'save', 'data': 'sensor action complete'}','action':'None','timestamp':1753798184387},ANY:{'page': {'sensor': 'Blood Pressure', 'action': 'save', 'data': 'sensor action complete'}, 'timestamp': 1753798184387}
1753798186.066377,ID:2113,STAGE:4,SEQUENCE:1234,DATA:{'page':'{'sensor': 'submit', 'action': 'submit'}','action':'None','timestamp':1753798186131},ANY:{'page': {'sensor': 'submit', 'action': 'submit'}, 'timestamp': 1753798186131}
1753798186.067369,ID:2113,STAGE:4,SEQUENCE:1234,DATA:{'page':'{'sensor': 'submit', 'action': 'submit', 'data': 'submit succeeded'}','action':'None','timestamp':1753798186131},ANY:{'page': {'sensor': 'submit', 'action': 'submit', 'data': 'submit succeeded'}, 'timestamp': 1753798186131}
1753798188.586701,ID:2113,STAGE:4,SEQUENCE:1234,DATA:{'page':'{'page': 'emergency', 'action': 'trying to change destination to19'}','action':'None','timestamp':1753798188583},ANY:{'page': {'page': 'emergency', 'action': 'trying to change destination to19'}, 'timestamp': 1753798188583}
1753798193.59841,ID:2113,STAGE:4,SEQUENCE:1234,DATA:{'page':'{'page': 'emergency', 'action': 'trying to change destination to19'}','action':'None','timestamp':1753798193594},ANY:{'page': {'page': 'emergency', 'action': 'trying to change destination to19'}, 'timestamp': 1753798193594}
1753798193.602872,ID:2113,STAGE:4,SEQUENCE:1234,DATA:{'page':'{'page': 'speak text', 'action': 'Receieved text and level:Vitals received and stable.normal'}','action':'None','timestamp':1753798193598},ANY:{'page': {'page': 'speak text', 'action': 'Receieved text and level:Vitals received and stable.normal'}, 'timestamp': 1753798193598}
1753798193.603369,ID:2113,STAGE:4,SEQUENCE:1234,DATA:{'page':'{'page': 'Jarvis speaking', 'action': 'Message: Vitals received and stable. Stress level: normal'}','action':'None','timestamp':1753798193599},ANY:{'page': {'page': 'Jarvis speaking', 'action': 'Message: Vitals received and stable. Stress level: normal'}, 'timestamp': 1753798193599}
1753798198.58173,ID:2113,STAGE:4,SEQUENCE:1234,DATA:{'page':'{'page': 'emergency', 'action': 'trying to change destination to19'}','action':'None','timestamp':1753798198577},ANY:{'page': {'page': 'emergency', 'action': 'trying to change destination to19'}, 'timestamp': 1753798198577}
1753798200.564231,ID:2113,STAGE:4,SEQUENCE:1234,DATA:{'page':'{'page': 'speak text', 'action': 'Receieved text and level:All clear. Enjoy the flightnormal'}','action':'None','timestamp':1753798200561},ANY:{'page': {'page': 'speak text', 'action': 'Receieved text and level:All clear. Enjoy the flightnormal'}, 'timestamp': 1753798200561}
00561}
1753798203.588193,ID:2113,STAGE:4,SEQUENCE:1234,DATA:{'page':'{'page': 'emergency', 'action': 'trying to change destination to19'}','action':'None','timestamp':1753798203584},ANY:{'page': {'page': 'emergency', 'action': 'trying to change destination to19'}, 'timestamp': 1753798203584}
1753798208.598784,ID:2113,STAGE:4,SEQUENCE:1234,DATA:{'page':'{'page': 'emergency', 'action': 'trying to change destination to19'}','action':'None','timestamp':1753798208595},ANY:{'page': {'page': 'emergency', 'action': 'trying to change destination to19'}, 'timestamp': 1753798208595}
1753798213.576234,ID:2113,STAGE:4,SEQUENCE:1234,DATA:{'page':'{'page': 'emergency', 'action': 'trying to change destination to19'}','action':'None','timestamp':1753798213573},ANY:{'page': {'page': 'emergency', 'action': 'trying to change destination to19'}, 'timestamp': 1753798213573}
1753798218.58888,ID:2113,STAGE:4,SEQUENCE:1234,DATA:{'page':'{'page': 'emergency', 'action': 'trying to change destination to19'}','action':'None','timestamp':1753798218586},ANY:{'page': {'page': 'emergency', 'action': 'trying to change destination to19'}, 'timestamp': 1753798218586}
1753798220.662131,ID:2113,STAGE:4,SEQUENCE:1234,DATA:{'page':'{'page': 'inflight', 'action': 'displaying vitals prompt'}','action':'None','timestamp':1753798220727},ANY:{'page': {'page': 'inflight', 'action': 'displaying vitals prompt'}, 'timestamp': 1753798220727}
1753798220.664591,ID:2113,STAGE:4,SEQUENCE:1234,DATA:{'page':'{'page': 'vitals prompt', 'action': 'log vitals prompted'}','action':'None','timestamp':1753798220728},ANY:{'page': {'page': 'vitals prompt', 'action': 'log vitals prompted'}, 'timestamp': 1753798220728}
1753798220.665088,ID:2113,STAGE:4,SEQUENCE:1234,DATA:{'page':'{'page': 'vitals prompt', 'action': 'vitals_prompt 2'}','action':'None','timestamp':1753798220729},ANY:{'page': {'page': 'vitals prompt', 'action': 'vitals_prompt 2'}, 'timestamp': 1753798220729}
1753798223.567974,ID:2113,STAGE:4,SEQUENCE:1234,DATA:{'page':'{'page': 'emergency', 'action': 'trying to change destination to19'}','action':'None','timestamp':1753798223565},ANY:{'page': {'page': 'emergency', 'action': 'trying to change destination to19'}, 'timestamp': 1753798223565}
1753798224.71427,ID:2113,STAGE:4,SEQUENCE:1234,DATA:{'page':'{'action': 'user acknowledged vitals prompt'}','action':'None','timestamp':1753798224779},ANY:{'page': {'action': 'user acknowledged vitals prompt'}, 'timestamp': 1753798224779}
1753798227.441465,ID:2113,STAGE:4,SEQUENCE:1234,DATA:{'page':'{'sensor': 'Blood Pressure', 'action': 'capture', 'data': 'action button pressed'}','action':'None','timestamp':1753798227507},ANY:{'page': {'sensor': 'Blood Pressure', 'action': 'capture', 'data': 'action button pressed'}, 'timestamp': 1753798227507}
1753798227.442457,ID:2113,STAGE:4,SEQUENCE:1234,DATA:{'page':'{'sensor': 'Blood Pressure', 'action': 'capture', 'data': 'starting sensor action'}','action':'None','timestamp':1753798227508},ANY:{'page': {'sensor': 'Blood Pressure', 'action': 'capture', 'data': 'starting sensor action'}, 'timestamp': 1753798227508}
1753798228.457583,ID:2113,STAGE:4,SEQUENCE:1234,DATA:{'page':'{'sensor': 'Blood Pressure', 'action': 'capture', 'data': 'sensor action complete'}','action':'None','timestamp':1753798228522},ANY:{'page': {'sensor': 'Blood Pressure', 'action': 'capture', 'data': 'sensor action complete'}, 'timestamp': 1753798228522}
1753798228.458116,ID:2113,STAGE:4,SEQUENCE:1234,DATA:{'page':'{'sensor': 'Blood Pressure', 'action': 'keypad open'}','action':'None','timestamp':1753798228523},ANY:{'page': {'sensor': 'Blood Pressure', 'action': 'keypad open'}, 'timestamp': 1753798228523}
1753798228.578645,ID:2113,STAGE:4,SEQUENCE:1234,DATA:{'page':'{'page': 'emergency', 'action': 'trying to change destination to19'}','action':'None','timestamp':1753798228575},ANY:{'page': {'page': 'emergency', 'action': 'trying to change destination to19'}, 'timestamp': 1753798228575}
1753798229.817752,ID:2113,STAGE:4,SEQUENCE:1234,DATA:{'page':'{'sensor': 'Blood Pressure', 'action': 'keypad press', 'key': 1, 'value': 1}','action':'None','timestamp':1753798229883},ANY:{'page': {'sensor': 'Blood Pressure', 'action': 'keypad press', 'key': 1, 'value': 1}, 'timestamp': 1753798229883}
1753798230.338427,ID:2113,STAGE:4,SEQUENCE:1234,DATA:{'page':'{'sensor': 'Blood Pressure', 'action': 'keypad press', 'key': 2, 'value': 12}','action':'None','timestamp':1753798230403},ANY:{'page': {'sensor': 'Blood Pressure', 'action': 'keypad press', 'key': 2, 'value': 12}, 'timestamp': 1753798230403}
1753798231.129648,ID:2113,STAGE:4,SEQUENCE:1234,DATA:{'page':'{'sensor': 'Blood Pressure', 'action': 'keypad press', 'key': 11, 'value': 120}','action':'None','timestamp':1753798231195},ANY:{'page': {'sensor': 'Blood Pressure', 'action': 'keypad press', 'key': 11, 'value': 120}, 'timestamp': 1753798231195}
1753798231.715312,ID:2113,STAGE:4,SEQUENCE:1234,DATA:{'page':'{'sensor': 'Blood Pressure', 'action': 'keypad press', 'key': 8, 'value': 1208}','action':'None','timestamp':1753798231779},ANY:{'page': {'sensor': 'Blood Pressure', 'action': 'keypad press', 'key': 8, 'value': 1208}, 'timestamp': 1753798231779}
1753798232.145698,ID:2113,STAGE:4,SEQUENCE:1234,DATA:{'page':'{'sensor': 'Blood Pressure', 'action': 'keypad press', 'key': 11, 'value': 12080}','action':'None','timestamp':1753798232211},ANY:{'page': {'sensor': 'Blood Pressure', 'action': 'keypad press', 'key': 11, 'value': 12080}, 'timestamp': 1753798232211}
1753798232.761355,ID:2113,STAGE:4,SEQUENCE:1234,DATA:{'page':'{'sensor': 'Blood Pressure', 'action': 'show action buttons'}','action':'None','timestamp':1753798232827},ANY:{'page': {'sensor': 'Blood Pressure', 'action': 'show action buttons'}, 'timestamp': 1753798232827}
1753798232.76234,ID:2113,STAGE:4,SEQUENCE:1234,DATA:{'page':'{'sensor': 'Blood Pressure', 'action': 'keypad press', 'key': 10, 'value': 12080}','action':'None','timestamp':1753798232827},ANY:{'page': {'sensor': 'Blood Pressure', 'action': 'keypad press', 'key': 10, 'value': 12080}, 'timestamp': 1753798232827}
1753798233.425837,ID:2113,STAGE:4,SEQUENCE:1234,DATA:{'page':'{'sensor': 'Blood Pressure', 'action': 'log', 'data': 'action button pressed'}','action':'None','timestamp':1753798233491},ANY:{'page': {'sensor': 'Blood Pressure', 'action': 'log', 'data': 'action button pressed'}, 'timestamp': 1753798233491}
1753798233.426828,ID:2113,STAGE:4,SEQUENCE:1234,DATA:{'page':'{'sensor': 'Blood Pressure', 'action': 'log', 'data': 'starting sensor action'}','action':'None','timestamp':1753798233491},ANY:{'page': {'sensor': 'Blood Pressure', 'action': 'log', 'data': 'starting sensor action'}, 'timestamp': 1753798233491}
1753798233.598665,ID:2113,STAGE:4,SEQUENCE:1234,DATA:{'page':'{'page': 'emergency', 'action': 'trying to change destination to19'}','action':'None','timestamp':1753798233595},ANY:{'page': {'page': 'emergency', 'action': 'trying to change destination to19'}, 'timestamp': 1753798233595}
1753798233.602632,ID:2113,STAGE:4,SEQUENCE:1234,DATA:{'page':'{'page': 'Inflight', 'action': 'Pressure Warning alert activated'}','action':'None','timestamp':1753798233596},ANY:{'page': {'page': 'Inflight', 'action': 'Pressure Warning alert activated'}, 'timestamp': 1753798233596}
timestamp': 1753798233595}
1753798233.602632,ID:2113,STAGE:4,SEQUENCE:1234,DATA:{'page':'{'page': 'Inflight', 'action': 'showing emergency: low Low Pressure Warning <div> Report the reading from the secondary hydraulic pressure gauge</div>'}','action':'None','timestamp':1753798233597},ANY:{'page': {'page': 'Inflight', 'action': 'showing emergency: low Low Pressure Warning <div> Report the reading from the secondary hydraulic pressure gauge</div>'}, 'timestamp': 1753798233597}
1753798233.60809,ID:2113,STAGE:4,SEQUENCE:1234,DATA:{'page':'{'page': 'Jarvis speaking', 'action': 'Message: Hydraulic pressure anomaly detected. Request reading from backup pressure gauge, left panel, third dial. Stress level: normal'}','action':'None','timestamp':1753798233597},ANY:{'page': {'page': 'Jarvis speaking', 'action': 'Message: Hydraulic pressure anomaly detected. Request reading from backup pressure gauge, left panel, third dial. Stress level: normal'}, 'timestamp': 1753798233597}
1753798234.440994,ID:2113,STAGE:4,SEQUENCE:1234,DATA:{'page':'{'sensor': 'Blood Pressure', 'action': 'log', 'data': 'sensor action complete'}','action':'None','timestamp':1753798234505},ANY:{'page': {'sensor': 'Blood Pressure', 'action': 'log', 'data': 'sensor action complete'}, 'timestamp': 1753798234505}
1753798235.663725,ID:2113,STAGE:4,SEQUENCE:1234,DATA:{'page':'{'page': 'vitals prompt', 'action': 'auto off vitals prompt'}','action':'None','timestamp':1753798235729},ANY:{'page': {'page': 'vitals prompt', 'action': 'auto off vitals prompt'}, 'timestamp': 1753798235729}
1753798238.095069,ID:2113,STAGE:4,SEQUENCE:1234,DATA:{'page':'{'sensor': 'Blood Pressure', 'action': 'save', 'data': 'starting sensor action'}','action':'None','timestamp':1753798238139},ANY:{'page': {'sensor': 'Blood Pressure', 'action': 'save', 'data': 'starting sensor action'}, 'timestamp': 1753798238139}
1753798238.567994,ID:2113,STAGE:4,SEQUENCE:1234,DATA:{'page':'{'page': 'emergency', 'action': 'trying to change destination to19'}','action':'None','timestamp':1753798238563},ANY:{'page': {'page': 'emergency', 'action': 'trying to change destination to19'}, 'timestamp': 1753798238563}
1753798239.090659,ID:2113,STAGE:4,SEQUENCE:1234,DATA:{'page':'{'sensor': 'Blood Pressure', 'action': 'save', 'data': 'sensor action complete'}','action':'None','timestamp':1753798239155},ANY:{'page': {'sensor': 'Blood Pressure', 'action': 'save', 'data': 'sensor action complete'}, 'timestamp': 1753798239155}
1753798243.583852,ID:2113,STAGE:4,SEQUENCE:1234,DATA:{'page':'{'page': 'emergency', 'action': 'trying to change destination to19'}','action':'None','timestamp':1753798243579},ANY:{'page': {'page': 'emergency', 'action': 'trying to change destination to19'}, 'timestamp': 1753798243579}
1753798245.025472,ID:2113,STAGE:4,SEQUENCE:1234,DATA:{'page':'{'page': 'speak text', 'action': 'Receieved text and level:What is the current engine pressure in  p s inormal'}','action':'None','timestamp':1753798245021},ANY:{'page': {'page': 'speak text', 'action': 'Receieved text and level:What is the current engine pressure in  p s inormal'}, 'timestamp': 1753798245021}
1753798245.085489,ID:2113,STAGE:4,SEQUENCE:1234,DATA:{'page':'{'page': 'Jarvis speaking', 'action': 'Message: What is the current engine pressure in  p s i Stress level: normal'}','action':'None','timestamp':1753798245022},ANY:{'page': {'page': 'Jarvis speaking', 'action': 'Message: What is the current engine pressure in  p s i Stress level: normal'}, 'timestamp': 1753798245022}
1753798246.401451,ID:2113,STAGE:4,SEQUENCE:1234,DATA:{'page':'{'sensor': 'O₂ Saturation', 'action': 'opened sensor tab'}','action':'None','timestamp':1753798246467},ANY:{'page': {'sensor': 'O₂ Saturation', 'action': 'opened sensor tab'}, 'timestamp': 1753798246467}
1753798248.5603,ID:2113,STAGE:4,SEQUENCE:1234,DATA:{'page':'{'page': 'emergency', 'action': 'trying to change destination to19'}','action':'None','timestamp':1753798248555},ANY:{'page': {'page': 'emergency', 'action': 'trying to change destination to19'}, 'timestamp': 1753798248555}
1753798250.634735,ID:2113,STAGE:4,SEQUENCE:1234,DATA:{'page':'{'sensor': 'O₂ Saturation', 'action': 'capture', 'data': 'action button pressed'}','action':'None','timestamp':1753798250693},ANY:{'page': {'sensor': 'O₂ Saturation', 'action': 'capture', 'data': 'action button pressed'}, 'timestamp': 1753798250693}
1753798250.639199,ID:2113,STAGE:4,SEQUENCE:1234,DATA:{'page':'{'sensor': 'O₂ Saturation', 'action': 'capture', 'data': 'starting sensor action'}','action':'None','timestamp':1753798250695},ANY:{'page': {'sensor': 'O₂ Saturation', 'action': 'capture', 'data': 'starting sensor action'}, 'timestamp': 1753798250695}
1753798251.174338,ID:2113,STAGE:4,SEQUENCE:1234,DATA:{'page':'{'page': 'Jarvis speaking', 'action': 'Message: settingpressureinputto13 Stress level: normal'}','action':'None','timestamp':1753798251166},ANY:{'page': {'page': 'Jarvis speaking', 'action': 'Message: settingpressureinputto13 Stress level: normal'}, 'timestamp': 1753798251166}
1753798251.640964,ID:2113,STAGE:4,SEQUENCE:1234,DATA:{'page':'{'sensor': 'O₂ Saturation', 'action': 'capture', 'data': 'sensor action complete'}','action':'None','timestamp':1753798251706},ANY:{'page': {'sensor': 'O₂ Saturation', 'action': 'capture', 'data': 'sensor action complete'}, 'timestamp': 1753798251706}
1753798251.641956,ID:2113,STAGE:4,SEQUENCE:1234,DATA:{'page':'{'sensor': 'O₂ Saturation', 'action': 'keypad open'}','action':'None','timestamp':1753798251707},ANY:{'page': {'sensor': 'O₂ Saturation', 'action': 'keypad open'}, 'timestamp': 1753798251707}
1753798253.567878,ID:2113,STAGE:4,SEQUENCE:1234,DATA:{'page':'{'page': 'emergency', 'action': 'trying to change destination to19'}','action':'None','timestamp':1753798253565},ANY:{'page': {'page': 'emergency', 'action': 'trying to change destination to19'}, 'timestamp': 1753798253565}
1753798253.579782,ID:2113,STAGE:4,SEQUENCE:1234,DATA:{'page':'{'action': 'Controller Executing: click on submit-button with value: undefined'}','action':'None','timestamp':1753798253576},ANY:{'page': {'action': 'Controller Executing: click on submit-button with value: undefined'}, 'timestamp': 1753798253576}
1753798253.579782,ID:2113,STAGE:4,SEQUENCE:1234,DATA:{'page':'{'page': 'Jarvis speaking', 'action': 'Message: Copy. Sensor miscalibration likely. WARNING CLEARED. System status: Normal. Continuing course. Stress level: normal'}','action':'None','timestamp':1753798253576},ANY:{'page': {'page': 'Jarvis speaking', 'action': 'Message: Copy. Sensor miscalibration likely. WARNING CLEARED. System status: Normal. Continuing course. Stress level: normal'}, 'timestamp': 1753798253576}
1753798253.580775,ID:2113,STAGE:4,SEQUENCE:1234,DATA:{'page':'{'page': 'Inflight', 'action': 'user entered correct value: 20'}','action':'None','timestamp':1753798253577},ANY:{'page': {'page': 'Inflight', 'action': 'user entered correct value: 20'}, 'timestamp': 1753798253577}
1753798254.24916,ID:2113,STAGE:4,SEQUENCE:1234,DATA:{'page':'{'sensor': 'O₂ Saturation', 'action': 'keypad press', 'key': 1, 'value': 1}','action':'None','timestamp':1753798254315},ANY:{'page': {'sensor': 'O₂ Saturation', 'action': 'keypad press', 'key': 1, 'value': 1}, 'timestamp': 1753798254315}
1753798255.209877,ID:2113,STAGE:4,SEQUENCE:1234,DATA:{'page':'{'sensor': 'O₂ Saturation', 'action': 'keypad press', 'key': 11, 'value': 10}','action':'None','timestamp':1753798255275},ANY:{'page': {'sensor': 'O₂ Saturation', 'action': 'keypad press', 'key': 11, 'value': 10}, 'timestamp': 1753798255275}
1753798255.68879,ID:2113,STAGE:4,SEQUENCE:1234,DATA:{'page':'{'sensor': 'O₂ Saturation', 'action': 'keypad press', 'key': 11, 'value': 100}','action':'None','timestamp':1753798255755},ANY:{'page': {'sensor': 'O₂ Saturation', 'action': 'keypad press', 'key': 11, 'value': 100}, 'timestamp': 1753798255755}
1753798256.178475,ID:2113,STAGE:4,SEQUENCE:1234,DATA:{'page':'{'page': 'Jarvis speaking', 'action': 'Message: Copy. Sensor miscalibration likely. WARNING CLEARED. System status: Normal. Continuing course. Stress level: normal'}','action':'None','timestamp':1753798256175},ANY:{'page': {'page': 'Jarvis speaking', 'action': 'Message: Copy. Sensor miscalibration likely. WARNING CLEARED. System status: Normal. Continuing course. Stress level: normal'}, 'timestamp': 1753798256175}
1753798256.681376,ID:2113,STAGE:4,SEQUENCE:1234,DATA:{'page':'{'sensor': 'O₂ Saturation', 'action': 'show action buttons'}','action':'None','timestamp':1753798256746},ANY:{'page': {'sensor': 'O₂ Saturation', 'action': 'show action buttons'}, 'timestamp': 1753798256746}
1753798256.682374,ID:2113,STAGE:4,SEQUENCE:1234,DATA:{'page':'{'sensor': 'O₂ Saturation', 'action': 'keypad press', 'key': 10, 'value': 100}','action':'None','timestamp':1753798256747},ANY:{'page': {'sensor': 'O₂ Saturation', 'action': 'keypad press', 'key': 10, 'value': 100}, 'timestamp': 1753798256747}
1753798257.450263,ID:2113,STAGE:4,SEQUENCE:1234,DATA:{'page':'{'sensor': 'O₂ Saturation', 'action': 'log', 'data': 'starting sensor action'}','action':'None','timestamp':1753798257515},ANY:{'page': {'sensor': 'O₂ Saturation', 'action': 'log', 'data': 'starting sensor action'}, 'timestamp': 1753798257515}
1753798258.465758,ID:2113,STAGE:4,SEQUENCE:1234,DATA:{'page':'{'sensor': 'O₂ Saturation', 'action': 'log', 'data': 'sensor action complete'}','action':'None','timestamp':1753798258531},ANY:{'page': {'sensor': 'O₂ Saturation', 'action': 'log', 'data': 'sensor action complete'}, 'timestamp': 1753798258531}
1753798258.577344,ID:2113,STAGE:4,SEQUENCE:1234,DATA:{'page':'{'page': 'emergency', 'action': 'trying to change destination to19'}','action':'None','timestamp':1753798258575},ANY:{'page': {'page': 'emergency', 'action': 'trying to change destination to19'}, 'timestamp': 1753798258575}
1753798260.425974,ID:2113,STAGE:4,SEQUENCE:1234,DATA:{'page':'{'sensor': 'O₂ Saturation', 'action': 'save', 'data': 'action button pressed'}','action':'None','timestamp':1753798260492},ANY:{'page': {'sensor': 'O₂ Saturation', 'action': 'save', 'data': 'action button pressed'}, 'timestamp': 1753798260492}
1753798260.427957,ID:2113,STAGE:4,SEQUENCE:1234,DATA:{'page':'{'sensor': 'O₂ Saturation', 'action': 'save', 'data': 'starting sensor action'}','action':'None','timestamp':1753798260492},ANY:{'page': {'sensor': 'O₂ Saturation', 'action': 'save', 'data': 'starting sensor action'}, 'timestamp': 1753798260492}
1753798261.437721,ID:2113,STAGE:4,SEQUENCE:1234,DATA:{'page':'{'sensor': 'O₂ Saturation', 'action': 'save', 'data': 'sensor action complete'}','action':'None','timestamp':1753798261504},ANY:{'page': {'sensor': 'O₂ Saturation', 'action': 'save', 'data': 'sensor action complete'}, 'timestamp': 1753798261504}
1753798263.557541,ID:2113,STAGE:4,SEQUENCE:1234,DATA:{'page':'{'page': 'emergency', 'action': 'trying to change destination to19'}','action':'None','timestamp':1753798263555},ANY:{'page': {'page': 'emergency', 'action': 'trying to change destination to19'}, 'timestamp': 1753798263555}
1753798264.401189,ID:2113,STAGE:4,SEQUENCE:1234,DATA:{'page':'{'sensor': 'Heart Rate', 'action': 'opened sensor tab'}','action':'None','timestamp':1753798264467},ANY:{'page': {'sensor': 'Heart Rate', 'action': 'opened sensor tab'}, 'timestamp': 1753798264467}
1753798267.362644,ID:2113,STAGE:4,SEQUENCE:1234,DATA:{'page':'{'sensor': 'Heart Rate', 'action': 'capture', 'data': 'action button pressed'}','action':'None','timestamp':1753798267427},ANY:{'page': {'sensor': 'Heart Rate', 'action': 'capture', 'data': 'action button pressed'}, 'timestamp': 1753798267427}
1753798267.363142,ID:2113,STAGE:4,SEQUENCE:1234,DATA:{'page':'{'sensor': 'Heart Rate', 'action': 'capture', 'data': 'starting sensor action'}','action':'None','timestamp':1753798267428},ANY:{'page': {'sensor': 'Heart Rate', 'action': 'capture', 'data': 'starting sensor action'}, 'timestamp': 1753798267428}
1753798268.378684,ID:2113,STAGE:4,SEQUENCE:1234,DATA:{'page':'{'sensor': 'Heart Rate', 'action': 'capture', 'data': 'sensor action complete'}','action':'None','timestamp':1753798268444},ANY:{'page': {'sensor': 'Heart Rate', 'action': 'capture', 'data': 'sensor action complete'}, 'timestamp': 1753798268444}
1753798268.379152,ID:2113,STAGE:4,SEQUENCE:1234,DATA:{'page':'{'sensor': 'Heart Rate', 'action': 'keypad open'}','action':'None','timestamp':1753798268444},ANY:{'page': {'sensor': 'Heart Rate', 'action': 'keypad open'}, 'timestamp': 1753798268444}
1753798268.570794,ID:2113,STAGE:4,SEQUENCE:1234,DATA:{'page':'{'page': 'emergency', 'action': 'trying to change destination to19'}','action':'None','timestamp':1753798268568},ANY:{'page': {'page': 'emergency', 'action': 'trying to change destination to19'}, 'timestamp': 1753798268568}
1753798271.640934,ID:2113,STAGE:4,SEQUENCE:1234,DATA:{'page':'{'sensor': 'Heart Rate', 'action': 'keypad press', 'key': 5, 'value': 5}','action':'None','timestamp':1753798271707},ANY:{'page': {'sensor': 'Heart Rate', 'action': 'keypad press', 'key': 5, 'value': 5}, 'timestamp': 1753798271707}
1753798272.026245,ID:2113,STAGE:4,SEQUENCE:1234,DATA:{'page':'{'sensor': 'Heart Rate', 'action': 'keypad press', 'key': 5, 'value': 55}','action':'None','timestamp':1753798272091},ANY:{'page': {'sensor': 'Heart Rate', 'action': 'keypad press', 'key': 5, 'value': 55}, 'timestamp': 1753798272091}
1753798272.729327,ID:2113,STAGE:4,SEQUENCE:1234,DATA:{'page':'{'sensor': 'Heart Rate', 'action': 'show action buttons'}','action':'None','timestamp':1753798272795},ANY:{'page': {'sensor': 'Heart Rate', 'action': 'show action buttons'}, 'timestamp': 1753798272795}
1753798272.729825,ID:2113,STAGE:4,SEQUENCE:1234,DATA:{'page':'{'sensor': 'Heart Rate', 'action': 'keypad press', 'key': 10, 'value': 55}','action':'None','timestamp':1753798272795},ANY:{'page': {'sensor': 'Heart Rate', 'action': 'keypad press', 'key': 10, 'value': 55}, 'timestamp': 1753798272795}
1753798273.580377,ID:2113,STAGE:4,SEQUENCE:1234,DATA:{'page':'{'page': 'emergency', 'action': 'trying to change destination to19'}','action':'None','timestamp':1753798273577},ANY:{'page': {'page': 'emergency', 'action': 'trying to change destination to19'}, 'timestamp': 1753798273577}
1753798273.60871,ID:2113,STAGE:4,SEQUENCE:1234,DATA:{'page':'{'sensor': 'Heart Rate', 'action': 'log', 'data': 'action button pressed'}','action':'None','timestamp':1753798273675},ANY:{'page': {'sensor': 'Heart Rate', 'action': 'log', 'data': 'action button pressed'}, 'timestamp': 1753798273675}
1753798273.609702,ID:2113,STAGE:4,SEQUENCE:1234,DATA:{'page':'{'sensor': 'Heart Rate', 'action': 'log', 'data': 'starting sensor action'}','action':'None','timestamp':1753798273675},ANY:{'page': {'sensor': 'Heart Rate', 'action': 'log', 'data': 'starting sensor action'}, 'timestamp': 1753798273675}
1753798274.628705,ID:2113,STAGE:4,SEQUENCE:1234,DATA:{'page':'{'sensor': 'Heart Rate', 'action': 'log', 'data': 'sensor action complete'}','action':'None','timestamp':1753798274695},ANY:{'page': {'sensor': 'Heart Rate', 'action': 'log', 'data': 'sensor action complete'}, 'timestamp': 1753798274695}
1753798275.284212,ID:2113,STAGE:4,SEQUENCE:1234,DATA:{'page':'{'sensor': 'Heart Rate', 'action': 'save', 'data': 'starting sensor action'}','action':'None','timestamp':1753798275348},ANY:{'page': {'sensor': 'Heart Rate', 'action': 'save', 'data': 'starting sensor action'}, 'timestamp': 1753798275348}
1753798276.300149,ID:2113,STAGE:4,SEQUENCE:1234,DATA:{'page':'{'sensor': 'Heart Rate', 'action': 'save', 'data': 'sensor action complete'}','action':'None','timestamp':1753798276366},ANY:{'page': {'sensor': 'Heart Rate', 'action': 'save', 'data': 'sensor action complete'}, 'timestamp': 1753798276366}
1753798277.881255,ID:2113,STAGE:4,SEQUENCE:1234,DATA:{'page':'{'sensor': 'submit', 'action': 'submit'}','action':'None','timestamp':1753798277946},ANY:{'page': {'sensor': 'submit', 'action': 'submit'}, 'timestamp': 1753798277946}
1753798277.881751,ID:2113,STAGE:4,SEQUENCE:1234,DATA:{'page':'{'sensor': 'submit', 'action': 'submit', 'data': 'submit succeeded'}','action':'None','timestamp':1753798277947},ANY:{'page': {'sensor': 'submit', 'action': 'submit', 'data': 'submit succeeded'}, 'timestamp': 1753798277947}
1753798278.275106,ID:2113,STAGE:4,SEQUENCE:1234,DATA:{'page':'{'page': 'speak text', 'action': 'Receieved text and level:All clear. Enjoy the flightnormal'}','action':'None','timestamp':1753798278272},ANY:{'page': {'page': 'speak text', 'action': 'Receieved text and level:All clear. Enjoy the flightnormal'}, 'timestamp': 1753798278272}
1753798278.276098,ID:2113,STAGE:4,SEQUENCE:1234,DATA:{'page':'{'page': 'Jarvis speaking', 'action': 'Message: All clear. Enjoy the flight Stress level: normal'}','action':'None','timestamp':1753798278273},ANY:{'page': {'page': 'Jarvis speaking', 'action': 'Message: All clear. Enjoy the flight Stress level: normal'}, 'timestamp': 1753798278273}
1753798278.559303,ID:2113,STAGE:4,SEQUENCE:1234,DATA:{'page':'{'page': 'emergency', 'action': 'trying to change destination to19'}','action':'None','timestamp':1753798278556},ANY:{'page': {'page': 'emergency', 'action': 'trying to change destination to19'}, 'timestamp': 1753798278556}
1753798278.920855,ID:2113,STAGE:4,SEQUENCE:1234,DATA:{'page':'{'page': 'Ground speaking', 'action': 'N A S X G S, this is Ground Control asking for update on flight status, patient status and estimated time to destination.'}','action':'None','timestamp':1753798278987},ANY:{'page': {'page': 'Ground speaking', 'action': 'N A S X G S, this is Ground Control asking for update on flight status, patient status and estimated time to destination.'}, 'timestamp': 1753798278987}
1753798278.921847,ID:2113,STAGE:4,SEQUENCE:1234,DATA:{'page':'{'page': 'radio update', 'action': 'radio update asked'}','action':'None','timestamp':1753798278987},ANY:{'page': {'page': 'radio update', 'action': 'radio update asked'}, 'timestamp': 1753798278987}
1753798278.922343,ID:2113,STAGE:4,SEQUENCE:1234,DATA:{'page':'{'page': 'radio prompt', 'action': 'radio update prompt 3'}','action':'None','timestamp':1753798278987},ANY:{'page': {'page': 'radio prompt', 'action': 'radio update prompt 3'}, 'timestamp': 1753798278987}
1753798283.568473,ID:2113,STAGE:4,SEQUENCE:1234,DATA:{'page':'{'page': 'emergency', 'action': 'trying to change destination to19'}','action':'None','timestamp':1753798283566},ANY:{'page': {'page': 'emergency', 'action': 'trying to change destination to19'}, 'timestamp': 1753798283566}
1753798288.576477,ID:2113,STAGE:4,SEQUENCE:1234,DATA:{'page':'{'page': 'emergency', 'action': 'trying to change destination to19'}','action':'None','timestamp':1753798288573},ANY:{'page': {'page': 'emergency', 'action': 'trying to change destination to19'}, 'timestamp': 1753798288573}
1753798291.585887,ID:2113,STAGE:4,SEQUENCE:1234,DATA:{'page':'{'page': 'speak text', 'action': 'Receieved text and level:Vitals received and stable.normal'}','action':'None','timestamp':1753798291583},ANY:{'page': {'page': 'speak text', 'action': 'Receieved text and level:Vitals received and stable.normal'}, 'timestamp': 1753798291583}
1753798291.586383,ID:2113,STAGE:4,SEQUENCE:1234,DATA:{'page':'{'page': 'Jarvis speaking', 'action': 'Message: Vitals received and stable. Stress level: normal'}','action':'None','timestamp':1753798291583},ANY:{'page': {'page': 'Jarvis speaking', 'action': 'Message: Vitals received and stable. Stress level: normal'}, 'timestamp': 1753798291583}
1753798293.588736,ID:2113,STAGE:4,SEQUENCE:1234,DATA:{'page':'{'page': 'emergency', 'action': 'trying to change destination to19'}','action':'None','timestamp':1753798293586},ANY:{'page': {'page': 'emergency', 'action': 'trying to change destination to19'}, 'timestamp': 1753798293586}
1753798298.567978,ID:2113,STAGE:4,SEQUENCE:1234,DATA:{'page':'{'page': 'emergency', 'action': 'trying to change destination to19'}','action':'None','timestamp':1753798298565},ANY:{'page': {'page': 'emergency', 'action': 'trying to change destination to19'}, 'timestamp': 1753798298565}
1753798299.358703,ID:2113,STAGE:4,SEQUENCE:1234,DATA:{'page':'{'page': 'speak text', 'action': 'Receieved text and level:Are you enjoying the flight?normal'}','action':'None','timestamp':1753798299356},ANY:{'page': {'page': 'speak text', 'action': 'Receieved text and level:Are you enjoying the flight?normal'}, 'timestamp': 1753798299356}
1753798299.359199,ID:2113,STAGE:4,SEQUENCE:1234,DATA:{'page':'{'page': 'Jarvis speaking', 'action': 'Message: Are you enjoying the flight? Stress level: normal'}','action':'None','timestamp':1753798299356},ANY:{'page': {'page': 'Jarvis speaking', 'action': 'Message: Are you enjoying the flight? Stress level: normal'}, 'timestamp': 1753798299356}
1753798303.576972,ID:2113,STAGE:4,SEQUENCE:1234,DATA:{'page':'{'page': 'emergency', 'action': 'trying to change destination to19'}','action':'None','timestamp':1753798303574},ANY:{'page': {'page': 'emergency', 'action': 'trying to change destination to19'}, 'timestamp': 1753798303574}
1753798306.689747,ID:2113,STAGE:4,SEQUENCE:1234,DATA:{'page':'{'page': 'speak text', 'action': 'Receieved text and level:Thanks.normal'}','action':'None','timestamp':1753798306687},ANY:{'page': {'page': 'speak text', 'action': 'Receieved text and level:Thanks.normal'}, 'timestamp': 1753798306687}
1753798306.690243,ID:2113,STAGE:4,SEQUENCE:1234,DATA:{'page':'{'page': 'Jarvis speaking', 'action': 'Message: Thanks. Stress level: normal'}','action':'None','timestamp':1753798306687},ANY:{'page': {'page': 'Jarvis speaking', 'action': 'Message: Thanks. Stress level: normal'}, 'timestamp': 1753798306687}
1753798308.587685,ID:2113,STAGE:4,SEQUENCE:1234,DATA:{'page':'{'page': 'emergency', 'action': 'trying to change destination to19'}','action':'None','timestamp':1753798308585},ANY:{'page': {'page': 'emergency', 'action': 'trying to change destination to19'}, 'timestamp': 1753798308585}
1753798313.566399,ID:2113,STAGE:4,SEQUENCE:1234,DATA:{'page':'{'page': 'emergency', 'action': 'trying to change destination to19'}','action':'None','timestamp':1753798313563},ANY:{'page': {'page': 'emergency', 'action': 'trying to change destination to19'}, 'timestamp': 1753798313563}
1753798318.577075,ID:2113,STAGE:4,SEQUENCE:1234,DATA:{'page':'{'page': 'emergency', 'action': 'trying to change destination to19'}','action':'None','timestamp':1753798318574},ANY:{'page': {'page': 'emergency', 'action': 'trying to change destination to19'}, 'timestamp': 1753798318574}
1753798323.588221,ID:2113,STAGE:4,SEQUENCE:1234,DATA:{'page':'{'page': 'emergency', 'action': 'trying to change destination to19'}','action':'None','timestamp':1753798323585},ANY:{'page': {'page': 'emergency', 'action': 'trying to change destination to19'}, 'timestamp': 1753798323585}
1753798325.037076,ID:2113,STAGE:4,SEQUENCE:1234,DATA:{'page':'{'page': 'speak text', 'action': 'Receieved text and level:Opening mapnormal'}','action':'None','timestamp':1753798325033},ANY:{'page': {'page': 'speak text', 'action': 'Receieved text and level:Opening mapnormal'}, 'timestamp': 1753798325033}
25034}
1753798325.515189,ID:2113,STAGE:4,SEQUENCE:1234,DATA:{'page':'{'page': 'map', 'action': 'selected helipad', 'value': '21'}','action':'None','timestamp':1753798325512},ANY:{'page': {'page': 'map', 'action': 'selected helipad', 'value': '21'}, 'timestamp': 1753798325512}
1753798326.02232,ID:2113,STAGE:4,SEQUENCE:1234,DATA:{'page':'{'page': 'map', 'action': 'selected helipad', 'value': '21'}','action':'None','timestamp':1753798326014},ANY:{'page': {'page': 'map', 'action': 'selected helipad', 'value': '21'}, 'timestamp': 1753798326014}
1753798328.574159,ID:2113,STAGE:4,SEQUENCE:1234,DATA:{'page':'{'page': 'emergency', 'action': 'trying to change destination to19'}','action':'None','timestamp':1753798328571},ANY:{'page': {'page': 'emergency', 'action': 'trying to change destination to19'}, 'timestamp': 1753798328571}
1753798333.575852,ID:2113,STAGE:4,SEQUENCE:1234,DATA:{'page':'{'page': 'emergency', 'action': 'trying to change destination to19'}','action':'None','timestamp':1753798333573},ANY:{'page': {'page': 'emergency', 'action': 'trying to change destination to19'}, 'timestamp': 1753798333573}
1753798338.555609,ID:2113,STAGE:4,SEQUENCE:1234,DATA:{'page':'{'page': 'emergency', 'action': 'trying to change destination to19'}','action':'None','timestamp':1753798338553},ANY:{'page': {'page': 'emergency', 'action': 'trying to change destination to19'}, 'timestamp': 1753798338553}
1753798343.595547,ID:2113,STAGE:4,SEQUENCE:1234,DATA:{'page':'{'page': 'emergency', 'action': 'trying to change destination to19'}','action':'None','timestamp':1753798343592},ANY:{'page': {'page': 'emergency', 'action': 'trying to change destination to19'}, 'timestamp': 1753798343592}
1753798348.577821,ID:2113,STAGE:4,SEQUENCE:1234,DATA:{'page':'{'page': 'emergency', 'action': 'trying to change destination to19'}','action':'None','timestamp':1753798348574},ANY:{'page': {'page': 'emergency', 'action': 'trying to change destination to19'}, 'timestamp': 1753798348574}
1753798353.600776,ID:2113,STAGE:4,SEQUENCE:1234,DATA:{'page':'{'page': 'emergency', 'action': 'trying to change destination to19'}','action':'None','timestamp':1753798353597},ANY:{'page': {'page': 'emergency', 'action': 'trying to change destination to19'}, 'timestamp': 1753798353597}
1753798353.60276,ID:2113,STAGE:4,SEQUENCE:1234,DATA:{'page':'{'page': 'emergency', 'action': 'show Engine Failure Alert, hide map'}','action':'None','timestamp':1753798353598},ANY:{'page': {'page': 'emergency', 'action': 'show Engine Failure Alert, hide map'}, 'timestamp': 1753798353598}
ge': 'Inflight', 'action': 'showing emergency: high Engine Fire <div>Need to <strong>Land immediately</strong></div><br><div>Pick an emergency landing site</div>'}, 'timestamp': 1753798353599}
1753798353.609216,ID:2113,STAGE:4,SEQUENCE:1234,DATA:{'page':'{'page': 'Jarvis speaking', 'action': 'Message: Emergency detected: Immediate landing is required. Attention Emergency detected Stress level: high'}','action':'None','timestamp':1753798353599},ANY:{'page': {'page': 'Jarvis speaking', 'action': 'Message: Emergency detected: Immediate landing is required. Attention Emergency detected Stress level: high'}, 'timestamp': 1753798353599}
1753798358.430759,ID:2113,STAGE:4,SEQUENCE:1234,DATA:{'page':'{'page': 'inflight', 'action': 'displaying vitals prompt'}','action':'None','timestamp':1753798358494},ANY:{'page': {'page': 'inflight', 'action': 'displaying vitals prompt'}, 'timestamp': 1753798358494}
1753798358.431751,ID:2113,STAGE:4,SEQUENCE:1234,DATA:{'page':'{'page': 'vitals prompt', 'action': 'log vitals prompted'}','action':'None','timestamp':1753798358495},ANY:{'page': {'page': 'vitals prompt', 'action': 'log vitals prompted'}, 'timestamp': 1753798358495}
1753798358.432744,ID:2113,STAGE:4,SEQUENCE:1234,DATA:{'page':'{'page': 'vitals prompt', 'action': 'vitals_prompt 3'}','action':'None','timestamp':1753798358495},ANY:{'page': {'page': 'vitals prompt', 'action': 'vitals_prompt 3'}, 'timestamp': 1753798358495}
1753798358.568939,ID:2113,STAGE:4,SEQUENCE:1234,DATA:{'page':'{'page': 'emergency', 'action': 'trying to change destination to19'}','action':'None','timestamp':1753798358565},ANY:{'page': {'page': 'emergency', 'action': 'trying to change destination to19'}, 'timestamp': 1753798358565}
1753798362.895921,ID:2113,STAGE:4,SEQUENCE:1234,DATA:{'page':'{'page': 'Jarvis speaking', 'action': 'Message: Got it, you want to make an emergency landing. Let me pull up the map to assist you with that Stress level: normal'}','action':'None','timestamp':1753798362890},ANY:{'page': {'page': 'Jarvis speaking', 'action': 'Message: Got it, you want to make an emergency landing. Let me pull up the map to assist you with that Stress level: normal'}, 'timestamp': 1753798362890}
1753798363.535229,ID:2113,STAGE:4,SEQUENCE:1234,DATA:{'page':'{'page': 'map', 'action': 'show map'}','action':'None','timestamp':1753798363521},ANY:{'page': {'page': 'map', 'action': 'show map'}, 'timestamp': 1753798363521}
1753798363.538202,ID:2113,STAGE:4,SEQUENCE:1234,DATA:{'page':'{'page': 'map', 'action': 'selected helipad', 'value': '21'}','action':'None','timestamp':1753798363522},ANY:{'page': {'page': 'map', 'action': 'selected helipad', 'value': '21'}, 'timestamp': 1753798363522}
1753798363.689485,ID:2113,STAGE:4,SEQUENCE:1234,DATA:{'page':'None','action':'None','timestamp':None},ANY:{'time': 1753798363.66, 'user-id': 'none', 'source': 'HAI Interface', 'destination-index': 3, 'study-stage': -1, 'decision-state': 0, 'vitals-state': 0, 'airspace-state': 0, 'data': {'page': 'emergency-landing', 'action': 'opened page'}}
1753798364.648516,ID:2113,STAGE:4,SEQUENCE:1234,DATA:{'page':'{'page': 'map', 'action': 'selected helipad', 'value': '21'}','action':'None','timestamp':1753798364646},ANY:{'page': {'page': 'map', 'action': 'selected helipad', 'value': '21'}, 'timestamp': 1753798364646}
1753798364.649508,ID:2113,STAGE:4,SEQUENCE:1234,DATA:{'page':'{'page': 'map', 'action': 'set destination', 'value': -1}','action':'None','timestamp':1753798364646},ANY:{'page': {'page': 'map', 'action': 'set destination', 'value': -1}, 'timestamp': 1753798364646}
1753798366.75994,ID:2113,STAGE:4,SEQUENCE:1234,DATA:{'page':'{'page': 'speak text', 'action': 'Receieved text and level:Opening mapnormal'}','action':'None','timestamp':1753798366756},ANY:{'page': {'page': 'speak text', 'action': 'Receieved text and level:Opening mapnormal'}, 'timestamp': 1753798366756}
66756}
1753798367.641636,ID:2113,STAGE:4,SEQUENCE:1234,DATA:{'page':'{'page': 'map', 'action': 'set destination', 'value': '3'}','action':'None','timestamp':1753798367639},ANY:{'page': {'page': 'map', 'action': 'set destination', 'value': '3'}, 'timestamp': 1753798367639}
8}
1753798368.14958,ID:2113,STAGE:4,SEQUENCE:1234,DATA:{'page':'{'page': 'map', 'action': 'show map'}','action':'None','timestamp':1753798368144},ANY:{'page': {'page': 'map', 'action': 'show map'}, 'timestamp': 1753798368144}
alue': '3'}, 'timestamp': 1753798368146}
6}
1753798368.680465,ID:2113,STAGE:4,SEQUENCE:1234,DATA:{'page':'{'page': 'emergency', 'action': 'trying to change destination to100'}','action':'None','timestamp':1753798368677},ANY:{'page': {'page': 'emergency', 'action': 'trying to change destination to100'}, 'timestamp': 1753798368677}
1753798373.434534,ID:2113,STAGE:4,SEQUENCE:1234,DATA:{'page':'{'page': 'vitals prompt', 'action': 'auto off vitals prompt'}','action':'None','timestamp':1753798373495},ANY:{'page': {'page': 'vitals prompt', 'action': 'auto off vitals prompt'}, 'timestamp': 1753798373495}
1753798373.602078,ID:2113,STAGE:4,SEQUENCE:1234,DATA:{'page':'{'page': 'map', 'action': 'set destination', 'value': '3'}','action':'None','timestamp':1753798373595},ANY:{'page': {'page': 'map', 'action': 'set destination', 'value': '3'}, 'timestamp': 1753798373595}

1753798373.686845,ID:2113,STAGE:4,SEQUENCE:1234,DATA:{'page':'{'page': 'emergency', 'action': 'trying to change destination to19'}','action':'None','timestamp':1753798373683},ANY:{'page': {'page': 'emergency', 'action': 'trying to change destination to19'}, 'timestamp': 1753798373683}
1753798375.601085,ID:2113,STAGE:4,SEQUENCE:1234,DATA:{'page':'{'page': 'map', 'action': 'changing helipad', 'value': '5'}','action':'None','timestamp':1753798375597},ANY:{'page': {'page': 'map', 'action': 'changing helipad', 'value': '5'}, 'timestamp': 1753798375597}
1753798376.900309,ID:2113,STAGE:4,SEQUENCE:1234,DATA:{'page':'{'page': 'map', 'action': 'hide map'}','action':'None','timestamp':1753798376897},ANY:{'page': {'page': 'map', 'action': 'hide map'}, 'timestamp': 1753798376897}
1753798378.300846,ID:2113,STAGE:4,SEQUENCE:1234,DATA:{'page':'None','action':'None','timestamp':None},ANY:{'time': 1753798378.297, 'user-id': '2113', 'source': 'HAI Interface', 'destination-index': '3', 'study-stage': '4', 'decision-state': 0, 'vitals-state': '1', 'airspace-state': 0, 'data': {'page': 'change-destination', 'action': 'submit button pressed'}}
1753798378.389629,ID:2113,STAGE:4,SEQUENCE:1234,DATA:{'page':'None','action':'None','timestamp':None},ANY:{'time': 1753798378.374, 'user-id': 'none', 'source': 'HAI Interface', 'destination-index': 3, 'study-stage': -1, 'decision-state': 0, 'vitals-state': 0, 'airspace-state': 0, 'data': {'page': 'location', 'action': 'opened page'}}
1753798379.349897,ID:2113,STAGE:4,SEQUENCE:1234,DATA:{'page':'{'page': 'map', 'action': 'selected helipad', 'value': '21'}','action':'None','timestamp':1753798379346},ANY:{'page': {'page': 'map', 'action': 'selected helipad', 'value': '21'}, 'timestamp': 1753798379346}
1753798380.502462,ID:2113,STAGE:4,SEQUENCE:1234,DATA:{'page':'None','action':'None','timestamp':None},ANY:{'time': 1753798380.5, 'user-id': '2113', 'source': 'HAI Interface', 'destination-index': '3', 'study-stage': '4', 'decision-state': 0, 'vitals-state': '1', 'airspace-state': 0, 'data': {'page': 'location', 'action': 'confirm button pressed'}}
1753798381.585138,ID:2113,STAGE:4,SEQUENCE:1234,DATA:{'page':'{'page': 'map', 'action': 'selected helipad', 'value': '21'}','action':'None','timestamp':1753798381582},ANY:{'page': {'page': 'map', 'action': 'selected helipad', 'value': '21'}, 'timestamp': 1753798381582}
1753798385.627126,ID:2113,STAGE:4,SEQUENCE:1234,DATA:{'page':'{'page': 'emergency', 'action': 'trying to change destination to100'}','action':'None','timestamp':1753798385624},ANY:{'page': {'page': 'emergency', 'action': 'trying to change destination to100'}, 'timestamp': 1753798385624}
1753798390.639793,ID:2113,STAGE:4,SEQUENCE:1234,DATA:{'page':'{'page': 'emergency', 'action': 'trying to change destination to19'}','action':'None','timestamp':1753798390636},ANY:{'page': {'page': 'emergency', 'action': 'trying to change destination to19'}, 'timestamp': 1753798390636}
1753798393.475699,ID:2113,STAGE:4,SEQUENCE:1234,DATA:{'page':'{'page': 'speak text', 'action': 'Receieved text and level:New destination updated. Be ready to landnormal'}','action':'None','timestamp':1753798393473},ANY:{'page': {'page': 'speak text', 'action': 'Receieved text and level:New destination updated. Be ready to landnormal'}, 'timestamp': 1753798393473}
1753798393.477186,ID:2113,STAGE:4,SEQUENCE:1234,DATA:{'page':'{'page': 'Jarvis speaking', 'action': 'Message: New destination updated. Be ready to land Stress level: normal'}','action':'None','timestamp':1753798393473},ANY:{'page': {'page': 'Jarvis speaking', 'action': 'Message: New destination updated. Be ready to land Stress level: normal'}, 'timestamp': 1753798393473}
1753798395.645884,ID:2113,STAGE:4,SEQUENCE:1234,DATA:{'page':'{'page': 'emergency', 'action': 'trying to change destination to19'}','action':'None','timestamp':1753798395643},ANY:{'page': {'page': 'emergency', 'action': 'trying to change destination to19'}, 'timestamp': 1753798395643}
1753798397.177845,ID:2113,STAGE:4,SEQUENCE:1234,DATA:{'page':'{'page': 'speak text', 'action': 'Receieved text and level:Opening mapnormal'}','action':'None','timestamp':1753798397175},ANY:{'page': {'page': 'speak text', 'action': 'Receieved text and level:Opening mapnormal'}, 'timestamp': 1753798397175}
1753798397.178837,ID:2113,STAGE:4,SEQUENCE:1234,DATA:{'page':'{'page': 'Jarvis speaking', 'action': 'Message: Opening map Stress level: normal'}','action':'None','timestamp':1753798397175},ANY:{'page': {'page': 'Jarvis speaking', 'action': 'Message: Opening map Stress level: normal'}, 'timestamp': 1753798397175}
1753798398.103487,ID:2113,STAGE:4,SEQUENCE:1234,DATA:{'page':'{'page': 'map', 'action': 'show map'}','action':'None','timestamp':1753798398100},ANY:{'page': {'page': 'map', 'action': 'show map'}, 'timestamp': 1753798398100}
 'value': '21'}, 'timestamp': 1753798398100}
1753798398.593904,ID:2113,STAGE:4,SEQUENCE:1234,DATA:{'page':'{'page': 'map', 'action': 'selected helipad', 'value': '21'}','action':'None','timestamp':1753798398591},ANY:{'page': {'page': 'map', 'action': 'selected helipad', 'value': '21'}, 'timestamp': 1753798398591}
1753798400.630741,ID:2113,STAGE:4,SEQUENCE:1234,DATA:{'page':'{'page': 'emergency', 'action': 'trying to change destination to19'}','action':'None','timestamp':1753798400628},ANY:{'page': {'page': 'emergency', 'action': 'trying to change destination to19'}, 'timestamp': 1753798400628}
1753798405.640298,ID:2113,STAGE:4,SEQUENCE:1234,DATA:{'page':'{'page': 'emergency', 'action': 'trying to change destination to19'}','action':'None','timestamp':1753798405636},ANY:{'page': {'page': 'emergency', 'action': 'trying to change destination to19'}, 'timestamp': 1753798405636}
1753798406.9156,ID:2113,STAGE:4,SEQUENCE:1234,DATA:{'page':'{'page': 'speak text', 'action': 'Receieved text and level:Approaching destination. Be ready to landnormal'}','action':'None','timestamp':1753798406913},ANY:{'page': {'page': 'speak text', 'action': 'Receieved text and level:Approaching destination. Be ready to landnormal'}, 'timestamp': 1753798406913}
1753798406.916096,ID:2113,STAGE:4,SEQUENCE:1234,DATA:{'page':'{'page': 'Jarvis speaking', 'action': 'Message: Approaching destination. Be ready to land Stress level: normal'}','action':'None','timestamp':1753798406913},ANY:{'page': {'page': 'Jarvis speaking', 'action': 'Message: Approaching destination. Be ready to land Stress level: normal'}, 'timestamp': 1753798406913}
1753798410.645765,ID:2113,STAGE:4,SEQUENCE:1234,DATA:{'page':'{'page': 'emergency', 'action': 'trying to change destination to19'}','action':'None','timestamp':1753798410642},ANY:{'page': {'page': 'emergency', 'action': 'trying to change destination to19'}, 'timestamp': 1753798410642}
1753798415.624553,ID:2113,STAGE:4,SEQUENCE:1234,DATA:{'page':'{'page': 'emergency', 'action': 'trying to change destination to19'}','action':'None','timestamp':1753798415621},ANY:{'page': {'page': 'emergency', 'action': 'trying to change destination to19'}, 'timestamp': 1753798415621}
1753798420.217593,ID:2113,STAGE:4,SEQUENCE:1234,DATA:{'page':'{'page': 'Ground speaking', 'action': 'N A S X G S, this is Ground Control asking for update on flight status, patient status and estimated time to destination.'}','action':'None','timestamp':1753798420283},ANY:{'page': {'page': 'Ground speaking', 'action': 'N A S X G S, this is Ground Control asking for update on flight status, patient status and estimated time to destination.'}, 'timestamp': 1753798420283}
1753798420.218089,ID:2113,STAGE:4,SEQUENCE:1234,DATA:{'page':'{'page': 'radio update', 'action': 'radio update asked'}','action':'None','timestamp':1753798420284},ANY:{'page': {'page': 'radio update', 'action': 'radio update asked'}, 'timestamp': 1753798420284}
1753798420.219081,ID:2113,STAGE:4,SEQUENCE:1234,DATA:{'page':'{'page': 'radio prompt', 'action': 'radio update prompt 4'}','action':'None','timestamp':1753798420284},ANY:{'page': {'page': 'radio prompt', 'action': 'radio update prompt 4'}, 'timestamp': 1753798420284}
1753798420.635061,ID:2113,STAGE:4,SEQUENCE:1234,DATA:{'page':'{'page': 'emergency', 'action': 'trying to change destination to19'}','action':'None','timestamp':1753798420631},ANY:{'page': {'page': 'emergency', 'action': 'trying to change destination to19'}, 'timestamp': 1753798420631}
1753798420.712438,ID:2113,STAGE:4,SEQUENCE:1234,DATA:{'page':'{'page': 'checklist', 'action': 'opened page', 'inflight': True}','action':'None','timestamp':1753798420708},ANY:{'page': {'page': 'checklist', 'action': 'opened page', 'inflight': True}, 'timestamp': 1753798420708}
1753798421.692058,ID:2113,STAGE:4,SEQUENCE:1234,DATA:{'page':'{'page': 'map', 'action': 'selected helipad', 'value': '21'}','action':'None','timestamp':1753798421688},ANY:{'page': {'page': 'map', 'action': 'selected helipad', 'value': '21'}, 'timestamp': 1753798421688}
1753798427.318913,ID:2113,STAGE:4,SEQUENCE:1234,DATA:{'page':'{'page': 'checklist', 'action': 'toggled checkbox', 'inflight': True, 'item': 0, 'value': 'OFF'}','action':'None','timestamp':1753798427316},ANY:{'page': {'page': 'checklist', 'action': 'toggled checkbox', 'inflight': True, 'item': 0, 'value': 'OFF'}, 'timestamp': 1753798427316}
1753798428.425031,ID:2113,STAGE:4,SEQUENCE:1234,DATA:{'page':'{'page': 'checklist', 'action': 'toggled checkbox', 'inflight': True, 'item': 1, 'value': 'OFF'}','action':'None','timestamp':1753798428423},ANY:{'page': {'page': 'checklist', 'action': 'toggled checkbox', 'inflight': True, 'item': 1, 'value': 'OFF'}, 'timestamp': 1753798428423}
1753798430.202677,ID:2113,STAGE:4,SEQUENCE:1234,DATA:{'page':'{'page': 'checklist', 'action': 'toggled checkbox', 'inflight': True, 'item': 2, 'value': 'OFF'}','action':'None','timestamp':1753798430200},ANY:{'page': {'page': 'checklist', 'action': 'toggled checkbox', 'inflight': True, 'item': 2, 'value': 'OFF'}, 'timestamp': 1753798430200}
1753798430.203172,ID:2113,STAGE:4,SEQUENCE:1234,DATA:{'page':'{'page': 'checklist', 'action': 'showing confirm button', 'inflight': True}','action':'None','timestamp':1753798430200},ANY:{'page': {'page': 'checklist', 'action': 'showing confirm button', 'inflight': True}, 'timestamp': 1753798430200}
1753798431.487084,ID:2113,STAGE:4,SEQUENCE:1234,DATA:{'page':'{'action': 'Controller Executing: click on confirm-button with value: undefined'}','action':'None','timestamp':1753798431484},ANY:{'page': {'action': 'Controller Executing: click on confirm-button with value: undefined'}, 'timestamp': 1753798431484}
1753798431.48758,ID:2113,STAGE:4,SEQUENCE:1234,DATA:{'page':'{'page': 'checklist', 'action': 'confirm button clicked', 'inflight': True}','action':'None','timestamp':1753798431485},ANY:{'page': {'page': 'checklist', 'action': 'confirm button clicked', 'inflight': True}, 'timestamp': 1753798431485}
1753798431.572397,ID:2113,STAGE:4,SEQUENCE:1234,DATA:{'page':'{'page': 'landing-confirmation', 'action': 'opened page'}','action':'None','timestamp':1753798431559},ANY:{'page': {'page': 'landing-confirmation', 'action': 'opened page'}, 'timestamp': 1753798431559}
1753798431.575869,ID:2113,STAGE:4,SEQUENCE:1234,DATA:{'page':'{'page': 'landing-confirmation', 'action': 'showing helipad confirm', 'value': 1}','action':'None','timestamp':1753798431560},ANY:{'page': {'page': 'landing-confirmation', 'action': 'showing helipad confirm', 'value': 1}, 'timestamp': 1753798431560}
1753798432.538927,ID:2113,STAGE:4,SEQUENCE:1234,DATA:{'page':'{'page': 'map', 'action': 'selected helipad', 'value': '21'}','action':'None','timestamp':1753798432536},ANY:{'page': {'page': 'map', 'action': 'selected helipad', 'value': '21'}, 'timestamp': 1753798432536}
1753798436.55057,ID:2113,STAGE:4,SEQUENCE:1234,DATA:{'page':'{'page': 'landing-confirmation', 'action': 'checkbox toggle', 'item': 0, 'value': 'ON'}','action':'None','timestamp':1753798436547},ANY:{'page': {'page': 'landing-confirmation', 'action': 'checkbox toggle', 'item': 0, 'value': 'ON'}, 'timestamp': 1753798436547}
1753798437.385533,ID:2113,STAGE:4,SEQUENCE:1234,DATA:{'page':'{'page': 'landing-confirmation', 'action': 'checkbox toggle', 'item': 1, 'value': 'ON'}','action':'None','timestamp':1753798437383},ANY:{'page': {'page': 'landing-confirmation', 'action': 'checkbox toggle', 'item': 1, 'value': 'ON'}, 'timestamp': 1753798437383}
1753798438.960583,ID:2113,STAGE:4,SEQUENCE:1234,DATA:{'page':'{'page': 'landing-confirmation', 'action': 'showing helipad ready'}','action':'None','timestamp':1753798438957},ANY:{'page': {'page': 'landing-confirmation', 'action': 'showing helipad ready'}, 'timestamp': 1753798438957}

1753798440.376301,ID:2113,STAGE:4,SEQUENCE:1234,DATA:{'page':'{'page': 'landing-confirmation', 'action': 'gave landing confirmation'}','action':'None','timestamp':1753798440372},ANY:{'page': {'page': 'landing-confirmation', 'action': 'gave landing confirmation'}, 'timestamp': 1753798440372}
1753798440.463598,ID:2113,STAGE:4,SEQUENCE:1234,DATA:{'page':'{'page': 'landing-countdown', 'action': 'opened page'}','action':'None','timestamp':1753798440453},ANY:{'page': {'page': 'landing-countdown', 'action': 'opened page'}, 'timestamp': 1753798440453}
1753798441.428096,ID:2113,STAGE:4,SEQUENCE:1234,DATA:{'page':'{'page': 'map', 'action': 'selected helipad', 'value': '21'}','action':'None','timestamp':1753798441425},ANY:{'page': {'page': 'map', 'action': 'selected helipad', 'value': '21'}, 'timestamp': 1753798441425}
1753798441.456987,ID:2113,STAGE:4,SEQUENCE:1234,DATA:{'page':'{'page': 'landing-countdown', 'action': 'countdown changed', 'value': 5}','action':'None','timestamp':1753798441454},ANY:{'page': {'page': 'landing-countdown', 'action': 'countdown changed', 'value': 5}, 'timestamp': 1753798441454}
1753798442.459322,ID:2113,STAGE:4,SEQUENCE:1234,DATA:{'page':'{'page': 'landing-countdown', 'action': 'countdown changed', 'value': 4}','action':'None','timestamp':1753798442456},ANY:{'page': {'page': 'landing-countdown', 'action': 'countdown changed', 'value': 4}, 'timestamp': 1753798442456}
1753798443.460833,ID:2113,STAGE:4,SEQUENCE:1234,DATA:{'page':'{'page': 'landing-countdown', 'action': 'countdown changed', 'value': 3}','action':'None','timestamp':1753798443457},ANY:{'page': {'page': 'landing-countdown', 'action': 'countdown changed', 'value': 3}, 'timestamp': 1753798443457}
1753798443.502884,ID:2113,STAGE:4,SEQUENCE:1234,DATA:{'page':'{'page': 'speak text', 'action': 'Receieved text and level:Acknowledge, begining Descentnormal'}','action':'None','timestamp':1753798443500},ANY:{'page': {'page': 'speak text', 'action': 'Receieved text and level:Acknowledge, begining Descentnormal'}, 'timestamp': 1753798443500}
1753798443.503379,ID:2113,STAGE:4,SEQUENCE:1234,DATA:{'page':'{'page': 'Jarvis speaking', 'action': 'Message: Acknowledge, begining Descent Stress level: normal'}','action':'None','timestamp':1753798443501},ANY:{'page': {'page': 'Jarvis speaking', 'action': 'Message: Acknowledge, begining Descent Stress level: normal'}, 'timestamp': 1753798443501}
1753798444.458543,ID:2113,STAGE:4,SEQUENCE:1234,DATA:{'page':'{'page': 'landing-countdown', 'action': 'countdown changed', 'value': 2}','action':'None','timestamp':1753798444457},ANY:{'page': {'page': 'landing-countdown', 'action': 'countdown changed', 'value': 2}, 'timestamp': 1753798444457}
1753798445.460727,ID:2113,STAGE:4,SEQUENCE:1234,DATA:{'page':'{'page': 'landing-countdown', 'action': 'countdown changed', 'value': 1}','action':'None','timestamp':1753798445457},ANY:{'page': {'page': 'landing-countdown', 'action': 'countdown changed', 'value': 1}, 'timestamp': 1753798445457}
1753798446.460658,ID:2113,STAGE:4,SEQUENCE:1234,DATA:{'page':'{'page': 'landing-countdown', 'action': 'countdown changed', 'value': 0}','action':'None','timestamp':1753798446458},ANY:{'page': {'page': 'landing-countdown', 'action': 'countdown changed', 'value': 0}, 'timestamp': 1753798446458}
1753798447.45965,ID:2113,STAGE:4,SEQUENCE:1234,DATA:{'page':'{'page': 'landing-countdown', 'action': 'countdown complete'}','action':'None','timestamp':1753798447457},ANY:{'page': {'page': 'landing-countdown', 'action': 'countdown complete'}, 'timestamp': 1753798447457}
1753798447.534547,ID:2113,STAGE:4,SEQUENCE:1234,DATA:{'page':'{'page': 'landed', 'action': 'opened page'}','action':'None','timestamp':1753798447523},ANY:{'page': {'page': 'landed', 'action': 'opened page'}, 'timestamp': 1753798447523}
1753798448.509524,ID:2113,STAGE:4,SEQUENCE:1234,DATA:{'page':'{'page': 'map', 'action': 'selected helipad', 'value': '21'}','action':'None','timestamp':1753798448507},ANY:{'page': {'page': 'map', 'action': 'selected helipad', 'value': '21'}, 'timestamp': 1753798448507}
