INFO:root:1723302887.529538,ID:1018,STAGE:3,SEQUENCE:1324,DATA:{'time': 1723302887.526, 'user-id': '1018', 'source': 'HAI Interface', 'destination-index': 'None', 'study-stage': '3', 'decision-state': 0, 'vitals-state': 0, 'airspace-state': 0, 'data': {'page': 'index', 'action': 'confirm button pressed'}}
INFO:root:1723302887.630931,ID:1018,STAGE:3,SEQUENCE:1324,DATA:{'time': 1723302887.626, 'user-id': 'none', 'source': 'HAI Interface', 'destination-index': 3, 'study-stage': -1, 'decision-state': 0, 'vitals-state': 0, 'airspace-state': 0, 'data': {'page': 'location', 'action': 'opened page'}}
INFO:root:1723302888.598456,ID:1018,STAGE:3,SEQUENCE:1324,DATA:{'time': 1723302888.594, 'user-id': '1018', 'source': 'HAI Interface', 'destination-index': 'None', 'study-stage': '3', 'decision-state': 0, 'vitals-state': 0, 'airspace-state': 0, 'data': {'page': 'map', 'action': 'selected helipad', 'value': '21'}}
INFO:root:Takeoff radiocomms initiated
INFO:comtypes.client._code_cache:Imported existing <module 'comtypes.gen' from 'C:\\Users\\ae-dagbeyibor3\\AppData\\Local\\Programs\\Python\\Python312\\Lib\\site-packages\\comtypes\\gen\\__init__.py'>
INFO:comtypes.client._code_cache:Using writeable comtypes cache directory: 'C:\Users\ae-dagbeyibor3\AppData\Local\Programs\Python\Python312\Lib\site-packages\comtypes\gen'
INFO:root:Takeoff radiocomms clear request sent
INFO:root:1723302906.304846,ID:1018,STAGE:3,SEQUENCE:1324,DATA:{'time': 1723302906.302, 'user-id': '1018', 'source': 'HAI Interface', 'destination-index': 'None', 'study-stage': '3', 'decision-state': 0, 'vitals-state': 0, 'airspace-state': 0, 'data': {'page': 'location', 'action': 'confirm button pressed'}}
INFO:root:1723302906.518731,ID:1018,STAGE:3,SEQUENCE:1324,DATA:{'time': 1723302906.511, 'user-id': 'none', 'source': 'HAI Interface', 'destination-index': 3, 'study-stage': -1, 'decision-state': 0, 'vitals-state': 0, 'airspace-state': 0, 'data': {'page': 'checklist', 'action': 'opened page', 'inflight': False}}
INFO:root:1723302907.481935,ID:1018,STAGE:3,SEQUENCE:1324,DATA:{'time': 1723302907.478, 'user-id': '1018', 'source': 'HAI Interface', 'destination-index': '3', 'study-stage': '3', 'decision-state': 0, 'vitals-state': 0, 'airspace-state': 0, 'data': {'page': 'map', 'action': 'selected helipad', 'value': '21'}}
INFO:root:1723302922.319998,ID:1018,STAGE:3,SEQUENCE:1324,DATA:{'time': 1723302922.316, 'user-id': '1018', 'source': 'HAI Interface', 'destination-index': '3', 'study-stage': '3', 'decision-state': 0, 'vitals-state': 0, 'airspace-state': 0, 'data': {'page': 'checklist', 'action': 'toggled checkbox', 'inflight': False, 'item': 0, 'value': 'OFF'}}
INFO:root:1723302922.692799,ID:1018,STAGE:3,SEQUENCE:1324,DATA:{'time': 1723302922.69, 'user-id': '1018', 'source': 'HAI Interface', 'destination-index': '3', 'study-stage': '3', 'decision-state': 0, 'vitals-state': 0, 'airspace-state': 0, 'data': {'page': 'checklist', 'action': 'toggled checkbox', 'inflight': False, 'item': 1, 'value': 'OFF'}}
INFO:root:1723302923.144633,ID:1018,STAGE:3,SEQUENCE:1324,DATA:{'time': 1723302923.142, 'user-id': '1018', 'source': 'HAI Interface', 'destination-index': '3', 'study-stage': '3', 'decision-state': 0, 'vitals-state': 0, 'airspace-state': 0, 'data': {'page': 'checklist', 'action': 'toggled checkbox', 'inflight': False, 'item': 2, 'value': 'OFF'}}
INFO:root:1723302923.147081,ID:1018,STAGE:3,SEQUENCE:1324,DATA:{'time': 1723302923.143, 'user-id': '1018', 'source': 'HAI Interface', 'destination-index': '3', 'study-stage': '3', 'decision-state': 0, 'vitals-state': 0, 'airspace-state': 0, 'data': {'page': 'checklist', 'action': 'showing confirm button', 'inflight': False}}
INFO:root:1723302925.35589,ID:1018,STAGE:3,SEQUENCE:1324,DATA:{'time': 1723302925.353, 'user-id': '1018', 'source': 'HAI Interface', 'destination-index': '3', 'study-stage': '3', 'decision-state': 0, 'vitals-state': 0, 'airspace-state': 0, 'data': {'page': 'checklist', 'action': 'confirm button clicked', 'inflight': False}}
INFO:root:1723302925.458478,ID:1018,STAGE:3,SEQUENCE:1324,DATA:{'time': 1723302925.454, 'user-id': 'none', 'source': 'HAI Interface', 'destination-index': 3, 'study-stage': -1, 'decision-state': 0, 'vitals-state': 0, 'airspace-state': 0, 'data': {'page': 'countdown', 'action': 'opened page'}}
INFO:root:1723302926.426315,ID:1018,STAGE:3,SEQUENCE:1324,DATA:{'time': 1723302926.422, 'user-id': '1018', 'source': 'HAI Interface', 'destination-index': '3', 'study-stage': '3', 'decision-state': 0, 'vitals-state': 0, 'airspace-state': 0, 'data': {'page': 'map', 'action': 'selected helipad', 'value': '21'}}
INFO:root:1723302926.465612,ID:1018,STAGE:3,SEQUENCE:1324,DATA:{'time': 1723302926.462, 'user-id': '1018', 'source': 'HAI Interface', 'destination-index': '3', 'study-stage': '3', 'decision-state': 0, 'vitals-state': 0, 'airspace-state': 0, 'data': {'page': 'countdown', 'action': 'countdown now 4'}}
INFO:root:1723302927.461191,ID:1018,STAGE:3,SEQUENCE:1324,DATA:{'time': 1723302927.459, 'user-id': '1018', 'source': 'HAI Interface', 'destination-index': '3', 'study-stage': '3', 'decision-state': 0, 'vitals-state': 0, 'airspace-state': 0, 'data': {'page': 'countdown', 'action': 'countdown now 3'}}
INFO:root:1723302928.459198,ID:1018,STAGE:3,SEQUENCE:1324,DATA:{'time': 1723302928.455, 'user-id': '1018', 'source': 'HAI Interface', 'destination-index': '3', 'study-stage': '3', 'decision-state': 0, 'vitals-state': 0, 'airspace-state': 0, 'data': {'page': 'countdown', 'action': 'countdown now 2'}}
INFO:root:1723302929.456812,ID:1018,STAGE:3,SEQUENCE:1324,DATA:{'time': 1723302929.455, 'user-id': '1018', 'source': 'HAI Interface', 'destination-index': '3', 'study-stage': '3', 'decision-state': 0, 'vitals-state': 0, 'airspace-state': 0, 'data': {'page': 'countdown', 'action': 'countdown now 1'}}
INFO:root:1723302930.463058,ID:1018,STAGE:3,SEQUENCE:1324,DATA:{'time': 1723302930.46, 'user-id': '1018', 'source': 'HAI Interface', 'destination-index': '3', 'study-stage': '3', 'decision-state': 0, 'vitals-state': 0, 'airspace-state': 0, 'data': {'page': 'countdown', 'action': 'countdown now 0'}}
INFO:root:1723302931.468391,ID:1018,STAGE:3,SEQUENCE:1324,DATA:{'time': 1723302931.463, 'user-id': '1018', 'source': 'HAI Interface', 'destination-index': '3', 'study-stage': '3', 'decision-state': 0, 'vitals-state': 0, 'airspace-state': 0, 'data': {'page': 'countdown', 'action': 'countdown complete'}}
INFO:root:1723302932.732321,ID:1018,STAGE:3,SEQUENCE:1324,DATA:{'time': 1723302932.729, 'user-id': '1018', 'source': 'HAI Interface', 'destination-index': '3', 'study-stage': '3', 'decision-state': 0, 'vitals-state': 0, 'airspace-state': 0, 'data': {'page': 'map', 'action': 'selected helipad', 'value': '21'}}
INFO:root:1723302936.969066,ID:1018,STAGE:3,SEQUENCE:1324,DATA:{'time': 1723302936.96, 'user-id': '1018', 'source': 'HAI Interface', 'destination-index': '3', 'study-stage': '3', 'decision-state': 0, 'vitals-state': 0, 'airspace-state': 0, 'data': {'page': 'emergency', 'action': 'trying to change destination to100'}}
INFO:root:Inflight Radio Update asked
INFO:root:sent request to set radio update complete
INFO:root:1723302939.929842,ID:1018,STAGE:3,SEQUENCE:1324,DATA:{'time': 1723302939.926, 'user-id': '1018', 'source': 'HAI Interface', 'destination-index': '3', 'study-stage': '3', 'decision-state': 0, 'vitals-state': 0, 'airspace-state': 0, 'data': {'action': 'radio panel opened'}}
INFO:root:1723302941.891003,ID:1018,STAGE:3,SEQUENCE:1324,DATA:{'time': 1723302941.886, 'user-id': '1018', 'source': 'HAI Interface', 'destination-index': '3', 'study-stage': '3', 'decision-state': 0, 'vitals-state': 0, 'airspace-state': 0, 'data': {'page': 'emergency', 'action': 'trying to change destination to19'}}
INFO:root:1723302946.931442,ID:1018,STAGE:3,SEQUENCE:1324,DATA:{'time': 1723302946.925, 'user-id': '1018', 'source': 'HAI Interface', 'destination-index': '3', 'study-stage': '3', 'decision-state': 0, 'vitals-state': 0, 'airspace-state': 0, 'data': {'page': 'emergency', 'action': 'trying to change destination to19'}}
INFO:root:1723302948.864687,ID:1018,STAGE:3,SEQUENCE:1324,DATA:{'time': 1723302948.86, 'user-id': '1018', 'source': 'HAI Interface', 'destination-index': '3', 'study-stage': '3', 'decision-state': 0, 'vitals-state': 0, 'airspace-state': 0, 'data': {'action': 'transmit button pressed'}}
INFO:root:1723302948.866617,ID:1018,STAGE:3,SEQUENCE:1324,DATA:{'time': 1723302948.86, 'user-id': '1018', 'source': 'HAI Interface', 'destination-index': '3', 'study-stage': '3', 'decision-state': 0, 'vitals-state': 0, 'airspace-state': 0, 'data': {'action': 'callsign set to: + NASXGS'}}
INFO:root:1723302948.868611,ID:1018,STAGE:3,SEQUENCE:1324,DATA:{'time': 1723302948.861, 'user-id': '1018', 'source': 'HAI Interface', 'destination-index': '3', 'study-stage': '3', 'decision-state': 0, 'vitals-state': 0, 'airspace-state': 0, 'data': {'action': 'radio set to:Comm1'}}
INFO:root:1723302948.871316,ID:1018,STAGE:3,SEQUENCE:1324,DATA:{'time': 1723302948.861, 'user-id': '1018', 'source': 'HAI Interface', 'destination-index': '3', 'study-stage': '3', 'decision-state': 0, 'vitals-state': 0, 'airspace-state': 0, 'data': {'page': 'map', 'action': 'show map'}}
INFO:root:1723302948.874312,ID:1018,STAGE:3,SEQUENCE:1324,DATA:{'time': 1723302948.861, 'user-id': '1018', 'source': 'HAI Interface', 'destination-index': '3', 'study-stage': '3', 'decision-state': 0, 'vitals-state': 0, 'airspace-state': 0, 'data': {'page': 'map', 'action': 'selected helipad', 'value': '21'}}
INFO:root:1723302948.880304,ID:1018,STAGE:3,SEQUENCE:1324,DATA:{'time': 1723302948.866, 'user-id': '1018', 'source': 'HAI Interface', 'destination-index': '3', 'study-stage': '3', 'decision-state': 0, 'vitals-state': 0, 'airspace-state': 0, 'data': {'action': 'NASXGStransmitting updates onComm1123.45 MHz'}}
INFO:root:1723302951.858768,ID:1018,STAGE:3,SEQUENCE:1324,DATA:{'time': 1723302951.854, 'user-id': '1018', 'source': 'HAI Interface', 'destination-index': '3', 'study-stage': '3', 'decision-state': 0, 'vitals-state': 0, 'airspace-state': 0, 'data': {'page': 'emergency', 'action': 'trying to change destination to19'}}
INFO:root:1723302956.901786,ID:1018,STAGE:3,SEQUENCE:1324,DATA:{'time': 1723302956.897, 'user-id': '1018', 'source': 'HAI Interface', 'destination-index': '3', 'study-stage': '3', 'decision-state': 0, 'vitals-state': 0, 'airspace-state': 0, 'data': {'page': 'emergency', 'action': 'trying to change destination to19'}}
INFO:root:1723302961.905565,ID:1018,STAGE:3,SEQUENCE:1324,DATA:{'time': 1723302961.9, 'user-id': '1018', 'source': 'HAI Interface', 'destination-index': '3', 'study-stage': '3', 'decision-state': 0, 'vitals-state': 0, 'airspace-state': 0, 'data': {'page': 'emergency', 'action': 'trying to change destination to19'}}
INFO:root:1723302965.187932,ID:1018,STAGE:3,SEQUENCE:1324,DATA:{'time': 1723302965.185, 'user-id': '1018', 'source': 'HAI Interface', 'destination-index': '3', 'study-stage': '3', 'decision-state': 0, 'vitals-state': 0, 'airspace-state': 0, 'data': {'page': 'map', 'action': 'hide map'}}
INFO:root:1723302966.904971,ID:1018,STAGE:3,SEQUENCE:1324,DATA:{'time': 1723302966.897, 'user-id': '1018', 'source': 'HAI Interface', 'destination-index': '3', 'study-stage': '3', 'decision-state': 0, 'vitals-state': 0, 'airspace-state': 0, 'data': {'page': 'emergency', 'action': 'trying to change destination to19'}}
INFO:root:1723302971.912846,ID:1018,STAGE:3,SEQUENCE:1324,DATA:{'time': 1723302971.908, 'user-id': '1018', 'source': 'HAI Interface', 'destination-index': '3', 'study-stage': '3', 'decision-state': 0, 'vitals-state': 0, 'airspace-state': 0, 'data': {'page': 'emergency', 'action': 'trying to change destination to19'}}
INFO:root:1723302976.915301,ID:1018,STAGE:3,SEQUENCE:1324,DATA:{'time': 1723302976.91, 'user-id': '1018', 'source': 'HAI Interface', 'destination-index': '3', 'study-stage': '3', 'decision-state': 0, 'vitals-state': 0, 'airspace-state': 0, 'data': {'page': 'emergency', 'action': 'trying to change destination to19'}}
INFO:root:1723302981.91566,ID:1018,STAGE:3,SEQUENCE:1324,DATA:{'time': 1723302981.909, 'user-id': '1018', 'source': 'HAI Interface', 'destination-index': '3', 'study-stage': '3', 'decision-state': 0, 'vitals-state': 0, 'airspace-state': 0, 'data': {'page': 'emergency', 'action': 'trying to change destination to19'}}
INFO:root:1723302985.183206,ID:1018,STAGE:3,SEQUENCE:1324,DATA:{'time': 1723302985.179, 'user-id': '1018', 'source': 'HAI Interface', 'destination-index': '3', 'study-stage': '3', 'decision-state': 0, 'vitals-state': 0, 'airspace-state': 0, 'data': {'page': 'inflight', 'action': 'displaying vitals prompt'}}
INFO:root:1723302986.924702,ID:1018,STAGE:3,SEQUENCE:1324,DATA:{'time': 1723302986.92, 'user-id': '1018', 'source': 'HAI Interface', 'destination-index': '3', 'study-stage': '3', 'decision-state': 0, 'vitals-state': 0, 'airspace-state': 0, 'data': {'page': 'emergency', 'action': 'trying to change destination to19'}}
INFO:root:1723302990.529058,ID:1018,STAGE:3,SEQUENCE:1324,DATA:{'time': 1723302990.525, 'source': 'VitalsTask', 'timer': 136.011, 'data': {'sensor': 'Heart Rate', 'action': 'capture', 'data': 'action button pressed'}}
INFO:root:1723302990.531053,ID:1018,STAGE:3,SEQUENCE:1324,DATA:{'time': 1723302990.525, 'source': 'VitalsTask', 'timer': 136.011, 'data': {'sensor': 'Heart Rate', 'action': 'capture', 'data': 'starting sensor action'}}
INFO:root:1723302991.549255,ID:1018,STAGE:3,SEQUENCE:1324,DATA:{'time': 1723302991.543, 'source': 'VitalsTask', 'timer': 137.029, 'data': {'sensor': 'Heart Rate', 'action': 'capture', 'data': 'sensor action complete'}}
INFO:root:1723302991.549762,ID:1018,STAGE:3,SEQUENCE:1324,DATA:{'time': 1723302991.544, 'source': 'VitalsTask', 'timer': 137.03, 'data': {'sensor': 'Heart Rate', 'action': 'keypad open'}}
INFO:root:1723302991.893252,ID:1018,STAGE:3,SEQUENCE:1324,DATA:{'time': 1723302991.889, 'user-id': '1018', 'source': 'HAI Interface', 'destination-index': '3', 'study-stage': '3', 'decision-state': 0, 'vitals-state': 0, 'airspace-state': 0, 'data': {'page': 'emergency', 'action': 'trying to change destination to19'}}
INFO:root:1723302992.906349,ID:1018,STAGE:3,SEQUENCE:1324,DATA:{'time': 1723302992.902, 'source': 'VitalsTask', 'timer': 138.388, 'data': {'sensor': 'Heart Rate', 'action': 'keypad press', 'key': 5, 'value': 5}}
INFO:root:1723302993.054956,ID:1018,STAGE:3,SEQUENCE:1324,DATA:{'time': 1723302993.043, 'source': 'VitalsTask', 'timer': 138.529, 'data': {'sensor': 'Heart Rate', 'action': 'keypad press', 'key': 5, 'value': 55}}
INFO:root:1723302994.502464,ID:1018,STAGE:3,SEQUENCE:1324,DATA:{'time': 1723302994.498, 'source': 'VitalsTask', 'timer': 139.984, 'data': {'sensor': 'Heart Rate', 'action': 'show action buttons'}}
INFO:root:1723302994.506337,ID:1018,STAGE:3,SEQUENCE:1324,DATA:{'time': 1723302994.498, 'source': 'VitalsTask', 'timer': 139.984, 'data': {'sensor': 'Heart Rate', 'action': 'keypad press', 'key': 10, 'value': 55}}
INFO:root:1723302995.364622,ID:1018,STAGE:3,SEQUENCE:1324,DATA:{'time': 1723302995.358, 'source': 'VitalsTask', 'timer': 140.844, 'data': {'sensor': 'Heart Rate', 'action': 'log', 'data': 'action button pressed'}}
INFO:root:1723302995.366616,ID:1018,STAGE:3,SEQUENCE:1324,DATA:{'time': 1723302995.358, 'source': 'VitalsTask', 'timer': 140.844, 'data': {'sensor': 'Heart Rate', 'action': 'log', 'data': 'starting sensor action'}}
INFO:SimConnect.SimConnect:SIM OPEN
INFO:root:1723302996.37725,ID:1018,STAGE:3,SEQUENCE:1324,DATA:{'time': 1723302996.373, 'source': 'VitalsTask', 'timer': 141.859, 'data': {'sensor': 'Heart Rate', 'action': 'log', 'data': 'sensor action complete'}}
INFO:root:1723302996.923313,ID:1018,STAGE:3,SEQUENCE:1324,DATA:{'time': 1723302996.919, 'user-id': '1018', 'source': 'HAI Interface', 'destination-index': '3', 'study-stage': '3', 'decision-state': 0, 'vitals-state': 0, 'airspace-state': 0, 'data': {'page': 'emergency', 'action': 'trying to change destination to19'}}
INFO:root:1723302996.962413,ID:1018,STAGE:3,SEQUENCE:1324,DATA:{'time': 1723302996.956, 'source': 'VitalsTask', 'timer': 142.442, 'data': {'sensor': 'Heart Rate', 'action': 'save', 'data': 'action button pressed'}}
INFO:root:1723302996.965325,ID:1018,STAGE:3,SEQUENCE:1324,DATA:{'time': 1723302996.957, 'source': 'VitalsTask', 'timer': 142.443, 'data': {'sensor': 'Heart Rate', 'action': 'save', 'data': 'starting sensor action'}}
INFO:root:1723302997.971614,ID:1018,STAGE:3,SEQUENCE:1324,DATA:{'time': 1723302997.967, 'source': 'VitalsTask', 'timer': 143.453, 'data': {'sensor': 'Heart Rate', 'action': 'save', 'data': 'sensor action complete'}}
INFO:root:1723302998.437929,ID:1018,STAGE:3,SEQUENCE:1324,DATA:{'time': 1723302998.432, 'source': 'VitalsTask', 'timer': 143.918, 'data': {'sensor': 'O\u2082 Saturation', 'action': 'opened sensor tab'}}
INFO:root:1723302999.517213,ID:1018,STAGE:3,SEQUENCE:1324,DATA:{'time': 1723302999.51, 'source': 'VitalsTask', 'timer': 144.996, 'data': {'sensor': 'O\u2082 Saturation', 'action': 'capture', 'data': 'action button pressed'}}
INFO:root:1723302999.519719,ID:1018,STAGE:3,SEQUENCE:1324,DATA:{'time': 1723302999.511, 'source': 'VitalsTask', 'timer': 144.997, 'data': {'sensor': 'O\u2082 Saturation', 'action': 'capture', 'data': 'starting sensor action'}}
INFO:root:1723303000.533601,ID:1018,STAGE:3,SEQUENCE:1324,DATA:{'time': 1723303000.529, 'source': 'VitalsTask', 'timer': 146.015, 'data': {'sensor': 'O\u2082 Saturation', 'action': 'capture', 'data': 'sensor action complete'}}
INFO:root:1723303000.537666,ID:1018,STAGE:3,SEQUENCE:1324,DATA:{'time': 1723303000.53, 'source': 'VitalsTask', 'timer': 146.016, 'data': {'sensor': 'O\u2082 Saturation', 'action': 'keypad open'}}
INFO:root:1723303001.694313,ID:1018,STAGE:3,SEQUENCE:1324,DATA:{'time': 1723303001.69, 'source': 'VitalsTask', 'timer': 147.176, 'data': {'sensor': 'O\u2082 Saturation', 'action': 'keypad press', 'key': 1, 'value': 1}}
INFO:root:1723303001.958927,ID:1018,STAGE:3,SEQUENCE:1324,DATA:{'time': 1723303001.955, 'user-id': '1018', 'source': 'HAI Interface', 'destination-index': '3', 'study-stage': '3', 'decision-state': 0, 'vitals-state': 0, 'airspace-state': 0, 'data': {'page': 'emergency', 'action': 'trying to change destination to19'}}
INFO:root:1723303002.611124,ID:1018,STAGE:3,SEQUENCE:1324,DATA:{'time': 1723303002.604, 'source': 'VitalsTask', 'timer': 148.09, 'data': {'sensor': 'O\u2082 Saturation', 'action': 'keypad press', 'key': 11, 'value': 10}}
INFO:root:1723303002.75468,ID:1018,STAGE:3,SEQUENCE:1324,DATA:{'time': 1723303002.749, 'source': 'VitalsTask', 'timer': 148.235, 'data': {'sensor': 'O\u2082 Saturation', 'action': 'keypad press', 'key': 11, 'value': 100}}
INFO:root:1723303003.471902,ID:1018,STAGE:3,SEQUENCE:1324,DATA:{'time': 1723303003.468, 'source': 'VitalsTask', 'timer': 148.954, 'data': {'sensor': 'O\u2082 Saturation', 'action': 'show action buttons'}}
INFO:root:1723303003.475357,ID:1018,STAGE:3,SEQUENCE:1324,DATA:{'time': 1723303003.469, 'source': 'VitalsTask', 'timer': 148.955, 'data': {'sensor': 'O\u2082 Saturation', 'action': 'keypad press', 'key': 10, 'value': 100}}
INFO:root:1723303004.306515,ID:1018,STAGE:3,SEQUENCE:1324,DATA:{'time': 1723303004.302, 'source': 'VitalsTask', 'timer': 149.788, 'data': {'sensor': 'O\u2082 Saturation', 'action': 'log', 'data': 'action button pressed'}}
INFO:root:1723303004.308695,ID:1018,STAGE:3,SEQUENCE:1324,DATA:{'time': 1723303004.302, 'source': 'VitalsTask', 'timer': 149.788, 'data': {'sensor': 'O\u2082 Saturation', 'action': 'log', 'data': 'starting sensor action'}}
INFO:root:1723303005.322073,ID:1018,STAGE:3,SEQUENCE:1324,DATA:{'time': 1723303005.318, 'source': 'VitalsTask', 'timer': 150.804, 'data': {'sensor': 'O\u2082 Saturation', 'action': 'log', 'data': 'sensor action complete'}}
INFO:root:1723303005.772243,ID:1018,STAGE:3,SEQUENCE:1324,DATA:{'time': 1723303005.768, 'source': 'VitalsTask', 'timer': 151.254, 'data': {'sensor': 'O\u2082 Saturation', 'action': 'save', 'data': 'action button pressed'}}
INFO:root:1723303005.774238,ID:1018,STAGE:3,SEQUENCE:1324,DATA:{'time': 1723303005.768, 'source': 'VitalsTask', 'timer': 151.254, 'data': {'sensor': 'O\u2082 Saturation', 'action': 'save', 'data': 'starting sensor action'}}
INFO:root:1723303006.787046,ID:1018,STAGE:3,SEQUENCE:1324,DATA:{'time': 1723303006.782, 'source': 'VitalsTask', 'timer': 152.268, 'data': {'sensor': 'O\u2082 Saturation', 'action': 'save', 'data': 'sensor action complete'}}
INFO:root:1723303006.918581,ID:1018,STAGE:3,SEQUENCE:1324,DATA:{'time': 1723303006.91, 'user-id': '1018', 'source': 'HAI Interface', 'destination-index': '3', 'study-stage': '3', 'decision-state': 0, 'vitals-state': 0, 'airspace-state': 0, 'data': {'page': 'emergency', 'action': 'trying to change destination to19'}}
INFO:root:1723303007.224719,ID:1018,STAGE:3,SEQUENCE:1324,DATA:{'time': 1723303007.219, 'source': 'VitalsTask', 'timer': 152.705, 'data': {'sensor': 'Blood Pressure', 'action': 'opened sensor tab'}}
INFO:root:1723303008.148133,ID:1018,STAGE:3,SEQUENCE:1324,DATA:{'time': 1723303008.142, 'source': 'VitalsTask', 'timer': 153.628, 'data': {'sensor': 'Blood Pressure', 'action': 'capture', 'data': 'action button pressed'}}
INFO:root:1723303008.149135,ID:1018,STAGE:3,SEQUENCE:1324,DATA:{'time': 1723303008.142, 'source': 'VitalsTask', 'timer': 153.628, 'data': {'sensor': 'Blood Pressure', 'action': 'capture', 'data': 'starting sensor action'}}
INFO:root:1723303009.17825,ID:1018,STAGE:3,SEQUENCE:1324,DATA:{'time': 1723303009.161, 'source': 'VitalsTask', 'timer': 154.647, 'data': {'sensor': 'Blood Pressure', 'action': 'capture', 'data': 'sensor action complete'}}
INFO:root:1723303009.181247,ID:1018,STAGE:3,SEQUENCE:1324,DATA:{'time': 1723303009.162, 'source': 'VitalsTask', 'timer': 154.648, 'data': {'sensor': 'Blood Pressure', 'action': 'keypad open'}}
INFO:root:1723303010.18241,ID:1018,STAGE:3,SEQUENCE:1324,DATA:{'time': 1723303010.177, 'source': 'VitalsTask', 'timer': 155.663, 'data': {'sensor': 'Blood Pressure', 'action': 'keypad press', 'key': 1, 'value': 1}}
INFO:root:1723303010.834633,ID:1018,STAGE:3,SEQUENCE:1324,DATA:{'time': 1723303010.83, 'source': 'VitalsTask', 'timer': 156.316, 'data': {'sensor': 'Blood Pressure', 'action': 'keypad press', 'key': 2, 'value': 12}}
INFO:root:1723303011.583866,ID:1018,STAGE:3,SEQUENCE:1324,DATA:{'time': 1723303011.576, 'source': 'VitalsTask', 'timer': 157.062, 'data': {'sensor': 'Blood Pressure', 'action': 'keypad press', 'key': 11, 'value': 120}}
INFO:root:1723303011.923973,ID:1018,STAGE:3,SEQUENCE:1324,DATA:{'time': 1723303011.919, 'user-id': '1018', 'source': 'HAI Interface', 'destination-index': '3', 'study-stage': '3', 'decision-state': 0, 'vitals-state': 0, 'airspace-state': 0, 'data': {'page': 'emergency', 'action': 'trying to change destination to19'}}
INFO:root:1723303012.720741,ID:1018,STAGE:3,SEQUENCE:1324,DATA:{'time': 1723303012.711, 'source': 'VitalsTask', 'timer': 158.197, 'data': {'sensor': 'Blood Pressure', 'action': 'keypad press', 'key': 8, 'value': 1208}}
INFO:root:1723303013.288494,ID:1018,STAGE:3,SEQUENCE:1324,DATA:{'time': 1723303013.283, 'source': 'VitalsTask', 'timer': 158.769, 'data': {'sensor': 'Blood Pressure', 'action': 'keypad press', 'key': 11, 'value': 12080}}
INFO:root:1723303013.98303,ID:1018,STAGE:3,SEQUENCE:1324,DATA:{'time': 1723303013.977, 'source': 'VitalsTask', 'timer': 159.463, 'data': {'sensor': 'Blood Pressure', 'action': 'show action buttons'}}
INFO:root:1723303013.985539,ID:1018,STAGE:3,SEQUENCE:1324,DATA:{'time': 1723303013.978, 'source': 'VitalsTask', 'timer': 159.464, 'data': {'sensor': 'Blood Pressure', 'action': 'keypad press', 'key': 10, 'value': 12080}}
INFO:root:1723303015.080721,ID:1018,STAGE:3,SEQUENCE:1324,DATA:{'time': 1723303015.074, 'source': 'VitalsTask', 'timer': 160.56, 'data': {'sensor': 'Blood Pressure', 'action': 'log', 'data': 'action button pressed'}}
INFO:root:1723303015.082803,ID:1018,STAGE:3,SEQUENCE:1324,DATA:{'time': 1723303015.074, 'source': 'VitalsTask', 'timer': 160.56, 'data': {'sensor': 'Blood Pressure', 'action': 'log', 'data': 'starting sensor action'}}
INFO:root:1723303016.096876,ID:1018,STAGE:3,SEQUENCE:1324,DATA:{'time': 1723303016.091, 'source': 'VitalsTask', 'timer': 161.577, 'data': {'sensor': 'Blood Pressure', 'action': 'log', 'data': 'sensor action complete'}}
INFO:root:1723303016.757661,ID:1018,STAGE:3,SEQUENCE:1324,DATA:{'time': 1723303016.752, 'source': 'VitalsTask', 'timer': 162.238, 'data': {'sensor': 'Blood Pressure', 'action': 'save', 'data': 'action button pressed'}}
INFO:root:1723303016.759656,ID:1018,STAGE:3,SEQUENCE:1324,DATA:{'time': 1723303016.752, 'source': 'VitalsTask', 'timer': 162.238, 'data': {'sensor': 'Blood Pressure', 'action': 'save', 'data': 'starting sensor action'}}
INFO:root:1723303016.993937,ID:1018,STAGE:3,SEQUENCE:1324,DATA:{'time': 1723303016.986, 'user-id': '1018', 'source': 'HAI Interface', 'destination-index': '3', 'study-stage': '3', 'decision-state': 0, 'vitals-state': 0, 'airspace-state': 0, 'data': {'page': 'emergency', 'action': 'trying to change destination to19'}}
INFO:root:1723303017.771409,ID:1018,STAGE:3,SEQUENCE:1324,DATA:{'time': 1723303017.767, 'source': 'VitalsTask', 'timer': 163.253, 'data': {'sensor': 'Blood Pressure', 'action': 'save', 'data': 'sensor action complete'}}
INFO:root:1723303019.206928,ID:1018,STAGE:3,SEQUENCE:1324,DATA:{'time': 1723303019.202, 'source': 'VitalsTask', 'timer': 164.688, 'data': {'sensor': 'submit', 'action': 'submit'}}
INFO:root:1723303019.208924,ID:1018,STAGE:3,SEQUENCE:1324,DATA:{'time': 1723303019.202, 'source': 'VitalsTask', 'timer': 164.688, 'data': {'sensor': 'submit', 'action': 'submit', 'data': 'submit succeeded'}}
INFO:root:1723303020.316255,ID:1018,STAGE:3,SEQUENCE:1324,DATA:{'time': 1723303020.311, 'user-id': '1018', 'source': 'HAI Interface', 'destination-index': '3', 'study-stage': '3', 'decision-state': 0, 'vitals-state': 0, 'airspace-state': 0, 'data': {'page': 'inflight', 'action': 'user acknowledged vitals prompt'}}
INFO:root:1723303021.990651,ID:1018,STAGE:3,SEQUENCE:1324,DATA:{'time': 1723303021.985, 'user-id': '1018', 'source': 'HAI Interface', 'destination-index': '3', 'study-stage': '3', 'decision-state': 0, 'vitals-state': 0, 'airspace-state': 0, 'data': {'page': 'emergency', 'action': 'trying to change destination to19'}}
INFO:root:1723303026.923839,ID:1018,STAGE:3,SEQUENCE:1324,DATA:{'time': 1723303026.917, 'user-id': '1018', 'source': 'HAI Interface', 'destination-index': '3', 'study-stage': '3', 'decision-state': 0, 'vitals-state': 0, 'airspace-state': 0, 'data': {'page': 'emergency', 'action': 'trying to change destination to19'}}
INFO:root:1723303031.942206,ID:1018,STAGE:3,SEQUENCE:1324,DATA:{'time': 1723303031.936, 'user-id': '1018', 'source': 'HAI Interface', 'destination-index': '3', 'study-stage': '3', 'decision-state': 0, 'vitals-state': 0, 'airspace-state': 0, 'data': {'page': 'emergency', 'action': 'trying to change destination to19'}}
INFO:root:1723303036.947693,ID:1018,STAGE:3,SEQUENCE:1324,DATA:{'time': 1723303036.941, 'user-id': '1018', 'source': 'HAI Interface', 'destination-index': '3', 'study-stage': '3', 'decision-state': 0, 'vitals-state': 0, 'airspace-state': 0, 'data': {'page': 'emergency', 'action': 'trying to change destination to19'}}
INFO:root:Inflight Radio Update asked
INFO:root:sent request to set radio update complete
INFO:root:1723303040.243482,ID:1018,STAGE:3,SEQUENCE:1324,DATA:{'time': 1723303040.235, 'user-id': '1018', 'source': 'HAI Interface', 'destination-index': '3', 'study-stage': '3', 'decision-state': 0, 'vitals-state': 0, 'airspace-state': 0, 'data': {'action': 'transmit button pressed'}}
INFO:root:1723303040.247505,ID:1018,STAGE:3,SEQUENCE:1324,DATA:{'time': 1723303040.236, 'user-id': '1018', 'source': 'HAI Interface', 'destination-index': '3', 'study-stage': '3', 'decision-state': 0, 'vitals-state': 0, 'airspace-state': 0, 'data': {'action': 'callsign set to: + NASXGS'}}
INFO:root:1723303040.25552,ID:1018,STAGE:3,SEQUENCE:1324,DATA:{'time': 1723303040.236, 'user-id': '1018', 'source': 'HAI Interface', 'destination-index': '3', 'study-stage': '3', 'decision-state': 0, 'vitals-state': 0, 'airspace-state': 0, 'data': {'action': 'radio set to:Comm1'}}
INFO:root:1723303040.258512,ID:1018,STAGE:3,SEQUENCE:1324,DATA:{'time': 1723303040.236, 'user-id': '1018', 'source': 'HAI Interface', 'destination-index': '3', 'study-stage': '3', 'decision-state': 0, 'vitals-state': 0, 'airspace-state': 0, 'data': {'page': 'map', 'action': 'show map'}}
INFO:root:1723303040.263014,ID:1018,STAGE:3,SEQUENCE:1324,DATA:{'time': 1723303040.237, 'user-id': '1018', 'source': 'HAI Interface', 'destination-index': '3', 'study-stage': '3', 'decision-state': 0, 'vitals-state': 0, 'airspace-state': 0, 'data': {'page': 'map', 'action': 'selected helipad', 'value': '21'}}
INFO:root:1723303040.266006,ID:1018,STAGE:3,SEQUENCE:1324,DATA:{'time': 1723303040.243, 'user-id': '1018', 'source': 'HAI Interface', 'destination-index': '3', 'study-stage': '3', 'decision-state': 0, 'vitals-state': 0, 'airspace-state': 0, 'data': {'action': 'NASXGStransmitting updates onComm1123.45 MHz'}}
INFO:root:1723303041.993633,ID:1018,STAGE:3,SEQUENCE:1324,DATA:{'time': 1723303041.986, 'user-id': '1018', 'source': 'HAI Interface', 'destination-index': '3', 'study-stage': '3', 'decision-state': 0, 'vitals-state': 0, 'airspace-state': 0, 'data': {'page': 'emergency', 'action': 'trying to change destination to19'}}
INFO:root:1723303046.990543,ID:1018,STAGE:3,SEQUENCE:1324,DATA:{'time': 1723303046.985, 'user-id': '1018', 'source': 'HAI Interface', 'destination-index': '3', 'study-stage': '3', 'decision-state': 0, 'vitals-state': 0, 'airspace-state': 0, 'data': {'page': 'emergency', 'action': 'trying to change destination to19'}}
INFO:root:1723303051.982306,ID:1018,STAGE:3,SEQUENCE:1324,DATA:{'time': 1723303051.974, 'user-id': '1018', 'source': 'HAI Interface', 'destination-index': '3', 'study-stage': '3', 'decision-state': 0, 'vitals-state': 0, 'airspace-state': 0, 'data': {'page': 'emergency', 'action': 'trying to change destination to19'}}
INFO:root:1723303054.775723,ID:1018,STAGE:3,SEQUENCE:1324,DATA:{'time': 1723303054.77, 'user-id': '1018', 'source': 'HAI Interface', 'destination-index': '3', 'study-stage': '3', 'decision-state': 0, 'vitals-state': 0, 'airspace-state': 0, 'data': {'page': 'map', 'action': 'hide map'}}
INFO:root:1723303056.982485,ID:1018,STAGE:3,SEQUENCE:1324,DATA:{'time': 1723303056.974, 'user-id': '1018', 'source': 'HAI Interface', 'destination-index': '3', 'study-stage': '3', 'decision-state': 0, 'vitals-state': 0, 'airspace-state': 0, 'data': {'page': 'emergency', 'action': 'trying to change destination to19'}}
INFO:root:1723303061.979528,ID:1018,STAGE:3,SEQUENCE:1324,DATA:{'time': 1723303061.974, 'user-id': '1018', 'source': 'HAI Interface', 'destination-index': '3', 'study-stage': '3', 'decision-state': 0, 'vitals-state': 0, 'airspace-state': 0, 'data': {'page': 'emergency', 'action': 'trying to change destination to19'}}
INFO:root:1723303067.023528,ID:1018,STAGE:3,SEQUENCE:1324,DATA:{'time': 1723303067.017, 'user-id': '1018', 'source': 'HAI Interface', 'destination-index': '3', 'study-stage': '3', 'decision-state': 0, 'vitals-state': 0, 'airspace-state': 0, 'data': {'page': 'emergency', 'action': 'trying to change destination to19'}}
INFO:root:1723303071.943907,ID:1018,STAGE:3,SEQUENCE:1324,DATA:{'time': 1723303071.933, 'user-id': '1018', 'source': 'HAI Interface', 'destination-index': '3', 'study-stage': '3', 'decision-state': 0, 'vitals-state': 0, 'airspace-state': 0, 'data': {'page': 'emergency', 'action': 'trying to change destination to19'}}
INFO:root:1723303076.9076,ID:1018,STAGE:3,SEQUENCE:1324,DATA:{'time': 1723303076.892, 'user-id': '1018', 'source': 'HAI Interface', 'destination-index': '3', 'study-stage': '3', 'decision-state': 0, 'vitals-state': 0, 'airspace-state': 0, 'data': {'page': 'emergency', 'action': 'trying to change destination to19'}}
INFO:root:1723303081.994549,ID:1018,STAGE:3,SEQUENCE:1324,DATA:{'time': 1723303081.99, 'user-id': '1018', 'source': 'HAI Interface', 'destination-index': '3', 'study-stage': '3', 'decision-state': 0, 'vitals-state': 0, 'airspace-state': 0, 'data': {'page': 'emergency', 'action': 'trying to change destination to19'}}
INFO:root:1723303084.234839,ID:1018,STAGE:3,SEQUENCE:1324,DATA:{'time': 1723303084.228, 'user-id': '1018', 'source': 'HAI Interface', 'destination-index': '3', 'study-stage': '3', 'decision-state': 0, 'vitals-state': 0, 'airspace-state': 0, 'data': {'page': 'inflight', 'action': 'displaying vitals prompt'}}
INFO:root:1723303086.982049,ID:1018,STAGE:3,SEQUENCE:1324,DATA:{'time': 1723303086.974, 'user-id': '1018', 'source': 'HAI Interface', 'destination-index': '3', 'study-stage': '3', 'decision-state': 0, 'vitals-state': 0, 'airspace-state': 0, 'data': {'page': 'emergency', 'action': 'trying to change destination to19'}}
INFO:root:1723303089.928997,ID:1018,STAGE:3,SEQUENCE:1324,DATA:{'time': 1723303089.921, 'source': 'VitalsTask', 'timer': 70.718, 'data': {'sensor': 'Heart Rate', 'action': 'opened sensor tab'}}
INFO:root:1723303091.051683,ID:1018,STAGE:3,SEQUENCE:1324,DATA:{'time': 1723303091.044, 'source': 'VitalsTask', 'timer': 71.841, 'data': {'sensor': 'Heart Rate', 'action': 'capture', 'data': 'action button pressed'}}
INFO:root:1723303091.053678,ID:1018,STAGE:3,SEQUENCE:1324,DATA:{'time': 1723303091.044, 'source': 'VitalsTask', 'timer': 71.841, 'data': {'sensor': 'Heart Rate', 'action': 'capture', 'data': 'starting sensor action'}}
INFO:root:1723303092.001248,ID:1018,STAGE:3,SEQUENCE:1324,DATA:{'time': 1723303091.994, 'user-id': '1018', 'source': 'HAI Interface', 'destination-index': '3', 'study-stage': '3', 'decision-state': 0, 'vitals-state': 0, 'airspace-state': 0, 'data': {'page': 'emergency', 'action': 'trying to change destination to19'}}
INFO:root:1723303092.0715,ID:1018,STAGE:3,SEQUENCE:1324,DATA:{'time': 1723303092.062, 'source': 'VitalsTask', 'timer': 72.859, 'data': {'sensor': 'Heart Rate', 'action': 'capture', 'data': 'sensor action complete'}}
INFO:root:1723303092.074497,ID:1018,STAGE:3,SEQUENCE:1324,DATA:{'time': 1723303092.063, 'source': 'VitalsTask', 'timer': 72.86, 'data': {'sensor': 'Heart Rate', 'action': 'keypad open'}}
INFO:root:1723303092.808283,ID:1018,STAGE:3,SEQUENCE:1324,DATA:{'time': 1723303092.803, 'source': 'VitalsTask', 'timer': 73.6, 'data': {'sensor': 'Heart Rate', 'action': 'keypad press', 'key': 5, 'value': 5}}
INFO:root:1723303093.251245,ID:1018,STAGE:3,SEQUENCE:1324,DATA:{'time': 1723303093.246, 'source': 'VitalsTask', 'timer': 74.043, 'data': {'sensor': 'Heart Rate', 'action': 'keypad press', 'key': 5, 'value': 55}}
INFO:root:1723303094.111943,ID:1018,STAGE:3,SEQUENCE:1324,DATA:{'time': 1723303094.108, 'source': 'VitalsTask', 'timer': 74.905, 'data': {'sensor': 'Heart Rate', 'action': 'show action buttons'}}
INFO:root:1723303094.114936,ID:1018,STAGE:3,SEQUENCE:1324,DATA:{'time': 1723303094.108, 'source': 'VitalsTask', 'timer': 74.905, 'data': {'sensor': 'Heart Rate', 'action': 'keypad press', 'key': 10, 'value': 55}}
INFO:root:1723303094.919781,ID:1018,STAGE:3,SEQUENCE:1324,DATA:{'time': 1723303094.915, 'source': 'VitalsTask', 'timer': 75.712, 'data': {'sensor': 'Heart Rate', 'action': 'log', 'data': 'action button pressed'}}
INFO:root:1723303094.923772,ID:1018,STAGE:3,SEQUENCE:1324,DATA:{'time': 1723303094.915, 'source': 'VitalsTask', 'timer': 75.712, 'data': {'sensor': 'Heart Rate', 'action': 'log', 'data': 'starting sensor action'}}
INFO:root:1723303095.937401,ID:1018,STAGE:3,SEQUENCE:1324,DATA:{'time': 1723303095.931, 'source': 'VitalsTask', 'timer': 76.728, 'data': {'sensor': 'Heart Rate', 'action': 'log', 'data': 'sensor action complete'}}
INFO:root:1723303096.436302,ID:1018,STAGE:3,SEQUENCE:1324,DATA:{'time': 1723303096.43, 'source': 'VitalsTask', 'timer': 77.227, 'data': {'sensor': 'Heart Rate', 'action': 'save', 'data': 'action button pressed'}}
INFO:root:1723303096.438297,ID:1018,STAGE:3,SEQUENCE:1324,DATA:{'time': 1723303096.43, 'source': 'VitalsTask', 'timer': 77.227, 'data': {'sensor': 'Heart Rate', 'action': 'save', 'data': 'starting sensor action'}}
INFO:root:1723303096.976001,ID:1018,STAGE:3,SEQUENCE:1324,DATA:{'time': 1723303096.969, 'user-id': '1018', 'source': 'HAI Interface', 'destination-index': '3', 'study-stage': '3', 'decision-state': 0, 'vitals-state': 0, 'airspace-state': 0, 'data': {'page': 'emergency', 'action': 'trying to change destination to19'}}
INFO:root:1723303097.4558,ID:1018,STAGE:3,SEQUENCE:1324,DATA:{'time': 1723303097.45, 'source': 'VitalsTask', 'timer': 78.247, 'data': {'sensor': 'Heart Rate', 'action': 'save', 'data': 'sensor action complete'}}
INFO:root:1723303098.414962,ID:1018,STAGE:3,SEQUENCE:1324,DATA:{'time': 1723303098.41, 'source': 'VitalsTask', 'timer': 79.207, 'data': {'sensor': 'O\u2082 Saturation', 'action': 'opened sensor tab'}}
INFO:root:1723303099.515859,ID:1018,STAGE:3,SEQUENCE:1324,DATA:{'time': 1723303099.511, 'source': 'VitalsTask', 'timer': 80.308, 'data': {'sensor': 'O\u2082 Saturation', 'action': 'capture', 'data': 'action button pressed'}}
INFO:root:1723303099.520362,ID:1018,STAGE:3,SEQUENCE:1324,DATA:{'time': 1723303099.512, 'source': 'VitalsTask', 'timer': 80.309, 'data': {'sensor': 'O\u2082 Saturation', 'action': 'capture', 'data': 'starting sensor action'}}
INFO:root:1723303100.534704,ID:1018,STAGE:3,SEQUENCE:1324,DATA:{'time': 1723303100.526, 'source': 'VitalsTask', 'timer': 81.323, 'data': {'sensor': 'O\u2082 Saturation', 'action': 'capture', 'data': 'sensor action complete'}}
INFO:root:1723303100.537213,ID:1018,STAGE:3,SEQUENCE:1324,DATA:{'time': 1723303100.528, 'source': 'VitalsTask', 'timer': 81.325, 'data': {'sensor': 'O\u2082 Saturation', 'action': 'keypad open'}}
INFO:root:1723303101.422611,ID:1018,STAGE:3,SEQUENCE:1324,DATA:{'time': 1723303101.416, 'source': 'VitalsTask', 'timer': 82.213, 'data': {'sensor': 'O\u2082 Saturation', 'action': 'keypad press', 'key': 1, 'value': 1}}
INFO:root:1723303101.920189,ID:1018,STAGE:3,SEQUENCE:1324,DATA:{'time': 1723303101.911, 'user-id': '1018', 'source': 'HAI Interface', 'destination-index': '3', 'study-stage': '3', 'decision-state': 0, 'vitals-state': 0, 'airspace-state': 0, 'data': {'page': 'emergency', 'action': 'trying to change destination to19'}}
INFO:root:1723303102.480036,ID:1018,STAGE:3,SEQUENCE:1324,DATA:{'time': 1723303102.475, 'source': 'VitalsTask', 'timer': 83.272, 'data': {'sensor': 'O\u2082 Saturation', 'action': 'keypad press', 'key': 11, 'value': 10}}
INFO:root:1723303102.782727,ID:1018,STAGE:3,SEQUENCE:1324,DATA:{'time': 1723303102.777, 'source': 'VitalsTask', 'timer': 83.574, 'data': {'sensor': 'O\u2082 Saturation', 'action': 'keypad press', 'key': 11, 'value': 100}}
INFO:root:1723303104.265974,ID:1018,STAGE:3,SEQUENCE:1324,DATA:{'time': 1723303104.262, 'source': 'VitalsTask', 'timer': 85.059, 'data': {'sensor': 'O\u2082 Saturation', 'action': 'show action buttons'}}
INFO:root:1723303104.268967,ID:1018,STAGE:3,SEQUENCE:1324,DATA:{'time': 1723303104.262, 'source': 'VitalsTask', 'timer': 85.059, 'data': {'sensor': 'O\u2082 Saturation', 'action': 'keypad press', 'key': 10, 'value': 100}}
INFO:root:1723303105.664679,ID:1018,STAGE:3,SEQUENCE:1324,DATA:{'time': 1723303105.657, 'source': 'VitalsTask', 'timer': 86.454, 'data': {'sensor': 'O\u2082 Saturation', 'action': 'log', 'data': 'action button pressed'}}
INFO:root:1723303105.667671,ID:1018,STAGE:3,SEQUENCE:1324,DATA:{'time': 1723303105.658, 'source': 'VitalsTask', 'timer': 86.455, 'data': {'sensor': 'O\u2082 Saturation', 'action': 'log', 'data': 'starting sensor action'}}
INFO:root:1723303106.674217,ID:1018,STAGE:3,SEQUENCE:1324,DATA:{'time': 1723303106.67, 'source': 'VitalsTask', 'timer': 87.467, 'data': {'sensor': 'O\u2082 Saturation', 'action': 'log', 'data': 'sensor action complete'}}
INFO:root:1723303106.96588,ID:1018,STAGE:3,SEQUENCE:1324,DATA:{'time': 1723303106.94, 'user-id': '1018', 'source': 'HAI Interface', 'destination-index': '3', 'study-stage': '3', 'decision-state': 0, 'vitals-state': 0, 'airspace-state': 0, 'data': {'page': 'emergency', 'action': 'trying to change destination to19'}}
INFO:root:1723303107.258454,ID:1018,STAGE:3,SEQUENCE:1324,DATA:{'time': 1723303107.252, 'source': 'VitalsTask', 'timer': 88.049, 'data': {'sensor': 'O\u2082 Saturation', 'action': 'save', 'data': 'action button pressed'}}
INFO:root:1723303107.259958,ID:1018,STAGE:3,SEQUENCE:1324,DATA:{'time': 1723303107.253, 'source': 'VitalsTask', 'timer': 88.05, 'data': {'sensor': 'O\u2082 Saturation', 'action': 'save', 'data': 'starting sensor action'}}
INFO:root:1723303108.27743,ID:1018,STAGE:3,SEQUENCE:1324,DATA:{'time': 1723303108.272, 'source': 'VitalsTask', 'timer': 89.069, 'data': {'sensor': 'O\u2082 Saturation', 'action': 'save', 'data': 'sensor action complete'}}
INFO:root:1723303108.678044,ID:1018,STAGE:3,SEQUENCE:1324,DATA:{'time': 1723303108.671, 'source': 'VitalsTask', 'timer': 89.468, 'data': {'sensor': 'Blood Pressure', 'action': 'opened sensor tab'}}
INFO:root:1723303110.118629,ID:1018,STAGE:3,SEQUENCE:1324,DATA:{'time': 1723303110.11, 'source': 'VitalsTask', 'timer': 90.907, 'data': {'sensor': 'Blood Pressure', 'action': 'capture', 'data': 'action button pressed'}}
INFO:root:1723303110.120623,ID:1018,STAGE:3,SEQUENCE:1324,DATA:{'time': 1723303110.111, 'source': 'VitalsTask', 'timer': 90.908, 'data': {'sensor': 'Blood Pressure', 'action': 'capture', 'data': 'starting sensor action'}}
INFO:root:1723303111.131189,ID:1018,STAGE:3,SEQUENCE:1324,DATA:{'time': 1723303111.124, 'source': 'VitalsTask', 'timer': 91.921, 'data': {'sensor': 'Blood Pressure', 'action': 'capture', 'data': 'sensor action complete'}}
INFO:root:1723303111.133183,ID:1018,STAGE:3,SEQUENCE:1324,DATA:{'time': 1723303111.124, 'source': 'VitalsTask', 'timer': 91.921, 'data': {'sensor': 'Blood Pressure', 'action': 'keypad open'}}
INFO:root:1723303111.901191,ID:1018,STAGE:3,SEQUENCE:1324,DATA:{'time': 1723303111.896, 'source': 'VitalsTask', 'timer': 92.693, 'data': {'sensor': 'Blood Pressure', 'action': 'keypad press', 'key': 1, 'value': 1}}
INFO:root:1723303111.965538,ID:1018,STAGE:3,SEQUENCE:1324,DATA:{'time': 1723303111.957, 'user-id': '1018', 'source': 'HAI Interface', 'destination-index': '3', 'study-stage': '3', 'decision-state': 0, 'vitals-state': 0, 'airspace-state': 0, 'data': {'page': 'emergency', 'action': 'trying to change destination to19'}}
INFO:root:1723303112.967457,ID:1018,STAGE:3,SEQUENCE:1324,DATA:{'time': 1723303112.961, 'source': 'VitalsTask', 'timer': 93.758, 'data': {'sensor': 'Blood Pressure', 'action': 'keypad press', 'key': 2, 'value': 12}}
INFO:root:1723303113.930371,ID:1018,STAGE:3,SEQUENCE:1324,DATA:{'time': 1723303113.925, 'source': 'VitalsTask', 'timer': 94.722, 'data': {'sensor': 'Blood Pressure', 'action': 'keypad press', 'key': 11, 'value': 120}}
INFO:root:1723303114.504694,ID:1018,STAGE:3,SEQUENCE:1324,DATA:{'time': 1723303114.5, 'source': 'VitalsTask', 'timer': 95.297, 'data': {'sensor': 'Blood Pressure', 'action': 'keypad press', 'key': 8, 'value': 1208}}
INFO:root:1723303115.149181,ID:1018,STAGE:3,SEQUENCE:1324,DATA:{'time': 1723303115.144, 'source': 'VitalsTask', 'timer': 95.941, 'data': {'sensor': 'Blood Pressure', 'action': 'keypad press', 'key': 11, 'value': 12080}}
INFO:root:1723303115.932701,ID:1018,STAGE:3,SEQUENCE:1324,DATA:{'time': 1723303115.927, 'source': 'VitalsTask', 'timer': 96.724, 'data': {'sensor': 'Blood Pressure', 'action': 'show action buttons'}}
INFO:root:1723303115.938196,ID:1018,STAGE:3,SEQUENCE:1324,DATA:{'time': 1723303115.927, 'source': 'VitalsTask', 'timer': 96.724, 'data': {'sensor': 'Blood Pressure', 'action': 'keypad press', 'key': 10, 'value': 12080}}
INFO:root:1723303116.873259,ID:1018,STAGE:3,SEQUENCE:1324,DATA:{'time': 1723303116.868, 'source': 'VitalsTask', 'timer': 97.665, 'data': {'sensor': 'Blood Pressure', 'action': 'log', 'data': 'action button pressed'}}
INFO:root:1723303116.877459,ID:1018,STAGE:3,SEQUENCE:1324,DATA:{'time': 1723303116.868, 'source': 'VitalsTask', 'timer': 97.665, 'data': {'sensor': 'Blood Pressure', 'action': 'log', 'data': 'starting sensor action'}}
INFO:root:1723303116.959197,ID:1018,STAGE:3,SEQUENCE:1324,DATA:{'time': 1723303116.954, 'user-id': '1018', 'source': 'HAI Interface', 'destination-index': '3', 'study-stage': '3', 'decision-state': 0, 'vitals-state': 0, 'airspace-state': 0, 'data': {'page': 'emergency', 'action': 'trying to change destination to19'}}
INFO:root:1723303117.893042,ID:1018,STAGE:3,SEQUENCE:1324,DATA:{'time': 1723303117.889, 'source': 'VitalsTask', 'timer': 98.686, 'data': {'sensor': 'Blood Pressure', 'action': 'log', 'data': 'sensor action complete'}}
INFO:root:1723303118.295101,ID:1018,STAGE:3,SEQUENCE:1324,DATA:{'time': 1723303118.287, 'source': 'VitalsTask', 'timer': 99.084, 'data': {'sensor': 'Blood Pressure', 'action': 'save', 'data': 'action button pressed'}}
INFO:root:1723303118.29941,ID:1018,STAGE:3,SEQUENCE:1324,DATA:{'time': 1723303118.288, 'source': 'VitalsTask', 'timer': 99.085, 'data': {'sensor': 'Blood Pressure', 'action': 'save', 'data': 'starting sensor action'}}
INFO:root:1723303119.307274,ID:1018,STAGE:3,SEQUENCE:1324,DATA:{'time': 1723303119.303, 'source': 'VitalsTask', 'timer': 100.1, 'data': {'sensor': 'Blood Pressure', 'action': 'save', 'data': 'sensor action complete'}}
INFO:root:1723303119.882498,ID:1018,STAGE:3,SEQUENCE:1324,DATA:{'time': 1723303119.878, 'source': 'VitalsTask', 'timer': 100.675, 'data': {'sensor': 'submit', 'action': 'submit'}}
INFO:root:1723303119.886494,ID:1018,STAGE:3,SEQUENCE:1324,DATA:{'time': 1723303119.878, 'source': 'VitalsTask', 'timer': 100.675, 'data': {'sensor': 'submit', 'action': 'submit', 'data': 'submit succeeded'}}
INFO:root:1723303120.950497,ID:1018,STAGE:3,SEQUENCE:1324,DATA:{'time': 1723303120.945, 'user-id': '1018', 'source': 'HAI Interface', 'destination-index': '3', 'study-stage': '3', 'decision-state': 0, 'vitals-state': 0, 'airspace-state': 0, 'data': {'page': 'inflight', 'action': 'user acknowledged vitals prompt'}}
INFO:root:1723303121.963381,ID:1018,STAGE:3,SEQUENCE:1324,DATA:{'time': 1723303121.952, 'user-id': '1018', 'source': 'HAI Interface', 'destination-index': '3', 'study-stage': '3', 'decision-state': 0, 'vitals-state': 0, 'airspace-state': 0, 'data': {'page': 'emergency', 'action': 'trying to change destination to19'}}
INFO:root:1723303126.967916,ID:1018,STAGE:3,SEQUENCE:1324,DATA:{'time': 1723303126.953, 'user-id': '1018', 'source': 'HAI Interface', 'destination-index': '3', 'study-stage': '3', 'decision-state': 0, 'vitals-state': 0, 'airspace-state': 0, 'data': {'page': 'emergency', 'action': 'trying to change destination to19'}}
INFO:root:1723303131.939925,ID:1018,STAGE:3,SEQUENCE:1324,DATA:{'time': 1723303131.932, 'user-id': '1018', 'source': 'HAI Interface', 'destination-index': '3', 'study-stage': '3', 'decision-state': 0, 'vitals-state': 0, 'airspace-state': 0, 'data': {'page': 'emergency', 'action': 'trying to change destination to19'}}
INFO:root:1723303136.983229,ID:1018,STAGE:3,SEQUENCE:1324,DATA:{'time': 1723303136.974, 'user-id': '1018', 'source': 'HAI Interface', 'destination-index': '3', 'study-stage': '3', 'decision-state': 0, 'vitals-state': 0, 'airspace-state': 0, 'data': {'page': 'emergency', 'action': 'trying to change destination to19'}}
INFO:root:Inflight Radio Update asked
INFO:root:sent request to set radio update complete
INFO:root:1723303138.109632,ID:1018,STAGE:3,SEQUENCE:1324,DATA:{'time': 1723303138.104, 'user-id': '1018', 'source': 'HAI Interface', 'destination-index': '3', 'study-stage': '3', 'decision-state': 0, 'vitals-state': 0, 'airspace-state': 0, 'data': {'action': 'transmit button pressed'}}
INFO:root:1723303138.116121,ID:1018,STAGE:3,SEQUENCE:1324,DATA:{'time': 1723303138.104, 'user-id': '1018', 'source': 'HAI Interface', 'destination-index': '3', 'study-stage': '3', 'decision-state': 0, 'vitals-state': 0, 'airspace-state': 0, 'data': {'action': 'callsign set to: + NASXGS'}}
INFO:root:1723303138.117124,ID:1018,STAGE:3,SEQUENCE:1324,DATA:{'time': 1723303138.105, 'user-id': '1018', 'source': 'HAI Interface', 'destination-index': '3', 'study-stage': '3', 'decision-state': 0, 'vitals-state': 0, 'airspace-state': 0, 'data': {'action': 'radio set to:Comm1'}}
INFO:root:1723303138.122111,ID:1018,STAGE:3,SEQUENCE:1324,DATA:{'time': 1723303138.105, 'user-id': '1018', 'source': 'HAI Interface', 'destination-index': '3', 'study-stage': '3', 'decision-state': 0, 'vitals-state': 0, 'airspace-state': 0, 'data': {'page': 'map', 'action': 'show map'}}
INFO:root:1723303138.127653,ID:1018,STAGE:3,SEQUENCE:1324,DATA:{'time': 1723303138.105, 'user-id': '1018', 'source': 'HAI Interface', 'destination-index': '3', 'study-stage': '3', 'decision-state': 0, 'vitals-state': 0, 'airspace-state': 0, 'data': {'page': 'map', 'action': 'selected helipad', 'value': '21'}}
INFO:root:1723303138.133662,ID:1018,STAGE:3,SEQUENCE:1324,DATA:{'time': 1723303138.11, 'user-id': '1018', 'source': 'HAI Interface', 'destination-index': '3', 'study-stage': '3', 'decision-state': 0, 'vitals-state': 0, 'airspace-state': 0, 'data': {'action': 'NASXGStransmitting updates onComm1123.45 MHz'}}
INFO:root:1723303141.990512,ID:1018,STAGE:3,SEQUENCE:1324,DATA:{'time': 1723303141.978, 'user-id': '1018', 'source': 'HAI Interface', 'destination-index': '3', 'study-stage': '3', 'decision-state': 0, 'vitals-state': 0, 'airspace-state': 0, 'data': {'page': 'emergency', 'action': 'trying to change destination to19'}}
INFO:root:1723303146.986118,ID:1018,STAGE:3,SEQUENCE:1324,DATA:{'time': 1723303146.982, 'user-id': '1018', 'source': 'HAI Interface', 'destination-index': '3', 'study-stage': '3', 'decision-state': 0, 'vitals-state': 0, 'airspace-state': 0, 'data': {'page': 'emergency', 'action': 'trying to change destination to19'}}
INFO:root:1723303150.79215,ID:1018,STAGE:3,SEQUENCE:1324,DATA:{'time': 1723303150.787, 'user-id': '1018', 'source': 'HAI Interface', 'destination-index': '3', 'study-stage': '3', 'decision-state': 0, 'vitals-state': 0, 'airspace-state': 0, 'data': {'page': 'map', 'action': 'hide map'}}
INFO:root:1723303151.984428,ID:1018,STAGE:3,SEQUENCE:1324,DATA:{'time': 1723303151.975, 'user-id': '1018', 'source': 'HAI Interface', 'destination-index': '3', 'study-stage': '3', 'decision-state': 0, 'vitals-state': 0, 'airspace-state': 0, 'data': {'page': 'emergency', 'action': 'trying to change destination to19'}}
INFO:root:1723303156.987544,ID:1018,STAGE:3,SEQUENCE:1324,DATA:{'time': 1723303156.941, 'user-id': '1018', 'source': 'HAI Interface', 'destination-index': '3', 'study-stage': '3', 'decision-state': 0, 'vitals-state': 0, 'airspace-state': 0, 'data': {'page': 'emergency', 'action': 'trying to change destination to19'}}
INFO:root:1723303161.952528,ID:1018,STAGE:3,SEQUENCE:1324,DATA:{'time': 1723303161.945, 'user-id': '1018', 'source': 'HAI Interface', 'destination-index': '3', 'study-stage': '3', 'decision-state': 0, 'vitals-state': 0, 'airspace-state': 0, 'data': {'page': 'emergency', 'action': 'trying to change destination to19'}}
INFO:root:1723303166.949966,ID:1018,STAGE:3,SEQUENCE:1324,DATA:{'time': 1723303166.94, 'user-id': '1018', 'source': 'HAI Interface', 'destination-index': '3', 'study-stage': '3', 'decision-state': 0, 'vitals-state': 0, 'airspace-state': 0, 'data': {'page': 'emergency', 'action': 'trying to change destination to19'}}
INFO:root:1723303171.906095,ID:1018,STAGE:3,SEQUENCE:1324,DATA:{'time': 1723303171.9, 'user-id': '1018', 'source': 'HAI Interface', 'destination-index': '3', 'study-stage': '3', 'decision-state': 0, 'vitals-state': 0, 'airspace-state': 0, 'data': {'page': 'emergency', 'action': 'trying to change destination to19'}}
INFO:root:1723303176.92979,ID:1018,STAGE:3,SEQUENCE:1324,DATA:{'time': 1723303176.922, 'user-id': '1018', 'source': 'HAI Interface', 'destination-index': '3', 'study-stage': '3', 'decision-state': 0, 'vitals-state': 0, 'airspace-state': 0, 'data': {'page': 'emergency', 'action': 'trying to change destination to19'}}
INFO:root:1723303181.99434,ID:1018,STAGE:3,SEQUENCE:1324,DATA:{'time': 1723303181.983, 'user-id': '1018', 'source': 'HAI Interface', 'destination-index': '3', 'study-stage': '3', 'decision-state': 0, 'vitals-state': 0, 'airspace-state': 0, 'data': {'page': 'emergency', 'action': 'trying to change destination to19'}}
INFO:root:1723303182.586147,ID:1018,STAGE:3,SEQUENCE:1324,DATA:{'time': 1723303182.58, 'user-id': '1018', 'source': 'HAI Interface', 'destination-index': '3', 'study-stage': '3', 'decision-state': 0, 'vitals-state': 0, 'airspace-state': 0, 'data': {'page': 'inflight', 'action': 'displaying vitals prompt'}}
INFO:root:1723303186.949366,ID:1018,STAGE:3,SEQUENCE:1324,DATA:{'time': 1723303186.939, 'user-id': '1018', 'source': 'HAI Interface', 'destination-index': '3', 'study-stage': '3', 'decision-state': 0, 'vitals-state': 0, 'airspace-state': 0, 'data': {'page': 'emergency', 'action': 'trying to change destination to19'}}
INFO:root:1723303188.610147,ID:1018,STAGE:3,SEQUENCE:1324,DATA:{'time': 1723303188.604, 'source': 'VitalsTask', 'timer': 68.725, 'data': {'sensor': 'Heart Rate', 'action': 'opened sensor tab'}}
INFO:root:1723303190.003934,ID:1018,STAGE:3,SEQUENCE:1324,DATA:{'time': 1723303189.999, 'source': 'VitalsTask', 'timer': 70.12, 'data': {'sensor': 'Heart Rate', 'action': 'capture', 'data': 'action button pressed'}}
INFO:root:1723303190.004935,ID:1018,STAGE:3,SEQUENCE:1324,DATA:{'time': 1723303189.999, 'source': 'VitalsTask', 'timer': 70.12, 'data': {'sensor': 'Heart Rate', 'action': 'capture', 'data': 'starting sensor action'}}
INFO:root:1723303191.018974,ID:1018,STAGE:3,SEQUENCE:1324,DATA:{'time': 1723303191.013, 'source': 'VitalsTask', 'timer': 71.134, 'data': {'sensor': 'Heart Rate', 'action': 'capture', 'data': 'sensor action complete'}}
INFO:root:1723303191.019973,ID:1018,STAGE:3,SEQUENCE:1324,DATA:{'time': 1723303191.013, 'source': 'VitalsTask', 'timer': 71.134, 'data': {'sensor': 'Heart Rate', 'action': 'keypad open'}}
INFO:root:1723303191.918736,ID:1018,STAGE:3,SEQUENCE:1324,DATA:{'time': 1723303191.909, 'user-id': '1018', 'source': 'HAI Interface', 'destination-index': '3', 'study-stage': '3', 'decision-state': 0, 'vitals-state': 0, 'airspace-state': 0, 'data': {'page': 'emergency', 'action': 'trying to change destination to19'}}
INFO:root:1723303192.037942,ID:1018,STAGE:3,SEQUENCE:1324,DATA:{'time': 1723303192.033, 'source': 'VitalsTask', 'timer': 72.154, 'data': {'sensor': 'Heart Rate', 'action': 'keypad press', 'key': 5, 'value': 5}}
INFO:root:1723303193.775372,ID:1018,STAGE:3,SEQUENCE:1324,DATA:{'time': 1723303193.77, 'source': 'VitalsTask', 'timer': 73.891, 'data': {'sensor': 'Heart Rate', 'action': 'keypad press', 'key': 5, 'value': 55}}
INFO:root:1723303195.073257,ID:1018,STAGE:3,SEQUENCE:1324,DATA:{'time': 1723303195.068, 'source': 'VitalsTask', 'timer': 75.189, 'data': {'sensor': 'Heart Rate', 'action': 'show action buttons'}}
INFO:root:1723303195.075251,ID:1018,STAGE:3,SEQUENCE:1324,DATA:{'time': 1723303195.069, 'source': 'VitalsTask', 'timer': 75.19, 'data': {'sensor': 'Heart Rate', 'action': 'keypad press', 'key': 10, 'value': 55}}
INFO:root:1723303195.974669,ID:1018,STAGE:3,SEQUENCE:1324,DATA:{'time': 1723303195.97, 'source': 'VitalsTask', 'timer': 76.091, 'data': {'sensor': 'Heart Rate', 'action': 'log', 'data': 'action button pressed'}}
INFO:root:1723303195.976663,ID:1018,STAGE:3,SEQUENCE:1324,DATA:{'time': 1723303195.97, 'source': 'VitalsTask', 'timer': 76.091, 'data': {'sensor': 'Heart Rate', 'action': 'log', 'data': 'starting sensor action'}}
INFO:root:1723303196.92793,ID:1018,STAGE:3,SEQUENCE:1324,DATA:{'time': 1723303196.919, 'user-id': '1018', 'source': 'HAI Interface', 'destination-index': '3', 'study-stage': '3', 'decision-state': 0, 'vitals-state': 0, 'airspace-state': 0, 'data': {'page': 'emergency', 'action': 'trying to change destination to19'}}
INFO:root:1723303196.994197,ID:1018,STAGE:3,SEQUENCE:1324,DATA:{'time': 1723303196.99, 'source': 'VitalsTask', 'timer': 77.111, 'data': {'sensor': 'Heart Rate', 'action': 'log', 'data': 'sensor action complete'}}
INFO:root:1723303197.429105,ID:1018,STAGE:3,SEQUENCE:1324,DATA:{'time': 1723303197.425, 'source': 'VitalsTask', 'timer': 77.546, 'data': {'sensor': 'Heart Rate', 'action': 'save', 'data': 'action button pressed'}}
INFO:root:1723303197.4311,ID:1018,STAGE:3,SEQUENCE:1324,DATA:{'time': 1723303197.425, 'source': 'VitalsTask', 'timer': 77.546, 'data': {'sensor': 'Heart Rate', 'action': 'save', 'data': 'starting sensor action'}}
INFO:root:1723303198.443581,ID:1018,STAGE:3,SEQUENCE:1324,DATA:{'time': 1723303198.439, 'source': 'VitalsTask', 'timer': 78.56, 'data': {'sensor': 'Heart Rate', 'action': 'save', 'data': 'sensor action complete'}}
INFO:root:1723303198.874826,ID:1018,STAGE:3,SEQUENCE:1324,DATA:{'time': 1723303198.869, 'source': 'VitalsTask', 'timer': 78.99, 'data': {'sensor': 'O\u2082 Saturation', 'action': 'opened sensor tab'}}
INFO:root:1723303199.653703,ID:1018,STAGE:3,SEQUENCE:1324,DATA:{'time': 1723303199.642, 'source': 'VitalsTask', 'timer': 79.763, 'data': {'sensor': 'O\u2082 Saturation', 'action': 'capture', 'data': 'action button pressed'}}
INFO:root:1723303199.670208,ID:1018,STAGE:3,SEQUENCE:1324,DATA:{'time': 1723303199.643, 'source': 'VitalsTask', 'timer': 79.764, 'data': {'sensor': 'O\u2082 Saturation', 'action': 'capture', 'data': 'starting sensor action'}}
INFO:root:1723303200.661409,ID:1018,STAGE:3,SEQUENCE:1324,DATA:{'time': 1723303200.655, 'source': 'VitalsTask', 'timer': 80.776, 'data': {'sensor': 'O\u2082 Saturation', 'action': 'capture', 'data': 'sensor action complete'}}
INFO:root:1723303200.662929,ID:1018,STAGE:3,SEQUENCE:1324,DATA:{'time': 1723303200.655, 'source': 'VitalsTask', 'timer': 80.776, 'data': {'sensor': 'O\u2082 Saturation', 'action': 'keypad open'}}
INFO:root:1723303201.984873,ID:1018,STAGE:3,SEQUENCE:1324,DATA:{'time': 1723303201.974, 'source': 'VitalsTask', 'timer': 82.095, 'data': {'sensor': 'O\u2082 Saturation', 'action': 'keypad press', 'key': 1, 'value': 1}}
INFO:root:1723303202.002769,ID:1018,STAGE:3,SEQUENCE:1324,DATA:{'time': 1723303201.995, 'user-id': '1018', 'source': 'HAI Interface', 'destination-index': '3', 'study-stage': '3', 'decision-state': 0, 'vitals-state': 0, 'airspace-state': 0, 'data': {'page': 'emergency', 'action': 'trying to change destination to19'}}
INFO:root:1723303203.175495,ID:1018,STAGE:3,SEQUENCE:1324,DATA:{'time': 1723303203.171, 'source': 'VitalsTask', 'timer': 83.292, 'data': {'sensor': 'O\u2082 Saturation', 'action': 'keypad press', 'key': 11, 'value': 10}}
INFO:root:1723303204.072516,ID:1018,STAGE:3,SEQUENCE:1324,DATA:{'time': 1723303204.065, 'source': 'VitalsTask', 'timer': 84.186, 'data': {'sensor': 'O\u2082 Saturation', 'action': 'keypad press', 'key': 11, 'value': 100}}
INFO:root:1723303205.278616,ID:1018,STAGE:3,SEQUENCE:1324,DATA:{'time': 1723303205.272, 'source': 'VitalsTask', 'timer': 85.393, 'data': {'sensor': 'O\u2082 Saturation', 'action': 'show action buttons'}}
INFO:root:1723303205.281608,ID:1018,STAGE:3,SEQUENCE:1324,DATA:{'time': 1723303205.273, 'source': 'VitalsTask', 'timer': 85.394, 'data': {'sensor': 'O\u2082 Saturation', 'action': 'keypad press', 'key': 10, 'value': 100}}
INFO:root:1723303206.425266,ID:1018,STAGE:3,SEQUENCE:1324,DATA:{'time': 1723303206.421, 'source': 'VitalsTask', 'timer': 86.542, 'data': {'sensor': 'O\u2082 Saturation', 'action': 'log', 'data': 'action button pressed'}}
INFO:root:1723303206.42726,ID:1018,STAGE:3,SEQUENCE:1324,DATA:{'time': 1723303206.421, 'source': 'VitalsTask', 'timer': 86.542, 'data': {'sensor': 'O\u2082 Saturation', 'action': 'log', 'data': 'starting sensor action'}}
INFO:root:1723303206.958867,ID:1018,STAGE:3,SEQUENCE:1324,DATA:{'time': 1723303206.951, 'user-id': '1018', 'source': 'HAI Interface', 'destination-index': '3', 'study-stage': '3', 'decision-state': 0, 'vitals-state': 0, 'airspace-state': 0, 'data': {'page': 'emergency', 'action': 'trying to change destination to19'}}
INFO:root:1723303207.445426,ID:1018,STAGE:3,SEQUENCE:1324,DATA:{'time': 1723303207.438, 'source': 'VitalsTask', 'timer': 87.559, 'data': {'sensor': 'O\u2082 Saturation', 'action': 'log', 'data': 'sensor action complete'}}
INFO:root:1723303207.945208,ID:1018,STAGE:3,SEQUENCE:1324,DATA:{'time': 1723303207.939, 'source': 'VitalsTask', 'timer': 88.06, 'data': {'sensor': 'O\u2082 Saturation', 'action': 'save', 'data': 'action button pressed'}}
INFO:root:1723303207.94752,ID:1018,STAGE:3,SEQUENCE:1324,DATA:{'time': 1723303207.939, 'source': 'VitalsTask', 'timer': 88.06, 'data': {'sensor': 'O\u2082 Saturation', 'action': 'save', 'data': 'starting sensor action'}}
INFO:root:1723303208.955124,ID:1018,STAGE:3,SEQUENCE:1324,DATA:{'time': 1723303208.949, 'source': 'VitalsTask', 'timer': 89.07, 'data': {'sensor': 'O\u2082 Saturation', 'action': 'save', 'data': 'sensor action complete'}}
INFO:root:1723303211.170353,ID:1018,STAGE:3,SEQUENCE:1324,DATA:{'time': 1723303211.167, 'source': 'VitalsTask', 'timer': 91.288, 'data': {'sensor': 'Blood Pressure', 'action': 'opened sensor tab'}}
INFO:root:1723303211.972608,ID:1018,STAGE:3,SEQUENCE:1324,DATA:{'time': 1723303211.966, 'user-id': '1018', 'source': 'HAI Interface', 'destination-index': '3', 'study-stage': '3', 'decision-state': 0, 'vitals-state': 0, 'airspace-state': 0, 'data': {'page': 'emergency', 'action': 'trying to change destination to19'}}
INFO:root:1723303212.279268,ID:1018,STAGE:3,SEQUENCE:1324,DATA:{'time': 1723303212.273, 'source': 'VitalsTask', 'timer': 92.394, 'data': {'sensor': 'Blood Pressure', 'action': 'capture', 'data': 'action button pressed'}}
INFO:root:1723303212.282283,ID:1018,STAGE:3,SEQUENCE:1324,DATA:{'time': 1723303212.273, 'source': 'VitalsTask', 'timer': 92.394, 'data': {'sensor': 'Blood Pressure', 'action': 'capture', 'data': 'starting sensor action'}}
INFO:root:1723303213.299936,ID:1018,STAGE:3,SEQUENCE:1324,DATA:{'time': 1723303213.292, 'source': 'VitalsTask', 'timer': 93.413, 'data': {'sensor': 'Blood Pressure', 'action': 'capture', 'data': 'sensor action complete'}}
INFO:root:1723303213.301936,ID:1018,STAGE:3,SEQUENCE:1324,DATA:{'time': 1723303213.293, 'source': 'VitalsTask', 'timer': 93.414, 'data': {'sensor': 'Blood Pressure', 'action': 'keypad open'}}
INFO:root:1723303214.368595,ID:1018,STAGE:3,SEQUENCE:1324,DATA:{'time': 1723303214.361, 'source': 'VitalsTask', 'timer': 94.482, 'data': {'sensor': 'Blood Pressure', 'action': 'keypad press', 'key': 1, 'value': 1}}
INFO:root:1723303215.029272,ID:1018,STAGE:3,SEQUENCE:1324,DATA:{'time': 1723303215.024, 'source': 'VitalsTask', 'timer': 95.145, 'data': {'sensor': 'Blood Pressure', 'action': 'keypad press', 'key': 2, 'value': 12}}
INFO:root:1723303216.010752,ID:1018,STAGE:3,SEQUENCE:1324,DATA:{'time': 1723303216.007, 'source': 'VitalsTask', 'timer': 96.128, 'data': {'sensor': 'Blood Pressure', 'action': 'keypad press', 'key': 11, 'value': 120}}
INFO:root:1723303216.657276,ID:1018,STAGE:3,SEQUENCE:1324,DATA:{'time': 1723303216.653, 'source': 'VitalsTask', 'timer': 96.774, 'data': {'sensor': 'Blood Pressure', 'action': 'keypad press', 'key': 8, 'value': 1208}}
INFO:root:1723303216.918355,ID:1018,STAGE:3,SEQUENCE:1324,DATA:{'time': 1723303216.91, 'user-id': '1018', 'source': 'HAI Interface', 'destination-index': '3', 'study-stage': '3', 'decision-state': 0, 'vitals-state': 0, 'airspace-state': 0, 'data': {'page': 'emergency', 'action': 'trying to change destination to19'}}
INFO:root:1723303217.204419,ID:1018,STAGE:3,SEQUENCE:1324,DATA:{'time': 1723303217.2, 'source': 'VitalsTask', 'timer': 97.321, 'data': {'sensor': 'Blood Pressure', 'action': 'keypad press', 'key': 11, 'value': 12080}}
INFO:root:1723303218.461384,ID:1018,STAGE:3,SEQUENCE:1324,DATA:{'time': 1723303218.457, 'source': 'VitalsTask', 'timer': 98.578, 'data': {'sensor': 'Blood Pressure', 'action': 'show action buttons'}}
INFO:root:1723303218.467309,ID:1018,STAGE:3,SEQUENCE:1324,DATA:{'time': 1723303218.457, 'source': 'VitalsTask', 'timer': 98.578, 'data': {'sensor': 'Blood Pressure', 'action': 'keypad press', 'key': 10, 'value': 12080}}
INFO:root:1723303219.252627,ID:1018,STAGE:3,SEQUENCE:1324,DATA:{'time': 1723303219.246, 'source': 'VitalsTask', 'timer': 99.367, 'data': {'sensor': 'Blood Pressure', 'action': 'log', 'data': 'action button pressed'}}
INFO:root:1723303219.255293,ID:1018,STAGE:3,SEQUENCE:1324,DATA:{'time': 1723303219.246, 'source': 'VitalsTask', 'timer': 99.367, 'data': {'sensor': 'Blood Pressure', 'action': 'log', 'data': 'starting sensor action'}}
INFO:root:1723303220.269474,ID:1018,STAGE:3,SEQUENCE:1324,DATA:{'time': 1723303220.265, 'source': 'VitalsTask', 'timer': 100.386, 'data': {'sensor': 'Blood Pressure', 'action': 'log', 'data': 'sensor action complete'}}
INFO:root:1723303220.693419,ID:1018,STAGE:3,SEQUENCE:1324,DATA:{'time': 1723303220.688, 'source': 'VitalsTask', 'timer': 100.809, 'data': {'sensor': 'Blood Pressure', 'action': 'save', 'data': 'action button pressed'}}
INFO:root:1723303220.695412,ID:1018,STAGE:3,SEQUENCE:1324,DATA:{'time': 1723303220.689, 'source': 'VitalsTask', 'timer': 100.81, 'data': {'sensor': 'Blood Pressure', 'action': 'save', 'data': 'starting sensor action'}}
INFO:root:1723303221.706757,ID:1018,STAGE:3,SEQUENCE:1324,DATA:{'time': 1723303221.702, 'source': 'VitalsTask', 'timer': 101.823, 'data': {'sensor': 'Blood Pressure', 'action': 'save', 'data': 'sensor action complete'}}
INFO:root:1723303221.936709,ID:1018,STAGE:3,SEQUENCE:1324,DATA:{'time': 1723303221.929, 'user-id': '1018', 'source': 'HAI Interface', 'destination-index': '3', 'study-stage': '3', 'decision-state': 0, 'vitals-state': 0, 'airspace-state': 0, 'data': {'page': 'emergency', 'action': 'trying to change destination to19'}}
INFO:root:1723303222.208392,ID:1018,STAGE:3,SEQUENCE:1324,DATA:{'time': 1723303222.202, 'source': 'VitalsTask', 'timer': 102.323, 'data': {'sensor': 'submit', 'action': 'submit'}}
INFO:root:1723303222.209898,ID:1018,STAGE:3,SEQUENCE:1324,DATA:{'time': 1723303222.203, 'source': 'VitalsTask', 'timer': 102.324, 'data': {'sensor': 'submit', 'action': 'submit', 'data': 'submit succeeded'}}
INFO:root:1723303223.495962,ID:1018,STAGE:3,SEQUENCE:1324,DATA:{'time': 1723303223.492, 'user-id': '1018', 'source': 'HAI Interface', 'destination-index': '3', 'study-stage': '3', 'decision-state': 0, 'vitals-state': 0, 'airspace-state': 0, 'data': {'page': 'inflight', 'action': 'user acknowledged vitals prompt'}}
INFO:root:1723303227.414317,ID:1018,STAGE:3,SEQUENCE:1324,DATA:{'time': 1723303227.406, 'user-id': '1018', 'source': 'HAI Interface', 'destination-index': '3', 'study-stage': '3', 'decision-state': 0, 'vitals-state': 0, 'airspace-state': 0, 'data': {'page': 'emergency', 'action': 'trying to change destination to19'}}
INFO:root:1723303227.421345,ID:1018,STAGE:3,SEQUENCE:1324,DATA:{'time': 1723303227.407, 'user-id': '1018', 'source': 'HAI Interface', 'destination-index': '3', 'study-stage': '3', 'decision-state': 0, 'vitals-state': 0, 'airspace-state': 0, 'data': {'page': 'emergency', 'action': 'show Fuel Tank Empty Alert , hide map'}}
INFO:root:1723303227.426331,ID:1018,STAGE:3,SEQUENCE:1324,DATA:{'time': 1723303227.408, 'user-id': '1018', 'source': 'HAI Interface', 'destination-index': '3', 'study-stage': '3', 'decision-state': 0, 'vitals-state': 0, 'airspace-state': 0, 'data': {'page': 'map', 'action': 'hide map'}}
INFO:root:1723303227.434309,ID:1018,STAGE:3,SEQUENCE:1324,DATA:{'time': 1723303227.408, 'user-id': '1018', 'source': 'HAI Interface', 'destination-index': '3', 'study-stage': '3', 'decision-state': 0, 'vitals-state': 0, 'airspace-state': 0, 'data': {'page': 'Inflight', 'action': 'Fuel tank emergency alert-displayed'}}
INFO:root:1723303231.660661,ID:1018,STAGE:3,SEQUENCE:1324,DATA:{'time': 1723303231.652, 'user-id': '1018', 'source': 'HAI Interface', 'destination-index': '3', 'study-stage': '3', 'decision-state': 0, 'vitals-state': 0, 'airspace-state': 0, 'data': {'page': 'Inflight', 'action': 'Fuel tank emergency- show more info button pressed'}}
INFO:root:1723303231.938306,ID:1018,STAGE:3,SEQUENCE:1324,DATA:{'time': 1723303231.923, 'user-id': '1018', 'source': 'HAI Interface', 'destination-index': '3', 'study-stage': '3', 'decision-state': 0, 'vitals-state': 0, 'airspace-state': 0, 'data': {'page': 'emergency', 'action': 'trying to change destination to19'}}
INFO:root:1723303236.975408,ID:1018,STAGE:3,SEQUENCE:1324,DATA:{'time': 1723303236.966, 'user-id': '1018', 'source': 'HAI Interface', 'destination-index': '3', 'study-stage': '3', 'decision-state': 0, 'vitals-state': 0, 'airspace-state': 0, 'data': {'page': 'emergency', 'action': 'trying to change destination to19'}}
INFO:root:1723303241.98903,ID:1018,STAGE:3,SEQUENCE:1324,DATA:{'time': 1723303241.982, 'user-id': '1018', 'source': 'HAI Interface', 'destination-index': '3', 'study-stage': '3', 'decision-state': 0, 'vitals-state': 0, 'airspace-state': 0, 'data': {'page': 'emergency', 'action': 'trying to change destination to19'}}
INFO:root:1723303246.992321,ID:1018,STAGE:3,SEQUENCE:1324,DATA:{'time': 1723303246.986, 'user-id': '1018', 'source': 'HAI Interface', 'destination-index': '3', 'study-stage': '3', 'decision-state': 0, 'vitals-state': 0, 'airspace-state': 0, 'data': {'page': 'emergency', 'action': 'trying to change destination to19'}}
INFO:root:1723303251.937602,ID:1018,STAGE:3,SEQUENCE:1324,DATA:{'time': 1723303251.931, 'user-id': '1018', 'source': 'HAI Interface', 'destination-index': '3', 'study-stage': '3', 'decision-state': 0, 'vitals-state': 0, 'airspace-state': 0, 'data': {'page': 'emergency', 'action': 'trying to change destination to19'}}
INFO:root:1723303255.727449,ID:1018,STAGE:3,SEQUENCE:1324,DATA:{'time': 1723303255.723, 'user-id': '1018', 'source': 'HAI Interface', 'destination-index': '3', 'study-stage': '3', 'decision-state': 0, 'vitals-state': 0, 'airspace-state': 0, 'data': {'page': 'Inflight', 'action': 'Empty Tank emergency- close button '}}
INFO:root:1723303255.73044,ID:1018,STAGE:3,SEQUENCE:1324,DATA:{'time': 1723303255.724, 'user-id': '1018', 'source': 'HAI Interface', 'destination-index': '3', 'study-stage': '3', 'decision-state': 0, 'vitals-state': 0, 'airspace-state': 0, 'data': {'page': 'Inflight', 'action': 'Continue button on Fuel tank emergency pressed'}}
INFO:root:1723303256.960652,ID:1018,STAGE:3,SEQUENCE:1324,DATA:{'time': 1723303256.955, 'user-id': '1018', 'source': 'HAI Interface', 'destination-index': '3', 'study-stage': '3', 'decision-state': 0, 'vitals-state': 0, 'airspace-state': 0, 'data': {'page': 'emergency', 'action': 'trying to change destination to19'}}
INFO:root:Empty Fuel alert given, sent request to clear empty_fuel_emergency
INFO:root:1723303260.831225,ID:1018,STAGE:3,SEQUENCE:1324,DATA:{'time': 1723303260.827, 'user-id': '1018', 'source': 'HAI Interface', 'destination-index': '3', 'study-stage': '3', 'decision-state': 0, 'vitals-state': 0, 'airspace-state': 0, 'data': {'action': 'receive button pressed'}}
INFO:root:1723303260.833796,ID:1018,STAGE:3,SEQUENCE:1324,DATA:{'time': 1723303260.827, 'user-id': '1018', 'source': 'HAI Interface', 'destination-index': '3', 'study-stage': '3', 'decision-state': 0, 'vitals-state': 0, 'airspace-state': 0, 'data': {'action': 'callsign set to:[object Object]'}}
INFO:root:1723303262.013171,ID:1018,STAGE:3,SEQUENCE:1324,DATA:{'time': 1723303262.006, 'user-id': '1018', 'source': 'HAI Interface', 'destination-index': '3', 'study-stage': '3', 'decision-state': 0, 'vitals-state': 0, 'airspace-state': 0, 'data': {'page': 'emergency', 'action': 'trying to change destination to19'}}
INFO:root:1723303266.893903,ID:1018,STAGE:3,SEQUENCE:1324,DATA:{'time': 1723303266.888, 'user-id': '1018', 'source': 'HAI Interface', 'destination-index': '3', 'study-stage': '3', 'decision-state': 0, 'vitals-state': 0, 'airspace-state': 0, 'data': {'page': 'emergency', 'action': 'trying to change destination to19'}}
INFO:root:voice activity detected
INFO:root:recording started
INFO:root:1723303271.985965,ID:1018,STAGE:3,SEQUENCE:1324,DATA:{'time': 1723303271.977, 'user-id': '1018', 'source': 'HAI Interface', 'destination-index': '3', 'study-stage': '3', 'decision-state': 0, 'vitals-state': 0, 'airspace-state': 0, 'data': {'page': 'emergency', 'action': 'trying to change destination to19'}}
INFO:root:voice deactivity detected
INFO:root:recording stopped
INFO:root:1723303277.0271,ID:1018,STAGE:3,SEQUENCE:1324,DATA:{'time': 1723303277.012, 'user-id': '1018', 'source': 'HAI Interface', 'destination-index': '3', 'study-stage': '3', 'decision-state': 0, 'vitals-state': 0, 'airspace-state': 0, 'data': {'page': 'emergency', 'action': 'trying to change destination to19'}}
INFO:root:1723303282.006036,ID:1018,STAGE:3,SEQUENCE:1324,DATA:{'time': 1723303282, 'user-id': '1018', 'source': 'HAI Interface', 'destination-index': '3', 'study-stage': '3', 'decision-state': 0, 'vitals-state': 0, 'airspace-state': 0, 'data': {'page': 'emergency', 'action': 'trying to change destination to19'}}
