INFO:root:1723303717.40126,ID:1018,STAGE:2,SEQUENCE:1324,DATA:{'time': 1723303717.398, 'user-id': '1018', 'source': 'HAI Interface', 'destination-index': 'None', 'study-stage': '2', 'decision-state': 0, 'vitals-state': 0, 'airspace-state': 0, 'data': {'page': 'index', 'action': 'confirm button pressed'}}
INFO:root:1723303717.512247,ID:1018,STAGE:2,SEQUENCE:1324,DATA:{'time': 1723303717.507, 'user-id': 'none', 'source': 'HAI Interface', 'destination-index': 3, 'study-stage': -1, 'decision-state': 0, 'vitals-state': 0, 'airspace-state': 0, 'data': {'page': 'location', 'action': 'opened page'}}
INFO:root:Takeoff radiocomms initiated
INFO:comtypes.client._code_cache:Imported existing <module 'comtypes.gen' from 'C:\\Users\\ae-dagbeyibor3\\AppData\\Local\\Programs\\Python\\Python312\\Lib\\site-packages\\comtypes\\gen\\__init__.py'>
INFO:comtypes.client._code_cache:Using writeable comtypes cache directory: 'C:\Users\ae-dagbeyibor3\AppData\Local\Programs\Python\Python312\Lib\site-packages\comtypes\gen'
INFO:root:1723303718.478423,ID:1018,STAGE:2,SEQUENCE:1324,DATA:{'time': 1723303718.473, 'user-id': '1018', 'source': 'HAI Interface', 'destination-index': 'None', 'study-stage': '2', 'decision-state': 0, 'vitals-state': 0, 'airspace-state': 0, 'data': {'page': 'map', 'action': 'selected helipad', 'value': '21'}}
INFO:root:1723303721.135219,ID:1018,STAGE:2,SEQUENCE:1324,DATA:{'time': 1723303721.132, 'user-id': '1018', 'source': 'HAI Interface', 'destination-index': 'None', 'study-stage': '2', 'decision-state': 0, 'vitals-state': 0, 'airspace-state': 0, 'data': {'page': 'location', 'action': 'confirm button pressed'}}
INFO:root:1723303721.365527,ID:1018,STAGE:2,SEQUENCE:1324,DATA:{'time': 1723303721.355, 'user-id': 'none', 'source': 'HAI Interface', 'destination-index': 3, 'study-stage': -1, 'decision-state': 0, 'vitals-state': 0, 'airspace-state': 0, 'data': {'page': 'checklist', 'action': 'opened page', 'inflight': False}}
INFO:root:1723303722.331289,ID:1018,STAGE:2,SEQUENCE:1324,DATA:{'time': 1723303722.327, 'user-id': '1018', 'source': 'HAI Interface', 'destination-index': '3', 'study-stage': '2', 'decision-state': 0, 'vitals-state': 0, 'airspace-state': 0, 'data': {'page': 'map', 'action': 'selected helipad', 'value': '21'}}
INFO:root:1723303722.808794,ID:1018,STAGE:2,SEQUENCE:1324,DATA:{'time': 1723303722.805, 'user-id': '1018', 'source': 'HAI Interface', 'destination-index': '3', 'study-stage': '2', 'decision-state': 0, 'vitals-state': 0, 'airspace-state': 0, 'data': {'page': 'checklist', 'action': 'toggled checkbox', 'inflight': False, 'item': 1, 'value': 'OFF'}}
INFO:root:1723303723.374282,ID:1018,STAGE:2,SEQUENCE:1324,DATA:{'time': 1723303723.371, 'user-id': '1018', 'source': 'HAI Interface', 'destination-index': '3', 'study-stage': '2', 'decision-state': 0, 'vitals-state': 0, 'airspace-state': 0, 'data': {'page': 'checklist', 'action': 'toggled checkbox', 'inflight': False, 'item': 0, 'value': 'OFF'}}
INFO:root:1723303723.756994,ID:1018,STAGE:2,SEQUENCE:1324,DATA:{'time': 1723303723.754, 'user-id': '1018', 'source': 'HAI Interface', 'destination-index': '3', 'study-stage': '2', 'decision-state': 0, 'vitals-state': 0, 'airspace-state': 0, 'data': {'page': 'checklist', 'action': 'toggled checkbox', 'inflight': False, 'item': 2, 'value': 'OFF'}}
INFO:root:1723303723.759323,ID:1018,STAGE:2,SEQUENCE:1324,DATA:{'time': 1723303723.755, 'user-id': '1018', 'source': 'HAI Interface', 'destination-index': '3', 'study-stage': '2', 'decision-state': 0, 'vitals-state': 0, 'airspace-state': 0, 'data': {'page': 'checklist', 'action': 'showing confirm button', 'inflight': False}}
INFO:root:Takeoff radiocomms clear request sent
INFO:root:1723303736.342968,ID:1018,STAGE:2,SEQUENCE:1324,DATA:{'time': 1723303736.34, 'user-id': '1018', 'source': 'HAI Interface', 'destination-index': '3', 'study-stage': '2', 'decision-state': 0, 'vitals-state': 0, 'airspace-state': 0, 'data': {'page': 'checklist', 'action': 'confirm button clicked', 'inflight': False}}
INFO:root:1723303736.447413,ID:1018,STAGE:2,SEQUENCE:1324,DATA:{'time': 1723303736.439, 'user-id': 'none', 'source': 'HAI Interface', 'destination-index': 3, 'study-stage': -1, 'decision-state': 0, 'vitals-state': 0, 'airspace-state': 0, 'data': {'page': 'countdown', 'action': 'opened page'}}
INFO:root:1723303737.421482,ID:1018,STAGE:2,SEQUENCE:1324,DATA:{'time': 1723303737.417, 'user-id': '1018', 'source': 'HAI Interface', 'destination-index': '3', 'study-stage': '2', 'decision-state': 0, 'vitals-state': 0, 'airspace-state': 0, 'data': {'page': 'map', 'action': 'selected helipad', 'value': '21'}}
INFO:root:1723303737.449983,ID:1018,STAGE:2,SEQUENCE:1324,DATA:{'time': 1723303737.446, 'user-id': '1018', 'source': 'HAI Interface', 'destination-index': '3', 'study-stage': '2', 'decision-state': 0, 'vitals-state': 0, 'airspace-state': 0, 'data': {'page': 'countdown', 'action': 'countdown now 4'}}
INFO:root:1723303738.450462,ID:1018,STAGE:2,SEQUENCE:1324,DATA:{'time': 1723303738.446, 'user-id': '1018', 'source': 'HAI Interface', 'destination-index': '3', 'study-stage': '2', 'decision-state': 0, 'vitals-state': 0, 'airspace-state': 0, 'data': {'page': 'countdown', 'action': 'countdown now 3'}}
INFO:root:1723303739.455359,ID:1018,STAGE:2,SEQUENCE:1324,DATA:{'time': 1723303739.45, 'user-id': '1018', 'source': 'HAI Interface', 'destination-index': '3', 'study-stage': '2', 'decision-state': 0, 'vitals-state': 0, 'airspace-state': 0, 'data': {'page': 'countdown', 'action': 'countdown now 2'}}
INFO:root:1723303740.454795,ID:1018,STAGE:2,SEQUENCE:1324,DATA:{'time': 1723303740.449, 'user-id': '1018', 'source': 'HAI Interface', 'destination-index': '3', 'study-stage': '2', 'decision-state': 0, 'vitals-state': 0, 'airspace-state': 0, 'data': {'page': 'countdown', 'action': 'countdown now 1'}}
INFO:root:1723303741.443618,ID:1018,STAGE:2,SEQUENCE:1324,DATA:{'time': 1723303741.44, 'user-id': '1018', 'source': 'HAI Interface', 'destination-index': '3', 'study-stage': '2', 'decision-state': 0, 'vitals-state': 0, 'airspace-state': 0, 'data': {'page': 'countdown', 'action': 'countdown now 0'}}
INFO:root:1723303742.44621,ID:1018,STAGE:2,SEQUENCE:1324,DATA:{'time': 1723303742.442, 'user-id': '1018', 'source': 'HAI Interface', 'destination-index': '3', 'study-stage': '2', 'decision-state': 0, 'vitals-state': 0, 'airspace-state': 0, 'data': {'page': 'countdown', 'action': 'countdown complete'}}
INFO:root:1723303744.225033,ID:1018,STAGE:2,SEQUENCE:1324,DATA:{'time': 1723303744.218, 'user-id': '1018', 'source': 'HAI Interface', 'destination-index': '3', 'study-stage': '2', 'decision-state': 0, 'vitals-state': 0, 'airspace-state': 0, 'data': {'page': 'map', 'action': 'selected helipad', 'value': '21'}}
INFO:root:1723303747.122224,ID:1018,STAGE:2,SEQUENCE:1324,DATA:{'time': 1723303747.117, 'user-id': '1018', 'source': 'HAI Interface', 'destination-index': '3', 'study-stage': '2', 'decision-state': 0, 'vitals-state': 0, 'airspace-state': 0, 'data': {'action': 'radio panel opened'}}
INFO:root:Inflight Radio Update asked
INFO:root:sent request to set radio update complete
INFO:root:1723303752.486038,ID:1018,STAGE:2,SEQUENCE:1324,DATA:{'time': 1723303752.481, 'user-id': '1018', 'source': 'HAI Interface', 'destination-index': '3', 'study-stage': '2', 'decision-state': 0, 'vitals-state': 0, 'airspace-state': 0, 'data': {'action': 'transmit button pressed'}}
INFO:root:1723303752.490548,ID:1018,STAGE:2,SEQUENCE:1324,DATA:{'time': 1723303752.482, 'user-id': '1018', 'source': 'HAI Interface', 'destination-index': '3', 'study-stage': '2', 'decision-state': 0, 'vitals-state': 0, 'airspace-state': 0, 'data': {'action': 'callsign set to: + NASXGS'}}
INFO:root:1723303752.491544,ID:1018,STAGE:2,SEQUENCE:1324,DATA:{'time': 1723303752.482, 'user-id': '1018', 'source': 'HAI Interface', 'destination-index': '3', 'study-stage': '2', 'decision-state': 0, 'vitals-state': 0, 'airspace-state': 0, 'data': {'action': 'radio set to:Comm1'}}
INFO:root:1723303752.492543,ID:1018,STAGE:2,SEQUENCE:1324,DATA:{'time': 1723303752.482, 'user-id': '1018', 'source': 'HAI Interface', 'destination-index': '3', 'study-stage': '2', 'decision-state': 0, 'vitals-state': 0, 'airspace-state': 0, 'data': {'page': 'map', 'action': 'show map'}}
INFO:root:1723303752.495534,ID:1018,STAGE:2,SEQUENCE:1324,DATA:{'time': 1723303752.483, 'user-id': '1018', 'source': 'HAI Interface', 'destination-index': '3', 'study-stage': '2', 'decision-state': 0, 'vitals-state': 0, 'airspace-state': 0, 'data': {'page': 'map', 'action': 'selected helipad', 'value': '21'}}
INFO:root:1723303752.499524,ID:1018,STAGE:2,SEQUENCE:1324,DATA:{'time': 1723303752.487, 'user-id': '1018', 'source': 'HAI Interface', 'destination-index': '3', 'study-stage': '2', 'decision-state': 0, 'vitals-state': 0, 'airspace-state': 0, 'data': {'action': 'NASXGStransmitting updates onComm1123.45 MHz'}}
INFO:root:1723303764.397528,ID:1018,STAGE:2,SEQUENCE:1324,DATA:{'time': 1723303764.392, 'user-id': '1018', 'source': 'HAI Interface', 'destination-index': '3', 'study-stage': '2', 'decision-state': 0, 'vitals-state': 0, 'airspace-state': 0, 'data': {'page': 'map', 'action': 'hide map'}}
INFO:root:1723303796.522656,ID:1018,STAGE:2,SEQUENCE:1324,DATA:{'time': 1723303796.517, 'user-id': '1018', 'source': 'HAI Interface', 'destination-index': '3', 'study-stage': '2', 'decision-state': 0, 'vitals-state': 0, 'airspace-state': 0, 'data': {'page': 'inflight', 'action': 'displaying vitals prompt'}}
INFO:root:1723303801.190253,ID:1018,STAGE:2,SEQUENCE:1324,DATA:{'time': 1723303801.183, 'source': 'VitalsTask', 'timer': 119.586, 'data': {'sensor': 'Heart Rate', 'action': 'capture', 'data': 'action button pressed'}}
INFO:root:1723303801.192098,ID:1018,STAGE:2,SEQUENCE:1324,DATA:{'time': 1723303801.184, 'source': 'VitalsTask', 'timer': 119.587, 'data': {'sensor': 'Heart Rate', 'action': 'capture', 'data': 'starting sensor action'}}
INFO:root:1723303802.205486,ID:1018,STAGE:2,SEQUENCE:1324,DATA:{'time': 1723303802.199, 'source': 'VitalsTask', 'timer': 120.602, 'data': {'sensor': 'Heart Rate', 'action': 'capture', 'data': 'sensor action complete'}}
INFO:root:1723303802.207481,ID:1018,STAGE:2,SEQUENCE:1324,DATA:{'time': 1723303802.2, 'source': 'VitalsTask', 'timer': 120.603, 'data': {'sensor': 'Heart Rate', 'action': 'keypad open'}}
INFO:root:1723303803.205372,ID:1018,STAGE:2,SEQUENCE:1324,DATA:{'time': 1723303803.201, 'source': 'VitalsTask', 'timer': 121.604, 'data': {'sensor': 'Heart Rate', 'action': 'keypad press', 'key': 5, 'value': 5}}
INFO:root:1723303804.292523,ID:1018,STAGE:2,SEQUENCE:1324,DATA:{'time': 1723303804.287, 'source': 'VitalsTask', 'timer': 122.69, 'data': {'sensor': 'Heart Rate', 'action': 'keypad press', 'key': 5, 'value': 55}}
INFO:root:1723303805.39078,ID:1018,STAGE:2,SEQUENCE:1324,DATA:{'time': 1723303805.385, 'source': 'VitalsTask', 'timer': 123.788, 'data': {'sensor': 'Heart Rate', 'action': 'show action buttons'}}
INFO:root:1723303805.392774,ID:1018,STAGE:2,SEQUENCE:1324,DATA:{'time': 1723303805.385, 'source': 'VitalsTask', 'timer': 123.788, 'data': {'sensor': 'Heart Rate', 'action': 'keypad press', 'key': 10, 'value': 55}}
INFO:root:1723303806.128571,ID:1018,STAGE:2,SEQUENCE:1324,DATA:{'time': 1723303806.124, 'source': 'VitalsTask', 'timer': 124.527, 'data': {'sensor': 'Heart Rate', 'action': 'log', 'data': 'action button pressed'}}
INFO:root:1723303806.130383,ID:1018,STAGE:2,SEQUENCE:1324,DATA:{'time': 1723303806.124, 'source': 'VitalsTask', 'timer': 124.527, 'data': {'sensor': 'Heart Rate', 'action': 'log', 'data': 'starting sensor action'}}
INFO:root:1723303807.146972,ID:1018,STAGE:2,SEQUENCE:1324,DATA:{'time': 1723303807.143, 'source': 'VitalsTask', 'timer': 125.546, 'data': {'sensor': 'Heart Rate', 'action': 'log', 'data': 'sensor action complete'}}
INFO:root:1723303808.416204,ID:1018,STAGE:2,SEQUENCE:1324,DATA:{'time': 1723303808.411, 'source': 'VitalsTask', 'timer': 126.814, 'data': {'sensor': 'Heart Rate', 'action': 'save', 'data': 'action button pressed'}}
INFO:root:1723303808.419192,ID:1018,STAGE:2,SEQUENCE:1324,DATA:{'time': 1723303808.411, 'source': 'VitalsTask', 'timer': 126.814, 'data': {'sensor': 'Heart Rate', 'action': 'save', 'data': 'starting sensor action'}}
INFO:root:1723303809.437869,ID:1018,STAGE:2,SEQUENCE:1324,DATA:{'time': 1723303809.431, 'source': 'VitalsTask', 'timer': 127.834, 'data': {'sensor': 'Heart Rate', 'action': 'save', 'data': 'sensor action complete'}}
INFO:root:1723303810.301513,ID:1018,STAGE:2,SEQUENCE:1324,DATA:{'time': 1723303810.296, 'source': 'VitalsTask', 'timer': 128.699, 'data': {'sensor': 'O\u2082 Saturation', 'action': 'opened sensor tab'}}
INFO:root:1723303811.321766,ID:1018,STAGE:2,SEQUENCE:1324,DATA:{'time': 1723303811.316, 'source': 'VitalsTask', 'timer': 129.719, 'data': {'sensor': 'O\u2082 Saturation', 'action': 'capture', 'data': 'action button pressed'}}
INFO:root:1723303811.322765,ID:1018,STAGE:2,SEQUENCE:1324,DATA:{'time': 1723303811.317, 'source': 'VitalsTask', 'timer': 129.72, 'data': {'sensor': 'O\u2082 Saturation', 'action': 'capture', 'data': 'starting sensor action'}}
INFO:root:1723303812.339355,ID:1018,STAGE:2,SEQUENCE:1324,DATA:{'time': 1723303812.334, 'source': 'VitalsTask', 'timer': 130.737, 'data': {'sensor': 'O\u2082 Saturation', 'action': 'capture', 'data': 'sensor action complete'}}
INFO:root:1723303812.34086,ID:1018,STAGE:2,SEQUENCE:1324,DATA:{'time': 1723303812.334, 'source': 'VitalsTask', 'timer': 130.737, 'data': {'sensor': 'O\u2082 Saturation', 'action': 'keypad open'}}
INFO:root:1723303813.139067,ID:1018,STAGE:2,SEQUENCE:1324,DATA:{'time': 1723303813.13, 'source': 'VitalsTask', 'timer': 131.533, 'data': {'sensor': 'O\u2082 Saturation', 'action': 'keypad press', 'key': 1, 'value': 1}}
INFO:root:1723303814.040403,ID:1018,STAGE:2,SEQUENCE:1324,DATA:{'time': 1723303814.035, 'source': 'VitalsTask', 'timer': 132.438, 'data': {'sensor': 'O\u2082 Saturation', 'action': 'keypad press', 'key': 11, 'value': 10}}
INFO:root:1723303814.225116,ID:1018,STAGE:2,SEQUENCE:1324,DATA:{'time': 1723303814.22, 'source': 'VitalsTask', 'timer': 132.623, 'data': {'sensor': 'O\u2082 Saturation', 'action': 'keypad press', 'key': 11, 'value': 100}}
INFO:root:1723303815.566889,ID:1018,STAGE:2,SEQUENCE:1324,DATA:{'time': 1723303815.562, 'source': 'VitalsTask', 'timer': 133.965, 'data': {'sensor': 'O\u2082 Saturation', 'action': 'show action buttons'}}
INFO:root:1723303815.568888,ID:1018,STAGE:2,SEQUENCE:1324,DATA:{'time': 1723303815.563, 'source': 'VitalsTask', 'timer': 133.966, 'data': {'sensor': 'O\u2082 Saturation', 'action': 'keypad press', 'key': 10, 'value': 100}}
INFO:root:1723303818.863668,ID:1018,STAGE:2,SEQUENCE:1324,DATA:{'time': 1723303818.857, 'source': 'VitalsTask', 'timer': 137.26, 'data': {'sensor': 'O\u2082 Saturation', 'action': 'log', 'data': 'action button pressed'}}
INFO:root:1723303818.865663,ID:1018,STAGE:2,SEQUENCE:1324,DATA:{'time': 1723303818.858, 'source': 'VitalsTask', 'timer': 137.261, 'data': {'sensor': 'O\u2082 Saturation', 'action': 'log', 'data': 'starting sensor action'}}
INFO:root:1723303819.875725,ID:1018,STAGE:2,SEQUENCE:1324,DATA:{'time': 1723303819.87, 'source': 'VitalsTask', 'timer': 138.273, 'data': {'sensor': 'O\u2082 Saturation', 'action': 'log', 'data': 'sensor action complete'}}
INFO:root:1723303820.349849,ID:1018,STAGE:2,SEQUENCE:1324,DATA:{'time': 1723303820.345, 'source': 'VitalsTask', 'timer': 138.748, 'data': {'sensor': 'O\u2082 Saturation', 'action': 'save', 'data': 'action button pressed'}}
INFO:root:1723303820.351843,ID:1018,STAGE:2,SEQUENCE:1324,DATA:{'time': 1723303820.345, 'source': 'VitalsTask', 'timer': 138.748, 'data': {'sensor': 'O\u2082 Saturation', 'action': 'save', 'data': 'starting sensor action'}}
INFO:root:1723303821.371217,ID:1018,STAGE:2,SEQUENCE:1324,DATA:{'time': 1723303821.364, 'source': 'VitalsTask', 'timer': 139.767, 'data': {'sensor': 'O\u2082 Saturation', 'action': 'save', 'data': 'sensor action complete'}}
INFO:root:1723303821.662093,ID:1018,STAGE:2,SEQUENCE:1324,DATA:{'time': 1723303821.657, 'source': 'VitalsTask', 'timer': 140.06, 'data': {'sensor': 'Blood Pressure', 'action': 'opened sensor tab'}}
INFO:root:1723303822.726196,ID:1018,STAGE:2,SEQUENCE:1324,DATA:{'time': 1723303822.721, 'source': 'VitalsTask', 'timer': 141.124, 'data': {'sensor': 'Blood Pressure', 'action': 'capture', 'data': 'action button pressed'}}
INFO:root:1723303822.729189,ID:1018,STAGE:2,SEQUENCE:1324,DATA:{'time': 1723303822.722, 'source': 'VitalsTask', 'timer': 141.125, 'data': {'sensor': 'Blood Pressure', 'action': 'capture', 'data': 'starting sensor action'}}
INFO:root:1723303823.742491,ID:1018,STAGE:2,SEQUENCE:1324,DATA:{'time': 1723303823.738, 'source': 'VitalsTask', 'timer': 142.141, 'data': {'sensor': 'Blood Pressure', 'action': 'capture', 'data': 'sensor action complete'}}
INFO:root:1723303823.744491,ID:1018,STAGE:2,SEQUENCE:1324,DATA:{'time': 1723303823.738, 'source': 'VitalsTask', 'timer': 142.141, 'data': {'sensor': 'Blood Pressure', 'action': 'keypad open'}}
INFO:root:1723303824.676732,ID:1018,STAGE:2,SEQUENCE:1324,DATA:{'time': 1723303824.673, 'source': 'VitalsTask', 'timer': 143.076, 'data': {'sensor': 'Blood Pressure', 'action': 'keypad press', 'key': 1, 'value': 1}}
INFO:root:1723303825.200342,ID:1018,STAGE:2,SEQUENCE:1324,DATA:{'time': 1723303825.195, 'source': 'VitalsTask', 'timer': 143.598, 'data': {'sensor': 'Blood Pressure', 'action': 'keypad press', 'key': 2, 'value': 12}}
INFO:root:1723303825.997413,ID:1018,STAGE:2,SEQUENCE:1324,DATA:{'time': 1723303825.992, 'source': 'VitalsTask', 'timer': 144.395, 'data': {'sensor': 'Blood Pressure', 'action': 'keypad press', 'key': 11, 'value': 120}}
INFO:root:1723303828.076365,ID:1018,STAGE:2,SEQUENCE:1324,DATA:{'time': 1723303828.072, 'source': 'VitalsTask', 'timer': 146.475, 'data': {'sensor': 'Blood Pressure', 'action': 'keypad press', 'key': 11, 'value': 1200}}
INFO:root:1723303830.290556,ID:1018,STAGE:2,SEQUENCE:1324,DATA:{'time': 1723303830.286, 'source': 'VitalsTask', 'timer': 148.689, 'data': {'sensor': 'Blood Pressure', 'action': 'keypad press', 'key': 12, 'value': 120}}
INFO:root:1723303831.396236,ID:1018,STAGE:2,SEQUENCE:1324,DATA:{'time': 1723303831.388, 'source': 'VitalsTask', 'timer': 149.791, 'data': {'sensor': 'Blood Pressure', 'action': 'keypad press', 'key': 8, 'value': 1208}}
INFO:root:1723303832.041974,ID:1018,STAGE:2,SEQUENCE:1324,DATA:{'time': 1723303832.037, 'source': 'VitalsTask', 'timer': 150.44, 'data': {'sensor': 'Blood Pressure', 'action': 'keypad press', 'key': 11, 'value': 12080}}
INFO:root:1723303833.429479,ID:1018,STAGE:2,SEQUENCE:1324,DATA:{'time': 1723303833.421, 'source': 'VitalsTask', 'timer': 151.824, 'data': {'sensor': 'Blood Pressure', 'action': 'show action buttons'}}
INFO:root:1723303833.431472,ID:1018,STAGE:2,SEQUENCE:1324,DATA:{'time': 1723303833.422, 'source': 'VitalsTask', 'timer': 151.825, 'data': {'sensor': 'Blood Pressure', 'action': 'keypad press', 'key': 10, 'value': 12080}}
INFO:root:1723303834.727044,ID:1018,STAGE:2,SEQUENCE:1324,DATA:{'time': 1723303834.721, 'source': 'VitalsTask', 'timer': 153.124, 'data': {'sensor': 'Blood Pressure', 'action': 'log', 'data': 'action button pressed'}}
INFO:root:1723303834.72936,ID:1018,STAGE:2,SEQUENCE:1324,DATA:{'time': 1723303834.722, 'source': 'VitalsTask', 'timer': 153.125, 'data': {'sensor': 'Blood Pressure', 'action': 'log', 'data': 'starting sensor action'}}
INFO:root:1723303835.739679,ID:1018,STAGE:2,SEQUENCE:1324,DATA:{'time': 1723303835.733, 'source': 'VitalsTask', 'timer': 154.136, 'data': {'sensor': 'Blood Pressure', 'action': 'log', 'data': 'sensor action complete'}}
INFO:root:1723303836.374341,ID:1018,STAGE:2,SEQUENCE:1324,DATA:{'time': 1723303836.369, 'source': 'VitalsTask', 'timer': 154.772, 'data': {'sensor': 'Blood Pressure', 'action': 'save', 'data': 'action button pressed'}}
INFO:root:1723303836.376418,ID:1018,STAGE:2,SEQUENCE:1324,DATA:{'time': 1723303836.369, 'source': 'VitalsTask', 'timer': 154.772, 'data': {'sensor': 'Blood Pressure', 'action': 'save', 'data': 'starting sensor action'}}
INFO:root:1723303837.387446,ID:1018,STAGE:2,SEQUENCE:1324,DATA:{'time': 1723303837.382, 'source': 'VitalsTask', 'timer': 155.785, 'data': {'sensor': 'Blood Pressure', 'action': 'save', 'data': 'sensor action complete'}}
INFO:root:1723303837.988919,ID:1018,STAGE:2,SEQUENCE:1324,DATA:{'time': 1723303837.984, 'source': 'VitalsTask', 'timer': 156.387, 'data': {'sensor': 'submit', 'action': 'submit'}}
INFO:root:1723303837.990847,ID:1018,STAGE:2,SEQUENCE:1324,DATA:{'time': 1723303837.984, 'source': 'VitalsTask', 'timer': 156.387, 'data': {'sensor': 'submit', 'action': 'submit', 'data': 'submit succeeded'}}
INFO:root:1723303838.514158,ID:1018,STAGE:2,SEQUENCE:1324,DATA:{'time': 1723303838.51, 'user-id': '1018', 'source': 'HAI Interface', 'destination-index': '3', 'study-stage': '2', 'decision-state': 0, 'vitals-state': 0, 'airspace-state': 0, 'data': {'page': 'inflight', 'action': 'user acknowledged vitals prompt'}}
INFO:root:Inflight Radio Update asked
INFO:root:sent request to set radio update complete
INFO:root:1723303850.154001,ID:1018,STAGE:2,SEQUENCE:1324,DATA:{'time': 1723303850.15, 'user-id': '1018', 'source': 'HAI Interface', 'destination-index': '3', 'study-stage': '2', 'decision-state': 0, 'vitals-state': 0, 'airspace-state': 0, 'data': {'action': 'transmit button pressed'}}
INFO:root:1723303850.161017,ID:1018,STAGE:2,SEQUENCE:1324,DATA:{'time': 1723303850.15, 'user-id': '1018', 'source': 'HAI Interface', 'destination-index': '3', 'study-stage': '2', 'decision-state': 0, 'vitals-state': 0, 'airspace-state': 0, 'data': {'action': 'callsign set to: + NASXGS'}}
INFO:root:1723303850.162014,ID:1018,STAGE:2,SEQUENCE:1324,DATA:{'time': 1723303850.151, 'user-id': '1018', 'source': 'HAI Interface', 'destination-index': '3', 'study-stage': '2', 'decision-state': 0, 'vitals-state': 0, 'airspace-state': 0, 'data': {'page': 'map', 'action': 'show map'}}
INFO:root:1723303850.163012,ID:1018,STAGE:2,SEQUENCE:1324,DATA:{'time': 1723303850.151, 'user-id': '1018', 'source': 'HAI Interface', 'destination-index': '3', 'study-stage': '2', 'decision-state': 0, 'vitals-state': 0, 'airspace-state': 0, 'data': {'action': 'radio set to:Comm1'}}
INFO:root:1723303850.164009,ID:1018,STAGE:2,SEQUENCE:1324,DATA:{'time': 1723303850.151, 'user-id': '1018', 'source': 'HAI Interface', 'destination-index': '3', 'study-stage': '2', 'decision-state': 0, 'vitals-state': 0, 'airspace-state': 0, 'data': {'page': 'map', 'action': 'selected helipad', 'value': '21'}}
INFO:root:1723303850.167081,ID:1018,STAGE:2,SEQUENCE:1324,DATA:{'time': 1723303850.155, 'user-id': '1018', 'source': 'HAI Interface', 'destination-index': '3', 'study-stage': '2', 'decision-state': 0, 'vitals-state': 0, 'airspace-state': 0, 'data': {'action': 'NASXGStransmitting updates onComm1123.45 MHz'}}
INFO:root:1723303863.346326,ID:1018,STAGE:2,SEQUENCE:1324,DATA:{'time': 1723303863.343, 'user-id': '1018', 'source': 'HAI Interface', 'destination-index': '3', 'study-stage': '2', 'decision-state': 0, 'vitals-state': 0, 'airspace-state': 0, 'data': {'page': 'map', 'action': 'hide map'}}
INFO:root:1723303895.215268,ID:1018,STAGE:2,SEQUENCE:1324,DATA:{'time': 1723303895.207, 'user-id': '1018', 'source': 'HAI Interface', 'destination-index': '3', 'study-stage': '2', 'decision-state': 0, 'vitals-state': 0, 'airspace-state': 0, 'data': {'page': 'inflight', 'action': 'displaying vitals prompt'}}
INFO:root:1723303899.669843,ID:1018,STAGE:2,SEQUENCE:1324,DATA:{'time': 1723303899.665, 'source': 'VitalsTask', 'timer': 61.68, 'data': {'sensor': 'Heart Rate', 'action': 'opened sensor tab'}}
INFO:root:1723303901.179425,ID:1018,STAGE:2,SEQUENCE:1324,DATA:{'time': 1723303901.173, 'source': 'VitalsTask', 'timer': 63.188, 'data': {'sensor': 'Heart Rate', 'action': 'capture', 'data': 'action button pressed'}}
INFO:root:1723303901.18142,ID:1018,STAGE:2,SEQUENCE:1324,DATA:{'time': 1723303901.173, 'source': 'VitalsTask', 'timer': 63.188, 'data': {'sensor': 'Heart Rate', 'action': 'capture', 'data': 'starting sensor action'}}
INFO:root:1723303902.189171,ID:1018,STAGE:2,SEQUENCE:1324,DATA:{'time': 1723303902.184, 'source': 'VitalsTask', 'timer': 64.199, 'data': {'sensor': 'Heart Rate', 'action': 'capture', 'data': 'sensor action complete'}}
INFO:root:1723303902.191164,ID:1018,STAGE:2,SEQUENCE:1324,DATA:{'time': 1723303902.184, 'source': 'VitalsTask', 'timer': 64.199, 'data': {'sensor': 'Heart Rate', 'action': 'keypad open'}}
INFO:root:1723303902.878858,ID:1018,STAGE:2,SEQUENCE:1324,DATA:{'time': 1723303902.873, 'source': 'VitalsTask', 'timer': 64.888, 'data': {'sensor': 'Heart Rate', 'action': 'keypad press', 'key': 5, 'value': 5}}
INFO:root:1723303903.062535,ID:1018,STAGE:2,SEQUENCE:1324,DATA:{'time': 1723303903.058, 'source': 'VitalsTask', 'timer': 65.073, 'data': {'sensor': 'Heart Rate', 'action': 'keypad press', 'key': 5, 'value': 55}}
INFO:root:1723303904.37513,ID:1018,STAGE:2,SEQUENCE:1324,DATA:{'time': 1723303904.37, 'source': 'VitalsTask', 'timer': 66.385, 'data': {'sensor': 'Heart Rate', 'action': 'show action buttons'}}
INFO:root:1723303904.37881,ID:1018,STAGE:2,SEQUENCE:1324,DATA:{'time': 1723303904.371, 'source': 'VitalsTask', 'timer': 66.386, 'data': {'sensor': 'Heart Rate', 'action': 'keypad press', 'key': 10, 'value': 55}}
INFO:root:1723303905.392822,ID:1018,STAGE:2,SEQUENCE:1324,DATA:{'time': 1723303905.387, 'source': 'VitalsTask', 'timer': 67.402, 'data': {'sensor': 'Heart Rate', 'action': 'log', 'data': 'action button pressed'}}
INFO:root:1723303905.395813,ID:1018,STAGE:2,SEQUENCE:1324,DATA:{'time': 1723303905.387, 'source': 'VitalsTask', 'timer': 67.402, 'data': {'sensor': 'Heart Rate', 'action': 'log', 'data': 'starting sensor action'}}
INFO:root:1723303906.40627,ID:1018,STAGE:2,SEQUENCE:1324,DATA:{'time': 1723303906.4, 'source': 'VitalsTask', 'timer': 68.415, 'data': {'sensor': 'Heart Rate', 'action': 'log', 'data': 'sensor action complete'}}
INFO:root:1723303908.6652,ID:1018,STAGE:2,SEQUENCE:1324,DATA:{'time': 1723303908.656, 'source': 'VitalsTask', 'timer': 70.671, 'data': {'sensor': 'Heart Rate', 'action': 'save', 'data': 'action button pressed'}}
INFO:root:1723303908.667196,ID:1018,STAGE:2,SEQUENCE:1324,DATA:{'time': 1723303908.656, 'source': 'VitalsTask', 'timer': 70.671, 'data': {'sensor': 'Heart Rate', 'action': 'save', 'data': 'starting sensor action'}}
INFO:root:1723303909.675369,ID:1018,STAGE:2,SEQUENCE:1324,DATA:{'time': 1723303909.668, 'source': 'VitalsTask', 'timer': 71.683, 'data': {'sensor': 'Heart Rate', 'action': 'save', 'data': 'sensor action complete'}}
INFO:root:1723303910.545355,ID:1018,STAGE:2,SEQUENCE:1324,DATA:{'time': 1723303910.541, 'source': 'VitalsTask', 'timer': 72.556, 'data': {'sensor': 'O\u2082 Saturation', 'action': 'opened sensor tab'}}
INFO:root:1723303912.096825,ID:1018,STAGE:2,SEQUENCE:1324,DATA:{'time': 1723303912.091, 'source': 'VitalsTask', 'timer': 74.106, 'data': {'sensor': 'O\u2082 Saturation', 'action': 'capture', 'data': 'action button pressed'}}
INFO:root:1723303912.09882,ID:1018,STAGE:2,SEQUENCE:1324,DATA:{'time': 1723303912.091, 'source': 'VitalsTask', 'timer': 74.106, 'data': {'sensor': 'O\u2082 Saturation', 'action': 'capture', 'data': 'starting sensor action'}}
INFO:root:1723303913.106942,ID:1018,STAGE:2,SEQUENCE:1324,DATA:{'time': 1723303913.102, 'source': 'VitalsTask', 'timer': 75.117, 'data': {'sensor': 'O\u2082 Saturation', 'action': 'capture', 'data': 'sensor action complete'}}
INFO:root:1723303913.10794,ID:1018,STAGE:2,SEQUENCE:1324,DATA:{'time': 1723303913.103, 'source': 'VitalsTask', 'timer': 75.118, 'data': {'sensor': 'O\u2082 Saturation', 'action': 'keypad open'}}
INFO:root:1723303914.135477,ID:1018,STAGE:2,SEQUENCE:1324,DATA:{'time': 1723303914.131, 'source': 'VitalsTask', 'timer': 76.146, 'data': {'sensor': 'O\u2082 Saturation', 'action': 'keypad press', 'key': 1, 'value': 1}}
INFO:root:1723303915.543523,ID:1018,STAGE:2,SEQUENCE:1324,DATA:{'time': 1723303915.538, 'source': 'VitalsTask', 'timer': 77.553, 'data': {'sensor': 'O\u2082 Saturation', 'action': 'keypad press', 'key': 11, 'value': 10}}
INFO:root:1723303915.706797,ID:1018,STAGE:2,SEQUENCE:1324,DATA:{'time': 1723303915.701, 'source': 'VitalsTask', 'timer': 77.716, 'data': {'sensor': 'O\u2082 Saturation', 'action': 'keypad press', 'key': 11, 'value': 100}}
INFO:root:1723303916.390817,ID:1018,STAGE:2,SEQUENCE:1324,DATA:{'time': 1723303916.382, 'source': 'VitalsTask', 'timer': 78.397, 'data': {'sensor': 'O\u2082 Saturation', 'action': 'show action buttons'}}
INFO:root:1723303916.391814,ID:1018,STAGE:2,SEQUENCE:1324,DATA:{'time': 1723303916.382, 'source': 'VitalsTask', 'timer': 78.397, 'data': {'sensor': 'O\u2082 Saturation', 'action': 'keypad press', 'key': 10, 'value': 100}}
INFO:root:1723303917.23323,ID:1018,STAGE:2,SEQUENCE:1324,DATA:{'time': 1723303917.229, 'source': 'VitalsTask', 'timer': 79.244, 'data': {'sensor': 'O\u2082 Saturation', 'action': 'log', 'data': 'action button pressed'}}
INFO:root:1723303917.236728,ID:1018,STAGE:2,SEQUENCE:1324,DATA:{'time': 1723303917.229, 'source': 'VitalsTask', 'timer': 79.244, 'data': {'sensor': 'O\u2082 Saturation', 'action': 'log', 'data': 'starting sensor action'}}
INFO:root:1723303918.245814,ID:1018,STAGE:2,SEQUENCE:1324,DATA:{'time': 1723303918.24, 'source': 'VitalsTask', 'timer': 80.255, 'data': {'sensor': 'O\u2082 Saturation', 'action': 'log', 'data': 'sensor action complete'}}
INFO:root:1723303918.638962,ID:1018,STAGE:2,SEQUENCE:1324,DATA:{'time': 1723303918.633, 'source': 'VitalsTask', 'timer': 80.648, 'data': {'sensor': 'O\u2082 Saturation', 'action': 'save', 'data': 'action button pressed'}}
INFO:root:1723303918.63996,ID:1018,STAGE:2,SEQUENCE:1324,DATA:{'time': 1723303918.633, 'source': 'VitalsTask', 'timer': 80.648, 'data': {'sensor': 'O\u2082 Saturation', 'action': 'save', 'data': 'starting sensor action'}}
INFO:root:1723303919.657005,ID:1018,STAGE:2,SEQUENCE:1324,DATA:{'time': 1723303919.65, 'source': 'VitalsTask', 'timer': 81.665, 'data': {'sensor': 'O\u2082 Saturation', 'action': 'save', 'data': 'sensor action complete'}}
INFO:root:1723303920.160915,ID:1018,STAGE:2,SEQUENCE:1324,DATA:{'time': 1723303920.155, 'source': 'VitalsTask', 'timer': 82.17, 'data': {'sensor': 'Blood Pressure', 'action': 'opened sensor tab'}}
INFO:root:1723303921.2637,ID:1018,STAGE:2,SEQUENCE:1324,DATA:{'time': 1723303921.253, 'source': 'VitalsTask', 'timer': 83.268, 'data': {'sensor': 'Blood Pressure', 'action': 'capture', 'data': 'action button pressed'}}
INFO:root:1723303921.264697,ID:1018,STAGE:2,SEQUENCE:1324,DATA:{'time': 1723303921.253, 'source': 'VitalsTask', 'timer': 83.268, 'data': {'sensor': 'Blood Pressure', 'action': 'capture', 'data': 'starting sensor action'}}
INFO:root:1723303922.277863,ID:1018,STAGE:2,SEQUENCE:1324,DATA:{'time': 1723303922.272, 'source': 'VitalsTask', 'timer': 84.287, 'data': {'sensor': 'Blood Pressure', 'action': 'capture', 'data': 'sensor action complete'}}
INFO:root:1723303922.279388,ID:1018,STAGE:2,SEQUENCE:1324,DATA:{'time': 1723303922.273, 'source': 'VitalsTask', 'timer': 84.288, 'data': {'sensor': 'Blood Pressure', 'action': 'keypad open'}}
INFO:root:1723303923.382302,ID:1018,STAGE:2,SEQUENCE:1324,DATA:{'time': 1723303923.377, 'source': 'VitalsTask', 'timer': 85.392, 'data': {'sensor': 'Blood Pressure', 'action': 'keypad press', 'key': 1, 'value': 1}}
INFO:root:1723303923.912819,ID:1018,STAGE:2,SEQUENCE:1324,DATA:{'time': 1723303923.909, 'source': 'VitalsTask', 'timer': 85.924, 'data': {'sensor': 'Blood Pressure', 'action': 'keypad press', 'key': 2, 'value': 12}}
INFO:root:1723303925.002226,ID:1018,STAGE:2,SEQUENCE:1324,DATA:{'time': 1723303924.997, 'source': 'VitalsTask', 'timer': 87.012, 'data': {'sensor': 'Blood Pressure', 'action': 'keypad press', 'key': 11, 'value': 120}}
INFO:root:1723303925.588152,ID:1018,STAGE:2,SEQUENCE:1324,DATA:{'time': 1723303925.582, 'source': 'VitalsTask', 'timer': 87.597, 'data': {'sensor': 'Blood Pressure', 'action': 'keypad press', 'key': 8, 'value': 1208}}
INFO:root:1723303926.125393,ID:1018,STAGE:2,SEQUENCE:1324,DATA:{'time': 1723303926.121, 'source': 'VitalsTask', 'timer': 88.136, 'data': {'sensor': 'Blood Pressure', 'action': 'keypad press', 'key': 11, 'value': 12080}}
INFO:root:1723303926.763929,ID:1018,STAGE:2,SEQUENCE:1324,DATA:{'time': 1723303926.759, 'source': 'VitalsTask', 'timer': 88.774, 'data': {'sensor': 'Blood Pressure', 'action': 'show action buttons'}}
INFO:root:1723303926.764927,ID:1018,STAGE:2,SEQUENCE:1324,DATA:{'time': 1723303926.759, 'source': 'VitalsTask', 'timer': 88.774, 'data': {'sensor': 'Blood Pressure', 'action': 'keypad press', 'key': 10, 'value': 12080}}
INFO:root:1723303927.647821,ID:1018,STAGE:2,SEQUENCE:1324,DATA:{'time': 1723303927.641, 'source': 'VitalsTask', 'timer': 89.656, 'data': {'sensor': 'Blood Pressure', 'action': 'log', 'data': 'action button pressed'}}
INFO:root:1723303927.650051,ID:1018,STAGE:2,SEQUENCE:1324,DATA:{'time': 1723303927.641, 'source': 'VitalsTask', 'timer': 89.656, 'data': {'sensor': 'Blood Pressure', 'action': 'log', 'data': 'starting sensor action'}}
INFO:root:1723303928.659354,ID:1018,STAGE:2,SEQUENCE:1324,DATA:{'time': 1723303928.654, 'source': 'VitalsTask', 'timer': 90.669, 'data': {'sensor': 'Blood Pressure', 'action': 'log', 'data': 'sensor action complete'}}
INFO:root:1723303929.112837,ID:1018,STAGE:2,SEQUENCE:1324,DATA:{'time': 1723303929.105, 'source': 'VitalsTask', 'timer': 91.12, 'data': {'sensor': 'Blood Pressure', 'action': 'save', 'data': 'action button pressed'}}
INFO:root:1723303929.114354,ID:1018,STAGE:2,SEQUENCE:1324,DATA:{'time': 1723303929.105, 'source': 'VitalsTask', 'timer': 91.12, 'data': {'sensor': 'Blood Pressure', 'action': 'save', 'data': 'starting sensor action'}}
INFO:root:1723303930.120805,ID:1018,STAGE:2,SEQUENCE:1324,DATA:{'time': 1723303930.116, 'source': 'VitalsTask', 'timer': 92.131, 'data': {'sensor': 'Blood Pressure', 'action': 'save', 'data': 'sensor action complete'}}
INFO:root:1723303931.585412,ID:1018,STAGE:2,SEQUENCE:1324,DATA:{'time': 1723303931.578, 'source': 'VitalsTask', 'timer': 93.593, 'data': {'sensor': 'submit', 'action': 'submit'}}
INFO:root:1723303931.585412,ID:1018,STAGE:2,SEQUENCE:1324,DATA:{'time': 1723303931.579, 'source': 'VitalsTask', 'timer': 93.594, 'data': {'sensor': 'submit', 'action': 'submit', 'data': 'submit succeeded'}}
INFO:root:1723303933.436332,ID:1018,STAGE:2,SEQUENCE:1324,DATA:{'time': 1723303933.432, 'user-id': '1018', 'source': 'HAI Interface', 'destination-index': '3', 'study-stage': '2', 'decision-state': 0, 'vitals-state': 0, 'airspace-state': 0, 'data': {'page': 'inflight', 'action': 'user acknowledged vitals prompt'}}
INFO:root:Inflight Radio Update asked
INFO:root:sent request to set radio update complete
INFO:root:1723303948.969929,ID:1018,STAGE:2,SEQUENCE:1324,DATA:{'time': 1723303948.966, 'user-id': '1018', 'source': 'HAI Interface', 'destination-index': '3', 'study-stage': '2', 'decision-state': 0, 'vitals-state': 0, 'airspace-state': 0, 'data': {'action': 'transmit button pressed'}}
INFO:root:1723303948.972859,ID:1018,STAGE:2,SEQUENCE:1324,DATA:{'time': 1723303948.966, 'user-id': '1018', 'source': 'HAI Interface', 'destination-index': '3', 'study-stage': '2', 'decision-state': 0, 'vitals-state': 0, 'airspace-state': 0, 'data': {'action': 'callsign set to: + NASXGS'}}
INFO:root:1723303948.974854,ID:1018,STAGE:2,SEQUENCE:1324,DATA:{'time': 1723303948.967, 'user-id': '1018', 'source': 'HAI Interface', 'destination-index': '3', 'study-stage': '2', 'decision-state': 0, 'vitals-state': 0, 'airspace-state': 0, 'data': {'action': 'radio set to:Comm1'}}
INFO:root:1723303948.977845,ID:1018,STAGE:2,SEQUENCE:1324,DATA:{'time': 1723303948.967, 'user-id': '1018', 'source': 'HAI Interface', 'destination-index': '3', 'study-stage': '2', 'decision-state': 0, 'vitals-state': 0, 'airspace-state': 0, 'data': {'page': 'map', 'action': 'show map'}}
INFO:root:1723303948.981837,ID:1018,STAGE:2,SEQUENCE:1324,DATA:{'time': 1723303948.967, 'user-id': '1018', 'source': 'HAI Interface', 'destination-index': '3', 'study-stage': '2', 'decision-state': 0, 'vitals-state': 0, 'airspace-state': 0, 'data': {'page': 'map', 'action': 'selected helipad', 'value': '21'}}
INFO:root:1723303948.98383,ID:1018,STAGE:2,SEQUENCE:1324,DATA:{'time': 1723303948.972, 'user-id': '1018', 'source': 'HAI Interface', 'destination-index': '3', 'study-stage': '2', 'decision-state': 0, 'vitals-state': 0, 'airspace-state': 0, 'data': {'action': 'NASXGStransmitting updates onComm1123.45 MHz'}}
INFO:SimConnect.SimConnect:SIM OPEN
INFO:SimConnect.SimConnect:SIM OPEN
INFO:root:1723303962.25828,ID:1018,STAGE:2,SEQUENCE:1324,DATA:{'time': 1723303962.254, 'user-id': '1018', 'source': 'HAI Interface', 'destination-index': '3', 'study-stage': '2', 'decision-state': 0, 'vitals-state': 0, 'airspace-state': 0, 'data': {'page': 'map', 'action': 'hide map'}}
INFO:root:1723303993.918001,ID:1018,STAGE:2,SEQUENCE:1324,DATA:{'time': 1723303993.914, 'user-id': '1018', 'source': 'HAI Interface', 'destination-index': '3', 'study-stage': '2', 'decision-state': 0, 'vitals-state': 0, 'airspace-state': 0, 'data': {'page': 'inflight', 'action': 'displaying vitals prompt'}}
INFO:root:1723303998.225601,ID:1018,STAGE:2,SEQUENCE:1324,DATA:{'time': 1723303998.216, 'source': 'VitalsTask', 'timer': 66.636, 'data': {'sensor': 'Heart Rate', 'action': 'opened sensor tab'}}
INFO:root:1723303999.59957,ID:1018,STAGE:2,SEQUENCE:1324,DATA:{'time': 1723303999.594, 'source': 'VitalsTask', 'timer': 68.014, 'data': {'sensor': 'Heart Rate', 'action': 'capture', 'data': 'action button pressed'}}
INFO:root:1723303999.603596,ID:1018,STAGE:2,SEQUENCE:1324,DATA:{'time': 1723303999.594, 'source': 'VitalsTask', 'timer': 68.014, 'data': {'sensor': 'Heart Rate', 'action': 'capture', 'data': 'starting sensor action'}}
INFO:root:1723304000.612996,ID:1018,STAGE:2,SEQUENCE:1324,DATA:{'time': 1723304000.608, 'source': 'VitalsTask', 'timer': 69.028, 'data': {'sensor': 'Heart Rate', 'action': 'capture', 'data': 'sensor action complete'}}
INFO:root:1723304000.614991,ID:1018,STAGE:2,SEQUENCE:1324,DATA:{'time': 1723304000.608, 'source': 'VitalsTask', 'timer': 69.028, 'data': {'sensor': 'Heart Rate', 'action': 'keypad open'}}
INFO:root:1723304001.315131,ID:1018,STAGE:2,SEQUENCE:1324,DATA:{'time': 1723304001.309, 'source': 'VitalsTask', 'timer': 69.729, 'data': {'sensor': 'Heart Rate', 'action': 'keypad press', 'key': 5, 'value': 5}}
INFO:root:1723304001.490308,ID:1018,STAGE:2,SEQUENCE:1324,DATA:{'time': 1723304001.484, 'source': 'VitalsTask', 'timer': 69.904, 'data': {'sensor': 'Heart Rate', 'action': 'keypad press', 'key': 5, 'value': 55}}
INFO:root:1723304002.801812,ID:1018,STAGE:2,SEQUENCE:1324,DATA:{'time': 1723304002.794, 'source': 'VitalsTask', 'timer': 71.214, 'data': {'sensor': 'Heart Rate', 'action': 'show action buttons'}}
INFO:root:1723304002.806319,ID:1018,STAGE:2,SEQUENCE:1324,DATA:{'time': 1723304002.795, 'source': 'VitalsTask', 'timer': 71.215, 'data': {'sensor': 'Heart Rate', 'action': 'keypad press', 'key': 10, 'value': 55}}
INFO:root:1723304003.730517,ID:1018,STAGE:2,SEQUENCE:1324,DATA:{'time': 1723304003.72, 'source': 'VitalsTask', 'timer': 72.14, 'data': {'sensor': 'Heart Rate', 'action': 'log', 'data': 'action button pressed'}}
INFO:root:1723304003.733509,ID:1018,STAGE:2,SEQUENCE:1324,DATA:{'time': 1723304003.72, 'source': 'VitalsTask', 'timer': 72.14, 'data': {'sensor': 'Heart Rate', 'action': 'log', 'data': 'starting sensor action'}}
INFO:root:1723304004.743928,ID:1018,STAGE:2,SEQUENCE:1324,DATA:{'time': 1723304004.739, 'source': 'VitalsTask', 'timer': 73.159, 'data': {'sensor': 'Heart Rate', 'action': 'log', 'data': 'sensor action complete'}}
INFO:root:1723304005.776831,ID:1018,STAGE:2,SEQUENCE:1324,DATA:{'time': 1723304005.771, 'source': 'VitalsTask', 'timer': 74.191, 'data': {'sensor': 'Heart Rate', 'action': 'save', 'data': 'action button pressed'}}
INFO:root:1723304005.77863,ID:1018,STAGE:2,SEQUENCE:1324,DATA:{'time': 1723304005.772, 'source': 'VitalsTask', 'timer': 74.192, 'data': {'sensor': 'Heart Rate', 'action': 'save', 'data': 'starting sensor action'}}
INFO:root:1723304006.79176,ID:1018,STAGE:2,SEQUENCE:1324,DATA:{'time': 1723304006.782, 'source': 'VitalsTask', 'timer': 75.202, 'data': {'sensor': 'Heart Rate', 'action': 'save', 'data': 'sensor action complete'}}
INFO:root:1723304007.062094,ID:1018,STAGE:2,SEQUENCE:1324,DATA:{'time': 1723304007.056, 'source': 'VitalsTask', 'timer': 75.476, 'data': {'sensor': 'O\u2082 Saturation', 'action': 'opened sensor tab'}}
INFO:root:1723304008.076385,ID:1018,STAGE:2,SEQUENCE:1324,DATA:{'time': 1723304008.07, 'source': 'VitalsTask', 'timer': 76.49, 'data': {'sensor': 'O\u2082 Saturation', 'action': 'capture', 'data': 'action button pressed'}}
INFO:root:1723304008.077895,ID:1018,STAGE:2,SEQUENCE:1324,DATA:{'time': 1723304008.07, 'source': 'VitalsTask', 'timer': 76.49, 'data': {'sensor': 'O\u2082 Saturation', 'action': 'capture', 'data': 'starting sensor action'}}
INFO:root:1723304009.092512,ID:1018,STAGE:2,SEQUENCE:1324,DATA:{'time': 1723304009.086, 'source': 'VitalsTask', 'timer': 77.506, 'data': {'sensor': 'O\u2082 Saturation', 'action': 'capture', 'data': 'sensor action complete'}}
INFO:root:1723304009.095017,ID:1018,STAGE:2,SEQUENCE:1324,DATA:{'time': 1723304009.086, 'source': 'VitalsTask', 'timer': 77.506, 'data': {'sensor': 'O\u2082 Saturation', 'action': 'keypad open'}}
INFO:root:1723304010.494215,ID:1018,STAGE:2,SEQUENCE:1324,DATA:{'time': 1723304010.49, 'source': 'VitalsTask', 'timer': 78.91, 'data': {'sensor': 'O\u2082 Saturation', 'action': 'keypad press', 'key': 1, 'value': 1}}
INFO:root:1723304011.423392,ID:1018,STAGE:2,SEQUENCE:1324,DATA:{'time': 1723304011.416, 'source': 'VitalsTask', 'timer': 79.836, 'data': {'sensor': 'O\u2082 Saturation', 'action': 'keypad press', 'key': 11, 'value': 10}}
INFO:root:1723304011.590913,ID:1018,STAGE:2,SEQUENCE:1324,DATA:{'time': 1723304011.586, 'source': 'VitalsTask', 'timer': 80.006, 'data': {'sensor': 'O\u2082 Saturation', 'action': 'keypad press', 'key': 11, 'value': 100}}
INFO:root:1723304012.792348,ID:1018,STAGE:2,SEQUENCE:1324,DATA:{'time': 1723304012.783, 'source': 'VitalsTask', 'timer': 81.203, 'data': {'sensor': 'O\u2082 Saturation', 'action': 'show action buttons'}}
INFO:root:1723304012.796281,ID:1018,STAGE:2,SEQUENCE:1324,DATA:{'time': 1723304012.784, 'source': 'VitalsTask', 'timer': 81.204, 'data': {'sensor': 'O\u2082 Saturation', 'action': 'keypad press', 'key': 10, 'value': 100}}
INFO:root:1723304013.817794,ID:1018,STAGE:2,SEQUENCE:1324,DATA:{'time': 1723304013.812, 'source': 'VitalsTask', 'timer': 82.232, 'data': {'sensor': 'O\u2082 Saturation', 'action': 'log', 'data': 'action button pressed'}}
INFO:root:1723304013.820787,ID:1018,STAGE:2,SEQUENCE:1324,DATA:{'time': 1723304013.812, 'source': 'VitalsTask', 'timer': 82.232, 'data': {'sensor': 'O\u2082 Saturation', 'action': 'log', 'data': 'starting sensor action'}}
INFO:root:1723304014.834232,ID:1018,STAGE:2,SEQUENCE:1324,DATA:{'time': 1723304014.828, 'source': 'VitalsTask', 'timer': 83.248, 'data': {'sensor': 'O\u2082 Saturation', 'action': 'log', 'data': 'sensor action complete'}}
INFO:root:1723304015.081876,ID:1018,STAGE:2,SEQUENCE:1324,DATA:{'time': 1723304015.077, 'source': 'VitalsTask', 'timer': 83.497, 'data': {'sensor': 'O\u2082 Saturation', 'action': 'save', 'data': 'action button pressed'}}
INFO:root:1723304015.08343,ID:1018,STAGE:2,SEQUENCE:1324,DATA:{'time': 1723304015.077, 'source': 'VitalsTask', 'timer': 83.497, 'data': {'sensor': 'O\u2082 Saturation', 'action': 'save', 'data': 'starting sensor action'}}
INFO:root:1723304016.098456,ID:1018,STAGE:2,SEQUENCE:1324,DATA:{'time': 1723304016.093, 'source': 'VitalsTask', 'timer': 84.513, 'data': {'sensor': 'O\u2082 Saturation', 'action': 'save', 'data': 'sensor action complete'}}
INFO:root:1723304017.207161,ID:1018,STAGE:2,SEQUENCE:1324,DATA:{'time': 1723304017.202, 'source': 'VitalsTask', 'timer': 85.622, 'data': {'sensor': 'Blood Pressure', 'action': 'opened sensor tab'}}
INFO:root:1723304018.152691,ID:1018,STAGE:2,SEQUENCE:1324,DATA:{'time': 1723304018.146, 'source': 'VitalsTask', 'timer': 86.566, 'data': {'sensor': 'Blood Pressure', 'action': 'capture', 'data': 'action button pressed'}}
INFO:root:1723304018.153688,ID:1018,STAGE:2,SEQUENCE:1324,DATA:{'time': 1723304018.147, 'source': 'VitalsTask', 'timer': 86.567, 'data': {'sensor': 'Blood Pressure', 'action': 'capture', 'data': 'starting sensor action'}}
INFO:root:1723304019.166421,ID:1018,STAGE:2,SEQUENCE:1324,DATA:{'time': 1723304019.161, 'source': 'VitalsTask', 'timer': 87.581, 'data': {'sensor': 'Blood Pressure', 'action': 'capture', 'data': 'sensor action complete'}}
INFO:root:1723304019.167956,ID:1018,STAGE:2,SEQUENCE:1324,DATA:{'time': 1723304019.162, 'source': 'VitalsTask', 'timer': 87.582, 'data': {'sensor': 'Blood Pressure', 'action': 'keypad open'}}
INFO:root:1723304020.028036,ID:1018,STAGE:2,SEQUENCE:1324,DATA:{'time': 1723304020.021, 'source': 'VitalsTask', 'timer': 88.441, 'data': {'sensor': 'Blood Pressure', 'action': 'keypad press', 'key': 1, 'value': 1}}
INFO:root:1723304020.705028,ID:1018,STAGE:2,SEQUENCE:1324,DATA:{'time': 1723304020.697, 'source': 'VitalsTask', 'timer': 89.117, 'data': {'sensor': 'Blood Pressure', 'action': 'keypad press', 'key': 2, 'value': 12}}
INFO:root:1723304021.610876,ID:1018,STAGE:2,SEQUENCE:1324,DATA:{'time': 1723304021.606, 'source': 'VitalsTask', 'timer': 90.026, 'data': {'sensor': 'Blood Pressure', 'action': 'keypad press', 'key': 8, 'value': 128}}
INFO:root:1723304023.947202,ID:1018,STAGE:2,SEQUENCE:1324,DATA:{'time': 1723304023.943, 'source': 'VitalsTask', 'timer': 92.363, 'data': {'sensor': 'Blood Pressure', 'action': 'keypad press', 'key': 12, 'value': 12}}
INFO:root:1723304024.835346,ID:1018,STAGE:2,SEQUENCE:1324,DATA:{'time': 1723304024.829, 'source': 'VitalsTask', 'timer': 93.249, 'data': {'sensor': 'Blood Pressure', 'action': 'keypad press', 'key': 11, 'value': 120}}
INFO:root:1723304026.250243,ID:1018,STAGE:2,SEQUENCE:1324,DATA:{'time': 1723304026.243, 'source': 'VitalsTask', 'timer': 94.663, 'data': {'sensor': 'Blood Pressure', 'action': 'keypad press', 'key': 8, 'value': 1208}}
INFO:root:1723304026.910078,ID:1018,STAGE:2,SEQUENCE:1324,DATA:{'time': 1723304026.903, 'source': 'VitalsTask', 'timer': 95.323, 'data': {'sensor': 'Blood Pressure', 'action': 'keypad press', 'key': 11, 'value': 12080}}
INFO:root:1723304027.935486,ID:1018,STAGE:2,SEQUENCE:1324,DATA:{'time': 1723304027.929, 'source': 'VitalsTask', 'timer': 96.349, 'data': {'sensor': 'Blood Pressure', 'action': 'show action buttons'}}
INFO:root:1723304027.937989,ID:1018,STAGE:2,SEQUENCE:1324,DATA:{'time': 1723304027.93, 'source': 'VitalsTask', 'timer': 96.35, 'data': {'sensor': 'Blood Pressure', 'action': 'keypad press', 'key': 10, 'value': 12080}}
INFO:root:1723304029.780366,ID:1018,STAGE:2,SEQUENCE:1324,DATA:{'time': 1723304029.776, 'source': 'VitalsTask', 'timer': 98.196, 'data': {'sensor': 'Blood Pressure', 'action': 'log', 'data': 'action button pressed'}}
INFO:root:1723304029.784997,ID:1018,STAGE:2,SEQUENCE:1324,DATA:{'time': 1723304029.776, 'source': 'VitalsTask', 'timer': 98.196, 'data': {'sensor': 'Blood Pressure', 'action': 'log', 'data': 'starting sensor action'}}
INFO:root:1723304030.799646,ID:1018,STAGE:2,SEQUENCE:1324,DATA:{'time': 1723304030.795, 'source': 'VitalsTask', 'timer': 99.215, 'data': {'sensor': 'Blood Pressure', 'action': 'log', 'data': 'sensor action complete'}}
INFO:root:1723304031.087847,ID:1018,STAGE:2,SEQUENCE:1324,DATA:{'time': 1723304031.076, 'source': 'VitalsTask', 'timer': 99.496, 'data': {'sensor': 'Blood Pressure', 'action': 'save', 'data': 'action button pressed'}}
INFO:root:1723304031.089765,ID:1018,STAGE:2,SEQUENCE:1324,DATA:{'time': 1723304031.076, 'source': 'VitalsTask', 'timer': 99.496, 'data': {'sensor': 'Blood Pressure', 'action': 'save', 'data': 'starting sensor action'}}
INFO:root:1723304032.102702,ID:1018,STAGE:2,SEQUENCE:1324,DATA:{'time': 1723304032.097, 'source': 'VitalsTask', 'timer': 100.517, 'data': {'sensor': 'Blood Pressure', 'action': 'save', 'data': 'sensor action complete'}}
INFO:root:1723304032.628224,ID:1018,STAGE:2,SEQUENCE:1324,DATA:{'time': 1723304032.622, 'source': 'VitalsTask', 'timer': 101.042, 'data': {'sensor': 'submit', 'action': 'submit'}}
INFO:root:1723304032.631271,ID:1018,STAGE:2,SEQUENCE:1324,DATA:{'time': 1723304032.623, 'source': 'VitalsTask', 'timer': 101.043, 'data': {'sensor': 'submit', 'action': 'submit', 'data': 'submit succeeded'}}
INFO:root:1723304033.125561,ID:1018,STAGE:2,SEQUENCE:1324,DATA:{'time': 1723304033.122, 'user-id': '1018', 'source': 'HAI Interface', 'destination-index': '3', 'study-stage': '2', 'decision-state': 0, 'vitals-state': 0, 'airspace-state': 0, 'data': {'page': 'inflight', 'action': 'user acknowledged vitals prompt'}}
INFO:root:1723304050.473646,ID:1018,STAGE:2,SEQUENCE:1324,DATA:{'time': 1723304050.469, 'user-id': '1018', 'source': 'HAI Interface', 'destination-index': '3', 'study-stage': '2', 'decision-state': 0, 'vitals-state': '1', 'airspace-state': 0, 'data': {'action': 'receive button pressed'}}
INFO:root:1723304050.477642,ID:1018,STAGE:2,SEQUENCE:1324,DATA:{'time': 1723304050.47, 'user-id': '1018', 'source': 'HAI Interface', 'destination-index': '3', 'study-stage': '2', 'decision-state': 0, 'vitals-state': '1', 'airspace-state': 0, 'data': {'action': 'callsign set to:[object Object]'}}
INFO:root:1723304050.484141,ID:1018,STAGE:2,SEQUENCE:1324,DATA:{'time': 1723304050.47, 'user-id': '1018', 'source': 'HAI Interface', 'destination-index': '3', 'study-stage': '2', 'decision-state': 0, 'vitals-state': '1', 'airspace-state': 0, 'data': {'action': 'radio set to:Comm2'}}
INFO:root:1723304050.494114,ID:1018,STAGE:2,SEQUENCE:1324,DATA:{'time': 1723304050.475, 'user-id': '1018', 'source': 'HAI Interface', 'destination-index': '3', 'study-stage': '2', 'decision-state': 0, 'vitals-state': '1', 'airspace-state': 0, 'data': {'action': 'MEDEVACtransmitting onComm2123.45 MHz'}}
INFO:SimConnect.SimConnect:SIM OPEN
INFO:root:Administer medication radio comm initiated
INFO:SimConnect.SimConnect:SIM OPEN
INFO:root:Administer medication radio comm done- command to clear event  make the receive 0 sent 
INFO:root:voice activity detected
INFO:root:recording started
INFO:root:voice deactivity detected
INFO:root:recording stopped
