INFO:root:1723304522.485825,ID:1018,STAGE:4,SEQUENCE:1324,DATA:{'time': 1723304522.483, 'user-id': '1018', 'source': 'HAI Interface', 'destination-index': 'None', 'study-stage': '4', 'decision-state': 0, 'vitals-state': 0, 'airspace-state': 0, 'data': {'page': 'index', 'action': 'confirm button pressed'}}
INFO:root:1723304522.608372,ID:1018,STAGE:4,SEQUENCE:1324,DATA:{'time': 1723304522.598, 'user-id': 'none', 'source': 'HAI Interface', 'destination-index': 3, 'study-stage': -1, 'decision-state': 0, 'vitals-state': 0, 'airspace-state': 0, 'data': {'page': 'location', 'action': 'opened page'}}
INFO:root:1723304523.576213,ID:1018,STAGE:4,SEQUENCE:1324,DATA:{'time': 1723304523.571, 'user-id': '1018', 'source': 'HAI Interface', 'destination-index': 'None', 'study-stage': '4', 'decision-state': 0, 'vitals-state': 0, 'airspace-state': 0, 'data': {'page': 'map', 'action': 'selected helipad', 'value': '21'}}
INFO:root:Takeoff radiocomms initiated
INFO:comtypes.client._code_cache:Imported existing <module 'comtypes.gen' from 'C:\\Users\\ae-dagbeyibor3\\AppData\\Local\\Programs\\Python\\Python312\\Lib\\site-packages\\comtypes\\gen\\__init__.py'>
INFO:comtypes.client._code_cache:Using writeable comtypes cache directory: 'C:\Users\ae-dagbeyibor3\AppData\Local\Programs\Python\Python312\Lib\site-packages\comtypes\gen'
INFO:root:1723304526.83196,ID:1018,STAGE:4,SEQUENCE:1324,DATA:{'time': 1723304526.83, 'user-id': '1018', 'source': 'HAI Interface', 'destination-index': 'None', 'study-stage': '4', 'decision-state': 0, 'vitals-state': 0, 'airspace-state': 0, 'data': {'page': 'location', 'action': 'confirm button pressed'}}
INFO:root:1723304527.092998,ID:1018,STAGE:4,SEQUENCE:1324,DATA:{'time': 1723304527.087, 'user-id': 'none', 'source': 'HAI Interface', 'destination-index': 3, 'study-stage': -1, 'decision-state': 0, 'vitals-state': 0, 'airspace-state': 0, 'data': {'page': 'checklist', 'action': 'opened page', 'inflight': False}}
INFO:root:1723304528.057297,ID:1018,STAGE:4,SEQUENCE:1324,DATA:{'time': 1723304528.054, 'user-id': '1018', 'source': 'HAI Interface', 'destination-index': '3', 'study-stage': '4', 'decision-state': 0, 'vitals-state': 0, 'airspace-state': 0, 'data': {'page': 'map', 'action': 'selected helipad', 'value': '21'}}
INFO:root:Takeoff radiocomms clear request sent
INFO:root:1723304543.046515,ID:1018,STAGE:4,SEQUENCE:1324,DATA:{'time': 1723304543.043, 'user-id': '1018', 'source': 'HAI Interface', 'destination-index': '3', 'study-stage': '4', 'decision-state': 0, 'vitals-state': 0, 'airspace-state': 0, 'data': {'page': 'checklist', 'action': 'toggled checkbox', 'inflight': False, 'item': 0, 'value': 'OFF'}}
INFO:root:1723304543.508532,ID:1018,STAGE:4,SEQUENCE:1324,DATA:{'time': 1723304543.504, 'user-id': '1018', 'source': 'HAI Interface', 'destination-index': '3', 'study-stage': '4', 'decision-state': 0, 'vitals-state': 0, 'airspace-state': 0, 'data': {'page': 'checklist', 'action': 'toggled checkbox', 'inflight': False, 'item': 1, 'value': 'OFF'}}
INFO:root:1723304544.176898,ID:1018,STAGE:4,SEQUENCE:1324,DATA:{'time': 1723304544.174, 'user-id': '1018', 'source': 'HAI Interface', 'destination-index': '3', 'study-stage': '4', 'decision-state': 0, 'vitals-state': 0, 'airspace-state': 0, 'data': {'page': 'checklist', 'action': 'toggled checkbox', 'inflight': False, 'item': 2, 'value': 'OFF'}}
INFO:root:1723304544.178599,ID:1018,STAGE:4,SEQUENCE:1324,DATA:{'time': 1723304544.174, 'user-id': '1018', 'source': 'HAI Interface', 'destination-index': '3', 'study-stage': '4', 'decision-state': 0, 'vitals-state': 0, 'airspace-state': 0, 'data': {'page': 'checklist', 'action': 'showing confirm button', 'inflight': False}}
INFO:root:1723304545.626162,ID:1018,STAGE:4,SEQUENCE:1324,DATA:{'time': 1723304545.622, 'user-id': '1018', 'source': 'HAI Interface', 'destination-index': '3', 'study-stage': '4', 'decision-state': 0, 'vitals-state': 0, 'airspace-state': 0, 'data': {'page': 'checklist', 'action': 'confirm button clicked', 'inflight': False}}
INFO:root:1723304545.72705,ID:1018,STAGE:4,SEQUENCE:1324,DATA:{'time': 1723304545.715, 'user-id': 'none', 'source': 'HAI Interface', 'destination-index': 3, 'study-stage': -1, 'decision-state': 0, 'vitals-state': 0, 'airspace-state': 0, 'data': {'page': 'countdown', 'action': 'opened page'}}
INFO:root:1723304546.68711,ID:1018,STAGE:4,SEQUENCE:1324,DATA:{'time': 1723304546.684, 'user-id': '1018', 'source': 'HAI Interface', 'destination-index': '3', 'study-stage': '4', 'decision-state': 0, 'vitals-state': 0, 'airspace-state': 0, 'data': {'page': 'map', 'action': 'selected helipad', 'value': '21'}}
INFO:root:1723304546.723845,ID:1018,STAGE:4,SEQUENCE:1324,DATA:{'time': 1723304546.721, 'user-id': '1018', 'source': 'HAI Interface', 'destination-index': '3', 'study-stage': '4', 'decision-state': 0, 'vitals-state': 0, 'airspace-state': 0, 'data': {'page': 'countdown', 'action': 'countdown now 4'}}
INFO:root:1723304547.724874,ID:1018,STAGE:4,SEQUENCE:1324,DATA:{'time': 1723304547.721, 'user-id': '1018', 'source': 'HAI Interface', 'destination-index': '3', 'study-stage': '4', 'decision-state': 0, 'vitals-state': 0, 'airspace-state': 0, 'data': {'page': 'countdown', 'action': 'countdown now 3'}}
INFO:root:1723304548.724871,ID:1018,STAGE:4,SEQUENCE:1324,DATA:{'time': 1723304548.721, 'user-id': '1018', 'source': 'HAI Interface', 'destination-index': '3', 'study-stage': '4', 'decision-state': 0, 'vitals-state': 0, 'airspace-state': 0, 'data': {'page': 'countdown', 'action': 'countdown now 2'}}
INFO:root:1723304549.72316,ID:1018,STAGE:4,SEQUENCE:1324,DATA:{'time': 1723304549.721, 'user-id': '1018', 'source': 'HAI Interface', 'destination-index': '3', 'study-stage': '4', 'decision-state': 0, 'vitals-state': 0, 'airspace-state': 0, 'data': {'page': 'countdown', 'action': 'countdown now 1'}}
INFO:root:1723304550.723446,ID:1018,STAGE:4,SEQUENCE:1324,DATA:{'time': 1723304550.721, 'user-id': '1018', 'source': 'HAI Interface', 'destination-index': '3', 'study-stage': '4', 'decision-state': 0, 'vitals-state': 0, 'airspace-state': 0, 'data': {'page': 'countdown', 'action': 'countdown now 0'}}
INFO:root:1723304551.72517,ID:1018,STAGE:4,SEQUENCE:1324,DATA:{'time': 1723304551.721, 'user-id': '1018', 'source': 'HAI Interface', 'destination-index': '3', 'study-stage': '4', 'decision-state': 0, 'vitals-state': 0, 'airspace-state': 0, 'data': {'page': 'countdown', 'action': 'countdown complete'}}
INFO:root:1723304553.556955,ID:1018,STAGE:4,SEQUENCE:1324,DATA:{'time': 1723304553.55, 'user-id': '1018', 'source': 'HAI Interface', 'destination-index': '3', 'study-stage': '4', 'decision-state': 0, 'vitals-state': 0, 'airspace-state': 0, 'data': {'page': 'map', 'action': 'selected helipad', 'value': '21'}}
INFO:root:1723304557.258617,ID:1018,STAGE:4,SEQUENCE:1324,DATA:{'time': 1723304557.252, 'user-id': '1018', 'source': 'HAI Interface', 'destination-index': '3', 'study-stage': '4', 'decision-state': 0, 'vitals-state': 0, 'airspace-state': 0, 'data': {'page': 'emergency', 'action': 'trying to change destination to100'}}
INFO:root:1723304557.874621,ID:1018,STAGE:4,SEQUENCE:1324,DATA:{'time': 1723304557.871, 'user-id': '1018', 'source': 'HAI Interface', 'destination-index': '3', 'study-stage': '4', 'decision-state': 0, 'vitals-state': 0, 'airspace-state': 0, 'data': {'action': 'radio panel opened'}}
INFO:root:Inflight Radio Update asked
INFO:root:sent request to set radio update complete
INFO:root:1723304562.109467,ID:1018,STAGE:4,SEQUENCE:1324,DATA:{'time': 1723304562.104, 'user-id': '1018', 'source': 'HAI Interface', 'destination-index': '3', 'study-stage': '4', 'decision-state': 0, 'vitals-state': 0, 'airspace-state': 0, 'data': {'action': 'transmit button pressed'}}
INFO:root:1723304562.114455,ID:1018,STAGE:4,SEQUENCE:1324,DATA:{'time': 1723304562.105, 'user-id': '1018', 'source': 'HAI Interface', 'destination-index': '3', 'study-stage': '4', 'decision-state': 0, 'vitals-state': 0, 'airspace-state': 0, 'data': {'action': 'callsign set to: + NASXGS'}}
INFO:root:1723304562.117477,ID:1018,STAGE:4,SEQUENCE:1324,DATA:{'time': 1723304562.105, 'user-id': '1018', 'source': 'HAI Interface', 'destination-index': '3', 'study-stage': '4', 'decision-state': 0, 'vitals-state': 0, 'airspace-state': 0, 'data': {'action': 'radio set to:Comm1'}}
INFO:root:1723304562.120477,ID:1018,STAGE:4,SEQUENCE:1324,DATA:{'time': 1723304562.106, 'user-id': '1018', 'source': 'HAI Interface', 'destination-index': '3', 'study-stage': '4', 'decision-state': 0, 'vitals-state': 0, 'airspace-state': 0, 'data': {'page': 'map', 'action': 'show map'}}
INFO:root:1723304562.124467,ID:1018,STAGE:4,SEQUENCE:1324,DATA:{'time': 1723304562.106, 'user-id': '1018', 'source': 'HAI Interface', 'destination-index': '3', 'study-stage': '4', 'decision-state': 0, 'vitals-state': 0, 'airspace-state': 0, 'data': {'page': 'map', 'action': 'selected helipad', 'value': '21'}}
INFO:root:1723304562.127491,ID:1018,STAGE:4,SEQUENCE:1324,DATA:{'time': 1723304562.113, 'user-id': '1018', 'source': 'HAI Interface', 'destination-index': '3', 'study-stage': '4', 'decision-state': 0, 'vitals-state': 0, 'airspace-state': 0, 'data': {'action': 'NASXGStransmitting updates onComm1123.45 MHz'}}
INFO:root:1723304562.278989,ID:1018,STAGE:4,SEQUENCE:1324,DATA:{'time': 1723304562.272, 'user-id': '1018', 'source': 'HAI Interface', 'destination-index': '3', 'study-stage': '4', 'decision-state': 0, 'vitals-state': 0, 'airspace-state': 0, 'data': {'page': 'emergency', 'action': 'trying to change destination to19'}}
INFO:root:1723304567.198435,ID:1018,STAGE:4,SEQUENCE:1324,DATA:{'time': 1723304567.191, 'user-id': '1018', 'source': 'HAI Interface', 'destination-index': '3', 'study-stage': '4', 'decision-state': 0, 'vitals-state': 0, 'airspace-state': 0, 'data': {'page': 'emergency', 'action': 'trying to change destination to19'}}
INFO:root:1723304572.300778,ID:1018,STAGE:4,SEQUENCE:1324,DATA:{'time': 1723304572.294, 'user-id': '1018', 'source': 'HAI Interface', 'destination-index': '3', 'study-stage': '4', 'decision-state': 0, 'vitals-state': 0, 'airspace-state': 0, 'data': {'page': 'emergency', 'action': 'trying to change destination to19'}}
INFO:root:1723304575.630223,ID:1018,STAGE:4,SEQUENCE:1324,DATA:{'time': 1723304575.626, 'user-id': '1018', 'source': 'HAI Interface', 'destination-index': '3', 'study-stage': '4', 'decision-state': 0, 'vitals-state': 0, 'airspace-state': 0, 'data': {'page': 'map', 'action': 'hide map'}}
INFO:root:1723304577.203921,ID:1018,STAGE:4,SEQUENCE:1324,DATA:{'time': 1723304577.199, 'user-id': '1018', 'source': 'HAI Interface', 'destination-index': '3', 'study-stage': '4', 'decision-state': 0, 'vitals-state': 0, 'airspace-state': 0, 'data': {'page': 'emergency', 'action': 'trying to change destination to19'}}
INFO:root:1723304582.216968,ID:1018,STAGE:4,SEQUENCE:1324,DATA:{'time': 1723304582.211, 'user-id': '1018', 'source': 'HAI Interface', 'destination-index': '3', 'study-stage': '4', 'decision-state': 0, 'vitals-state': 0, 'airspace-state': 0, 'data': {'page': 'emergency', 'action': 'trying to change destination to19'}}
INFO:root:1723304587.216674,ID:1018,STAGE:4,SEQUENCE:1324,DATA:{'time': 1723304587.211, 'user-id': '1018', 'source': 'HAI Interface', 'destination-index': '3', 'study-stage': '4', 'decision-state': 0, 'vitals-state': 0, 'airspace-state': 0, 'data': {'page': 'emergency', 'action': 'trying to change destination to19'}}
INFO:root:1723304592.204435,ID:1018,STAGE:4,SEQUENCE:1324,DATA:{'time': 1723304592.198, 'user-id': '1018', 'source': 'HAI Interface', 'destination-index': '3', 'study-stage': '4', 'decision-state': 0, 'vitals-state': 0, 'airspace-state': 0, 'data': {'page': 'emergency', 'action': 'trying to change destination to19'}}
INFO:root:1723304597.256877,ID:1018,STAGE:4,SEQUENCE:1324,DATA:{'time': 1723304597.251, 'user-id': '1018', 'source': 'HAI Interface', 'destination-index': '3', 'study-stage': '4', 'decision-state': 0, 'vitals-state': 0, 'airspace-state': 0, 'data': {'page': 'emergency', 'action': 'trying to change destination to19'}}
INFO:root:1723304602.22726,ID:1018,STAGE:4,SEQUENCE:1324,DATA:{'time': 1723304602.221, 'user-id': '1018', 'source': 'HAI Interface', 'destination-index': '3', 'study-stage': '4', 'decision-state': 0, 'vitals-state': 0, 'airspace-state': 0, 'data': {'page': 'emergency', 'action': 'trying to change destination to19'}}
INFO:root:1723304605.508922,ID:1018,STAGE:4,SEQUENCE:1324,DATA:{'time': 1723304605.504, 'user-id': '1018', 'source': 'HAI Interface', 'destination-index': '3', 'study-stage': '4', 'decision-state': 0, 'vitals-state': 0, 'airspace-state': 0, 'data': {'page': 'inflight', 'action': 'displaying vitals prompt'}}
INFO:root:1723304607.313135,ID:1018,STAGE:4,SEQUENCE:1324,DATA:{'time': 1723304607.308, 'user-id': '1018', 'source': 'HAI Interface', 'destination-index': '3', 'study-stage': '4', 'decision-state': 0, 'vitals-state': 0, 'airspace-state': 0, 'data': {'page': 'emergency', 'action': 'trying to change destination to19'}}
INFO:root:1723304610.924302,ID:1018,STAGE:4,SEQUENCE:1324,DATA:{'time': 1723304610.919, 'source': 'VitalsTask', 'timer': 172.834, 'data': {'sensor': 'Heart Rate', 'action': 'capture', 'data': 'action button pressed'}}
INFO:root:1723304610.925299,ID:1018,STAGE:4,SEQUENCE:1324,DATA:{'time': 1723304610.92, 'source': 'VitalsTask', 'timer': 172.835, 'data': {'sensor': 'Heart Rate', 'action': 'capture', 'data': 'starting sensor action'}}
INFO:root:1723304611.940328,ID:1018,STAGE:4,SEQUENCE:1324,DATA:{'time': 1723304611.934, 'source': 'VitalsTask', 'timer': 173.849, 'data': {'sensor': 'Heart Rate', 'action': 'capture', 'data': 'sensor action complete'}}
INFO:root:1723304611.942323,ID:1018,STAGE:4,SEQUENCE:1324,DATA:{'time': 1723304611.935, 'source': 'VitalsTask', 'timer': 173.85, 'data': {'sensor': 'Heart Rate', 'action': 'keypad open'}}
INFO:root:1723304612.302453,ID:1018,STAGE:4,SEQUENCE:1324,DATA:{'time': 1723304612.296, 'user-id': '1018', 'source': 'HAI Interface', 'destination-index': '3', 'study-stage': '4', 'decision-state': 0, 'vitals-state': 0, 'airspace-state': 0, 'data': {'page': 'emergency', 'action': 'trying to change destination to19'}}
INFO:SimConnect.SimConnect:SIM OPEN
INFO:root:1723304613.381052,ID:1018,STAGE:4,SEQUENCE:1324,DATA:{'time': 1723304613.376, 'source': 'VitalsTask', 'timer': 175.291, 'data': {'sensor': 'Heart Rate', 'action': 'keypad press', 'key': 5, 'value': 5}}
INFO:root:1723304613.591627,ID:1018,STAGE:4,SEQUENCE:1324,DATA:{'time': 1723304613.587, 'source': 'VitalsTask', 'timer': 175.502, 'data': {'sensor': 'Heart Rate', 'action': 'keypad press', 'key': 5, 'value': 55}}
INFO:root:1723304614.62787,ID:1018,STAGE:4,SEQUENCE:1324,DATA:{'time': 1723304614.623, 'source': 'VitalsTask', 'timer': 176.538, 'data': {'sensor': 'Heart Rate', 'action': 'show action buttons'}}
INFO:root:1723304614.631857,ID:1018,STAGE:4,SEQUENCE:1324,DATA:{'time': 1723304614.624, 'source': 'VitalsTask', 'timer': 176.539, 'data': {'sensor': 'Heart Rate', 'action': 'keypad press', 'key': 10, 'value': 55}}
INFO:root:1723304615.421971,ID:1018,STAGE:4,SEQUENCE:1324,DATA:{'time': 1723304615.417, 'source': 'VitalsTask', 'timer': 177.332, 'data': {'sensor': 'Heart Rate', 'action': 'log', 'data': 'action button pressed'}}
INFO:root:1723304615.424867,ID:1018,STAGE:4,SEQUENCE:1324,DATA:{'time': 1723304615.418, 'source': 'VitalsTask', 'timer': 177.333, 'data': {'sensor': 'Heart Rate', 'action': 'log', 'data': 'starting sensor action'}}
INFO:root:1723304616.435661,ID:1018,STAGE:4,SEQUENCE:1324,DATA:{'time': 1723304616.431, 'source': 'VitalsTask', 'timer': 178.346, 'data': {'sensor': 'Heart Rate', 'action': 'log', 'data': 'sensor action complete'}}
INFO:root:1723304617.333797,ID:1018,STAGE:4,SEQUENCE:1324,DATA:{'time': 1723304617.326, 'user-id': '1018', 'source': 'HAI Interface', 'destination-index': '3', 'study-stage': '4', 'decision-state': 0, 'vitals-state': 0, 'airspace-state': 0, 'data': {'page': 'emergency', 'action': 'trying to change destination to19'}}
INFO:root:1723304617.549389,ID:1018,STAGE:4,SEQUENCE:1324,DATA:{'time': 1723304617.544, 'source': 'VitalsTask', 'timer': 179.459, 'data': {'sensor': 'Heart Rate', 'action': 'save', 'data': 'action button pressed'}}
INFO:root:1723304617.552381,ID:1018,STAGE:4,SEQUENCE:1324,DATA:{'time': 1723304617.544, 'source': 'VitalsTask', 'timer': 179.459, 'data': {'sensor': 'Heart Rate', 'action': 'save', 'data': 'starting sensor action'}}
INFO:root:1723304618.563934,ID:1018,STAGE:4,SEQUENCE:1324,DATA:{'time': 1723304618.557, 'source': 'VitalsTask', 'timer': 180.472, 'data': {'sensor': 'Heart Rate', 'action': 'save', 'data': 'sensor action complete'}}
INFO:root:1723304619.784905,ID:1018,STAGE:4,SEQUENCE:1324,DATA:{'time': 1723304619.78, 'source': 'VitalsTask', 'timer': 181.695, 'data': {'sensor': 'O\u2082 Saturation', 'action': 'opened sensor tab'}}
INFO:root:1723304620.835726,ID:1018,STAGE:4,SEQUENCE:1324,DATA:{'time': 1723304620.831, 'source': 'VitalsTask', 'timer': 182.746, 'data': {'sensor': 'O\u2082 Saturation', 'action': 'capture', 'data': 'action button pressed'}}
INFO:root:1723304620.836724,ID:1018,STAGE:4,SEQUENCE:1324,DATA:{'time': 1723304620.831, 'source': 'VitalsTask', 'timer': 182.746, 'data': {'sensor': 'O\u2082 Saturation', 'action': 'capture', 'data': 'starting sensor action'}}
INFO:root:1723304621.851668,ID:1018,STAGE:4,SEQUENCE:1324,DATA:{'time': 1723304621.847, 'source': 'VitalsTask', 'timer': 183.762, 'data': {'sensor': 'O\u2082 Saturation', 'action': 'capture', 'data': 'sensor action complete'}}
INFO:root:1723304621.854253,ID:1018,STAGE:4,SEQUENCE:1324,DATA:{'time': 1723304621.848, 'source': 'VitalsTask', 'timer': 183.763, 'data': {'sensor': 'O\u2082 Saturation', 'action': 'keypad open'}}
INFO:root:1723304622.298168,ID:1018,STAGE:4,SEQUENCE:1324,DATA:{'time': 1723304622.292, 'user-id': '1018', 'source': 'HAI Interface', 'destination-index': '3', 'study-stage': '4', 'decision-state': 0, 'vitals-state': 0, 'airspace-state': 0, 'data': {'page': 'emergency', 'action': 'trying to change destination to19'}}
INFO:root:1723304624.074081,ID:1018,STAGE:4,SEQUENCE:1324,DATA:{'time': 1723304624.067, 'source': 'VitalsTask', 'timer': 185.982, 'data': {'sensor': 'O\u2082 Saturation', 'action': 'keypad press', 'key': 1, 'value': 1}}
INFO:root:1723304625.092964,ID:1018,STAGE:4,SEQUENCE:1324,DATA:{'time': 1723304625.086, 'source': 'VitalsTask', 'timer': 187.001, 'data': {'sensor': 'O\u2082 Saturation', 'action': 'keypad press', 'key': 11, 'value': 10}}
INFO:root:1723304626.315545,ID:1018,STAGE:4,SEQUENCE:1324,DATA:{'time': 1723304626.305, 'source': 'VitalsTask', 'timer': 188.22, 'data': {'sensor': 'O\u2082 Saturation', 'action': 'keypad press', 'key': 11, 'value': 100}}
INFO:root:1723304626.993948,ID:1018,STAGE:4,SEQUENCE:1324,DATA:{'time': 1723304626.985, 'source': 'VitalsTask', 'timer': 188.9, 'data': {'sensor': 'O\u2082 Saturation', 'action': 'show action buttons'}}
INFO:root:1723304626.997042,ID:1018,STAGE:4,SEQUENCE:1324,DATA:{'time': 1723304626.985, 'source': 'VitalsTask', 'timer': 188.9, 'data': {'sensor': 'O\u2082 Saturation', 'action': 'keypad press', 'key': 10, 'value': 100}}
INFO:root:1723304627.358488,ID:1018,STAGE:4,SEQUENCE:1324,DATA:{'time': 1723304627.351, 'user-id': '1018', 'source': 'HAI Interface', 'destination-index': '3', 'study-stage': '4', 'decision-state': 0, 'vitals-state': 0, 'airspace-state': 0, 'data': {'page': 'emergency', 'action': 'trying to change destination to19'}}
INFO:root:1723304628.225078,ID:1018,STAGE:4,SEQUENCE:1324,DATA:{'time': 1723304628.219, 'source': 'VitalsTask', 'timer': 190.134, 'data': {'sensor': 'O\u2082 Saturation', 'action': 'log', 'data': 'action button pressed'}}
INFO:root:1723304628.228795,ID:1018,STAGE:4,SEQUENCE:1324,DATA:{'time': 1723304628.219, 'source': 'VitalsTask', 'timer': 190.134, 'data': {'sensor': 'O\u2082 Saturation', 'action': 'log', 'data': 'starting sensor action'}}
INFO:root:1723304629.237448,ID:1018,STAGE:4,SEQUENCE:1324,DATA:{'time': 1723304629.232, 'source': 'VitalsTask', 'timer': 191.147, 'data': {'sensor': 'O\u2082 Saturation', 'action': 'log', 'data': 'sensor action complete'}}
INFO:root:1723304630.390717,ID:1018,STAGE:4,SEQUENCE:1324,DATA:{'time': 1723304630.383, 'source': 'VitalsTask', 'timer': 192.298, 'data': {'sensor': 'O\u2082 Saturation', 'action': 'save', 'data': 'action button pressed'}}
INFO:root:1723304630.391714,ID:1018,STAGE:4,SEQUENCE:1324,DATA:{'time': 1723304630.383, 'source': 'VitalsTask', 'timer': 192.298, 'data': {'sensor': 'O\u2082 Saturation', 'action': 'save', 'data': 'starting sensor action'}}
INFO:root:1723304631.408309,ID:1018,STAGE:4,SEQUENCE:1324,DATA:{'time': 1723304631.403, 'source': 'VitalsTask', 'timer': 193.318, 'data': {'sensor': 'O\u2082 Saturation', 'action': 'save', 'data': 'sensor action complete'}}
INFO:root:1723304632.25759,ID:1018,STAGE:4,SEQUENCE:1324,DATA:{'time': 1723304632.251, 'user-id': '1018', 'source': 'HAI Interface', 'destination-index': '3', 'study-stage': '4', 'decision-state': 0, 'vitals-state': 0, 'airspace-state': 0, 'data': {'page': 'emergency', 'action': 'trying to change destination to19'}}
INFO:root:1723304633.270896,ID:1018,STAGE:4,SEQUENCE:1324,DATA:{'time': 1723304633.266, 'source': 'VitalsTask', 'timer': 195.181, 'data': {'sensor': 'Blood Pressure', 'action': 'opened sensor tab'}}
INFO:root:1723304634.782037,ID:1018,STAGE:4,SEQUENCE:1324,DATA:{'time': 1723304634.777, 'source': 'VitalsTask', 'timer': 196.692, 'data': {'sensor': 'Blood Pressure', 'action': 'capture', 'data': 'action button pressed'}}
INFO:root:1723304634.784031,ID:1018,STAGE:4,SEQUENCE:1324,DATA:{'time': 1723304634.777, 'source': 'VitalsTask', 'timer': 196.692, 'data': {'sensor': 'Blood Pressure', 'action': 'capture', 'data': 'starting sensor action'}}
INFO:root:1723304635.795085,ID:1018,STAGE:4,SEQUENCE:1324,DATA:{'time': 1723304635.79, 'source': 'VitalsTask', 'timer': 197.705, 'data': {'sensor': 'Blood Pressure', 'action': 'capture', 'data': 'sensor action complete'}}
INFO:root:1723304635.796177,ID:1018,STAGE:4,SEQUENCE:1324,DATA:{'time': 1723304635.791, 'source': 'VitalsTask', 'timer': 197.706, 'data': {'sensor': 'Blood Pressure', 'action': 'keypad open'}}
INFO:root:1723304637.268606,ID:1018,STAGE:4,SEQUENCE:1324,DATA:{'time': 1723304637.263, 'user-id': '1018', 'source': 'HAI Interface', 'destination-index': '3', 'study-stage': '4', 'decision-state': 0, 'vitals-state': 0, 'airspace-state': 0, 'data': {'page': 'emergency', 'action': 'trying to change destination to19'}}
INFO:root:1723304637.55407,ID:1018,STAGE:4,SEQUENCE:1324,DATA:{'time': 1723304637.55, 'source': 'VitalsTask', 'timer': 199.465, 'data': {'sensor': 'Blood Pressure', 'action': 'keypad press', 'key': 1, 'value': 1}}
INFO:root:1723304638.626961,ID:1018,STAGE:4,SEQUENCE:1324,DATA:{'time': 1723304638.623, 'source': 'VitalsTask', 'timer': 200.538, 'data': {'sensor': 'Blood Pressure', 'action': 'keypad press', 'key': 2, 'value': 12}}
INFO:root:1723304640.459091,ID:1018,STAGE:4,SEQUENCE:1324,DATA:{'time': 1723304640.455, 'source': 'VitalsTask', 'timer': 202.37, 'data': {'sensor': 'Blood Pressure', 'action': 'keypad press', 'key': 11, 'value': 120}}
INFO:root:1723304641.955617,ID:1018,STAGE:4,SEQUENCE:1324,DATA:{'time': 1723304641.951, 'source': 'VitalsTask', 'timer': 203.866, 'data': {'sensor': 'Blood Pressure', 'action': 'keypad press', 'key': 8, 'value': 1208}}
INFO:root:1723304642.219233,ID:1018,STAGE:4,SEQUENCE:1324,DATA:{'time': 1723304642.212, 'user-id': '1018', 'source': 'HAI Interface', 'destination-index': '3', 'study-stage': '4', 'decision-state': 0, 'vitals-state': 0, 'airspace-state': 0, 'data': {'page': 'emergency', 'action': 'trying to change destination to19'}}
INFO:root:1723304642.944355,ID:1018,STAGE:4,SEQUENCE:1324,DATA:{'time': 1723304642.939, 'source': 'VitalsTask', 'timer': 204.854, 'data': {'sensor': 'Blood Pressure', 'action': 'keypad press', 'key': 11, 'value': 12080}}
INFO:root:1723304643.803133,ID:1018,STAGE:4,SEQUENCE:1324,DATA:{'time': 1723304643.799, 'source': 'VitalsTask', 'timer': 205.714, 'data': {'sensor': 'Blood Pressure', 'action': 'show action buttons'}}
INFO:root:1723304643.806126,ID:1018,STAGE:4,SEQUENCE:1324,DATA:{'time': 1723304643.799, 'source': 'VitalsTask', 'timer': 205.714, 'data': {'sensor': 'Blood Pressure', 'action': 'keypad press', 'key': 10, 'value': 12080}}
INFO:root:1723304645.123847,ID:1018,STAGE:4,SEQUENCE:1324,DATA:{'time': 1723304645.12, 'source': 'VitalsTask', 'timer': 207.035, 'data': {'sensor': 'Blood Pressure', 'action': 'log', 'data': 'action button pressed'}}
INFO:root:1723304645.12605,ID:1018,STAGE:4,SEQUENCE:1324,DATA:{'time': 1723304645.12, 'source': 'VitalsTask', 'timer': 207.035, 'data': {'sensor': 'Blood Pressure', 'action': 'log', 'data': 'starting sensor action'}}
INFO:root:1723304646.137643,ID:1018,STAGE:4,SEQUENCE:1324,DATA:{'time': 1723304646.132, 'source': 'VitalsTask', 'timer': 208.047, 'data': {'sensor': 'Blood Pressure', 'action': 'log', 'data': 'sensor action complete'}}
INFO:root:1723304646.547057,ID:1018,STAGE:4,SEQUENCE:1324,DATA:{'time': 1723304646.541, 'source': 'VitalsTask', 'timer': 208.456, 'data': {'sensor': 'Blood Pressure', 'action': 'save', 'data': 'action button pressed'}}
INFO:root:1723304646.550067,ID:1018,STAGE:4,SEQUENCE:1324,DATA:{'time': 1723304646.542, 'source': 'VitalsTask', 'timer': 208.457, 'data': {'sensor': 'Blood Pressure', 'action': 'save', 'data': 'starting sensor action'}}
INFO:root:1723304647.30417,ID:1018,STAGE:4,SEQUENCE:1324,DATA:{'time': 1723304647.293, 'user-id': '1018', 'source': 'HAI Interface', 'destination-index': '3', 'study-stage': '4', 'decision-state': 0, 'vitals-state': 0, 'airspace-state': 0, 'data': {'page': 'emergency', 'action': 'trying to change destination to19'}}
INFO:root:1723304647.561717,ID:1018,STAGE:4,SEQUENCE:1324,DATA:{'time': 1723304647.557, 'source': 'VitalsTask', 'timer': 209.472, 'data': {'sensor': 'Blood Pressure', 'action': 'save', 'data': 'sensor action complete'}}
INFO:root:1723304648.836039,ID:1018,STAGE:4,SEQUENCE:1324,DATA:{'time': 1723304648.831, 'source': 'VitalsTask', 'timer': 210.746, 'data': {'sensor': 'submit', 'action': 'submit'}}
INFO:root:1723304648.838034,ID:1018,STAGE:4,SEQUENCE:1324,DATA:{'time': 1723304648.831, 'source': 'VitalsTask', 'timer': 210.746, 'data': {'sensor': 'submit', 'action': 'submit', 'data': 'submit succeeded'}}
INFO:root:1723304650.82323,ID:1018,STAGE:4,SEQUENCE:1324,DATA:{'time': 1723304650.819, 'user-id': '1018', 'source': 'HAI Interface', 'destination-index': '3', 'study-stage': '4', 'decision-state': 0, 'vitals-state': 0, 'airspace-state': 0, 'data': {'page': 'inflight', 'action': 'user acknowledged vitals prompt'}}
INFO:root:1723304652.298721,ID:1018,STAGE:4,SEQUENCE:1324,DATA:{'time': 1723304652.291, 'user-id': '1018', 'source': 'HAI Interface', 'destination-index': '3', 'study-stage': '4', 'decision-state': 0, 'vitals-state': 0, 'airspace-state': 0, 'data': {'page': 'emergency', 'action': 'trying to change destination to19'}}
INFO:root:1723304657.368508,ID:1018,STAGE:4,SEQUENCE:1324,DATA:{'time': 1723304657.324, 'user-id': '1018', 'source': 'HAI Interface', 'destination-index': '3', 'study-stage': '4', 'decision-state': 0, 'vitals-state': 0, 'airspace-state': 0, 'data': {'page': 'emergency', 'action': 'trying to change destination to19'}}
INFO:root:1723304657.986461,ID:1018,STAGE:4,SEQUENCE:1324,DATA:{'time': 1723304657.982, 'user-id': '1018', 'source': 'HAI Interface', 'destination-index': '3', 'study-stage': '4', 'decision-state': 0, 'vitals-state': 0, 'airspace-state': 0, 'data': {'action': 'transmit button pressed'}}
INFO:root:1723304657.991512,ID:1018,STAGE:4,SEQUENCE:1324,DATA:{'time': 1723304657.983, 'user-id': '1018', 'source': 'HAI Interface', 'destination-index': '3', 'study-stage': '4', 'decision-state': 0, 'vitals-state': 0, 'airspace-state': 0, 'data': {'action': 'callsign set to: + NASXGS'}}
INFO:root:1723304657.992508,ID:1018,STAGE:4,SEQUENCE:1324,DATA:{'time': 1723304657.983, 'user-id': '1018', 'source': 'HAI Interface', 'destination-index': '3', 'study-stage': '4', 'decision-state': 0, 'vitals-state': 0, 'airspace-state': 0, 'data': {'action': 'radio set to:Comm1'}}
INFO:root:1723304658.005983,ID:1018,STAGE:4,SEQUENCE:1324,DATA:{'time': 1723304657.983, 'user-id': '1018', 'source': 'HAI Interface', 'destination-index': '3', 'study-stage': '4', 'decision-state': 0, 'vitals-state': 0, 'airspace-state': 0, 'data': {'page': 'map', 'action': 'show map'}}
INFO:root:1723304658.008976,ID:1018,STAGE:4,SEQUENCE:1324,DATA:{'time': 1723304657.983, 'user-id': '1018', 'source': 'HAI Interface', 'destination-index': '3', 'study-stage': '4', 'decision-state': 0, 'vitals-state': 0, 'airspace-state': 0, 'data': {'page': 'map', 'action': 'selected helipad', 'value': '21'}}
INFO:root:1723304658.012483,ID:1018,STAGE:4,SEQUENCE:1324,DATA:{'time': 1723304657.989, 'user-id': '1018', 'source': 'HAI Interface', 'destination-index': '3', 'study-stage': '4', 'decision-state': 0, 'vitals-state': 0, 'airspace-state': 0, 'data': {'action': 'NASXGStransmitting updates onComm1123.45 MHz'}}
INFO:root:Inflight Radio Update asked
INFO:root:sent request to set radio update complete
INFO:root:1723304662.291161,ID:1018,STAGE:4,SEQUENCE:1324,DATA:{'time': 1723304662.286, 'user-id': '1018', 'source': 'HAI Interface', 'destination-index': '3', 'study-stage': '4', 'decision-state': 0, 'vitals-state': 0, 'airspace-state': 0, 'data': {'page': 'emergency', 'action': 'trying to change destination to19'}}
INFO:root:1723304667.360249,ID:1018,STAGE:4,SEQUENCE:1324,DATA:{'time': 1723304667.348, 'user-id': '1018', 'source': 'HAI Interface', 'destination-index': '3', 'study-stage': '4', 'decision-state': 0, 'vitals-state': 0, 'airspace-state': 0, 'data': {'page': 'emergency', 'action': 'trying to change destination to19'}}
INFO:root:1723304670.81824,ID:1018,STAGE:4,SEQUENCE:1324,DATA:{'time': 1723304670.814, 'user-id': '1018', 'source': 'HAI Interface', 'destination-index': '3', 'study-stage': '4', 'decision-state': 0, 'vitals-state': 0, 'airspace-state': 0, 'data': {'page': 'map', 'action': 'hide map'}}
INFO:root:1723304672.352571,ID:1018,STAGE:4,SEQUENCE:1324,DATA:{'time': 1723304672.343, 'user-id': '1018', 'source': 'HAI Interface', 'destination-index': '3', 'study-stage': '4', 'decision-state': 0, 'vitals-state': 0, 'airspace-state': 0, 'data': {'page': 'emergency', 'action': 'trying to change destination to19'}}
INFO:root:1723304677.359614,ID:1018,STAGE:4,SEQUENCE:1324,DATA:{'time': 1723304677.347, 'user-id': '1018', 'source': 'HAI Interface', 'destination-index': '3', 'study-stage': '4', 'decision-state': 0, 'vitals-state': 0, 'airspace-state': 0, 'data': {'page': 'emergency', 'action': 'trying to change destination to19'}}
INFO:root:1723304682.305601,ID:1018,STAGE:4,SEQUENCE:1324,DATA:{'time': 1723304682.297, 'user-id': '1018', 'source': 'HAI Interface', 'destination-index': '3', 'study-stage': '4', 'decision-state': 0, 'vitals-state': 0, 'airspace-state': 0, 'data': {'page': 'emergency', 'action': 'trying to change destination to19'}}
INFO:root:1723304687.319466,ID:1018,STAGE:4,SEQUENCE:1324,DATA:{'time': 1723304687.31, 'user-id': '1018', 'source': 'HAI Interface', 'destination-index': '3', 'study-stage': '4', 'decision-state': 0, 'vitals-state': 0, 'airspace-state': 0, 'data': {'page': 'emergency', 'action': 'trying to change destination to19'}}
INFO:root:1723304692.329199,ID:1018,STAGE:4,SEQUENCE:1324,DATA:{'time': 1723304692.323, 'user-id': '1018', 'source': 'HAI Interface', 'destination-index': '3', 'study-stage': '4', 'decision-state': 0, 'vitals-state': 0, 'airspace-state': 0, 'data': {'page': 'emergency', 'action': 'trying to change destination to19'}}
INFO:root:1723304697.318499,ID:1018,STAGE:4,SEQUENCE:1324,DATA:{'time': 1723304697.31, 'user-id': '1018', 'source': 'HAI Interface', 'destination-index': '3', 'study-stage': '4', 'decision-state': 0, 'vitals-state': 0, 'airspace-state': 0, 'data': {'page': 'emergency', 'action': 'trying to change destination to19'}}
INFO:root:1723304702.305468,ID:1018,STAGE:4,SEQUENCE:1324,DATA:{'time': 1723304702.297, 'user-id': '1018', 'source': 'HAI Interface', 'destination-index': '3', 'study-stage': '4', 'decision-state': 0, 'vitals-state': 0, 'airspace-state': 0, 'data': {'page': 'emergency', 'action': 'trying to change destination to19'}}
INFO:root:1723304703.510004,ID:1018,STAGE:4,SEQUENCE:1324,DATA:{'time': 1723304703.505, 'user-id': '1018', 'source': 'HAI Interface', 'destination-index': '3', 'study-stage': '4', 'decision-state': 0, 'vitals-state': 0, 'airspace-state': 0, 'data': {'page': 'inflight', 'action': 'displaying vitals prompt'}}
INFO:root:1723304707.359578,ID:1018,STAGE:4,SEQUENCE:1324,DATA:{'time': 1723304707.351, 'user-id': '1018', 'source': 'HAI Interface', 'destination-index': '3', 'study-stage': '4', 'decision-state': 0, 'vitals-state': 0, 'airspace-state': 0, 'data': {'page': 'emergency', 'action': 'trying to change destination to19'}}
INFO:root:1723304708.756175,ID:1018,STAGE:4,SEQUENCE:1324,DATA:{'time': 1723304708.751, 'source': 'VitalsTask', 'timer': 59.917, 'data': {'sensor': 'Blood Pressure', 'action': 'capture', 'data': 'action button pressed'}}
INFO:root:1723304708.758695,ID:1018,STAGE:4,SEQUENCE:1324,DATA:{'time': 1723304708.751, 'source': 'VitalsTask', 'timer': 59.917, 'data': {'sensor': 'Blood Pressure', 'action': 'capture', 'data': 'starting sensor action'}}
INFO:root:1723304709.768166,ID:1018,STAGE:4,SEQUENCE:1324,DATA:{'time': 1723304709.763, 'source': 'VitalsTask', 'timer': 60.929, 'data': {'sensor': 'Blood Pressure', 'action': 'capture', 'data': 'sensor action complete'}}
INFO:root:1723304709.771317,ID:1018,STAGE:4,SEQUENCE:1324,DATA:{'time': 1723304709.763, 'source': 'VitalsTask', 'timer': 60.929, 'data': {'sensor': 'Blood Pressure', 'action': 'keypad open'}}
INFO:root:1723304710.650026,ID:1018,STAGE:4,SEQUENCE:1324,DATA:{'time': 1723304710.645, 'source': 'VitalsTask', 'timer': 61.811, 'data': {'sensor': 'Blood Pressure', 'action': 'keypad press', 'key': 1, 'value': 1}}
INFO:root:1723304711.367336,ID:1018,STAGE:4,SEQUENCE:1324,DATA:{'time': 1723304711.362, 'source': 'VitalsTask', 'timer': 62.528, 'data': {'sensor': 'Blood Pressure', 'action': 'keypad press', 'key': 2, 'value': 12}}
INFO:root:1723304712.294946,ID:1018,STAGE:4,SEQUENCE:1324,DATA:{'time': 1723304712.285, 'user-id': '1018', 'source': 'HAI Interface', 'destination-index': '3', 'study-stage': '4', 'decision-state': 0, 'vitals-state': 0, 'airspace-state': 0, 'data': {'page': 'emergency', 'action': 'trying to change destination to19'}}
INFO:root:1723304712.582955,ID:1018,STAGE:4,SEQUENCE:1324,DATA:{'time': 1723304712.572, 'source': 'VitalsTask', 'timer': 63.738, 'data': {'sensor': 'Blood Pressure', 'action': 'keypad press', 'key': 11, 'value': 120}}
INFO:root:1723304713.407639,ID:1018,STAGE:4,SEQUENCE:1324,DATA:{'time': 1723304713.402, 'source': 'VitalsTask', 'timer': 64.568, 'data': {'sensor': 'Blood Pressure', 'action': 'keypad press', 'key': 8, 'value': 1208}}
INFO:root:1723304713.947654,ID:1018,STAGE:4,SEQUENCE:1324,DATA:{'time': 1723304713.941, 'source': 'VitalsTask', 'timer': 65.107, 'data': {'sensor': 'Blood Pressure', 'action': 'keypad press', 'key': 11, 'value': 12080}}
INFO:root:1723304714.550528,ID:1018,STAGE:4,SEQUENCE:1324,DATA:{'time': 1723304714.546, 'source': 'VitalsTask', 'timer': 65.712, 'data': {'sensor': 'Blood Pressure', 'action': 'show action buttons'}}
INFO:root:1723304714.552981,ID:1018,STAGE:4,SEQUENCE:1324,DATA:{'time': 1723304714.546, 'source': 'VitalsTask', 'timer': 65.712, 'data': {'sensor': 'Blood Pressure', 'action': 'keypad press', 'key': 10, 'value': 12080}}
INFO:root:1723304715.456097,ID:1018,STAGE:4,SEQUENCE:1324,DATA:{'time': 1723304715.45, 'source': 'VitalsTask', 'timer': 66.616, 'data': {'sensor': 'Blood Pressure', 'action': 'log', 'data': 'action button pressed'}}
INFO:root:1723304715.4581,ID:1018,STAGE:4,SEQUENCE:1324,DATA:{'time': 1723304715.451, 'source': 'VitalsTask', 'timer': 66.617, 'data': {'sensor': 'Blood Pressure', 'action': 'log', 'data': 'starting sensor action'}}
INFO:root:1723304716.436851,ID:1018,STAGE:4,SEQUENCE:1324,DATA:{'time': 1723304716.433, 'source': 'VitalsTask', 'timer': 67.599, 'data': {'sensor': 'Blood Pressure', 'action': 'save', 'data': 'action button pressed'}}
INFO:root:1723304716.440349,ID:1018,STAGE:4,SEQUENCE:1324,DATA:{'time': 1723304716.433, 'source': 'VitalsTask', 'timer': 67.599, 'data': {'sensor': 'Blood Pressure', 'action': 'save', 'data': 'a sensor action is in progress, cancelling'}}
INFO:root:1723304716.468402,ID:1018,STAGE:4,SEQUENCE:1324,DATA:{'time': 1723304716.463, 'source': 'VitalsTask', 'timer': 67.629, 'data': {'sensor': 'Blood Pressure', 'action': 'log', 'data': 'sensor action complete'}}
INFO:root:1723304717.086178,ID:1018,STAGE:4,SEQUENCE:1324,DATA:{'time': 1723304717.081, 'source': 'VitalsTask', 'timer': 68.247, 'data': {'sensor': 'Blood Pressure', 'action': 'save', 'data': 'action button pressed'}}
INFO:root:1723304717.087178,ID:1018,STAGE:4,SEQUENCE:1324,DATA:{'time': 1723304717.082, 'source': 'VitalsTask', 'timer': 68.248, 'data': {'sensor': 'Blood Pressure', 'action': 'save', 'data': 'starting sensor action'}}
INFO:root:1723304717.411664,ID:1018,STAGE:4,SEQUENCE:1324,DATA:{'time': 1723304717.392, 'user-id': '1018', 'source': 'HAI Interface', 'destination-index': '3', 'study-stage': '4', 'decision-state': 0, 'vitals-state': 0, 'airspace-state': 0, 'data': {'page': 'emergency', 'action': 'trying to change destination to19'}}
INFO:root:1723304718.108195,ID:1018,STAGE:4,SEQUENCE:1324,DATA:{'time': 1723304718.102, 'source': 'VitalsTask', 'timer': 69.268, 'data': {'sensor': 'Blood Pressure', 'action': 'save', 'data': 'sensor action complete'}}
INFO:root:1723304718.846802,ID:1018,STAGE:4,SEQUENCE:1324,DATA:{'time': 1723304718.841, 'source': 'VitalsTask', 'timer': 70.007, 'data': {'sensor': 'O\u2082 Saturation', 'action': 'opened sensor tab'}}
INFO:root:1723304719.712476,ID:1018,STAGE:4,SEQUENCE:1324,DATA:{'time': 1723304719.707, 'source': 'VitalsTask', 'timer': 70.873, 'data': {'sensor': 'O\u2082 Saturation', 'action': 'capture', 'data': 'action button pressed'}}
INFO:root:1723304719.719465,ID:1018,STAGE:4,SEQUENCE:1324,DATA:{'time': 1723304719.707, 'source': 'VitalsTask', 'timer': 70.873, 'data': {'sensor': 'O\u2082 Saturation', 'action': 'capture', 'data': 'starting sensor action'}}
INFO:root:1723304720.727226,ID:1018,STAGE:4,SEQUENCE:1324,DATA:{'time': 1723304720.723, 'source': 'VitalsTask', 'timer': 71.889, 'data': {'sensor': 'O\u2082 Saturation', 'action': 'capture', 'data': 'sensor action complete'}}
INFO:root:1723304720.729632,ID:1018,STAGE:4,SEQUENCE:1324,DATA:{'time': 1723304720.723, 'source': 'VitalsTask', 'timer': 71.889, 'data': {'sensor': 'O\u2082 Saturation', 'action': 'keypad open'}}
INFO:root:1723304721.566363,ID:1018,STAGE:4,SEQUENCE:1324,DATA:{'time': 1723304721.561, 'source': 'VitalsTask', 'timer': 72.727, 'data': {'sensor': 'O\u2082 Saturation', 'action': 'keypad press', 'key': 1, 'value': 1}}
INFO:root:1723304722.352616,ID:1018,STAGE:4,SEQUENCE:1324,DATA:{'time': 1723304722.342, 'user-id': '1018', 'source': 'HAI Interface', 'destination-index': '3', 'study-stage': '4', 'decision-state': 0, 'vitals-state': 0, 'airspace-state': 0, 'data': {'page': 'emergency', 'action': 'trying to change destination to19'}}
INFO:root:1723304722.702869,ID:1018,STAGE:4,SEQUENCE:1324,DATA:{'time': 1723304722.699, 'source': 'VitalsTask', 'timer': 73.865, 'data': {'sensor': 'O\u2082 Saturation', 'action': 'keypad press', 'key': 11, 'value': 10}}
INFO:root:1723304722.84974,ID:1018,STAGE:4,SEQUENCE:1324,DATA:{'time': 1723304722.843, 'source': 'VitalsTask', 'timer': 74.009, 'data': {'sensor': 'O\u2082 Saturation', 'action': 'keypad press', 'key': 11, 'value': 100}}
INFO:root:1723304723.587727,ID:1018,STAGE:4,SEQUENCE:1324,DATA:{'time': 1723304723.581, 'source': 'VitalsTask', 'timer': 74.747, 'data': {'sensor': 'O\u2082 Saturation', 'action': 'show action buttons'}}
INFO:root:1723304723.590724,ID:1018,STAGE:4,SEQUENCE:1324,DATA:{'time': 1723304723.581, 'source': 'VitalsTask', 'timer': 74.747, 'data': {'sensor': 'O\u2082 Saturation', 'action': 'keypad press', 'key': 10, 'value': 100}}
INFO:root:1723304724.371639,ID:1018,STAGE:4,SEQUENCE:1324,DATA:{'time': 1723304724.366, 'source': 'VitalsTask', 'timer': 75.532, 'data': {'sensor': 'O\u2082 Saturation', 'action': 'log', 'data': 'action button pressed'}}
INFO:root:1723304724.374145,ID:1018,STAGE:4,SEQUENCE:1324,DATA:{'time': 1723304724.366, 'source': 'VitalsTask', 'timer': 75.532, 'data': {'sensor': 'O\u2082 Saturation', 'action': 'log', 'data': 'starting sensor action'}}
INFO:root:1723304725.385312,ID:1018,STAGE:4,SEQUENCE:1324,DATA:{'time': 1723304725.381, 'source': 'VitalsTask', 'timer': 76.547, 'data': {'sensor': 'O\u2082 Saturation', 'action': 'log', 'data': 'sensor action complete'}}
INFO:root:1723304725.903046,ID:1018,STAGE:4,SEQUENCE:1324,DATA:{'time': 1723304725.899, 'source': 'VitalsTask', 'timer': 77.065, 'data': {'sensor': 'O\u2082 Saturation', 'action': 'save', 'data': 'action button pressed'}}
INFO:root:1723304725.906038,ID:1018,STAGE:4,SEQUENCE:1324,DATA:{'time': 1723304725.899, 'source': 'VitalsTask', 'timer': 77.065, 'data': {'sensor': 'O\u2082 Saturation', 'action': 'save', 'data': 'starting sensor action'}}
INFO:root:1723304726.926726,ID:1018,STAGE:4,SEQUENCE:1324,DATA:{'time': 1723304726.919, 'source': 'VitalsTask', 'timer': 78.085, 'data': {'sensor': 'O\u2082 Saturation', 'action': 'save', 'data': 'sensor action complete'}}
INFO:root:1723304727.36096,ID:1018,STAGE:4,SEQUENCE:1324,DATA:{'time': 1723304727.357, 'source': 'VitalsTask', 'timer': 78.523, 'data': {'sensor': 'Heart Rate', 'action': 'opened sensor tab'}}
INFO:root:1723304727.945146,ID:1018,STAGE:4,SEQUENCE:1324,DATA:{'time': 1723304727.939, 'user-id': '1018', 'source': 'HAI Interface', 'destination-index': '3', 'study-stage': '4', 'decision-state': 0, 'vitals-state': 0, 'airspace-state': 0, 'data': {'page': 'emergency', 'action': 'trying to change destination to19'}}
INFO:root:1723304727.948649,ID:1018,STAGE:4,SEQUENCE:1324,DATA:{'time': 1723304727.939, 'user-id': '1018', 'source': 'HAI Interface', 'destination-index': '3', 'study-stage': '4', 'decision-state': 0, 'vitals-state': 0, 'airspace-state': 0, 'data': {'page': 'emergency', 'action': 'show Pressure Miscalibrated Warning, hide map'}}
INFO:root:1723304727.953637,ID:1018,STAGE:4,SEQUENCE:1324,DATA:{'time': 1723304727.94, 'user-id': '1018', 'source': 'HAI Interface', 'destination-index': '3', 'study-stage': '4', 'decision-state': 0, 'vitals-state': 0, 'airspace-state': 0, 'data': {'page': 'map', 'action': 'hide map'}}
INFO:root:1723304727.959655,ID:1018,STAGE:4,SEQUENCE:1324,DATA:{'time': 1723304727.941, 'user-id': '1018', 'source': 'HAI Interface', 'destination-index': '3', 'study-stage': '4', 'decision-state': 0, 'vitals-state': 0, 'airspace-state': 0, 'data': {'page': 'Inflight', 'action': 'Pressure Warning alert activated'}}
INFO:root:1723304728.340774,ID:1018,STAGE:4,SEQUENCE:1324,DATA:{'time': 1723304728.334, 'source': 'VitalsTask', 'timer': 79.5, 'data': {'sensor': 'Heart Rate', 'action': 'capture', 'data': 'action button pressed'}}
INFO:root:1723304728.343275,ID:1018,STAGE:4,SEQUENCE:1324,DATA:{'time': 1723304728.335, 'source': 'VitalsTask', 'timer': 79.501, 'data': {'sensor': 'Heart Rate', 'action': 'capture', 'data': 'starting sensor action'}}
INFO:root:1723304729.359947,ID:1018,STAGE:4,SEQUENCE:1324,DATA:{'time': 1723304729.354, 'source': 'VitalsTask', 'timer': 80.52, 'data': {'sensor': 'Heart Rate', 'action': 'capture', 'data': 'sensor action complete'}}
INFO:root:1723304729.362938,ID:1018,STAGE:4,SEQUENCE:1324,DATA:{'time': 1723304729.354, 'source': 'VitalsTask', 'timer': 80.52, 'data': {'sensor': 'Heart Rate', 'action': 'keypad open'}}
INFO:root:1723304731.030006,ID:1018,STAGE:4,SEQUENCE:1324,DATA:{'time': 1723304731.025, 'user-id': '1018', 'source': 'HAI Interface', 'destination-index': '3', 'study-stage': '4', 'decision-state': 0, 'vitals-state': 0, 'airspace-state': 0, 'data': {'page': 'Inflight', 'action': 'Pressure Warning- show info button pressed'}}
INFO:root:1723304732.314819,ID:1018,STAGE:4,SEQUENCE:1324,DATA:{'time': 1723304732.303, 'user-id': '1018', 'source': 'HAI Interface', 'destination-index': '3', 'study-stage': '4', 'decision-state': 0, 'vitals-state': 0, 'airspace-state': 0, 'data': {'page': 'emergency', 'action': 'trying to change destination to19'}}
INFO:root:1723304732.319753,ID:1018,STAGE:4,SEQUENCE:1324,DATA:{'time': 1723304732.304, 'user-id': '1018', 'source': 'HAI Interface', 'destination-index': '3', 'study-stage': '4', 'decision-state': 0, 'vitals-state': 0, 'airspace-state': 0, 'data': {'page': 'emergency', 'action': 'show Pressure Miscalibrated Warning, hide map'}}
INFO:root:1723304732.32293,ID:1018,STAGE:4,SEQUENCE:1324,DATA:{'time': 1723304732.304, 'user-id': '1018', 'source': 'HAI Interface', 'destination-index': '3', 'study-stage': '4', 'decision-state': 0, 'vitals-state': 0, 'airspace-state': 0, 'data': {'page': 'map', 'action': 'hide map'}}
INFO:root:1723304732.32592,ID:1018,STAGE:4,SEQUENCE:1324,DATA:{'time': 1723304732.304, 'user-id': '1018', 'source': 'HAI Interface', 'destination-index': '3', 'study-stage': '4', 'decision-state': 0, 'vitals-state': 0, 'airspace-state': 0, 'data': {'page': 'Inflight', 'action': 'Pressure Warning alert activated'}}
INFO:root:1723304737.346235,ID:1018,STAGE:4,SEQUENCE:1324,DATA:{'time': 1723304737.331, 'user-id': '1018', 'source': 'HAI Interface', 'destination-index': '3', 'study-stage': '4', 'decision-state': 0, 'vitals-state': 0, 'airspace-state': 0, 'data': {'page': 'emergency', 'action': 'trying to change destination to19'}}
INFO:root:1723304737.349228,ID:1018,STAGE:4,SEQUENCE:1324,DATA:{'time': 1723304737.332, 'user-id': '1018', 'source': 'HAI Interface', 'destination-index': '3', 'study-stage': '4', 'decision-state': 0, 'vitals-state': 0, 'airspace-state': 0, 'data': {'page': 'emergency', 'action': 'show Pressure Miscalibrated Warning, hide map'}}
INFO:root:1723304737.351734,ID:1018,STAGE:4,SEQUENCE:1324,DATA:{'time': 1723304737.332, 'user-id': '1018', 'source': 'HAI Interface', 'destination-index': '3', 'study-stage': '4', 'decision-state': 0, 'vitals-state': 0, 'airspace-state': 0, 'data': {'page': 'map', 'action': 'hide map'}}
INFO:root:1723304737.356722,ID:1018,STAGE:4,SEQUENCE:1324,DATA:{'time': 1723304737.333, 'user-id': '1018', 'source': 'HAI Interface', 'destination-index': '3', 'study-stage': '4', 'decision-state': 0, 'vitals-state': 0, 'airspace-state': 0, 'data': {'page': 'Inflight', 'action': 'Pressure Warning alert activated'}}
INFO:root:1723304738.013396,ID:1018,STAGE:4,SEQUENCE:1324,DATA:{'time': 1723304738.008, 'user-id': '1018', 'source': 'HAI Interface', 'destination-index': '3', 'study-stage': '4', 'decision-state': 0, 'vitals-state': 0, 'airspace-state': 0, 'data': {'page': 'Inflight', 'action': 'Pressure Warning- submit button pressed with pressure value as:75'}}
INFO:root:1723304738.01611,ID:1018,STAGE:4,SEQUENCE:1324,DATA:{'time': 1723304738.008, 'user-id': '1018', 'source': 'HAI Interface', 'destination-index': '3', 'study-stage': '4', 'decision-state': 0, 'vitals-state': 0, 'airspace-state': 0, 'data': {'page': 'Inflight', 'action': 'Pressure Warning- alert explaination'}}
INFO:root:1723304740.860602,ID:1018,STAGE:4,SEQUENCE:1324,DATA:{'time': 1723304740.856, 'user-id': '1018', 'source': 'HAI Interface', 'destination-index': '3', 'study-stage': '4', 'decision-state': 0, 'vitals-state': 0, 'airspace-state': 0, 'data': {'page': 'Inflight', 'action': 'Pressure Warning alert close button pressed'}}
INFO:root:1723304742.351208,ID:1018,STAGE:4,SEQUENCE:1324,DATA:{'time': 1723304742.341, 'user-id': '1018', 'source': 'HAI Interface', 'destination-index': '3', 'study-stage': '4', 'decision-state': 0, 'vitals-state': 0, 'airspace-state': 0, 'data': {'page': 'emergency', 'action': 'trying to change destination to19'}}
INFO:root:1723304746.071534,ID:1018,STAGE:4,SEQUENCE:1324,DATA:{'time': 1723304746.064, 'user-id': '1018', 'source': 'HAI Interface', 'destination-index': '3', 'study-stage': '4', 'decision-state': 0, 'vitals-state': 0, 'airspace-state': 0, 'data': {'action': 'receive button pressed'}}
INFO:root:1723304746.07405,ID:1018,STAGE:4,SEQUENCE:1324,DATA:{'time': 1723304746.065, 'user-id': '1018', 'source': 'HAI Interface', 'destination-index': '3', 'study-stage': '4', 'decision-state': 0, 'vitals-state': 0, 'airspace-state': 0, 'data': {'action': 'callsign set to:[object Object]'}}
INFO:root:1723304746.081058,ID:1018,STAGE:4,SEQUENCE:1324,DATA:{'time': 1723304746.065, 'user-id': '1018', 'source': 'HAI Interface', 'destination-index': '3', 'study-stage': '4', 'decision-state': 0, 'vitals-state': 0, 'airspace-state': 0, 'data': {'action': 'radio set to:Comm2'}}
INFO:root:1723304746.085047,ID:1018,STAGE:4,SEQUENCE:1324,DATA:{'time': 1723304746.07, 'user-id': '1018', 'source': 'HAI Interface', 'destination-index': '3', 'study-stage': '4', 'decision-state': 0, 'vitals-state': 0, 'airspace-state': 0, 'data': {'action': 'MEDEVACtransmitting onComm2123.45 MHz'}}
INFO:root:1723304747.303434,ID:1018,STAGE:4,SEQUENCE:1324,DATA:{'time': 1723304747.295, 'user-id': '1018', 'source': 'HAI Interface', 'destination-index': '3', 'study-stage': '4', 'decision-state': 0, 'vitals-state': 0, 'airspace-state': 0, 'data': {'page': 'emergency', 'action': 'trying to change destination to19'}}
INFO:root:1723304752.32814,ID:1018,STAGE:4,SEQUENCE:1324,DATA:{'time': 1723304752.322, 'user-id': '1018', 'source': 'HAI Interface', 'destination-index': '3', 'study-stage': '4', 'decision-state': 0, 'vitals-state': 0, 'airspace-state': 0, 'data': {'page': 'emergency', 'action': 'trying to change destination to19'}}
INFO:root:Pressure Warning alert given, sent request to clear pressure_warning_alert
INFO:root:1723304757.314057,ID:1018,STAGE:4,SEQUENCE:1324,DATA:{'time': 1723304757.304, 'user-id': '1018', 'source': 'HAI Interface', 'destination-index': '3', 'study-stage': '4', 'decision-state': 0, 'vitals-state': 0, 'airspace-state': 0, 'data': {'page': 'emergency', 'action': 'trying to change destination to19'}}
INFO:root:1723304762.256839,ID:1018,STAGE:4,SEQUENCE:1324,DATA:{'time': 1723304762.246, 'user-id': '1018', 'source': 'HAI Interface', 'destination-index': '3', 'study-stage': '4', 'decision-state': 0, 'vitals-state': 0, 'airspace-state': 0, 'data': {'page': 'emergency', 'action': 'trying to change destination to19'}}
INFO:root:1723304767.267465,ID:1018,STAGE:4,SEQUENCE:1324,DATA:{'time': 1723304767.26, 'user-id': '1018', 'source': 'HAI Interface', 'destination-index': '3', 'study-stage': '4', 'decision-state': 0, 'vitals-state': 0, 'airspace-state': 0, 'data': {'page': 'emergency', 'action': 'trying to change destination to19'}}
INFO:root:Ok, continue to monitor the patients vitals and keep us updated 
INFO:root:1723304772.310007,ID:1018,STAGE:4,SEQUENCE:1324,DATA:{'time': 1723304772.295, 'user-id': '1018', 'source': 'HAI Interface', 'destination-index': '3', 'study-stage': '4', 'decision-state': 0, 'vitals-state': 0, 'airspace-state': 0, 'data': {'page': 'emergency', 'action': 'trying to change destination to19'}}
INFO:root:Miscalibrated sensor radio comm done- command to clear event and make the receive 0 sent
INFO:root:1723304774.559417,ID:1018,STAGE:4,SEQUENCE:1324,DATA:{'time': 1723304774.554, 'source': 'VitalsTask', 'timer': 125.72, 'data': {'sensor': 'Heart Rate', 'action': 'keypad press', 'key': 12, 'value': 0}}
INFO:root:1723304777.350416,ID:1018,STAGE:4,SEQUENCE:1324,DATA:{'time': 1723304777.34, 'user-id': '1018', 'source': 'HAI Interface', 'destination-index': '3', 'study-stage': '4', 'decision-state': 0, 'vitals-state': 0, 'airspace-state': 0, 'data': {'page': 'emergency', 'action': 'trying to change destination to19'}}
INFO:root:1723304779.357695,ID:1018,STAGE:4,SEQUENCE:1324,DATA:{'time': 1723304779.351, 'source': 'VitalsTask', 'timer': 130.517, 'data': {'sensor': 'Heart Rate', 'action': 'keypad press', 'key': 6, 'value': 6}}
INFO:root:1723304780.531024,ID:1018,STAGE:4,SEQUENCE:1324,DATA:{'time': 1723304780.526, 'source': 'VitalsTask', 'timer': 131.692, 'data': {'sensor': 'Heart Rate', 'action': 'keypad press', 'key': 12, 'value': 0}}
INFO:root:1723304781.247993,ID:1018,STAGE:4,SEQUENCE:1324,DATA:{'time': 1723304781.243, 'source': 'VitalsTask', 'timer': 132.409, 'data': {'sensor': 'Heart Rate', 'action': 'keypad press', 'key': 5, 'value': 5}}
INFO:root:1723304781.411723,ID:1018,STAGE:4,SEQUENCE:1324,DATA:{'time': 1723304781.406, 'source': 'VitalsTask', 'timer': 132.572, 'data': {'sensor': 'Heart Rate', 'action': 'keypad press', 'key': 5, 'value': 55}}
INFO:root:1723304782.257762,ID:1018,STAGE:4,SEQUENCE:1324,DATA:{'time': 1723304782.251, 'user-id': '1018', 'source': 'HAI Interface', 'destination-index': '3', 'study-stage': '4', 'decision-state': 0, 'vitals-state': 0, 'airspace-state': 0, 'data': {'page': 'emergency', 'action': 'trying to change destination to19'}}
INFO:root:1723304782.533092,ID:1018,STAGE:4,SEQUENCE:1324,DATA:{'time': 1723304782.529, 'source': 'VitalsTask', 'timer': 133.695, 'data': {'sensor': 'Heart Rate', 'action': 'show action buttons'}}
INFO:root:1723304782.535087,ID:1018,STAGE:4,SEQUENCE:1324,DATA:{'time': 1723304782.529, 'source': 'VitalsTask', 'timer': 133.695, 'data': {'sensor': 'Heart Rate', 'action': 'keypad press', 'key': 10, 'value': 55}}
INFO:root:1723304783.495097,ID:1018,STAGE:4,SEQUENCE:1324,DATA:{'time': 1723304783.49, 'source': 'VitalsTask', 'timer': 134.656, 'data': {'sensor': 'Heart Rate', 'action': 'log', 'data': 'action button pressed'}}
INFO:root:1723304783.497531,ID:1018,STAGE:4,SEQUENCE:1324,DATA:{'time': 1723304783.491, 'source': 'VitalsTask', 'timer': 134.657, 'data': {'sensor': 'Heart Rate', 'action': 'log', 'data': 'starting sensor action'}}
INFO:root:1723304783.557013,ID:1018,STAGE:4,SEQUENCE:1324,DATA:{'time': 1723304783.549, 'source': 'VitalsTask', 'timer': 134.715, 'data': {'sensor': 'Heart Rate', 'action': 'log', 'data': 'action button pressed'}}
INFO:root:1723304783.55801,ID:1018,STAGE:4,SEQUENCE:1324,DATA:{'time': 1723304783.55, 'source': 'VitalsTask', 'timer': 134.716, 'data': {'sensor': 'Heart Rate', 'action': 'log', 'data': 'a sensor action is in progress, cancelling'}}
INFO:root:Inflight Radio Update asked
INFO:root:sent request to set radio update complete
INFO:root:1723304784.507255,ID:1018,STAGE:4,SEQUENCE:1324,DATA:{'time': 1723304784.502, 'source': 'VitalsTask', 'timer': 135.668, 'data': {'sensor': 'Heart Rate', 'action': 'log', 'data': 'sensor action complete'}}
INFO:root:1723304785.002422,ID:1018,STAGE:4,SEQUENCE:1324,DATA:{'time': 1723304784.997, 'source': 'VitalsTask', 'timer': 136.163, 'data': {'sensor': 'Heart Rate', 'action': 'save', 'data': 'action button pressed'}}
INFO:root:1723304785.004417,ID:1018,STAGE:4,SEQUENCE:1324,DATA:{'time': 1723304784.997, 'source': 'VitalsTask', 'timer': 136.163, 'data': {'sensor': 'Heart Rate', 'action': 'save', 'data': 'starting sensor action'}}
INFO:root:1723304786.01521,ID:1018,STAGE:4,SEQUENCE:1324,DATA:{'time': 1723304786.01, 'source': 'VitalsTask', 'timer': 137.176, 'data': {'sensor': 'Heart Rate', 'action': 'save', 'data': 'sensor action complete'}}
INFO:root:1723304786.673608,ID:1018,STAGE:4,SEQUENCE:1324,DATA:{'time': 1723304786.668, 'source': 'VitalsTask', 'timer': 137.834, 'data': {'sensor': 'submit', 'action': 'submit'}}
INFO:root:1723304786.676122,ID:1018,STAGE:4,SEQUENCE:1324,DATA:{'time': 1723304786.669, 'source': 'VitalsTask', 'timer': 137.835, 'data': {'sensor': 'submit', 'action': 'submit', 'data': 'submit succeeded'}}
INFO:root:1723304787.319334,ID:1018,STAGE:4,SEQUENCE:1324,DATA:{'time': 1723304787.303, 'user-id': '1018', 'source': 'HAI Interface', 'destination-index': '3', 'study-stage': '4', 'decision-state': 0, 'vitals-state': 0, 'airspace-state': 0, 'data': {'page': 'emergency', 'action': 'trying to change destination to19'}}
INFO:SimConnect.SimConnect:SIM OPEN
INFO:root:1723304790.410194,ID:1018,STAGE:4,SEQUENCE:1324,DATA:{'time': 1723304790.403, 'user-id': '1018', 'source': 'HAI Interface', 'destination-index': '3', 'study-stage': '4', 'decision-state': 0, 'vitals-state': 0, 'airspace-state': 0, 'data': {'action': 'transmit button pressed'}}
INFO:root:1723304790.4183,ID:1018,STAGE:4,SEQUENCE:1324,DATA:{'time': 1723304790.403, 'user-id': '1018', 'source': 'HAI Interface', 'destination-index': '3', 'study-stage': '4', 'decision-state': 0, 'vitals-state': 0, 'airspace-state': 0, 'data': {'action': 'callsign set to: + NASXGS'}}
INFO:root:1723304790.427281,ID:1018,STAGE:4,SEQUENCE:1324,DATA:{'time': 1723304790.404, 'user-id': '1018', 'source': 'HAI Interface', 'destination-index': '3', 'study-stage': '4', 'decision-state': 0, 'vitals-state': 0, 'airspace-state': 0, 'data': {'action': 'radio set to:Comm1'}}
INFO:root:1723304790.43087,ID:1018,STAGE:4,SEQUENCE:1324,DATA:{'time': 1723304790.404, 'user-id': '1018', 'source': 'HAI Interface', 'destination-index': '3', 'study-stage': '4', 'decision-state': 0, 'vitals-state': 0, 'airspace-state': 0, 'data': {'page': 'map', 'action': 'show map'}}
INFO:root:1723304790.432866,ID:1018,STAGE:4,SEQUENCE:1324,DATA:{'time': 1723304790.405, 'user-id': '1018', 'source': 'HAI Interface', 'destination-index': '3', 'study-stage': '4', 'decision-state': 0, 'vitals-state': 0, 'airspace-state': 0, 'data': {'page': 'map', 'action': 'selected helipad', 'value': '21'}}
INFO:root:1723304790.435893,ID:1018,STAGE:4,SEQUENCE:1324,DATA:{'time': 1723304790.409, 'user-id': '1018', 'source': 'HAI Interface', 'destination-index': '3', 'study-stage': '4', 'decision-state': 0, 'vitals-state': 0, 'airspace-state': 0, 'data': {'action': 'NASXGStransmitting updates onComm1123.45 MHz'}}
INFO:root:1723304792.374295,ID:1018,STAGE:4,SEQUENCE:1324,DATA:{'time': 1723304792.363, 'user-id': '1018', 'source': 'HAI Interface', 'destination-index': '3', 'study-stage': '4', 'decision-state': 0, 'vitals-state': 0, 'airspace-state': 0, 'data': {'page': 'emergency', 'action': 'trying to change destination to19'}}
INFO:root:1723304797.366913,ID:1018,STAGE:4,SEQUENCE:1324,DATA:{'time': 1723304797.359, 'user-id': '1018', 'source': 'HAI Interface', 'destination-index': '3', 'study-stage': '4', 'decision-state': 0, 'vitals-state': 0, 'airspace-state': 0, 'data': {'page': 'emergency', 'action': 'trying to change destination to19'}}
INFO:root:1723304802.282619,ID:1018,STAGE:4,SEQUENCE:1324,DATA:{'time': 1723304802.275, 'user-id': '1018', 'source': 'HAI Interface', 'destination-index': '3', 'study-stage': '4', 'decision-state': 0, 'vitals-state': 0, 'airspace-state': 0, 'data': {'page': 'emergency', 'action': 'trying to change destination to19'}}
INFO:root:1723304803.042526,ID:1018,STAGE:4,SEQUENCE:1324,DATA:{'time': 1723304803.035, 'user-id': '1018', 'source': 'HAI Interface', 'destination-index': '3', 'study-stage': '4', 'decision-state': 0, 'vitals-state': 0, 'airspace-state': 0, 'data': {'page': 'map', 'action': 'hide map'}}
INFO:root:1723304805.040659,ID:1018,STAGE:4,SEQUENCE:1324,DATA:{'time': 1723304805.036, 'user-id': '1018', 'source': 'HAI Interface', 'destination-index': '3', 'study-stage': '4', 'decision-state': 0, 'vitals-state': 0, 'airspace-state': 0, 'data': {'page': 'inflight', 'action': 'user acknowledged vitals prompt'}}
INFO:root:1723304807.284045,ID:1018,STAGE:4,SEQUENCE:1324,DATA:{'time': 1723304807.274, 'user-id': '1018', 'source': 'HAI Interface', 'destination-index': '3', 'study-stage': '4', 'decision-state': 0, 'vitals-state': 0, 'airspace-state': 0, 'data': {'page': 'emergency', 'action': 'trying to change destination to19'}}
INFO:root:1723304812.279408,ID:1018,STAGE:4,SEQUENCE:1324,DATA:{'time': 1723304812.273, 'user-id': '1018', 'source': 'HAI Interface', 'destination-index': '3', 'study-stage': '4', 'decision-state': 0, 'vitals-state': 0, 'airspace-state': 0, 'data': {'page': 'emergency', 'action': 'trying to change destination to19'}}
INFO:root:1723304817.282968,ID:1018,STAGE:4,SEQUENCE:1324,DATA:{'time': 1723304817.278, 'user-id': '1018', 'source': 'HAI Interface', 'destination-index': '3', 'study-stage': '4', 'decision-state': 0, 'vitals-state': 0, 'airspace-state': 0, 'data': {'page': 'emergency', 'action': 'trying to change destination to19'}}
INFO:root:1723304822.321031,ID:1018,STAGE:4,SEQUENCE:1324,DATA:{'time': 1723304822.314, 'user-id': '1018', 'source': 'HAI Interface', 'destination-index': '3', 'study-stage': '4', 'decision-state': 0, 'vitals-state': 0, 'airspace-state': 0, 'data': {'page': 'emergency', 'action': 'trying to change destination to19'}}
INFO:root:1723304827.260363,ID:1018,STAGE:4,SEQUENCE:1324,DATA:{'time': 1723304827.256, 'user-id': '1018', 'source': 'HAI Interface', 'destination-index': '3', 'study-stage': '4', 'decision-state': 0, 'vitals-state': 0, 'airspace-state': 0, 'data': {'page': 'emergency', 'action': 'trying to change destination to19'}}
INFO:root:1723304829.161189,ID:1018,STAGE:4,SEQUENCE:1324,DATA:{'time': 1723304829.156, 'user-id': '1018', 'source': 'HAI Interface', 'destination-index': '3', 'study-stage': '4', 'decision-state': 0, 'vitals-state': 0, 'airspace-state': 0, 'data': {'page': 'inflight', 'action': 'displaying vitals prompt'}}
INFO:root:1723304832.245925,ID:1018,STAGE:4,SEQUENCE:1324,DATA:{'time': 1723304832.235, 'user-id': '1018', 'source': 'HAI Interface', 'destination-index': '3', 'study-stage': '4', 'decision-state': 0, 'vitals-state': 0, 'airspace-state': 0, 'data': {'page': 'emergency', 'action': 'trying to change destination to19'}}
INFO:root:1723304834.24481,ID:1018,STAGE:4,SEQUENCE:1324,DATA:{'time': 1723304834.24, 'source': 'VitalsTask', 'timer': 47.57, 'data': {'sensor': 'Heart Rate', 'action': 'capture', 'data': 'action button pressed'}}
INFO:root:1723304834.250266,ID:1018,STAGE:4,SEQUENCE:1324,DATA:{'time': 1723304834.24, 'source': 'VitalsTask', 'timer': 47.57, 'data': {'sensor': 'Heart Rate', 'action': 'capture', 'data': 'starting sensor action'}}
INFO:root:1723304835.26205,ID:1018,STAGE:4,SEQUENCE:1324,DATA:{'time': 1723304835.253, 'source': 'VitalsTask', 'timer': 48.583, 'data': {'sensor': 'Heart Rate', 'action': 'capture', 'data': 'sensor action complete'}}
INFO:root:1723304835.264043,ID:1018,STAGE:4,SEQUENCE:1324,DATA:{'time': 1723304835.254, 'source': 'VitalsTask', 'timer': 48.584, 'data': {'sensor': 'Heart Rate', 'action': 'keypad open'}}
INFO:root:1723304836.167849,ID:1018,STAGE:4,SEQUENCE:1324,DATA:{'time': 1723304836.16, 'source': 'VitalsTask', 'timer': 49.49, 'data': {'sensor': 'Heart Rate', 'action': 'keypad press', 'key': 5, 'value': 5}}
INFO:root:1723304836.373146,ID:1018,STAGE:4,SEQUENCE:1324,DATA:{'time': 1723304836.368, 'source': 'VitalsTask', 'timer': 49.698, 'data': {'sensor': 'Heart Rate', 'action': 'keypad press', 'key': 5, 'value': 55}}
INFO:root:1723304837.283233,ID:1018,STAGE:4,SEQUENCE:1324,DATA:{'time': 1723304837.246, 'user-id': '1018', 'source': 'HAI Interface', 'destination-index': '3', 'study-stage': '4', 'decision-state': 0, 'vitals-state': 0, 'airspace-state': 0, 'data': {'page': 'emergency', 'action': 'trying to change destination to19'}}
INFO:root:1723304837.359536,ID:1018,STAGE:4,SEQUENCE:1324,DATA:{'time': 1723304837.354, 'source': 'VitalsTask', 'timer': 50.684, 'data': {'sensor': 'Heart Rate', 'action': 'show action buttons'}}
INFO:root:1723304837.361065,ID:1018,STAGE:4,SEQUENCE:1324,DATA:{'time': 1723304837.354, 'source': 'VitalsTask', 'timer': 50.684, 'data': {'sensor': 'Heart Rate', 'action': 'keypad press', 'key': 10, 'value': 55}}
INFO:root:1723304838.279518,ID:1018,STAGE:4,SEQUENCE:1324,DATA:{'time': 1723304838.274, 'source': 'VitalsTask', 'timer': 51.604, 'data': {'sensor': 'Heart Rate', 'action': 'log', 'data': 'action button pressed'}}
INFO:root:1723304838.282113,ID:1018,STAGE:4,SEQUENCE:1324,DATA:{'time': 1723304838.274, 'source': 'VitalsTask', 'timer': 51.604, 'data': {'sensor': 'Heart Rate', 'action': 'log', 'data': 'starting sensor action'}}
INFO:root:1723304839.29588,ID:1018,STAGE:4,SEQUENCE:1324,DATA:{'time': 1723304839.289, 'source': 'VitalsTask', 'timer': 52.619, 'data': {'sensor': 'Heart Rate', 'action': 'log', 'data': 'sensor action complete'}}
INFO:root:1723304839.657404,ID:1018,STAGE:4,SEQUENCE:1324,DATA:{'time': 1723304839.652, 'source': 'VitalsTask', 'timer': 52.982, 'data': {'sensor': 'Heart Rate', 'action': 'save', 'data': 'action button pressed'}}
INFO:root:1723304839.659402,ID:1018,STAGE:4,SEQUENCE:1324,DATA:{'time': 1723304839.652, 'source': 'VitalsTask', 'timer': 52.982, 'data': {'sensor': 'Heart Rate', 'action': 'save', 'data': 'starting sensor action'}}
INFO:root:1723304840.669931,ID:1018,STAGE:4,SEQUENCE:1324,DATA:{'time': 1723304840.666, 'source': 'VitalsTask', 'timer': 53.996, 'data': {'sensor': 'Heart Rate', 'action': 'save', 'data': 'sensor action complete'}}
INFO:root:1723304841.301864,ID:1018,STAGE:4,SEQUENCE:1324,DATA:{'time': 1723304841.294, 'source': 'VitalsTask', 'timer': 54.624, 'data': {'sensor': 'O\u2082 Saturation', 'action': 'opened sensor tab'}}
INFO:root:1723304842.167576,ID:1018,STAGE:4,SEQUENCE:1324,DATA:{'time': 1723304842.162, 'source': 'VitalsTask', 'timer': 55.492, 'data': {'sensor': 'O\u2082 Saturation', 'action': 'capture', 'data': 'action button pressed'}}
INFO:root:1723304842.169576,ID:1018,STAGE:4,SEQUENCE:1324,DATA:{'time': 1723304842.162, 'source': 'VitalsTask', 'timer': 55.492, 'data': {'sensor': 'O\u2082 Saturation', 'action': 'capture', 'data': 'starting sensor action'}}
INFO:root:1723304842.285054,ID:1018,STAGE:4,SEQUENCE:1324,DATA:{'time': 1723304842.277, 'user-id': '1018', 'source': 'HAI Interface', 'destination-index': '3', 'study-stage': '4', 'decision-state': 0, 'vitals-state': 0, 'airspace-state': 0, 'data': {'page': 'emergency', 'action': 'trying to change destination to19'}}
INFO:root:1723304843.182106,ID:1018,STAGE:4,SEQUENCE:1324,DATA:{'time': 1723304843.173, 'source': 'VitalsTask', 'timer': 56.503, 'data': {'sensor': 'O\u2082 Saturation', 'action': 'capture', 'data': 'sensor action complete'}}
INFO:root:1723304843.184615,ID:1018,STAGE:4,SEQUENCE:1324,DATA:{'time': 1723304843.173, 'source': 'VitalsTask', 'timer': 56.503, 'data': {'sensor': 'O\u2082 Saturation', 'action': 'keypad open'}}
INFO:root:1723304844.571665,ID:1018,STAGE:4,SEQUENCE:1324,DATA:{'time': 1723304844.566, 'source': 'VitalsTask', 'timer': 57.896, 'data': {'sensor': 'O\u2082 Saturation', 'action': 'keypad press', 'key': 1, 'value': 1}}
INFO:root:1723304846.173258,ID:1018,STAGE:4,SEQUENCE:1324,DATA:{'time': 1723304846.168, 'source': 'VitalsTask', 'timer': 59.498, 'data': {'sensor': 'O\u2082 Saturation', 'action': 'keypad press', 'key': 11, 'value': 10}}
INFO:root:1723304847.47777,ID:1018,STAGE:4,SEQUENCE:1324,DATA:{'time': 1723304847.467, 'source': 'VitalsTask', 'timer': 60.797, 'data': {'sensor': 'O\u2082 Saturation', 'action': 'keypad press', 'key': 11, 'value': 100}}
INFO:root:1723304848.032836,ID:1018,STAGE:4,SEQUENCE:1324,DATA:{'time': 1723304848.028, 'user-id': '1018', 'source': 'HAI Interface', 'destination-index': '3', 'study-stage': '4', 'decision-state': 0, 'vitals-state': '1', 'airspace-state': 0, 'data': {'page': 'emergency', 'action': 'trying to change destination to19'}}
INFO:root:1723304848.137684,ID:1018,STAGE:4,SEQUENCE:1324,DATA:{'time': 1723304848.134, 'source': 'VitalsTask', 'timer': 61.464, 'data': {'sensor': 'O\u2082 Saturation', 'action': 'show action buttons'}}
INFO:root:1723304848.140676,ID:1018,STAGE:4,SEQUENCE:1324,DATA:{'time': 1723304848.134, 'source': 'VitalsTask', 'timer': 61.464, 'data': {'sensor': 'O\u2082 Saturation', 'action': 'keypad press', 'key': 10, 'value': 100}}
INFO:root:1723304848.972519,ID:1018,STAGE:4,SEQUENCE:1324,DATA:{'time': 1723304848.968, 'source': 'VitalsTask', 'timer': 62.298, 'data': {'sensor': 'O\u2082 Saturation', 'action': 'log', 'data': 'action button pressed'}}
INFO:root:1723304848.975029,ID:1018,STAGE:4,SEQUENCE:1324,DATA:{'time': 1723304848.968, 'source': 'VitalsTask', 'timer': 62.298, 'data': {'sensor': 'O\u2082 Saturation', 'action': 'log', 'data': 'starting sensor action'}}
INFO:root:1723304849.986453,ID:1018,STAGE:4,SEQUENCE:1324,DATA:{'time': 1723304849.981, 'source': 'VitalsTask', 'timer': 63.311, 'data': {'sensor': 'O\u2082 Saturation', 'action': 'log', 'data': 'sensor action complete'}}
INFO:root:1723304850.496824,ID:1018,STAGE:4,SEQUENCE:1324,DATA:{'time': 1723304850.492, 'source': 'VitalsTask', 'timer': 63.822, 'data': {'sensor': 'O\u2082 Saturation', 'action': 'save', 'data': 'action button pressed'}}
INFO:root:1723304850.499726,ID:1018,STAGE:4,SEQUENCE:1324,DATA:{'time': 1723304850.492, 'source': 'VitalsTask', 'timer': 63.822, 'data': {'sensor': 'O\u2082 Saturation', 'action': 'save', 'data': 'starting sensor action'}}
INFO:root:1723304851.505538,ID:1018,STAGE:4,SEQUENCE:1324,DATA:{'time': 1723304851.502, 'source': 'VitalsTask', 'timer': 64.832, 'data': {'sensor': 'O\u2082 Saturation', 'action': 'save', 'data': 'sensor action complete'}}
INFO:root:1723304852.286631,ID:1018,STAGE:4,SEQUENCE:1324,DATA:{'time': 1723304852.262, 'user-id': '1018', 'source': 'HAI Interface', 'destination-index': '3', 'study-stage': '4', 'decision-state': 0, 'vitals-state': '1', 'airspace-state': 0, 'data': {'page': 'emergency', 'action': 'trying to change destination to19'}}
INFO:root:1723304852.288624,ID:1018,STAGE:4,SEQUENCE:1324,DATA:{'time': 1723304852.262, 'user-id': '1018', 'source': 'HAI Interface', 'destination-index': '3', 'study-stage': '4', 'decision-state': 0, 'vitals-state': '1', 'airspace-state': 0, 'data': {'page': 'emergency', 'action': 'show Engine Failure Alert, hide map'}}
INFO:root:1723304852.293128,ID:1018,STAGE:4,SEQUENCE:1324,DATA:{'time': 1723304852.263, 'user-id': '1018', 'source': 'HAI Interface', 'destination-index': '3', 'study-stage': '4', 'decision-state': 0, 'vitals-state': '1', 'airspace-state': 0, 'data': {'page': 'map', 'action': 'hide map'}}
INFO:root:1723304852.299141,ID:1018,STAGE:4,SEQUENCE:1324,DATA:{'time': 1723304852.263, 'user-id': '1018', 'source': 'HAI Interface', 'destination-index': '3', 'study-stage': '4', 'decision-state': 0, 'vitals-state': '1', 'airspace-state': 0, 'data': {'page': 'Inflight', 'action': 'Engine failure emergency- emergnecy propmt displayed'}}
INFO:root:1723304855.115468,ID:1018,STAGE:4,SEQUENCE:1324,DATA:{'time': 1723304855.11, 'user-id': '1018', 'source': 'HAI Interface', 'destination-index': '3', 'study-stage': '4', 'decision-state': 0, 'vitals-state': '1', 'airspace-state': 0, 'data': {'page': 'Inflight', 'action': 'Engine failure emergency- show more info button pressed'}}
INFO:root:1723304857.318556,ID:1018,STAGE:4,SEQUENCE:1324,DATA:{'time': 1723304857.309, 'user-id': '1018', 'source': 'HAI Interface', 'destination-index': '3', 'study-stage': '4', 'decision-state': 0, 'vitals-state': '1', 'airspace-state': 0, 'data': {'page': 'emergency', 'action': 'trying to change destination to19'}}
INFO:root:1723304862.292769,ID:1018,STAGE:4,SEQUENCE:1324,DATA:{'time': 1723304862.286, 'user-id': '1018', 'source': 'HAI Interface', 'destination-index': '3', 'study-stage': '4', 'decision-state': 0, 'vitals-state': '1', 'airspace-state': 0, 'data': {'page': 'emergency', 'action': 'trying to change destination to19'}}
INFO:root:voice activity detected
INFO:root:recording started
INFO:root:1723304866.465057,ID:1018,STAGE:4,SEQUENCE:1324,DATA:{'time': 1723304866.461, 'user-id': '1018', 'source': 'HAI Interface', 'destination-index': '3', 'study-stage': '4', 'decision-state': 0, 'vitals-state': '1', 'airspace-state': 0, 'data': {'page': 'Inflight', 'action': 'Engine failure emergency- close button pressed'}}
INFO:root:1723304866.469047,ID:1018,STAGE:4,SEQUENCE:1324,DATA:{'time': 1723304866.462, 'user-id': '1018', 'source': 'HAI Interface', 'destination-index': '3', 'study-stage': '4', 'decision-state': 0, 'vitals-state': '1', 'airspace-state': 0, 'data': {'page': 'Inflight', 'action': 'change destination button pressed'}}
INFO:root:voice deactivity detected
INFO:root:recording stopped
INFO:root:1723304866.662654,ID:1018,STAGE:4,SEQUENCE:1324,DATA:{'time': 1723304866.621, 'user-id': 'none', 'source': 'HAI Interface', 'destination-index': 3, 'study-stage': -1, 'decision-state': 0, 'vitals-state': 0, 'airspace-state': 0, 'data': {'page': 'emergency-landing', 'action': 'opened page'}}
INFO:root:1723304868.080503,ID:1018,STAGE:4,SEQUENCE:1324,DATA:{'time': 1723304868.069, 'user-id': '1018', 'source': 'HAI Interface', 'destination-index': '3', 'study-stage': '4', 'decision-state': 0, 'vitals-state': '1', 'airspace-state': 0, 'data': {'page': 'map', 'action': 'selected helipad', 'value': '21'}}
INFO:root:1723304868.083099,ID:1018,STAGE:4,SEQUENCE:1324,DATA:{'time': 1723304868.07, 'user-id': '1018', 'source': 'HAI Interface', 'destination-index': '3', 'study-stage': '4', 'decision-state': 0, 'vitals-state': '1', 'airspace-state': 0, 'data': {'page': 'map', 'action': 'set destination', 'value': -1}}
INFO:root:1723304868.256993,ID:1018,STAGE:4,SEQUENCE:1324,DATA:{'time': 1723304868.251, 'user-id': '1018', 'source': 'HAI Interface', 'destination-index': '3', 'study-stage': '4', 'decision-state': 0, 'vitals-state': '1', 'airspace-state': 0, 'data': {'page': 'map', 'action': 'show map'}}
INFO:root:1723304868.260982,ID:1018,STAGE:4,SEQUENCE:1324,DATA:{'time': 1723304868.252, 'user-id': '1018', 'source': 'HAI Interface', 'destination-index': '3', 'study-stage': '4', 'decision-state': 0, 'vitals-state': '1', 'airspace-state': 0, 'data': {'page': 'map', 'action': 'selected helipad', 'value': '21'}}
INFO:root:1723304868.267595,ID:1018,STAGE:4,SEQUENCE:1324,DATA:{'time': 1723304868.252, 'user-id': '1018', 'source': 'HAI Interface', 'destination-index': '3', 'study-stage': '4', 'decision-state': 0, 'vitals-state': '1', 'airspace-state': 0, 'data': {'page': 'map', 'action': 'set destination', 'value': '3'}}
INFO:root:1723304870.735691,ID:1018,STAGE:4,SEQUENCE:1324,DATA:{'time': 1723304870.72, 'user-id': '1018', 'source': 'HAI Interface', 'destination-index': '3', 'study-stage': '4', 'decision-state': 0, 'vitals-state': '1', 'airspace-state': 0, 'data': {'page': 'map', 'action': 'selected helipad', 'value': '5'}}
INFO:root:1723304870.744181,ID:1018,STAGE:4,SEQUENCE:1324,DATA:{'time': 1723304870.72, 'user-id': '1018', 'source': 'HAI Interface', 'destination-index': '3', 'study-stage': '4', 'decision-state': 0, 'vitals-state': '1', 'airspace-state': 0, 'data': {'page': 'map', 'action': 'set destination', 'value': '3'}}
INFO:root:1723304870.8842,ID:1018,STAGE:4,SEQUENCE:1324,DATA:{'time': 1723304870.875, 'user-id': '1018', 'source': 'HAI Interface', 'destination-index': '3', 'study-stage': '4', 'decision-state': 0, 'vitals-state': '1', 'airspace-state': 0, 'data': {'page': 'map', 'action': 'changing helipad', 'value': '5'}}
INFO:root:1723304871.812818,ID:1018,STAGE:4,SEQUENCE:1324,DATA:{'time': 1723304871.802, 'user-id': '1018', 'source': 'HAI Interface', 'destination-index': '3', 'study-stage': '4', 'decision-state': 0, 'vitals-state': '1', 'airspace-state': 0, 'data': {'page': 'emergency', 'action': 'trying to change destination to100'}}
