INFO:root:1723301611.816197,ID:1018,STAGE:1,SEQUENCE:0,DATA:{'time': 1723301611.813, 'user-id': '1018', 'source': 'HAI Interface', 'destination-index': 'None', 'study-stage': 1, 'decision-state': 0, 'vitals-state': 0, 'airspace-state': 0, 'data': {'page': 'map', 'action': 'selected helipad', 'value': '21'}}
INFO:root:1723301643.776018,ID:1018,STAGE:1,SEQUENCE:1324,DATA:{'time': 1723301643.772, 'user-id': '1018', 'source': 'HAI Interface', 'destination-index': 'None', 'study-stage': '1', 'decision-state': 0, 'vitals-state': 0, 'airspace-state': 0, 'data': {'page': 'index', 'action': 'confirm button pressed'}}
INFO:root:1723301643.877272,ID:1018,STAGE:1,SEQUENCE:1324,DATA:{'time': 1723301643.871, 'user-id': 'none', 'source': 'HAI Interface', 'destination-index': 3, 'study-stage': -1, 'decision-state': 0, 'vitals-state': 0, 'airspace-state': 0, 'data': {'page': 'location', 'action': 'opened page'}}
INFO:root:Takeoff radiocomms initiated
INFO:comtypes.client._code_cache:Imported existing <module 'comtypes.gen' from 'C:\\Users\\ae-dagbeyibor3\\AppData\\Local\\Programs\\Python\\Python312\\Lib\\site-packages\\comtypes\\gen\\__init__.py'>
INFO:comtypes.client._code_cache:Using writeable comtypes cache directory: 'C:\Users\ae-dagbeyibor3\AppData\Local\Programs\Python\Python312\Lib\site-packages\comtypes\gen'
INFO:root:1723301644.843393,ID:1018,STAGE:1,SEQUENCE:1324,DATA:{'time': 1723301644.839, 'user-id': '1018', 'source': 'HAI Interface', 'destination-index': 'None', 'study-stage': '1', 'decision-state': 0, 'vitals-state': 0, 'airspace-state': 0, 'data': {'page': 'map', 'action': 'selected helipad', 'value': '21'}}
INFO:root:1723301656.893954,ID:1018,STAGE:1,SEQUENCE:1324,DATA:{'time': 1723301656.891, 'user-id': '1018', 'source': 'HAI Interface', 'destination-index': 'None', 'study-stage': '1', 'decision-state': 0, 'vitals-state': 0, 'airspace-state': 0, 'data': {'page': 'location', 'action': 'confirm button pressed'}}
INFO:root:1723301657.077156,ID:1018,STAGE:1,SEQUENCE:1324,DATA:{'time': 1723301657.064, 'user-id': 'none', 'source': 'HAI Interface', 'destination-index': 3, 'study-stage': -1, 'decision-state': 0, 'vitals-state': 0, 'airspace-state': 0, 'data': {'page': 'checklist', 'action': 'opened page', 'inflight': False}}
INFO:root:1723301658.042607,ID:1018,STAGE:1,SEQUENCE:1324,DATA:{'time': 1723301658.04, 'user-id': '1018', 'source': 'HAI Interface', 'destination-index': '3', 'study-stage': '1', 'decision-state': 0, 'vitals-state': 0, 'airspace-state': 0, 'data': {'page': 'map', 'action': 'selected helipad', 'value': '21'}}
INFO:root:1723301686.10809,ID:1018,STAGE:1,SEQUENCE:1324,DATA:{'time': 1723301686.104, 'user-id': '1018', 'source': 'HAI Interface', 'destination-index': '3', 'study-stage': '1', 'decision-state': 0, 'vitals-state': 0, 'airspace-state': 0, 'data': {'page': 'checklist', 'action': 'toggled checkbox', 'inflight': False, 'item': 1, 'value': 'OFF'}}
INFO:root:1723301686.360105,ID:1018,STAGE:1,SEQUENCE:1324,DATA:{'time': 1723301686.357, 'user-id': '1018', 'source': 'HAI Interface', 'destination-index': '3', 'study-stage': '1', 'decision-state': 0, 'vitals-state': 0, 'airspace-state': 0, 'data': {'page': 'checklist', 'action': 'toggled checkbox', 'inflight': False, 'item': 0, 'value': 'OFF'}}
INFO:root:1723301686.87933,ID:1018,STAGE:1,SEQUENCE:1324,DATA:{'time': 1723301686.877, 'user-id': '1018', 'source': 'HAI Interface', 'destination-index': '3', 'study-stage': '1', 'decision-state': 0, 'vitals-state': 0, 'airspace-state': 0, 'data': {'page': 'checklist', 'action': 'toggled checkbox', 'inflight': False, 'item': 2, 'value': 'OFF'}}
INFO:root:1723301686.881325,ID:1018,STAGE:1,SEQUENCE:1324,DATA:{'time': 1723301686.877, 'user-id': '1018', 'source': 'HAI Interface', 'destination-index': '3', 'study-stage': '1', 'decision-state': 0, 'vitals-state': 0, 'airspace-state': 0, 'data': {'page': 'checklist', 'action': 'showing confirm button', 'inflight': False}}
INFO:root:1723301687.332414,ID:1018,STAGE:1,SEQUENCE:1324,DATA:{'time': 1723301687.329, 'user-id': '1018', 'source': 'HAI Interface', 'destination-index': '3', 'study-stage': '1', 'decision-state': 0, 'vitals-state': 0, 'airspace-state': 0, 'data': {'page': 'checklist', 'action': 'confirm button clicked', 'inflight': False}}
INFO:root:1723301687.427876,ID:1018,STAGE:1,SEQUENCE:1324,DATA:{'time': 1723301687.42, 'user-id': 'none', 'source': 'HAI Interface', 'destination-index': 3, 'study-stage': -1, 'decision-state': 0, 'vitals-state': 0, 'airspace-state': 0, 'data': {'page': 'countdown', 'action': 'opened page'}}
INFO:root:1723301688.392463,ID:1018,STAGE:1,SEQUENCE:1324,DATA:{'time': 1723301688.389, 'user-id': '1018', 'source': 'HAI Interface', 'destination-index': '3', 'study-stage': '1', 'decision-state': 0, 'vitals-state': 0, 'airspace-state': 0, 'data': {'page': 'map', 'action': 'selected helipad', 'value': '21'}}
INFO:root:1723301688.425796,ID:1018,STAGE:1,SEQUENCE:1324,DATA:{'time': 1723301688.424, 'user-id': '1018', 'source': 'HAI Interface', 'destination-index': '3', 'study-stage': '1', 'decision-state': 0, 'vitals-state': 0, 'airspace-state': 0, 'data': {'page': 'countdown', 'action': 'countdown now 4'}}
INFO:root:1723301689.42619,ID:1018,STAGE:1,SEQUENCE:1324,DATA:{'time': 1723301689.423, 'user-id': '1018', 'source': 'HAI Interface', 'destination-index': '3', 'study-stage': '1', 'decision-state': 0, 'vitals-state': 0, 'airspace-state': 0, 'data': {'page': 'countdown', 'action': 'countdown now 3'}}
INFO:root:1723301690.427385,ID:1018,STAGE:1,SEQUENCE:1324,DATA:{'time': 1723301690.424, 'user-id': '1018', 'source': 'HAI Interface', 'destination-index': '3', 'study-stage': '1', 'decision-state': 0, 'vitals-state': 0, 'airspace-state': 0, 'data': {'page': 'countdown', 'action': 'countdown now 2'}}
INFO:root:1723301691.425901,ID:1018,STAGE:1,SEQUENCE:1324,DATA:{'time': 1723301691.423, 'user-id': '1018', 'source': 'HAI Interface', 'destination-index': '3', 'study-stage': '1', 'decision-state': 0, 'vitals-state': 0, 'airspace-state': 0, 'data': {'page': 'countdown', 'action': 'countdown now 1'}}
INFO:root:1723301692.426047,ID:1018,STAGE:1,SEQUENCE:1324,DATA:{'time': 1723301692.424, 'user-id': '1018', 'source': 'HAI Interface', 'destination-index': '3', 'study-stage': '1', 'decision-state': 0, 'vitals-state': 0, 'airspace-state': 0, 'data': {'page': 'countdown', 'action': 'countdown now 0'}}
INFO:root:1723301693.425838,ID:1018,STAGE:1,SEQUENCE:1324,DATA:{'time': 1723301693.421, 'user-id': '1018', 'source': 'HAI Interface', 'destination-index': '3', 'study-stage': '1', 'decision-state': 0, 'vitals-state': 0, 'airspace-state': 0, 'data': {'page': 'countdown', 'action': 'countdown complete'}}
INFO:root:1723301694.730271,ID:1018,STAGE:1,SEQUENCE:1324,DATA:{'time': 1723301694.725, 'user-id': '1018', 'source': 'HAI Interface', 'destination-index': '3', 'study-stage': '1', 'decision-state': 0, 'vitals-state': 0, 'airspace-state': 0, 'data': {'page': 'map', 'action': 'selected helipad', 'value': '21'}}
INFO:root:1723301698.897579,ID:1018,STAGE:1,SEQUENCE:1324,DATA:{'time': 1723301698.893, 'user-id': '1018', 'source': 'HAI Interface', 'destination-index': '3', 'study-stage': '1', 'decision-state': 0, 'vitals-state': 0, 'airspace-state': 0, 'data': {'page': 'emergency', 'action': 'trying to change destination to100'}}
INFO:root:1723301703.892959,ID:1018,STAGE:1,SEQUENCE:1324,DATA:{'time': 1723301703.889, 'user-id': '1018', 'source': 'HAI Interface', 'destination-index': '3', 'study-stage': '1', 'decision-state': 0, 'vitals-state': 0, 'airspace-state': 0, 'data': {'page': 'emergency', 'action': 'trying to change destination to19'}}
INFO:root:1723301708.896952,ID:1018,STAGE:1,SEQUENCE:1324,DATA:{'time': 1723301708.893, 'user-id': '1018', 'source': 'HAI Interface', 'destination-index': '3', 'study-stage': '1', 'decision-state': 0, 'vitals-state': 0, 'airspace-state': 0, 'data': {'page': 'emergency', 'action': 'trying to change destination to19'}}
INFO:root:1723301713.998621,ID:1018,STAGE:1,SEQUENCE:1324,DATA:{'time': 1723301713.992, 'user-id': '1018', 'source': 'HAI Interface', 'destination-index': '3', 'study-stage': '1', 'decision-state': 0, 'vitals-state': 0, 'airspace-state': 0, 'data': {'page': 'emergency', 'action': 'trying to change destination to19'}}
INFO:root:1723301718.928637,ID:1018,STAGE:1,SEQUENCE:1324,DATA:{'time': 1723301718.923, 'user-id': '1018', 'source': 'HAI Interface', 'destination-index': '3', 'study-stage': '1', 'decision-state': 0, 'vitals-state': 0, 'airspace-state': 0, 'data': {'page': 'emergency', 'action': 'trying to change destination to19'}}
INFO:root:1723301723.940477,ID:1018,STAGE:1,SEQUENCE:1324,DATA:{'time': 1723301723.936, 'user-id': '1018', 'source': 'HAI Interface', 'destination-index': '3', 'study-stage': '1', 'decision-state': 0, 'vitals-state': 0, 'airspace-state': 0, 'data': {'page': 'emergency', 'action': 'trying to change destination to19'}}
INFO:root:1723301728.909548,ID:1018,STAGE:1,SEQUENCE:1324,DATA:{'time': 1723301728.905, 'user-id': '1018', 'source': 'HAI Interface', 'destination-index': '3', 'study-stage': '1', 'decision-state': 0, 'vitals-state': 0, 'airspace-state': 0, 'data': {'page': 'emergency', 'action': 'trying to change destination to19'}}
INFO:SimConnect.SimConnect:SIM Paused
INFO:root:1723301733.819586,ID:1018,STAGE:1,SEQUENCE:1324,DATA:{'time': 1723301733.815, 'user-id': '1018', 'source': 'HAI Interface', 'destination-index': '3', 'study-stage': '1', 'decision-state': 0, 'vitals-state': 0, 'airspace-state': 0, 'data': {'page': 'emergency', 'action': 'trying to change destination to19'}}
INFO:root:1723301738.85429,ID:1018,STAGE:1,SEQUENCE:1324,DATA:{'time': 1723301738.851, 'user-id': '1018', 'source': 'HAI Interface', 'destination-index': '3', 'study-stage': '1', 'decision-state': 0, 'vitals-state': 0, 'airspace-state': 0, 'data': {'page': 'emergency', 'action': 'trying to change destination to19'}}
INFO:root:1723301743.817384,ID:1018,STAGE:1,SEQUENCE:1324,DATA:{'time': 1723301743.813, 'user-id': '1018', 'source': 'HAI Interface', 'destination-index': '3', 'study-stage': '1', 'decision-state': 0, 'vitals-state': 0, 'airspace-state': 0, 'data': {'page': 'emergency', 'action': 'trying to change destination to19'}}
INFO:root:1723301748.848519,ID:1018,STAGE:1,SEQUENCE:1324,DATA:{'time': 1723301748.844, 'user-id': '1018', 'source': 'HAI Interface', 'destination-index': '3', 'study-stage': '1', 'decision-state': 0, 'vitals-state': 0, 'airspace-state': 0, 'data': {'page': 'emergency', 'action': 'trying to change destination to19'}}
INFO:root:1723301753.842381,ID:1018,STAGE:1,SEQUENCE:1324,DATA:{'time': 1723301753.837, 'user-id': '1018', 'source': 'HAI Interface', 'destination-index': '3', 'study-stage': '1', 'decision-state': 0, 'vitals-state': 0, 'airspace-state': 0, 'data': {'page': 'emergency', 'action': 'trying to change destination to19'}}
INFO:root:1723301758.854438,ID:1018,STAGE:1,SEQUENCE:1324,DATA:{'time': 1723301758.848, 'user-id': '1018', 'source': 'HAI Interface', 'destination-index': '3', 'study-stage': '1', 'decision-state': 0, 'vitals-state': 0, 'airspace-state': 0, 'data': {'page': 'emergency', 'action': 'trying to change destination to19'}}
INFO:root:1723301994.691057,ID:1018,STAGE:1,SEQUENCE:1324,DATA:{'time': 1723301994.687, 'user-id': '1018', 'source': 'HAI Interface', 'destination-index': 'None', 'study-stage': '1', 'decision-state': 0, 'vitals-state': 0, 'airspace-state': 0, 'data': {'page': 'index', 'action': 'confirm button pressed'}}
INFO:root:1723301994.803596,ID:1018,STAGE:1,SEQUENCE:1324,DATA:{'time': 1723301994.793, 'user-id': 'none', 'source': 'HAI Interface', 'destination-index': 3, 'study-stage': -1, 'decision-state': 0, 'vitals-state': 0, 'airspace-state': 0, 'data': {'page': 'location', 'action': 'opened page'}}
INFO:root:1723301995.76146,ID:1018,STAGE:1,SEQUENCE:1324,DATA:{'time': 1723301995.758, 'user-id': '1018', 'source': 'HAI Interface', 'destination-index': 'None', 'study-stage': '1', 'decision-state': 0, 'vitals-state': 0, 'airspace-state': 0, 'data': {'page': 'map', 'action': 'selected helipad', 'value': '21'}}
INFO:root:Takeoff radiocomms initiated
INFO:comtypes.client._code_cache:Imported existing <module 'comtypes.gen' from 'C:\\Users\\ae-dagbeyibor3\\AppData\\Local\\Programs\\Python\\Python312\\Lib\\site-packages\\comtypes\\gen\\__init__.py'>
INFO:comtypes.client._code_cache:Using writeable comtypes cache directory: 'C:\Users\ae-dagbeyibor3\AppData\Local\Programs\Python\Python312\Lib\site-packages\comtypes\gen'
INFO:root:Takeoff radiocomms clear request sent
INFO:root:1723302014.289495,ID:1018,STAGE:1,SEQUENCE:1324,DATA:{'time': 1723302014.286, 'user-id': '1018', 'source': 'HAI Interface', 'destination-index': 'None', 'study-stage': '1', 'decision-state': 0, 'vitals-state': 0, 'airspace-state': 0, 'data': {'page': 'location', 'action': 'confirm button pressed'}}
INFO:root:1723302014.541133,ID:1018,STAGE:1,SEQUENCE:1324,DATA:{'time': 1723302014.533, 'user-id': 'none', 'source': 'HAI Interface', 'destination-index': 3, 'study-stage': -1, 'decision-state': 0, 'vitals-state': 0, 'airspace-state': 0, 'data': {'page': 'checklist', 'action': 'opened page', 'inflight': False}}
INFO:root:1723302015.513152,ID:1018,STAGE:1,SEQUENCE:1324,DATA:{'time': 1723302015.508, 'user-id': '1018', 'source': 'HAI Interface', 'destination-index': '3', 'study-stage': '1', 'decision-state': 0, 'vitals-state': 0, 'airspace-state': 0, 'data': {'page': 'map', 'action': 'selected helipad', 'value': '21'}}
INFO:root:1723302017.719256,ID:1018,STAGE:1,SEQUENCE:1324,DATA:{'time': 1723302017.716, 'user-id': '1018', 'source': 'HAI Interface', 'destination-index': '3', 'study-stage': '1', 'decision-state': 0, 'vitals-state': 0, 'airspace-state': 0, 'data': {'page': 'checklist', 'action': 'toggled checkbox', 'inflight': False, 'item': 0, 'value': 'OFF'}}
INFO:root:1723302018.633589,ID:1018,STAGE:1,SEQUENCE:1324,DATA:{'time': 1723302018.631, 'user-id': '1018', 'source': 'HAI Interface', 'destination-index': '3', 'study-stage': '1', 'decision-state': 0, 'vitals-state': 0, 'airspace-state': 0, 'data': {'page': 'checklist', 'action': 'toggled checkbox', 'inflight': False, 'item': 1, 'value': 'OFF'}}
INFO:root:1723302019.363734,ID:1018,STAGE:1,SEQUENCE:1324,DATA:{'time': 1723302019.36, 'user-id': '1018', 'source': 'HAI Interface', 'destination-index': '3', 'study-stage': '1', 'decision-state': 0, 'vitals-state': 0, 'airspace-state': 0, 'data': {'page': 'checklist', 'action': 'toggled checkbox', 'inflight': False, 'item': 2, 'value': 'OFF'}}
INFO:root:1723302019.366753,ID:1018,STAGE:1,SEQUENCE:1324,DATA:{'time': 1723302019.361, 'user-id': '1018', 'source': 'HAI Interface', 'destination-index': '3', 'study-stage': '1', 'decision-state': 0, 'vitals-state': 0, 'airspace-state': 0, 'data': {'page': 'checklist', 'action': 'showing confirm button', 'inflight': False}}
INFO:root:1723302021.480641,ID:1018,STAGE:1,SEQUENCE:1324,DATA:{'time': 1723302021.477, 'user-id': '1018', 'source': 'HAI Interface', 'destination-index': '3', 'study-stage': '1', 'decision-state': 0, 'vitals-state': 0, 'airspace-state': 0, 'data': {'page': 'checklist', 'action': 'confirm button clicked', 'inflight': False}}
INFO:root:1723302021.589551,ID:1018,STAGE:1,SEQUENCE:1324,DATA:{'time': 1723302021.575, 'user-id': 'none', 'source': 'HAI Interface', 'destination-index': 3, 'study-stage': -1, 'decision-state': 0, 'vitals-state': 0, 'airspace-state': 0, 'data': {'page': 'countdown', 'action': 'opened page'}}
INFO:root:1723302022.54666,ID:1018,STAGE:1,SEQUENCE:1324,DATA:{'time': 1723302022.542, 'user-id': '1018', 'source': 'HAI Interface', 'destination-index': '3', 'study-stage': '1', 'decision-state': 0, 'vitals-state': 0, 'airspace-state': 0, 'data': {'page': 'map', 'action': 'selected helipad', 'value': '21'}}
INFO:root:1723302022.594583,ID:1018,STAGE:1,SEQUENCE:1324,DATA:{'time': 1723302022.59, 'user-id': '1018', 'source': 'HAI Interface', 'destination-index': '3', 'study-stage': '1', 'decision-state': 0, 'vitals-state': 0, 'airspace-state': 0, 'data': {'page': 'countdown', 'action': 'countdown now 4'}}
INFO:root:1723302023.596217,ID:1018,STAGE:1,SEQUENCE:1324,DATA:{'time': 1723302023.592, 'user-id': '1018', 'source': 'HAI Interface', 'destination-index': '3', 'study-stage': '1', 'decision-state': 0, 'vitals-state': 0, 'airspace-state': 0, 'data': {'page': 'countdown', 'action': 'countdown now 3'}}
INFO:root:1723302024.585609,ID:1018,STAGE:1,SEQUENCE:1324,DATA:{'time': 1723302024.582, 'user-id': '1018', 'source': 'HAI Interface', 'destination-index': '3', 'study-stage': '1', 'decision-state': 0, 'vitals-state': 0, 'airspace-state': 0, 'data': {'page': 'countdown', 'action': 'countdown now 2'}}
INFO:root:1723302025.596718,ID:1018,STAGE:1,SEQUENCE:1324,DATA:{'time': 1723302025.591, 'user-id': '1018', 'source': 'HAI Interface', 'destination-index': '3', 'study-stage': '1', 'decision-state': 0, 'vitals-state': 0, 'airspace-state': 0, 'data': {'page': 'countdown', 'action': 'countdown now 1'}}
INFO:root:1723302026.591237,ID:1018,STAGE:1,SEQUENCE:1324,DATA:{'time': 1723302026.588, 'user-id': '1018', 'source': 'HAI Interface', 'destination-index': '3', 'study-stage': '1', 'decision-state': 0, 'vitals-state': 0, 'airspace-state': 0, 'data': {'page': 'countdown', 'action': 'countdown now 0'}}
INFO:root:1723302027.591165,ID:1018,STAGE:1,SEQUENCE:1324,DATA:{'time': 1723302027.586, 'user-id': '1018', 'source': 'HAI Interface', 'destination-index': '3', 'study-stage': '1', 'decision-state': 0, 'vitals-state': 0, 'airspace-state': 0, 'data': {'page': 'countdown', 'action': 'countdown complete'}}
INFO:root:1723302028.928913,ID:1018,STAGE:1,SEQUENCE:1324,DATA:{'time': 1723302028.924, 'user-id': '1018', 'source': 'HAI Interface', 'destination-index': '3', 'study-stage': '1', 'decision-state': 0, 'vitals-state': 0, 'airspace-state': 0, 'data': {'page': 'map', 'action': 'selected helipad', 'value': '21'}}
INFO:root:1723302033.093265,ID:1018,STAGE:1,SEQUENCE:1324,DATA:{'time': 1723302033.086, 'user-id': '1018', 'source': 'HAI Interface', 'destination-index': '3', 'study-stage': '1', 'decision-state': 0, 'vitals-state': 0, 'airspace-state': 0, 'data': {'page': 'emergency', 'action': 'trying to change destination to100'}}
INFO:root:Inflight Radio Update asked
INFO:root:sent request to set radio update complete
INFO:root:1723302038.139917,ID:1018,STAGE:1,SEQUENCE:1324,DATA:{'time': 1723302038.133, 'user-id': '1018', 'source': 'HAI Interface', 'destination-index': '3', 'study-stage': '1', 'decision-state': 0, 'vitals-state': 0, 'airspace-state': 0, 'data': {'page': 'emergency', 'action': 'trying to change destination to19'}}
INFO:root:1723302043.165508,ID:1018,STAGE:1,SEQUENCE:1324,DATA:{'time': 1723302043.161, 'user-id': '1018', 'source': 'HAI Interface', 'destination-index': '3', 'study-stage': '1', 'decision-state': 0, 'vitals-state': 0, 'airspace-state': 0, 'data': {'page': 'emergency', 'action': 'trying to change destination to19'}}
INFO:root:1723302048.105809,ID:1018,STAGE:1,SEQUENCE:1324,DATA:{'time': 1723302048.102, 'user-id': '1018', 'source': 'HAI Interface', 'destination-index': '3', 'study-stage': '1', 'decision-state': 0, 'vitals-state': 0, 'airspace-state': 0, 'data': {'page': 'emergency', 'action': 'trying to change destination to19'}}
INFO:root:1723302050.386271,ID:1018,STAGE:1,SEQUENCE:1324,DATA:{'time': 1723302050.383, 'user-id': '1018', 'source': 'HAI Interface', 'destination-index': '3', 'study-stage': '1', 'decision-state': 0, 'vitals-state': 0, 'airspace-state': 0, 'data': {'action': 'radio panel opened'}}
INFO:root:1723302053.128621,ID:1018,STAGE:1,SEQUENCE:1324,DATA:{'time': 1723302053.123, 'user-id': '1018', 'source': 'HAI Interface', 'destination-index': '3', 'study-stage': '1', 'decision-state': 0, 'vitals-state': 0, 'airspace-state': 0, 'data': {'page': 'emergency', 'action': 'trying to change destination to19'}}
INFO:root:1723302058.069672,ID:1018,STAGE:1,SEQUENCE:1324,DATA:{'time': 1723302058.063, 'user-id': '1018', 'source': 'HAI Interface', 'destination-index': '3', 'study-stage': '1', 'decision-state': 0, 'vitals-state': 0, 'airspace-state': 0, 'data': {'action': 'transmit button pressed'}}
INFO:root:1723302058.070674,ID:1018,STAGE:1,SEQUENCE:1324,DATA:{'time': 1723302058.063, 'user-id': '1018', 'source': 'HAI Interface', 'destination-index': '3', 'study-stage': '1', 'decision-state': 0, 'vitals-state': 0, 'airspace-state': 0, 'data': {'action': 'callsign set to: + NASXGS'}}
INFO:root:1723302058.071672,ID:1018,STAGE:1,SEQUENCE:1324,DATA:{'time': 1723302058.064, 'user-id': '1018', 'source': 'HAI Interface', 'destination-index': '3', 'study-stage': '1', 'decision-state': 0, 'vitals-state': 0, 'airspace-state': 0, 'data': {'action': 'radio set to:Comm1'}}
INFO:root:1723302058.072669,ID:1018,STAGE:1,SEQUENCE:1324,DATA:{'time': 1723302058.064, 'user-id': '1018', 'source': 'HAI Interface', 'destination-index': '3', 'study-stage': '1', 'decision-state': 0, 'vitals-state': 0, 'airspace-state': 0, 'data': {'page': 'map', 'action': 'show map'}}
INFO:root:1723302058.07623,ID:1018,STAGE:1,SEQUENCE:1324,DATA:{'time': 1723302058.065, 'user-id': '1018', 'source': 'HAI Interface', 'destination-index': '3', 'study-stage': '1', 'decision-state': 0, 'vitals-state': 0, 'airspace-state': 0, 'data': {'page': 'map', 'action': 'selected helipad', 'value': '21'}}
INFO:root:1723302058.080938,ID:1018,STAGE:1,SEQUENCE:1324,DATA:{'time': 1723302058.072, 'user-id': '1018', 'source': 'HAI Interface', 'destination-index': '3', 'study-stage': '1', 'decision-state': 0, 'vitals-state': 0, 'airspace-state': 0, 'data': {'action': 'NASXGStransmitting updates onComm1123.45 MHz'}}
INFO:root:1723302058.124674,ID:1018,STAGE:1,SEQUENCE:1324,DATA:{'time': 1723302058.117, 'user-id': '1018', 'source': 'HAI Interface', 'destination-index': '3', 'study-stage': '1', 'decision-state': 0, 'vitals-state': 0, 'airspace-state': 0, 'data': {'page': 'emergency', 'action': 'trying to change destination to19'}}
INFO:root:1723302063.09969,ID:1018,STAGE:1,SEQUENCE:1324,DATA:{'time': 1723302063.094, 'user-id': '1018', 'source': 'HAI Interface', 'destination-index': '3', 'study-stage': '1', 'decision-state': 0, 'vitals-state': 0, 'airspace-state': 0, 'data': {'page': 'emergency', 'action': 'trying to change destination to19'}}
INFO:root:1723302068.130512,ID:1018,STAGE:1,SEQUENCE:1324,DATA:{'time': 1723302068.125, 'user-id': '1018', 'source': 'HAI Interface', 'destination-index': '3', 'study-stage': '1', 'decision-state': 0, 'vitals-state': 0, 'airspace-state': 0, 'data': {'page': 'emergency', 'action': 'trying to change destination to19'}}
INFO:root:1723302073.096114,ID:1018,STAGE:1,SEQUENCE:1324,DATA:{'time': 1723302073.092, 'user-id': '1018', 'source': 'HAI Interface', 'destination-index': '3', 'study-stage': '1', 'decision-state': 0, 'vitals-state': 0, 'airspace-state': 0, 'data': {'page': 'emergency', 'action': 'trying to change destination to19'}}
INFO:root:1723302075.420314,ID:1018,STAGE:1,SEQUENCE:1324,DATA:{'time': 1723302075.415, 'user-id': '1018', 'source': 'HAI Interface', 'destination-index': '3', 'study-stage': '1', 'decision-state': 0, 'vitals-state': 0, 'airspace-state': 0, 'data': {'page': 'map', 'action': 'hide map'}}
INFO:root:1723302078.097467,ID:1018,STAGE:1,SEQUENCE:1324,DATA:{'time': 1723302078.093, 'user-id': '1018', 'source': 'HAI Interface', 'destination-index': '3', 'study-stage': '1', 'decision-state': 0, 'vitals-state': 0, 'airspace-state': 0, 'data': {'page': 'emergency', 'action': 'trying to change destination to19'}}
INFO:root:1723302082.421271,ID:1018,STAGE:1,SEQUENCE:1324,DATA:{'time': 1723302082.416, 'user-id': '1018', 'source': 'HAI Interface', 'destination-index': '3', 'study-stage': '1', 'decision-state': 0, 'vitals-state': 0, 'airspace-state': 0, 'data': {'page': 'inflight', 'action': 'displaying vitals prompt'}}
INFO:root:1723302083.106625,ID:1018,STAGE:1,SEQUENCE:1324,DATA:{'time': 1723302083.102, 'user-id': '1018', 'source': 'HAI Interface', 'destination-index': '3', 'study-stage': '1', 'decision-state': 0, 'vitals-state': 0, 'airspace-state': 0, 'data': {'page': 'emergency', 'action': 'trying to change destination to19'}}
INFO:root:1723302088.126454,ID:1018,STAGE:1,SEQUENCE:1324,DATA:{'time': 1723302088.122, 'user-id': '1018', 'source': 'HAI Interface', 'destination-index': '3', 'study-stage': '1', 'decision-state': 0, 'vitals-state': 0, 'airspace-state': 0, 'data': {'page': 'emergency', 'action': 'trying to change destination to19'}}
INFO:root:1723302092.93459,ID:1018,STAGE:1,SEQUENCE:1324,DATA:{'time': 1723302092.926, 'source': 'VitalsTask', 'timer': 2134.887, 'data': {'sensor': 'Heart Rate', 'action': 'opened sensor tab'}}
INFO:root:1723302093.076261,ID:1018,STAGE:1,SEQUENCE:1324,DATA:{'time': 1723302093.072, 'user-id': '1018', 'source': 'HAI Interface', 'destination-index': '3', 'study-stage': '1', 'decision-state': 0, 'vitals-state': 0, 'airspace-state': 0, 'data': {'page': 'emergency', 'action': 'trying to change destination to19'}}
INFO:root:1723302094.715309,ID:1018,STAGE:1,SEQUENCE:1324,DATA:{'time': 1723302094.708, 'source': 'VitalsTask', 'timer': 2136.669, 'data': {'sensor': 'Heart Rate', 'action': 'capture', 'data': 'action button pressed'}}
INFO:root:1723302094.716834,ID:1018,STAGE:1,SEQUENCE:1324,DATA:{'time': 1723302094.709, 'source': 'VitalsTask', 'timer': 2136.67, 'data': {'sensor': 'Heart Rate', 'action': 'capture', 'data': 'starting sensor action'}}
INFO:root:1723302095.725308,ID:1018,STAGE:1,SEQUENCE:1324,DATA:{'time': 1723302095.718, 'source': 'VitalsTask', 'timer': 2137.679, 'data': {'sensor': 'Heart Rate', 'action': 'capture', 'data': 'sensor action complete'}}
INFO:root:1723302095.727302,ID:1018,STAGE:1,SEQUENCE:1324,DATA:{'time': 1723302095.719, 'source': 'VitalsTask', 'timer': 2137.68, 'data': {'sensor': 'Heart Rate', 'action': 'keypad open'}}
INFO:root:1723302097.116983,ID:1018,STAGE:1,SEQUENCE:1324,DATA:{'time': 1723302097.11, 'source': 'VitalsTask', 'timer': 2139.071, 'data': {'sensor': 'Heart Rate', 'action': 'keypad press', 'key': 5, 'value': 5}}
INFO:root:1723302097.283134,ID:1018,STAGE:1,SEQUENCE:1324,DATA:{'time': 1723302097.276, 'source': 'VitalsTask', 'timer': 2139.237, 'data': {'sensor': 'Heart Rate', 'action': 'keypad press', 'key': 5, 'value': 55}}
INFO:root:1723302098.154624,ID:1018,STAGE:1,SEQUENCE:1324,DATA:{'time': 1723302098.146, 'user-id': '1018', 'source': 'HAI Interface', 'destination-index': '3', 'study-stage': '1', 'decision-state': 0, 'vitals-state': 0, 'airspace-state': 0, 'data': {'page': 'emergency', 'action': 'trying to change destination to19'}}
INFO:root:1723302099.176894,ID:1018,STAGE:1,SEQUENCE:1324,DATA:{'time': 1723302099.17, 'source': 'VitalsTask', 'timer': 2141.131, 'data': {'sensor': 'Heart Rate', 'action': 'show action buttons'}}
INFO:root:1723302099.178637,ID:1018,STAGE:1,SEQUENCE:1324,DATA:{'time': 1723302099.171, 'source': 'VitalsTask', 'timer': 2141.132, 'data': {'sensor': 'Heart Rate', 'action': 'keypad press', 'key': 10, 'value': 55}}
INFO:root:1723302100.316354,ID:1018,STAGE:1,SEQUENCE:1324,DATA:{'time': 1723302100.308, 'source': 'VitalsTask', 'timer': 2142.269, 'data': {'sensor': 'Heart Rate', 'action': 'log', 'data': 'action button pressed'}}
INFO:root:1723302100.317356,ID:1018,STAGE:1,SEQUENCE:1324,DATA:{'time': 1723302100.309, 'source': 'VitalsTask', 'timer': 2142.27, 'data': {'sensor': 'Heart Rate', 'action': 'log', 'data': 'starting sensor action'}}
INFO:root:1723302101.328434,ID:1018,STAGE:1,SEQUENCE:1324,DATA:{'time': 1723302101.323, 'source': 'VitalsTask', 'timer': 2143.284, 'data': {'sensor': 'Heart Rate', 'action': 'log', 'data': 'sensor action complete'}}
INFO:root:1723302101.885745,ID:1018,STAGE:1,SEQUENCE:1324,DATA:{'time': 1723302101.879, 'source': 'VitalsTask', 'timer': 2143.84, 'data': {'sensor': 'Heart Rate', 'action': 'save', 'data': 'action button pressed'}}
INFO:root:1723302101.887741,ID:1018,STAGE:1,SEQUENCE:1324,DATA:{'time': 1723302101.879, 'source': 'VitalsTask', 'timer': 2143.84, 'data': {'sensor': 'Heart Rate', 'action': 'save', 'data': 'starting sensor action'}}
INFO:root:1723302102.900408,ID:1018,STAGE:1,SEQUENCE:1324,DATA:{'time': 1723302102.895, 'source': 'VitalsTask', 'timer': 2144.856, 'data': {'sensor': 'Heart Rate', 'action': 'save', 'data': 'sensor action complete'}}
INFO:root:1723302103.160387,ID:1018,STAGE:1,SEQUENCE:1324,DATA:{'time': 1723302103.154, 'user-id': '1018', 'source': 'HAI Interface', 'destination-index': '3', 'study-stage': '1', 'decision-state': 0, 'vitals-state': 0, 'airspace-state': 0, 'data': {'page': 'emergency', 'action': 'trying to change destination to19'}}
INFO:root:1723302103.801868,ID:1018,STAGE:1,SEQUENCE:1324,DATA:{'time': 1723302103.793, 'source': 'VitalsTask', 'timer': 2145.754, 'data': {'sensor': 'O\u2082 Saturation', 'action': 'opened sensor tab'}}
INFO:root:1723302105.334525,ID:1018,STAGE:1,SEQUENCE:1324,DATA:{'time': 1723302105.328, 'source': 'VitalsTask', 'timer': 2147.289, 'data': {'sensor': 'O\u2082 Saturation', 'action': 'capture', 'data': 'action button pressed'}}
INFO:root:1723302105.337523,ID:1018,STAGE:1,SEQUENCE:1324,DATA:{'time': 1723302105.328, 'source': 'VitalsTask', 'timer': 2147.289, 'data': {'sensor': 'O\u2082 Saturation', 'action': 'capture', 'data': 'starting sensor action'}}
INFO:root:1723302106.345277,ID:1018,STAGE:1,SEQUENCE:1324,DATA:{'time': 1723302106.338, 'source': 'VitalsTask', 'timer': 2148.299, 'data': {'sensor': 'O\u2082 Saturation', 'action': 'capture', 'data': 'sensor action complete'}}
INFO:root:1723302106.346275,ID:1018,STAGE:1,SEQUENCE:1324,DATA:{'time': 1723302106.339, 'source': 'VitalsTask', 'timer': 2148.3, 'data': {'sensor': 'O\u2082 Saturation', 'action': 'keypad open'}}
INFO:root:1723302107.890349,ID:1018,STAGE:1,SEQUENCE:1324,DATA:{'time': 1723302107.884, 'source': 'VitalsTask', 'timer': 2149.845, 'data': {'sensor': 'O\u2082 Saturation', 'action': 'keypad press', 'key': 1, 'value': 1}}
INFO:root:1723302108.095545,ID:1018,STAGE:1,SEQUENCE:1324,DATA:{'time': 1723302108.091, 'user-id': '1018', 'source': 'HAI Interface', 'destination-index': '3', 'study-stage': '1', 'decision-state': 0, 'vitals-state': 0, 'airspace-state': 0, 'data': {'page': 'emergency', 'action': 'trying to change destination to19'}}
INFO:root:1723302109.291586,ID:1018,STAGE:1,SEQUENCE:1324,DATA:{'time': 1723302109.284, 'source': 'VitalsTask', 'timer': 2151.245, 'data': {'sensor': 'O\u2082 Saturation', 'action': 'keypad press', 'key': 11, 'value': 10}}
INFO:root:1723302109.428921,ID:1018,STAGE:1,SEQUENCE:1324,DATA:{'time': 1723302109.422, 'source': 'VitalsTask', 'timer': 2151.383, 'data': {'sensor': 'O\u2082 Saturation', 'action': 'keypad press', 'key': 11, 'value': 100}}
INFO:root:1723302110.304545,ID:1018,STAGE:1,SEQUENCE:1324,DATA:{'time': 1723302110.298, 'source': 'VitalsTask', 'timer': 2152.259, 'data': {'sensor': 'O\u2082 Saturation', 'action': 'show action buttons'}}
INFO:root:1723302110.306539,ID:1018,STAGE:1,SEQUENCE:1324,DATA:{'time': 1723302110.298, 'source': 'VitalsTask', 'timer': 2152.259, 'data': {'sensor': 'O\u2082 Saturation', 'action': 'keypad press', 'key': 10, 'value': 100}}
INFO:root:1723302111.351454,ID:1018,STAGE:1,SEQUENCE:1324,DATA:{'time': 1723302111.345, 'source': 'VitalsTask', 'timer': 2153.306, 'data': {'sensor': 'O\u2082 Saturation', 'action': 'log', 'data': 'action button pressed'}}
INFO:root:1723302111.352453,ID:1018,STAGE:1,SEQUENCE:1324,DATA:{'time': 1723302111.345, 'source': 'VitalsTask', 'timer': 2153.306, 'data': {'sensor': 'O\u2082 Saturation', 'action': 'log', 'data': 'starting sensor action'}}
INFO:root:1723302112.370531,ID:1018,STAGE:1,SEQUENCE:1324,DATA:{'time': 1723302112.364, 'source': 'VitalsTask', 'timer': 2154.325, 'data': {'sensor': 'O\u2082 Saturation', 'action': 'log', 'data': 'sensor action complete'}}
INFO:root:1723302112.780674,ID:1018,STAGE:1,SEQUENCE:1324,DATA:{'time': 1723302112.774, 'source': 'VitalsTask', 'timer': 2154.735, 'data': {'sensor': 'O\u2082 Saturation', 'action': 'save', 'data': 'action button pressed'}}
INFO:root:1723302112.783666,ID:1018,STAGE:1,SEQUENCE:1324,DATA:{'time': 1723302112.775, 'source': 'VitalsTask', 'timer': 2154.736, 'data': {'sensor': 'O\u2082 Saturation', 'action': 'save', 'data': 'starting sensor action'}}
INFO:root:1723302113.120084,ID:1018,STAGE:1,SEQUENCE:1324,DATA:{'time': 1723302113.115, 'user-id': '1018', 'source': 'HAI Interface', 'destination-index': '3', 'study-stage': '1', 'decision-state': 0, 'vitals-state': 0, 'airspace-state': 0, 'data': {'page': 'emergency', 'action': 'trying to change destination to19'}}
INFO:root:1723302113.799386,ID:1018,STAGE:1,SEQUENCE:1324,DATA:{'time': 1723302113.793, 'source': 'VitalsTask', 'timer': 2155.754, 'data': {'sensor': 'O\u2082 Saturation', 'action': 'save', 'data': 'sensor action complete'}}
INFO:root:1723302114.296046,ID:1018,STAGE:1,SEQUENCE:1324,DATA:{'time': 1723302114.289, 'source': 'VitalsTask', 'timer': 2156.25, 'data': {'sensor': 'Blood Pressure', 'action': 'opened sensor tab'}}
INFO:root:1723302115.435016,ID:1018,STAGE:1,SEQUENCE:1324,DATA:{'time': 1723302115.429, 'source': 'VitalsTask', 'timer': 2157.39, 'data': {'sensor': 'Blood Pressure', 'action': 'capture', 'data': 'action button pressed'}}
INFO:root:1723302115.436017,ID:1018,STAGE:1,SEQUENCE:1324,DATA:{'time': 1723302115.429, 'source': 'VitalsTask', 'timer': 2157.39, 'data': {'sensor': 'Blood Pressure', 'action': 'capture', 'data': 'starting sensor action'}}
INFO:root:1723302116.457195,ID:1018,STAGE:1,SEQUENCE:1324,DATA:{'time': 1723302116.446, 'source': 'VitalsTask', 'timer': 2158.407, 'data': {'sensor': 'Blood Pressure', 'action': 'capture', 'data': 'sensor action complete'}}
INFO:root:1723302116.458197,ID:1018,STAGE:1,SEQUENCE:1324,DATA:{'time': 1723302116.447, 'source': 'VitalsTask', 'timer': 2158.408, 'data': {'sensor': 'Blood Pressure', 'action': 'keypad open'}}
INFO:root:1723302117.785132,ID:1018,STAGE:1,SEQUENCE:1324,DATA:{'time': 1723302117.778, 'source': 'VitalsTask', 'timer': 2159.739, 'data': {'sensor': 'Blood Pressure', 'action': 'keypad press', 'key': 1, 'value': 1}}
INFO:root:1723302118.122003,ID:1018,STAGE:1,SEQUENCE:1324,DATA:{'time': 1723302118.115, 'user-id': '1018', 'source': 'HAI Interface', 'destination-index': '3', 'study-stage': '1', 'decision-state': 0, 'vitals-state': 0, 'airspace-state': 0, 'data': {'page': 'emergency', 'action': 'trying to change destination to19'}}
INFO:root:1723302118.803414,ID:1018,STAGE:1,SEQUENCE:1324,DATA:{'time': 1723302118.797, 'source': 'VitalsTask', 'timer': 2160.758, 'data': {'sensor': 'Blood Pressure', 'action': 'keypad press', 'key': 2, 'value': 12}}
INFO:root:1723302119.637779,ID:1018,STAGE:1,SEQUENCE:1324,DATA:{'time': 1723302119.63, 'source': 'VitalsTask', 'timer': 2161.591, 'data': {'sensor': 'Blood Pressure', 'action': 'keypad press', 'key': 11, 'value': 120}}
INFO:root:1723302120.346837,ID:1018,STAGE:1,SEQUENCE:1324,DATA:{'time': 1723302120.339, 'source': 'VitalsTask', 'timer': 2162.3, 'data': {'sensor': 'Blood Pressure', 'action': 'keypad press', 'key': 8, 'value': 1208}}
INFO:root:1723302120.991693,ID:1018,STAGE:1,SEQUENCE:1324,DATA:{'time': 1723302120.986, 'source': 'VitalsTask', 'timer': 2162.947, 'data': {'sensor': 'Blood Pressure', 'action': 'keypad press', 'key': 11, 'value': 12080}}
INFO:root:1723302121.733946,ID:1018,STAGE:1,SEQUENCE:1324,DATA:{'time': 1723302121.728, 'source': 'VitalsTask', 'timer': 2163.689, 'data': {'sensor': 'Blood Pressure', 'action': 'show action buttons'}}
INFO:root:1723302121.736781,ID:1018,STAGE:1,SEQUENCE:1324,DATA:{'time': 1723302121.729, 'source': 'VitalsTask', 'timer': 2163.69, 'data': {'sensor': 'Blood Pressure', 'action': 'keypad press', 'key': 10, 'value': 12080}}
INFO:root:1723302122.93321,ID:1018,STAGE:1,SEQUENCE:1324,DATA:{'time': 1723302122.924, 'source': 'VitalsTask', 'timer': 2164.885, 'data': {'sensor': 'Blood Pressure', 'action': 'log', 'data': 'action button pressed'}}
INFO:root:1723302122.934209,ID:1018,STAGE:1,SEQUENCE:1324,DATA:{'time': 1723302122.925, 'source': 'VitalsTask', 'timer': 2164.886, 'data': {'sensor': 'Blood Pressure', 'action': 'log', 'data': 'starting sensor action'}}
INFO:root:1723302123.082203,ID:1018,STAGE:1,SEQUENCE:1324,DATA:{'time': 1723302123.076, 'user-id': '1018', 'source': 'HAI Interface', 'destination-index': '3', 'study-stage': '1', 'decision-state': 0, 'vitals-state': 0, 'airspace-state': 0, 'data': {'page': 'emergency', 'action': 'trying to change destination to19'}}
INFO:root:1723302123.951944,ID:1018,STAGE:1,SEQUENCE:1324,DATA:{'time': 1723302123.944, 'source': 'VitalsTask', 'timer': 2165.905, 'data': {'sensor': 'Blood Pressure', 'action': 'log', 'data': 'sensor action complete'}}
INFO:root:1723302124.424278,ID:1018,STAGE:1,SEQUENCE:1324,DATA:{'time': 1723302124.418, 'source': 'VitalsTask', 'timer': 2166.379, 'data': {'sensor': 'Blood Pressure', 'action': 'save', 'data': 'action button pressed'}}
INFO:root:1723302124.42858,ID:1018,STAGE:1,SEQUENCE:1324,DATA:{'time': 1723302124.418, 'source': 'VitalsTask', 'timer': 2166.379, 'data': {'sensor': 'Blood Pressure', 'action': 'save', 'data': 'starting sensor action'}}
INFO:root:1723302125.441198,ID:1018,STAGE:1,SEQUENCE:1324,DATA:{'time': 1723302125.434, 'source': 'VitalsTask', 'timer': 2167.395, 'data': {'sensor': 'Blood Pressure', 'action': 'save', 'data': 'sensor action complete'}}
INFO:root:1723302126.869216,ID:1018,STAGE:1,SEQUENCE:1324,DATA:{'time': 1723302126.862, 'source': 'VitalsTask', 'timer': 2168.823, 'data': {'sensor': 'submit', 'action': 'submit'}}
INFO:root:1723302126.872111,ID:1018,STAGE:1,SEQUENCE:1324,DATA:{'time': 1723302126.862, 'source': 'VitalsTask', 'timer': 2168.823, 'data': {'sensor': 'submit', 'action': 'submit', 'data': 'submit succeeded'}}
INFO:root:1723302128.130771,ID:1018,STAGE:1,SEQUENCE:1324,DATA:{'time': 1723302128.114, 'user-id': '1018', 'source': 'HAI Interface', 'destination-index': '3', 'study-stage': '1', 'decision-state': 0, 'vitals-state': 0, 'airspace-state': 0, 'data': {'page': 'emergency', 'action': 'trying to change destination to19'}}
INFO:root:1723302128.644862,ID:1018,STAGE:1,SEQUENCE:1324,DATA:{'time': 1723302128.641, 'user-id': '1018', 'source': 'HAI Interface', 'destination-index': '3', 'study-stage': '1', 'decision-state': 0, 'vitals-state': 0, 'airspace-state': 0, 'data': {'page': 'inflight', 'action': 'user acknowledged vitals prompt'}}
INFO:root:1723302133.07681,ID:1018,STAGE:1,SEQUENCE:1324,DATA:{'time': 1723302133.073, 'user-id': '1018', 'source': 'HAI Interface', 'destination-index': '3', 'study-stage': '1', 'decision-state': 0, 'vitals-state': 0, 'airspace-state': 0, 'data': {'page': 'emergency', 'action': 'trying to change destination to19'}}
INFO:root:Inflight Radio Update asked
INFO:root:sent request to set radio update complete
INFO:root:1723302137.519488,ID:1018,STAGE:1,SEQUENCE:1324,DATA:{'time': 1723302137.516, 'user-id': '1018', 'source': 'HAI Interface', 'destination-index': '3', 'study-stage': '1', 'decision-state': 0, 'vitals-state': 0, 'airspace-state': 0, 'data': {'action': 'transmit button pressed'}}
INFO:root:1723302137.523988,ID:1018,STAGE:1,SEQUENCE:1324,DATA:{'time': 1723302137.516, 'user-id': '1018', 'source': 'HAI Interface', 'destination-index': '3', 'study-stage': '1', 'decision-state': 0, 'vitals-state': 0, 'airspace-state': 0, 'data': {'action': 'callsign set to: + NASXGS'}}
INFO:root:1723302137.525982,ID:1018,STAGE:1,SEQUENCE:1324,DATA:{'time': 1723302137.516, 'user-id': '1018', 'source': 'HAI Interface', 'destination-index': '3', 'study-stage': '1', 'decision-state': 0, 'vitals-state': 0, 'airspace-state': 0, 'data': {'action': 'radio set to:Comm1'}}
INFO:root:1723302137.529973,ID:1018,STAGE:1,SEQUENCE:1324,DATA:{'time': 1723302137.517, 'user-id': '1018', 'source': 'HAI Interface', 'destination-index': '3', 'study-stage': '1', 'decision-state': 0, 'vitals-state': 0, 'airspace-state': 0, 'data': {'page': 'map', 'action': 'show map'}}
INFO:root:1723302137.533961,ID:1018,STAGE:1,SEQUENCE:1324,DATA:{'time': 1723302137.517, 'user-id': '1018', 'source': 'HAI Interface', 'destination-index': '3', 'study-stage': '1', 'decision-state': 0, 'vitals-state': 0, 'airspace-state': 0, 'data': {'page': 'map', 'action': 'selected helipad', 'value': '21'}}
INFO:root:1723302137.536438,ID:1018,STAGE:1,SEQUENCE:1324,DATA:{'time': 1723302137.522, 'user-id': '1018', 'source': 'HAI Interface', 'destination-index': '3', 'study-stage': '1', 'decision-state': 0, 'vitals-state': 0, 'airspace-state': 0, 'data': {'action': 'NASXGStransmitting updates onComm1123.45 MHz'}}
INFO:root:1723302138.10822,ID:1018,STAGE:1,SEQUENCE:1324,DATA:{'time': 1723302138.104, 'user-id': '1018', 'source': 'HAI Interface', 'destination-index': '3', 'study-stage': '1', 'decision-state': 0, 'vitals-state': 0, 'airspace-state': 0, 'data': {'page': 'emergency', 'action': 'trying to change destination to19'}}
INFO:root:1723302143.087402,ID:1018,STAGE:1,SEQUENCE:1324,DATA:{'time': 1723302143.082, 'user-id': '1018', 'source': 'HAI Interface', 'destination-index': '3', 'study-stage': '1', 'decision-state': 0, 'vitals-state': 0, 'airspace-state': 0, 'data': {'page': 'emergency', 'action': 'trying to change destination to19'}}
INFO:root:1723302148.153477,ID:1018,STAGE:1,SEQUENCE:1324,DATA:{'time': 1723302148.149, 'user-id': '1018', 'source': 'HAI Interface', 'destination-index': '3', 'study-stage': '1', 'decision-state': 0, 'vitals-state': 0, 'airspace-state': 0, 'data': {'page': 'emergency', 'action': 'trying to change destination to19'}}
INFO:root:1723302153.149378,ID:1018,STAGE:1,SEQUENCE:1324,DATA:{'time': 1723302153.145, 'user-id': '1018', 'source': 'HAI Interface', 'destination-index': '3', 'study-stage': '1', 'decision-state': 0, 'vitals-state': 0, 'airspace-state': 0, 'data': {'page': 'emergency', 'action': 'trying to change destination to19'}}
INFO:root:1723302154.014823,ID:1018,STAGE:1,SEQUENCE:1324,DATA:{'time': 1723302154.011, 'user-id': '1018', 'source': 'HAI Interface', 'destination-index': '3', 'study-stage': '1', 'decision-state': 0, 'vitals-state': 0, 'airspace-state': 0, 'data': {'page': 'map', 'action': 'hide map'}}
INFO:root:1723302158.12043,ID:1018,STAGE:1,SEQUENCE:1324,DATA:{'time': 1723302158.116, 'user-id': '1018', 'source': 'HAI Interface', 'destination-index': '3', 'study-stage': '1', 'decision-state': 0, 'vitals-state': 0, 'airspace-state': 0, 'data': {'page': 'emergency', 'action': 'trying to change destination to19'}}
INFO:root:1723302163.120475,ID:1018,STAGE:1,SEQUENCE:1324,DATA:{'time': 1723302163.114, 'user-id': '1018', 'source': 'HAI Interface', 'destination-index': '3', 'study-stage': '1', 'decision-state': 0, 'vitals-state': 0, 'airspace-state': 0, 'data': {'page': 'emergency', 'action': 'trying to change destination to19'}}
INFO:root:1723302163.122467,ID:1018,STAGE:1,SEQUENCE:1324,DATA:{'time': 1723302163.115, 'user-id': '1018', 'source': 'HAI Interface', 'destination-index': '3', 'study-stage': '1', 'decision-state': 0, 'vitals-state': 0, 'airspace-state': 0, 'data': {'page': 'emergency', 'action': 'show Altitude Miscalibrated Warning, hide map'}}
INFO:root:1723302163.126057,ID:1018,STAGE:1,SEQUENCE:1324,DATA:{'time': 1723302163.115, 'user-id': '1018', 'source': 'HAI Interface', 'destination-index': '3', 'study-stage': '1', 'decision-state': 0, 'vitals-state': 0, 'airspace-state': 0, 'data': {'page': 'map', 'action': 'hide map'}}
INFO:root:1723302163.13603,ID:1018,STAGE:1,SEQUENCE:1324,DATA:{'time': 1723302163.116, 'user-id': '1018', 'source': 'HAI Interface', 'destination-index': '3', 'study-stage': '1', 'decision-state': 0, 'vitals-state': 0, 'airspace-state': 0, 'data': {'page': 'Inflight', 'action': ' Altitude alert activated'}}
INFO:root:1723302166.771354,ID:1018,STAGE:1,SEQUENCE:1324,DATA:{'time': 1723302166.767, 'user-id': '1018', 'source': 'HAI Interface', 'destination-index': '3', 'study-stage': '1', 'decision-state': 0, 'vitals-state': 0, 'airspace-state': 0, 'data': {'page': 'Inflight', 'action': 'Altitude alert- show more info button pressed'}}
INFO:root:1723302168.076535,ID:1018,STAGE:1,SEQUENCE:1324,DATA:{'time': 1723302168.072, 'user-id': '1018', 'source': 'HAI Interface', 'destination-index': '3', 'study-stage': '1', 'decision-state': 0, 'vitals-state': 0, 'airspace-state': 0, 'data': {'page': 'emergency', 'action': 'trying to change destination to19'}}
INFO:root:1723302173.126518,ID:1018,STAGE:1,SEQUENCE:1324,DATA:{'time': 1723302173.122, 'user-id': '1018', 'source': 'HAI Interface', 'destination-index': '3', 'study-stage': '1', 'decision-state': 0, 'vitals-state': 0, 'airspace-state': 0, 'data': {'page': 'emergency', 'action': 'trying to change destination to19'}}
INFO:root:1723302177.554676,ID:1018,STAGE:1,SEQUENCE:1324,DATA:{'time': 1723302177.55, 'user-id': '1018', 'source': 'HAI Interface', 'destination-index': '3', 'study-stage': '1', 'decision-state': 0, 'vitals-state': 0, 'airspace-state': 0, 'data': {'page': 'Inflight', 'action': 'Altitude alert- submit button pressed with altitude value as:1000'}}
INFO:root:1723302177.559661,ID:1018,STAGE:1,SEQUENCE:1324,DATA:{'time': 1723302177.555, 'user-id': '1018', 'source': 'HAI Interface', 'destination-index': '3', 'study-stage': '1', 'decision-state': 0, 'vitals-state': 0, 'airspace-state': 0, 'data': {'page': 'Inflight', 'action': 'Altitude alert- altitude submitted'}}
INFO:root:1723302177.560659,ID:1018,STAGE:1,SEQUENCE:1324,DATA:{'time': 1723302177.555, 'user-id': '1018', 'source': 'HAI Interface', 'destination-index': '3', 'study-stage': '1', 'decision-state': 0, 'vitals-state': 0, 'airspace-state': 0, 'data': {'page': 'Inflight', 'action': 'Altitude alert close button pressed'}}
INFO:root:1723302178.143358,ID:1018,STAGE:1,SEQUENCE:1324,DATA:{'time': 1723302178.139, 'user-id': '1018', 'source': 'HAI Interface', 'destination-index': '3', 'study-stage': '1', 'decision-state': 0, 'vitals-state': 0, 'airspace-state': 0, 'data': {'page': 'emergency', 'action': 'trying to change destination to19'}}
INFO:root:Altitude Warning alert given, sent request to clear altitude_warning_alert
INFO:root:1723302180.775164,ID:1018,STAGE:1,SEQUENCE:1324,DATA:{'time': 1723302180.771, 'user-id': '1018', 'source': 'HAI Interface', 'destination-index': '3', 'study-stage': '1', 'decision-state': 0, 'vitals-state': 0, 'airspace-state': 0, 'data': {'page': 'inflight', 'action': 'displaying vitals prompt'}}
INFO:root:1723302183.162756,ID:1018,STAGE:1,SEQUENCE:1324,DATA:{'time': 1723302183.157, 'user-id': '1018', 'source': 'HAI Interface', 'destination-index': '3', 'study-stage': '1', 'decision-state': 0, 'vitals-state': 0, 'airspace-state': 0, 'data': {'page': 'emergency', 'action': 'trying to change destination to19'}}
INFO:root:1723302188.105331,ID:1018,STAGE:1,SEQUENCE:1324,DATA:{'time': 1723302188.102, 'user-id': '1018', 'source': 'HAI Interface', 'destination-index': '3', 'study-stage': '1', 'decision-state': 0, 'vitals-state': 0, 'airspace-state': 0, 'data': {'page': 'emergency', 'action': 'trying to change destination to19'}}
INFO:root:1723302188.591163,ID:1018,STAGE:1,SEQUENCE:1324,DATA:{'time': 1723302188.582, 'source': 'VitalsTask', 'timer': 61.719, 'data': {'sensor': 'Heart Rate', 'action': 'opened sensor tab'}}
INFO:root:1723302190.499654,ID:1018,STAGE:1,SEQUENCE:1324,DATA:{'time': 1723302190.492, 'source': 'VitalsTask', 'timer': 63.629, 'data': {'sensor': 'Heart Rate', 'action': 'capture', 'data': 'action button pressed'}}
INFO:root:1723302190.50335,ID:1018,STAGE:1,SEQUENCE:1324,DATA:{'time': 1723302190.493, 'source': 'VitalsTask', 'timer': 63.63, 'data': {'sensor': 'Heart Rate', 'action': 'capture', 'data': 'starting sensor action'}}
INFO:root:1723302191.511119,ID:1018,STAGE:1,SEQUENCE:1324,DATA:{'time': 1723302191.505, 'source': 'VitalsTask', 'timer': 64.642, 'data': {'sensor': 'Heart Rate', 'action': 'capture', 'data': 'sensor action complete'}}
INFO:root:1723302191.512756,ID:1018,STAGE:1,SEQUENCE:1324,DATA:{'time': 1723302191.505, 'source': 'VitalsTask', 'timer': 64.642, 'data': {'sensor': 'Heart Rate', 'action': 'keypad open'}}
INFO:root:1723302192.573719,ID:1018,STAGE:1,SEQUENCE:1324,DATA:{'time': 1723302192.568, 'source': 'VitalsTask', 'timer': 65.705, 'data': {'sensor': 'Heart Rate', 'action': 'keypad press', 'key': 5, 'value': 5}}
INFO:root:1723302192.76082,ID:1018,STAGE:1,SEQUENCE:1324,DATA:{'time': 1723302192.754, 'source': 'VitalsTask', 'timer': 65.891, 'data': {'sensor': 'Heart Rate', 'action': 'keypad press', 'key': 5, 'value': 55}}
INFO:root:1723302193.108936,ID:1018,STAGE:1,SEQUENCE:1324,DATA:{'time': 1723302193.104, 'user-id': '1018', 'source': 'HAI Interface', 'destination-index': '3', 'study-stage': '1', 'decision-state': 0, 'vitals-state': 0, 'airspace-state': 0, 'data': {'page': 'emergency', 'action': 'trying to change destination to19'}}
INFO:root:1723302193.815619,ID:1018,STAGE:1,SEQUENCE:1324,DATA:{'time': 1723302193.81, 'source': 'VitalsTask', 'timer': 66.947, 'data': {'sensor': 'Heart Rate', 'action': 'show action buttons'}}
INFO:root:1723302193.817152,ID:1018,STAGE:1,SEQUENCE:1324,DATA:{'time': 1723302193.81, 'source': 'VitalsTask', 'timer': 66.947, 'data': {'sensor': 'Heart Rate', 'action': 'keypad press', 'key': 10, 'value': 55}}
INFO:root:1723302194.859713,ID:1018,STAGE:1,SEQUENCE:1324,DATA:{'time': 1723302194.852, 'source': 'VitalsTask', 'timer': 67.989, 'data': {'sensor': 'Heart Rate', 'action': 'log', 'data': 'action button pressed'}}
INFO:root:1723302194.864699,ID:1018,STAGE:1,SEQUENCE:1324,DATA:{'time': 1723302194.853, 'source': 'VitalsTask', 'timer': 67.99, 'data': {'sensor': 'Heart Rate', 'action': 'log', 'data': 'starting sensor action'}}
INFO:root:1723302195.87583,ID:1018,STAGE:1,SEQUENCE:1324,DATA:{'time': 1723302195.87, 'source': 'VitalsTask', 'timer': 69.007, 'data': {'sensor': 'Heart Rate', 'action': 'log', 'data': 'sensor action complete'}}
INFO:root:1723302197.41512,ID:1018,STAGE:1,SEQUENCE:1324,DATA:{'time': 1723302197.407, 'source': 'VitalsTask', 'timer': 70.544, 'data': {'sensor': 'Heart Rate', 'action': 'save', 'data': 'action button pressed'}}
INFO:root:1723302197.417115,ID:1018,STAGE:1,SEQUENCE:1324,DATA:{'time': 1723302197.407, 'source': 'VitalsTask', 'timer': 70.544, 'data': {'sensor': 'Heart Rate', 'action': 'save', 'data': 'starting sensor action'}}
INFO:root:1723302198.151106,ID:1018,STAGE:1,SEQUENCE:1324,DATA:{'time': 1723302198.146, 'user-id': '1018', 'source': 'HAI Interface', 'destination-index': '3', 'study-stage': '1', 'decision-state': 0, 'vitals-state': 0, 'airspace-state': 0, 'data': {'page': 'emergency', 'action': 'trying to change destination to19'}}
INFO:root:1723302198.432415,ID:1018,STAGE:1,SEQUENCE:1324,DATA:{'time': 1723302198.427, 'source': 'VitalsTask', 'timer': 71.564, 'data': {'sensor': 'Heart Rate', 'action': 'save', 'data': 'sensor action complete'}}
INFO:root:1723302198.968036,ID:1018,STAGE:1,SEQUENCE:1324,DATA:{'time': 1723302198.961, 'source': 'VitalsTask', 'timer': 72.098, 'data': {'sensor': 'O\u2082 Saturation', 'action': 'opened sensor tab'}}
INFO:root:1723302200.077806,ID:1018,STAGE:1,SEQUENCE:1324,DATA:{'time': 1723302200.072, 'source': 'VitalsTask', 'timer': 73.209, 'data': {'sensor': 'O\u2082 Saturation', 'action': 'capture', 'data': 'action button pressed'}}
INFO:root:1723302200.079462,ID:1018,STAGE:1,SEQUENCE:1324,DATA:{'time': 1723302200.072, 'source': 'VitalsTask', 'timer': 73.209, 'data': {'sensor': 'O\u2082 Saturation', 'action': 'capture', 'data': 'starting sensor action'}}
INFO:root:1723302201.090468,ID:1018,STAGE:1,SEQUENCE:1324,DATA:{'time': 1723302201.083, 'source': 'VitalsTask', 'timer': 74.22, 'data': {'sensor': 'O\u2082 Saturation', 'action': 'capture', 'data': 'sensor action complete'}}
INFO:root:1723302201.093466,ID:1018,STAGE:1,SEQUENCE:1324,DATA:{'time': 1723302201.085, 'source': 'VitalsTask', 'timer': 74.222, 'data': {'sensor': 'O\u2082 Saturation', 'action': 'keypad open'}}
INFO:root:1723302202.38755,ID:1018,STAGE:1,SEQUENCE:1324,DATA:{'time': 1723302202.382, 'source': 'VitalsTask', 'timer': 75.519, 'data': {'sensor': 'O\u2082 Saturation', 'action': 'keypad press', 'key': 1, 'value': 1}}
INFO:root:1723302203.351268,ID:1018,STAGE:1,SEQUENCE:1324,DATA:{'time': 1723302203.346, 'source': 'VitalsTask', 'timer': 76.483, 'data': {'sensor': 'O\u2082 Saturation', 'action': 'keypad press', 'key': 11, 'value': 10}}
INFO:root:1723302203.447443,ID:1018,STAGE:1,SEQUENCE:1324,DATA:{'time': 1723302203.444, 'user-id': '1018', 'source': 'HAI Interface', 'destination-index': '3', 'study-stage': '1', 'decision-state': 0, 'vitals-state': 0, 'airspace-state': 0, 'data': {'page': 'emergency', 'action': 'trying to change destination to19'}}
INFO:root:1723302203.506225,ID:1018,STAGE:1,SEQUENCE:1324,DATA:{'time': 1723302203.5, 'source': 'VitalsTask', 'timer': 76.637, 'data': {'sensor': 'O\u2082 Saturation', 'action': 'keypad press', 'key': 11, 'value': 100}}
INFO:root:1723302204.346569,ID:1018,STAGE:1,SEQUENCE:1324,DATA:{'time': 1723302204.341, 'source': 'VitalsTask', 'timer': 77.478, 'data': {'sensor': 'O\u2082 Saturation', 'action': 'show action buttons'}}
INFO:root:1723302204.348395,ID:1018,STAGE:1,SEQUENCE:1324,DATA:{'time': 1723302204.341, 'source': 'VitalsTask', 'timer': 77.478, 'data': {'sensor': 'O\u2082 Saturation', 'action': 'keypad press', 'key': 10, 'value': 100}}
INFO:root:1723302206.336625,ID:1018,STAGE:1,SEQUENCE:1324,DATA:{'time': 1723302206.329, 'source': 'VitalsTask', 'timer': 79.466, 'data': {'sensor': 'O\u2082 Saturation', 'action': 'log', 'data': 'action button pressed'}}
INFO:root:1723302206.338131,ID:1018,STAGE:1,SEQUENCE:1324,DATA:{'time': 1723302206.33, 'source': 'VitalsTask', 'timer': 79.467, 'data': {'sensor': 'O\u2082 Saturation', 'action': 'log', 'data': 'starting sensor action'}}
INFO:root:1723302207.347589,ID:1018,STAGE:1,SEQUENCE:1324,DATA:{'time': 1723302207.341, 'source': 'VitalsTask', 'timer': 80.478, 'data': {'sensor': 'O\u2082 Saturation', 'action': 'log', 'data': 'sensor action complete'}}
INFO:root:1723302208.163492,ID:1018,STAGE:1,SEQUENCE:1324,DATA:{'time': 1723302208.158, 'user-id': '1018', 'source': 'HAI Interface', 'destination-index': '3', 'study-stage': '1', 'decision-state': 0, 'vitals-state': 0, 'airspace-state': 0, 'data': {'page': 'emergency', 'action': 'trying to change destination to19'}}
INFO:root:1723302210.615283,ID:1018,STAGE:1,SEQUENCE:1324,DATA:{'time': 1723302210.608, 'source': 'VitalsTask', 'timer': 83.745, 'data': {'sensor': 'O\u2082 Saturation', 'action': 'save', 'data': 'action button pressed'}}
INFO:root:1723302210.617331,ID:1018,STAGE:1,SEQUENCE:1324,DATA:{'time': 1723302210.609, 'source': 'VitalsTask', 'timer': 83.746, 'data': {'sensor': 'O\u2082 Saturation', 'action': 'save', 'data': 'starting sensor action'}}
INFO:root:1723302211.632133,ID:1018,STAGE:1,SEQUENCE:1324,DATA:{'time': 1723302211.627, 'source': 'VitalsTask', 'timer': 84.764, 'data': {'sensor': 'O\u2082 Saturation', 'action': 'save', 'data': 'sensor action complete'}}
INFO:root:1723302213.187127,ID:1018,STAGE:1,SEQUENCE:1324,DATA:{'time': 1723302213.183, 'user-id': '1018', 'source': 'HAI Interface', 'destination-index': '3', 'study-stage': '1', 'decision-state': 0, 'vitals-state': 0, 'airspace-state': 0, 'data': {'page': 'emergency', 'action': 'trying to change destination to19'}}
INFO:root:1723302216.224541,ID:1018,STAGE:1,SEQUENCE:1324,DATA:{'time': 1723302216.218, 'source': 'VitalsTask', 'timer': 89.355, 'data': {'sensor': 'Blood Pressure', 'action': 'opened sensor tab'}}
INFO:root:1723302217.586163,ID:1018,STAGE:1,SEQUENCE:1324,DATA:{'time': 1723302217.579, 'source': 'VitalsTask', 'timer': 90.716, 'data': {'sensor': 'Blood Pressure', 'action': 'capture', 'data': 'action button pressed'}}
INFO:root:1723302217.58716,ID:1018,STAGE:1,SEQUENCE:1324,DATA:{'time': 1723302217.58, 'source': 'VitalsTask', 'timer': 90.717, 'data': {'sensor': 'Blood Pressure', 'action': 'capture', 'data': 'starting sensor action'}}
INFO:root:1723302218.132935,ID:1018,STAGE:1,SEQUENCE:1324,DATA:{'time': 1723302218.128, 'user-id': '1018', 'source': 'HAI Interface', 'destination-index': '3', 'study-stage': '1', 'decision-state': 0, 'vitals-state': 0, 'airspace-state': 0, 'data': {'page': 'emergency', 'action': 'trying to change destination to19'}}
INFO:root:1723302218.595505,ID:1018,STAGE:1,SEQUENCE:1324,DATA:{'time': 1723302218.59, 'source': 'VitalsTask', 'timer': 91.727, 'data': {'sensor': 'Blood Pressure', 'action': 'capture', 'data': 'sensor action complete'}}
INFO:root:1723302218.5975,ID:1018,STAGE:1,SEQUENCE:1324,DATA:{'time': 1723302218.59, 'source': 'VitalsTask', 'timer': 91.727, 'data': {'sensor': 'Blood Pressure', 'action': 'keypad open'}}
INFO:root:1723302222.654954,ID:1018,STAGE:1,SEQUENCE:1324,DATA:{'time': 1723302222.649, 'source': 'VitalsTask', 'timer': 95.786, 'data': {'sensor': 'Blood Pressure', 'action': 'keypad press', 'key': 1, 'value': 1}}
INFO:root:1723302223.174013,ID:1018,STAGE:1,SEQUENCE:1324,DATA:{'time': 1723302223.17, 'user-id': '1018', 'source': 'HAI Interface', 'destination-index': '3', 'study-stage': '1', 'decision-state': 0, 'vitals-state': 0, 'airspace-state': 0, 'data': {'page': 'emergency', 'action': 'trying to change destination to19'}}
INFO:root:1723302223.571465,ID:1018,STAGE:1,SEQUENCE:1324,DATA:{'time': 1723302223.565, 'source': 'VitalsTask', 'timer': 96.702, 'data': {'sensor': 'Blood Pressure', 'action': 'keypad press', 'key': 2, 'value': 12}}
INFO:root:1723302224.847535,ID:1018,STAGE:1,SEQUENCE:1324,DATA:{'time': 1723302224.84, 'source': 'VitalsTask', 'timer': 97.977, 'data': {'sensor': 'Blood Pressure', 'action': 'keypad press', 'key': 11, 'value': 120}}
INFO:root:1723302225.817854,ID:1018,STAGE:1,SEQUENCE:1324,DATA:{'time': 1723302225.812, 'source': 'VitalsTask', 'timer': 98.949, 'data': {'sensor': 'Blood Pressure', 'action': 'keypad press', 'key': 8, 'value': 1208}}
INFO:root:1723302227.659496,ID:1018,STAGE:1,SEQUENCE:1324,DATA:{'time': 1723302227.653, 'source': 'VitalsTask', 'timer': 100.79, 'data': {'sensor': 'Blood Pressure', 'action': 'keypad press', 'key': 11, 'value': 12080}}
INFO:root:1723302228.120332,ID:1018,STAGE:1,SEQUENCE:1324,DATA:{'time': 1723302228.112, 'user-id': '1018', 'source': 'HAI Interface', 'destination-index': '3', 'study-stage': '1', 'decision-state': 0, 'vitals-state': 0, 'airspace-state': 0, 'data': {'page': 'emergency', 'action': 'trying to change destination to19'}}
INFO:root:1723302233.108706,ID:1018,STAGE:1,SEQUENCE:1324,DATA:{'time': 1723302233.104, 'user-id': '1018', 'source': 'HAI Interface', 'destination-index': '3', 'study-stage': '1', 'decision-state': 0, 'vitals-state': 0, 'airspace-state': 0, 'data': {'page': 'emergency', 'action': 'trying to change destination to19'}}
INFO:root:1723302235.909559,ID:1018,STAGE:1,SEQUENCE:1324,DATA:{'time': 1723302235.902, 'source': 'VitalsTask', 'timer': 109.039, 'data': {'sensor': 'Blood Pressure', 'action': 'show action buttons'}}
INFO:root:1723302235.911559,ID:1018,STAGE:1,SEQUENCE:1324,DATA:{'time': 1723302235.903, 'source': 'VitalsTask', 'timer': 109.04, 'data': {'sensor': 'Blood Pressure', 'action': 'keypad press', 'key': 10, 'value': 12080}}
INFO:root:1723302237.188202,ID:1018,STAGE:1,SEQUENCE:1324,DATA:{'time': 1723302237.181, 'source': 'VitalsTask', 'timer': 110.318, 'data': {'sensor': 'Blood Pressure', 'action': 'log', 'data': 'action button pressed'}}
INFO:root:1723302237.190196,ID:1018,STAGE:1,SEQUENCE:1324,DATA:{'time': 1723302237.182, 'source': 'VitalsTask', 'timer': 110.319, 'data': {'sensor': 'Blood Pressure', 'action': 'log', 'data': 'starting sensor action'}}
INFO:root:1723302238.174676,ID:1018,STAGE:1,SEQUENCE:1324,DATA:{'time': 1723302238.169, 'user-id': '1018', 'source': 'HAI Interface', 'destination-index': '3', 'study-stage': '1', 'decision-state': 0, 'vitals-state': 0, 'airspace-state': 0, 'data': {'page': 'emergency', 'action': 'trying to change destination to19'}}
INFO:root:1723302238.203695,ID:1018,STAGE:1,SEQUENCE:1324,DATA:{'time': 1723302238.198, 'source': 'VitalsTask', 'timer': 111.335, 'data': {'sensor': 'Blood Pressure', 'action': 'log', 'data': 'sensor action complete'}}
INFO:root:1723302238.673162,ID:1018,STAGE:1,SEQUENCE:1324,DATA:{'time': 1723302238.668, 'source': 'VitalsTask', 'timer': 111.805, 'data': {'sensor': 'Blood Pressure', 'action': 'save', 'data': 'action button pressed'}}
INFO:root:1723302238.674588,ID:1018,STAGE:1,SEQUENCE:1324,DATA:{'time': 1723302238.668, 'source': 'VitalsTask', 'timer': 111.805, 'data': {'sensor': 'Blood Pressure', 'action': 'save', 'data': 'starting sensor action'}}
INFO:root:1723302239.686577,ID:1018,STAGE:1,SEQUENCE:1324,DATA:{'time': 1723302239.681, 'source': 'VitalsTask', 'timer': 112.818, 'data': {'sensor': 'Blood Pressure', 'action': 'save', 'data': 'sensor action complete'}}
INFO:root:1723302241.399747,ID:1018,STAGE:1,SEQUENCE:1324,DATA:{'time': 1723302241.394, 'source': 'VitalsTask', 'timer': 114.531, 'data': {'sensor': 'submit', 'action': 'submit'}}
INFO:root:1723302241.401746,ID:1018,STAGE:1,SEQUENCE:1324,DATA:{'time': 1723302241.395, 'source': 'VitalsTask', 'timer': 114.532, 'data': {'sensor': 'submit', 'action': 'submit', 'data': 'submit succeeded'}}
INFO:root:1723302242.585444,ID:1018,STAGE:1,SEQUENCE:1324,DATA:{'time': 1723302242.578, 'user-id': '1018', 'source': 'HAI Interface', 'destination-index': '3', 'study-stage': '1', 'decision-state': 0, 'vitals-state': 0, 'airspace-state': 0, 'data': {'page': 'inflight', 'action': 'user acknowledged vitals prompt'}}
INFO:root:1723302243.14709,ID:1018,STAGE:1,SEQUENCE:1324,DATA:{'time': 1723302243.141, 'user-id': '1018', 'source': 'HAI Interface', 'destination-index': '3', 'study-stage': '1', 'decision-state': 0, 'vitals-state': 0, 'airspace-state': 0, 'data': {'page': 'emergency', 'action': 'trying to change destination to19'}}
INFO:root:1723302248.124816,ID:1018,STAGE:1,SEQUENCE:1324,DATA:{'time': 1723302248.116, 'user-id': '1018', 'source': 'HAI Interface', 'destination-index': '3', 'study-stage': '1', 'decision-state': 0, 'vitals-state': 0, 'airspace-state': 0, 'data': {'page': 'emergency', 'action': 'trying to change destination to19'}}
INFO:root:1723302253.087272,ID:1018,STAGE:1,SEQUENCE:1324,DATA:{'time': 1723302253.082, 'user-id': '1018', 'source': 'HAI Interface', 'destination-index': '3', 'study-stage': '1', 'decision-state': 0, 'vitals-state': 0, 'airspace-state': 0, 'data': {'page': 'emergency', 'action': 'trying to change destination to19'}}
INFO:root:1723302258.107103,ID:1018,STAGE:1,SEQUENCE:1324,DATA:{'time': 1723302258.079, 'user-id': '1018', 'source': 'HAI Interface', 'destination-index': '3', 'study-stage': '1', 'decision-state': 0, 'vitals-state': 0, 'airspace-state': 0, 'data': {'page': 'emergency', 'action': 'trying to change destination to19'}}
INFO:root:1723302263.088379,ID:1018,STAGE:1,SEQUENCE:1324,DATA:{'time': 1723302263.081, 'user-id': '1018', 'source': 'HAI Interface', 'destination-index': '3', 'study-stage': '1', 'decision-state': 0, 'vitals-state': 0, 'airspace-state': 0, 'data': {'page': 'emergency', 'action': 'trying to change destination to19'}}
INFO:root:1723302268.079022,ID:1018,STAGE:1,SEQUENCE:1324,DATA:{'time': 1723302268.072, 'user-id': '1018', 'source': 'HAI Interface', 'destination-index': '3', 'study-stage': '1', 'decision-state': 0, 'vitals-state': 0, 'airspace-state': 0, 'data': {'page': 'emergency', 'action': 'trying to change destination to19'}}
INFO:root:1723302273.092187,ID:1018,STAGE:1,SEQUENCE:1324,DATA:{'time': 1723302273.086, 'user-id': '1018', 'source': 'HAI Interface', 'destination-index': '3', 'study-stage': '1', 'decision-state': 0, 'vitals-state': 0, 'airspace-state': 0, 'data': {'page': 'emergency', 'action': 'trying to change destination to19'}}
INFO:root:1723302278.087765,ID:1018,STAGE:1,SEQUENCE:1324,DATA:{'time': 1723302278.083, 'user-id': '1018', 'source': 'HAI Interface', 'destination-index': '3', 'study-stage': '1', 'decision-state': 0, 'vitals-state': 0, 'airspace-state': 0, 'data': {'page': 'emergency', 'action': 'trying to change destination to19'}}
INFO:root:1723302283.09939,ID:1018,STAGE:1,SEQUENCE:1324,DATA:{'time': 1723302283.094, 'user-id': '1018', 'source': 'HAI Interface', 'destination-index': '3', 'study-stage': '1', 'decision-state': 0, 'vitals-state': 0, 'airspace-state': 0, 'data': {'page': 'emergency', 'action': 'trying to change destination to19'}}
INFO:root:1723302288.090106,ID:1018,STAGE:1,SEQUENCE:1324,DATA:{'time': 1723302288.084, 'user-id': '1018', 'source': 'HAI Interface', 'destination-index': '3', 'study-stage': '1', 'decision-state': 0, 'vitals-state': 0, 'airspace-state': 0, 'data': {'page': 'emergency', 'action': 'trying to change destination to19'}}
INFO:root:1723302293.081215,ID:1018,STAGE:1,SEQUENCE:1324,DATA:{'time': 1723302293.071, 'user-id': '1018', 'source': 'HAI Interface', 'destination-index': '3', 'study-stage': '1', 'decision-state': 0, 'vitals-state': 0, 'airspace-state': 0, 'data': {'page': 'emergency', 'action': 'trying to change destination to19'}}
INFO:root:Inflight Radio Update asked
INFO:root:sent request to set radio update complete
INFO:root:1723302298.170933,ID:1018,STAGE:1,SEQUENCE:1324,DATA:{'time': 1723302298.164, 'user-id': '1018', 'source': 'HAI Interface', 'destination-index': '3', 'study-stage': '1', 'decision-state': 0, 'vitals-state': 0, 'airspace-state': 0, 'data': {'page': 'emergency', 'action': 'trying to change destination to19'}}
INFO:root:1723302299.070955,ID:1018,STAGE:1,SEQUENCE:1324,DATA:{'time': 1723302299.067, 'user-id': '1018', 'source': 'HAI Interface', 'destination-index': '3', 'study-stage': '1', 'decision-state': 0, 'vitals-state': 0, 'airspace-state': 0, 'data': {'action': 'transmit button pressed'}}
INFO:root:1723302299.07745,ID:1018,STAGE:1,SEQUENCE:1324,DATA:{'time': 1723302299.067, 'user-id': '1018', 'source': 'HAI Interface', 'destination-index': '3', 'study-stage': '1', 'decision-state': 0, 'vitals-state': 0, 'airspace-state': 0, 'data': {'action': 'callsign set to: + NASXGS'}}
INFO:root:1723302299.077957,ID:1018,STAGE:1,SEQUENCE:1324,DATA:{'time': 1723302299.068, 'user-id': '1018', 'source': 'HAI Interface', 'destination-index': '3', 'study-stage': '1', 'decision-state': 0, 'vitals-state': 0, 'airspace-state': 0, 'data': {'action': 'radio set to:Comm1'}}
INFO:root:1723302299.07896,ID:1018,STAGE:1,SEQUENCE:1324,DATA:{'time': 1723302299.068, 'user-id': '1018', 'source': 'HAI Interface', 'destination-index': '3', 'study-stage': '1', 'decision-state': 0, 'vitals-state': 0, 'airspace-state': 0, 'data': {'page': 'map', 'action': 'show map'}}
INFO:root:1723302299.080955,ID:1018,STAGE:1,SEQUENCE:1324,DATA:{'time': 1723302299.068, 'user-id': '1018', 'source': 'HAI Interface', 'destination-index': '3', 'study-stage': '1', 'decision-state': 0, 'vitals-state': 0, 'airspace-state': 0, 'data': {'page': 'map', 'action': 'selected helipad', 'value': '21'}}
INFO:root:1723302299.084454,ID:1018,STAGE:1,SEQUENCE:1324,DATA:{'time': 1723302299.074, 'user-id': '1018', 'source': 'HAI Interface', 'destination-index': '3', 'study-stage': '1', 'decision-state': 0, 'vitals-state': 0, 'airspace-state': 0, 'data': {'action': 'NASXGStransmitting updates onComm1123.45 MHz'}}
INFO:root:1723302303.12831,ID:1018,STAGE:1,SEQUENCE:1324,DATA:{'time': 1723302303.123, 'user-id': '1018', 'source': 'HAI Interface', 'destination-index': '3', 'study-stage': '1', 'decision-state': 0, 'vitals-state': 0, 'airspace-state': 0, 'data': {'page': 'emergency', 'action': 'trying to change destination to19'}}
INFO:root:1723302308.113267,ID:1018,STAGE:1,SEQUENCE:1324,DATA:{'time': 1723302308.108, 'user-id': '1018', 'source': 'HAI Interface', 'destination-index': '3', 'study-stage': '1', 'decision-state': 0, 'vitals-state': 0, 'airspace-state': 0, 'data': {'page': 'emergency', 'action': 'trying to change destination to19'}}
INFO:root:1723302313.087241,ID:1018,STAGE:1,SEQUENCE:1324,DATA:{'time': 1723302313.083, 'user-id': '1018', 'source': 'HAI Interface', 'destination-index': '3', 'study-stage': '1', 'decision-state': 0, 'vitals-state': 0, 'airspace-state': 0, 'data': {'page': 'emergency', 'action': 'trying to change destination to19'}}
INFO:root:1723302318.077089,ID:1018,STAGE:1,SEQUENCE:1324,DATA:{'time': 1723302318.071, 'user-id': '1018', 'source': 'HAI Interface', 'destination-index': '3', 'study-stage': '1', 'decision-state': 0, 'vitals-state': 0, 'airspace-state': 0, 'data': {'page': 'emergency', 'action': 'trying to change destination to19'}}
INFO:root:1723302323.519257,ID:1018,STAGE:1,SEQUENCE:1324,DATA:{'time': 1723302323.514, 'user-id': '1018', 'source': 'HAI Interface', 'destination-index': '3', 'study-stage': '1', 'decision-state': 0, 'vitals-state': 0, 'airspace-state': 0, 'data': {'page': 'emergency', 'action': 'trying to change destination to19'}}
INFO:root:1723302323.523252,ID:1018,STAGE:1,SEQUENCE:1324,DATA:{'time': 1723302323.515, 'user-id': '1018', 'source': 'HAI Interface', 'destination-index': '3', 'study-stage': '1', 'decision-state': 0, 'vitals-state': 0, 'airspace-state': 0, 'data': {'page': 'emergency', 'action': 'show Weather Emergency Alert, hide map'}}
INFO:root:1723302323.525319,ID:1018,STAGE:1,SEQUENCE:1324,DATA:{'time': 1723302323.515, 'user-id': '1018', 'source': 'HAI Interface', 'destination-index': '3', 'study-stage': '1', 'decision-state': 0, 'vitals-state': 0, 'airspace-state': 0, 'data': {'page': 'map', 'action': 'hide map'}}
INFO:root:1723302323.529313,ID:1018,STAGE:1,SEQUENCE:1324,DATA:{'time': 1723302323.516, 'user-id': '1018', 'source': 'HAI Interface', 'destination-index': '3', 'study-stage': '1', 'decision-state': 0, 'vitals-state': 0, 'airspace-state': 0, 'data': {'page': 'Inflight', 'action': 'Weather emergency- emergnecy propmt displayed'}}
INFO:root:1723302328.069765,ID:1018,STAGE:1,SEQUENCE:1324,DATA:{'time': 1723302328.063, 'user-id': '1018', 'source': 'HAI Interface', 'destination-index': '3', 'study-stage': '1', 'decision-state': 0, 'vitals-state': 0, 'airspace-state': 0, 'data': {'page': 'emergency', 'action': 'trying to change destination to19'}}
INFO:root:1723302328.070762,ID:1018,STAGE:1,SEQUENCE:1324,DATA:{'time': 1723302328.064, 'user-id': '1018', 'source': 'HAI Interface', 'destination-index': '3', 'study-stage': '1', 'decision-state': 0, 'vitals-state': 0, 'airspace-state': 0, 'data': {'page': 'emergency', 'action': 'show Weather Emergency Alert, hide map'}}
INFO:root:1723302328.074751,ID:1018,STAGE:1,SEQUENCE:1324,DATA:{'time': 1723302328.064, 'user-id': '1018', 'source': 'HAI Interface', 'destination-index': '3', 'study-stage': '1', 'decision-state': 0, 'vitals-state': 0, 'airspace-state': 0, 'data': {'page': 'map', 'action': 'hide map'}}
INFO:root:1723302328.07974,ID:1018,STAGE:1,SEQUENCE:1324,DATA:{'time': 1723302328.065, 'user-id': '1018', 'source': 'HAI Interface', 'destination-index': '3', 'study-stage': '1', 'decision-state': 0, 'vitals-state': 0, 'airspace-state': 0, 'data': {'page': 'Inflight', 'action': 'Weather emergency- emergnecy propmt displayed'}}
INFO:root:1723302329.29701,ID:1018,STAGE:1,SEQUENCE:1324,DATA:{'time': 1723302329.293, 'user-id': '1018', 'source': 'HAI Interface', 'destination-index': '3', 'study-stage': '1', 'decision-state': 0, 'vitals-state': 0, 'airspace-state': 0, 'data': {'page': 'map', 'action': 'hide map'}}
INFO:root:1723302331.750956,ID:1018,STAGE:1,SEQUENCE:1324,DATA:{'time': 1723302331.747, 'user-id': '1018', 'source': 'HAI Interface', 'destination-index': '3', 'study-stage': '1', 'decision-state': 0, 'vitals-state': 0, 'airspace-state': 0, 'data': {'page': 'Inflight', 'action': 'Weather emergency- show more info button pressed'}}
INFO:root:1723302333.076225,ID:1018,STAGE:1,SEQUENCE:1324,DATA:{'time': 1723302333.071, 'user-id': '1018', 'source': 'HAI Interface', 'destination-index': '3', 'study-stage': '1', 'decision-state': 0, 'vitals-state': 0, 'airspace-state': 0, 'data': {'page': 'emergency', 'action': 'trying to change destination to19'}}
INFO:root:1723302338.133208,ID:1018,STAGE:1,SEQUENCE:1324,DATA:{'time': 1723302338.127, 'user-id': '1018', 'source': 'HAI Interface', 'destination-index': '3', 'study-stage': '1', 'decision-state': 0, 'vitals-state': 0, 'airspace-state': 0, 'data': {'page': 'emergency', 'action': 'trying to change destination to19'}}
INFO:root:1723302343.154356,ID:1018,STAGE:1,SEQUENCE:1324,DATA:{'time': 1723302343.15, 'user-id': '1018', 'source': 'HAI Interface', 'destination-index': '3', 'study-stage': '1', 'decision-state': 0, 'vitals-state': 0, 'airspace-state': 0, 'data': {'page': 'emergency', 'action': 'trying to change destination to19'}}
INFO:root:1723302348.108287,ID:1018,STAGE:1,SEQUENCE:1324,DATA:{'time': 1723302348.101, 'user-id': '1018', 'source': 'HAI Interface', 'destination-index': '3', 'study-stage': '1', 'decision-state': 0, 'vitals-state': 0, 'airspace-state': 0, 'data': {'page': 'emergency', 'action': 'trying to change destination to19'}}
INFO:root:voice activity detected
INFO:root:recording started
INFO:root:voice deactivity detected
INFO:root:recording stopped
INFO:root:1723302353.204,ID:1018,STAGE:1,SEQUENCE:1324,DATA:{'time': 1723302353.195, 'user-id': '1018', 'source': 'HAI Interface', 'destination-index': '3', 'study-stage': '1', 'decision-state': 0, 'vitals-state': 0, 'airspace-state': 0, 'data': {'page': 'emergency', 'action': 'trying to change destination to19'}}
