1747152905.101263,ID:0,STAGE:1,SEQUENCE:0,DATA:{'page':'{'page': 'index', 'action': 'confirm button pressed'}','action':'None','timestamp':1747152905093},ANY:{'page': {'page': 'index', 'action': 'confirm button pressed'}, 'timestamp': 1747152905093}
1747153418.818457,ID:0,STAGE:1,SEQUENCE:0,DATA:{'page':'{'page': 'index', 'action': 'confirm button pressed'}','action':'None','timestamp':1747153418811},ANY:{'page': {'page': 'index', 'action': 'confirm button pressed'}, 'timestamp': 1747153418811}
1747153543.616283,ID:0,STAGE:1,SEQUENCE:0,DATA:{'page':'None','action':'None','timestamp':None},ANY:{'time': 1747153543.612, 'user-id': 'none', 'source': 'HAI Interface', 'destination-index': 3, 'study-stage': -1, 'decision-state': 0, 'vitals-state': 0, 'airspace-state': 0, 'data': {'page': 'location', 'action': 'opened page'}}
1747153544.225699,ID:0,STAGE:1,SEQUENCE:0,DATA:{'page':'{'page': 'map', 'action': 'selected helipad', 'value': '21'}','action':'None','timestamp':1747153544220},ANY:{'page': {'page': 'map', 'action': 'selected helipad', 'value': '21'}, 'timestamp': 1747153544220}
1747153545.879214,ID:0,STAGE:1,SEQUENCE:0,DATA:{'page':'None','action':'None','timestamp':None},ANY:{'time': 1747153545.873, 'user-id': '0', 'source': 'HAI Interface', 'destination-index': 'None', 'study-stage': '1', 'decision-state': 0, 'vitals-state': 0, 'airspace-state': 0, 'data': {'page': 'location', 'action': 'confirm button pressed'}}
1747153545.96957,ID:0,STAGE:1,SEQUENCE:0,DATA:{'page':'{'page': 'checklist', 'action': 'opened page', 'inflight': False}','action':'None','timestamp':1747153545967},ANY:{'page': {'page': 'checklist', 'action': 'opened page', 'inflight': False}, 'timestamp': 1747153545967}
1747153546.951791,ID:0,STAGE:1,SEQUENCE:0,DATA:{'page':'{'page': 'map', 'action': 'selected helipad', 'value': '21'}','action':'None','timestamp':1747153546942},ANY:{'page': {'page': 'map', 'action': 'selected helipad', 'value': '21'}, 'timestamp': 1747153546942}
1747153547.138408,ID:0,STAGE:1,SEQUENCE:0,DATA:{'page':'{'page': 'checklist', 'action': 'toggled checkbox', 'inflight': False, 'item': 0, 'value': 'OFF'}','action':'None','timestamp':1747153547135},ANY:{'page': {'page': 'checklist', 'action': 'toggled checkbox', 'inflight': False, 'item': 0, 'value': 'OFF'}, 'timestamp': 1747153547135}
1747153547.594088,ID:0,STAGE:1,SEQUENCE:0,DATA:{'page':'{'page': 'checklist', 'action': 'toggled checkbox', 'inflight': False, 'item': 1, 'value': 'OFF'}','action':'None','timestamp':1747153547587},ANY:{'page': {'page': 'checklist', 'action': 'toggled checkbox', 'inflight': False, 'item': 1, 'value': 'OFF'}, 'timestamp': 1747153547587}
1747153548.144268,ID:0,STAGE:1,SEQUENCE:0,DATA:{'page':'{'page': 'checklist', 'action': 'toggled checkbox', 'inflight': False, 'item': 2, 'value': 'OFF'}','action':'None','timestamp':1747153548136},ANY:{'page': {'page': 'checklist', 'action': 'toggled checkbox', 'inflight': False, 'item': 2, 'value': 'OFF'}, 'timestamp': 1747153548136}
1747153548.145086,ID:0,STAGE:1,SEQUENCE:0,DATA:{'page':'{'page': 'checklist', 'action': 'showing confirm button', 'inflight': False}','action':'None','timestamp':1747153548138},ANY:{'page': {'page': 'checklist', 'action': 'showing confirm button', 'inflight': False}, 'timestamp': 1747153548138}
1747153548.625894,ID:0,STAGE:1,SEQUENCE:0,DATA:{'page':'{'page': 'checklist', 'action': 'confirm button clicked', 'inflight': False}','action':'None','timestamp':1747153548620},ANY:{'page': {'page': 'checklist', 'action': 'confirm button clicked', 'inflight': False}, 'timestamp': 1747153548620}
1747153548.715594,ID:0,STAGE:1,SEQUENCE:0,DATA:{'page':'{'page': 'countdown', 'action': 'opened page'}','action':'None','timestamp':1747153548712},ANY:{'page': {'page': 'countdown', 'action': 'opened page'}, 'timestamp': 1747153548712}
1747153549.695181,ID:0,STAGE:1,SEQUENCE:0,DATA:{'page':'{'page': 'map', 'action': 'selected helipad', 'value': '21'}','action':'None','timestamp':1747153549685},ANY:{'page': {'page': 'map', 'action': 'selected helipad', 'value': '21'}, 'timestamp': 1747153549685}
1747153549.716956,ID:0,STAGE:1,SEQUENCE:0,DATA:{'page':'{'page': 'countdown', 'action': 'countdown now 4'}','action':'None','timestamp':1747153549713},ANY:{'page': {'page': 'countdown', 'action': 'countdown now 4'}, 'timestamp': 1747153549713}
1747153550.721111,ID:0,STAGE:1,SEQUENCE:0,DATA:{'page':'{'page': 'countdown', 'action': 'countdown now 3'}','action':'None','timestamp':1747153550713},ANY:{'page': {'page': 'countdown', 'action': 'countdown now 3'}, 'timestamp': 1747153550713}
1747153551.722602,ID:0,STAGE:1,SEQUENCE:0,DATA:{'page':'{'page': 'countdown', 'action': 'countdown now 2'}','action':'None','timestamp':1747153551715},ANY:{'page': {'page': 'countdown', 'action': 'countdown now 2'}, 'timestamp': 1747153551715}
1747153552.720114,ID:0,STAGE:1,SEQUENCE:0,DATA:{'page':'{'page': 'countdown', 'action': 'countdown now 1'}','action':'None','timestamp':1747153552715},ANY:{'page': {'page': 'countdown', 'action': 'countdown now 1'}, 'timestamp': 1747153552715}
1747153553.724317,ID:0,STAGE:1,SEQUENCE:0,DATA:{'page':'{'page': 'countdown', 'action': 'countdown now 0'}','action':'None','timestamp':1747153553716},ANY:{'page': {'page': 'countdown', 'action': 'countdown now 0'}, 'timestamp': 1747153553716}
1747153554.724901,ID:0,STAGE:1,SEQUENCE:0,DATA:{'page':'{'page': 'countdown', 'action': 'countdown complete'}','action':'None','timestamp':1747153554716},ANY:{'page': {'page': 'countdown', 'action': 'countdown complete'}, 'timestamp': 1747153554716}
1747153555.797621,ID:0,STAGE:1,SEQUENCE:0,DATA:{'page':'{'page': 'map', 'action': 'selected helipad', 'value': '21'}','action':'None','timestamp':1747153555790},ANY:{'page': {'page': 'map', 'action': 'selected helipad', 'value': '21'}, 'timestamp': 1747153555790}
1747153559.827105,ID:0,STAGE:1,SEQUENCE:0,DATA:{'page':'{'page': 'emergency', 'action': 'trying to change destination to100'}','action':'None','timestamp':1747153559824},ANY:{'page': {'page': 'emergency', 'action': 'trying to change destination to100'}, 'timestamp': 1747153559824}
1747153564.825249,ID:0,STAGE:1,SEQUENCE:0,DATA:{'page':'{'page': 'emergency', 'action': 'trying to change destination to19'}','action':'None','timestamp':1747153564823},ANY:{'page': {'page': 'emergency', 'action': 'trying to change destination to19'}, 'timestamp': 1747153564823}
1747153569.446099,ID:0,STAGE:1,SEQUENCE:0,DATA:{'page':'{'page': 'index', 'action': 'opened page'}','action':'None','timestamp':1747153569442},ANY:{'page': {'page': 'index', 'action': 'opened page'}, 'timestamp': 1747153569442}
1747153569.890019,ID:0,STAGE:1,SEQUENCE:0,DATA:{'page':'{'page': 'emergency', 'action': 'trying to change destination to19'}','action':'None','timestamp':1747153569886},ANY:{'page': {'page': 'emergency', 'action': 'trying to change destination to19'}, 'timestamp': 1747153569886}
1747153570.347295,ID:0,STAGE:1,SEQUENCE:0,DATA:{'page':'{'page': 'map', 'action': 'selected helipad', 'value': '21'}','action':'None','timestamp':1747153570340},ANY:{'page': {'page': 'map', 'action': 'selected helipad', 'value': '21'}, 'timestamp': 1747153570340}
1747153574.993957,ID:0,STAGE:1,SEQUENCE:0,DATA:{'page':'{'page': 'emergency', 'action': 'trying to change destination to19'}','action':'None','timestamp':1747153574989},ANY:{'page': {'page': 'emergency', 'action': 'trying to change destination to19'}, 'timestamp': 1747153574989}
1747153580.0457,ID:0,STAGE:1,SEQUENCE:0,DATA:{'page':'{'page': 'emergency', 'action': 'trying to change destination to19'}','action':'None','timestamp':1747153580040},ANY:{'page': {'page': 'emergency', 'action': 'trying to change destination to19'}, 'timestamp': 1747153580040}
1747153581.290332,ID:0,STAGE:1,SEQUENCE:0,DATA:{'page':'{'action': 'Controller Executing: click on okMap-button with value: undefined'}','action':'None','timestamp':1747153581281},ANY:{'page': {'action': 'Controller Executing: click on okMap-button with value: undefined'}, 'timestamp': 1747153581281}
1747153585.060798,ID:0,STAGE:1,SEQUENCE:0,DATA:{'page':'{'page': 'emergency', 'action': 'trying to change destination to19'}','action':'None','timestamp':1747153585057},ANY:{'page': {'page': 'emergency', 'action': 'trying to change destination to19'}, 'timestamp': 1747153585057}
1747153590.082557,ID:0,STAGE:1,SEQUENCE:0,DATA:{'page':'{'page': 'emergency', 'action': 'trying to change destination to19'}','action':'None','timestamp':1747153590077},ANY:{'page': {'page': 'emergency', 'action': 'trying to change destination to19'}, 'timestamp': 1747153590077}
1747153595.876076,ID:0,STAGE:1,SEQUENCE:0,DATA:{'page':'{'page': 'emergency', 'action': 'trying to change destination to19'}','action':'None','timestamp':1747153595871},ANY:{'page': {'page': 'emergency', 'action': 'trying to change destination to19'}, 'timestamp': 1747153595871}
1747153601.87992,ID:0,STAGE:1,SEQUENCE:0,DATA:{'page':'{'page': 'emergency', 'action': 'trying to change destination to19'}','action':'None','timestamp':1747153601875},ANY:{'page': {'page': 'emergency', 'action': 'trying to change destination to19'}, 'timestamp': 1747153601875}
1747153607.904282,ID:0,STAGE:1,SEQUENCE:0,DATA:{'page':'{'page': 'emergency', 'action': 'trying to change destination to19'}','action':'None','timestamp':1747153607899},ANY:{'page': {'page': 'emergency', 'action': 'trying to change destination to19'}, 'timestamp': 1747153607899}
1747153613.912558,ID:0,STAGE:1,SEQUENCE:0,DATA:{'page':'{'page': 'emergency', 'action': 'trying to change destination to19'}','action':'None','timestamp':1747153613908},ANY:{'page': {'page': 'emergency', 'action': 'trying to change destination to19'}, 'timestamp': 1747153613908}
1747153619.899739,ID:0,STAGE:1,SEQUENCE:0,DATA:{'page':'{'page': 'emergency', 'action': 'trying to change destination to19'}','action':'None','timestamp':1747153619897},ANY:{'page': {'page': 'emergency', 'action': 'trying to change destination to19'}, 'timestamp': 1747153619897}
1747153624.905692,ID:0,STAGE:1,SEQUENCE:0,DATA:{'page':'{'page': 'emergency', 'action': 'trying to change destination to19'}','action':'None','timestamp':1747153624901},ANY:{'page': {'page': 'emergency', 'action': 'trying to change destination to19'}, 'timestamp': 1747153624901}
1747153629.915543,ID:0,STAGE:1,SEQUENCE:0,DATA:{'page':'{'page': 'emergency', 'action': 'trying to change destination to19'}','action':'None','timestamp':1747153629909},ANY:{'page': {'page': 'emergency', 'action': 'trying to change destination to19'}, 'timestamp': 1747153629909}
1747153635.018931,ID:0,STAGE:1,SEQUENCE:0,DATA:{'page':'{'page': 'emergency', 'action': 'trying to change destination to19'}','action':'None','timestamp':1747153635015},ANY:{'page': {'page': 'emergency', 'action': 'trying to change destination to19'}, 'timestamp': 1747153635015}
1747153637.235933,ID:0,STAGE:1,SEQUENCE:0,DATA:{'page':'{'page': 'index', 'action': 'opened page'}','action':'None','timestamp':1747153637232},ANY:{'page': {'page': 'index', 'action': 'opened page'}, 'timestamp': 1747153637232}
1747153638.154514,ID:0,STAGE:1,SEQUENCE:0,DATA:{'page':'{'page': 'map', 'action': 'selected helipad', 'value': '21'}','action':'None','timestamp':1747153638148},ANY:{'page': {'page': 'map', 'action': 'selected helipad', 'value': '21'}, 'timestamp': 1747153638148}
1747153641.011169,ID:0,STAGE:1,SEQUENCE:0,DATA:{'page':'{'page': 'emergency', 'action': 'trying to change destination to19'}','action':'None','timestamp':1747153641005},ANY:{'page': {'page': 'emergency', 'action': 'trying to change destination to19'}, 'timestamp': 1747153641005}
1747153652.54229,ID:0,STAGE:1,SEQUENCE:0,DATA:{'page':'{'page': 'emergency', 'action': 'trying to change destination to19'}','action':'None','timestamp':1747153652536},ANY:{'page': {'page': 'emergency', 'action': 'trying to change destination to19'}, 'timestamp': 1747153652536}
1747153666.841492,ID:0,STAGE:1,SEQUENCE:0,DATA:{'page':'{'page': 'emergency', 'action': 'trying to change destination to19'}','action':'None','timestamp':1747153666837},ANY:{'page': {'page': 'emergency', 'action': 'trying to change destination to19'}, 'timestamp': 1747153666837}
1747153682.310394,ID:0,STAGE:1,SEQUENCE:0,DATA:{'page':'{'page': 'emergency', 'action': 'trying to change destination to19'}','action':'None','timestamp':1747153682305},ANY:{'page': {'page': 'emergency', 'action': 'trying to change destination to19'}, 'timestamp': 1747153682305}
1747153716.773746,ID:0,STAGE:1,SEQUENCE:0,DATA:{'page':'{'page': 'emergency', 'action': 'trying to change destination to19'}','action':'None','timestamp':1747153716768},ANY:{'page': {'page': 'emergency', 'action': 'trying to change destination to19'}, 'timestamp': 1747153716768}
1747153738.614006,ID:0,STAGE:1,SEQUENCE:0,DATA:{'page':'{'page': 'emergency', 'action': 'trying to change destination to19'}','action':'None','timestamp':1747153738611},ANY:{'page': {'page': 'emergency', 'action': 'trying to change destination to19'}, 'timestamp': 1747153738611}
1747153738.989429,ID:0,STAGE:1,SEQUENCE:0,DATA:{'page':'{'page': 'index', 'action': 'opened page'}','action':'None','timestamp':1747153738986},ANY:{'page': {'page': 'index', 'action': 'opened page'}, 'timestamp': 1747153738986}
1747153739.964406,ID:0,STAGE:1,SEQUENCE:0,DATA:{'page':'{'page': 'map', 'action': 'selected helipad', 'value': '21'}','action':'None','timestamp':1747153739956},ANY:{'page': {'page': 'map', 'action': 'selected helipad', 'value': '21'}, 'timestamp': 1747153739956}
1747153755.35364,ID:0,STAGE:1,SEQUENCE:0,DATA:{'page':'{'page': 'index', 'action': 'confirm button pressed'}','action':'None','timestamp':1747153755350},ANY:{'page': {'page': 'index', 'action': 'confirm button pressed'}, 'timestamp': 1747153755350}
1747153755.42439,ID:0,STAGE:1,SEQUENCE:0,DATA:{'page':'None','action':'None','timestamp':None},ANY:{'time': 1747153755.42, 'user-id': 'none', 'source': 'HAI Interface', 'destination-index': 3, 'study-stage': -1, 'decision-state': 0, 'vitals-state': 0, 'airspace-state': 0, 'data': {'page': 'location', 'action': 'opened page'}}
1747153756.399309,ID:0,STAGE:1,SEQUENCE:0,DATA:{'page':'{'page': 'map', 'action': 'selected helipad', 'value': '21'}','action':'None','timestamp':1747153756393},ANY:{'page': {'page': 'map', 'action': 'selected helipad', 'value': '21'}, 'timestamp': 1747153756393}
1747153756.990393,ID:0,STAGE:1,SEQUENCE:0,DATA:{'page':'None','action':'None','timestamp':None},ANY:{'time': 1747153756.984, 'user-id': '0', 'source': 'HAI Interface', 'destination-index': 'None', 'study-stage': 1, 'decision-state': 0, 'vitals-state': 0, 'airspace-state': 0, 'data': {'page': 'location', 'action': 'confirm button pressed'}}
1747153757.07304,ID:0,STAGE:1,SEQUENCE:0,DATA:{'page':'{'page': 'checklist', 'action': 'opened page', 'inflight': False}','action':'None','timestamp':1747153757070},ANY:{'page': {'page': 'checklist', 'action': 'opened page', 'inflight': False}, 'timestamp': 1747153757070}
1747153757.904301,ID:0,STAGE:1,SEQUENCE:0,DATA:{'page':'{'page': 'checklist', 'action': 'toggled checkbox', 'inflight': False, 'item': 0, 'value': 'OFF'}','action':'None','timestamp':1747153757899},ANY:{'page': {'page': 'checklist', 'action': 'toggled checkbox', 'inflight': False, 'item': 0, 'value': 'OFF'}, 'timestamp': 1747153757899}
1747153758.050733,ID:0,STAGE:1,SEQUENCE:0,DATA:{'page':'{'page': 'map', 'action': 'selected helipad', 'value': '21'}','action':'None','timestamp':1747153758045},ANY:{'page': {'page': 'map', 'action': 'selected helipad', 'value': '21'}, 'timestamp': 1747153758045}
1747153758.207177,ID:0,STAGE:1,SEQUENCE:0,DATA:{'page':'{'page': 'checklist', 'action': 'toggled checkbox', 'inflight': False, 'item': 1, 'value': 'OFF'}','action':'None','timestamp':1747153758201},ANY:{'page': {'page': 'checklist', 'action': 'toggled checkbox', 'inflight': False, 'item': 1, 'value': 'OFF'}, 'timestamp': 1747153758201}
1747153758.507807,ID:0,STAGE:1,SEQUENCE:0,DATA:{'page':'{'page': 'checklist', 'action': 'toggled checkbox', 'inflight': False, 'item': 1, 'value': 'ON'}','action':'None','timestamp':1747153758500},ANY:{'page': {'page': 'checklist', 'action': 'toggled checkbox', 'inflight': False, 'item': 1, 'value': 'ON'}, 'timestamp': 1747153758500}
1747153759.208361,ID:0,STAGE:1,SEQUENCE:0,DATA:{'page':'{'page': 'checklist', 'action': 'toggled checkbox', 'inflight': False, 'item': 1, 'value': 'OFF'}','action':'None','timestamp':1747153759201},ANY:{'page': {'page': 'checklist', 'action': 'toggled checkbox', 'inflight': False, 'item': 1, 'value': 'OFF'}, 'timestamp': 1747153759201}
1747153759.575546,ID:0,STAGE:1,SEQUENCE:0,DATA:{'page':'{'page': 'checklist', 'action': 'toggled checkbox', 'inflight': False, 'item': 2, 'value': 'OFF'}','action':'None','timestamp':1747153759568},ANY:{'page': {'page': 'checklist', 'action': 'toggled checkbox', 'inflight': False, 'item': 2, 'value': 'OFF'}, 'timestamp': 1747153759568}
1747153759.576636,ID:0,STAGE:1,SEQUENCE:0,DATA:{'page':'{'page': 'checklist', 'action': 'showing confirm button', 'inflight': False}','action':'None','timestamp':1747153759569},ANY:{'page': {'page': 'checklist', 'action': 'showing confirm button', 'inflight': False}, 'timestamp': 1747153759569}
1747153760.557964,ID:0,STAGE:1,SEQUENCE:0,DATA:{'page':'{'page': 'checklist', 'action': 'confirm button clicked', 'inflight': False}','action':'None','timestamp':1747153760551},ANY:{'page': {'page': 'checklist', 'action': 'confirm button clicked', 'inflight': False}, 'timestamp': 1747153760551}
1747153760.640418,ID:0,STAGE:1,SEQUENCE:0,DATA:{'page':'{'page': 'countdown', 'action': 'opened page'}','action':'None','timestamp':1747153760637},ANY:{'page': {'page': 'countdown', 'action': 'opened page'}, 'timestamp': 1747153760637}
1747153761.616986,ID:0,STAGE:1,SEQUENCE:0,DATA:{'page':'{'page': 'map', 'action': 'selected helipad', 'value': '21'}','action':'None','timestamp':1747153761610},ANY:{'page': {'page': 'map', 'action': 'selected helipad', 'value': '21'}, 'timestamp': 1747153761610}
1747153761.641723,ID:0,STAGE:1,SEQUENCE:0,DATA:{'page':'{'page': 'countdown', 'action': 'countdown now 4'}','action':'None','timestamp':1747153761638},ANY:{'page': {'page': 'countdown', 'action': 'countdown now 4'}, 'timestamp': 1747153761638}
1747153762.644795,ID:0,STAGE:1,SEQUENCE:0,DATA:{'page':'{'page': 'countdown', 'action': 'countdown now 3'}','action':'None','timestamp':1747153762638},ANY:{'page': {'page': 'countdown', 'action': 'countdown now 3'}, 'timestamp': 1747153762638}
1747153763.647025,ID:0,STAGE:1,SEQUENCE:0,DATA:{'page':'{'page': 'countdown', 'action': 'countdown now 2'}','action':'None','timestamp':1747153763640},ANY:{'page': {'page': 'countdown', 'action': 'countdown now 2'}, 'timestamp': 1747153763640}
1747153764.644282,ID:0,STAGE:1,SEQUENCE:0,DATA:{'page':'{'page': 'countdown', 'action': 'countdown now 1'}','action':'None','timestamp':1747153764641},ANY:{'page': {'page': 'countdown', 'action': 'countdown now 1'}, 'timestamp': 1747153764641}
1747153765.684611,ID:0,STAGE:1,SEQUENCE:0,DATA:{'page':'{'page': 'countdown', 'action': 'countdown now 0'}','action':'None','timestamp':1747153765677},ANY:{'page': {'page': 'countdown', 'action': 'countdown now 0'}, 'timestamp': 1747153765677}
1747153766.776506,ID:0,STAGE:1,SEQUENCE:0,DATA:{'page':'{'page': 'countdown', 'action': 'countdown complete'}','action':'None','timestamp':1747153766769},ANY:{'page': {'page': 'countdown', 'action': 'countdown complete'}, 'timestamp': 1747153766769}
1747153767.846496,ID:0,STAGE:1,SEQUENCE:0,DATA:{'page':'{'page': 'map', 'action': 'selected helipad', 'value': '21'}','action':'None','timestamp':1747153767843},ANY:{'page': {'page': 'map', 'action': 'selected helipad', 'value': '21'}, 'timestamp': 1747153767843}
1747153771.937239,ID:0,STAGE:1,SEQUENCE:0,DATA:{'page':'{'page': 'emergency', 'action': 'trying to change destination to100'}','action':'None','timestamp':1747153771932},ANY:{'page': {'page': 'emergency', 'action': 'trying to change destination to100'}, 'timestamp': 1747153771932}
1747153771.939784,ID:0,STAGE:1,SEQUENCE:0,DATA:{'page':'{'page': 'emergency', 'action': 'show Pressure Miscalibrated Warning, hide map'}','action':'None','timestamp':1747153771933},ANY:{'page': {'page': 'emergency', 'action': 'show Pressure Miscalibrated Warning, hide map'}, 'timestamp': 1747153771933}
1747153771.940394,ID:0,STAGE:1,SEQUENCE:0,DATA:{'page':'{'page': 'map', 'action': 'hide map'}','action':'None','timestamp':1747153771934},ANY:{'page': {'page': 'map', 'action': 'hide map'}, 'timestamp': 1747153771934}
1747153771.941554,ID:0,STAGE:1,SEQUENCE:0,DATA:{'page':'{'page': 'Inflight', 'action': 'Pressure Warning alert activated'}','action':'None','timestamp':1747153771936},ANY:{'page': {'page': 'Inflight', 'action': 'Pressure Warning alert activated'}, 'timestamp': 1747153771936}
1747153771.944011,ID:0,STAGE:1,SEQUENCE:0,DATA:{'page':'{'page': 'Inflight', 'action': 'showing emergency: low Low Pressure Warning <div> Report the reading from the secondary hydraulic pressure gauge</div>'}','action':'None','timestamp':1747153771938},ANY:{'page': {'page': 'Inflight', 'action': 'showing emergency: low Low Pressure Warning <div> Report the reading from the secondary hydraulic pressure gauge</div>'}, 'timestamp': 1747153771938}
1747153771.991199,ID:0,STAGE:1,SEQUENCE:0,DATA:{'page':'{'page': 'Jarvis speaking', 'action': 'Message: Hydraulic pressure anomaly detected. Request reading from backup pressure gauge, left panel, third dial. Stress level: normal'}','action':'None','timestamp':1747153771986},ANY:{'page': {'page': 'Jarvis speaking', 'action': 'Message: Hydraulic pressure anomaly detected. Request reading from backup pressure gauge, left panel, third dial. Stress level: normal'}, 'timestamp': 1747153771986}
1747153776.993187,ID:0,STAGE:1,SEQUENCE:0,DATA:{'page':'{'page': 'emergency', 'action': 'trying to change destination to19'}','action':'None','timestamp':1747153776988},ANY:{'page': {'page': 'emergency', 'action': 'trying to change destination to19'}, 'timestamp': 1747153776988}
1747153782.043829,ID:0,STAGE:1,SEQUENCE:0,DATA:{'page':'{'page': 'Jarvis speaking', 'action': 'Message: Reminder: Hydraulic pressure anomaly detected. Request reading from backup pressure gauge, left panel, third dial. Stress level: low'}','action':'None','timestamp':1747153782036},ANY:{'page': {'page': 'Jarvis speaking', 'action': 'Message: Reminder: Hydraulic pressure anomaly detected. Request reading from backup pressure gauge, left panel, third dial. Stress level: low'}, 'timestamp': 1747153782036}
1747153782.051276,ID:0,STAGE:1,SEQUENCE:0,DATA:{'page':'{'page': 'emergency', 'action': 'trying to change destination to19'}','action':'None','timestamp':1747153782046},ANY:{'page': {'page': 'emergency', 'action': 'trying to change destination to19'}, 'timestamp': 1747153782046}
1747153787.05163,ID:0,STAGE:1,SEQUENCE:0,DATA:{'page':'{'page': 'emergency', 'action': 'trying to change destination to19'}','action':'None','timestamp':1747153787045},ANY:{'page': {'page': 'emergency', 'action': 'trying to change destination to19'}, 'timestamp': 1747153787045}
1747153792.087806,ID:0,STAGE:1,SEQUENCE:0,DATA:{'page':'{'page': 'Jarvis speaking', 'action': 'Message: Reminder: Hydraulic pressure anomaly detected. Request reading from backup pressure gauge, left panel, third dial. Stress level: low'}','action':'None','timestamp':1747153792084},ANY:{'page': {'page': 'Jarvis speaking', 'action': 'Message: Reminder: Hydraulic pressure anomaly detected. Request reading from backup pressure gauge, left panel, third dial. Stress level: low'}, 'timestamp': 1747153792084}
1747153792.093227,ID:0,STAGE:1,SEQUENCE:0,DATA:{'page':'{'page': 'emergency', 'action': 'trying to change destination to19'}','action':'None','timestamp':1747153792089},ANY:{'page': {'page': 'emergency', 'action': 'trying to change destination to19'}, 'timestamp': 1747153792089}
1747153797.195812,ID:0,STAGE:1,SEQUENCE:0,DATA:{'page':'{'page': 'emergency', 'action': 'trying to change destination to19'}','action':'None','timestamp':1747153797192},ANY:{'page': {'page': 'emergency', 'action': 'trying to change destination to19'}, 'timestamp': 1747153797192}
1747153802.120098,ID:0,STAGE:1,SEQUENCE:0,DATA:{'page':'{'page': 'Jarvis speaking', 'action': 'Message: Reminder: Hydraulic pressure anomaly detected. Request reading from backup pressure gauge, left panel, third dial. Stress level: low'}','action':'None','timestamp':1747153802109},ANY:{'page': {'page': 'Jarvis speaking', 'action': 'Message: Reminder: Hydraulic pressure anomaly detected. Request reading from backup pressure gauge, left panel, third dial. Stress level: low'}, 'timestamp': 1747153802109}
1747153803.673256,ID:0,STAGE:1,SEQUENCE:0,DATA:{'page':'{'page': 'emergency', 'action': 'trying to change destination to19'}','action':'None','timestamp':1747153803668},ANY:{'page': {'page': 'emergency', 'action': 'trying to change destination to19'}, 'timestamp': 1747153803668}
1747153807.749971,ID:0,STAGE:1,SEQUENCE:0,DATA:{'page':'{'page': 'speak text', 'action': 'Receieved text and level:settingpressureinputto79normal'}','action':'None','timestamp':1747153807741},ANY:{'page': {'page': 'speak text', 'action': 'Receieved text and level:settingpressureinputto79normal'}, 'timestamp': 1747153807741}
1747153807.751295,ID:0,STAGE:1,SEQUENCE:0,DATA:{'page':'{'page': 'Jarvis speaking', 'action': 'Message: settingpressureinputto79 Stress level: normal'}','action':'None','timestamp':1747153807743},ANY:{'page': {'page': 'Jarvis speaking', 'action': 'Message: settingpressureinputto79 Stress level: normal'}, 'timestamp': 1747153807743}
1747153807.751439,ID:0,STAGE:1,SEQUENCE:0,DATA:{'page':'{'action': 'Controller Executing: set-value on valueInput with value: 79'}','action':'None','timestamp':1747153807744},ANY:{'page': {'action': 'Controller Executing: set-value on valueInput with value: 79'}, 'timestamp': 1747153807744}
1747153808.834634,ID:0,STAGE:1,SEQUENCE:0,DATA:{'page':'{'page': 'emergency', 'action': 'trying to change destination to19'}','action':'None','timestamp':1747153808832},ANY:{'page': {'page': 'emergency', 'action': 'trying to change destination to19'}, 'timestamp': 1747153808832}
1747153812.115528,ID:0,STAGE:1,SEQUENCE:0,DATA:{'page':'{'page': 'Jarvis speaking', 'action': 'Message: Reminder: Hydraulic pressure anomaly detected. Request reading from backup pressure gauge, left panel, third dial. Stress level: low'}','action':'None','timestamp':1747153812110},ANY:{'page': {'page': 'Jarvis speaking', 'action': 'Message: Reminder: Hydraulic pressure anomaly detected. Request reading from backup pressure gauge, left panel, third dial. Stress level: low'}, 'timestamp': 1747153812110}
1747153812.749252,ID:0,STAGE:1,SEQUENCE:0,DATA:{'page':'{'action': 'Controller Executing: click on submit-button with value: undefined'}','action':'None','timestamp':1747153812741},ANY:{'page': {'action': 'Controller Executing: click on submit-button with value: undefined'}, 'timestamp': 1747153812741}
1747153812.751623,ID:0,STAGE:1,SEQUENCE:0,DATA:{'page':'{'page': 'Jarvis speaking', 'action': 'Message: Incorrect value. Please report the correct reading Stress level: normal'}','action':'None','timestamp':1747153812743},ANY:{'page': {'page': 'Jarvis speaking', 'action': 'Message: Incorrect value. Please report the correct reading Stress level: normal'}, 'timestamp': 1747153812743}
1747153812.752457,ID:0,STAGE:1,SEQUENCE:0,DATA:{'page':'{'page': 'Inflight', 'action': 'user entered incorrect value: 79, expected: 75'}','action':'None','timestamp':1747153812744},ANY:{'page': {'page': 'Inflight', 'action': 'user entered incorrect value: 79, expected: 75'}, 'timestamp': 1747153812744}
1747153813.19701,ID:0,STAGE:1,SEQUENCE:0,DATA:{'page':'{'action': 'Controller Executing: click on submit-button with value: undefined'}','action':'None','timestamp':1747153813188},ANY:{'page': {'action': 'Controller Executing: click on submit-button with value: undefined'}, 'timestamp': 1747153813188}
1747153813.198728,ID:0,STAGE:1,SEQUENCE:0,DATA:{'page':'{'page': 'Jarvis speaking', 'action': 'Message: Incorrect value. Please report the correct reading Stress level: normal'}','action':'None','timestamp':1747153813190},ANY:{'page': {'page': 'Jarvis speaking', 'action': 'Message: Incorrect value. Please report the correct reading Stress level: normal'}, 'timestamp': 1747153813190}
1747153813.198815,ID:0,STAGE:1,SEQUENCE:0,DATA:{'page':'{'page': 'Inflight', 'action': 'user entered incorrect value: 79, expected: 75'}','action':'None','timestamp':1747153813191},ANY:{'page': {'page': 'Inflight', 'action': 'user entered incorrect value: 79, expected: 75'}, 'timestamp': 1747153813191}
1747153813.865436,ID:0,STAGE:1,SEQUENCE:0,DATA:{'page':'{'page': 'emergency', 'action': 'trying to change destination to19'}','action':'None','timestamp':1747153813862},ANY:{'page': {'page': 'emergency', 'action': 'trying to change destination to19'}, 'timestamp': 1747153813862}
1747153818.880489,ID:0,STAGE:1,SEQUENCE:0,DATA:{'page':'{'page': 'emergency', 'action': 'trying to change destination to19'}','action':'None','timestamp':1747153818876},ANY:{'page': {'page': 'emergency', 'action': 'trying to change destination to19'}, 'timestamp': 1747153818876}
1747153822.117977,ID:0,STAGE:1,SEQUENCE:0,DATA:{'page':'{'page': 'Jarvis speaking', 'action': 'Message: Reminder: Hydraulic pressure anomaly detected. Request reading from backup pressure gauge, left panel, third dial. Stress level: low'}','action':'None','timestamp':1747153822110},ANY:{'page': {'page': 'Jarvis speaking', 'action': 'Message: Reminder: Hydraulic pressure anomaly detected. Request reading from backup pressure gauge, left panel, third dial. Stress level: low'}, 'timestamp': 1747153822110}
1747153823.885553,ID:0,STAGE:1,SEQUENCE:0,DATA:{'page':'{'page': 'emergency', 'action': 'trying to change destination to19'}','action':'None','timestamp':1747153823883},ANY:{'page': {'page': 'emergency', 'action': 'trying to change destination to19'}, 'timestamp': 1747153823883}
1747153828.90461,ID:0,STAGE:1,SEQUENCE:0,DATA:{'page':'{'page': 'emergency', 'action': 'trying to change destination to19'}','action':'None','timestamp':1747153828899},ANY:{'page': {'page': 'emergency', 'action': 'trying to change destination to19'}, 'timestamp': 1747153828899}
1747153832.137045,ID:0,STAGE:1,SEQUENCE:0,DATA:{'page':'{'page': 'Jarvis speaking', 'action': 'Message: Reminder: Hydraulic pressure anomaly detected. Request reading from backup pressure gauge, left panel, third dial. Stress level: low'}','action':'None','timestamp':1747153832129},ANY:{'page': {'page': 'Jarvis speaking', 'action': 'Message: Reminder: Hydraulic pressure anomaly detected. Request reading from backup pressure gauge, left panel, third dial. Stress level: low'}, 'timestamp': 1747153832129}
1747153833.915063,ID:0,STAGE:1,SEQUENCE:0,DATA:{'page':'{'page': 'emergency', 'action': 'trying to change destination to19'}','action':'None','timestamp':1747153833910},ANY:{'page': {'page': 'emergency', 'action': 'trying to change destination to19'}, 'timestamp': 1747153833910}
1747153838.923828,ID:0,STAGE:1,SEQUENCE:0,DATA:{'page':'{'page': 'emergency', 'action': 'trying to change destination to19'}','action':'None','timestamp':1747153838918},ANY:{'page': {'page': 'emergency', 'action': 'trying to change destination to19'}, 'timestamp': 1747153838918}
1747153842.155493,ID:0,STAGE:1,SEQUENCE:0,DATA:{'page':'{'page': 'Jarvis speaking', 'action': 'Message: Reminder: Hydraulic pressure anomaly detected. Request reading from backup pressure gauge, left panel, third dial. Stress level: low'}','action':'None','timestamp':1747153842148},ANY:{'page': {'page': 'Jarvis speaking', 'action': 'Message: Reminder: Hydraulic pressure anomaly detected. Request reading from backup pressure gauge, left panel, third dial. Stress level: low'}, 'timestamp': 1747153842148}
1747153843.93556,ID:0,STAGE:1,SEQUENCE:0,DATA:{'page':'{'page': 'emergency', 'action': 'trying to change destination to19'}','action':'None','timestamp':1747153843930},ANY:{'page': {'page': 'emergency', 'action': 'trying to change destination to19'}, 'timestamp': 1747153843930}
1747153848.937568,ID:0,STAGE:1,SEQUENCE:0,DATA:{'page':'{'page': 'emergency', 'action': 'trying to change destination to19'}','action':'None','timestamp':1747153848934},ANY:{'page': {'page': 'emergency', 'action': 'trying to change destination to19'}, 'timestamp': 1747153848934}
1747153851.10638,ID:0,STAGE:1,SEQUENCE:0,DATA:{'page':'{'page': 'Jarvis speaking', 'action': 'Message: Copy. Sensor miscalibration likely. WARNING CLEARED. System status: Normal. Continuing course. Stress level: normal'}','action':'None','timestamp':1747153851101},ANY:{'page': {'page': 'Jarvis speaking', 'action': 'Message: Copy. Sensor miscalibration likely. WARNING CLEARED. System status: Normal. Continuing course. Stress level: normal'}, 'timestamp': 1747153851101}
1747153851.107569,ID:0,STAGE:1,SEQUENCE:0,DATA:{'page':'{'page': 'Inflight', 'action': 'user entered correct value: 75'}','action':'None','timestamp':1747153851103},ANY:{'page': {'page': 'Inflight', 'action': 'user entered correct value: 75'}, 'timestamp': 1747153851103}
1747153853.95566,ID:0,STAGE:1,SEQUENCE:0,DATA:{'page':'{'page': 'emergency', 'action': 'trying to change destination to19'}','action':'None','timestamp':1747153853949},ANY:{'page': {'page': 'emergency', 'action': 'trying to change destination to19'}, 'timestamp': 1747153853949}
1747153858.962108,ID:0,STAGE:1,SEQUENCE:0,DATA:{'page':'{'page': 'emergency', 'action': 'trying to change destination to19'}','action':'None','timestamp':1747153858958},ANY:{'page': {'page': 'emergency', 'action': 'trying to change destination to19'}, 'timestamp': 1747153858958}
1747153863.974058,ID:0,STAGE:1,SEQUENCE:0,DATA:{'page':'{'page': 'emergency', 'action': 'trying to change destination to19'}','action':'None','timestamp':1747153863968},ANY:{'page': {'page': 'emergency', 'action': 'trying to change destination to19'}, 'timestamp': 1747153863968}
1747153868.978981,ID:0,STAGE:1,SEQUENCE:0,DATA:{'page':'{'page': 'emergency', 'action': 'trying to change destination to19'}','action':'None','timestamp':1747153868975},ANY:{'page': {'page': 'emergency', 'action': 'trying to change destination to19'}, 'timestamp': 1747153868975}
1747153873.989259,ID:0,STAGE:1,SEQUENCE:0,DATA:{'page':'{'page': 'emergency', 'action': 'trying to change destination to19'}','action':'None','timestamp':1747153873985},ANY:{'page': {'page': 'emergency', 'action': 'trying to change destination to19'}, 'timestamp': 1747153873985}
1747153879.004035,ID:0,STAGE:1,SEQUENCE:0,DATA:{'page':'{'page': 'emergency', 'action': 'trying to change destination to19'}','action':'None','timestamp':1747153878999},ANY:{'page': {'page': 'emergency', 'action': 'trying to change destination to19'}, 'timestamp': 1747153878999}
1747153884.013798,ID:0,STAGE:1,SEQUENCE:0,DATA:{'page':'{'page': 'emergency', 'action': 'trying to change destination to19'}','action':'None','timestamp':1747153884008},ANY:{'page': {'page': 'emergency', 'action': 'trying to change destination to19'}, 'timestamp': 1747153884008}
1747153889.026596,ID:0,STAGE:1,SEQUENCE:0,DATA:{'page':'{'page': 'emergency', 'action': 'trying to change destination to19'}','action':'None','timestamp':1747153889020},ANY:{'page': {'page': 'emergency', 'action': 'trying to change destination to19'}, 'timestamp': 1747153889020}
1747153894.033669,ID:0,STAGE:1,SEQUENCE:0,DATA:{'page':'{'page': 'emergency', 'action': 'trying to change destination to19'}','action':'None','timestamp':1747153894028},ANY:{'page': {'page': 'emergency', 'action': 'trying to change destination to19'}, 'timestamp': 1747153894028}
1747153899.044391,ID:0,STAGE:1,SEQUENCE:0,DATA:{'page':'{'page': 'emergency', 'action': 'trying to change destination to19'}','action':'None','timestamp':1747153899039},ANY:{'page': {'page': 'emergency', 'action': 'trying to change destination to19'}, 'timestamp': 1747153899039}
1747153904.049826,ID:0,STAGE:1,SEQUENCE:0,DATA:{'page':'{'page': 'emergency', 'action': 'trying to change destination to19'}','action':'None','timestamp':1747153904046},ANY:{'page': {'page': 'emergency', 'action': 'trying to change destination to19'}, 'timestamp': 1747153904046}
1747153909.062236,ID:0,STAGE:1,SEQUENCE:0,DATA:{'page':'{'page': 'emergency', 'action': 'trying to change destination to19'}','action':'None','timestamp':1747153909057},ANY:{'page': {'page': 'emergency', 'action': 'trying to change destination to19'}, 'timestamp': 1747153909057}
1747153914.068163,ID:0,STAGE:1,SEQUENCE:0,DATA:{'page':'{'page': 'emergency', 'action': 'trying to change destination to19'}','action':'None','timestamp':1747153914065},ANY:{'page': {'page': 'emergency', 'action': 'trying to change destination to19'}, 'timestamp': 1747153914065}
1747153919.078949,ID:0,STAGE:1,SEQUENCE:0,DATA:{'page':'{'page': 'emergency', 'action': 'trying to change destination to19'}','action':'None','timestamp':1747153919075},ANY:{'page': {'page': 'emergency', 'action': 'trying to change destination to19'}, 'timestamp': 1747153919075}
1747153924.945195,ID:0,STAGE:1,SEQUENCE:0,DATA:{'page':'{'page': 'emergency', 'action': 'trying to change destination to19'}','action':'None','timestamp':1747153924940},ANY:{'page': {'page': 'emergency', 'action': 'trying to change destination to19'}, 'timestamp': 1747153924940}
1747153932.315021,ID:0,STAGE:1,SEQUENCE:0,DATA:{'page':'{'page': 'emergency', 'action': 'trying to change destination to19'}','action':'None','timestamp':1747153932311},ANY:{'page': {'page': 'emergency', 'action': 'trying to change destination to19'}, 'timestamp': 1747153932311}
1747153941.94564,ID:0,STAGE:1,SEQUENCE:0,DATA:{'page':'{'page': 'emergency', 'action': 'trying to change destination to19'}','action':'None','timestamp':1747153941942},ANY:{'page': {'page': 'emergency', 'action': 'trying to change destination to19'}, 'timestamp': 1747153941942}
1747153947.59729,ID:0,STAGE:1,SEQUENCE:0,DATA:{'page':'{'page': 'emergency', 'action': 'trying to change destination to19'}','action':'None','timestamp':1747153947591},ANY:{'page': {'page': 'emergency', 'action': 'trying to change destination to19'}, 'timestamp': 1747153947591}
1747153957.120924,ID:0,STAGE:1,SEQUENCE:0,DATA:{'page':'{'page': 'emergency', 'action': 'trying to change destination to19'}','action':'None','timestamp':1747153957118},ANY:{'page': {'page': 'emergency', 'action': 'trying to change destination to19'}, 'timestamp': 1747153957118}
1747153962.181399,ID:0,STAGE:1,SEQUENCE:0,DATA:{'page':'{'page': 'emergency', 'action': 'trying to change destination to19'}','action':'None','timestamp':1747153962174},ANY:{'page': {'page': 'emergency', 'action': 'trying to change destination to19'}, 'timestamp': 1747153962174}
1747153968.642917,ID:0,STAGE:1,SEQUENCE:0,DATA:{'page':'{'page': 'emergency', 'action': 'trying to change destination to19'}','action':'None','timestamp':1747153968638},ANY:{'page': {'page': 'emergency', 'action': 'trying to change destination to19'}, 'timestamp': 1747153968638}
1747153979.606738,ID:0,STAGE:1,SEQUENCE:0,DATA:{'page':'{'page': 'emergency', 'action': 'trying to change destination to19'}','action':'None','timestamp':1747153979603},ANY:{'page': {'page': 'emergency', 'action': 'trying to change destination to19'}, 'timestamp': 1747153979603}
1747153991.09699,ID:0,STAGE:1,SEQUENCE:0,DATA:{'page':'{'page': 'emergency', 'action': 'trying to change destination to19'}','action':'None','timestamp':1747153991090},ANY:{'page': {'page': 'emergency', 'action': 'trying to change destination to19'}, 'timestamp': 1747153991090}
1747154008.097646,ID:0,STAGE:1,SEQUENCE:0,DATA:{'page':'{'page': 'emergency', 'action': 'trying to change destination to19'}','action':'None','timestamp':1747154008092},ANY:{'page': {'page': 'emergency', 'action': 'trying to change destination to19'}, 'timestamp': 1747154008092}
1747154037.798567,ID:0,STAGE:1,SEQUENCE:0,DATA:{'page':'{'page': 'emergency', 'action': 'trying to change destination to19'}','action':'None','timestamp':1747154037792},ANY:{'page': {'page': 'emergency', 'action': 'trying to change destination to19'}, 'timestamp': 1747154037792}
1747154092.556281,ID:0,STAGE:1,SEQUENCE:0,DATA:{'page':'{'page': 'emergency', 'action': 'trying to change destination to19'}','action':'None','timestamp':1747154092550},ANY:{'page': {'page': 'emergency', 'action': 'trying to change destination to19'}, 'timestamp': 1747154092550}
1747154153.834913,ID:0,STAGE:1,SEQUENCE:0,DATA:{'page':'{'page': 'emergency', 'action': 'trying to change destination to19'}','action':'None','timestamp':1747154153829},ANY:{'page': {'page': 'emergency', 'action': 'trying to change destination to19'}, 'timestamp': 1747154153829}
