1751465495.631835,ID:2103,STAGE:2,SEQUENCE:1234,DATA:{'page':'{'page': 'index', 'action': 'opened page'}','action':'None','timestamp':1751465495629},ANY:{'page': {'page': 'index', 'action': 'opened page'}, 'timestamp': 1751465495629}
1751465496.565569,ID:2103,STAGE:2,SEQUENCE:1234,DATA:{'page':'{'page': 'map', 'action': 'selected helipad', 'value': '21'}','action':'None','timestamp':1751465496561},ANY:{'page': {'page': 'map', 'action': 'selected helipad', 'value': '21'}, 'timestamp': 1751465496561}
1751465573.082295,ID:2103,STAGE:2,SEQUENCE:1234,DATA:{'page':'{'sensor': 'Heart Rate', 'action': 'opened sensor tab'}','action':'None','timestamp':1751465573265},ANY:{'page': {'sensor': 'Heart Rate', 'action': 'opened sensor tab'}, 'timestamp': 1751465573265}
1751465573.082791,ID:2103,STAGE:2,SEQUENCE:1234,DATA:{'page':'{'sensor': 'Heart Rate', 'action': 'keypad open'}','action':'None','timestamp':1751465573266},ANY:{'page': {'sensor': 'Heart Rate', 'action': 'keypad open'}, 'timestamp': 1751465573266}
1751465573.083288,ID:2103,STAGE:2,SEQUENCE:1234,DATA:{'page':'{'sensor': 'Heart Rate', 'action': 'show action buttons'}','action':'None','timestamp':1751465573266},ANY:{'page': {'sensor': 'Heart Rate', 'action': 'show action buttons'}, 'timestamp': 1751465573266}
1751465644.634743,ID:2103,STAGE:2,SEQUENCE:1234,DATA:{'page':'{'sensor': 'Heart Rate', 'action': 'opened sensor tab'}','action':'None','timestamp':1751465644819},ANY:{'page': {'sensor': 'Heart Rate', 'action': 'opened sensor tab'}, 'timestamp': 1751465644819}
1751465644.646647,ID:2103,STAGE:2,SEQUENCE:1234,DATA:{'page':'{'sensor': 'Heart Rate', 'action': 'show action buttons'}','action':'None','timestamp':1751465644820},ANY:{'page': {'sensor': 'Heart Rate', 'action': 'show action buttons'}, 'timestamp': 1751465644820}
1751465666.935441,ID:2103,STAGE:2,SEQUENCE:1234,DATA:{'page':'{'page': 'speak text', 'action': 'Receieved text and level:Are you ready to start?normal'}','action':'None','timestamp':1751465666931},ANY:{'page': {'page': 'speak text', 'action': 'Receieved text and level:Are you ready to start?normal'}, 'timestamp': 1751465666931}
1751465666.935937,ID:2103,STAGE:2,SEQUENCE:1234,DATA:{'page':'{'page': 'Jarvis speaking', 'action': 'Message: Are you ready to start? Stress level: normal'}','action':'None','timestamp':1751465666932},ANY:{'page': {'page': 'Jarvis speaking', 'action': 'Message: Are you ready to start? Stress level: normal'}, 'timestamp': 1751465666932}
1751465670.227969,ID:2103,STAGE:2,SEQUENCE:1234,DATA:{'page':'{'page': 'index', 'action': 'confirm button pressed'}','action':'None','timestamp':1751465670223},ANY:{'page': {'page': 'index', 'action': 'confirm button pressed'}, 'timestamp': 1751465670223}
th value: undefined'}, 'timestamp': 1751465670223}
1751465670.33213,ID:2103,STAGE:2,SEQUENCE:1234,DATA:{'page':'None','action':'None','timestamp':None},ANY:{'time': 1751465670.319, 'user-id': 'none', 'source': 'HAI Interface', 'destination-index': 3, 'study-stage': -1, 'decision-state': 0, 'vitals-state': 0, 'airspace-state': 0, 'data': {'page': 'location', 'action': 'opened page'}}
1751465671.293283,ID:2103,STAGE:2,SEQUENCE:1234,DATA:{'page':'{'page': 'map', 'action': 'selected helipad', 'value': '21'}','action':'None','timestamp':1751465671288},ANY:{'page': {'page': 'map', 'action': 'selected helipad', 'value': '21'}, 'timestamp': 1751465671288}
1751465672.485319,ID:2103,STAGE:2,SEQUENCE:1234,DATA:{'page':'{'page': 'Jarvis speaking', 'action': 'Message: Please confirm the destination Emory University Hospital Stress level: normal'}','action':'None','timestamp':1751465672481},ANY:{'page': {'page': 'Jarvis speaking', 'action': 'Message: Please confirm the destination Emory University Hospital Stress level: normal'}, 'timestamp': 1751465672481}
1751465677.96039,ID:2103,STAGE:2,SEQUENCE:1234,DATA:{'page':'{'action': 'Controller Executing: click on confirm-button with value: undefined'}','action':'None','timestamp':1751465677958},ANY:{'page': {'action': 'Controller Executing: click on confirm-button with value: undefined'}, 'timestamp': 1751465677958}
1751465677.960887,ID:2103,STAGE:2,SEQUENCE:1234,DATA:{'page':'None','action':'None','timestamp':None},ANY:{'time': 1751465677.958, 'user-id': '2103', 'source': 'HAI Interface', 'destination-index': 'None', 'study-stage': '2', 'decision-state': 0, 'vitals-state': 0, 'airspace-state': 0, 'data': {'page': 'location', 'action': 'confirm button pressed'}}
1751465678.079159,ID:2103,STAGE:2,SEQUENCE:1234,DATA:{'page':'{'page': 'checklist', 'action': 'opened page', 'inflight': False}','action':'None','timestamp':1751465678070},ANY:{'page': {'page': 'checklist', 'action': 'opened page', 'inflight': False}, 'timestamp': 1751465678070}
1751465679.048689,ID:2103,STAGE:2,SEQUENCE:1234,DATA:{'page':'{'page': 'map', 'action': 'selected helipad', 'value': '21'}','action':'None','timestamp':1751465679046},ANY:{'page': {'page': 'map', 'action': 'selected helipad', 'value': '21'}, 'timestamp': 1751465679046}
1751465679.70132,ID:2103,STAGE:2,SEQUENCE:1234,DATA:{'page':'{'page': 'speak text', 'action': 'Receieved text and level:Put on your seatbelts and ensure that all equipments are securenormal'}','action':'None','timestamp':1751465679697},ANY:{'page': {'page': 'speak text', 'action': 'Receieved text and level:Put on your seatbelts and ensure that all equipments are securenormal'}, 'timestamp': 1751465679697}
1751465679.701816,ID:2103,STAGE:2,SEQUENCE:1234,DATA:{'page':'{'page': 'Jarvis speaking', 'action': 'Message: Put on your seatbelts and ensure that all equipments are secure Stress level: normal'}','action':'None','timestamp':1751465679698},ANY:{'page': {'page': 'Jarvis speaking', 'action': 'Message: Put on your seatbelts and ensure that all equipments are secure Stress level: normal'}, 'timestamp': 1751465679698}
1751465688.391717,ID:2103,STAGE:2,SEQUENCE:1234,DATA:{'page':'{'page': 'checklist', 'action': 'toggled checkbox', 'inflight': False, 'item': 0, 'value': 'OFF'}','action':'None','timestamp':1751465688389},ANY:{'page': {'page': 'checklist', 'action': 'toggled checkbox', 'inflight': False, 'item': 0, 'value': 'OFF'}, 'timestamp': 1751465688389}
1751465690.299991,ID:2103,STAGE:2,SEQUENCE:1234,DATA:{'page':'{'page': 'checklist', 'action': 'toggled checkbox', 'inflight': False, 'item': 1, 'value': 'OFF'}','action':'None','timestamp':1751465690298},ANY:{'page': {'page': 'checklist', 'action': 'toggled checkbox', 'inflight': False, 'item': 1, 'value': 'OFF'}, 'timestamp': 1751465690298}
1751465694.869003,ID:2103,STAGE:2,SEQUENCE:1234,DATA:{'page':'{'page': 'checklist', 'action': 'toggled checkbox', 'inflight': False, 'item': 2, 'value': 'OFF'}','action':'None','timestamp':1751465694867},ANY:{'page': {'page': 'checklist', 'action': 'toggled checkbox', 'inflight': False, 'item': 2, 'value': 'OFF'}, 'timestamp': 1751465694867}
1751465694.869995,ID:2103,STAGE:2,SEQUENCE:1234,DATA:{'page':'{'page': 'checklist', 'action': 'showing confirm button', 'inflight': False}','action':'None','timestamp':1751465694867},ANY:{'page': {'page': 'checklist', 'action': 'showing confirm button', 'inflight': False}, 'timestamp': 1751465694867}
1751465697.7483,ID:2103,STAGE:2,SEQUENCE:1234,DATA:{'page':'{'action': 'Controller Executing: click on confirm-button with value: undefined'}','action':'None','timestamp':1751465697745},ANY:{'page': {'action': 'Controller Executing: click on confirm-button with value: undefined'}, 'timestamp': 1751465697745}
1751465697.748795,ID:2103,STAGE:2,SEQUENCE:1234,DATA:{'page':'{'page': 'checklist', 'action': 'confirm button clicked', 'inflight': False}','action':'None','timestamp':1751465697745},ANY:{'page': {'page': 'checklist', 'action': 'confirm button clicked', 'inflight': False}, 'timestamp': 1751465697745}
1751465697.820221,ID:2103,STAGE:2,SEQUENCE:1234,DATA:{'page':'{'page': 'countdown', 'action': 'opened page'}','action':'None','timestamp':1751465697812},ANY:{'page': {'page': 'countdown', 'action': 'opened page'}, 'timestamp': 1751465697812}
1751465698.794484,ID:2103,STAGE:2,SEQUENCE:1234,DATA:{'page':'{'page': 'map', 'action': 'selected helipad', 'value': '21'}','action':'None','timestamp':1751465698792},ANY:{'page': {'page': 'map', 'action': 'selected helipad', 'value': '21'}, 'timestamp': 1751465698792}
1751465698.8173,ID:2103,STAGE:2,SEQUENCE:1234,DATA:{'page':'{'page': 'countdown', 'action': 'countdown now 4'}','action':'None','timestamp':1751465698815},ANY:{'page': {'page': 'countdown', 'action': 'countdown now 4'}, 'timestamp': 1751465698815}
1751465699.06144,ID:2103,STAGE:2,SEQUENCE:1234,DATA:{'page':'{'page': 'speak text', 'action': 'Receieved text and level:Acknowledge, Taking Offnormal'}','action':'None','timestamp':1751465699058},ANY:{'page': {'page': 'speak text', 'action': 'Receieved text and level:Acknowledge, Taking Offnormal'}, 'timestamp': 1751465699058}
99059}
1751465699.822484,ID:2103,STAGE:2,SEQUENCE:1234,DATA:{'page':'{'page': 'countdown', 'action': 'countdown now 3'}','action':'None','timestamp':1751465699816},ANY:{'page': {'page': 'countdown', 'action': 'countdown now 3'}, 'timestamp': 1751465699816}
1751465700.820519,ID:2103,STAGE:2,SEQUENCE:1234,DATA:{'page':'{'page': 'countdown', 'action': 'countdown now 2'}','action':'None','timestamp':1751465700817},ANY:{'page': {'page': 'countdown', 'action': 'countdown now 2'}, 'timestamp': 1751465700817}
1751465701.820533,ID:2103,STAGE:2,SEQUENCE:1234,DATA:{'page':'{'page': 'countdown', 'action': 'countdown now 1'}','action':'None','timestamp':1751465701818},ANY:{'page': {'page': 'countdown', 'action': 'countdown now 1'}, 'timestamp': 1751465701818}
1751465702.820403,ID:2103,STAGE:2,SEQUENCE:1234,DATA:{'page':'{'page': 'countdown', 'action': 'countdown now 0'}','action':'None','timestamp':1751465702817},ANY:{'page': {'page': 'countdown', 'action': 'countdown now 0'}, 'timestamp': 1751465702817}
1751465703.818679,ID:2103,STAGE:2,SEQUENCE:1234,DATA:{'page':'{'page': 'countdown', 'action': 'countdown complete'}','action':'None','timestamp':1751465703815},ANY:{'page': {'page': 'countdown', 'action': 'countdown complete'}, 'timestamp': 1751465703815}
1751465704.682402,ID:2103,STAGE:2,SEQUENCE:1234,DATA:{'page':'{'action': 'Starting prompt cycle'}','action':'None','timestamp':1751465704867},ANY:{'page': {'action': 'Starting prompt cycle'}, 'timestamp': 1751465704867}
1751465704.713649,ID:2103,STAGE:2,SEQUENCE:1234,DATA:{'page':'{'action': 'Starting prompt cycle'}','action':'None','timestamp':1751465704898},ANY:{'page': {'action': 'Starting prompt cycle'}, 'timestamp': 1751465704898}
1751465704.891017,ID:2103,STAGE:2,SEQUENCE:1234,DATA:{'page':'{'page': 'map', 'action': 'selected helipad', 'value': '21'}','action':'None','timestamp':1751465704888},ANY:{'page': {'page': 'map', 'action': 'selected helipad', 'value': '21'}, 'timestamp': 1751465704888}
1751465711.955866,ID:2103,STAGE:2,SEQUENCE:1234,DATA:{'page':'{'page': 'inflight', 'action': 'displaying vitals prompt'}','action':'None','timestamp':1751465712140},ANY:{'page': {'page': 'inflight', 'action': 'displaying vitals prompt'}, 'timestamp': 1751465712140}
1751465711.960811,ID:2103,STAGE:2,SEQUENCE:1234,DATA:{'page':'{'page': 'vitals prompt', 'action': 'vitals_prompt 1'}','action':'None','timestamp':1751465712141},ANY:{'page': {'page': 'vitals prompt', 'action': 'vitals_prompt 1'}, 'timestamp': 1751465712141}
12141}
1751465711.9871,ID:2103,STAGE:2,SEQUENCE:1234,DATA:{'page':'{'page': 'speak text', 'action': 'Receieved text and level:May I show you the map?normal'}','action':'None','timestamp':1751465711983},ANY:{'page': {'page': 'speak text', 'action': 'Receieved text and level:May I show you the map?normal'}, 'timestamp': 1751465711983}
1751465711.987595,ID:2103,STAGE:2,SEQUENCE:1234,DATA:{'page':'{'page': 'Jarvis speaking', 'action': 'Message: May I show you the map? Stress level: normal'}','action':'None','timestamp':1751465711984},ANY:{'page': {'page': 'Jarvis speaking', 'action': 'Message: May I show you the map? Stress level: normal'}, 'timestamp': 1751465711984}
1751465715.840496,ID:2103,STAGE:2,SEQUENCE:1234,DATA:{'page':'{'page': 'speak text', 'action': 'Receieved text and level:Opening mapnormal'}','action':'None','timestamp':1751465715838},ANY:{'page': {'page': 'speak text', 'action': 'Receieved text and level:Opening mapnormal'}, 'timestamp': 1751465715838}
1751465715.840991,ID:2103,STAGE:2,SEQUENCE:1234,DATA:{'page':'{'page': 'Jarvis speaking', 'action': 'Message: Opening map Stress level: normal'}','action':'None','timestamp':1751465715838},ANY:{'page': {'page': 'Jarvis speaking', 'action': 'Message: Opening map Stress level: normal'}, 'timestamp': 1751465715838}
1751465716.409646,ID:2103,STAGE:2,SEQUENCE:1234,DATA:{'page':'{'page': 'map', 'action': 'selected helipad', 'value': '21'}','action':'None','timestamp':1751465716407},ANY:{'page': {'page': 'map', 'action': 'selected helipad', 'value': '21'}, 'timestamp': 1751465716407}
1751465716.840789,ID:2103,STAGE:2,SEQUENCE:1234,DATA:{'page':'{'action': 'user acknowledged vitals prompt'}','action':'None','timestamp':1751465717023},ANY:{'page': {'action': 'user acknowledged vitals prompt'}, 'timestamp': 1751465717023}
1751465716.923778,ID:2103,STAGE:2,SEQUENCE:1234,DATA:{'page':'{'page': 'map', 'action': 'selected helipad', 'value': '21'}','action':'None','timestamp':1751465716915},ANY:{'page': {'page': 'map', 'action': 'selected helipad', 'value': '21'}, 'timestamp': 1751465716915}
1751465718.022851,ID:2103,STAGE:2,SEQUENCE:1234,DATA:{'page':'{'sensor': 'Heart Rate', 'action': 'opened sensor tab'}','action':'None','timestamp':1751465718207},ANY:{'page': {'sensor': 'Heart Rate', 'action': 'opened sensor tab'}, 'timestamp': 1751465718207}
1751465719.29571,ID:2103,STAGE:2,SEQUENCE:1234,DATA:{'page':'{'sensor': 'Heart Rate', 'action': 'capture', 'data': 'action button pressed'}','action':'None','timestamp':1751465719480},ANY:{'page': {'sensor': 'Heart Rate', 'action': 'capture', 'data': 'action button pressed'}, 'timestamp': 1751465719480}
1751465719.296236,ID:2103,STAGE:2,SEQUENCE:1234,DATA:{'page':'{'sensor': 'Heart Rate', 'action': 'capture', 'data': 'starting sensor action'}','action':'None','timestamp':1751465719480},ANY:{'page': {'sensor': 'Heart Rate', 'action': 'capture', 'data': 'starting sensor action'}, 'timestamp': 1751465719480}
1751465720.312067,ID:2103,STAGE:2,SEQUENCE:1234,DATA:{'page':'{'sensor': 'Heart Rate', 'action': 'capture', 'data': 'sensor action complete'}','action':'None','timestamp':1751465720496},ANY:{'page': {'sensor': 'Heart Rate', 'action': 'capture', 'data': 'sensor action complete'}, 'timestamp': 1751465720496}
1751465720.312897,ID:2103,STAGE:2,SEQUENCE:1234,DATA:{'page':'{'sensor': 'Heart Rate', 'action': 'keypad open'}','action':'None','timestamp':1751465720496},ANY:{'page': {'sensor': 'Heart Rate', 'action': 'keypad open'}, 'timestamp': 1751465720496}
1751465721.032809,ID:2103,STAGE:2,SEQUENCE:1234,DATA:{'page':'{'sensor': 'Heart Rate', 'action': 'keypad press', 'key': 5, 'value': 5}','action':'None','timestamp':1751465721215},ANY:{'page': {'sensor': 'Heart Rate', 'action': 'keypad press', 'key': 5, 'value': 5}, 'timestamp': 1751465721215}
1751465721.19076,ID:2103,STAGE:2,SEQUENCE:1234,DATA:{'page':'{'sensor': 'Heart Rate', 'action': 'keypad press', 'key': 5, 'value': 55}','action':'None','timestamp':1751465721375},ANY:{'page': {'sensor': 'Heart Rate', 'action': 'keypad press', 'key': 5, 'value': 55}, 'timestamp': 1751465721375}
1751465721.710631,ID:2103,STAGE:2,SEQUENCE:1234,DATA:{'page':'{'sensor': 'Heart Rate', 'action': 'show action buttons'}','action':'None','timestamp':1751465721895},ANY:{'page': {'sensor': 'Heart Rate', 'action': 'show action buttons'}, 'timestamp': 1751465721895}
1751465721.712091,ID:2103,STAGE:2,SEQUENCE:1234,DATA:{'page':'{'sensor': 'Heart Rate', 'action': 'keypad press', 'key': 10, 'value': 55}','action':'None','timestamp':1751465721896},ANY:{'page': {'sensor': 'Heart Rate', 'action': 'keypad press', 'key': 10, 'value': 55}, 'timestamp': 1751465721896}
1751465722.263093,ID:2103,STAGE:2,SEQUENCE:1234,DATA:{'page':'{'sensor': 'Heart Rate', 'action': 'log', 'data': 'action button pressed'}','action':'None','timestamp':1751465722447},ANY:{'page': {'sensor': 'Heart Rate', 'action': 'log', 'data': 'action button pressed'}, 'timestamp': 1751465722447}
1751465722.263589,ID:2103,STAGE:2,SEQUENCE:1234,DATA:{'page':'{'sensor': 'Heart Rate', 'action': 'log', 'data': 'starting sensor action'}','action':'None','timestamp':1751465722447},ANY:{'page': {'sensor': 'Heart Rate', 'action': 'log', 'data': 'starting sensor action'}, 'timestamp': 1751465722447}
1751465723.277745,ID:2103,STAGE:2,SEQUENCE:1234,DATA:{'page':'{'sensor': 'Heart Rate', 'action': 'log', 'data': 'sensor action complete'}','action':'None','timestamp':1751465723462},ANY:{'page': {'sensor': 'Heart Rate', 'action': 'log', 'data': 'sensor action complete'}, 'timestamp': 1751465723462}
1751465723.640261,ID:2103,STAGE:2,SEQUENCE:1234,DATA:{'page':'{'sensor': 'Heart Rate', 'action': 'save', 'data': 'starting sensor action'}','action':'None','timestamp':1751465723823},ANY:{'page': {'sensor': 'Heart Rate', 'action': 'save', 'data': 'starting sensor action'}, 'timestamp': 1751465723823}
1751465724.659288,ID:2103,STAGE:2,SEQUENCE:1234,DATA:{'page':'{'sensor': 'Heart Rate', 'action': 'save', 'data': 'sensor action complete'}','action':'None','timestamp':1751465724841},ANY:{'page': {'sensor': 'Heart Rate', 'action': 'save', 'data': 'sensor action complete'}, 'timestamp': 1751465724841}
1751465725.535209,ID:2103,STAGE:2,SEQUENCE:1234,DATA:{'page':'{'sensor': 'O₂ Saturation', 'action': 'opened sensor tab'}','action':'None','timestamp':1751465725719},ANY:{'page': {'sensor': 'O₂ Saturation', 'action': 'opened sensor tab'}, 'timestamp': 1751465725719}
1751465726.39536,ID:2103,STAGE:2,SEQUENCE:1234,DATA:{'page':'{'sensor': 'O₂ Saturation', 'action': 'capture', 'data': 'action button pressed'}','action':'None','timestamp':1751465726575},ANY:{'page': {'sensor': 'O₂ Saturation', 'action': 'capture', 'data': 'action button pressed'}, 'timestamp': 1751465726575}
1751465726.39883,ID:2103,STAGE:2,SEQUENCE:1234,DATA:{'page':'{'sensor': 'O₂ Saturation', 'action': 'capture', 'data': 'starting sensor action'}','action':'None','timestamp':1751465726575},ANY:{'page': {'sensor': 'O₂ Saturation', 'action': 'capture', 'data': 'starting sensor action'}, 'timestamp': 1751465726575}
1751465726.958959,ID:2103,STAGE:2,SEQUENCE:1234,DATA:{'page':'{'page': 'vitals prompt', 'action': 'auto off vitals prompt'}','action':'None','timestamp':1751465727143},ANY:{'page': {'page': 'vitals prompt', 'action': 'auto off vitals prompt'}, 'timestamp': 1751465727143}
1751465727.404865,ID:2103,STAGE:2,SEQUENCE:1234,DATA:{'page':'{'sensor': 'O₂ Saturation', 'action': 'capture', 'data': 'sensor action complete'}','action':'None','timestamp':1751465727589},ANY:{'page': {'sensor': 'O₂ Saturation', 'action': 'capture', 'data': 'sensor action complete'}, 'timestamp': 1751465727589}
1751465727.406354,ID:2103,STAGE:2,SEQUENCE:1234,DATA:{'page':'{'sensor': 'O₂ Saturation', 'action': 'keypad open'}','action':'None','timestamp':1751465727589},ANY:{'page': {'sensor': 'O₂ Saturation', 'action': 'keypad open'}, 'timestamp': 1751465727589}
1751465728.192021,ID:2103,STAGE:2,SEQUENCE:1234,DATA:{'page':'{'sensor': 'O₂ Saturation', 'action': 'keypad press', 'key': 1, 'value': 1}','action':'None','timestamp':1751465728375},ANY:{'page': {'sensor': 'O₂ Saturation', 'action': 'keypad press', 'key': 1, 'value': 1}, 'timestamp': 1751465728375}
1751465728.823432,ID:2103,STAGE:2,SEQUENCE:1234,DATA:{'page':'{'sensor': 'O₂ Saturation', 'action': 'keypad press', 'key': 11, 'value': 10}','action':'None','timestamp':1751465729008},ANY:{'page': {'sensor': 'O₂ Saturation', 'action': 'keypad press', 'key': 11, 'value': 10}, 'timestamp': 1751465729008}
1751465729.000009,ID:2103,STAGE:2,SEQUENCE:1234,DATA:{'page':'{'sensor': 'O₂ Saturation', 'action': 'keypad press', 'key': 11, 'value': 100}','action':'None','timestamp':1751465729183},ANY:{'page': {'sensor': 'O₂ Saturation', 'action': 'keypad press', 'key': 11, 'value': 100}, 'timestamp': 1751465729183}
1751465729.622508,ID:2103,STAGE:2,SEQUENCE:1234,DATA:{'page':'{'sensor': 'O₂ Saturation', 'action': 'show action buttons'}','action':'None','timestamp':1751465729807},ANY:{'page': {'sensor': 'O₂ Saturation', 'action': 'show action buttons'}, 'timestamp': 1751465729807}
1751465729.623005,ID:2103,STAGE:2,SEQUENCE:1234,DATA:{'page':'{'sensor': 'O₂ Saturation', 'action': 'keypad press', 'key': 10, 'value': 100}','action':'None','timestamp':1751465729807},ANY:{'page': {'sensor': 'O₂ Saturation', 'action': 'keypad press', 'key': 10, 'value': 100}, 'timestamp': 1751465729807}
1751465730.744608,ID:2103,STAGE:2,SEQUENCE:1234,DATA:{'page':'{'sensor': 'O₂ Saturation', 'action': 'log', 'data': 'action button pressed'}','action':'None','timestamp':1751465730929},ANY:{'page': {'sensor': 'O₂ Saturation', 'action': 'log', 'data': 'action button pressed'}, 'timestamp': 1751465730929}
1751465730.745627,ID:2103,STAGE:2,SEQUENCE:1234,DATA:{'page':'{'sensor': 'O₂ Saturation', 'action': 'log', 'data': 'starting sensor action'}','action':'None','timestamp':1751465730930},ANY:{'page': {'sensor': 'O₂ Saturation', 'action': 'log', 'data': 'starting sensor action'}, 'timestamp': 1751465730930}
1751465731.756647,ID:2103,STAGE:2,SEQUENCE:1234,DATA:{'page':'{'sensor': 'O₂ Saturation', 'action': 'log', 'data': 'sensor action complete'}','action':'None','timestamp':1751465731940},ANY:{'page': {'sensor': 'O₂ Saturation', 'action': 'log', 'data': 'sensor action complete'}, 'timestamp': 1751465731940}
1751465732.110755,ID:2103,STAGE:2,SEQUENCE:1234,DATA:{'page':'{'sensor': 'O₂ Saturation', 'action': 'save', 'data': 'starting sensor action'}','action':'None','timestamp':1751465732295},ANY:{'page': {'sensor': 'O₂ Saturation', 'action': 'save', 'data': 'starting sensor action'}, 'timestamp': 1751465732295}
1751465733.124657,ID:2103,STAGE:2,SEQUENCE:1234,DATA:{'page':'{'sensor': 'O₂ Saturation', 'action': 'save', 'data': 'sensor action complete'}','action':'None','timestamp':1751465733309},ANY:{'page': {'sensor': 'O₂ Saturation', 'action': 'save', 'data': 'sensor action complete'}, 'timestamp': 1751465733309}
1751465733.526747,ID:2103,STAGE:2,SEQUENCE:1234,DATA:{'page':'{'sensor': 'Blood Pressure', 'action': 'opened sensor tab'}','action':'None','timestamp':1751465733711},ANY:{'page': {'sensor': 'Blood Pressure', 'action': 'opened sensor tab'}, 'timestamp': 1751465733711}
1751465734.29455,ID:2103,STAGE:2,SEQUENCE:1234,DATA:{'page':'{'sensor': 'Blood Pressure', 'action': 'capture', 'data': 'action button pressed'}','action':'None','timestamp':1751465734480},ANY:{'page': {'sensor': 'Blood Pressure', 'action': 'capture', 'data': 'action button pressed'}, 'timestamp': 1751465734480}
1751465734.295046,ID:2103,STAGE:2,SEQUENCE:1234,DATA:{'page':'{'sensor': 'Blood Pressure', 'action': 'capture', 'data': 'starting sensor action'}','action':'None','timestamp':1751465734480},ANY:{'page': {'sensor': 'Blood Pressure', 'action': 'capture', 'data': 'starting sensor action'}, 'timestamp': 1751465734480}
1751465735.310448,ID:2103,STAGE:2,SEQUENCE:1234,DATA:{'page':'{'sensor': 'Blood Pressure', 'action': 'keypad open'}','action':'None','timestamp':1751465735495},ANY:{'page': {'sensor': 'Blood Pressure', 'action': 'keypad open'}, 'timestamp': 1751465735495}
a': 'sensor action complete'}, 'timestamp': 1751465735494}
1751465735.959882,ID:2103,STAGE:2,SEQUENCE:1234,DATA:{'page':'{'sensor': 'Blood Pressure', 'action': 'keypad press', 'key': 1, 'value': 1}','action':'None','timestamp':1751465736145},ANY:{'page': {'sensor': 'Blood Pressure', 'action': 'keypad press', 'key': 1, 'value': 1}, 'timestamp': 1751465736145}
1751465736.270573,ID:2103,STAGE:2,SEQUENCE:1234,DATA:{'page':'{'sensor': 'Blood Pressure', 'action': 'keypad press', 'key': 2, 'value': 12}','action':'None','timestamp':1751465736455},ANY:{'page': {'sensor': 'Blood Pressure', 'action': 'keypad press', 'key': 2, 'value': 12}, 'timestamp': 1751465736455}
1751465736.865188,ID:2103,STAGE:2,SEQUENCE:1234,DATA:{'page':'{'sensor': 'Blood Pressure', 'action': 'keypad press', 'key': 11, 'value': 120}','action':'None','timestamp':1751465737048},ANY:{'page': {'sensor': 'Blood Pressure', 'action': 'keypad press', 'key': 11, 'value': 120}, 'timestamp': 1751465737048}
1751465737.534328,ID:2103,STAGE:2,SEQUENCE:1234,DATA:{'page':'{'sensor': 'Blood Pressure', 'action': 'keypad press', 'key': 8, 'value': 1208}','action':'None','timestamp':1751465737719},ANY:{'page': {'sensor': 'Blood Pressure', 'action': 'keypad press', 'key': 8, 'value': 1208}, 'timestamp': 1751465737719}
1751465737.984116,ID:2103,STAGE:2,SEQUENCE:1234,DATA:{'page':'{'sensor': 'Blood Pressure', 'action': 'keypad press', 'key': 11, 'value': 12080}','action':'None','timestamp':1751465738167},ANY:{'page': {'sensor': 'Blood Pressure', 'action': 'keypad press', 'key': 11, 'value': 12080}, 'timestamp': 1751465738167}
1751465738.478945,ID:2103,STAGE:2,SEQUENCE:1234,DATA:{'page':'{'sensor': 'Blood Pressure', 'action': 'show action buttons'}','action':'None','timestamp':1751465738663},ANY:{'page': {'sensor': 'Blood Pressure', 'action': 'show action buttons'}, 'timestamp': 1751465738663}
1751465738.479468,ID:2103,STAGE:2,SEQUENCE:1234,DATA:{'page':'{'sensor': 'Blood Pressure', 'action': 'keypad press', 'key': 10, 'value': 12080}','action':'None','timestamp':1751465738664},ANY:{'page': {'sensor': 'Blood Pressure', 'action': 'keypad press', 'key': 10, 'value': 12080}, 'timestamp': 1751465738664}
1751465739.302557,ID:2103,STAGE:2,SEQUENCE:1234,DATA:{'page':'{'sensor': 'Blood Pressure', 'action': 'log', 'data': 'action button pressed'}','action':'None','timestamp':1751465739487},ANY:{'page': {'sensor': 'Blood Pressure', 'action': 'log', 'data': 'action button pressed'}, 'timestamp': 1751465739487}
1751465739.30355,ID:2103,STAGE:2,SEQUENCE:1234,DATA:{'page':'{'sensor': 'Blood Pressure', 'action': 'log', 'data': 'starting sensor action'}','action':'None','timestamp':1751465739487},ANY:{'page': {'sensor': 'Blood Pressure', 'action': 'log', 'data': 'starting sensor action'}, 'timestamp': 1751465739487}
1751465740.319557,ID:2103,STAGE:2,SEQUENCE:1234,DATA:{'page':'{'sensor': 'Blood Pressure', 'action': 'log', 'data': 'sensor action complete'}','action':'None','timestamp':1751465740503},ANY:{'page': {'sensor': 'Blood Pressure', 'action': 'log', 'data': 'sensor action complete'}, 'timestamp': 1751465740503}
1751465740.735109,ID:2103,STAGE:2,SEQUENCE:1234,DATA:{'page':'{'sensor': 'Blood Pressure', 'action': 'save', 'data': 'starting sensor action'}','action':'None','timestamp':1751465740919},ANY:{'page': {'sensor': 'Blood Pressure', 'action': 'save', 'data': 'starting sensor action'}, 'timestamp': 1751465740919}
1751465741.749592,ID:2103,STAGE:2,SEQUENCE:1234,DATA:{'page':'{'sensor': 'Blood Pressure', 'action': 'save', 'data': 'sensor action complete'}','action':'None','timestamp':1751465741934},ANY:{'page': {'sensor': 'Blood Pressure', 'action': 'save', 'data': 'sensor action complete'}, 'timestamp': 1751465741934}
1751465742.255553,ID:2103,STAGE:2,SEQUENCE:1234,DATA:{'page':'{'sensor': 'submit', 'action': 'submit'}','action':'None','timestamp':1751465742440},ANY:{'page': {'sensor': 'submit', 'action': 'submit'}, 'timestamp': 1751465742440}
1751465742.25605,ID:2103,STAGE:2,SEQUENCE:1234,DATA:{'page':'{'sensor': 'submit', 'action': 'submit', 'data': 'submit succeeded'}','action':'None','timestamp':1751465742440},ANY:{'page': {'sensor': 'submit', 'action': 'submit', 'data': 'submit succeeded'}, 'timestamp': 1751465742440}
1751465745.070824,ID:2103,STAGE:2,SEQUENCE:1234,DATA:{'page':'{'page': 'speak text', 'action': 'Receieved text and level:Vitals received.normal'}','action':'None','timestamp':1751465745067},ANY:{'page': {'page': 'speak text', 'action': 'Receieved text and level:Vitals received.normal'}, 'timestamp': 1751465745067}
1751465745.07132,ID:2103,STAGE:2,SEQUENCE:1234,DATA:{'page':'{'page': 'Jarvis speaking', 'action': 'Message: Vitals received. Stress level: normal'}','action':'None','timestamp':1751465745068},ANY:{'page': {'page': 'Jarvis speaking', 'action': 'Message: Vitals received. Stress level: normal'}, 'timestamp': 1751465745068}
1751465755.453714,ID:2103,STAGE:2,SEQUENCE:1234,DATA:{'page':'{'page': 'speak text', 'action': 'Receieved text and level:Call me if you need any help.normal'}','action':'None','timestamp':1751465755451},ANY:{'page': {'page': 'speak text', 'action': 'Receieved text and level:Call me if you need any help.normal'}, 'timestamp': 1751465755451}
1751465755.454211,ID:2103,STAGE:2,SEQUENCE:1234,DATA:{'page':'{'page': 'Jarvis speaking', 'action': 'Message: Call me if you need any help. Stress level: normal'}','action':'None','timestamp':1751465755452},ANY:{'page': {'page': 'Jarvis speaking', 'action': 'Message: Call me if you need any help. Stress level: normal'}, 'timestamp': 1751465755452}
1751465798.370845,ID:2103,STAGE:2,SEQUENCE:1234,DATA:{'page':'{'page': 'Ground speaking', 'action': 'N A S X G S, this is Ground Control asking for update on flight status, patient status and estimated time to destination.'}','action':'None','timestamp':1751465798555},ANY:{'page': {'page': 'Ground speaking', 'action': 'N A S X G S, this is Ground Control asking for update on flight status, patient status and estimated time to destination.'}, 'timestamp': 1751465798555}
1751465798.371341,ID:2103,STAGE:2,SEQUENCE:1234,DATA:{'page':'{'page': 'radio update', 'action': 'radio update asked'}','action':'None','timestamp':1751465798556},ANY:{'page': {'page': 'radio update', 'action': 'radio update asked'}, 'timestamp': 1751465798556}
1751465798.372829,ID:2103,STAGE:2,SEQUENCE:1234,DATA:{'page':'{'page': 'radio prompt', 'action': 'radio update prompt 1'}','action':'None','timestamp':1751465798557},ANY:{'page': {'page': 'radio prompt', 'action': 'radio update prompt 1'}, 'timestamp': 1751465798557}
1751465880.035301,ID:2103,STAGE:2,SEQUENCE:1234,DATA:{'page':'{'page': 'inflight', 'action': 'displaying vitals prompt'}','action':'None','timestamp':1751465880216},ANY:{'page': {'page': 'inflight', 'action': 'displaying vitals prompt'}, 'timestamp': 1751465880216}
1751465880.035795,ID:2103,STAGE:2,SEQUENCE:1234,DATA:{'page':'{'page': 'vitals prompt', 'action': 'log vitals prompted'}','action':'None','timestamp':1751465880216},ANY:{'page': {'page': 'vitals prompt', 'action': 'log vitals prompted'}, 'timestamp': 1751465880216}
1751465880.036786,ID:2103,STAGE:2,SEQUENCE:1234,DATA:{'page':'{'page': 'vitals prompt', 'action': 'vitals_prompt 2'}','action':'None','timestamp':1751465880217},ANY:{'page': {'page': 'vitals prompt', 'action': 'vitals_prompt 2'}, 'timestamp': 1751465880217}
1751465884.078149,ID:2103,STAGE:2,SEQUENCE:1234,DATA:{'page':'{'action': 'user acknowledged vitals prompt'}','action':'None','timestamp':1751465884262},ANY:{'page': {'action': 'user acknowledged vitals prompt'}, 'timestamp': 1751465884262}
1751465885.637706,ID:2103,STAGE:2,SEQUENCE:1234,DATA:{'page':'{'sensor': 'Heart Rate', 'action': 'opened sensor tab'}','action':'None','timestamp':1751465885822},ANY:{'page': {'sensor': 'Heart Rate', 'action': 'opened sensor tab'}, 'timestamp': 1751465885822}
1751465886.293343,ID:2103,STAGE:2,SEQUENCE:1234,DATA:{'page':'{'sensor': 'Heart Rate', 'action': 'capture', 'data': 'starting sensor action'}','action':'None','timestamp':1751465886478},ANY:{'page': {'sensor': 'Heart Rate', 'action': 'capture', 'data': 'starting sensor action'}, 'timestamp': 1751465886478}
1751465887.314385,ID:2103,STAGE:2,SEQUENCE:1234,DATA:{'page':'{'sensor': 'Heart Rate', 'action': 'capture', 'data': 'sensor action complete'}','action':'None','timestamp':1751465887497},ANY:{'page': {'sensor': 'Heart Rate', 'action': 'capture', 'data': 'sensor action complete'}, 'timestamp': 1751465887497}
1751465887.314881,ID:2103,STAGE:2,SEQUENCE:1234,DATA:{'page':'{'sensor': 'Heart Rate', 'action': 'keypad open'}','action':'None','timestamp':1751465887499},ANY:{'page': {'sensor': 'Heart Rate', 'action': 'keypad open'}, 'timestamp': 1751465887499}
1751465888.237532,ID:2103,STAGE:2,SEQUENCE:1234,DATA:{'page':'{'sensor': 'Heart Rate', 'action': 'keypad press', 'key': 5, 'value': 5}','action':'None','timestamp':1751465888422},ANY:{'page': {'sensor': 'Heart Rate', 'action': 'keypad press', 'key': 5, 'value': 5}, 'timestamp': 1751465888422}
1751465888.404666,ID:2103,STAGE:2,SEQUENCE:1234,DATA:{'page':'{'sensor': 'Heart Rate', 'action': 'keypad press', 'key': 5, 'value': 55}','action':'None','timestamp':1751465888590},ANY:{'page': {'sensor': 'Heart Rate', 'action': 'keypad press', 'key': 5, 'value': 55}, 'timestamp': 1751465888590}
1751465888.89999,ID:2103,STAGE:2,SEQUENCE:1234,DATA:{'page':'{'sensor': 'Heart Rate', 'action': 'show action buttons'}','action':'None','timestamp':1751465889085},ANY:{'page': {'sensor': 'Heart Rate', 'action': 'show action buttons'}, 'timestamp': 1751465889085}
1751465888.900486,ID:2103,STAGE:2,SEQUENCE:1234,DATA:{'page':'{'sensor': 'Heart Rate', 'action': 'keypad press', 'key': 10, 'value': 55}','action':'None','timestamp':1751465889086},ANY:{'page': {'sensor': 'Heart Rate', 'action': 'keypad press', 'key': 10, 'value': 55}, 'timestamp': 1751465889086}
1751465889.677726,ID:2103,STAGE:2,SEQUENCE:1234,DATA:{'page':'{'sensor': 'Heart Rate', 'action': 'log', 'data': 'action button pressed'}','action':'None','timestamp':1751465889862},ANY:{'page': {'sensor': 'Heart Rate', 'action': 'log', 'data': 'action button pressed'}, 'timestamp': 1751465889862}
1751465889.678221,ID:2103,STAGE:2,SEQUENCE:1234,DATA:{'page':'{'sensor': 'Heart Rate', 'action': 'log', 'data': 'starting sensor action'}','action':'None','timestamp':1751465889862},ANY:{'page': {'sensor': 'Heart Rate', 'action': 'log', 'data': 'starting sensor action'}, 'timestamp': 1751465889862}
1751465890.692661,ID:2103,STAGE:2,SEQUENCE:1234,DATA:{'page':'{'sensor': 'Heart Rate', 'action': 'log', 'data': 'sensor action complete'}','action':'None','timestamp':1751465890876},ANY:{'page': {'sensor': 'Heart Rate', 'action': 'log', 'data': 'sensor action complete'}, 'timestamp': 1751465890876}
1751465890.702058,ID:2103,STAGE:2,SEQUENCE:1234,DATA:{'page':'{'sensor': 'Heart Rate', 'action': 'save', 'data': 'starting sensor action'}','action':'None','timestamp':1751465890886},ANY:{'page': {'sensor': 'Heart Rate', 'action': 'save', 'data': 'starting sensor action'}, 'timestamp': 1751465890886}
1751465891.718524,ID:2103,STAGE:2,SEQUENCE:1234,DATA:{'page':'{'sensor': 'Heart Rate', 'action': 'save', 'data': 'sensor action complete'}','action':'None','timestamp':1751465891903},ANY:{'page': {'sensor': 'Heart Rate', 'action': 'save', 'data': 'sensor action complete'}, 'timestamp': 1751465891903}
1751465891.836242,ID:2103,STAGE:2,SEQUENCE:1234,DATA:{'page':'{'sensor': 'O₂ Saturation', 'action': 'opened sensor tab'}','action':'None','timestamp':1751465892022},ANY:{'page': {'sensor': 'O₂ Saturation', 'action': 'opened sensor tab'}, 'timestamp': 1751465892022}
1751465892.668985,ID:2103,STAGE:2,SEQUENCE:1234,DATA:{'page':'{'sensor': 'O₂ Saturation', 'action': 'capture', 'data': 'starting sensor action'}','action':'None','timestamp':1751465892854},ANY:{'page': {'sensor': 'O₂ Saturation', 'action': 'capture', 'data': 'starting sensor action'}, 'timestamp': 1751465892854}
1751465893.682766,ID:2103,STAGE:2,SEQUENCE:1234,DATA:{'page':'{'sensor': 'O₂ Saturation', 'action': 'capture', 'data': 'sensor action complete'}','action':'None','timestamp':1751465893867},ANY:{'page': {'sensor': 'O₂ Saturation', 'action': 'capture', 'data': 'sensor action complete'}, 'timestamp': 1751465893867}
1751465894.594552,ID:2103,STAGE:2,SEQUENCE:1234,DATA:{'page':'{'sensor': 'O₂ Saturation', 'action': 'keypad press', 'key': 1, 'value': 1}','action':'None','timestamp':1751465894773},ANY:{'page': {'sensor': 'O₂ Saturation', 'action': 'keypad press', 'key': 1, 'value': 1}, 'timestamp': 1751465894773}
1751465895.03244,ID:2103,STAGE:2,SEQUENCE:1234,DATA:{'page':'{'page': 'vitals prompt', 'action': 'auto off vitals prompt'}','action':'None','timestamp':1751465895217},ANY:{'page': {'page': 'vitals prompt', 'action': 'auto off vitals prompt'}, 'timestamp': 1751465895217}
1751465895.317165,ID:2103,STAGE:2,SEQUENCE:1234,DATA:{'page':'{'sensor': 'O₂ Saturation', 'action': 'keypad press', 'key': 11, 'value': 10}','action':'None','timestamp':1751465895501},ANY:{'page': {'sensor': 'O₂ Saturation', 'action': 'keypad press', 'key': 11, 'value': 10}, 'timestamp': 1751465895501}
1751465895.484562,ID:2103,STAGE:2,SEQUENCE:1234,DATA:{'page':'{'sensor': 'O₂ Saturation', 'action': 'keypad press', 'key': 11, 'value': 100}','action':'None','timestamp':1751465895670},ANY:{'page': {'sensor': 'O₂ Saturation', 'action': 'keypad press', 'key': 11, 'value': 100}, 'timestamp': 1751465895670}
1751465895.879552,ID:2103,STAGE:2,SEQUENCE:1234,DATA:{'page':'{'sensor': 'O₂ Saturation', 'action': 'keypad press', 'key': 10, 'value': 100}','action':'None','timestamp':1751465896064},ANY:{'page': {'sensor': 'O₂ Saturation', 'action': 'keypad press', 'key': 10, 'value': 100}, 'timestamp': 1751465896064}
1751465896.924595,ID:2103,STAGE:2,SEQUENCE:1234,DATA:{'page':'{'sensor': 'O₂ Saturation', 'action': 'log', 'data': 'action button pressed'}','action':'None','timestamp':1751465897110},ANY:{'page': {'sensor': 'O₂ Saturation', 'action': 'log', 'data': 'action button pressed'}, 'timestamp': 1751465897110}
1751465896.927076,ID:2103,STAGE:2,SEQUENCE:1234,DATA:{'page':'{'sensor': 'O₂ Saturation', 'action': 'log', 'data': 'starting sensor action'}','action':'None','timestamp':1751465897110},ANY:{'page': {'sensor': 'O₂ Saturation', 'action': 'log', 'data': 'starting sensor action'}, 'timestamp': 1751465897110}
1751465897.940449,ID:2103,STAGE:2,SEQUENCE:1234,DATA:{'page':'{'sensor': 'O₂ Saturation', 'action': 'log', 'data': 'sensor action complete'}','action':'None','timestamp':1751465898125},ANY:{'page': {'sensor': 'O₂ Saturation', 'action': 'log', 'data': 'sensor action complete'}, 'timestamp': 1751465898125}
1751465898.27899,ID:2103,STAGE:2,SEQUENCE:1234,DATA:{'page':'{'sensor': 'O₂ Saturation', 'action': 'save', 'data': 'action button pressed'}','action':'None','timestamp':1751465898453},ANY:{'page': {'sensor': 'O₂ Saturation', 'action': 'save', 'data': 'action button pressed'}, 'timestamp': 1751465898453}
1751465898.279486,ID:2103,STAGE:2,SEQUENCE:1234,DATA:{'page':'{'sensor': 'O₂ Saturation', 'action': 'save', 'data': 'starting sensor action'}','action':'None','timestamp':1751465898454},ANY:{'page': {'sensor': 'O₂ Saturation', 'action': 'save', 'data': 'starting sensor action'}, 'timestamp': 1751465898454}
1751465899.280297,ID:2103,STAGE:2,SEQUENCE:1234,DATA:{'page':'{'sensor': 'O₂ Saturation', 'action': 'save', 'data': 'sensor action complete'}','action':'None','timestamp':1751465899465},ANY:{'page': {'sensor': 'O₂ Saturation', 'action': 'save', 'data': 'sensor action complete'}, 'timestamp': 1751465899465}
1751465899.29273,ID:2103,STAGE:2,SEQUENCE:1234,DATA:{'page':'{'sensor': 'Blood Pressure', 'action': 'opened sensor tab'}','action':'None','timestamp':1751465899478},ANY:{'page': {'sensor': 'Blood Pressure', 'action': 'opened sensor tab'}, 'timestamp': 1751465899478}
1751465900.1253,ID:2103,STAGE:2,SEQUENCE:1234,DATA:{'page':'{'sensor': 'Blood Pressure', 'action': 'capture', 'data': 'starting sensor action'}','action':'None','timestamp':1751465900310},ANY:{'page': {'sensor': 'Blood Pressure', 'action': 'capture', 'data': 'starting sensor action'}, 'timestamp': 1751465900310}
1751465901.140186,ID:2103,STAGE:2,SEQUENCE:1234,DATA:{'page':'{'sensor': 'Blood Pressure', 'action': 'capture', 'data': 'sensor action complete'}','action':'None','timestamp':1751465901321},ANY:{'page': {'sensor': 'Blood Pressure', 'action': 'capture', 'data': 'sensor action complete'}, 'timestamp': 1751465901321}
1751465901.772379,ID:2103,STAGE:2,SEQUENCE:1234,DATA:{'page':'{'sensor': 'Blood Pressure', 'action': 'keypad press', 'key': 1, 'value': 1}','action':'None','timestamp':1751465901957},ANY:{'page': {'sensor': 'Blood Pressure', 'action': 'keypad press', 'key': 1, 'value': 1}, 'timestamp': 1751465901957}
1751465902.143677,ID:2103,STAGE:2,SEQUENCE:1234,DATA:{'page':'{'sensor': 'Blood Pressure', 'action': 'keypad press', 'key': 2, 'value': 12}','action':'None','timestamp':1751465902311},ANY:{'page': {'sensor': 'Blood Pressure', 'action': 'keypad press', 'key': 2, 'value': 12}, 'timestamp': 1751465902311}
1751465902.68532,ID:2103,STAGE:2,SEQUENCE:1234,DATA:{'page':'{'sensor': 'Blood Pressure', 'action': 'keypad press', 'key': 11, 'value': 120}','action':'None','timestamp':1751465902870},ANY:{'page': {'sensor': 'Blood Pressure', 'action': 'keypad press', 'key': 11, 'value': 120}, 'timestamp': 1751465902870}
1751465903.133509,ID:2103,STAGE:2,SEQUENCE:1234,DATA:{'page':'{'sensor': 'Blood Pressure', 'action': 'keypad press', 'key': 8, 'value': 1208}','action':'None','timestamp':1751465903318},ANY:{'page': {'sensor': 'Blood Pressure', 'action': 'keypad press', 'key': 8, 'value': 1208}, 'timestamp': 1751465903318}
1751465903.878122,ID:2103,STAGE:2,SEQUENCE:1234,DATA:{'page':'{'sensor': 'Blood Pressure', 'action': 'show action buttons'}','action':'None','timestamp':1751465904062},ANY:{'page': {'sensor': 'Blood Pressure', 'action': 'show action buttons'}, 'timestamp': 1751465904062}
 1208}, 'timestamp': 1751465904063}
1751465905.518444,ID:2103,STAGE:2,SEQUENCE:1234,DATA:{'page':'{'sensor': 'Blood Pressure', 'action': 'capture', 'data': 'sensor item has already been completed, cancelling'}','action':'None','timestamp':1751465905702},ANY:{'page': {'sensor': 'Blood Pressure', 'action': 'capture', 'data': 'sensor item has already been completed, cancelling'}, 'timestamp': 1751465905702}
1751465909.494582,ID:2103,STAGE:2,SEQUENCE:1234,DATA:{'page':'{'sensor': 'Blood Pressure', 'action': 'log', 'data': 'action button pressed'}','action':'None','timestamp':1751465909677},ANY:{'page': {'sensor': 'Blood Pressure', 'action': 'log', 'data': 'action button pressed'}, 'timestamp': 1751465909677}
1751465909.495571,ID:2103,STAGE:2,SEQUENCE:1234,DATA:{'page':'{'sensor': 'Blood Pressure', 'action': 'log', 'data': 'starting sensor action'}','action':'None','timestamp':1751465909678},ANY:{'page': {'sensor': 'Blood Pressure', 'action': 'log', 'data': 'starting sensor action'}, 'timestamp': 1751465909678}
1751465910.513373,ID:2103,STAGE:2,SEQUENCE:1234,DATA:{'page':'{'sensor': 'Blood Pressure', 'action': 'log', 'data': 'sensor action complete'}','action':'None','timestamp':1751465910697},ANY:{'page': {'sensor': 'Blood Pressure', 'action': 'log', 'data': 'sensor action complete'}, 'timestamp': 1751465910697}
1751465910.998035,ID:2103,STAGE:2,SEQUENCE:1234,DATA:{'page':'{'sensor': 'Blood Pressure', 'action': 'save', 'data': 'action button pressed'}','action':'None','timestamp':1751465911182},ANY:{'page': {'sensor': 'Blood Pressure', 'action': 'save', 'data': 'action button pressed'}, 'timestamp': 1751465911182}
1751465910.999523,ID:2103,STAGE:2,SEQUENCE:1234,DATA:{'page':'{'sensor': 'Blood Pressure', 'action': 'save', 'data': 'starting sensor action'}','action':'None','timestamp':1751465911182},ANY:{'page': {'sensor': 'Blood Pressure', 'action': 'save', 'data': 'starting sensor action'}, 'timestamp': 1751465911182}
1751465912.015974,ID:2103,STAGE:2,SEQUENCE:1234,DATA:{'page':'{'sensor': 'Blood Pressure', 'action': 'save', 'data': 'sensor action complete'}','action':'None','timestamp':1751465912197},ANY:{'page': {'sensor': 'Blood Pressure', 'action': 'save', 'data': 'sensor action complete'}, 'timestamp': 1751465912197}
1751465912.37227,ID:2103,STAGE:2,SEQUENCE:1234,DATA:{'page':'{'sensor': 'Blood Pressure', 'action': 'opened sensor tab'}','action':'None','timestamp':1751465912558},ANY:{'page': {'sensor': 'Blood Pressure', 'action': 'opened sensor tab'}, 'timestamp': 1751465912558}
1751465913.717963,ID:2103,STAGE:2,SEQUENCE:1234,DATA:{'page':'{'sensor': 'submit', 'action': 'submit'}','action':'None','timestamp':1751465913901},ANY:{'page': {'sensor': 'submit', 'action': 'submit'}, 'timestamp': 1751465913901}
1751465913.717963,ID:2103,STAGE:2,SEQUENCE:1234,DATA:{'page':'{'sensor': 'submit', 'action': 'submit', 'data': 'submit succeeded'}','action':'None','timestamp':1751465913902},ANY:{'page': {'sensor': 'submit', 'action': 'submit', 'data': 'submit succeeded'}, 'timestamp': 1751465913902}
1751465918.796934,ID:2103,STAGE:2,SEQUENCE:1234,DATA:{'page':'{'page': 'speak text', 'action': 'Receieved text and level:Vitals received.normal'}','action':'None','timestamp':1751465918795},ANY:{'page': {'page': 'speak text', 'action': 'Receieved text and level:Vitals received.normal'}, 'timestamp': 1751465918795}
1751465918.79743,ID:2103,STAGE:2,SEQUENCE:1234,DATA:{'page':'{'page': 'Jarvis speaking', 'action': 'Message: Vitals received. Stress level: normal'}','action':'None','timestamp':1751465918795},ANY:{'page': {'page': 'Jarvis speaking', 'action': 'Message: Vitals received. Stress level: normal'}, 'timestamp': 1751465918795}
1751465939.730442,ID:2103,STAGE:2,SEQUENCE:1234,DATA:{'page':'{'page': 'speak text', 'action': 'Receieved text and level:Enjoy the flight.  Call me if you need helpnormal'}','action':'None','timestamp':1751465939728},ANY:{'page': {'page': 'speak text', 'action': 'Receieved text and level:Enjoy the flight.  Call me if you need helpnormal'}, 'timestamp': 1751465939728}
1751465939.731436,ID:2103,STAGE:2,SEQUENCE:1234,DATA:{'page':'{'page': 'Jarvis speaking', 'action': 'Message: Enjoy the flight.  Call me if you need help Stress level: normal'}','action':'None','timestamp':1751465939728},ANY:{'page': {'page': 'Jarvis speaking', 'action': 'Message: Enjoy the flight.  Call me if you need help Stress level: normal'}, 'timestamp': 1751465939728}
1751465962.276211,ID:2103,STAGE:2,SEQUENCE:1234,DATA:{'page':'{'page': 'Ground speaking', 'action': 'N A S X G S, this is Ground Control asking for update on flight status, patient status and estimated time to destination.'}','action':'None','timestamp':1751465962461},ANY:{'page': {'page': 'Ground speaking', 'action': 'N A S X G S, this is Ground Control asking for update on flight status, patient status and estimated time to destination.'}, 'timestamp': 1751465962461}
1751465962.277203,ID:2103,STAGE:2,SEQUENCE:1234,DATA:{'page':'{'page': 'radio update', 'action': 'radio update asked'}','action':'None','timestamp':1751465962461},ANY:{'page': {'page': 'radio update', 'action': 'radio update asked'}, 'timestamp': 1751465962461}
1751465962.277699,ID:2103,STAGE:2,SEQUENCE:1234,DATA:{'page':'{'page': 'radio prompt', 'action': 'radio update prompt 2'}','action':'None','timestamp':1751465962461},ANY:{'page': {'page': 'radio prompt', 'action': 'radio update prompt 2'}, 'timestamp': 1751465962461}
1751466016.409914,ID:2103,STAGE:2,SEQUENCE:1234,DATA:{'page':'{'page': 'speak text', 'action': 'Receieved text and level:Medical Emergency.  I recommend changing altitude to 1000 feet.normal'}','action':'None','timestamp':1751466016407},ANY:{'page': {'page': 'speak text', 'action': 'Receieved text and level:Medical Emergency.  I recommend changing altitude to 1000 feet.normal'}, 'timestamp': 1751466016407}
1751466016.41041,ID:2103,STAGE:2,SEQUENCE:1234,DATA:{'page':'{'page': 'Jarvis speaking', 'action': 'Message: Medical Emergency.  I recommend changing altitude to 1000 feet. Stress level: normal'}','action':'None','timestamp':1751466016408},ANY:{'page': {'page': 'Jarvis speaking', 'action': 'Message: Medical Emergency.  I recommend changing altitude to 1000 feet. Stress level: normal'}, 'timestamp': 1751466016408}
1751466032.352898,ID:2103,STAGE:2,SEQUENCE:1234,DATA:{'page':'{'page': 'speak text', 'action': 'Receieved text and level:altitudehas been changed to1000normal'}','action':'None','timestamp':1751466032349},ANY:{'page': {'page': 'speak text', 'action': 'Receieved text and level:altitudehas been changed to1000normal'}, 'timestamp': 1751466032349}
1751466032.35389,ID:2103,STAGE:2,SEQUENCE:1234,DATA:{'page':'{'page': 'Jarvis speaking', 'action': 'Message: altitudehas been changed to1000 Stress level: normal'}','action':'None','timestamp':1751466032350},ANY:{'page': {'page': 'Jarvis speaking', 'action': 'Message: altitudehas been changed to1000 Stress level: normal'}, 'timestamp': 1751466032350}
1751466035.313967,ID:2103,STAGE:2,SEQUENCE:1234,DATA:{'page':'{'page': 'vitals prompt', 'action': 'log vitals prompted'}','action':'None','timestamp':1751466035498},ANY:{'page': {'page': 'vitals prompt', 'action': 'log vitals prompted'}, 'timestamp': 1751466035498}
1751466035.314958,ID:2103,STAGE:2,SEQUENCE:1234,DATA:{'page':'{'page': 'vitals prompt', 'action': 'vitals_prompt 3'}','action':'None','timestamp':1751466035498},ANY:{'page': {'page': 'vitals prompt', 'action': 'vitals_prompt 3'}, 'timestamp': 1751466035498}
1751466038.419285,ID:2103,STAGE:2,SEQUENCE:1234,DATA:{'page':'{'action': 'user acknowledged vitals prompt'}','action':'None','timestamp':1751466038604},ANY:{'page': {'action': 'user acknowledged vitals prompt'}, 'timestamp': 1751466038604}
1751466039.260014,ID:2103,STAGE:2,SEQUENCE:1234,DATA:{'page':'{'sensor': 'Blood Pressure', 'action': 'capture', 'data': 'starting sensor action'}','action':'None','timestamp':1751466039445},ANY:{'page': {'sensor': 'Blood Pressure', 'action': 'capture', 'data': 'starting sensor action'}, 'timestamp': 1751466039445}
1751466040.275851,ID:2103,STAGE:2,SEQUENCE:1234,DATA:{'page':'{'sensor': 'Blood Pressure', 'action': 'keypad open'}','action':'None','timestamp':1751466040459},ANY:{'page': {'sensor': 'Blood Pressure', 'action': 'keypad open'}, 'timestamp': 1751466040459}
a': 'sensor action complete'}, 'timestamp': 1751466040458}
1751466042.826438,ID:2103,STAGE:2,SEQUENCE:1234,DATA:{'page':'{'sensor': 'Blood Pressure', 'action': 'keypad press', 'key': 2, 'value': 2}','action':'None','timestamp':1751466043012},ANY:{'page': {'sensor': 'Blood Pressure', 'action': 'keypad press', 'key': 2, 'value': 2}, 'timestamp': 1751466043012}
1751466043.298709,ID:2103,STAGE:2,SEQUENCE:1234,DATA:{'page':'{'sensor': 'Blood Pressure', 'action': 'keypad press', 'key': 3, 'value': 23}','action':'None','timestamp':1751466043484},ANY:{'page': {'sensor': 'Blood Pressure', 'action': 'keypad press', 'key': 3, 'value': 23}, 'timestamp': 1751466043484}
1751466043.899992,ID:2103,STAGE:2,SEQUENCE:1234,DATA:{'page':'{'sensor': 'Blood Pressure', 'action': 'keypad press', 'key': 6, 'value': 236}','action':'None','timestamp':1751466044085},ANY:{'page': {'sensor': 'Blood Pressure', 'action': 'keypad press', 'key': 6, 'value': 236}, 'timestamp': 1751466044085}
1751466045.962637,ID:2103,STAGE:2,SEQUENCE:1234,DATA:{'page':'{'sensor': 'Blood Pressure', 'action': 'keypad press', 'key': 1, 'value': 2361}','action':'None','timestamp':1751466046148},ANY:{'page': {'sensor': 'Blood Pressure', 'action': 'keypad press', 'key': 1, 'value': 2361}, 'timestamp': 1751466046148}
1751466047.662919,ID:2103,STAGE:2,SEQUENCE:1234,DATA:{'page':'{'sensor': 'Blood Pressure', 'action': 'keypad press', 'key': 9, 'value': 23619}','action':'None','timestamp':1751466047847},ANY:{'page': {'sensor': 'Blood Pressure', 'action': 'keypad press', 'key': 9, 'value': 23619}, 'timestamp': 1751466047847}
1751466048.165022,ID:2103,STAGE:2,SEQUENCE:1234,DATA:{'page':'{'sensor': 'Blood Pressure', 'action': 'keypad press', 'key': 6, 'value': 236196}','action':'None','timestamp':1751466048350},ANY:{'page': {'sensor': 'Blood Pressure', 'action': 'keypad press', 'key': 6, 'value': 236196}, 'timestamp': 1751466048350}
1751466048.869147,ID:2103,STAGE:2,SEQUENCE:1234,DATA:{'page':'{'sensor': 'Blood Pressure', 'action': 'show action buttons'}','action':'None','timestamp':1751466049052},ANY:{'page': {'sensor': 'Blood Pressure', 'action': 'show action buttons'}, 'timestamp': 1751466049052}
1751466048.869643,ID:2103,STAGE:2,SEQUENCE:1234,DATA:{'page':'{'sensor': 'Blood Pressure', 'action': 'keypad press', 'key': 10, 'value': 236196}','action':'None','timestamp':1751466049053},ANY:{'page': {'sensor': 'Blood Pressure', 'action': 'keypad press', 'key': 10, 'value': 236196}, 'timestamp': 1751466049053}
1751466049.577057,ID:2103,STAGE:2,SEQUENCE:1234,DATA:{'page':'{'page': 'speak text', 'action': 'Receieved text and level:Acknowledged, proceeding to change altitudenormal'}','action':'None','timestamp':1751466049573},ANY:{'page': {'page': 'speak text', 'action': 'Receieved text and level:Acknowledged, proceeding to change altitudenormal'}, 'timestamp': 1751466049573}
49574}
1751466049.923747,ID:2103,STAGE:2,SEQUENCE:1234,DATA:{'page':'{'sensor': 'Blood Pressure', 'action': 'log', 'data': 'action button pressed'}','action':'None','timestamp':1751466050109},ANY:{'page': {'sensor': 'Blood Pressure', 'action': 'log', 'data': 'action button pressed'}, 'timestamp': 1751466050109}
1751466049.924243,ID:2103,STAGE:2,SEQUENCE:1234,DATA:{'page':'{'sensor': 'Blood Pressure', 'action': 'log', 'data': 'starting sensor action'}','action':'None','timestamp':1751466050110},ANY:{'page': {'sensor': 'Blood Pressure', 'action': 'log', 'data': 'starting sensor action'}, 'timestamp': 1751466050110}
1751466050.312602,ID:2103,STAGE:2,SEQUENCE:1234,DATA:{'page':'{'page': 'vitals prompt', 'action': 'auto off vitals prompt'}','action':'None','timestamp':1751466050498},ANY:{'page': {'page': 'vitals prompt', 'action': 'auto off vitals prompt'}, 'timestamp': 1751466050498}
1751466050.94447,ID:2103,STAGE:2,SEQUENCE:1234,DATA:{'page':'{'sensor': 'Blood Pressure', 'action': 'log', 'data': 'sensor action complete'}','action':'None','timestamp':1751466051130},ANY:{'page': {'sensor': 'Blood Pressure', 'action': 'log', 'data': 'sensor action complete'}, 'timestamp': 1751466051130}
1751466051.455277,ID:2103,STAGE:2,SEQUENCE:1234,DATA:{'page':'{'page': 'map', 'action': 'selected helipad', 'value': '21'}','action':'None','timestamp':1751466051453},ANY:{'page': {'page': 'map', 'action': 'selected helipad', 'value': '21'}, 'timestamp': 1751466051453}
1751466051.523855,ID:2103,STAGE:2,SEQUENCE:1234,DATA:{'page':'{'sensor': 'Blood Pressure', 'action': 'save', 'data': 'starting sensor action'}','action':'None','timestamp':1751466051709},ANY:{'page': {'sensor': 'Blood Pressure', 'action': 'save', 'data': 'starting sensor action'}, 'timestamp': 1751466051709}
1751466052.543205,ID:2103,STAGE:2,SEQUENCE:1234,DATA:{'page':'{'sensor': 'Blood Pressure', 'action': 'save', 'data': 'sensor action complete'}','action':'None','timestamp':1751466052726},ANY:{'page': {'sensor': 'Blood Pressure', 'action': 'save', 'data': 'sensor action complete'}, 'timestamp': 1751466052726}
1751466053.435934,ID:2103,STAGE:2,SEQUENCE:1234,DATA:{'page':'{'sensor': 'Heart Rate', 'action': 'opened sensor tab'}','action':'None','timestamp':1751466053620},ANY:{'page': {'sensor': 'Heart Rate', 'action': 'opened sensor tab'}, 'timestamp': 1751466053620}
1751466054.807636,ID:2103,STAGE:2,SEQUENCE:1234,DATA:{'page':'{'page': 'speak text', 'action': 'Receieved text and level:altitudehas been changed to1000normal'}','action':'None','timestamp':1751466054804},ANY:{'page': {'page': 'speak text', 'action': 'Receieved text and level:altitudehas been changed to1000normal'}, 'timestamp': 1751466054804}
1751466054.809127,ID:2103,STAGE:2,SEQUENCE:1234,DATA:{'page':'{'page': 'Jarvis speaking', 'action': 'Message: altitudehas been changed to1000 Stress level: normal'}','action':'None','timestamp':1751466054805},ANY:{'page': {'page': 'Jarvis speaking', 'action': 'Message: altitudehas been changed to1000 Stress level: normal'}, 'timestamp': 1751466054805}
1751466054.811108,ID:2103,STAGE:2,SEQUENCE:1234,DATA:{'page':'None','action':'None','timestamp':None},ANY:{'time': 1751466054.805, 'user-id': '2103', 'source': 'HAI Interface', 'destination-index': '3', 'study-stage': '2', 'decision-state': 0, 'vitals-state': '1', 'airspace-state': 0, 'data': {'page': 'change-altitude', 'action': 'altitude changed by controller1000'}}
1751466055.139479,ID:2103,STAGE:2,SEQUENCE:1234,DATA:{'page':'{'sensor': 'Heart Rate', 'action': 'capture', 'data': 'action button pressed'}','action':'None','timestamp':1751466055324},ANY:{'page': {'sensor': 'Heart Rate', 'action': 'capture', 'data': 'action button pressed'}, 'timestamp': 1751466055324}
1751466055.140469,ID:2103,STAGE:2,SEQUENCE:1234,DATA:{'page':'{'sensor': 'Heart Rate', 'action': 'capture', 'data': 'starting sensor action'}','action':'None','timestamp':1751466055325},ANY:{'page': {'sensor': 'Heart Rate', 'action': 'capture', 'data': 'starting sensor action'}, 'timestamp': 1751466055325}
1751466056.160296,ID:2103,STAGE:2,SEQUENCE:1234,DATA:{'page':'{'sensor': 'Heart Rate', 'action': 'keypad open'}','action':'None','timestamp':1751466056344},ANY:{'page': {'sensor': 'Heart Rate', 'action': 'keypad open'}, 'timestamp': 1751466056344}
a': 'sensor action complete'}, 'timestamp': 1751466056344}
1751466056.764897,ID:2103,STAGE:2,SEQUENCE:1234,DATA:{'page':'{'sensor': 'Heart Rate', 'action': 'keypad press', 'key': 2, 'value': 2}','action':'None','timestamp':1751466056950},ANY:{'page': {'sensor': 'Heart Rate', 'action': 'keypad press', 'key': 2, 'value': 2}, 'timestamp': 1751466056950}
1751466057.17152,ID:2103,STAGE:2,SEQUENCE:1234,DATA:{'page':'{'sensor': 'Heart Rate', 'action': 'keypad press', 'key': 3, 'value': 23}','action':'None','timestamp':1751466057357},ANY:{'page': {'sensor': 'Heart Rate', 'action': 'keypad press', 'key': 3, 'value': 23}, 'timestamp': 1751466057357}
1751466057.363583,ID:2103,STAGE:2,SEQUENCE:1234,DATA:{'page':'{'page': 'map', 'action': 'selected helipad', 'value': '21'}','action':'None','timestamp':1751466057361},ANY:{'page': {'page': 'map', 'action': 'selected helipad', 'value': '21'}, 'timestamp': 1751466057361}
1751466057.548965,ID:2103,STAGE:2,SEQUENCE:1234,DATA:{'page':'{'sensor': 'Heart Rate', 'action': 'keypad press', 'key': 2, 'value': 232}','action':'None','timestamp':1751466057733},ANY:{'page': {'sensor': 'Heart Rate', 'action': 'keypad press', 'key': 2, 'value': 232}, 'timestamp': 1751466057733}
1751466058.227488,ID:2103,STAGE:2,SEQUENCE:1234,DATA:{'page':'{'sensor': 'Heart Rate', 'action': 'show action buttons'}','action':'None','timestamp':1751466058412},ANY:{'page': {'sensor': 'Heart Rate', 'action': 'show action buttons'}, 'timestamp': 1751466058412}
1751466058.228466,ID:2103,STAGE:2,SEQUENCE:1234,DATA:{'page':'{'sensor': 'Heart Rate', 'action': 'keypad press', 'key': 10, 'value': 232}','action':'None','timestamp':1751466058412},ANY:{'page': {'sensor': 'Heart Rate', 'action': 'keypad press', 'key': 10, 'value': 232}, 'timestamp': 1751466058412}
1751466059.122447,ID:2103,STAGE:2,SEQUENCE:1234,DATA:{'page':'{'sensor': 'Heart Rate', 'action': 'log', 'data': 'action button pressed'}','action':'None','timestamp':1751466059308},ANY:{'page': {'sensor': 'Heart Rate', 'action': 'log', 'data': 'action button pressed'}, 'timestamp': 1751466059308}
1751466059.123439,ID:2103,STAGE:2,SEQUENCE:1234,DATA:{'page':'{'sensor': 'Heart Rate', 'action': 'log', 'data': 'starting sensor action'}','action':'None','timestamp':1751466059309},ANY:{'page': {'sensor': 'Heart Rate', 'action': 'log', 'data': 'starting sensor action'}, 'timestamp': 1751466059309}
1751466060.137326,ID:2103,STAGE:2,SEQUENCE:1234,DATA:{'page':'{'sensor': 'Heart Rate', 'action': 'log', 'data': 'sensor action complete'}','action':'None','timestamp':1751466060323},ANY:{'page': {'sensor': 'Heart Rate', 'action': 'log', 'data': 'sensor action complete'}, 'timestamp': 1751466060323}
1751466060.990671,ID:2103,STAGE:2,SEQUENCE:1234,DATA:{'page':'{'sensor': 'Heart Rate', 'action': 'save', 'data': 'action button pressed'}','action':'None','timestamp':1751466061173},ANY:{'page': {'sensor': 'Heart Rate', 'action': 'save', 'data': 'action button pressed'}, 'timestamp': 1751466061173}
1751466060.992159,ID:2103,STAGE:2,SEQUENCE:1234,DATA:{'page':'{'sensor': 'Heart Rate', 'action': 'save', 'data': 'starting sensor action'}','action':'None','timestamp':1751466061174},ANY:{'page': {'sensor': 'Heart Rate', 'action': 'save', 'data': 'starting sensor action'}, 'timestamp': 1751466061174}
1751466062.001912,ID:2103,STAGE:2,SEQUENCE:1234,DATA:{'page':'{'sensor': 'Heart Rate', 'action': 'save', 'data': 'sensor action complete'}','action':'None','timestamp':1751466062187},ANY:{'page': {'sensor': 'Heart Rate', 'action': 'save', 'data': 'sensor action complete'}, 'timestamp': 1751466062187}
1751466062.39405,ID:2103,STAGE:2,SEQUENCE:1234,DATA:{'page':'{'sensor': 'O₂ Saturation', 'action': 'opened sensor tab'}','action':'None','timestamp':1751466062580},ANY:{'page': {'sensor': 'O₂ Saturation', 'action': 'opened sensor tab'}, 'timestamp': 1751466062580}
1751466063.284185,ID:2103,STAGE:2,SEQUENCE:1234,DATA:{'page':'{'sensor': 'O₂ Saturation', 'action': 'capture', 'data': 'action button pressed'}','action':'None','timestamp':1751466063469},ANY:{'page': {'sensor': 'O₂ Saturation', 'action': 'capture', 'data': 'action button pressed'}, 'timestamp': 1751466063469}
1751466063.28468,ID:2103,STAGE:2,SEQUENCE:1234,DATA:{'page':'{'sensor': 'O₂ Saturation', 'action': 'capture', 'data': 'starting sensor action'}','action':'None','timestamp':1751466063469},ANY:{'page': {'sensor': 'O₂ Saturation', 'action': 'capture', 'data': 'starting sensor action'}, 'timestamp': 1751466063469}
1751466064.298481,ID:2103,STAGE:2,SEQUENCE:1234,DATA:{'page':'{'sensor': 'O₂ Saturation', 'action': 'capture', 'data': 'sensor action complete'}','action':'None','timestamp':1751466064483},ANY:{'page': {'sensor': 'O₂ Saturation', 'action': 'capture', 'data': 'sensor action complete'}, 'timestamp': 1751466064483}
1751466064.298979,ID:2103,STAGE:2,SEQUENCE:1234,DATA:{'page':'{'sensor': 'O₂ Saturation', 'action': 'keypad open'}','action':'None','timestamp':1751466064483},ANY:{'page': {'sensor': 'O₂ Saturation', 'action': 'keypad open'}, 'timestamp': 1751466064483}
1751466064.898476,ID:2103,STAGE:2,SEQUENCE:1234,DATA:{'page':'{'sensor': 'O₂ Saturation', 'action': 'keypad press', 'key': 1, 'value': 1}','action':'None','timestamp':1751466065084},ANY:{'page': {'sensor': 'O₂ Saturation', 'action': 'keypad press', 'key': 1, 'value': 1}, 'timestamp': 1751466065084}
1751466065.622925,ID:2103,STAGE:2,SEQUENCE:1234,DATA:{'page':'{'sensor': 'O₂ Saturation', 'action': 'keypad press', 'key': 11, 'value': 10}','action':'None','timestamp':1751466065806},ANY:{'page': {'sensor': 'O₂ Saturation', 'action': 'keypad press', 'key': 11, 'value': 10}, 'timestamp': 1751466065806}
1751466065.795017,ID:2103,STAGE:2,SEQUENCE:1234,DATA:{'page':'{'sensor': 'O₂ Saturation', 'action': 'keypad press', 'key': 11, 'value': 100}','action':'None','timestamp':1751466065981},ANY:{'page': {'sensor': 'O₂ Saturation', 'action': 'keypad press', 'key': 11, 'value': 100}, 'timestamp': 1751466065981}
1751466066.299688,ID:2103,STAGE:2,SEQUENCE:1234,DATA:{'page':'{'sensor': 'O₂ Saturation', 'action': 'show action buttons'}','action':'None','timestamp':1751466066485},ANY:{'page': {'sensor': 'O₂ Saturation', 'action': 'show action buttons'}, 'timestamp': 1751466066485}
1751466066.300184,ID:2103,STAGE:2,SEQUENCE:1234,DATA:{'page':'{'sensor': 'O₂ Saturation', 'action': 'keypad press', 'key': 10, 'value': 100}','action':'None','timestamp':1751466066485},ANY:{'page': {'sensor': 'O₂ Saturation', 'action': 'keypad press', 'key': 10, 'value': 100}, 'timestamp': 1751466066485}
1751466067.540937,ID:2103,STAGE:2,SEQUENCE:1234,DATA:{'page':'{'sensor': 'O₂ Saturation', 'action': 'log', 'data': 'starting sensor action'}','action':'None','timestamp':1751466067726},ANY:{'page': {'sensor': 'O₂ Saturation', 'action': 'log', 'data': 'starting sensor action'}, 'timestamp': 1751466067726}
1751466068.559958,ID:2103,STAGE:2,SEQUENCE:1234,DATA:{'page':'{'sensor': 'O₂ Saturation', 'action': 'log', 'data': 'sensor action complete'}','action':'None','timestamp':1751466068746},ANY:{'page': {'sensor': 'O₂ Saturation', 'action': 'log', 'data': 'sensor action complete'}, 'timestamp': 1751466068746}
1751466068.691819,ID:2103,STAGE:2,SEQUENCE:1234,DATA:{'page':'{'sensor': 'O₂ Saturation', 'action': 'save', 'data': 'action button pressed'}','action':'None','timestamp':1751466068877},ANY:{'page': {'sensor': 'O₂ Saturation', 'action': 'save', 'data': 'action button pressed'}, 'timestamp': 1751466068877}
1751466068.692316,ID:2103,STAGE:2,SEQUENCE:1234,DATA:{'page':'{'sensor': 'O₂ Saturation', 'action': 'save', 'data': 'starting sensor action'}','action':'None','timestamp':1751466068877},ANY:{'page': {'sensor': 'O₂ Saturation', 'action': 'save', 'data': 'starting sensor action'}, 'timestamp': 1751466068877}
1751466069.710246,ID:2103,STAGE:2,SEQUENCE:1234,DATA:{'page':'{'sensor': 'O₂ Saturation', 'action': 'save', 'data': 'sensor action complete'}','action':'None','timestamp':1751466069896},ANY:{'page': {'sensor': 'O₂ Saturation', 'action': 'save', 'data': 'sensor action complete'}, 'timestamp': 1751466069896}
1751466070.595702,ID:2103,STAGE:2,SEQUENCE:1234,DATA:{'page':'{'sensor': 'submit', 'action': 'submit', 'data': 'submit succeeded'}','action':'None','timestamp':1751466070780},ANY:{'page': {'sensor': 'submit', 'action': 'submit', 'data': 'submit succeeded'}, 'timestamp': 1751466070780}
1751466081.301752,ID:2103,STAGE:2,SEQUENCE:1234,DATA:{'page':'{'page': 'Jarvis speaking', 'action': 'Message: Vitals received. Stress level: normal'}','action':'None','timestamp':1751466081297},ANY:{'page': {'page': 'Jarvis speaking', 'action': 'Message: Vitals received. Stress level: normal'}, 'timestamp': 1751466081297}
1751466102.421955,ID:2103,STAGE:2,SEQUENCE:1234,DATA:{'page':'{'page': 'Ground speaking', 'action': 'N A S X G S, this is Ground Control asking for update on flight status, patient status and estimated time to destination.'}','action':'None','timestamp':1751466102607},ANY:{'page': {'page': 'Ground speaking', 'action': 'N A S X G S, this is Ground Control asking for update on flight status, patient status and estimated time to destination.'}, 'timestamp': 1751466102607}
1751466102.422947,ID:2103,STAGE:2,SEQUENCE:1234,DATA:{'page':'{'page': 'radio update', 'action': 'radio update asked'}','action':'None','timestamp':1751466102607},ANY:{'page': {'page': 'radio update', 'action': 'radio update asked'}, 'timestamp': 1751466102607}
608}
1751466131.807224,ID:2103,STAGE:2,SEQUENCE:1234,DATA:{'page':'{'page': 'speak text', 'action': 'Receieved text and level:may Open the map?normal'}','action':'None','timestamp':1751466131805},ANY:{'page': {'page': 'speak text', 'action': 'Receieved text and level:may Open the map?normal'}, 'timestamp': 1751466131805}
1751466131.80772,ID:2103,STAGE:2,SEQUENCE:1234,DATA:{'page':'{'page': 'Jarvis speaking', 'action': 'Message: may Open the map? Stress level: normal'}','action':'None','timestamp':1751466131805},ANY:{'page': {'page': 'Jarvis speaking', 'action': 'Message: may Open the map? Stress level: normal'}, 'timestamp': 1751466131805}
1751466135.028275,ID:2103,STAGE:2,SEQUENCE:1234,DATA:{'page':'{'page': 'speak text', 'action': 'Receieved text and level:Opening mapnormal'}','action':'None','timestamp':1751466135026},ANY:{'page': {'page': 'speak text', 'action': 'Receieved text and level:Opening mapnormal'}, 'timestamp': 1751466135026}
1751466135.028772,ID:2103,STAGE:2,SEQUENCE:1234,DATA:{'page':'{'page': 'Jarvis speaking', 'action': 'Message: Opening map Stress level: normal'}','action':'None','timestamp':1751466135026},ANY:{'page': {'page': 'Jarvis speaking', 'action': 'Message: Opening map Stress level: normal'}, 'timestamp': 1751466135026}
1751466135.876039,ID:2103,STAGE:2,SEQUENCE:1234,DATA:{'page':'{'page': 'map', 'action': 'selected helipad', 'value': '21'}','action':'None','timestamp':1751466135873},ANY:{'page': {'page': 'map', 'action': 'selected helipad', 'value': '21'}, 'timestamp': 1751466135873}
1751466136.383954,ID:2103,STAGE:2,SEQUENCE:1234,DATA:{'page':'{'page': 'map', 'action': 'show map'}','action':'None','timestamp':1751466136378},ANY:{'page': {'page': 'map', 'action': 'show map'}, 'timestamp': 1751466136378}
 'value': '21'}, 'timestamp': 1751466136379}
1751466137.851887,ID:2103,STAGE:2,SEQUENCE:1234,DATA:{'page':'{'page': 'inflight', 'action': 'displaying vitals prompt'}','action':'None','timestamp':1751466138037},ANY:{'page': {'page': 'inflight', 'action': 'displaying vitals prompt'}, 'timestamp': 1751466138037}
1751466137.852383,ID:2103,STAGE:2,SEQUENCE:1234,DATA:{'page':'{'page': 'vitals prompt', 'action': 'log vitals prompted'}','action':'None','timestamp':1751466138038},ANY:{'page': {'page': 'vitals prompt', 'action': 'log vitals prompted'}, 'timestamp': 1751466138038}
1751466137.853871,ID:2103,STAGE:2,SEQUENCE:1234,DATA:{'page':'{'page': 'vitals prompt', 'action': 'vitals_prompt 4'}','action':'None','timestamp':1751466138038},ANY:{'page': {'page': 'vitals prompt', 'action': 'vitals_prompt 4'}, 'timestamp': 1751466138038}
1751466142.249876,ID:2103,STAGE:2,SEQUENCE:1234,DATA:{'page':'{'action': 'user acknowledged vitals prompt'}','action':'None','timestamp':1751466142435},ANY:{'page': {'action': 'user acknowledged vitals prompt'}, 'timestamp': 1751466142435}
1751466143.010567,ID:2103,STAGE:2,SEQUENCE:1234,DATA:{'page':'{'sensor': 'O₂ Saturation', 'action': 'capture', 'data': 'starting sensor action'}','action':'None','timestamp':1751466143196},ANY:{'page': {'sensor': 'O₂ Saturation', 'action': 'capture', 'data': 'starting sensor action'}, 'timestamp': 1751466143196}
1751466144.025382,ID:2103,STAGE:2,SEQUENCE:1234,DATA:{'page':'{'sensor': 'O₂ Saturation', 'action': 'capture', 'data': 'sensor action complete'}','action':'None','timestamp':1751466144210},ANY:{'page': {'sensor': 'O₂ Saturation', 'action': 'capture', 'data': 'sensor action complete'}, 'timestamp': 1751466144210}
1751466144.026375,ID:2103,STAGE:2,SEQUENCE:1234,DATA:{'page':'{'sensor': 'O₂ Saturation', 'action': 'keypad open'}','action':'None','timestamp':1751466144211},ANY:{'page': {'sensor': 'O₂ Saturation', 'action': 'keypad open'}, 'timestamp': 1751466144211}
1751466144.826441,ID:2103,STAGE:2,SEQUENCE:1234,DATA:{'page':'{'sensor': 'O₂ Saturation', 'action': 'keypad press', 'key': 1, 'value': 1}','action':'None','timestamp':1751466145012},ANY:{'page': {'sensor': 'O₂ Saturation', 'action': 'keypad press', 'key': 1, 'value': 1}, 'timestamp': 1751466145012}
1751466145.690637,ID:2103,STAGE:2,SEQUENCE:1234,DATA:{'page':'{'sensor': 'O₂ Saturation', 'action': 'keypad press', 'key': 11, 'value': 10}','action':'None','timestamp':1751466145875},ANY:{'page': {'sensor': 'O₂ Saturation', 'action': 'keypad press', 'key': 11, 'value': 10}, 'timestamp': 1751466145875}
1751466145.842071,ID:2103,STAGE:2,SEQUENCE:1234,DATA:{'page':'{'sensor': 'O₂ Saturation', 'action': 'keypad press', 'key': 11, 'value': 100}','action':'None','timestamp':1751466146027},ANY:{'page': {'sensor': 'O₂ Saturation', 'action': 'keypad press', 'key': 11, 'value': 100}, 'timestamp': 1751466146027}
1751466146.194412,ID:2103,STAGE:2,SEQUENCE:1234,DATA:{'page':'{'sensor': 'O₂ Saturation', 'action': 'show action buttons'}','action':'None','timestamp':1751466146379},ANY:{'page': {'sensor': 'O₂ Saturation', 'action': 'show action buttons'}, 'timestamp': 1751466146379}
1751466146.194908,ID:2103,STAGE:2,SEQUENCE:1234,DATA:{'page':'{'sensor': 'O₂ Saturation', 'action': 'keypad press', 'key': 10, 'value': 100}','action':'None','timestamp':1751466146380},ANY:{'page': {'sensor': 'O₂ Saturation', 'action': 'keypad press', 'key': 10, 'value': 100}, 'timestamp': 1751466146380}
1751466147.170932,ID:2103,STAGE:2,SEQUENCE:1234,DATA:{'page':'{'sensor': 'O₂ Saturation', 'action': 'log', 'data': 'action button pressed'}','action':'None','timestamp':1751466147356},ANY:{'page': {'sensor': 'O₂ Saturation', 'action': 'log', 'data': 'action button pressed'}, 'timestamp': 1751466147356}

1751466148.187528,ID:2103,STAGE:2,SEQUENCE:1234,DATA:{'page':'{'sensor': 'O₂ Saturation', 'action': 'log', 'data': 'sensor action complete'}','action':'None','timestamp':1751466148373},ANY:{'page': {'sensor': 'O₂ Saturation', 'action': 'log', 'data': 'sensor action complete'}, 'timestamp': 1751466148373}
1751466148.427053,ID:2103,STAGE:2,SEQUENCE:1234,DATA:{'page':'{'sensor': 'O₂ Saturation', 'action': 'save', 'data': 'action button pressed'}','action':'None','timestamp':1751466148611},ANY:{'page': {'sensor': 'O₂ Saturation', 'action': 'save', 'data': 'action button pressed'}, 'timestamp': 1751466148611}
1751466148.427548,ID:2103,STAGE:2,SEQUENCE:1234,DATA:{'page':'{'sensor': 'O₂ Saturation', 'action': 'save', 'data': 'starting sensor action'}','action':'None','timestamp':1751466148611},ANY:{'page': {'sensor': 'O₂ Saturation', 'action': 'save', 'data': 'starting sensor action'}, 'timestamp': 1751466148611}
1751466149.442796,ID:2103,STAGE:2,SEQUENCE:1234,DATA:{'page':'{'sensor': 'O₂ Saturation', 'action': 'save', 'data': 'sensor action complete'}','action':'None','timestamp':1751466149629},ANY:{'page': {'sensor': 'O₂ Saturation', 'action': 'save', 'data': 'sensor action complete'}, 'timestamp': 1751466149629}
1751466149.78773,ID:2103,STAGE:2,SEQUENCE:1234,DATA:{'page':'{'sensor': 'Heart Rate', 'action': 'opened sensor tab'}','action':'None','timestamp':1751466149972},ANY:{'page': {'sensor': 'Heart Rate', 'action': 'opened sensor tab'}, 'timestamp': 1751466149972}
1751466150.587787,ID:2103,STAGE:2,SEQUENCE:1234,DATA:{'page':'{'sensor': 'Heart Rate', 'action': 'capture', 'data': 'starting sensor action'}','action':'None','timestamp':1751466150771},ANY:{'page': {'sensor': 'Heart Rate', 'action': 'capture', 'data': 'starting sensor action'}, 'timestamp': 1751466150771}
1751466151.599372,ID:2103,STAGE:2,SEQUENCE:1234,DATA:{'page':'{'sensor': 'Heart Rate', 'action': 'capture', 'data': 'sensor action complete'}','action':'None','timestamp':1751466151784},ANY:{'page': {'sensor': 'Heart Rate', 'action': 'capture', 'data': 'sensor action complete'}, 'timestamp': 1751466151784}
1751466151.59987,ID:2103,STAGE:2,SEQUENCE:1234,DATA:{'page':'{'sensor': 'Heart Rate', 'action': 'keypad open'}','action':'None','timestamp':1751466151785},ANY:{'page': {'sensor': 'Heart Rate', 'action': 'keypad open'}, 'timestamp': 1751466151785}
1751466152.124047,ID:2103,STAGE:2,SEQUENCE:1234,DATA:{'page':'{'sensor': 'Heart Rate', 'action': 'keypad press', 'key': 5, 'value': 5}','action':'None','timestamp':1751466152307},ANY:{'page': {'sensor': 'Heart Rate', 'action': 'keypad press', 'key': 5, 'value': 5}, 'timestamp': 1751466152307}
1751466152.265878,ID:2103,STAGE:2,SEQUENCE:1234,DATA:{'page':'{'sensor': 'Heart Rate', 'action': 'keypad press', 'key': 5, 'value': 55}','action':'None','timestamp':1751466152451},ANY:{'page': {'sensor': 'Heart Rate', 'action': 'keypad press', 'key': 5, 'value': 55}, 'timestamp': 1751466152451}
1751466152.851628,ID:2103,STAGE:2,SEQUENCE:1234,DATA:{'page':'{'page': 'vitals prompt', 'action': 'auto off vitals prompt'}','action':'None','timestamp':1751466153038},ANY:{'page': {'page': 'vitals prompt', 'action': 'auto off vitals prompt'}, 'timestamp': 1751466153038}
1751466153.044426,ID:2103,STAGE:2,SEQUENCE:1234,DATA:{'page':'{'sensor': 'Heart Rate', 'action': 'show action buttons'}','action':'None','timestamp':1751466153227},ANY:{'page': {'sensor': 'Heart Rate', 'action': 'show action buttons'}, 'timestamp': 1751466153227}
1751466153.045418,ID:2103,STAGE:2,SEQUENCE:1234,DATA:{'page':'{'sensor': 'Heart Rate', 'action': 'keypad press', 'key': 10, 'value': 55}','action':'None','timestamp':1751466153228},ANY:{'page': {'sensor': 'Heart Rate', 'action': 'keypad press', 'key': 10, 'value': 55}, 'timestamp': 1751466153228}
1751466153.644,ID:2103,STAGE:2,SEQUENCE:1234,DATA:{'page':'{'sensor': 'Heart Rate', 'action': 'log', 'data': 'starting sensor action'}','action':'None','timestamp':1751466153828},ANY:{'page': {'sensor': 'Heart Rate', 'action': 'log', 'data': 'starting sensor action'}, 'timestamp': 1751466153828}

1751466154.66292,ID:2103,STAGE:2,SEQUENCE:1234,DATA:{'page':'{'sensor': 'Heart Rate', 'action': 'log', 'data': 'sensor action complete'}','action':'None','timestamp':1751466154848},ANY:{'page': {'sensor': 'Heart Rate', 'action': 'log', 'data': 'sensor action complete'}, 'timestamp': 1751466154848}
1751466154.730451,ID:2103,STAGE:2,SEQUENCE:1234,DATA:{'page':'{'sensor': 'Heart Rate', 'action': 'save', 'data': 'action button pressed'}','action':'None','timestamp':1751466154916},ANY:{'page': {'sensor': 'Heart Rate', 'action': 'save', 'data': 'action button pressed'}, 'timestamp': 1751466154916}
1751466154.731443,ID:2103,STAGE:2,SEQUENCE:1234,DATA:{'page':'{'sensor': 'Heart Rate', 'action': 'save', 'data': 'starting sensor action'}','action':'None','timestamp':1751466154916},ANY:{'page': {'sensor': 'Heart Rate', 'action': 'save', 'data': 'starting sensor action'}, 'timestamp': 1751466154916}
1751466155.744084,ID:2103,STAGE:2,SEQUENCE:1234,DATA:{'page':'{'sensor': 'Heart Rate', 'action': 'save', 'data': 'sensor action complete'}','action':'None','timestamp':1751466155929},ANY:{'page': {'sensor': 'Heart Rate', 'action': 'save', 'data': 'sensor action complete'}, 'timestamp': 1751466155929}
1751466156.18365,ID:2103,STAGE:2,SEQUENCE:1234,DATA:{'page':'{'sensor': 'Blood Pressure', 'action': 'opened sensor tab'}','action':'None','timestamp':1751466156364},ANY:{'page': {'sensor': 'Blood Pressure', 'action': 'opened sensor tab'}, 'timestamp': 1751466156364}
1751466156.954441,ID:2103,STAGE:2,SEQUENCE:1234,DATA:{'page':'{'sensor': 'Blood Pressure', 'action': 'capture', 'data': 'starting sensor action'}','action':'None','timestamp':1751466157139},ANY:{'page': {'sensor': 'Blood Pressure', 'action': 'capture', 'data': 'starting sensor action'}, 'timestamp': 1751466157139}
1751466157.972699,ID:2103,STAGE:2,SEQUENCE:1234,DATA:{'page':'{'sensor': 'Blood Pressure', 'action': 'capture', 'data': 'sensor action complete'}','action':'None','timestamp':1751466158156},ANY:{'page': {'sensor': 'Blood Pressure', 'action': 'capture', 'data': 'sensor action complete'}, 'timestamp': 1751466158156}
1751466157.973729,ID:2103,STAGE:2,SEQUENCE:1234,DATA:{'page':'{'sensor': 'Blood Pressure', 'action': 'keypad open'}','action':'None','timestamp':1751466158156},ANY:{'page': {'sensor': 'Blood Pressure', 'action': 'keypad open'}, 'timestamp': 1751466158156}
1751466158.594021,ID:2103,STAGE:2,SEQUENCE:1234,DATA:{'page':'{'sensor': 'Blood Pressure', 'action': 'keypad press', 'key': 1, 'value': 1}','action':'None','timestamp':1751466158780},ANY:{'page': {'sensor': 'Blood Pressure', 'action': 'keypad press', 'key': 1, 'value': 1}, 'timestamp': 1751466158780}
1751466159.009755,ID:2103,STAGE:2,SEQUENCE:1234,DATA:{'page':'{'sensor': 'Blood Pressure', 'action': 'keypad press', 'key': 2, 'value': 12}','action':'None','timestamp':1751466159196},ANY:{'page': {'sensor': 'Blood Pressure', 'action': 'keypad press', 'key': 2, 'value': 12}, 'timestamp': 1751466159196}
1751466159.657074,ID:2103,STAGE:2,SEQUENCE:1234,DATA:{'page':'{'sensor': 'Blood Pressure', 'action': 'keypad press', 'key': 11, 'value': 120}','action':'None','timestamp':1751466159843},ANY:{'page': {'sensor': 'Blood Pressure', 'action': 'keypad press', 'key': 11, 'value': 120}, 'timestamp': 1751466159843}
1751466160.250009,ID:2103,STAGE:2,SEQUENCE:1234,DATA:{'page':'{'sensor': 'Blood Pressure', 'action': 'keypad press', 'key': 8, 'value': 1208}','action':'None','timestamp':1751466160435},ANY:{'page': {'sensor': 'Blood Pressure', 'action': 'keypad press', 'key': 8, 'value': 1208}, 'timestamp': 1751466160435}
1751466161.169723,ID:2103,STAGE:2,SEQUENCE:1234,DATA:{'page':'{'sensor': 'Blood Pressure', 'action': 'keypad press', 'key': 11, 'value': 12080}','action':'None','timestamp':1751466161355},ANY:{'page': {'sensor': 'Blood Pressure', 'action': 'keypad press', 'key': 11, 'value': 12080}, 'timestamp': 1751466161355}
1751466161.690466,ID:2103,STAGE:2,SEQUENCE:1234,DATA:{'page':'{'sensor': 'Blood Pressure', 'action': 'show action buttons'}','action':'None','timestamp':1751466161867},ANY:{'page': {'sensor': 'Blood Pressure', 'action': 'show action buttons'}, 'timestamp': 1751466161867}
': 12080}, 'timestamp': 1751466161868}
1751466162.921532,ID:2103,STAGE:2,SEQUENCE:1234,DATA:{'page':'{'sensor': 'Blood Pressure', 'action': 'log', 'data': 'action button pressed'}','action':'None','timestamp':1751466163107},ANY:{'page': {'sensor': 'Blood Pressure', 'action': 'log', 'data': 'action button pressed'}, 'timestamp': 1751466163107}
1751466162.922028,ID:2103,STAGE:2,SEQUENCE:1234,DATA:{'page':'{'sensor': 'Blood Pressure', 'action': 'log', 'data': 'starting sensor action'}','action':'None','timestamp':1751466163107},ANY:{'page': {'sensor': 'Blood Pressure', 'action': 'log', 'data': 'starting sensor action'}, 'timestamp': 1751466163107}
1751466163.965427,ID:2103,STAGE:2,SEQUENCE:1234,DATA:{'page':'{'sensor': 'Blood Pressure', 'action': 'log', 'data': 'sensor action complete'}','action':'None','timestamp':1751466164121},ANY:{'page': {'sensor': 'Blood Pressure', 'action': 'log', 'data': 'sensor action complete'}, 'timestamp': 1751466164121}
1751466164.489857,ID:2103,STAGE:2,SEQUENCE:1234,DATA:{'page':'{'sensor': 'Blood Pressure', 'action': 'save', 'data': 'starting sensor action'}','action':'None','timestamp':1751466164676},ANY:{'page': {'sensor': 'Blood Pressure', 'action': 'save', 'data': 'starting sensor action'}, 'timestamp': 1751466164676}
1751466165.508547,ID:2103,STAGE:2,SEQUENCE:1234,DATA:{'page':'{'sensor': 'Blood Pressure', 'action': 'save', 'data': 'sensor action complete'}','action':'None','timestamp':1751466165694},ANY:{'page': {'sensor': 'Blood Pressure', 'action': 'save', 'data': 'sensor action complete'}, 'timestamp': 1751466165694}
1751466166.777866,ID:2103,STAGE:2,SEQUENCE:1234,DATA:{'page':'{'sensor': 'submit', 'action': 'submit'}','action':'None','timestamp':1751466166964},ANY:{'page': {'sensor': 'submit', 'action': 'submit'}, 'timestamp': 1751466166964}
1751466166.780347,ID:2103,STAGE:2,SEQUENCE:1234,DATA:{'page':'{'sensor': 'submit', 'action': 'submit', 'data': 'submit succeeded'}','action':'None','timestamp':1751466166965},ANY:{'page': {'sensor': 'submit', 'action': 'submit', 'data': 'submit succeeded'}, 'timestamp': 1751466166965}
1751466170.934684,ID:2103,STAGE:2,SEQUENCE:1234,DATA:{'page':'{'page': 'speak text', 'action': 'Receieved text and level:Vitals received.normal'}','action':'None','timestamp':1751466170932},ANY:{'page': {'page': 'speak text', 'action': 'Receieved text and level:Vitals received.normal'}, 'timestamp': 1751466170932}
1751466170.935181,ID:2103,STAGE:2,SEQUENCE:1234,DATA:{'page':'{'page': 'Jarvis speaking', 'action': 'Message: Vitals received. Stress level: normal'}','action':'None','timestamp':1751466170933},ANY:{'page': {'page': 'Jarvis speaking', 'action': 'Message: Vitals received. Stress level: normal'}, 'timestamp': 1751466170933}
1751466171.534073,ID:2103,STAGE:2,SEQUENCE:1234,DATA:{'page':'{'page': 'checklist', 'action': 'opened page', 'inflight': True}','action':'None','timestamp':1751466171530},ANY:{'page': {'page': 'checklist', 'action': 'opened page', 'inflight': True}, 'timestamp': 1751466171530}
1751466172.511079,ID:2103,STAGE:2,SEQUENCE:1234,DATA:{'page':'{'page': 'map', 'action': 'selected helipad', 'value': '21'}','action':'None','timestamp':1751466172507},ANY:{'page': {'page': 'map', 'action': 'selected helipad', 'value': '21'}, 'timestamp': 1751466172507}
1751466179.473385,ID:2103,STAGE:2,SEQUENCE:1234,DATA:{'page':'{'page': 'checklist', 'action': 'toggled checkbox', 'inflight': True, 'item': 0, 'value': 'OFF'}','action':'None','timestamp':1751466179469},ANY:{'page': {'page': 'checklist', 'action': 'toggled checkbox', 'inflight': True, 'item': 0, 'value': 'OFF'}, 'timestamp': 1751466179469}
1751466180.335568,ID:2103,STAGE:2,SEQUENCE:1234,DATA:{'page':'{'page': 'checklist', 'action': 'toggled checkbox', 'inflight': True, 'item': 1, 'value': 'OFF'}','action':'None','timestamp':1751466180333},ANY:{'page': {'page': 'checklist', 'action': 'toggled checkbox', 'inflight': True, 'item': 1, 'value': 'OFF'}, 'timestamp': 1751466180333}
1751466181.677262,ID:2103,STAGE:2,SEQUENCE:1234,DATA:{'page':'{'page': 'checklist', 'action': 'toggled checkbox', 'inflight': True, 'item': 2, 'value': 'OFF'}','action':'None','timestamp':1751466181675},ANY:{'page': {'page': 'checklist', 'action': 'toggled checkbox', 'inflight': True, 'item': 2, 'value': 'OFF'}, 'timestamp': 1751466181675}
1751466181.677758,ID:2103,STAGE:2,SEQUENCE:1234,DATA:{'page':'{'page': 'checklist', 'action': 'showing confirm button', 'inflight': True}','action':'None','timestamp':1751466181675},ANY:{'page': {'page': 'checklist', 'action': 'showing confirm button', 'inflight': True}, 'timestamp': 1751466181675}
1751466183.922237,ID:2103,STAGE:2,SEQUENCE:1234,DATA:{'page':'{'action': 'Controller Executing: click on confirm-button with value: undefined'}','action':'None','timestamp':1751466183919},ANY:{'page': {'action': 'Controller Executing: click on confirm-button with value: undefined'}, 'timestamp': 1751466183919}
1751466184.069053,ID:2103,STAGE:2,SEQUENCE:1234,DATA:{'page':'{'page': 'landing-confirmation', 'action': 'opened page'}','action':'None','timestamp':1751466184052},ANY:{'page': {'page': 'landing-confirmation', 'action': 'opened page'}, 'timestamp': 1751466184052}
1751466184.074013,ID:2103,STAGE:2,SEQUENCE:1234,DATA:{'page':'{'page': 'landing-confirmation', 'action': 'showing helipad confirm', 'value': 1}','action':'None','timestamp':1751466184053},ANY:{'page': {'page': 'landing-confirmation', 'action': 'showing helipad confirm', 'value': 1}, 'timestamp': 1751466184053}
1751466185.028273,ID:2103,STAGE:2,SEQUENCE:1234,DATA:{'page':'{'page': 'map', 'action': 'selected helipad', 'value': '21'}','action':'None','timestamp':1751466185025},ANY:{'page': {'page': 'map', 'action': 'selected helipad', 'value': '21'}, 'timestamp': 1751466185025}
1751466189.654232,ID:2103,STAGE:2,SEQUENCE:1234,DATA:{'page':'{'page': 'speak text', 'action': 'Receieved text and level:Touch panelnormal'}','action':'None','timestamp':1751466189652},ANY:{'page': {'page': 'speak text', 'action': 'Receieved text and level:Touch panelnormal'}, 'timestamp': 1751466189652}
1751466189.654729,ID:2103,STAGE:2,SEQUENCE:1234,DATA:{'page':'{'page': 'Jarvis speaking', 'action': 'Message: Touch panel Stress level: normal'}','action':'None','timestamp':1751466189652},ANY:{'page': {'page': 'Jarvis speaking', 'action': 'Message: Touch panel Stress level: normal'}, 'timestamp': 1751466189652}
1751466193.618707,ID:2103,STAGE:2,SEQUENCE:1234,DATA:{'page':'{'page': 'Ground speaking', 'action': 'N A S X G S, this is Ground Control asking for update on flight status, patient status and estimated time to destination.'}','action':'None','timestamp':1751466193805},ANY:{'page': {'page': 'Ground speaking', 'action': 'N A S X G S, this is Ground Control asking for update on flight status, patient status and estimated time to destination.'}, 'timestamp': 1751466193805}
1751466193.619699,ID:2103,STAGE:2,SEQUENCE:1234,DATA:{'page':'{'page': 'radio update', 'action': 'radio update asked'}','action':'None','timestamp':1751466193805},ANY:{'page': {'page': 'radio update', 'action': 'radio update asked'}, 'timestamp': 1751466193805}
1751466193.620691,ID:2103,STAGE:2,SEQUENCE:1234,DATA:{'page':'{'page': 'radio prompt', 'action': 'radio update prompt 4'}','action':'None','timestamp':1751466193805},ANY:{'page': {'page': 'radio prompt', 'action': 'radio update prompt 4'}, 'timestamp': 1751466193805}
1751466195.61808,ID:2103,STAGE:2,SEQUENCE:1234,DATA:{'page':'{'page': 'landing-confirmation', 'action': 'checkbox toggle', 'item': 0, 'value': 'ON'}','action':'None','timestamp':1751466195614},ANY:{'page': {'page': 'landing-confirmation', 'action': 'checkbox toggle', 'item': 0, 'value': 'ON'}, 'timestamp': 1751466195614}
1751466198.072378,ID:2103,STAGE:2,SEQUENCE:1234,DATA:{'page':'{'page': 'landing-confirmation', 'action': 'checkbox toggle', 'item': 1, 'value': 'ON'}','action':'None','timestamp':1751466198070},ANY:{'page': {'page': 'landing-confirmation', 'action': 'checkbox toggle', 'item': 1, 'value': 'ON'}, 'timestamp': 1751466198070}
1751466198.60413,ID:2103,STAGE:2,SEQUENCE:1234,DATA:{'page':'{'page': 'landing-confirmation', 'action': 'showing helipad ready'}','action':'None','timestamp':1751466198600},ANY:{'page': {'page': 'landing-confirmation', 'action': 'showing helipad ready'}, 'timestamp': 1751466198600}
}
1751466200.335673,ID:2103,STAGE:2,SEQUENCE:1234,DATA:{'page':'{'page': 'landing-confirmation', 'action': 'gave landing confirmation'}','action':'None','timestamp':1751466200331},ANY:{'page': {'page': 'landing-confirmation', 'action': 'gave landing confirmation'}, 'timestamp': 1751466200331}
1751466200.441817,ID:2103,STAGE:2,SEQUENCE:1234,DATA:{'page':'{'page': 'landing-countdown', 'action': 'opened page'}','action':'None','timestamp':1751466200420},ANY:{'page': {'page': 'landing-countdown', 'action': 'opened page'}, 'timestamp': 1751466200420}
1751466201.392846,ID:2103,STAGE:2,SEQUENCE:1234,DATA:{'page':'{'page': 'map', 'action': 'selected helipad', 'value': '21'}','action':'None','timestamp':1751466201391},ANY:{'page': {'page': 'map', 'action': 'selected helipad', 'value': '21'}, 'timestamp': 1751466201391}
1751466201.436522,ID:2103,STAGE:2,SEQUENCE:1234,DATA:{'page':'{'page': 'landing-countdown', 'action': 'countdown changed', 'value': 5}','action':'None','timestamp':1751466201433},ANY:{'page': {'page': 'landing-countdown', 'action': 'countdown changed', 'value': 5}, 'timestamp': 1751466201433}
1751466202.434163,ID:2103,STAGE:2,SEQUENCE:1234,DATA:{'page':'{'page': 'landing-countdown', 'action': 'countdown changed', 'value': 4}','action':'None','timestamp':1751466202431},ANY:{'page': {'page': 'landing-countdown', 'action': 'countdown changed', 'value': 4}, 'timestamp': 1751466202431}
1751466203.425286,ID:2103,STAGE:2,SEQUENCE:1234,DATA:{'page':'{'page': 'landing-countdown', 'action': 'countdown changed', 'value': 3}','action':'None','timestamp':1751466203422},ANY:{'page': {'page': 'landing-countdown', 'action': 'countdown changed', 'value': 3}, 'timestamp': 1751466203422}
1751466204.424826,ID:2103,STAGE:2,SEQUENCE:1234,DATA:{'page':'{'page': 'landing-countdown', 'action': 'countdown changed', 'value': 2}','action':'None','timestamp':1751466204422},ANY:{'page': {'page': 'landing-countdown', 'action': 'countdown changed', 'value': 2}, 'timestamp': 1751466204422}
1751466205.42621,ID:2103,STAGE:2,SEQUENCE:1234,DATA:{'page':'{'page': 'landing-countdown', 'action': 'countdown changed', 'value': 1}','action':'None','timestamp':1751466205424},ANY:{'page': {'page': 'landing-countdown', 'action': 'countdown changed', 'value': 1}, 'timestamp': 1751466205424}
1751466206.426842,ID:2103,STAGE:2,SEQUENCE:1234,DATA:{'page':'{'page': 'landing-countdown', 'action': 'countdown changed', 'value': 0}','action':'None','timestamp':1751466206423},ANY:{'page': {'page': 'landing-countdown', 'action': 'countdown changed', 'value': 0}, 'timestamp': 1751466206423}
1751466207.220065,ID:2103,STAGE:2,SEQUENCE:1234,DATA:{'page':'{'page': 'speak text', 'action': 'Receieved text and level:Landingnormal'}','action':'None','timestamp':1751466207217},ANY:{'page': {'page': 'speak text', 'action': 'Receieved text and level:Landingnormal'}, 'timestamp': 1751466207217}
1751466207.221046,ID:2103,STAGE:2,SEQUENCE:1234,DATA:{'page':'{'page': 'Jarvis speaking', 'action': 'Message: Landing Stress level: normal'}','action':'None','timestamp':1751466207217},ANY:{'page': {'page': 'Jarvis speaking', 'action': 'Message: Landing Stress level: normal'}, 'timestamp': 1751466207217}
1751466207.429426,ID:2103,STAGE:2,SEQUENCE:1234,DATA:{'page':'{'page': 'landing-countdown', 'action': 'countdown complete'}','action':'None','timestamp':1751466207425},ANY:{'page': {'page': 'landing-countdown', 'action': 'countdown complete'}, 'timestamp': 1751466207425}
1751466207.517208,ID:2103,STAGE:2,SEQUENCE:1234,DATA:{'page':'{'page': 'landed', 'action': 'opened page'}','action':'None','timestamp':1751466207501},ANY:{'page': {'page': 'landed', 'action': 'opened page'}, 'timestamp': 1751466207501}
1751466208.481704,ID:2103,STAGE:2,SEQUENCE:1234,DATA:{'page':'{'page': 'map', 'action': 'selected helipad', 'value': '21'}','action':'None','timestamp':1751466208478},ANY:{'page': {'page': 'map', 'action': 'selected helipad', 'value': '21'}, 'timestamp': 1751466208478}
1751466220.138057,ID:2103,STAGE:2,SEQUENCE:1234,DATA:{'page':'{'page': 'speak text', 'action': 'Receieved text and level:Please, Answer the surveynormal'}','action':'None','timestamp':1751466220135},ANY:{'page': {'page': 'speak text', 'action': 'Receieved text and level:Please, Answer the surveynormal'}, 'timestamp': 1751466220135}
1751466220.13905,ID:2103,STAGE:2,SEQUENCE:1234,DATA:{'page':'{'page': 'Jarvis speaking', 'action': 'Message: Please, Answer the survey Stress level: normal'}','action':'None','timestamp':1751466220136},ANY:{'page': {'page': 'Jarvis speaking', 'action': 'Message: Please, Answer the survey Stress level: normal'}, 'timestamp': 1751466220136}
