INFO:root:1722971380.533179,ID:1014,STAGE:4,SEQUENCE:1432,DATA:{'time': 1722971380.529, 'user-id': '1014', 'source': 'HAI Interface', 'destination-index': 'None', 'study-stage': '4', 'decision-state': 0, 'vitals-state': 0, 'airspace-state': 0, 'data': {'page': 'index', 'action': 'confirm button pressed'}}
INFO:root:1722971380.647416,ID:1014,STAGE:4,SEQUENCE:1432,DATA:{'time': 1722971380.638, 'user-id': 'none', 'source': 'HAI Interface', 'destination-index': 3, 'study-stage': -1, 'decision-state': 0, 'vitals-state': 0, 'airspace-state': 0, 'data': {'page': 'location', 'action': 'opened page'}}
INFO:root:Takeoff radiocomms initiated
INFO:comtypes.client._code_cache:Imported existing <module 'comtypes.gen' from 'C:\\Users\\ae-dagbeyibor3\\AppData\\Local\\Programs\\Python\\Python312\\Lib\\site-packages\\comtypes\\gen\\__init__.py'>
INFO:comtypes.client._code_cache:Using writeable comtypes cache directory: 'C:\Users\ae-dagbeyibor3\AppData\Local\Programs\Python\Python312\Lib\site-packages\comtypes\gen'
INFO:root:1722971381.599789,ID:1014,STAGE:4,SEQUENCE:1432,DATA:{'time': 1722971381.596, 'user-id': '1014', 'source': 'HAI Interface', 'destination-index': 'None', 'study-stage': '4', 'decision-state': 0, 'vitals-state': 0, 'airspace-state': 0, 'data': {'page': 'map', 'action': 'selected helipad', 'value': '21'}}
INFO:root:Takeoff radiocomms clear request sent
INFO:root:1722971400.010353,ID:1014,STAGE:4,SEQUENCE:1432,DATA:{'time': 1722971400.006, 'user-id': '1014', 'source': 'HAI Interface', 'destination-index': 'None', 'study-stage': '4', 'decision-state': 0, 'vitals-state': 0, 'airspace-state': 0, 'data': {'page': 'location', 'action': 'confirm button pressed'}}
INFO:root:1722971400.221759,ID:1014,STAGE:4,SEQUENCE:1432,DATA:{'time': 1722971400.207, 'user-id': 'none', 'source': 'HAI Interface', 'destination-index': 3, 'study-stage': -1, 'decision-state': 0, 'vitals-state': 0, 'airspace-state': 0, 'data': {'page': 'checklist', 'action': 'opened page', 'inflight': False}}
INFO:root:1722971401.177697,ID:1014,STAGE:4,SEQUENCE:1432,DATA:{'time': 1722971401.175, 'user-id': '1014', 'source': 'HAI Interface', 'destination-index': '3', 'study-stage': '4', 'decision-state': 0, 'vitals-state': 0, 'airspace-state': 0, 'data': {'page': 'map', 'action': 'selected helipad', 'value': '21'}}
INFO:root:1722971402.364611,ID:1014,STAGE:4,SEQUENCE:1432,DATA:{'time': 1722971402.361, 'user-id': '1014', 'source': 'HAI Interface', 'destination-index': '3', 'study-stage': '4', 'decision-state': 0, 'vitals-state': 0, 'airspace-state': 0, 'data': {'page': 'checklist', 'action': 'toggled checkbox', 'inflight': False, 'item': 0, 'value': 'OFF'}}
INFO:root:1722971402.912601,ID:1014,STAGE:4,SEQUENCE:1432,DATA:{'time': 1722971402.91, 'user-id': '1014', 'source': 'HAI Interface', 'destination-index': '3', 'study-stage': '4', 'decision-state': 0, 'vitals-state': 0, 'airspace-state': 0, 'data': {'page': 'checklist', 'action': 'toggled checkbox', 'inflight': False, 'item': 1, 'value': 'OFF'}}
INFO:root:1722971403.783896,ID:1014,STAGE:4,SEQUENCE:1432,DATA:{'time': 1722971403.781, 'user-id': '1014', 'source': 'HAI Interface', 'destination-index': '3', 'study-stage': '4', 'decision-state': 0, 'vitals-state': 0, 'airspace-state': 0, 'data': {'page': 'checklist', 'action': 'toggled checkbox', 'inflight': False, 'item': 2, 'value': 'OFF'}}
INFO:root:1722971403.785895,ID:1014,STAGE:4,SEQUENCE:1432,DATA:{'time': 1722971403.782, 'user-id': '1014', 'source': 'HAI Interface', 'destination-index': '3', 'study-stage': '4', 'decision-state': 0, 'vitals-state': 0, 'airspace-state': 0, 'data': {'page': 'checklist', 'action': 'showing confirm button', 'inflight': False}}
INFO:root:1722971404.352063,ID:1014,STAGE:4,SEQUENCE:1432,DATA:{'time': 1722971404.348, 'user-id': '1014', 'source': 'HAI Interface', 'destination-index': '3', 'study-stage': '4', 'decision-state': 0, 'vitals-state': 0, 'airspace-state': 0, 'data': {'page': 'checklist', 'action': 'confirm button clicked', 'inflight': False}}
INFO:root:1722971404.473591,ID:1014,STAGE:4,SEQUENCE:1432,DATA:{'time': 1722971404.452, 'user-id': 'none', 'source': 'HAI Interface', 'destination-index': 3, 'study-stage': -1, 'decision-state': 0, 'vitals-state': 0, 'airspace-state': 0, 'data': {'page': 'countdown', 'action': 'opened page'}}
INFO:root:1722971405.421013,ID:1014,STAGE:4,SEQUENCE:1432,DATA:{'time': 1722971405.418, 'user-id': '1014', 'source': 'HAI Interface', 'destination-index': '3', 'study-stage': '4', 'decision-state': 0, 'vitals-state': 0, 'airspace-state': 0, 'data': {'page': 'map', 'action': 'selected helipad', 'value': '21'}}
INFO:root:1722971405.456701,ID:1014,STAGE:4,SEQUENCE:1432,DATA:{'time': 1722971405.453, 'user-id': '1014', 'source': 'HAI Interface', 'destination-index': '3', 'study-stage': '4', 'decision-state': 0, 'vitals-state': 0, 'airspace-state': 0, 'data': {'page': 'countdown', 'action': 'countdown now 4'}}
INFO:root:1722971406.456642,ID:1014,STAGE:4,SEQUENCE:1432,DATA:{'time': 1722971406.454, 'user-id': '1014', 'source': 'HAI Interface', 'destination-index': '3', 'study-stage': '4', 'decision-state': 0, 'vitals-state': 0, 'airspace-state': 0, 'data': {'page': 'countdown', 'action': 'countdown now 3'}}
INFO:root:1722971407.457147,ID:1014,STAGE:4,SEQUENCE:1432,DATA:{'time': 1722971407.453, 'user-id': '1014', 'source': 'HAI Interface', 'destination-index': '3', 'study-stage': '4', 'decision-state': 0, 'vitals-state': 0, 'airspace-state': 0, 'data': {'page': 'countdown', 'action': 'countdown now 2'}}
INFO:root:1722971408.456636,ID:1014,STAGE:4,SEQUENCE:1432,DATA:{'time': 1722971408.453, 'user-id': '1014', 'source': 'HAI Interface', 'destination-index': '3', 'study-stage': '4', 'decision-state': 0, 'vitals-state': 0, 'airspace-state': 0, 'data': {'page': 'countdown', 'action': 'countdown now 1'}}
INFO:root:1722971409.457179,ID:1014,STAGE:4,SEQUENCE:1432,DATA:{'time': 1722971409.453, 'user-id': '1014', 'source': 'HAI Interface', 'destination-index': '3', 'study-stage': '4', 'decision-state': 0, 'vitals-state': 0, 'airspace-state': 0, 'data': {'page': 'countdown', 'action': 'countdown now 0'}}
INFO:root:1722971410.456687,ID:1014,STAGE:4,SEQUENCE:1432,DATA:{'time': 1722971410.453, 'user-id': '1014', 'source': 'HAI Interface', 'destination-index': '3', 'study-stage': '4', 'decision-state': 0, 'vitals-state': 0, 'airspace-state': 0, 'data': {'page': 'countdown', 'action': 'countdown complete'}}
INFO:root:1722971411.724642,ID:1014,STAGE:4,SEQUENCE:1432,DATA:{'time': 1722971411.72, 'user-id': '1014', 'source': 'HAI Interface', 'destination-index': '3', 'study-stage': '4', 'decision-state': 0, 'vitals-state': 0, 'airspace-state': 0, 'data': {'page': 'map', 'action': 'selected helipad', 'value': '21'}}
INFO:root:1722971415.94829,ID:1014,STAGE:4,SEQUENCE:1432,DATA:{'time': 1722971415.941, 'user-id': '1014', 'source': 'HAI Interface', 'destination-index': '3', 'study-stage': '4', 'decision-state': 0, 'vitals-state': 0, 'airspace-state': 0, 'data': {'page': 'emergency', 'action': 'trying to change destination to100'}}
INFO:root:1722971417.307507,ID:1014,STAGE:4,SEQUENCE:1432,DATA:{'time': 1722971417.304, 'user-id': '1014', 'source': 'HAI Interface', 'destination-index': '3', 'study-stage': '4', 'decision-state': 0, 'vitals-state': 0, 'airspace-state': 0, 'data': {'action': 'radio panel opened'}}
INFO:root:Inflight Radio Update asked
INFO:root:sent request to set radio update complete
INFO:root:1722971420.911659,ID:1014,STAGE:4,SEQUENCE:1432,DATA:{'time': 1722971420.906, 'user-id': '1014', 'source': 'HAI Interface', 'destination-index': '3', 'study-stage': '4', 'decision-state': 0, 'vitals-state': 0, 'airspace-state': 0, 'data': {'page': 'emergency', 'action': 'trying to change destination to19'}}
INFO:root:1722971422.55759,ID:1014,STAGE:4,SEQUENCE:1432,DATA:{'time': 1722971422.552, 'user-id': '1014', 'source': 'HAI Interface', 'destination-index': '3', 'study-stage': '4', 'decision-state': 0, 'vitals-state': 0, 'airspace-state': 0, 'data': {'action': 'transmit button pressed'}}
INFO:root:1722971422.560095,ID:1014,STAGE:4,SEQUENCE:1432,DATA:{'time': 1722971422.553, 'user-id': '1014', 'source': 'HAI Interface', 'destination-index': '3', 'study-stage': '4', 'decision-state': 0, 'vitals-state': 0, 'airspace-state': 0, 'data': {'action': 'callsign set to: + NASXGS'}}
INFO:root:1722971422.561093,ID:1014,STAGE:4,SEQUENCE:1432,DATA:{'time': 1722971422.553, 'user-id': '1014', 'source': 'HAI Interface', 'destination-index': '3', 'study-stage': '4', 'decision-state': 0, 'vitals-state': 0, 'airspace-state': 0, 'data': {'action': 'radio set to:Comm1'}}
INFO:root:1722971422.564319,ID:1014,STAGE:4,SEQUENCE:1432,DATA:{'time': 1722971422.553, 'user-id': '1014', 'source': 'HAI Interface', 'destination-index': '3', 'study-stage': '4', 'decision-state': 0, 'vitals-state': 0, 'airspace-state': 0, 'data': {'page': 'map', 'action': 'show map'}}
INFO:root:1722971422.569817,ID:1014,STAGE:4,SEQUENCE:1432,DATA:{'time': 1722971422.554, 'user-id': '1014', 'source': 'HAI Interface', 'destination-index': '3', 'study-stage': '4', 'decision-state': 0, 'vitals-state': 0, 'airspace-state': 0, 'data': {'page': 'map', 'action': 'selected helipad', 'value': '21'}}
INFO:root:1722971422.577823,ID:1014,STAGE:4,SEQUENCE:1432,DATA:{'time': 1722971422.558, 'user-id': '1014', 'source': 'HAI Interface', 'destination-index': '3', 'study-stage': '4', 'decision-state': 0, 'vitals-state': 0, 'airspace-state': 0, 'data': {'action': 'NASXGStransmitting updates onComm1123.45 MHz'}}
INFO:root:1722971425.902754,ID:1014,STAGE:4,SEQUENCE:1432,DATA:{'time': 1722971425.897, 'user-id': '1014', 'source': 'HAI Interface', 'destination-index': '3', 'study-stage': '4', 'decision-state': 0, 'vitals-state': 0, 'airspace-state': 0, 'data': {'page': 'emergency', 'action': 'trying to change destination to19'}}
INFO:root:1722971430.916777,ID:1014,STAGE:4,SEQUENCE:1432,DATA:{'time': 1722971430.908, 'user-id': '1014', 'source': 'HAI Interface', 'destination-index': '3', 'study-stage': '4', 'decision-state': 0, 'vitals-state': 0, 'airspace-state': 0, 'data': {'page': 'emergency', 'action': 'trying to change destination to19'}}
INFO:root:1722971433.059022,ID:1014,STAGE:4,SEQUENCE:1432,DATA:{'time': 1722971433.056, 'user-id': '1014', 'source': 'HAI Interface', 'destination-index': '3', 'study-stage': '4', 'decision-state': 0, 'vitals-state': 0, 'airspace-state': 0, 'data': {'page': 'map', 'action': 'hide map'}}
INFO:root:1722971435.914101,ID:1014,STAGE:4,SEQUENCE:1432,DATA:{'time': 1722971435.907, 'user-id': '1014', 'source': 'HAI Interface', 'destination-index': '3', 'study-stage': '4', 'decision-state': 0, 'vitals-state': 0, 'airspace-state': 0, 'data': {'page': 'emergency', 'action': 'trying to change destination to19'}}
INFO:root:1722971436.647627,ID:1014,STAGE:4,SEQUENCE:1432,DATA:{'time': 1722971436.644, 'source': 'VitalsTask', 'timer': 97.393, 'data': {'sensor': 'Heart Rate', 'action': 'capture', 'data': 'action button pressed'}}
INFO:root:1722971436.649627,ID:1014,STAGE:4,SEQUENCE:1432,DATA:{'time': 1722971436.645, 'source': 'VitalsTask', 'timer': 97.394, 'data': {'sensor': 'Heart Rate', 'action': 'capture', 'data': 'starting sensor action'}}
INFO:root:1722971437.664141,ID:1014,STAGE:4,SEQUENCE:1432,DATA:{'time': 1722971437.662, 'source': 'VitalsTask', 'timer': 98.411, 'data': {'sensor': 'Heart Rate', 'action': 'capture', 'data': 'sensor action complete'}}
INFO:root:1722971437.665139,ID:1014,STAGE:4,SEQUENCE:1432,DATA:{'time': 1722971437.662, 'source': 'VitalsTask', 'timer': 98.411, 'data': {'sensor': 'Heart Rate', 'action': 'keypad open'}}
INFO:root:1722971438.863916,ID:1014,STAGE:4,SEQUENCE:1432,DATA:{'time': 1722971438.862, 'source': 'VitalsTask', 'timer': 99.611, 'data': {'sensor': 'Heart Rate', 'action': 'keypad press', 'key': 5, 'value': 5}}
INFO:root:1722971439.760098,ID:1014,STAGE:4,SEQUENCE:1432,DATA:{'time': 1722971439.758, 'source': 'VitalsTask', 'timer': 100.507, 'data': {'sensor': 'Heart Rate', 'action': 'keypad press', 'key': 5, 'value': 55}}
INFO:root:1722971440.928798,ID:1014,STAGE:4,SEQUENCE:1432,DATA:{'time': 1722971440.923, 'user-id': '1014', 'source': 'HAI Interface', 'destination-index': '3', 'study-stage': '4', 'decision-state': 0, 'vitals-state': 0, 'airspace-state': 0, 'data': {'page': 'emergency', 'action': 'trying to change destination to19'}}
INFO:root:1722971441.14878,ID:1014,STAGE:4,SEQUENCE:1432,DATA:{'time': 1722971441.146, 'source': 'VitalsTask', 'timer': 101.895, 'data': {'sensor': 'Heart Rate', 'action': 'show action buttons'}}
INFO:root:1722971441.149777,ID:1014,STAGE:4,SEQUENCE:1432,DATA:{'time': 1722971441.147, 'source': 'VitalsTask', 'timer': 101.896, 'data': {'sensor': 'Heart Rate', 'action': 'keypad press', 'key': 10, 'value': 55}}
INFO:root:1722971442.674185,ID:1014,STAGE:4,SEQUENCE:1432,DATA:{'time': 1722971442.672, 'source': 'VitalsTask', 'timer': 103.421, 'data': {'sensor': 'Heart Rate', 'action': 'log', 'data': 'action button pressed'}}
INFO:root:1722971442.676187,ID:1014,STAGE:4,SEQUENCE:1432,DATA:{'time': 1722971442.672, 'source': 'VitalsTask', 'timer': 103.421, 'data': {'sensor': 'Heart Rate', 'action': 'log', 'data': 'starting sensor action'}}
INFO:root:1722971443.687011,ID:1014,STAGE:4,SEQUENCE:1432,DATA:{'time': 1722971443.684, 'source': 'VitalsTask', 'timer': 104.433, 'data': {'sensor': 'Heart Rate', 'action': 'log', 'data': 'sensor action complete'}}
INFO:root:1722971443.858508,ID:1014,STAGE:4,SEQUENCE:1432,DATA:{'time': 1722971443.856, 'source': 'VitalsTask', 'timer': 104.605, 'data': {'sensor': 'Heart Rate', 'action': 'save', 'data': 'action button pressed'}}
INFO:root:1722971443.859505,ID:1014,STAGE:4,SEQUENCE:1432,DATA:{'time': 1722971443.856, 'source': 'VitalsTask', 'timer': 104.605, 'data': {'sensor': 'Heart Rate', 'action': 'save', 'data': 'starting sensor action'}}
INFO:root:1722971444.872991,ID:1014,STAGE:4,SEQUENCE:1432,DATA:{'time': 1722971444.869, 'source': 'VitalsTask', 'timer': 105.618, 'data': {'sensor': 'Heart Rate', 'action': 'save', 'data': 'sensor action complete'}}
INFO:root:1722971445.48248,ID:1014,STAGE:4,SEQUENCE:1432,DATA:{'time': 1722971445.479, 'source': 'VitalsTask', 'timer': 106.228, 'data': {'sensor': 'O\u2082 Saturation', 'action': 'opened sensor tab'}}
INFO:root:1722971445.947754,ID:1014,STAGE:4,SEQUENCE:1432,DATA:{'time': 1722971445.942, 'user-id': '1014', 'source': 'HAI Interface', 'destination-index': '3', 'study-stage': '4', 'decision-state': 0, 'vitals-state': 0, 'airspace-state': 0, 'data': {'page': 'emergency', 'action': 'trying to change destination to19'}}
INFO:root:1722971447.717196,ID:1014,STAGE:4,SEQUENCE:1432,DATA:{'time': 1722971447.71, 'source': 'VitalsTask', 'timer': 108.459, 'data': {'sensor': 'O\u2082 Saturation', 'action': 'capture', 'data': 'action button pressed'}}
INFO:root:1722971447.718198,ID:1014,STAGE:4,SEQUENCE:1432,DATA:{'time': 1722971447.71, 'source': 'VitalsTask', 'timer': 108.459, 'data': {'sensor': 'O\u2082 Saturation', 'action': 'capture', 'data': 'starting sensor action'}}
INFO:root:1722971448.723781,ID:1014,STAGE:4,SEQUENCE:1432,DATA:{'time': 1722971448.722, 'source': 'VitalsTask', 'timer': 109.471, 'data': {'sensor': 'O\u2082 Saturation', 'action': 'capture', 'data': 'sensor action complete'}}
INFO:root:1722971448.727679,ID:1014,STAGE:4,SEQUENCE:1432,DATA:{'time': 1722971448.723, 'source': 'VitalsTask', 'timer': 109.472, 'data': {'sensor': 'O\u2082 Saturation', 'action': 'keypad open'}}
INFO:root:1722971449.826573,ID:1014,STAGE:4,SEQUENCE:1432,DATA:{'time': 1722971449.824, 'source': 'VitalsTask', 'timer': 110.573, 'data': {'sensor': 'O\u2082 Saturation', 'action': 'keypad press', 'key': 1, 'value': 1}}
INFO:root:1722971450.943661,ID:1014,STAGE:4,SEQUENCE:1432,DATA:{'time': 1722971450.931, 'user-id': '1014', 'source': 'HAI Interface', 'destination-index': '3', 'study-stage': '4', 'decision-state': 0, 'vitals-state': 0, 'airspace-state': 0, 'data': {'page': 'emergency', 'action': 'trying to change destination to19'}}
INFO:root:1722971451.172504,ID:1014,STAGE:4,SEQUENCE:1432,DATA:{'time': 1722971451.17, 'source': 'VitalsTask', 'timer': 111.919, 'data': {'sensor': 'O\u2082 Saturation', 'action': 'keypad press', 'key': 11, 'value': 10}}
INFO:root:1722971452.076976,ID:1014,STAGE:4,SEQUENCE:1432,DATA:{'time': 1722971452.074, 'source': 'VitalsTask', 'timer': 112.823, 'data': {'sensor': 'O\u2082 Saturation', 'action': 'keypad press', 'key': 11, 'value': 100}}
INFO:root:1722971453.018452,ID:1014,STAGE:4,SEQUENCE:1432,DATA:{'time': 1722971453.016, 'source': 'VitalsTask', 'timer': 113.765, 'data': {'sensor': 'O\u2082 Saturation', 'action': 'show action buttons'}}
INFO:root:1722971453.020712,ID:1014,STAGE:4,SEQUENCE:1432,DATA:{'time': 1722971453.017, 'source': 'VitalsTask', 'timer': 113.766, 'data': {'sensor': 'O\u2082 Saturation', 'action': 'keypad press', 'key': 10, 'value': 100}}
INFO:root:1722971455.777249,ID:1014,STAGE:4,SEQUENCE:1432,DATA:{'time': 1722971455.775, 'source': 'VitalsTask', 'timer': 116.524, 'data': {'sensor': 'O\u2082 Saturation', 'action': 'log', 'data': 'action button pressed'}}
INFO:root:1722971455.780749,ID:1014,STAGE:4,SEQUENCE:1432,DATA:{'time': 1722971455.775, 'source': 'VitalsTask', 'timer': 116.524, 'data': {'sensor': 'O\u2082 Saturation', 'action': 'log', 'data': 'starting sensor action'}}
INFO:root:1722971455.986808,ID:1014,STAGE:4,SEQUENCE:1432,DATA:{'time': 1722971455.98, 'user-id': '1014', 'source': 'HAI Interface', 'destination-index': '3', 'study-stage': '4', 'decision-state': 0, 'vitals-state': 0, 'airspace-state': 0, 'data': {'page': 'emergency', 'action': 'trying to change destination to19'}}
INFO:root:1722971456.796138,ID:1014,STAGE:4,SEQUENCE:1432,DATA:{'time': 1722971456.793, 'source': 'VitalsTask', 'timer': 117.542, 'data': {'sensor': 'O\u2082 Saturation', 'action': 'log', 'data': 'sensor action complete'}}
INFO:root:1722971458.479429,ID:1014,STAGE:4,SEQUENCE:1432,DATA:{'time': 1722971458.478, 'source': 'VitalsTask', 'timer': 119.227, 'data': {'sensor': 'O\u2082 Saturation', 'action': 'save', 'data': 'action button pressed'}}
INFO:root:1722971458.485228,ID:1014,STAGE:4,SEQUENCE:1432,DATA:{'time': 1722971458.478, 'source': 'VitalsTask', 'timer': 119.227, 'data': {'sensor': 'O\u2082 Saturation', 'action': 'save', 'data': 'starting sensor action'}}
INFO:root:1722971459.49974,ID:1014,STAGE:4,SEQUENCE:1432,DATA:{'time': 1722971459.495, 'source': 'VitalsTask', 'timer': 120.244, 'data': {'sensor': 'O\u2082 Saturation', 'action': 'save', 'data': 'sensor action complete'}}
INFO:root:1722971460.302986,ID:1014,STAGE:4,SEQUENCE:1432,DATA:{'time': 1722971460.297, 'source': 'VitalsTask', 'timer': 121.046, 'data': {'sensor': 'Blood Pressure', 'action': 'opened sensor tab'}}
INFO:root:1722971460.913233,ID:1014,STAGE:4,SEQUENCE:1432,DATA:{'time': 1722971460.907, 'user-id': '1014', 'source': 'HAI Interface', 'destination-index': '3', 'study-stage': '4', 'decision-state': 0, 'vitals-state': 0, 'airspace-state': 0, 'data': {'page': 'emergency', 'action': 'trying to change destination to19'}}
INFO:root:1722971461.564999,ID:1014,STAGE:4,SEQUENCE:1432,DATA:{'time': 1722971461.562, 'source': 'VitalsTask', 'timer': 122.311, 'data': {'sensor': 'Blood Pressure', 'action': 'capture', 'data': 'action button pressed'}}
INFO:root:1722971461.566993,ID:1014,STAGE:4,SEQUENCE:1432,DATA:{'time': 1722971461.562, 'source': 'VitalsTask', 'timer': 122.311, 'data': {'sensor': 'Blood Pressure', 'action': 'capture', 'data': 'starting sensor action'}}
INFO:root:1722971462.582851,ID:1014,STAGE:4,SEQUENCE:1432,DATA:{'time': 1722971462.58, 'source': 'VitalsTask', 'timer': 123.329, 'data': {'sensor': 'Blood Pressure', 'action': 'capture', 'data': 'sensor action complete'}}
INFO:root:1722971462.585843,ID:1014,STAGE:4,SEQUENCE:1432,DATA:{'time': 1722971462.581, 'source': 'VitalsTask', 'timer': 123.33, 'data': {'sensor': 'Blood Pressure', 'action': 'keypad open'}}
INFO:root:1722971463.671971,ID:1014,STAGE:4,SEQUENCE:1432,DATA:{'time': 1722971463.67, 'source': 'VitalsTask', 'timer': 124.419, 'data': {'sensor': 'Blood Pressure', 'action': 'keypad press', 'key': 1, 'value': 1}}
INFO:root:1722971464.524106,ID:1014,STAGE:4,SEQUENCE:1432,DATA:{'time': 1722971464.52, 'user-id': '1014', 'source': 'HAI Interface', 'destination-index': '3', 'study-stage': '4', 'decision-state': 0, 'vitals-state': 0, 'airspace-state': 0, 'data': {'page': 'inflight', 'action': 'displaying vitals prompt'}}
INFO:root:1722971464.558692,ID:1014,STAGE:4,SEQUENCE:1432,DATA:{'time': 1722971464.556, 'source': 'VitalsTask', 'timer': 125.305, 'data': {'sensor': 'Blood Pressure', 'action': 'keypad press', 'key': 2, 'value': 12}}
INFO:root:1722971465.717268,ID:1014,STAGE:4,SEQUENCE:1432,DATA:{'time': 1722971465.716, 'source': 'VitalsTask', 'timer': 126.465, 'data': {'sensor': 'Blood Pressure', 'action': 'keypad press', 'key': 11, 'value': 120}}
INFO:root:1722971465.925397,ID:1014,STAGE:4,SEQUENCE:1432,DATA:{'time': 1722971465.919, 'user-id': '1014', 'source': 'HAI Interface', 'destination-index': '3', 'study-stage': '4', 'decision-state': 0, 'vitals-state': 0, 'airspace-state': 0, 'data': {'page': 'emergency', 'action': 'trying to change destination to19'}}
INFO:root:1722971466.631131,ID:1014,STAGE:4,SEQUENCE:1432,DATA:{'time': 1722971466.629, 'source': 'VitalsTask', 'timer': 127.378, 'data': {'sensor': 'Blood Pressure', 'action': 'keypad press', 'key': 8, 'value': 1208}}
INFO:root:1722971467.605902,ID:1014,STAGE:4,SEQUENCE:1432,DATA:{'time': 1722971467.603, 'source': 'VitalsTask', 'timer': 128.352, 'data': {'sensor': 'Blood Pressure', 'action': 'keypad press', 'key': 11, 'value': 12080}}
INFO:root:1722971468.676111,ID:1014,STAGE:4,SEQUENCE:1432,DATA:{'time': 1722971468.669, 'source': 'VitalsTask', 'timer': 129.418, 'data': {'sensor': 'Blood Pressure', 'action': 'show action buttons'}}
INFO:root:1722971468.678106,ID:1014,STAGE:4,SEQUENCE:1432,DATA:{'time': 1722971468.669, 'source': 'VitalsTask', 'timer': 129.418, 'data': {'sensor': 'Blood Pressure', 'action': 'keypad press', 'key': 10, 'value': 12080}}
INFO:root:1722971470.949914,ID:1014,STAGE:4,SEQUENCE:1432,DATA:{'time': 1722971470.939, 'user-id': '1014', 'source': 'HAI Interface', 'destination-index': '3', 'study-stage': '4', 'decision-state': 0, 'vitals-state': 0, 'airspace-state': 0, 'data': {'page': 'emergency', 'action': 'trying to change destination to19'}}
INFO:root:1722971471.869882,ID:1014,STAGE:4,SEQUENCE:1432,DATA:{'time': 1722971471.868, 'source': 'VitalsTask', 'timer': 132.617, 'data': {'sensor': 'Blood Pressure', 'action': 'log', 'data': 'action button pressed'}}
INFO:root:1722971471.87352,ID:1014,STAGE:4,SEQUENCE:1432,DATA:{'time': 1722971471.868, 'source': 'VitalsTask', 'timer': 132.617, 'data': {'sensor': 'Blood Pressure', 'action': 'log', 'data': 'starting sensor action'}}
INFO:root:1722971472.880901,ID:1014,STAGE:4,SEQUENCE:1432,DATA:{'time': 1722971472.879, 'source': 'VitalsTask', 'timer': 133.628, 'data': {'sensor': 'Blood Pressure', 'action': 'log', 'data': 'sensor action complete'}}
INFO:root:1722971473.594122,ID:1014,STAGE:4,SEQUENCE:1432,DATA:{'time': 1722971473.591, 'source': 'VitalsTask', 'timer': 134.34, 'data': {'sensor': 'Blood Pressure', 'action': 'save', 'data': 'action button pressed'}}
INFO:root:1722971473.596116,ID:1014,STAGE:4,SEQUENCE:1432,DATA:{'time': 1722971473.591, 'source': 'VitalsTask', 'timer': 134.34, 'data': {'sensor': 'Blood Pressure', 'action': 'save', 'data': 'starting sensor action'}}
INFO:root:1722971474.614684,ID:1014,STAGE:4,SEQUENCE:1432,DATA:{'time': 1722971474.612, 'source': 'VitalsTask', 'timer': 135.361, 'data': {'sensor': 'Blood Pressure', 'action': 'save', 'data': 'sensor action complete'}}
INFO:root:1722971475.893529,ID:1014,STAGE:4,SEQUENCE:1432,DATA:{'time': 1722971475.888, 'user-id': '1014', 'source': 'HAI Interface', 'destination-index': '3', 'study-stage': '4', 'decision-state': 0, 'vitals-state': 0, 'airspace-state': 0, 'data': {'page': 'emergency', 'action': 'trying to change destination to19'}}
INFO:root:1722971476.215529,ID:1014,STAGE:4,SEQUENCE:1432,DATA:{'time': 1722971476.199, 'source': 'VitalsTask', 'timer': 136.948, 'data': {'sensor': 'submit', 'action': 'submit'}}
INFO:root:1722971476.218522,ID:1014,STAGE:4,SEQUENCE:1432,DATA:{'time': 1722971476.201, 'source': 'VitalsTask', 'timer': 136.95, 'data': {'sensor': 'submit', 'action': 'submit', 'data': 'submit succeeded'}}
INFO:root:1722971477.134365,ID:1014,STAGE:4,SEQUENCE:1432,DATA:{'time': 1722971477.13, 'user-id': '1014', 'source': 'HAI Interface', 'destination-index': '3', 'study-stage': '4', 'decision-state': 0, 'vitals-state': 0, 'airspace-state': 0, 'data': {'page': 'inflight', 'action': 'user acknowledged vitals prompt'}}
INFO:root:1722971480.944528,ID:1014,STAGE:4,SEQUENCE:1432,DATA:{'time': 1722971480.934, 'user-id': '1014', 'source': 'HAI Interface', 'destination-index': '3', 'study-stage': '4', 'decision-state': 0, 'vitals-state': 0, 'airspace-state': 0, 'data': {'page': 'emergency', 'action': 'trying to change destination to19'}}
INFO:root:1722971485.898065,ID:1014,STAGE:4,SEQUENCE:1432,DATA:{'time': 1722971485.891, 'user-id': '1014', 'source': 'HAI Interface', 'destination-index': '3', 'study-stage': '4', 'decision-state': 0, 'vitals-state': 0, 'airspace-state': 0, 'data': {'page': 'emergency', 'action': 'trying to change destination to19'}}
INFO:root:1722971490.960588,ID:1014,STAGE:4,SEQUENCE:1432,DATA:{'time': 1722971490.952, 'user-id': '1014', 'source': 'HAI Interface', 'destination-index': '3', 'study-stage': '4', 'decision-state': 0, 'vitals-state': 0, 'airspace-state': 0, 'data': {'page': 'emergency', 'action': 'trying to change destination to19'}}
INFO:root:1722971495.978976,ID:1014,STAGE:4,SEQUENCE:1432,DATA:{'time': 1722971495.975, 'user-id': '1014', 'source': 'HAI Interface', 'destination-index': '3', 'study-stage': '4', 'decision-state': 0, 'vitals-state': 0, 'airspace-state': 0, 'data': {'page': 'emergency', 'action': 'trying to change destination to19'}}
INFO:SimConnect.SimConnect:SIM OPEN
INFO:root:1722971500.921592,ID:1014,STAGE:4,SEQUENCE:1432,DATA:{'time': 1722971500.915, 'user-id': '1014', 'source': 'HAI Interface', 'destination-index': '3', 'study-stage': '4', 'decision-state': 0, 'vitals-state': 0, 'airspace-state': 0, 'data': {'page': 'emergency', 'action': 'trying to change destination to19'}}
INFO:root:1722971505.896323,ID:1014,STAGE:4,SEQUENCE:1432,DATA:{'time': 1722971505.89, 'user-id': '1014', 'source': 'HAI Interface', 'destination-index': '3', 'study-stage': '4', 'decision-state': 0, 'vitals-state': 0, 'airspace-state': 0, 'data': {'page': 'emergency', 'action': 'trying to change destination to19'}}
INFO:root:1722971510.935901,ID:1014,STAGE:4,SEQUENCE:1432,DATA:{'time': 1722971510.93, 'user-id': '1014', 'source': 'HAI Interface', 'destination-index': '3', 'study-stage': '4', 'decision-state': 0, 'vitals-state': 0, 'airspace-state': 0, 'data': {'page': 'emergency', 'action': 'trying to change destination to19'}}
INFO:root:1722971515.948812,ID:1014,STAGE:4,SEQUENCE:1432,DATA:{'time': 1722971515.942, 'user-id': '1014', 'source': 'HAI Interface', 'destination-index': '3', 'study-stage': '4', 'decision-state': 0, 'vitals-state': 0, 'airspace-state': 0, 'data': {'page': 'emergency', 'action': 'trying to change destination to19'}}
INFO:root:Inflight Radio Update asked
INFO:root:sent request to set radio update complete
INFO:root:1722971519.844836,ID:1014,STAGE:4,SEQUENCE:1432,DATA:{'time': 1722971519.84, 'user-id': '1014', 'source': 'HAI Interface', 'destination-index': '3', 'study-stage': '4', 'decision-state': 0, 'vitals-state': 0, 'airspace-state': 0, 'data': {'action': 'transmit button pressed'}}
INFO:root:1722971519.849823,ID:1014,STAGE:4,SEQUENCE:1432,DATA:{'time': 1722971519.841, 'user-id': '1014', 'source': 'HAI Interface', 'destination-index': '3', 'study-stage': '4', 'decision-state': 0, 'vitals-state': 0, 'airspace-state': 0, 'data': {'action': 'callsign set to: + NASXGS'}}
INFO:root:1722971519.850822,ID:1014,STAGE:4,SEQUENCE:1432,DATA:{'time': 1722971519.841, 'user-id': '1014', 'source': 'HAI Interface', 'destination-index': '3', 'study-stage': '4', 'decision-state': 0, 'vitals-state': 0, 'airspace-state': 0, 'data': {'action': 'radio set to:Comm1'}}
INFO:root:1722971519.85258,ID:1014,STAGE:4,SEQUENCE:1432,DATA:{'time': 1722971519.841, 'user-id': '1014', 'source': 'HAI Interface', 'destination-index': '3', 'study-stage': '4', 'decision-state': 0, 'vitals-state': 0, 'airspace-state': 0, 'data': {'page': 'map', 'action': 'show map'}}
INFO:root:1722971519.853583,ID:1014,STAGE:4,SEQUENCE:1432,DATA:{'time': 1722971519.842, 'user-id': '1014', 'source': 'HAI Interface', 'destination-index': '3', 'study-stage': '4', 'decision-state': 0, 'vitals-state': 0, 'airspace-state': 0, 'data': {'page': 'map', 'action': 'selected helipad', 'value': '21'}}
INFO:root:1722971519.857085,ID:1014,STAGE:4,SEQUENCE:1432,DATA:{'time': 1722971519.847, 'user-id': '1014', 'source': 'HAI Interface', 'destination-index': '3', 'study-stage': '4', 'decision-state': 0, 'vitals-state': 0, 'airspace-state': 0, 'data': {'action': 'NASXGStransmitting updates onComm1123.45 MHz'}}
INFO:root:1722971520.945232,ID:1014,STAGE:4,SEQUENCE:1432,DATA:{'time': 1722971520.939, 'user-id': '1014', 'source': 'HAI Interface', 'destination-index': '3', 'study-stage': '4', 'decision-state': 0, 'vitals-state': 0, 'airspace-state': 0, 'data': {'page': 'emergency', 'action': 'trying to change destination to19'}}
INFO:root:1722971525.943665,ID:1014,STAGE:4,SEQUENCE:1432,DATA:{'time': 1722971525.935, 'user-id': '1014', 'source': 'HAI Interface', 'destination-index': '3', 'study-stage': '4', 'decision-state': 0, 'vitals-state': 0, 'airspace-state': 0, 'data': {'page': 'emergency', 'action': 'trying to change destination to19'}}
INFO:root:1722971530.99165,ID:1014,STAGE:4,SEQUENCE:1432,DATA:{'time': 1722971530.985, 'user-id': '1014', 'source': 'HAI Interface', 'destination-index': '3', 'study-stage': '4', 'decision-state': 0, 'vitals-state': 0, 'airspace-state': 0, 'data': {'page': 'emergency', 'action': 'trying to change destination to19'}}
INFO:root:1722971533.133264,ID:1014,STAGE:4,SEQUENCE:1432,DATA:{'time': 1722971533.128, 'user-id': '1014', 'source': 'HAI Interface', 'destination-index': '3', 'study-stage': '4', 'decision-state': 0, 'vitals-state': 0, 'airspace-state': 0, 'data': {'page': 'map', 'action': 'hide map'}}
INFO:root:1722971535.98625,ID:1014,STAGE:4,SEQUENCE:1432,DATA:{'time': 1722971535.981, 'user-id': '1014', 'source': 'HAI Interface', 'destination-index': '3', 'study-stage': '4', 'decision-state': 0, 'vitals-state': 0, 'airspace-state': 0, 'data': {'page': 'emergency', 'action': 'trying to change destination to19'}}
INFO:root:1722971537.514787,ID:1014,STAGE:4,SEQUENCE:1432,DATA:{'time': 1722971537.511, 'source': 'VitalsTask', 'timer': 61.309, 'data': {'sensor': 'Heart Rate', 'action': 'opened sensor tab'}}
INFO:root:1722971539.032816,ID:1014,STAGE:4,SEQUENCE:1432,DATA:{'time': 1722971539.029, 'source': 'VitalsTask', 'timer': 62.827, 'data': {'sensor': 'Heart Rate', 'action': 'capture', 'data': 'action button pressed'}}
INFO:root:1722971539.034811,ID:1014,STAGE:4,SEQUENCE:1432,DATA:{'time': 1722971539.03, 'source': 'VitalsTask', 'timer': 62.828, 'data': {'sensor': 'Heart Rate', 'action': 'capture', 'data': 'starting sensor action'}}
INFO:root:1722971540.048181,ID:1014,STAGE:4,SEQUENCE:1432,DATA:{'time': 1722971540.046, 'source': 'VitalsTask', 'timer': 63.844, 'data': {'sensor': 'Heart Rate', 'action': 'capture', 'data': 'sensor action complete'}}
INFO:root:1722971540.050175,ID:1014,STAGE:4,SEQUENCE:1432,DATA:{'time': 1722971540.046, 'source': 'VitalsTask', 'timer': 63.844, 'data': {'sensor': 'Heart Rate', 'action': 'keypad open'}}
INFO:root:1722971540.994256,ID:1014,STAGE:4,SEQUENCE:1432,DATA:{'time': 1722971540.989, 'user-id': '1014', 'source': 'HAI Interface', 'destination-index': '3', 'study-stage': '4', 'decision-state': 0, 'vitals-state': 0, 'airspace-state': 0, 'data': {'page': 'emergency', 'action': 'trying to change destination to19'}}
INFO:root:1722971541.377048,ID:1014,STAGE:4,SEQUENCE:1432,DATA:{'time': 1722971541.373, 'source': 'VitalsTask', 'timer': 65.171, 'data': {'sensor': 'Heart Rate', 'action': 'keypad press', 'key': 5, 'value': 5}}
INFO:root:1722971541.682372,ID:1014,STAGE:4,SEQUENCE:1432,DATA:{'time': 1722971541.68, 'source': 'VitalsTask', 'timer': 65.478, 'data': {'sensor': 'Heart Rate', 'action': 'keypad press', 'key': 5, 'value': 55}}
INFO:root:1722971542.826239,ID:1014,STAGE:4,SEQUENCE:1432,DATA:{'time': 1722971542.823, 'source': 'VitalsTask', 'timer': 66.621, 'data': {'sensor': 'Heart Rate', 'action': 'show action buttons'}}
INFO:root:1722971542.828681,ID:1014,STAGE:4,SEQUENCE:1432,DATA:{'time': 1722971542.824, 'source': 'VitalsTask', 'timer': 66.622, 'data': {'sensor': 'Heart Rate', 'action': 'keypad press', 'key': 10, 'value': 55}}
INFO:root:1722971544.398741,ID:1014,STAGE:4,SEQUENCE:1432,DATA:{'time': 1722971544.386, 'source': 'VitalsTask', 'timer': 68.184, 'data': {'sensor': 'Heart Rate', 'action': 'log', 'data': 'action button pressed'}}
INFO:root:1722971544.405801,ID:1014,STAGE:4,SEQUENCE:1432,DATA:{'time': 1722971544.386, 'source': 'VitalsTask', 'timer': 68.184, 'data': {'sensor': 'Heart Rate', 'action': 'log', 'data': 'starting sensor action'}}
INFO:root:1722971545.398294,ID:1014,STAGE:4,SEQUENCE:1432,DATA:{'time': 1722971545.396, 'source': 'VitalsTask', 'timer': 69.194, 'data': {'sensor': 'Heart Rate', 'action': 'log', 'data': 'sensor action complete'}}
INFO:root:1722971545.9764,ID:1014,STAGE:4,SEQUENCE:1432,DATA:{'time': 1722971545.969, 'user-id': '1014', 'source': 'HAI Interface', 'destination-index': '3', 'study-stage': '4', 'decision-state': 0, 'vitals-state': 0, 'airspace-state': 0, 'data': {'page': 'emergency', 'action': 'trying to change destination to19'}}
INFO:root:1722971546.429004,ID:1014,STAGE:4,SEQUENCE:1432,DATA:{'time': 1722971546.425, 'source': 'VitalsTask', 'timer': 70.223, 'data': {'sensor': 'Heart Rate', 'action': 'save', 'data': 'action button pressed'}}
INFO:root:1722971546.432112,ID:1014,STAGE:4,SEQUENCE:1432,DATA:{'time': 1722971546.425, 'source': 'VitalsTask', 'timer': 70.223, 'data': {'sensor': 'Heart Rate', 'action': 'save', 'data': 'starting sensor action'}}
INFO:root:1722971547.449647,ID:1014,STAGE:4,SEQUENCE:1432,DATA:{'time': 1722971547.446, 'source': 'VitalsTask', 'timer': 71.244, 'data': {'sensor': 'Heart Rate', 'action': 'save', 'data': 'sensor action complete'}}
INFO:root:1722971548.274131,ID:1014,STAGE:4,SEQUENCE:1432,DATA:{'time': 1722971548.272, 'source': 'VitalsTask', 'timer': 72.07, 'data': {'sensor': 'O\u2082 Saturation', 'action': 'opened sensor tab'}}
INFO:root:1722971550.07051,ID:1014,STAGE:4,SEQUENCE:1432,DATA:{'time': 1722971550.068, 'source': 'VitalsTask', 'timer': 73.866, 'data': {'sensor': 'O\u2082 Saturation', 'action': 'capture', 'data': 'action button pressed'}}
INFO:root:1722971550.076514,ID:1014,STAGE:4,SEQUENCE:1432,DATA:{'time': 1722971550.068, 'source': 'VitalsTask', 'timer': 73.866, 'data': {'sensor': 'O\u2082 Saturation', 'action': 'capture', 'data': 'starting sensor action'}}
INFO:root:1722971550.978665,ID:1014,STAGE:4,SEQUENCE:1432,DATA:{'time': 1722971550.972, 'user-id': '1014', 'source': 'HAI Interface', 'destination-index': '3', 'study-stage': '4', 'decision-state': 0, 'vitals-state': 0, 'airspace-state': 0, 'data': {'page': 'emergency', 'action': 'trying to change destination to19'}}
INFO:root:1722971551.090574,ID:1014,STAGE:4,SEQUENCE:1432,DATA:{'time': 1722971551.086, 'source': 'VitalsTask', 'timer': 74.884, 'data': {'sensor': 'O\u2082 Saturation', 'action': 'capture', 'data': 'sensor action complete'}}
INFO:root:1722971551.093081,ID:1014,STAGE:4,SEQUENCE:1432,DATA:{'time': 1722971551.086, 'source': 'VitalsTask', 'timer': 74.884, 'data': {'sensor': 'O\u2082 Saturation', 'action': 'keypad open'}}
INFO:root:1722971552.221975,ID:1014,STAGE:4,SEQUENCE:1432,DATA:{'time': 1722971552.219, 'source': 'VitalsTask', 'timer': 76.017, 'data': {'sensor': 'O\u2082 Saturation', 'action': 'keypad press', 'key': 1, 'value': 1}}
INFO:root:1722971553.457559,ID:1014,STAGE:4,SEQUENCE:1432,DATA:{'time': 1722971553.451, 'source': 'VitalsTask', 'timer': 77.249, 'data': {'sensor': 'O\u2082 Saturation', 'action': 'keypad press', 'key': 11, 'value': 10}}
INFO:root:1722971554.218565,ID:1014,STAGE:4,SEQUENCE:1432,DATA:{'time': 1722971554.217, 'source': 'VitalsTask', 'timer': 78.015, 'data': {'sensor': 'O\u2082 Saturation', 'action': 'keypad press', 'key': 11, 'value': 100}}
INFO:root:1722971554.525509,ID:1014,STAGE:4,SEQUENCE:1432,DATA:{'time': 1722971554.523, 'source': 'VitalsTask', 'timer': 78.321, 'data': {'sensor': 'O\u2082 Saturation', 'action': 'keypad press', 'key': 11, 'value': 1000}}
INFO:root:1722971555.997238,ID:1014,STAGE:4,SEQUENCE:1432,DATA:{'time': 1722971555.991, 'user-id': '1014', 'source': 'HAI Interface', 'destination-index': '3', 'study-stage': '4', 'decision-state': 0, 'vitals-state': 0, 'airspace-state': 0, 'data': {'page': 'emergency', 'action': 'trying to change destination to19'}}
INFO:SimConnect.SimConnect:SIM OPEN
INFO:SimConnect.SimConnect:SIM OPEN
INFO:root:1722971556.848269,ID:1014,STAGE:4,SEQUENCE:1432,DATA:{'time': 1722971556.845, 'source': 'VitalsTask', 'timer': 80.643, 'data': {'sensor': 'O\u2082 Saturation', 'action': 'keypad press', 'key': 12, 'value': 100}}
INFO:root:1722971558.26398,ID:1014,STAGE:4,SEQUENCE:1432,DATA:{'time': 1722971558.261, 'source': 'VitalsTask', 'timer': 82.059, 'data': {'sensor': 'O\u2082 Saturation', 'action': 'show action buttons'}}
INFO:root:1722971558.26598,ID:1014,STAGE:4,SEQUENCE:1432,DATA:{'time': 1722971558.262, 'source': 'VitalsTask', 'timer': 82.06, 'data': {'sensor': 'O\u2082 Saturation', 'action': 'keypad press', 'key': 10, 'value': 100}}
INFO:root:1722971559.871965,ID:1014,STAGE:4,SEQUENCE:1432,DATA:{'time': 1722971559.867, 'source': 'VitalsTask', 'timer': 83.665, 'data': {'sensor': 'O\u2082 Saturation', 'action': 'log', 'data': 'action button pressed'}}
INFO:root:1722971559.875954,ID:1014,STAGE:4,SEQUENCE:1432,DATA:{'time': 1722971559.867, 'source': 'VitalsTask', 'timer': 83.665, 'data': {'sensor': 'O\u2082 Saturation', 'action': 'log', 'data': 'starting sensor action'}}
INFO:root:1722971560.885606,ID:1014,STAGE:4,SEQUENCE:1432,DATA:{'time': 1722971560.882, 'source': 'VitalsTask', 'timer': 84.68, 'data': {'sensor': 'O\u2082 Saturation', 'action': 'log', 'data': 'sensor action complete'}}
INFO:root:1722971560.984083,ID:1014,STAGE:4,SEQUENCE:1432,DATA:{'time': 1722971560.978, 'user-id': '1014', 'source': 'HAI Interface', 'destination-index': '3', 'study-stage': '4', 'decision-state': 0, 'vitals-state': 0, 'airspace-state': 0, 'data': {'page': 'emergency', 'action': 'trying to change destination to19'}}
INFO:root:1722971561.592051,ID:1014,STAGE:4,SEQUENCE:1432,DATA:{'time': 1722971561.589, 'source': 'VitalsTask', 'timer': 85.387, 'data': {'sensor': 'O\u2082 Saturation', 'action': 'save', 'data': 'action button pressed'}}
INFO:root:1722971561.594051,ID:1014,STAGE:4,SEQUENCE:1432,DATA:{'time': 1722971561.589, 'source': 'VitalsTask', 'timer': 85.387, 'data': {'sensor': 'O\u2082 Saturation', 'action': 'save', 'data': 'starting sensor action'}}
INFO:root:1722971562.520982,ID:1014,STAGE:4,SEQUENCE:1432,DATA:{'time': 1722971562.516, 'user-id': '1014', 'source': 'HAI Interface', 'destination-index': '3', 'study-stage': '4', 'decision-state': 0, 'vitals-state': 0, 'airspace-state': 0, 'data': {'page': 'inflight', 'action': 'displaying vitals prompt'}}
INFO:root:1722971562.613272,ID:1014,STAGE:4,SEQUENCE:1432,DATA:{'time': 1722971562.6, 'source': 'VitalsTask', 'timer': 86.398, 'data': {'sensor': 'O\u2082 Saturation', 'action': 'save', 'data': 'sensor action complete'}}
INFO:root:1722971563.357672,ID:1014,STAGE:4,SEQUENCE:1432,DATA:{'time': 1722971563.353, 'source': 'VitalsTask', 'timer': 87.151, 'data': {'sensor': 'Blood Pressure', 'action': 'opened sensor tab'}}
INFO:root:1722971565.321988,ID:1014,STAGE:4,SEQUENCE:1432,DATA:{'time': 1722971565.319, 'source': 'VitalsTask', 'timer': 89.117, 'data': {'sensor': 'Blood Pressure', 'action': 'capture', 'data': 'action button pressed'}}
INFO:root:1722971565.323988,ID:1014,STAGE:4,SEQUENCE:1432,DATA:{'time': 1722971565.32, 'source': 'VitalsTask', 'timer': 89.118, 'data': {'sensor': 'Blood Pressure', 'action': 'capture', 'data': 'starting sensor action'}}
INFO:root:1722971565.993632,ID:1014,STAGE:4,SEQUENCE:1432,DATA:{'time': 1722971565.984, 'user-id': '1014', 'source': 'HAI Interface', 'destination-index': '3', 'study-stage': '4', 'decision-state': 0, 'vitals-state': 0, 'airspace-state': 0, 'data': {'page': 'emergency', 'action': 'trying to change destination to19'}}
INFO:root:1722971566.335825,ID:1014,STAGE:4,SEQUENCE:1432,DATA:{'time': 1722971566.333, 'source': 'VitalsTask', 'timer': 90.131, 'data': {'sensor': 'Blood Pressure', 'action': 'capture', 'data': 'sensor action complete'}}
INFO:root:1722971566.338614,ID:1014,STAGE:4,SEQUENCE:1432,DATA:{'time': 1722971566.334, 'source': 'VitalsTask', 'timer': 90.132, 'data': {'sensor': 'Blood Pressure', 'action': 'keypad open'}}
INFO:root:1722971567.150487,ID:1014,STAGE:4,SEQUENCE:1432,DATA:{'time': 1722971567.146, 'user-id': '1014', 'source': 'HAI Interface', 'destination-index': '3', 'study-stage': '4', 'decision-state': 0, 'vitals-state': 0, 'airspace-state': 0, 'data': {'page': 'inflight', 'action': 'user acknowledged vitals prompt'}}
INFO:root:1722971569.002426,ID:1014,STAGE:4,SEQUENCE:1432,DATA:{'time': 1722971568.998, 'source': 'VitalsTask', 'timer': 92.796, 'data': {'sensor': 'Blood Pressure', 'action': 'keypad press', 'key': 1, 'value': 1}}
INFO:root:1722971570.307926,ID:1014,STAGE:4,SEQUENCE:1432,DATA:{'time': 1722971570.305, 'source': 'VitalsTask', 'timer': 94.103, 'data': {'sensor': 'Blood Pressure', 'action': 'keypad press', 'key': 2, 'value': 12}}
INFO:root:1722971570.971969,ID:1014,STAGE:4,SEQUENCE:1432,DATA:{'time': 1722971570.964, 'user-id': '1014', 'source': 'HAI Interface', 'destination-index': '3', 'study-stage': '4', 'decision-state': 0, 'vitals-state': 0, 'airspace-state': 0, 'data': {'page': 'emergency', 'action': 'trying to change destination to19'}}
INFO:root:1722971571.3717,ID:1014,STAGE:4,SEQUENCE:1432,DATA:{'time': 1722971571.369, 'source': 'VitalsTask', 'timer': 95.167, 'data': {'sensor': 'Blood Pressure', 'action': 'keypad press', 'key': 11, 'value': 120}}
INFO:root:1722971572.681134,ID:1014,STAGE:4,SEQUENCE:1432,DATA:{'time': 1722971572.677, 'source': 'VitalsTask', 'timer': 96.475, 'data': {'sensor': 'Blood Pressure', 'action': 'keypad press', 'key': 8, 'value': 1208}}
INFO:root:1722971574.292494,ID:1014,STAGE:4,SEQUENCE:1432,DATA:{'time': 1722971574.289, 'source': 'VitalsTask', 'timer': 98.087, 'data': {'sensor': 'Blood Pressure', 'action': 'keypad press', 'key': 11, 'value': 12080}}
INFO:root:1722971575.387334,ID:1014,STAGE:4,SEQUENCE:1432,DATA:{'time': 1722971575.385, 'source': 'VitalsTask', 'timer': 99.183, 'data': {'sensor': 'Blood Pressure', 'action': 'show action buttons'}}
INFO:root:1722971575.390837,ID:1014,STAGE:4,SEQUENCE:1432,DATA:{'time': 1722971575.385, 'source': 'VitalsTask', 'timer': 99.183, 'data': {'sensor': 'Blood Pressure', 'action': 'keypad press', 'key': 10, 'value': 12080}}
INFO:root:1722971575.972078,ID:1014,STAGE:4,SEQUENCE:1432,DATA:{'time': 1722971575.963, 'user-id': '1014', 'source': 'HAI Interface', 'destination-index': '3', 'study-stage': '4', 'decision-state': 0, 'vitals-state': 0, 'airspace-state': 0, 'data': {'page': 'emergency', 'action': 'trying to change destination to19'}}
INFO:root:1722971576.671146,ID:1014,STAGE:4,SEQUENCE:1432,DATA:{'time': 1722971576.667, 'source': 'VitalsTask', 'timer': 100.465, 'data': {'sensor': 'Blood Pressure', 'action': 'log', 'data': 'action button pressed'}}
INFO:root:1722971576.673146,ID:1014,STAGE:4,SEQUENCE:1432,DATA:{'time': 1722971576.668, 'source': 'VitalsTask', 'timer': 100.466, 'data': {'sensor': 'Blood Pressure', 'action': 'log', 'data': 'starting sensor action'}}
INFO:root:1722971577.689318,ID:1014,STAGE:4,SEQUENCE:1432,DATA:{'time': 1722971577.686, 'source': 'VitalsTask', 'timer': 101.484, 'data': {'sensor': 'Blood Pressure', 'action': 'log', 'data': 'sensor action complete'}}
INFO:root:1722971577.768398,ID:1014,STAGE:4,SEQUENCE:1432,DATA:{'time': 1722971577.765, 'source': 'VitalsTask', 'timer': 101.563, 'data': {'sensor': 'Blood Pressure', 'action': 'save', 'data': 'action button pressed'}}
INFO:root:1722971577.770392,ID:1014,STAGE:4,SEQUENCE:1432,DATA:{'time': 1722971577.766, 'source': 'VitalsTask', 'timer': 101.564, 'data': {'sensor': 'Blood Pressure', 'action': 'save', 'data': 'starting sensor action'}}
INFO:root:1722971578.327173,ID:1014,STAGE:4,SEQUENCE:1432,DATA:{'time': 1722971578.325, 'source': 'VitalsTask', 'timer': 102.123, 'data': {'sensor': 'Blood Pressure', 'action': 'save', 'data': 'action button pressed'}}
INFO:root:1722971578.331164,ID:1014,STAGE:4,SEQUENCE:1432,DATA:{'time': 1722971578.326, 'source': 'VitalsTask', 'timer': 102.124, 'data': {'sensor': 'Blood Pressure', 'action': 'save', 'data': 'a sensor action is in progress, cancelling'}}
INFO:root:1722971578.782274,ID:1014,STAGE:4,SEQUENCE:1432,DATA:{'time': 1722971578.781, 'source': 'VitalsTask', 'timer': 102.579, 'data': {'sensor': 'Blood Pressure', 'action': 'save', 'data': 'sensor action complete'}}
INFO:root:1722971580.150494,ID:1014,STAGE:4,SEQUENCE:1432,DATA:{'time': 1722971580.147, 'source': 'VitalsTask', 'timer': 103.945, 'data': {'sensor': 'submit', 'action': 'submit'}}
INFO:root:1722971580.152937,ID:1014,STAGE:4,SEQUENCE:1432,DATA:{'time': 1722971580.148, 'source': 'VitalsTask', 'timer': 103.946, 'data': {'sensor': 'submit', 'action': 'submit', 'data': 'submit succeeded'}}
INFO:root:1722971580.956843,ID:1014,STAGE:4,SEQUENCE:1432,DATA:{'time': 1722971580.95, 'user-id': '1014', 'source': 'HAI Interface', 'destination-index': '3', 'study-stage': '4', 'decision-state': 0, 'vitals-state': 0, 'airspace-state': 0, 'data': {'page': 'emergency', 'action': 'trying to change destination to19'}}
INFO:root:1722971586.496857,ID:1014,STAGE:4,SEQUENCE:1432,DATA:{'time': 1722971586.489, 'user-id': '1014', 'source': 'HAI Interface', 'destination-index': '3', 'study-stage': '4', 'decision-state': 0, 'vitals-state': 0, 'airspace-state': 0, 'data': {'page': 'emergency', 'action': 'trying to change destination to19'}}
INFO:root:1722971590.950736,ID:1014,STAGE:4,SEQUENCE:1432,DATA:{'time': 1722971590.945, 'user-id': '1014', 'source': 'HAI Interface', 'destination-index': '3', 'study-stage': '4', 'decision-state': 0, 'vitals-state': 0, 'airspace-state': 0, 'data': {'page': 'emergency', 'action': 'trying to change destination to19'}}
INFO:root:1722971590.952248,ID:1014,STAGE:4,SEQUENCE:1432,DATA:{'time': 1722971590.945, 'user-id': '1014', 'source': 'HAI Interface', 'destination-index': '3', 'study-stage': '4', 'decision-state': 0, 'vitals-state': 0, 'airspace-state': 0, 'data': {'page': 'emergency', 'action': 'show Pressure Miscalibrated Warning, hide map'}}
INFO:root:1722971590.956781,ID:1014,STAGE:4,SEQUENCE:1432,DATA:{'time': 1722971590.946, 'user-id': '1014', 'source': 'HAI Interface', 'destination-index': '3', 'study-stage': '4', 'decision-state': 0, 'vitals-state': 0, 'airspace-state': 0, 'data': {'page': 'map', 'action': 'hide map'}}
INFO:root:1722971590.968788,ID:1014,STAGE:4,SEQUENCE:1432,DATA:{'time': 1722971590.947, 'user-id': '1014', 'source': 'HAI Interface', 'destination-index': '3', 'study-stage': '4', 'decision-state': 0, 'vitals-state': 0, 'airspace-state': 0, 'data': {'page': 'Inflight', 'action': 'Pressure Warning alert activated'}}
INFO:root:1722971592.822336,ID:1014,STAGE:4,SEQUENCE:1432,DATA:{'time': 1722971592.816, 'user-id': '1014', 'source': 'HAI Interface', 'destination-index': '3', 'study-stage': '4', 'decision-state': 0, 'vitals-state': 0, 'airspace-state': 0, 'data': {'page': 'Inflight', 'action': 'Pressure Warning- show info button pressed'}}
INFO:root:1722971595.947007,ID:1014,STAGE:4,SEQUENCE:1432,DATA:{'time': 1722971595.94, 'user-id': '1014', 'source': 'HAI Interface', 'destination-index': '3', 'study-stage': '4', 'decision-state': 0, 'vitals-state': 0, 'airspace-state': 0, 'data': {'page': 'emergency', 'action': 'trying to change destination to19'}}
INFO:root:1722971595.948004,ID:1014,STAGE:4,SEQUENCE:1432,DATA:{'time': 1722971595.941, 'user-id': '1014', 'source': 'HAI Interface', 'destination-index': '3', 'study-stage': '4', 'decision-state': 0, 'vitals-state': 0, 'airspace-state': 0, 'data': {'page': 'emergency', 'action': 'show Pressure Miscalibrated Warning, hide map'}}
INFO:root:1722971595.952032,ID:1014,STAGE:4,SEQUENCE:1432,DATA:{'time': 1722971595.942, 'user-id': '1014', 'source': 'HAI Interface', 'destination-index': '3', 'study-stage': '4', 'decision-state': 0, 'vitals-state': 0, 'airspace-state': 0, 'data': {'page': 'map', 'action': 'hide map'}}
INFO:root:1722971595.959659,ID:1014,STAGE:4,SEQUENCE:1432,DATA:{'time': 1722971595.943, 'user-id': '1014', 'source': 'HAI Interface', 'destination-index': '3', 'study-stage': '4', 'decision-state': 0, 'vitals-state': 0, 'airspace-state': 0, 'data': {'page': 'Inflight', 'action': 'Pressure Warning alert activated'}}
INFO:root:1722971600.957707,ID:1014,STAGE:4,SEQUENCE:1432,DATA:{'time': 1722971600.948, 'user-id': '1014', 'source': 'HAI Interface', 'destination-index': '3', 'study-stage': '4', 'decision-state': 0, 'vitals-state': 0, 'airspace-state': 0, 'data': {'page': 'emergency', 'action': 'trying to change destination to19'}}
INFO:root:1722971600.958703,ID:1014,STAGE:4,SEQUENCE:1432,DATA:{'time': 1722971600.948, 'user-id': '1014', 'source': 'HAI Interface', 'destination-index': '3', 'study-stage': '4', 'decision-state': 0, 'vitals-state': 0, 'airspace-state': 0, 'data': {'page': 'emergency', 'action': 'show Pressure Miscalibrated Warning, hide map'}}
INFO:root:1722971600.960697,ID:1014,STAGE:4,SEQUENCE:1432,DATA:{'time': 1722971600.949, 'user-id': '1014', 'source': 'HAI Interface', 'destination-index': '3', 'study-stage': '4', 'decision-state': 0, 'vitals-state': 0, 'airspace-state': 0, 'data': {'page': 'map', 'action': 'hide map'}}
INFO:root:1722971600.963689,ID:1014,STAGE:4,SEQUENCE:1432,DATA:{'time': 1722971600.95, 'user-id': '1014', 'source': 'HAI Interface', 'destination-index': '3', 'study-stage': '4', 'decision-state': 0, 'vitals-state': 0, 'airspace-state': 0, 'data': {'page': 'Inflight', 'action': 'Pressure Warning alert activated'}}
INFO:root:1722971605.943537,ID:1014,STAGE:4,SEQUENCE:1432,DATA:{'time': 1722971605.935, 'user-id': '1014', 'source': 'HAI Interface', 'destination-index': '3', 'study-stage': '4', 'decision-state': 0, 'vitals-state': 0, 'airspace-state': 0, 'data': {'page': 'emergency', 'action': 'trying to change destination to19'}}
INFO:root:1722971605.953052,ID:1014,STAGE:4,SEQUENCE:1432,DATA:{'time': 1722971605.935, 'user-id': '1014', 'source': 'HAI Interface', 'destination-index': '3', 'study-stage': '4', 'decision-state': 0, 'vitals-state': 0, 'airspace-state': 0, 'data': {'page': 'emergency', 'action': 'show Pressure Miscalibrated Warning, hide map'}}
INFO:root:1722971605.957042,ID:1014,STAGE:4,SEQUENCE:1432,DATA:{'time': 1722971605.936, 'user-id': '1014', 'source': 'HAI Interface', 'destination-index': '3', 'study-stage': '4', 'decision-state': 0, 'vitals-state': 0, 'airspace-state': 0, 'data': {'page': 'map', 'action': 'hide map'}}
INFO:root:1722971605.964023,ID:1014,STAGE:4,SEQUENCE:1432,DATA:{'time': 1722971605.936, 'user-id': '1014', 'source': 'HAI Interface', 'destination-index': '3', 'study-stage': '4', 'decision-state': 0, 'vitals-state': 0, 'airspace-state': 0, 'data': {'page': 'Inflight', 'action': 'Pressure Warning alert activated'}}
INFO:root:1722971608.342042,ID:1014,STAGE:4,SEQUENCE:1432,DATA:{'time': 1722971608.332, 'user-id': '1014', 'source': 'HAI Interface', 'destination-index': '3', 'study-stage': '4', 'decision-state': 0, 'vitals-state': 0, 'airspace-state': 0, 'data': {'page': 'Inflight', 'action': 'Pressure Warning- submit button pressed with pressure value as:75'}}
INFO:root:1722971608.348585,ID:1014,STAGE:4,SEQUENCE:1432,DATA:{'time': 1722971608.333, 'user-id': '1014', 'source': 'HAI Interface', 'destination-index': '3', 'study-stage': '4', 'decision-state': 0, 'vitals-state': 0, 'airspace-state': 0, 'data': {'page': 'Inflight', 'action': 'Pressure Warning- alert explaination'}}
INFO:root:1722971610.167595,ID:1014,STAGE:4,SEQUENCE:1432,DATA:{'time': 1722971610.163, 'user-id': '1014', 'source': 'HAI Interface', 'destination-index': '3', 'study-stage': '4', 'decision-state': 0, 'vitals-state': 0, 'airspace-state': 0, 'data': {'page': 'Inflight', 'action': 'Pressure Warning alert close button pressed'}}
INFO:root:1722971610.937534,ID:1014,STAGE:4,SEQUENCE:1432,DATA:{'time': 1722971610.93, 'user-id': '1014', 'source': 'HAI Interface', 'destination-index': '3', 'study-stage': '4', 'decision-state': 0, 'vitals-state': 0, 'airspace-state': 0, 'data': {'page': 'emergency', 'action': 'trying to change destination to19'}}
INFO:root:Pressure Warning alert given, sent request to clear pressure_warning_alert
INFO:root:1722971615.926947,ID:1014,STAGE:4,SEQUENCE:1432,DATA:{'time': 1722971615.92, 'user-id': '1014', 'source': 'HAI Interface', 'destination-index': '3', 'study-stage': '4', 'decision-state': 0, 'vitals-state': 0, 'airspace-state': 0, 'data': {'page': 'emergency', 'action': 'trying to change destination to19'}}
INFO:root:1722971620.937797,ID:1014,STAGE:4,SEQUENCE:1432,DATA:{'time': 1722971620.931, 'user-id': '1014', 'source': 'HAI Interface', 'destination-index': '3', 'study-stage': '4', 'decision-state': 0, 'vitals-state': 0, 'airspace-state': 0, 'data': {'page': 'emergency', 'action': 'trying to change destination to19'}}
INFO:root:1722971625.938136,ID:1014,STAGE:4,SEQUENCE:1432,DATA:{'time': 1722971625.931, 'user-id': '1014', 'source': 'HAI Interface', 'destination-index': '3', 'study-stage': '4', 'decision-state': 0, 'vitals-state': 0, 'airspace-state': 0, 'data': {'page': 'emergency', 'action': 'trying to change destination to19'}}
INFO:root:1722971630.929589,ID:1014,STAGE:4,SEQUENCE:1432,DATA:{'time': 1722971630.919, 'user-id': '1014', 'source': 'HAI Interface', 'destination-index': '3', 'study-stage': '4', 'decision-state': 0, 'vitals-state': 0, 'airspace-state': 0, 'data': {'page': 'emergency', 'action': 'trying to change destination to19'}}
INFO:root:1722971635.930868,ID:1014,STAGE:4,SEQUENCE:1432,DATA:{'time': 1722971635.924, 'user-id': '1014', 'source': 'HAI Interface', 'destination-index': '3', 'study-stage': '4', 'decision-state': 0, 'vitals-state': 0, 'airspace-state': 0, 'data': {'page': 'emergency', 'action': 'trying to change destination to19'}}
INFO:root:1722971640.978936,ID:1014,STAGE:4,SEQUENCE:1432,DATA:{'time': 1722971640.963, 'user-id': '1014', 'source': 'HAI Interface', 'destination-index': '3', 'study-stage': '4', 'decision-state': 0, 'vitals-state': 0, 'airspace-state': 0, 'data': {'page': 'emergency', 'action': 'trying to change destination to19'}}
INFO:root:1722971645.987873,ID:1014,STAGE:4,SEQUENCE:1432,DATA:{'time': 1722971645.977, 'user-id': '1014', 'source': 'HAI Interface', 'destination-index': '3', 'study-stage': '4', 'decision-state': 0, 'vitals-state': 0, 'airspace-state': 0, 'data': {'page': 'emergency', 'action': 'trying to change destination to19'}}
INFO:root:1722971649.397964,ID:1014,STAGE:4,SEQUENCE:1432,DATA:{'time': 1722971649.392, 'user-id': '1014', 'source': 'HAI Interface', 'destination-index': '3', 'study-stage': '4', 'decision-state': 0, 'vitals-state': 0, 'airspace-state': 0, 'data': {'action': 'receive button pressed'}}
INFO:root:1722971649.398961,ID:1014,STAGE:4,SEQUENCE:1432,DATA:{'time': 1722971649.392, 'user-id': '1014', 'source': 'HAI Interface', 'destination-index': '3', 'study-stage': '4', 'decision-state': 0, 'vitals-state': 0, 'airspace-state': 0, 'data': {'action': 'callsign set to:[object Object]'}}
INFO:root:1722971651.012227,ID:1014,STAGE:4,SEQUENCE:1432,DATA:{'time': 1722971651.002, 'user-id': '1014', 'source': 'HAI Interface', 'destination-index': '3', 'study-stage': '4', 'decision-state': 0, 'vitals-state': 0, 'airspace-state': 0, 'data': {'page': 'emergency', 'action': 'trying to change destination to19'}}
INFO:root:1722971655.88084,ID:1014,STAGE:4,SEQUENCE:1432,DATA:{'time': 1722971655.87, 'user-id': '1014', 'source': 'HAI Interface', 'destination-index': '3', 'study-stage': '4', 'decision-state': 0, 'vitals-state': 0, 'airspace-state': 0, 'data': {'page': 'emergency', 'action': 'trying to change destination to19'}}
INFO:root:1722971660.935733,ID:1014,STAGE:4,SEQUENCE:1432,DATA:{'time': 1722971660.928, 'user-id': '1014', 'source': 'HAI Interface', 'destination-index': '3', 'study-stage': '4', 'decision-state': 0, 'vitals-state': 0, 'airspace-state': 0, 'data': {'page': 'emergency', 'action': 'trying to change destination to19'}}
INFO:root:1722971665.703656,ID:1014,STAGE:4,SEQUENCE:1432,DATA:{'time': 1722971665.699, 'user-id': '1014', 'source': 'HAI Interface', 'destination-index': '3', 'study-stage': '4', 'decision-state': 0, 'vitals-state': 0, 'airspace-state': 0, 'data': {'action': 'receive button pressed'}}
INFO:root:1722971665.706654,ID:1014,STAGE:4,SEQUENCE:1432,DATA:{'time': 1722971665.7, 'user-id': '1014', 'source': 'HAI Interface', 'destination-index': '3', 'study-stage': '4', 'decision-state': 0, 'vitals-state': 0, 'airspace-state': 0, 'data': {'action': 'callsign set to:[object Object]'}}
INFO:root:1722971665.709644,ID:1014,STAGE:4,SEQUENCE:1432,DATA:{'time': 1722971665.7, 'user-id': '1014', 'source': 'HAI Interface', 'destination-index': '3', 'study-stage': '4', 'decision-state': 0, 'vitals-state': 0, 'airspace-state': 0, 'data': {'action': 'radio set to:Comm2'}}
INFO:root:1722971665.714682,ID:1014,STAGE:4,SEQUENCE:1432,DATA:{'time': 1722971665.703, 'user-id': '1014', 'source': 'HAI Interface', 'destination-index': '3', 'study-stage': '4', 'decision-state': 0, 'vitals-state': 0, 'airspace-state': 0, 'data': {'action': 'MEDEVACtransmitting onComm2123.45 MHz'}}
INFO:root:1722971665.963983,ID:1014,STAGE:4,SEQUENCE:1432,DATA:{'time': 1722971665.958, 'user-id': '1014', 'source': 'HAI Interface', 'destination-index': '3', 'study-stage': '4', 'decision-state': 0, 'vitals-state': 0, 'airspace-state': 0, 'data': {'page': 'emergency', 'action': 'trying to change destination to19'}}
INFO:root:1722971670.967089,ID:1014,STAGE:4,SEQUENCE:1432,DATA:{'time': 1722971670.958, 'user-id': '1014', 'source': 'HAI Interface', 'destination-index': '3', 'study-stage': '4', 'decision-state': 0, 'vitals-state': 0, 'airspace-state': 0, 'data': {'page': 'emergency', 'action': 'trying to change destination to19'}}
INFO:root:1722971675.929093,ID:1014,STAGE:4,SEQUENCE:1432,DATA:{'time': 1722971675.923, 'user-id': '1014', 'source': 'HAI Interface', 'destination-index': '3', 'study-stage': '4', 'decision-state': 0, 'vitals-state': 0, 'airspace-state': 0, 'data': {'page': 'emergency', 'action': 'trying to change destination to19'}}
INFO:root:1722971680.99452,ID:1014,STAGE:4,SEQUENCE:1432,DATA:{'time': 1722971680.989, 'user-id': '1014', 'source': 'HAI Interface', 'destination-index': '3', 'study-stage': '4', 'decision-state': 0, 'vitals-state': 0, 'airspace-state': 0, 'data': {'page': 'emergency', 'action': 'trying to change destination to19'}}
INFO:root:1722971685.905911,ID:1014,STAGE:4,SEQUENCE:1432,DATA:{'time': 1722971685.898, 'user-id': '1014', 'source': 'HAI Interface', 'destination-index': '3', 'study-stage': '4', 'decision-state': 0, 'vitals-state': 0, 'airspace-state': 0, 'data': {'page': 'emergency', 'action': 'trying to change destination to19'}}
INFO:root:Ok, continue to monitor the patients vitals and keep us updated 
INFO:root:1722971690.963237,ID:1014,STAGE:4,SEQUENCE:1432,DATA:{'time': 1722971690.955, 'user-id': '1014', 'source': 'HAI Interface', 'destination-index': '3', 'study-stage': '4', 'decision-state': 0, 'vitals-state': 0, 'airspace-state': 0, 'data': {'page': 'emergency', 'action': 'trying to change destination to19'}}
INFO:root:1722971695.899656,ID:1014,STAGE:4,SEQUENCE:1432,DATA:{'time': 1722971695.891, 'user-id': '1014', 'source': 'HAI Interface', 'destination-index': '3', 'study-stage': '4', 'decision-state': 0, 'vitals-state': 0, 'airspace-state': 0, 'data': {'page': 'emergency', 'action': 'trying to change destination to19'}}
INFO:root:Miscalibrated sensor radio comm done- command to clear event and make the receive 0 sent
INFO:root:1722971700.935767,ID:1014,STAGE:4,SEQUENCE:1432,DATA:{'time': 1722971700.929, 'user-id': '1014', 'source': 'HAI Interface', 'destination-index': '3', 'study-stage': '4', 'decision-state': 0, 'vitals-state': 0, 'airspace-state': 0, 'data': {'page': 'emergency', 'action': 'trying to change destination to19'}}
INFO:SimConnect.SimConnect:SIM OPEN
INFO:root:Inflight Radio Update asked
INFO:root:sent request to set radio update complete
INFO:root:1722971706.690954,ID:1014,STAGE:4,SEQUENCE:1432,DATA:{'time': 1722971706.676, 'user-id': '1014', 'source': 'HAI Interface', 'destination-index': '3', 'study-stage': '4', 'decision-state': 0, 'vitals-state': '1', 'airspace-state': 0, 'data': {'page': 'emergency', 'action': 'trying to change destination to19'}}
INFO:root:1722971706.716478,ID:1014,STAGE:4,SEQUENCE:1432,DATA:{'time': 1722971706.678, 'user-id': '1014', 'source': 'HAI Interface', 'destination-index': '3', 'study-stage': '4', 'decision-state': 0, 'vitals-state': '1', 'airspace-state': 0, 'data': {'page': 'emergency', 'action': 'show Engine Failure Alert, hide map'}}
INFO:root:1722971706.717476,ID:1014,STAGE:4,SEQUENCE:1432,DATA:{'time': 1722971706.679, 'user-id': '1014', 'source': 'HAI Interface', 'destination-index': '3', 'study-stage': '4', 'decision-state': 0, 'vitals-state': '1', 'airspace-state': 0, 'data': {'page': 'map', 'action': 'hide map'}}
INFO:root:1722971706.71947,ID:1014,STAGE:4,SEQUENCE:1432,DATA:{'time': 1722971706.68, 'user-id': '1014', 'source': 'HAI Interface', 'destination-index': '3', 'study-stage': '4', 'decision-state': 0, 'vitals-state': '1', 'airspace-state': 0, 'data': {'page': 'Inflight', 'action': 'Engine failure emergency- emergnecy propmt displayed'}}
INFO:root:1722971710.922493,ID:1014,STAGE:4,SEQUENCE:1432,DATA:{'time': 1722971710.914, 'user-id': '1014', 'source': 'HAI Interface', 'destination-index': '3', 'study-stage': '4', 'decision-state': 0, 'vitals-state': '1', 'airspace-state': 0, 'data': {'page': 'emergency', 'action': 'show Engine Failure Alert, hide map'}}
INFO:root:1722971710.923489,ID:1014,STAGE:4,SEQUENCE:1432,DATA:{'time': 1722971710.913, 'user-id': '1014', 'source': 'HAI Interface', 'destination-index': '3', 'study-stage': '4', 'decision-state': 0, 'vitals-state': '1', 'airspace-state': 0, 'data': {'page': 'emergency', 'action': 'trying to change destination to19'}}
INFO:root:1722971710.925484,ID:1014,STAGE:4,SEQUENCE:1432,DATA:{'time': 1722971710.914, 'user-id': '1014', 'source': 'HAI Interface', 'destination-index': '3', 'study-stage': '4', 'decision-state': 0, 'vitals-state': '1', 'airspace-state': 0, 'data': {'page': 'map', 'action': 'hide map'}}
INFO:root:1722971710.931468,ID:1014,STAGE:4,SEQUENCE:1432,DATA:{'time': 1722971710.915, 'user-id': '1014', 'source': 'HAI Interface', 'destination-index': '3', 'study-stage': '4', 'decision-state': 0, 'vitals-state': '1', 'airspace-state': 0, 'data': {'page': 'Inflight', 'action': 'Engine failure emergency- emergnecy propmt displayed'}}
INFO:root:1722971713.405534,ID:1014,STAGE:4,SEQUENCE:1432,DATA:{'time': 1722971713.401, 'user-id': '1014', 'source': 'HAI Interface', 'destination-index': '3', 'study-stage': '4', 'decision-state': 0, 'vitals-state': '1', 'airspace-state': 0, 'data': {'page': 'Inflight', 'action': 'Engine failure emergency- show more info button pressed'}}
INFO:root:1722971715.96534,ID:1014,STAGE:4,SEQUENCE:1432,DATA:{'time': 1722971715.951, 'user-id': '1014', 'source': 'HAI Interface', 'destination-index': '3', 'study-stage': '4', 'decision-state': 0, 'vitals-state': '1', 'airspace-state': 0, 'data': {'page': 'emergency', 'action': 'trying to change destination to19'}}
INFO:root:1722971718.401682,ID:1014,STAGE:4,SEQUENCE:1432,DATA:{'time': 1722971718.396, 'user-id': '1014', 'source': 'HAI Interface', 'destination-index': '3', 'study-stage': '4', 'decision-state': 0, 'vitals-state': '1', 'airspace-state': 0, 'data': {'page': 'Inflight', 'action': 'Engine failure emergency- close button pressed'}}
INFO:root:1722971718.404824,ID:1014,STAGE:4,SEQUENCE:1432,DATA:{'time': 1722971718.397, 'user-id': '1014', 'source': 'HAI Interface', 'destination-index': '3', 'study-stage': '4', 'decision-state': 0, 'vitals-state': '1', 'airspace-state': 0, 'data': {'page': 'Inflight', 'action': 'change destination button pressed'}}
INFO:root:1722971718.594981,ID:1014,STAGE:4,SEQUENCE:1432,DATA:{'time': 1722971718.559, 'user-id': 'none', 'source': 'HAI Interface', 'destination-index': 3, 'study-stage': -1, 'decision-state': 0, 'vitals-state': 0, 'airspace-state': 0, 'data': {'page': 'emergency-landing', 'action': 'opened page'}}
INFO:root:1722971719.517761,ID:1014,STAGE:4,SEQUENCE:1432,DATA:{'time': 1722971719.511, 'user-id': '1014', 'source': 'HAI Interface', 'destination-index': '3', 'study-stage': '4', 'decision-state': 0, 'vitals-state': '1', 'airspace-state': 0, 'data': {'page': 'map', 'action': 'selected helipad', 'value': '21'}}
INFO:root:1722971719.521831,ID:1014,STAGE:4,SEQUENCE:1432,DATA:{'time': 1722971719.512, 'user-id': '1014', 'source': 'HAI Interface', 'destination-index': '3', 'study-stage': '4', 'decision-state': 0, 'vitals-state': '1', 'airspace-state': 0, 'data': {'page': 'map', 'action': 'set destination', 'value': -1}}
INFO:root:1722971722.28234,ID:1014,STAGE:4,SEQUENCE:1432,DATA:{'time': 1722971722.276, 'user-id': '1014', 'source': 'HAI Interface', 'destination-index': '3', 'study-stage': '4', 'decision-state': 0, 'vitals-state': '1', 'airspace-state': 0, 'data': {'action': 'radio panel opened'}}
INFO:root:1722971723.738081,ID:1014,STAGE:4,SEQUENCE:1432,DATA:{'time': 1722971723.731, 'user-id': '1014', 'source': 'HAI Interface', 'destination-index': '3', 'study-stage': '4', 'decision-state': 0, 'vitals-state': '1', 'airspace-state': 0, 'data': {'page': 'emergency', 'action': 'trying to change destination to100'}}
INFO:root:1722971728.243623,ID:1014,STAGE:4,SEQUENCE:1432,DATA:{'time': 1722971728.236, 'user-id': '1014', 'source': 'HAI Interface', 'destination-index': '3', 'study-stage': '4', 'decision-state': 0, 'vitals-state': '1', 'airspace-state': 0, 'data': {'action': 'receive button pressed'}}
INFO:root:1722971728.247125,ID:1014,STAGE:4,SEQUENCE:1432,DATA:{'time': 1722971728.237, 'user-id': '1014', 'source': 'HAI Interface', 'destination-index': '3', 'study-stage': '4', 'decision-state': 0, 'vitals-state': '1', 'airspace-state': 0, 'data': {'action': 'callsign set to:[object Object]'}}
INFO:root:1722971728.251115,ID:1014,STAGE:4,SEQUENCE:1432,DATA:{'time': 1722971728.237, 'user-id': '1014', 'source': 'HAI Interface', 'destination-index': '3', 'study-stage': '4', 'decision-state': 0, 'vitals-state': '1', 'airspace-state': 0, 'data': {'action': 'radio set to:Comm2'}}
INFO:root:1722971728.253619,ID:1014,STAGE:4,SEQUENCE:1432,DATA:{'time': 1722971728.242, 'user-id': '1014', 'source': 'HAI Interface', 'destination-index': '3', 'study-stage': '4', 'decision-state': 0, 'vitals-state': '1', 'airspace-state': 0, 'data': {'action': 'MEDEVACtransmitting onComm2123.45 MHz'}}
INFO:root:1722971728.693056,ID:1014,STAGE:4,SEQUENCE:1432,DATA:{'time': 1722971728.686, 'user-id': '1014', 'source': 'HAI Interface', 'destination-index': '3', 'study-stage': '4', 'decision-state': 0, 'vitals-state': '1', 'airspace-state': 0, 'data': {'page': 'emergency', 'action': 'trying to change destination to19'}}
INFO:root:1722971733.734672,ID:1014,STAGE:4,SEQUENCE:1432,DATA:{'time': 1722971733.729, 'user-id': '1014', 'source': 'HAI Interface', 'destination-index': '3', 'study-stage': '4', 'decision-state': 0, 'vitals-state': '1', 'airspace-state': 0, 'data': {'page': 'emergency', 'action': 'trying to change destination to19'}}
INFO:root:1722971738.725684,ID:1014,STAGE:4,SEQUENCE:1432,DATA:{'time': 1722971738.718, 'user-id': '1014', 'source': 'HAI Interface', 'destination-index': '3', 'study-stage': '4', 'decision-state': 0, 'vitals-state': '1', 'airspace-state': 0, 'data': {'page': 'emergency', 'action': 'trying to change destination to19'}}
INFO:root:1722971742.082709,ID:1014,STAGE:4,SEQUENCE:1432,DATA:{'time': 1722971742.074, 'user-id': '1014', 'source': 'HAI Interface', 'destination-index': '3', 'study-stage': '4', 'decision-state': 0, 'vitals-state': '1', 'airspace-state': 0, 'data': {'page': 'map', 'action': 'show map'}}
INFO:root:1722971742.086212,ID:1014,STAGE:4,SEQUENCE:1432,DATA:{'time': 1722971742.075, 'user-id': '1014', 'source': 'HAI Interface', 'destination-index': '3', 'study-stage': '4', 'decision-state': 0, 'vitals-state': '1', 'airspace-state': 0, 'data': {'page': 'map', 'action': 'selected helipad', 'value': '21'}}
INFO:root:1722971742.088211,ID:1014,STAGE:4,SEQUENCE:1432,DATA:{'time': 1722971742.075, 'user-id': '1014', 'source': 'HAI Interface', 'destination-index': '3', 'study-stage': '4', 'decision-state': 0, 'vitals-state': '1', 'airspace-state': 0, 'data': {'page': 'map', 'action': 'set destination', 'value': '3'}}
INFO:root:1722971743.755176,ID:1014,STAGE:4,SEQUENCE:1432,DATA:{'time': 1722971743.746, 'user-id': '1014', 'source': 'HAI Interface', 'destination-index': '3', 'study-stage': '4', 'decision-state': 0, 'vitals-state': '1', 'airspace-state': 0, 'data': {'page': 'emergency', 'action': 'trying to change destination to19'}}
INFO:root:1722971745.707366,ID:1014,STAGE:4,SEQUENCE:1432,DATA:{'time': 1722971745.701, 'user-id': '1014', 'source': 'HAI Interface', 'destination-index': '3', 'study-stage': '4', 'decision-state': 0, 'vitals-state': '1', 'airspace-state': 0, 'data': {'page': 'map', 'action': 'selected helipad', 'value': '5'}}
INFO:root:1722971745.711356,ID:1014,STAGE:4,SEQUENCE:1432,DATA:{'time': 1722971745.701, 'user-id': '1014', 'source': 'HAI Interface', 'destination-index': '3', 'study-stage': '4', 'decision-state': 0, 'vitals-state': '1', 'airspace-state': 0, 'data': {'page': 'map', 'action': 'set destination', 'value': '3'}}
INFO:root:1722971745.882183,ID:1014,STAGE:4,SEQUENCE:1432,DATA:{'time': 1722971745.876, 'user-id': '1014', 'source': 'HAI Interface', 'destination-index': '3', 'study-stage': '4', 'decision-state': 0, 'vitals-state': '1', 'airspace-state': 0, 'data': {'page': 'map', 'action': 'changing helipad', 'value': '5'}}
INFO:root:1722971746.024426,ID:1014,STAGE:4,SEQUENCE:1432,DATA:{'time': 1722971746.017, 'user-id': '1014', 'source': 'HAI Interface', 'destination-index': '3', 'study-stage': '4', 'decision-state': 0, 'vitals-state': '1', 'airspace-state': 0, 'data': {'page': 'map', 'action': 'selected helipad', 'value': 100}}
INFO:root:Engine Failure alert given, sent request to clear engine_failure_emergency
INFO:root:Reroute to Old Fourth Ward radio comm response initiated
INFO:root:1722971748.719403,ID:1014,STAGE:4,SEQUENCE:1432,DATA:{'time': 1722971748.711, 'user-id': '1014', 'source': 'HAI Interface', 'destination-index': '3', 'study-stage': '4', 'decision-state': 0, 'vitals-state': '1', 'airspace-state': 0, 'data': {'page': 'emergency', 'action': 'trying to change destination to19'}}
INFO:root:1722971753.745507,ID:1014,STAGE:4,SEQUENCE:1432,DATA:{'time': 1722971753.734, 'user-id': '1014', 'source': 'HAI Interface', 'destination-index': '3', 'study-stage': '4', 'decision-state': 0, 'vitals-state': '1', 'airspace-state': 0, 'data': {'page': 'emergency', 'action': 'trying to change destination to19'}}
INFO:root:1722971758.749555,ID:1014,STAGE:4,SEQUENCE:1432,DATA:{'time': 1722971758.744, 'user-id': '1014', 'source': 'HAI Interface', 'destination-index': '3', 'study-stage': '4', 'decision-state': 0, 'vitals-state': '1', 'airspace-state': 0, 'data': {'page': 'emergency', 'action': 'trying to change destination to19'}}
INFO:root:1722971763.806412,ID:1014,STAGE:4,SEQUENCE:1432,DATA:{'time': 1722971763.799, 'user-id': '1014', 'source': 'HAI Interface', 'destination-index': '3', 'study-stage': '4', 'decision-state': 0, 'vitals-state': '1', 'airspace-state': 0, 'data': {'page': 'emergency', 'action': 'trying to change destination to19'}}
INFO:root:1722971768.7998,ID:1014,STAGE:4,SEQUENCE:1432,DATA:{'time': 1722971768.792, 'user-id': '1014', 'source': 'HAI Interface', 'destination-index': '3', 'study-stage': '4', 'decision-state': 0, 'vitals-state': '1', 'airspace-state': 0, 'data': {'page': 'emergency', 'action': 'trying to change destination to19'}}
INFO:root:1722971773.72338,ID:1014,STAGE:4,SEQUENCE:1432,DATA:{'time': 1722971773.714, 'user-id': '1014', 'source': 'HAI Interface', 'destination-index': '3', 'study-stage': '4', 'decision-state': 0, 'vitals-state': '1', 'airspace-state': 0, 'data': {'page': 'emergency', 'action': 'trying to change destination to19'}}
INFO:root:1722971778.735033,ID:1014,STAGE:4,SEQUENCE:1432,DATA:{'time': 1722971778.727, 'user-id': '1014', 'source': 'HAI Interface', 'destination-index': '3', 'study-stage': '4', 'decision-state': 0, 'vitals-state': '1', 'airspace-state': 0, 'data': {'page': 'emergency', 'action': 'trying to change destination to19'}}
INFO:root:Reroute to Old Fourth Ward radio comm done- command to clear event and make receive 0 sent
INFO:root:1722971781.953752,ID:1014,STAGE:4,SEQUENCE:1432,DATA:{'time': 1722971781.95, 'user-id': '1014', 'source': 'HAI Interface', 'destination-index': '3', 'study-stage': '4', 'decision-state': 0, 'vitals-state': '1', 'airspace-state': 0, 'data': {'page': 'map', 'action': 'selected helipad', 'value': '19'}}
INFO:root:1722971781.955746,ID:1014,STAGE:4,SEQUENCE:1432,DATA:{'time': 1722971781.95, 'user-id': '1014', 'source': 'HAI Interface', 'destination-index': '3', 'study-stage': '4', 'decision-state': 0, 'vitals-state': '1', 'airspace-state': 0, 'data': {'page': 'map', 'action': 'set destination', 'value': 19}}
INFO:root:1722971782.725654,ID:1014,STAGE:4,SEQUENCE:1432,DATA:{'time': 1722971782.717, 'user-id': '1014', 'source': 'HAI Interface', 'destination-index': '3', 'study-stage': '4', 'decision-state': 0, 'vitals-state': '1', 'airspace-state': 0, 'data': {'page': 'map', 'action': 'changing helipad', 'value': '19'}}
INFO:root:1722971782.727651,ID:1014,STAGE:4,SEQUENCE:1432,DATA:{'time': 1722971782.717, 'user-id': '1014', 'source': 'HAI Interface', 'destination-index': '3', 'study-stage': '4', 'decision-state': 0, 'vitals-state': '1', 'airspace-state': 0, 'data': {'page': 'map', 'action': 'selected helipad', 'value': '19'}}
INFO:root:1722971782.729644,ID:1014,STAGE:4,SEQUENCE:1432,DATA:{'time': 1722971782.718, 'user-id': '1014', 'source': 'HAI Interface', 'destination-index': '3', 'study-stage': '4', 'decision-state': 0, 'vitals-state': '1', 'airspace-state': 0, 'data': {'page': 'map', 'action': 'set destination', 'value': 19}}
INFO:root:1722971783.743449,ID:1014,STAGE:4,SEQUENCE:1432,DATA:{'time': 1722971783.731, 'user-id': '1014', 'source': 'HAI Interface', 'destination-index': '3', 'study-stage': '4', 'decision-state': 0, 'vitals-state': '1', 'airspace-state': 0, 'data': {'page': 'emergency', 'action': 'trying to change destination to19'}}
INFO:root:1722971786.289819,ID:1014,STAGE:4,SEQUENCE:1432,DATA:{'time': 1722971786.284, 'user-id': '1014', 'source': 'HAI Interface', 'destination-index': '3', 'study-stage': '4', 'decision-state': 0, 'vitals-state': '1', 'airspace-state': 0, 'data': {'page': 'map', 'action': 'hide map'}}
INFO:root:1722971787.849733,ID:1014,STAGE:4,SEQUENCE:1432,DATA:{'time': 1722971787.844, 'user-id': '1014', 'source': 'HAI Interface', 'destination-index': '3', 'study-stage': '4', 'decision-state': 0, 'vitals-state': '1', 'airspace-state': 0, 'data': {'page': 'change-destination', 'action': 'submit button pressed'}}
INFO:root:1722971788.007949,ID:1014,STAGE:4,SEQUENCE:1432,DATA:{'time': 1722971787.999, 'user-id': 'none', 'source': 'HAI Interface', 'destination-index': 3, 'study-stage': -1, 'decision-state': 0, 'vitals-state': 0, 'airspace-state': 0, 'data': {'page': 'location', 'action': 'opened page'}}
INFO:root:1722971788.953697,ID:1014,STAGE:4,SEQUENCE:1432,DATA:{'time': 1722971788.949, 'user-id': '1014', 'source': 'HAI Interface', 'destination-index': '3', 'study-stage': '4', 'decision-state': 0, 'vitals-state': '1', 'airspace-state': 0, 'data': {'page': 'map', 'action': 'selected helipad', 'value': '21'}}
INFO:root:1722971789.792516,ID:1014,STAGE:4,SEQUENCE:1432,DATA:{'time': 1722971789.786, 'user-id': '1014', 'source': 'HAI Interface', 'destination-index': '3', 'study-stage': '4', 'decision-state': 0, 'vitals-state': '1', 'airspace-state': 0, 'data': {'page': 'location', 'action': 'confirm button pressed'}}
INFO:root:1722971791.064976,ID:1014,STAGE:4,SEQUENCE:1432,DATA:{'time': 1722971791.056, 'user-id': '1014', 'source': 'HAI Interface', 'destination-index': '19', 'study-stage': '4', 'decision-state': 0, 'vitals-state': '1', 'airspace-state': 0, 'data': {'page': 'map', 'action': 'selected helipad', 'value': '21'}}
INFO:root:1722971795.252823,ID:1014,STAGE:4,SEQUENCE:1432,DATA:{'time': 1722971795.246, 'user-id': '1014', 'source': 'HAI Interface', 'destination-index': '19', 'study-stage': '4', 'decision-state': 0, 'vitals-state': '1', 'airspace-state': 0, 'data': {'page': 'emergency', 'action': 'trying to change destination to100'}}
INFO:root:1722971799.866449,ID:1014,STAGE:4,SEQUENCE:1432,DATA:{'time': 1722971799.863, 'source': 'VitalsTask', 'timer': 219.714, 'data': {'sensor': 'Blood Pressure', 'action': 'capture', 'data': 'action button pressed'}}
INFO:root:1722971799.868442,ID:1014,STAGE:4,SEQUENCE:1432,DATA:{'time': 1722971799.864, 'source': 'VitalsTask', 'timer': 219.715, 'data': {'sensor': 'Blood Pressure', 'action': 'capture', 'data': 'starting sensor action'}}
INFO:root:1722971800.291361,ID:1014,STAGE:4,SEQUENCE:1432,DATA:{'time': 1722971800.283, 'user-id': '1014', 'source': 'HAI Interface', 'destination-index': '19', 'study-stage': '4', 'decision-state': 0, 'vitals-state': '0', 'airspace-state': 0, 'data': {'page': 'emergency', 'action': 'trying to change destination to19'}}
INFO:root:1722971800.894923,ID:1014,STAGE:4,SEQUENCE:1432,DATA:{'time': 1722971800.882, 'source': 'VitalsTask', 'timer': 220.733, 'data': {'sensor': 'Blood Pressure', 'action': 'keypad open'}}
INFO:root:1722971800.894923,ID:1014,STAGE:4,SEQUENCE:1432,DATA:{'time': 1722971800.882, 'source': 'VitalsTask', 'timer': 220.733, 'data': {'sensor': 'Blood Pressure', 'action': 'capture', 'data': 'sensor action complete'}}
INFO:root:1722971802.09176,ID:1014,STAGE:4,SEQUENCE:1432,DATA:{'time': 1722971802.09, 'source': 'VitalsTask', 'timer': 221.941, 'data': {'sensor': 'Blood Pressure', 'action': 'keypad press', 'key': 1, 'value': 1}}
INFO:root:1722971803.268114,ID:1014,STAGE:4,SEQUENCE:1432,DATA:{'time': 1722971803.266, 'source': 'VitalsTask', 'timer': 223.117, 'data': {'sensor': 'Blood Pressure', 'action': 'keypad press', 'key': 11, 'value': 10}}
INFO:root:1722971804.591522,ID:1014,STAGE:4,SEQUENCE:1432,DATA:{'time': 1722971804.588, 'source': 'VitalsTask', 'timer': 224.439, 'data': {'sensor': 'Blood Pressure', 'action': 'keypad press', 'key': 11, 'value': 100}}
INFO:root:1722971805.321156,ID:1014,STAGE:4,SEQUENCE:1432,DATA:{'time': 1722971805.304, 'user-id': '1014', 'source': 'HAI Interface', 'destination-index': '19', 'study-stage': '4', 'decision-state': 0, 'vitals-state': '0', 'airspace-state': 0, 'data': {'page': 'emergency', 'action': 'trying to change destination to19'}}
INFO:root:1722971805.801936,ID:1014,STAGE:4,SEQUENCE:1432,DATA:{'time': 1722971805.799, 'source': 'VitalsTask', 'timer': 225.65, 'data': {'sensor': 'Blood Pressure', 'action': 'show action buttons'}}
INFO:root:1722971805.804536,ID:1014,STAGE:4,SEQUENCE:1432,DATA:{'time': 1722971805.8, 'source': 'VitalsTask', 'timer': 225.651, 'data': {'sensor': 'Blood Pressure', 'action': 'keypad press', 'key': 10, 'value': 100}}
INFO:root:1722971807.185076,ID:1014,STAGE:4,SEQUENCE:1432,DATA:{'time': 1722971807.182, 'source': 'VitalsTask', 'timer': 227.033, 'data': {'sensor': 'Blood Pressure', 'action': 'log', 'data': 'action button pressed'}}
INFO:root:1722971807.187576,ID:1014,STAGE:4,SEQUENCE:1432,DATA:{'time': 1722971807.182, 'source': 'VitalsTask', 'timer': 227.033, 'data': {'sensor': 'Blood Pressure', 'action': 'log', 'data': 'starting sensor action'}}
INFO:root:1722971808.202054,ID:1014,STAGE:4,SEQUENCE:1432,DATA:{'time': 1722971808.2, 'source': 'VitalsTask', 'timer': 228.051, 'data': {'sensor': 'Blood Pressure', 'action': 'log', 'data': 'sensor action complete'}}
INFO:root:1722971808.847156,ID:1014,STAGE:4,SEQUENCE:1432,DATA:{'time': 1722971808.844, 'source': 'VitalsTask', 'timer': 228.695, 'data': {'sensor': 'Blood Pressure', 'action': 'save', 'data': 'action button pressed'}}
INFO:root:1722971808.85166,ID:1014,STAGE:4,SEQUENCE:1432,DATA:{'time': 1722971808.844, 'source': 'VitalsTask', 'timer': 228.695, 'data': {'sensor': 'Blood Pressure', 'action': 'save', 'data': 'starting sensor action'}}
INFO:root:1722971809.865703,ID:1014,STAGE:4,SEQUENCE:1432,DATA:{'time': 1722971809.862, 'source': 'VitalsTask', 'timer': 229.713, 'data': {'sensor': 'Blood Pressure', 'action': 'save', 'data': 'sensor action complete'}}
INFO:root:1722971810.351459,ID:1014,STAGE:4,SEQUENCE:1432,DATA:{'time': 1722971810.344, 'user-id': '1014', 'source': 'HAI Interface', 'destination-index': '19', 'study-stage': '4', 'decision-state': 0, 'vitals-state': '0', 'airspace-state': 0, 'data': {'page': 'emergency', 'action': 'trying to change destination to19'}}
INFO:root:1722971810.719814,ID:1014,STAGE:4,SEQUENCE:1432,DATA:{'time': 1722971810.718, 'source': 'VitalsTask', 'timer': 230.569, 'data': {'sensor': 'Heart Rate', 'action': 'opened sensor tab'}}
INFO:root:1722971812.730667,ID:1014,STAGE:4,SEQUENCE:1432,DATA:{'time': 1722971812.728, 'source': 'VitalsTask', 'timer': 232.579, 'data': {'sensor': 'Heart Rate', 'action': 'capture', 'data': 'action button pressed'}}
INFO:root:1722971812.734836,ID:1014,STAGE:4,SEQUENCE:1432,DATA:{'time': 1722971812.728, 'source': 'VitalsTask', 'timer': 232.579, 'data': {'sensor': 'Heart Rate', 'action': 'capture', 'data': 'starting sensor action'}}
INFO:root:1722971813.748053,ID:1014,STAGE:4,SEQUENCE:1432,DATA:{'time': 1722971813.743, 'source': 'VitalsTask', 'timer': 233.594, 'data': {'sensor': 'Heart Rate', 'action': 'capture', 'data': 'sensor action complete'}}
INFO:root:1722971813.750053,ID:1014,STAGE:4,SEQUENCE:1432,DATA:{'time': 1722971813.744, 'source': 'VitalsTask', 'timer': 233.595, 'data': {'sensor': 'Heart Rate', 'action': 'keypad open'}}
INFO:root:1722971814.740803,ID:1014,STAGE:4,SEQUENCE:1432,DATA:{'time': 1722971814.737, 'source': 'VitalsTask', 'timer': 234.588, 'data': {'sensor': 'Heart Rate', 'action': 'keypad press', 'key': 5, 'value': 5}}
INFO:root:1722971815.260382,ID:1014,STAGE:4,SEQUENCE:1432,DATA:{'time': 1722971815.254, 'user-id': '1014', 'source': 'HAI Interface', 'destination-index': '19', 'study-stage': '4', 'decision-state': 0, 'vitals-state': '0', 'airspace-state': 0, 'data': {'page': 'emergency', 'action': 'trying to change destination to19'}}
INFO:root:1722971815.429721,ID:1014,STAGE:4,SEQUENCE:1432,DATA:{'time': 1722971815.401, 'user-id': 'none', 'source': 'HAI Interface', 'destination-index': 3, 'study-stage': -1, 'decision-state': 0, 'vitals-state': 0, 'airspace-state': 0, 'data': {'page': 'checklist', 'action': 'opened page', 'inflight': True}}
INFO:root:1722971815.563865,ID:1014,STAGE:4,SEQUENCE:1432,DATA:{'time': 1722971815.562, 'source': 'VitalsTask', 'timer': 235.413, 'data': {'sensor': 'Heart Rate', 'action': 'keypad press', 'key': 5, 'value': 55}}
INFO:root:1722971816.357778,ID:1014,STAGE:4,SEQUENCE:1432,DATA:{'time': 1722971816.352, 'user-id': '1014', 'source': 'HAI Interface', 'destination-index': '19', 'study-stage': '4', 'decision-state': 0, 'vitals-state': '0', 'airspace-state': 0, 'data': {'page': 'map', 'action': 'selected helipad', 'value': '21'}}
INFO:root:1722971816.931414,ID:1014,STAGE:4,SEQUENCE:1432,DATA:{'time': 1722971816.929, 'source': 'VitalsTask', 'timer': 236.78, 'data': {'sensor': 'Heart Rate', 'action': 'show action buttons'}}
INFO:root:1722971816.932411,ID:1014,STAGE:4,SEQUENCE:1432,DATA:{'time': 1722971816.93, 'source': 'VitalsTask', 'timer': 236.781, 'data': {'sensor': 'Heart Rate', 'action': 'keypad press', 'key': 10, 'value': 55}}
INFO:root:1722971818.337502,ID:1014,STAGE:4,SEQUENCE:1432,DATA:{'time': 1722971818.335, 'source': 'VitalsTask', 'timer': 238.186, 'data': {'sensor': 'Heart Rate', 'action': 'log', 'data': 'action button pressed'}}
INFO:root:1722971818.340747,ID:1014,STAGE:4,SEQUENCE:1432,DATA:{'time': 1722971818.336, 'source': 'VitalsTask', 'timer': 238.187, 'data': {'sensor': 'Heart Rate', 'action': 'log', 'data': 'starting sensor action'}}
INFO:root:1722971819.355387,ID:1014,STAGE:4,SEQUENCE:1432,DATA:{'time': 1722971819.353, 'source': 'VitalsTask', 'timer': 239.204, 'data': {'sensor': 'Heart Rate', 'action': 'log', 'data': 'sensor action complete'}}
INFO:root:1722971820.36322,ID:1014,STAGE:4,SEQUENCE:1432,DATA:{'time': 1722971820.36, 'source': 'VitalsTask', 'timer': 240.211, 'data': {'sensor': 'Heart Rate', 'action': 'save', 'data': 'action button pressed'}}
INFO:root:1722971820.364221,ID:1014,STAGE:4,SEQUENCE:1432,DATA:{'time': 1722971820.361, 'source': 'VitalsTask', 'timer': 240.212, 'data': {'sensor': 'Heart Rate', 'action': 'save', 'data': 'starting sensor action'}}
INFO:root:Inflight Radio Update asked
INFO:root:sent request to set radio update complete
INFO:root:1722971821.373736,ID:1014,STAGE:4,SEQUENCE:1432,DATA:{'time': 1722971821.371, 'source': 'VitalsTask', 'timer': 241.222, 'data': {'sensor': 'Heart Rate', 'action': 'save', 'data': 'sensor action complete'}}
INFO:root:1722971823.746343,ID:1014,STAGE:4,SEQUENCE:1432,DATA:{'time': 1722971823.742, 'user-id': '1014', 'source': 'HAI Interface', 'destination-index': '19', 'study-stage': '4', 'decision-state': 0, 'vitals-state': '0', 'airspace-state': 0, 'data': {'page': 'checklist', 'action': 'toggled checkbox', 'inflight': True, 'item': 0, 'value': 'OFF'}}
INFO:root:1722971824.222586,ID:1014,STAGE:4,SEQUENCE:1432,DATA:{'time': 1722971824.218, 'user-id': '1014', 'source': 'HAI Interface', 'destination-index': '19', 'study-stage': '4', 'decision-state': 0, 'vitals-state': '0', 'airspace-state': 0, 'data': {'page': 'checklist', 'action': 'toggled checkbox', 'inflight': True, 'item': 1, 'value': 'OFF'}}
INFO:root:1722971824.579144,ID:1014,STAGE:4,SEQUENCE:1432,DATA:{'time': 1722971824.575, 'user-id': '1014', 'source': 'HAI Interface', 'destination-index': '19', 'study-stage': '4', 'decision-state': 0, 'vitals-state': '0', 'airspace-state': 0, 'data': {'page': 'checklist', 'action': 'toggled checkbox', 'inflight': True, 'item': 2, 'value': 'OFF'}}
INFO:root:1722971824.580139,ID:1014,STAGE:4,SEQUENCE:1432,DATA:{'time': 1722971824.575, 'user-id': '1014', 'source': 'HAI Interface', 'destination-index': '19', 'study-stage': '4', 'decision-state': 0, 'vitals-state': '0', 'airspace-state': 0, 'data': {'page': 'checklist', 'action': 'showing confirm button', 'inflight': True}}
INFO:root:1722971825.110419,ID:1014,STAGE:4,SEQUENCE:1432,DATA:{'time': 1722971825.106, 'user-id': '1014', 'source': 'HAI Interface', 'destination-index': '19', 'study-stage': '4', 'decision-state': 0, 'vitals-state': '0', 'airspace-state': 0, 'data': {'page': 'checklist', 'action': 'confirm button clicked', 'inflight': True}}
INFO:root:1722971825.414856,ID:1014,STAGE:4,SEQUENCE:1432,DATA:{'time': 1722971825.376, 'user-id': 'none', 'source': 'HAI Interface', 'destination-index': 3, 'study-stage': -1, 'decision-state': 0, 'vitals-state': 0, 'airspace-state': 0, 'data': {'page': 'landing-confirmation', 'action': 'opened page'}}
INFO:root:1722971825.41695,ID:1014,STAGE:4,SEQUENCE:1432,DATA:{'time': 1722971825.378, 'user-id': 'none', 'source': 'HAI Interface', 'destination-index': 3, 'study-stage': -1, 'decision-state': 0, 'vitals-state': 0, 'airspace-state': 0, 'data': {'page': 'landing-confirmation', 'action': 'showing helipad confirm', 'value': 1}}
INFO:root:1722971825.972021,ID:1014,STAGE:4,SEQUENCE:1432,DATA:{'time': 1722971825.969, 'user-id': 'none', 'source': 'HAI Interface', 'destination-index': 3, 'study-stage': -1, 'decision-state': 0, 'vitals-state': 0, 'airspace-state': 0, 'data': {'action': 'radio panel opened'}}
INFO:root:1722971826.36169,ID:1014,STAGE:4,SEQUENCE:1432,DATA:{'time': 1722971826.352, 'user-id': '1014', 'source': 'HAI Interface', 'destination-index': '19', 'study-stage': '4', 'decision-state': 0, 'vitals-state': '0', 'airspace-state': 0, 'data': {'page': 'map', 'action': 'selected helipad', 'value': '21'}}
INFO:root:1722971830.317257,ID:1014,STAGE:4,SEQUENCE:1432,DATA:{'time': 1722971830.311, 'user-id': '1014', 'source': 'HAI Interface', 'destination-index': '19', 'study-stage': '4', 'decision-state': 0, 'vitals-state': '0', 'airspace-state': 0, 'data': {'action': 'transmit button pressed'}}
INFO:root:1722971830.318262,ID:1014,STAGE:4,SEQUENCE:1432,DATA:{'time': 1722971830.311, 'user-id': '1014', 'source': 'HAI Interface', 'destination-index': '19', 'study-stage': '4', 'decision-state': 0, 'vitals-state': '0', 'airspace-state': 0, 'data': {'action': 'callsign set to: + NASXGS'}}
INFO:root:1722971830.319763,ID:1014,STAGE:4,SEQUENCE:1432,DATA:{'time': 1722971830.312, 'user-id': '1014', 'source': 'HAI Interface', 'destination-index': '19', 'study-stage': '4', 'decision-state': 0, 'vitals-state': '0', 'airspace-state': 0, 'data': {'action': 'radio set to:Comm1'}}
INFO:root:1722971830.321763,ID:1014,STAGE:4,SEQUENCE:1432,DATA:{'time': 1722971830.312, 'user-id': '1014', 'source': 'HAI Interface', 'destination-index': '19', 'study-stage': '4', 'decision-state': 0, 'vitals-state': '0', 'airspace-state': 0, 'data': {'page': 'map', 'action': 'show map'}}
INFO:root:1722971830.327747,ID:1014,STAGE:4,SEQUENCE:1432,DATA:{'time': 1722971830.312, 'user-id': '1014', 'source': 'HAI Interface', 'destination-index': '19', 'study-stage': '4', 'decision-state': 0, 'vitals-state': '0', 'airspace-state': 0, 'data': {'page': 'map', 'action': 'selected helipad', 'value': '21'}}
INFO:root:1722971830.330748,ID:1014,STAGE:4,SEQUENCE:1432,DATA:{'time': 1722971830.318, 'user-id': '1014', 'source': 'HAI Interface', 'destination-index': '19', 'study-stage': '4', 'decision-state': 0, 'vitals-state': '0', 'airspace-state': 0, 'data': {'action': 'NASXGStransmitting updates onComm1123.45 MHz'}}
INFO:root:1722971843.675277,ID:1014,STAGE:4,SEQUENCE:1432,DATA:{'time': 1722971843.67, 'user-id': '1014', 'source': 'HAI Interface', 'destination-index': '19', 'study-stage': '4', 'decision-state': 0, 'vitals-state': '0', 'airspace-state': 0, 'data': {'page': 'map', 'action': 'hide map'}}
INFO:root:1722971846.731187,ID:1014,STAGE:4,SEQUENCE:1432,DATA:{'time': 1722971846.728, 'user-id': '1014', 'source': 'HAI Interface', 'destination-index': '19', 'study-stage': '4', 'decision-state': 0, 'vitals-state': '0', 'airspace-state': 0, 'data': {'page': 'landing-confirmation', 'action': 'checkbox toggle', 'item': 0, 'value': 'ON'}}
INFO:root:1722971847.151169,ID:1014,STAGE:4,SEQUENCE:1432,DATA:{'time': 1722971847.146, 'user-id': '1014', 'source': 'HAI Interface', 'destination-index': '19', 'study-stage': '4', 'decision-state': 0, 'vitals-state': '0', 'airspace-state': 0, 'data': {'page': 'landing-confirmation', 'action': 'checkbox toggle', 'item': 1, 'value': 'ON'}}
INFO:root:1722971849.22623,ID:1014,STAGE:4,SEQUENCE:1432,DATA:{'time': 1722971849.22, 'user-id': '1014', 'source': 'HAI Interface', 'destination-index': '19', 'study-stage': '4', 'decision-state': 0, 'vitals-state': '0', 'airspace-state': 0, 'data': {'page': 'landing-confirmation', 'action': 'confirmed safe to land'}}
INFO:root:1722971849.228231,ID:1014,STAGE:4,SEQUENCE:1432,DATA:{'time': 1722971849.221, 'user-id': '1014', 'source': 'HAI Interface', 'destination-index': '19', 'study-stage': '4', 'decision-state': 0, 'vitals-state': '0', 'airspace-state': 0, 'data': {'page': 'landing-confirmation', 'action': 'showing helipad ready'}}
INFO:root:1722971851.250002,ID:1014,STAGE:4,SEQUENCE:1432,DATA:{'time': 1722971851.246, 'user-id': '1014', 'source': 'HAI Interface', 'destination-index': '19', 'study-stage': '4', 'decision-state': 0, 'vitals-state': '0', 'airspace-state': 0, 'data': {'page': 'landing-confirmation', 'action': 'gave landing confirmation'}}
INFO:root:1722971851.378076,ID:1014,STAGE:4,SEQUENCE:1432,DATA:{'time': 1722971851.348, 'user-id': 'none', 'source': 'HAI Interface', 'destination-index': 3, 'study-stage': -1, 'decision-state': 0, 'vitals-state': 0, 'airspace-state': 0, 'data': {'page': 'landing-countdown', 'action': 'opened page'}}
INFO:root:1722971852.326054,ID:1014,STAGE:4,SEQUENCE:1432,DATA:{'time': 1722971852.323, 'user-id': '1014', 'source': 'HAI Interface', 'destination-index': '19', 'study-stage': '4', 'decision-state': '1', 'vitals-state': '0', 'airspace-state': 0, 'data': {'page': 'map', 'action': 'selected helipad', 'value': '21'}}
INFO:root:1722971852.357222,ID:1014,STAGE:4,SEQUENCE:1432,DATA:{'time': 1722971852.353, 'user-id': '1014', 'source': 'HAI Interface', 'destination-index': '19', 'study-stage': '4', 'decision-state': '1', 'vitals-state': '0', 'airspace-state': 0, 'data': {'page': 'landing-countdown', 'action': 'countdown changed', 'value': 5}}
INFO:root:1722971853.355579,ID:1014,STAGE:4,SEQUENCE:1432,DATA:{'time': 1722971853.35, 'user-id': '1014', 'source': 'HAI Interface', 'destination-index': '19', 'study-stage': '4', 'decision-state': '1', 'vitals-state': '0', 'airspace-state': 0, 'data': {'page': 'landing-countdown', 'action': 'countdown changed', 'value': 4}}
INFO:root:1722971854.356836,ID:1014,STAGE:4,SEQUENCE:1432,DATA:{'time': 1722971854.351, 'user-id': '1014', 'source': 'HAI Interface', 'destination-index': '19', 'study-stage': '4', 'decision-state': '1', 'vitals-state': '0', 'airspace-state': 0, 'data': {'page': 'landing-countdown', 'action': 'countdown changed', 'value': 3}}
INFO:root:1722971855.351982,ID:1014,STAGE:4,SEQUENCE:1432,DATA:{'time': 1722971855.348, 'user-id': '1014', 'source': 'HAI Interface', 'destination-index': '19', 'study-stage': '4', 'decision-state': '1', 'vitals-state': '0', 'airspace-state': 0, 'data': {'page': 'landing-countdown', 'action': 'countdown changed', 'value': 2}}
INFO:root:1722971856.354758,ID:1014,STAGE:4,SEQUENCE:1432,DATA:{'time': 1722971856.351, 'user-id': '1014', 'source': 'HAI Interface', 'destination-index': '19', 'study-stage': '4', 'decision-state': '1', 'vitals-state': '0', 'airspace-state': 0, 'data': {'page': 'landing-countdown', 'action': 'countdown changed', 'value': 1}}
INFO:root:1722971857.355657,ID:1014,STAGE:4,SEQUENCE:1432,DATA:{'time': 1722971857.35, 'user-id': '1014', 'source': 'HAI Interface', 'destination-index': '19', 'study-stage': '4', 'decision-state': '1', 'vitals-state': '0', 'airspace-state': 0, 'data': {'page': 'landing-countdown', 'action': 'countdown changed', 'value': 0}}
INFO:root:1722971858.356078,ID:1014,STAGE:4,SEQUENCE:1432,DATA:{'time': 1722971858.352, 'user-id': '1014', 'source': 'HAI Interface', 'destination-index': '19', 'study-stage': '4', 'decision-state': '1', 'vitals-state': '0', 'airspace-state': 0, 'data': {'page': 'landing-countdown', 'action': 'countdown complete'}}
INFO:root:1722971858.4807,ID:1014,STAGE:4,SEQUENCE:1432,DATA:{'time': 1722971858.462, 'user-id': 'none', 'source': 'HAI Interface', 'destination-index': 3, 'study-stage': -1, 'decision-state': 0, 'vitals-state': 0, 'airspace-state': 0, 'data': {'page': 'landed', 'action': 'opened page'}}
INFO:root:1722971859.437213,ID:1014,STAGE:4,SEQUENCE:1432,DATA:{'time': 1722971859.429, 'user-id': '1014', 'source': 'HAI Interface', 'destination-index': '19', 'study-stage': '4', 'decision-state': '1', 'vitals-state': '0', 'airspace-state': 0, 'data': {'page': 'map', 'action': 'selected helipad', 'value': '21'}}
INFO:SimConnect.SimConnect:SIM Paused
INFO:SimConnect.SimConnect:SIM Paused
INFO:SimConnect.SimConnect:SIM Stop
INFO:SimConnect.SimConnect:SIM Stop
INFO:SimConnect.SimConnect:SIM Paused
INFO:SimConnect.SimConnect:SIM Paused
INFO:SimConnect.SimConnect:SIM START
INFO:SimConnect.SimConnect:SIM START
INFO:SimConnect.SimConnect:SIM Unpaused
INFO:SimConnect.SimConnect:SIM Unpaused
