INFO:root:1722972847.013227,ID:1014,STAGE:2,SEQUENCE:1432,DATA:{'time': 1722972847.009, 'user-id': '1014', 'source': 'HAI Interface', 'destination-index': 'None', 'study-stage': '2', 'decision-state': 0, 'vitals-state': 0, 'airspace-state': 0, 'data': {'page': 'index', 'action': 'confirm button pressed'}}
INFO:root:1722972847.118603,ID:1014,STAGE:2,SEQUENCE:1432,DATA:{'time': 1722972847.114, 'user-id': 'none', 'source': 'HAI Interface', 'destination-index': 3, 'study-stage': -1, 'decision-state': 0, 'vitals-state': 0, 'airspace-state': 0, 'data': {'page': 'location', 'action': 'opened page'}}
INFO:root:Takeoff radiocomms initiated
INFO:comtypes.client._code_cache:Imported existing <module 'comtypes.gen' from 'C:\\Users\\ae-dagbeyibor3\\AppData\\Local\\Programs\\Python\\Python312\\Lib\\site-packages\\comtypes\\gen\\__init__.py'>
INFO:comtypes.client._code_cache:Using writeable comtypes cache directory: 'C:\Users\ae-dagbeyibor3\AppData\Local\Programs\Python\Python312\Lib\site-packages\comtypes\gen'
INFO:root:1722972848.101191,ID:1014,STAGE:2,SEQUENCE:1432,DATA:{'time': 1722972848.073, 'user-id': '1014', 'source': 'HAI Interface', 'destination-index': 'None', 'study-stage': '2', 'decision-state': 0, 'vitals-state': 0, 'airspace-state': 0, 'data': {'page': 'map', 'action': 'selected helipad', 'value': '21'}}
INFO:root:Takeoff radiocomms clear request sent
INFO:root:1722972865.991024,ID:1014,STAGE:2,SEQUENCE:1432,DATA:{'time': 1722972865.987, 'user-id': '1014', 'source': 'HAI Interface', 'destination-index': 'None', 'study-stage': '2', 'decision-state': 0, 'vitals-state': 0, 'airspace-state': 0, 'data': {'page': 'location', 'action': 'confirm button pressed'}}
INFO:root:1722972866.21706,ID:1014,STAGE:2,SEQUENCE:1432,DATA:{'time': 1722972866.21, 'user-id': 'none', 'source': 'HAI Interface', 'destination-index': 3, 'study-stage': -1, 'decision-state': 0, 'vitals-state': 0, 'airspace-state': 0, 'data': {'page': 'checklist', 'action': 'opened page', 'inflight': False}}
INFO:root:1722972867.17754,ID:1014,STAGE:2,SEQUENCE:1432,DATA:{'time': 1722972867.174, 'user-id': '1014', 'source': 'HAI Interface', 'destination-index': '3', 'study-stage': '2', 'decision-state': 0, 'vitals-state': 0, 'airspace-state': 0, 'data': {'page': 'map', 'action': 'selected helipad', 'value': '21'}}
INFO:root:1722972868.102043,ID:1014,STAGE:2,SEQUENCE:1432,DATA:{'time': 1722972868.098, 'user-id': '1014', 'source': 'HAI Interface', 'destination-index': '3', 'study-stage': '2', 'decision-state': 0, 'vitals-state': 0, 'airspace-state': 0, 'data': {'page': 'checklist', 'action': 'toggled checkbox', 'inflight': False, 'item': 0, 'value': 'OFF'}}
INFO:root:1722972868.389161,ID:1014,STAGE:2,SEQUENCE:1432,DATA:{'time': 1722972868.385, 'user-id': '1014', 'source': 'HAI Interface', 'destination-index': '3', 'study-stage': '2', 'decision-state': 0, 'vitals-state': 0, 'airspace-state': 0, 'data': {'page': 'checklist', 'action': 'toggled checkbox', 'inflight': False, 'item': 1, 'value': 'OFF'}}
INFO:root:1722972868.728798,ID:1014,STAGE:2,SEQUENCE:1432,DATA:{'time': 1722972868.724, 'user-id': '1014', 'source': 'HAI Interface', 'destination-index': '3', 'study-stage': '2', 'decision-state': 0, 'vitals-state': 0, 'airspace-state': 0, 'data': {'page': 'checklist', 'action': 'toggled checkbox', 'inflight': False, 'item': 2, 'value': 'OFF'}}
INFO:root:1722972868.731679,ID:1014,STAGE:2,SEQUENCE:1432,DATA:{'time': 1722972868.725, 'user-id': '1014', 'source': 'HAI Interface', 'destination-index': '3', 'study-stage': '2', 'decision-state': 0, 'vitals-state': 0, 'airspace-state': 0, 'data': {'page': 'checklist', 'action': 'showing confirm button', 'inflight': False}}
INFO:root:1722972869.625522,ID:1014,STAGE:2,SEQUENCE:1432,DATA:{'time': 1722972869.621, 'user-id': '1014', 'source': 'HAI Interface', 'destination-index': '3', 'study-stage': '2', 'decision-state': 0, 'vitals-state': 0, 'airspace-state': 0, 'data': {'page': 'checklist', 'action': 'confirm button clicked', 'inflight': False}}
INFO:root:1722972869.735559,ID:1014,STAGE:2,SEQUENCE:1432,DATA:{'time': 1722972869.726, 'user-id': 'none', 'source': 'HAI Interface', 'destination-index': 3, 'study-stage': -1, 'decision-state': 0, 'vitals-state': 0, 'airspace-state': 0, 'data': {'page': 'countdown', 'action': 'opened page'}}
INFO:root:1722972870.688001,ID:1014,STAGE:2,SEQUENCE:1432,DATA:{'time': 1722972870.684, 'user-id': '1014', 'source': 'HAI Interface', 'destination-index': '3', 'study-stage': '2', 'decision-state': 0, 'vitals-state': 0, 'airspace-state': 0, 'data': {'page': 'map', 'action': 'selected helipad', 'value': '21'}}
INFO:root:1722972870.734613,ID:1014,STAGE:2,SEQUENCE:1432,DATA:{'time': 1722972870.73, 'user-id': '1014', 'source': 'HAI Interface', 'destination-index': '3', 'study-stage': '2', 'decision-state': 0, 'vitals-state': 0, 'airspace-state': 0, 'data': {'page': 'countdown', 'action': 'countdown now 4'}}
INFO:root:1722972871.744718,ID:1014,STAGE:2,SEQUENCE:1432,DATA:{'time': 1722972871.741, 'user-id': '1014', 'source': 'HAI Interface', 'destination-index': '3', 'study-stage': '2', 'decision-state': 0, 'vitals-state': 0, 'airspace-state': 0, 'data': {'page': 'countdown', 'action': 'countdown now 3'}}
INFO:root:1722972872.736833,ID:1014,STAGE:2,SEQUENCE:1432,DATA:{'time': 1722972872.731, 'user-id': '1014', 'source': 'HAI Interface', 'destination-index': '3', 'study-stage': '2', 'decision-state': 0, 'vitals-state': 0, 'airspace-state': 0, 'data': {'page': 'countdown', 'action': 'countdown now 2'}}
INFO:root:1722972873.732018,ID:1014,STAGE:2,SEQUENCE:1432,DATA:{'time': 1722972873.729, 'user-id': '1014', 'source': 'HAI Interface', 'destination-index': '3', 'study-stage': '2', 'decision-state': 0, 'vitals-state': 0, 'airspace-state': 0, 'data': {'page': 'countdown', 'action': 'countdown now 1'}}
INFO:root:1722972874.733517,ID:1014,STAGE:2,SEQUENCE:1432,DATA:{'time': 1722972874.73, 'user-id': '1014', 'source': 'HAI Interface', 'destination-index': '3', 'study-stage': '2', 'decision-state': 0, 'vitals-state': 0, 'airspace-state': 0, 'data': {'page': 'countdown', 'action': 'countdown now 0'}}
INFO:root:1722972875.742082,ID:1014,STAGE:2,SEQUENCE:1432,DATA:{'time': 1722972875.736, 'user-id': '1014', 'source': 'HAI Interface', 'destination-index': '3', 'study-stage': '2', 'decision-state': 0, 'vitals-state': 0, 'airspace-state': 0, 'data': {'page': 'countdown', 'action': 'countdown complete'}}
INFO:root:1722972877.583135,ID:1014,STAGE:2,SEQUENCE:1432,DATA:{'time': 1722972877.576, 'user-id': '1014', 'source': 'HAI Interface', 'destination-index': '3', 'study-stage': '2', 'decision-state': 0, 'vitals-state': 0, 'airspace-state': 0, 'data': {'page': 'map', 'action': 'selected helipad', 'value': '21'}}
INFO:root:1722972879.334473,ID:1014,STAGE:2,SEQUENCE:1432,DATA:{'time': 1722972879.328, 'user-id': '1014', 'source': 'HAI Interface', 'destination-index': '3', 'study-stage': '2', 'decision-state': 0, 'vitals-state': 0, 'airspace-state': 0, 'data': {'action': 'radio panel opened'}}
INFO:root:Inflight Radio Update asked
INFO:root:sent request to set radio update complete
INFO:root:1722972894.884008,ID:1014,STAGE:2,SEQUENCE:1432,DATA:{'time': 1722972894.88, 'user-id': '1014', 'source': 'HAI Interface', 'destination-index': '3', 'study-stage': '2', 'decision-state': 0, 'vitals-state': 0, 'airspace-state': 0, 'data': {'action': 'transmit button pressed'}}
INFO:root:1722972894.887,ID:1014,STAGE:2,SEQUENCE:1432,DATA:{'time': 1722972894.88, 'user-id': '1014', 'source': 'HAI Interface', 'destination-index': '3', 'study-stage': '2', 'decision-state': 0, 'vitals-state': 0, 'airspace-state': 0, 'data': {'action': 'callsign set to: + NASXGS'}}
INFO:root:1722972894.887,ID:1014,STAGE:2,SEQUENCE:1432,DATA:{'time': 1722972894.881, 'user-id': '1014', 'source': 'HAI Interface', 'destination-index': '3', 'study-stage': '2', 'decision-state': 0, 'vitals-state': 0, 'airspace-state': 0, 'data': {'action': 'radio set to:Comm1'}}
INFO:root:1722972894.890829,ID:1014,STAGE:2,SEQUENCE:1432,DATA:{'time': 1722972894.881, 'user-id': '1014', 'source': 'HAI Interface', 'destination-index': '3', 'study-stage': '2', 'decision-state': 0, 'vitals-state': 0, 'airspace-state': 0, 'data': {'page': 'map', 'action': 'show map'}}
INFO:root:1722972894.898424,ID:1014,STAGE:2,SEQUENCE:1432,DATA:{'time': 1722972894.881, 'user-id': '1014', 'source': 'HAI Interface', 'destination-index': '3', 'study-stage': '2', 'decision-state': 0, 'vitals-state': 0, 'airspace-state': 0, 'data': {'page': 'map', 'action': 'selected helipad', 'value': '21'}}
INFO:root:1722972894.900952,ID:1014,STAGE:2,SEQUENCE:1432,DATA:{'time': 1722972894.885, 'user-id': '1014', 'source': 'HAI Interface', 'destination-index': '3', 'study-stage': '2', 'decision-state': 0, 'vitals-state': 0, 'airspace-state': 0, 'data': {'action': 'NASXGStransmitting updates onComm1123.45 MHz'}}
INFO:root:1722972906.062342,ID:1014,STAGE:2,SEQUENCE:1432,DATA:{'time': 1722972906.057, 'user-id': '1014', 'source': 'HAI Interface', 'destination-index': '3', 'study-stage': '2', 'decision-state': 0, 'vitals-state': 0, 'airspace-state': 0, 'data': {'page': 'map', 'action': 'hide map'}}
INFO:root:1722972911.153809,ID:1014,STAGE:2,SEQUENCE:1432,DATA:{'time': 1722972911.154, 'source': 'VitalsTask', 'timer': 87.953, 'data': {'sensor': 'Heart Rate', 'action': 'capture', 'data': 'action button pressed'}}
INFO:root:1722972911.155807,ID:1014,STAGE:2,SEQUENCE:1432,DATA:{'time': 1722972911.154, 'source': 'VitalsTask', 'timer': 87.953, 'data': {'sensor': 'Heart Rate', 'action': 'capture', 'data': 'starting sensor action'}}
INFO:root:1722972912.171022,ID:1014,STAGE:2,SEQUENCE:1432,DATA:{'time': 1722972912.17, 'source': 'VitalsTask', 'timer': 88.969, 'data': {'sensor': 'Heart Rate', 'action': 'capture', 'data': 'sensor action complete'}}
INFO:root:1722972912.174019,ID:1014,STAGE:2,SEQUENCE:1432,DATA:{'time': 1722972912.171, 'source': 'VitalsTask', 'timer': 88.97, 'data': {'sensor': 'Heart Rate', 'action': 'keypad open'}}
INFO:root:1722972914.259233,ID:1014,STAGE:2,SEQUENCE:1432,DATA:{'time': 1722972914.258, 'source': 'VitalsTask', 'timer': 91.057, 'data': {'sensor': 'Heart Rate', 'action': 'keypad press', 'key': 5, 'value': 5}}
INFO:root:1722972915.254426,ID:1014,STAGE:2,SEQUENCE:1432,DATA:{'time': 1722972915.254, 'source': 'VitalsTask', 'timer': 92.053, 'data': {'sensor': 'Heart Rate', 'action': 'keypad press', 'key': 5, 'value': 55}}
INFO:root:1722972917.220452,ID:1014,STAGE:2,SEQUENCE:1432,DATA:{'time': 1722972917.22, 'source': 'VitalsTask', 'timer': 94.019, 'data': {'sensor': 'Heart Rate', 'action': 'show action buttons'}}
INFO:root:1722972917.221455,ID:1014,STAGE:2,SEQUENCE:1432,DATA:{'time': 1722972917.22, 'source': 'VitalsTask', 'timer': 94.019, 'data': {'sensor': 'Heart Rate', 'action': 'keypad press', 'key': 10, 'value': 55}}
INFO:root:1722972918.730499,ID:1014,STAGE:2,SEQUENCE:1432,DATA:{'time': 1722972918.73, 'source': 'VitalsTask', 'timer': 95.529, 'data': {'sensor': 'Heart Rate', 'action': 'log', 'data': 'action button pressed'}}
INFO:root:1722972918.733492,ID:1014,STAGE:2,SEQUENCE:1432,DATA:{'time': 1722972918.731, 'source': 'VitalsTask', 'timer': 95.53, 'data': {'sensor': 'Heart Rate', 'action': 'log', 'data': 'starting sensor action'}}
INFO:root:1722972919.744401,ID:1014,STAGE:2,SEQUENCE:1432,DATA:{'time': 1722972919.742, 'source': 'VitalsTask', 'timer': 96.541, 'data': {'sensor': 'Heart Rate', 'action': 'log', 'data': 'sensor action complete'}}
INFO:root:1722972920.338964,ID:1014,STAGE:2,SEQUENCE:1432,DATA:{'time': 1722972920.338, 'source': 'VitalsTask', 'timer': 97.137, 'data': {'sensor': 'Heart Rate', 'action': 'save', 'data': 'action button pressed'}}
INFO:root:1722972920.34073,ID:1014,STAGE:2,SEQUENCE:1432,DATA:{'time': 1722972920.338, 'source': 'VitalsTask', 'timer': 97.137, 'data': {'sensor': 'Heart Rate', 'action': 'save', 'data': 'starting sensor action'}}
INFO:root:1722972920.636729,ID:1014,STAGE:2,SEQUENCE:1432,DATA:{'time': 1722972920.636, 'source': 'VitalsTask', 'timer': 97.435, 'data': {'sensor': 'Heart Rate', 'action': 'save', 'data': 'action button pressed'}}
INFO:root:1722972920.642715,ID:1014,STAGE:2,SEQUENCE:1432,DATA:{'time': 1722972920.637, 'source': 'VitalsTask', 'timer': 97.436, 'data': {'sensor': 'Heart Rate', 'action': 'save', 'data': 'a sensor action is in progress, cancelling'}}
INFO:root:1722972921.357042,ID:1014,STAGE:2,SEQUENCE:1432,DATA:{'time': 1722972921.354, 'source': 'VitalsTask', 'timer': 98.153, 'data': {'sensor': 'Heart Rate', 'action': 'save', 'data': 'sensor action complete'}}
INFO:root:1722972922.963955,ID:1014,STAGE:2,SEQUENCE:1432,DATA:{'time': 1722972922.959, 'source': 'VitalsTask', 'timer': 99.758, 'data': {'sensor': 'O\u2082 Saturation', 'action': 'opened sensor tab'}}
INFO:root:1722972924.859605,ID:1014,STAGE:2,SEQUENCE:1432,DATA:{'time': 1722972924.858, 'source': 'VitalsTask', 'timer': 101.657, 'data': {'sensor': 'O\u2082 Saturation', 'action': 'capture', 'data': 'action button pressed'}}
INFO:root:1722972924.861599,ID:1014,STAGE:2,SEQUENCE:1432,DATA:{'time': 1722972924.858, 'source': 'VitalsTask', 'timer': 101.657, 'data': {'sensor': 'O\u2082 Saturation', 'action': 'capture', 'data': 'starting sensor action'}}
INFO:root:1722972925.880584,ID:1014,STAGE:2,SEQUENCE:1432,DATA:{'time': 1722972925.875, 'source': 'VitalsTask', 'timer': 102.674, 'data': {'sensor': 'O\u2082 Saturation', 'action': 'capture', 'data': 'sensor action complete'}}
INFO:root:1722972925.882579,ID:1014,STAGE:2,SEQUENCE:1432,DATA:{'time': 1722972925.877, 'source': 'VitalsTask', 'timer': 102.676, 'data': {'sensor': 'O\u2082 Saturation', 'action': 'keypad open'}}
INFO:root:1722972926.705025,ID:1014,STAGE:2,SEQUENCE:1432,DATA:{'time': 1722972926.704, 'source': 'VitalsTask', 'timer': 103.503, 'data': {'sensor': 'O\u2082 Saturation', 'action': 'keypad press', 'key': 1, 'value': 1}}
INFO:root:1722972927.881012,ID:1014,STAGE:2,SEQUENCE:1432,DATA:{'time': 1722972927.88, 'source': 'VitalsTask', 'timer': 104.679, 'data': {'sensor': 'O\u2082 Saturation', 'action': 'keypad press', 'key': 11, 'value': 10}}
INFO:root:1722972928.186425,ID:1014,STAGE:2,SEQUENCE:1432,DATA:{'time': 1722972928.185, 'source': 'VitalsTask', 'timer': 104.984, 'data': {'sensor': 'O\u2082 Saturation', 'action': 'keypad press', 'key': 11, 'value': 100}}
INFO:root:1722972929.08875,ID:1014,STAGE:2,SEQUENCE:1432,DATA:{'time': 1722972929.087, 'source': 'VitalsTask', 'timer': 105.886, 'data': {'sensor': 'O\u2082 Saturation', 'action': 'show action buttons'}}
INFO:root:1722972929.090744,ID:1014,STAGE:2,SEQUENCE:1432,DATA:{'time': 1722972929.088, 'source': 'VitalsTask', 'timer': 105.887, 'data': {'sensor': 'O\u2082 Saturation', 'action': 'keypad press', 'key': 10, 'value': 100}}
INFO:root:1722972929.879599,ID:1014,STAGE:2,SEQUENCE:1432,DATA:{'time': 1722972929.876, 'user-id': '1014', 'source': 'HAI Interface', 'destination-index': '3', 'study-stage': '2', 'decision-state': 0, 'vitals-state': 0, 'airspace-state': 0, 'data': {'page': 'inflight', 'action': 'displaying vitals prompt'}}
INFO:root:1722972930.485076,ID:1014,STAGE:2,SEQUENCE:1432,DATA:{'time': 1722972930.484, 'source': 'VitalsTask', 'timer': 107.283, 'data': {'sensor': 'O\u2082 Saturation', 'action': 'log', 'data': 'action button pressed'}}
INFO:root:1722972930.487079,ID:1014,STAGE:2,SEQUENCE:1432,DATA:{'time': 1722972930.485, 'source': 'VitalsTask', 'timer': 107.284, 'data': {'sensor': 'O\u2082 Saturation', 'action': 'log', 'data': 'starting sensor action'}}
INFO:root:1722972931.498112,ID:1014,STAGE:2,SEQUENCE:1432,DATA:{'time': 1722972931.498, 'source': 'VitalsTask', 'timer': 108.297, 'data': {'sensor': 'O\u2082 Saturation', 'action': 'log', 'data': 'sensor action complete'}}
INFO:root:1722972932.55626,ID:1014,STAGE:2,SEQUENCE:1432,DATA:{'time': 1722972932.556, 'source': 'VitalsTask', 'timer': 109.355, 'data': {'sensor': 'O\u2082 Saturation', 'action': 'save', 'data': 'action button pressed'}}
INFO:root:1722972932.558255,ID:1014,STAGE:2,SEQUENCE:1432,DATA:{'time': 1722972932.556, 'source': 'VitalsTask', 'timer': 109.355, 'data': {'sensor': 'O\u2082 Saturation', 'action': 'save', 'data': 'starting sensor action'}}
INFO:root:1722972933.568209,ID:1014,STAGE:2,SEQUENCE:1432,DATA:{'time': 1722972933.568, 'source': 'VitalsTask', 'timer': 110.367, 'data': {'sensor': 'O\u2082 Saturation', 'action': 'save', 'data': 'sensor action complete'}}
INFO:root:1722972933.717115,ID:1014,STAGE:2,SEQUENCE:1432,DATA:{'time': 1722972933.716, 'source': 'VitalsTask', 'timer': 110.515, 'data': {'sensor': 'Blood Pressure', 'action': 'opened sensor tab'}}
INFO:root:1722972934.657258,ID:1014,STAGE:2,SEQUENCE:1432,DATA:{'time': 1722972934.652, 'source': 'VitalsTask', 'timer': 111.451, 'data': {'sensor': 'Blood Pressure', 'action': 'opened sensor tab'}}
INFO:root:1722972936.606619,ID:1014,STAGE:2,SEQUENCE:1432,DATA:{'time': 1722972936.604, 'source': 'VitalsTask', 'timer': 113.403, 'data': {'sensor': 'Blood Pressure', 'action': 'capture', 'data': 'action button pressed'}}
INFO:root:1722972936.608614,ID:1014,STAGE:2,SEQUENCE:1432,DATA:{'time': 1722972936.605, 'source': 'VitalsTask', 'timer': 113.404, 'data': {'sensor': 'Blood Pressure', 'action': 'capture', 'data': 'starting sensor action'}}
INFO:root:1722972937.621721,ID:1014,STAGE:2,SEQUENCE:1432,DATA:{'time': 1722972937.619, 'source': 'VitalsTask', 'timer': 114.418, 'data': {'sensor': 'Blood Pressure', 'action': 'capture', 'data': 'sensor action complete'}}
INFO:root:1722972937.624713,ID:1014,STAGE:2,SEQUENCE:1432,DATA:{'time': 1722972937.619, 'source': 'VitalsTask', 'timer': 114.418, 'data': {'sensor': 'Blood Pressure', 'action': 'keypad open'}}
INFO:root:1722972938.603569,ID:1014,STAGE:2,SEQUENCE:1432,DATA:{'time': 1722972938.602, 'source': 'VitalsTask', 'timer': 115.401, 'data': {'sensor': 'Blood Pressure', 'action': 'keypad press', 'key': 1, 'value': 1}}
INFO:root:1722972939.473675,ID:1014,STAGE:2,SEQUENCE:1432,DATA:{'time': 1722972939.472, 'source': 'VitalsTask', 'timer': 116.271, 'data': {'sensor': 'Blood Pressure', 'action': 'keypad press', 'key': 2, 'value': 12}}
INFO:root:1722972940.544824,ID:1014,STAGE:2,SEQUENCE:1432,DATA:{'time': 1722972940.544, 'source': 'VitalsTask', 'timer': 117.343, 'data': {'sensor': 'Blood Pressure', 'action': 'keypad press', 'key': 11, 'value': 120}}
INFO:root:1722972941.535262,ID:1014,STAGE:2,SEQUENCE:1432,DATA:{'time': 1722972941.534, 'source': 'VitalsTask', 'timer': 118.333, 'data': {'sensor': 'Blood Pressure', 'action': 'keypad press', 'key': 8, 'value': 1208}}
INFO:root:1722972943.334783,ID:1014,STAGE:2,SEQUENCE:1432,DATA:{'time': 1722972943.332, 'source': 'VitalsTask', 'timer': 120.131, 'data': {'sensor': 'Blood Pressure', 'action': 'show action buttons'}}
INFO:root:1722972943.339994,ID:1014,STAGE:2,SEQUENCE:1432,DATA:{'time': 1722972943.334, 'source': 'VitalsTask', 'timer': 120.133, 'data': {'sensor': 'Blood Pressure', 'action': 'keypad press', 'key': 10, 'value': 1208}}
INFO:root:1722972947.492563,ID:1014,STAGE:2,SEQUENCE:1432,DATA:{'time': 1722972947.491, 'source': 'VitalsTask', 'timer': 124.29, 'data': {'sensor': 'Blood Pressure', 'action': 'log', 'data': 'action button pressed'}}
INFO:root:1722972947.494068,ID:1014,STAGE:2,SEQUENCE:1432,DATA:{'time': 1722972947.492, 'source': 'VitalsTask', 'timer': 124.291, 'data': {'sensor': 'Blood Pressure', 'action': 'log', 'data': 'starting sensor action'}}
INFO:root:1722972948.504861,ID:1014,STAGE:2,SEQUENCE:1432,DATA:{'time': 1722972948.505, 'source': 'VitalsTask', 'timer': 125.304, 'data': {'sensor': 'Blood Pressure', 'action': 'log', 'data': 'sensor action complete'}}
INFO:root:1722972949.862957,ID:1014,STAGE:2,SEQUENCE:1432,DATA:{'time': 1722972949.862, 'source': 'VitalsTask', 'timer': 126.661, 'data': {'sensor': 'Blood Pressure', 'action': 'save', 'data': 'action button pressed'}}
INFO:root:1722972949.863954,ID:1014,STAGE:2,SEQUENCE:1432,DATA:{'time': 1722972949.862, 'source': 'VitalsTask', 'timer': 126.661, 'data': {'sensor': 'Blood Pressure', 'action': 'save', 'data': 'starting sensor action'}}
INFO:root:1722972950.876009,ID:1014,STAGE:2,SEQUENCE:1432,DATA:{'time': 1722972950.876, 'source': 'VitalsTask', 'timer': 127.675, 'data': {'sensor': 'Blood Pressure', 'action': 'save', 'data': 'sensor action complete'}}
INFO:root:1722972951.659946,ID:1014,STAGE:2,SEQUENCE:1432,DATA:{'time': 1722972951.658, 'source': 'VitalsTask', 'timer': 128.457, 'data': {'sensor': 'Blood Pressure', 'action': 'save', 'data': 'action button pressed'}}
INFO:root:1722972951.660944,ID:1014,STAGE:2,SEQUENCE:1432,DATA:{'time': 1722972951.659, 'source': 'VitalsTask', 'timer': 128.458, 'data': {'sensor': 'Blood Pressure', 'action': 'save', 'data': 'sensor item has already been completed, cancelling'}}
INFO:root:1722972953.822445,ID:1014,STAGE:2,SEQUENCE:1432,DATA:{'time': 1722972953.818, 'source': 'VitalsTask', 'timer': 130.617, 'data': {'sensor': 'submit', 'action': 'submit'}}
INFO:root:1722972953.824439,ID:1014,STAGE:2,SEQUENCE:1432,DATA:{'time': 1722972953.819, 'source': 'VitalsTask', 'timer': 130.618, 'data': {'sensor': 'submit', 'action': 'submit', 'data': 'submit succeeded'}}
INFO:root:1722972955.301666,ID:1014,STAGE:2,SEQUENCE:1432,DATA:{'time': 1722972955.297, 'user-id': '1014', 'source': 'HAI Interface', 'destination-index': '3', 'study-stage': '2', 'decision-state': 0, 'vitals-state': 0, 'airspace-state': 0, 'data': {'page': 'inflight', 'action': 'user acknowledged vitals prompt'}}
INFO:root:Inflight Radio Update asked
INFO:root:sent request to set radio update complete
INFO:root:1722972983.891258,ID:1014,STAGE:2,SEQUENCE:1432,DATA:{'time': 1722972983.887, 'user-id': '1014', 'source': 'HAI Interface', 'destination-index': '3', 'study-stage': '2', 'decision-state': 0, 'vitals-state': 0, 'airspace-state': 0, 'data': {'action': 'transmit button pressed'}}
INFO:root:1722972983.896273,ID:1014,STAGE:2,SEQUENCE:1432,DATA:{'time': 1722972983.888, 'user-id': '1014', 'source': 'HAI Interface', 'destination-index': '3', 'study-stage': '2', 'decision-state': 0, 'vitals-state': 0, 'airspace-state': 0, 'data': {'action': 'callsign set to: + NASXGS'}}
INFO:root:1722972983.898887,ID:1014,STAGE:2,SEQUENCE:1432,DATA:{'time': 1722972983.888, 'user-id': '1014', 'source': 'HAI Interface', 'destination-index': '3', 'study-stage': '2', 'decision-state': 0, 'vitals-state': 0, 'airspace-state': 0, 'data': {'action': 'radio set to:Comm1'}}
INFO:root:1722972983.903392,ID:1014,STAGE:2,SEQUENCE:1432,DATA:{'time': 1722972983.888, 'user-id': '1014', 'source': 'HAI Interface', 'destination-index': '3', 'study-stage': '2', 'decision-state': 0, 'vitals-state': 0, 'airspace-state': 0, 'data': {'page': 'map', 'action': 'show map'}}
INFO:root:1722972983.908799,ID:1014,STAGE:2,SEQUENCE:1432,DATA:{'time': 1722972983.889, 'user-id': '1014', 'source': 'HAI Interface', 'destination-index': '3', 'study-stage': '2', 'decision-state': 0, 'vitals-state': 0, 'airspace-state': 0, 'data': {'page': 'map', 'action': 'selected helipad', 'value': '21'}}
INFO:root:1722972983.911315,ID:1014,STAGE:2,SEQUENCE:1432,DATA:{'time': 1722972983.893, 'user-id': '1014', 'source': 'HAI Interface', 'destination-index': '3', 'study-stage': '2', 'decision-state': 0, 'vitals-state': 0, 'airspace-state': 0, 'data': {'action': 'NASXGStransmitting updates onComm1123.45 MHz'}}
INFO:root:1722972995.322644,ID:1014,STAGE:2,SEQUENCE:1432,DATA:{'time': 1722972995.318, 'user-id': '1014', 'source': 'HAI Interface', 'destination-index': '3', 'study-stage': '2', 'decision-state': 0, 'vitals-state': 0, 'airspace-state': 0, 'data': {'page': 'map', 'action': 'hide map'}}
INFO:root:1722973001.768468,ID:1014,STAGE:2,SEQUENCE:1432,DATA:{'time': 1722973001.767, 'source': 'VitalsTask', 'timer': 47.948, 'data': {'sensor': 'Blood Pressure', 'action': 'capture', 'data': 'action button pressed'}}
INFO:root:1722973001.769972,ID:1014,STAGE:2,SEQUENCE:1432,DATA:{'time': 1722973001.768, 'source': 'VitalsTask', 'timer': 47.949, 'data': {'sensor': 'Blood Pressure', 'action': 'capture', 'data': 'starting sensor action'}}
INFO:root:1722973002.780322,ID:1014,STAGE:2,SEQUENCE:1432,DATA:{'time': 1722973002.779, 'source': 'VitalsTask', 'timer': 48.96, 'data': {'sensor': 'Blood Pressure', 'action': 'capture', 'data': 'sensor action complete'}}
INFO:root:1722973002.783313,ID:1014,STAGE:2,SEQUENCE:1432,DATA:{'time': 1722973002.78, 'source': 'VitalsTask', 'timer': 48.961, 'data': {'sensor': 'Blood Pressure', 'action': 'keypad open'}}
INFO:root:1722973004.422713,ID:1014,STAGE:2,SEQUENCE:1432,DATA:{'time': 1722973004.422, 'source': 'VitalsTask', 'timer': 50.603, 'data': {'sensor': 'Blood Pressure', 'action': 'keypad press', 'key': 1, 'value': 1}}
INFO:root:1722973005.175021,ID:1014,STAGE:2,SEQUENCE:1432,DATA:{'time': 1722973005.172, 'source': 'VitalsTask', 'timer': 51.353, 'data': {'sensor': 'Blood Pressure', 'action': 'keypad press', 'key': 2, 'value': 12}}
INFO:root:1722973006.268751,ID:1014,STAGE:2,SEQUENCE:1432,DATA:{'time': 1722973006.269, 'source': 'VitalsTask', 'timer': 52.45, 'data': {'sensor': 'Blood Pressure', 'action': 'keypad press', 'key': 11, 'value': 120}}
INFO:root:1722973007.228793,ID:1014,STAGE:2,SEQUENCE:1432,DATA:{'time': 1722973007.225, 'source': 'VitalsTask', 'timer': 53.406, 'data': {'sensor': 'Blood Pressure', 'action': 'keypad press', 'key': 8, 'value': 1208}}
INFO:root:1722973008.72489,ID:1014,STAGE:2,SEQUENCE:1432,DATA:{'time': 1722973008.724, 'source': 'VitalsTask', 'timer': 54.905, 'data': {'sensor': 'Blood Pressure', 'action': 'keypad press', 'key': 11, 'value': 12080}}
INFO:root:1722973009.741854,ID:1014,STAGE:2,SEQUENCE:1432,DATA:{'time': 1722973009.74, 'source': 'VitalsTask', 'timer': 55.921, 'data': {'sensor': 'Blood Pressure', 'action': 'show action buttons'}}
INFO:root:1722973009.743848,ID:1014,STAGE:2,SEQUENCE:1432,DATA:{'time': 1722973009.74, 'source': 'VitalsTask', 'timer': 55.921, 'data': {'sensor': 'Blood Pressure', 'action': 'keypad press', 'key': 10, 'value': 12080}}
INFO:root:1722973010.877559,ID:1014,STAGE:2,SEQUENCE:1432,DATA:{'time': 1722973010.876, 'source': 'VitalsTask', 'timer': 57.057, 'data': {'sensor': 'Blood Pressure', 'action': 'log', 'data': 'action button pressed'}}
INFO:root:1722973010.880465,ID:1014,STAGE:2,SEQUENCE:1432,DATA:{'time': 1722973010.876, 'source': 'VitalsTask', 'timer': 57.057, 'data': {'sensor': 'Blood Pressure', 'action': 'log', 'data': 'starting sensor action'}}
INFO:root:1722973011.897578,ID:1014,STAGE:2,SEQUENCE:1432,DATA:{'time': 1722973011.896, 'source': 'VitalsTask', 'timer': 58.077, 'data': {'sensor': 'Blood Pressure', 'action': 'log', 'data': 'sensor action complete'}}
INFO:root:1722973012.555036,ID:1014,STAGE:2,SEQUENCE:1432,DATA:{'time': 1722973012.554, 'source': 'VitalsTask', 'timer': 58.735, 'data': {'sensor': 'Blood Pressure', 'action': 'save', 'data': 'action button pressed'}}
INFO:root:1722973012.55703,ID:1014,STAGE:2,SEQUENCE:1432,DATA:{'time': 1722973012.554, 'source': 'VitalsTask', 'timer': 58.735, 'data': {'sensor': 'Blood Pressure', 'action': 'save', 'data': 'starting sensor action'}}
INFO:root:1722973013.572025,ID:1014,STAGE:2,SEQUENCE:1432,DATA:{'time': 1722973013.57, 'source': 'VitalsTask', 'timer': 59.751, 'data': {'sensor': 'Blood Pressure', 'action': 'save', 'data': 'sensor action complete'}}
INFO:root:1722973014.771503,ID:1014,STAGE:2,SEQUENCE:1432,DATA:{'time': 1722973014.771, 'source': 'VitalsTask', 'timer': 60.952, 'data': {'sensor': 'O\u2082 Saturation', 'action': 'opened sensor tab'}}
INFO:root:1722973015.893774,ID:1014,STAGE:2,SEQUENCE:1432,DATA:{'time': 1722973015.892, 'source': 'VitalsTask', 'timer': 62.073, 'data': {'sensor': 'O\u2082 Saturation', 'action': 'capture', 'data': 'action button pressed'}}
INFO:root:1722973015.895706,ID:1014,STAGE:2,SEQUENCE:1432,DATA:{'time': 1722973015.892, 'source': 'VitalsTask', 'timer': 62.073, 'data': {'sensor': 'O\u2082 Saturation', 'action': 'capture', 'data': 'starting sensor action'}}
INFO:root:1722973016.902634,ID:1014,STAGE:2,SEQUENCE:1432,DATA:{'time': 1722973016.902, 'source': 'VitalsTask', 'timer': 63.083, 'data': {'sensor': 'O\u2082 Saturation', 'action': 'capture', 'data': 'sensor action complete'}}
INFO:root:1722973016.905624,ID:1014,STAGE:2,SEQUENCE:1432,DATA:{'time': 1722973016.902, 'source': 'VitalsTask', 'timer': 63.083, 'data': {'sensor': 'O\u2082 Saturation', 'action': 'keypad open'}}
INFO:root:1722973017.803405,ID:1014,STAGE:2,SEQUENCE:1432,DATA:{'time': 1722973017.803, 'source': 'VitalsTask', 'timer': 63.984, 'data': {'sensor': 'O\u2082 Saturation', 'action': 'keypad press', 'key': 1, 'value': 1}}
INFO:root:1722973019.433295,ID:1014,STAGE:2,SEQUENCE:1432,DATA:{'time': 1722973019.431, 'source': 'VitalsTask', 'timer': 65.612, 'data': {'sensor': 'O\u2082 Saturation', 'action': 'keypad press', 'key': 11, 'value': 10}}
INFO:root:1722973020.78537,ID:1014,STAGE:2,SEQUENCE:1432,DATA:{'time': 1722973020.785, 'source': 'VitalsTask', 'timer': 66.966, 'data': {'sensor': 'O\u2082 Saturation', 'action': 'keypad press', 'key': 11, 'value': 100}}
INFO:root:1722973021.735951,ID:1014,STAGE:2,SEQUENCE:1432,DATA:{'time': 1722973021.735, 'source': 'VitalsTask', 'timer': 67.916, 'data': {'sensor': 'O\u2082 Saturation', 'action': 'show action buttons'}}
INFO:root:1722973021.73695,ID:1014,STAGE:2,SEQUENCE:1432,DATA:{'time': 1722973021.736, 'source': 'VitalsTask', 'timer': 67.917, 'data': {'sensor': 'O\u2082 Saturation', 'action': 'keypad press', 'key': 10, 'value': 100}}
INFO:root:1722973023.307888,ID:1014,STAGE:2,SEQUENCE:1432,DATA:{'time': 1722973023.307, 'source': 'VitalsTask', 'timer': 69.488, 'data': {'sensor': 'O\u2082 Saturation', 'action': 'log', 'data': 'action button pressed'}}
INFO:root:1722973023.30989,ID:1014,STAGE:2,SEQUENCE:1432,DATA:{'time': 1722973023.308, 'source': 'VitalsTask', 'timer': 69.489, 'data': {'sensor': 'O\u2082 Saturation', 'action': 'log', 'data': 'starting sensor action'}}
INFO:root:1722973024.322164,ID:1014,STAGE:2,SEQUENCE:1432,DATA:{'time': 1722973024.322, 'source': 'VitalsTask', 'timer': 70.503, 'data': {'sensor': 'O\u2082 Saturation', 'action': 'log', 'data': 'sensor action complete'}}
INFO:root:1722973025.008875,ID:1014,STAGE:2,SEQUENCE:1432,DATA:{'time': 1722973025.008, 'source': 'VitalsTask', 'timer': 71.189, 'data': {'sensor': 'O\u2082 Saturation', 'action': 'save', 'data': 'action button pressed'}}
INFO:root:1722973025.011378,ID:1014,STAGE:2,SEQUENCE:1432,DATA:{'time': 1722973025.008, 'source': 'VitalsTask', 'timer': 71.189, 'data': {'sensor': 'O\u2082 Saturation', 'action': 'save', 'data': 'starting sensor action'}}
INFO:root:1722973026.022979,ID:1014,STAGE:2,SEQUENCE:1432,DATA:{'time': 1722973026.022, 'source': 'VitalsTask', 'timer': 72.203, 'data': {'sensor': 'O\u2082 Saturation', 'action': 'save', 'data': 'sensor action complete'}}
INFO:root:1722973026.671665,ID:1014,STAGE:2,SEQUENCE:1432,DATA:{'time': 1722973026.668, 'source': 'VitalsTask', 'timer': 72.849, 'data': {'sensor': 'Heart Rate', 'action': 'opened sensor tab'}}
INFO:root:1722973028.786243,ID:1014,STAGE:2,SEQUENCE:1432,DATA:{'time': 1722973028.786, 'source': 'VitalsTask', 'timer': 74.967, 'data': {'sensor': 'Heart Rate', 'action': 'capture', 'data': 'action button pressed'}}
INFO:root:1722973028.788242,ID:1014,STAGE:2,SEQUENCE:1432,DATA:{'time': 1722973028.786, 'source': 'VitalsTask', 'timer': 74.967, 'data': {'sensor': 'Heart Rate', 'action': 'capture', 'data': 'starting sensor action'}}
INFO:root:1722973028.929955,ID:1014,STAGE:2,SEQUENCE:1432,DATA:{'time': 1722973028.926, 'user-id': '1014', 'source': 'HAI Interface', 'destination-index': '3', 'study-stage': '2', 'decision-state': 0, 'vitals-state': 0, 'airspace-state': 0, 'data': {'page': 'inflight', 'action': 'displaying vitals prompt'}}
INFO:root:1722973029.809123,ID:1014,STAGE:2,SEQUENCE:1432,DATA:{'time': 1722973029.808, 'source': 'VitalsTask', 'timer': 75.989, 'data': {'sensor': 'Heart Rate', 'action': 'capture', 'data': 'sensor action complete'}}
INFO:root:1722973029.811125,ID:1014,STAGE:2,SEQUENCE:1432,DATA:{'time': 1722973029.809, 'source': 'VitalsTask', 'timer': 75.99, 'data': {'sensor': 'Heart Rate', 'action': 'keypad open'}}
INFO:root:1722973030.714763,ID:1014,STAGE:2,SEQUENCE:1432,DATA:{'time': 1722973030.711, 'source': 'VitalsTask', 'timer': 76.892, 'data': {'sensor': 'Heart Rate', 'action': 'keypad press', 'key': 5, 'value': 5}}
INFO:root:1722973031.591572,ID:1014,STAGE:2,SEQUENCE:1432,DATA:{'time': 1722973031.592, 'source': 'VitalsTask', 'timer': 77.773, 'data': {'sensor': 'Heart Rate', 'action': 'keypad press', 'key': 5, 'value': 55}}
INFO:root:1722973032.783397,ID:1014,STAGE:2,SEQUENCE:1432,DATA:{'time': 1722973032.783, 'source': 'VitalsTask', 'timer': 78.964, 'data': {'sensor': 'Heart Rate', 'action': 'show action buttons'}}
INFO:root:1722973032.785391,ID:1014,STAGE:2,SEQUENCE:1432,DATA:{'time': 1722973032.784, 'source': 'VitalsTask', 'timer': 78.965, 'data': {'sensor': 'Heart Rate', 'action': 'keypad press', 'key': 10, 'value': 55}}
INFO:root:1722973034.29628,ID:1014,STAGE:2,SEQUENCE:1432,DATA:{'time': 1722973034.295, 'source': 'VitalsTask', 'timer': 80.476, 'data': {'sensor': 'Heart Rate', 'action': 'log', 'data': 'action button pressed'}}
INFO:root:1722973034.298272,ID:1014,STAGE:2,SEQUENCE:1432,DATA:{'time': 1722973034.295, 'source': 'VitalsTask', 'timer': 80.476, 'data': {'sensor': 'Heart Rate', 'action': 'log', 'data': 'starting sensor action'}}
INFO:root:1722973035.315064,ID:1014,STAGE:2,SEQUENCE:1432,DATA:{'time': 1722973035.314, 'source': 'VitalsTask', 'timer': 81.495, 'data': {'sensor': 'Heart Rate', 'action': 'log', 'data': 'sensor action complete'}}
INFO:root:1722973035.962689,ID:1014,STAGE:2,SEQUENCE:1432,DATA:{'time': 1722973035.961, 'source': 'VitalsTask', 'timer': 82.142, 'data': {'sensor': 'Heart Rate', 'action': 'save', 'data': 'action button pressed'}}
INFO:root:1722973035.964689,ID:1014,STAGE:2,SEQUENCE:1432,DATA:{'time': 1722973035.961, 'source': 'VitalsTask', 'timer': 82.142, 'data': {'sensor': 'Heart Rate', 'action': 'save', 'data': 'starting sensor action'}}
INFO:root:1722973036.978582,ID:1014,STAGE:2,SEQUENCE:1432,DATA:{'time': 1722973036.978, 'source': 'VitalsTask', 'timer': 83.159, 'data': {'sensor': 'Heart Rate', 'action': 'save', 'data': 'sensor action complete'}}
INFO:root:1722973038.224155,ID:1014,STAGE:2,SEQUENCE:1432,DATA:{'time': 1722973038.223, 'source': 'VitalsTask', 'timer': 84.404, 'data': {'sensor': 'submit', 'action': 'submit'}}
INFO:root:1722973038.226156,ID:1014,STAGE:2,SEQUENCE:1432,DATA:{'time': 1722973038.224, 'source': 'VitalsTask', 'timer': 84.405, 'data': {'sensor': 'submit', 'action': 'submit', 'data': 'submit succeeded'}}
INFO:root:1722973039.194348,ID:1014,STAGE:2,SEQUENCE:1432,DATA:{'time': 1722973039.19, 'user-id': '1014', 'source': 'HAI Interface', 'destination-index': '3', 'study-stage': '2', 'decision-state': 0, 'vitals-state': 0, 'airspace-state': 0, 'data': {'page': 'inflight', 'action': 'user acknowledged vitals prompt'}}
INFO:root:Inflight Radio Update asked
INFO:root:sent request to set radio update complete
INFO:root:1722973082.500867,ID:1014,STAGE:2,SEQUENCE:1432,DATA:{'time': 1722973082.497, 'user-id': '1014', 'source': 'HAI Interface', 'destination-index': '3', 'study-stage': '2', 'decision-state': 0, 'vitals-state': 0, 'airspace-state': 0, 'data': {'action': 'transmit button pressed'}}
INFO:root:1722973082.502862,ID:1014,STAGE:2,SEQUENCE:1432,DATA:{'time': 1722973082.497, 'user-id': '1014', 'source': 'HAI Interface', 'destination-index': '3', 'study-stage': '2', 'decision-state': 0, 'vitals-state': 0, 'airspace-state': 0, 'data': {'action': 'callsign set to: + NASXGS'}}
INFO:root:1722973082.504366,ID:1014,STAGE:2,SEQUENCE:1432,DATA:{'time': 1722973082.498, 'user-id': '1014', 'source': 'HAI Interface', 'destination-index': '3', 'study-stage': '2', 'decision-state': 0, 'vitals-state': 0, 'airspace-state': 0, 'data': {'action': 'radio set to:Comm1'}}
INFO:root:1722973082.508437,ID:1014,STAGE:2,SEQUENCE:1432,DATA:{'time': 1722973082.498, 'user-id': '1014', 'source': 'HAI Interface', 'destination-index': '3', 'study-stage': '2', 'decision-state': 0, 'vitals-state': 0, 'airspace-state': 0, 'data': {'page': 'map', 'action': 'show map'}}
INFO:root:1722973082.511433,ID:1014,STAGE:2,SEQUENCE:1432,DATA:{'time': 1722973082.498, 'user-id': '1014', 'source': 'HAI Interface', 'destination-index': '3', 'study-stage': '2', 'decision-state': 0, 'vitals-state': 0, 'airspace-state': 0, 'data': {'page': 'map', 'action': 'selected helipad', 'value': '21'}}
INFO:root:1722973082.520708,ID:1014,STAGE:2,SEQUENCE:1432,DATA:{'time': 1722973082.502, 'user-id': '1014', 'source': 'HAI Interface', 'destination-index': '3', 'study-stage': '2', 'decision-state': 0, 'vitals-state': 0, 'airspace-state': 0, 'data': {'action': 'NASXGStransmitting updates onComm1123.45 MHz'}}
INFO:SimConnect.SimConnect:SIM OPEN
INFO:root:1722973093.60154,ID:1014,STAGE:2,SEQUENCE:1432,DATA:{'time': 1722973093.598, 'user-id': '1014', 'source': 'HAI Interface', 'destination-index': '3', 'study-stage': '2', 'decision-state': 0, 'vitals-state': 0, 'airspace-state': 0, 'data': {'page': 'map', 'action': 'hide map'}}
INFO:root:1722973097.291802,ID:1014,STAGE:2,SEQUENCE:1432,DATA:{'time': 1722973097.291, 'source': 'VitalsTask', 'timer': 59.066, 'data': {'sensor': 'Heart Rate', 'action': 'capture', 'data': 'action button pressed'}}
INFO:root:1722973097.294795,ID:1014,STAGE:2,SEQUENCE:1432,DATA:{'time': 1722973097.291, 'source': 'VitalsTask', 'timer': 59.066, 'data': {'sensor': 'Heart Rate', 'action': 'capture', 'data': 'starting sensor action'}}
INFO:root:1722973098.305835,ID:1014,STAGE:2,SEQUENCE:1432,DATA:{'time': 1722973098.305, 'source': 'VitalsTask', 'timer': 60.08, 'data': {'sensor': 'Heart Rate', 'action': 'capture', 'data': 'sensor action complete'}}
INFO:root:1722973098.306838,ID:1014,STAGE:2,SEQUENCE:1432,DATA:{'time': 1722973098.305, 'source': 'VitalsTask', 'timer': 60.08, 'data': {'sensor': 'Heart Rate', 'action': 'keypad open'}}
INFO:root:1722973099.398485,ID:1014,STAGE:2,SEQUENCE:1432,DATA:{'time': 1722973099.395, 'source': 'VitalsTask', 'timer': 61.17, 'data': {'sensor': 'Heart Rate', 'action': 'keypad press', 'key': 5, 'value': 5}}
INFO:root:1722973099.710179,ID:1014,STAGE:2,SEQUENCE:1432,DATA:{'time': 1722973099.708, 'source': 'VitalsTask', 'timer': 61.483, 'data': {'sensor': 'Heart Rate', 'action': 'keypad press', 'key': 5, 'value': 55}}
INFO:root:1722973101.021474,ID:1014,STAGE:2,SEQUENCE:1432,DATA:{'time': 1722973101.02, 'source': 'VitalsTask', 'timer': 62.795, 'data': {'sensor': 'Heart Rate', 'action': 'show action buttons'}}
INFO:root:1722973101.023066,ID:1014,STAGE:2,SEQUENCE:1432,DATA:{'time': 1722973101.021, 'source': 'VitalsTask', 'timer': 62.796, 'data': {'sensor': 'Heart Rate', 'action': 'keypad press', 'key': 10, 'value': 55}}
INFO:root:1722973102.494806,ID:1014,STAGE:2,SEQUENCE:1432,DATA:{'time': 1722973102.493, 'source': 'VitalsTask', 'timer': 64.268, 'data': {'sensor': 'Heart Rate', 'action': 'log', 'data': 'action button pressed'}}
INFO:root:1722973102.497311,ID:1014,STAGE:2,SEQUENCE:1432,DATA:{'time': 1722973102.493, 'source': 'VitalsTask', 'timer': 64.268, 'data': {'sensor': 'Heart Rate', 'action': 'log', 'data': 'starting sensor action'}}
INFO:root:1722973103.509865,ID:1014,STAGE:2,SEQUENCE:1432,DATA:{'time': 1722973103.51, 'source': 'VitalsTask', 'timer': 65.285, 'data': {'sensor': 'Heart Rate', 'action': 'log', 'data': 'sensor action complete'}}
INFO:root:1722973105.725926,ID:1014,STAGE:2,SEQUENCE:1432,DATA:{'time': 1722973105.724, 'source': 'VitalsTask', 'timer': 67.499, 'data': {'sensor': 'Heart Rate', 'action': 'save', 'data': 'action button pressed'}}
INFO:root:1722973105.730912,ID:1014,STAGE:2,SEQUENCE:1432,DATA:{'time': 1722973105.725, 'source': 'VitalsTask', 'timer': 67.5, 'data': {'sensor': 'Heart Rate', 'action': 'save', 'data': 'starting sensor action'}}
INFO:root:1722973106.746654,ID:1014,STAGE:2,SEQUENCE:1432,DATA:{'time': 1722973106.745, 'source': 'VitalsTask', 'timer': 68.52, 'data': {'sensor': 'Heart Rate', 'action': 'save', 'data': 'sensor action complete'}}
INFO:root:1722973107.795229,ID:1014,STAGE:2,SEQUENCE:1432,DATA:{'time': 1722973107.787, 'source': 'VitalsTask', 'timer': 69.562, 'data': {'sensor': 'O\u2082 Saturation', 'action': 'opened sensor tab'}}
INFO:root:1722973110.08694,ID:1014,STAGE:2,SEQUENCE:1432,DATA:{'time': 1722973110.085, 'source': 'VitalsTask', 'timer': 71.86, 'data': {'sensor': 'O\u2082 Saturation', 'action': 'capture', 'data': 'action button pressed'}}
INFO:root:1722973110.089444,ID:1014,STAGE:2,SEQUENCE:1432,DATA:{'time': 1722973110.086, 'source': 'VitalsTask', 'timer': 71.861, 'data': {'sensor': 'O\u2082 Saturation', 'action': 'capture', 'data': 'starting sensor action'}}
INFO:root:1722973111.106229,ID:1014,STAGE:2,SEQUENCE:1432,DATA:{'time': 1722973111.104, 'source': 'VitalsTask', 'timer': 72.879, 'data': {'sensor': 'O\u2082 Saturation', 'action': 'capture', 'data': 'sensor action complete'}}
INFO:root:1722973111.108224,ID:1014,STAGE:2,SEQUENCE:1432,DATA:{'time': 1722973111.105, 'source': 'VitalsTask', 'timer': 72.88, 'data': {'sensor': 'O\u2082 Saturation', 'action': 'keypad open'}}
INFO:root:1722973111.963736,ID:1014,STAGE:2,SEQUENCE:1432,DATA:{'time': 1722973111.962, 'source': 'VitalsTask', 'timer': 73.737, 'data': {'sensor': 'O\u2082 Saturation', 'action': 'keypad press', 'key': 1, 'value': 1}}
INFO:root:1722973113.417747,ID:1014,STAGE:2,SEQUENCE:1432,DATA:{'time': 1722973113.414, 'source': 'VitalsTask', 'timer': 75.189, 'data': {'sensor': 'O\u2082 Saturation', 'action': 'keypad press', 'key': 11, 'value': 10}}
INFO:root:1722973114.148078,ID:1014,STAGE:2,SEQUENCE:1432,DATA:{'time': 1722973114.146, 'source': 'VitalsTask', 'timer': 75.921, 'data': {'sensor': 'O\u2082 Saturation', 'action': 'keypad press', 'key': 11, 'value': 100}}
INFO:root:1722973115.066089,ID:1014,STAGE:2,SEQUENCE:1432,DATA:{'time': 1722973115.065, 'source': 'VitalsTask', 'timer': 76.84, 'data': {'sensor': 'O\u2082 Saturation', 'action': 'show action buttons'}}
INFO:root:1722973115.069081,ID:1014,STAGE:2,SEQUENCE:1432,DATA:{'time': 1722973115.066, 'source': 'VitalsTask', 'timer': 76.841, 'data': {'sensor': 'O\u2082 Saturation', 'action': 'keypad press', 'key': 10, 'value': 100}}
INFO:root:1722973116.353409,ID:1014,STAGE:2,SEQUENCE:1432,DATA:{'time': 1722973116.353, 'source': 'VitalsTask', 'timer': 78.128, 'data': {'sensor': 'O\u2082 Saturation', 'action': 'log', 'data': 'action button pressed'}}
INFO:root:1722973116.355404,ID:1014,STAGE:2,SEQUENCE:1432,DATA:{'time': 1722973116.353, 'source': 'VitalsTask', 'timer': 78.128, 'data': {'sensor': 'O\u2082 Saturation', 'action': 'log', 'data': 'starting sensor action'}}
INFO:root:1722973117.366572,ID:1014,STAGE:2,SEQUENCE:1432,DATA:{'time': 1722973117.367, 'source': 'VitalsTask', 'timer': 79.142, 'data': {'sensor': 'O\u2082 Saturation', 'action': 'log', 'data': 'sensor action complete'}}
INFO:root:1722973118.15994,ID:1014,STAGE:2,SEQUENCE:1432,DATA:{'time': 1722973118.159, 'source': 'VitalsTask', 'timer': 79.934, 'data': {'sensor': 'O\u2082 Saturation', 'action': 'save', 'data': 'action button pressed'}}
INFO:root:1722973118.163468,ID:1014,STAGE:2,SEQUENCE:1432,DATA:{'time': 1722973118.159, 'source': 'VitalsTask', 'timer': 79.934, 'data': {'sensor': 'O\u2082 Saturation', 'action': 'save', 'data': 'starting sensor action'}}
INFO:root:1722973119.181266,ID:1014,STAGE:2,SEQUENCE:1432,DATA:{'time': 1722973119.18, 'source': 'VitalsTask', 'timer': 80.955, 'data': {'sensor': 'O\u2082 Saturation', 'action': 'save', 'data': 'sensor action complete'}}
INFO:root:1722973120.261663,ID:1014,STAGE:2,SEQUENCE:1432,DATA:{'time': 1722973120.261, 'source': 'VitalsTask', 'timer': 82.036, 'data': {'sensor': 'Blood Pressure', 'action': 'opened sensor tab'}}
INFO:root:1722973121.786289,ID:1014,STAGE:2,SEQUENCE:1432,DATA:{'time': 1722973121.786, 'source': 'VitalsTask', 'timer': 83.561, 'data': {'sensor': 'Blood Pressure', 'action': 'capture', 'data': 'action button pressed'}}
INFO:root:1722973121.78729,ID:1014,STAGE:2,SEQUENCE:1432,DATA:{'time': 1722973121.786, 'source': 'VitalsTask', 'timer': 83.561, 'data': {'sensor': 'Blood Pressure', 'action': 'capture', 'data': 'starting sensor action'}}
INFO:root:1722973122.798838,ID:1014,STAGE:2,SEQUENCE:1432,DATA:{'time': 1722973122.798, 'source': 'VitalsTask', 'timer': 84.573, 'data': {'sensor': 'Blood Pressure', 'action': 'capture', 'data': 'sensor action complete'}}
INFO:root:1722973122.800839,ID:1014,STAGE:2,SEQUENCE:1432,DATA:{'time': 1722973122.798, 'source': 'VitalsTask', 'timer': 84.573, 'data': {'sensor': 'Blood Pressure', 'action': 'keypad open'}}
INFO:root:1722973123.848833,ID:1014,STAGE:2,SEQUENCE:1432,DATA:{'time': 1722973123.848, 'source': 'VitalsTask', 'timer': 85.623, 'data': {'sensor': 'Blood Pressure', 'action': 'keypad press', 'key': 1, 'value': 1}}
INFO:root:1722973124.614819,ID:1014,STAGE:2,SEQUENCE:1432,DATA:{'time': 1722973124.614, 'source': 'VitalsTask', 'timer': 86.389, 'data': {'sensor': 'Blood Pressure', 'action': 'keypad press', 'key': 2, 'value': 12}}
INFO:root:1722973125.651791,ID:1014,STAGE:2,SEQUENCE:1432,DATA:{'time': 1722973125.651, 'source': 'VitalsTask', 'timer': 87.426, 'data': {'sensor': 'Blood Pressure', 'action': 'keypad press', 'key': 11, 'value': 120}}
INFO:root:1722973126.811667,ID:1014,STAGE:2,SEQUENCE:1432,DATA:{'time': 1722973126.811, 'source': 'VitalsTask', 'timer': 88.586, 'data': {'sensor': 'Blood Pressure', 'action': 'keypad press', 'key': 8, 'value': 1208}}
INFO:root:1722973127.300573,ID:1014,STAGE:2,SEQUENCE:1432,DATA:{'time': 1722973127.291, 'user-id': '1014', 'source': 'HAI Interface', 'destination-index': '3', 'study-stage': '2', 'decision-state': 0, 'vitals-state': 0, 'airspace-state': 0, 'data': {'page': 'inflight', 'action': 'displaying vitals prompt'}}
INFO:root:1722973127.787808,ID:1014,STAGE:2,SEQUENCE:1432,DATA:{'time': 1722973127.787, 'source': 'VitalsTask', 'timer': 89.562, 'data': {'sensor': 'Blood Pressure', 'action': 'keypad press', 'key': 11, 'value': 12080}}
INFO:root:1722973128.633766,ID:1014,STAGE:2,SEQUENCE:1432,DATA:{'time': 1722973128.633, 'source': 'VitalsTask', 'timer': 90.408, 'data': {'sensor': 'Blood Pressure', 'action': 'show action buttons'}}
INFO:root:1722973128.635761,ID:1014,STAGE:2,SEQUENCE:1432,DATA:{'time': 1722973128.633, 'source': 'VitalsTask', 'timer': 90.408, 'data': {'sensor': 'Blood Pressure', 'action': 'keypad press', 'key': 10, 'value': 12080}}
INFO:root:1722973129.866679,ID:1014,STAGE:2,SEQUENCE:1432,DATA:{'time': 1722973129.865, 'source': 'VitalsTask', 'timer': 91.64, 'data': {'sensor': 'Blood Pressure', 'action': 'log', 'data': 'action button pressed'}}
INFO:root:1722973129.868702,ID:1014,STAGE:2,SEQUENCE:1432,DATA:{'time': 1722973129.865, 'source': 'VitalsTask', 'timer': 91.64, 'data': {'sensor': 'Blood Pressure', 'action': 'log', 'data': 'starting sensor action'}}
INFO:root:1722973130.875261,ID:1014,STAGE:2,SEQUENCE:1432,DATA:{'time': 1722973130.875, 'source': 'VitalsTask', 'timer': 92.65, 'data': {'sensor': 'Blood Pressure', 'action': 'log', 'data': 'sensor action complete'}}
INFO:root:1722973131.54389,ID:1014,STAGE:2,SEQUENCE:1432,DATA:{'time': 1722973131.541, 'source': 'VitalsTask', 'timer': 93.316, 'data': {'sensor': 'Blood Pressure', 'action': 'save', 'data': 'action button pressed'}}
INFO:root:1722973131.547912,ID:1014,STAGE:2,SEQUENCE:1432,DATA:{'time': 1722973131.542, 'source': 'VitalsTask', 'timer': 93.317, 'data': {'sensor': 'Blood Pressure', 'action': 'save', 'data': 'starting sensor action'}}
INFO:root:1722973132.559346,ID:1014,STAGE:2,SEQUENCE:1432,DATA:{'time': 1722973132.559, 'source': 'VitalsTask', 'timer': 94.334, 'data': {'sensor': 'Blood Pressure', 'action': 'save', 'data': 'sensor action complete'}}
INFO:root:1722973134.121277,ID:1014,STAGE:2,SEQUENCE:1432,DATA:{'time': 1722973134.118, 'source': 'VitalsTask', 'timer': 95.893, 'data': {'sensor': 'submit', 'action': 'submit'}}
INFO:root:1722973134.135319,ID:1014,STAGE:2,SEQUENCE:1432,DATA:{'time': 1722973134.118, 'source': 'VitalsTask', 'timer': 95.893, 'data': {'sensor': 'submit', 'action': 'submit', 'data': 'submit succeeded'}}
INFO:root:1722973134.920627,ID:1014,STAGE:2,SEQUENCE:1432,DATA:{'time': 1722973134.901, 'user-id': '1014', 'source': 'HAI Interface', 'destination-index': '3', 'study-stage': '2', 'decision-state': 0, 'vitals-state': 0, 'airspace-state': 0, 'data': {'page': 'inflight', 'action': 'user acknowledged vitals prompt'}}
INFO:SimConnect.SimConnect:SIM OPEN
INFO:SimConnect.SimConnect:SIM OPEN
INFO:root:1722973188.507253,ID:1014,STAGE:2,SEQUENCE:1432,DATA:{'time': 1722973188.497, 'user-id': '1014', 'source': 'HAI Interface', 'destination-index': '3', 'study-stage': '2', 'decision-state': 0, 'vitals-state': '1', 'airspace-state': 0, 'data': {'action': 'receive button pressed'}}
INFO:root:1722973188.512753,ID:1014,STAGE:2,SEQUENCE:1432,DATA:{'time': 1722973188.498, 'user-id': '1014', 'source': 'HAI Interface', 'destination-index': '3', 'study-stage': '2', 'decision-state': 0, 'vitals-state': '1', 'airspace-state': 0, 'data': {'action': 'callsign set to:[object Object]'}}
INFO:root:1722973188.516267,ID:1014,STAGE:2,SEQUENCE:1432,DATA:{'time': 1722973188.498, 'user-id': '1014', 'source': 'HAI Interface', 'destination-index': '3', 'study-stage': '2', 'decision-state': 0, 'vitals-state': '1', 'airspace-state': 0, 'data': {'action': 'radio set to:Comm2'}}
INFO:root:1722973188.5218,ID:1014,STAGE:2,SEQUENCE:1432,DATA:{'time': 1722973188.502, 'user-id': '1014', 'source': 'HAI Interface', 'destination-index': '3', 'study-stage': '2', 'decision-state': 0, 'vitals-state': '1', 'airspace-state': 0, 'data': {'action': 'MEDEVACtransmitting onComm2123.45 MHz'}}
INFO:root:Administer medication radio comm initiated
INFO:root:Administer medication radio comm done- command to clear event  make the receive 0 sent 
INFO:root:voice activity detected
INFO:root:recording started
INFO:root:voice deactivity detected
INFO:root:recording stopped
INFO:root:1722973238.696161,ID:1014,STAGE:2,SEQUENCE:1432,DATA:{'time': 1722973238.665, 'user-id': '1014', 'source': 'HAI Interface', 'destination-index': '3', 'study-stage': '2', 'decision-state': 0, 'vitals-state': '1', 'airspace-state': 0, 'data': {'page': 'Inflight', 'action': 'change altitude button pressed'}}
INFO:root:1722973239.832203,ID:1014,STAGE:2,SEQUENCE:1432,DATA:{'time': 1722973239.824, 'user-id': '1014', 'source': 'HAI Interface', 'destination-index': '3', 'study-stage': '2', 'decision-state': 0, 'vitals-state': '1', 'airspace-state': 0, 'data': {'page': 'map', 'action': 'selected helipad', 'value': '21'}}
INFO:root:1722973241.730046,ID:1014,STAGE:2,SEQUENCE:1432,DATA:{'time': 1722973241.707, 'user-id': '1014', 'source': 'HAI Interface', 'destination-index': '3', 'study-stage': '2', 'decision-state': 0, 'vitals-state': '1', 'airspace-state': 0, 'data': {'page': 'map', 'action': 'selected helipad', 'value': '21'}}
