INFO:root:1723220936.537545,ID:1017,STAGE:4,SEQUENCE:1342,DATA:{'time': 1723220936.533, 'user-id': '1017', 'source': 'HAI Interface', 'destination-index': 'None', 'study-stage': '4', 'decision-state': 0, 'vitals-state': 0, 'airspace-state': 0, 'data': {'page': 'index', 'action': 'confirm button pressed'}}
INFO:root:1723220936.64623,ID:1017,STAGE:4,SEQUENCE:1342,DATA:{'time': 1723220936.642, 'user-id': 'none', 'source': 'HAI Interface', 'destination-index': 3, 'study-stage': -1, 'decision-state': 0, 'vitals-state': 0, 'airspace-state': 0, 'data': {'page': 'location', 'action': 'opened page'}}
INFO:root:Takeoff radiocomms initiated
INFO:comtypes.client._code_cache:Imported existing <module 'comtypes.gen' from 'C:\\Users\\ae-dagbeyibor3\\AppData\\Local\\Programs\\Python\\Python312\\Lib\\site-packages\\comtypes\\gen\\__init__.py'>
INFO:comtypes.client._code_cache:Using writeable comtypes cache directory: 'C:\Users\ae-dagbeyibor3\AppData\Local\Programs\Python\Python312\Lib\site-packages\comtypes\gen'
INFO:root:1723220937.607712,ID:1017,STAGE:4,SEQUENCE:1342,DATA:{'time': 1723220937.604, 'user-id': '1017', 'source': 'HAI Interface', 'destination-index': 'None', 'study-stage': '4', 'decision-state': 0, 'vitals-state': 0, 'airspace-state': 0, 'data': {'page': 'map', 'action': 'selected helipad', 'value': '21'}}
INFO:root:Takeoff radiocomms clear request sent
INFO:root:1723220955.453578,ID:1017,STAGE:4,SEQUENCE:1342,DATA:{'time': 1723220955.451, 'user-id': '1017', 'source': 'HAI Interface', 'destination-index': 'None', 'study-stage': '4', 'decision-state': 0, 'vitals-state': 0, 'airspace-state': 0, 'data': {'page': 'location', 'action': 'confirm button pressed'}}
INFO:root:1723220955.661229,ID:1017,STAGE:4,SEQUENCE:1342,DATA:{'time': 1723220955.657, 'user-id': 'none', 'source': 'HAI Interface', 'destination-index': 3, 'study-stage': -1, 'decision-state': 0, 'vitals-state': 0, 'airspace-state': 0, 'data': {'page': 'checklist', 'action': 'opened page', 'inflight': False}}
INFO:root:1723220956.623915,ID:1017,STAGE:4,SEQUENCE:1342,DATA:{'time': 1723220956.621, 'user-id': '1017', 'source': 'HAI Interface', 'destination-index': '3', 'study-stage': '4', 'decision-state': 0, 'vitals-state': 0, 'airspace-state': 0, 'data': {'page': 'map', 'action': 'selected helipad', 'value': '21'}}
INFO:root:1723220956.742713,ID:1017,STAGE:4,SEQUENCE:1342,DATA:{'time': 1723220956.74, 'user-id': '1017', 'source': 'HAI Interface', 'destination-index': '3', 'study-stage': '4', 'decision-state': 0, 'vitals-state': 0, 'airspace-state': 0, 'data': {'page': 'checklist', 'action': 'toggled checkbox', 'inflight': False, 'item': 0, 'value': 'OFF'}}
INFO:root:1723220957.064755,ID:1017,STAGE:4,SEQUENCE:1342,DATA:{'time': 1723220957.061, 'user-id': '1017', 'source': 'HAI Interface', 'destination-index': '3', 'study-stage': '4', 'decision-state': 0, 'vitals-state': 0, 'airspace-state': 0, 'data': {'page': 'checklist', 'action': 'toggled checkbox', 'inflight': False, 'item': 1, 'value': 'OFF'}}
INFO:root:1723220957.395094,ID:1017,STAGE:4,SEQUENCE:1342,DATA:{'time': 1723220957.392, 'user-id': '1017', 'source': 'HAI Interface', 'destination-index': '3', 'study-stage': '4', 'decision-state': 0, 'vitals-state': 0, 'airspace-state': 0, 'data': {'page': 'checklist', 'action': 'toggled checkbox', 'inflight': False, 'item': 2, 'value': 'OFF'}}
INFO:root:1723220957.39609,ID:1017,STAGE:4,SEQUENCE:1342,DATA:{'time': 1723220957.393, 'user-id': '1017', 'source': 'HAI Interface', 'destination-index': '3', 'study-stage': '4', 'decision-state': 0, 'vitals-state': 0, 'airspace-state': 0, 'data': {'page': 'checklist', 'action': 'showing confirm button', 'inflight': False}}
INFO:root:1723220957.78542,ID:1017,STAGE:4,SEQUENCE:1342,DATA:{'time': 1723220957.783, 'user-id': '1017', 'source': 'HAI Interface', 'destination-index': '3', 'study-stage': '4', 'decision-state': 0, 'vitals-state': 0, 'airspace-state': 0, 'data': {'page': 'checklist', 'action': 'confirm button clicked', 'inflight': False}}
INFO:root:1723220957.888443,ID:1017,STAGE:4,SEQUENCE:1342,DATA:{'time': 1723220957.883, 'user-id': 'none', 'source': 'HAI Interface', 'destination-index': 3, 'study-stage': -1, 'decision-state': 0, 'vitals-state': 0, 'airspace-state': 0, 'data': {'page': 'countdown', 'action': 'opened page'}}
INFO:root:1723220958.841549,ID:1017,STAGE:4,SEQUENCE:1342,DATA:{'time': 1723220958.838, 'user-id': '1017', 'source': 'HAI Interface', 'destination-index': '3', 'study-stage': '4', 'decision-state': 0, 'vitals-state': 0, 'airspace-state': 0, 'data': {'page': 'map', 'action': 'selected helipad', 'value': '21'}}
INFO:root:1723220958.890851,ID:1017,STAGE:4,SEQUENCE:1342,DATA:{'time': 1723220958.888, 'user-id': '1017', 'source': 'HAI Interface', 'destination-index': '3', 'study-stage': '4', 'decision-state': 0, 'vitals-state': 0, 'airspace-state': 0, 'data': {'page': 'countdown', 'action': 'countdown now 4'}}
INFO:root:1723220959.890422,ID:1017,STAGE:4,SEQUENCE:1342,DATA:{'time': 1723220959.887, 'user-id': '1017', 'source': 'HAI Interface', 'destination-index': '3', 'study-stage': '4', 'decision-state': 0, 'vitals-state': 0, 'airspace-state': 0, 'data': {'page': 'countdown', 'action': 'countdown now 3'}}
INFO:root:1723220960.890267,ID:1017,STAGE:4,SEQUENCE:1342,DATA:{'time': 1723220960.888, 'user-id': '1017', 'source': 'HAI Interface', 'destination-index': '3', 'study-stage': '4', 'decision-state': 0, 'vitals-state': 0, 'airspace-state': 0, 'data': {'page': 'countdown', 'action': 'countdown now 2'}}
INFO:root:1723220961.890634,ID:1017,STAGE:4,SEQUENCE:1342,DATA:{'time': 1723220961.888, 'user-id': '1017', 'source': 'HAI Interface', 'destination-index': '3', 'study-stage': '4', 'decision-state': 0, 'vitals-state': 0, 'airspace-state': 0, 'data': {'page': 'countdown', 'action': 'countdown now 1'}}
INFO:root:1723220962.889992,ID:1017,STAGE:4,SEQUENCE:1342,DATA:{'time': 1723220962.888, 'user-id': '1017', 'source': 'HAI Interface', 'destination-index': '3', 'study-stage': '4', 'decision-state': 0, 'vitals-state': 0, 'airspace-state': 0, 'data': {'page': 'countdown', 'action': 'countdown now 0'}}
INFO:root:1723220963.892058,ID:1017,STAGE:4,SEQUENCE:1342,DATA:{'time': 1723220963.888, 'user-id': '1017', 'source': 'HAI Interface', 'destination-index': '3', 'study-stage': '4', 'decision-state': 0, 'vitals-state': 0, 'airspace-state': 0, 'data': {'page': 'countdown', 'action': 'countdown complete'}}
INFO:root:1723220965.723902,ID:1017,STAGE:4,SEQUENCE:1342,DATA:{'time': 1723220965.72, 'user-id': '1017', 'source': 'HAI Interface', 'destination-index': '3', 'study-stage': '4', 'decision-state': 0, 'vitals-state': 0, 'airspace-state': 0, 'data': {'page': 'map', 'action': 'selected helipad', 'value': '21'}}
INFO:root:1723220967.892076,ID:1017,STAGE:4,SEQUENCE:1342,DATA:{'time': 1723220967.888, 'user-id': '1017', 'source': 'HAI Interface', 'destination-index': '3', 'study-stage': '4', 'decision-state': 0, 'vitals-state': 0, 'airspace-state': 0, 'data': {'action': 'radio panel opened'}}
INFO:root:1723220969.392309,ID:1017,STAGE:4,SEQUENCE:1342,DATA:{'time': 1723220969.387, 'user-id': '1017', 'source': 'HAI Interface', 'destination-index': '3', 'study-stage': '4', 'decision-state': 0, 'vitals-state': 0, 'airspace-state': 0, 'data': {'page': 'emergency', 'action': 'trying to change destination to100'}}
INFO:root:1723220969.922092,ID:1017,STAGE:4,SEQUENCE:1342,DATA:{'time': 1723220969.917, 'user-id': '1017', 'source': 'HAI Interface', 'destination-index': '3', 'study-stage': '4', 'decision-state': 0, 'vitals-state': 0, 'airspace-state': 0, 'data': {'page': 'map', 'action': 'show map'}}
INFO:root:1723220969.926591,ID:1017,STAGE:4,SEQUENCE:1342,DATA:{'time': 1723220969.918, 'user-id': '1017', 'source': 'HAI Interface', 'destination-index': '3', 'study-stage': '4', 'decision-state': 0, 'vitals-state': 0, 'airspace-state': 0, 'data': {'page': 'map', 'action': 'selected helipad', 'value': '21'}}
INFO:root:Inflight Radio Update asked
INFO:root:sent request to set radio update complete
INFO:root:1723220974.410043,ID:1017,STAGE:4,SEQUENCE:1342,DATA:{'time': 1723220974.399, 'user-id': '1017', 'source': 'HAI Interface', 'destination-index': '3', 'study-stage': '4', 'decision-state': 0, 'vitals-state': 0, 'airspace-state': 0, 'data': {'page': 'emergency', 'action': 'trying to change destination to19'}}
INFO:root:1723220975.12665,ID:1017,STAGE:4,SEQUENCE:1342,DATA:{'time': 1723220975.123, 'user-id': '1017', 'source': 'HAI Interface', 'destination-index': '3', 'study-stage': '4', 'decision-state': 0, 'vitals-state': 0, 'airspace-state': 0, 'data': {'action': 'transmit button pressed'}}
INFO:root:1723220975.12922,ID:1017,STAGE:4,SEQUENCE:1342,DATA:{'time': 1723220975.123, 'user-id': '1017', 'source': 'HAI Interface', 'destination-index': '3', 'study-stage': '4', 'decision-state': 0, 'vitals-state': 0, 'airspace-state': 0, 'data': {'action': 'callsign set to: + NASXGS'}}
INFO:root:1723220975.130154,ID:1017,STAGE:4,SEQUENCE:1342,DATA:{'time': 1723220975.124, 'user-id': '1017', 'source': 'HAI Interface', 'destination-index': '3', 'study-stage': '4', 'decision-state': 0, 'vitals-state': 0, 'airspace-state': 0, 'data': {'action': 'radio set to:Comm1'}}
INFO:root:1723220975.13215,ID:1017,STAGE:4,SEQUENCE:1342,DATA:{'time': 1723220975.124, 'user-id': '1017', 'source': 'HAI Interface', 'destination-index': '3', 'study-stage': '4', 'decision-state': 0, 'vitals-state': 0, 'airspace-state': 0, 'data': {'page': 'map', 'action': 'show map'}}
INFO:root:1723220975.13615,ID:1017,STAGE:4,SEQUENCE:1342,DATA:{'time': 1723220975.124, 'user-id': '1017', 'source': 'HAI Interface', 'destination-index': '3', 'study-stage': '4', 'decision-state': 0, 'vitals-state': 0, 'airspace-state': 0, 'data': {'page': 'map', 'action': 'selected helipad', 'value': '21'}}
INFO:root:1723220975.143132,ID:1017,STAGE:4,SEQUENCE:1342,DATA:{'time': 1723220975.129, 'user-id': '1017', 'source': 'HAI Interface', 'destination-index': '3', 'study-stage': '4', 'decision-state': 0, 'vitals-state': 0, 'airspace-state': 0, 'data': {'action': 'NASXGStransmitting updates onComm1123.45 MHz'}}
INFO:root:1723220979.402776,ID:1017,STAGE:4,SEQUENCE:1342,DATA:{'time': 1723220979.398, 'user-id': '1017', 'source': 'HAI Interface', 'destination-index': '3', 'study-stage': '4', 'decision-state': 0, 'vitals-state': 0, 'airspace-state': 0, 'data': {'page': 'emergency', 'action': 'trying to change destination to19'}}
INFO:root:1723220984.451597,ID:1017,STAGE:4,SEQUENCE:1342,DATA:{'time': 1723220984.446, 'user-id': '1017', 'source': 'HAI Interface', 'destination-index': '3', 'study-stage': '4', 'decision-state': 0, 'vitals-state': 0, 'airspace-state': 0, 'data': {'page': 'emergency', 'action': 'trying to change destination to19'}}
INFO:root:1723220989.41815,ID:1017,STAGE:4,SEQUENCE:1342,DATA:{'time': 1723220989.413, 'user-id': '1017', 'source': 'HAI Interface', 'destination-index': '3', 'study-stage': '4', 'decision-state': 0, 'vitals-state': 0, 'airspace-state': 0, 'data': {'page': 'emergency', 'action': 'trying to change destination to19'}}
INFO:root:1723220994.414944,ID:1017,STAGE:4,SEQUENCE:1342,DATA:{'time': 1723220994.411, 'user-id': '1017', 'source': 'HAI Interface', 'destination-index': '3', 'study-stage': '4', 'decision-state': 0, 'vitals-state': 0, 'airspace-state': 0, 'data': {'page': 'emergency', 'action': 'trying to change destination to19'}}
INFO:root:1723220994.575859,ID:1017,STAGE:4,SEQUENCE:1342,DATA:{'time': 1723220994.573, 'source': 'VitalsTask', 'timer': 98.079, 'data': {'sensor': 'Heart Rate', 'action': 'capture', 'data': 'action button pressed'}}
INFO:root:1723220994.577857,ID:1017,STAGE:4,SEQUENCE:1342,DATA:{'time': 1723220994.573, 'source': 'VitalsTask', 'timer': 98.079, 'data': {'sensor': 'Heart Rate', 'action': 'capture', 'data': 'starting sensor action'}}
INFO:root:1723220994.888089,ID:1017,STAGE:4,SEQUENCE:1342,DATA:{'time': 1723220994.884, 'source': 'VitalsTask', 'timer': 98.39, 'data': {'sensor': 'Heart Rate', 'action': 'capture', 'data': 'action button pressed'}}
INFO:root:1723220994.890085,ID:1017,STAGE:4,SEQUENCE:1342,DATA:{'time': 1723220994.884, 'source': 'VitalsTask', 'timer': 98.39, 'data': {'sensor': 'Heart Rate', 'action': 'capture', 'data': 'a sensor action is in progress, cancelling'}}
INFO:root:1723220995.596944,ID:1017,STAGE:4,SEQUENCE:1342,DATA:{'time': 1723220995.591, 'source': 'VitalsTask', 'timer': 99.097, 'data': {'sensor': 'Heart Rate', 'action': 'capture', 'data': 'sensor action complete'}}
INFO:root:1723220995.598945,ID:1017,STAGE:4,SEQUENCE:1342,DATA:{'time': 1723220995.592, 'source': 'VitalsTask', 'timer': 99.098, 'data': {'sensor': 'Heart Rate', 'action': 'keypad open'}}
INFO:root:1723220997.89567,ID:1017,STAGE:4,SEQUENCE:1342,DATA:{'time': 1723220997.892, 'source': 'VitalsTask', 'timer': 101.398, 'data': {'sensor': 'Heart Rate', 'action': 'keypad press', 'key': 5, 'value': 5}}
INFO:root:1723220998.004165,ID:1017,STAGE:4,SEQUENCE:1342,DATA:{'time': 1723220997.993, 'source': 'VitalsTask', 'timer': 101.499, 'data': {'sensor': 'Heart Rate', 'action': 'keypad press', 'key': 5, 'value': 55}}
INFO:root:1723220998.153201,ID:1017,STAGE:4,SEQUENCE:1342,DATA:{'time': 1723220998.15, 'source': 'VitalsTask', 'timer': 101.656, 'data': {'sensor': 'Heart Rate', 'action': 'keypad press', 'key': 5, 'value': 555}}
INFO:root:1723220999.39326,ID:1017,STAGE:4,SEQUENCE:1342,DATA:{'time': 1723220999.39, 'user-id': '1017', 'source': 'HAI Interface', 'destination-index': '3', 'study-stage': '4', 'decision-state': 0, 'vitals-state': 0, 'airspace-state': 0, 'data': {'page': 'emergency', 'action': 'trying to change destination to19'}}
INFO:root:1723220999.617812,ID:1017,STAGE:4,SEQUENCE:1342,DATA:{'time': 1723220999.612, 'source': 'VitalsTask', 'timer': 103.118, 'data': {'sensor': 'Heart Rate', 'action': 'keypad press', 'key': 12, 'value': 55}}
INFO:root:1723221000.638763,ID:1017,STAGE:4,SEQUENCE:1342,DATA:{'time': 1723221000.634, 'source': 'VitalsTask', 'timer': 104.14, 'data': {'sensor': 'Heart Rate', 'action': 'show action buttons'}}
INFO:root:1723221000.63976,ID:1017,STAGE:4,SEQUENCE:1342,DATA:{'time': 1723221000.635, 'source': 'VitalsTask', 'timer': 104.141, 'data': {'sensor': 'Heart Rate', 'action': 'keypad press', 'key': 10, 'value': 55}}
INFO:root:1723221002.232832,ID:1017,STAGE:4,SEQUENCE:1342,DATA:{'time': 1723221002.23, 'source': 'VitalsTask', 'timer': 105.736, 'data': {'sensor': 'Heart Rate', 'action': 'log', 'data': 'action button pressed'}}
INFO:root:1723221002.234948,ID:1017,STAGE:4,SEQUENCE:1342,DATA:{'time': 1723221002.23, 'source': 'VitalsTask', 'timer': 105.736, 'data': {'sensor': 'Heart Rate', 'action': 'log', 'data': 'starting sensor action'}}
INFO:root:1723221003.25018,ID:1017,STAGE:4,SEQUENCE:1342,DATA:{'time': 1723221003.245, 'source': 'VitalsTask', 'timer': 106.751, 'data': {'sensor': 'Heart Rate', 'action': 'log', 'data': 'sensor action complete'}}
INFO:root:1723221003.327553,ID:1017,STAGE:4,SEQUENCE:1342,DATA:{'time': 1723221003.323, 'source': 'VitalsTask', 'timer': 106.829, 'data': {'sensor': 'Heart Rate', 'action': 'save', 'data': 'action button pressed'}}
INFO:root:1723221003.329547,ID:1017,STAGE:4,SEQUENCE:1342,DATA:{'time': 1723221003.323, 'source': 'VitalsTask', 'timer': 106.829, 'data': {'sensor': 'Heart Rate', 'action': 'save', 'data': 'starting sensor action'}}
INFO:root:1723221004.340866,ID:1017,STAGE:4,SEQUENCE:1342,DATA:{'time': 1723221004.335, 'source': 'VitalsTask', 'timer': 107.841, 'data': {'sensor': 'Heart Rate', 'action': 'save', 'data': 'sensor action complete'}}
INFO:root:1723221004.403795,ID:1017,STAGE:4,SEQUENCE:1342,DATA:{'time': 1723221004.398, 'user-id': '1017', 'source': 'HAI Interface', 'destination-index': '3', 'study-stage': '4', 'decision-state': 0, 'vitals-state': 0, 'airspace-state': 0, 'data': {'page': 'emergency', 'action': 'trying to change destination to19'}}
INFO:root:1723221004.758647,ID:1017,STAGE:4,SEQUENCE:1342,DATA:{'time': 1723221004.756, 'user-id': '1017', 'source': 'HAI Interface', 'destination-index': '3', 'study-stage': '4', 'decision-state': 0, 'vitals-state': 0, 'airspace-state': 0, 'data': {'page': 'map', 'action': 'hide map'}}
INFO:root:1723221006.51342,ID:1017,STAGE:4,SEQUENCE:1342,DATA:{'time': 1723221006.508, 'source': 'VitalsTask', 'timer': 110.014, 'data': {'sensor': 'O\u2082 Saturation', 'action': 'opened sensor tab'}}
INFO:root:1723221006.695843,ID:1017,STAGE:4,SEQUENCE:1342,DATA:{'time': 1723221006.691, 'source': 'VitalsTask', 'timer': 110.197, 'data': {'sensor': 'O\u2082 Saturation', 'action': 'opened sensor tab'}}
INFO:root:1723221007.777095,ID:1017,STAGE:4,SEQUENCE:1342,DATA:{'time': 1723221007.773, 'source': 'VitalsTask', 'timer': 111.279, 'data': {'sensor': 'O\u2082 Saturation', 'action': 'capture', 'data': 'action button pressed'}}
INFO:root:1723221007.779091,ID:1017,STAGE:4,SEQUENCE:1342,DATA:{'time': 1723221007.773, 'source': 'VitalsTask', 'timer': 111.279, 'data': {'sensor': 'O\u2082 Saturation', 'action': 'capture', 'data': 'starting sensor action'}}
INFO:root:1723221008.795862,ID:1017,STAGE:4,SEQUENCE:1342,DATA:{'time': 1723221008.791, 'source': 'VitalsTask', 'timer': 112.297, 'data': {'sensor': 'O\u2082 Saturation', 'action': 'capture', 'data': 'sensor action complete'}}
INFO:root:1723221008.7974,ID:1017,STAGE:4,SEQUENCE:1342,DATA:{'time': 1723221008.792, 'source': 'VitalsTask', 'timer': 112.298, 'data': {'sensor': 'O\u2082 Saturation', 'action': 'keypad open'}}
INFO:root:1723221009.414094,ID:1017,STAGE:4,SEQUENCE:1342,DATA:{'time': 1723221009.409, 'user-id': '1017', 'source': 'HAI Interface', 'destination-index': '3', 'study-stage': '4', 'decision-state': 0, 'vitals-state': 0, 'airspace-state': 0, 'data': {'page': 'emergency', 'action': 'trying to change destination to19'}}
INFO:root:1723221010.162963,ID:1017,STAGE:4,SEQUENCE:1342,DATA:{'time': 1723221010.159, 'source': 'VitalsTask', 'timer': 113.665, 'data': {'sensor': 'O\u2082 Saturation', 'action': 'keypad press', 'key': 1, 'value': 1}}
INFO:root:1723221011.852292,ID:1017,STAGE:4,SEQUENCE:1342,DATA:{'time': 1723221011.849, 'source': 'VitalsTask', 'timer': 115.355, 'data': {'sensor': 'O\u2082 Saturation', 'action': 'keypad press', 'key': 11, 'value': 10}}
INFO:root:1723221012.049253,ID:1017,STAGE:4,SEQUENCE:1342,DATA:{'time': 1723221012.046, 'source': 'VitalsTask', 'timer': 115.552, 'data': {'sensor': 'O\u2082 Saturation', 'action': 'keypad press', 'key': 11, 'value': 100}}
INFO:root:1723221013.288439,ID:1017,STAGE:4,SEQUENCE:1342,DATA:{'time': 1723221013.284, 'source': 'VitalsTask', 'timer': 116.79, 'data': {'sensor': 'O\u2082 Saturation', 'action': 'show action buttons'}}
INFO:root:1723221013.290438,ID:1017,STAGE:4,SEQUENCE:1342,DATA:{'time': 1723221013.284, 'source': 'VitalsTask', 'timer': 116.79, 'data': {'sensor': 'O\u2082 Saturation', 'action': 'keypad press', 'key': 10, 'value': 100}}
INFO:root:1723221014.370196,ID:1017,STAGE:4,SEQUENCE:1342,DATA:{'time': 1723221014.365, 'user-id': '1017', 'source': 'HAI Interface', 'destination-index': '3', 'study-stage': '4', 'decision-state': 0, 'vitals-state': 0, 'airspace-state': 0, 'data': {'page': 'emergency', 'action': 'trying to change destination to19'}}
INFO:root:1723221014.406615,ID:1017,STAGE:4,SEQUENCE:1342,DATA:{'time': 1723221014.402, 'source': 'VitalsTask', 'timer': 117.908, 'data': {'sensor': 'O\u2082 Saturation', 'action': 'log', 'data': 'action button pressed'}}
INFO:root:1723221014.408612,ID:1017,STAGE:4,SEQUENCE:1342,DATA:{'time': 1723221014.403, 'source': 'VitalsTask', 'timer': 117.909, 'data': {'sensor': 'O\u2082 Saturation', 'action': 'log', 'data': 'starting sensor action'}}
INFO:root:1723221014.531828,ID:1017,STAGE:4,SEQUENCE:1342,DATA:{'time': 1723221014.527, 'source': 'VitalsTask', 'timer': 118.033, 'data': {'sensor': 'O\u2082 Saturation', 'action': 'log', 'data': 'action button pressed'}}
INFO:root:1723221014.533933,ID:1017,STAGE:4,SEQUENCE:1342,DATA:{'time': 1723221014.527, 'source': 'VitalsTask', 'timer': 118.033, 'data': {'sensor': 'O\u2082 Saturation', 'action': 'log', 'data': 'a sensor action is in progress, cancelling'}}
INFO:root:1723221015.427895,ID:1017,STAGE:4,SEQUENCE:1342,DATA:{'time': 1723221015.422, 'source': 'VitalsTask', 'timer': 118.928, 'data': {'sensor': 'O\u2082 Saturation', 'action': 'log', 'data': 'sensor action complete'}}
INFO:root:1723221016.42058,ID:1017,STAGE:4,SEQUENCE:1342,DATA:{'time': 1723221016.416, 'source': 'VitalsTask', 'timer': 119.922, 'data': {'sensor': 'O\u2082 Saturation', 'action': 'save', 'data': 'action button pressed'}}
INFO:root:1723221016.424574,ID:1017,STAGE:4,SEQUENCE:1342,DATA:{'time': 1723221016.416, 'source': 'VitalsTask', 'timer': 119.922, 'data': {'sensor': 'O\u2082 Saturation', 'action': 'save', 'data': 'starting sensor action'}}
INFO:root:1723221017.43927,ID:1017,STAGE:4,SEQUENCE:1342,DATA:{'time': 1723221017.434, 'source': 'VitalsTask', 'timer': 120.94, 'data': {'sensor': 'O\u2082 Saturation', 'action': 'save', 'data': 'sensor action complete'}}
INFO:root:1723221017.67607,ID:1017,STAGE:4,SEQUENCE:1342,DATA:{'time': 1723221017.672, 'user-id': '1017', 'source': 'HAI Interface', 'destination-index': '3', 'study-stage': '4', 'decision-state': 0, 'vitals-state': 0, 'airspace-state': 0, 'data': {'page': 'inflight', 'action': 'displaying vitals prompt'}}
INFO:root:1723221017.98803,ID:1017,STAGE:4,SEQUENCE:1342,DATA:{'time': 1723221017.984, 'source': 'VitalsTask', 'timer': 121.49, 'data': {'sensor': 'Blood Pressure', 'action': 'opened sensor tab'}}
INFO:root:1723221019.463281,ID:1017,STAGE:4,SEQUENCE:1342,DATA:{'time': 1723221019.458, 'user-id': '1017', 'source': 'HAI Interface', 'destination-index': '3', 'study-stage': '4', 'decision-state': 0, 'vitals-state': 0, 'airspace-state': 0, 'data': {'page': 'emergency', 'action': 'trying to change destination to19'}}
INFO:root:1723221019.667795,ID:1017,STAGE:4,SEQUENCE:1342,DATA:{'time': 1723221019.664, 'user-id': '1017', 'source': 'HAI Interface', 'destination-index': '3', 'study-stage': '4', 'decision-state': 0, 'vitals-state': 0, 'airspace-state': 0, 'data': {'page': 'inflight', 'action': 'user acknowledged vitals prompt'}}
INFO:root:1723221021.74674,ID:1017,STAGE:4,SEQUENCE:1342,DATA:{'time': 1723221021.743, 'source': 'VitalsTask', 'timer': 125.249, 'data': {'sensor': 'Blood Pressure', 'action': 'capture', 'data': 'action button pressed'}}
INFO:root:1723221021.748734,ID:1017,STAGE:4,SEQUENCE:1342,DATA:{'time': 1723221021.744, 'source': 'VitalsTask', 'timer': 125.25, 'data': {'sensor': 'Blood Pressure', 'action': 'capture', 'data': 'starting sensor action'}}
INFO:root:1723221021.881243,ID:1017,STAGE:4,SEQUENCE:1342,DATA:{'time': 1723221021.876, 'source': 'VitalsTask', 'timer': 125.382, 'data': {'sensor': 'Blood Pressure', 'action': 'capture', 'data': 'action button pressed'}}
INFO:root:1723221021.883238,ID:1017,STAGE:4,SEQUENCE:1342,DATA:{'time': 1723221021.877, 'source': 'VitalsTask', 'timer': 125.383, 'data': {'sensor': 'Blood Pressure', 'action': 'capture', 'data': 'a sensor action is in progress, cancelling'}}
INFO:root:1723221022.759029,ID:1017,STAGE:4,SEQUENCE:1342,DATA:{'time': 1723221022.754, 'source': 'VitalsTask', 'timer': 126.26, 'data': {'sensor': 'Blood Pressure', 'action': 'capture', 'data': 'sensor action complete'}}
INFO:root:1723221022.761023,ID:1017,STAGE:4,SEQUENCE:1342,DATA:{'time': 1723221022.754, 'source': 'VitalsTask', 'timer': 126.261, 'data': {'sensor': 'Blood Pressure', 'action': 'keypad open'}}
INFO:root:1723221024.411241,ID:1017,STAGE:4,SEQUENCE:1342,DATA:{'time': 1723221024.405, 'user-id': '1017', 'source': 'HAI Interface', 'destination-index': '3', 'study-stage': '4', 'decision-state': 0, 'vitals-state': 0, 'airspace-state': 0, 'data': {'page': 'emergency', 'action': 'trying to change destination to19'}}
INFO:root:1723221024.541443,ID:1017,STAGE:4,SEQUENCE:1342,DATA:{'time': 1723221024.535, 'source': 'VitalsTask', 'timer': 128.041, 'data': {'sensor': 'Blood Pressure', 'action': 'keypad press', 'key': 1, 'value': 1}}
INFO:root:1723221025.393252,ID:1017,STAGE:4,SEQUENCE:1342,DATA:{'time': 1723221025.389, 'source': 'VitalsTask', 'timer': 128.895, 'data': {'sensor': 'Blood Pressure', 'action': 'keypad press', 'key': 2, 'value': 12}}
INFO:root:1723221026.916103,ID:1017,STAGE:4,SEQUENCE:1342,DATA:{'time': 1723221026.911, 'source': 'VitalsTask', 'timer': 130.417, 'data': {'sensor': 'Blood Pressure', 'action': 'keypad press', 'key': 11, 'value': 120}}
INFO:root:1723221028.236669,ID:1017,STAGE:4,SEQUENCE:1342,DATA:{'time': 1723221028.234, 'source': 'VitalsTask', 'timer': 131.74, 'data': {'sensor': 'Blood Pressure', 'action': 'keypad press', 'key': 8, 'value': 1208}}
INFO:root:1723221028.38086,ID:1017,STAGE:4,SEQUENCE:1342,DATA:{'time': 1723221028.376, 'source': 'VitalsTask', 'timer': 131.882, 'data': {'sensor': 'Blood Pressure', 'action': 'keypad press', 'key': 8, 'value': 12088}}
INFO:root:1723221029.407745,ID:1017,STAGE:4,SEQUENCE:1342,DATA:{'time': 1723221029.403, 'user-id': '1017', 'source': 'HAI Interface', 'destination-index': '3', 'study-stage': '4', 'decision-state': 0, 'vitals-state': 0, 'airspace-state': 0, 'data': {'page': 'emergency', 'action': 'trying to change destination to19'}}
INFO:root:1723221029.746178,ID:1017,STAGE:4,SEQUENCE:1342,DATA:{'time': 1723221029.741, 'source': 'VitalsTask', 'timer': 133.247, 'data': {'sensor': 'Blood Pressure', 'action': 'keypad press', 'key': 12, 'value': 1208}}
INFO:root:1723221030.750969,ID:1017,STAGE:4,SEQUENCE:1342,DATA:{'time': 1723221030.747, 'source': 'VitalsTask', 'timer': 134.253, 'data': {'sensor': 'Blood Pressure', 'action': 'keypad press', 'key': 11, 'value': 12080}}
INFO:root:1723221032.363784,ID:1017,STAGE:4,SEQUENCE:1342,DATA:{'time': 1723221032.36, 'source': 'VitalsTask', 'timer': 135.866, 'data': {'sensor': 'Blood Pressure', 'action': 'show action buttons'}}
INFO:root:1723221032.365784,ID:1017,STAGE:4,SEQUENCE:1342,DATA:{'time': 1723221032.36, 'source': 'VitalsTask', 'timer': 135.866, 'data': {'sensor': 'Blood Pressure', 'action': 'keypad press', 'key': 10, 'value': 12080}}
INFO:root:1723221033.448363,ID:1017,STAGE:4,SEQUENCE:1342,DATA:{'time': 1723221033.444, 'source': 'VitalsTask', 'timer': 136.95, 'data': {'sensor': 'Blood Pressure', 'action': 'log', 'data': 'action button pressed'}}
INFO:root:1723221033.450361,ID:1017,STAGE:4,SEQUENCE:1342,DATA:{'time': 1723221033.444, 'source': 'VitalsTask', 'timer': 136.95, 'data': {'sensor': 'Blood Pressure', 'action': 'log', 'data': 'starting sensor action'}}
INFO:root:1723221034.412927,ID:1017,STAGE:4,SEQUENCE:1342,DATA:{'time': 1723221034.407, 'user-id': '1017', 'source': 'HAI Interface', 'destination-index': '3', 'study-stage': '4', 'decision-state': 0, 'vitals-state': 0, 'airspace-state': 0, 'data': {'page': 'emergency', 'action': 'trying to change destination to19'}}
INFO:root:1723221034.460982,ID:1017,STAGE:4,SEQUENCE:1342,DATA:{'time': 1723221034.456, 'source': 'VitalsTask', 'timer': 137.962, 'data': {'sensor': 'Blood Pressure', 'action': 'log', 'data': 'sensor action complete'}}
INFO:root:1723221035.108136,ID:1017,STAGE:4,SEQUENCE:1342,DATA:{'time': 1723221035.103, 'source': 'VitalsTask', 'timer': 138.609, 'data': {'sensor': 'Blood Pressure', 'action': 'save', 'data': 'action button pressed'}}
INFO:root:1723221035.110132,ID:1017,STAGE:4,SEQUENCE:1342,DATA:{'time': 1723221035.104, 'source': 'VitalsTask', 'timer': 138.61, 'data': {'sensor': 'Blood Pressure', 'action': 'save', 'data': 'starting sensor action'}}
INFO:root:1723221036.118774,ID:1017,STAGE:4,SEQUENCE:1342,DATA:{'time': 1723221036.115, 'source': 'VitalsTask', 'timer': 139.621, 'data': {'sensor': 'Blood Pressure', 'action': 'save', 'data': 'sensor action complete'}}
INFO:root:1723221039.447825,ID:1017,STAGE:4,SEQUENCE:1342,DATA:{'time': 1723221039.44, 'user-id': '1017', 'source': 'HAI Interface', 'destination-index': '3', 'study-stage': '4', 'decision-state': 0, 'vitals-state': 0, 'airspace-state': 0, 'data': {'page': 'emergency', 'action': 'trying to change destination to19'}}
INFO:root:1723221040.121286,ID:1017,STAGE:4,SEQUENCE:1342,DATA:{'time': 1723221040.117, 'source': 'VitalsTask', 'timer': 143.623, 'data': {'sensor': 'submit', 'action': 'submit'}}
INFO:root:1723221040.124169,ID:1017,STAGE:4,SEQUENCE:1342,DATA:{'time': 1723221040.117, 'source': 'VitalsTask', 'timer': 143.623, 'data': {'sensor': 'submit', 'action': 'submit', 'data': 'submit succeeded'}}
INFO:root:1723221042.977483,ID:1017,STAGE:4,SEQUENCE:1342,DATA:{'time': 1723221042.974, 'user-id': '1017', 'source': 'HAI Interface', 'destination-index': '3', 'study-stage': '4', 'decision-state': 0, 'vitals-state': 0, 'airspace-state': 0, 'data': {'page': 'map', 'action': 'show map'}}
INFO:root:1723221042.979004,ID:1017,STAGE:4,SEQUENCE:1342,DATA:{'time': 1723221042.974, 'user-id': '1017', 'source': 'HAI Interface', 'destination-index': '3', 'study-stage': '4', 'decision-state': 0, 'vitals-state': 0, 'airspace-state': 0, 'data': {'page': 'map', 'action': 'selected helipad', 'value': '21'}}
INFO:root:1723221044.408351,ID:1017,STAGE:4,SEQUENCE:1342,DATA:{'time': 1723221044.403, 'user-id': '1017', 'source': 'HAI Interface', 'destination-index': '3', 'study-stage': '4', 'decision-state': 0, 'vitals-state': 0, 'airspace-state': 0, 'data': {'page': 'emergency', 'action': 'trying to change destination to19'}}
INFO:root:1723221049.429265,ID:1017,STAGE:4,SEQUENCE:1342,DATA:{'time': 1723221049.425, 'user-id': '1017', 'source': 'HAI Interface', 'destination-index': '3', 'study-stage': '4', 'decision-state': 0, 'vitals-state': 0, 'airspace-state': 0, 'data': {'page': 'emergency', 'action': 'trying to change destination to19'}}
INFO:root:1723221054.413391,ID:1017,STAGE:4,SEQUENCE:1342,DATA:{'time': 1723221054.408, 'user-id': '1017', 'source': 'HAI Interface', 'destination-index': '3', 'study-stage': '4', 'decision-state': 0, 'vitals-state': 0, 'airspace-state': 0, 'data': {'page': 'emergency', 'action': 'trying to change destination to19'}}
INFO:root:1723221059.404663,ID:1017,STAGE:4,SEQUENCE:1342,DATA:{'time': 1723221059.398, 'user-id': '1017', 'source': 'HAI Interface', 'destination-index': '3', 'study-stage': '4', 'decision-state': 0, 'vitals-state': 0, 'airspace-state': 0, 'data': {'page': 'emergency', 'action': 'trying to change destination to19'}}
INFO:root:1723221064.414865,ID:1017,STAGE:4,SEQUENCE:1342,DATA:{'time': 1723221064.411, 'user-id': '1017', 'source': 'HAI Interface', 'destination-index': '3', 'study-stage': '4', 'decision-state': 0, 'vitals-state': 0, 'airspace-state': 0, 'data': {'page': 'emergency', 'action': 'trying to change destination to19'}}
INFO:root:1723221069.443296,ID:1017,STAGE:4,SEQUENCE:1342,DATA:{'time': 1723221069.436, 'user-id': '1017', 'source': 'HAI Interface', 'destination-index': '3', 'study-stage': '4', 'decision-state': 0, 'vitals-state': 0, 'airspace-state': 0, 'data': {'page': 'emergency', 'action': 'trying to change destination to19'}}
INFO:root:1723221070.353276,ID:1017,STAGE:4,SEQUENCE:1342,DATA:{'time': 1723221070.346, 'user-id': '1017', 'source': 'HAI Interface', 'destination-index': '3', 'study-stage': '4', 'decision-state': 0, 'vitals-state': 0, 'airspace-state': 0, 'data': {'action': 'transmit button pressed'}}
INFO:root:1723221070.356324,ID:1017,STAGE:4,SEQUENCE:1342,DATA:{'time': 1723221070.346, 'user-id': '1017', 'source': 'HAI Interface', 'destination-index': '3', 'study-stage': '4', 'decision-state': 0, 'vitals-state': 0, 'airspace-state': 0, 'data': {'action': 'callsign set to: + NASXGS'}}
INFO:root:1723221070.362818,ID:1017,STAGE:4,SEQUENCE:1342,DATA:{'time': 1723221070.347, 'user-id': '1017', 'source': 'HAI Interface', 'destination-index': '3', 'study-stage': '4', 'decision-state': 0, 'vitals-state': 0, 'airspace-state': 0, 'data': {'page': 'map', 'action': 'show map'}}
INFO:root:1723221070.366326,ID:1017,STAGE:4,SEQUENCE:1342,DATA:{'time': 1723221070.347, 'user-id': '1017', 'source': 'HAI Interface', 'destination-index': '3', 'study-stage': '4', 'decision-state': 0, 'vitals-state': 0, 'airspace-state': 0, 'data': {'action': 'radio set to:Comm1'}}
INFO:root:1723221070.370355,ID:1017,STAGE:4,SEQUENCE:1342,DATA:{'time': 1723221070.347, 'user-id': '1017', 'source': 'HAI Interface', 'destination-index': '3', 'study-stage': '4', 'decision-state': 0, 'vitals-state': 0, 'airspace-state': 0, 'data': {'page': 'map', 'action': 'selected helipad', 'value': '21'}}
INFO:root:1723221070.372491,ID:1017,STAGE:4,SEQUENCE:1342,DATA:{'time': 1723221070.352, 'user-id': '1017', 'source': 'HAI Interface', 'destination-index': '3', 'study-stage': '4', 'decision-state': 0, 'vitals-state': 0, 'airspace-state': 0, 'data': {'action': 'NASXGStransmitting updates onComm1123.45 MHz'}}
INFO:root:Inflight Radio Update asked
INFO:root:sent request to set radio update complete
INFO:root:1723221074.467056,ID:1017,STAGE:4,SEQUENCE:1342,DATA:{'time': 1723221074.461, 'user-id': '1017', 'source': 'HAI Interface', 'destination-index': '3', 'study-stage': '4', 'decision-state': 0, 'vitals-state': 0, 'airspace-state': 0, 'data': {'page': 'emergency', 'action': 'trying to change destination to19'}}
INFO:root:1723221079.448603,ID:1017,STAGE:4,SEQUENCE:1342,DATA:{'time': 1723221079.441, 'user-id': '1017', 'source': 'HAI Interface', 'destination-index': '3', 'study-stage': '4', 'decision-state': 0, 'vitals-state': 0, 'airspace-state': 0, 'data': {'page': 'emergency', 'action': 'trying to change destination to19'}}
INFO:root:1723221084.408411,ID:1017,STAGE:4,SEQUENCE:1342,DATA:{'time': 1723221084.4, 'user-id': '1017', 'source': 'HAI Interface', 'destination-index': '3', 'study-stage': '4', 'decision-state': 0, 'vitals-state': 0, 'airspace-state': 0, 'data': {'page': 'emergency', 'action': 'trying to change destination to19'}}
INFO:root:1723221086.883616,ID:1017,STAGE:4,SEQUENCE:1342,DATA:{'time': 1723221086.879, 'user-id': '1017', 'source': 'HAI Interface', 'destination-index': '3', 'study-stage': '4', 'decision-state': 0, 'vitals-state': 0, 'airspace-state': 0, 'data': {'page': 'map', 'action': 'hide map'}}
INFO:root:1723221089.400781,ID:1017,STAGE:4,SEQUENCE:1342,DATA:{'time': 1723221089.394, 'user-id': '1017', 'source': 'HAI Interface', 'destination-index': '3', 'study-stage': '4', 'decision-state': 0, 'vitals-state': 0, 'airspace-state': 0, 'data': {'page': 'emergency', 'action': 'trying to change destination to19'}}
INFO:root:1723221090.051458,ID:1017,STAGE:4,SEQUENCE:1342,DATA:{'time': 1723221090.047, 'user-id': '1017', 'source': 'HAI Interface', 'destination-index': '3', 'study-stage': '4', 'decision-state': 0, 'vitals-state': 0, 'airspace-state': 0, 'data': {'page': 'map', 'action': 'show map'}}
INFO:root:1723221090.052959,ID:1017,STAGE:4,SEQUENCE:1342,DATA:{'time': 1723221090.047, 'user-id': '1017', 'source': 'HAI Interface', 'destination-index': '3', 'study-stage': '4', 'decision-state': 0, 'vitals-state': 0, 'airspace-state': 0, 'data': {'page': 'map', 'action': 'selected helipad', 'value': '21'}}
INFO:root:1723221094.436332,ID:1017,STAGE:4,SEQUENCE:1342,DATA:{'time': 1723221094.431, 'user-id': '1017', 'source': 'HAI Interface', 'destination-index': '3', 'study-stage': '4', 'decision-state': 0, 'vitals-state': 0, 'airspace-state': 0, 'data': {'page': 'emergency', 'action': 'trying to change destination to19'}}
INFO:root:1723221098.585999,ID:1017,STAGE:4,SEQUENCE:1342,DATA:{'time': 1723221098.58, 'source': 'VitalsTask', 'timer': 58.462, 'data': {'sensor': 'Blood Pressure', 'action': 'capture', 'data': 'action button pressed'}}
INFO:root:1723221098.587994,ID:1017,STAGE:4,SEQUENCE:1342,DATA:{'time': 1723221098.581, 'source': 'VitalsTask', 'timer': 58.463, 'data': {'sensor': 'Blood Pressure', 'action': 'capture', 'data': 'starting sensor action'}}
INFO:root:1723221099.395288,ID:1017,STAGE:4,SEQUENCE:1342,DATA:{'time': 1723221099.389, 'user-id': '1017', 'source': 'HAI Interface', 'destination-index': '3', 'study-stage': '4', 'decision-state': 0, 'vitals-state': 0, 'airspace-state': 0, 'data': {'page': 'emergency', 'action': 'trying to change destination to19'}}
INFO:root:1723221099.604882,ID:1017,STAGE:4,SEQUENCE:1342,DATA:{'time': 1723221099.601, 'source': 'VitalsTask', 'timer': 59.483, 'data': {'sensor': 'Blood Pressure', 'action': 'capture', 'data': 'sensor action complete'}}
INFO:root:1723221099.606878,ID:1017,STAGE:4,SEQUENCE:1342,DATA:{'time': 1723221099.601, 'source': 'VitalsTask', 'timer': 59.483, 'data': {'sensor': 'Blood Pressure', 'action': 'keypad open'}}
INFO:root:1723221102.039378,ID:1017,STAGE:4,SEQUENCE:1342,DATA:{'time': 1723221102.035, 'source': 'VitalsTask', 'timer': 61.917, 'data': {'sensor': 'Blood Pressure', 'action': 'keypad press', 'key': 1, 'value': 1}}
INFO:root:1723221103.067765,ID:1017,STAGE:4,SEQUENCE:1342,DATA:{'time': 1723221103.065, 'source': 'VitalsTask', 'timer': 62.947, 'data': {'sensor': 'Blood Pressure', 'action': 'keypad press', 'key': 2, 'value': 12}}
INFO:root:1723221104.14582,ID:1017,STAGE:4,SEQUENCE:1342,DATA:{'time': 1723221104.14, 'source': 'VitalsTask', 'timer': 64.022, 'data': {'sensor': 'Blood Pressure', 'action': 'keypad press', 'key': 11, 'value': 120}}
INFO:root:1723221104.437081,ID:1017,STAGE:4,SEQUENCE:1342,DATA:{'time': 1723221104.432, 'user-id': '1017', 'source': 'HAI Interface', 'destination-index': '3', 'study-stage': '4', 'decision-state': 0, 'vitals-state': 0, 'airspace-state': 0, 'data': {'page': 'emergency', 'action': 'trying to change destination to19'}}
INFO:root:1723221104.44506,ID:1017,STAGE:4,SEQUENCE:1342,DATA:{'time': 1723221104.44, 'source': 'VitalsTask', 'timer': 64.322, 'data': {'sensor': 'Blood Pressure', 'action': 'keypad press', 'key': 11, 'value': 1200}}
INFO:root:1723221106.59984,ID:1017,STAGE:4,SEQUENCE:1342,DATA:{'time': 1723221106.596, 'source': 'VitalsTask', 'timer': 66.478, 'data': {'sensor': 'Blood Pressure', 'action': 'keypad press', 'key': 12, 'value': 120}}
INFO:root:1723221107.826717,ID:1017,STAGE:4,SEQUENCE:1342,DATA:{'time': 1723221107.823, 'source': 'VitalsTask', 'timer': 67.705, 'data': {'sensor': 'Blood Pressure', 'action': 'keypad press', 'key': 8, 'value': 1208}}
INFO:root:1723221107.977001,ID:1017,STAGE:4,SEQUENCE:1342,DATA:{'time': 1723221107.974, 'source': 'VitalsTask', 'timer': 67.856, 'data': {'sensor': 'Blood Pressure', 'action': 'keypad press', 'key': 8, 'value': 12088}}
INFO:root:1723221109.167988,ID:1017,STAGE:4,SEQUENCE:1342,DATA:{'time': 1723221109.162, 'source': 'VitalsTask', 'timer': 69.044, 'data': {'sensor': 'Blood Pressure', 'action': 'keypad press', 'key': 12, 'value': 1208}}
INFO:root:1723221109.434179,ID:1017,STAGE:4,SEQUENCE:1342,DATA:{'time': 1723221109.422, 'user-id': '1017', 'source': 'HAI Interface', 'destination-index': '3', 'study-stage': '4', 'decision-state': 0, 'vitals-state': 0, 'airspace-state': 0, 'data': {'page': 'emergency', 'action': 'trying to change destination to19'}}
INFO:root:1723221110.094415,ID:1017,STAGE:4,SEQUENCE:1342,DATA:{'time': 1723221110.091, 'source': 'VitalsTask', 'timer': 69.973, 'data': {'sensor': 'Blood Pressure', 'action': 'keypad press', 'key': 11, 'value': 12080}}
INFO:root:1723221110.893538,ID:1017,STAGE:4,SEQUENCE:1342,DATA:{'time': 1723221110.889, 'source': 'VitalsTask', 'timer': 70.771, 'data': {'sensor': 'Blood Pressure', 'action': 'show action buttons'}}
INFO:root:1723221110.895532,ID:1017,STAGE:4,SEQUENCE:1342,DATA:{'time': 1723221110.889, 'source': 'VitalsTask', 'timer': 70.771, 'data': {'sensor': 'Blood Pressure', 'action': 'keypad press', 'key': 10, 'value': 12080}}
INFO:root:1723221111.891642,ID:1017,STAGE:4,SEQUENCE:1342,DATA:{'time': 1723221111.887, 'source': 'VitalsTask', 'timer': 71.769, 'data': {'sensor': 'Blood Pressure', 'action': 'log', 'data': 'action button pressed'}}
INFO:root:1723221111.893636,ID:1017,STAGE:4,SEQUENCE:1342,DATA:{'time': 1723221111.887, 'source': 'VitalsTask', 'timer': 71.769, 'data': {'sensor': 'Blood Pressure', 'action': 'log', 'data': 'starting sensor action'}}
INFO:root:1723221112.909038,ID:1017,STAGE:4,SEQUENCE:1342,DATA:{'time': 1723221112.9, 'source': 'VitalsTask', 'timer': 72.782, 'data': {'sensor': 'Blood Pressure', 'action': 'log', 'data': 'sensor action complete'}}
INFO:root:1723221112.993658,ID:1017,STAGE:4,SEQUENCE:1342,DATA:{'time': 1723221112.988, 'source': 'VitalsTask', 'timer': 72.87, 'data': {'sensor': 'Blood Pressure', 'action': 'save', 'data': 'action button pressed'}}
INFO:root:1723221112.997646,ID:1017,STAGE:4,SEQUENCE:1342,DATA:{'time': 1723221112.988, 'source': 'VitalsTask', 'timer': 72.87, 'data': {'sensor': 'Blood Pressure', 'action': 'save', 'data': 'starting sensor action'}}
INFO:root:1723221114.008169,ID:1017,STAGE:4,SEQUENCE:1342,DATA:{'time': 1723221114.005, 'source': 'VitalsTask', 'timer': 73.887, 'data': {'sensor': 'Blood Pressure', 'action': 'save', 'data': 'sensor action complete'}}
INFO:root:1723221114.466305,ID:1017,STAGE:4,SEQUENCE:1342,DATA:{'time': 1723221114.46, 'user-id': '1017', 'source': 'HAI Interface', 'destination-index': '3', 'study-stage': '4', 'decision-state': 0, 'vitals-state': 0, 'airspace-state': 0, 'data': {'page': 'emergency', 'action': 'trying to change destination to19'}}
INFO:root:1723221115.6679,ID:1017,STAGE:4,SEQUENCE:1342,DATA:{'time': 1723221115.664, 'user-id': '1017', 'source': 'HAI Interface', 'destination-index': '3', 'study-stage': '4', 'decision-state': 0, 'vitals-state': 0, 'airspace-state': 0, 'data': {'page': 'inflight', 'action': 'displaying vitals prompt'}}
INFO:root:1723221115.946999,ID:1017,STAGE:4,SEQUENCE:1342,DATA:{'time': 1723221115.943, 'source': 'VitalsTask', 'timer': 75.825, 'data': {'sensor': 'O\u2082 Saturation', 'action': 'opened sensor tab'}}
INFO:root:1723221116.031676,ID:1017,STAGE:4,SEQUENCE:1342,DATA:{'time': 1723221116.028, 'source': 'VitalsTask', 'timer': 75.91, 'data': {'sensor': 'O\u2082 Saturation', 'action': 'opened sensor tab'}}
INFO:root:1723221117.548949,ID:1017,STAGE:4,SEQUENCE:1342,DATA:{'time': 1723221117.545, 'source': 'VitalsTask', 'timer': 77.427, 'data': {'sensor': 'O\u2082 Saturation', 'action': 'capture', 'data': 'action button pressed'}}
INFO:root:1723221117.551941,ID:1017,STAGE:4,SEQUENCE:1342,DATA:{'time': 1723221117.546, 'source': 'VitalsTask', 'timer': 77.428, 'data': {'sensor': 'O\u2082 Saturation', 'action': 'capture', 'data': 'starting sensor action'}}
INFO:root:1723221117.845048,ID:1017,STAGE:4,SEQUENCE:1342,DATA:{'time': 1723221117.84, 'user-id': '1017', 'source': 'HAI Interface', 'destination-index': '3', 'study-stage': '4', 'decision-state': 0, 'vitals-state': 0, 'airspace-state': 0, 'data': {'page': 'inflight', 'action': 'user acknowledged vitals prompt'}}
INFO:root:1723221118.566407,ID:1017,STAGE:4,SEQUENCE:1342,DATA:{'time': 1723221118.562, 'source': 'VitalsTask', 'timer': 78.444, 'data': {'sensor': 'O\u2082 Saturation', 'action': 'capture', 'data': 'sensor action complete'}}
INFO:root:1723221118.568779,ID:1017,STAGE:4,SEQUENCE:1342,DATA:{'time': 1723221118.563, 'source': 'VitalsTask', 'timer': 78.445, 'data': {'sensor': 'O\u2082 Saturation', 'action': 'keypad open'}}
INFO:root:1723221119.523181,ID:1017,STAGE:4,SEQUENCE:1342,DATA:{'time': 1723221119.518, 'user-id': '1017', 'source': 'HAI Interface', 'destination-index': '3', 'study-stage': '4', 'decision-state': 0, 'vitals-state': 0, 'airspace-state': 0, 'data': {'page': 'emergency', 'action': 'trying to change destination to19'}}
INFO:root:1723221120.298912,ID:1017,STAGE:4,SEQUENCE:1342,DATA:{'time': 1723221120.294, 'source': 'VitalsTask', 'timer': 80.176, 'data': {'sensor': 'O\u2082 Saturation', 'action': 'keypad press', 'key': 1, 'value': 1}}
INFO:root:1723221121.67376,ID:1017,STAGE:4,SEQUENCE:1342,DATA:{'time': 1723221121.668, 'source': 'VitalsTask', 'timer': 81.55, 'data': {'sensor': 'O\u2082 Saturation', 'action': 'keypad press', 'key': 11, 'value': 10}}
INFO:root:1723221122.114087,ID:1017,STAGE:4,SEQUENCE:1342,DATA:{'time': 1723221122.111, 'source': 'VitalsTask', 'timer': 81.993, 'data': {'sensor': 'O\u2082 Saturation', 'action': 'keypad press', 'key': 11, 'value': 100}}
INFO:root:1723221123.042642,ID:1017,STAGE:4,SEQUENCE:1342,DATA:{'time': 1723221123.038, 'source': 'VitalsTask', 'timer': 82.92, 'data': {'sensor': 'O\u2082 Saturation', 'action': 'show action buttons'}}
INFO:root:1723221123.044637,ID:1017,STAGE:4,SEQUENCE:1342,DATA:{'time': 1723221123.039, 'source': 'VitalsTask', 'timer': 82.921, 'data': {'sensor': 'O\u2082 Saturation', 'action': 'keypad press', 'key': 10, 'value': 100}}
INFO:root:1723221124.28523,ID:1017,STAGE:4,SEQUENCE:1342,DATA:{'time': 1723221124.273, 'source': 'VitalsTask', 'timer': 84.155, 'data': {'sensor': 'O\u2082 Saturation', 'action': 'log', 'data': 'action button pressed'}}
INFO:root:1723221124.288487,ID:1017,STAGE:4,SEQUENCE:1342,DATA:{'time': 1723221124.273, 'source': 'VitalsTask', 'timer': 84.155, 'data': {'sensor': 'O\u2082 Saturation', 'action': 'log', 'data': 'starting sensor action'}}
INFO:root:1723221124.42717,ID:1017,STAGE:4,SEQUENCE:1342,DATA:{'time': 1723221124.423, 'source': 'VitalsTask', 'timer': 84.305, 'data': {'sensor': 'O\u2082 Saturation', 'action': 'log', 'data': 'action button pressed'}}
INFO:root:1723221124.428924,ID:1017,STAGE:4,SEQUENCE:1342,DATA:{'time': 1723221124.423, 'source': 'VitalsTask', 'timer': 84.305, 'data': {'sensor': 'O\u2082 Saturation', 'action': 'log', 'data': 'a sensor action is in progress, cancelling'}}
INFO:SimConnect.SimConnect:SIM OPEN
INFO:SimConnect.SimConnect:SIM OPEN
INFO:root:1723221124.666431,ID:1017,STAGE:4,SEQUENCE:1342,DATA:{'time': 1723221124.65, 'user-id': '1017', 'source': 'HAI Interface', 'destination-index': '3', 'study-stage': '4', 'decision-state': 0, 'vitals-state': 0, 'airspace-state': 0, 'data': {'page': 'emergency', 'action': 'trying to change destination to19'}}
INFO:root:1723221125.295084,ID:1017,STAGE:4,SEQUENCE:1342,DATA:{'time': 1723221125.288, 'source': 'VitalsTask', 'timer': 85.17, 'data': {'sensor': 'O\u2082 Saturation', 'action': 'log', 'data': 'sensor action complete'}}
INFO:root:1723221125.741973,ID:1017,STAGE:4,SEQUENCE:1342,DATA:{'time': 1723221125.737, 'source': 'VitalsTask', 'timer': 85.619, 'data': {'sensor': 'O\u2082 Saturation', 'action': 'save', 'data': 'action button pressed'}}
INFO:root:1723221125.743967,ID:1017,STAGE:4,SEQUENCE:1342,DATA:{'time': 1723221125.738, 'source': 'VitalsTask', 'timer': 85.62, 'data': {'sensor': 'O\u2082 Saturation', 'action': 'save', 'data': 'starting sensor action'}}
INFO:root:1723221126.755004,ID:1017,STAGE:4,SEQUENCE:1342,DATA:{'time': 1723221126.751, 'source': 'VitalsTask', 'timer': 86.633, 'data': {'sensor': 'O\u2082 Saturation', 'action': 'save', 'data': 'sensor action complete'}}
INFO:root:1723221127.570893,ID:1017,STAGE:4,SEQUENCE:1342,DATA:{'time': 1723221127.567, 'source': 'VitalsTask', 'timer': 87.449, 'data': {'sensor': 'Heart Rate', 'action': 'opened sensor tab'}}
INFO:SimConnect.SimConnect:SIM OPEN
INFO:root:1723221127.71837,ID:1017,STAGE:4,SEQUENCE:1342,DATA:{'time': 1723221127.71, 'source': 'VitalsTask', 'timer': 87.592, 'data': {'sensor': 'Heart Rate', 'action': 'opened sensor tab'}}
INFO:root:1723221128.867119,ID:1017,STAGE:4,SEQUENCE:1342,DATA:{'time': 1723221128.863, 'source': 'VitalsTask', 'timer': 88.745, 'data': {'sensor': 'Heart Rate', 'action': 'capture', 'data': 'action button pressed'}}
INFO:root:1723221128.869116,ID:1017,STAGE:4,SEQUENCE:1342,DATA:{'time': 1723221128.864, 'source': 'VitalsTask', 'timer': 88.746, 'data': {'sensor': 'Heart Rate', 'action': 'capture', 'data': 'starting sensor action'}}
INFO:root:1723221129.449451,ID:1017,STAGE:4,SEQUENCE:1342,DATA:{'time': 1723221129.443, 'user-id': '1017', 'source': 'HAI Interface', 'destination-index': '3', 'study-stage': '4', 'decision-state': 0, 'vitals-state': 0, 'airspace-state': 0, 'data': {'page': 'emergency', 'action': 'trying to change destination to19'}}
INFO:root:1723221129.888866,ID:1017,STAGE:4,SEQUENCE:1342,DATA:{'time': 1723221129.884, 'source': 'VitalsTask', 'timer': 89.766, 'data': {'sensor': 'Heart Rate', 'action': 'capture', 'data': 'sensor action complete'}}
INFO:root:1723221129.890859,ID:1017,STAGE:4,SEQUENCE:1342,DATA:{'time': 1723221129.884, 'source': 'VitalsTask', 'timer': 89.766, 'data': {'sensor': 'Heart Rate', 'action': 'keypad open'}}
INFO:root:1723221131.047159,ID:1017,STAGE:4,SEQUENCE:1342,DATA:{'time': 1723221131.042, 'source': 'VitalsTask', 'timer': 90.924, 'data': {'sensor': 'Heart Rate', 'action': 'keypad press', 'key': 5, 'value': 5}}
INFO:root:1723221131.616327,ID:1017,STAGE:4,SEQUENCE:1342,DATA:{'time': 1723221131.611, 'source': 'VitalsTask', 'timer': 91.493, 'data': {'sensor': 'Heart Rate', 'action': 'keypad press', 'key': 5, 'value': 55}}
INFO:root:1723221133.532537,ID:1017,STAGE:4,SEQUENCE:1342,DATA:{'time': 1723221133.529, 'source': 'VitalsTask', 'timer': 93.411, 'data': {'sensor': 'Heart Rate', 'action': 'show action buttons'}}
INFO:root:1723221133.534532,ID:1017,STAGE:4,SEQUENCE:1342,DATA:{'time': 1723221133.529, 'source': 'VitalsTask', 'timer': 93.411, 'data': {'sensor': 'Heart Rate', 'action': 'keypad press', 'key': 10, 'value': 55}}
INFO:root:1723221134.435115,ID:1017,STAGE:4,SEQUENCE:1342,DATA:{'time': 1723221134.43, 'user-id': '1017', 'source': 'HAI Interface', 'destination-index': '3', 'study-stage': '4', 'decision-state': 0, 'vitals-state': 0, 'airspace-state': 0, 'data': {'page': 'emergency', 'action': 'trying to change destination to19'}}
INFO:root:1723221134.813487,ID:1017,STAGE:4,SEQUENCE:1342,DATA:{'time': 1723221134.809, 'source': 'VitalsTask', 'timer': 94.691, 'data': {'sensor': 'Heart Rate', 'action': 'log', 'data': 'action button pressed'}}
INFO:root:1723221134.816479,ID:1017,STAGE:4,SEQUENCE:1342,DATA:{'time': 1723221134.809, 'source': 'VitalsTask', 'timer': 94.691, 'data': {'sensor': 'Heart Rate', 'action': 'log', 'data': 'starting sensor action'}}
INFO:root:1723221135.829567,ID:1017,STAGE:4,SEQUENCE:1342,DATA:{'time': 1723221135.825, 'source': 'VitalsTask', 'timer': 95.707, 'data': {'sensor': 'Heart Rate', 'action': 'log', 'data': 'sensor action complete'}}
INFO:root:1723221136.315093,ID:1017,STAGE:4,SEQUENCE:1342,DATA:{'time': 1723221136.311, 'source': 'VitalsTask', 'timer': 96.193, 'data': {'sensor': 'Heart Rate', 'action': 'save', 'data': 'action button pressed'}}
INFO:root:1723221136.316091,ID:1017,STAGE:4,SEQUENCE:1342,DATA:{'time': 1723221136.311, 'source': 'VitalsTask', 'timer': 96.193, 'data': {'sensor': 'Heart Rate', 'action': 'save', 'data': 'starting sensor action'}}
INFO:root:1723221137.331254,ID:1017,STAGE:4,SEQUENCE:1342,DATA:{'time': 1723221137.326, 'source': 'VitalsTask', 'timer': 97.208, 'data': {'sensor': 'Heart Rate', 'action': 'save', 'data': 'sensor action complete'}}
INFO:root:1723221139.251368,ID:1017,STAGE:4,SEQUENCE:1342,DATA:{'time': 1723221139.247, 'source': 'VitalsTask', 'timer': 99.129, 'data': {'sensor': 'submit', 'action': 'submit'}}
INFO:root:1723221139.253643,ID:1017,STAGE:4,SEQUENCE:1342,DATA:{'time': 1723221139.248, 'source': 'VitalsTask', 'timer': 99.13, 'data': {'sensor': 'submit', 'action': 'submit', 'data': 'submit succeeded'}}
INFO:root:1723221140.144248,ID:1017,STAGE:4,SEQUENCE:1342,DATA:{'time': 1723221140.135, 'user-id': '1017', 'source': 'HAI Interface', 'destination-index': '3', 'study-stage': '4', 'decision-state': 0, 'vitals-state': 0, 'airspace-state': 0, 'data': {'page': 'emergency', 'action': 'trying to change destination to19'}}
INFO:root:1723221140.150743,ID:1017,STAGE:4,SEQUENCE:1342,DATA:{'time': 1723221140.136, 'user-id': '1017', 'source': 'HAI Interface', 'destination-index': '3', 'study-stage': '4', 'decision-state': 0, 'vitals-state': 0, 'airspace-state': 0, 'data': {'page': 'emergency', 'action': 'show Pressure Miscalibrated Warning, hide map'}}
INFO:root:1723221140.156727,ID:1017,STAGE:4,SEQUENCE:1342,DATA:{'time': 1723221140.136, 'user-id': '1017', 'source': 'HAI Interface', 'destination-index': '3', 'study-stage': '4', 'decision-state': 0, 'vitals-state': 0, 'airspace-state': 0, 'data': {'page': 'map', 'action': 'hide map'}}
INFO:root:1723221140.158722,ID:1017,STAGE:4,SEQUENCE:1342,DATA:{'time': 1723221140.138, 'user-id': '1017', 'source': 'HAI Interface', 'destination-index': '3', 'study-stage': '4', 'decision-state': 0, 'vitals-state': 0, 'airspace-state': 0, 'data': {'page': 'Inflight', 'action': 'Pressure Warning alert activated'}}
INFO:root:1723221142.888047,ID:1017,STAGE:4,SEQUENCE:1342,DATA:{'time': 1723221142.883, 'user-id': '1017', 'source': 'HAI Interface', 'destination-index': '3', 'study-stage': '4', 'decision-state': 0, 'vitals-state': 0, 'airspace-state': 0, 'data': {'page': 'Inflight', 'action': 'Pressure Warning- show info button pressed'}}
INFO:root:1723221144.419815,ID:1017,STAGE:4,SEQUENCE:1342,DATA:{'time': 1723221144.413, 'user-id': '1017', 'source': 'HAI Interface', 'destination-index': '3', 'study-stage': '4', 'decision-state': 0, 'vitals-state': 0, 'airspace-state': 0, 'data': {'page': 'emergency', 'action': 'trying to change destination to19'}}
INFO:root:1723221144.421809,ID:1017,STAGE:4,SEQUENCE:1342,DATA:{'time': 1723221144.414, 'user-id': '1017', 'source': 'HAI Interface', 'destination-index': '3', 'study-stage': '4', 'decision-state': 0, 'vitals-state': 0, 'airspace-state': 0, 'data': {'page': 'emergency', 'action': 'show Pressure Miscalibrated Warning, hide map'}}
INFO:root:1723221144.425048,ID:1017,STAGE:4,SEQUENCE:1342,DATA:{'time': 1723221144.414, 'user-id': '1017', 'source': 'HAI Interface', 'destination-index': '3', 'study-stage': '4', 'decision-state': 0, 'vitals-state': 0, 'airspace-state': 0, 'data': {'page': 'map', 'action': 'hide map'}}
INFO:root:1723221144.42755,ID:1017,STAGE:4,SEQUENCE:1342,DATA:{'time': 1723221144.414, 'user-id': '1017', 'source': 'HAI Interface', 'destination-index': '3', 'study-stage': '4', 'decision-state': 0, 'vitals-state': 0, 'airspace-state': 0, 'data': {'page': 'Inflight', 'action': 'Pressure Warning alert activated'}}
INFO:root:1723221149.446988,ID:1017,STAGE:4,SEQUENCE:1342,DATA:{'time': 1723221149.439, 'user-id': '1017', 'source': 'HAI Interface', 'destination-index': '3', 'study-stage': '4', 'decision-state': 0, 'vitals-state': 0, 'airspace-state': 0, 'data': {'page': 'emergency', 'action': 'trying to change destination to19'}}
INFO:root:1723221149.455965,ID:1017,STAGE:4,SEQUENCE:1342,DATA:{'time': 1723221149.439, 'user-id': '1017', 'source': 'HAI Interface', 'destination-index': '3', 'study-stage': '4', 'decision-state': 0, 'vitals-state': 0, 'airspace-state': 0, 'data': {'page': 'emergency', 'action': 'show Pressure Miscalibrated Warning, hide map'}}
INFO:root:1723221149.458471,ID:1017,STAGE:4,SEQUENCE:1342,DATA:{'time': 1723221149.44, 'user-id': '1017', 'source': 'HAI Interface', 'destination-index': '3', 'study-stage': '4', 'decision-state': 0, 'vitals-state': 0, 'airspace-state': 0, 'data': {'page': 'map', 'action': 'hide map'}}
INFO:root:1723221149.460467,ID:1017,STAGE:4,SEQUENCE:1342,DATA:{'time': 1723221149.44, 'user-id': '1017', 'source': 'HAI Interface', 'destination-index': '3', 'study-stage': '4', 'decision-state': 0, 'vitals-state': 0, 'airspace-state': 0, 'data': {'page': 'Inflight', 'action': 'Pressure Warning alert activated'}}
INFO:root:1723221152.809903,ID:1017,STAGE:4,SEQUENCE:1342,DATA:{'time': 1723221152.804, 'user-id': '1017', 'source': 'HAI Interface', 'destination-index': '3', 'study-stage': '4', 'decision-state': 0, 'vitals-state': 0, 'airspace-state': 0, 'data': {'page': 'Inflight', 'action': 'Pressure Warning- submit button pressed with pressure value as:75'}}
INFO:root:1723221152.814892,ID:1017,STAGE:4,SEQUENCE:1342,DATA:{'time': 1723221152.805, 'user-id': '1017', 'source': 'HAI Interface', 'destination-index': '3', 'study-stage': '4', 'decision-state': 0, 'vitals-state': 0, 'airspace-state': 0, 'data': {'page': 'Inflight', 'action': 'Pressure Warning- alert explaination'}}
INFO:root:1723221154.482041,ID:1017,STAGE:4,SEQUENCE:1342,DATA:{'time': 1723221154.472, 'user-id': '1017', 'source': 'HAI Interface', 'destination-index': '3', 'study-stage': '4', 'decision-state': 0, 'vitals-state': 0, 'airspace-state': 0, 'data': {'page': 'emergency', 'action': 'trying to change destination to19'}}
INFO:root:1723221158.541956,ID:1017,STAGE:4,SEQUENCE:1342,DATA:{'time': 1723221158.536, 'user-id': '1017', 'source': 'HAI Interface', 'destination-index': '3', 'study-stage': '4', 'decision-state': 0, 'vitals-state': 0, 'airspace-state': 0, 'data': {'page': 'Inflight', 'action': 'Pressure Warning alert close button pressed'}}
INFO:root:1723221159.460321,ID:1017,STAGE:4,SEQUENCE:1342,DATA:{'time': 1723221159.454, 'user-id': '1017', 'source': 'HAI Interface', 'destination-index': '3', 'study-stage': '4', 'decision-state': 0, 'vitals-state': 0, 'airspace-state': 0, 'data': {'page': 'emergency', 'action': 'trying to change destination to19'}}
INFO:root:1723221164.441957,ID:1017,STAGE:4,SEQUENCE:1342,DATA:{'time': 1723221164.436, 'user-id': '1017', 'source': 'HAI Interface', 'destination-index': '3', 'study-stage': '4', 'decision-state': 0, 'vitals-state': 0, 'airspace-state': 0, 'data': {'page': 'emergency', 'action': 'trying to change destination to19'}}
INFO:root:Pressure Warning alert given, sent request to clear pressure_warning_alert
INFO:root:1723221168.419432,ID:1017,STAGE:4,SEQUENCE:1342,DATA:{'time': 1723221168.414, 'user-id': '1017', 'source': 'HAI Interface', 'destination-index': '3', 'study-stage': '4', 'decision-state': 0, 'vitals-state': 0, 'airspace-state': 0, 'data': {'action': 'receive button pressed'}}
INFO:root:1723221168.42194,ID:1017,STAGE:4,SEQUENCE:1342,DATA:{'time': 1723221168.414, 'user-id': '1017', 'source': 'HAI Interface', 'destination-index': '3', 'study-stage': '4', 'decision-state': 0, 'vitals-state': 0, 'airspace-state': 0, 'data': {'action': 'callsign set to:[object Object]'}}
INFO:root:1723221168.425936,ID:1017,STAGE:4,SEQUENCE:1342,DATA:{'time': 1723221168.414, 'user-id': '1017', 'source': 'HAI Interface', 'destination-index': '3', 'study-stage': '4', 'decision-state': 0, 'vitals-state': 0, 'airspace-state': 0, 'data': {'action': 'radio set to:Comm2'}}
INFO:root:1723221168.428816,ID:1017,STAGE:4,SEQUENCE:1342,DATA:{'time': 1723221168.418, 'user-id': '1017', 'source': 'HAI Interface', 'destination-index': '3', 'study-stage': '4', 'decision-state': 0, 'vitals-state': 0, 'airspace-state': 0, 'data': {'action': 'MEDEVACtransmitting onComm2123.45 MHz'}}
INFO:root:1723221169.433768,ID:1017,STAGE:4,SEQUENCE:1342,DATA:{'time': 1723221169.429, 'user-id': '1017', 'source': 'HAI Interface', 'destination-index': '3', 'study-stage': '4', 'decision-state': 0, 'vitals-state': 0, 'airspace-state': 0, 'data': {'page': 'emergency', 'action': 'trying to change destination to19'}}
INFO:root:1723221174.438514,ID:1017,STAGE:4,SEQUENCE:1342,DATA:{'time': 1723221174.432, 'user-id': '1017', 'source': 'HAI Interface', 'destination-index': '3', 'study-stage': '4', 'decision-state': 0, 'vitals-state': 0, 'airspace-state': 0, 'data': {'page': 'emergency', 'action': 'trying to change destination to19'}}
INFO:root:1723221179.450947,ID:1017,STAGE:4,SEQUENCE:1342,DATA:{'time': 1723221179.444, 'user-id': '1017', 'source': 'HAI Interface', 'destination-index': '3', 'study-stage': '4', 'decision-state': 0, 'vitals-state': 0, 'airspace-state': 0, 'data': {'page': 'emergency', 'action': 'trying to change destination to19'}}
INFO:root:1723221184.464613,ID:1017,STAGE:4,SEQUENCE:1342,DATA:{'time': 1723221184.456, 'user-id': '1017', 'source': 'HAI Interface', 'destination-index': '3', 'study-stage': '4', 'decision-state': 0, 'vitals-state': 0, 'airspace-state': 0, 'data': {'page': 'emergency', 'action': 'trying to change destination to19'}}
INFO:root:1723221189.505193,ID:1017,STAGE:4,SEQUENCE:1342,DATA:{'time': 1723221189.494, 'user-id': '1017', 'source': 'HAI Interface', 'destination-index': '3', 'study-stage': '4', 'decision-state': 0, 'vitals-state': 0, 'airspace-state': 0, 'data': {'page': 'emergency', 'action': 'trying to change destination to19'}}
INFO:root:1723221194.493911,ID:1017,STAGE:4,SEQUENCE:1342,DATA:{'time': 1723221194.486, 'user-id': '1017', 'source': 'HAI Interface', 'destination-index': '3', 'study-stage': '4', 'decision-state': 0, 'vitals-state': 0, 'airspace-state': 0, 'data': {'page': 'emergency', 'action': 'trying to change destination to19'}}
INFO:root:1723221199.471021,ID:1017,STAGE:4,SEQUENCE:1342,DATA:{'time': 1723221199.463, 'user-id': '1017', 'source': 'HAI Interface', 'destination-index': '3', 'study-stage': '4', 'decision-state': 0, 'vitals-state': 0, 'airspace-state': 0, 'data': {'page': 'emergency', 'action': 'trying to change destination to19'}}
INFO:root:Ok, continue to monitor the patients vitals and keep us updated 
INFO:root:1723221204.478021,ID:1017,STAGE:4,SEQUENCE:1342,DATA:{'time': 1723221204.473, 'user-id': '1017', 'source': 'HAI Interface', 'destination-index': '3', 'study-stage': '4', 'decision-state': 0, 'vitals-state': 0, 'airspace-state': 0, 'data': {'page': 'emergency', 'action': 'trying to change destination to19'}}
INFO:root:Miscalibrated sensor radio comm done- command to clear event and make the receive 0 sent
INFO:root:1723221209.471286,ID:1017,STAGE:4,SEQUENCE:1342,DATA:{'time': 1723221209.466, 'user-id': '1017', 'source': 'HAI Interface', 'destination-index': '3', 'study-stage': '4', 'decision-state': 0, 'vitals-state': 0, 'airspace-state': 0, 'data': {'page': 'emergency', 'action': 'trying to change destination to19'}}
INFO:root:1723221214.565091,ID:1017,STAGE:4,SEQUENCE:1342,DATA:{'time': 1723221214.558, 'user-id': '1017', 'source': 'HAI Interface', 'destination-index': '3', 'study-stage': '4', 'decision-state': 0, 'vitals-state': 0, 'airspace-state': 0, 'data': {'page': 'emergency', 'action': 'trying to change destination to19'}}
INFO:root:Inflight Radio Update asked
INFO:root:sent request to set radio update complete
INFO:root:1723221215.347466,ID:1017,STAGE:4,SEQUENCE:1342,DATA:{'time': 1723221215.343, 'user-id': '1017', 'source': 'HAI Interface', 'destination-index': '3', 'study-stage': '4', 'decision-state': 0, 'vitals-state': 0, 'airspace-state': 0, 'data': {'action': 'transmit button pressed'}}
INFO:root:1723221215.350511,ID:1017,STAGE:4,SEQUENCE:1342,DATA:{'time': 1723221215.343, 'user-id': '1017', 'source': 'HAI Interface', 'destination-index': '3', 'study-stage': '4', 'decision-state': 0, 'vitals-state': 0, 'airspace-state': 0, 'data': {'action': 'callsign set to: + NASXGS'}}
INFO:root:1723221215.354016,ID:1017,STAGE:4,SEQUENCE:1342,DATA:{'time': 1723221215.343, 'user-id': '1017', 'source': 'HAI Interface', 'destination-index': '3', 'study-stage': '4', 'decision-state': 0, 'vitals-state': 0, 'airspace-state': 0, 'data': {'action': 'radio set to:Comm1'}}
INFO:root:1723221215.358301,ID:1017,STAGE:4,SEQUENCE:1342,DATA:{'time': 1723221215.344, 'user-id': '1017', 'source': 'HAI Interface', 'destination-index': '3', 'study-stage': '4', 'decision-state': 0, 'vitals-state': 0, 'airspace-state': 0, 'data': {'page': 'map', 'action': 'show map'}}
INFO:root:1723221215.359297,ID:1017,STAGE:4,SEQUENCE:1342,DATA:{'time': 1723221215.344, 'user-id': '1017', 'source': 'HAI Interface', 'destination-index': '3', 'study-stage': '4', 'decision-state': 0, 'vitals-state': 0, 'airspace-state': 0, 'data': {'page': 'map', 'action': 'selected helipad', 'value': '21'}}
INFO:root:1723221215.361292,ID:1017,STAGE:4,SEQUENCE:1342,DATA:{'time': 1723221215.348, 'user-id': '1017', 'source': 'HAI Interface', 'destination-index': '3', 'study-stage': '4', 'decision-state': 0, 'vitals-state': 0, 'airspace-state': 0, 'data': {'action': 'NASXGStransmitting updates onComm1123.45 MHz'}}
INFO:root:1723221219.495337,ID:1017,STAGE:4,SEQUENCE:1342,DATA:{'time': 1723221219.487, 'user-id': '1017', 'source': 'HAI Interface', 'destination-index': '3', 'study-stage': '4', 'decision-state': 0, 'vitals-state': 0, 'airspace-state': 0, 'data': {'page': 'emergency', 'action': 'trying to change destination to19'}}
INFO:root:1723221224.506896,ID:1017,STAGE:4,SEQUENCE:1342,DATA:{'time': 1723221224.5, 'user-id': '1017', 'source': 'HAI Interface', 'destination-index': '3', 'study-stage': '4', 'decision-state': 0, 'vitals-state': 0, 'airspace-state': 0, 'data': {'page': 'emergency', 'action': 'trying to change destination to19'}}
INFO:root:1723221229.466926,ID:1017,STAGE:4,SEQUENCE:1342,DATA:{'time': 1723221229.461, 'user-id': '1017', 'source': 'HAI Interface', 'destination-index': '3', 'study-stage': '4', 'decision-state': 0, 'vitals-state': 0, 'airspace-state': 0, 'data': {'page': 'emergency', 'action': 'trying to change destination to19'}}
INFO:root:1723221231.668086,ID:1017,STAGE:4,SEQUENCE:1342,DATA:{'time': 1723221231.664, 'user-id': '1017', 'source': 'HAI Interface', 'destination-index': '3', 'study-stage': '4', 'decision-state': 0, 'vitals-state': 0, 'airspace-state': 0, 'data': {'page': 'map', 'action': 'hide map'}}
INFO:root:1723221232.372484,ID:1017,STAGE:4,SEQUENCE:1342,DATA:{'time': 1723221232.368, 'user-id': '1017', 'source': 'HAI Interface', 'destination-index': '3', 'study-stage': '4', 'decision-state': 0, 'vitals-state': 0, 'airspace-state': 0, 'data': {'action': 'radio panel closed'}}
INFO:root:1723221234.466113,ID:1017,STAGE:4,SEQUENCE:1342,DATA:{'time': 1723221234.46, 'user-id': '1017', 'source': 'HAI Interface', 'destination-index': '3', 'study-stage': '4', 'decision-state': 0, 'vitals-state': 0, 'airspace-state': 0, 'data': {'page': 'emergency', 'action': 'trying to change destination to19'}}
INFO:root:1723221237.564527,ID:1017,STAGE:4,SEQUENCE:1342,DATA:{'time': 1723221237.555, 'source': 'VitalsTask', 'timer': 98.307, 'data': {'sensor': 'Heart Rate', 'action': 'capture', 'data': 'action button pressed'}}
INFO:root:1723221237.566522,ID:1017,STAGE:4,SEQUENCE:1342,DATA:{'time': 1723221237.556, 'source': 'VitalsTask', 'timer': 98.308, 'data': {'sensor': 'Heart Rate', 'action': 'capture', 'data': 'starting sensor action'}}
INFO:root:1723221237.716956,ID:1017,STAGE:4,SEQUENCE:1342,DATA:{'time': 1723221237.713, 'source': 'VitalsTask', 'timer': 98.465, 'data': {'sensor': 'Heart Rate', 'action': 'capture', 'data': 'action button pressed'}}
INFO:root:1723221237.719546,ID:1017,STAGE:4,SEQUENCE:1342,DATA:{'time': 1723221237.713, 'source': 'VitalsTask', 'timer': 98.465, 'data': {'sensor': 'Heart Rate', 'action': 'capture', 'data': 'a sensor action is in progress, cancelling'}}
INFO:root:1723221238.570878,ID:1017,STAGE:4,SEQUENCE:1342,DATA:{'time': 1723221238.567, 'source': 'VitalsTask', 'timer': 99.319, 'data': {'sensor': 'Heart Rate', 'action': 'capture', 'data': 'sensor action complete'}}
INFO:root:1723221238.572538,ID:1017,STAGE:4,SEQUENCE:1342,DATA:{'time': 1723221238.567, 'source': 'VitalsTask', 'timer': 99.319, 'data': {'sensor': 'Heart Rate', 'action': 'keypad open'}}
INFO:root:1723221239.525853,ID:1017,STAGE:4,SEQUENCE:1342,DATA:{'time': 1723221239.518, 'user-id': '1017', 'source': 'HAI Interface', 'destination-index': '3', 'study-stage': '4', 'decision-state': 0, 'vitals-state': 0, 'airspace-state': 0, 'data': {'page': 'emergency', 'action': 'trying to change destination to19'}}
INFO:root:1723221240.075039,ID:1017,STAGE:4,SEQUENCE:1342,DATA:{'time': 1723221240.069, 'source': 'VitalsTask', 'timer': 100.821, 'data': {'sensor': 'Heart Rate', 'action': 'keypad press', 'key': 5, 'value': 5}}
INFO:root:1723221240.216924,ID:1017,STAGE:4,SEQUENCE:1342,DATA:{'time': 1723221240.212, 'source': 'VitalsTask', 'timer': 100.964, 'data': {'sensor': 'Heart Rate', 'action': 'keypad press', 'key': 5, 'value': 55}}
INFO:root:1723221242.736029,ID:1017,STAGE:4,SEQUENCE:1342,DATA:{'time': 1723221242.732, 'source': 'VitalsTask', 'timer': 103.484, 'data': {'sensor': 'Heart Rate', 'action': 'show action buttons'}}
INFO:root:1723221242.740019,ID:1017,STAGE:4,SEQUENCE:1342,DATA:{'time': 1723221242.733, 'source': 'VitalsTask', 'timer': 103.485, 'data': {'sensor': 'Heart Rate', 'action': 'keypad press', 'key': 10, 'value': 55}}
INFO:root:1723221244.177892,ID:1017,STAGE:4,SEQUENCE:1342,DATA:{'time': 1723221244.173, 'source': 'VitalsTask', 'timer': 104.925, 'data': {'sensor': 'Heart Rate', 'action': 'log', 'data': 'action button pressed'}}
INFO:root:1723221244.179887,ID:1017,STAGE:4,SEQUENCE:1342,DATA:{'time': 1723221244.174, 'source': 'VitalsTask', 'timer': 104.926, 'data': {'sensor': 'Heart Rate', 'action': 'log', 'data': 'starting sensor action'}}
INFO:root:1723221244.490652,ID:1017,STAGE:4,SEQUENCE:1342,DATA:{'time': 1723221244.485, 'user-id': '1017', 'source': 'HAI Interface', 'destination-index': '3', 'study-stage': '4', 'decision-state': 0, 'vitals-state': 0, 'airspace-state': 0, 'data': {'page': 'emergency', 'action': 'trying to change destination to19'}}
INFO:root:1723221245.189124,ID:1017,STAGE:4,SEQUENCE:1342,DATA:{'time': 1723221245.185, 'source': 'VitalsTask', 'timer': 105.937, 'data': {'sensor': 'Heart Rate', 'action': 'log', 'data': 'sensor action complete'}}
INFO:root:1723221245.444276,ID:1017,STAGE:4,SEQUENCE:1342,DATA:{'time': 1723221245.44, 'source': 'VitalsTask', 'timer': 106.192, 'data': {'sensor': 'Heart Rate', 'action': 'save', 'data': 'action button pressed'}}
INFO:root:1723221245.445974,ID:1017,STAGE:4,SEQUENCE:1342,DATA:{'time': 1723221245.441, 'source': 'VitalsTask', 'timer': 106.193, 'data': {'sensor': 'Heart Rate', 'action': 'save', 'data': 'starting sensor action'}}
INFO:root:1723221245.596791,ID:1017,STAGE:4,SEQUENCE:1342,DATA:{'time': 1723221245.592, 'source': 'VitalsTask', 'timer': 106.344, 'data': {'sensor': 'Heart Rate', 'action': 'save', 'data': 'action button pressed'}}
INFO:root:1723221245.598786,ID:1017,STAGE:4,SEQUENCE:1342,DATA:{'time': 1723221245.593, 'source': 'VitalsTask', 'timer': 106.345, 'data': {'sensor': 'Heart Rate', 'action': 'save', 'data': 'a sensor action is in progress, cancelling'}}
INFO:root:1723221246.459987,ID:1017,STAGE:4,SEQUENCE:1342,DATA:{'time': 1723221246.456, 'source': 'VitalsTask', 'timer': 107.208, 'data': {'sensor': 'Heart Rate', 'action': 'save', 'data': 'sensor action complete'}}
INFO:root:1723221247.395463,ID:1017,STAGE:4,SEQUENCE:1342,DATA:{'time': 1723221247.391, 'user-id': '1017', 'source': 'HAI Interface', 'destination-index': '3', 'study-stage': '4', 'decision-state': 0, 'vitals-state': 0, 'airspace-state': 0, 'data': {'page': 'map', 'action': 'show map'}}
INFO:root:1723221247.397458,ID:1017,STAGE:4,SEQUENCE:1342,DATA:{'time': 1723221247.392, 'user-id': '1017', 'source': 'HAI Interface', 'destination-index': '3', 'study-stage': '4', 'decision-state': 0, 'vitals-state': 0, 'airspace-state': 0, 'data': {'page': 'map', 'action': 'selected helipad', 'value': '21'}}
INFO:root:1723221249.434335,ID:1017,STAGE:4,SEQUENCE:1342,DATA:{'time': 1723221249.428, 'user-id': '1017', 'source': 'HAI Interface', 'destination-index': '3', 'study-stage': '4', 'decision-state': 0, 'vitals-state': 0, 'airspace-state': 0, 'data': {'page': 'emergency', 'action': 'trying to change destination to19'}}
INFO:root:1723221249.58488,ID:1017,STAGE:4,SEQUENCE:1342,DATA:{'time': 1723221249.581, 'source': 'VitalsTask', 'timer': 110.333, 'data': {'sensor': 'O\u2082 Saturation', 'action': 'opened sensor tab'}}
INFO:root:1723221252.311013,ID:1017,STAGE:4,SEQUENCE:1342,DATA:{'time': 1723221252.306, 'source': 'VitalsTask', 'timer': 113.058, 'data': {'sensor': 'O\u2082 Saturation', 'action': 'capture', 'data': 'action button pressed'}}
INFO:root:1723221252.31515,ID:1017,STAGE:4,SEQUENCE:1342,DATA:{'time': 1723221252.306, 'source': 'VitalsTask', 'timer': 113.058, 'data': {'sensor': 'O\u2082 Saturation', 'action': 'capture', 'data': 'starting sensor action'}}
INFO:root:1723221253.319938,ID:1017,STAGE:4,SEQUENCE:1342,DATA:{'time': 1723221253.316, 'source': 'VitalsTask', 'timer': 114.068, 'data': {'sensor': 'O\u2082 Saturation', 'action': 'capture', 'data': 'sensor action complete'}}
INFO:root:1723221253.32087,ID:1017,STAGE:4,SEQUENCE:1342,DATA:{'time': 1723221253.316, 'source': 'VitalsTask', 'timer': 114.068, 'data': {'sensor': 'O\u2082 Saturation', 'action': 'keypad open'}}
INFO:root:1723221254.421273,ID:1017,STAGE:4,SEQUENCE:1342,DATA:{'time': 1723221254.414, 'user-id': '1017', 'source': 'HAI Interface', 'destination-index': '3', 'study-stage': '4', 'decision-state': 0, 'vitals-state': 0, 'airspace-state': 0, 'data': {'page': 'emergency', 'action': 'trying to change destination to19'}}
INFO:root:1723221254.727892,ID:1017,STAGE:4,SEQUENCE:1342,DATA:{'time': 1723221254.723, 'source': 'VitalsTask', 'timer': 115.475, 'data': {'sensor': 'O\u2082 Saturation', 'action': 'keypad press', 'key': 1, 'value': 1}}
INFO:root:1723221256.532219,ID:1017,STAGE:4,SEQUENCE:1342,DATA:{'time': 1723221256.524, 'source': 'VitalsTask', 'timer': 117.276, 'data': {'sensor': 'O\u2082 Saturation', 'action': 'keypad press', 'key': 11, 'value': 10}}
INFO:root:1723221257.124162,ID:1017,STAGE:4,SEQUENCE:1342,DATA:{'time': 1723221257.119, 'source': 'VitalsTask', 'timer': 117.871, 'data': {'sensor': 'O\u2082 Saturation', 'action': 'keypad press', 'key': 11, 'value': 100}}
INFO:root:1723221258.509421,ID:1017,STAGE:4,SEQUENCE:1342,DATA:{'time': 1723221258.504, 'source': 'VitalsTask', 'timer': 119.256, 'data': {'sensor': 'O\u2082 Saturation', 'action': 'show action buttons'}}
INFO:root:1723221258.511601,ID:1017,STAGE:4,SEQUENCE:1342,DATA:{'time': 1723221258.504, 'source': 'VitalsTask', 'timer': 119.256, 'data': {'sensor': 'O\u2082 Saturation', 'action': 'keypad press', 'key': 10, 'value': 100}}
INFO:root:1723221259.960638,ID:1017,STAGE:4,SEQUENCE:1342,DATA:{'time': 1723221259.954, 'source': 'VitalsTask', 'timer': 120.706, 'data': {'sensor': 'O\u2082 Saturation', 'action': 'log', 'data': 'action button pressed'}}
INFO:root:1723221259.962184,ID:1017,STAGE:4,SEQUENCE:1342,DATA:{'time': 1723221259.954, 'source': 'VitalsTask', 'timer': 120.706, 'data': {'sensor': 'O\u2082 Saturation', 'action': 'log', 'data': 'starting sensor action'}}
INFO:root:1723221260.191211,ID:1017,STAGE:4,SEQUENCE:1342,DATA:{'time': 1723221260.186, 'user-id': '1017', 'source': 'HAI Interface', 'destination-index': '3', 'study-stage': '4', 'decision-state': 0, 'vitals-state': 0, 'airspace-state': 0, 'data': {'page': 'emergency', 'action': 'trying to change destination to19'}}
INFO:root:1723221260.969832,ID:1017,STAGE:4,SEQUENCE:1342,DATA:{'time': 1723221260.966, 'source': 'VitalsTask', 'timer': 121.718, 'data': {'sensor': 'O\u2082 Saturation', 'action': 'log', 'data': 'sensor action complete'}}
INFO:root:1723221261.076694,ID:1017,STAGE:4,SEQUENCE:1342,DATA:{'time': 1723221261.07, 'source': 'VitalsTask', 'timer': 121.822, 'data': {'sensor': 'O\u2082 Saturation', 'action': 'save', 'data': 'action button pressed'}}
INFO:root:1723221261.080187,ID:1017,STAGE:4,SEQUENCE:1342,DATA:{'time': 1723221261.07, 'source': 'VitalsTask', 'timer': 121.822, 'data': {'sensor': 'O\u2082 Saturation', 'action': 'save', 'data': 'starting sensor action'}}
INFO:root:1723221262.091924,ID:1017,STAGE:4,SEQUENCE:1342,DATA:{'time': 1723221262.086, 'source': 'VitalsTask', 'timer': 122.838, 'data': {'sensor': 'O\u2082 Saturation', 'action': 'save', 'data': 'sensor action complete'}}
INFO:root:1723221262.246498,ID:1017,STAGE:4,SEQUENCE:1342,DATA:{'time': 1723221262.243, 'source': 'VitalsTask', 'timer': 122.995, 'data': {'sensor': 'Blood Pressure', 'action': 'opened sensor tab'}}
INFO:root:1723221264.473896,ID:1017,STAGE:4,SEQUENCE:1342,DATA:{'time': 1723221264.462, 'user-id': '1017', 'source': 'HAI Interface', 'destination-index': '3', 'study-stage': '4', 'decision-state': 0, 'vitals-state': '1', 'airspace-state': 0, 'data': {'page': 'emergency', 'action': 'trying to change destination to19'}}
INFO:root:1723221264.477886,ID:1017,STAGE:4,SEQUENCE:1342,DATA:{'time': 1723221264.463, 'user-id': '1017', 'source': 'HAI Interface', 'destination-index': '3', 'study-stage': '4', 'decision-state': 0, 'vitals-state': '1', 'airspace-state': 0, 'data': {'page': 'emergency', 'action': 'show Engine Failure Alert, hide map'}}
INFO:root:1723221264.480388,ID:1017,STAGE:4,SEQUENCE:1342,DATA:{'time': 1723221264.463, 'user-id': '1017', 'source': 'HAI Interface', 'destination-index': '3', 'study-stage': '4', 'decision-state': 0, 'vitals-state': '1', 'airspace-state': 0, 'data': {'page': 'map', 'action': 'hide map'}}
INFO:root:1723221264.48361,ID:1017,STAGE:4,SEQUENCE:1342,DATA:{'time': 1723221264.464, 'user-id': '1017', 'source': 'HAI Interface', 'destination-index': '3', 'study-stage': '4', 'decision-state': 0, 'vitals-state': '1', 'airspace-state': 0, 'data': {'page': 'Inflight', 'action': 'Engine failure emergency- emergnecy propmt displayed'}}
INFO:root:1723221266.697404,ID:1017,STAGE:4,SEQUENCE:1342,DATA:{'time': 1723221266.692, 'user-id': '1017', 'source': 'HAI Interface', 'destination-index': '3', 'study-stage': '4', 'decision-state': 0, 'vitals-state': '1', 'airspace-state': 0, 'data': {'page': 'Inflight', 'action': 'Engine failure emergency- show more info button pressed'}}
INFO:root:1723221269.510068,ID:1017,STAGE:4,SEQUENCE:1342,DATA:{'time': 1723221269.504, 'user-id': '1017', 'source': 'HAI Interface', 'destination-index': '3', 'study-stage': '4', 'decision-state': 0, 'vitals-state': '1', 'airspace-state': 0, 'data': {'page': 'emergency', 'action': 'trying to change destination to19'}}
INFO:root:1723221274.428504,ID:1017,STAGE:4,SEQUENCE:1342,DATA:{'time': 1723221274.424, 'user-id': '1017', 'source': 'HAI Interface', 'destination-index': '3', 'study-stage': '4', 'decision-state': 0, 'vitals-state': '1', 'airspace-state': 0, 'data': {'page': 'emergency', 'action': 'trying to change destination to19'}}
INFO:root:1723221277.765772,ID:1017,STAGE:4,SEQUENCE:1342,DATA:{'time': 1723221277.762, 'source': 'VitalsTask', 'timer': 138.514, 'data': {'sensor': 'Heart Rate', 'action': 'opened sensor tab'}}
INFO:root:1723221277.937179,ID:1017,STAGE:4,SEQUENCE:1342,DATA:{'time': 1723221277.932, 'source': 'VitalsTask', 'timer': 138.684, 'data': {'sensor': 'Heart Rate', 'action': 'opened sensor tab'}}
INFO:root:1723221279.496314,ID:1017,STAGE:4,SEQUENCE:1342,DATA:{'time': 1723221279.491, 'user-id': '1017', 'source': 'HAI Interface', 'destination-index': '3', 'study-stage': '4', 'decision-state': 0, 'vitals-state': '1', 'airspace-state': 0, 'data': {'page': 'emergency', 'action': 'trying to change destination to19'}}
INFO:root:1723221280.629553,ID:1017,STAGE:4,SEQUENCE:1342,DATA:{'time': 1723221280.625, 'source': 'VitalsTask', 'timer': 141.377, 'data': {'sensor': 'Blood Pressure', 'action': 'opened sensor tab'}}
INFO:root:1723221284.10203,ID:1017,STAGE:4,SEQUENCE:1342,DATA:{'time': 1723221284.097, 'user-id': '1017', 'source': 'HAI Interface', 'destination-index': '3', 'study-stage': '4', 'decision-state': 0, 'vitals-state': '1', 'airspace-state': 0, 'data': {'page': 'Inflight', 'action': 'Engine failure emergency- close button pressed'}}
INFO:root:1723221284.103694,ID:1017,STAGE:4,SEQUENCE:1342,DATA:{'time': 1723221284.098, 'user-id': '1017', 'source': 'HAI Interface', 'destination-index': '3', 'study-stage': '4', 'decision-state': 0, 'vitals-state': '1', 'airspace-state': 0, 'data': {'page': 'Inflight', 'action': 'change destination button pressed'}}
INFO:root:1723221284.285752,ID:1017,STAGE:4,SEQUENCE:1342,DATA:{'time': 1723221284.244, 'user-id': 'none', 'source': 'HAI Interface', 'destination-index': 3, 'study-stage': -1, 'decision-state': 0, 'vitals-state': 0, 'airspace-state': 0, 'data': {'page': 'emergency-landing', 'action': 'opened page'}}
INFO:root:1723221285.209377,ID:1017,STAGE:4,SEQUENCE:1342,DATA:{'time': 1723221285.204, 'user-id': '1017', 'source': 'HAI Interface', 'destination-index': '3', 'study-stage': '4', 'decision-state': 0, 'vitals-state': '1', 'airspace-state': 0, 'data': {'page': 'map', 'action': 'selected helipad', 'value': '21'}}
INFO:root:1723221285.227357,ID:1017,STAGE:4,SEQUENCE:1342,DATA:{'time': 1723221285.205, 'user-id': '1017', 'source': 'HAI Interface', 'destination-index': '3', 'study-stage': '4', 'decision-state': 0, 'vitals-state': '1', 'airspace-state': 0, 'data': {'page': 'map', 'action': 'set destination', 'value': -1}}
INFO:root:1723221285.468835,ID:1017,STAGE:4,SEQUENCE:1342,DATA:{'time': 1723221285.464, 'user-id': '1017', 'source': 'HAI Interface', 'destination-index': '3', 'study-stage': '4', 'decision-state': 0, 'vitals-state': '1', 'airspace-state': 0, 'data': {'page': 'map', 'action': 'hide map'}}
INFO:root:1723221287.027362,ID:1017,STAGE:4,SEQUENCE:1342,DATA:{'time': 1723221287.014, 'user-id': '1017', 'source': 'HAI Interface', 'destination-index': '3', 'study-stage': '4', 'decision-state': 0, 'vitals-state': '1', 'airspace-state': 0, 'data': {'page': 'change-destination', 'action': 'submit button pressed'}}
INFO:root:1723221287.188837,ID:1017,STAGE:4,SEQUENCE:1342,DATA:{'time': 1723221287.155, 'user-id': 'none', 'source': 'HAI Interface', 'destination-index': 3, 'study-stage': -1, 'decision-state': 0, 'vitals-state': 0, 'airspace-state': 0, 'data': {'page': 'location', 'action': 'opened page'}}
INFO:root:1723221288.126547,ID:1017,STAGE:4,SEQUENCE:1342,DATA:{'time': 1723221288.122, 'user-id': '1017', 'source': 'HAI Interface', 'destination-index': '3', 'study-stage': '4', 'decision-state': 0, 'vitals-state': '1', 'airspace-state': 0, 'data': {'page': 'map', 'action': 'selected helipad', 'value': '21'}}
INFO:root:1723221288.245156,ID:1017,STAGE:4,SEQUENCE:1342,DATA:{'time': 1723221288.241, 'user-id': '1017', 'source': 'HAI Interface', 'destination-index': '3', 'study-stage': '4', 'decision-state': 0, 'vitals-state': '1', 'airspace-state': 0, 'data': {'page': 'map', 'action': 'hide map'}}
INFO:root:1723221289.396736,ID:1017,STAGE:4,SEQUENCE:1342,DATA:{'time': 1723221289.393, 'user-id': '1017', 'source': 'HAI Interface', 'destination-index': '3', 'study-stage': '4', 'decision-state': 0, 'vitals-state': '1', 'airspace-state': 0, 'data': {'action': 'radio panel opened'}}
INFO:root:1723221292.382778,ID:1017,STAGE:4,SEQUENCE:1342,DATA:{'time': 1723221292.378, 'user-id': '1017', 'source': 'HAI Interface', 'destination-index': '3', 'study-stage': '4', 'decision-state': 0, 'vitals-state': '1', 'airspace-state': 0, 'data': {'page': 'emergency', 'action': 'trying to change destination to100'}}
INFO:root:1723221294.2578,ID:1017,STAGE:4,SEQUENCE:1342,DATA:{'time': 1723221294.253, 'user-id': '1017', 'source': 'HAI Interface', 'destination-index': '3', 'study-stage': '4', 'decision-state': 0, 'vitals-state': '1', 'airspace-state': 0, 'data': {'action': 'receive button pressed'}}
INFO:root:1723221294.26179,ID:1017,STAGE:4,SEQUENCE:1342,DATA:{'time': 1723221294.254, 'user-id': '1017', 'source': 'HAI Interface', 'destination-index': '3', 'study-stage': '4', 'decision-state': 0, 'vitals-state': '1', 'airspace-state': 0, 'data': {'action': 'callsign set to:[object Object]'}}
INFO:root:1723221294.267777,ID:1017,STAGE:4,SEQUENCE:1342,DATA:{'time': 1723221294.254, 'user-id': '1017', 'source': 'HAI Interface', 'destination-index': '3', 'study-stage': '4', 'decision-state': 0, 'vitals-state': '1', 'airspace-state': 0, 'data': {'action': 'radio set to:Comm2'}}
INFO:root:1723221294.272271,ID:1017,STAGE:4,SEQUENCE:1342,DATA:{'time': 1723221294.258, 'user-id': '1017', 'source': 'HAI Interface', 'destination-index': '3', 'study-stage': '4', 'decision-state': 0, 'vitals-state': '1', 'airspace-state': 0, 'data': {'action': 'MEDEVACtransmitting onComm2123.45 MHz'}}
INFO:root:1723221297.364139,ID:1017,STAGE:4,SEQUENCE:1342,DATA:{'time': 1723221297.354, 'user-id': '1017', 'source': 'HAI Interface', 'destination-index': '3', 'study-stage': '4', 'decision-state': 0, 'vitals-state': '1', 'airspace-state': 0, 'data': {'page': 'emergency', 'action': 'trying to change destination to19'}}
INFO:root:Engine Failure alert given, sent request to clear engine_failure_emergency
INFO:root:Reroute to Old Fourth Ward radio comm response initiated
INFO:root:1723221302.324691,ID:1017,STAGE:4,SEQUENCE:1342,DATA:{'time': 1723221302.317, 'user-id': '1017', 'source': 'HAI Interface', 'destination-index': '3', 'study-stage': '4', 'decision-state': 0, 'vitals-state': '1', 'airspace-state': 0, 'data': {'page': 'emergency', 'action': 'trying to change destination to19'}}
INFO:root:1723221307.386179,ID:1017,STAGE:4,SEQUENCE:1342,DATA:{'time': 1723221307.381, 'user-id': '1017', 'source': 'HAI Interface', 'destination-index': '3', 'study-stage': '4', 'decision-state': 0, 'vitals-state': '1', 'airspace-state': 0, 'data': {'page': 'emergency', 'action': 'trying to change destination to19'}}
INFO:root:1723221312.381393,ID:1017,STAGE:4,SEQUENCE:1342,DATA:{'time': 1723221312.367, 'user-id': '1017', 'source': 'HAI Interface', 'destination-index': '3', 'study-stage': '4', 'decision-state': 0, 'vitals-state': '1', 'airspace-state': 0, 'data': {'page': 'emergency', 'action': 'trying to change destination to19'}}
INFO:root:1723221317.368873,ID:1017,STAGE:4,SEQUENCE:1342,DATA:{'time': 1723221317.36, 'user-id': '1017', 'source': 'HAI Interface', 'destination-index': '3', 'study-stage': '4', 'decision-state': 0, 'vitals-state': '1', 'airspace-state': 0, 'data': {'page': 'emergency', 'action': 'trying to change destination to19'}}
INFO:root:1723221322.390617,ID:1017,STAGE:4,SEQUENCE:1342,DATA:{'time': 1723221322.386, 'user-id': '1017', 'source': 'HAI Interface', 'destination-index': '3', 'study-stage': '4', 'decision-state': 0, 'vitals-state': '1', 'airspace-state': 0, 'data': {'page': 'emergency', 'action': 'trying to change destination to19'}}
INFO:root:1723221327.336995,ID:1017,STAGE:4,SEQUENCE:1342,DATA:{'time': 1723221327.331, 'user-id': '1017', 'source': 'HAI Interface', 'destination-index': '3', 'study-stage': '4', 'decision-state': 0, 'vitals-state': '1', 'airspace-state': 0, 'data': {'page': 'emergency', 'action': 'trying to change destination to19'}}
INFO:root:1723221327.468568,ID:1017,STAGE:4,SEQUENCE:1342,DATA:{'time': 1723221327.456, 'source': 'VitalsTask', 'timer': 188.208, 'data': {'sensor': 'Blood Pressure', 'action': 'capture', 'data': 'action button pressed'}}
INFO:root:1723221327.472557,ID:1017,STAGE:4,SEQUENCE:1342,DATA:{'time': 1723221327.457, 'source': 'VitalsTask', 'timer': 188.209, 'data': {'sensor': 'Blood Pressure', 'action': 'capture', 'data': 'starting sensor action'}}
INFO:root:1723221328.474464,ID:1017,STAGE:4,SEQUENCE:1342,DATA:{'time': 1723221328.468, 'source': 'VitalsTask', 'timer': 189.22, 'data': {'sensor': 'Blood Pressure', 'action': 'capture', 'data': 'sensor action complete'}}
INFO:root:1723221328.479526,ID:1017,STAGE:4,SEQUENCE:1342,DATA:{'time': 1723221328.469, 'source': 'VitalsTask', 'timer': 189.221, 'data': {'sensor': 'Blood Pressure', 'action': 'keypad open'}}
INFO:root:1723221330.035621,ID:1017,STAGE:4,SEQUENCE:1342,DATA:{'time': 1723221330.03, 'source': 'VitalsTask', 'timer': 190.782, 'data': {'sensor': 'Blood Pressure', 'action': 'keypad press', 'key': 2, 'value': 2}}
INFO:root:1723221330.852488,ID:1017,STAGE:4,SEQUENCE:1342,DATA:{'time': 1723221330.848, 'source': 'VitalsTask', 'timer': 191.6, 'data': {'sensor': 'Blood Pressure', 'action': 'keypad press', 'key': 3, 'value': 23}}
INFO:root:1723221332.353615,ID:1017,STAGE:4,SEQUENCE:1342,DATA:{'time': 1723221332.348, 'user-id': '1017', 'source': 'HAI Interface', 'destination-index': '3', 'study-stage': '4', 'decision-state': 0, 'vitals-state': '1', 'airspace-state': 0, 'data': {'page': 'emergency', 'action': 'trying to change destination to19'}}
INFO:root:1723221332.924812,ID:1017,STAGE:4,SEQUENCE:1342,DATA:{'time': 1723221332.92, 'source': 'VitalsTask', 'timer': 193.672, 'data': {'sensor': 'Blood Pressure', 'action': 'keypad press', 'key': 6, 'value': 236}}
INFO:root:1723221334.640505,ID:1017,STAGE:4,SEQUENCE:1342,DATA:{'time': 1723221334.636, 'source': 'VitalsTask', 'timer': 195.388, 'data': {'sensor': 'Blood Pressure', 'action': 'keypad press', 'key': 1, 'value': 2361}}
INFO:root:Reroute to Old Fourth Ward radio comm done- command to clear event and make receive 0 sent
INFO:root:1723221335.655376,ID:1017,STAGE:4,SEQUENCE:1342,DATA:{'time': 1723221335.651, 'source': 'VitalsTask', 'timer': 196.403, 'data': {'sensor': 'Blood Pressure', 'action': 'keypad press', 'key': 9, 'value': 23619}}
INFO:root:1723221337.344045,ID:1017,STAGE:4,SEQUENCE:1342,DATA:{'time': 1723221337.338, 'user-id': '1017', 'source': 'HAI Interface', 'destination-index': '3', 'study-stage': '4', 'decision-state': 0, 'vitals-state': '1', 'airspace-state': 0, 'data': {'page': 'emergency', 'action': 'trying to change destination to19'}}
INFO:root:1723221337.580564,ID:1017,STAGE:4,SEQUENCE:1342,DATA:{'time': 1723221337.575, 'source': 'VitalsTask', 'timer': 198.327, 'data': {'sensor': 'Blood Pressure', 'action': 'keypad press', 'key': 6, 'value': 236196}}
INFO:root:1723221338.614151,ID:1017,STAGE:4,SEQUENCE:1342,DATA:{'time': 1723221338.608, 'source': 'VitalsTask', 'timer': 199.36, 'data': {'sensor': 'Blood Pressure', 'action': 'show action buttons'}}
INFO:root:1723221338.616655,ID:1017,STAGE:4,SEQUENCE:1342,DATA:{'time': 1723221338.609, 'source': 'VitalsTask', 'timer': 199.361, 'data': {'sensor': 'Blood Pressure', 'action': 'keypad press', 'key': 10, 'value': 236196}}
INFO:root:1723221340.143866,ID:1017,STAGE:4,SEQUENCE:1342,DATA:{'time': 1723221340.139, 'source': 'VitalsTask', 'timer': 200.891, 'data': {'sensor': 'Blood Pressure', 'action': 'log', 'data': 'action button pressed'}}
INFO:root:1723221340.146128,ID:1017,STAGE:4,SEQUENCE:1342,DATA:{'time': 1723221340.139, 'source': 'VitalsTask', 'timer': 200.891, 'data': {'sensor': 'Blood Pressure', 'action': 'log', 'data': 'starting sensor action'}}
INFO:root:1723221341.164805,ID:1017,STAGE:4,SEQUENCE:1342,DATA:{'time': 1723221341.158, 'source': 'VitalsTask', 'timer': 201.91, 'data': {'sensor': 'Blood Pressure', 'action': 'log', 'data': 'sensor action complete'}}
INFO:root:1723221341.938501,ID:1017,STAGE:4,SEQUENCE:1342,DATA:{'time': 1723221341.932, 'source': 'VitalsTask', 'timer': 202.684, 'data': {'sensor': 'Blood Pressure', 'action': 'save', 'data': 'action button pressed'}}
INFO:root:1723221341.942001,ID:1017,STAGE:4,SEQUENCE:1342,DATA:{'time': 1723221341.932, 'source': 'VitalsTask', 'timer': 202.684, 'data': {'sensor': 'Blood Pressure', 'action': 'save', 'data': 'starting sensor action'}}
INFO:root:1723221342.39987,ID:1017,STAGE:4,SEQUENCE:1342,DATA:{'time': 1723221342.393, 'user-id': '1017', 'source': 'HAI Interface', 'destination-index': '3', 'study-stage': '4', 'decision-state': 0, 'vitals-state': '1', 'airspace-state': 0, 'data': {'page': 'emergency', 'action': 'trying to change destination to19'}}
INFO:root:1723221342.954239,ID:1017,STAGE:4,SEQUENCE:1342,DATA:{'time': 1723221342.95, 'source': 'VitalsTask', 'timer': 203.702, 'data': {'sensor': 'Blood Pressure', 'action': 'save', 'data': 'sensor action complete'}}
INFO:root:1723221345.224684,ID:1017,STAGE:4,SEQUENCE:1342,DATA:{'time': 1723221345.219, 'source': 'VitalsTask', 'timer': 205.971, 'data': {'sensor': 'submit', 'action': 'submit'}}
INFO:root:1723221345.23075,ID:1017,STAGE:4,SEQUENCE:1342,DATA:{'time': 1723221345.219, 'source': 'VitalsTask', 'timer': 205.971, 'data': {'sensor': 'submit', 'action': 'submit', 'data': 'submit succeeded'}}
INFO:root:1723221347.389316,ID:1017,STAGE:4,SEQUENCE:1342,DATA:{'time': 1723221347.376, 'user-id': '1017', 'source': 'HAI Interface', 'destination-index': '3', 'study-stage': '4', 'decision-state': 0, 'vitals-state': '1', 'airspace-state': 0, 'data': {'page': 'emergency', 'action': 'trying to change destination to19'}}
INFO:root:1723221352.382665,ID:1017,STAGE:4,SEQUENCE:1342,DATA:{'time': 1723221352.377, 'user-id': '1017', 'source': 'HAI Interface', 'destination-index': '3', 'study-stage': '4', 'decision-state': 0, 'vitals-state': '1', 'airspace-state': 0, 'data': {'page': 'emergency', 'action': 'trying to change destination to19'}}
INFO:root:1723221353.967009,ID:1017,STAGE:4,SEQUENCE:1342,DATA:{'time': 1723221353.963, 'user-id': '1017', 'source': 'HAI Interface', 'destination-index': '3', 'study-stage': '4', 'decision-state': 0, 'vitals-state': '1', 'airspace-state': 0, 'data': {'action': 'radio panel closed'}}
INFO:root:1723221357.408883,ID:1017,STAGE:4,SEQUENCE:1342,DATA:{'time': 1723221357.4, 'user-id': '1017', 'source': 'HAI Interface', 'destination-index': '3', 'study-stage': '4', 'decision-state': 0, 'vitals-state': '1', 'airspace-state': 0, 'data': {'page': 'emergency', 'action': 'trying to change destination to19'}}
INFO:root:1723221362.462197,ID:1017,STAGE:4,SEQUENCE:1342,DATA:{'time': 1723221362.42, 'user-id': '1017', 'source': 'HAI Interface', 'destination-index': '3', 'study-stage': '4', 'decision-state': 0, 'vitals-state': '1', 'airspace-state': 0, 'data': {'page': 'emergency', 'action': 'trying to change destination to19'}}
INFO:root:voice activity detected
INFO:root:recording started
INFO:root:1723221363.562111,ID:1017,STAGE:4,SEQUENCE:1342,DATA:{'time': 1723221363.558, 'source': 'VitalsTask', 'timer': 18.339, 'data': {'sensor': 'Blood Pressure', 'action': 'capture', 'data': 'action button pressed'}}
INFO:root:1723221363.564106,ID:1017,STAGE:4,SEQUENCE:1342,DATA:{'time': 1723221363.558, 'source': 'VitalsTask', 'timer': 18.339, 'data': {'sensor': 'Blood Pressure', 'action': 'capture', 'data': 'starting sensor action'}}
INFO:root:voice deactivity detected
INFO:root:recording stopped
INFO:root:1723221364.5874,ID:1017,STAGE:4,SEQUENCE:1342,DATA:{'time': 1723221364.574, 'source': 'VitalsTask', 'timer': 19.355, 'data': {'sensor': 'Blood Pressure', 'action': 'capture', 'data': 'sensor action complete'}}
INFO:root:1723221364.598395,ID:1017,STAGE:4,SEQUENCE:1342,DATA:{'time': 1723221364.575, 'source': 'VitalsTask', 'timer': 19.356, 'data': {'sensor': 'Blood Pressure', 'action': 'keypad open'}}
INFO:root:1723221367.354191,ID:1017,STAGE:4,SEQUENCE:1342,DATA:{'time': 1723221367.339, 'user-id': '1017', 'source': 'HAI Interface', 'destination-index': '3', 'study-stage': '4', 'decision-state': 0, 'vitals-state': '1', 'airspace-state': 0, 'data': {'page': 'emergency', 'action': 'trying to change destination to19'}}
INFO:root:1723221367.912138,ID:1017,STAGE:4,SEQUENCE:1342,DATA:{'time': 1723221367.908, 'source': 'VitalsTask', 'timer': 22.689, 'data': {'sensor': 'Blood Pressure', 'action': 'keypad press', 'key': 2, 'value': 2}}
INFO:root:1723221368.959207,ID:1017,STAGE:4,SEQUENCE:1342,DATA:{'time': 1723221368.947, 'source': 'VitalsTask', 'timer': 23.728, 'data': {'sensor': 'Blood Pressure', 'action': 'keypad press', 'key': 3, 'value': 23}}
INFO:root:1723221369.108023,ID:1017,STAGE:4,SEQUENCE:1342,DATA:{'time': 1723221369.104, 'source': 'VitalsTask', 'timer': 23.885, 'data': {'sensor': 'Blood Pressure', 'action': 'keypad press', 'key': 3, 'value': 233}}
