INFO:root:1723219088.21907,ID:1017,STAGE:1,SEQUENCE:1342,DATA:{'time': 1723219088.215, 'user-id': '1017', 'source': 'HAI Interface', 'destination-index': 'None', 'study-stage': '1', 'decision-state': 0, 'vitals-state': 0, 'airspace-state': 0, 'data': {'page': 'index', 'action': 'confirm button pressed'}}
INFO:root:1723219088.329713,ID:1017,STAGE:1,SEQUENCE:1342,DATA:{'time': 1723219088.316, 'user-id': 'none', 'source': 'HAI Interface', 'destination-index': 3, 'study-stage': -1, 'decision-state': 0, 'vitals-state': 0, 'airspace-state': 0, 'data': {'page': 'location', 'action': 'opened page'}}
INFO:root:1723219089.289614,ID:1017,STAGE:1,SEQUENCE:1342,DATA:{'time': 1723219089.287, 'user-id': '1017', 'source': 'HAI Interface', 'destination-index': 'None', 'study-stage': '1', 'decision-state': 0, 'vitals-state': 0, 'airspace-state': 0, 'data': {'page': 'map', 'action': 'selected helipad', 'value': '21'}}
INFO:root:Takeoff radiocomms initiated
INFO:comtypes.client._code_cache:Imported existing <module 'comtypes.gen' from 'C:\\Users\\ae-dagbeyibor3\\AppData\\Local\\Programs\\Python\\Python312\\Lib\\site-packages\\comtypes\\gen\\__init__.py'>
INFO:comtypes.client._code_cache:Using writeable comtypes cache directory: 'C:\Users\ae-dagbeyibor3\AppData\Local\Programs\Python\Python312\Lib\site-packages\comtypes\gen'
INFO:SimConnect.SimConnect:SIM OPEN
INFO:SimConnect.SimConnect:SIM OPEN
INFO:root:Takeoff radiocomms clear request sent
INFO:root:1723219107.896067,ID:1017,STAGE:1,SEQUENCE:1342,DATA:{'time': 1723219107.892, 'user-id': '1017', 'source': 'HAI Interface', 'destination-index': 'None', 'study-stage': '1', 'decision-state': 0, 'vitals-state': 0, 'airspace-state': 0, 'data': {'page': 'location', 'action': 'confirm button pressed'}}
INFO:root:1723219108.148464,ID:1017,STAGE:1,SEQUENCE:1342,DATA:{'time': 1723219108.143, 'user-id': 'none', 'source': 'HAI Interface', 'destination-index': 3, 'study-stage': -1, 'decision-state': 0, 'vitals-state': 0, 'airspace-state': 0, 'data': {'page': 'checklist', 'action': 'opened page', 'inflight': False}}
INFO:root:1723219109.121894,ID:1017,STAGE:1,SEQUENCE:1342,DATA:{'time': 1723219109.112, 'user-id': '1017', 'source': 'HAI Interface', 'destination-index': '3', 'study-stage': '1', 'decision-state': 0, 'vitals-state': 0, 'airspace-state': 0, 'data': {'page': 'map', 'action': 'selected helipad', 'value': '21'}}
INFO:root:1723219120.452537,ID:1017,STAGE:1,SEQUENCE:1342,DATA:{'time': 1723219120.448, 'source': 'VitalsTask', 'timer': 1937.913, 'data': {'sensor': 'Heart Rate', 'action': 'opened sensor tab'}}
INFO:root:1723219123.091592,ID:1017,STAGE:1,SEQUENCE:1342,DATA:{'time': 1723219123.088, 'source': 'VitalsTask', 'timer': 1940.553, 'data': {'sensor': 'Heart Rate', 'action': 'capture', 'data': 'action button pressed'}}
INFO:root:1723219123.093863,ID:1017,STAGE:1,SEQUENCE:1342,DATA:{'time': 1723219123.088, 'source': 'VitalsTask', 'timer': 1940.553, 'data': {'sensor': 'Heart Rate', 'action': 'capture', 'data': 'starting sensor action'}}
INFO:root:1723219124.109952,ID:1017,STAGE:1,SEQUENCE:1342,DATA:{'time': 1723219124.105, 'source': 'VitalsTask', 'timer': 1941.57, 'data': {'sensor': 'Heart Rate', 'action': 'capture', 'data': 'sensor action complete'}}
INFO:root:1723219124.1111,ID:1017,STAGE:1,SEQUENCE:1342,DATA:{'time': 1723219124.105, 'source': 'VitalsTask', 'timer': 1941.57, 'data': {'sensor': 'Heart Rate', 'action': 'keypad open'}}
INFO:root:1723219125.564469,ID:1017,STAGE:1,SEQUENCE:1342,DATA:{'time': 1723219125.56, 'source': 'VitalsTask', 'timer': 1943.025, 'data': {'sensor': 'Heart Rate', 'action': 'keypad press', 'key': 5, 'value': 5}}
INFO:root:1723219125.78909,ID:1017,STAGE:1,SEQUENCE:1342,DATA:{'time': 1723219125.785, 'source': 'VitalsTask', 'timer': 1943.25, 'data': {'sensor': 'Heart Rate', 'action': 'keypad press', 'key': 5, 'value': 55}}
INFO:root:1723219126.972465,ID:1017,STAGE:1,SEQUENCE:1342,DATA:{'time': 1723219126.97, 'source': 'VitalsTask', 'timer': 1944.435, 'data': {'sensor': 'Heart Rate', 'action': 'show action buttons'}}
INFO:root:1723219126.974261,ID:1017,STAGE:1,SEQUENCE:1342,DATA:{'time': 1723219126.97, 'source': 'VitalsTask', 'timer': 1944.435, 'data': {'sensor': 'Heart Rate', 'action': 'keypad press', 'key': 10, 'value': 55}}
INFO:root:1723219129.688891,ID:1017,STAGE:1,SEQUENCE:1342,DATA:{'time': 1723219129.686, 'source': 'VitalsTask', 'timer': 1947.151, 'data': {'sensor': 'Heart Rate', 'action': 'log', 'data': 'action button pressed'}}
INFO:root:1723219129.690625,ID:1017,STAGE:1,SEQUENCE:1342,DATA:{'time': 1723219129.686, 'source': 'VitalsTask', 'timer': 1947.151, 'data': {'sensor': 'Heart Rate', 'action': 'log', 'data': 'starting sensor action'}}
INFO:root:1723219130.707564,ID:1017,STAGE:1,SEQUENCE:1342,DATA:{'time': 1723219130.704, 'source': 'VitalsTask', 'timer': 1948.169, 'data': {'sensor': 'Heart Rate', 'action': 'log', 'data': 'sensor action complete'}}
INFO:root:1723219130.953849,ID:1017,STAGE:1,SEQUENCE:1342,DATA:{'time': 1723219130.951, 'source': 'VitalsTask', 'timer': 1948.416, 'data': {'sensor': 'Heart Rate', 'action': 'save', 'data': 'action button pressed'}}
INFO:root:1723219130.955849,ID:1017,STAGE:1,SEQUENCE:1342,DATA:{'time': 1723219130.951, 'source': 'VitalsTask', 'timer': 1948.416, 'data': {'sensor': 'Heart Rate', 'action': 'save', 'data': 'starting sensor action'}}
INFO:root:1723219131.971235,ID:1017,STAGE:1,SEQUENCE:1342,DATA:{'time': 1723219131.967, 'source': 'VitalsTask', 'timer': 1949.432, 'data': {'sensor': 'Heart Rate', 'action': 'save', 'data': 'sensor action complete'}}
INFO:root:1723219132.440655,ID:1017,STAGE:1,SEQUENCE:1342,DATA:{'time': 1723219132.437, 'source': 'VitalsTask', 'timer': 1949.902, 'data': {'sensor': 'Blood Pressure', 'action': 'opened sensor tab'}}
INFO:root:1723219133.558143,ID:1017,STAGE:1,SEQUENCE:1342,DATA:{'time': 1723219133.555, 'source': 'VitalsTask', 'timer': 1951.02, 'data': {'sensor': 'O\u2082 Saturation', 'action': 'opened sensor tab'}}
INFO:root:1723219151.056076,ID:1017,STAGE:1,SEQUENCE:1342,DATA:{'time': 1723219151.053, 'user-id': '1017', 'source': 'HAI Interface', 'destination-index': '3', 'study-stage': '1', 'decision-state': 0, 'vitals-state': 0, 'airspace-state': 0, 'data': {'page': 'checklist', 'action': 'toggled checkbox', 'inflight': False, 'item': 0, 'value': 'OFF'}}
INFO:root:1723219151.542451,ID:1017,STAGE:1,SEQUENCE:1342,DATA:{'time': 1723219151.539, 'user-id': '1017', 'source': 'HAI Interface', 'destination-index': '3', 'study-stage': '1', 'decision-state': 0, 'vitals-state': 0, 'airspace-state': 0, 'data': {'page': 'checklist', 'action': 'toggled checkbox', 'inflight': False, 'item': 1, 'value': 'OFF'}}
INFO:root:1723219152.152552,ID:1017,STAGE:1,SEQUENCE:1342,DATA:{'time': 1723219152.149, 'user-id': '1017', 'source': 'HAI Interface', 'destination-index': '3', 'study-stage': '1', 'decision-state': 0, 'vitals-state': 0, 'airspace-state': 0, 'data': {'page': 'checklist', 'action': 'toggled checkbox', 'inflight': False, 'item': 2, 'value': 'OFF'}}
INFO:root:1723219152.153549,ID:1017,STAGE:1,SEQUENCE:1342,DATA:{'time': 1723219152.149, 'user-id': '1017', 'source': 'HAI Interface', 'destination-index': '3', 'study-stage': '1', 'decision-state': 0, 'vitals-state': 0, 'airspace-state': 0, 'data': {'page': 'checklist', 'action': 'showing confirm button', 'inflight': False}}
INFO:root:1723219152.708809,ID:1017,STAGE:1,SEQUENCE:1342,DATA:{'time': 1723219152.706, 'user-id': '1017', 'source': 'HAI Interface', 'destination-index': '3', 'study-stage': '1', 'decision-state': 0, 'vitals-state': 0, 'airspace-state': 0, 'data': {'page': 'checklist', 'action': 'confirm button clicked', 'inflight': False}}
INFO:root:1723219152.815778,ID:1017,STAGE:1,SEQUENCE:1342,DATA:{'time': 1723219152.805, 'user-id': 'none', 'source': 'HAI Interface', 'destination-index': 3, 'study-stage': -1, 'decision-state': 0, 'vitals-state': 0, 'airspace-state': 0, 'data': {'page': 'countdown', 'action': 'opened page'}}
INFO:root:1723219153.777369,ID:1017,STAGE:1,SEQUENCE:1342,DATA:{'time': 1723219153.774, 'user-id': '1017', 'source': 'HAI Interface', 'destination-index': '3', 'study-stage': '1', 'decision-state': 0, 'vitals-state': 0, 'airspace-state': 0, 'data': {'page': 'map', 'action': 'selected helipad', 'value': '21'}}
INFO:root:1723219153.816018,ID:1017,STAGE:1,SEQUENCE:1342,DATA:{'time': 1723219153.812, 'user-id': '1017', 'source': 'HAI Interface', 'destination-index': '3', 'study-stage': '1', 'decision-state': 0, 'vitals-state': 0, 'airspace-state': 0, 'data': {'page': 'countdown', 'action': 'countdown now 4'}}
INFO:root:1723219154.815694,ID:1017,STAGE:1,SEQUENCE:1342,DATA:{'time': 1723219154.812, 'user-id': '1017', 'source': 'HAI Interface', 'destination-index': '3', 'study-stage': '1', 'decision-state': 0, 'vitals-state': 0, 'airspace-state': 0, 'data': {'page': 'countdown', 'action': 'countdown now 3'}}
INFO:root:1723219155.815865,ID:1017,STAGE:1,SEQUENCE:1342,DATA:{'time': 1723219155.812, 'user-id': '1017', 'source': 'HAI Interface', 'destination-index': '3', 'study-stage': '1', 'decision-state': 0, 'vitals-state': 0, 'airspace-state': 0, 'data': {'page': 'countdown', 'action': 'countdown now 2'}}
INFO:root:1723219156.815858,ID:1017,STAGE:1,SEQUENCE:1342,DATA:{'time': 1723219156.812, 'user-id': '1017', 'source': 'HAI Interface', 'destination-index': '3', 'study-stage': '1', 'decision-state': 0, 'vitals-state': 0, 'airspace-state': 0, 'data': {'page': 'countdown', 'action': 'countdown now 1'}}
INFO:root:1723219157.815477,ID:1017,STAGE:1,SEQUENCE:1342,DATA:{'time': 1723219157.812, 'user-id': '1017', 'source': 'HAI Interface', 'destination-index': '3', 'study-stage': '1', 'decision-state': 0, 'vitals-state': 0, 'airspace-state': 0, 'data': {'page': 'countdown', 'action': 'countdown now 0'}}
INFO:root:1723219158.816409,ID:1017,STAGE:1,SEQUENCE:1342,DATA:{'time': 1723219158.813, 'user-id': '1017', 'source': 'HAI Interface', 'destination-index': '3', 'study-stage': '1', 'decision-state': 0, 'vitals-state': 0, 'airspace-state': 0, 'data': {'page': 'countdown', 'action': 'countdown complete'}}
INFO:root:1723219161.165512,ID:1017,STAGE:1,SEQUENCE:1342,DATA:{'time': 1723219161.161, 'user-id': '1017', 'source': 'HAI Interface', 'destination-index': '3', 'study-stage': '1', 'decision-state': 0, 'vitals-state': 0, 'airspace-state': 0, 'data': {'page': 'map', 'action': 'selected helipad', 'value': '21'}}
INFO:root:1723219164.391889,ID:1017,STAGE:1,SEQUENCE:1342,DATA:{'time': 1723219164.385, 'user-id': '1017', 'source': 'HAI Interface', 'destination-index': '3', 'study-stage': '1', 'decision-state': 0, 'vitals-state': 0, 'airspace-state': 0, 'data': {'page': 'emergency', 'action': 'trying to change destination to100'}}
INFO:root:Inflight Radio Update asked
INFO:root:sent request to set radio update complete
INFO:root:1723219169.383499,ID:1017,STAGE:1,SEQUENCE:1342,DATA:{'time': 1723219169.378, 'user-id': '1017', 'source': 'HAI Interface', 'destination-index': '3', 'study-stage': '1', 'decision-state': 0, 'vitals-state': 0, 'airspace-state': 0, 'data': {'page': 'emergency', 'action': 'trying to change destination to19'}}
INFO:root:1723219174.316573,ID:1017,STAGE:1,SEQUENCE:1342,DATA:{'time': 1723219174.31, 'user-id': '1017', 'source': 'HAI Interface', 'destination-index': '3', 'study-stage': '1', 'decision-state': 0, 'vitals-state': 0, 'airspace-state': 0, 'data': {'page': 'emergency', 'action': 'trying to change destination to19'}}
INFO:root:1723219174.623601,ID:1017,STAGE:1,SEQUENCE:1342,DATA:{'time': 1723219174.62, 'user-id': '1017', 'source': 'HAI Interface', 'destination-index': '3', 'study-stage': '1', 'decision-state': 0, 'vitals-state': 0, 'airspace-state': 0, 'data': {'action': 'radio panel opened'}}
INFO:root:1723219179.364232,ID:1017,STAGE:1,SEQUENCE:1342,DATA:{'time': 1723219179.356, 'user-id': '1017', 'source': 'HAI Interface', 'destination-index': '3', 'study-stage': '1', 'decision-state': 0, 'vitals-state': 0, 'airspace-state': 0, 'data': {'page': 'emergency', 'action': 'trying to change destination to19'}}
INFO:root:1723219184.421855,ID:1017,STAGE:1,SEQUENCE:1342,DATA:{'time': 1723219184.416, 'user-id': '1017', 'source': 'HAI Interface', 'destination-index': '3', 'study-stage': '1', 'decision-state': 0, 'vitals-state': 0, 'airspace-state': 0, 'data': {'page': 'emergency', 'action': 'trying to change destination to19'}}
INFO:root:1723219185.264892,ID:1017,STAGE:1,SEQUENCE:1342,DATA:{'time': 1723219185.26, 'user-id': '1017', 'source': 'HAI Interface', 'destination-index': '3', 'study-stage': '1', 'decision-state': 0, 'vitals-state': 0, 'airspace-state': 0, 'data': {'action': 'transmit button pressed'}}
INFO:root:1723219185.26888,ID:1017,STAGE:1,SEQUENCE:1342,DATA:{'time': 1723219185.26, 'user-id': '1017', 'source': 'HAI Interface', 'destination-index': '3', 'study-stage': '1', 'decision-state': 0, 'vitals-state': 0, 'airspace-state': 0, 'data': {'action': 'callsign set to: + NASXGS'}}
INFO:root:1723219185.26888,ID:1017,STAGE:1,SEQUENCE:1342,DATA:{'time': 1723219185.26, 'user-id': '1017', 'source': 'HAI Interface', 'destination-index': '3', 'study-stage': '1', 'decision-state': 0, 'vitals-state': 0, 'airspace-state': 0, 'data': {'action': 'radio set to:Comm1'}}
INFO:root:1723219185.274157,ID:1017,STAGE:1,SEQUENCE:1342,DATA:{'time': 1723219185.261, 'user-id': '1017', 'source': 'HAI Interface', 'destination-index': '3', 'study-stage': '1', 'decision-state': 0, 'vitals-state': 0, 'airspace-state': 0, 'data': {'page': 'map', 'action': 'show map'}}
INFO:root:1723219185.279029,ID:1017,STAGE:1,SEQUENCE:1342,DATA:{'time': 1723219185.261, 'user-id': '1017', 'source': 'HAI Interface', 'destination-index': '3', 'study-stage': '1', 'decision-state': 0, 'vitals-state': 0, 'airspace-state': 0, 'data': {'page': 'map', 'action': 'selected helipad', 'value': '21'}}
INFO:root:1723219185.28552,ID:1017,STAGE:1,SEQUENCE:1342,DATA:{'time': 1723219185.268, 'user-id': '1017', 'source': 'HAI Interface', 'destination-index': '3', 'study-stage': '1', 'decision-state': 0, 'vitals-state': 0, 'airspace-state': 0, 'data': {'action': 'NASXGStransmitting updates onComm1123.45 MHz'}}
INFO:root:1723219189.383445,ID:1017,STAGE:1,SEQUENCE:1342,DATA:{'time': 1723219189.377, 'user-id': '1017', 'source': 'HAI Interface', 'destination-index': '3', 'study-stage': '1', 'decision-state': 0, 'vitals-state': 0, 'airspace-state': 0, 'data': {'page': 'emergency', 'action': 'trying to change destination to19'}}
INFO:root:1723219194.38194,ID:1017,STAGE:1,SEQUENCE:1342,DATA:{'time': 1723219194.375, 'user-id': '1017', 'source': 'HAI Interface', 'destination-index': '3', 'study-stage': '1', 'decision-state': 0, 'vitals-state': 0, 'airspace-state': 0, 'data': {'page': 'emergency', 'action': 'trying to change destination to19'}}
INFO:root:1723219199.408273,ID:1017,STAGE:1,SEQUENCE:1342,DATA:{'time': 1723219199.403, 'user-id': '1017', 'source': 'HAI Interface', 'destination-index': '3', 'study-stage': '1', 'decision-state': 0, 'vitals-state': 0, 'airspace-state': 0, 'data': {'page': 'emergency', 'action': 'trying to change destination to19'}}
INFO:root:1723219204.361107,ID:1017,STAGE:1,SEQUENCE:1342,DATA:{'time': 1723219204.356, 'user-id': '1017', 'source': 'HAI Interface', 'destination-index': '3', 'study-stage': '1', 'decision-state': 0, 'vitals-state': 0, 'airspace-state': 0, 'data': {'page': 'emergency', 'action': 'trying to change destination to19'}}
INFO:root:1723219209.318385,ID:1017,STAGE:1,SEQUENCE:1342,DATA:{'time': 1723219209.313, 'user-id': '1017', 'source': 'HAI Interface', 'destination-index': '3', 'study-stage': '1', 'decision-state': 0, 'vitals-state': 0, 'airspace-state': 0, 'data': {'page': 'emergency', 'action': 'trying to change destination to19'}}
INFO:root:1723219212.60386,ID:1017,STAGE:1,SEQUENCE:1342,DATA:{'time': 1723219212.6, 'user-id': '1017', 'source': 'HAI Interface', 'destination-index': '3', 'study-stage': '1', 'decision-state': 0, 'vitals-state': 0, 'airspace-state': 0, 'data': {'page': 'inflight', 'action': 'displaying vitals prompt'}}
INFO:root:1723219214.358132,ID:1017,STAGE:1,SEQUENCE:1342,DATA:{'time': 1723219214.352, 'user-id': '1017', 'source': 'HAI Interface', 'destination-index': '3', 'study-stage': '1', 'decision-state': 0, 'vitals-state': 0, 'airspace-state': 0, 'data': {'page': 'emergency', 'action': 'trying to change destination to19'}}
INFO:root:1723219216.705044,ID:1017,STAGE:1,SEQUENCE:1342,DATA:{'time': 1723219216.696, 'user-id': '1017', 'source': 'HAI Interface', 'destination-index': '3', 'study-stage': '1', 'decision-state': 0, 'vitals-state': 0, 'airspace-state': 0, 'data': {'page': 'map', 'action': 'hide map'}}
INFO:root:1723219217.231414,ID:1017,STAGE:1,SEQUENCE:1342,DATA:{'time': 1723219217.224, 'user-id': '1017', 'source': 'HAI Interface', 'destination-index': '3', 'study-stage': '1', 'decision-state': 0, 'vitals-state': 0, 'airspace-state': 0, 'data': {'page': 'inflight', 'action': 'user acknowledged vitals prompt'}}
INFO:root:1723219218.753944,ID:1017,STAGE:1,SEQUENCE:1342,DATA:{'time': 1723219218.749, 'user-id': '1017', 'source': 'HAI Interface', 'destination-index': '3', 'study-stage': '1', 'decision-state': 0, 'vitals-state': 0, 'airspace-state': 0, 'data': {'action': 'radio panel closed'}}
INFO:root:1723219219.398854,ID:1017,STAGE:1,SEQUENCE:1342,DATA:{'time': 1723219219.391, 'user-id': '1017', 'source': 'HAI Interface', 'destination-index': '3', 'study-stage': '1', 'decision-state': 0, 'vitals-state': 0, 'airspace-state': 0, 'data': {'page': 'emergency', 'action': 'trying to change destination to19'}}
INFO:root:1723219223.467122,ID:1017,STAGE:1,SEQUENCE:1342,DATA:{'time': 1723219223.461, 'source': 'VitalsTask', 'timer': 2040.926, 'data': {'sensor': 'O\u2082 Saturation', 'action': 'capture', 'data': 'action button pressed'}}
INFO:root:1723219223.468313,ID:1017,STAGE:1,SEQUENCE:1342,DATA:{'time': 1723219223.462, 'source': 'VitalsTask', 'timer': 2040.927, 'data': {'sensor': 'O\u2082 Saturation', 'action': 'capture', 'data': 'starting sensor action'}}
INFO:root:1723219224.344219,ID:1017,STAGE:1,SEQUENCE:1342,DATA:{'time': 1723219224.338, 'user-id': '1017', 'source': 'HAI Interface', 'destination-index': '3', 'study-stage': '1', 'decision-state': 0, 'vitals-state': 0, 'airspace-state': 0, 'data': {'page': 'emergency', 'action': 'trying to change destination to19'}}
INFO:root:1723219224.48076,ID:1017,STAGE:1,SEQUENCE:1342,DATA:{'time': 1723219224.476, 'source': 'VitalsTask', 'timer': 2041.941, 'data': {'sensor': 'O\u2082 Saturation', 'action': 'capture', 'data': 'sensor action complete'}}
INFO:root:1723219224.482754,ID:1017,STAGE:1,SEQUENCE:1342,DATA:{'time': 1723219224.477, 'source': 'VitalsTask', 'timer': 2041.942, 'data': {'sensor': 'O\u2082 Saturation', 'action': 'keypad open'}}
INFO:root:1723219226.038321,ID:1017,STAGE:1,SEQUENCE:1342,DATA:{'time': 1723219226.035, 'source': 'VitalsTask', 'timer': 2043.5, 'data': {'sensor': 'O\u2082 Saturation', 'action': 'keypad press', 'key': 1, 'value': 1}}
INFO:root:1723219227.533627,ID:1017,STAGE:1,SEQUENCE:1342,DATA:{'time': 1723219227.529, 'source': 'VitalsTask', 'timer': 2044.994, 'data': {'sensor': 'O\u2082 Saturation', 'action': 'keypad press', 'key': 11, 'value': 10}}
INFO:root:1723219227.7432,ID:1017,STAGE:1,SEQUENCE:1342,DATA:{'time': 1723219227.74, 'source': 'VitalsTask', 'timer': 2045.205, 'data': {'sensor': 'O\u2082 Saturation', 'action': 'keypad press', 'key': 11, 'value': 100}}
INFO:root:1723219228.916169,ID:1017,STAGE:1,SEQUENCE:1342,DATA:{'time': 1723219228.912, 'source': 'VitalsTask', 'timer': 2046.377, 'data': {'sensor': 'O\u2082 Saturation', 'action': 'show action buttons'}}
INFO:root:1723219228.917167,ID:1017,STAGE:1,SEQUENCE:1342,DATA:{'time': 1723219228.913, 'source': 'VitalsTask', 'timer': 2046.378, 'data': {'sensor': 'O\u2082 Saturation', 'action': 'keypad press', 'key': 10, 'value': 100}}
INFO:root:1723219229.325938,ID:1017,STAGE:1,SEQUENCE:1342,DATA:{'time': 1723219229.32, 'user-id': '1017', 'source': 'HAI Interface', 'destination-index': '3', 'study-stage': '1', 'decision-state': 0, 'vitals-state': 0, 'airspace-state': 0, 'data': {'page': 'emergency', 'action': 'trying to change destination to19'}}
INFO:root:1723219230.907246,ID:1017,STAGE:1,SEQUENCE:1342,DATA:{'time': 1723219230.902, 'source': 'VitalsTask', 'timer': 2048.367, 'data': {'sensor': 'O\u2082 Saturation', 'action': 'log', 'data': 'action button pressed'}}
INFO:root:1723219230.908751,ID:1017,STAGE:1,SEQUENCE:1342,DATA:{'time': 1723219230.902, 'source': 'VitalsTask', 'timer': 2048.367, 'data': {'sensor': 'O\u2082 Saturation', 'action': 'log', 'data': 'starting sensor action'}}
INFO:root:1723219231.91644,ID:1017,STAGE:1,SEQUENCE:1342,DATA:{'time': 1723219231.914, 'source': 'VitalsTask', 'timer': 2049.379, 'data': {'sensor': 'O\u2082 Saturation', 'action': 'log', 'data': 'sensor action complete'}}
INFO:root:1723219232.771234,ID:1017,STAGE:1,SEQUENCE:1342,DATA:{'time': 1723219232.768, 'source': 'VitalsTask', 'timer': 2050.233, 'data': {'sensor': 'O\u2082 Saturation', 'action': 'save', 'data': 'action button pressed'}}
INFO:root:1723219232.774232,ID:1017,STAGE:1,SEQUENCE:1342,DATA:{'time': 1723219232.768, 'source': 'VitalsTask', 'timer': 2050.233, 'data': {'sensor': 'O\u2082 Saturation', 'action': 'save', 'data': 'starting sensor action'}}
INFO:root:1723219233.175239,ID:1017,STAGE:1,SEQUENCE:1342,DATA:{'time': 1723219233.17, 'source': 'VitalsTask', 'timer': 2050.635, 'data': {'sensor': 'O\u2082 Saturation', 'action': 'save', 'data': 'action button pressed'}}
INFO:root:1723219233.177234,ID:1017,STAGE:1,SEQUENCE:1342,DATA:{'time': 1723219233.171, 'source': 'VitalsTask', 'timer': 2050.636, 'data': {'sensor': 'O\u2082 Saturation', 'action': 'save', 'data': 'a sensor action is in progress, cancelling'}}
INFO:root:1723219233.787467,ID:1017,STAGE:1,SEQUENCE:1342,DATA:{'time': 1723219233.784, 'source': 'VitalsTask', 'timer': 2051.249, 'data': {'sensor': 'O\u2082 Saturation', 'action': 'save', 'data': 'sensor action complete'}}
INFO:root:1723219234.374251,ID:1017,STAGE:1,SEQUENCE:1342,DATA:{'time': 1723219234.365, 'user-id': '1017', 'source': 'HAI Interface', 'destination-index': '3', 'study-stage': '1', 'decision-state': 0, 'vitals-state': 0, 'airspace-state': 0, 'data': {'page': 'emergency', 'action': 'trying to change destination to19'}}
INFO:root:1723219235.384014,ID:1017,STAGE:1,SEQUENCE:1342,DATA:{'time': 1723219235.379, 'source': 'VitalsTask', 'timer': 2052.844, 'data': {'sensor': 'Blood Pressure', 'action': 'opened sensor tab'}}
INFO:root:1723219236.496467,ID:1017,STAGE:1,SEQUENCE:1342,DATA:{'time': 1723219236.487, 'source': 'VitalsTask', 'timer': 2053.952, 'data': {'sensor': 'Blood Pressure', 'action': 'capture', 'data': 'action button pressed'}}
INFO:root:1723219236.497663,ID:1017,STAGE:1,SEQUENCE:1342,DATA:{'time': 1723219236.488, 'source': 'VitalsTask', 'timer': 2053.953, 'data': {'sensor': 'Blood Pressure', 'action': 'capture', 'data': 'starting sensor action'}}
INFO:root:1723219236.6826,ID:1017,STAGE:1,SEQUENCE:1342,DATA:{'time': 1723219236.676, 'source': 'VitalsTask', 'timer': 2054.141, 'data': {'sensor': 'Blood Pressure', 'action': 'capture', 'data': 'action button pressed'}}
INFO:root:1723219236.68465,ID:1017,STAGE:1,SEQUENCE:1342,DATA:{'time': 1723219236.677, 'source': 'VitalsTask', 'timer': 2054.142, 'data': {'sensor': 'Blood Pressure', 'action': 'capture', 'data': 'a sensor action is in progress, cancelling'}}
INFO:root:1723219237.5122,ID:1017,STAGE:1,SEQUENCE:1342,DATA:{'time': 1723219237.507, 'source': 'VitalsTask', 'timer': 2054.972, 'data': {'sensor': 'Blood Pressure', 'action': 'capture', 'data': 'sensor action complete'}}
INFO:root:1723219237.516189,ID:1017,STAGE:1,SEQUENCE:1342,DATA:{'time': 1723219237.507, 'source': 'VitalsTask', 'timer': 2054.972, 'data': {'sensor': 'Blood Pressure', 'action': 'keypad open'}}
INFO:root:1723219239.330627,ID:1017,STAGE:1,SEQUENCE:1342,DATA:{'time': 1723219239.324, 'user-id': '1017', 'source': 'HAI Interface', 'destination-index': '3', 'study-stage': '1', 'decision-state': 0, 'vitals-state': 0, 'airspace-state': 0, 'data': {'page': 'emergency', 'action': 'trying to change destination to19'}}
INFO:root:1723219239.963227,ID:1017,STAGE:1,SEQUENCE:1342,DATA:{'time': 1723219239.952, 'source': 'VitalsTask', 'timer': 2057.417, 'data': {'sensor': 'Blood Pressure', 'action': 'keypad press', 'key': 1, 'value': 1}}
INFO:root:1723219241.332743,ID:1017,STAGE:1,SEQUENCE:1342,DATA:{'time': 1723219241.324, 'source': 'VitalsTask', 'timer': 2058.789, 'data': {'sensor': 'Blood Pressure', 'action': 'keypad press', 'key': 2, 'value': 12}}
INFO:root:1723219242.558896,ID:1017,STAGE:1,SEQUENCE:1342,DATA:{'time': 1723219242.555, 'source': 'VitalsTask', 'timer': 2060.02, 'data': {'sensor': 'Blood Pressure', 'action': 'keypad press', 'key': 11, 'value': 120}}
INFO:root:1723219244.411212,ID:1017,STAGE:1,SEQUENCE:1342,DATA:{'time': 1723219244.403, 'user-id': '1017', 'source': 'HAI Interface', 'destination-index': '3', 'study-stage': '1', 'decision-state': 0, 'vitals-state': 0, 'airspace-state': 0, 'data': {'page': 'emergency', 'action': 'trying to change destination to19'}}
INFO:root:1723219244.857826,ID:1017,STAGE:1,SEQUENCE:1342,DATA:{'time': 1723219244.853, 'source': 'VitalsTask', 'timer': 2062.318, 'data': {'sensor': 'Blood Pressure', 'action': 'keypad press', 'key': 8, 'value': 1208}}
INFO:root:1723219245.794342,ID:1017,STAGE:1,SEQUENCE:1342,DATA:{'time': 1723219245.783, 'source': 'VitalsTask', 'timer': 2063.248, 'data': {'sensor': 'Blood Pressure', 'action': 'keypad press', 'key': 11, 'value': 12080}}
INFO:root:1723219246.765396,ID:1017,STAGE:1,SEQUENCE:1342,DATA:{'time': 1723219246.759, 'source': 'VitalsTask', 'timer': 2064.224, 'data': {'sensor': 'Blood Pressure', 'action': 'show action buttons'}}
INFO:root:1723219246.770383,ID:1017,STAGE:1,SEQUENCE:1342,DATA:{'time': 1723219246.76, 'source': 'VitalsTask', 'timer': 2064.225, 'data': {'sensor': 'Blood Pressure', 'action': 'keypad press', 'key': 10, 'value': 12080}}
INFO:root:1723219248.850928,ID:1017,STAGE:1,SEQUENCE:1342,DATA:{'time': 1723219248.846, 'source': 'VitalsTask', 'timer': 2066.311, 'data': {'sensor': 'Blood Pressure', 'action': 'log', 'data': 'action button pressed'}}
INFO:root:1723219248.854433,ID:1017,STAGE:1,SEQUENCE:1342,DATA:{'time': 1723219248.847, 'source': 'VitalsTask', 'timer': 2066.312, 'data': {'sensor': 'Blood Pressure', 'action': 'log', 'data': 'starting sensor action'}}
INFO:root:1723219249.419255,ID:1017,STAGE:1,SEQUENCE:1342,DATA:{'time': 1723219249.414, 'user-id': '1017', 'source': 'HAI Interface', 'destination-index': '3', 'study-stage': '1', 'decision-state': 0, 'vitals-state': 0, 'airspace-state': 0, 'data': {'page': 'emergency', 'action': 'trying to change destination to19'}}
INFO:root:1723219249.782771,ID:1017,STAGE:1,SEQUENCE:1342,DATA:{'time': 1723219249.779, 'source': 'VitalsTask', 'timer': 2067.244, 'data': {'sensor': 'Blood Pressure', 'action': 'save', 'data': 'action button pressed'}}
INFO:root:1723219249.784766,ID:1017,STAGE:1,SEQUENCE:1342,DATA:{'time': 1723219249.779, 'source': 'VitalsTask', 'timer': 2067.244, 'data': {'sensor': 'Blood Pressure', 'action': 'save', 'data': 'a sensor action is in progress, cancelling'}}
INFO:root:1723219249.86175,ID:1017,STAGE:1,SEQUENCE:1342,DATA:{'time': 1723219249.858, 'source': 'VitalsTask', 'timer': 2067.323, 'data': {'sensor': 'Blood Pressure', 'action': 'log', 'data': 'sensor action complete'}}
INFO:root:1723219251.360471,ID:1017,STAGE:1,SEQUENCE:1342,DATA:{'time': 1723219251.357, 'source': 'VitalsTask', 'timer': 2068.822, 'data': {'sensor': 'Blood Pressure', 'action': 'save', 'data': 'action button pressed'}}
INFO:root:1723219251.363241,ID:1017,STAGE:1,SEQUENCE:1342,DATA:{'time': 1723219251.358, 'source': 'VitalsTask', 'timer': 2068.823, 'data': {'sensor': 'Blood Pressure', 'action': 'save', 'data': 'starting sensor action'}}
INFO:root:1723219252.381748,ID:1017,STAGE:1,SEQUENCE:1342,DATA:{'time': 1723219252.376, 'source': 'VitalsTask', 'timer': 2069.841, 'data': {'sensor': 'Blood Pressure', 'action': 'save', 'data': 'sensor action complete'}}
INFO:root:1723219254.277827,ID:1017,STAGE:1,SEQUENCE:1342,DATA:{'time': 1723219254.274, 'source': 'VitalsTask', 'timer': 2071.739, 'data': {'sensor': 'submit', 'action': 'submit'}}
INFO:root:1723219254.279827,ID:1017,STAGE:1,SEQUENCE:1342,DATA:{'time': 1723219254.274, 'source': 'VitalsTask', 'timer': 2071.739, 'data': {'sensor': 'submit', 'action': 'submit', 'data': 'submit succeeded'}}
INFO:root:1723219254.371373,ID:1017,STAGE:1,SEQUENCE:1342,DATA:{'time': 1723219254.364, 'user-id': '1017', 'source': 'HAI Interface', 'destination-index': '3', 'study-stage': '1', 'decision-state': 0, 'vitals-state': 0, 'airspace-state': 0, 'data': {'page': 'emergency', 'action': 'trying to change destination to19'}}
INFO:root:1723219259.344784,ID:1017,STAGE:1,SEQUENCE:1342,DATA:{'time': 1723219259.336, 'user-id': '1017', 'source': 'HAI Interface', 'destination-index': '3', 'study-stage': '1', 'decision-state': 0, 'vitals-state': 0, 'airspace-state': 0, 'data': {'page': 'emergency', 'action': 'trying to change destination to19'}}
INFO:root:1723219264.409208,ID:1017,STAGE:1,SEQUENCE:1342,DATA:{'time': 1723219264.403, 'user-id': '1017', 'source': 'HAI Interface', 'destination-index': '3', 'study-stage': '1', 'decision-state': 0, 'vitals-state': 0, 'airspace-state': 0, 'data': {'page': 'emergency', 'action': 'trying to change destination to19'}}
INFO:root:Inflight Radio Update asked
INFO:root:sent request to set radio update complete
INFO:root:1723219266.062005,ID:1017,STAGE:1,SEQUENCE:1342,DATA:{'time': 1723219266.058, 'user-id': '1017', 'source': 'HAI Interface', 'destination-index': '3', 'study-stage': '1', 'decision-state': 0, 'vitals-state': 0, 'airspace-state': 0, 'data': {'action': 'radio panel opened'}}
INFO:root:1723219269.294561,ID:1017,STAGE:1,SEQUENCE:1342,DATA:{'time': 1723219269.29, 'user-id': '1017', 'source': 'HAI Interface', 'destination-index': '3', 'study-stage': '1', 'decision-state': 0, 'vitals-state': 0, 'airspace-state': 0, 'data': {'action': 'transmit button pressed'}}
INFO:root:1723219269.300627,ID:1017,STAGE:1,SEQUENCE:1342,DATA:{'time': 1723219269.291, 'user-id': '1017', 'source': 'HAI Interface', 'destination-index': '3', 'study-stage': '1', 'decision-state': 0, 'vitals-state': 0, 'airspace-state': 0, 'data': {'action': 'callsign set to: + NASXGS'}}
INFO:root:1723219269.30267,ID:1017,STAGE:1,SEQUENCE:1342,DATA:{'time': 1723219269.291, 'user-id': '1017', 'source': 'HAI Interface', 'destination-index': '3', 'study-stage': '1', 'decision-state': 0, 'vitals-state': 0, 'airspace-state': 0, 'data': {'action': 'radio set to:Comm1'}}
INFO:root:1723219269.307198,ID:1017,STAGE:1,SEQUENCE:1342,DATA:{'time': 1723219269.291, 'user-id': '1017', 'source': 'HAI Interface', 'destination-index': '3', 'study-stage': '1', 'decision-state': 0, 'vitals-state': 0, 'airspace-state': 0, 'data': {'page': 'map', 'action': 'show map'}}
INFO:root:1723219269.310749,ID:1017,STAGE:1,SEQUENCE:1342,DATA:{'time': 1723219269.291, 'user-id': '1017', 'source': 'HAI Interface', 'destination-index': '3', 'study-stage': '1', 'decision-state': 0, 'vitals-state': 0, 'airspace-state': 0, 'data': {'page': 'map', 'action': 'selected helipad', 'value': '21'}}
INFO:root:1723219269.31325,ID:1017,STAGE:1,SEQUENCE:1342,DATA:{'time': 1723219269.297, 'user-id': '1017', 'source': 'HAI Interface', 'destination-index': '3', 'study-stage': '1', 'decision-state': 0, 'vitals-state': 0, 'airspace-state': 0, 'data': {'action': 'NASXGStransmitting updates onComm1123.45 MHz'}}
INFO:root:1723219269.367672,ID:1017,STAGE:1,SEQUENCE:1342,DATA:{'time': 1723219269.363, 'user-id': '1017', 'source': 'HAI Interface', 'destination-index': '3', 'study-stage': '1', 'decision-state': 0, 'vitals-state': 0, 'airspace-state': 0, 'data': {'page': 'emergency', 'action': 'trying to change destination to19'}}
INFO:root:1723219274.378582,ID:1017,STAGE:1,SEQUENCE:1342,DATA:{'time': 1723219274.372, 'user-id': '1017', 'source': 'HAI Interface', 'destination-index': '3', 'study-stage': '1', 'decision-state': 0, 'vitals-state': 0, 'airspace-state': 0, 'data': {'page': 'emergency', 'action': 'trying to change destination to19'}}
INFO:root:1723219279.357532,ID:1017,STAGE:1,SEQUENCE:1342,DATA:{'time': 1723219279.352, 'user-id': '1017', 'source': 'HAI Interface', 'destination-index': '3', 'study-stage': '1', 'decision-state': 0, 'vitals-state': 0, 'airspace-state': 0, 'data': {'page': 'emergency', 'action': 'trying to change destination to19'}}
INFO:root:1723219284.375252,ID:1017,STAGE:1,SEQUENCE:1342,DATA:{'time': 1723219284.371, 'user-id': '1017', 'source': 'HAI Interface', 'destination-index': '3', 'study-stage': '1', 'decision-state': 0, 'vitals-state': 0, 'airspace-state': 0, 'data': {'page': 'emergency', 'action': 'trying to change destination to19'}}
INFO:root:1723219289.358429,ID:1017,STAGE:1,SEQUENCE:1342,DATA:{'time': 1723219289.352, 'user-id': '1017', 'source': 'HAI Interface', 'destination-index': '3', 'study-stage': '1', 'decision-state': 0, 'vitals-state': 0, 'airspace-state': 0, 'data': {'page': 'emergency', 'action': 'trying to change destination to19'}}
INFO:root:1723219289.915635,ID:1017,STAGE:1,SEQUENCE:1342,DATA:{'time': 1723219289.912, 'user-id': '1017', 'source': 'HAI Interface', 'destination-index': '3', 'study-stage': '1', 'decision-state': 0, 'vitals-state': 0, 'airspace-state': 0, 'data': {'page': 'map', 'action': 'hide map'}}
INFO:root:1723219292.708487,ID:1017,STAGE:1,SEQUENCE:1342,DATA:{'time': 1723219292.704, 'user-id': '1017', 'source': 'HAI Interface', 'destination-index': '3', 'study-stage': '1', 'decision-state': 0, 'vitals-state': 0, 'airspace-state': 0, 'data': {'action': 'radio panel closed'}}
INFO:root:1723219294.366501,ID:1017,STAGE:1,SEQUENCE:1342,DATA:{'time': 1723219294.361, 'user-id': '1017', 'source': 'HAI Interface', 'destination-index': '3', 'study-stage': '1', 'decision-state': 0, 'vitals-state': 0, 'airspace-state': 0, 'data': {'page': 'emergency', 'action': 'trying to change destination to19'}}
INFO:root:1723219299.266686,ID:1017,STAGE:1,SEQUENCE:1342,DATA:{'time': 1723219299.261, 'user-id': '1017', 'source': 'HAI Interface', 'destination-index': '3', 'study-stage': '1', 'decision-state': 0, 'vitals-state': 0, 'airspace-state': 0, 'data': {'page': 'map', 'action': 'show map'}}
INFO:root:1723219299.26868,ID:1017,STAGE:1,SEQUENCE:1342,DATA:{'time': 1723219299.262, 'user-id': '1017', 'source': 'HAI Interface', 'destination-index': '3', 'study-stage': '1', 'decision-state': 0, 'vitals-state': 0, 'airspace-state': 0, 'data': {'page': 'map', 'action': 'selected helipad', 'value': '21'}}
INFO:root:1723219299.445589,ID:1017,STAGE:1,SEQUENCE:1342,DATA:{'time': 1723219299.438, 'user-id': '1017', 'source': 'HAI Interface', 'destination-index': '3', 'study-stage': '1', 'decision-state': 0, 'vitals-state': 0, 'airspace-state': 0, 'data': {'page': 'emergency', 'action': 'trying to change destination to19'}}
INFO:root:1723219304.268992,ID:1017,STAGE:1,SEQUENCE:1342,DATA:{'time': 1723219304.257, 'user-id': '1017', 'source': 'HAI Interface', 'destination-index': '3', 'study-stage': '1', 'decision-state': 0, 'vitals-state': 0, 'airspace-state': 0, 'data': {'page': 'emergency', 'action': 'trying to change destination to19'}}
INFO:root:1723219309.408363,ID:1017,STAGE:1,SEQUENCE:1342,DATA:{'time': 1723219309.402, 'user-id': '1017', 'source': 'HAI Interface', 'destination-index': '3', 'study-stage': '1', 'decision-state': 0, 'vitals-state': 0, 'airspace-state': 0, 'data': {'page': 'emergency', 'action': 'trying to change destination to19'}}
INFO:root:1723219310.612079,ID:1017,STAGE:1,SEQUENCE:1342,DATA:{'time': 1723219310.608, 'user-id': '1017', 'source': 'HAI Interface', 'destination-index': '3', 'study-stage': '1', 'decision-state': 0, 'vitals-state': 0, 'airspace-state': 0, 'data': {'page': 'inflight', 'action': 'displaying vitals prompt'}}
INFO:root:1723219312.597866,ID:1017,STAGE:1,SEQUENCE:1342,DATA:{'time': 1723219312.593, 'user-id': '1017', 'source': 'HAI Interface', 'destination-index': '3', 'study-stage': '1', 'decision-state': 0, 'vitals-state': 0, 'airspace-state': 0, 'data': {'page': 'inflight', 'action': 'user acknowledged vitals prompt'}}
INFO:root:1723219314.3944,ID:1017,STAGE:1,SEQUENCE:1342,DATA:{'time': 1723219314.389, 'user-id': '1017', 'source': 'HAI Interface', 'destination-index': '3', 'study-stage': '1', 'decision-state': 0, 'vitals-state': 0, 'airspace-state': 0, 'data': {'page': 'emergency', 'action': 'trying to change destination to19'}}
INFO:root:1723219315.38639,ID:1017,STAGE:1,SEQUENCE:1342,DATA:{'time': 1723219315.382, 'source': 'VitalsTask', 'timer': 61.107, 'data': {'sensor': 'Heart Rate', 'action': 'opened sensor tab'}}
INFO:root:1723219319.451308,ID:1017,STAGE:1,SEQUENCE:1342,DATA:{'time': 1723219319.441, 'user-id': '1017', 'source': 'HAI Interface', 'destination-index': '3', 'study-stage': '1', 'decision-state': 0, 'vitals-state': 0, 'airspace-state': 0, 'data': {'page': 'emergency', 'action': 'trying to change destination to19'}}
INFO:root:1723219323.796482,ID:1017,STAGE:1,SEQUENCE:1342,DATA:{'time': 1723219323.793, 'source': 'VitalsTask', 'timer': 69.518, 'data': {'sensor': 'Heart Rate', 'action': 'capture', 'data': 'action button pressed'}}
INFO:root:1723219323.799474,ID:1017,STAGE:1,SEQUENCE:1342,DATA:{'time': 1723219323.793, 'source': 'VitalsTask', 'timer': 69.518, 'data': {'sensor': 'Heart Rate', 'action': 'capture', 'data': 'starting sensor action'}}
INFO:root:1723219324.350566,ID:1017,STAGE:1,SEQUENCE:1342,DATA:{'time': 1723219324.343, 'user-id': '1017', 'source': 'HAI Interface', 'destination-index': '3', 'study-stage': '1', 'decision-state': 0, 'vitals-state': 0, 'airspace-state': 0, 'data': {'page': 'emergency', 'action': 'trying to change destination to19'}}
INFO:root:1723219324.356062,ID:1017,STAGE:1,SEQUENCE:1342,DATA:{'time': 1723219324.343, 'user-id': '1017', 'source': 'HAI Interface', 'destination-index': '3', 'study-stage': '1', 'decision-state': 0, 'vitals-state': 0, 'airspace-state': 0, 'data': {'page': 'emergency', 'action': 'show Altitude Miscalibrated Warning, hide map'}}
INFO:root:1723219324.362555,ID:1017,STAGE:1,SEQUENCE:1342,DATA:{'time': 1723219324.344, 'user-id': '1017', 'source': 'HAI Interface', 'destination-index': '3', 'study-stage': '1', 'decision-state': 0, 'vitals-state': 0, 'airspace-state': 0, 'data': {'page': 'map', 'action': 'hide map'}}
INFO:root:1723219324.367543,ID:1017,STAGE:1,SEQUENCE:1342,DATA:{'time': 1723219324.344, 'user-id': '1017', 'source': 'HAI Interface', 'destination-index': '3', 'study-stage': '1', 'decision-state': 0, 'vitals-state': 0, 'airspace-state': 0, 'data': {'page': 'Inflight', 'action': ' Altitude alert activated'}}
INFO:root:1723219324.812009,ID:1017,STAGE:1,SEQUENCE:1342,DATA:{'time': 1723219324.807, 'source': 'VitalsTask', 'timer': 70.532, 'data': {'sensor': 'Heart Rate', 'action': 'capture', 'data': 'sensor action complete'}}
INFO:root:1723219324.815512,ID:1017,STAGE:1,SEQUENCE:1342,DATA:{'time': 1723219324.807, 'source': 'VitalsTask', 'timer': 70.532, 'data': {'sensor': 'Heart Rate', 'action': 'keypad open'}}
INFO:root:1723219326.014489,ID:1017,STAGE:1,SEQUENCE:1342,DATA:{'time': 1723219326.011, 'source': 'VitalsTask', 'timer': 71.736, 'data': {'sensor': 'Heart Rate', 'action': 'keypad press', 'key': 5, 'value': 5}}
INFO:root:1723219326.215645,ID:1017,STAGE:1,SEQUENCE:1342,DATA:{'time': 1723219326.21, 'source': 'VitalsTask', 'timer': 71.935, 'data': {'sensor': 'Heart Rate', 'action': 'keypad press', 'key': 5, 'value': 55}}
INFO:root:1723219326.597119,ID:1017,STAGE:1,SEQUENCE:1342,DATA:{'time': 1723219326.593, 'user-id': '1017', 'source': 'HAI Interface', 'destination-index': '3', 'study-stage': '1', 'decision-state': 0, 'vitals-state': 0, 'airspace-state': 0, 'data': {'page': 'Inflight', 'action': 'Altitude alert- show more info button pressed'}}
INFO:root:1723219329.445653,ID:1017,STAGE:1,SEQUENCE:1342,DATA:{'time': 1723219329.439, 'user-id': '1017', 'source': 'HAI Interface', 'destination-index': '3', 'study-stage': '1', 'decision-state': 0, 'vitals-state': 0, 'airspace-state': 0, 'data': {'page': 'emergency', 'action': 'trying to change destination to19'}}
INFO:root:1723219329.600168,ID:1017,STAGE:1,SEQUENCE:1342,DATA:{'time': 1723219329.593, 'source': 'VitalsTask', 'timer': 75.318, 'data': {'sensor': 'Heart Rate', 'action': 'show action buttons'}}
INFO:root:1723219329.603557,ID:1017,STAGE:1,SEQUENCE:1342,DATA:{'time': 1723219329.593, 'source': 'VitalsTask', 'timer': 75.318, 'data': {'sensor': 'Heart Rate', 'action': 'keypad press', 'key': 10, 'value': 55}}
INFO:root:1723219334.86728,ID:1017,STAGE:1,SEQUENCE:1342,DATA:{'time': 1723219334.858, 'user-id': '1017', 'source': 'HAI Interface', 'destination-index': '3', 'study-stage': '1', 'decision-state': 0, 'vitals-state': 0, 'airspace-state': 0, 'data': {'page': 'emergency', 'action': 'trying to change destination to19'}}
INFO:root:voice activity detected
INFO:root:recording started
INFO:root:1723219338.805447,ID:1017,STAGE:1,SEQUENCE:1342,DATA:{'time': 1723219338.8, 'source': 'VitalsTask', 'timer': 84.525, 'data': {'sensor': 'Heart Rate', 'action': 'log', 'data': 'action button pressed'}}
INFO:root:1723219338.807446,ID:1017,STAGE:1,SEQUENCE:1342,DATA:{'time': 1723219338.801, 'source': 'VitalsTask', 'timer': 84.526, 'data': {'sensor': 'Heart Rate', 'action': 'log', 'data': 'starting sensor action'}}
INFO:root:voice deactivity detected
INFO:root:recording stopped
INFO:root:Altitude Warning alert given, sent request to clear altitude_warning_alert
INFO:root:1723219339.375986,ID:1017,STAGE:1,SEQUENCE:1342,DATA:{'time': 1723219339.37, 'user-id': '1017', 'source': 'HAI Interface', 'destination-index': '3', 'study-stage': '1', 'decision-state': 0, 'vitals-state': 0, 'airspace-state': 0, 'data': {'page': 'emergency', 'action': 'trying to change destination to19'}}
INFO:root:1723219339.823627,ID:1017,STAGE:1,SEQUENCE:1342,DATA:{'time': 1723219339.817, 'source': 'VitalsTask', 'timer': 85.542, 'data': {'sensor': 'Heart Rate', 'action': 'log', 'data': 'sensor action complete'}}
INFO:root:1723219339.948957,ID:1017,STAGE:1,SEQUENCE:1342,DATA:{'time': 1723219339.943, 'source': 'VitalsTask', 'timer': 85.668, 'data': {'sensor': 'Heart Rate', 'action': 'save', 'data': 'action button pressed'}}
INFO:root:1723219339.951461,ID:1017,STAGE:1,SEQUENCE:1342,DATA:{'time': 1723219339.944, 'source': 'VitalsTask', 'timer': 85.669, 'data': {'sensor': 'Heart Rate', 'action': 'save', 'data': 'starting sensor action'}}
INFO:root:1723219340.967449,ID:1017,STAGE:1,SEQUENCE:1342,DATA:{'time': 1723219340.964, 'source': 'VitalsTask', 'timer': 86.689, 'data': {'sensor': 'Heart Rate', 'action': 'save', 'data': 'sensor action complete'}}
INFO:root:1723219344.426503,ID:1017,STAGE:1,SEQUENCE:1342,DATA:{'time': 1723219344.42, 'user-id': '1017', 'source': 'HAI Interface', 'destination-index': '3', 'study-stage': '1', 'decision-state': 0, 'vitals-state': 0, 'airspace-state': 0, 'data': {'page': 'emergency', 'action': 'trying to change destination to19'}}
