INFO:root:1723221771.442328,ID:1017,STAGE:2,SEQUENCE:1342,DATA:{'time': 1723221771.438, 'user-id': '1017', 'source': 'HAI Interface', 'destination-index': 'None', 'study-stage': '2', 'decision-state': 0, 'vitals-state': 0, 'airspace-state': 0, 'data': {'page': 'index', 'action': 'confirm button pressed'}}
INFO:root:1723221771.549834,ID:1017,STAGE:2,SEQUENCE:1342,DATA:{'time': 1723221771.544, 'user-id': 'none', 'source': 'HAI Interface', 'destination-index': 3, 'study-stage': -1, 'decision-state': 0, 'vitals-state': 0, 'airspace-state': 0, 'data': {'page': 'location', 'action': 'opened page'}}
INFO:root:Takeoff radiocomms initiated
INFO:comtypes.client._code_cache:Imported existing <module 'comtypes.gen' from 'C:\\Users\\ae-dagbeyibor3\\AppData\\Local\\Programs\\Python\\Python312\\Lib\\site-packages\\comtypes\\gen\\__init__.py'>
INFO:comtypes.client._code_cache:Using writeable comtypes cache directory: 'C:\Users\ae-dagbeyibor3\AppData\Local\Programs\Python\Python312\Lib\site-packages\comtypes\gen'
INFO:root:1723221772.510445,ID:1017,STAGE:2,SEQUENCE:1342,DATA:{'time': 1723221772.507, 'user-id': '1017', 'source': 'HAI Interface', 'destination-index': 'None', 'study-stage': '2', 'decision-state': 0, 'vitals-state': 0, 'airspace-state': 0, 'data': {'page': 'map', 'action': 'selected helipad', 'value': '21'}}
INFO:root:1723221789.00422,ID:1017,STAGE:2,SEQUENCE:1342,DATA:{'time': 1723221789.001, 'user-id': '1017', 'source': 'HAI Interface', 'destination-index': 'None', 'study-stage': '2', 'decision-state': 0, 'vitals-state': 0, 'airspace-state': 0, 'data': {'page': 'location', 'action': 'confirm button pressed'}}
INFO:root:1723221789.282489,ID:1017,STAGE:2,SEQUENCE:1342,DATA:{'time': 1723221789.265, 'user-id': 'none', 'source': 'HAI Interface', 'destination-index': 3, 'study-stage': -1, 'decision-state': 0, 'vitals-state': 0, 'airspace-state': 0, 'data': {'page': 'checklist', 'action': 'opened page', 'inflight': False}}
INFO:root:Takeoff radiocomms clear request sent
INFO:root:1723221790.243304,ID:1017,STAGE:2,SEQUENCE:1342,DATA:{'time': 1723221790.239, 'user-id': '1017', 'source': 'HAI Interface', 'destination-index': '3', 'study-stage': '2', 'decision-state': 0, 'vitals-state': 0, 'airspace-state': 0, 'data': {'page': 'map', 'action': 'selected helipad', 'value': '21'}}
INFO:root:1723221790.729636,ID:1017,STAGE:2,SEQUENCE:1342,DATA:{'time': 1723221790.726, 'user-id': '1017', 'source': 'HAI Interface', 'destination-index': '3', 'study-stage': '2', 'decision-state': 0, 'vitals-state': 0, 'airspace-state': 0, 'data': {'page': 'checklist', 'action': 'toggled checkbox', 'inflight': False, 'item': 0, 'value': 'OFF'}}
INFO:root:1723221790.98884,ID:1017,STAGE:2,SEQUENCE:1342,DATA:{'time': 1723221790.986, 'user-id': '1017', 'source': 'HAI Interface', 'destination-index': '3', 'study-stage': '2', 'decision-state': 0, 'vitals-state': 0, 'airspace-state': 0, 'data': {'page': 'checklist', 'action': 'toggled checkbox', 'inflight': False, 'item': 1, 'value': 'OFF'}}
INFO:root:1723221791.276804,ID:1017,STAGE:2,SEQUENCE:1342,DATA:{'time': 1723221791.273, 'user-id': '1017', 'source': 'HAI Interface', 'destination-index': '3', 'study-stage': '2', 'decision-state': 0, 'vitals-state': 0, 'airspace-state': 0, 'data': {'page': 'checklist', 'action': 'toggled checkbox', 'inflight': False, 'item': 2, 'value': 'OFF'}}
INFO:root:1723221791.279018,ID:1017,STAGE:2,SEQUENCE:1342,DATA:{'time': 1723221791.274, 'user-id': '1017', 'source': 'HAI Interface', 'destination-index': '3', 'study-stage': '2', 'decision-state': 0, 'vitals-state': 0, 'airspace-state': 0, 'data': {'page': 'checklist', 'action': 'showing confirm button', 'inflight': False}}
INFO:root:1723221791.554103,ID:1017,STAGE:2,SEQUENCE:1342,DATA:{'time': 1723221791.552, 'user-id': '1017', 'source': 'HAI Interface', 'destination-index': '3', 'study-stage': '2', 'decision-state': 0, 'vitals-state': 0, 'airspace-state': 0, 'data': {'page': 'checklist', 'action': 'confirm button clicked', 'inflight': False}}
INFO:root:1723221791.659954,ID:1017,STAGE:2,SEQUENCE:1342,DATA:{'time': 1723221791.652, 'user-id': 'none', 'source': 'HAI Interface', 'destination-index': 3, 'study-stage': -1, 'decision-state': 0, 'vitals-state': 0, 'airspace-state': 0, 'data': {'page': 'countdown', 'action': 'opened page'}}
INFO:root:1723221792.630101,ID:1017,STAGE:2,SEQUENCE:1342,DATA:{'time': 1723221792.625, 'user-id': '1017', 'source': 'HAI Interface', 'destination-index': '3', 'study-stage': '2', 'decision-state': 0, 'vitals-state': 0, 'airspace-state': 0, 'data': {'page': 'map', 'action': 'selected helipad', 'value': '21'}}
INFO:root:1723221792.660259,ID:1017,STAGE:2,SEQUENCE:1342,DATA:{'time': 1723221792.657, 'user-id': '1017', 'source': 'HAI Interface', 'destination-index': '3', 'study-stage': '2', 'decision-state': 0, 'vitals-state': 0, 'airspace-state': 0, 'data': {'page': 'countdown', 'action': 'countdown now 4'}}
INFO:root:1723221793.662478,ID:1017,STAGE:2,SEQUENCE:1342,DATA:{'time': 1723221793.658, 'user-id': '1017', 'source': 'HAI Interface', 'destination-index': '3', 'study-stage': '2', 'decision-state': 0, 'vitals-state': 0, 'airspace-state': 0, 'data': {'page': 'countdown', 'action': 'countdown now 3'}}
INFO:root:1723221794.663504,ID:1017,STAGE:2,SEQUENCE:1342,DATA:{'time': 1723221794.658, 'user-id': '1017', 'source': 'HAI Interface', 'destination-index': '3', 'study-stage': '2', 'decision-state': 0, 'vitals-state': 0, 'airspace-state': 0, 'data': {'page': 'countdown', 'action': 'countdown now 2'}}
INFO:root:1723221795.66108,ID:1017,STAGE:2,SEQUENCE:1342,DATA:{'time': 1723221795.658, 'user-id': '1017', 'source': 'HAI Interface', 'destination-index': '3', 'study-stage': '2', 'decision-state': 0, 'vitals-state': 0, 'airspace-state': 0, 'data': {'page': 'countdown', 'action': 'countdown now 1'}}
INFO:root:1723221796.661564,ID:1017,STAGE:2,SEQUENCE:1342,DATA:{'time': 1723221796.658, 'user-id': '1017', 'source': 'HAI Interface', 'destination-index': '3', 'study-stage': '2', 'decision-state': 0, 'vitals-state': 0, 'airspace-state': 0, 'data': {'page': 'countdown', 'action': 'countdown now 0'}}
INFO:root:1723221797.661609,ID:1017,STAGE:2,SEQUENCE:1342,DATA:{'time': 1723221797.658, 'user-id': '1017', 'source': 'HAI Interface', 'destination-index': '3', 'study-stage': '2', 'decision-state': 0, 'vitals-state': 0, 'airspace-state': 0, 'data': {'page': 'countdown', 'action': 'countdown complete'}}
INFO:root:1723221799.010624,ID:1017,STAGE:2,SEQUENCE:1342,DATA:{'time': 1723221799.007, 'user-id': '1017', 'source': 'HAI Interface', 'destination-index': '3', 'study-stage': '2', 'decision-state': 0, 'vitals-state': 0, 'airspace-state': 0, 'data': {'page': 'map', 'action': 'selected helipad', 'value': '21'}}
INFO:root:1723221801.267226,ID:1017,STAGE:2,SEQUENCE:1342,DATA:{'time': 1723221801.262, 'user-id': '1017', 'source': 'HAI Interface', 'destination-index': '3', 'study-stage': '2', 'decision-state': 0, 'vitals-state': 0, 'airspace-state': 0, 'data': {'action': 'radio panel opened'}}
INFO:root:1723221806.149101,ID:1017,STAGE:2,SEQUENCE:1342,DATA:{'time': 1723221806.141, 'user-id': '1017', 'source': 'HAI Interface', 'destination-index': '3', 'study-stage': '2', 'decision-state': 0, 'vitals-state': 0, 'airspace-state': 0, 'data': {'action': 'transmit button pressed'}}
INFO:root:1723221806.151099,ID:1017,STAGE:2,SEQUENCE:1342,DATA:{'time': 1723221806.141, 'user-id': '1017', 'source': 'HAI Interface', 'destination-index': '3', 'study-stage': '2', 'decision-state': 0, 'vitals-state': 0, 'airspace-state': 0, 'data': {'action': 'callsign set to: + NASXGS'}}
INFO:root:1723221806.153095,ID:1017,STAGE:2,SEQUENCE:1342,DATA:{'time': 1723221806.142, 'user-id': '1017', 'source': 'HAI Interface', 'destination-index': '3', 'study-stage': '2', 'decision-state': 0, 'vitals-state': 0, 'airspace-state': 0, 'data': {'action': 'radio set to:Comm1'}}
INFO:root:1723221806.157596,ID:1017,STAGE:2,SEQUENCE:1342,DATA:{'time': 1723221806.142, 'user-id': '1017', 'source': 'HAI Interface', 'destination-index': '3', 'study-stage': '2', 'decision-state': 0, 'vitals-state': 0, 'airspace-state': 0, 'data': {'page': 'map', 'action': 'show map'}}
INFO:root:1723221806.163581,ID:1017,STAGE:2,SEQUENCE:1342,DATA:{'time': 1723221806.142, 'user-id': '1017', 'source': 'HAI Interface', 'destination-index': '3', 'study-stage': '2', 'decision-state': 0, 'vitals-state': 0, 'airspace-state': 0, 'data': {'page': 'map', 'action': 'selected helipad', 'value': '21'}}
INFO:root:1723221806.165118,ID:1017,STAGE:2,SEQUENCE:1342,DATA:{'time': 1723221806.147, 'user-id': '1017', 'source': 'HAI Interface', 'destination-index': '3', 'study-stage': '2', 'decision-state': 0, 'vitals-state': 0, 'airspace-state': 0, 'data': {'action': 'NASXGStransmitting updates onComm1123.45 MHz'}}
INFO:root:Inflight Radio Update asked
INFO:root:sent request to set radio update complete
INFO:root:1723221819.986415,ID:1017,STAGE:2,SEQUENCE:1342,DATA:{'time': 1723221819.983, 'user-id': '1017', 'source': 'HAI Interface', 'destination-index': '3', 'study-stage': '2', 'decision-state': 0, 'vitals-state': 0, 'airspace-state': 0, 'data': {'page': 'map', 'action': 'hide map'}}
INFO:root:1723221821.137699,ID:1017,STAGE:2,SEQUENCE:1342,DATA:{'time': 1723221821.13, 'user-id': '1017', 'source': 'HAI Interface', 'destination-index': '3', 'study-stage': '2', 'decision-state': 0, 'vitals-state': 0, 'airspace-state': 0, 'data': {'action': 'radio panel closed'}}
INFO:root:1723221822.073422,ID:1017,STAGE:2,SEQUENCE:1342,DATA:{'time': 1723221822.069, 'user-id': '1017', 'source': 'HAI Interface', 'destination-index': '3', 'study-stage': '2', 'decision-state': 0, 'vitals-state': 0, 'airspace-state': 0, 'data': {'page': 'map', 'action': 'show map'}}
INFO:root:1723221822.076415,ID:1017,STAGE:2,SEQUENCE:1342,DATA:{'time': 1723221822.069, 'user-id': '1017', 'source': 'HAI Interface', 'destination-index': '3', 'study-stage': '2', 'decision-state': 0, 'vitals-state': 0, 'airspace-state': 0, 'data': {'page': 'map', 'action': 'selected helipad', 'value': '21'}}
INFO:root:1723221831.890593,ID:1017,STAGE:2,SEQUENCE:1342,DATA:{'time': 1723221831.882, 'source': 'VitalsTask', 'timer': 88.214, 'data': {'sensor': 'Heart Rate', 'action': 'capture', 'data': 'action button pressed'}}
INFO:root:1723221831.894102,ID:1017,STAGE:2,SEQUENCE:1342,DATA:{'time': 1723221831.885, 'source': 'VitalsTask', 'timer': 88.217, 'data': {'sensor': 'Heart Rate', 'action': 'capture', 'data': 'starting sensor action'}}
INFO:root:1723221832.911123,ID:1017,STAGE:2,SEQUENCE:1342,DATA:{'time': 1723221832.905, 'source': 'VitalsTask', 'timer': 89.237, 'data': {'sensor': 'Heart Rate', 'action': 'capture', 'data': 'sensor action complete'}}
INFO:root:1723221832.912122,ID:1017,STAGE:2,SEQUENCE:1342,DATA:{'time': 1723221832.906, 'source': 'VitalsTask', 'timer': 89.238, 'data': {'sensor': 'Heart Rate', 'action': 'keypad open'}}
INFO:root:1723221834.662262,ID:1017,STAGE:2,SEQUENCE:1342,DATA:{'time': 1723221834.656, 'source': 'VitalsTask', 'timer': 90.988, 'data': {'sensor': 'Heart Rate', 'action': 'keypad press', 'key': 5, 'value': 5}}
INFO:root:1723221836.189824,ID:1017,STAGE:2,SEQUENCE:1342,DATA:{'time': 1723221836.184, 'source': 'VitalsTask', 'timer': 92.516, 'data': {'sensor': 'Heart Rate', 'action': 'keypad press', 'key': 5, 'value': 55}}
INFO:root:1723221837.71234,ID:1017,STAGE:2,SEQUENCE:1342,DATA:{'time': 1723221837.707, 'source': 'VitalsTask', 'timer': 94.039, 'data': {'sensor': 'Heart Rate', 'action': 'show action buttons'}}
INFO:root:1723221837.714335,ID:1017,STAGE:2,SEQUENCE:1342,DATA:{'time': 1723221837.708, 'source': 'VitalsTask', 'timer': 94.04, 'data': {'sensor': 'Heart Rate', 'action': 'keypad press', 'key': 10, 'value': 55}}
INFO:root:1723221839.390065,ID:1017,STAGE:2,SEQUENCE:1342,DATA:{'time': 1723221839.383, 'source': 'VitalsTask', 'timer': 95.715, 'data': {'sensor': 'Heart Rate', 'action': 'log', 'data': 'action button pressed'}}
INFO:root:1723221839.392059,ID:1017,STAGE:2,SEQUENCE:1342,DATA:{'time': 1723221839.384, 'source': 'VitalsTask', 'timer': 95.716, 'data': {'sensor': 'Heart Rate', 'action': 'log', 'data': 'starting sensor action'}}
INFO:root:1723221840.40612,ID:1017,STAGE:2,SEQUENCE:1342,DATA:{'time': 1723221840.4, 'source': 'VitalsTask', 'timer': 96.732, 'data': {'sensor': 'Heart Rate', 'action': 'log', 'data': 'sensor action complete'}}
INFO:root:1723221841.068619,ID:1017,STAGE:2,SEQUENCE:1342,DATA:{'time': 1723221841.06, 'source': 'VitalsTask', 'timer': 97.392, 'data': {'sensor': 'Heart Rate', 'action': 'save', 'data': 'action button pressed'}}
INFO:root:1723221841.071612,ID:1017,STAGE:2,SEQUENCE:1342,DATA:{'time': 1723221841.06, 'source': 'VitalsTask', 'timer': 97.392, 'data': {'sensor': 'Heart Rate', 'action': 'save', 'data': 'starting sensor action'}}
INFO:root:1723221842.080456,ID:1017,STAGE:2,SEQUENCE:1342,DATA:{'time': 1723221842.075, 'source': 'VitalsTask', 'timer': 98.407, 'data': {'sensor': 'Heart Rate', 'action': 'save', 'data': 'sensor action complete'}}
INFO:root:1723221842.646917,ID:1017,STAGE:2,SEQUENCE:1342,DATA:{'time': 1723221842.641, 'source': 'VitalsTask', 'timer': 98.973, 'data': {'sensor': 'O\u2082 Saturation', 'action': 'opened sensor tab'}}
INFO:root:1723221844.955618,ID:1017,STAGE:2,SEQUENCE:1342,DATA:{'time': 1723221844.949, 'source': 'VitalsTask', 'timer': 101.281, 'data': {'sensor': 'O\u2082 Saturation', 'action': 'capture', 'data': 'action button pressed'}}
INFO:root:1723221844.957613,ID:1017,STAGE:2,SEQUENCE:1342,DATA:{'time': 1723221844.95, 'source': 'VitalsTask', 'timer': 101.282, 'data': {'sensor': 'O\u2082 Saturation', 'action': 'capture', 'data': 'starting sensor action'}}
INFO:root:1723221845.395229,ID:1017,STAGE:2,SEQUENCE:1342,DATA:{'time': 1723221845.389, 'source': 'VitalsTask', 'timer': 101.721, 'data': {'sensor': 'O\u2082 Saturation', 'action': 'capture', 'data': 'action button pressed'}}
INFO:root:1723221845.397223,ID:1017,STAGE:2,SEQUENCE:1342,DATA:{'time': 1723221845.389, 'source': 'VitalsTask', 'timer': 101.721, 'data': {'sensor': 'O\u2082 Saturation', 'action': 'capture', 'data': 'a sensor action is in progress, cancelling'}}
INFO:root:1723221845.969486,ID:1017,STAGE:2,SEQUENCE:1342,DATA:{'time': 1723221845.964, 'source': 'VitalsTask', 'timer': 102.296, 'data': {'sensor': 'O\u2082 Saturation', 'action': 'capture', 'data': 'sensor action complete'}}
INFO:root:1723221845.972003,ID:1017,STAGE:2,SEQUENCE:1342,DATA:{'time': 1723221845.964, 'source': 'VitalsTask', 'timer': 102.296, 'data': {'sensor': 'O\u2082 Saturation', 'action': 'keypad open'}}
INFO:root:1723221848.45503,ID:1017,STAGE:2,SEQUENCE:1342,DATA:{'time': 1723221848.449, 'source': 'VitalsTask', 'timer': 104.781, 'data': {'sensor': 'O\u2082 Saturation', 'action': 'keypad press', 'key': 1, 'value': 1}}
INFO:root:1723221851.127404,ID:1017,STAGE:2,SEQUENCE:1342,DATA:{'time': 1723221851.122, 'source': 'VitalsTask', 'timer': 107.454, 'data': {'sensor': 'O\u2082 Saturation', 'action': 'keypad press', 'key': 11, 'value': 10}}
INFO:root:1723221851.805089,ID:1017,STAGE:2,SEQUENCE:1342,DATA:{'time': 1723221851.8, 'user-id': '1017', 'source': 'HAI Interface', 'destination-index': '3', 'study-stage': '2', 'decision-state': 0, 'vitals-state': 0, 'airspace-state': 0, 'data': {'page': 'inflight', 'action': 'displaying vitals prompt'}}
INFO:root:1723221851.917018,ID:1017,STAGE:2,SEQUENCE:1342,DATA:{'time': 1723221851.911, 'source': 'VitalsTask', 'timer': 108.243, 'data': {'sensor': 'O\u2082 Saturation', 'action': 'keypad press', 'key': 11, 'value': 100}}
INFO:root:1723221852.737612,ID:1017,STAGE:2,SEQUENCE:1342,DATA:{'time': 1723221852.732, 'source': 'VitalsTask', 'timer': 109.064, 'data': {'sensor': 'O\u2082 Saturation', 'action': 'show action buttons'}}
INFO:root:1723221852.741407,ID:1017,STAGE:2,SEQUENCE:1342,DATA:{'time': 1723221852.733, 'source': 'VitalsTask', 'timer': 109.065, 'data': {'sensor': 'O\u2082 Saturation', 'action': 'keypad press', 'key': 10, 'value': 100}}
INFO:root:1723221853.869137,ID:1017,STAGE:2,SEQUENCE:1342,DATA:{'time': 1723221853.865, 'user-id': '1017', 'source': 'HAI Interface', 'destination-index': '3', 'study-stage': '2', 'decision-state': 0, 'vitals-state': 0, 'airspace-state': 0, 'data': {'page': 'inflight', 'action': 'user acknowledged vitals prompt'}}
INFO:root:1723221856.215242,ID:1017,STAGE:2,SEQUENCE:1342,DATA:{'time': 1723221856.21, 'source': 'VitalsTask', 'timer': 112.542, 'data': {'sensor': 'O\u2082 Saturation', 'action': 'log', 'data': 'action button pressed'}}
INFO:root:1723221856.217744,ID:1017,STAGE:2,SEQUENCE:1342,DATA:{'time': 1723221856.21, 'source': 'VitalsTask', 'timer': 112.542, 'data': {'sensor': 'O\u2082 Saturation', 'action': 'log', 'data': 'starting sensor action'}}
INFO:root:1723221857.127077,ID:1017,STAGE:2,SEQUENCE:1342,DATA:{'time': 1723221857.121, 'source': 'VitalsTask', 'timer': 113.453, 'data': {'sensor': 'O\u2082 Saturation', 'action': 'save', 'data': 'action button pressed'}}
INFO:root:1723221857.128661,ID:1017,STAGE:2,SEQUENCE:1342,DATA:{'time': 1723221857.121, 'source': 'VitalsTask', 'timer': 113.454, 'data': {'sensor': 'O\u2082 Saturation', 'action': 'save', 'data': 'a sensor action is in progress, cancelling'}}
INFO:root:1723221857.238141,ID:1017,STAGE:2,SEQUENCE:1342,DATA:{'time': 1723221857.228, 'source': 'VitalsTask', 'timer': 113.56, 'data': {'sensor': 'O\u2082 Saturation', 'action': 'log', 'data': 'sensor action complete'}}
INFO:root:1723221859.050219,ID:1017,STAGE:2,SEQUENCE:1342,DATA:{'time': 1723221859.041, 'source': 'VitalsTask', 'timer': 115.373, 'data': {'sensor': 'O\u2082 Saturation', 'action': 'save', 'data': 'action button pressed'}}
INFO:root:1723221859.052211,ID:1017,STAGE:2,SEQUENCE:1342,DATA:{'time': 1723221859.042, 'source': 'VitalsTask', 'timer': 115.374, 'data': {'sensor': 'O\u2082 Saturation', 'action': 'save', 'data': 'starting sensor action'}}
INFO:root:1723221860.063248,ID:1017,STAGE:2,SEQUENCE:1342,DATA:{'time': 1723221860.054, 'source': 'VitalsTask', 'timer': 116.386, 'data': {'sensor': 'O\u2082 Saturation', 'action': 'save', 'data': 'sensor action complete'}}
INFO:root:1723221860.767789,ID:1017,STAGE:2,SEQUENCE:1342,DATA:{'time': 1723221860.763, 'source': 'VitalsTask', 'timer': 117.095, 'data': {'sensor': 'Blood Pressure', 'action': 'opened sensor tab'}}
INFO:root:1723221862.102159,ID:1017,STAGE:2,SEQUENCE:1342,DATA:{'time': 1723221862.096, 'source': 'VitalsTask', 'timer': 118.428, 'data': {'sensor': 'Blood Pressure', 'action': 'capture', 'data': 'action button pressed'}}
INFO:root:1723221862.104154,ID:1017,STAGE:2,SEQUENCE:1342,DATA:{'time': 1723221862.096, 'source': 'VitalsTask', 'timer': 118.428, 'data': {'sensor': 'Blood Pressure', 'action': 'capture', 'data': 'starting sensor action'}}
INFO:root:1723221863.116465,ID:1017,STAGE:2,SEQUENCE:1342,DATA:{'time': 1723221863.11, 'source': 'VitalsTask', 'timer': 119.442, 'data': {'sensor': 'Blood Pressure', 'action': 'capture', 'data': 'sensor action complete'}}
INFO:root:1723221863.118459,ID:1017,STAGE:2,SEQUENCE:1342,DATA:{'time': 1723221863.11, 'source': 'VitalsTask', 'timer': 119.442, 'data': {'sensor': 'Blood Pressure', 'action': 'keypad open'}}
INFO:root:1723221865.935252,ID:1017,STAGE:2,SEQUENCE:1342,DATA:{'time': 1723221865.93, 'source': 'VitalsTask', 'timer': 122.262, 'data': {'sensor': 'Blood Pressure', 'action': 'keypad press', 'key': 1, 'value': 1}}
INFO:root:1723221866.691045,ID:1017,STAGE:2,SEQUENCE:1342,DATA:{'time': 1723221866.686, 'source': 'VitalsTask', 'timer': 123.018, 'data': {'sensor': 'Blood Pressure', 'action': 'keypad press', 'key': 2, 'value': 12}}
INFO:root:1723221867.99738,ID:1017,STAGE:2,SEQUENCE:1342,DATA:{'time': 1723221867.992, 'source': 'VitalsTask', 'timer': 124.324, 'data': {'sensor': 'Blood Pressure', 'action': 'keypad press', 'key': 11, 'value': 120}}
INFO:root:1723221868.773338,ID:1017,STAGE:2,SEQUENCE:1342,DATA:{'time': 1723221868.767, 'source': 'VitalsTask', 'timer': 125.099, 'data': {'sensor': 'Blood Pressure', 'action': 'keypad press', 'key': 8, 'value': 1208}}
INFO:root:1723221869.490881,ID:1017,STAGE:2,SEQUENCE:1342,DATA:{'time': 1723221869.484, 'source': 'VitalsTask', 'timer': 125.816, 'data': {'sensor': 'Blood Pressure', 'action': 'keypad press', 'key': 11, 'value': 12080}}
INFO:root:1723221870.457957,ID:1017,STAGE:2,SEQUENCE:1342,DATA:{'time': 1723221870.453, 'source': 'VitalsTask', 'timer': 126.785, 'data': {'sensor': 'Blood Pressure', 'action': 'show action buttons'}}
INFO:root:1723221870.460953,ID:1017,STAGE:2,SEQUENCE:1342,DATA:{'time': 1723221870.454, 'source': 'VitalsTask', 'timer': 126.786, 'data': {'sensor': 'Blood Pressure', 'action': 'keypad press', 'key': 10, 'value': 12080}}
INFO:root:1723221871.377343,ID:1017,STAGE:2,SEQUENCE:1342,DATA:{'time': 1723221871.368, 'source': 'VitalsTask', 'timer': 127.7, 'data': {'sensor': 'submit', 'action': 'submit'}}
INFO:root:1723221871.382329,ID:1017,STAGE:2,SEQUENCE:1342,DATA:{'time': 1723221871.369, 'source': 'VitalsTask', 'timer': 127.701, 'data': {'sensor': 'submit', 'action': 'submit', 'data': 'submit failed incomplete vitals checklist'}}
INFO:root:1723221872.861061,ID:1017,STAGE:2,SEQUENCE:1342,DATA:{'time': 1723221872.856, 'source': 'VitalsTask', 'timer': 129.188, 'data': {'sensor': 'Blood Pressure', 'action': 'log', 'data': 'action button pressed'}}
INFO:root:1723221872.863054,ID:1017,STAGE:2,SEQUENCE:1342,DATA:{'time': 1723221872.856, 'source': 'VitalsTask', 'timer': 129.188, 'data': {'sensor': 'Blood Pressure', 'action': 'log', 'data': 'starting sensor action'}}
INFO:root:1723221873.87734,ID:1017,STAGE:2,SEQUENCE:1342,DATA:{'time': 1723221873.87, 'source': 'VitalsTask', 'timer': 130.202, 'data': {'sensor': 'Blood Pressure', 'action': 'log', 'data': 'sensor action complete'}}
INFO:root:1723221874.237484,ID:1017,STAGE:2,SEQUENCE:1342,DATA:{'time': 1723221874.229, 'source': 'VitalsTask', 'timer': 130.561, 'data': {'sensor': 'Blood Pressure', 'action': 'save', 'data': 'action button pressed'}}
INFO:root:1723221874.238996,ID:1017,STAGE:2,SEQUENCE:1342,DATA:{'time': 1723221874.229, 'source': 'VitalsTask', 'timer': 130.561, 'data': {'sensor': 'Blood Pressure', 'action': 'save', 'data': 'starting sensor action'}}
INFO:root:1723221875.248723,ID:1017,STAGE:2,SEQUENCE:1342,DATA:{'time': 1723221875.244, 'source': 'VitalsTask', 'timer': 131.576, 'data': {'sensor': 'Blood Pressure', 'action': 'save', 'data': 'sensor action complete'}}
INFO:root:1723221876.366595,ID:1017,STAGE:2,SEQUENCE:1342,DATA:{'time': 1723221876.361, 'source': 'VitalsTask', 'timer': 132.693, 'data': {'sensor': 'submit', 'action': 'submit'}}
INFO:root:1723221876.368894,ID:1017,STAGE:2,SEQUENCE:1342,DATA:{'time': 1723221876.361, 'source': 'VitalsTask', 'timer': 132.693, 'data': {'sensor': 'submit', 'action': 'submit', 'data': 'submit succeeded'}}
INFO:root:1723221899.825024,ID:1017,STAGE:2,SEQUENCE:1342,DATA:{'time': 1723221899.82, 'user-id': '1017', 'source': 'HAI Interface', 'destination-index': '3', 'study-stage': '2', 'decision-state': 0, 'vitals-state': 0, 'airspace-state': 0, 'data': {'action': 'radio panel opened'}}
INFO:root:1723221903.467967,ID:1017,STAGE:2,SEQUENCE:1342,DATA:{'time': 1723221903.464, 'user-id': '1017', 'source': 'HAI Interface', 'destination-index': '3', 'study-stage': '2', 'decision-state': 0, 'vitals-state': 0, 'airspace-state': 0, 'data': {'action': 'transmit button pressed'}}
INFO:root:1723221903.469964,ID:1017,STAGE:2,SEQUENCE:1342,DATA:{'time': 1723221903.464, 'user-id': '1017', 'source': 'HAI Interface', 'destination-index': '3', 'study-stage': '2', 'decision-state': 0, 'vitals-state': 0, 'airspace-state': 0, 'data': {'action': 'callsign set to: + NASXGS'}}
INFO:root:1723221903.472956,ID:1017,STAGE:2,SEQUENCE:1342,DATA:{'time': 1723221903.464, 'user-id': '1017', 'source': 'HAI Interface', 'destination-index': '3', 'study-stage': '2', 'decision-state': 0, 'vitals-state': 0, 'airspace-state': 0, 'data': {'action': 'radio set to:Comm1'}}
INFO:root:1723221903.477458,ID:1017,STAGE:2,SEQUENCE:1342,DATA:{'time': 1723221903.465, 'user-id': '1017', 'source': 'HAI Interface', 'destination-index': '3', 'study-stage': '2', 'decision-state': 0, 'vitals-state': 0, 'airspace-state': 0, 'data': {'page': 'map', 'action': 'show map'}}
INFO:root:1723221903.482444,ID:1017,STAGE:2,SEQUENCE:1342,DATA:{'time': 1723221903.465, 'user-id': '1017', 'source': 'HAI Interface', 'destination-index': '3', 'study-stage': '2', 'decision-state': 0, 'vitals-state': 0, 'airspace-state': 0, 'data': {'page': 'map', 'action': 'selected helipad', 'value': '21'}}
INFO:root:1723221903.486434,ID:1017,STAGE:2,SEQUENCE:1342,DATA:{'time': 1723221903.469, 'user-id': '1017', 'source': 'HAI Interface', 'destination-index': '3', 'study-stage': '2', 'decision-state': 0, 'vitals-state': 0, 'airspace-state': 0, 'data': {'action': 'NASXGStransmitting updates onComm1123.45 MHz'}}
INFO:root:Inflight Radio Update asked
INFO:root:sent request to set radio update complete
INFO:root:1723221921.034329,ID:1017,STAGE:2,SEQUENCE:1342,DATA:{'time': 1723221921.031, 'user-id': '1017', 'source': 'HAI Interface', 'destination-index': '3', 'study-stage': '2', 'decision-state': 0, 'vitals-state': 0, 'airspace-state': 0, 'data': {'page': 'map', 'action': 'hide map'}}
INFO:root:1723221923.08567,ID:1017,STAGE:2,SEQUENCE:1342,DATA:{'time': 1723221923.082, 'user-id': '1017', 'source': 'HAI Interface', 'destination-index': '3', 'study-stage': '2', 'decision-state': 0, 'vitals-state': 0, 'airspace-state': 0, 'data': {'action': 'radio panel closed'}}
INFO:root:1723221923.989181,ID:1017,STAGE:2,SEQUENCE:1342,DATA:{'time': 1723221923.986, 'user-id': '1017', 'source': 'HAI Interface', 'destination-index': '3', 'study-stage': '2', 'decision-state': 0, 'vitals-state': 0, 'airspace-state': 0, 'data': {'page': 'map', 'action': 'show map'}}
INFO:root:1723221923.991173,ID:1017,STAGE:2,SEQUENCE:1342,DATA:{'time': 1723221923.987, 'user-id': '1017', 'source': 'HAI Interface', 'destination-index': '3', 'study-stage': '2', 'decision-state': 0, 'vitals-state': 0, 'airspace-state': 0, 'data': {'page': 'map', 'action': 'selected helipad', 'value': '21'}}
INFO:root:1723221929.403059,ID:1017,STAGE:2,SEQUENCE:1342,DATA:{'time': 1723221929.397, 'source': 'VitalsTask', 'timer': 53.035, 'data': {'sensor': 'Blood Pressure', 'action': 'capture', 'data': 'action button pressed'}}
INFO:root:1723221929.407087,ID:1017,STAGE:2,SEQUENCE:1342,DATA:{'time': 1723221929.398, 'source': 'VitalsTask', 'timer': 53.036, 'data': {'sensor': 'Blood Pressure', 'action': 'capture', 'data': 'starting sensor action'}}
INFO:root:1723221930.421367,ID:1017,STAGE:2,SEQUENCE:1342,DATA:{'time': 1723221930.414, 'source': 'VitalsTask', 'timer': 54.052, 'data': {'sensor': 'Blood Pressure', 'action': 'capture', 'data': 'sensor action complete'}}
INFO:root:1723221930.422364,ID:1017,STAGE:2,SEQUENCE:1342,DATA:{'time': 1723221930.414, 'source': 'VitalsTask', 'timer': 54.052, 'data': {'sensor': 'Blood Pressure', 'action': 'keypad open'}}
INFO:root:1723221931.876994,ID:1017,STAGE:2,SEQUENCE:1342,DATA:{'time': 1723221931.869, 'source': 'VitalsTask', 'timer': 55.507, 'data': {'sensor': 'Blood Pressure', 'action': 'keypad press', 'key': 1, 'value': 1}}
INFO:root:1723221935.358122,ID:1017,STAGE:2,SEQUENCE:1342,DATA:{'time': 1723221935.353, 'source': 'VitalsTask', 'timer': 58.991, 'data': {'sensor': 'Blood Pressure', 'action': 'keypad press', 'key': 2, 'value': 12}}
INFO:root:1723221937.061762,ID:1017,STAGE:2,SEQUENCE:1342,DATA:{'time': 1723221937.055, 'source': 'VitalsTask', 'timer': 60.693, 'data': {'sensor': 'Blood Pressure', 'action': 'keypad press', 'key': 11, 'value': 120}}
INFO:root:1723221939.14872,ID:1017,STAGE:2,SEQUENCE:1342,DATA:{'time': 1723221939.143, 'source': 'VitalsTask', 'timer': 62.781, 'data': {'sensor': 'Blood Pressure', 'action': 'keypad press', 'key': 8, 'value': 1208}}
INFO:root:1723221940.579612,ID:1017,STAGE:2,SEQUENCE:1342,DATA:{'time': 1723221940.57, 'source': 'VitalsTask', 'timer': 64.208, 'data': {'sensor': 'Blood Pressure', 'action': 'keypad press', 'key': 11, 'value': 12080}}
INFO:root:1723221944.07655,ID:1017,STAGE:2,SEQUENCE:1342,DATA:{'time': 1723221944.069, 'source': 'VitalsTask', 'timer': 67.707, 'data': {'sensor': 'Blood Pressure', 'action': 'show action buttons'}}
INFO:root:1723221944.08005,ID:1017,STAGE:2,SEQUENCE:1342,DATA:{'time': 1723221944.07, 'source': 'VitalsTask', 'timer': 67.708, 'data': {'sensor': 'Blood Pressure', 'action': 'keypad press', 'key': 10, 'value': 12080}}
INFO:root:1723221950.162298,ID:1017,STAGE:2,SEQUENCE:1342,DATA:{'time': 1723221950.159, 'user-id': '1017', 'source': 'HAI Interface', 'destination-index': '3', 'study-stage': '2', 'decision-state': 0, 'vitals-state': 0, 'airspace-state': 0, 'data': {'page': 'inflight', 'action': 'displaying vitals prompt'}}
INFO:root:1723221952.084408,ID:1017,STAGE:2,SEQUENCE:1342,DATA:{'time': 1723221952.081, 'user-id': '1017', 'source': 'HAI Interface', 'destination-index': '3', 'study-stage': '2', 'decision-state': 0, 'vitals-state': 0, 'airspace-state': 0, 'data': {'page': 'inflight', 'action': 'user acknowledged vitals prompt'}}
INFO:root:1723221954.05427,ID:1017,STAGE:2,SEQUENCE:1342,DATA:{'time': 1723221954.043, 'source': 'VitalsTask', 'timer': 77.682, 'data': {'sensor': 'Blood Pressure', 'action': 'log', 'data': 'action button pressed'}}
INFO:root:1723221954.055783,ID:1017,STAGE:2,SEQUENCE:1342,DATA:{'time': 1723221954.044, 'source': 'VitalsTask', 'timer': 77.682, 'data': {'sensor': 'Blood Pressure', 'action': 'log', 'data': 'starting sensor action'}}
INFO:root:1723221955.060178,ID:1017,STAGE:2,SEQUENCE:1342,DATA:{'time': 1723221955.054, 'source': 'VitalsTask', 'timer': 78.692, 'data': {'sensor': 'Blood Pressure', 'action': 'log', 'data': 'sensor action complete'}}
INFO:root:1723221955.169554,ID:1017,STAGE:2,SEQUENCE:1342,DATA:{'time': 1723221955.163, 'source': 'VitalsTask', 'timer': 78.801, 'data': {'sensor': 'Blood Pressure', 'action': 'save', 'data': 'action button pressed'}}
INFO:root:1723221955.171286,ID:1017,STAGE:2,SEQUENCE:1342,DATA:{'time': 1723221955.164, 'source': 'VitalsTask', 'timer': 78.802, 'data': {'sensor': 'Blood Pressure', 'action': 'save', 'data': 'starting sensor action'}}
INFO:root:1723221956.187249,ID:1017,STAGE:2,SEQUENCE:1342,DATA:{'time': 1723221956.183, 'source': 'VitalsTask', 'timer': 79.821, 'data': {'sensor': 'Blood Pressure', 'action': 'save', 'data': 'sensor action complete'}}
INFO:root:1723221958.13768,ID:1017,STAGE:2,SEQUENCE:1342,DATA:{'time': 1723221958.131, 'source': 'VitalsTask', 'timer': 81.769, 'data': {'sensor': 'O\u2082 Saturation', 'action': 'opened sensor tab'}}
INFO:root:1723221961.436798,ID:1017,STAGE:2,SEQUENCE:1342,DATA:{'time': 1723221961.43, 'source': 'VitalsTask', 'timer': 85.068, 'data': {'sensor': 'O\u2082 Saturation', 'action': 'capture', 'data': 'action button pressed'}}
INFO:root:1723221961.438292,ID:1017,STAGE:2,SEQUENCE:1342,DATA:{'time': 1723221961.43, 'source': 'VitalsTask', 'timer': 85.068, 'data': {'sensor': 'O\u2082 Saturation', 'action': 'capture', 'data': 'starting sensor action'}}
INFO:root:1723221962.455121,ID:1017,STAGE:2,SEQUENCE:1342,DATA:{'time': 1723221962.449, 'source': 'VitalsTask', 'timer': 86.087, 'data': {'sensor': 'O\u2082 Saturation', 'action': 'capture', 'data': 'sensor action complete'}}
INFO:root:1723221962.457116,ID:1017,STAGE:2,SEQUENCE:1342,DATA:{'time': 1723221962.45, 'source': 'VitalsTask', 'timer': 86.088, 'data': {'sensor': 'O\u2082 Saturation', 'action': 'keypad open'}}
INFO:root:1723221964.853108,ID:1017,STAGE:2,SEQUENCE:1342,DATA:{'time': 1723221964.846, 'source': 'VitalsTask', 'timer': 88.484, 'data': {'sensor': 'O\u2082 Saturation', 'action': 'keypad press', 'key': 1, 'value': 1}}
INFO:root:1723221965.998279,ID:1017,STAGE:2,SEQUENCE:1342,DATA:{'time': 1723221965.99, 'source': 'VitalsTask', 'timer': 89.628, 'data': {'sensor': 'O\u2082 Saturation', 'action': 'keypad press', 'key': 11, 'value': 10}}
INFO:root:1723221966.608812,ID:1017,STAGE:2,SEQUENCE:1342,DATA:{'time': 1723221966.602, 'source': 'VitalsTask', 'timer': 90.24, 'data': {'sensor': 'O\u2082 Saturation', 'action': 'keypad press', 'key': 11, 'value': 100}}
INFO:root:1723221967.430337,ID:1017,STAGE:2,SEQUENCE:1342,DATA:{'time': 1723221967.424, 'source': 'VitalsTask', 'timer': 91.062, 'data': {'sensor': 'O\u2082 Saturation', 'action': 'show action buttons'}}
INFO:root:1723221967.432332,ID:1017,STAGE:2,SEQUENCE:1342,DATA:{'time': 1723221967.425, 'source': 'VitalsTask', 'timer': 91.063, 'data': {'sensor': 'O\u2082 Saturation', 'action': 'keypad press', 'key': 10, 'value': 100}}
INFO:root:1723221968.47021,ID:1017,STAGE:2,SEQUENCE:1342,DATA:{'time': 1723221968.464, 'source': 'VitalsTask', 'timer': 92.102, 'data': {'sensor': 'O\u2082 Saturation', 'action': 'log', 'data': 'action button pressed'}}
INFO:root:1723221968.471716,ID:1017,STAGE:2,SEQUENCE:1342,DATA:{'time': 1723221968.464, 'source': 'VitalsTask', 'timer': 92.102, 'data': {'sensor': 'O\u2082 Saturation', 'action': 'log', 'data': 'starting sensor action'}}
INFO:root:1723221969.482934,ID:1017,STAGE:2,SEQUENCE:1342,DATA:{'time': 1723221969.477, 'source': 'VitalsTask', 'timer': 93.115, 'data': {'sensor': 'O\u2082 Saturation', 'action': 'log', 'data': 'sensor action complete'}}
INFO:root:1723221969.685301,ID:1017,STAGE:2,SEQUENCE:1342,DATA:{'time': 1723221969.68, 'source': 'VitalsTask', 'timer': 93.318, 'data': {'sensor': 'O\u2082 Saturation', 'action': 'save', 'data': 'action button pressed'}}
INFO:root:1723221969.687297,ID:1017,STAGE:2,SEQUENCE:1342,DATA:{'time': 1723221969.68, 'source': 'VitalsTask', 'timer': 93.318, 'data': {'sensor': 'O\u2082 Saturation', 'action': 'save', 'data': 'starting sensor action'}}
INFO:root:1723221970.702421,ID:1017,STAGE:2,SEQUENCE:1342,DATA:{'time': 1723221970.697, 'source': 'VitalsTask', 'timer': 94.335, 'data': {'sensor': 'O\u2082 Saturation', 'action': 'save', 'data': 'sensor action complete'}}
INFO:root:1723221974.301855,ID:1017,STAGE:2,SEQUENCE:1342,DATA:{'time': 1723221974.296, 'source': 'VitalsTask', 'timer': 97.934, 'data': {'sensor': 'Heart Rate', 'action': 'opened sensor tab'}}
INFO:root:1723221975.679413,ID:1017,STAGE:2,SEQUENCE:1342,DATA:{'time': 1723221975.673, 'source': 'VitalsTask', 'timer': 99.311, 'data': {'sensor': 'Heart Rate', 'action': 'capture', 'data': 'action button pressed'}}
INFO:root:1723221975.68041,ID:1017,STAGE:2,SEQUENCE:1342,DATA:{'time': 1723221975.673, 'source': 'VitalsTask', 'timer': 99.311, 'data': {'sensor': 'Heart Rate', 'action': 'capture', 'data': 'starting sensor action'}}
INFO:root:1723221976.693523,ID:1017,STAGE:2,SEQUENCE:1342,DATA:{'time': 1723221976.687, 'source': 'VitalsTask', 'timer': 100.325, 'data': {'sensor': 'Heart Rate', 'action': 'capture', 'data': 'sensor action complete'}}
INFO:root:1723221976.695518,ID:1017,STAGE:2,SEQUENCE:1342,DATA:{'time': 1723221976.687, 'source': 'VitalsTask', 'timer': 100.325, 'data': {'sensor': 'Heart Rate', 'action': 'keypad open'}}
INFO:root:1723221977.962202,ID:1017,STAGE:2,SEQUENCE:1342,DATA:{'time': 1723221977.954, 'source': 'VitalsTask', 'timer': 101.592, 'data': {'sensor': 'Heart Rate', 'action': 'keypad press', 'key': 5, 'value': 5}}
INFO:root:1723221978.583906,ID:1017,STAGE:2,SEQUENCE:1342,DATA:{'time': 1723221978.578, 'source': 'VitalsTask', 'timer': 102.216, 'data': {'sensor': 'Heart Rate', 'action': 'keypad press', 'key': 5, 'value': 55}}
INFO:root:1723221980.25092,ID:1017,STAGE:2,SEQUENCE:1342,DATA:{'time': 1723221980.243, 'source': 'VitalsTask', 'timer': 103.881, 'data': {'sensor': 'Heart Rate', 'action': 'show action buttons'}}
INFO:root:1723221980.252914,ID:1017,STAGE:2,SEQUENCE:1342,DATA:{'time': 1723221980.243, 'source': 'VitalsTask', 'timer': 103.881, 'data': {'sensor': 'Heart Rate', 'action': 'keypad press', 'key': 10, 'value': 55}}
INFO:root:1723221981.743264,ID:1017,STAGE:2,SEQUENCE:1342,DATA:{'time': 1723221981.736, 'source': 'VitalsTask', 'timer': 105.375, 'data': {'sensor': 'Heart Rate', 'action': 'log', 'data': 'action button pressed'}}
INFO:root:1723221981.746764,ID:1017,STAGE:2,SEQUENCE:1342,DATA:{'time': 1723221981.737, 'source': 'VitalsTask', 'timer': 105.375, 'data': {'sensor': 'Heart Rate', 'action': 'log', 'data': 'starting sensor action'}}
INFO:root:1723221982.753592,ID:1017,STAGE:2,SEQUENCE:1342,DATA:{'time': 1723221982.748, 'source': 'VitalsTask', 'timer': 106.386, 'data': {'sensor': 'Heart Rate', 'action': 'log', 'data': 'sensor action complete'}}
INFO:root:1723221983.913225,ID:1017,STAGE:2,SEQUENCE:1342,DATA:{'time': 1723221983.907, 'source': 'VitalsTask', 'timer': 107.545, 'data': {'sensor': 'Heart Rate', 'action': 'save', 'data': 'action button pressed'}}
INFO:root:1723221983.914228,ID:1017,STAGE:2,SEQUENCE:1342,DATA:{'time': 1723221983.907, 'source': 'VitalsTask', 'timer': 107.545, 'data': {'sensor': 'Heart Rate', 'action': 'save', 'data': 'starting sensor action'}}
INFO:root:1723221984.935018,ID:1017,STAGE:2,SEQUENCE:1342,DATA:{'time': 1723221984.926, 'source': 'VitalsTask', 'timer': 108.564, 'data': {'sensor': 'Heart Rate', 'action': 'save', 'data': 'sensor action complete'}}
INFO:root:1723221985.552522,ID:1017,STAGE:2,SEQUENCE:1342,DATA:{'time': 1723221985.545, 'source': 'VitalsTask', 'timer': 109.183, 'data': {'sensor': 'submit', 'action': 'submit'}}
INFO:root:1723221985.554517,ID:1017,STAGE:2,SEQUENCE:1342,DATA:{'time': 1723221985.545, 'source': 'VitalsTask', 'timer': 109.183, 'data': {'sensor': 'submit', 'action': 'submit', 'data': 'submit succeeded'}}
INFO:root:1723221999.282804,ID:1017,STAGE:2,SEQUENCE:1342,DATA:{'time': 1723221999.279, 'user-id': '1017', 'source': 'HAI Interface', 'destination-index': '3', 'study-stage': '2', 'decision-state': 0, 'vitals-state': 0, 'airspace-state': 0, 'data': {'action': 'radio panel opened'}}
INFO:root:1723222001.510612,ID:1017,STAGE:2,SEQUENCE:1342,DATA:{'time': 1723222001.507, 'user-id': '1017', 'source': 'HAI Interface', 'destination-index': '3', 'study-stage': '2', 'decision-state': 0, 'vitals-state': 0, 'airspace-state': 0, 'data': {'action': 'transmit button pressed'}}
INFO:root:1723222001.513604,ID:1017,STAGE:2,SEQUENCE:1342,DATA:{'time': 1723222001.508, 'user-id': '1017', 'source': 'HAI Interface', 'destination-index': '3', 'study-stage': '2', 'decision-state': 0, 'vitals-state': 0, 'airspace-state': 0, 'data': {'action': 'callsign set to: + NASXGS'}}
INFO:root:1723222001.515598,ID:1017,STAGE:2,SEQUENCE:1342,DATA:{'time': 1723222001.508, 'user-id': '1017', 'source': 'HAI Interface', 'destination-index': '3', 'study-stage': '2', 'decision-state': 0, 'vitals-state': 0, 'airspace-state': 0, 'data': {'action': 'radio set to:Comm1'}}
INFO:root:1723222001.517592,ID:1017,STAGE:2,SEQUENCE:1342,DATA:{'time': 1723222001.508, 'user-id': '1017', 'source': 'HAI Interface', 'destination-index': '3', 'study-stage': '2', 'decision-state': 0, 'vitals-state': 0, 'airspace-state': 0, 'data': {'page': 'map', 'action': 'show map'}}
INFO:root:1723222001.521033,ID:1017,STAGE:2,SEQUENCE:1342,DATA:{'time': 1723222001.509, 'user-id': '1017', 'source': 'HAI Interface', 'destination-index': '3', 'study-stage': '2', 'decision-state': 0, 'vitals-state': 0, 'airspace-state': 0, 'data': {'page': 'map', 'action': 'selected helipad', 'value': '21'}}
INFO:root:1723222001.523538,ID:1017,STAGE:2,SEQUENCE:1342,DATA:{'time': 1723222001.514, 'user-id': '1017', 'source': 'HAI Interface', 'destination-index': '3', 'study-stage': '2', 'decision-state': 0, 'vitals-state': 0, 'airspace-state': 0, 'data': {'action': 'NASXGStransmitting updates onComm1123.45 MHz'}}
INFO:root:Inflight Radio Update asked
INFO:root:sent request to set radio update complete
INFO:root:1723222019.1074,ID:1017,STAGE:2,SEQUENCE:1342,DATA:{'time': 1723222019.102, 'user-id': '1017', 'source': 'HAI Interface', 'destination-index': '3', 'study-stage': '2', 'decision-state': 0, 'vitals-state': 0, 'airspace-state': 0, 'data': {'page': 'map', 'action': 'hide map'}}
INFO:root:1723222032.948837,ID:1017,STAGE:2,SEQUENCE:1342,DATA:{'time': 1723222032.943, 'source': 'VitalsTask', 'timer': 47.397, 'data': {'sensor': 'Heart Rate', 'action': 'capture', 'data': 'action button pressed'}}
INFO:root:1723222032.950402,ID:1017,STAGE:2,SEQUENCE:1342,DATA:{'time': 1723222032.944, 'source': 'VitalsTask', 'timer': 47.398, 'data': {'sensor': 'Heart Rate', 'action': 'capture', 'data': 'starting sensor action'}}
INFO:root:1723222033.964376,ID:1017,STAGE:2,SEQUENCE:1342,DATA:{'time': 1723222033.957, 'source': 'VitalsTask', 'timer': 48.411, 'data': {'sensor': 'Heart Rate', 'action': 'capture', 'data': 'sensor action complete'}}
INFO:root:1723222033.966881,ID:1017,STAGE:2,SEQUENCE:1342,DATA:{'time': 1723222033.958, 'source': 'VitalsTask', 'timer': 48.412, 'data': {'sensor': 'Heart Rate', 'action': 'keypad open'}}
INFO:root:1723222048.860416,ID:1017,STAGE:2,SEQUENCE:1342,DATA:{'time': 1723222048.856, 'user-id': '1017', 'source': 'HAI Interface', 'destination-index': '3', 'study-stage': '2', 'decision-state': 0, 'vitals-state': 0, 'airspace-state': 0, 'data': {'page': 'inflight', 'action': 'displaying vitals prompt'}}
INFO:root:1723222052.495366,ID:1017,STAGE:2,SEQUENCE:1342,DATA:{'time': 1723222052.49, 'user-id': '1017', 'source': 'HAI Interface', 'destination-index': '3', 'study-stage': '2', 'decision-state': 0, 'vitals-state': 0, 'airspace-state': 0, 'data': {'page': 'inflight', 'action': 'user acknowledged vitals prompt'}}
INFO:root:1723222055.144511,ID:1017,STAGE:2,SEQUENCE:1342,DATA:{'time': 1723222055.139, 'source': 'VitalsTask', 'timer': 69.593, 'data': {'sensor': 'Heart Rate', 'action': 'keypad press', 'key': 5, 'value': 5}}
INFO:root:1723222055.861559,ID:1017,STAGE:2,SEQUENCE:1342,DATA:{'time': 1723222055.855, 'source': 'VitalsTask', 'timer': 70.309, 'data': {'sensor': 'Heart Rate', 'action': 'keypad press', 'key': 5, 'value': 55}}
INFO:root:1723222057.392174,ID:1017,STAGE:2,SEQUENCE:1342,DATA:{'time': 1723222057.386, 'source': 'VitalsTask', 'timer': 71.84, 'data': {'sensor': 'Heart Rate', 'action': 'show action buttons'}}
INFO:root:1723222057.397498,ID:1017,STAGE:2,SEQUENCE:1342,DATA:{'time': 1723222057.387, 'source': 'VitalsTask', 'timer': 71.841, 'data': {'sensor': 'Heart Rate', 'action': 'keypad press', 'key': 10, 'value': 55}}
INFO:root:1723222059.527025,ID:1017,STAGE:2,SEQUENCE:1342,DATA:{'time': 1723222059.521, 'source': 'VitalsTask', 'timer': 73.975, 'data': {'sensor': 'Heart Rate', 'action': 'log', 'data': 'action button pressed'}}
INFO:root:1723222059.52857,ID:1017,STAGE:2,SEQUENCE:1342,DATA:{'time': 1723222059.521, 'source': 'VitalsTask', 'timer': 73.975, 'data': {'sensor': 'Heart Rate', 'action': 'log', 'data': 'starting sensor action'}}
INFO:root:1723222060.543533,ID:1017,STAGE:2,SEQUENCE:1342,DATA:{'time': 1723222060.537, 'source': 'VitalsTask', 'timer': 74.991, 'data': {'sensor': 'Heart Rate', 'action': 'log', 'data': 'sensor action complete'}}
INFO:root:1723222060.583796,ID:1017,STAGE:2,SEQUENCE:1342,DATA:{'time': 1723222060.576, 'source': 'VitalsTask', 'timer': 75.03, 'data': {'sensor': 'Heart Rate', 'action': 'save', 'data': 'action button pressed'}}
INFO:root:1723222060.586252,ID:1017,STAGE:2,SEQUENCE:1342,DATA:{'time': 1723222060.577, 'source': 'VitalsTask', 'timer': 75.031, 'data': {'sensor': 'Heart Rate', 'action': 'save', 'data': 'starting sensor action'}}
INFO:root:1723222061.602016,ID:1017,STAGE:2,SEQUENCE:1342,DATA:{'time': 1723222061.592, 'source': 'VitalsTask', 'timer': 76.046, 'data': {'sensor': 'Heart Rate', 'action': 'save', 'data': 'sensor action complete'}}
INFO:root:1723222062.429414,ID:1017,STAGE:2,SEQUENCE:1342,DATA:{'time': 1723222062.424, 'source': 'VitalsTask', 'timer': 76.878, 'data': {'sensor': 'O\u2082 Saturation', 'action': 'opened sensor tab'}}
INFO:root:1723222063.434574,ID:1017,STAGE:2,SEQUENCE:1342,DATA:{'time': 1723222063.428, 'source': 'VitalsTask', 'timer': 77.882, 'data': {'sensor': 'O\u2082 Saturation', 'action': 'capture', 'data': 'action button pressed'}}
INFO:root:1723222063.436605,ID:1017,STAGE:2,SEQUENCE:1342,DATA:{'time': 1723222063.43, 'source': 'VitalsTask', 'timer': 77.884, 'data': {'sensor': 'O\u2082 Saturation', 'action': 'capture', 'data': 'starting sensor action'}}
INFO:root:1723222064.454724,ID:1017,STAGE:2,SEQUENCE:1342,DATA:{'time': 1723222064.448, 'source': 'VitalsTask', 'timer': 78.902, 'data': {'sensor': 'O\u2082 Saturation', 'action': 'capture', 'data': 'sensor action complete'}}
INFO:root:1723222064.459225,ID:1017,STAGE:2,SEQUENCE:1342,DATA:{'time': 1723222064.448, 'source': 'VitalsTask', 'timer': 78.902, 'data': {'sensor': 'O\u2082 Saturation', 'action': 'keypad open'}}
INFO:root:1723222065.592583,ID:1017,STAGE:2,SEQUENCE:1342,DATA:{'time': 1723222065.587, 'source': 'VitalsTask', 'timer': 80.041, 'data': {'sensor': 'O\u2082 Saturation', 'action': 'keypad press', 'key': 1, 'value': 1}}
INFO:root:1723222066.86073,ID:1017,STAGE:2,SEQUENCE:1342,DATA:{'time': 1723222066.853, 'source': 'VitalsTask', 'timer': 81.307, 'data': {'sensor': 'O\u2082 Saturation', 'action': 'keypad press', 'key': 11, 'value': 10}}
INFO:root:1723222067.32528,ID:1017,STAGE:2,SEQUENCE:1342,DATA:{'time': 1723222067.319, 'source': 'VitalsTask', 'timer': 81.773, 'data': {'sensor': 'O\u2082 Saturation', 'action': 'keypad press', 'key': 11, 'value': 100}}
INFO:root:1723222068.358563,ID:1017,STAGE:2,SEQUENCE:1342,DATA:{'time': 1723222068.351, 'source': 'VitalsTask', 'timer': 82.805, 'data': {'sensor': 'O\u2082 Saturation', 'action': 'show action buttons'}}
INFO:root:1723222068.360563,ID:1017,STAGE:2,SEQUENCE:1342,DATA:{'time': 1723222068.351, 'source': 'VitalsTask', 'timer': 82.805, 'data': {'sensor': 'O\u2082 Saturation', 'action': 'keypad press', 'key': 10, 'value': 100}}
INFO:root:1723222069.799556,ID:1017,STAGE:2,SEQUENCE:1342,DATA:{'time': 1723222069.793, 'source': 'VitalsTask', 'timer': 84.247, 'data': {'sensor': 'O\u2082 Saturation', 'action': 'log', 'data': 'action button pressed'}}
INFO:root:1723222069.80155,ID:1017,STAGE:2,SEQUENCE:1342,DATA:{'time': 1723222069.793, 'source': 'VitalsTask', 'timer': 84.247, 'data': {'sensor': 'O\u2082 Saturation', 'action': 'log', 'data': 'starting sensor action'}}
INFO:root:1723222070.815488,ID:1017,STAGE:2,SEQUENCE:1342,DATA:{'time': 1723222070.809, 'source': 'VitalsTask', 'timer': 85.263, 'data': {'sensor': 'O\u2082 Saturation', 'action': 'save', 'data': 'action button pressed'}}
INFO:root:1723222070.81848,ID:1017,STAGE:2,SEQUENCE:1342,DATA:{'time': 1723222070.809, 'source': 'VitalsTask', 'timer': 85.263, 'data': {'sensor': 'O\u2082 Saturation', 'action': 'save', 'data': 'a sensor action is in progress, cancelling'}}
INFO:root:1723222070.821981,ID:1017,STAGE:2,SEQUENCE:1342,DATA:{'time': 1723222070.811, 'source': 'VitalsTask', 'timer': 85.265, 'data': {'sensor': 'O\u2082 Saturation', 'action': 'log', 'data': 'sensor action complete'}}
INFO:root:1723222071.564339,ID:1017,STAGE:2,SEQUENCE:1342,DATA:{'time': 1723222071.557, 'source': 'VitalsTask', 'timer': 86.011, 'data': {'sensor': 'O\u2082 Saturation', 'action': 'save', 'data': 'action button pressed'}}
INFO:root:1723222071.565854,ID:1017,STAGE:2,SEQUENCE:1342,DATA:{'time': 1723222071.558, 'source': 'VitalsTask', 'timer': 86.012, 'data': {'sensor': 'O\u2082 Saturation', 'action': 'save', 'data': 'starting sensor action'}}
INFO:root:1723222072.584163,ID:1017,STAGE:2,SEQUENCE:1342,DATA:{'time': 1723222072.575, 'source': 'VitalsTask', 'timer': 87.029, 'data': {'sensor': 'O\u2082 Saturation', 'action': 'save', 'data': 'sensor action complete'}}
INFO:root:1723222073.551362,ID:1017,STAGE:2,SEQUENCE:1342,DATA:{'time': 1723222073.544, 'source': 'VitalsTask', 'timer': 87.998, 'data': {'sensor': 'Blood Pressure', 'action': 'opened sensor tab'}}
INFO:root:1723222074.891199,ID:1017,STAGE:2,SEQUENCE:1342,DATA:{'time': 1723222074.885, 'source': 'VitalsTask', 'timer': 89.339, 'data': {'sensor': 'Blood Pressure', 'action': 'capture', 'data': 'action button pressed'}}
INFO:root:1723222074.89419,ID:1017,STAGE:2,SEQUENCE:1342,DATA:{'time': 1723222074.885, 'source': 'VitalsTask', 'timer': 89.339, 'data': {'sensor': 'Blood Pressure', 'action': 'capture', 'data': 'starting sensor action'}}
INFO:root:1723222075.905707,ID:1017,STAGE:2,SEQUENCE:1342,DATA:{'time': 1723222075.899, 'source': 'VitalsTask', 'timer': 90.353, 'data': {'sensor': 'Blood Pressure', 'action': 'capture', 'data': 'sensor action complete'}}
INFO:root:1723222075.907702,ID:1017,STAGE:2,SEQUENCE:1342,DATA:{'time': 1723222075.899, 'source': 'VitalsTask', 'timer': 90.353, 'data': {'sensor': 'Blood Pressure', 'action': 'keypad open'}}
INFO:root:1723222077.196178,ID:1017,STAGE:2,SEQUENCE:1342,DATA:{'time': 1723222077.191, 'source': 'VitalsTask', 'timer': 91.645, 'data': {'sensor': 'Blood Pressure', 'action': 'keypad press', 'key': 1, 'value': 1}}
INFO:root:1723222077.882438,ID:1017,STAGE:2,SEQUENCE:1342,DATA:{'time': 1723222077.877, 'source': 'VitalsTask', 'timer': 92.331, 'data': {'sensor': 'Blood Pressure', 'action': 'keypad press', 'key': 2, 'value': 12}}
INFO:root:1723222079.37425,ID:1017,STAGE:2,SEQUENCE:1342,DATA:{'time': 1723222079.368, 'source': 'VitalsTask', 'timer': 93.822, 'data': {'sensor': 'Blood Pressure', 'action': 'keypad press', 'key': 11, 'value': 120}}
INFO:root:1723222081.221648,ID:1017,STAGE:2,SEQUENCE:1342,DATA:{'time': 1723222081.21, 'source': 'VitalsTask', 'timer': 95.664, 'data': {'sensor': 'Blood Pressure', 'action': 'keypad press', 'key': 8, 'value': 1208}}
INFO:root:1723222084.41735,ID:1017,STAGE:2,SEQUENCE:1342,DATA:{'time': 1723222084.411, 'source': 'VitalsTask', 'timer': 98.865, 'data': {'sensor': 'Blood Pressure', 'action': 'keypad press', 'key': 11, 'value': 12080}}
INFO:root:1723222085.513739,ID:1017,STAGE:2,SEQUENCE:1342,DATA:{'time': 1723222085.507, 'source': 'VitalsTask', 'timer': 99.961, 'data': {'sensor': 'Blood Pressure', 'action': 'show action buttons'}}
INFO:root:1723222085.514765,ID:1017,STAGE:2,SEQUENCE:1342,DATA:{'time': 1723222085.508, 'source': 'VitalsTask', 'timer': 99.962, 'data': {'sensor': 'Blood Pressure', 'action': 'keypad press', 'key': 10, 'value': 12080}}
INFO:root:1723222087.261022,ID:1017,STAGE:2,SEQUENCE:1342,DATA:{'time': 1723222087.255, 'source': 'VitalsTask', 'timer': 101.709, 'data': {'sensor': 'Blood Pressure', 'action': 'log', 'data': 'action button pressed'}}
INFO:root:1723222087.26298,ID:1017,STAGE:2,SEQUENCE:1342,DATA:{'time': 1723222087.255, 'source': 'VitalsTask', 'timer': 101.709, 'data': {'sensor': 'Blood Pressure', 'action': 'log', 'data': 'starting sensor action'}}
INFO:root:1723222088.283663,ID:1017,STAGE:2,SEQUENCE:1342,DATA:{'time': 1723222088.273, 'source': 'VitalsTask', 'timer': 102.727, 'data': {'sensor': 'Blood Pressure', 'action': 'log', 'data': 'sensor action complete'}}
INFO:root:1723222088.322716,ID:1017,STAGE:2,SEQUENCE:1342,DATA:{'time': 1723222088.317, 'source': 'VitalsTask', 'timer': 102.771, 'data': {'sensor': 'Blood Pressure', 'action': 'save', 'data': 'action button pressed'}}
INFO:root:1723222088.324217,ID:1017,STAGE:2,SEQUENCE:1342,DATA:{'time': 1723222088.317, 'source': 'VitalsTask', 'timer': 102.771, 'data': {'sensor': 'Blood Pressure', 'action': 'save', 'data': 'starting sensor action'}}
INFO:root:1723222089.337876,ID:1017,STAGE:2,SEQUENCE:1342,DATA:{'time': 1723222089.332, 'source': 'VitalsTask', 'timer': 103.786, 'data': {'sensor': 'Blood Pressure', 'action': 'save', 'data': 'sensor action complete'}}
INFO:root:1723222090.740107,ID:1017,STAGE:2,SEQUENCE:1342,DATA:{'time': 1723222090.735, 'source': 'VitalsTask', 'timer': 105.189, 'data': {'sensor': 'submit', 'action': 'submit'}}
INFO:root:1723222090.741104,ID:1017,STAGE:2,SEQUENCE:1342,DATA:{'time': 1723222090.735, 'source': 'VitalsTask', 'timer': 105.189, 'data': {'sensor': 'submit', 'action': 'submit', 'data': 'submit succeeded'}}
INFO:root:1723222101.921212,ID:1017,STAGE:2,SEQUENCE:1342,DATA:{'time': 1723222101.915, 'user-id': '1017', 'source': 'HAI Interface', 'destination-index': '3', 'study-stage': '2', 'decision-state': 0, 'vitals-state': '1', 'airspace-state': 0, 'data': {'action': 'receive button pressed'}}
INFO:root:1723222101.925705,ID:1017,STAGE:2,SEQUENCE:1342,DATA:{'time': 1723222101.916, 'user-id': '1017', 'source': 'HAI Interface', 'destination-index': '3', 'study-stage': '2', 'decision-state': 0, 'vitals-state': '1', 'airspace-state': 0, 'data': {'action': 'callsign set to:[object Object]'}}
INFO:root:1723222101.928226,ID:1017,STAGE:2,SEQUENCE:1342,DATA:{'time': 1723222101.916, 'user-id': '1017', 'source': 'HAI Interface', 'destination-index': '3', 'study-stage': '2', 'decision-state': 0, 'vitals-state': '1', 'airspace-state': 0, 'data': {'action': 'radio set to:Comm2'}}
INFO:root:1723222101.93022,ID:1017,STAGE:2,SEQUENCE:1342,DATA:{'time': 1723222101.92, 'user-id': '1017', 'source': 'HAI Interface', 'destination-index': '3', 'study-stage': '2', 'decision-state': 0, 'vitals-state': '1', 'airspace-state': 0, 'data': {'action': 'MEDEVACtransmitting onComm2123.45 MHz'}}
INFO:root:Administer medication radio comm initiated
INFO:root:1723222111.636571,ID:1017,STAGE:2,SEQUENCE:1342,DATA:{'time': 1723222111.628, 'source': 'VitalsTask', 'timer': 20.892, 'data': {'sensor': 'Blood Pressure', 'action': 'capture', 'data': 'action button pressed'}}
INFO:root:1723222111.638566,ID:1017,STAGE:2,SEQUENCE:1342,DATA:{'time': 1723222111.628, 'source': 'VitalsTask', 'timer': 20.892, 'data': {'sensor': 'Blood Pressure', 'action': 'capture', 'data': 'starting sensor action'}}
INFO:root:1723222112.647118,ID:1017,STAGE:2,SEQUENCE:1342,DATA:{'time': 1723222112.641, 'source': 'VitalsTask', 'timer': 21.905, 'data': {'sensor': 'Blood Pressure', 'action': 'capture', 'data': 'sensor action complete'}}
INFO:root:1723222112.648979,ID:1017,STAGE:2,SEQUENCE:1342,DATA:{'time': 1723222112.642, 'source': 'VitalsTask', 'timer': 21.906, 'data': {'sensor': 'Blood Pressure', 'action': 'keypad open'}}
INFO:root:1723222115.962354,ID:1017,STAGE:2,SEQUENCE:1342,DATA:{'time': 1723222115.956, 'source': 'VitalsTask', 'timer': 25.22, 'data': {'sensor': 'Blood Pressure', 'action': 'keypad press', 'key': 3, 'value': 3}}
INFO:root:1723222117.734756,ID:1017,STAGE:2,SEQUENCE:1342,DATA:{'time': 1723222117.729, 'source': 'VitalsTask', 'timer': 26.993, 'data': {'sensor': 'Blood Pressure', 'action': 'keypad press', 'key': 12, 'value': 0}}
INFO:root:1723222120.493307,ID:1017,STAGE:2,SEQUENCE:1342,DATA:{'time': 1723222120.488, 'source': 'VitalsTask', 'timer': 29.752, 'data': {'sensor': 'Blood Pressure', 'action': 'keypad press', 'key': 2, 'value': 2}}
INFO:root:1723222120.613389,ID:1017,STAGE:2,SEQUENCE:1342,DATA:{'time': 1723222120.607, 'source': 'VitalsTask', 'timer': 29.871, 'data': {'sensor': 'Blood Pressure', 'action': 'keypad press', 'key': 2, 'value': 22}}
INFO:root:1723222122.250289,ID:1017,STAGE:2,SEQUENCE:1342,DATA:{'time': 1723222122.244, 'source': 'VitalsTask', 'timer': 31.508, 'data': {'sensor': 'Blood Pressure', 'action': 'keypad press', 'key': 12, 'value': 2}}
INFO:root:1723222123.543227,ID:1017,STAGE:2,SEQUENCE:1342,DATA:{'time': 1723222123.538, 'source': 'VitalsTask', 'timer': 32.802, 'data': {'sensor': 'Blood Pressure', 'action': 'keypad press', 'key': 3, 'value': 23}}
INFO:root:1723222123.716261,ID:1017,STAGE:2,SEQUENCE:1342,DATA:{'time': 1723222123.705, 'source': 'VitalsTask', 'timer': 32.969, 'data': {'sensor': 'Blood Pressure', 'action': 'keypad press', 'key': 3, 'value': 233}}
INFO:root:1723222126.103547,ID:1017,STAGE:2,SEQUENCE:1342,DATA:{'time': 1723222126.096, 'source': 'VitalsTask', 'timer': 35.36, 'data': {'sensor': 'Blood Pressure', 'action': 'keypad press', 'key': 12, 'value': 23}}
INFO:root:1723222127.296664,ID:1017,STAGE:2,SEQUENCE:1342,DATA:{'time': 1723222127.289, 'source': 'VitalsTask', 'timer': 36.553, 'data': {'sensor': 'Blood Pressure', 'action': 'keypad press', 'key': 6, 'value': 236}}
INFO:root:1723222127.587779,ID:1017,STAGE:2,SEQUENCE:1342,DATA:{'time': 1723222127.582, 'source': 'VitalsTask', 'timer': 36.846, 'data': {'sensor': 'Blood Pressure', 'action': 'keypad press', 'key': 6, 'value': 2366}}
INFO:root:1723222129.534432,ID:1017,STAGE:2,SEQUENCE:1342,DATA:{'time': 1723222129.528, 'source': 'VitalsTask', 'timer': 38.792, 'data': {'sensor': 'Blood Pressure', 'action': 'keypad press', 'key': 12, 'value': 236}}
INFO:root:1723222131.363371,ID:1017,STAGE:2,SEQUENCE:1342,DATA:{'time': 1723222131.357, 'source': 'VitalsTask', 'timer': 40.621, 'data': {'sensor': 'Blood Pressure', 'action': 'keypad press', 'key': 1, 'value': 2361}}
INFO:root:1723222131.548214,ID:1017,STAGE:2,SEQUENCE:1342,DATA:{'time': 1723222131.541, 'source': 'VitalsTask', 'timer': 40.805, 'data': {'sensor': 'Blood Pressure', 'action': 'keypad press', 'key': 1, 'value': 23611}}
INFO:root:1723222132.903952,ID:1017,STAGE:2,SEQUENCE:1342,DATA:{'time': 1723222132.897, 'source': 'VitalsTask', 'timer': 42.161, 'data': {'sensor': 'Blood Pressure', 'action': 'keypad press', 'key': 12, 'value': 2361}}
INFO:root:1723222134.861019,ID:1017,STAGE:2,SEQUENCE:1342,DATA:{'time': 1723222134.855, 'source': 'VitalsTask', 'timer': 44.119, 'data': {'sensor': 'Blood Pressure', 'action': 'keypad press', 'key': 9, 'value': 23619}}
INFO:root:1723222136.522673,ID:1017,STAGE:2,SEQUENCE:1342,DATA:{'time': 1723222136.518, 'source': 'VitalsTask', 'timer': 45.782, 'data': {'sensor': 'Blood Pressure', 'action': 'keypad press', 'key': 6, 'value': 236196}}
INFO:root:Administer medication radio comm done- command to clear event  make the receive 0 sent 
INFO:root:1723222139.514556,ID:1017,STAGE:2,SEQUENCE:1342,DATA:{'time': 1723222139.507, 'source': 'VitalsTask', 'timer': 48.771, 'data': {'sensor': 'Blood Pressure', 'action': 'show action buttons'}}
INFO:root:1723222139.517547,ID:1017,STAGE:2,SEQUENCE:1342,DATA:{'time': 1723222139.508, 'source': 'VitalsTask', 'timer': 48.772, 'data': {'sensor': 'Blood Pressure', 'action': 'keypad press', 'key': 10, 'value': 236196}}
INFO:root:1723222142.021646,ID:1017,STAGE:2,SEQUENCE:1342,DATA:{'time': 1723222142.016, 'source': 'VitalsTask', 'timer': 51.28, 'data': {'sensor': 'Blood Pressure', 'action': 'log', 'data': 'action button pressed'}}
INFO:root:1723222142.022644,ID:1017,STAGE:2,SEQUENCE:1342,DATA:{'time': 1723222142.016, 'source': 'VitalsTask', 'timer': 51.28, 'data': {'sensor': 'Blood Pressure', 'action': 'log', 'data': 'starting sensor action'}}
INFO:root:1723222142.934495,ID:1017,STAGE:2,SEQUENCE:1342,DATA:{'time': 1723222142.927, 'source': 'VitalsTask', 'timer': 52.191, 'data': {'sensor': 'Blood Pressure', 'action': 'save', 'data': 'action button pressed'}}
INFO:root:1723222142.936494,ID:1017,STAGE:2,SEQUENCE:1342,DATA:{'time': 1723222142.928, 'source': 'VitalsTask', 'timer': 52.192, 'data': {'sensor': 'Blood Pressure', 'action': 'save', 'data': 'a sensor action is in progress, cancelling'}}
INFO:root:1723222143.040124,ID:1017,STAGE:2,SEQUENCE:1342,DATA:{'time': 1723222143.034, 'source': 'VitalsTask', 'timer': 52.298, 'data': {'sensor': 'Blood Pressure', 'action': 'log', 'data': 'sensor action complete'}}
INFO:root:1723222144.866177,ID:1017,STAGE:2,SEQUENCE:1342,DATA:{'time': 1723222144.859, 'source': 'VitalsTask', 'timer': 54.123, 'data': {'sensor': 'Blood Pressure', 'action': 'save', 'data': 'action button pressed'}}
INFO:root:1723222144.868171,ID:1017,STAGE:2,SEQUENCE:1342,DATA:{'time': 1723222144.859, 'source': 'VitalsTask', 'timer': 54.123, 'data': {'sensor': 'Blood Pressure', 'action': 'save', 'data': 'starting sensor action'}}
INFO:root:1723222145.881671,ID:1017,STAGE:2,SEQUENCE:1342,DATA:{'time': 1723222145.875, 'source': 'VitalsTask', 'timer': 55.139, 'data': {'sensor': 'Blood Pressure', 'action': 'save', 'data': 'sensor action complete'}}
INFO:root:1723222149.383911,ID:1017,STAGE:2,SEQUENCE:1342,DATA:{'time': 1723222149.376, 'source': 'VitalsTask', 'timer': 58.64, 'data': {'sensor': 'O\u2082 Saturation', 'action': 'opened sensor tab'}}
INFO:root:1723222150.585379,ID:1017,STAGE:2,SEQUENCE:1342,DATA:{'time': 1723222150.579, 'source': 'VitalsTask', 'timer': 59.843, 'data': {'sensor': 'O\u2082 Saturation', 'action': 'capture', 'data': 'action button pressed'}}
INFO:root:1723222150.588174,ID:1017,STAGE:2,SEQUENCE:1342,DATA:{'time': 1723222150.579, 'source': 'VitalsTask', 'timer': 59.843, 'data': {'sensor': 'O\u2082 Saturation', 'action': 'capture', 'data': 'starting sensor action'}}
INFO:root:1723222150.708202,ID:1017,STAGE:2,SEQUENCE:1342,DATA:{'time': 1723222150.698, 'source': 'VitalsTask', 'timer': 59.962, 'data': {'sensor': 'O\u2082 Saturation', 'action': 'capture', 'data': 'action button pressed'}}
INFO:root:1723222150.714206,ID:1017,STAGE:2,SEQUENCE:1342,DATA:{'time': 1723222150.698, 'source': 'VitalsTask', 'timer': 59.962, 'data': {'sensor': 'O\u2082 Saturation', 'action': 'capture', 'data': 'a sensor action is in progress, cancelling'}}
INFO:root:1723222151.601364,ID:1017,STAGE:2,SEQUENCE:1342,DATA:{'time': 1723222151.59, 'source': 'VitalsTask', 'timer': 60.854, 'data': {'sensor': 'O\u2082 Saturation', 'action': 'capture', 'data': 'sensor action complete'}}
INFO:root:1723222151.603136,ID:1017,STAGE:2,SEQUENCE:1342,DATA:{'time': 1723222151.59, 'source': 'VitalsTask', 'timer': 60.854, 'data': {'sensor': 'O\u2082 Saturation', 'action': 'keypad open'}}
INFO:root:1723222152.632419,ID:1017,STAGE:2,SEQUENCE:1342,DATA:{'time': 1723222152.627, 'source': 'VitalsTask', 'timer': 61.891, 'data': {'sensor': 'O\u2082 Saturation', 'action': 'keypad press', 'key': 1, 'value': 1}}
INFO:root:1723222152.806032,ID:1017,STAGE:2,SEQUENCE:1342,DATA:{'time': 1723222152.8, 'source': 'VitalsTask', 'timer': 62.064, 'data': {'sensor': 'O\u2082 Saturation', 'action': 'keypad press', 'key': 1, 'value': 11}}
INFO:root:1723222156.116091,ID:1017,STAGE:2,SEQUENCE:1342,DATA:{'time': 1723222156.109, 'source': 'VitalsTask', 'timer': 65.373, 'data': {'sensor': 'O\u2082 Saturation', 'action': 'keypad press', 'key': 11, 'value': 110}}
INFO:root:1723222157.372805,ID:1017,STAGE:2,SEQUENCE:1342,DATA:{'time': 1723222157.366, 'source': 'VitalsTask', 'timer': 66.63, 'data': {'sensor': 'O\u2082 Saturation', 'action': 'keypad press', 'key': 12, 'value': 11}}
INFO:root:1723222157.972751,ID:1017,STAGE:2,SEQUENCE:1342,DATA:{'time': 1723222157.965, 'source': 'VitalsTask', 'timer': 67.229, 'data': {'sensor': 'O\u2082 Saturation', 'action': 'keypad press', 'key': 12, 'value': 1}}
INFO:root:1723222158.190347,ID:1017,STAGE:2,SEQUENCE:1342,DATA:{'time': 1723222158.182, 'source': 'VitalsTask', 'timer': 67.446, 'data': {'sensor': 'O\u2082 Saturation', 'action': 'keypad press', 'key': 12, 'value': 0}}
INFO:root:1723222160.779662,ID:1017,STAGE:2,SEQUENCE:1342,DATA:{'time': 1723222160.773, 'source': 'VitalsTask', 'timer': 70.037, 'data': {'sensor': 'O\u2082 Saturation', 'action': 'keypad press', 'key': 1, 'value': 1}}
INFO:root:1723222162.003797,ID:1017,STAGE:2,SEQUENCE:1342,DATA:{'time': 1723222161.998, 'source': 'VitalsTask', 'timer': 71.262, 'data': {'sensor': 'O\u2082 Saturation', 'action': 'keypad press', 'key': 11, 'value': 10}}
INFO:root:1723222162.487587,ID:1017,STAGE:2,SEQUENCE:1342,DATA:{'time': 1723222162.481, 'source': 'VitalsTask', 'timer': 71.745, 'data': {'sensor': 'O\u2082 Saturation', 'action': 'keypad press', 'key': 11, 'value': 100}}
INFO:root:1723222164.542324,ID:1017,STAGE:2,SEQUENCE:1342,DATA:{'time': 1723222164.535, 'source': 'VitalsTask', 'timer': 73.799, 'data': {'sensor': 'O\u2082 Saturation', 'action': 'show action buttons'}}
INFO:root:1723222164.547311,ID:1017,STAGE:2,SEQUENCE:1342,DATA:{'time': 1723222164.535, 'source': 'VitalsTask', 'timer': 73.799, 'data': {'sensor': 'O\u2082 Saturation', 'action': 'keypad press', 'key': 10, 'value': 100}}
INFO:root:1723222168.098327,ID:1017,STAGE:2,SEQUENCE:1342,DATA:{'time': 1723222168.09, 'source': 'VitalsTask', 'timer': 77.354, 'data': {'sensor': 'O\u2082 Saturation', 'action': 'log', 'data': 'action button pressed'}}
INFO:root:1723222168.100327,ID:1017,STAGE:2,SEQUENCE:1342,DATA:{'time': 1723222168.091, 'source': 'VitalsTask', 'timer': 77.355, 'data': {'sensor': 'O\u2082 Saturation', 'action': 'log', 'data': 'starting sensor action'}}
INFO:root:1723222169.01376,ID:1017,STAGE:2,SEQUENCE:1342,DATA:{'time': 1723222169.008, 'source': 'VitalsTask', 'timer': 78.272, 'data': {'sensor': 'O\u2082 Saturation', 'action': 'save', 'data': 'action button pressed'}}
INFO:root:1723222169.016463,ID:1017,STAGE:2,SEQUENCE:1342,DATA:{'time': 1723222169.008, 'source': 'VitalsTask', 'timer': 78.272, 'data': {'sensor': 'O\u2082 Saturation', 'action': 'save', 'data': 'a sensor action is in progress, cancelling'}}
INFO:root:1723222169.11737,ID:1017,STAGE:2,SEQUENCE:1342,DATA:{'time': 1723222169.108, 'source': 'VitalsTask', 'timer': 78.372, 'data': {'sensor': 'O\u2082 Saturation', 'action': 'log', 'data': 'sensor action complete'}}
INFO:root:1723222172.031956,ID:1017,STAGE:2,SEQUENCE:1342,DATA:{'time': 1723222172.025, 'source': 'VitalsTask', 'timer': 81.289, 'data': {'sensor': 'O\u2082 Saturation', 'action': 'save', 'data': 'action button pressed'}}
INFO:root:1723222172.03395,ID:1017,STAGE:2,SEQUENCE:1342,DATA:{'time': 1723222172.026, 'source': 'VitalsTask', 'timer': 81.29, 'data': {'sensor': 'O\u2082 Saturation', 'action': 'save', 'data': 'starting sensor action'}}
INFO:root:1723222173.046263,ID:1017,STAGE:2,SEQUENCE:1342,DATA:{'time': 1723222173.04, 'source': 'VitalsTask', 'timer': 82.304, 'data': {'sensor': 'O\u2082 Saturation', 'action': 'save', 'data': 'sensor action complete'}}
INFO:root:1723222176.298199,ID:1017,STAGE:2,SEQUENCE:1342,DATA:{'time': 1723222176.293, 'user-id': '1017', 'source': 'HAI Interface', 'destination-index': '3', 'study-stage': '2', 'decision-state': 0, 'vitals-state': '1', 'airspace-state': 0, 'data': {'page': 'map', 'action': 'selected helipad', 'value': '21'}}
INFO:root:1723222176.519699,ID:1017,STAGE:2,SEQUENCE:1342,DATA:{'time': 1723222176.513, 'source': 'VitalsTask', 'timer': 85.777, 'data': {'sensor': 'Blood Pressure', 'action': 'opened sensor tab'}}
INFO:root:1723222183.624307,ID:1017,STAGE:2,SEQUENCE:1342,DATA:{'time': 1723222183.62, 'user-id': '1017', 'source': 'HAI Interface', 'destination-index': '3', 'study-stage': '2', 'decision-state': 0, 'vitals-state': '1', 'airspace-state': 0, 'data': {'page': 'change-altitude', 'action': 'altitude changed by participant1000'}}
INFO:root:1723222186.214426,ID:1017,STAGE:2,SEQUENCE:1342,DATA:{'time': 1723222186.209, 'user-id': '1017', 'source': 'HAI Interface', 'destination-index': '3', 'study-stage': '2', 'decision-state': 0, 'vitals-state': '0', 'airspace-state': 0, 'data': {'page': 'map', 'action': 'selected helipad', 'value': '21'}}
INFO:root:1723222194.489893,ID:1017,STAGE:2,SEQUENCE:1342,DATA:{'time': 1723222194.483, 'source': 'VitalsTask', 'timer': 103.747, 'data': {'sensor': 'Heart Rate', 'action': 'opened sensor tab'}}
INFO:root:1723222196.460744,ID:1017,STAGE:2,SEQUENCE:1342,DATA:{'time': 1723222196.453, 'source': 'VitalsTask', 'timer': 105.717, 'data': {'sensor': 'Heart Rate', 'action': 'capture', 'data': 'action button pressed'}}
INFO:root:1723222196.463249,ID:1017,STAGE:2,SEQUENCE:1342,DATA:{'time': 1723222196.453, 'source': 'VitalsTask', 'timer': 105.717, 'data': {'sensor': 'Heart Rate', 'action': 'capture', 'data': 'starting sensor action'}}
INFO:root:1723222196.538908,ID:1017,STAGE:2,SEQUENCE:1342,DATA:{'time': 1723222196.531, 'source': 'VitalsTask', 'timer': 105.795, 'data': {'sensor': 'Heart Rate', 'action': 'capture', 'data': 'action button pressed'}}
INFO:root:1723222196.540903,ID:1017,STAGE:2,SEQUENCE:1342,DATA:{'time': 1723222196.531, 'source': 'VitalsTask', 'timer': 105.795, 'data': {'sensor': 'Heart Rate', 'action': 'capture', 'data': 'a sensor action is in progress, cancelling'}}
INFO:root:1723222197.480182,ID:1017,STAGE:2,SEQUENCE:1342,DATA:{'time': 1723222197.471, 'source': 'VitalsTask', 'timer': 106.735, 'data': {'sensor': 'Heart Rate', 'action': 'capture', 'data': 'sensor action complete'}}
INFO:root:1723222197.48118,ID:1017,STAGE:2,SEQUENCE:1342,DATA:{'time': 1723222197.472, 'source': 'VitalsTask', 'timer': 106.736, 'data': {'sensor': 'Heart Rate', 'action': 'keypad open'}}
INFO:root:1723222198.987757,ID:1017,STAGE:2,SEQUENCE:1342,DATA:{'time': 1723222198.981, 'source': 'VitalsTask', 'timer': 108.245, 'data': {'sensor': 'Heart Rate', 'action': 'keypad press', 'key': 5, 'value': 5}}
INFO:root:1723222199.394371,ID:1017,STAGE:2,SEQUENCE:1342,DATA:{'time': 1723222199.387, 'source': 'VitalsTask', 'timer': 108.651, 'data': {'sensor': 'Heart Rate', 'action': 'keypad press', 'key': 5, 'value': 55}}
INFO:root:1723222200.60787,ID:1017,STAGE:2,SEQUENCE:1342,DATA:{'time': 1723222200.601, 'source': 'VitalsTask', 'timer': 109.865, 'data': {'sensor': 'Heart Rate', 'action': 'show action buttons'}}
INFO:root:1723222200.609864,ID:1017,STAGE:2,SEQUENCE:1342,DATA:{'time': 1723222200.602, 'source': 'VitalsTask', 'timer': 109.866, 'data': {'sensor': 'Heart Rate', 'action': 'keypad press', 'key': 10, 'value': 55}}
INFO:root:1723222202.047445,ID:1017,STAGE:2,SEQUENCE:1342,DATA:{'time': 1723222202.041, 'source': 'VitalsTask', 'timer': 111.305, 'data': {'sensor': 'Heart Rate', 'action': 'log', 'data': 'action button pressed'}}
INFO:root:1723222202.049439,ID:1017,STAGE:2,SEQUENCE:1342,DATA:{'time': 1723222202.041, 'source': 'VitalsTask', 'timer': 111.305, 'data': {'sensor': 'Heart Rate', 'action': 'log', 'data': 'starting sensor action'}}
INFO:root:1723222202.188474,ID:1017,STAGE:2,SEQUENCE:1342,DATA:{'time': 1723222202.182, 'source': 'VitalsTask', 'timer': 111.446, 'data': {'sensor': 'Heart Rate', 'action': 'log', 'data': 'action button pressed'}}
INFO:root:1723222202.189471,ID:1017,STAGE:2,SEQUENCE:1342,DATA:{'time': 1723222202.182, 'source': 'VitalsTask', 'timer': 111.446, 'data': {'sensor': 'Heart Rate', 'action': 'log', 'data': 'a sensor action is in progress, cancelling'}}
INFO:root:1723222203.062556,ID:1017,STAGE:2,SEQUENCE:1342,DATA:{'time': 1723222203.057, 'source': 'VitalsTask', 'timer': 112.321, 'data': {'sensor': 'Heart Rate', 'action': 'log', 'data': 'sensor action complete'}}
INFO:root:1723222203.072529,ID:1017,STAGE:2,SEQUENCE:1342,DATA:{'time': 1723222203.066, 'source': 'VitalsTask', 'timer': 112.33, 'data': {'sensor': 'Heart Rate', 'action': 'save', 'data': 'action button pressed'}}
INFO:root:1723222203.073526,ID:1017,STAGE:2,SEQUENCE:1342,DATA:{'time': 1723222203.066, 'source': 'VitalsTask', 'timer': 112.33, 'data': {'sensor': 'Heart Rate', 'action': 'save', 'data': 'starting sensor action'}}
INFO:root:1723222204.089284,ID:1017,STAGE:2,SEQUENCE:1342,DATA:{'time': 1723222204.083, 'source': 'VitalsTask', 'timer': 113.347, 'data': {'sensor': 'Heart Rate', 'action': 'save', 'data': 'sensor action complete'}}
INFO:root:1723222204.833258,ID:1017,STAGE:2,SEQUENCE:1342,DATA:{'time': 1723222204.827, 'source': 'VitalsTask', 'timer': 114.091, 'data': {'sensor': 'submit', 'action': 'submit'}}
INFO:root:1723222204.834875,ID:1017,STAGE:2,SEQUENCE:1342,DATA:{'time': 1723222204.827, 'source': 'VitalsTask', 'timer': 114.091, 'data': {'sensor': 'submit', 'action': 'submit', 'data': 'submit succeeded'}}
INFO:root:1723222223.163626,ID:1017,STAGE:2,SEQUENCE:1342,DATA:{'time': 1723222223.16, 'user-id': '1017', 'source': 'HAI Interface', 'destination-index': '3', 'study-stage': '2', 'decision-state': 0, 'vitals-state': '0', 'airspace-state': 0, 'data': {'action': 'radio panel opened'}}
INFO:root:1723222240.65656,ID:1017,STAGE:2,SEQUENCE:1342,DATA:{'time': 1723222240.652, 'user-id': '1017', 'source': 'HAI Interface', 'destination-index': '3', 'study-stage': '2', 'decision-state': 0, 'vitals-state': '0', 'airspace-state': 0, 'data': {'page': 'map', 'action': 'show map'}}
INFO:root:1723222240.658069,ID:1017,STAGE:2,SEQUENCE:1342,DATA:{'time': 1723222240.653, 'user-id': '1017', 'source': 'HAI Interface', 'destination-index': '3', 'study-stage': '2', 'decision-state': 0, 'vitals-state': '0', 'airspace-state': 0, 'data': {'page': 'map', 'action': 'selected helipad', 'value': '21'}}
INFO:root:1723222265.492231,ID:1017,STAGE:2,SEQUENCE:1342,DATA:{'time': 1723222265.488, 'user-id': 'none', 'source': 'HAI Interface', 'destination-index': 3, 'study-stage': -1, 'decision-state': 0, 'vitals-state': 0, 'airspace-state': 0, 'data': {'page': 'checklist', 'action': 'opened page', 'inflight': True}}
INFO:root:1723222266.462076,ID:1017,STAGE:2,SEQUENCE:1342,DATA:{'time': 1723222266.459, 'user-id': '1017', 'source': 'HAI Interface', 'destination-index': '3', 'study-stage': '2', 'decision-state': 0, 'vitals-state': '0', 'airspace-state': 0, 'data': {'page': 'map', 'action': 'selected helipad', 'value': '21'}}
INFO:root:1723222267.691588,ID:1017,STAGE:2,SEQUENCE:1342,DATA:{'time': 1723222267.688, 'user-id': '1017', 'source': 'HAI Interface', 'destination-index': '3', 'study-stage': '2', 'decision-state': 0, 'vitals-state': '0', 'airspace-state': 0, 'data': {'page': 'checklist', 'action': 'toggled checkbox', 'inflight': True, 'item': 0, 'value': 'OFF'}}
INFO:root:1723222268.014789,ID:1017,STAGE:2,SEQUENCE:1342,DATA:{'time': 1723222268.011, 'user-id': '1017', 'source': 'HAI Interface', 'destination-index': '3', 'study-stage': '2', 'decision-state': 0, 'vitals-state': '0', 'airspace-state': 0, 'data': {'page': 'checklist', 'action': 'toggled checkbox', 'inflight': True, 'item': 1, 'value': 'OFF'}}
INFO:root:1723222268.300667,ID:1017,STAGE:2,SEQUENCE:1342,DATA:{'time': 1723222268.298, 'user-id': '1017', 'source': 'HAI Interface', 'destination-index': '3', 'study-stage': '2', 'decision-state': 0, 'vitals-state': '0', 'airspace-state': 0, 'data': {'page': 'checklist', 'action': 'toggled checkbox', 'inflight': True, 'item': 2, 'value': 'OFF'}}
INFO:root:1723222268.301664,ID:1017,STAGE:2,SEQUENCE:1342,DATA:{'time': 1723222268.298, 'user-id': '1017', 'source': 'HAI Interface', 'destination-index': '3', 'study-stage': '2', 'decision-state': 0, 'vitals-state': '0', 'airspace-state': 0, 'data': {'page': 'checklist', 'action': 'showing confirm button', 'inflight': True}}
INFO:root:1723222268.769268,ID:1017,STAGE:2,SEQUENCE:1342,DATA:{'time': 1723222268.767, 'user-id': '1017', 'source': 'HAI Interface', 'destination-index': '3', 'study-stage': '2', 'decision-state': 0, 'vitals-state': '0', 'airspace-state': 0, 'data': {'page': 'checklist', 'action': 'confirm button clicked', 'inflight': True}}
INFO:root:1723222268.977114,ID:1017,STAGE:2,SEQUENCE:1342,DATA:{'time': 1723222268.966, 'user-id': 'none', 'source': 'HAI Interface', 'destination-index': 3, 'study-stage': -1, 'decision-state': 0, 'vitals-state': 0, 'airspace-state': 0, 'data': {'page': 'landing-confirmation', 'action': 'opened page'}}
INFO:root:1723222268.981131,ID:1017,STAGE:2,SEQUENCE:1342,DATA:{'time': 1723222268.967, 'user-id': 'none', 'source': 'HAI Interface', 'destination-index': 3, 'study-stage': -1, 'decision-state': 0, 'vitals-state': 0, 'airspace-state': 0, 'data': {'page': 'landing-confirmation', 'action': 'showing helipad confirm', 'value': 1}}
INFO:root:1723222269.763709,ID:1017,STAGE:2,SEQUENCE:1342,DATA:{'time': 1723222269.76, 'user-id': '1017', 'source': 'HAI Interface', 'destination-index': '3', 'study-stage': '2', 'decision-state': 0, 'vitals-state': '0', 'airspace-state': 0, 'data': {'page': 'landing-confirmation', 'action': 'checkbox toggle', 'item': 0, 'value': 'ON'}}
INFO:root:1723222269.950265,ID:1017,STAGE:2,SEQUENCE:1342,DATA:{'time': 1723222269.946, 'user-id': '1017', 'source': 'HAI Interface', 'destination-index': '3', 'study-stage': '2', 'decision-state': 0, 'vitals-state': '0', 'airspace-state': 0, 'data': {'page': 'map', 'action': 'selected helipad', 'value': '21'}}
INFO:root:1723222279.495939,ID:1017,STAGE:2,SEQUENCE:1342,DATA:{'time': 1723222279.491, 'user-id': '1017', 'source': 'HAI Interface', 'destination-index': '3', 'study-stage': '2', 'decision-state': 0, 'vitals-state': '0', 'airspace-state': 0, 'data': {'page': 'landing-confirmation', 'action': 'checkbox toggle', 'item': 1, 'value': 'ON'}}
INFO:root:1723222279.858273,ID:1017,STAGE:2,SEQUENCE:1342,DATA:{'time': 1723222279.855, 'user-id': '1017', 'source': 'HAI Interface', 'destination-index': '3', 'study-stage': '2', 'decision-state': 0, 'vitals-state': '0', 'airspace-state': 0, 'data': {'page': 'landing-confirmation', 'action': 'confirmed safe to land'}}
INFO:root:1723222279.859273,ID:1017,STAGE:2,SEQUENCE:1342,DATA:{'time': 1723222279.856, 'user-id': '1017', 'source': 'HAI Interface', 'destination-index': '3', 'study-stage': '2', 'decision-state': 0, 'vitals-state': '0', 'airspace-state': 0, 'data': {'page': 'landing-confirmation', 'action': 'showing helipad ready'}}
INFO:root:1723222281.257615,ID:1017,STAGE:2,SEQUENCE:1342,DATA:{'time': 1723222281.254, 'user-id': '1017', 'source': 'HAI Interface', 'destination-index': '3', 'study-stage': '2', 'decision-state': 0, 'vitals-state': '0', 'airspace-state': 0, 'data': {'page': 'landing-confirmation', 'action': 'gave landing confirmation'}}
INFO:root:1723222281.36485,ID:1017,STAGE:2,SEQUENCE:1342,DATA:{'time': 1723222281.356, 'user-id': 'none', 'source': 'HAI Interface', 'destination-index': 3, 'study-stage': -1, 'decision-state': 0, 'vitals-state': 0, 'airspace-state': 0, 'data': {'page': 'landing-countdown', 'action': 'opened page'}}
INFO:root:1723222282.340536,ID:1017,STAGE:2,SEQUENCE:1342,DATA:{'time': 1723222282.337, 'user-id': '1017', 'source': 'HAI Interface', 'destination-index': '3', 'study-stage': '2', 'decision-state': '1', 'vitals-state': '0', 'airspace-state': 0, 'data': {'page': 'map', 'action': 'selected helipad', 'value': '21'}}
INFO:root:1723222282.364029,ID:1017,STAGE:2,SEQUENCE:1342,DATA:{'time': 1723222282.36, 'user-id': '1017', 'source': 'HAI Interface', 'destination-index': '3', 'study-stage': '2', 'decision-state': '1', 'vitals-state': '0', 'airspace-state': 0, 'data': {'page': 'landing-countdown', 'action': 'countdown changed', 'value': 5}}
INFO:root:1723222283.364354,ID:1017,STAGE:2,SEQUENCE:1342,DATA:{'time': 1723222283.362, 'user-id': '1017', 'source': 'HAI Interface', 'destination-index': '3', 'study-stage': '2', 'decision-state': '1', 'vitals-state': '0', 'airspace-state': 0, 'data': {'page': 'landing-countdown', 'action': 'countdown changed', 'value': 4}}
INFO:root:1723222284.364949,ID:1017,STAGE:2,SEQUENCE:1342,DATA:{'time': 1723222284.361, 'user-id': '1017', 'source': 'HAI Interface', 'destination-index': '3', 'study-stage': '2', 'decision-state': '1', 'vitals-state': '0', 'airspace-state': 0, 'data': {'page': 'landing-countdown', 'action': 'countdown changed', 'value': 3}}
INFO:root:1723222285.36525,ID:1017,STAGE:2,SEQUENCE:1342,DATA:{'time': 1723222285.361, 'user-id': '1017', 'source': 'HAI Interface', 'destination-index': '3', 'study-stage': '2', 'decision-state': '1', 'vitals-state': '0', 'airspace-state': 0, 'data': {'page': 'landing-countdown', 'action': 'countdown changed', 'value': 2}}
INFO:root:1723222286.360573,ID:1017,STAGE:2,SEQUENCE:1342,DATA:{'time': 1723222286.358, 'user-id': '1017', 'source': 'HAI Interface', 'destination-index': '3', 'study-stage': '2', 'decision-state': '1', 'vitals-state': '0', 'airspace-state': 0, 'data': {'page': 'landing-countdown', 'action': 'countdown changed', 'value': 1}}
INFO:root:1723222287.365413,ID:1017,STAGE:2,SEQUENCE:1342,DATA:{'time': 1723222287.362, 'user-id': '1017', 'source': 'HAI Interface', 'destination-index': '3', 'study-stage': '2', 'decision-state': '1', 'vitals-state': '0', 'airspace-state': 0, 'data': {'page': 'landing-countdown', 'action': 'countdown changed', 'value': 0}}
INFO:root:1723222288.364205,ID:1017,STAGE:2,SEQUENCE:1342,DATA:{'time': 1723222288.361, 'user-id': '1017', 'source': 'HAI Interface', 'destination-index': '3', 'study-stage': '2', 'decision-state': '1', 'vitals-state': '0', 'airspace-state': 0, 'data': {'page': 'landing-countdown', 'action': 'countdown complete'}}
INFO:root:1723222288.460956,ID:1017,STAGE:2,SEQUENCE:1342,DATA:{'time': 1723222288.457, 'user-id': 'none', 'source': 'HAI Interface', 'destination-index': 3, 'study-stage': -1, 'decision-state': 0, 'vitals-state': 0, 'airspace-state': 0, 'data': {'page': 'landed', 'action': 'opened page'}}
INFO:root:1723222289.430196,ID:1017,STAGE:2,SEQUENCE:1342,DATA:{'time': 1723222289.427, 'user-id': '1017', 'source': 'HAI Interface', 'destination-index': '3', 'study-stage': '2', 'decision-state': '1', 'vitals-state': '0', 'airspace-state': 0, 'data': {'page': 'map', 'action': 'selected helipad', 'value': '21'}}
INFO:SimConnect.SimConnect:SIM Paused
