INFO:root:1722954058.940845,ID:1013,STAGE:2,SEQUENCE:1324,DATA:{'time': 1722954058.938, 'user-id': '1013', 'source': 'HAI Interface', 'destination-index': 'None', 'study-stage': '2', 'decision-state': 0, 'vitals-state': 0, 'airspace-state': 0, 'data': {'page': 'index', 'action': 'confirm button pressed'}}
INFO:root:1722954059.059154,ID:1013,STAGE:2,SEQUENCE:1324,DATA:{'time': 1722954059.054, 'user-id': 'none', 'source': 'HAI Interface', 'destination-index': 3, 'study-stage': -1, 'decision-state': 0, 'vitals-state': 0, 'airspace-state': 0, 'data': {'page': 'location', 'action': 'opened page'}}
INFO:root:Takeoff radiocomms initiated
INFO:comtypes.client._code_cache:Imported existing <module 'comtypes.gen' from 'C:\\Users\\ae-dagbeyibor3\\AppData\\Local\\Programs\\Python\\Python312\\Lib\\site-packages\\comtypes\\gen\\__init__.py'>
INFO:comtypes.client._code_cache:Using writeable comtypes cache directory: 'C:\Users\ae-dagbeyibor3\AppData\Local\Programs\Python\Python312\Lib\site-packages\comtypes\gen'
INFO:root:1722954060.022136,ID:1013,STAGE:2,SEQUENCE:1324,DATA:{'time': 1722954060.017, 'user-id': '1013', 'source': 'HAI Interface', 'destination-index': 'None', 'study-stage': '2', 'decision-state': 0, 'vitals-state': 0, 'airspace-state': 0, 'data': {'page': 'map', 'action': 'selected helipad', 'value': '21'}}
INFO:root:1722954063.094681,ID:1013,STAGE:2,SEQUENCE:1324,DATA:{'time': 1722954063.091, 'user-id': '1013', 'source': 'HAI Interface', 'destination-index': 'None', 'study-stage': '2', 'decision-state': 0, 'vitals-state': 0, 'airspace-state': 0, 'data': {'page': 'location', 'action': 'confirm button pressed'}}
INFO:root:1722954063.332617,ID:1013,STAGE:2,SEQUENCE:1324,DATA:{'time': 1722954063.326, 'user-id': 'none', 'source': 'HAI Interface', 'destination-index': 3, 'study-stage': -1, 'decision-state': 0, 'vitals-state': 0, 'airspace-state': 0, 'data': {'page': 'checklist', 'action': 'opened page', 'inflight': False}}
INFO:root:1722954064.288215,ID:1013,STAGE:2,SEQUENCE:1324,DATA:{'time': 1722954064.285, 'user-id': '1013', 'source': 'HAI Interface', 'destination-index': '3', 'study-stage': '2', 'decision-state': 0, 'vitals-state': 0, 'airspace-state': 0, 'data': {'page': 'map', 'action': 'selected helipad', 'value': '21'}}
INFO:root:1722954064.83977,ID:1013,STAGE:2,SEQUENCE:1324,DATA:{'time': 1722954064.836, 'user-id': '1013', 'source': 'HAI Interface', 'destination-index': '3', 'study-stage': '2', 'decision-state': 0, 'vitals-state': 0, 'airspace-state': 0, 'data': {'page': 'checklist', 'action': 'toggled checkbox', 'inflight': False, 'item': 0, 'value': 'OFF'}}
INFO:root:1722954066.214069,ID:1013,STAGE:2,SEQUENCE:1324,DATA:{'time': 1722954066.211, 'user-id': '1013', 'source': 'HAI Interface', 'destination-index': '3', 'study-stage': '2', 'decision-state': 0, 'vitals-state': 0, 'airspace-state': 0, 'data': {'page': 'checklist', 'action': 'toggled checkbox', 'inflight': False, 'item': 1, 'value': 'OFF'}}
INFO:root:Takeoff radiocomms clear request sent
INFO:root:1722954079.110384,ID:1013,STAGE:2,SEQUENCE:1324,DATA:{'time': 1722954079.106, 'user-id': '1013', 'source': 'HAI Interface', 'destination-index': '3', 'study-stage': '2', 'decision-state': 0, 'vitals-state': 0, 'airspace-state': 0, 'data': {'page': 'checklist', 'action': 'toggled checkbox', 'inflight': False, 'item': 2, 'value': 'OFF'}}
INFO:root:1722954079.112377,ID:1013,STAGE:2,SEQUENCE:1324,DATA:{'time': 1722954079.106, 'user-id': '1013', 'source': 'HAI Interface', 'destination-index': '3', 'study-stage': '2', 'decision-state': 0, 'vitals-state': 0, 'airspace-state': 0, 'data': {'page': 'checklist', 'action': 'showing confirm button', 'inflight': False}}
INFO:root:1722954079.640188,ID:1013,STAGE:2,SEQUENCE:1324,DATA:{'time': 1722954079.636, 'user-id': '1013', 'source': 'HAI Interface', 'destination-index': '3', 'study-stage': '2', 'decision-state': 0, 'vitals-state': 0, 'airspace-state': 0, 'data': {'page': 'checklist', 'action': 'confirm button clicked', 'inflight': False}}
INFO:root:1722954079.746965,ID:1013,STAGE:2,SEQUENCE:1324,DATA:{'time': 1722954079.732, 'user-id': 'none', 'source': 'HAI Interface', 'destination-index': 3, 'study-stage': -1, 'decision-state': 0, 'vitals-state': 0, 'airspace-state': 0, 'data': {'page': 'countdown', 'action': 'opened page'}}
INFO:root:1722954080.705231,ID:1013,STAGE:2,SEQUENCE:1324,DATA:{'time': 1722954080.701, 'user-id': '1013', 'source': 'HAI Interface', 'destination-index': '3', 'study-stage': '2', 'decision-state': 0, 'vitals-state': 0, 'airspace-state': 0, 'data': {'page': 'map', 'action': 'selected helipad', 'value': '21'}}
INFO:root:1722954080.75196,ID:1013,STAGE:2,SEQUENCE:1324,DATA:{'time': 1722954080.747, 'user-id': '1013', 'source': 'HAI Interface', 'destination-index': '3', 'study-stage': '2', 'decision-state': 0, 'vitals-state': 0, 'airspace-state': 0, 'data': {'page': 'countdown', 'action': 'countdown now 4'}}
INFO:root:1722954081.754147,ID:1013,STAGE:2,SEQUENCE:1324,DATA:{'time': 1722954081.748, 'user-id': '1013', 'source': 'HAI Interface', 'destination-index': '3', 'study-stage': '2', 'decision-state': 0, 'vitals-state': 0, 'airspace-state': 0, 'data': {'page': 'countdown', 'action': 'countdown now 3'}}
INFO:root:1722954082.742953,ID:1013,STAGE:2,SEQUENCE:1324,DATA:{'time': 1722954082.739, 'user-id': '1013', 'source': 'HAI Interface', 'destination-index': '3', 'study-stage': '2', 'decision-state': 0, 'vitals-state': 0, 'airspace-state': 0, 'data': {'page': 'countdown', 'action': 'countdown now 2'}}
INFO:root:1722954083.746537,ID:1013,STAGE:2,SEQUENCE:1324,DATA:{'time': 1722954083.742, 'user-id': '1013', 'source': 'HAI Interface', 'destination-index': '3', 'study-stage': '2', 'decision-state': 0, 'vitals-state': 0, 'airspace-state': 0, 'data': {'page': 'countdown', 'action': 'countdown now 1'}}
INFO:root:1722954084.749013,ID:1013,STAGE:2,SEQUENCE:1324,DATA:{'time': 1722954084.745, 'user-id': '1013', 'source': 'HAI Interface', 'destination-index': '3', 'study-stage': '2', 'decision-state': 0, 'vitals-state': 0, 'airspace-state': 0, 'data': {'page': 'countdown', 'action': 'countdown now 0'}}
INFO:root:1722954085.738726,ID:1013,STAGE:2,SEQUENCE:1324,DATA:{'time': 1722954085.735, 'user-id': '1013', 'source': 'HAI Interface', 'destination-index': '3', 'study-stage': '2', 'decision-state': 0, 'vitals-state': 0, 'airspace-state': 0, 'data': {'page': 'countdown', 'action': 'countdown complete'}}
INFO:root:1722954088.034111,ID:1013,STAGE:2,SEQUENCE:1324,DATA:{'time': 1722954088.031, 'user-id': '1013', 'source': 'HAI Interface', 'destination-index': '3', 'study-stage': '2', 'decision-state': 0, 'vitals-state': 0, 'airspace-state': 0, 'data': {'page': 'map', 'action': 'selected helipad', 'value': '21'}}
INFO:root:1722954089.342976,ID:1013,STAGE:2,SEQUENCE:1324,DATA:{'time': 1722954089.337, 'user-id': '1013', 'source': 'HAI Interface', 'destination-index': '3', 'study-stage': '2', 'decision-state': 0, 'vitals-state': 0, 'airspace-state': 0, 'data': {'action': 'radio panel opened'}}
INFO:root:Inflight Radio Update asked
INFO:root:sent request to set radio update complete
INFO:root:1722954095.01403,ID:1013,STAGE:2,SEQUENCE:1324,DATA:{'time': 1722954095.008, 'user-id': '1013', 'source': 'HAI Interface', 'destination-index': '3', 'study-stage': '2', 'decision-state': 0, 'vitals-state': 0, 'airspace-state': 0, 'data': {'action': 'transmit button pressed'}}
INFO:root:1722954095.015934,ID:1013,STAGE:2,SEQUENCE:1324,DATA:{'time': 1722954095.009, 'user-id': '1013', 'source': 'HAI Interface', 'destination-index': '3', 'study-stage': '2', 'decision-state': 0, 'vitals-state': 0, 'airspace-state': 0, 'data': {'action': 'callsign set to: + '}}
INFO:root:1722954101.93469,ID:1013,STAGE:2,SEQUENCE:1324,DATA:{'time': 1722954101.93, 'user-id': '1013', 'source': 'HAI Interface', 'destination-index': '3', 'study-stage': '2', 'decision-state': 0, 'vitals-state': 0, 'airspace-state': 0, 'data': {'action': 'transmit button pressed'}}
INFO:root:1722954101.93868,ID:1013,STAGE:2,SEQUENCE:1324,DATA:{'time': 1722954101.931, 'user-id': '1013', 'source': 'HAI Interface', 'destination-index': '3', 'study-stage': '2', 'decision-state': 0, 'vitals-state': 0, 'airspace-state': 0, 'data': {'action': 'callsign set to: + NASXGS'}}
INFO:root:1722954101.939677,ID:1013,STAGE:2,SEQUENCE:1324,DATA:{'time': 1722954101.931, 'user-id': '1013', 'source': 'HAI Interface', 'destination-index': '3', 'study-stage': '2', 'decision-state': 0, 'vitals-state': 0, 'airspace-state': 0, 'data': {'action': 'radio set to:Comm1'}}
INFO:root:1722954101.942349,ID:1013,STAGE:2,SEQUENCE:1324,DATA:{'time': 1722954101.931, 'user-id': '1013', 'source': 'HAI Interface', 'destination-index': '3', 'study-stage': '2', 'decision-state': 0, 'vitals-state': 0, 'airspace-state': 0, 'data': {'page': 'map', 'action': 'show map'}}
INFO:root:1722954101.946339,ID:1013,STAGE:2,SEQUENCE:1324,DATA:{'time': 1722954101.932, 'user-id': '1013', 'source': 'HAI Interface', 'destination-index': '3', 'study-stage': '2', 'decision-state': 0, 'vitals-state': 0, 'airspace-state': 0, 'data': {'page': 'map', 'action': 'selected helipad', 'value': '21'}}
INFO:root:1722954101.953832,ID:1013,STAGE:2,SEQUENCE:1324,DATA:{'time': 1722954101.937, 'user-id': '1013', 'source': 'HAI Interface', 'destination-index': '3', 'study-stage': '2', 'decision-state': 0, 'vitals-state': 0, 'airspace-state': 0, 'data': {'action': 'NASXGStransmitting updates onComm1123.45 MHz'}}
INFO:root:1722954112.903797,ID:1013,STAGE:2,SEQUENCE:1324,DATA:{'time': 1722954112.898, 'user-id': '1013', 'source': 'HAI Interface', 'destination-index': '3', 'study-stage': '2', 'decision-state': 0, 'vitals-state': 0, 'airspace-state': 0, 'data': {'page': 'map', 'action': 'hide map'}}
INFO:root:1722954116.903894,ID:1013,STAGE:2,SEQUENCE:1324,DATA:{'time': 1722954116.886, 'source': 'VitalsTask', 'timer': 90.079, 'data': {'sensor': 'Heart Rate', 'action': 'capture', 'data': 'action button pressed'}}
INFO:root:1722954116.90489,ID:1013,STAGE:2,SEQUENCE:1324,DATA:{'time': 1722954116.886, 'source': 'VitalsTask', 'timer': 90.079, 'data': {'sensor': 'Heart Rate', 'action': 'capture', 'data': 'starting sensor action'}}
INFO:root:1722954117.913527,ID:1013,STAGE:2,SEQUENCE:1324,DATA:{'time': 1722954117.906, 'source': 'VitalsTask', 'timer': 91.099, 'data': {'sensor': 'Heart Rate', 'action': 'capture', 'data': 'sensor action complete'}}
INFO:root:1722954117.915526,ID:1013,STAGE:2,SEQUENCE:1324,DATA:{'time': 1722954117.906, 'source': 'VitalsTask', 'timer': 91.099, 'data': {'sensor': 'Heart Rate', 'action': 'keypad open'}}
INFO:root:1722954139.488188,ID:1013,STAGE:2,SEQUENCE:1324,DATA:{'time': 1722954139.484, 'user-id': '1013', 'source': 'HAI Interface', 'destination-index': '3', 'study-stage': '2', 'decision-state': 0, 'vitals-state': 0, 'airspace-state': 0, 'data': {'page': 'inflight', 'action': 'displaying vitals prompt'}}
INFO:root:1722954141.682394,ID:1013,STAGE:2,SEQUENCE:1324,DATA:{'time': 1722954141.675, 'source': 'VitalsTask', 'timer': 114.868, 'data': {'sensor': 'Heart Rate', 'action': 'keypad press', 'key': 5, 'value': 5}}
INFO:root:1722954141.826676,ID:1013,STAGE:2,SEQUENCE:1324,DATA:{'time': 1722954141.818, 'source': 'VitalsTask', 'timer': 115.011, 'data': {'sensor': 'Heart Rate', 'action': 'keypad press', 'key': 5, 'value': 55}}
INFO:root:1722954143.850278,ID:1013,STAGE:2,SEQUENCE:1324,DATA:{'time': 1722954143.84, 'source': 'VitalsTask', 'timer': 117.033, 'data': {'sensor': 'Heart Rate', 'action': 'show action buttons'}}
INFO:root:1722954143.85478,ID:1013,STAGE:2,SEQUENCE:1324,DATA:{'time': 1722954143.84, 'source': 'VitalsTask', 'timer': 117.033, 'data': {'sensor': 'Heart Rate', 'action': 'keypad press', 'key': 10, 'value': 55}}
INFO:root:1722954144.894376,ID:1013,STAGE:2,SEQUENCE:1324,DATA:{'time': 1722954144.887, 'source': 'VitalsTask', 'timer': 118.08, 'data': {'sensor': 'Heart Rate', 'action': 'log', 'data': 'action button pressed'}}
INFO:root:1722954144.896368,ID:1013,STAGE:2,SEQUENCE:1324,DATA:{'time': 1722954144.887, 'source': 'VitalsTask', 'timer': 118.08, 'data': {'sensor': 'Heart Rate', 'action': 'log', 'data': 'starting sensor action'}}
INFO:root:1722954145.421497,ID:1013,STAGE:2,SEQUENCE:1324,DATA:{'time': 1722954145.411, 'source': 'VitalsTask', 'timer': 118.604, 'data': {'sensor': 'Heart Rate', 'action': 'save', 'data': 'action button pressed'}}
INFO:root:1722954145.425995,ID:1013,STAGE:2,SEQUENCE:1324,DATA:{'time': 1722954145.411, 'source': 'VitalsTask', 'timer': 118.604, 'data': {'sensor': 'Heart Rate', 'action': 'save', 'data': 'a sensor action is in progress, cancelling'}}
INFO:root:1722954145.910526,ID:1013,STAGE:2,SEQUENCE:1324,DATA:{'time': 1722954145.902, 'source': 'VitalsTask', 'timer': 119.095, 'data': {'sensor': 'Heart Rate', 'action': 'log', 'data': 'sensor action complete'}}
INFO:root:1722954147.310468,ID:1013,STAGE:2,SEQUENCE:1324,DATA:{'time': 1722954147.301, 'source': 'VitalsTask', 'timer': 120.494, 'data': {'sensor': 'Heart Rate', 'action': 'save', 'data': 'action button pressed'}}
INFO:root:1722954147.311468,ID:1013,STAGE:2,SEQUENCE:1324,DATA:{'time': 1722954147.301, 'source': 'VitalsTask', 'timer': 120.494, 'data': {'sensor': 'Heart Rate', 'action': 'save', 'data': 'starting sensor action'}}
INFO:root:1722954148.323288,ID:1013,STAGE:2,SEQUENCE:1324,DATA:{'time': 1722954148.315, 'source': 'VitalsTask', 'timer': 121.508, 'data': {'sensor': 'Heart Rate', 'action': 'save', 'data': 'sensor action complete'}}
INFO:root:1722954148.801896,ID:1013,STAGE:2,SEQUENCE:1324,DATA:{'time': 1722954148.794, 'source': 'VitalsTask', 'timer': 121.987, 'data': {'sensor': 'O\u2082 Saturation', 'action': 'opened sensor tab'}}
INFO:root:1722954151.532436,ID:1013,STAGE:2,SEQUENCE:1324,DATA:{'time': 1722954151.525, 'source': 'VitalsTask', 'timer': 124.718, 'data': {'sensor': 'O\u2082 Saturation', 'action': 'capture', 'data': 'action button pressed'}}
INFO:root:1722954151.533437,ID:1013,STAGE:2,SEQUENCE:1324,DATA:{'time': 1722954151.525, 'source': 'VitalsTask', 'timer': 124.718, 'data': {'sensor': 'O\u2082 Saturation', 'action': 'capture', 'data': 'starting sensor action'}}
INFO:root:1722954152.544002,ID:1013,STAGE:2,SEQUENCE:1324,DATA:{'time': 1722954152.536, 'source': 'VitalsTask', 'timer': 125.729, 'data': {'sensor': 'O\u2082 Saturation', 'action': 'capture', 'data': 'sensor action complete'}}
INFO:root:1722954152.546993,ID:1013,STAGE:2,SEQUENCE:1324,DATA:{'time': 1722954152.536, 'source': 'VitalsTask', 'timer': 125.729, 'data': {'sensor': 'O\u2082 Saturation', 'action': 'keypad open'}}
INFO:root:1722954153.361022,ID:1013,STAGE:2,SEQUENCE:1324,DATA:{'time': 1722954153.35, 'source': 'VitalsTask', 'timer': 126.543, 'data': {'sensor': 'O\u2082 Saturation', 'action': 'keypad press', 'key': 1, 'value': 1}}
INFO:root:1722954154.541789,ID:1013,STAGE:2,SEQUENCE:1324,DATA:{'time': 1722954154.534, 'source': 'VitalsTask', 'timer': 127.727, 'data': {'sensor': 'O\u2082 Saturation', 'action': 'keypad press', 'key': 11, 'value': 10}}
INFO:root:1722954154.71333,ID:1013,STAGE:2,SEQUENCE:1324,DATA:{'time': 1722954154.704, 'source': 'VitalsTask', 'timer': 127.897, 'data': {'sensor': 'O\u2082 Saturation', 'action': 'keypad press', 'key': 11, 'value': 100}}
INFO:root:1722954155.390204,ID:1013,STAGE:2,SEQUENCE:1324,DATA:{'time': 1722954155.382, 'source': 'VitalsTask', 'timer': 128.575, 'data': {'sensor': 'O\u2082 Saturation', 'action': 'show action buttons'}}
INFO:root:1722954155.394193,ID:1013,STAGE:2,SEQUENCE:1324,DATA:{'time': 1722954155.382, 'source': 'VitalsTask', 'timer': 128.575, 'data': {'sensor': 'O\u2082 Saturation', 'action': 'keypad press', 'key': 10, 'value': 100}}
INFO:root:1722954156.454553,ID:1013,STAGE:2,SEQUENCE:1324,DATA:{'time': 1722954156.447, 'source': 'VitalsTask', 'timer': 129.64, 'data': {'sensor': 'O\u2082 Saturation', 'action': 'log', 'data': 'action button pressed'}}
INFO:root:1722954156.455551,ID:1013,STAGE:2,SEQUENCE:1324,DATA:{'time': 1722954156.447, 'source': 'VitalsTask', 'timer': 129.64, 'data': {'sensor': 'O\u2082 Saturation', 'action': 'log', 'data': 'starting sensor action'}}
INFO:root:1722954157.474362,ID:1013,STAGE:2,SEQUENCE:1324,DATA:{'time': 1722954157.464, 'source': 'VitalsTask', 'timer': 130.657, 'data': {'sensor': 'O\u2082 Saturation', 'action': 'log', 'data': 'sensor action complete'}}
INFO:root:1722954158.717014,ID:1013,STAGE:2,SEQUENCE:1324,DATA:{'time': 1722954158.708, 'source': 'VitalsTask', 'timer': 131.901, 'data': {'sensor': 'O\u2082 Saturation', 'action': 'save', 'data': 'action button pressed'}}
INFO:root:1722954158.719014,ID:1013,STAGE:2,SEQUENCE:1324,DATA:{'time': 1722954158.708, 'source': 'VitalsTask', 'timer': 131.901, 'data': {'sensor': 'O\u2082 Saturation', 'action': 'save', 'data': 'starting sensor action'}}
INFO:root:1722954159.7277,ID:1013,STAGE:2,SEQUENCE:1324,DATA:{'time': 1722954159.72, 'source': 'VitalsTask', 'timer': 132.913, 'data': {'sensor': 'O\u2082 Saturation', 'action': 'save', 'data': 'sensor action complete'}}
INFO:root:1722954160.150584,ID:1013,STAGE:2,SEQUENCE:1324,DATA:{'time': 1722954160.142, 'source': 'VitalsTask', 'timer': 133.335, 'data': {'sensor': 'Blood Pressure', 'action': 'opened sensor tab'}}
INFO:root:1722954161.658649,ID:1013,STAGE:2,SEQUENCE:1324,DATA:{'time': 1722954161.65, 'source': 'VitalsTask', 'timer': 134.843, 'data': {'sensor': 'Blood Pressure', 'action': 'capture', 'data': 'action button pressed'}}
INFO:root:1722954161.663709,ID:1013,STAGE:2,SEQUENCE:1324,DATA:{'time': 1722954161.651, 'source': 'VitalsTask', 'timer': 134.844, 'data': {'sensor': 'Blood Pressure', 'action': 'capture', 'data': 'starting sensor action'}}
INFO:root:1722954162.670618,ID:1013,STAGE:2,SEQUENCE:1324,DATA:{'time': 1722954162.661, 'source': 'VitalsTask', 'timer': 135.854, 'data': {'sensor': 'Blood Pressure', 'action': 'capture', 'data': 'sensor action complete'}}
INFO:root:1722954162.671614,ID:1013,STAGE:2,SEQUENCE:1324,DATA:{'time': 1722954162.662, 'source': 'VitalsTask', 'timer': 135.855, 'data': {'sensor': 'Blood Pressure', 'action': 'keypad open'}}
INFO:root:1722954163.303257,ID:1013,STAGE:2,SEQUENCE:1324,DATA:{'time': 1722954163.295, 'source': 'VitalsTask', 'timer': 136.488, 'data': {'sensor': 'Blood Pressure', 'action': 'keypad press', 'key': 1, 'value': 1}}
INFO:root:1722954163.914048,ID:1013,STAGE:2,SEQUENCE:1324,DATA:{'time': 1722954163.907, 'source': 'VitalsTask', 'timer': 137.1, 'data': {'sensor': 'Blood Pressure', 'action': 'keypad press', 'key': 2, 'value': 12}}
INFO:root:1722954164.970624,ID:1013,STAGE:2,SEQUENCE:1324,DATA:{'time': 1722954164.962, 'source': 'VitalsTask', 'timer': 138.155, 'data': {'sensor': 'Blood Pressure', 'action': 'keypad press', 'key': 11, 'value': 120}}
INFO:root:1722954166.105033,ID:1013,STAGE:2,SEQUENCE:1324,DATA:{'time': 1722954166.093, 'source': 'VitalsTask', 'timer': 139.286, 'data': {'sensor': 'Blood Pressure', 'action': 'keypad press', 'key': 8, 'value': 1208}}
INFO:root:1722954166.742358,ID:1013,STAGE:2,SEQUENCE:1324,DATA:{'time': 1722954166.735, 'source': 'VitalsTask', 'timer': 139.928, 'data': {'sensor': 'Blood Pressure', 'action': 'keypad press', 'key': 11, 'value': 12080}}
INFO:root:1722954168.022206,ID:1013,STAGE:2,SEQUENCE:1324,DATA:{'time': 1722954168.014, 'source': 'VitalsTask', 'timer': 141.207, 'data': {'sensor': 'Blood Pressure', 'action': 'show action buttons'}}
INFO:root:1722954168.024146,ID:1013,STAGE:2,SEQUENCE:1324,DATA:{'time': 1722954168.014, 'source': 'VitalsTask', 'timer': 141.207, 'data': {'sensor': 'Blood Pressure', 'action': 'keypad press', 'key': 10, 'value': 12080}}
INFO:root:1722954169.058796,ID:1013,STAGE:2,SEQUENCE:1324,DATA:{'time': 1722954169.051, 'source': 'VitalsTask', 'timer': 142.244, 'data': {'sensor': 'Blood Pressure', 'action': 'log', 'data': 'action button pressed'}}
INFO:root:1722954169.060795,ID:1013,STAGE:2,SEQUENCE:1324,DATA:{'time': 1722954169.051, 'source': 'VitalsTask', 'timer': 142.244, 'data': {'sensor': 'Blood Pressure', 'action': 'log', 'data': 'starting sensor action'}}
INFO:root:1722954170.077001,ID:1013,STAGE:2,SEQUENCE:1324,DATA:{'time': 1722954170.068, 'source': 'VitalsTask', 'timer': 143.261, 'data': {'sensor': 'Blood Pressure', 'action': 'log', 'data': 'sensor action complete'}}
INFO:root:1722954170.983426,ID:1013,STAGE:2,SEQUENCE:1324,DATA:{'time': 1722954170.974, 'source': 'VitalsTask', 'timer': 144.167, 'data': {'sensor': 'Blood Pressure', 'action': 'save', 'data': 'action button pressed'}}
INFO:root:1722954170.985421,ID:1013,STAGE:2,SEQUENCE:1324,DATA:{'time': 1722954170.975, 'source': 'VitalsTask', 'timer': 144.168, 'data': {'sensor': 'Blood Pressure', 'action': 'save', 'data': 'starting sensor action'}}
INFO:root:1722954171.995971,ID:1013,STAGE:2,SEQUENCE:1324,DATA:{'time': 1722954171.988, 'source': 'VitalsTask', 'timer': 145.181, 'data': {'sensor': 'Blood Pressure', 'action': 'save', 'data': 'sensor action complete'}}
INFO:root:1722954172.72728,ID:1013,STAGE:2,SEQUENCE:1324,DATA:{'time': 1722954172.718, 'source': 'VitalsTask', 'timer': 145.911, 'data': {'sensor': 'submit', 'action': 'submit'}}
INFO:root:1722954172.729273,ID:1013,STAGE:2,SEQUENCE:1324,DATA:{'time': 1722954172.719, 'source': 'VitalsTask', 'timer': 145.912, 'data': {'sensor': 'submit', 'action': 'submit', 'data': 'submit succeeded'}}
INFO:root:1722954173.292511,ID:1013,STAGE:2,SEQUENCE:1324,DATA:{'time': 1722954173.288, 'user-id': '1013', 'source': 'HAI Interface', 'destination-index': '3', 'study-stage': '2', 'decision-state': 0, 'vitals-state': 0, 'airspace-state': 0, 'data': {'page': 'inflight', 'action': 'user acknowledged vitals prompt'}}
INFO:root:1722954190.019209,ID:1013,STAGE:2,SEQUENCE:1324,DATA:{'time': 1722954190.013, 'user-id': '1013', 'source': 'HAI Interface', 'destination-index': '3', 'study-stage': '2', 'decision-state': 0, 'vitals-state': 0, 'airspace-state': 0, 'data': {'action': 'transmit button pressed'}}
INFO:root:1722954190.02619,ID:1013,STAGE:2,SEQUENCE:1324,DATA:{'time': 1722954190.014, 'user-id': '1013', 'source': 'HAI Interface', 'destination-index': '3', 'study-stage': '2', 'decision-state': 0, 'vitals-state': 0, 'airspace-state': 0, 'data': {'action': 'callsign set to: + NASXGS'}}
INFO:root:1722954190.027187,ID:1013,STAGE:2,SEQUENCE:1324,DATA:{'time': 1722954190.014, 'user-id': '1013', 'source': 'HAI Interface', 'destination-index': '3', 'study-stage': '2', 'decision-state': 0, 'vitals-state': 0, 'airspace-state': 0, 'data': {'action': 'radio set to:Comm1'}}
INFO:root:1722954190.028184,ID:1013,STAGE:2,SEQUENCE:1324,DATA:{'time': 1722954190.014, 'user-id': '1013', 'source': 'HAI Interface', 'destination-index': '3', 'study-stage': '2', 'decision-state': 0, 'vitals-state': 0, 'airspace-state': 0, 'data': {'page': 'map', 'action': 'show map'}}
INFO:root:1722954190.034679,ID:1013,STAGE:2,SEQUENCE:1324,DATA:{'time': 1722954190.015, 'user-id': '1013', 'source': 'HAI Interface', 'destination-index': '3', 'study-stage': '2', 'decision-state': 0, 'vitals-state': 0, 'airspace-state': 0, 'data': {'page': 'map', 'action': 'selected helipad', 'value': '21'}}
INFO:root:1722954190.037671,ID:1013,STAGE:2,SEQUENCE:1324,DATA:{'time': 1722954190.019, 'user-id': '1013', 'source': 'HAI Interface', 'destination-index': '3', 'study-stage': '2', 'decision-state': 0, 'vitals-state': 0, 'airspace-state': 0, 'data': {'action': 'NASXGStransmitting updates onComm1123.45 MHz'}}
INFO:root:Inflight Radio Update asked
INFO:root:sent request to set radio update complete
INFO:root:1722954201.67644,ID:1013,STAGE:2,SEQUENCE:1324,DATA:{'time': 1722954201.669, 'user-id': '1013', 'source': 'HAI Interface', 'destination-index': '3', 'study-stage': '2', 'decision-state': 0, 'vitals-state': 0, 'airspace-state': 0, 'data': {'page': 'map', 'action': 'hide map'}}
INFO:root:1722954237.486708,ID:1013,STAGE:2,SEQUENCE:1324,DATA:{'time': 1722954237.482, 'user-id': '1013', 'source': 'HAI Interface', 'destination-index': '3', 'study-stage': '2', 'decision-state': 0, 'vitals-state': 0, 'airspace-state': 0, 'data': {'page': 'inflight', 'action': 'displaying vitals prompt'}}
INFO:root:1722954242.472343,ID:1013,STAGE:2,SEQUENCE:1324,DATA:{'time': 1722954242.462, 'source': 'VitalsTask', 'timer': 69.743, 'data': {'sensor': 'Heart Rate', 'action': 'opened sensor tab'}}
INFO:root:1722954243.556034,ID:1013,STAGE:2,SEQUENCE:1324,DATA:{'time': 1722954243.547, 'source': 'VitalsTask', 'timer': 70.828, 'data': {'sensor': 'Heart Rate', 'action': 'capture', 'data': 'action button pressed'}}
INFO:root:1722954243.55803,ID:1013,STAGE:2,SEQUENCE:1324,DATA:{'time': 1722954243.548, 'source': 'VitalsTask', 'timer': 70.829, 'data': {'sensor': 'Heart Rate', 'action': 'capture', 'data': 'starting sensor action'}}
INFO:root:1722954244.573924,ID:1013,STAGE:2,SEQUENCE:1324,DATA:{'time': 1722954244.566, 'source': 'VitalsTask', 'timer': 71.847, 'data': {'sensor': 'Heart Rate', 'action': 'capture', 'data': 'sensor action complete'}}
INFO:root:1722954244.576916,ID:1013,STAGE:2,SEQUENCE:1324,DATA:{'time': 1722954244.566, 'source': 'VitalsTask', 'timer': 71.847, 'data': {'sensor': 'Heart Rate', 'action': 'keypad open'}}
INFO:root:1722954245.054736,ID:1013,STAGE:2,SEQUENCE:1324,DATA:{'time': 1722954245.046, 'source': 'VitalsTask', 'timer': 72.327, 'data': {'sensor': 'Heart Rate', 'action': 'keypad press', 'key': 5, 'value': 5}}
INFO:root:1722954245.200891,ID:1013,STAGE:2,SEQUENCE:1324,DATA:{'time': 1722954245.191, 'source': 'VitalsTask', 'timer': 72.472, 'data': {'sensor': 'Heart Rate', 'action': 'keypad press', 'key': 5, 'value': 55}}
INFO:root:1722954246.069472,ID:1013,STAGE:2,SEQUENCE:1324,DATA:{'time': 1722954246.06, 'source': 'VitalsTask', 'timer': 73.341, 'data': {'sensor': 'Heart Rate', 'action': 'show action buttons'}}
INFO:root:1722954246.071473,ID:1013,STAGE:2,SEQUENCE:1324,DATA:{'time': 1722954246.061, 'source': 'VitalsTask', 'timer': 73.342, 'data': {'sensor': 'Heart Rate', 'action': 'keypad press', 'key': 10, 'value': 55}}
INFO:root:1722954246.943777,ID:1013,STAGE:2,SEQUENCE:1324,DATA:{'time': 1722954246.936, 'source': 'VitalsTask', 'timer': 74.217, 'data': {'sensor': 'Heart Rate', 'action': 'log', 'data': 'action button pressed'}}
INFO:root:1722954246.945776,ID:1013,STAGE:2,SEQUENCE:1324,DATA:{'time': 1722954246.936, 'source': 'VitalsTask', 'timer': 74.217, 'data': {'sensor': 'Heart Rate', 'action': 'log', 'data': 'starting sensor action'}}
INFO:root:1722954247.964737,ID:1013,STAGE:2,SEQUENCE:1324,DATA:{'time': 1722954247.957, 'source': 'VitalsTask', 'timer': 75.238, 'data': {'sensor': 'Heart Rate', 'action': 'log', 'data': 'sensor action complete'}}
INFO:root:1722954248.35647,ID:1013,STAGE:2,SEQUENCE:1324,DATA:{'time': 1722954248.348, 'source': 'VitalsTask', 'timer': 75.629, 'data': {'sensor': 'Heart Rate', 'action': 'save', 'data': 'action button pressed'}}
INFO:root:1722954248.358064,ID:1013,STAGE:2,SEQUENCE:1324,DATA:{'time': 1722954248.348, 'source': 'VitalsTask', 'timer': 75.629, 'data': {'sensor': 'Heart Rate', 'action': 'save', 'data': 'starting sensor action'}}
INFO:root:1722954249.374862,ID:1013,STAGE:2,SEQUENCE:1324,DATA:{'time': 1722954249.367, 'source': 'VitalsTask', 'timer': 76.648, 'data': {'sensor': 'Heart Rate', 'action': 'save', 'data': 'sensor action complete'}}
INFO:root:1722954250.121637,ID:1013,STAGE:2,SEQUENCE:1324,DATA:{'time': 1722954250.113, 'source': 'VitalsTask', 'timer': 77.394, 'data': {'sensor': 'O\u2082 Saturation', 'action': 'opened sensor tab'}}
INFO:root:1722954251.062464,ID:1013,STAGE:2,SEQUENCE:1324,DATA:{'time': 1722954251.055, 'source': 'VitalsTask', 'timer': 78.336, 'data': {'sensor': 'O\u2082 Saturation', 'action': 'capture', 'data': 'action button pressed'}}
INFO:root:1722954251.066455,ID:1013,STAGE:2,SEQUENCE:1324,DATA:{'time': 1722954251.055, 'source': 'VitalsTask', 'timer': 78.336, 'data': {'sensor': 'O\u2082 Saturation', 'action': 'capture', 'data': 'starting sensor action'}}
INFO:root:1722954252.077206,ID:1013,STAGE:2,SEQUENCE:1324,DATA:{'time': 1722954252.068, 'source': 'VitalsTask', 'timer': 79.349, 'data': {'sensor': 'O\u2082 Saturation', 'action': 'capture', 'data': 'sensor action complete'}}
INFO:root:1722954252.079727,ID:1013,STAGE:2,SEQUENCE:1324,DATA:{'time': 1722954252.068, 'source': 'VitalsTask', 'timer': 79.349, 'data': {'sensor': 'O\u2082 Saturation', 'action': 'keypad open'}}
INFO:root:1722954252.662136,ID:1013,STAGE:2,SEQUENCE:1324,DATA:{'time': 1722954252.653, 'source': 'VitalsTask', 'timer': 79.934, 'data': {'sensor': 'O\u2082 Saturation', 'action': 'keypad press', 'key': 1, 'value': 1}}
INFO:root:1722954253.8137,ID:1013,STAGE:2,SEQUENCE:1324,DATA:{'time': 1722954253.806, 'source': 'VitalsTask', 'timer': 81.087, 'data': {'sensor': 'O\u2082 Saturation', 'action': 'keypad press', 'key': 11, 'value': 10}}
INFO:root:1722954253.973995,ID:1013,STAGE:2,SEQUENCE:1324,DATA:{'time': 1722954253.966, 'source': 'VitalsTask', 'timer': 81.247, 'data': {'sensor': 'O\u2082 Saturation', 'action': 'keypad press', 'key': 11, 'value': 100}}
INFO:root:1722954254.53141,ID:1013,STAGE:2,SEQUENCE:1324,DATA:{'time': 1722954254.523, 'source': 'VitalsTask', 'timer': 81.804, 'data': {'sensor': 'O\u2082 Saturation', 'action': 'show action buttons'}}
INFO:root:1722954254.533405,ID:1013,STAGE:2,SEQUENCE:1324,DATA:{'time': 1722954254.523, 'source': 'VitalsTask', 'timer': 81.804, 'data': {'sensor': 'O\u2082 Saturation', 'action': 'keypad press', 'key': 10, 'value': 100}}
INFO:root:1722954255.722925,ID:1013,STAGE:2,SEQUENCE:1324,DATA:{'time': 1722954255.714, 'source': 'VitalsTask', 'timer': 82.995, 'data': {'sensor': 'O\u2082 Saturation', 'action': 'log', 'data': 'action button pressed'}}
INFO:root:1722954255.724506,ID:1013,STAGE:2,SEQUENCE:1324,DATA:{'time': 1722954255.714, 'source': 'VitalsTask', 'timer': 82.995, 'data': {'sensor': 'O\u2082 Saturation', 'action': 'log', 'data': 'starting sensor action'}}
INFO:root:1722954256.736765,ID:1013,STAGE:2,SEQUENCE:1324,DATA:{'time': 1722954256.728, 'source': 'VitalsTask', 'timer': 84.009, 'data': {'sensor': 'O\u2082 Saturation', 'action': 'log', 'data': 'sensor action complete'}}
INFO:root:1722954257.254631,ID:1013,STAGE:2,SEQUENCE:1324,DATA:{'time': 1722954257.246, 'source': 'VitalsTask', 'timer': 84.527, 'data': {'sensor': 'O\u2082 Saturation', 'action': 'save', 'data': 'action button pressed'}}
INFO:root:1722954257.255628,ID:1013,STAGE:2,SEQUENCE:1324,DATA:{'time': 1722954257.246, 'source': 'VitalsTask', 'timer': 84.527, 'data': {'sensor': 'O\u2082 Saturation', 'action': 'save', 'data': 'starting sensor action'}}
INFO:root:1722954258.275466,ID:1013,STAGE:2,SEQUENCE:1324,DATA:{'time': 1722954258.264, 'source': 'VitalsTask', 'timer': 85.545, 'data': {'sensor': 'O\u2082 Saturation', 'action': 'save', 'data': 'sensor action complete'}}
INFO:root:1722954258.704516,ID:1013,STAGE:2,SEQUENCE:1324,DATA:{'time': 1722954258.696, 'source': 'VitalsTask', 'timer': 85.977, 'data': {'sensor': 'Blood Pressure', 'action': 'opened sensor tab'}}
INFO:root:1722954259.605642,ID:1013,STAGE:2,SEQUENCE:1324,DATA:{'time': 1722954259.598, 'source': 'VitalsTask', 'timer': 86.879, 'data': {'sensor': 'Blood Pressure', 'action': 'capture', 'data': 'action button pressed'}}
INFO:root:1722954259.607636,ID:1013,STAGE:2,SEQUENCE:1324,DATA:{'time': 1722954259.598, 'source': 'VitalsTask', 'timer': 86.879, 'data': {'sensor': 'Blood Pressure', 'action': 'capture', 'data': 'starting sensor action'}}
INFO:root:1722954260.621783,ID:1013,STAGE:2,SEQUENCE:1324,DATA:{'time': 1722954260.612, 'source': 'VitalsTask', 'timer': 87.893, 'data': {'sensor': 'Blood Pressure', 'action': 'capture', 'data': 'sensor action complete'}}
INFO:root:1722954260.62584,ID:1013,STAGE:2,SEQUENCE:1324,DATA:{'time': 1722954260.613, 'source': 'VitalsTask', 'timer': 87.894, 'data': {'sensor': 'Blood Pressure', 'action': 'keypad open'}}
INFO:root:1722954261.148232,ID:1013,STAGE:2,SEQUENCE:1324,DATA:{'time': 1722954261.139, 'source': 'VitalsTask', 'timer': 88.42, 'data': {'sensor': 'Blood Pressure', 'action': 'keypad press', 'key': 1, 'value': 1}}
INFO:root:1722954261.225088,ID:1013,STAGE:2,SEQUENCE:1324,DATA:{'time': 1722954261.217, 'source': 'VitalsTask', 'timer': 88.498, 'data': {'sensor': 'Blood Pressure', 'action': 'keypad press', 'key': 1, 'value': 11}}
INFO:root:1722954262.985816,ID:1013,STAGE:2,SEQUENCE:1324,DATA:{'time': 1722954262.977, 'source': 'VitalsTask', 'timer': 90.258, 'data': {'sensor': 'Blood Pressure', 'action': 'keypad press', 'key': 12, 'value': 1}}
INFO:root:1722954263.921056,ID:1013,STAGE:2,SEQUENCE:1324,DATA:{'time': 1722954263.912, 'source': 'VitalsTask', 'timer': 91.193, 'data': {'sensor': 'Blood Pressure', 'action': 'keypad press', 'key': 2, 'value': 12}}
INFO:root:1722954264.896991,ID:1013,STAGE:2,SEQUENCE:1324,DATA:{'time': 1722954264.887, 'source': 'VitalsTask', 'timer': 92.168, 'data': {'sensor': 'Blood Pressure', 'action': 'keypad press', 'key': 11, 'value': 120}}
INFO:root:1722954265.497216,ID:1013,STAGE:2,SEQUENCE:1324,DATA:{'time': 1722954265.49, 'source': 'VitalsTask', 'timer': 92.771, 'data': {'sensor': 'Blood Pressure', 'action': 'keypad press', 'key': 8, 'value': 1208}}
INFO:root:1722954266.029878,ID:1013,STAGE:2,SEQUENCE:1324,DATA:{'time': 1722954266.022, 'source': 'VitalsTask', 'timer': 93.303, 'data': {'sensor': 'Blood Pressure', 'action': 'keypad press', 'key': 11, 'value': 12080}}
INFO:root:1722954267.072256,ID:1013,STAGE:2,SEQUENCE:1324,DATA:{'time': 1722954267.062, 'source': 'VitalsTask', 'timer': 94.343, 'data': {'sensor': 'Blood Pressure', 'action': 'show action buttons'}}
INFO:root:1722954267.076245,ID:1013,STAGE:2,SEQUENCE:1324,DATA:{'time': 1722954267.062, 'source': 'VitalsTask', 'timer': 94.343, 'data': {'sensor': 'Blood Pressure', 'action': 'keypad press', 'key': 10, 'value': 12080}}
INFO:root:1722954268.939896,ID:1013,STAGE:2,SEQUENCE:1324,DATA:{'time': 1722954268.93, 'source': 'VitalsTask', 'timer': 96.211, 'data': {'sensor': 'Blood Pressure', 'action': 'log', 'data': 'action button pressed'}}
INFO:root:1722954268.941892,ID:1013,STAGE:2,SEQUENCE:1324,DATA:{'time': 1722954268.93, 'source': 'VitalsTask', 'timer': 96.211, 'data': {'sensor': 'Blood Pressure', 'action': 'log', 'data': 'starting sensor action'}}
INFO:root:1722954269.95003,ID:1013,STAGE:2,SEQUENCE:1324,DATA:{'time': 1722954269.94, 'source': 'VitalsTask', 'timer': 97.221, 'data': {'sensor': 'Blood Pressure', 'action': 'log', 'data': 'sensor action complete'}}
INFO:root:1722954270.355153,ID:1013,STAGE:2,SEQUENCE:1324,DATA:{'time': 1722954270.345, 'source': 'VitalsTask', 'timer': 97.626, 'data': {'sensor': 'Blood Pressure', 'action': 'save', 'data': 'action button pressed'}}
INFO:root:1722954270.357149,ID:1013,STAGE:2,SEQUENCE:1324,DATA:{'time': 1722954270.346, 'source': 'VitalsTask', 'timer': 97.627, 'data': {'sensor': 'Blood Pressure', 'action': 'save', 'data': 'starting sensor action'}}
INFO:root:1722954271.3755,ID:1013,STAGE:2,SEQUENCE:1324,DATA:{'time': 1722954271.365, 'source': 'VitalsTask', 'timer': 98.646, 'data': {'sensor': 'Blood Pressure', 'action': 'save', 'data': 'sensor action complete'}}
INFO:root:1722954272.179748,ID:1013,STAGE:2,SEQUENCE:1324,DATA:{'time': 1722954272.17, 'source': 'VitalsTask', 'timer': 99.451, 'data': {'sensor': 'submit', 'action': 'submit'}}
INFO:root:1722954272.181744,ID:1013,STAGE:2,SEQUENCE:1324,DATA:{'time': 1722954272.17, 'source': 'VitalsTask', 'timer': 99.451, 'data': {'sensor': 'submit', 'action': 'submit', 'data': 'submit succeeded'}}
INFO:root:1722954273.435032,ID:1013,STAGE:2,SEQUENCE:1324,DATA:{'time': 1722954273.431, 'user-id': '1013', 'source': 'HAI Interface', 'destination-index': '3', 'study-stage': '2', 'decision-state': 0, 'vitals-state': 0, 'airspace-state': 0, 'data': {'page': 'inflight', 'action': 'user acknowledged vitals prompt'}}
INFO:root:1722954287.798794,ID:1013,STAGE:2,SEQUENCE:1324,DATA:{'time': 1722954287.793, 'user-id': '1013', 'source': 'HAI Interface', 'destination-index': '3', 'study-stage': '2', 'decision-state': 0, 'vitals-state': 0, 'airspace-state': 0, 'data': {'action': 'transmit button pressed'}}
INFO:root:1722954287.800789,ID:1013,STAGE:2,SEQUENCE:1324,DATA:{'time': 1722954287.793, 'user-id': '1013', 'source': 'HAI Interface', 'destination-index': '3', 'study-stage': '2', 'decision-state': 0, 'vitals-state': 0, 'airspace-state': 0, 'data': {'action': 'callsign set to: + NASXGS'}}
INFO:root:1722954287.803291,ID:1013,STAGE:2,SEQUENCE:1324,DATA:{'time': 1722954287.793, 'user-id': '1013', 'source': 'HAI Interface', 'destination-index': '3', 'study-stage': '2', 'decision-state': 0, 'vitals-state': 0, 'airspace-state': 0, 'data': {'action': 'radio set to:Comm1'}}
INFO:root:1722954287.80928,ID:1013,STAGE:2,SEQUENCE:1324,DATA:{'time': 1722954287.794, 'user-id': '1013', 'source': 'HAI Interface', 'destination-index': '3', 'study-stage': '2', 'decision-state': 0, 'vitals-state': 0, 'airspace-state': 0, 'data': {'page': 'map', 'action': 'show map'}}
INFO:root:1722954287.812782,ID:1013,STAGE:2,SEQUENCE:1324,DATA:{'time': 1722954287.794, 'user-id': '1013', 'source': 'HAI Interface', 'destination-index': '3', 'study-stage': '2', 'decision-state': 0, 'vitals-state': 0, 'airspace-state': 0, 'data': {'page': 'map', 'action': 'selected helipad', 'value': '21'}}
INFO:root:1722954287.816286,ID:1013,STAGE:2,SEQUENCE:1324,DATA:{'time': 1722954287.798, 'user-id': '1013', 'source': 'HAI Interface', 'destination-index': '3', 'study-stage': '2', 'decision-state': 0, 'vitals-state': 0, 'airspace-state': 0, 'data': {'action': 'NASXGStransmitting updates onComm1123.45 MHz'}}
INFO:root:Inflight Radio Update asked
INFO:root:sent request to set radio update complete
INFO:root:1722954298.937914,ID:1013,STAGE:2,SEQUENCE:1324,DATA:{'time': 1722954298.932, 'user-id': '1013', 'source': 'HAI Interface', 'destination-index': '3', 'study-stage': '2', 'decision-state': 0, 'vitals-state': 0, 'airspace-state': 0, 'data': {'page': 'map', 'action': 'hide map'}}
INFO:root:1722954335.836156,ID:1013,STAGE:2,SEQUENCE:1324,DATA:{'time': 1722954335.833, 'user-id': '1013', 'source': 'HAI Interface', 'destination-index': '3', 'study-stage': '2', 'decision-state': 0, 'vitals-state': 0, 'airspace-state': 0, 'data': {'page': 'inflight', 'action': 'displaying vitals prompt'}}
INFO:root:1722954340.09188,ID:1013,STAGE:2,SEQUENCE:1324,DATA:{'time': 1722954340.083, 'source': 'VitalsTask', 'timer': 67.911, 'data': {'sensor': 'Heart Rate', 'action': 'opened sensor tab'}}
INFO:root:1722954340.807298,ID:1013,STAGE:2,SEQUENCE:1324,DATA:{'time': 1722954340.799, 'source': 'VitalsTask', 'timer': 68.627, 'data': {'sensor': 'Heart Rate', 'action': 'capture', 'data': 'action button pressed'}}
INFO:root:1722954340.808294,ID:1013,STAGE:2,SEQUENCE:1324,DATA:{'time': 1722954340.799, 'source': 'VitalsTask', 'timer': 68.627, 'data': {'sensor': 'Heart Rate', 'action': 'capture', 'data': 'starting sensor action'}}
INFO:root:1722954341.824036,ID:1013,STAGE:2,SEQUENCE:1324,DATA:{'time': 1722954341.816, 'source': 'VitalsTask', 'timer': 69.644, 'data': {'sensor': 'Heart Rate', 'action': 'capture', 'data': 'sensor action complete'}}
INFO:root:1722954341.826029,ID:1013,STAGE:2,SEQUENCE:1324,DATA:{'time': 1722954341.817, 'source': 'VitalsTask', 'timer': 69.645, 'data': {'sensor': 'Heart Rate', 'action': 'keypad open'}}
INFO:root:1722954342.394921,ID:1013,STAGE:2,SEQUENCE:1324,DATA:{'time': 1722954342.387, 'source': 'VitalsTask', 'timer': 70.215, 'data': {'sensor': 'Heart Rate', 'action': 'keypad press', 'key': 5, 'value': 5}}
INFO:root:1722954342.56008,ID:1013,STAGE:2,SEQUENCE:1324,DATA:{'time': 1722954342.55, 'source': 'VitalsTask', 'timer': 70.378, 'data': {'sensor': 'Heart Rate', 'action': 'keypad press', 'key': 5, 'value': 55}}
INFO:root:1722954343.433912,ID:1013,STAGE:2,SEQUENCE:1324,DATA:{'time': 1722954343.426, 'source': 'VitalsTask', 'timer': 71.254, 'data': {'sensor': 'Heart Rate', 'action': 'show action buttons'}}
INFO:root:1722954343.434906,ID:1013,STAGE:2,SEQUENCE:1324,DATA:{'time': 1722954343.426, 'source': 'VitalsTask', 'timer': 71.254, 'data': {'sensor': 'Heart Rate', 'action': 'keypad press', 'key': 10, 'value': 55}}
INFO:root:1722954345.11053,ID:1013,STAGE:2,SEQUENCE:1324,DATA:{'time': 1722954345.101, 'source': 'VitalsTask', 'timer': 72.929, 'data': {'sensor': 'Heart Rate', 'action': 'log', 'data': 'action button pressed'}}
INFO:root:1722954345.114045,ID:1013,STAGE:2,SEQUENCE:1324,DATA:{'time': 1722954345.101, 'source': 'VitalsTask', 'timer': 72.929, 'data': {'sensor': 'Heart Rate', 'action': 'log', 'data': 'starting sensor action'}}
INFO:root:1722954346.12619,ID:1013,STAGE:2,SEQUENCE:1324,DATA:{'time': 1722954346.115, 'source': 'VitalsTask', 'timer': 73.943, 'data': {'sensor': 'Heart Rate', 'action': 'log', 'data': 'sensor action complete'}}
INFO:root:1722954346.572172,ID:1013,STAGE:2,SEQUENCE:1324,DATA:{'time': 1722954346.563, 'source': 'VitalsTask', 'timer': 74.391, 'data': {'sensor': 'Heart Rate', 'action': 'save', 'data': 'action button pressed'}}
INFO:root:1722954346.574167,ID:1013,STAGE:2,SEQUENCE:1324,DATA:{'time': 1722954346.564, 'source': 'VitalsTask', 'timer': 74.392, 'data': {'sensor': 'Heart Rate', 'action': 'save', 'data': 'starting sensor action'}}
INFO:root:1722954347.58934,ID:1013,STAGE:2,SEQUENCE:1324,DATA:{'time': 1722954347.581, 'source': 'VitalsTask', 'timer': 75.409, 'data': {'sensor': 'Heart Rate', 'action': 'save', 'data': 'sensor action complete'}}
INFO:root:1722954348.013208,ID:1013,STAGE:2,SEQUENCE:1324,DATA:{'time': 1722954348.005, 'source': 'VitalsTask', 'timer': 75.833, 'data': {'sensor': 'O\u2082 Saturation', 'action': 'opened sensor tab'}}
INFO:root:1722954348.788604,ID:1013,STAGE:2,SEQUENCE:1324,DATA:{'time': 1722954348.779, 'source': 'VitalsTask', 'timer': 76.607, 'data': {'sensor': 'O\u2082 Saturation', 'action': 'capture', 'data': 'action button pressed'}}
INFO:root:1722954348.79111,ID:1013,STAGE:2,SEQUENCE:1324,DATA:{'time': 1722954348.78, 'source': 'VitalsTask', 'timer': 76.608, 'data': {'sensor': 'O\u2082 Saturation', 'action': 'capture', 'data': 'starting sensor action'}}
INFO:root:1722954349.808657,ID:1013,STAGE:2,SEQUENCE:1324,DATA:{'time': 1722954349.795, 'source': 'VitalsTask', 'timer': 77.623, 'data': {'sensor': 'O\u2082 Saturation', 'action': 'capture', 'data': 'sensor action complete'}}
INFO:root:1722954349.811247,ID:1013,STAGE:2,SEQUENCE:1324,DATA:{'time': 1722954349.795, 'source': 'VitalsTask', 'timer': 77.623, 'data': {'sensor': 'O\u2082 Saturation', 'action': 'keypad open'}}
INFO:root:1722954351.147451,ID:1013,STAGE:2,SEQUENCE:1324,DATA:{'time': 1722954351.14, 'source': 'VitalsTask', 'timer': 78.968, 'data': {'sensor': 'O\u2082 Saturation', 'action': 'keypad press', 'key': 1, 'value': 1}}
INFO:root:1722954352.140622,ID:1013,STAGE:2,SEQUENCE:1324,DATA:{'time': 1722954352.131, 'source': 'VitalsTask', 'timer': 79.959, 'data': {'sensor': 'O\u2082 Saturation', 'action': 'keypad press', 'key': 11, 'value': 10}}
INFO:root:1722954352.340317,ID:1013,STAGE:2,SEQUENCE:1324,DATA:{'time': 1722954352.331, 'source': 'VitalsTask', 'timer': 80.159, 'data': {'sensor': 'O\u2082 Saturation', 'action': 'keypad press', 'key': 11, 'value': 100}}
INFO:root:1722954354.060492,ID:1013,STAGE:2,SEQUENCE:1324,DATA:{'time': 1722954354.051, 'source': 'VitalsTask', 'timer': 81.879, 'data': {'sensor': 'O\u2082 Saturation', 'action': 'show action buttons'}}
INFO:root:1722954354.062228,ID:1013,STAGE:2,SEQUENCE:1324,DATA:{'time': 1722954354.052, 'source': 'VitalsTask', 'timer': 81.88, 'data': {'sensor': 'O\u2082 Saturation', 'action': 'keypad press', 'key': 10, 'value': 100}}
INFO:root:1722954355.005761,ID:1013,STAGE:2,SEQUENCE:1324,DATA:{'time': 1722954354.998, 'source': 'VitalsTask', 'timer': 82.826, 'data': {'sensor': 'O\u2082 Saturation', 'action': 'log', 'data': 'action button pressed'}}
INFO:root:1722954355.00776,ID:1013,STAGE:2,SEQUENCE:1324,DATA:{'time': 1722954354.998, 'source': 'VitalsTask', 'timer': 82.826, 'data': {'sensor': 'O\u2082 Saturation', 'action': 'log', 'data': 'starting sensor action'}}
INFO:root:1722954356.022906,ID:1013,STAGE:2,SEQUENCE:1324,DATA:{'time': 1722954356.015, 'source': 'VitalsTask', 'timer': 83.843, 'data': {'sensor': 'O\u2082 Saturation', 'action': 'log', 'data': 'sensor action complete'}}
INFO:root:1722954356.413298,ID:1013,STAGE:2,SEQUENCE:1324,DATA:{'time': 1722954356.404, 'source': 'VitalsTask', 'timer': 84.232, 'data': {'sensor': 'O\u2082 Saturation', 'action': 'save', 'data': 'action button pressed'}}
INFO:root:1722954356.416289,ID:1013,STAGE:2,SEQUENCE:1324,DATA:{'time': 1722954356.404, 'source': 'VitalsTask', 'timer': 84.232, 'data': {'sensor': 'O\u2082 Saturation', 'action': 'save', 'data': 'starting sensor action'}}
INFO:root:1722954357.425049,ID:1013,STAGE:2,SEQUENCE:1324,DATA:{'time': 1722954357.418, 'source': 'VitalsTask', 'timer': 85.246, 'data': {'sensor': 'O\u2082 Saturation', 'action': 'save', 'data': 'sensor action complete'}}
INFO:root:1722954357.834705,ID:1013,STAGE:2,SEQUENCE:1324,DATA:{'time': 1722954357.827, 'source': 'VitalsTask', 'timer': 85.655, 'data': {'sensor': 'Blood Pressure', 'action': 'opened sensor tab'}}
INFO:root:1722954358.564267,ID:1013,STAGE:2,SEQUENCE:1324,DATA:{'time': 1722954358.556, 'source': 'VitalsTask', 'timer': 86.384, 'data': {'sensor': 'Blood Pressure', 'action': 'capture', 'data': 'action button pressed'}}
INFO:root:1722954358.566261,ID:1013,STAGE:2,SEQUENCE:1324,DATA:{'time': 1722954358.556, 'source': 'VitalsTask', 'timer': 86.384, 'data': {'sensor': 'Blood Pressure', 'action': 'capture', 'data': 'starting sensor action'}}
INFO:root:1722954359.577667,ID:1013,STAGE:2,SEQUENCE:1324,DATA:{'time': 1722954359.569, 'source': 'VitalsTask', 'timer': 87.397, 'data': {'sensor': 'Blood Pressure', 'action': 'capture', 'data': 'sensor action complete'}}
INFO:root:1722954359.578662,ID:1013,STAGE:2,SEQUENCE:1324,DATA:{'time': 1722954359.57, 'source': 'VitalsTask', 'timer': 87.398, 'data': {'sensor': 'Blood Pressure', 'action': 'keypad open'}}
INFO:root:1722954360.347569,ID:1013,STAGE:2,SEQUENCE:1324,DATA:{'time': 1722954360.338, 'source': 'VitalsTask', 'timer': 88.166, 'data': {'sensor': 'Blood Pressure', 'action': 'keypad press', 'key': 1, 'value': 1}}
INFO:root:1722954361.239566,ID:1013,STAGE:2,SEQUENCE:1324,DATA:{'time': 1722954361.231, 'source': 'VitalsTask', 'timer': 89.059, 'data': {'sensor': 'Blood Pressure', 'action': 'keypad press', 'key': 2, 'value': 12}}
INFO:root:1722954362.01717,ID:1013,STAGE:2,SEQUENCE:1324,DATA:{'time': 1722954362.006, 'source': 'VitalsTask', 'timer': 89.834, 'data': {'sensor': 'Blood Pressure', 'action': 'keypad press', 'key': 11, 'value': 120}}
INFO:root:1722954363.02752,ID:1013,STAGE:2,SEQUENCE:1324,DATA:{'time': 1722954363.019, 'source': 'VitalsTask', 'timer': 90.847, 'data': {'sensor': 'Blood Pressure', 'action': 'keypad press', 'key': 8, 'value': 1208}}
INFO:root:1722954364.405582,ID:1013,STAGE:2,SEQUENCE:1324,DATA:{'time': 1722954364.397, 'source': 'VitalsTask', 'timer': 92.225, 'data': {'sensor': 'Blood Pressure', 'action': 'keypad press', 'key': 11, 'value': 12080}}
INFO:root:1722954364.955591,ID:1013,STAGE:2,SEQUENCE:1324,DATA:{'time': 1722954364.947, 'source': 'VitalsTask', 'timer': 92.775, 'data': {'sensor': 'Blood Pressure', 'action': 'show action buttons'}}
INFO:root:1722954364.95758,ID:1013,STAGE:2,SEQUENCE:1324,DATA:{'time': 1722954364.947, 'source': 'VitalsTask', 'timer': 92.775, 'data': {'sensor': 'Blood Pressure', 'action': 'keypad press', 'key': 10, 'value': 12080}}
INFO:root:1722954366.18514,ID:1013,STAGE:2,SEQUENCE:1324,DATA:{'time': 1722954366.177, 'source': 'VitalsTask', 'timer': 94.005, 'data': {'sensor': 'Blood Pressure', 'action': 'log', 'data': 'action button pressed'}}
INFO:root:1722954366.18664,ID:1013,STAGE:2,SEQUENCE:1324,DATA:{'time': 1722954366.177, 'source': 'VitalsTask', 'timer': 94.005, 'data': {'sensor': 'Blood Pressure', 'action': 'log', 'data': 'starting sensor action'}}
INFO:root:1722954367.20457,ID:1013,STAGE:2,SEQUENCE:1324,DATA:{'time': 1722954367.197, 'source': 'VitalsTask', 'timer': 95.025, 'data': {'sensor': 'Blood Pressure', 'action': 'log', 'data': 'sensor action complete'}}
INFO:root:1722954367.483488,ID:1013,STAGE:2,SEQUENCE:1324,DATA:{'time': 1722954367.476, 'source': 'VitalsTask', 'timer': 95.304, 'data': {'sensor': 'Blood Pressure', 'action': 'save', 'data': 'action button pressed'}}
INFO:root:1722954367.485482,ID:1013,STAGE:2,SEQUENCE:1324,DATA:{'time': 1722954367.476, 'source': 'VitalsTask', 'timer': 95.304, 'data': {'sensor': 'Blood Pressure', 'action': 'save', 'data': 'starting sensor action'}}
INFO:root:1722954368.493993,ID:1013,STAGE:2,SEQUENCE:1324,DATA:{'time': 1722954368.486, 'source': 'VitalsTask', 'timer': 96.314, 'data': {'sensor': 'Blood Pressure', 'action': 'save', 'data': 'sensor action complete'}}
INFO:root:1722954369.781344,ID:1013,STAGE:2,SEQUENCE:1324,DATA:{'time': 1722954369.772, 'source': 'VitalsTask', 'timer': 97.6, 'data': {'sensor': 'submit', 'action': 'submit'}}
INFO:root:1722954369.78363,ID:1013,STAGE:2,SEQUENCE:1324,DATA:{'time': 1722954369.772, 'source': 'VitalsTask', 'timer': 97.6, 'data': {'sensor': 'submit', 'action': 'submit', 'data': 'submit succeeded'}}
INFO:root:1722954370.660441,ID:1013,STAGE:2,SEQUENCE:1324,DATA:{'time': 1722954370.656, 'user-id': '1013', 'source': 'HAI Interface', 'destination-index': '3', 'study-stage': '2', 'decision-state': 0, 'vitals-state': 0, 'airspace-state': 0, 'data': {'page': 'inflight', 'action': 'user acknowledged vitals prompt'}}
INFO:root:1722954384.867007,ID:1013,STAGE:2,SEQUENCE:1324,DATA:{'time': 1722954384.86, 'user-id': '1013', 'source': 'HAI Interface', 'destination-index': '3', 'study-stage': '2', 'decision-state': 0, 'vitals-state': '1', 'airspace-state': 0, 'data': {'action': 'transmit button pressed'}}
INFO:root:1722954384.869,ID:1013,STAGE:2,SEQUENCE:1324,DATA:{'time': 1722954384.861, 'user-id': '1013', 'source': 'HAI Interface', 'destination-index': '3', 'study-stage': '2', 'decision-state': 0, 'vitals-state': '1', 'airspace-state': 0, 'data': {'action': 'callsign set to: + NASXGS'}}
INFO:root:1722954384.873499,ID:1013,STAGE:2,SEQUENCE:1324,DATA:{'time': 1722954384.861, 'user-id': '1013', 'source': 'HAI Interface', 'destination-index': '3', 'study-stage': '2', 'decision-state': 0, 'vitals-state': '1', 'airspace-state': 0, 'data': {'action': 'radio set to:Comm1'}}
INFO:root:1722954384.877489,ID:1013,STAGE:2,SEQUENCE:1324,DATA:{'time': 1722954384.861, 'user-id': '1013', 'source': 'HAI Interface', 'destination-index': '3', 'study-stage': '2', 'decision-state': 0, 'vitals-state': '1', 'airspace-state': 0, 'data': {'page': 'map', 'action': 'show map'}}
INFO:root:1722954384.883473,ID:1013,STAGE:2,SEQUENCE:1324,DATA:{'time': 1722954384.862, 'user-id': '1013', 'source': 'HAI Interface', 'destination-index': '3', 'study-stage': '2', 'decision-state': 0, 'vitals-state': '1', 'airspace-state': 0, 'data': {'page': 'map', 'action': 'selected helipad', 'value': '21'}}
INFO:root:1722954384.887462,ID:1013,STAGE:2,SEQUENCE:1324,DATA:{'time': 1722954384.866, 'user-id': '1013', 'source': 'HAI Interface', 'destination-index': '3', 'study-stage': '2', 'decision-state': 0, 'vitals-state': '1', 'airspace-state': 0, 'data': {'action': 'NASXGStransmitting updates onComm1123.45 MHz'}}
INFO:root:Inflight Radio Update asked
INFO:root:sent request to set radio update complete
INFO:root:1722954406.331867,ID:1013,STAGE:2,SEQUENCE:1324,DATA:{'time': 1722954406.326, 'user-id': '1013', 'source': 'HAI Interface', 'destination-index': '3', 'study-stage': '2', 'decision-state': 0, 'vitals-state': '1', 'airspace-state': 0, 'data': {'page': 'map', 'action': 'hide map'}}
INFO:root:1722954411.593166,ID:1013,STAGE:2,SEQUENCE:1324,DATA:{'time': 1722954411.585, 'user-id': '1013', 'source': 'HAI Interface', 'destination-index': '3', 'study-stage': '2', 'decision-state': 0, 'vitals-state': '1', 'airspace-state': 0, 'data': {'action': 'receive button pressed'}}
INFO:root:1722954411.595815,ID:1013,STAGE:2,SEQUENCE:1324,DATA:{'time': 1722954411.585, 'user-id': '1013', 'source': 'HAI Interface', 'destination-index': '3', 'study-stage': '2', 'decision-state': 0, 'vitals-state': '1', 'airspace-state': 0, 'data': {'action': 'callsign set to:[object Object]'}}
INFO:root:1722954411.598318,ID:1013,STAGE:2,SEQUENCE:1324,DATA:{'time': 1722954411.586, 'user-id': '1013', 'source': 'HAI Interface', 'destination-index': '3', 'study-stage': '2', 'decision-state': 0, 'vitals-state': '1', 'airspace-state': 0, 'data': {'action': 'radio set to:Comm2'}}
INFO:root:1722954411.600313,ID:1013,STAGE:2,SEQUENCE:1324,DATA:{'time': 1722954411.592, 'user-id': '1013', 'source': 'HAI Interface', 'destination-index': '3', 'study-stage': '2', 'decision-state': 0, 'vitals-state': '1', 'airspace-state': 0, 'data': {'action': 'MEDEVACtransmitting onComm2123.45 MHz'}}
INFO:root:Administer medication radio comm initiated
INFO:root:1722954442.562599,ID:1013,STAGE:2,SEQUENCE:1324,DATA:{'time': 1722954442.553, 'source': 'VitalsTask', 'timer': 72.78, 'data': {'sensor': 'Heart Rate', 'action': 'opened sensor tab'}}
INFO:root:Administer medication radio comm done- command to clear event  make the receive 0 sent 
INFO:root:voice activity detected
INFO:root:recording started
INFO:root:voice deactivity detected
INFO:root:recording stopped
INFO:root:1722954461.505799,ID:1013,STAGE:2,SEQUENCE:1324,DATA:{'time': 1722954461.497, 'source': 'VitalsTask', 'timer': 91.724, 'data': {'sensor': 'Heart Rate', 'action': 'opened sensor tab'}}
INFO:root:1722954462.817612,ID:1013,STAGE:2,SEQUENCE:1324,DATA:{'time': 1722954462.809, 'source': 'VitalsTask', 'timer': 93.036, 'data': {'sensor': 'Heart Rate', 'action': 'capture', 'data': 'action button pressed'}}
INFO:root:1722954462.824594,ID:1013,STAGE:2,SEQUENCE:1324,DATA:{'time': 1722954462.809, 'source': 'VitalsTask', 'timer': 93.036, 'data': {'sensor': 'Heart Rate', 'action': 'capture', 'data': 'starting sensor action'}}
INFO:root:1722954463.836517,ID:1013,STAGE:2,SEQUENCE:1324,DATA:{'time': 1722954463.828, 'source': 'VitalsTask', 'timer': 94.055, 'data': {'sensor': 'Heart Rate', 'action': 'capture', 'data': 'sensor action complete'}}
INFO:root:1722954463.840506,ID:1013,STAGE:2,SEQUENCE:1324,DATA:{'time': 1722954463.83, 'source': 'VitalsTask', 'timer': 94.057, 'data': {'sensor': 'Heart Rate', 'action': 'keypad open'}}
INFO:root:1722954465.018095,ID:1013,STAGE:2,SEQUENCE:1324,DATA:{'time': 1722954465.011, 'source': 'VitalsTask', 'timer': 95.238, 'data': {'sensor': 'Heart Rate', 'action': 'keypad press', 'key': 2, 'value': 2}}
INFO:root:1722954465.486964,ID:1013,STAGE:2,SEQUENCE:1324,DATA:{'time': 1722954465.479, 'source': 'VitalsTask', 'timer': 95.706, 'data': {'sensor': 'Heart Rate', 'action': 'keypad press', 'key': 3, 'value': 23}}
