INFO:root:1723125511.743093,ID:1016,STAGE:2,SEQUENCE:11243,DATA:{'time': 1723125511.739, 'user-id': '1016', 'source': 'HAI Interface', 'destination-index': 'None', 'study-stage': '2', 'decision-state': 0, 'vitals-state': 0, 'airspace-state': 0, 'data': {'page': 'index', 'action': 'confirm button pressed'}}
INFO:root:1723125511.850251,ID:1016,STAGE:2,SEQUENCE:11243,DATA:{'time': 1723125511.845, 'user-id': 'none', 'source': 'HAI Interface', 'destination-index': 3, 'study-stage': -1, 'decision-state': 0, 'vitals-state': 0, 'airspace-state': 0, 'data': {'page': 'location', 'action': 'opened page'}}
INFO:root:Takeoff radiocomms initiated
INFO:comtypes.client._code_cache:Imported existing <module 'comtypes.gen' from 'C:\\Users\\ae-dagbeyibor3\\AppData\\Local\\Programs\\Python\\Python312\\Lib\\site-packages\\comtypes\\gen\\__init__.py'>
INFO:comtypes.client._code_cache:Using writeable comtypes cache directory: 'C:\Users\ae-dagbeyibor3\AppData\Local\Programs\Python\Python312\Lib\site-packages\comtypes\gen'
INFO:root:1723125512.83154,ID:1016,STAGE:2,SEQUENCE:11243,DATA:{'time': 1723125512.805, 'user-id': '1016', 'source': 'HAI Interface', 'destination-index': 'None', 'study-stage': '2', 'decision-state': 0, 'vitals-state': 0, 'airspace-state': 0, 'data': {'page': 'map', 'action': 'selected helipad', 'value': '21'}}
INFO:root:Takeoff radiocomms clear request sent
INFO:root:1723125530.937857,ID:1016,STAGE:2,SEQUENCE:11243,DATA:{'time': 1723125530.934, 'user-id': '1016', 'source': 'HAI Interface', 'destination-index': 'None', 'study-stage': '2', 'decision-state': 0, 'vitals-state': 0, 'airspace-state': 0, 'data': {'page': 'location', 'action': 'confirm button pressed'}}
INFO:root:1723125531.186662,ID:1016,STAGE:2,SEQUENCE:11243,DATA:{'time': 1723125531.18, 'user-id': 'none', 'source': 'HAI Interface', 'destination-index': 3, 'study-stage': -1, 'decision-state': 0, 'vitals-state': 0, 'airspace-state': 0, 'data': {'page': 'checklist', 'action': 'opened page', 'inflight': False}}
INFO:root:1723125532.14732,ID:1016,STAGE:2,SEQUENCE:11243,DATA:{'time': 1723125532.145, 'user-id': '1016', 'source': 'HAI Interface', 'destination-index': '3', 'study-stage': '2', 'decision-state': 0, 'vitals-state': 0, 'airspace-state': 0, 'data': {'page': 'map', 'action': 'selected helipad', 'value': '21'}}
INFO:root:1723125536.83823,ID:1016,STAGE:2,SEQUENCE:11243,DATA:{'time': 1723125536.835, 'user-id': '1016', 'source': 'HAI Interface', 'destination-index': '3', 'study-stage': '2', 'decision-state': 0, 'vitals-state': 0, 'airspace-state': 0, 'data': {'page': 'checklist', 'action': 'toggled checkbox', 'inflight': False, 'item': 0, 'value': 'OFF'}}
INFO:root:1723125537.333095,ID:1016,STAGE:2,SEQUENCE:11243,DATA:{'time': 1723125537.33, 'user-id': '1016', 'source': 'HAI Interface', 'destination-index': '3', 'study-stage': '2', 'decision-state': 0, 'vitals-state': 0, 'airspace-state': 0, 'data': {'page': 'checklist', 'action': 'toggled checkbox', 'inflight': False, 'item': 1, 'value': 'OFF'}}
INFO:root:1723125538.362208,ID:1016,STAGE:2,SEQUENCE:11243,DATA:{'time': 1723125538.36, 'user-id': '1016', 'source': 'HAI Interface', 'destination-index': '3', 'study-stage': '2', 'decision-state': 0, 'vitals-state': 0, 'airspace-state': 0, 'data': {'page': 'checklist', 'action': 'toggled checkbox', 'inflight': False, 'item': 2, 'value': 'OFF'}}
INFO:root:1723125538.364224,ID:1016,STAGE:2,SEQUENCE:11243,DATA:{'time': 1723125538.36, 'user-id': '1016', 'source': 'HAI Interface', 'destination-index': '3', 'study-stage': '2', 'decision-state': 0, 'vitals-state': 0, 'airspace-state': 0, 'data': {'page': 'checklist', 'action': 'showing confirm button', 'inflight': False}}
INFO:root:1723125539.890886,ID:1016,STAGE:2,SEQUENCE:11243,DATA:{'time': 1723125539.886, 'user-id': '1016', 'source': 'HAI Interface', 'destination-index': '3', 'study-stage': '2', 'decision-state': 0, 'vitals-state': 0, 'airspace-state': 0, 'data': {'page': 'checklist', 'action': 'confirm button clicked', 'inflight': False}}
INFO:root:1723125539.989903,ID:1016,STAGE:2,SEQUENCE:11243,DATA:{'time': 1723125539.978, 'user-id': 'none', 'source': 'HAI Interface', 'destination-index': 3, 'study-stage': -1, 'decision-state': 0, 'vitals-state': 0, 'airspace-state': 0, 'data': {'page': 'countdown', 'action': 'opened page'}}
INFO:root:1723125540.952371,ID:1016,STAGE:2,SEQUENCE:11243,DATA:{'time': 1723125540.948, 'user-id': '1016', 'source': 'HAI Interface', 'destination-index': '3', 'study-stage': '2', 'decision-state': 0, 'vitals-state': 0, 'airspace-state': 0, 'data': {'page': 'map', 'action': 'selected helipad', 'value': '21'}}
INFO:root:1723125540.987425,ID:1016,STAGE:2,SEQUENCE:11243,DATA:{'time': 1723125540.985, 'user-id': '1016', 'source': 'HAI Interface', 'destination-index': '3', 'study-stage': '2', 'decision-state': 0, 'vitals-state': 0, 'airspace-state': 0, 'data': {'page': 'countdown', 'action': 'countdown now 4'}}
INFO:root:1723125541.988023,ID:1016,STAGE:2,SEQUENCE:11243,DATA:{'time': 1723125541.985, 'user-id': '1016', 'source': 'HAI Interface', 'destination-index': '3', 'study-stage': '2', 'decision-state': 0, 'vitals-state': 0, 'airspace-state': 0, 'data': {'page': 'countdown', 'action': 'countdown now 3'}}
INFO:root:1723125542.991002,ID:1016,STAGE:2,SEQUENCE:11243,DATA:{'time': 1723125542.988, 'user-id': '1016', 'source': 'HAI Interface', 'destination-index': '3', 'study-stage': '2', 'decision-state': 0, 'vitals-state': 0, 'airspace-state': 0, 'data': {'page': 'countdown', 'action': 'countdown now 2'}}
INFO:root:1723125543.987826,ID:1016,STAGE:2,SEQUENCE:11243,DATA:{'time': 1723125543.985, 'user-id': '1016', 'source': 'HAI Interface', 'destination-index': '3', 'study-stage': '2', 'decision-state': 0, 'vitals-state': 0, 'airspace-state': 0, 'data': {'page': 'countdown', 'action': 'countdown now 1'}}
INFO:root:1723125544.986823,ID:1016,STAGE:2,SEQUENCE:11243,DATA:{'time': 1723125544.984, 'user-id': '1016', 'source': 'HAI Interface', 'destination-index': '3', 'study-stage': '2', 'decision-state': 0, 'vitals-state': 0, 'airspace-state': 0, 'data': {'page': 'countdown', 'action': 'countdown now 0'}}
INFO:root:1723125545.990508,ID:1016,STAGE:2,SEQUENCE:11243,DATA:{'time': 1723125545.986, 'user-id': '1016', 'source': 'HAI Interface', 'destination-index': '3', 'study-stage': '2', 'decision-state': 0, 'vitals-state': 0, 'airspace-state': 0, 'data': {'page': 'countdown', 'action': 'countdown complete'}}
INFO:root:1723125547.321688,ID:1016,STAGE:2,SEQUENCE:11243,DATA:{'time': 1723125547.318, 'user-id': '1016', 'source': 'HAI Interface', 'destination-index': '3', 'study-stage': '2', 'decision-state': 0, 'vitals-state': 0, 'airspace-state': 0, 'data': {'page': 'map', 'action': 'selected helipad', 'value': '21'}}
INFO:root:1723125550.523788,ID:1016,STAGE:2,SEQUENCE:11243,DATA:{'time': 1723125550.519, 'user-id': '1016', 'source': 'HAI Interface', 'destination-index': '3', 'study-stage': '2', 'decision-state': 0, 'vitals-state': 0, 'airspace-state': 0, 'data': {'page': 'map', 'action': 'show map'}}
INFO:root:1723125550.525788,ID:1016,STAGE:2,SEQUENCE:11243,DATA:{'time': 1723125550.52, 'user-id': '1016', 'source': 'HAI Interface', 'destination-index': '3', 'study-stage': '2', 'decision-state': 0, 'vitals-state': 0, 'airspace-state': 0, 'data': {'page': 'map', 'action': 'selected helipad', 'value': '21'}}
INFO:root:Inflight Radio Update asked
INFO:root:sent request to set radio update complete
INFO:root:1723125555.109884,ID:1016,STAGE:2,SEQUENCE:11243,DATA:{'time': 1723125555.106, 'user-id': '1016', 'source': 'HAI Interface', 'destination-index': '3', 'study-stage': '2', 'decision-state': 0, 'vitals-state': 0, 'airspace-state': 0, 'data': {'action': 'radio panel opened'}}
INFO:root:1723125562.448533,ID:1016,STAGE:2,SEQUENCE:11243,DATA:{'time': 1723125562.444, 'user-id': '1016', 'source': 'HAI Interface', 'destination-index': '3', 'study-stage': '2', 'decision-state': 0, 'vitals-state': 0, 'airspace-state': 0, 'data': {'action': 'transmit button pressed'}}
INFO:root:1723125562.450533,ID:1016,STAGE:2,SEQUENCE:11243,DATA:{'time': 1723125562.444, 'user-id': '1016', 'source': 'HAI Interface', 'destination-index': '3', 'study-stage': '2', 'decision-state': 0, 'vitals-state': 0, 'airspace-state': 0, 'data': {'action': 'callsign set to: + NASXGS'}}
INFO:root:1723125562.452598,ID:1016,STAGE:2,SEQUENCE:11243,DATA:{'time': 1723125562.444, 'user-id': '1016', 'source': 'HAI Interface', 'destination-index': '3', 'study-stage': '2', 'decision-state': 0, 'vitals-state': 0, 'airspace-state': 0, 'data': {'action': 'radio set to:Comm1'}}
INFO:root:1723125562.458588,ID:1016,STAGE:2,SEQUENCE:11243,DATA:{'time': 1723125562.445, 'user-id': '1016', 'source': 'HAI Interface', 'destination-index': '3', 'study-stage': '2', 'decision-state': 0, 'vitals-state': 0, 'airspace-state': 0, 'data': {'page': 'map', 'action': 'show map'}}
INFO:root:1723125562.460689,ID:1016,STAGE:2,SEQUENCE:11243,DATA:{'time': 1723125562.445, 'user-id': '1016', 'source': 'HAI Interface', 'destination-index': '3', 'study-stage': '2', 'decision-state': 0, 'vitals-state': 0, 'airspace-state': 0, 'data': {'page': 'map', 'action': 'selected helipad', 'value': '21'}}
INFO:root:1723125562.462684,ID:1016,STAGE:2,SEQUENCE:11243,DATA:{'time': 1723125562.449, 'user-id': '1016', 'source': 'HAI Interface', 'destination-index': '3', 'study-stage': '2', 'decision-state': 0, 'vitals-state': 0, 'airspace-state': 0, 'data': {'action': 'NASXGStransmitting updates onComm1123.45 MHz'}}
INFO:root:1723125580.428094,ID:1016,STAGE:2,SEQUENCE:11243,DATA:{'time': 1723125580.424, 'user-id': '1016', 'source': 'HAI Interface', 'destination-index': '3', 'study-stage': '2', 'decision-state': 0, 'vitals-state': 0, 'airspace-state': 0, 'data': {'page': 'map', 'action': 'hide map'}}
INFO:root:1723125582.826255,ID:1016,STAGE:2,SEQUENCE:11243,DATA:{'time': 1723125582.822, 'user-id': '1016', 'source': 'HAI Interface', 'destination-index': '3', 'study-stage': '2', 'decision-state': 0, 'vitals-state': 0, 'airspace-state': 0, 'data': {'page': 'map', 'action': 'show map'}}
INFO:root:1723125582.828762,ID:1016,STAGE:2,SEQUENCE:11243,DATA:{'time': 1723125582.823, 'user-id': '1016', 'source': 'HAI Interface', 'destination-index': '3', 'study-stage': '2', 'decision-state': 0, 'vitals-state': 0, 'airspace-state': 0, 'data': {'page': 'map', 'action': 'selected helipad', 'value': '21'}}
INFO:root:1723125600.122395,ID:1016,STAGE:2,SEQUENCE:11243,DATA:{'time': 1723125600.117, 'user-id': '1016', 'source': 'HAI Interface', 'destination-index': '3', 'study-stage': '2', 'decision-state': 0, 'vitals-state': 0, 'airspace-state': 0, 'data': {'page': 'inflight', 'action': 'displaying vitals prompt'}}
INFO:root:1723125603.747238,ID:1016,STAGE:2,SEQUENCE:11243,DATA:{'time': 1723125603.741, 'source': 'VitalsTask', 'timer': 123.01, 'data': {'sensor': 'Heart Rate', 'action': 'capture', 'data': 'action button pressed'}}
INFO:root:1723125603.749233,ID:1016,STAGE:2,SEQUENCE:11243,DATA:{'time': 1723125603.742, 'source': 'VitalsTask', 'timer': 123.011, 'data': {'sensor': 'Heart Rate', 'action': 'capture', 'data': 'starting sensor action'}}
INFO:root:1723125604.76561,ID:1016,STAGE:2,SEQUENCE:11243,DATA:{'time': 1723125604.76, 'source': 'VitalsTask', 'timer': 124.029, 'data': {'sensor': 'Heart Rate', 'action': 'capture', 'data': 'sensor action complete'}}
INFO:root:1723125604.766609,ID:1016,STAGE:2,SEQUENCE:11243,DATA:{'time': 1723125604.76, 'source': 'VitalsTask', 'timer': 124.029, 'data': {'sensor': 'Heart Rate', 'action': 'keypad open'}}
INFO:root:1723125607.350938,ID:1016,STAGE:2,SEQUENCE:11243,DATA:{'time': 1723125607.345, 'source': 'VitalsTask', 'timer': 126.614, 'data': {'sensor': 'Heart Rate', 'action': 'keypad press', 'key': 5, 'value': 5}}
INFO:root:1723125607.576847,ID:1016,STAGE:2,SEQUENCE:11243,DATA:{'time': 1723125607.571, 'source': 'VitalsTask', 'timer': 126.84, 'data': {'sensor': 'Heart Rate', 'action': 'keypad press', 'key': 5, 'value': 55}}
INFO:root:1723125609.136883,ID:1016,STAGE:2,SEQUENCE:11243,DATA:{'time': 1723125609.131, 'source': 'VitalsTask', 'timer': 128.4, 'data': {'sensor': 'Heart Rate', 'action': 'show action buttons'}}
INFO:root:1723125609.138875,ID:1016,STAGE:2,SEQUENCE:11243,DATA:{'time': 1723125609.131, 'source': 'VitalsTask', 'timer': 128.4, 'data': {'sensor': 'Heart Rate', 'action': 'keypad press', 'key': 10, 'value': 55}}
INFO:root:1723125610.840931,ID:1016,STAGE:2,SEQUENCE:11243,DATA:{'time': 1723125610.835, 'source': 'VitalsTask', 'timer': 130.104, 'data': {'sensor': 'Heart Rate', 'action': 'log', 'data': 'action button pressed'}}
INFO:root:1723125610.843475,ID:1016,STAGE:2,SEQUENCE:11243,DATA:{'time': 1723125610.835, 'source': 'VitalsTask', 'timer': 130.104, 'data': {'sensor': 'Heart Rate', 'action': 'log', 'data': 'starting sensor action'}}
INFO:root:1723125611.853495,ID:1016,STAGE:2,SEQUENCE:11243,DATA:{'time': 1723125611.847, 'source': 'VitalsTask', 'timer': 131.116, 'data': {'sensor': 'Heart Rate', 'action': 'log', 'data': 'sensor action complete'}}
INFO:root:1723125612.402583,ID:1016,STAGE:2,SEQUENCE:11243,DATA:{'time': 1723125612.397, 'source': 'VitalsTask', 'timer': 131.666, 'data': {'sensor': 'Heart Rate', 'action': 'save', 'data': 'action button pressed'}}
INFO:root:1723125612.404578,ID:1016,STAGE:2,SEQUENCE:11243,DATA:{'time': 1723125612.397, 'source': 'VitalsTask', 'timer': 131.666, 'data': {'sensor': 'Heart Rate', 'action': 'save', 'data': 'starting sensor action'}}
INFO:root:1723125613.417227,ID:1016,STAGE:2,SEQUENCE:11243,DATA:{'time': 1723125613.41, 'source': 'VitalsTask', 'timer': 132.679, 'data': {'sensor': 'Heart Rate', 'action': 'save', 'data': 'sensor action complete'}}
INFO:root:1723125615.118287,ID:1016,STAGE:2,SEQUENCE:11243,DATA:{'time': 1723125615.112, 'source': 'VitalsTask', 'timer': 134.381, 'data': {'sensor': 'O\u2082 Saturation', 'action': 'opened sensor tab'}}
INFO:root:1723125617.186888,ID:1016,STAGE:2,SEQUENCE:11243,DATA:{'time': 1723125617.18, 'source': 'VitalsTask', 'timer': 136.449, 'data': {'sensor': 'O\u2082 Saturation', 'action': 'capture', 'data': 'action button pressed'}}
INFO:root:1723125617.187885,ID:1016,STAGE:2,SEQUENCE:11243,DATA:{'time': 1723125617.18, 'source': 'VitalsTask', 'timer': 136.449, 'data': {'sensor': 'O\u2082 Saturation', 'action': 'capture', 'data': 'starting sensor action'}}
INFO:root:1723125618.200764,ID:1016,STAGE:2,SEQUENCE:11243,DATA:{'time': 1723125618.195, 'source': 'VitalsTask', 'timer': 137.464, 'data': {'sensor': 'O\u2082 Saturation', 'action': 'capture', 'data': 'sensor action complete'}}
INFO:root:1723125618.202821,ID:1016,STAGE:2,SEQUENCE:11243,DATA:{'time': 1723125618.196, 'source': 'VitalsTask', 'timer': 137.465, 'data': {'sensor': 'O\u2082 Saturation', 'action': 'keypad open'}}
INFO:root:1723125619.250456,ID:1016,STAGE:2,SEQUENCE:11243,DATA:{'time': 1723125619.242, 'source': 'VitalsTask', 'timer': 138.511, 'data': {'sensor': 'O\u2082 Saturation', 'action': 'keypad press', 'key': 1, 'value': 1}}
INFO:root:1723125620.726079,ID:1016,STAGE:2,SEQUENCE:11243,DATA:{'time': 1723125620.72, 'source': 'VitalsTask', 'timer': 139.989, 'data': {'sensor': 'O\u2082 Saturation', 'action': 'keypad press', 'key': 11, 'value': 10}}
INFO:root:1723125621.014335,ID:1016,STAGE:2,SEQUENCE:11243,DATA:{'time': 1723125621.008, 'source': 'VitalsTask', 'timer': 140.277, 'data': {'sensor': 'O\u2082 Saturation', 'action': 'keypad press', 'key': 11, 'value': 100}}
INFO:root:1723125621.311343,ID:1016,STAGE:2,SEQUENCE:11243,DATA:{'time': 1723125621.306, 'source': 'VitalsTask', 'timer': 140.575, 'data': {'sensor': 'O\u2082 Saturation', 'action': 'keypad press', 'key': 11, 'value': 1000}}
INFO:root:1723125623.85964,ID:1016,STAGE:2,SEQUENCE:11243,DATA:{'time': 1723125623.854, 'source': 'VitalsTask', 'timer': 143.123, 'data': {'sensor': 'O\u2082 Saturation', 'action': 'keypad press', 'key': 12, 'value': 100}}
INFO:root:1723125625.431851,ID:1016,STAGE:2,SEQUENCE:11243,DATA:{'time': 1723125625.425, 'source': 'VitalsTask', 'timer': 144.694, 'data': {'sensor': 'O\u2082 Saturation', 'action': 'show action buttons'}}
INFO:root:1723125625.434535,ID:1016,STAGE:2,SEQUENCE:11243,DATA:{'time': 1723125625.427, 'source': 'VitalsTask', 'timer': 144.696, 'data': {'sensor': 'O\u2082 Saturation', 'action': 'keypad press', 'key': 10, 'value': 100}}
INFO:root:1723125628.549647,ID:1016,STAGE:2,SEQUENCE:11243,DATA:{'time': 1723125628.543, 'source': 'VitalsTask', 'timer': 147.812, 'data': {'sensor': 'O\u2082 Saturation', 'action': 'log', 'data': 'action button pressed'}}
INFO:root:1723125628.551855,ID:1016,STAGE:2,SEQUENCE:11243,DATA:{'time': 1723125628.544, 'source': 'VitalsTask', 'timer': 147.813, 'data': {'sensor': 'O\u2082 Saturation', 'action': 'log', 'data': 'starting sensor action'}}
INFO:root:1723125629.566236,ID:1016,STAGE:2,SEQUENCE:11243,DATA:{'time': 1723125629.561, 'source': 'VitalsTask', 'timer': 148.83, 'data': {'sensor': 'O\u2082 Saturation', 'action': 'log', 'data': 'sensor action complete'}}
INFO:root:1723125630.292032,ID:1016,STAGE:2,SEQUENCE:11243,DATA:{'time': 1723125630.285, 'source': 'VitalsTask', 'timer': 149.554, 'data': {'sensor': 'O\u2082 Saturation', 'action': 'save', 'data': 'action button pressed'}}
INFO:root:1723125630.29303,ID:1016,STAGE:2,SEQUENCE:11243,DATA:{'time': 1723125630.285, 'source': 'VitalsTask', 'timer': 149.554, 'data': {'sensor': 'O\u2082 Saturation', 'action': 'save', 'data': 'starting sensor action'}}
INFO:root:1723125631.308062,ID:1016,STAGE:2,SEQUENCE:11243,DATA:{'time': 1723125631.301, 'source': 'VitalsTask', 'timer': 150.57, 'data': {'sensor': 'O\u2082 Saturation', 'action': 'save', 'data': 'sensor action complete'}}
INFO:root:1723125632.58188,ID:1016,STAGE:2,SEQUENCE:11243,DATA:{'time': 1723125632.576, 'source': 'VitalsTask', 'timer': 151.845, 'data': {'sensor': 'Blood Pressure', 'action': 'opened sensor tab'}}
INFO:root:1723125634.572162,ID:1016,STAGE:2,SEQUENCE:11243,DATA:{'time': 1723125634.565, 'source': 'VitalsTask', 'timer': 153.834, 'data': {'sensor': 'Blood Pressure', 'action': 'capture', 'data': 'action button pressed'}}
INFO:root:1723125634.57667,ID:1016,STAGE:2,SEQUENCE:11243,DATA:{'time': 1723125634.565, 'source': 'VitalsTask', 'timer': 153.834, 'data': {'sensor': 'Blood Pressure', 'action': 'capture', 'data': 'starting sensor action'}}
INFO:root:1723125635.588806,ID:1016,STAGE:2,SEQUENCE:11243,DATA:{'time': 1723125635.583, 'source': 'VitalsTask', 'timer': 154.852, 'data': {'sensor': 'Blood Pressure', 'action': 'capture', 'data': 'sensor action complete'}}
INFO:root:1723125635.59131,ID:1016,STAGE:2,SEQUENCE:11243,DATA:{'time': 1723125635.583, 'source': 'VitalsTask', 'timer': 154.852, 'data': {'sensor': 'Blood Pressure', 'action': 'keypad open'}}
INFO:root:1723125636.516189,ID:1016,STAGE:2,SEQUENCE:11243,DATA:{'time': 1723125636.509, 'source': 'VitalsTask', 'timer': 155.778, 'data': {'sensor': 'Blood Pressure', 'action': 'keypad press', 'key': 1, 'value': 1}}
INFO:root:1723125636.640949,ID:1016,STAGE:2,SEQUENCE:11243,DATA:{'time': 1723125636.634, 'source': 'VitalsTask', 'timer': 155.903, 'data': {'sensor': 'Blood Pressure', 'action': 'keypad press', 'key': 1, 'value': 11}}
INFO:root:1723125638.896552,ID:1016,STAGE:2,SEQUENCE:11243,DATA:{'time': 1723125638.888, 'source': 'VitalsTask', 'timer': 158.157, 'data': {'sensor': 'Blood Pressure', 'action': 'keypad press', 'key': 12, 'value': 1}}
INFO:root:1723125640.102178,ID:1016,STAGE:2,SEQUENCE:11243,DATA:{'time': 1723125640.096, 'source': 'VitalsTask', 'timer': 159.365, 'data': {'sensor': 'Blood Pressure', 'action': 'keypad press', 'key': 2, 'value': 12}}
INFO:root:1723125641.379955,ID:1016,STAGE:2,SEQUENCE:11243,DATA:{'time': 1723125641.374, 'source': 'VitalsTask', 'timer': 160.643, 'data': {'sensor': 'Blood Pressure', 'action': 'keypad press', 'key': 11, 'value': 120}}
INFO:root:1723125643.660737,ID:1016,STAGE:2,SEQUENCE:11243,DATA:{'time': 1723125643.654, 'source': 'VitalsTask', 'timer': 162.923, 'data': {'sensor': 'Blood Pressure', 'action': 'keypad press', 'key': 8, 'value': 1208}}
INFO:root:1723125644.96541,ID:1016,STAGE:2,SEQUENCE:11243,DATA:{'time': 1723125644.96, 'source': 'VitalsTask', 'timer': 164.229, 'data': {'sensor': 'Blood Pressure', 'action': 'keypad press', 'key': 11, 'value': 12080}}
INFO:root:1723125646.097798,ID:1016,STAGE:2,SEQUENCE:11243,DATA:{'time': 1723125646.093, 'source': 'VitalsTask', 'timer': 165.362, 'data': {'sensor': 'Blood Pressure', 'action': 'show action buttons'}}
INFO:root:1723125646.099793,ID:1016,STAGE:2,SEQUENCE:11243,DATA:{'time': 1723125646.093, 'source': 'VitalsTask', 'timer': 165.362, 'data': {'sensor': 'Blood Pressure', 'action': 'keypad press', 'key': 10, 'value': 12080}}
INFO:root:1723125648.403259,ID:1016,STAGE:2,SEQUENCE:11243,DATA:{'time': 1723125648.397, 'source': 'VitalsTask', 'timer': 167.666, 'data': {'sensor': 'Blood Pressure', 'action': 'log', 'data': 'action button pressed'}}
INFO:root:1723125648.406285,ID:1016,STAGE:2,SEQUENCE:11243,DATA:{'time': 1723125648.397, 'source': 'VitalsTask', 'timer': 167.666, 'data': {'sensor': 'Blood Pressure', 'action': 'log', 'data': 'starting sensor action'}}
INFO:root:1723125649.414016,ID:1016,STAGE:2,SEQUENCE:11243,DATA:{'time': 1723125649.408, 'source': 'VitalsTask', 'timer': 168.677, 'data': {'sensor': 'Blood Pressure', 'action': 'log', 'data': 'sensor action complete'}}
INFO:root:1723125650.024878,ID:1016,STAGE:2,SEQUENCE:11243,DATA:{'time': 1723125650.019, 'source': 'VitalsTask', 'timer': 169.288, 'data': {'sensor': 'Blood Pressure', 'action': 'save', 'data': 'action button pressed'}}
INFO:root:1723125650.026834,ID:1016,STAGE:2,SEQUENCE:11243,DATA:{'time': 1723125650.019, 'source': 'VitalsTask', 'timer': 169.288, 'data': {'sensor': 'Blood Pressure', 'action': 'save', 'data': 'starting sensor action'}}
INFO:root:1723125651.037943,ID:1016,STAGE:2,SEQUENCE:11243,DATA:{'time': 1723125651.032, 'source': 'VitalsTask', 'timer': 170.301, 'data': {'sensor': 'Blood Pressure', 'action': 'save', 'data': 'sensor action complete'}}
INFO:root:1723125652.997107,ID:1016,STAGE:2,SEQUENCE:11243,DATA:{'time': 1723125652.991, 'source': 'VitalsTask', 'timer': 172.26, 'data': {'sensor': 'submit', 'action': 'submit'}}
INFO:root:1723125652.998104,ID:1016,STAGE:2,SEQUENCE:11243,DATA:{'time': 1723125652.991, 'source': 'VitalsTask', 'timer': 172.26, 'data': {'sensor': 'submit', 'action': 'submit', 'data': 'submit succeeded'}}
INFO:root:Inflight Radio Update asked
INFO:root:sent request to set radio update complete
INFO:root:1723125654.860608,ID:1016,STAGE:2,SEQUENCE:11243,DATA:{'time': 1723125654.857, 'user-id': '1016', 'source': 'HAI Interface', 'destination-index': '3', 'study-stage': '2', 'decision-state': 0, 'vitals-state': 0, 'airspace-state': 0, 'data': {'page': 'inflight', 'action': 'user acknowledged vitals prompt'}}
INFO:root:1723125660.02816,ID:1016,STAGE:2,SEQUENCE:11243,DATA:{'time': 1723125660.019, 'user-id': '1016', 'source': 'HAI Interface', 'destination-index': '3', 'study-stage': '2', 'decision-state': 0, 'vitals-state': 0, 'airspace-state': 0, 'data': {'action': 'transmit button pressed'}}
INFO:root:1723125660.031095,ID:1016,STAGE:2,SEQUENCE:11243,DATA:{'time': 1723125660.02, 'user-id': '1016', 'source': 'HAI Interface', 'destination-index': '3', 'study-stage': '2', 'decision-state': 0, 'vitals-state': 0, 'airspace-state': 0, 'data': {'action': 'callsign set to: + NASXGS'}}
INFO:root:1723125660.040097,ID:1016,STAGE:2,SEQUENCE:11243,DATA:{'time': 1723125660.02, 'user-id': '1016', 'source': 'HAI Interface', 'destination-index': '3', 'study-stage': '2', 'decision-state': 0, 'vitals-state': 0, 'airspace-state': 0, 'data': {'action': 'radio set to:Comm1'}}
INFO:root:1723125660.042091,ID:1016,STAGE:2,SEQUENCE:11243,DATA:{'time': 1723125660.021, 'user-id': '1016', 'source': 'HAI Interface', 'destination-index': '3', 'study-stage': '2', 'decision-state': 0, 'vitals-state': 0, 'airspace-state': 0, 'data': {'page': 'map', 'action': 'show map'}}
INFO:root:1723125660.047078,ID:1016,STAGE:2,SEQUENCE:11243,DATA:{'time': 1723125660.022, 'user-id': '1016', 'source': 'HAI Interface', 'destination-index': '3', 'study-stage': '2', 'decision-state': 0, 'vitals-state': 0, 'airspace-state': 0, 'data': {'page': 'map', 'action': 'selected helipad', 'value': '21'}}
INFO:root:1723125660.056116,ID:1016,STAGE:2,SEQUENCE:11243,DATA:{'time': 1723125660.027, 'user-id': '1016', 'source': 'HAI Interface', 'destination-index': '3', 'study-stage': '2', 'decision-state': 0, 'vitals-state': 0, 'airspace-state': 0, 'data': {'action': 'NASXGStransmitting updates onComm1123.45 MHz'}}
INFO:root:1723125678.391565,ID:1016,STAGE:2,SEQUENCE:11243,DATA:{'time': 1723125678.386, 'user-id': '1016', 'source': 'HAI Interface', 'destination-index': '3', 'study-stage': '2', 'decision-state': 0, 'vitals-state': 0, 'airspace-state': 0, 'data': {'page': 'map', 'action': 'hide map'}}
INFO:root:1723125680.129381,ID:1016,STAGE:2,SEQUENCE:11243,DATA:{'time': 1723125680.125, 'user-id': '1016', 'source': 'HAI Interface', 'destination-index': '3', 'study-stage': '2', 'decision-state': 0, 'vitals-state': 0, 'airspace-state': 0, 'data': {'page': 'map', 'action': 'show map'}}
INFO:root:1723125680.131374,ID:1016,STAGE:2,SEQUENCE:11243,DATA:{'time': 1723125680.126, 'user-id': '1016', 'source': 'HAI Interface', 'destination-index': '3', 'study-stage': '2', 'decision-state': 0, 'vitals-state': 0, 'airspace-state': 0, 'data': {'page': 'map', 'action': 'selected helipad', 'value': '21'}}
INFO:root:1723125693.953179,ID:1016,STAGE:2,SEQUENCE:11243,DATA:{'time': 1723125693.948, 'source': 'VitalsTask', 'timer': 40.956, 'data': {'sensor': 'Heart Rate', 'action': 'opened sensor tab'}}
INFO:root:1723125698.81762,ID:1016,STAGE:2,SEQUENCE:11243,DATA:{'time': 1723125698.813, 'user-id': '1016', 'source': 'HAI Interface', 'destination-index': '3', 'study-stage': '2', 'decision-state': 0, 'vitals-state': 0, 'airspace-state': 0, 'data': {'page': 'inflight', 'action': 'displaying vitals prompt'}}
INFO:root:1723125702.630766,ID:1016,STAGE:2,SEQUENCE:11243,DATA:{'time': 1723125702.624, 'source': 'VitalsTask', 'timer': 49.632, 'data': {'sensor': 'Heart Rate', 'action': 'capture', 'data': 'action button pressed'}}
INFO:root:1723125702.63332,ID:1016,STAGE:2,SEQUENCE:11243,DATA:{'time': 1723125702.624, 'source': 'VitalsTask', 'timer': 49.632, 'data': {'sensor': 'Heart Rate', 'action': 'capture', 'data': 'starting sensor action'}}
INFO:root:1723125703.650192,ID:1016,STAGE:2,SEQUENCE:11243,DATA:{'time': 1723125703.643, 'source': 'VitalsTask', 'timer': 50.651, 'data': {'sensor': 'Heart Rate', 'action': 'capture', 'data': 'sensor action complete'}}
INFO:root:1723125703.651768,ID:1016,STAGE:2,SEQUENCE:11243,DATA:{'time': 1723125703.644, 'source': 'VitalsTask', 'timer': 50.652, 'data': {'sensor': 'Heart Rate', 'action': 'keypad open'}}
INFO:root:1723125705.981306,ID:1016,STAGE:2,SEQUENCE:11243,DATA:{'time': 1723125705.974, 'source': 'VitalsTask', 'timer': 52.982, 'data': {'sensor': 'Heart Rate', 'action': 'keypad press', 'key': 5, 'value': 5}}
INFO:root:1723125706.17991,ID:1016,STAGE:2,SEQUENCE:11243,DATA:{'time': 1723125706.172, 'source': 'VitalsTask', 'timer': 53.18, 'data': {'sensor': 'Heart Rate', 'action': 'keypad press', 'key': 5, 'value': 55}}
INFO:root:1723125708.208966,ID:1016,STAGE:2,SEQUENCE:11243,DATA:{'time': 1723125708.201, 'source': 'VitalsTask', 'timer': 55.209, 'data': {'sensor': 'Heart Rate', 'action': 'show action buttons'}}
INFO:root:1723125708.212959,ID:1016,STAGE:2,SEQUENCE:11243,DATA:{'time': 1723125708.202, 'source': 'VitalsTask', 'timer': 55.21, 'data': {'sensor': 'Heart Rate', 'action': 'keypad press', 'key': 10, 'value': 55}}
INFO:root:1723125709.621505,ID:1016,STAGE:2,SEQUENCE:11243,DATA:{'time': 1723125709.615, 'source': 'VitalsTask', 'timer': 56.623, 'data': {'sensor': 'Heart Rate', 'action': 'log', 'data': 'action button pressed'}}
INFO:root:1723125709.622509,ID:1016,STAGE:2,SEQUENCE:11243,DATA:{'time': 1723125709.615, 'source': 'VitalsTask', 'timer': 56.623, 'data': {'sensor': 'Heart Rate', 'action': 'log', 'data': 'starting sensor action'}}
INFO:root:1723125710.634827,ID:1016,STAGE:2,SEQUENCE:11243,DATA:{'time': 1723125710.628, 'source': 'VitalsTask', 'timer': 57.636, 'data': {'sensor': 'Heart Rate', 'action': 'log', 'data': 'sensor action complete'}}
INFO:root:1723125711.765867,ID:1016,STAGE:2,SEQUENCE:11243,DATA:{'time': 1723125711.758, 'source': 'VitalsTask', 'timer': 58.766, 'data': {'sensor': 'Heart Rate', 'action': 'save', 'data': 'action button pressed'}}
INFO:root:1723125711.76937,ID:1016,STAGE:2,SEQUENCE:11243,DATA:{'time': 1723125711.759, 'source': 'VitalsTask', 'timer': 58.767, 'data': {'sensor': 'Heart Rate', 'action': 'save', 'data': 'starting sensor action'}}
INFO:root:1723125712.785265,ID:1016,STAGE:2,SEQUENCE:11243,DATA:{'time': 1723125712.777, 'source': 'VitalsTask', 'timer': 59.785, 'data': {'sensor': 'Heart Rate', 'action': 'save', 'data': 'sensor action complete'}}
INFO:root:1723125713.57187,ID:1016,STAGE:2,SEQUENCE:11243,DATA:{'time': 1723125713.566, 'source': 'VitalsTask', 'timer': 60.574, 'data': {'sensor': 'O\u2082 Saturation', 'action': 'opened sensor tab'}}
INFO:root:1723125714.93669,ID:1016,STAGE:2,SEQUENCE:11243,DATA:{'time': 1723125714.926, 'source': 'VitalsTask', 'timer': 61.934, 'data': {'sensor': 'O\u2082 Saturation', 'action': 'capture', 'data': 'action button pressed'}}
INFO:root:1723125714.940678,ID:1016,STAGE:2,SEQUENCE:11243,DATA:{'time': 1723125714.926, 'source': 'VitalsTask', 'timer': 61.934, 'data': {'sensor': 'O\u2082 Saturation', 'action': 'capture', 'data': 'starting sensor action'}}
INFO:root:1723125715.945578,ID:1016,STAGE:2,SEQUENCE:11243,DATA:{'time': 1723125715.939, 'source': 'VitalsTask', 'timer': 62.947, 'data': {'sensor': 'O\u2082 Saturation', 'action': 'capture', 'data': 'sensor action complete'}}
INFO:root:1723125715.949123,ID:1016,STAGE:2,SEQUENCE:11243,DATA:{'time': 1723125715.939, 'source': 'VitalsTask', 'timer': 62.947, 'data': {'sensor': 'O\u2082 Saturation', 'action': 'keypad open'}}
INFO:root:1723125716.999342,ID:1016,STAGE:2,SEQUENCE:11243,DATA:{'time': 1723125716.993, 'source': 'VitalsTask', 'timer': 64.001, 'data': {'sensor': 'O\u2082 Saturation', 'action': 'keypad press', 'key': 1, 'value': 1}}
INFO:root:1723125718.262322,ID:1016,STAGE:2,SEQUENCE:11243,DATA:{'time': 1723125718.256, 'source': 'VitalsTask', 'timer': 65.264, 'data': {'sensor': 'O\u2082 Saturation', 'action': 'keypad press', 'key': 11, 'value': 10}}
INFO:root:1723125720.303766,ID:1016,STAGE:2,SEQUENCE:11243,DATA:{'time': 1723125720.298, 'source': 'VitalsTask', 'timer': 67.306, 'data': {'sensor': 'O\u2082 Saturation', 'action': 'keypad press', 'key': 11, 'value': 100}}
INFO:root:1723125721.489135,ID:1016,STAGE:2,SEQUENCE:11243,DATA:{'time': 1723125721.484, 'source': 'VitalsTask', 'timer': 68.492, 'data': {'sensor': 'O\u2082 Saturation', 'action': 'show action buttons'}}
INFO:root:1723125721.49113,ID:1016,STAGE:2,SEQUENCE:11243,DATA:{'time': 1723125721.484, 'source': 'VitalsTask', 'timer': 68.492, 'data': {'sensor': 'O\u2082 Saturation', 'action': 'keypad press', 'key': 10, 'value': 100}}
INFO:root:1723125723.06535,ID:1016,STAGE:2,SEQUENCE:11243,DATA:{'time': 1723125723.059, 'source': 'VitalsTask', 'timer': 70.067, 'data': {'sensor': 'O\u2082 Saturation', 'action': 'log', 'data': 'action button pressed'}}
INFO:root:1723125723.066853,ID:1016,STAGE:2,SEQUENCE:11243,DATA:{'time': 1723125723.059, 'source': 'VitalsTask', 'timer': 70.067, 'data': {'sensor': 'O\u2082 Saturation', 'action': 'log', 'data': 'starting sensor action'}}
INFO:root:1723125724.080865,ID:1016,STAGE:2,SEQUENCE:11243,DATA:{'time': 1723125724.074, 'source': 'VitalsTask', 'timer': 71.082, 'data': {'sensor': 'O\u2082 Saturation', 'action': 'log', 'data': 'sensor action complete'}}
INFO:root:1723125725.078449,ID:1016,STAGE:2,SEQUENCE:11243,DATA:{'time': 1723125725.072, 'source': 'VitalsTask', 'timer': 72.08, 'data': {'sensor': 'O\u2082 Saturation', 'action': 'save', 'data': 'action button pressed'}}
INFO:root:1723125725.079955,ID:1016,STAGE:2,SEQUENCE:11243,DATA:{'time': 1723125725.072, 'source': 'VitalsTask', 'timer': 72.08, 'data': {'sensor': 'O\u2082 Saturation', 'action': 'save', 'data': 'starting sensor action'}}
INFO:root:1723125726.098066,ID:1016,STAGE:2,SEQUENCE:11243,DATA:{'time': 1723125726.084, 'source': 'VitalsTask', 'timer': 73.092, 'data': {'sensor': 'O\u2082 Saturation', 'action': 'save', 'data': 'sensor action complete'}}
INFO:root:1723125726.784141,ID:1016,STAGE:2,SEQUENCE:11243,DATA:{'time': 1723125726.778, 'source': 'VitalsTask', 'timer': 73.786, 'data': {'sensor': 'Blood Pressure', 'action': 'opened sensor tab'}}
INFO:root:1723125728.647351,ID:1016,STAGE:2,SEQUENCE:11243,DATA:{'time': 1723125728.639, 'source': 'VitalsTask', 'timer': 75.647, 'data': {'sensor': 'Blood Pressure', 'action': 'capture', 'data': 'action button pressed'}}
INFO:root:1723125728.64889,ID:1016,STAGE:2,SEQUENCE:11243,DATA:{'time': 1723125728.639, 'source': 'VitalsTask', 'timer': 75.647, 'data': {'sensor': 'Blood Pressure', 'action': 'capture', 'data': 'starting sensor action'}}
INFO:root:1723125729.662164,ID:1016,STAGE:2,SEQUENCE:11243,DATA:{'time': 1723125729.657, 'source': 'VitalsTask', 'timer': 76.665, 'data': {'sensor': 'Blood Pressure', 'action': 'capture', 'data': 'sensor action complete'}}
INFO:root:1723125729.664253,ID:1016,STAGE:2,SEQUENCE:11243,DATA:{'time': 1723125729.658, 'source': 'VitalsTask', 'timer': 76.666, 'data': {'sensor': 'Blood Pressure', 'action': 'keypad open'}}
INFO:root:1723125731.137477,ID:1016,STAGE:2,SEQUENCE:11243,DATA:{'time': 1723125731.132, 'source': 'VitalsTask', 'timer': 78.14, 'data': {'sensor': 'Blood Pressure', 'action': 'keypad press', 'key': 1, 'value': 1}}
INFO:root:1723125731.975516,ID:1016,STAGE:2,SEQUENCE:11243,DATA:{'time': 1723125731.969, 'source': 'VitalsTask', 'timer': 78.977, 'data': {'sensor': 'Blood Pressure', 'action': 'keypad press', 'key': 2, 'value': 12}}
INFO:root:1723125733.480665,ID:1016,STAGE:2,SEQUENCE:11243,DATA:{'time': 1723125733.475, 'source': 'VitalsTask', 'timer': 80.483, 'data': {'sensor': 'Blood Pressure', 'action': 'keypad press', 'key': 11, 'value': 120}}
INFO:root:1723125734.735675,ID:1016,STAGE:2,SEQUENCE:11243,DATA:{'time': 1723125734.73, 'source': 'VitalsTask', 'timer': 81.738, 'data': {'sensor': 'Blood Pressure', 'action': 'keypad press', 'key': 8, 'value': 1208}}
INFO:root:1723125736.038607,ID:1016,STAGE:2,SEQUENCE:11243,DATA:{'time': 1723125736.032, 'source': 'VitalsTask', 'timer': 83.04, 'data': {'sensor': 'Blood Pressure', 'action': 'keypad press', 'key': 11, 'value': 12080}}
INFO:root:1723125736.994503,ID:1016,STAGE:2,SEQUENCE:11243,DATA:{'time': 1723125736.988, 'source': 'VitalsTask', 'timer': 83.996, 'data': {'sensor': 'Blood Pressure', 'action': 'show action buttons'}}
INFO:root:1723125736.996497,ID:1016,STAGE:2,SEQUENCE:11243,DATA:{'time': 1723125736.989, 'source': 'VitalsTask', 'timer': 83.997, 'data': {'sensor': 'Blood Pressure', 'action': 'keypad press', 'key': 10, 'value': 12080}}
INFO:root:1723125738.605858,ID:1016,STAGE:2,SEQUENCE:11243,DATA:{'time': 1723125738.6, 'source': 'VitalsTask', 'timer': 85.608, 'data': {'sensor': 'Blood Pressure', 'action': 'log', 'data': 'action button pressed'}}
INFO:root:1723125738.607852,ID:1016,STAGE:2,SEQUENCE:11243,DATA:{'time': 1723125738.6, 'source': 'VitalsTask', 'timer': 85.608, 'data': {'sensor': 'Blood Pressure', 'action': 'log', 'data': 'starting sensor action'}}
INFO:root:1723125739.618439,ID:1016,STAGE:2,SEQUENCE:11243,DATA:{'time': 1723125739.613, 'source': 'VitalsTask', 'timer': 86.621, 'data': {'sensor': 'Blood Pressure', 'action': 'log', 'data': 'sensor action complete'}}
INFO:root:1723125740.176995,ID:1016,STAGE:2,SEQUENCE:11243,DATA:{'time': 1723125740.17, 'source': 'VitalsTask', 'timer': 87.178, 'data': {'sensor': 'Blood Pressure', 'action': 'save', 'data': 'action button pressed'}}
INFO:root:1723125740.179986,ID:1016,STAGE:2,SEQUENCE:11243,DATA:{'time': 1723125740.17, 'source': 'VitalsTask', 'timer': 87.178, 'data': {'sensor': 'Blood Pressure', 'action': 'save', 'data': 'starting sensor action'}}
INFO:root:1723125741.198867,ID:1016,STAGE:2,SEQUENCE:11243,DATA:{'time': 1723125741.192, 'source': 'VitalsTask', 'timer': 88.2, 'data': {'sensor': 'Blood Pressure', 'action': 'save', 'data': 'sensor action complete'}}
INFO:root:1723125742.341214,ID:1016,STAGE:2,SEQUENCE:11243,DATA:{'time': 1723125742.334, 'source': 'VitalsTask', 'timer': 89.342, 'data': {'sensor': 'submit', 'action': 'submit'}}
INFO:root:1723125742.342211,ID:1016,STAGE:2,SEQUENCE:11243,DATA:{'time': 1723125742.334, 'source': 'VitalsTask', 'timer': 89.342, 'data': {'sensor': 'submit', 'action': 'submit', 'data': 'submit succeeded'}}
INFO:root:1723125743.516069,ID:1016,STAGE:2,SEQUENCE:11243,DATA:{'time': 1723125743.51, 'user-id': '1016', 'source': 'HAI Interface', 'destination-index': '3', 'study-stage': '2', 'decision-state': 0, 'vitals-state': 0, 'airspace-state': 0, 'data': {'page': 'inflight', 'action': 'user acknowledged vitals prompt'}}
INFO:root:Inflight Radio Update asked
INFO:root:sent request to set radio update complete
INFO:root:1723125752.109899,ID:1016,STAGE:2,SEQUENCE:11243,DATA:{'time': 1723125752.106, 'user-id': '1016', 'source': 'HAI Interface', 'destination-index': '3', 'study-stage': '2', 'decision-state': 0, 'vitals-state': 0, 'airspace-state': 0, 'data': {'action': 'transmit button pressed'}}
INFO:root:1723125752.113397,ID:1016,STAGE:2,SEQUENCE:11243,DATA:{'time': 1723125752.107, 'user-id': '1016', 'source': 'HAI Interface', 'destination-index': '3', 'study-stage': '2', 'decision-state': 0, 'vitals-state': 0, 'airspace-state': 0, 'data': {'action': 'callsign set to: + NASXGS'}}
INFO:root:1723125752.115397,ID:1016,STAGE:2,SEQUENCE:11243,DATA:{'time': 1723125752.107, 'user-id': '1016', 'source': 'HAI Interface', 'destination-index': '3', 'study-stage': '2', 'decision-state': 0, 'vitals-state': 0, 'airspace-state': 0, 'data': {'action': 'radio set to:Comm1'}}
INFO:root:1723125752.117395,ID:1016,STAGE:2,SEQUENCE:11243,DATA:{'time': 1723125752.107, 'user-id': '1016', 'source': 'HAI Interface', 'destination-index': '3', 'study-stage': '2', 'decision-state': 0, 'vitals-state': 0, 'airspace-state': 0, 'data': {'page': 'map', 'action': 'show map'}}
INFO:root:1723125752.123378,ID:1016,STAGE:2,SEQUENCE:11243,DATA:{'time': 1723125752.108, 'user-id': '1016', 'source': 'HAI Interface', 'destination-index': '3', 'study-stage': '2', 'decision-state': 0, 'vitals-state': 0, 'airspace-state': 0, 'data': {'page': 'map', 'action': 'selected helipad', 'value': '21'}}
INFO:root:1723125752.125371,ID:1016,STAGE:2,SEQUENCE:11243,DATA:{'time': 1723125752.112, 'user-id': '1016', 'source': 'HAI Interface', 'destination-index': '3', 'study-stage': '2', 'decision-state': 0, 'vitals-state': 0, 'airspace-state': 0, 'data': {'action': 'NASXGStransmitting updates onComm1123.45 MHz'}}
INFO:SimConnect.SimConnect:SIM OPEN
INFO:root:1723125769.399618,ID:1016,STAGE:2,SEQUENCE:11243,DATA:{'time': 1723125769.396, 'user-id': '1016', 'source': 'HAI Interface', 'destination-index': '3', 'study-stage': '2', 'decision-state': 0, 'vitals-state': 0, 'airspace-state': 0, 'data': {'page': 'map', 'action': 'hide map'}}
INFO:root:1723125772.056383,ID:1016,STAGE:2,SEQUENCE:11243,DATA:{'time': 1723125772.051, 'user-id': '1016', 'source': 'HAI Interface', 'destination-index': '3', 'study-stage': '2', 'decision-state': 0, 'vitals-state': 0, 'airspace-state': 0, 'data': {'page': 'map', 'action': 'show map'}}
INFO:root:1723125772.05789,ID:1016,STAGE:2,SEQUENCE:11243,DATA:{'time': 1723125772.052, 'user-id': '1016', 'source': 'HAI Interface', 'destination-index': '3', 'study-stage': '2', 'decision-state': 0, 'vitals-state': 0, 'airspace-state': 0, 'data': {'page': 'map', 'action': 'selected helipad', 'value': '21'}}
INFO:root:1723125797.173234,ID:1016,STAGE:2,SEQUENCE:11243,DATA:{'time': 1723125797.167, 'user-id': '1016', 'source': 'HAI Interface', 'destination-index': '3', 'study-stage': '2', 'decision-state': 0, 'vitals-state': 0, 'airspace-state': 0, 'data': {'page': 'inflight', 'action': 'displaying vitals prompt'}}
INFO:root:1723125802.746207,ID:1016,STAGE:2,SEQUENCE:11243,DATA:{'time': 1723125802.74, 'source': 'VitalsTask', 'timer': 60.406, 'data': {'sensor': 'Blood Pressure', 'action': 'capture', 'data': 'action button pressed'}}
INFO:root:1723125802.748152,ID:1016,STAGE:2,SEQUENCE:11243,DATA:{'time': 1723125802.74, 'source': 'VitalsTask', 'timer': 60.406, 'data': {'sensor': 'Blood Pressure', 'action': 'capture', 'data': 'starting sensor action'}}
INFO:root:1723125803.758345,ID:1016,STAGE:2,SEQUENCE:11243,DATA:{'time': 1723125803.751, 'source': 'VitalsTask', 'timer': 61.417, 'data': {'sensor': 'Blood Pressure', 'action': 'capture', 'data': 'sensor action complete'}}
INFO:root:1723125803.76196,ID:1016,STAGE:2,SEQUENCE:11243,DATA:{'time': 1723125803.752, 'source': 'VitalsTask', 'timer': 61.418, 'data': {'sensor': 'Blood Pressure', 'action': 'keypad open'}}
INFO:root:1723125807.903585,ID:1016,STAGE:2,SEQUENCE:11243,DATA:{'time': 1723125807.897, 'source': 'VitalsTask', 'timer': 65.563, 'data': {'sensor': 'Blood Pressure', 'action': 'keypad press', 'key': 1, 'value': 1}}
INFO:root:1723125808.925231,ID:1016,STAGE:2,SEQUENCE:11243,DATA:{'time': 1723125808.92, 'source': 'VitalsTask', 'timer': 66.586, 'data': {'sensor': 'Blood Pressure', 'action': 'keypad press', 'key': 2, 'value': 12}}
INFO:root:1723125810.259935,ID:1016,STAGE:2,SEQUENCE:11243,DATA:{'time': 1723125810.251, 'source': 'VitalsTask', 'timer': 67.917, 'data': {'sensor': 'Blood Pressure', 'action': 'keypad press', 'key': 11, 'value': 120}}
INFO:root:1723125811.553703,ID:1016,STAGE:2,SEQUENCE:11243,DATA:{'time': 1723125811.548, 'source': 'VitalsTask', 'timer': 69.214, 'data': {'sensor': 'Blood Pressure', 'action': 'keypad press', 'key': 8, 'value': 1208}}
INFO:root:1723125813.129331,ID:1016,STAGE:2,SEQUENCE:11243,DATA:{'time': 1723125813.115, 'source': 'VitalsTask', 'timer': 70.781, 'data': {'sensor': 'Blood Pressure', 'action': 'keypad press', 'key': 11, 'value': 12080}}
INFO:root:1723125814.034014,ID:1016,STAGE:2,SEQUENCE:11243,DATA:{'time': 1723125814.026, 'source': 'VitalsTask', 'timer': 71.692, 'data': {'sensor': 'Blood Pressure', 'action': 'show action buttons'}}
INFO:root:1723125814.036008,ID:1016,STAGE:2,SEQUENCE:11243,DATA:{'time': 1723125814.027, 'source': 'VitalsTask', 'timer': 71.693, 'data': {'sensor': 'Blood Pressure', 'action': 'keypad press', 'key': 10, 'value': 12080}}
INFO:root:1723125815.847329,ID:1016,STAGE:2,SEQUENCE:11243,DATA:{'time': 1723125815.84, 'source': 'VitalsTask', 'timer': 73.506, 'data': {'sensor': 'Blood Pressure', 'action': 'log', 'data': 'action button pressed'}}
INFO:root:1723125815.850602,ID:1016,STAGE:2,SEQUENCE:11243,DATA:{'time': 1723125815.84, 'source': 'VitalsTask', 'timer': 73.506, 'data': {'sensor': 'Blood Pressure', 'action': 'log', 'data': 'starting sensor action'}}
INFO:root:1723125816.862707,ID:1016,STAGE:2,SEQUENCE:11243,DATA:{'time': 1723125816.857, 'source': 'VitalsTask', 'timer': 74.523, 'data': {'sensor': 'Blood Pressure', 'action': 'log', 'data': 'sensor action complete'}}
INFO:root:1723125817.344225,ID:1016,STAGE:2,SEQUENCE:11243,DATA:{'time': 1723125817.337, 'source': 'VitalsTask', 'timer': 75.003, 'data': {'sensor': 'Blood Pressure', 'action': 'save', 'data': 'action button pressed'}}
INFO:root:1723125817.34622,ID:1016,STAGE:2,SEQUENCE:11243,DATA:{'time': 1723125817.338, 'source': 'VitalsTask', 'timer': 75.004, 'data': {'sensor': 'Blood Pressure', 'action': 'save', 'data': 'starting sensor action'}}
INFO:root:1723125818.358254,ID:1016,STAGE:2,SEQUENCE:11243,DATA:{'time': 1723125818.351, 'source': 'VitalsTask', 'timer': 76.017, 'data': {'sensor': 'Blood Pressure', 'action': 'save', 'data': 'sensor action complete'}}
INFO:root:1723125819.013642,ID:1016,STAGE:2,SEQUENCE:11243,DATA:{'time': 1723125819.008, 'source': 'VitalsTask', 'timer': 76.674, 'data': {'sensor': 'O\u2082 Saturation', 'action': 'opened sensor tab'}}
INFO:root:1723125821.002151,ID:1016,STAGE:2,SEQUENCE:11243,DATA:{'time': 1723125820.996, 'source': 'VitalsTask', 'timer': 78.662, 'data': {'sensor': 'O\u2082 Saturation', 'action': 'capture', 'data': 'action button pressed'}}
INFO:root:1723125821.008136,ID:1016,STAGE:2,SEQUENCE:11243,DATA:{'time': 1723125820.996, 'source': 'VitalsTask', 'timer': 78.662, 'data': {'sensor': 'O\u2082 Saturation', 'action': 'capture', 'data': 'starting sensor action'}}
INFO:root:1723125822.020254,ID:1016,STAGE:2,SEQUENCE:11243,DATA:{'time': 1723125822.013, 'source': 'VitalsTask', 'timer': 79.679, 'data': {'sensor': 'O\u2082 Saturation', 'action': 'capture', 'data': 'sensor action complete'}}
INFO:root:1723125822.023246,ID:1016,STAGE:2,SEQUENCE:11243,DATA:{'time': 1723125822.014, 'source': 'VitalsTask', 'timer': 79.68, 'data': {'sensor': 'O\u2082 Saturation', 'action': 'keypad open'}}
INFO:root:1723125822.973516,ID:1016,STAGE:2,SEQUENCE:11243,DATA:{'time': 1723125822.964, 'source': 'VitalsTask', 'timer': 80.63, 'data': {'sensor': 'O\u2082 Saturation', 'action': 'keypad press', 'key': 1, 'value': 1}}
INFO:root:1723125824.315142,ID:1016,STAGE:2,SEQUENCE:11243,DATA:{'time': 1723125824.307, 'source': 'VitalsTask', 'timer': 81.973, 'data': {'sensor': 'O\u2082 Saturation', 'action': 'keypad press', 'key': 11, 'value': 10}}
INFO:root:1723125824.829397,ID:1016,STAGE:2,SEQUENCE:11243,DATA:{'time': 1723125824.82, 'source': 'VitalsTask', 'timer': 82.486, 'data': {'sensor': 'O\u2082 Saturation', 'action': 'keypad press', 'key': 11, 'value': 100}}
INFO:root:1723125826.147902,ID:1016,STAGE:2,SEQUENCE:11243,DATA:{'time': 1723125826.141, 'source': 'VitalsTask', 'timer': 83.807, 'data': {'sensor': 'O\u2082 Saturation', 'action': 'show action buttons'}}
INFO:root:1723125826.149897,ID:1016,STAGE:2,SEQUENCE:11243,DATA:{'time': 1723125826.142, 'source': 'VitalsTask', 'timer': 83.808, 'data': {'sensor': 'O\u2082 Saturation', 'action': 'keypad press', 'key': 10, 'value': 100}}
INFO:root:1723125828.834666,ID:1016,STAGE:2,SEQUENCE:11243,DATA:{'time': 1723125828.827, 'source': 'VitalsTask', 'timer': 86.493, 'data': {'sensor': 'O\u2082 Saturation', 'action': 'log', 'data': 'action button pressed'}}
INFO:root:1723125828.838753,ID:1016,STAGE:2,SEQUENCE:11243,DATA:{'time': 1723125828.827, 'source': 'VitalsTask', 'timer': 86.493, 'data': {'sensor': 'O\u2082 Saturation', 'action': 'log', 'data': 'starting sensor action'}}
INFO:root:1723125829.845453,ID:1016,STAGE:2,SEQUENCE:11243,DATA:{'time': 1723125829.839, 'source': 'VitalsTask', 'timer': 87.505, 'data': {'sensor': 'O\u2082 Saturation', 'action': 'log', 'data': 'sensor action complete'}}
INFO:root:1723125830.351565,ID:1016,STAGE:2,SEQUENCE:11243,DATA:{'time': 1723125830.343, 'source': 'VitalsTask', 'timer': 88.009, 'data': {'sensor': 'O\u2082 Saturation', 'action': 'save', 'data': 'action button pressed'}}
INFO:root:1723125830.353561,ID:1016,STAGE:2,SEQUENCE:11243,DATA:{'time': 1723125830.343, 'source': 'VitalsTask', 'timer': 88.009, 'data': {'sensor': 'O\u2082 Saturation', 'action': 'save', 'data': 'starting sensor action'}}
INFO:root:1723125831.373192,ID:1016,STAGE:2,SEQUENCE:11243,DATA:{'time': 1723125831.364, 'source': 'VitalsTask', 'timer': 89.03, 'data': {'sensor': 'O\u2082 Saturation', 'action': 'save', 'data': 'sensor action complete'}}
INFO:root:1723125831.906951,ID:1016,STAGE:2,SEQUENCE:11243,DATA:{'time': 1723125831.897, 'source': 'VitalsTask', 'timer': 89.563, 'data': {'sensor': 'Heart Rate', 'action': 'opened sensor tab'}}
INFO:root:1723125833.409633,ID:1016,STAGE:2,SEQUENCE:11243,DATA:{'time': 1723125833.403, 'source': 'VitalsTask', 'timer': 91.069, 'data': {'sensor': 'Heart Rate', 'action': 'capture', 'data': 'action button pressed'}}
INFO:root:1723125833.414132,ID:1016,STAGE:2,SEQUENCE:11243,DATA:{'time': 1723125833.403, 'source': 'VitalsTask', 'timer': 91.069, 'data': {'sensor': 'Heart Rate', 'action': 'capture', 'data': 'starting sensor action'}}
INFO:root:1723125834.420747,ID:1016,STAGE:2,SEQUENCE:11243,DATA:{'time': 1723125834.415, 'source': 'VitalsTask', 'timer': 92.081, 'data': {'sensor': 'Heart Rate', 'action': 'capture', 'data': 'sensor action complete'}}
INFO:root:1723125834.423738,ID:1016,STAGE:2,SEQUENCE:11243,DATA:{'time': 1723125834.415, 'source': 'VitalsTask', 'timer': 92.081, 'data': {'sensor': 'Heart Rate', 'action': 'keypad open'}}
INFO:root:1723125836.009853,ID:1016,STAGE:2,SEQUENCE:11243,DATA:{'time': 1723125835.999, 'source': 'VitalsTask', 'timer': 93.665, 'data': {'sensor': 'Heart Rate', 'action': 'keypad press', 'key': 5, 'value': 5}}
INFO:root:1723125837.532618,ID:1016,STAGE:2,SEQUENCE:11243,DATA:{'time': 1723125837.526, 'source': 'VitalsTask', 'timer': 95.192, 'data': {'sensor': 'Heart Rate', 'action': 'keypad press', 'key': 5, 'value': 55}}
INFO:root:1723125839.138816,ID:1016,STAGE:2,SEQUENCE:11243,DATA:{'time': 1723125839.131, 'source': 'VitalsTask', 'timer': 96.797, 'data': {'sensor': 'Heart Rate', 'action': 'show action buttons'}}
INFO:root:1723125839.139814,ID:1016,STAGE:2,SEQUENCE:11243,DATA:{'time': 1723125839.131, 'source': 'VitalsTask', 'timer': 96.797, 'data': {'sensor': 'Heart Rate', 'action': 'keypad press', 'key': 10, 'value': 55}}
INFO:root:1723125840.479387,ID:1016,STAGE:2,SEQUENCE:11243,DATA:{'time': 1723125840.472, 'source': 'VitalsTask', 'timer': 98.138, 'data': {'sensor': 'Heart Rate', 'action': 'log', 'data': 'action button pressed'}}
INFO:root:1723125840.482885,ID:1016,STAGE:2,SEQUENCE:11243,DATA:{'time': 1723125840.473, 'source': 'VitalsTask', 'timer': 98.139, 'data': {'sensor': 'Heart Rate', 'action': 'log', 'data': 'starting sensor action'}}
INFO:root:1723125841.491959,ID:1016,STAGE:2,SEQUENCE:11243,DATA:{'time': 1723125841.486, 'source': 'VitalsTask', 'timer': 99.152, 'data': {'sensor': 'Heart Rate', 'action': 'log', 'data': 'sensor action complete'}}
INFO:root:1723125842.584704,ID:1016,STAGE:2,SEQUENCE:11243,DATA:{'time': 1723125842.577, 'source': 'VitalsTask', 'timer': 100.243, 'data': {'sensor': 'Heart Rate', 'action': 'save', 'data': 'action button pressed'}}
INFO:root:1723125842.590208,ID:1016,STAGE:2,SEQUENCE:11243,DATA:{'time': 1723125842.577, 'source': 'VitalsTask', 'timer': 100.243, 'data': {'sensor': 'Heart Rate', 'action': 'save', 'data': 'starting sensor action'}}
INFO:root:1723125843.603348,ID:1016,STAGE:2,SEQUENCE:11243,DATA:{'time': 1723125843.598, 'source': 'VitalsTask', 'timer': 101.264, 'data': {'sensor': 'Heart Rate', 'action': 'save', 'data': 'sensor action complete'}}
INFO:root:1723125844.854899,ID:1016,STAGE:2,SEQUENCE:11243,DATA:{'time': 1723125844.849, 'source': 'VitalsTask', 'timer': 102.515, 'data': {'sensor': 'submit', 'action': 'submit'}}
INFO:root:1723125844.858401,ID:1016,STAGE:2,SEQUENCE:11243,DATA:{'time': 1723125844.849, 'source': 'VitalsTask', 'timer': 102.515, 'data': {'sensor': 'submit', 'action': 'submit', 'data': 'submit succeeded'}}
INFO:root:1723125854.060846,ID:1016,STAGE:2,SEQUENCE:11243,DATA:{'time': 1723125854.055, 'source': 'VitalsTask', 'timer': 9.206, 'data': {'sensor': 'Blood Pressure', 'action': 'opened sensor tab'}}
INFO:root:1723125855.528173,ID:1016,STAGE:2,SEQUENCE:11243,DATA:{'time': 1723125855.522, 'source': 'VitalsTask', 'timer': 10.673, 'data': {'sensor': 'Blood Pressure', 'action': 'capture', 'data': 'action button pressed'}}
INFO:root:1723125855.529678,ID:1016,STAGE:2,SEQUENCE:11243,DATA:{'time': 1723125855.522, 'source': 'VitalsTask', 'timer': 10.673, 'data': {'sensor': 'Blood Pressure', 'action': 'capture', 'data': 'starting sensor action'}}
INFO:root:1723125856.54375,ID:1016,STAGE:2,SEQUENCE:11243,DATA:{'time': 1723125856.537, 'source': 'VitalsTask', 'timer': 11.688, 'data': {'sensor': 'Blood Pressure', 'action': 'capture', 'data': 'sensor action complete'}}
INFO:root:1723125856.545747,ID:1016,STAGE:2,SEQUENCE:11243,DATA:{'time': 1723125856.538, 'source': 'VitalsTask', 'timer': 11.689, 'data': {'sensor': 'Blood Pressure', 'action': 'keypad open'}}
INFO:root:1723125857.562303,ID:1016,STAGE:2,SEQUENCE:11243,DATA:{'time': 1723125857.556, 'source': 'VitalsTask', 'timer': 12.707, 'data': {'sensor': 'Blood Pressure', 'action': 'keypad press', 'key': 2, 'value': 2}}
INFO:root:1723125858.797399,ID:1016,STAGE:2,SEQUENCE:11243,DATA:{'time': 1723125858.791, 'source': 'VitalsTask', 'timer': 13.942, 'data': {'sensor': 'Blood Pressure', 'action': 'keypad press', 'key': 3, 'value': 23}}
INFO:root:1723125859.73595,ID:1016,STAGE:2,SEQUENCE:11243,DATA:{'time': 1723125859.73, 'source': 'VitalsTask', 'timer': 14.881, 'data': {'sensor': 'Blood Pressure', 'action': 'keypad press', 'key': 6, 'value': 236}}
INFO:root:1723125861.507303,ID:1016,STAGE:2,SEQUENCE:11243,DATA:{'time': 1723125861.501, 'source': 'VitalsTask', 'timer': 16.652, 'data': {'sensor': 'Blood Pressure', 'action': 'keypad press', 'key': 1, 'value': 2361}}
INFO:root:1723125863.085395,ID:1016,STAGE:2,SEQUENCE:11243,DATA:{'time': 1723125863.079, 'source': 'VitalsTask', 'timer': 18.23, 'data': {'sensor': 'Blood Pressure', 'action': 'keypad press', 'key': 9, 'value': 23619}}
INFO:root:1723125864.363748,ID:1016,STAGE:2,SEQUENCE:11243,DATA:{'time': 1723125864.352, 'source': 'VitalsTask', 'timer': 19.503, 'data': {'sensor': 'Blood Pressure', 'action': 'keypad press', 'key': 6, 'value': 236196}}
INFO:root:1723125867.022231,ID:1016,STAGE:2,SEQUENCE:11243,DATA:{'time': 1723125867.016, 'source': 'VitalsTask', 'timer': 22.167, 'data': {'sensor': 'Blood Pressure', 'action': 'show action buttons'}}
INFO:root:1723125867.027723,ID:1016,STAGE:2,SEQUENCE:11243,DATA:{'time': 1723125867.017, 'source': 'VitalsTask', 'timer': 22.168, 'data': {'sensor': 'Blood Pressure', 'action': 'keypad press', 'key': 10, 'value': 236196}}
INFO:root:1723125874.948747,ID:1016,STAGE:2,SEQUENCE:11243,DATA:{'time': 1723125874.944, 'user-id': '1016', 'source': 'HAI Interface', 'destination-index': '3', 'study-stage': '2', 'decision-state': 0, 'vitals-state': '1', 'airspace-state': 0, 'data': {'page': 'inflight', 'action': 'user acknowledged vitals prompt'}}
INFO:root:1723125882.484633,ID:1016,STAGE:2,SEQUENCE:11243,DATA:{'time': 1723125882.468, 'user-id': '1016', 'source': 'HAI Interface', 'destination-index': '3', 'study-stage': '2', 'decision-state': 0, 'vitals-state': '1', 'airspace-state': 0, 'data': {'action': 'receive button pressed'}}
INFO:root:1723125882.487625,ID:1016,STAGE:2,SEQUENCE:11243,DATA:{'time': 1723125882.469, 'user-id': '1016', 'source': 'HAI Interface', 'destination-index': '3', 'study-stage': '2', 'decision-state': 0, 'vitals-state': '1', 'airspace-state': 0, 'data': {'action': 'callsign set to:[object Object]'}}
INFO:root:1723125882.495605,ID:1016,STAGE:2,SEQUENCE:11243,DATA:{'time': 1723125882.47, 'user-id': '1016', 'source': 'HAI Interface', 'destination-index': '3', 'study-stage': '2', 'decision-state': 0, 'vitals-state': '1', 'airspace-state': 0, 'data': {'action': 'radio set to:Comm2'}}
INFO:root:1723125882.508083,ID:1016,STAGE:2,SEQUENCE:11243,DATA:{'time': 1723125882.479, 'user-id': '1016', 'source': 'HAI Interface', 'destination-index': '3', 'study-stage': '2', 'decision-state': 0, 'vitals-state': '1', 'airspace-state': 0, 'data': {'action': 'MEDEVACtransmitting onComm2123.45 MHz'}}
INFO:root:Administer medication radio comm initiated
INFO:SimConnect.SimConnect:SIM OPEN
INFO:SimConnect.SimConnect:SIM OPEN
INFO:root:Administer medication radio comm done- command to clear event  make the receive 0 sent 
INFO:root:1723125953.768281,ID:1016,STAGE:2,SEQUENCE:11243,DATA:{'time': 1723125953.763, 'user-id': '1016', 'source': 'HAI Interface', 'destination-index': '3', 'study-stage': '2', 'decision-state': 0, 'vitals-state': '1', 'airspace-state': 0, 'data': {'page': 'Inflight', 'action': 'help button pressed'}}
INFO:root:1723125953.954115,ID:1016,STAGE:2,SEQUENCE:11243,DATA:{'time': 1723125953.946, 'user-id': 'none', 'source': 'HAI Interface', 'destination-index': 3, 'study-stage': -1, 'decision-state': 0, 'vitals-state': 0, 'airspace-state': 0, 'data': {'page': 'help', 'action': 'opened page'}}
INFO:root:1723125954.894856,ID:1016,STAGE:2,SEQUENCE:11243,DATA:{'time': 1723125954.887, 'user-id': '1016', 'source': 'HAI Interface', 'destination-index': '3', 'study-stage': '2', 'decision-state': 0, 'vitals-state': '1', 'airspace-state': 0, 'data': {'page': 'map', 'action': 'selected helipad', 'value': '21'}}
INFO:root:1723125958.497547,ID:1016,STAGE:2,SEQUENCE:11243,DATA:{'time': 1723125958.493, 'user-id': '1016', 'source': 'HAI Interface', 'destination-index': '3', 'study-stage': '2', 'decision-state': 0, 'vitals-state': '1', 'airspace-state': 0, 'data': {'page': 'help', 'action': ' Asking for further assistance'}}
INFO:root:1723125969.328092,ID:1016,STAGE:2,SEQUENCE:11243,DATA:{'time': 1723125969.318, 'user-id': '1016', 'source': 'HAI Interface', 'destination-index': '3', 'study-stage': '2', 'decision-state': 0, 'vitals-state': '1', 'airspace-state': 0, 'data': {'action': 'receive button pressed'}}
INFO:root:1723125969.331087,ID:1016,STAGE:2,SEQUENCE:11243,DATA:{'time': 1723125969.319, 'user-id': '1016', 'source': 'HAI Interface', 'destination-index': '3', 'study-stage': '2', 'decision-state': 0, 'vitals-state': '1', 'airspace-state': 0, 'data': {'action': 'callsign set to:[object Object]'}}
INFO:root:1723125969.335075,ID:1016,STAGE:2,SEQUENCE:11243,DATA:{'time': 1723125969.319, 'user-id': '1016', 'source': 'HAI Interface', 'destination-index': '3', 'study-stage': '2', 'decision-state': 0, 'vitals-state': '1', 'airspace-state': 0, 'data': {'action': 'radio set to:Comm2'}}
INFO:root:1723125969.339063,ID:1016,STAGE:2,SEQUENCE:11243,DATA:{'time': 1723125969.325, 'user-id': '1016', 'source': 'HAI Interface', 'destination-index': '3', 'study-stage': '2', 'decision-state': 0, 'vitals-state': '1', 'airspace-state': 0, 'data': {'action': 'MEDEVACtransmitting onComm2123.45 MHz'}}
INFO:root:Administer medication radio comm initiated
INFO:root:voice activity detected
INFO:root:recording started
INFO:root:voice deactivity detected
INFO:root:recording stopped
