INFO:root:1723124738.431777,ID:1016,STAGE:1,SEQUENCE:11243,DATA:{'time': 1723124738.428, 'user-id': '1016', 'source': 'HAI Interface', 'destination-index': 'None', 'study-stage': '1', 'decision-state': 0, 'vitals-state': 0, 'airspace-state': 0, 'data': {'page': 'index', 'action': 'confirm button pressed'}}
INFO:root:1723124738.534094,ID:1016,STAGE:1,SEQUENCE:11243,DATA:{'time': 1723124738.525, 'user-id': 'none', 'source': 'HAI Interface', 'destination-index': 3, 'study-stage': -1, 'decision-state': 0, 'vitals-state': 0, 'airspace-state': 0, 'data': {'page': 'location', 'action': 'opened page'}}
INFO:root:Takeoff radiocomms initiated
INFO:root:1723124739.502103,ID:1016,STAGE:1,SEQUENCE:11243,DATA:{'time': 1723124739.497, 'user-id': '1016', 'source': 'HAI Interface', 'destination-index': 'None', 'study-stage': '1', 'decision-state': 0, 'vitals-state': 0, 'airspace-state': 0, 'data': {'page': 'map', 'action': 'selected helipad', 'value': '21'}}
INFO:root:Takeoff radiocomms clear request sent
INFO:root:1723124760.151937,ID:1016,STAGE:1,SEQUENCE:11243,DATA:{'time': 1723124760.148, 'user-id': '1016', 'source': 'HAI Interface', 'destination-index': 'None', 'study-stage': '1', 'decision-state': 0, 'vitals-state': 0, 'airspace-state': 0, 'data': {'page': 'location', 'action': 'confirm button pressed'}}
INFO:root:1723124760.388856,ID:1016,STAGE:1,SEQUENCE:11243,DATA:{'time': 1723124760.378, 'user-id': 'none', 'source': 'HAI Interface', 'destination-index': 3, 'study-stage': -1, 'decision-state': 0, 'vitals-state': 0, 'airspace-state': 0, 'data': {'page': 'checklist', 'action': 'opened page', 'inflight': False}}
INFO:root:1723124761.350558,ID:1016,STAGE:1,SEQUENCE:11243,DATA:{'time': 1723124761.347, 'user-id': '1016', 'source': 'HAI Interface', 'destination-index': '3', 'study-stage': '1', 'decision-state': 0, 'vitals-state': 0, 'airspace-state': 0, 'data': {'page': 'map', 'action': 'selected helipad', 'value': '21'}}
INFO:root:1723124766.714549,ID:1016,STAGE:1,SEQUENCE:11243,DATA:{'time': 1723124766.711, 'user-id': '1016', 'source': 'HAI Interface', 'destination-index': '3', 'study-stage': '1', 'decision-state': 0, 'vitals-state': 0, 'airspace-state': 0, 'data': {'page': 'checklist', 'action': 'toggled checkbox', 'inflight': False, 'item': 0, 'value': 'OFF'}}
INFO:root:1723124769.607199,ID:1016,STAGE:1,SEQUENCE:11243,DATA:{'time': 1723124769.604, 'user-id': '1016', 'source': 'HAI Interface', 'destination-index': '3', 'study-stage': '1', 'decision-state': 0, 'vitals-state': 0, 'airspace-state': 0, 'data': {'page': 'checklist', 'action': 'toggled checkbox', 'inflight': False, 'item': 1, 'value': 'OFF'}}
INFO:root:1723124771.229758,ID:1016,STAGE:1,SEQUENCE:11243,DATA:{'time': 1723124771.226, 'user-id': '1016', 'source': 'HAI Interface', 'destination-index': '3', 'study-stage': '1', 'decision-state': 0, 'vitals-state': 0, 'airspace-state': 0, 'data': {'page': 'checklist', 'action': 'toggled checkbox', 'inflight': False, 'item': 2, 'value': 'OFF'}}
INFO:root:1723124771.230754,ID:1016,STAGE:1,SEQUENCE:11243,DATA:{'time': 1723124771.226, 'user-id': '1016', 'source': 'HAI Interface', 'destination-index': '3', 'study-stage': '1', 'decision-state': 0, 'vitals-state': 0, 'airspace-state': 0, 'data': {'page': 'checklist', 'action': 'showing confirm button', 'inflight': False}}
INFO:root:1723124772.170542,ID:1016,STAGE:1,SEQUENCE:11243,DATA:{'time': 1723124772.166, 'user-id': '1016', 'source': 'HAI Interface', 'destination-index': '3', 'study-stage': '1', 'decision-state': 0, 'vitals-state': 0, 'airspace-state': 0, 'data': {'page': 'checklist', 'action': 'confirm button clicked', 'inflight': False}}
INFO:root:1723124772.272167,ID:1016,STAGE:1,SEQUENCE:11243,DATA:{'time': 1723124772.257, 'user-id': 'none', 'source': 'HAI Interface', 'destination-index': 3, 'study-stage': -1, 'decision-state': 0, 'vitals-state': 0, 'airspace-state': 0, 'data': {'page': 'countdown', 'action': 'opened page'}}
INFO:root:1723124773.234325,ID:1016,STAGE:1,SEQUENCE:11243,DATA:{'time': 1723124773.231, 'user-id': '1016', 'source': 'HAI Interface', 'destination-index': '3', 'study-stage': '1', 'decision-state': 0, 'vitals-state': 0, 'airspace-state': 0, 'data': {'page': 'map', 'action': 'selected helipad', 'value': '21'}}
INFO:root:1723124773.267616,ID:1016,STAGE:1,SEQUENCE:11243,DATA:{'time': 1723124773.264, 'user-id': '1016', 'source': 'HAI Interface', 'destination-index': '3', 'study-stage': '1', 'decision-state': 0, 'vitals-state': 0, 'airspace-state': 0, 'data': {'page': 'countdown', 'action': 'countdown now 4'}}
INFO:root:1723124774.266819,ID:1016,STAGE:1,SEQUENCE:11243,DATA:{'time': 1723124774.264, 'user-id': '1016', 'source': 'HAI Interface', 'destination-index': '3', 'study-stage': '1', 'decision-state': 0, 'vitals-state': 0, 'airspace-state': 0, 'data': {'page': 'countdown', 'action': 'countdown now 3'}}
INFO:root:1723124775.264092,ID:1016,STAGE:1,SEQUENCE:11243,DATA:{'time': 1723124775.259, 'user-id': '1016', 'source': 'HAI Interface', 'destination-index': '3', 'study-stage': '1', 'decision-state': 0, 'vitals-state': 0, 'airspace-state': 0, 'data': {'page': 'countdown', 'action': 'countdown now 2'}}
INFO:root:1723124776.267583,ID:1016,STAGE:1,SEQUENCE:11243,DATA:{'time': 1723124776.264, 'user-id': '1016', 'source': 'HAI Interface', 'destination-index': '3', 'study-stage': '1', 'decision-state': 0, 'vitals-state': 0, 'airspace-state': 0, 'data': {'page': 'countdown', 'action': 'countdown now 1'}}
INFO:root:1723124777.267769,ID:1016,STAGE:1,SEQUENCE:11243,DATA:{'time': 1723124777.264, 'user-id': '1016', 'source': 'HAI Interface', 'destination-index': '3', 'study-stage': '1', 'decision-state': 0, 'vitals-state': 0, 'airspace-state': 0, 'data': {'page': 'countdown', 'action': 'countdown now 0'}}
INFO:root:1723124778.263699,ID:1016,STAGE:1,SEQUENCE:11243,DATA:{'time': 1723124778.259, 'user-id': '1016', 'source': 'HAI Interface', 'destination-index': '3', 'study-stage': '1', 'decision-state': 0, 'vitals-state': 0, 'airspace-state': 0, 'data': {'page': 'countdown', 'action': 'countdown complete'}}
INFO:root:1723124779.619801,ID:1016,STAGE:1,SEQUENCE:11243,DATA:{'time': 1723124779.615, 'user-id': '1016', 'source': 'HAI Interface', 'destination-index': '3', 'study-stage': '1', 'decision-state': 0, 'vitals-state': 0, 'airspace-state': 0, 'data': {'page': 'map', 'action': 'selected helipad', 'value': '21'}}
INFO:root:1723124783.83711,ID:1016,STAGE:1,SEQUENCE:11243,DATA:{'time': 1723124783.831, 'user-id': '1016', 'source': 'HAI Interface', 'destination-index': '3', 'study-stage': '1', 'decision-state': 0, 'vitals-state': 0, 'airspace-state': 0, 'data': {'page': 'emergency', 'action': 'trying to change destination to100'}}
INFO:root:Inflight Radio Update asked
INFO:root:sent request to set radio update complete
INFO:root:1723124788.849716,ID:1016,STAGE:1,SEQUENCE:11243,DATA:{'time': 1723124788.844, 'user-id': '1016', 'source': 'HAI Interface', 'destination-index': '3', 'study-stage': '1', 'decision-state': 0, 'vitals-state': 0, 'airspace-state': 0, 'data': {'page': 'emergency', 'action': 'trying to change destination to19'}}
INFO:root:1723124793.831128,ID:1016,STAGE:1,SEQUENCE:11243,DATA:{'time': 1723124793.826, 'user-id': '1016', 'source': 'HAI Interface', 'destination-index': '3', 'study-stage': '1', 'decision-state': 0, 'vitals-state': 0, 'airspace-state': 0, 'data': {'page': 'emergency', 'action': 'trying to change destination to19'}}
INFO:root:1723124794.404087,ID:1016,STAGE:1,SEQUENCE:11243,DATA:{'time': 1723124794.401, 'user-id': '1016', 'source': 'HAI Interface', 'destination-index': '3', 'study-stage': '1', 'decision-state': 0, 'vitals-state': 0, 'airspace-state': 0, 'data': {'action': 'radio panel opened'}}
INFO:root:1723124798.847306,ID:1016,STAGE:1,SEQUENCE:11243,DATA:{'time': 1723124798.843, 'user-id': '1016', 'source': 'HAI Interface', 'destination-index': '3', 'study-stage': '1', 'decision-state': 0, 'vitals-state': 0, 'airspace-state': 0, 'data': {'page': 'emergency', 'action': 'trying to change destination to19'}}
INFO:root:1723124803.814896,ID:1016,STAGE:1,SEQUENCE:11243,DATA:{'time': 1723124803.809, 'user-id': '1016', 'source': 'HAI Interface', 'destination-index': '3', 'study-stage': '1', 'decision-state': 0, 'vitals-state': 0, 'airspace-state': 0, 'data': {'page': 'emergency', 'action': 'trying to change destination to19'}}
INFO:root:1723124808.851233,ID:1016,STAGE:1,SEQUENCE:11243,DATA:{'time': 1723124808.847, 'user-id': '1016', 'source': 'HAI Interface', 'destination-index': '3', 'study-stage': '1', 'decision-state': 0, 'vitals-state': 0, 'airspace-state': 0, 'data': {'page': 'emergency', 'action': 'trying to change destination to19'}}
INFO:root:1723124809.339505,ID:1016,STAGE:1,SEQUENCE:11243,DATA:{'time': 1723124809.336, 'user-id': '1016', 'source': 'HAI Interface', 'destination-index': '3', 'study-stage': '1', 'decision-state': 0, 'vitals-state': 0, 'airspace-state': 0, 'data': {'action': 'transmit button pressed'}}
INFO:root:1723124809.343494,ID:1016,STAGE:1,SEQUENCE:11243,DATA:{'time': 1723124809.336, 'user-id': '1016', 'source': 'HAI Interface', 'destination-index': '3', 'study-stage': '1', 'decision-state': 0, 'vitals-state': 0, 'airspace-state': 0, 'data': {'action': 'callsign set to: + NASXGS'}}
INFO:root:1723124809.344491,ID:1016,STAGE:1,SEQUENCE:11243,DATA:{'time': 1723124809.337, 'user-id': '1016', 'source': 'HAI Interface', 'destination-index': '3', 'study-stage': '1', 'decision-state': 0, 'vitals-state': 0, 'airspace-state': 0, 'data': {'action': 'radio set to:Comm1'}}
INFO:root:1723124809.346515,ID:1016,STAGE:1,SEQUENCE:11243,DATA:{'time': 1723124809.337, 'user-id': '1016', 'source': 'HAI Interface', 'destination-index': '3', 'study-stage': '1', 'decision-state': 0, 'vitals-state': 0, 'airspace-state': 0, 'data': {'page': 'map', 'action': 'show map'}}
INFO:root:1723124809.350509,ID:1016,STAGE:1,SEQUENCE:11243,DATA:{'time': 1723124809.337, 'user-id': '1016', 'source': 'HAI Interface', 'destination-index': '3', 'study-stage': '1', 'decision-state': 0, 'vitals-state': 0, 'airspace-state': 0, 'data': {'page': 'map', 'action': 'selected helipad', 'value': '21'}}
INFO:root:1723124809.355951,ID:1016,STAGE:1,SEQUENCE:11243,DATA:{'time': 1723124809.343, 'user-id': '1016', 'source': 'HAI Interface', 'destination-index': '3', 'study-stage': '1', 'decision-state': 0, 'vitals-state': 0, 'airspace-state': 0, 'data': {'action': 'NASXGStransmitting updates onComm1123.45 MHz'}}
INFO:root:1723124813.928311,ID:1016,STAGE:1,SEQUENCE:11243,DATA:{'time': 1723124813.922, 'user-id': '1016', 'source': 'HAI Interface', 'destination-index': '3', 'study-stage': '1', 'decision-state': 0, 'vitals-state': 0, 'airspace-state': 0, 'data': {'page': 'emergency', 'action': 'trying to change destination to19'}}
INFO:root:1723124818.850098,ID:1016,STAGE:1,SEQUENCE:11243,DATA:{'time': 1723124818.843, 'user-id': '1016', 'source': 'HAI Interface', 'destination-index': '3', 'study-stage': '1', 'decision-state': 0, 'vitals-state': 0, 'airspace-state': 0, 'data': {'page': 'emergency', 'action': 'trying to change destination to19'}}
INFO:root:1723124823.894168,ID:1016,STAGE:1,SEQUENCE:11243,DATA:{'time': 1723124823.888, 'user-id': '1016', 'source': 'HAI Interface', 'destination-index': '3', 'study-stage': '1', 'decision-state': 0, 'vitals-state': 0, 'airspace-state': 0, 'data': {'page': 'emergency', 'action': 'trying to change destination to19'}}
INFO:root:1723124828.390792,ID:1016,STAGE:1,SEQUENCE:11243,DATA:{'time': 1723124828.386, 'user-id': '1016', 'source': 'HAI Interface', 'destination-index': '3', 'study-stage': '1', 'decision-state': 0, 'vitals-state': 0, 'airspace-state': 0, 'data': {'page': 'map', 'action': 'hide map'}}
INFO:root:1723124828.845423,ID:1016,STAGE:1,SEQUENCE:11243,DATA:{'time': 1723124828.841, 'user-id': '1016', 'source': 'HAI Interface', 'destination-index': '3', 'study-stage': '1', 'decision-state': 0, 'vitals-state': 0, 'airspace-state': 0, 'data': {'page': 'emergency', 'action': 'trying to change destination to19'}}
INFO:root:1723124832.417062,ID:1016,STAGE:1,SEQUENCE:11243,DATA:{'time': 1723124832.412, 'user-id': '1016', 'source': 'HAI Interface', 'destination-index': '3', 'study-stage': '1', 'decision-state': 0, 'vitals-state': 0, 'airspace-state': 0, 'data': {'page': 'inflight', 'action': 'displaying vitals prompt'}}
INFO:root:1723124833.832825,ID:1016,STAGE:1,SEQUENCE:11243,DATA:{'time': 1723124833.827, 'user-id': '1016', 'source': 'HAI Interface', 'destination-index': '3', 'study-stage': '1', 'decision-state': 0, 'vitals-state': 0, 'airspace-state': 0, 'data': {'page': 'emergency', 'action': 'trying to change destination to19'}}
INFO:root:1723124837.53763,ID:1016,STAGE:1,SEQUENCE:11243,DATA:{'time': 1723124837.529, 'source': 'VitalsTask', 'timer': 217.664, 'data': {'sensor': 'Heart Rate', 'action': 'capture', 'data': 'action button pressed'}}
INFO:root:1723124837.539134,ID:1016,STAGE:1,SEQUENCE:11243,DATA:{'time': 1723124837.53, 'source': 'VitalsTask', 'timer': 217.665, 'data': {'sensor': 'Heart Rate', 'action': 'capture', 'data': 'starting sensor action'}}
INFO:root:1723124838.553108,ID:1016,STAGE:1,SEQUENCE:11243,DATA:{'time': 1723124838.546, 'source': 'VitalsTask', 'timer': 218.681, 'data': {'sensor': 'Heart Rate', 'action': 'capture', 'data': 'sensor action complete'}}
INFO:root:1723124838.555227,ID:1016,STAGE:1,SEQUENCE:11243,DATA:{'time': 1723124838.546, 'source': 'VitalsTask', 'timer': 218.681, 'data': {'sensor': 'Heart Rate', 'action': 'keypad open'}}
INFO:root:1723124838.821765,ID:1016,STAGE:1,SEQUENCE:11243,DATA:{'time': 1723124838.817, 'user-id': '1016', 'source': 'HAI Interface', 'destination-index': '3', 'study-stage': '1', 'decision-state': 0, 'vitals-state': 0, 'airspace-state': 0, 'data': {'page': 'emergency', 'action': 'trying to change destination to19'}}
INFO:root:1723124840.167168,ID:1016,STAGE:1,SEQUENCE:11243,DATA:{'time': 1723124840.16, 'source': 'VitalsTask', 'timer': 220.295, 'data': {'sensor': 'Heart Rate', 'action': 'keypad press', 'key': 5, 'value': 5}}
INFO:root:1723124840.354614,ID:1016,STAGE:1,SEQUENCE:11243,DATA:{'time': 1723124840.347, 'source': 'VitalsTask', 'timer': 220.482, 'data': {'sensor': 'Heart Rate', 'action': 'keypad press', 'key': 5, 'value': 55}}
INFO:root:1723124842.140274,ID:1016,STAGE:1,SEQUENCE:11243,DATA:{'time': 1723124842.134, 'source': 'VitalsTask', 'timer': 222.269, 'data': {'sensor': 'Heart Rate', 'action': 'show action buttons'}}
INFO:root:1723124842.142269,ID:1016,STAGE:1,SEQUENCE:11243,DATA:{'time': 1723124842.134, 'source': 'VitalsTask', 'timer': 222.269, 'data': {'sensor': 'Heart Rate', 'action': 'keypad press', 'key': 10, 'value': 55}}
INFO:root:1723124843.582578,ID:1016,STAGE:1,SEQUENCE:11243,DATA:{'time': 1723124843.576, 'source': 'VitalsTask', 'timer': 223.711, 'data': {'sensor': 'Heart Rate', 'action': 'log', 'data': 'action button pressed'}}
INFO:root:1723124843.584573,ID:1016,STAGE:1,SEQUENCE:11243,DATA:{'time': 1723124843.576, 'source': 'VitalsTask', 'timer': 223.711, 'data': {'sensor': 'Heart Rate', 'action': 'log', 'data': 'starting sensor action'}}
INFO:root:1723124843.828697,ID:1016,STAGE:1,SEQUENCE:11243,DATA:{'time': 1723124843.823, 'user-id': '1016', 'source': 'HAI Interface', 'destination-index': '3', 'study-stage': '1', 'decision-state': 0, 'vitals-state': 0, 'airspace-state': 0, 'data': {'page': 'emergency', 'action': 'trying to change destination to19'}}
INFO:root:1723124844.595974,ID:1016,STAGE:1,SEQUENCE:11243,DATA:{'time': 1723124844.589, 'source': 'VitalsTask', 'timer': 224.724, 'data': {'sensor': 'Heart Rate', 'action': 'log', 'data': 'sensor action complete'}}
INFO:root:1723124845.386251,ID:1016,STAGE:1,SEQUENCE:11243,DATA:{'time': 1723124845.38, 'source': 'VitalsTask', 'timer': 225.515, 'data': {'sensor': 'Heart Rate', 'action': 'save', 'data': 'action button pressed'}}
INFO:root:1723124845.39175,ID:1016,STAGE:1,SEQUENCE:11243,DATA:{'time': 1723124845.381, 'source': 'VitalsTask', 'timer': 225.516, 'data': {'sensor': 'Heart Rate', 'action': 'save', 'data': 'starting sensor action'}}
INFO:root:1723124846.399878,ID:1016,STAGE:1,SEQUENCE:11243,DATA:{'time': 1723124846.393, 'source': 'VitalsTask', 'timer': 226.528, 'data': {'sensor': 'Heart Rate', 'action': 'save', 'data': 'sensor action complete'}}
INFO:root:1723124847.595163,ID:1016,STAGE:1,SEQUENCE:11243,DATA:{'time': 1723124847.587, 'source': 'VitalsTask', 'timer': 227.722, 'data': {'sensor': 'O\u2082 Saturation', 'action': 'opened sensor tab'}}
INFO:root:1723124848.848648,ID:1016,STAGE:1,SEQUENCE:11243,DATA:{'time': 1723124848.843, 'user-id': '1016', 'source': 'HAI Interface', 'destination-index': '3', 'study-stage': '1', 'decision-state': 0, 'vitals-state': 0, 'airspace-state': 0, 'data': {'page': 'emergency', 'action': 'trying to change destination to19'}}
INFO:root:1723124849.837042,ID:1016,STAGE:1,SEQUENCE:11243,DATA:{'time': 1723124849.829, 'source': 'VitalsTask', 'timer': 229.964, 'data': {'sensor': 'O\u2082 Saturation', 'action': 'capture', 'data': 'action button pressed'}}
INFO:root:1723124849.838039,ID:1016,STAGE:1,SEQUENCE:11243,DATA:{'time': 1723124849.83, 'source': 'VitalsTask', 'timer': 229.965, 'data': {'sensor': 'O\u2082 Saturation', 'action': 'capture', 'data': 'starting sensor action'}}
INFO:root:1723124850.850768,ID:1016,STAGE:1,SEQUENCE:11243,DATA:{'time': 1723124850.842, 'source': 'VitalsTask', 'timer': 230.977, 'data': {'sensor': 'O\u2082 Saturation', 'action': 'capture', 'data': 'sensor action complete'}}
INFO:root:1723124850.85177,ID:1016,STAGE:1,SEQUENCE:11243,DATA:{'time': 1723124850.843, 'source': 'VitalsTask', 'timer': 230.978, 'data': {'sensor': 'O\u2082 Saturation', 'action': 'keypad open'}}
INFO:root:1723124852.059938,ID:1016,STAGE:1,SEQUENCE:11243,DATA:{'time': 1723124852.053, 'source': 'VitalsTask', 'timer': 232.188, 'data': {'sensor': 'O\u2082 Saturation', 'action': 'keypad press', 'key': 1, 'value': 1}}
INFO:root:1723124853.828975,ID:1016,STAGE:1,SEQUENCE:11243,DATA:{'time': 1723124853.823, 'user-id': '1016', 'source': 'HAI Interface', 'destination-index': '3', 'study-stage': '1', 'decision-state': 0, 'vitals-state': 0, 'airspace-state': 0, 'data': {'page': 'emergency', 'action': 'trying to change destination to19'}}
INFO:root:1723124855.194524,ID:1016,STAGE:1,SEQUENCE:11243,DATA:{'time': 1723124855.188, 'source': 'VitalsTask', 'timer': 235.323, 'data': {'sensor': 'O\u2082 Saturation', 'action': 'keypad press', 'key': 11, 'value': 10}}
INFO:root:1723124855.57958,ID:1016,STAGE:1,SEQUENCE:11243,DATA:{'time': 1723124855.573, 'source': 'VitalsTask', 'timer': 235.708, 'data': {'sensor': 'O\u2082 Saturation', 'action': 'keypad press', 'key': 11, 'value': 100}}
INFO:root:1723124857.038839,ID:1016,STAGE:1,SEQUENCE:11243,DATA:{'time': 1723124857.031, 'source': 'VitalsTask', 'timer': 237.166, 'data': {'sensor': 'O\u2082 Saturation', 'action': 'show action buttons'}}
INFO:root:1723124857.040731,ID:1016,STAGE:1,SEQUENCE:11243,DATA:{'time': 1723124857.032, 'source': 'VitalsTask', 'timer': 237.167, 'data': {'sensor': 'O\u2082 Saturation', 'action': 'keypad press', 'key': 10, 'value': 100}}
INFO:root:1723124858.803702,ID:1016,STAGE:1,SEQUENCE:11243,DATA:{'time': 1723124858.798, 'user-id': '1016', 'source': 'HAI Interface', 'destination-index': '3', 'study-stage': '1', 'decision-state': 0, 'vitals-state': 0, 'airspace-state': 0, 'data': {'page': 'emergency', 'action': 'trying to change destination to19'}}
INFO:root:1723124859.256172,ID:1016,STAGE:1,SEQUENCE:11243,DATA:{'time': 1723124859.249, 'source': 'VitalsTask', 'timer': 239.384, 'data': {'sensor': 'Blood Pressure', 'action': 'opened sensor tab'}}
INFO:root:1723124861.57595,ID:1016,STAGE:1,SEQUENCE:11243,DATA:{'time': 1723124861.568, 'source': 'VitalsTask', 'timer': 241.703, 'data': {'sensor': 'Blood Pressure', 'action': 'capture', 'data': 'action button pressed'}}
INFO:root:1723124861.576948,ID:1016,STAGE:1,SEQUENCE:11243,DATA:{'time': 1723124861.569, 'source': 'VitalsTask', 'timer': 241.704, 'data': {'sensor': 'Blood Pressure', 'action': 'capture', 'data': 'starting sensor action'}}
INFO:root:1723124862.59295,ID:1016,STAGE:1,SEQUENCE:11243,DATA:{'time': 1723124862.585, 'source': 'VitalsTask', 'timer': 242.72, 'data': {'sensor': 'Blood Pressure', 'action': 'capture', 'data': 'sensor action complete'}}
INFO:root:1723124862.593947,ID:1016,STAGE:1,SEQUENCE:11243,DATA:{'time': 1723124862.586, 'source': 'VitalsTask', 'timer': 242.721, 'data': {'sensor': 'Blood Pressure', 'action': 'keypad open'}}
INFO:root:1723124863.786833,ID:1016,STAGE:1,SEQUENCE:11243,DATA:{'time': 1723124863.781, 'user-id': '1016', 'source': 'HAI Interface', 'destination-index': '3', 'study-stage': '1', 'decision-state': 0, 'vitals-state': 0, 'airspace-state': 0, 'data': {'page': 'emergency', 'action': 'trying to change destination to19'}}
INFO:root:1723124864.156307,ID:1016,STAGE:1,SEQUENCE:11243,DATA:{'time': 1723124864.149, 'source': 'VitalsTask', 'timer': 244.284, 'data': {'sensor': 'Blood Pressure', 'action': 'keypad press', 'key': 1, 'value': 1}}
INFO:root:1723124865.073836,ID:1016,STAGE:1,SEQUENCE:11243,DATA:{'time': 1723124865.065, 'source': 'VitalsTask', 'timer': 245.2, 'data': {'sensor': 'Blood Pressure', 'action': 'keypad press', 'key': 2, 'value': 12}}
INFO:root:1723124866.383683,ID:1016,STAGE:1,SEQUENCE:11243,DATA:{'time': 1723124866.377, 'source': 'VitalsTask', 'timer': 246.512, 'data': {'sensor': 'Blood Pressure', 'action': 'keypad press', 'key': 11, 'value': 120}}
INFO:root:1723124868.457145,ID:1016,STAGE:1,SEQUENCE:11243,DATA:{'time': 1723124868.449, 'source': 'VitalsTask', 'timer': 248.584, 'data': {'sensor': 'Blood Pressure', 'action': 'keypad press', 'key': 8, 'value': 1208}}
INFO:root:1723124868.798029,ID:1016,STAGE:1,SEQUENCE:11243,DATA:{'time': 1723124868.793, 'user-id': '1016', 'source': 'HAI Interface', 'destination-index': '3', 'study-stage': '1', 'decision-state': 0, 'vitals-state': 0, 'airspace-state': 0, 'data': {'page': 'emergency', 'action': 'trying to change destination to19'}}
INFO:root:1723124869.376353,ID:1016,STAGE:1,SEQUENCE:11243,DATA:{'time': 1723124869.369, 'source': 'VitalsTask', 'timer': 249.504, 'data': {'sensor': 'Blood Pressure', 'action': 'keypad press', 'key': 11, 'value': 12080}}
INFO:root:1723124870.574115,ID:1016,STAGE:1,SEQUENCE:11243,DATA:{'time': 1723124870.567, 'source': 'VitalsTask', 'timer': 250.702, 'data': {'sensor': 'Blood Pressure', 'action': 'show action buttons'}}
INFO:root:1723124870.575113,ID:1016,STAGE:1,SEQUENCE:11243,DATA:{'time': 1723124870.567, 'source': 'VitalsTask', 'timer': 250.702, 'data': {'sensor': 'Blood Pressure', 'action': 'keypad press', 'key': 10, 'value': 12080}}
INFO:root:1723124872.24947,ID:1016,STAGE:1,SEQUENCE:11243,DATA:{'time': 1723124872.243, 'source': 'VitalsTask', 'timer': 252.378, 'data': {'sensor': 'Blood Pressure', 'action': 'log', 'data': 'action button pressed'}}
INFO:root:1723124872.251974,ID:1016,STAGE:1,SEQUENCE:11243,DATA:{'time': 1723124872.243, 'source': 'VitalsTask', 'timer': 252.378, 'data': {'sensor': 'Blood Pressure', 'action': 'log', 'data': 'starting sensor action'}}
INFO:root:1723124873.267767,ID:1016,STAGE:1,SEQUENCE:11243,DATA:{'time': 1723124873.258, 'source': 'VitalsTask', 'timer': 253.393, 'data': {'sensor': 'Blood Pressure', 'action': 'log', 'data': 'sensor action complete'}}
INFO:root:1723124873.867231,ID:1016,STAGE:1,SEQUENCE:11243,DATA:{'time': 1723124873.862, 'user-id': '1016', 'source': 'HAI Interface', 'destination-index': '3', 'study-stage': '1', 'decision-state': 0, 'vitals-state': 0, 'airspace-state': 0, 'data': {'page': 'emergency', 'action': 'trying to change destination to19'}}
INFO:root:1723124873.902086,ID:1016,STAGE:1,SEQUENCE:11243,DATA:{'time': 1723124873.893, 'source': 'VitalsTask', 'timer': 254.028, 'data': {'sensor': 'Blood Pressure', 'action': 'save', 'data': 'action button pressed'}}
INFO:root:1723124873.904593,ID:1016,STAGE:1,SEQUENCE:11243,DATA:{'time': 1723124873.895, 'source': 'VitalsTask', 'timer': 254.03, 'data': {'sensor': 'Blood Pressure', 'action': 'save', 'data': 'starting sensor action'}}
INFO:root:1723124874.914032,ID:1016,STAGE:1,SEQUENCE:11243,DATA:{'time': 1723124874.907, 'source': 'VitalsTask', 'timer': 255.042, 'data': {'sensor': 'Blood Pressure', 'action': 'save', 'data': 'sensor action complete'}}
INFO:root:1723124876.024737,ID:1016,STAGE:1,SEQUENCE:11243,DATA:{'time': 1723124876.017, 'source': 'VitalsTask', 'timer': 256.152, 'data': {'sensor': 'submit', 'action': 'submit'}}
INFO:root:1723124876.027243,ID:1016,STAGE:1,SEQUENCE:11243,DATA:{'time': 1723124876.017, 'source': 'VitalsTask', 'timer': 256.152, 'data': {'sensor': 'submit', 'action': 'submit', 'data': 'submit failed incomplete vitals checklist'}}
INFO:root:1723124878.819276,ID:1016,STAGE:1,SEQUENCE:11243,DATA:{'time': 1723124878.813, 'user-id': '1016', 'source': 'HAI Interface', 'destination-index': '3', 'study-stage': '1', 'decision-state': 0, 'vitals-state': 0, 'airspace-state': 0, 'data': {'page': 'emergency', 'action': 'trying to change destination to19'}}
INFO:root:1723124879.275608,ID:1016,STAGE:1,SEQUENCE:11243,DATA:{'time': 1723124879.272, 'user-id': '1016', 'source': 'HAI Interface', 'destination-index': '3', 'study-stage': '1', 'decision-state': 0, 'vitals-state': 0, 'airspace-state': 0, 'data': {'page': 'inflight', 'action': 'user acknowledged vitals prompt'}}
INFO:root:1723124883.828859,ID:1016,STAGE:1,SEQUENCE:11243,DATA:{'time': 1723124883.823, 'user-id': '1016', 'source': 'HAI Interface', 'destination-index': '3', 'study-stage': '1', 'decision-state': 0, 'vitals-state': 0, 'airspace-state': 0, 'data': {'page': 'emergency', 'action': 'trying to change destination to19'}}
INFO:root:Inflight Radio Update asked
INFO:root:sent request to set radio update complete
INFO:root:1723124888.822895,ID:1016,STAGE:1,SEQUENCE:11243,DATA:{'time': 1723124888.817, 'user-id': '1016', 'source': 'HAI Interface', 'destination-index': '3', 'study-stage': '1', 'decision-state': 0, 'vitals-state': 0, 'airspace-state': 0, 'data': {'page': 'emergency', 'action': 'trying to change destination to19'}}
INFO:root:1723124889.977922,ID:1016,STAGE:1,SEQUENCE:11243,DATA:{'time': 1723124889.973, 'user-id': '1016', 'source': 'HAI Interface', 'destination-index': '3', 'study-stage': '1', 'decision-state': 0, 'vitals-state': 0, 'airspace-state': 0, 'data': {'page': 'map', 'action': 'show map'}}
INFO:root:1723124889.980918,ID:1016,STAGE:1,SEQUENCE:11243,DATA:{'time': 1723124889.974, 'user-id': '1016', 'source': 'HAI Interface', 'destination-index': '3', 'study-stage': '1', 'decision-state': 0, 'vitals-state': 0, 'airspace-state': 0, 'data': {'page': 'map', 'action': 'selected helipad', 'value': '21'}}
INFO:root:1723124893.874146,ID:1016,STAGE:1,SEQUENCE:11243,DATA:{'time': 1723124893.868, 'user-id': '1016', 'source': 'HAI Interface', 'destination-index': '3', 'study-stage': '1', 'decision-state': 0, 'vitals-state': 0, 'airspace-state': 0, 'data': {'page': 'emergency', 'action': 'trying to change destination to19'}}
INFO:root:1723124896.774271,ID:1016,STAGE:1,SEQUENCE:11243,DATA:{'time': 1723124896.77, 'user-id': '1016', 'source': 'HAI Interface', 'destination-index': '3', 'study-stage': '1', 'decision-state': 0, 'vitals-state': 0, 'airspace-state': 0, 'data': {'action': 'radio panel opened'}}
INFO:root:1723124898.806707,ID:1016,STAGE:1,SEQUENCE:11243,DATA:{'time': 1723124898.801, 'user-id': '1016', 'source': 'HAI Interface', 'destination-index': '3', 'study-stage': '1', 'decision-state': 0, 'vitals-state': 0, 'airspace-state': 0, 'data': {'page': 'emergency', 'action': 'trying to change destination to19'}}
INFO:root:1723124903.93928,ID:1016,STAGE:1,SEQUENCE:11243,DATA:{'time': 1723124903.929, 'user-id': '1016', 'source': 'HAI Interface', 'destination-index': '3', 'study-stage': '1', 'decision-state': 0, 'vitals-state': 0, 'airspace-state': 0, 'data': {'page': 'emergency', 'action': 'trying to change destination to19'}}
INFO:root:1723124905.715078,ID:1016,STAGE:1,SEQUENCE:11243,DATA:{'time': 1723124905.71, 'user-id': '1016', 'source': 'HAI Interface', 'destination-index': '3', 'study-stage': '1', 'decision-state': 0, 'vitals-state': 0, 'airspace-state': 0, 'data': {'action': 'radio panel opened'}}
INFO:root:1723124908.849973,ID:1016,STAGE:1,SEQUENCE:11243,DATA:{'time': 1723124908.843, 'user-id': '1016', 'source': 'HAI Interface', 'destination-index': '3', 'study-stage': '1', 'decision-state': 0, 'vitals-state': 0, 'airspace-state': 0, 'data': {'page': 'emergency', 'action': 'trying to change destination to19'}}
INFO:root:1723124911.424392,ID:1016,STAGE:1,SEQUENCE:11243,DATA:{'time': 1723124911.419, 'user-id': '1016', 'source': 'HAI Interface', 'destination-index': '3', 'study-stage': '1', 'decision-state': 0, 'vitals-state': 0, 'airspace-state': 0, 'data': {'action': 'transmit button pressed'}}
INFO:root:1723124911.427385,ID:1016,STAGE:1,SEQUENCE:11243,DATA:{'time': 1723124911.42, 'user-id': '1016', 'source': 'HAI Interface', 'destination-index': '3', 'study-stage': '1', 'decision-state': 0, 'vitals-state': 0, 'airspace-state': 0, 'data': {'action': 'callsign set to: + NASXGS'}}
INFO:root:1723124911.429054,ID:1016,STAGE:1,SEQUENCE:11243,DATA:{'time': 1723124911.42, 'user-id': '1016', 'source': 'HAI Interface', 'destination-index': '3', 'study-stage': '1', 'decision-state': 0, 'vitals-state': 0, 'airspace-state': 0, 'data': {'action': 'radio set to:Comm1'}}
INFO:root:1723124911.431559,ID:1016,STAGE:1,SEQUENCE:11243,DATA:{'time': 1723124911.421, 'user-id': '1016', 'source': 'HAI Interface', 'destination-index': '3', 'study-stage': '1', 'decision-state': 0, 'vitals-state': 0, 'airspace-state': 0, 'data': {'page': 'map', 'action': 'show map'}}
INFO:root:1723124911.441533,ID:1016,STAGE:1,SEQUENCE:11243,DATA:{'time': 1723124911.421, 'user-id': '1016', 'source': 'HAI Interface', 'destination-index': '3', 'study-stage': '1', 'decision-state': 0, 'vitals-state': 0, 'airspace-state': 0, 'data': {'page': 'map', 'action': 'selected helipad', 'value': '21'}}
INFO:root:1723124911.446184,ID:1016,STAGE:1,SEQUENCE:11243,DATA:{'time': 1723124911.425, 'user-id': '1016', 'source': 'HAI Interface', 'destination-index': '3', 'study-stage': '1', 'decision-state': 0, 'vitals-state': 0, 'airspace-state': 0, 'data': {'action': 'NASXGStransmitting updates onComm1123.45 MHz'}}
INFO:root:1723124913.83142,ID:1016,STAGE:1,SEQUENCE:11243,DATA:{'time': 1723124913.825, 'user-id': '1016', 'source': 'HAI Interface', 'destination-index': '3', 'study-stage': '1', 'decision-state': 0, 'vitals-state': 0, 'airspace-state': 0, 'data': {'page': 'emergency', 'action': 'trying to change destination to19'}}
INFO:root:1723124918.851243,ID:1016,STAGE:1,SEQUENCE:11243,DATA:{'time': 1723124918.846, 'user-id': '1016', 'source': 'HAI Interface', 'destination-index': '3', 'study-stage': '1', 'decision-state': 0, 'vitals-state': 0, 'airspace-state': 0, 'data': {'page': 'emergency', 'action': 'trying to change destination to19'}}
INFO:root:1723124923.841904,ID:1016,STAGE:1,SEQUENCE:11243,DATA:{'time': 1723124923.834, 'user-id': '1016', 'source': 'HAI Interface', 'destination-index': '3', 'study-stage': '1', 'decision-state': 0, 'vitals-state': 0, 'airspace-state': 0, 'data': {'page': 'emergency', 'action': 'trying to change destination to19'}}
INFO:root:1723124927.973146,ID:1016,STAGE:1,SEQUENCE:11243,DATA:{'time': 1723124927.968, 'user-id': '1016', 'source': 'HAI Interface', 'destination-index': '3', 'study-stage': '1', 'decision-state': 0, 'vitals-state': 0, 'airspace-state': 0, 'data': {'page': 'map', 'action': 'hide map'}}
INFO:root:1723124928.877745,ID:1016,STAGE:1,SEQUENCE:11243,DATA:{'time': 1723124928.867, 'user-id': '1016', 'source': 'HAI Interface', 'destination-index': '3', 'study-stage': '1', 'decision-state': 0, 'vitals-state': 0, 'airspace-state': 0, 'data': {'page': 'emergency', 'action': 'trying to change destination to19'}}
INFO:root:1723124930.767306,ID:1016,STAGE:1,SEQUENCE:11243,DATA:{'time': 1723124930.759, 'user-id': '1016', 'source': 'HAI Interface', 'destination-index': '3', 'study-stage': '1', 'decision-state': 0, 'vitals-state': 0, 'airspace-state': 0, 'data': {'page': 'inflight', 'action': 'displaying vitals prompt'}}
INFO:root:1723124930.882382,ID:1016,STAGE:1,SEQUENCE:11243,DATA:{'time': 1723124930.876, 'user-id': '1016', 'source': 'HAI Interface', 'destination-index': '3', 'study-stage': '1', 'decision-state': 0, 'vitals-state': 0, 'airspace-state': 0, 'data': {'page': 'map', 'action': 'show map'}}
INFO:root:1723124930.884378,ID:1016,STAGE:1,SEQUENCE:11243,DATA:{'time': 1723124930.877, 'user-id': '1016', 'source': 'HAI Interface', 'destination-index': '3', 'study-stage': '1', 'decision-state': 0, 'vitals-state': 0, 'airspace-state': 0, 'data': {'page': 'map', 'action': 'selected helipad', 'value': '21'}}
INFO:root:1723124933.903501,ID:1016,STAGE:1,SEQUENCE:11243,DATA:{'time': 1723124933.897, 'user-id': '1016', 'source': 'HAI Interface', 'destination-index': '3', 'study-stage': '1', 'decision-state': 0, 'vitals-state': 0, 'airspace-state': 0, 'data': {'page': 'emergency', 'action': 'trying to change destination to19'}}
INFO:root:1723124933.90749,ID:1016,STAGE:1,SEQUENCE:11243,DATA:{'time': 1723124933.897, 'user-id': '1016', 'source': 'HAI Interface', 'destination-index': '3', 'study-stage': '1', 'decision-state': 0, 'vitals-state': 0, 'airspace-state': 0, 'data': {'page': 'emergency', 'action': 'show Altitude Miscalibrated Warning, hide map'}}
INFO:root:1723124933.91148,ID:1016,STAGE:1,SEQUENCE:11243,DATA:{'time': 1723124933.898, 'user-id': '1016', 'source': 'HAI Interface', 'destination-index': '3', 'study-stage': '1', 'decision-state': 0, 'vitals-state': 0, 'airspace-state': 0, 'data': {'page': 'map', 'action': 'hide map'}}
INFO:root:1723124933.913475,ID:1016,STAGE:1,SEQUENCE:11243,DATA:{'time': 1723124933.898, 'user-id': '1016', 'source': 'HAI Interface', 'destination-index': '3', 'study-stage': '1', 'decision-state': 0, 'vitals-state': 0, 'airspace-state': 0, 'data': {'page': 'Inflight', 'action': ' Altitude alert activated'}}
INFO:root:1723124937.191712,ID:1016,STAGE:1,SEQUENCE:11243,DATA:{'time': 1723124937.187, 'user-id': '1016', 'source': 'HAI Interface', 'destination-index': '3', 'study-stage': '1', 'decision-state': 0, 'vitals-state': 0, 'airspace-state': 0, 'data': {'page': 'Inflight', 'action': 'Altitude alert- show more info button pressed'}}
INFO:root:1723124938.905919,ID:1016,STAGE:1,SEQUENCE:11243,DATA:{'time': 1723124938.9, 'user-id': '1016', 'source': 'HAI Interface', 'destination-index': '3', 'study-stage': '1', 'decision-state': 0, 'vitals-state': 0, 'airspace-state': 0, 'data': {'page': 'emergency', 'action': 'trying to change destination to19'}}
INFO:root:1723124940.911964,ID:1016,STAGE:1,SEQUENCE:11243,DATA:{'time': 1723124940.907, 'user-id': '1016', 'source': 'HAI Interface', 'destination-index': '3', 'study-stage': '1', 'decision-state': 0, 'vitals-state': 0, 'airspace-state': 0, 'data': {'page': 'Inflight', 'action': 'Altitude alert- submit button pressed with altitude value as:1000'}}
INFO:root:1723124940.917467,ID:1016,STAGE:1,SEQUENCE:11243,DATA:{'time': 1723124940.91, 'user-id': '1016', 'source': 'HAI Interface', 'destination-index': '3', 'study-stage': '1', 'decision-state': 0, 'vitals-state': 0, 'airspace-state': 0, 'data': {'page': 'Inflight', 'action': 'Altitude alert- altitude submitted'}}
INFO:root:1723124940.919457,ID:1016,STAGE:1,SEQUENCE:11243,DATA:{'time': 1723124940.911, 'user-id': '1016', 'source': 'HAI Interface', 'destination-index': '3', 'study-stage': '1', 'decision-state': 0, 'vitals-state': 0, 'airspace-state': 0, 'data': {'page': 'Inflight', 'action': 'Altitude alert close button pressed'}}
INFO:root:1723124943.875943,ID:1016,STAGE:1,SEQUENCE:11243,DATA:{'time': 1723124943.868, 'user-id': '1016', 'source': 'HAI Interface', 'destination-index': '3', 'study-stage': '1', 'decision-state': 0, 'vitals-state': 0, 'airspace-state': 0, 'data': {'page': 'emergency', 'action': 'trying to change destination to19'}}
INFO:root:1723124948.82503,ID:1016,STAGE:1,SEQUENCE:11243,DATA:{'time': 1723124948.819, 'user-id': '1016', 'source': 'HAI Interface', 'destination-index': '3', 'study-stage': '1', 'decision-state': 0, 'vitals-state': 0, 'airspace-state': 0, 'data': {'page': 'emergency', 'action': 'trying to change destination to19'}}
INFO:root:Altitude Warning alert given, sent request to clear altitude_warning_alert
INFO:root:1723124953.194961,ID:1016,STAGE:1,SEQUENCE:11243,DATA:{'time': 1723124953.186, 'source': 'VitalsTask', 'timer': 333.321, 'data': {'sensor': 'submit', 'action': 'submit'}}
INFO:root:1723124953.198956,ID:1016,STAGE:1,SEQUENCE:11243,DATA:{'time': 1723124953.187, 'source': 'VitalsTask', 'timer': 333.322, 'data': {'sensor': 'submit', 'action': 'submit', 'data': 'submit failed incomplete vitals checklist'}}
INFO:root:1723124954.092813,ID:1016,STAGE:1,SEQUENCE:11243,DATA:{'time': 1723124954.088, 'user-id': '1016', 'source': 'HAI Interface', 'destination-index': '3', 'study-stage': '1', 'decision-state': 0, 'vitals-state': 0, 'airspace-state': 0, 'data': {'page': 'emergency', 'action': 'trying to change destination to19'}}
INFO:root:1723124954.173472,ID:1016,STAGE:1,SEQUENCE:11243,DATA:{'time': 1723124954.169, 'user-id': '1016', 'source': 'HAI Interface', 'destination-index': '3', 'study-stage': '1', 'decision-state': 0, 'vitals-state': 0, 'airspace-state': 0, 'data': {'page': 'inflight', 'action': 'user acknowledged vitals prompt'}}
INFO:root:1723124958.841629,ID:1016,STAGE:1,SEQUENCE:11243,DATA:{'time': 1723124958.834, 'user-id': '1016', 'source': 'HAI Interface', 'destination-index': '3', 'study-stage': '1', 'decision-state': 0, 'vitals-state': 0, 'airspace-state': 0, 'data': {'page': 'emergency', 'action': 'trying to change destination to19'}}
INFO:root:1723124963.8129,ID:1016,STAGE:1,SEQUENCE:11243,DATA:{'time': 1723124963.803, 'user-id': '1016', 'source': 'HAI Interface', 'destination-index': '3', 'study-stage': '1', 'decision-state': 0, 'vitals-state': 0, 'airspace-state': 0, 'data': {'page': 'emergency', 'action': 'trying to change destination to19'}}
INFO:root:1723124968.837573,ID:1016,STAGE:1,SEQUENCE:11243,DATA:{'time': 1723124968.833, 'user-id': '1016', 'source': 'HAI Interface', 'destination-index': '3', 'study-stage': '1', 'decision-state': 0, 'vitals-state': 0, 'airspace-state': 0, 'data': {'page': 'emergency', 'action': 'trying to change destination to19'}}
INFO:root:1723124973.823118,ID:1016,STAGE:1,SEQUENCE:11243,DATA:{'time': 1723124973.817, 'user-id': '1016', 'source': 'HAI Interface', 'destination-index': '3', 'study-stage': '1', 'decision-state': 0, 'vitals-state': 0, 'airspace-state': 0, 'data': {'page': 'emergency', 'action': 'trying to change destination to19'}}
INFO:root:1723124978.771989,ID:1016,STAGE:1,SEQUENCE:11243,DATA:{'time': 1723124978.766, 'user-id': '1016', 'source': 'HAI Interface', 'destination-index': '3', 'study-stage': '1', 'decision-state': 0, 'vitals-state': 0, 'airspace-state': 0, 'data': {'page': 'emergency', 'action': 'trying to change destination to19'}}
INFO:root:1723124983.775029,ID:1016,STAGE:1,SEQUENCE:11243,DATA:{'time': 1723124983.77, 'user-id': '1016', 'source': 'HAI Interface', 'destination-index': '3', 'study-stage': '1', 'decision-state': 0, 'vitals-state': 0, 'airspace-state': 0, 'data': {'page': 'emergency', 'action': 'trying to change destination to19'}}
INFO:root:1723124985.642084,ID:1016,STAGE:1,SEQUENCE:11243,DATA:{'time': 1723124985.638, 'user-id': '1016', 'source': 'HAI Interface', 'destination-index': '3', 'study-stage': '1', 'decision-state': 0, 'vitals-state': 0, 'airspace-state': 0, 'data': {'action': 'receive button pressed'}}
INFO:root:1723124985.644079,ID:1016,STAGE:1,SEQUENCE:11243,DATA:{'time': 1723124985.638, 'user-id': '1016', 'source': 'HAI Interface', 'destination-index': '3', 'study-stage': '1', 'decision-state': 0, 'vitals-state': 0, 'airspace-state': 0, 'data': {'action': 'callsign set to:[object Object]'}}
INFO:root:1723124985.646658,ID:1016,STAGE:1,SEQUENCE:11243,DATA:{'time': 1723124985.639, 'user-id': '1016', 'source': 'HAI Interface', 'destination-index': '3', 'study-stage': '1', 'decision-state': 0, 'vitals-state': 0, 'airspace-state': 0, 'data': {'action': 'radio set to:Comm2'}}
INFO:root:1723124985.648657,ID:1016,STAGE:1,SEQUENCE:11243,DATA:{'time': 1723124985.643, 'user-id': '1016', 'source': 'HAI Interface', 'destination-index': '3', 'study-stage': '1', 'decision-state': 0, 'vitals-state': 0, 'airspace-state': 0, 'data': {'action': 'MEDEVACtransmitting onComm2123.45 MHz'}}
INFO:root:1723124988.841802,ID:1016,STAGE:1,SEQUENCE:11243,DATA:{'time': 1723124988.836, 'user-id': '1016', 'source': 'HAI Interface', 'destination-index': '3', 'study-stage': '1', 'decision-state': 0, 'vitals-state': 0, 'airspace-state': 0, 'data': {'page': 'emergency', 'action': 'trying to change destination to19'}}
INFO:root:1723124993.805224,ID:1016,STAGE:1,SEQUENCE:11243,DATA:{'time': 1723124993.802, 'user-id': '1016', 'source': 'HAI Interface', 'destination-index': '3', 'study-stage': '1', 'decision-state': 0, 'vitals-state': 0, 'airspace-state': 0, 'data': {'page': 'emergency', 'action': 'trying to change destination to19'}}
INFO:root:1723124998.862166,ID:1016,STAGE:1,SEQUENCE:11243,DATA:{'time': 1723124998.858, 'user-id': '1016', 'source': 'HAI Interface', 'destination-index': '3', 'study-stage': '1', 'decision-state': 0, 'vitals-state': 0, 'airspace-state': 0, 'data': {'page': 'emergency', 'action': 'trying to change destination to19'}}
INFO:root:1723125003.816992,ID:1016,STAGE:1,SEQUENCE:11243,DATA:{'time': 1723125003.813, 'user-id': '1016', 'source': 'HAI Interface', 'destination-index': '3', 'study-stage': '1', 'decision-state': 0, 'vitals-state': 0, 'airspace-state': 0, 'data': {'page': 'emergency', 'action': 'trying to change destination to19'}}
INFO:root:1723125008.838476,ID:1016,STAGE:1,SEQUENCE:11243,DATA:{'time': 1723125008.831, 'user-id': '1016', 'source': 'HAI Interface', 'destination-index': '3', 'study-stage': '1', 'decision-state': 0, 'vitals-state': 0, 'airspace-state': 0, 'data': {'page': 'emergency', 'action': 'trying to change destination to19'}}
INFO:root:1723125013.813657,ID:1016,STAGE:1,SEQUENCE:11243,DATA:{'time': 1723125013.808, 'user-id': '1016', 'source': 'HAI Interface', 'destination-index': '3', 'study-stage': '1', 'decision-state': 0, 'vitals-state': 0, 'airspace-state': 0, 'data': {'page': 'emergency', 'action': 'trying to change destination to19'}}
INFO:root:Ok, continue to monitor the patients vitals and keep us updated 
INFO:root:1723125018.784984,ID:1016,STAGE:1,SEQUENCE:11243,DATA:{'time': 1723125018.78, 'user-id': '1016', 'source': 'HAI Interface', 'destination-index': '3', 'study-stage': '1', 'decision-state': 0, 'vitals-state': 0, 'airspace-state': 0, 'data': {'page': 'emergency', 'action': 'trying to change destination to19'}}
INFO:root:altitude sensor radio comm done- command to clear event and make the receieve 0 sent
INFO:root:1723125023.847557,ID:1016,STAGE:1,SEQUENCE:11243,DATA:{'time': 1723125023.844, 'user-id': '1016', 'source': 'HAI Interface', 'destination-index': '3', 'study-stage': '1', 'decision-state': 0, 'vitals-state': 0, 'airspace-state': 0, 'data': {'page': 'emergency', 'action': 'trying to change destination to19'}}
INFO:root:1723125028.85819,ID:1016,STAGE:1,SEQUENCE:11243,DATA:{'time': 1723125028.854, 'user-id': '1016', 'source': 'HAI Interface', 'destination-index': '3', 'study-stage': '1', 'decision-state': 0, 'vitals-state': 0, 'airspace-state': 0, 'data': {'page': 'emergency', 'action': 'trying to change destination to19'}}
INFO:root:Inflight Radio Update asked
INFO:root:sent request to set radio update complete
INFO:root:1723125033.816372,ID:1016,STAGE:1,SEQUENCE:11243,DATA:{'time': 1723125033.812, 'user-id': '1016', 'source': 'HAI Interface', 'destination-index': '3', 'study-stage': '1', 'decision-state': 0, 'vitals-state': 0, 'airspace-state': 0, 'data': {'page': 'emergency', 'action': 'trying to change destination to19'}}
INFO:root:1723125038.806336,ID:1016,STAGE:1,SEQUENCE:11243,DATA:{'time': 1723125038.797, 'user-id': '1016', 'source': 'HAI Interface', 'destination-index': '3', 'study-stage': '1', 'decision-state': 0, 'vitals-state': 0, 'airspace-state': 0, 'data': {'page': 'emergency', 'action': 'trying to change destination to19'}}
INFO:root:1723125042.180814,ID:1016,STAGE:1,SEQUENCE:11243,DATA:{'time': 1723125042.175, 'user-id': '1016', 'source': 'HAI Interface', 'destination-index': '3', 'study-stage': '1', 'decision-state': 0, 'vitals-state': 0, 'airspace-state': 0, 'data': {'action': 'transmit button pressed'}}
INFO:root:1723125042.182814,ID:1016,STAGE:1,SEQUENCE:11243,DATA:{'time': 1723125042.176, 'user-id': '1016', 'source': 'HAI Interface', 'destination-index': '3', 'study-stage': '1', 'decision-state': 0, 'vitals-state': 0, 'airspace-state': 0, 'data': {'action': 'callsign set to: + NASXGS'}}
INFO:root:1723125042.184809,ID:1016,STAGE:1,SEQUENCE:11243,DATA:{'time': 1723125042.176, 'user-id': '1016', 'source': 'HAI Interface', 'destination-index': '3', 'study-stage': '1', 'decision-state': 0, 'vitals-state': 0, 'airspace-state': 0, 'data': {'action': 'radio set to:Comm1'}}
INFO:root:1723125042.187803,ID:1016,STAGE:1,SEQUENCE:11243,DATA:{'time': 1723125042.176, 'user-id': '1016', 'source': 'HAI Interface', 'destination-index': '3', 'study-stage': '1', 'decision-state': 0, 'vitals-state': 0, 'airspace-state': 0, 'data': {'page': 'map', 'action': 'show map'}}
INFO:root:1723125042.190794,ID:1016,STAGE:1,SEQUENCE:11243,DATA:{'time': 1723125042.177, 'user-id': '1016', 'source': 'HAI Interface', 'destination-index': '3', 'study-stage': '1', 'decision-state': 0, 'vitals-state': 0, 'airspace-state': 0, 'data': {'page': 'map', 'action': 'selected helipad', 'value': '21'}}
INFO:root:1723125042.197286,ID:1016,STAGE:1,SEQUENCE:11243,DATA:{'time': 1723125042.182, 'user-id': '1016', 'source': 'HAI Interface', 'destination-index': '3', 'study-stage': '1', 'decision-state': 0, 'vitals-state': 0, 'airspace-state': 0, 'data': {'action': 'NASXGStransmitting updates onComm1123.45 MHz'}}
INFO:root:1723125043.827736,ID:1016,STAGE:1,SEQUENCE:11243,DATA:{'time': 1723125043.823, 'user-id': '1016', 'source': 'HAI Interface', 'destination-index': '3', 'study-stage': '1', 'decision-state': 0, 'vitals-state': 0, 'airspace-state': 0, 'data': {'page': 'emergency', 'action': 'trying to change destination to19'}}
INFO:root:1723125048.840178,ID:1016,STAGE:1,SEQUENCE:11243,DATA:{'time': 1723125048.835, 'user-id': '1016', 'source': 'HAI Interface', 'destination-index': '3', 'study-stage': '1', 'decision-state': 0, 'vitals-state': 0, 'airspace-state': 0, 'data': {'page': 'emergency', 'action': 'trying to change destination to19'}}
INFO:root:1723125053.883149,ID:1016,STAGE:1,SEQUENCE:11243,DATA:{'time': 1723125053.878, 'user-id': '1016', 'source': 'HAI Interface', 'destination-index': '3', 'study-stage': '1', 'decision-state': 0, 'vitals-state': 0, 'airspace-state': 0, 'data': {'page': 'emergency', 'action': 'trying to change destination to19'}}
INFO:root:1723125058.836359,ID:1016,STAGE:1,SEQUENCE:11243,DATA:{'time': 1723125058.83, 'user-id': '1016', 'source': 'HAI Interface', 'destination-index': '3', 'study-stage': '1', 'decision-state': 0, 'vitals-state': 0, 'airspace-state': 0, 'data': {'page': 'emergency', 'action': 'trying to change destination to19'}}
INFO:root:1723125061.05005,ID:1016,STAGE:1,SEQUENCE:11243,DATA:{'time': 1723125061.045, 'user-id': '1016', 'source': 'HAI Interface', 'destination-index': '3', 'study-stage': '1', 'decision-state': 0, 'vitals-state': 0, 'airspace-state': 0, 'data': {'page': 'map', 'action': 'hide map'}}
INFO:root:1723125063.160726,ID:1016,STAGE:1,SEQUENCE:11243,DATA:{'time': 1723125063.157, 'user-id': '1016', 'source': 'HAI Interface', 'destination-index': '3', 'study-stage': '1', 'decision-state': 0, 'vitals-state': 0, 'airspace-state': 0, 'data': {'page': 'map', 'action': 'show map'}}
INFO:root:1723125063.162228,ID:1016,STAGE:1,SEQUENCE:11243,DATA:{'time': 1723125063.157, 'user-id': '1016', 'source': 'HAI Interface', 'destination-index': '3', 'study-stage': '1', 'decision-state': 0, 'vitals-state': 0, 'airspace-state': 0, 'data': {'page': 'map', 'action': 'selected helipad', 'value': '21'}}
INFO:root:1723125063.843898,ID:1016,STAGE:1,SEQUENCE:11243,DATA:{'time': 1723125063.84, 'user-id': '1016', 'source': 'HAI Interface', 'destination-index': '3', 'study-stage': '1', 'decision-state': 0, 'vitals-state': 0, 'airspace-state': 0, 'data': {'page': 'emergency', 'action': 'trying to change destination to19'}}
INFO:root:1723125068.821642,ID:1016,STAGE:1,SEQUENCE:11243,DATA:{'time': 1723125068.812, 'user-id': '1016', 'source': 'HAI Interface', 'destination-index': '3', 'study-stage': '1', 'decision-state': 0, 'vitals-state': 0, 'airspace-state': 0, 'data': {'page': 'emergency', 'action': 'trying to change destination to19'}}
INFO:root:1723125074.340079,ID:1016,STAGE:1,SEQUENCE:11243,DATA:{'time': 1723125074.335, 'user-id': '1016', 'source': 'HAI Interface', 'destination-index': '3', 'study-stage': '1', 'decision-state': 0, 'vitals-state': 0, 'airspace-state': 0, 'data': {'page': 'emergency', 'action': 'trying to change destination to19'}}
INFO:root:1723125074.343578,ID:1016,STAGE:1,SEQUENCE:11243,DATA:{'time': 1723125074.336, 'user-id': '1016', 'source': 'HAI Interface', 'destination-index': '3', 'study-stage': '1', 'decision-state': 0, 'vitals-state': 0, 'airspace-state': 0, 'data': {'page': 'emergency', 'action': 'show Weather Emergency Alert, hide map'}}
INFO:root:1723125074.344579,ID:1016,STAGE:1,SEQUENCE:11243,DATA:{'time': 1723125074.336, 'user-id': '1016', 'source': 'HAI Interface', 'destination-index': '3', 'study-stage': '1', 'decision-state': 0, 'vitals-state': 0, 'airspace-state': 0, 'data': {'page': 'map', 'action': 'hide map'}}
INFO:root:1723125074.348569,ID:1016,STAGE:1,SEQUENCE:11243,DATA:{'time': 1723125074.337, 'user-id': '1016', 'source': 'HAI Interface', 'destination-index': '3', 'study-stage': '1', 'decision-state': 0, 'vitals-state': 0, 'airspace-state': 0, 'data': {'page': 'Inflight', 'action': 'Weather emergency- emergnecy propmt displayed'}}
INFO:root:1723125077.759245,ID:1016,STAGE:1,SEQUENCE:11243,DATA:{'time': 1723125077.755, 'user-id': '1016', 'source': 'HAI Interface', 'destination-index': '3', 'study-stage': '1', 'decision-state': 0, 'vitals-state': 0, 'airspace-state': 0, 'data': {'page': 'inflight', 'action': 'displaying vitals prompt'}}
INFO:root:1723125078.825629,ID:1016,STAGE:1,SEQUENCE:11243,DATA:{'time': 1723125078.817, 'user-id': '1016', 'source': 'HAI Interface', 'destination-index': '3', 'study-stage': '1', 'decision-state': 0, 'vitals-state': 0, 'airspace-state': 0, 'data': {'page': 'emergency', 'action': 'trying to change destination to19'}}
INFO:root:1723125078.828622,ID:1016,STAGE:1,SEQUENCE:11243,DATA:{'time': 1723125078.818, 'user-id': '1016', 'source': 'HAI Interface', 'destination-index': '3', 'study-stage': '1', 'decision-state': 0, 'vitals-state': 0, 'airspace-state': 0, 'data': {'page': 'emergency', 'action': 'show Weather Emergency Alert, hide map'}}
INFO:root:1723125078.831328,ID:1016,STAGE:1,SEQUENCE:11243,DATA:{'time': 1723125078.818, 'user-id': '1016', 'source': 'HAI Interface', 'destination-index': '3', 'study-stage': '1', 'decision-state': 0, 'vitals-state': 0, 'airspace-state': 0, 'data': {'page': 'map', 'action': 'hide map'}}
INFO:root:1723125078.834324,ID:1016,STAGE:1,SEQUENCE:11243,DATA:{'time': 1723125078.818, 'user-id': '1016', 'source': 'HAI Interface', 'destination-index': '3', 'study-stage': '1', 'decision-state': 0, 'vitals-state': 0, 'airspace-state': 0, 'data': {'page': 'Inflight', 'action': 'Weather emergency- emergnecy propmt displayed'}}
INFO:root:1723125080.228077,ID:1016,STAGE:1,SEQUENCE:11243,DATA:{'time': 1723125080.223, 'user-id': '1016', 'source': 'HAI Interface', 'destination-index': '3', 'study-stage': '1', 'decision-state': 0, 'vitals-state': 0, 'airspace-state': 0, 'data': {'page': 'Inflight', 'action': 'Weather emergency- show more info button pressed'}}
INFO:root:1723125081.736321,ID:1016,STAGE:1,SEQUENCE:11243,DATA:{'time': 1723125081.731, 'user-id': '1016', 'source': 'HAI Interface', 'destination-index': '3', 'study-stage': '1', 'decision-state': 0, 'vitals-state': 0, 'airspace-state': 0, 'data': {'page': 'Inflight', 'action': 'Weather emergency- close button pressed'}}
INFO:root:1723125083.843047,ID:1016,STAGE:1,SEQUENCE:11243,DATA:{'time': 1723125083.838, 'user-id': '1016', 'source': 'HAI Interface', 'destination-index': '3', 'study-stage': '1', 'decision-state': 0, 'vitals-state': 0, 'airspace-state': 0, 'data': {'page': 'emergency', 'action': 'trying to change destination to19'}}
INFO:root:1723125088.864229,ID:1016,STAGE:1,SEQUENCE:11243,DATA:{'time': 1723125088.859, 'user-id': '1016', 'source': 'HAI Interface', 'destination-index': '3', 'study-stage': '1', 'decision-state': 0, 'vitals-state': 0, 'airspace-state': 0, 'data': {'page': 'emergency', 'action': 'trying to change destination to19'}}
INFO:root:1723125093.842903,ID:1016,STAGE:1,SEQUENCE:11243,DATA:{'time': 1723125093.838, 'user-id': '1016', 'source': 'HAI Interface', 'destination-index': '3', 'study-stage': '1', 'decision-state': 0, 'vitals-state': 0, 'airspace-state': 0, 'data': {'page': 'emergency', 'action': 'trying to change destination to19'}}
INFO:root:1723125098.004569,ID:1016,STAGE:1,SEQUENCE:11243,DATA:{'time': 1723125097.999, 'user-id': '1016', 'source': 'HAI Interface', 'destination-index': '3', 'study-stage': '1', 'decision-state': 0, 'vitals-state': 0, 'airspace-state': 0, 'data': {'action': 'receive button pressed'}}
INFO:root:1723125098.008564,ID:1016,STAGE:1,SEQUENCE:11243,DATA:{'time': 1723125098, 'user-id': '1016', 'source': 'HAI Interface', 'destination-index': '3', 'study-stage': '1', 'decision-state': 0, 'vitals-state': 0, 'airspace-state': 0, 'data': {'action': 'callsign set to:[object Object]'}}
INFO:root:1723125098.011072,ID:1016,STAGE:1,SEQUENCE:11243,DATA:{'time': 1723125098, 'user-id': '1016', 'source': 'HAI Interface', 'destination-index': '3', 'study-stage': '1', 'decision-state': 0, 'vitals-state': 0, 'airspace-state': 0, 'data': {'action': 'radio set to:Comm2'}}
INFO:root:1723125098.013065,ID:1016,STAGE:1,SEQUENCE:11243,DATA:{'time': 1723125098.005, 'user-id': '1016', 'source': 'HAI Interface', 'destination-index': '3', 'study-stage': '1', 'decision-state': 0, 'vitals-state': 0, 'airspace-state': 0, 'data': {'action': 'MEDEVACtransmitting onComm2123.45 MHz'}}
INFO:root:1723125098.811336,ID:1016,STAGE:1,SEQUENCE:11243,DATA:{'time': 1723125098.805, 'user-id': '1016', 'source': 'HAI Interface', 'destination-index': '3', 'study-stage': '1', 'decision-state': 0, 'vitals-state': 0, 'airspace-state': 0, 'data': {'page': 'emergency', 'action': 'trying to change destination to19'}}
INFO:root:1723125103.834971,ID:1016,STAGE:1,SEQUENCE:11243,DATA:{'time': 1723125103.828, 'user-id': '1016', 'source': 'HAI Interface', 'destination-index': '3', 'study-stage': '1', 'decision-state': 0, 'vitals-state': 0, 'airspace-state': 0, 'data': {'page': 'emergency', 'action': 'trying to change destination to19'}}
INFO:root:1723125108.807582,ID:1016,STAGE:1,SEQUENCE:11243,DATA:{'time': 1723125108.802, 'user-id': '1016', 'source': 'HAI Interface', 'destination-index': '3', 'study-stage': '1', 'decision-state': 0, 'vitals-state': 0, 'airspace-state': 0, 'data': {'page': 'emergency', 'action': 'trying to change destination to19'}}
INFO:root:Weather emergency alert given, sent request to clear weather_emergency
INFO:root:1723125113.858927,ID:1016,STAGE:1,SEQUENCE:11243,DATA:{'time': 1723125113.854, 'user-id': '1016', 'source': 'HAI Interface', 'destination-index': '3', 'study-stage': '1', 'decision-state': 0, 'vitals-state': 0, 'airspace-state': 0, 'data': {'page': 'emergency', 'action': 'trying to change destination to19'}}
INFO:root:1723125118.861455,ID:1016,STAGE:1,SEQUENCE:11243,DATA:{'time': 1723125118.854, 'user-id': '1016', 'source': 'HAI Interface', 'destination-index': '3', 'study-stage': '1', 'decision-state': 0, 'vitals-state': 0, 'airspace-state': 0, 'data': {'page': 'emergency', 'action': 'trying to change destination to19'}}
INFO:root:1723125123.836186,ID:1016,STAGE:1,SEQUENCE:11243,DATA:{'time': 1723125123.829, 'user-id': '1016', 'source': 'HAI Interface', 'destination-index': '3', 'study-stage': '1', 'decision-state': 0, 'vitals-state': 0, 'airspace-state': 0, 'data': {'page': 'emergency', 'action': 'trying to change destination to19'}}
INFO:root:1723125124.649378,ID:1016,STAGE:1,SEQUENCE:11243,DATA:{'time': 1723125124.645, 'user-id': '1016', 'source': 'HAI Interface', 'destination-index': '3', 'study-stage': '1', 'decision-state': 0, 'vitals-state': 0, 'airspace-state': 0, 'data': {'page': 'inflight', 'action': 'user acknowledged vitals prompt'}}
INFO:root:1723125126.462414,ID:1016,STAGE:1,SEQUENCE:11243,DATA:{'time': 1723125126.457, 'user-id': '1016', 'source': 'HAI Interface', 'destination-index': '3', 'study-stage': '1', 'decision-state': 0, 'vitals-state': 0, 'airspace-state': 0, 'data': {'page': 'map', 'action': 'show map'}}
INFO:root:1723125126.464408,ID:1016,STAGE:1,SEQUENCE:11243,DATA:{'time': 1723125126.457, 'user-id': '1016', 'source': 'HAI Interface', 'destination-index': '3', 'study-stage': '1', 'decision-state': 0, 'vitals-state': 0, 'airspace-state': 0, 'data': {'page': 'map', 'action': 'selected helipad', 'value': '21'}}
INFO:root:1723125128.842966,ID:1016,STAGE:1,SEQUENCE:11243,DATA:{'time': 1723125128.835, 'user-id': '1016', 'source': 'HAI Interface', 'destination-index': '3', 'study-stage': '1', 'decision-state': 0, 'vitals-state': 0, 'airspace-state': 0, 'data': {'page': 'emergency', 'action': 'trying to change destination to19'}}
INFO:root:weather emergency radio comm response initiated
INFO:root:1723125133.860073,ID:1016,STAGE:1,SEQUENCE:11243,DATA:{'time': 1723125133.854, 'user-id': '1016', 'source': 'HAI Interface', 'destination-index': '3', 'study-stage': '1', 'decision-state': 0, 'vitals-state': 0, 'airspace-state': 0, 'data': {'page': 'emergency', 'action': 'trying to change destination to19'}}
INFO:root:1723125138.823993,ID:1016,STAGE:1,SEQUENCE:11243,DATA:{'time': 1723125138.817, 'user-id': '1016', 'source': 'HAI Interface', 'destination-index': '3', 'study-stage': '1', 'decision-state': 0, 'vitals-state': 0, 'airspace-state': 0, 'data': {'page': 'emergency', 'action': 'trying to change destination to19'}}
INFO:root:Reroute to weather emergency radio comm done- command to clear event and make receive 0 sent
INFO:root:1723125143.833428,ID:1016,STAGE:1,SEQUENCE:11243,DATA:{'time': 1723125143.828, 'user-id': '1016', 'source': 'HAI Interface', 'destination-index': '3', 'study-stage': '1', 'decision-state': 0, 'vitals-state': 0, 'airspace-state': 0, 'data': {'page': 'map', 'action': 'hide map'}}
INFO:root:1723125143.917603,ID:1016,STAGE:1,SEQUENCE:11243,DATA:{'time': 1723125143.911, 'user-id': '1016', 'source': 'HAI Interface', 'destination-index': '3', 'study-stage': '1', 'decision-state': 0, 'vitals-state': 0, 'airspace-state': 0, 'data': {'page': 'emergency', 'action': 'trying to change destination to19'}}
INFO:root:1723125148.83897,ID:1016,STAGE:1,SEQUENCE:11243,DATA:{'time': 1723125148.833, 'user-id': '1016', 'source': 'HAI Interface', 'destination-index': '3', 'study-stage': '1', 'decision-state': 0, 'vitals-state': 0, 'airspace-state': 0, 'data': {'page': 'emergency', 'action': 'trying to change destination to19'}}
INFO:root:1723125149.674463,ID:1016,STAGE:1,SEQUENCE:11243,DATA:{'time': 1723125149.669, 'user-id': '1016', 'source': 'HAI Interface', 'destination-index': '3', 'study-stage': '1', 'decision-state': 0, 'vitals-state': 0, 'airspace-state': 0, 'data': {'page': 'Inflight', 'action': 'emergency landing button pressed'}}
INFO:root:1723125149.844642,ID:1016,STAGE:1,SEQUENCE:11243,DATA:{'time': 1723125149.81, 'user-id': 'none', 'source': 'HAI Interface', 'destination-index': 3, 'study-stage': -1, 'decision-state': 0, 'vitals-state': 0, 'airspace-state': 0, 'data': {'page': 'emergency-landing', 'action': 'opened page'}}
INFO:root:1723125150.774699,ID:1016,STAGE:1,SEQUENCE:11243,DATA:{'time': 1723125150.767, 'user-id': '1016', 'source': 'HAI Interface', 'destination-index': '3', 'study-stage': '1', 'decision-state': 0, 'vitals-state': 0, 'airspace-state': 0, 'data': {'page': 'map', 'action': 'selected helipad', 'value': '21'}}
INFO:root:1723125150.776694,ID:1016,STAGE:1,SEQUENCE:11243,DATA:{'time': 1723125150.768, 'user-id': '1016', 'source': 'HAI Interface', 'destination-index': '3', 'study-stage': '1', 'decision-state': 0, 'vitals-state': 0, 'airspace-state': 0, 'data': {'page': 'map', 'action': 'set destination', 'value': -1}}
INFO:root:Inflight Radio Update asked
INFO:root:sent request to set radio update complete
INFO:root:1723125153.918619,ID:1016,STAGE:1,SEQUENCE:11243,DATA:{'time': 1723125153.913, 'user-id': '1016', 'source': 'HAI Interface', 'destination-index': '3', 'study-stage': '1', 'decision-state': 0, 'vitals-state': 0, 'airspace-state': 0, 'data': {'page': 'change-destination', 'action': 'submit button pressed'}}
INFO:root:1723125154.054401,ID:1016,STAGE:1,SEQUENCE:11243,DATA:{'time': 1723125154.034, 'user-id': 'none', 'source': 'HAI Interface', 'destination-index': 3, 'study-stage': -1, 'decision-state': 0, 'vitals-state': 0, 'airspace-state': 0, 'data': {'page': 'location', 'action': 'opened page'}}
INFO:root:1723125154.997163,ID:1016,STAGE:1,SEQUENCE:11243,DATA:{'time': 1723125154.993, 'user-id': '1016', 'source': 'HAI Interface', 'destination-index': '3', 'study-stage': '1', 'decision-state': 0, 'vitals-state': 0, 'airspace-state': 0, 'data': {'page': 'map', 'action': 'selected helipad', 'value': '21'}}
INFO:root:1723125156.882747,ID:1016,STAGE:1,SEQUENCE:11243,DATA:{'time': 1723125156.878, 'user-id': '1016', 'source': 'HAI Interface', 'destination-index': '3', 'study-stage': '1', 'decision-state': 0, 'vitals-state': 0, 'airspace-state': 0, 'data': {'page': 'location', 'action': 'confirm button pressed'}}
INFO:root:1723125158.196828,ID:1016,STAGE:1,SEQUENCE:11243,DATA:{'time': 1723125158.193, 'user-id': '1016', 'source': 'HAI Interface', 'destination-index': '21', 'study-stage': '1', 'decision-state': 0, 'vitals-state': 0, 'airspace-state': 0, 'data': {'page': 'map', 'action': 'selected helipad', 'value': '21'}}
INFO:root:1723125162.49686,ID:1016,STAGE:1,SEQUENCE:11243,DATA:{'time': 1723125162.491, 'user-id': '1016', 'source': 'HAI Interface', 'destination-index': '21', 'study-stage': '1', 'decision-state': 0, 'vitals-state': 0, 'airspace-state': 0, 'data': {'page': 'emergency', 'action': 'trying to change destination to100'}}
INFO:root:1723125167.417407,ID:1016,STAGE:1,SEQUENCE:11243,DATA:{'time': 1723125167.409, 'user-id': '1016', 'source': 'HAI Interface', 'destination-index': '21', 'study-stage': '1', 'decision-state': 0, 'vitals-state': 0, 'airspace-state': 0, 'data': {'page': 'emergency', 'action': 'trying to change destination to19'}}
INFO:root:1723125168.474891,ID:1016,STAGE:1,SEQUENCE:11243,DATA:{'time': 1723125168.471, 'user-id': '1016', 'source': 'HAI Interface', 'destination-index': '21', 'study-stage': '1', 'decision-state': 0, 'vitals-state': 0, 'airspace-state': 0, 'data': {'page': 'map', 'action': 'show map'}}
INFO:root:1723125168.478879,ID:1016,STAGE:1,SEQUENCE:11243,DATA:{'time': 1723125168.472, 'user-id': '1016', 'source': 'HAI Interface', 'destination-index': '21', 'study-stage': '1', 'decision-state': 0, 'vitals-state': 0, 'airspace-state': 0, 'data': {'page': 'map', 'action': 'selected helipad', 'value': '21'}}
INFO:root:1723125172.447453,ID:1016,STAGE:1,SEQUENCE:11243,DATA:{'time': 1723125172.439, 'user-id': '1016', 'source': 'HAI Interface', 'destination-index': '21', 'study-stage': '1', 'decision-state': 0, 'vitals-state': 0, 'airspace-state': 0, 'data': {'page': 'emergency', 'action': 'trying to change destination to19'}}
INFO:root:1723125175.124167,ID:1016,STAGE:1,SEQUENCE:11243,DATA:{'time': 1723125175.121, 'user-id': '1016', 'source': 'HAI Interface', 'destination-index': '21', 'study-stage': '1', 'decision-state': 0, 'vitals-state': 0, 'airspace-state': 0, 'data': {'page': 'map', 'action': 'hide map'}}
INFO:root:1723125177.346883,ID:1016,STAGE:1,SEQUENCE:11243,DATA:{'time': 1723125177.341, 'user-id': '1016', 'source': 'HAI Interface', 'destination-index': '21', 'study-stage': '1', 'decision-state': 0, 'vitals-state': 0, 'airspace-state': 0, 'data': {'page': 'emergency', 'action': 'trying to change destination to19'}}
INFO:root:1723125177.447903,ID:1016,STAGE:1,SEQUENCE:11243,DATA:{'time': 1723125177.443, 'user-id': '1016', 'source': 'HAI Interface', 'destination-index': '21', 'study-stage': '1', 'decision-state': 0, 'vitals-state': 0, 'airspace-state': 0, 'data': {'page': 'Inflight', 'action': 'emergency landing button pressed'}}
INFO:root:1723125177.578378,ID:1016,STAGE:1,SEQUENCE:11243,DATA:{'time': 1723125177.557, 'user-id': 'none', 'source': 'HAI Interface', 'destination-index': 3, 'study-stage': -1, 'decision-state': 0, 'vitals-state': 0, 'airspace-state': 0, 'data': {'page': 'emergency-landing', 'action': 'opened page'}}
INFO:root:1723125178.532944,ID:1016,STAGE:1,SEQUENCE:11243,DATA:{'time': 1723125178.529, 'user-id': '1016', 'source': 'HAI Interface', 'destination-index': '21', 'study-stage': '1', 'decision-state': 0, 'vitals-state': 0, 'airspace-state': 0, 'data': {'page': 'map', 'action': 'selected helipad', 'value': '21'}}
INFO:root:1723125178.53552,ID:1016,STAGE:1,SEQUENCE:11243,DATA:{'time': 1723125178.53, 'user-id': '1016', 'source': 'HAI Interface', 'destination-index': '21', 'study-stage': '1', 'decision-state': 0, 'vitals-state': 0, 'airspace-state': 0, 'data': {'page': 'map', 'action': 'set destination', 'value': -1}}
INFO:root:1723125179.556292,ID:1016,STAGE:1,SEQUENCE:11243,DATA:{'time': 1723125179.552, 'user-id': '1016', 'source': 'HAI Interface', 'destination-index': '21', 'study-stage': '1', 'decision-state': 0, 'vitals-state': 0, 'airspace-state': 0, 'data': {'page': 'map', 'action': 'show map'}}
INFO:root:1723125179.558232,ID:1016,STAGE:1,SEQUENCE:11243,DATA:{'time': 1723125179.552, 'user-id': '1016', 'source': 'HAI Interface', 'destination-index': '21', 'study-stage': '1', 'decision-state': 0, 'vitals-state': 0, 'airspace-state': 0, 'data': {'page': 'map', 'action': 'selected helipad', 'value': '21'}}
INFO:root:1723125179.562406,ID:1016,STAGE:1,SEQUENCE:11243,DATA:{'time': 1723125179.553, 'user-id': '1016', 'source': 'HAI Interface', 'destination-index': '21', 'study-stage': '1', 'decision-state': 0, 'vitals-state': 0, 'airspace-state': 0, 'data': {'page': 'map', 'action': 'set destination', 'value': '21'}}
INFO:root:1723125182.779891,ID:1016,STAGE:1,SEQUENCE:11243,DATA:{'time': 1723125182.773, 'user-id': '1016', 'source': 'HAI Interface', 'destination-index': '21', 'study-stage': '1', 'decision-state': 0, 'vitals-state': 0, 'airspace-state': 0, 'data': {'page': 'emergency', 'action': 'trying to change destination to100'}}
INFO:root:1723125187.764726,ID:1016,STAGE:1,SEQUENCE:11243,DATA:{'time': 1723125187.76, 'user-id': '1016', 'source': 'HAI Interface', 'destination-index': '21', 'study-stage': '1', 'decision-state': 0, 'vitals-state': 0, 'airspace-state': 0, 'data': {'page': 'emergency', 'action': 'trying to change destination to19'}}
INFO:root:1723125192.728434,ID:1016,STAGE:1,SEQUENCE:11243,DATA:{'time': 1723125192.724, 'user-id': '1016', 'source': 'HAI Interface', 'destination-index': '21', 'study-stage': '1', 'decision-state': 0, 'vitals-state': 0, 'airspace-state': 0, 'data': {'page': 'emergency', 'action': 'trying to change destination to19'}}
INFO:root:1723125197.808179,ID:1016,STAGE:1,SEQUENCE:11243,DATA:{'time': 1723125197.801, 'user-id': '1016', 'source': 'HAI Interface', 'destination-index': '21', 'study-stage': '1', 'decision-state': 0, 'vitals-state': 0, 'airspace-state': 0, 'data': {'page': 'emergency', 'action': 'trying to change destination to19'}}
INFO:root:1723125202.821019,ID:1016,STAGE:1,SEQUENCE:11243,DATA:{'time': 1723125202.813, 'user-id': '1016', 'source': 'HAI Interface', 'destination-index': '21', 'study-stage': '1', 'decision-state': 0, 'vitals-state': 0, 'airspace-state': 0, 'data': {'page': 'emergency', 'action': 'trying to change destination to19'}}
INFO:root:1723125207.770626,ID:1016,STAGE:1,SEQUENCE:11243,DATA:{'time': 1723125207.764, 'user-id': '1016', 'source': 'HAI Interface', 'destination-index': '21', 'study-stage': '1', 'decision-state': 0, 'vitals-state': 0, 'airspace-state': 0, 'data': {'page': 'emergency', 'action': 'trying to change destination to19'}}
INFO:root:1723125212.748901,ID:1016,STAGE:1,SEQUENCE:11243,DATA:{'time': 1723125212.742, 'user-id': '1016', 'source': 'HAI Interface', 'destination-index': '21', 'study-stage': '1', 'decision-state': 0, 'vitals-state': 0, 'airspace-state': 0, 'data': {'page': 'emergency', 'action': 'trying to change destination to19'}}
INFO:root:1723125214.904745,ID:1016,STAGE:1,SEQUENCE:11243,DATA:{'time': 1723125214.896, 'user-id': '1016', 'source': 'HAI Interface', 'destination-index': '21', 'study-stage': '1', 'decision-state': 0, 'vitals-state': 0, 'airspace-state': 0, 'data': {'page': 'map', 'action': 'selected helipad', 'value': '5'}}
INFO:root:1723125214.907249,ID:1016,STAGE:1,SEQUENCE:11243,DATA:{'time': 1723125214.897, 'user-id': '1016', 'source': 'HAI Interface', 'destination-index': '21', 'study-stage': '1', 'decision-state': 0, 'vitals-state': 0, 'airspace-state': 0, 'data': {'page': 'map', 'action': 'set destination', 'value': '21'}}
INFO:root:1723125215.120819,ID:1016,STAGE:1,SEQUENCE:11243,DATA:{'time': 1723125215.113, 'user-id': '1016', 'source': 'HAI Interface', 'destination-index': '21', 'study-stage': '1', 'decision-state': 0, 'vitals-state': 0, 'airspace-state': 0, 'data': {'page': 'map', 'action': 'changing helipad', 'value': '5'}}
INFO:root:1723125215.122817,ID:1016,STAGE:1,SEQUENCE:11243,DATA:{'time': 1723125215.114, 'user-id': '1016', 'source': 'HAI Interface', 'destination-index': '21', 'study-stage': '1', 'decision-state': 0, 'vitals-state': 0, 'airspace-state': 0, 'data': {'page': 'map', 'action': 'changing helipad', 'value': '5'}}
INFO:root:1723125215.124812,ID:1016,STAGE:1,SEQUENCE:11243,DATA:{'time': 1723125215.114, 'user-id': '1016', 'source': 'HAI Interface', 'destination-index': '21', 'study-stage': '1', 'decision-state': 0, 'vitals-state': 0, 'airspace-state': 0, 'data': {'page': 'map', 'action': 'selected helipad', 'value': '5'}}
INFO:root:1723125215.128367,ID:1016,STAGE:1,SEQUENCE:11243,DATA:{'time': 1723125215.115, 'user-id': '1016', 'source': 'HAI Interface', 'destination-index': '21', 'study-stage': '1', 'decision-state': 0, 'vitals-state': 0, 'airspace-state': 0, 'data': {'page': 'map', 'action': 'set destination', 'value': '5'}}
INFO:root:1723125217.770503,ID:1016,STAGE:1,SEQUENCE:11243,DATA:{'time': 1723125217.762, 'user-id': '1016', 'source': 'HAI Interface', 'destination-index': '21', 'study-stage': '1', 'decision-state': 0, 'vitals-state': 0, 'airspace-state': 0, 'data': {'page': 'emergency', 'action': 'trying to change destination to19'}}
INFO:root:1723125220.883209,ID:1016,STAGE:1,SEQUENCE:11243,DATA:{'time': 1723125220.875, 'user-id': '1016', 'source': 'HAI Interface', 'destination-index': '21', 'study-stage': '1', 'decision-state': 0, 'vitals-state': 0, 'airspace-state': 0, 'data': {'page': 'map', 'action': 'hide map'}}
INFO:root:1723125222.740296,ID:1016,STAGE:1,SEQUENCE:11243,DATA:{'time': 1723125222.734, 'user-id': '1016', 'source': 'HAI Interface', 'destination-index': '21', 'study-stage': '1', 'decision-state': 0, 'vitals-state': 0, 'airspace-state': 0, 'data': {'page': 'emergency', 'action': 'trying to change destination to19'}}
INFO:root:1723125223.326814,ID:1016,STAGE:1,SEQUENCE:11243,DATA:{'time': 1723125223.322, 'user-id': '1016', 'source': 'HAI Interface', 'destination-index': '21', 'study-stage': '1', 'decision-state': 0, 'vitals-state': 0, 'airspace-state': 0, 'data': {'page': 'change-destination', 'action': 'submit button pressed'}}
INFO:root:1723125223.478457,ID:1016,STAGE:1,SEQUENCE:11243,DATA:{'time': 1723125223.463, 'user-id': 'none', 'source': 'HAI Interface', 'destination-index': 3, 'study-stage': -1, 'decision-state': 0, 'vitals-state': 0, 'airspace-state': 0, 'data': {'page': 'location', 'action': 'opened page'}}
INFO:root:1723125224.419654,ID:1016,STAGE:1,SEQUENCE:11243,DATA:{'time': 1723125224.413, 'user-id': '1016', 'source': 'HAI Interface', 'destination-index': '21', 'study-stage': '1', 'decision-state': 0, 'vitals-state': 0, 'airspace-state': 0, 'data': {'page': 'map', 'action': 'selected helipad', 'value': '21'}}
INFO:root:1723125225.146763,ID:1016,STAGE:1,SEQUENCE:11243,DATA:{'time': 1723125225.142, 'user-id': '1016', 'source': 'HAI Interface', 'destination-index': '21', 'study-stage': '1', 'decision-state': 0, 'vitals-state': 0, 'airspace-state': 0, 'data': {'page': 'location', 'action': 'confirm button pressed'}}
INFO:root:1723125226.422147,ID:1016,STAGE:1,SEQUENCE:11243,DATA:{'time': 1723125226.415, 'user-id': '1016', 'source': 'HAI Interface', 'destination-index': '5', 'study-stage': '1', 'decision-state': 0, 'vitals-state': 0, 'airspace-state': 0, 'data': {'page': 'map', 'action': 'selected helipad', 'value': '21'}}
INFO:root:1723125230.628327,ID:1016,STAGE:1,SEQUENCE:11243,DATA:{'time': 1723125230.622, 'user-id': '1016', 'source': 'HAI Interface', 'destination-index': '5', 'study-stage': '1', 'decision-state': 0, 'vitals-state': 0, 'airspace-state': 0, 'data': {'page': 'emergency', 'action': 'trying to change destination to100'}}
INFO:root:1723125235.680655,ID:1016,STAGE:1,SEQUENCE:11243,DATA:{'time': 1723125235.675, 'user-id': '1016', 'source': 'HAI Interface', 'destination-index': '5', 'study-stage': '1', 'decision-state': 0, 'vitals-state': 0, 'airspace-state': 0, 'data': {'page': 'emergency', 'action': 'trying to change destination to19'}}
INFO:root:1723125240.65882,ID:1016,STAGE:1,SEQUENCE:11243,DATA:{'time': 1723125240.653, 'user-id': '1016', 'source': 'HAI Interface', 'destination-index': '5', 'study-stage': '1', 'decision-state': 0, 'vitals-state': 0, 'airspace-state': 0, 'data': {'page': 'emergency', 'action': 'trying to change destination to19'}}
INFO:root:1723125245.646711,ID:1016,STAGE:1,SEQUENCE:11243,DATA:{'time': 1723125245.641, 'user-id': '1016', 'source': 'HAI Interface', 'destination-index': '5', 'study-stage': '1', 'decision-state': 0, 'vitals-state': 0, 'airspace-state': 0, 'data': {'page': 'emergency', 'action': 'trying to change destination to19'}}
INFO:root:Inflight Radio Update asked
INFO:root:sent request to set radio update complete
INFO:root:1723125250.696257,ID:1016,STAGE:1,SEQUENCE:11243,DATA:{'time': 1723125250.693, 'user-id': '1016', 'source': 'HAI Interface', 'destination-index': '5', 'study-stage': '1', 'decision-state': 0, 'vitals-state': 0, 'airspace-state': 0, 'data': {'page': 'emergency', 'action': 'trying to change destination to19'}}
INFO:root:1723125253.001477,ID:1016,STAGE:1,SEQUENCE:11243,DATA:{'time': 1723125252.997, 'user-id': '1016', 'source': 'HAI Interface', 'destination-index': '5', 'study-stage': '1', 'decision-state': 0, 'vitals-state': 0, 'airspace-state': 0, 'data': {'page': 'map', 'action': 'show map'}}
INFO:root:1723125253.004468,ID:1016,STAGE:1,SEQUENCE:11243,DATA:{'time': 1723125252.997, 'user-id': '1016', 'source': 'HAI Interface', 'destination-index': '5', 'study-stage': '1', 'decision-state': 0, 'vitals-state': 0, 'airspace-state': 0, 'data': {'page': 'map', 'action': 'selected helipad', 'value': '21'}}
INFO:root:1723125254.936651,ID:1016,STAGE:1,SEQUENCE:11243,DATA:{'time': 1723125254.932, 'user-id': '1016', 'source': 'HAI Interface', 'destination-index': '5', 'study-stage': '1', 'decision-state': 0, 'vitals-state': 0, 'airspace-state': 0, 'data': {'action': 'radio panel opened'}}
INFO:root:1723125255.684022,ID:1016,STAGE:1,SEQUENCE:11243,DATA:{'time': 1723125255.678, 'user-id': '1016', 'source': 'HAI Interface', 'destination-index': '5', 'study-stage': '1', 'decision-state': 0, 'vitals-state': 0, 'airspace-state': 0, 'data': {'page': 'emergency', 'action': 'trying to change destination to19'}}
INFO:root:1723125260.686493,ID:1016,STAGE:1,SEQUENCE:11243,DATA:{'time': 1723125260.679, 'user-id': '1016', 'source': 'HAI Interface', 'destination-index': '5', 'study-stage': '1', 'decision-state': 0, 'vitals-state': 0, 'airspace-state': 0, 'data': {'page': 'emergency', 'action': 'trying to change destination to19'}}
INFO:root:1723125265.644914,ID:1016,STAGE:1,SEQUENCE:11243,DATA:{'time': 1723125265.636, 'user-id': '1016', 'source': 'HAI Interface', 'destination-index': '5', 'study-stage': '1', 'decision-state': 0, 'vitals-state': 0, 'airspace-state': 0, 'data': {'page': 'emergency', 'action': 'trying to change destination to19'}}
INFO:root:1723125270.676006,ID:1016,STAGE:1,SEQUENCE:11243,DATA:{'time': 1723125270.67, 'user-id': '1016', 'source': 'HAI Interface', 'destination-index': '5', 'study-stage': '1', 'decision-state': 0, 'vitals-state': 0, 'airspace-state': 0, 'data': {'page': 'emergency', 'action': 'trying to change destination to19'}}
INFO:root:1723125272.901762,ID:1016,STAGE:1,SEQUENCE:11243,DATA:{'time': 1723125272.897, 'user-id': '1016', 'source': 'HAI Interface', 'destination-index': '5', 'study-stage': '1', 'decision-state': 0, 'vitals-state': 0, 'airspace-state': 0, 'data': {'action': 'transmit button pressed'}}
INFO:root:1723125272.906256,ID:1016,STAGE:1,SEQUENCE:11243,DATA:{'time': 1723125272.898, 'user-id': '1016', 'source': 'HAI Interface', 'destination-index': '5', 'study-stage': '1', 'decision-state': 0, 'vitals-state': 0, 'airspace-state': 0, 'data': {'action': 'callsign set to: + NASXGS'}}
INFO:root:1723125272.911278,ID:1016,STAGE:1,SEQUENCE:11243,DATA:{'time': 1723125272.898, 'user-id': '1016', 'source': 'HAI Interface', 'destination-index': '5', 'study-stage': '1', 'decision-state': 0, 'vitals-state': 0, 'airspace-state': 0, 'data': {'action': 'radio set to:Comm1'}}
INFO:root:1723125272.91432,ID:1016,STAGE:1,SEQUENCE:11243,DATA:{'time': 1723125272.899, 'user-id': '1016', 'source': 'HAI Interface', 'destination-index': '5', 'study-stage': '1', 'decision-state': 0, 'vitals-state': 0, 'airspace-state': 0, 'data': {'page': 'map', 'action': 'show map'}}
INFO:root:1723125272.921325,ID:1016,STAGE:1,SEQUENCE:11243,DATA:{'time': 1723125272.899, 'user-id': '1016', 'source': 'HAI Interface', 'destination-index': '5', 'study-stage': '1', 'decision-state': 0, 'vitals-state': 0, 'airspace-state': 0, 'data': {'page': 'map', 'action': 'selected helipad', 'value': '21'}}
INFO:root:1723125272.923836,ID:1016,STAGE:1,SEQUENCE:11243,DATA:{'time': 1723125272.904, 'user-id': '1016', 'source': 'HAI Interface', 'destination-index': '5', 'study-stage': '1', 'decision-state': 0, 'vitals-state': 0, 'airspace-state': 0, 'data': {'action': 'NASXGStransmitting updates onComm1123.45 MHz'}}
INFO:root:1723125275.676886,ID:1016,STAGE:1,SEQUENCE:11243,DATA:{'time': 1723125275.673, 'user-id': '1016', 'source': 'HAI Interface', 'destination-index': '5', 'study-stage': '1', 'decision-state': 0, 'vitals-state': 0, 'airspace-state': 0, 'data': {'page': 'emergency', 'action': 'trying to change destination to19'}}
INFO:root:1723125280.654985,ID:1016,STAGE:1,SEQUENCE:11243,DATA:{'time': 1723125280.651, 'user-id': '1016', 'source': 'HAI Interface', 'destination-index': '5', 'study-stage': '1', 'decision-state': 0, 'vitals-state': 0, 'airspace-state': 0, 'data': {'page': 'emergency', 'action': 'trying to change destination to19'}}
INFO:root:1723125285.644733,ID:1016,STAGE:1,SEQUENCE:11243,DATA:{'time': 1723125285.64, 'user-id': '1016', 'source': 'HAI Interface', 'destination-index': '5', 'study-stage': '1', 'decision-state': 0, 'vitals-state': 0, 'airspace-state': 0, 'data': {'page': 'emergency', 'action': 'trying to change destination to19'}}
INFO:root:1723125289.462519,ID:1016,STAGE:1,SEQUENCE:11243,DATA:{'time': 1723125289.46, 'user-id': '1016', 'source': 'HAI Interface', 'destination-index': '5', 'study-stage': '1', 'decision-state': 0, 'vitals-state': 0, 'airspace-state': 0, 'data': {'page': 'map', 'action': 'hide map'}}
INFO:root:1723125290.614555,ID:1016,STAGE:1,SEQUENCE:11243,DATA:{'time': 1723125290.611, 'user-id': '1016', 'source': 'HAI Interface', 'destination-index': '5', 'study-stage': '1', 'decision-state': 0, 'vitals-state': 0, 'airspace-state': 0, 'data': {'page': 'emergency', 'action': 'trying to change destination to19'}}
INFO:root:1723125295.652959,ID:1016,STAGE:1,SEQUENCE:11243,DATA:{'time': 1723125295.649, 'user-id': '1016', 'source': 'HAI Interface', 'destination-index': '5', 'study-stage': '1', 'decision-state': 0, 'vitals-state': 0, 'airspace-state': 0, 'data': {'page': 'emergency', 'action': 'trying to change destination to19'}}
INFO:root:1723125297.570321,ID:1016,STAGE:1,SEQUENCE:11243,DATA:{'time': 1723125297.566, 'user-id': '1016', 'source': 'HAI Interface', 'destination-index': '5', 'study-stage': '1', 'decision-state': 0, 'vitals-state': 0, 'airspace-state': 0, 'data': {'page': 'map', 'action': 'show map'}}
INFO:root:1723125297.57298,ID:1016,STAGE:1,SEQUENCE:11243,DATA:{'time': 1723125297.567, 'user-id': '1016', 'source': 'HAI Interface', 'destination-index': '5', 'study-stage': '1', 'decision-state': 0, 'vitals-state': 0, 'airspace-state': 0, 'data': {'page': 'map', 'action': 'selected helipad', 'value': '21'}}
INFO:root:1723125300.587557,ID:1016,STAGE:1,SEQUENCE:11243,DATA:{'time': 1723125300.577, 'user-id': '1016', 'source': 'HAI Interface', 'destination-index': '5', 'study-stage': '1', 'decision-state': 0, 'vitals-state': 0, 'airspace-state': 0, 'data': {'page': 'emergency', 'action': 'trying to change destination to19'}}
INFO:root:1723125300.686902,ID:1016,STAGE:1,SEQUENCE:11243,DATA:{'time': 1723125300.682, 'user-id': 'none', 'source': 'HAI Interface', 'destination-index': 3, 'study-stage': -1, 'decision-state': 0, 'vitals-state': 0, 'airspace-state': 0, 'data': {'page': 'checklist', 'action': 'opened page', 'inflight': True}}
INFO:root:1723125301.654182,ID:1016,STAGE:1,SEQUENCE:11243,DATA:{'time': 1723125301.65, 'user-id': '1016', 'source': 'HAI Interface', 'destination-index': '5', 'study-stage': '1', 'decision-state': 0, 'vitals-state': 0, 'airspace-state': 0, 'data': {'page': 'map', 'action': 'selected helipad', 'value': '21'}}
INFO:root:1723125305.040956,ID:1016,STAGE:1,SEQUENCE:11243,DATA:{'time': 1723125305.037, 'user-id': '1016', 'source': 'HAI Interface', 'destination-index': '5', 'study-stage': '1', 'decision-state': 0, 'vitals-state': 0, 'airspace-state': 0, 'data': {'page': 'checklist', 'action': 'toggled checkbox', 'inflight': True, 'item': 0, 'value': 'OFF'}}
INFO:root:1723125305.692518,ID:1016,STAGE:1,SEQUENCE:11243,DATA:{'time': 1723125305.69, 'user-id': '1016', 'source': 'HAI Interface', 'destination-index': '5', 'study-stage': '1', 'decision-state': 0, 'vitals-state': 0, 'airspace-state': 0, 'data': {'page': 'checklist', 'action': 'toggled checkbox', 'inflight': True, 'item': 1, 'value': 'OFF'}}
INFO:root:1723125306.260536,ID:1016,STAGE:1,SEQUENCE:11243,DATA:{'time': 1723125306.257, 'user-id': '1016', 'source': 'HAI Interface', 'destination-index': '5', 'study-stage': '1', 'decision-state': 0, 'vitals-state': 0, 'airspace-state': 0, 'data': {'page': 'checklist', 'action': 'toggled checkbox', 'inflight': True, 'item': 2, 'value': 'OFF'}}
INFO:root:1723125306.261532,ID:1016,STAGE:1,SEQUENCE:11243,DATA:{'time': 1723125306.258, 'user-id': '1016', 'source': 'HAI Interface', 'destination-index': '5', 'study-stage': '1', 'decision-state': 0, 'vitals-state': 0, 'airspace-state': 0, 'data': {'page': 'checklist', 'action': 'showing confirm button', 'inflight': True}}
INFO:root:1723125307.037432,ID:1016,STAGE:1,SEQUENCE:11243,DATA:{'time': 1723125307.033, 'user-id': '1016', 'source': 'HAI Interface', 'destination-index': '5', 'study-stage': '1', 'decision-state': 0, 'vitals-state': 0, 'airspace-state': 0, 'data': {'page': 'checklist', 'action': 'confirm button clicked', 'inflight': True}}
INFO:root:1723125307.306272,ID:1016,STAGE:1,SEQUENCE:11243,DATA:{'time': 1723125307.297, 'user-id': 'none', 'source': 'HAI Interface', 'destination-index': 3, 'study-stage': -1, 'decision-state': 0, 'vitals-state': 0, 'airspace-state': 0, 'data': {'page': 'landing-confirmation', 'action': 'opened page'}}
INFO:root:1723125307.313571,ID:1016,STAGE:1,SEQUENCE:11243,DATA:{'time': 1723125307.298, 'user-id': 'none', 'source': 'HAI Interface', 'destination-index': 3, 'study-stage': -1, 'decision-state': 0, 'vitals-state': 0, 'airspace-state': 0, 'data': {'page': 'landing-confirmation', 'action': 'showing helipad confirm', 'value': 1}}
INFO:root:1723125308.272542,ID:1016,STAGE:1,SEQUENCE:11243,DATA:{'time': 1723125308.266, 'user-id': '1016', 'source': 'HAI Interface', 'destination-index': '5', 'study-stage': '1', 'decision-state': 0, 'vitals-state': 0, 'airspace-state': 0, 'data': {'page': 'map', 'action': 'selected helipad', 'value': '21'}}
INFO:root:1723125313.085408,ID:1016,STAGE:1,SEQUENCE:11243,DATA:{'time': 1723125313.082, 'user-id': '1016', 'source': 'HAI Interface', 'destination-index': '5', 'study-stage': '1', 'decision-state': 0, 'vitals-state': 0, 'airspace-state': 0, 'data': {'page': 'landing-confirmation', 'action': 'checkbox toggle', 'item': 0, 'value': 'ON'}}
INFO:root:1723125314.56819,ID:1016,STAGE:1,SEQUENCE:11243,DATA:{'time': 1723125314.565, 'user-id': '1016', 'source': 'HAI Interface', 'destination-index': '5', 'study-stage': '1', 'decision-state': 0, 'vitals-state': 0, 'airspace-state': 0, 'data': {'page': 'landing-confirmation', 'action': 'checkbox toggle', 'item': 1, 'value': 'ON'}}
INFO:root:1723125315.256078,ID:1016,STAGE:1,SEQUENCE:11243,DATA:{'time': 1723125315.253, 'user-id': '1016', 'source': 'HAI Interface', 'destination-index': '5', 'study-stage': '1', 'decision-state': 0, 'vitals-state': 0, 'airspace-state': 0, 'data': {'page': 'landing-confirmation', 'action': 'confirmed safe to land'}}
INFO:root:1723125315.257074,ID:1016,STAGE:1,SEQUENCE:11243,DATA:{'time': 1723125315.253, 'user-id': '1016', 'source': 'HAI Interface', 'destination-index': '5', 'study-stage': '1', 'decision-state': 0, 'vitals-state': 0, 'airspace-state': 0, 'data': {'page': 'landing-confirmation', 'action': 'showing helipad ready'}}
INFO:root:1723125317.258668,ID:1016,STAGE:1,SEQUENCE:11243,DATA:{'time': 1723125317.256, 'user-id': '1016', 'source': 'HAI Interface', 'destination-index': '5', 'study-stage': '1', 'decision-state': 0, 'vitals-state': 0, 'airspace-state': 0, 'data': {'page': 'landing-confirmation', 'action': 'gave landing confirmation'}}
INFO:root:1723125317.354685,ID:1016,STAGE:1,SEQUENCE:11243,DATA:{'time': 1723125317.347, 'user-id': 'none', 'source': 'HAI Interface', 'destination-index': 3, 'study-stage': -1, 'decision-state': 0, 'vitals-state': 0, 'airspace-state': 0, 'data': {'page': 'landing-countdown', 'action': 'opened page'}}
INFO:root:1723125318.319772,ID:1016,STAGE:1,SEQUENCE:11243,DATA:{'time': 1723125318.317, 'user-id': '1016', 'source': 'HAI Interface', 'destination-index': '5', 'study-stage': '1', 'decision-state': '1', 'vitals-state': 0, 'airspace-state': 0, 'data': {'page': 'map', 'action': 'selected helipad', 'value': '21'}}
INFO:root:1723125318.354413,ID:1016,STAGE:1,SEQUENCE:11243,DATA:{'time': 1723125318.351, 'user-id': '1016', 'source': 'HAI Interface', 'destination-index': '5', 'study-stage': '1', 'decision-state': '1', 'vitals-state': 0, 'airspace-state': 0, 'data': {'page': 'landing-countdown', 'action': 'countdown changed', 'value': 5}}
INFO:root:1723125319.353326,ID:1016,STAGE:1,SEQUENCE:11243,DATA:{'time': 1723125319.35, 'user-id': '1016', 'source': 'HAI Interface', 'destination-index': '5', 'study-stage': '1', 'decision-state': '1', 'vitals-state': 0, 'airspace-state': 0, 'data': {'page': 'landing-countdown', 'action': 'countdown changed', 'value': 4}}
INFO:root:1723125320.35596,ID:1016,STAGE:1,SEQUENCE:11243,DATA:{'time': 1723125320.351, 'user-id': '1016', 'source': 'HAI Interface', 'destination-index': '5', 'study-stage': '1', 'decision-state': '1', 'vitals-state': 0, 'airspace-state': 0, 'data': {'page': 'landing-countdown', 'action': 'countdown changed', 'value': 3}}
INFO:root:1723125321.353487,ID:1016,STAGE:1,SEQUENCE:11243,DATA:{'time': 1723125321.35, 'user-id': '1016', 'source': 'HAI Interface', 'destination-index': '5', 'study-stage': '1', 'decision-state': '1', 'vitals-state': 0, 'airspace-state': 0, 'data': {'page': 'landing-countdown', 'action': 'countdown changed', 'value': 2}}
INFO:root:1723125322.354186,ID:1016,STAGE:1,SEQUENCE:11243,DATA:{'time': 1723125322.351, 'user-id': '1016', 'source': 'HAI Interface', 'destination-index': '5', 'study-stage': '1', 'decision-state': '1', 'vitals-state': 0, 'airspace-state': 0, 'data': {'page': 'landing-countdown', 'action': 'countdown changed', 'value': 1}}
INFO:root:1723125323.354253,ID:1016,STAGE:1,SEQUENCE:11243,DATA:{'time': 1723125323.351, 'user-id': '1016', 'source': 'HAI Interface', 'destination-index': '5', 'study-stage': '1', 'decision-state': '1', 'vitals-state': 0, 'airspace-state': 0, 'data': {'page': 'landing-countdown', 'action': 'countdown changed', 'value': 0}}
INFO:root:1723125324.353787,ID:1016,STAGE:1,SEQUENCE:11243,DATA:{'time': 1723125324.35, 'user-id': '1016', 'source': 'HAI Interface', 'destination-index': '5', 'study-stage': '1', 'decision-state': '1', 'vitals-state': 0, 'airspace-state': 0, 'data': {'page': 'landing-countdown', 'action': 'countdown complete'}}
INFO:root:1723125324.451308,ID:1016,STAGE:1,SEQUENCE:11243,DATA:{'time': 1723125324.446, 'user-id': 'none', 'source': 'HAI Interface', 'destination-index': 3, 'study-stage': -1, 'decision-state': 0, 'vitals-state': 0, 'airspace-state': 0, 'data': {'page': 'landed', 'action': 'opened page'}}
INFO:root:1723125325.422015,ID:1016,STAGE:1,SEQUENCE:11243,DATA:{'time': 1723125325.418, 'user-id': '1016', 'source': 'HAI Interface', 'destination-index': '5', 'study-stage': '1', 'decision-state': '1', 'vitals-state': 0, 'airspace-state': 0, 'data': {'page': 'map', 'action': 'selected helipad', 'value': '21'}}
INFO:SimConnect.SimConnect:SIM Paused
INFO:SimConnect.SimConnect:SIM Stop
INFO:SimConnect.SimConnect:SIM Paused
INFO:root:1723126396.140099,ID:1016,STAGE:1,SEQUENCE:11243,DATA:{'time': 1723126396.137, 'user-id': '1016', 'source': 'HAI Interface', 'destination-index': 'None', 'study-stage': 1, 'decision-state': 0, 'vitals-state': 0, 'airspace-state': 0, 'data': {'page': 'map', 'action': 'selected helipad', 'value': '21'}}
