INFO:root:1723126429.488294,ID:1016,STAGE:4,SEQUENCE:11243,DATA:{'time': 1723126429.486, 'user-id': '1016', 'source': 'HAI Interface', 'destination-index': 'None', 'study-stage': '4', 'decision-state': 0, 'vitals-state': 0, 'airspace-state': 0, 'data': {'page': 'index', 'action': 'confirm button pressed'}}
INFO:root:1723126429.598723,ID:1016,STAGE:4,SEQUENCE:11243,DATA:{'time': 1723126429.593, 'user-id': 'none', 'source': 'HAI Interface', 'destination-index': 3, 'study-stage': -1, 'decision-state': 0, 'vitals-state': 0, 'airspace-state': 0, 'data': {'page': 'location', 'action': 'opened page'}}
INFO:root:Takeoff radiocomms initiated
INFO:comtypes.client._code_cache:Imported existing <module 'comtypes.gen' from 'C:\\Users\\ae-dagbeyibor3\\AppData\\Local\\Programs\\Python\\Python312\\Lib\\site-packages\\comtypes\\gen\\__init__.py'>
INFO:comtypes.client._code_cache:Using writeable comtypes cache directory: 'C:\Users\ae-dagbeyibor3\AppData\Local\Programs\Python\Python312\Lib\site-packages\comtypes\gen'
INFO:root:1723126430.559211,ID:1016,STAGE:4,SEQUENCE:11243,DATA:{'time': 1723126430.557, 'user-id': '1016', 'source': 'HAI Interface', 'destination-index': 'None', 'study-stage': '4', 'decision-state': 0, 'vitals-state': 0, 'airspace-state': 0, 'data': {'page': 'map', 'action': 'selected helipad', 'value': '21'}}
INFO:root:1723126435.051582,ID:1016,STAGE:4,SEQUENCE:11243,DATA:{'time': 1723126435.049, 'user-id': '1016', 'source': 'HAI Interface', 'destination-index': 'None', 'study-stage': '4', 'decision-state': 0, 'vitals-state': 0, 'airspace-state': 0, 'data': {'page': 'location', 'action': 'confirm button pressed'}}
INFO:root:1723126435.274428,ID:1016,STAGE:4,SEQUENCE:11243,DATA:{'time': 1723126435.269, 'user-id': 'none', 'source': 'HAI Interface', 'destination-index': 3, 'study-stage': -1, 'decision-state': 0, 'vitals-state': 0, 'airspace-state': 0, 'data': {'page': 'checklist', 'action': 'opened page', 'inflight': False}}
INFO:root:1723126436.241838,ID:1016,STAGE:4,SEQUENCE:11243,DATA:{'time': 1723126436.238, 'user-id': '1016', 'source': 'HAI Interface', 'destination-index': '3', 'study-stage': '4', 'decision-state': 0, 'vitals-state': 0, 'airspace-state': 0, 'data': {'page': 'map', 'action': 'selected helipad', 'value': '21'}}
INFO:root:1723126440.158309,ID:1016,STAGE:4,SEQUENCE:11243,DATA:{'time': 1723126440.155, 'user-id': '1016', 'source': 'HAI Interface', 'destination-index': '3', 'study-stage': '4', 'decision-state': 0, 'vitals-state': 0, 'airspace-state': 0, 'data': {'page': 'checklist', 'action': 'toggled checkbox', 'inflight': False, 'item': 0, 'value': 'OFF'}}
INFO:root:1723126440.864714,ID:1016,STAGE:4,SEQUENCE:11243,DATA:{'time': 1723126440.862, 'user-id': '1016', 'source': 'HAI Interface', 'destination-index': '3', 'study-stage': '4', 'decision-state': 0, 'vitals-state': 0, 'airspace-state': 0, 'data': {'page': 'checklist', 'action': 'toggled checkbox', 'inflight': False, 'item': 1, 'value': 'OFF'}}
INFO:root:1723126441.490453,ID:1016,STAGE:4,SEQUENCE:11243,DATA:{'time': 1723126441.488, 'user-id': '1016', 'source': 'HAI Interface', 'destination-index': '3', 'study-stage': '4', 'decision-state': 0, 'vitals-state': 0, 'airspace-state': 0, 'data': {'page': 'checklist', 'action': 'toggled checkbox', 'inflight': False, 'item': 2, 'value': 'OFF'}}
INFO:root:1723126441.493446,ID:1016,STAGE:4,SEQUENCE:11243,DATA:{'time': 1723126441.488, 'user-id': '1016', 'source': 'HAI Interface', 'destination-index': '3', 'study-stage': '4', 'decision-state': 0, 'vitals-state': 0, 'airspace-state': 0, 'data': {'page': 'checklist', 'action': 'showing confirm button', 'inflight': False}}
INFO:root:1723126442.877312,ID:1016,STAGE:4,SEQUENCE:11243,DATA:{'time': 1723126442.874, 'user-id': '1016', 'source': 'HAI Interface', 'destination-index': '3', 'study-stage': '4', 'decision-state': 0, 'vitals-state': 0, 'airspace-state': 0, 'data': {'page': 'checklist', 'action': 'confirm button clicked', 'inflight': False}}
INFO:root:1723126442.973662,ID:1016,STAGE:4,SEQUENCE:11243,DATA:{'time': 1723126442.963, 'user-id': 'none', 'source': 'HAI Interface', 'destination-index': 3, 'study-stage': -1, 'decision-state': 0, 'vitals-state': 0, 'airspace-state': 0, 'data': {'page': 'countdown', 'action': 'opened page'}}
INFO:root:1723126443.93649,ID:1016,STAGE:4,SEQUENCE:11243,DATA:{'time': 1723126443.932, 'user-id': '1016', 'source': 'HAI Interface', 'destination-index': '3', 'study-stage': '4', 'decision-state': 0, 'vitals-state': 0, 'airspace-state': 0, 'data': {'page': 'map', 'action': 'selected helipad', 'value': '21'}}
INFO:root:1723126443.976977,ID:1016,STAGE:4,SEQUENCE:11243,DATA:{'time': 1723126443.973, 'user-id': '1016', 'source': 'HAI Interface', 'destination-index': '3', 'study-stage': '4', 'decision-state': 0, 'vitals-state': 0, 'airspace-state': 0, 'data': {'page': 'countdown', 'action': 'countdown now 4'}}
INFO:root:1723126444.975644,ID:1016,STAGE:4,SEQUENCE:11243,DATA:{'time': 1723126444.973, 'user-id': '1016', 'source': 'HAI Interface', 'destination-index': '3', 'study-stage': '4', 'decision-state': 0, 'vitals-state': 0, 'airspace-state': 0, 'data': {'page': 'countdown', 'action': 'countdown now 3'}}
INFO:root:1723126445.971904,ID:1016,STAGE:4,SEQUENCE:11243,DATA:{'time': 1723126445.968, 'user-id': '1016', 'source': 'HAI Interface', 'destination-index': '3', 'study-stage': '4', 'decision-state': 0, 'vitals-state': 0, 'airspace-state': 0, 'data': {'page': 'countdown', 'action': 'countdown now 2'}}
INFO:root:1723126446.974307,ID:1016,STAGE:4,SEQUENCE:11243,DATA:{'time': 1723126446.97, 'user-id': '1016', 'source': 'HAI Interface', 'destination-index': '3', 'study-stage': '4', 'decision-state': 0, 'vitals-state': 0, 'airspace-state': 0, 'data': {'page': 'countdown', 'action': 'countdown now 1'}}
INFO:root:Takeoff radiocomms clear request sent
INFO:root:1723126447.976635,ID:1016,STAGE:4,SEQUENCE:11243,DATA:{'time': 1723126447.973, 'user-id': '1016', 'source': 'HAI Interface', 'destination-index': '3', 'study-stage': '4', 'decision-state': 0, 'vitals-state': 0, 'airspace-state': 0, 'data': {'page': 'countdown', 'action': 'countdown now 0'}}
INFO:root:1723126448.971353,ID:1016,STAGE:4,SEQUENCE:11243,DATA:{'time': 1723126448.969, 'user-id': '1016', 'source': 'HAI Interface', 'destination-index': '3', 'study-stage': '4', 'decision-state': 0, 'vitals-state': 0, 'airspace-state': 0, 'data': {'page': 'countdown', 'action': 'countdown complete'}}
INFO:root:1723126450.268988,ID:1016,STAGE:4,SEQUENCE:11243,DATA:{'time': 1723126450.266, 'user-id': '1016', 'source': 'HAI Interface', 'destination-index': '3', 'study-stage': '4', 'decision-state': 0, 'vitals-state': 0, 'airspace-state': 0, 'data': {'page': 'map', 'action': 'selected helipad', 'value': '21'}}
INFO:root:1723126454.219435,ID:1016,STAGE:4,SEQUENCE:11243,DATA:{'time': 1723126454.216, 'user-id': '1016', 'source': 'HAI Interface', 'destination-index': '3', 'study-stage': '4', 'decision-state': 0, 'vitals-state': 0, 'airspace-state': 0, 'data': {'action': 'radio panel opened'}}
INFO:root:1723126454.472218,ID:1016,STAGE:4,SEQUENCE:11243,DATA:{'time': 1723126454.466, 'user-id': '1016', 'source': 'HAI Interface', 'destination-index': '3', 'study-stage': '4', 'decision-state': 0, 'vitals-state': 0, 'airspace-state': 0, 'data': {'page': 'emergency', 'action': 'trying to change destination to100'}}
INFO:root:Inflight Radio Update asked
INFO:root:sent request to set radio update complete
INFO:root:1723126459.450872,ID:1016,STAGE:4,SEQUENCE:11243,DATA:{'time': 1723126459.446, 'user-id': '1016', 'source': 'HAI Interface', 'destination-index': '3', 'study-stage': '4', 'decision-state': 0, 'vitals-state': 0, 'airspace-state': 0, 'data': {'page': 'emergency', 'action': 'trying to change destination to19'}}
INFO:root:1723126460.270415,ID:1016,STAGE:4,SEQUENCE:11243,DATA:{'time': 1723126460.266, 'user-id': '1016', 'source': 'HAI Interface', 'destination-index': '3', 'study-stage': '4', 'decision-state': 0, 'vitals-state': 0, 'airspace-state': 0, 'data': {'action': 'transmit button pressed'}}
INFO:root:1723126460.272411,ID:1016,STAGE:4,SEQUENCE:11243,DATA:{'time': 1723126460.267, 'user-id': '1016', 'source': 'HAI Interface', 'destination-index': '3', 'study-stage': '4', 'decision-state': 0, 'vitals-state': 0, 'airspace-state': 0, 'data': {'action': 'callsign set to: + NASXGS'}}
INFO:root:1723126460.273408,ID:1016,STAGE:4,SEQUENCE:11243,DATA:{'time': 1723126460.268, 'user-id': '1016', 'source': 'HAI Interface', 'destination-index': '3', 'study-stage': '4', 'decision-state': 0, 'vitals-state': 0, 'airspace-state': 0, 'data': {'action': 'radio set to:Comm1'}}
INFO:root:1723126460.277943,ID:1016,STAGE:4,SEQUENCE:11243,DATA:{'time': 1723126460.268, 'user-id': '1016', 'source': 'HAI Interface', 'destination-index': '3', 'study-stage': '4', 'decision-state': 0, 'vitals-state': 0, 'airspace-state': 0, 'data': {'page': 'map', 'action': 'show map'}}
INFO:root:1723126460.28094,ID:1016,STAGE:4,SEQUENCE:11243,DATA:{'time': 1723126460.272, 'user-id': '1016', 'source': 'HAI Interface', 'destination-index': '3', 'study-stage': '4', 'decision-state': 0, 'vitals-state': 0, 'airspace-state': 0, 'data': {'action': 'NASXGStransmitting updates onComm1123.45 MHz'}}
INFO:root:1723126460.283931,ID:1016,STAGE:4,SEQUENCE:11243,DATA:{'time': 1723126460.268, 'user-id': '1016', 'source': 'HAI Interface', 'destination-index': '3', 'study-stage': '4', 'decision-state': 0, 'vitals-state': 0, 'airspace-state': 0, 'data': {'page': 'map', 'action': 'selected helipad', 'value': '21'}}
INFO:root:1723126464.447527,ID:1016,STAGE:4,SEQUENCE:11243,DATA:{'time': 1723126464.442, 'user-id': '1016', 'source': 'HAI Interface', 'destination-index': '3', 'study-stage': '4', 'decision-state': 0, 'vitals-state': 0, 'airspace-state': 0, 'data': {'page': 'emergency', 'action': 'trying to change destination to19'}}
INFO:root:1723126469.48635,ID:1016,STAGE:4,SEQUENCE:11243,DATA:{'time': 1723126469.482, 'user-id': '1016', 'source': 'HAI Interface', 'destination-index': '3', 'study-stage': '4', 'decision-state': 0, 'vitals-state': 0, 'airspace-state': 0, 'data': {'page': 'emergency', 'action': 'trying to change destination to19'}}
INFO:root:1723126474.4777,ID:1016,STAGE:4,SEQUENCE:11243,DATA:{'time': 1723126474.471, 'user-id': '1016', 'source': 'HAI Interface', 'destination-index': '3', 'study-stage': '4', 'decision-state': 0, 'vitals-state': 0, 'airspace-state': 0, 'data': {'page': 'emergency', 'action': 'trying to change destination to19'}}
INFO:root:1723126474.650578,ID:1016,STAGE:4,SEQUENCE:11243,DATA:{'time': 1723126474.648, 'user-id': '1016', 'source': 'HAI Interface', 'destination-index': '3', 'study-stage': '4', 'decision-state': 0, 'vitals-state': 0, 'airspace-state': 0, 'data': {'page': 'map', 'action': 'hide map'}}
INFO:root:1723126476.933092,ID:1016,STAGE:4,SEQUENCE:11243,DATA:{'time': 1723126476.929, 'user-id': '1016', 'source': 'HAI Interface', 'destination-index': '3', 'study-stage': '4', 'decision-state': 0, 'vitals-state': 0, 'airspace-state': 0, 'data': {'page': 'map', 'action': 'show map'}}
INFO:root:1723126476.93584,ID:1016,STAGE:4,SEQUENCE:11243,DATA:{'time': 1723126476.93, 'user-id': '1016', 'source': 'HAI Interface', 'destination-index': '3', 'study-stage': '4', 'decision-state': 0, 'vitals-state': 0, 'airspace-state': 0, 'data': {'page': 'map', 'action': 'selected helipad', 'value': '21'}}
INFO:root:1723126479.436067,ID:1016,STAGE:4,SEQUENCE:11243,DATA:{'time': 1723126479.43, 'user-id': '1016', 'source': 'HAI Interface', 'destination-index': '3', 'study-stage': '4', 'decision-state': 0, 'vitals-state': 0, 'airspace-state': 0, 'data': {'page': 'emergency', 'action': 'trying to change destination to19'}}
INFO:root:1723126482.602676,ID:1016,STAGE:4,SEQUENCE:11243,DATA:{'time': 1723126482.596, 'source': 'VitalsTask', 'timer': 90.816, 'data': {'sensor': 'Heart Rate', 'action': 'capture', 'data': 'action button pressed'}}
INFO:root:1723126482.60467,ID:1016,STAGE:4,SEQUENCE:11243,DATA:{'time': 1723126482.598, 'source': 'VitalsTask', 'timer': 90.818, 'data': {'sensor': 'Heart Rate', 'action': 'capture', 'data': 'starting sensor action'}}
INFO:root:1723126483.613766,ID:1016,STAGE:4,SEQUENCE:11243,DATA:{'time': 1723126483.609, 'source': 'VitalsTask', 'timer': 91.829, 'data': {'sensor': 'Heart Rate', 'action': 'capture', 'data': 'sensor action complete'}}
INFO:root:1723126483.615519,ID:1016,STAGE:4,SEQUENCE:11243,DATA:{'time': 1723126483.609, 'source': 'VitalsTask', 'timer': 91.829, 'data': {'sensor': 'Heart Rate', 'action': 'keypad open'}}
INFO:root:1723126484.500113,ID:1016,STAGE:4,SEQUENCE:11243,DATA:{'time': 1723126484.493, 'user-id': '1016', 'source': 'HAI Interface', 'destination-index': '3', 'study-stage': '4', 'decision-state': 0, 'vitals-state': 0, 'airspace-state': 0, 'data': {'page': 'emergency', 'action': 'trying to change destination to19'}}
INFO:root:1723126487.549756,ID:1016,STAGE:4,SEQUENCE:11243,DATA:{'time': 1723126487.541, 'source': 'VitalsTask', 'timer': 95.761, 'data': {'sensor': 'Heart Rate', 'action': 'keypad press', 'key': 5, 'value': 5}}
INFO:root:1723126488.424198,ID:1016,STAGE:4,SEQUENCE:11243,DATA:{'time': 1723126488.418, 'source': 'VitalsTask', 'timer': 96.638, 'data': {'sensor': 'Heart Rate', 'action': 'keypad press', 'key': 5, 'value': 55}}
INFO:root:1723126488.723581,ID:1016,STAGE:4,SEQUENCE:11243,DATA:{'time': 1723126488.719, 'source': 'VitalsTask', 'timer': 96.939, 'data': {'sensor': 'Heart Rate', 'action': 'keypad press', 'key': 5, 'value': 555}}
INFO:root:1723126489.489231,ID:1016,STAGE:4,SEQUENCE:11243,DATA:{'time': 1723126489.483, 'user-id': '1016', 'source': 'HAI Interface', 'destination-index': '3', 'study-stage': '4', 'decision-state': 0, 'vitals-state': 0, 'airspace-state': 0, 'data': {'page': 'emergency', 'action': 'trying to change destination to19'}}
INFO:root:1723126490.726524,ID:1016,STAGE:4,SEQUENCE:11243,DATA:{'time': 1723126490.72, 'source': 'VitalsTask', 'timer': 98.94, 'data': {'sensor': 'Heart Rate', 'action': 'keypad press', 'key': 12, 'value': 55}}
INFO:root:1723126491.941551,ID:1016,STAGE:4,SEQUENCE:11243,DATA:{'time': 1723126491.935, 'source': 'VitalsTask', 'timer': 100.155, 'data': {'sensor': 'Heart Rate', 'action': 'show action buttons'}}
INFO:root:1723126491.944542,ID:1016,STAGE:4,SEQUENCE:11243,DATA:{'time': 1723126491.935, 'source': 'VitalsTask', 'timer': 100.155, 'data': {'sensor': 'Heart Rate', 'action': 'keypad press', 'key': 10, 'value': 55}}
INFO:root:1723126493.801856,ID:1016,STAGE:4,SEQUENCE:11243,DATA:{'time': 1723126493.796, 'source': 'VitalsTask', 'timer': 102.016, 'data': {'sensor': 'Heart Rate', 'action': 'log', 'data': 'action button pressed'}}
INFO:root:1723126493.814331,ID:1016,STAGE:4,SEQUENCE:11243,DATA:{'time': 1723126493.796, 'source': 'VitalsTask', 'timer': 102.016, 'data': {'sensor': 'Heart Rate', 'action': 'log', 'data': 'starting sensor action'}}
INFO:root:1723126494.434862,ID:1016,STAGE:4,SEQUENCE:11243,DATA:{'time': 1723126494.429, 'user-id': '1016', 'source': 'HAI Interface', 'destination-index': '3', 'study-stage': '4', 'decision-state': 0, 'vitals-state': 0, 'airspace-state': 0, 'data': {'page': 'emergency', 'action': 'trying to change destination to19'}}
INFO:root:1723126494.821418,ID:1016,STAGE:4,SEQUENCE:11243,DATA:{'time': 1723126494.817, 'source': 'VitalsTask', 'timer': 103.037, 'data': {'sensor': 'Heart Rate', 'action': 'log', 'data': 'sensor action complete'}}
INFO:root:1723126495.516784,ID:1016,STAGE:4,SEQUENCE:11243,DATA:{'time': 1723126495.511, 'source': 'VitalsTask', 'timer': 103.731, 'data': {'sensor': 'Heart Rate', 'action': 'save', 'data': 'action button pressed'}}
INFO:root:1723126495.519776,ID:1016,STAGE:4,SEQUENCE:11243,DATA:{'time': 1723126495.511, 'source': 'VitalsTask', 'timer': 103.731, 'data': {'sensor': 'Heart Rate', 'action': 'save', 'data': 'starting sensor action'}}
INFO:root:1723126496.534445,ID:1016,STAGE:4,SEQUENCE:11243,DATA:{'time': 1723126496.528, 'source': 'VitalsTask', 'timer': 104.748, 'data': {'sensor': 'Heart Rate', 'action': 'save', 'data': 'sensor action complete'}}
INFO:SimConnect.SimConnect:SIM OPEN
INFO:SimConnect.SimConnect:SIM OPEN
INFO:SimConnect.SimConnect:SIM OPEN
INFO:root:1723126498.275178,ID:1016,STAGE:4,SEQUENCE:11243,DATA:{'time': 1723126498.269, 'source': 'VitalsTask', 'timer': 106.489, 'data': {'sensor': 'O\u2082 Saturation', 'action': 'opened sensor tab'}}
INFO:root:1723126499.504844,ID:1016,STAGE:4,SEQUENCE:11243,DATA:{'time': 1723126499.496, 'user-id': '1016', 'source': 'HAI Interface', 'destination-index': '3', 'study-stage': '4', 'decision-state': 0, 'vitals-state': 0, 'airspace-state': 0, 'data': {'page': 'emergency', 'action': 'trying to change destination to19'}}
INFO:root:1723126500.265833,ID:1016,STAGE:4,SEQUENCE:11243,DATA:{'time': 1723126500.261, 'source': 'VitalsTask', 'timer': 108.481, 'data': {'sensor': 'O\u2082 Saturation', 'action': 'capture', 'data': 'action button pressed'}}
INFO:root:1723126500.269824,ID:1016,STAGE:4,SEQUENCE:11243,DATA:{'time': 1723126500.261, 'source': 'VitalsTask', 'timer': 108.481, 'data': {'sensor': 'O\u2082 Saturation', 'action': 'capture', 'data': 'starting sensor action'}}
INFO:root:1723126501.279932,ID:1016,STAGE:4,SEQUENCE:11243,DATA:{'time': 1723126501.273, 'source': 'VitalsTask', 'timer': 109.493, 'data': {'sensor': 'O\u2082 Saturation', 'action': 'capture', 'data': 'sensor action complete'}}
INFO:root:1723126501.281619,ID:1016,STAGE:4,SEQUENCE:11243,DATA:{'time': 1723126501.274, 'source': 'VitalsTask', 'timer': 109.494, 'data': {'sensor': 'O\u2082 Saturation', 'action': 'keypad open'}}
INFO:root:1723126502.715531,ID:1016,STAGE:4,SEQUENCE:11243,DATA:{'time': 1723126502.705, 'user-id': '1016', 'source': 'HAI Interface', 'destination-index': '3', 'study-stage': '4', 'decision-state': 0, 'vitals-state': 0, 'airspace-state': 0, 'data': {'page': 'inflight', 'action': 'displaying vitals prompt'}}
INFO:root:1723126502.886637,ID:1016,STAGE:4,SEQUENCE:11243,DATA:{'time': 1723126502.88, 'source': 'VitalsTask', 'timer': 111.1, 'data': {'sensor': 'O\u2082 Saturation', 'action': 'keypad press', 'key': 1, 'value': 1}}
INFO:root:1723126504.468697,ID:1016,STAGE:4,SEQUENCE:11243,DATA:{'time': 1723126504.461, 'user-id': '1016', 'source': 'HAI Interface', 'destination-index': '3', 'study-stage': '4', 'decision-state': 0, 'vitals-state': 0, 'airspace-state': 0, 'data': {'page': 'emergency', 'action': 'trying to change destination to19'}}
INFO:root:1723126504.692637,ID:1016,STAGE:4,SEQUENCE:11243,DATA:{'time': 1723126504.686, 'source': 'VitalsTask', 'timer': 112.907, 'data': {'sensor': 'O\u2082 Saturation', 'action': 'keypad press', 'key': 11, 'value': 10}}
INFO:root:1723126505.089697,ID:1016,STAGE:4,SEQUENCE:11243,DATA:{'time': 1723126505.085, 'source': 'VitalsTask', 'timer': 113.305, 'data': {'sensor': 'O\u2082 Saturation', 'action': 'keypad press', 'key': 11, 'value': 100}}
INFO:root:1723126507.185506,ID:1016,STAGE:4,SEQUENCE:11243,DATA:{'time': 1723126507.178, 'source': 'VitalsTask', 'timer': 115.398, 'data': {'sensor': 'O\u2082 Saturation', 'action': 'show action buttons'}}
INFO:root:1723126507.188921,ID:1016,STAGE:4,SEQUENCE:11243,DATA:{'time': 1723126507.179, 'source': 'VitalsTask', 'timer': 115.399, 'data': {'sensor': 'O\u2082 Saturation', 'action': 'keypad press', 'key': 10, 'value': 100}}
INFO:root:1723126508.908645,ID:1016,STAGE:4,SEQUENCE:11243,DATA:{'time': 1723126508.902, 'source': 'VitalsTask', 'timer': 117.122, 'data': {'sensor': 'O\u2082 Saturation', 'action': 'log', 'data': 'action button pressed'}}
INFO:root:1723126508.911669,ID:1016,STAGE:4,SEQUENCE:11243,DATA:{'time': 1723126508.903, 'source': 'VitalsTask', 'timer': 117.123, 'data': {'sensor': 'O\u2082 Saturation', 'action': 'log', 'data': 'starting sensor action'}}
INFO:root:1723126509.536168,ID:1016,STAGE:4,SEQUENCE:11243,DATA:{'time': 1723126509.531, 'user-id': '1016', 'source': 'HAI Interface', 'destination-index': '3', 'study-stage': '4', 'decision-state': 0, 'vitals-state': 0, 'airspace-state': 0, 'data': {'page': 'emergency', 'action': 'trying to change destination to19'}}
INFO:root:1723126509.918711,ID:1016,STAGE:4,SEQUENCE:11243,DATA:{'time': 1723126509.913, 'source': 'VitalsTask', 'timer': 118.133, 'data': {'sensor': 'O\u2082 Saturation', 'action': 'log', 'data': 'sensor action complete'}}
INFO:root:1723126510.615535,ID:1016,STAGE:4,SEQUENCE:11243,DATA:{'time': 1723126510.608, 'source': 'VitalsTask', 'timer': 118.828, 'data': {'sensor': 'O\u2082 Saturation', 'action': 'save', 'data': 'action button pressed'}}
INFO:root:1723126510.618531,ID:1016,STAGE:4,SEQUENCE:11243,DATA:{'time': 1723126510.609, 'source': 'VitalsTask', 'timer': 118.829, 'data': {'sensor': 'O\u2082 Saturation', 'action': 'save', 'data': 'starting sensor action'}}
INFO:root:1723126511.634582,ID:1016,STAGE:4,SEQUENCE:11243,DATA:{'time': 1723126511.624, 'source': 'VitalsTask', 'timer': 119.844, 'data': {'sensor': 'O\u2082 Saturation', 'action': 'save', 'data': 'sensor action complete'}}
INFO:root:1723126512.580876,ID:1016,STAGE:4,SEQUENCE:11243,DATA:{'time': 1723126512.574, 'source': 'VitalsTask', 'timer': 120.794, 'data': {'sensor': 'Blood Pressure', 'action': 'opened sensor tab'}}
INFO:root:1723126514.543255,ID:1016,STAGE:4,SEQUENCE:11243,DATA:{'time': 1723126514.533, 'user-id': '1016', 'source': 'HAI Interface', 'destination-index': '3', 'study-stage': '4', 'decision-state': 0, 'vitals-state': 0, 'airspace-state': 0, 'data': {'page': 'emergency', 'action': 'trying to change destination to19'}}
INFO:root:1723126514.598206,ID:1016,STAGE:4,SEQUENCE:11243,DATA:{'time': 1723126514.59, 'source': 'VitalsTask', 'timer': 122.81, 'data': {'sensor': 'Blood Pressure', 'action': 'capture', 'data': 'action button pressed'}}
INFO:root:1723126514.603194,ID:1016,STAGE:4,SEQUENCE:11243,DATA:{'time': 1723126514.591, 'source': 'VitalsTask', 'timer': 122.811, 'data': {'sensor': 'Blood Pressure', 'action': 'capture', 'data': 'starting sensor action'}}
INFO:root:1723126515.613005,ID:1016,STAGE:4,SEQUENCE:11243,DATA:{'time': 1723126515.607, 'source': 'VitalsTask', 'timer': 123.827, 'data': {'sensor': 'Blood Pressure', 'action': 'capture', 'data': 'sensor action complete'}}
INFO:root:1723126515.61751,ID:1016,STAGE:4,SEQUENCE:11243,DATA:{'time': 1723126515.607, 'source': 'VitalsTask', 'timer': 123.827, 'data': {'sensor': 'Blood Pressure', 'action': 'keypad open'}}
INFO:root:1723126516.599132,ID:1016,STAGE:4,SEQUENCE:11243,DATA:{'time': 1723126516.591, 'source': 'VitalsTask', 'timer': 124.811, 'data': {'sensor': 'Blood Pressure', 'action': 'keypad press', 'key': 1, 'value': 1}}
INFO:root:1723126517.514288,ID:1016,STAGE:4,SEQUENCE:11243,DATA:{'time': 1723126517.508, 'source': 'VitalsTask', 'timer': 125.728, 'data': {'sensor': 'Blood Pressure', 'action': 'keypad press', 'key': 2, 'value': 12}}
INFO:root:1723126518.758914,ID:1016,STAGE:4,SEQUENCE:11243,DATA:{'time': 1723126518.753, 'source': 'VitalsTask', 'timer': 126.973, 'data': {'sensor': 'Blood Pressure', 'action': 'keypad press', 'key': 11, 'value': 120}}
INFO:root:1723126519.547076,ID:1016,STAGE:4,SEQUENCE:11243,DATA:{'time': 1723126519.533, 'user-id': '1016', 'source': 'HAI Interface', 'destination-index': '3', 'study-stage': '4', 'decision-state': 0, 'vitals-state': 0, 'airspace-state': 0, 'data': {'page': 'emergency', 'action': 'trying to change destination to19'}}
INFO:root:1723126519.852109,ID:1016,STAGE:4,SEQUENCE:11243,DATA:{'time': 1723126519.847, 'source': 'VitalsTask', 'timer': 128.067, 'data': {'sensor': 'Blood Pressure', 'action': 'keypad press', 'key': 8, 'value': 1208}}
INFO:root:1723126521.063089,ID:1016,STAGE:4,SEQUENCE:11243,DATA:{'time': 1723126521.055, 'source': 'VitalsTask', 'timer': 129.275, 'data': {'sensor': 'Blood Pressure', 'action': 'keypad press', 'key': 11, 'value': 12080}}
INFO:root:1723126522.031078,ID:1016,STAGE:4,SEQUENCE:11243,DATA:{'time': 1723126522.023, 'source': 'VitalsTask', 'timer': 130.243, 'data': {'sensor': 'Blood Pressure', 'action': 'show action buttons'}}
INFO:root:1723126522.035067,ID:1016,STAGE:4,SEQUENCE:11243,DATA:{'time': 1723126522.024, 'source': 'VitalsTask', 'timer': 130.244, 'data': {'sensor': 'Blood Pressure', 'action': 'keypad press', 'key': 10, 'value': 12080}}
INFO:root:1723126523.951143,ID:1016,STAGE:4,SEQUENCE:11243,DATA:{'time': 1723126523.942, 'source': 'VitalsTask', 'timer': 132.162, 'data': {'sensor': 'Blood Pressure', 'action': 'log', 'data': 'action button pressed'}}
INFO:root:1723126523.954135,ID:1016,STAGE:4,SEQUENCE:11243,DATA:{'time': 1723126523.942, 'source': 'VitalsTask', 'timer': 132.162, 'data': {'sensor': 'Blood Pressure', 'action': 'log', 'data': 'starting sensor action'}}
INFO:root:1723126524.568081,ID:1016,STAGE:4,SEQUENCE:11243,DATA:{'time': 1723126524.562, 'user-id': '1016', 'source': 'HAI Interface', 'destination-index': '3', 'study-stage': '4', 'decision-state': 0, 'vitals-state': 0, 'airspace-state': 0, 'data': {'page': 'emergency', 'action': 'trying to change destination to19'}}
INFO:root:1723126524.966268,ID:1016,STAGE:4,SEQUENCE:11243,DATA:{'time': 1723126524.954, 'source': 'VitalsTask', 'timer': 133.174, 'data': {'sensor': 'Blood Pressure', 'action': 'log', 'data': 'sensor action complete'}}
INFO:root:1723126525.437667,ID:1016,STAGE:4,SEQUENCE:11243,DATA:{'time': 1723126525.431, 'source': 'VitalsTask', 'timer': 133.651, 'data': {'sensor': 'Blood Pressure', 'action': 'save', 'data': 'action button pressed'}}
INFO:root:1723126525.439661,ID:1016,STAGE:4,SEQUENCE:11243,DATA:{'time': 1723126525.431, 'source': 'VitalsTask', 'timer': 133.651, 'data': {'sensor': 'Blood Pressure', 'action': 'save', 'data': 'starting sensor action'}}
INFO:root:1723126526.453009,ID:1016,STAGE:4,SEQUENCE:11243,DATA:{'time': 1723126526.447, 'source': 'VitalsTask', 'timer': 134.667, 'data': {'sensor': 'Blood Pressure', 'action': 'save', 'data': 'sensor action complete'}}
INFO:root:1723126527.947879,ID:1016,STAGE:4,SEQUENCE:11243,DATA:{'time': 1723126527.94, 'source': 'VitalsTask', 'timer': 136.16, 'data': {'sensor': 'submit', 'action': 'submit'}}
INFO:root:1723126527.950398,ID:1016,STAGE:4,SEQUENCE:11243,DATA:{'time': 1723126527.941, 'source': 'VitalsTask', 'timer': 136.161, 'data': {'sensor': 'submit', 'action': 'submit', 'data': 'submit succeeded'}}
INFO:root:1723126529.153036,ID:1016,STAGE:4,SEQUENCE:11243,DATA:{'time': 1723126529.144, 'user-id': '1016', 'source': 'HAI Interface', 'destination-index': '3', 'study-stage': '4', 'decision-state': 0, 'vitals-state': 0, 'airspace-state': 0, 'data': {'page': 'inflight', 'action': 'user acknowledged vitals prompt'}}
INFO:root:1723126529.540926,ID:1016,STAGE:4,SEQUENCE:11243,DATA:{'time': 1723126529.533, 'user-id': '1016', 'source': 'HAI Interface', 'destination-index': '3', 'study-stage': '4', 'decision-state': 0, 'vitals-state': 0, 'airspace-state': 0, 'data': {'page': 'emergency', 'action': 'trying to change destination to19'}}
INFO:root:1723126533.956235,ID:1016,STAGE:4,SEQUENCE:11243,DATA:{'time': 1723126533.949, 'source': 'VitalsTask', 'timer': 6.006, 'data': {'sensor': 'Heart Rate', 'action': 'opened sensor tab'}}
INFO:root:1723126534.585045,ID:1016,STAGE:4,SEQUENCE:11243,DATA:{'time': 1723126534.579, 'user-id': '1016', 'source': 'HAI Interface', 'destination-index': '3', 'study-stage': '4', 'decision-state': 0, 'vitals-state': 0, 'airspace-state': 0, 'data': {'page': 'emergency', 'action': 'trying to change destination to19'}}
INFO:root:1723126539.51687,ID:1016,STAGE:4,SEQUENCE:11243,DATA:{'time': 1723126539.512, 'user-id': '1016', 'source': 'HAI Interface', 'destination-index': '3', 'study-stage': '4', 'decision-state': 0, 'vitals-state': 0, 'airspace-state': 0, 'data': {'page': 'emergency', 'action': 'trying to change destination to19'}}
INFO:root:1723126544.521279,ID:1016,STAGE:4,SEQUENCE:11243,DATA:{'time': 1723126544.517, 'user-id': '1016', 'source': 'HAI Interface', 'destination-index': '3', 'study-stage': '4', 'decision-state': 0, 'vitals-state': 0, 'airspace-state': 0, 'data': {'page': 'emergency', 'action': 'trying to change destination to19'}}
INFO:root:1723126549.521085,ID:1016,STAGE:4,SEQUENCE:11243,DATA:{'time': 1723126549.515, 'user-id': '1016', 'source': 'HAI Interface', 'destination-index': '3', 'study-stage': '4', 'decision-state': 0, 'vitals-state': 0, 'airspace-state': 0, 'data': {'page': 'emergency', 'action': 'trying to change destination to19'}}
INFO:root:1723126554.570827,ID:1016,STAGE:4,SEQUENCE:11243,DATA:{'time': 1723126554.564, 'user-id': '1016', 'source': 'HAI Interface', 'destination-index': '3', 'study-stage': '4', 'decision-state': 0, 'vitals-state': 0, 'airspace-state': 0, 'data': {'page': 'emergency', 'action': 'trying to change destination to19'}}
INFO:root:Inflight Radio Update asked
INFO:root:sent request to set radio update complete
INFO:root:1723126556.383917,ID:1016,STAGE:4,SEQUENCE:11243,DATA:{'time': 1723126556.375, 'user-id': '1016', 'source': 'HAI Interface', 'destination-index': '3', 'study-stage': '4', 'decision-state': 0, 'vitals-state': 0, 'airspace-state': 0, 'data': {'action': 'transmit button pressed'}}
INFO:root:1723126556.387425,ID:1016,STAGE:4,SEQUENCE:11243,DATA:{'time': 1723126556.376, 'user-id': '1016', 'source': 'HAI Interface', 'destination-index': '3', 'study-stage': '4', 'decision-state': 0, 'vitals-state': 0, 'airspace-state': 0, 'data': {'action': 'callsign set to: + NASXGS'}}
INFO:root:1723126556.389421,ID:1016,STAGE:4,SEQUENCE:11243,DATA:{'time': 1723126556.376, 'user-id': '1016', 'source': 'HAI Interface', 'destination-index': '3', 'study-stage': '4', 'decision-state': 0, 'vitals-state': 0, 'airspace-state': 0, 'data': {'action': 'radio set to:Comm1'}}
INFO:root:1723126556.39516,ID:1016,STAGE:4,SEQUENCE:11243,DATA:{'time': 1723126556.377, 'user-id': '1016', 'source': 'HAI Interface', 'destination-index': '3', 'study-stage': '4', 'decision-state': 0, 'vitals-state': 0, 'airspace-state': 0, 'data': {'page': 'map', 'action': 'show map'}}
INFO:root:1723126556.399155,ID:1016,STAGE:4,SEQUENCE:11243,DATA:{'time': 1723126556.378, 'user-id': '1016', 'source': 'HAI Interface', 'destination-index': '3', 'study-stage': '4', 'decision-state': 0, 'vitals-state': 0, 'airspace-state': 0, 'data': {'page': 'map', 'action': 'selected helipad', 'value': '21'}}
INFO:root:1723126556.408667,ID:1016,STAGE:4,SEQUENCE:11243,DATA:{'time': 1723126556.383, 'user-id': '1016', 'source': 'HAI Interface', 'destination-index': '3', 'study-stage': '4', 'decision-state': 0, 'vitals-state': 0, 'airspace-state': 0, 'data': {'action': 'NASXGStransmitting updates onComm1123.45 MHz'}}
INFO:root:1723126559.553147,ID:1016,STAGE:4,SEQUENCE:11243,DATA:{'time': 1723126559.545, 'user-id': '1016', 'source': 'HAI Interface', 'destination-index': '3', 'study-stage': '4', 'decision-state': 0, 'vitals-state': 0, 'airspace-state': 0, 'data': {'page': 'emergency', 'action': 'trying to change destination to19'}}
INFO:root:1723126564.467197,ID:1016,STAGE:4,SEQUENCE:11243,DATA:{'time': 1723126564.46, 'user-id': '1016', 'source': 'HAI Interface', 'destination-index': '3', 'study-stage': '4', 'decision-state': 0, 'vitals-state': 0, 'airspace-state': 0, 'data': {'page': 'emergency', 'action': 'trying to change destination to19'}}
INFO:root:1723126569.570783,ID:1016,STAGE:4,SEQUENCE:11243,DATA:{'time': 1723126569.556, 'user-id': '1016', 'source': 'HAI Interface', 'destination-index': '3', 'study-stage': '4', 'decision-state': 0, 'vitals-state': 0, 'airspace-state': 0, 'data': {'page': 'emergency', 'action': 'trying to change destination to19'}}
INFO:root:1723126572.839302,ID:1016,STAGE:4,SEQUENCE:11243,DATA:{'time': 1723126572.833, 'user-id': '1016', 'source': 'HAI Interface', 'destination-index': '3', 'study-stage': '4', 'decision-state': 0, 'vitals-state': 0, 'airspace-state': 0, 'data': {'page': 'map', 'action': 'hide map'}}
INFO:root:1723126574.521774,ID:1016,STAGE:4,SEQUENCE:11243,DATA:{'time': 1723126574.511, 'user-id': '1016', 'source': 'HAI Interface', 'destination-index': '3', 'study-stage': '4', 'decision-state': 0, 'vitals-state': 0, 'airspace-state': 0, 'data': {'page': 'emergency', 'action': 'trying to change destination to19'}}
INFO:root:1723126574.753184,ID:1016,STAGE:4,SEQUENCE:11243,DATA:{'time': 1723126574.745, 'user-id': '1016', 'source': 'HAI Interface', 'destination-index': '3', 'study-stage': '4', 'decision-state': 0, 'vitals-state': 0, 'airspace-state': 0, 'data': {'page': 'map', 'action': 'show map'}}
INFO:root:1723126574.767658,ID:1016,STAGE:4,SEQUENCE:11243,DATA:{'time': 1723126574.746, 'user-id': '1016', 'source': 'HAI Interface', 'destination-index': '3', 'study-stage': '4', 'decision-state': 0, 'vitals-state': 0, 'airspace-state': 0, 'data': {'page': 'map', 'action': 'selected helipad', 'value': '21'}}
INFO:root:1723126579.535381,ID:1016,STAGE:4,SEQUENCE:11243,DATA:{'time': 1723126579.527, 'user-id': '1016', 'source': 'HAI Interface', 'destination-index': '3', 'study-stage': '4', 'decision-state': 0, 'vitals-state': 0, 'airspace-state': 0, 'data': {'page': 'emergency', 'action': 'trying to change destination to19'}}
INFO:root:1723126584.495407,ID:1016,STAGE:4,SEQUENCE:11243,DATA:{'time': 1723126584.488, 'user-id': '1016', 'source': 'HAI Interface', 'destination-index': '3', 'study-stage': '4', 'decision-state': 0, 'vitals-state': 0, 'airspace-state': 0, 'data': {'page': 'emergency', 'action': 'trying to change destination to19'}}
INFO:root:1723126589.555635,ID:1016,STAGE:4,SEQUENCE:11243,DATA:{'time': 1723126589.551, 'user-id': '1016', 'source': 'HAI Interface', 'destination-index': '3', 'study-stage': '4', 'decision-state': 0, 'vitals-state': 0, 'airspace-state': 0, 'data': {'page': 'emergency', 'action': 'trying to change destination to19'}}
INFO:root:1723126594.546087,ID:1016,STAGE:4,SEQUENCE:11243,DATA:{'time': 1723126594.533, 'user-id': '1016', 'source': 'HAI Interface', 'destination-index': '3', 'study-stage': '4', 'decision-state': 0, 'vitals-state': 0, 'airspace-state': 0, 'data': {'page': 'emergency', 'action': 'trying to change destination to19'}}
INFO:root:1723126599.549192,ID:1016,STAGE:4,SEQUENCE:11243,DATA:{'time': 1723126599.544, 'user-id': '1016', 'source': 'HAI Interface', 'destination-index': '3', 'study-stage': '4', 'decision-state': 0, 'vitals-state': 0, 'airspace-state': 0, 'data': {'page': 'emergency', 'action': 'trying to change destination to19'}}
INFO:root:1723126600.727326,ID:1016,STAGE:4,SEQUENCE:11243,DATA:{'time': 1723126600.723, 'user-id': '1016', 'source': 'HAI Interface', 'destination-index': '3', 'study-stage': '4', 'decision-state': 0, 'vitals-state': 0, 'airspace-state': 0, 'data': {'page': 'inflight', 'action': 'displaying vitals prompt'}}
INFO:root:1723126604.562883,ID:1016,STAGE:4,SEQUENCE:11243,DATA:{'time': 1723126604.557, 'user-id': '1016', 'source': 'HAI Interface', 'destination-index': '3', 'study-stage': '4', 'decision-state': 0, 'vitals-state': 0, 'airspace-state': 0, 'data': {'page': 'emergency', 'action': 'trying to change destination to19'}}
INFO:root:1723126605.71768,ID:1016,STAGE:4,SEQUENCE:11243,DATA:{'time': 1723126605.71, 'source': 'VitalsTask', 'timer': 77.767, 'data': {'sensor': 'Heart Rate', 'action': 'capture', 'data': 'action button pressed'}}
INFO:root:1723126605.720671,ID:1016,STAGE:4,SEQUENCE:11243,DATA:{'time': 1723126605.71, 'source': 'VitalsTask', 'timer': 77.767, 'data': {'sensor': 'Heart Rate', 'action': 'capture', 'data': 'starting sensor action'}}
INFO:root:1723126606.734486,ID:1016,STAGE:4,SEQUENCE:11243,DATA:{'time': 1723126606.728, 'source': 'VitalsTask', 'timer': 78.785, 'data': {'sensor': 'Heart Rate', 'action': 'capture', 'data': 'sensor action complete'}}
INFO:root:1723126606.735994,ID:1016,STAGE:4,SEQUENCE:11243,DATA:{'time': 1723126606.728, 'source': 'VitalsTask', 'timer': 78.785, 'data': {'sensor': 'Heart Rate', 'action': 'keypad open'}}
INFO:root:1723126608.267727,ID:1016,STAGE:4,SEQUENCE:11243,DATA:{'time': 1723126608.261, 'source': 'VitalsTask', 'timer': 80.318, 'data': {'sensor': 'Heart Rate', 'action': 'keypad press', 'key': 5, 'value': 5}}
INFO:root:1723126608.877118,ID:1016,STAGE:4,SEQUENCE:11243,DATA:{'time': 1723126608.87, 'source': 'VitalsTask', 'timer': 80.927, 'data': {'sensor': 'Heart Rate', 'action': 'keypad press', 'key': 5, 'value': 55}}
INFO:root:1723126609.482733,ID:1016,STAGE:4,SEQUENCE:11243,DATA:{'time': 1723126609.478, 'user-id': '1016', 'source': 'HAI Interface', 'destination-index': '3', 'study-stage': '4', 'decision-state': 0, 'vitals-state': 0, 'airspace-state': 0, 'data': {'page': 'emergency', 'action': 'trying to change destination to19'}}
INFO:root:1723126610.414878,ID:1016,STAGE:4,SEQUENCE:11243,DATA:{'time': 1723126610.402, 'source': 'VitalsTask', 'timer': 82.459, 'data': {'sensor': 'Heart Rate', 'action': 'show action buttons'}}
INFO:root:1723126610.416872,ID:1016,STAGE:4,SEQUENCE:11243,DATA:{'time': 1723126610.402, 'source': 'VitalsTask', 'timer': 82.459, 'data': {'sensor': 'Heart Rate', 'action': 'keypad press', 'key': 10, 'value': 55}}
INFO:root:1723126611.996905,ID:1016,STAGE:4,SEQUENCE:11243,DATA:{'time': 1723126611.99, 'source': 'VitalsTask', 'timer': 84.047, 'data': {'sensor': 'Heart Rate', 'action': 'log', 'data': 'action button pressed'}}
INFO:root:1723126612.003493,ID:1016,STAGE:4,SEQUENCE:11243,DATA:{'time': 1723126611.99, 'source': 'VitalsTask', 'timer': 84.047, 'data': {'sensor': 'Heart Rate', 'action': 'log', 'data': 'starting sensor action'}}
INFO:root:1723126613.013586,ID:1016,STAGE:4,SEQUENCE:11243,DATA:{'time': 1723126613.009, 'source': 'VitalsTask', 'timer': 85.066, 'data': {'sensor': 'Heart Rate', 'action': 'log', 'data': 'sensor action complete'}}
INFO:root:1723126613.638376,ID:1016,STAGE:4,SEQUENCE:11243,DATA:{'time': 1723126613.632, 'source': 'VitalsTask', 'timer': 85.689, 'data': {'sensor': 'Heart Rate', 'action': 'save', 'data': 'action button pressed'}}
INFO:root:1723126613.640886,ID:1016,STAGE:4,SEQUENCE:11243,DATA:{'time': 1723126613.632, 'source': 'VitalsTask', 'timer': 85.689, 'data': {'sensor': 'Heart Rate', 'action': 'save', 'data': 'starting sensor action'}}
INFO:root:1723126614.562826,ID:1016,STAGE:4,SEQUENCE:11243,DATA:{'time': 1723126614.55, 'user-id': '1016', 'source': 'HAI Interface', 'destination-index': '3', 'study-stage': '4', 'decision-state': 0, 'vitals-state': 0, 'airspace-state': 0, 'data': {'page': 'emergency', 'action': 'trying to change destination to19'}}
INFO:root:1723126614.658174,ID:1016,STAGE:4,SEQUENCE:11243,DATA:{'time': 1723126614.651, 'source': 'VitalsTask', 'timer': 86.708, 'data': {'sensor': 'Heart Rate', 'action': 'save', 'data': 'sensor action complete'}}
INFO:root:1723126615.74548,ID:1016,STAGE:4,SEQUENCE:11243,DATA:{'time': 1723126615.74, 'source': 'VitalsTask', 'timer': 87.797, 'data': {'sensor': 'O\u2082 Saturation', 'action': 'opened sensor tab'}}
INFO:root:1723126617.353516,ID:1016,STAGE:4,SEQUENCE:11243,DATA:{'time': 1723126617.346, 'source': 'VitalsTask', 'timer': 89.403, 'data': {'sensor': 'O\u2082 Saturation', 'action': 'capture', 'data': 'action button pressed'}}
INFO:root:1723126617.35551,ID:1016,STAGE:4,SEQUENCE:11243,DATA:{'time': 1723126617.347, 'source': 'VitalsTask', 'timer': 89.404, 'data': {'sensor': 'O\u2082 Saturation', 'action': 'capture', 'data': 'starting sensor action'}}
INFO:root:1723126618.36577,ID:1016,STAGE:4,SEQUENCE:11243,DATA:{'time': 1723126618.36, 'source': 'VitalsTask', 'timer': 90.417, 'data': {'sensor': 'O\u2082 Saturation', 'action': 'capture', 'data': 'sensor action complete'}}
INFO:root:1723126618.371317,ID:1016,STAGE:4,SEQUENCE:11243,DATA:{'time': 1723126618.36, 'source': 'VitalsTask', 'timer': 90.417, 'data': {'sensor': 'O\u2082 Saturation', 'action': 'keypad open'}}
INFO:root:1723126619.235348,ID:1016,STAGE:4,SEQUENCE:11243,DATA:{'time': 1723126619.23, 'source': 'VitalsTask', 'timer': 91.287, 'data': {'sensor': 'O\u2082 Saturation', 'action': 'keypad press', 'key': 1, 'value': 1}}
INFO:root:1723126619.523091,ID:1016,STAGE:4,SEQUENCE:11243,DATA:{'time': 1723126619.517, 'user-id': '1016', 'source': 'HAI Interface', 'destination-index': '3', 'study-stage': '4', 'decision-state': 0, 'vitals-state': 0, 'airspace-state': 0, 'data': {'page': 'emergency', 'action': 'trying to change destination to19'}}
INFO:root:1723126620.558105,ID:1016,STAGE:4,SEQUENCE:11243,DATA:{'time': 1723126620.548, 'source': 'VitalsTask', 'timer': 92.605, 'data': {'sensor': 'O\u2082 Saturation', 'action': 'keypad press', 'key': 11, 'value': 10}}
INFO:root:1723126620.9111,ID:1016,STAGE:4,SEQUENCE:11243,DATA:{'time': 1723126620.904, 'source': 'VitalsTask', 'timer': 92.961, 'data': {'sensor': 'O\u2082 Saturation', 'action': 'keypad press', 'key': 11, 'value': 100}}
INFO:root:1723126622.182585,ID:1016,STAGE:4,SEQUENCE:11243,DATA:{'time': 1723126622.178, 'source': 'VitalsTask', 'timer': 94.235, 'data': {'sensor': 'O\u2082 Saturation', 'action': 'show action buttons'}}
INFO:root:1723126622.186092,ID:1016,STAGE:4,SEQUENCE:11243,DATA:{'time': 1723126622.179, 'source': 'VitalsTask', 'timer': 94.236, 'data': {'sensor': 'O\u2082 Saturation', 'action': 'keypad press', 'key': 10, 'value': 100}}
INFO:root:1723126624.847775,ID:1016,STAGE:4,SEQUENCE:11243,DATA:{'time': 1723126624.841, 'source': 'VitalsTask', 'timer': 96.898, 'data': {'sensor': 'O\u2082 Saturation', 'action': 'log', 'data': 'action button pressed'}}
INFO:root:1723126624.849582,ID:1016,STAGE:4,SEQUENCE:11243,DATA:{'time': 1723126624.842, 'source': 'VitalsTask', 'timer': 96.899, 'data': {'sensor': 'O\u2082 Saturation', 'action': 'log', 'data': 'starting sensor action'}}
INFO:root:1723126625.359728,ID:1016,STAGE:4,SEQUENCE:11243,DATA:{'time': 1723126625.343, 'user-id': '1016', 'source': 'HAI Interface', 'destination-index': '3', 'study-stage': '4', 'decision-state': 0, 'vitals-state': 0, 'airspace-state': 0, 'data': {'page': 'emergency', 'action': 'trying to change destination to19'}}
INFO:root:1723126625.36671,ID:1016,STAGE:4,SEQUENCE:11243,DATA:{'time': 1723126625.344, 'user-id': '1016', 'source': 'HAI Interface', 'destination-index': '3', 'study-stage': '4', 'decision-state': 0, 'vitals-state': 0, 'airspace-state': 0, 'data': {'page': 'emergency', 'action': 'show Pressure Miscalibrated Warning, hide map'}}
INFO:root:1723126625.369702,ID:1016,STAGE:4,SEQUENCE:11243,DATA:{'time': 1723126625.344, 'user-id': '1016', 'source': 'HAI Interface', 'destination-index': '3', 'study-stage': '4', 'decision-state': 0, 'vitals-state': 0, 'airspace-state': 0, 'data': {'page': 'map', 'action': 'hide map'}}
INFO:root:1723126625.375688,ID:1016,STAGE:4,SEQUENCE:11243,DATA:{'time': 1723126625.346, 'user-id': '1016', 'source': 'HAI Interface', 'destination-index': '3', 'study-stage': '4', 'decision-state': 0, 'vitals-state': 0, 'airspace-state': 0, 'data': {'page': 'Inflight', 'action': 'Pressure Warning alert activated'}}
INFO:root:1723126625.862041,ID:1016,STAGE:4,SEQUENCE:11243,DATA:{'time': 1723126625.855, 'source': 'VitalsTask', 'timer': 97.912, 'data': {'sensor': 'O\u2082 Saturation', 'action': 'log', 'data': 'sensor action complete'}}
INFO:root:1723126629.507389,ID:1016,STAGE:4,SEQUENCE:11243,DATA:{'time': 1723126629.501, 'user-id': '1016', 'source': 'HAI Interface', 'destination-index': '3', 'study-stage': '4', 'decision-state': 0, 'vitals-state': 0, 'airspace-state': 0, 'data': {'page': 'emergency', 'action': 'trying to change destination to19'}}
INFO:root:1723126629.512465,ID:1016,STAGE:4,SEQUENCE:11243,DATA:{'time': 1723126629.501, 'user-id': '1016', 'source': 'HAI Interface', 'destination-index': '3', 'study-stage': '4', 'decision-state': 0, 'vitals-state': 0, 'airspace-state': 0, 'data': {'page': 'emergency', 'action': 'show Pressure Miscalibrated Warning, hide map'}}
INFO:root:1723126629.514463,ID:1016,STAGE:4,SEQUENCE:11243,DATA:{'time': 1723126629.502, 'user-id': '1016', 'source': 'HAI Interface', 'destination-index': '3', 'study-stage': '4', 'decision-state': 0, 'vitals-state': 0, 'airspace-state': 0, 'data': {'page': 'map', 'action': 'hide map'}}
INFO:root:1723126629.518962,ID:1016,STAGE:4,SEQUENCE:11243,DATA:{'time': 1723126629.502, 'user-id': '1016', 'source': 'HAI Interface', 'destination-index': '3', 'study-stage': '4', 'decision-state': 0, 'vitals-state': 0, 'airspace-state': 0, 'data': {'page': 'Inflight', 'action': 'Pressure Warning alert activated'}}
INFO:root:1723126629.761248,ID:1016,STAGE:4,SEQUENCE:11243,DATA:{'time': 1723126629.755, 'user-id': '1016', 'source': 'HAI Interface', 'destination-index': '3', 'study-stage': '4', 'decision-state': 0, 'vitals-state': 0, 'airspace-state': 0, 'data': {'page': 'Inflight', 'action': 'Pressure Warning- show info button pressed'}}
INFO:root:1723126634.569118,ID:1016,STAGE:4,SEQUENCE:11243,DATA:{'time': 1723126634.558, 'user-id': '1016', 'source': 'HAI Interface', 'destination-index': '3', 'study-stage': '4', 'decision-state': 0, 'vitals-state': 0, 'airspace-state': 0, 'data': {'page': 'emergency', 'action': 'trying to change destination to19'}}
INFO:root:1723126634.571711,ID:1016,STAGE:4,SEQUENCE:11243,DATA:{'time': 1723126634.559, 'user-id': '1016', 'source': 'HAI Interface', 'destination-index': '3', 'study-stage': '4', 'decision-state': 0, 'vitals-state': 0, 'airspace-state': 0, 'data': {'page': 'emergency', 'action': 'show Pressure Miscalibrated Warning, hide map'}}
INFO:root:1723126634.575705,ID:1016,STAGE:4,SEQUENCE:11243,DATA:{'time': 1723126634.559, 'user-id': '1016', 'source': 'HAI Interface', 'destination-index': '3', 'study-stage': '4', 'decision-state': 0, 'vitals-state': 0, 'airspace-state': 0, 'data': {'page': 'map', 'action': 'hide map'}}
INFO:root:1723126634.578697,ID:1016,STAGE:4,SEQUENCE:11243,DATA:{'time': 1723126634.56, 'user-id': '1016', 'source': 'HAI Interface', 'destination-index': '3', 'study-stage': '4', 'decision-state': 0, 'vitals-state': 0, 'airspace-state': 0, 'data': {'page': 'Inflight', 'action': 'Pressure Warning alert activated'}}
INFO:root:1723126639.52376,ID:1016,STAGE:4,SEQUENCE:11243,DATA:{'time': 1723126639.518, 'user-id': '1016', 'source': 'HAI Interface', 'destination-index': '3', 'study-stage': '4', 'decision-state': 0, 'vitals-state': 0, 'airspace-state': 0, 'data': {'page': 'emergency', 'action': 'trying to change destination to19'}}
INFO:root:1723126639.531761,ID:1016,STAGE:4,SEQUENCE:11243,DATA:{'time': 1723126639.518, 'user-id': '1016', 'source': 'HAI Interface', 'destination-index': '3', 'study-stage': '4', 'decision-state': 0, 'vitals-state': 0, 'airspace-state': 0, 'data': {'page': 'emergency', 'action': 'show Pressure Miscalibrated Warning, hide map'}}
INFO:root:1723126639.538746,ID:1016,STAGE:4,SEQUENCE:11243,DATA:{'time': 1723126639.519, 'user-id': '1016', 'source': 'HAI Interface', 'destination-index': '3', 'study-stage': '4', 'decision-state': 0, 'vitals-state': 0, 'airspace-state': 0, 'data': {'page': 'map', 'action': 'hide map'}}
INFO:root:1723126639.551713,ID:1016,STAGE:4,SEQUENCE:11243,DATA:{'time': 1723126639.519, 'user-id': '1016', 'source': 'HAI Interface', 'destination-index': '3', 'study-stage': '4', 'decision-state': 0, 'vitals-state': 0, 'airspace-state': 0, 'data': {'page': 'Inflight', 'action': 'Pressure Warning alert activated'}}
INFO:root:1723126644.551172,ID:1016,STAGE:4,SEQUENCE:11243,DATA:{'time': 1723126644.541, 'user-id': '1016', 'source': 'HAI Interface', 'destination-index': '3', 'study-stage': '4', 'decision-state': 0, 'vitals-state': 0, 'airspace-state': 0, 'data': {'page': 'Inflight', 'action': 'Pressure Warning- submit button pressed with pressure value as:75'}}
INFO:root:1723126644.55516,ID:1016,STAGE:4,SEQUENCE:11243,DATA:{'time': 1723126644.542, 'user-id': '1016', 'source': 'HAI Interface', 'destination-index': '3', 'study-stage': '4', 'decision-state': 0, 'vitals-state': 0, 'airspace-state': 0, 'data': {'page': 'Inflight', 'action': 'Pressure Warning- alert explaination'}}
INFO:root:1723126644.58817,ID:1016,STAGE:4,SEQUENCE:11243,DATA:{'time': 1723126644.577, 'user-id': '1016', 'source': 'HAI Interface', 'destination-index': '3', 'study-stage': '4', 'decision-state': 0, 'vitals-state': 0, 'airspace-state': 0, 'data': {'page': 'emergency', 'action': 'trying to change destination to19'}}
INFO:root:1723126647.268507,ID:1016,STAGE:4,SEQUENCE:11243,DATA:{'time': 1723126647.259, 'user-id': '1016', 'source': 'HAI Interface', 'destination-index': '3', 'study-stage': '4', 'decision-state': 0, 'vitals-state': 0, 'airspace-state': 0, 'data': {'page': 'Inflight', 'action': 'Pressure Warning alert close button pressed'}}
INFO:root:1723126649.523307,ID:1016,STAGE:4,SEQUENCE:11243,DATA:{'time': 1723126649.512, 'user-id': '1016', 'source': 'HAI Interface', 'destination-index': '3', 'study-stage': '4', 'decision-state': 0, 'vitals-state': 0, 'airspace-state': 0, 'data': {'page': 'emergency', 'action': 'trying to change destination to19'}}
INFO:root:1723126651.121291,ID:1016,STAGE:4,SEQUENCE:11243,DATA:{'time': 1723126651.115, 'source': 'VitalsTask', 'timer': 123.172, 'data': {'sensor': 'O\u2082 Saturation', 'action': 'save', 'data': 'action button pressed'}}
INFO:root:1723126651.123335,ID:1016,STAGE:4,SEQUENCE:11243,DATA:{'time': 1723126651.116, 'source': 'VitalsTask', 'timer': 123.173, 'data': {'sensor': 'O\u2082 Saturation', 'action': 'save', 'data': 'starting sensor action'}}
INFO:root:Pressure Warning alert given, sent request to clear pressure_warning_alert
INFO:root:1723126652.135061,ID:1016,STAGE:4,SEQUENCE:11243,DATA:{'time': 1723126652.129, 'source': 'VitalsTask', 'timer': 124.186, 'data': {'sensor': 'O\u2082 Saturation', 'action': 'save', 'data': 'sensor action complete'}}
INFO:root:1723126653.497312,ID:1016,STAGE:4,SEQUENCE:11243,DATA:{'time': 1723126653.49, 'source': 'VitalsTask', 'timer': 125.547, 'data': {'sensor': 'submit', 'action': 'submit'}}
INFO:root:1723126653.499308,ID:1016,STAGE:4,SEQUENCE:11243,DATA:{'time': 1723126653.491, 'source': 'VitalsTask', 'timer': 125.548, 'data': {'sensor': 'submit', 'action': 'submit', 'data': 'submit failed incomplete vitals checklist'}}
INFO:root:1723126654.523835,ID:1016,STAGE:4,SEQUENCE:11243,DATA:{'time': 1723126654.516, 'user-id': '1016', 'source': 'HAI Interface', 'destination-index': '3', 'study-stage': '4', 'decision-state': 0, 'vitals-state': 0, 'airspace-state': 0, 'data': {'page': 'emergency', 'action': 'trying to change destination to19'}}
INFO:root:1723126657.073433,ID:1016,STAGE:4,SEQUENCE:11243,DATA:{'time': 1723126657.068, 'source': 'VitalsTask', 'timer': 129.125, 'data': {'sensor': 'Blood Pressure', 'action': 'opened sensor tab'}}
INFO:root:1723126658.987147,ID:1016,STAGE:4,SEQUENCE:11243,DATA:{'time': 1723126658.982, 'user-id': '1016', 'source': 'HAI Interface', 'destination-index': '3', 'study-stage': '4', 'decision-state': 0, 'vitals-state': 0, 'airspace-state': 0, 'data': {'page': 'inflight', 'action': 'user acknowledged vitals prompt'}}
INFO:root:1723126659.463546,ID:1016,STAGE:4,SEQUENCE:11243,DATA:{'time': 1723126659.454, 'user-id': '1016', 'source': 'HAI Interface', 'destination-index': '3', 'study-stage': '4', 'decision-state': 0, 'vitals-state': 0, 'airspace-state': 0, 'data': {'page': 'emergency', 'action': 'trying to change destination to19'}}
INFO:root:1723126660.687396,ID:1016,STAGE:4,SEQUENCE:11243,DATA:{'time': 1723126660.681, 'source': 'VitalsTask', 'timer': 132.738, 'data': {'sensor': 'Blood Pressure', 'action': 'capture', 'data': 'action button pressed'}}
INFO:root:1723126660.688538,ID:1016,STAGE:4,SEQUENCE:11243,DATA:{'time': 1723126660.682, 'source': 'VitalsTask', 'timer': 132.739, 'data': {'sensor': 'Blood Pressure', 'action': 'capture', 'data': 'starting sensor action'}}
INFO:root:1723126661.703848,ID:1016,STAGE:4,SEQUENCE:11243,DATA:{'time': 1723126661.698, 'source': 'VitalsTask', 'timer': 133.755, 'data': {'sensor': 'Blood Pressure', 'action': 'capture', 'data': 'sensor action complete'}}
INFO:root:1723126661.705842,ID:1016,STAGE:4,SEQUENCE:11243,DATA:{'time': 1723126661.698, 'source': 'VitalsTask', 'timer': 133.755, 'data': {'sensor': 'Blood Pressure', 'action': 'keypad open'}}
INFO:root:1723126664.53377,ID:1016,STAGE:4,SEQUENCE:11243,DATA:{'time': 1723126664.514, 'user-id': '1016', 'source': 'HAI Interface', 'destination-index': '3', 'study-stage': '4', 'decision-state': 0, 'vitals-state': 0, 'airspace-state': 0, 'data': {'page': 'emergency', 'action': 'trying to change destination to19'}}
INFO:root:1723126667.471347,ID:1016,STAGE:4,SEQUENCE:11243,DATA:{'time': 1723126667.465, 'user-id': '1016', 'source': 'HAI Interface', 'destination-index': '3', 'study-stage': '4', 'decision-state': 0, 'vitals-state': 0, 'airspace-state': 0, 'data': {'action': 'receive button pressed'}}
INFO:root:1723126667.479932,ID:1016,STAGE:4,SEQUENCE:11243,DATA:{'time': 1723126667.465, 'user-id': '1016', 'source': 'HAI Interface', 'destination-index': '3', 'study-stage': '4', 'decision-state': 0, 'vitals-state': 0, 'airspace-state': 0, 'data': {'action': 'callsign set to:[object Object]'}}
INFO:root:1723126667.48293,ID:1016,STAGE:4,SEQUENCE:11243,DATA:{'time': 1723126667.466, 'user-id': '1016', 'source': 'HAI Interface', 'destination-index': '3', 'study-stage': '4', 'decision-state': 0, 'vitals-state': 0, 'airspace-state': 0, 'data': {'action': 'radio set to:Comm2'}}
INFO:root:1723126667.485431,ID:1016,STAGE:4,SEQUENCE:11243,DATA:{'time': 1723126667.47, 'user-id': '1016', 'source': 'HAI Interface', 'destination-index': '3', 'study-stage': '4', 'decision-state': 0, 'vitals-state': 0, 'airspace-state': 0, 'data': {'action': 'MEDEVACtransmitting onComm2123.45 MHz'}}
INFO:root:1723126669.520786,ID:1016,STAGE:4,SEQUENCE:11243,DATA:{'time': 1723126669.516, 'user-id': '1016', 'source': 'HAI Interface', 'destination-index': '3', 'study-stage': '4', 'decision-state': 0, 'vitals-state': 0, 'airspace-state': 0, 'data': {'page': 'emergency', 'action': 'trying to change destination to19'}}
INFO:root:1723126674.461734,ID:1016,STAGE:4,SEQUENCE:11243,DATA:{'time': 1723126674.453, 'user-id': '1016', 'source': 'HAI Interface', 'destination-index': '3', 'study-stage': '4', 'decision-state': 0, 'vitals-state': 0, 'airspace-state': 0, 'data': {'page': 'emergency', 'action': 'trying to change destination to19'}}
INFO:root:1723126679.493479,ID:1016,STAGE:4,SEQUENCE:11243,DATA:{'time': 1723126679.486, 'user-id': '1016', 'source': 'HAI Interface', 'destination-index': '3', 'study-stage': '4', 'decision-state': 0, 'vitals-state': 0, 'airspace-state': 0, 'data': {'page': 'emergency', 'action': 'trying to change destination to19'}}
INFO:root:1723126684.425266,ID:1016,STAGE:4,SEQUENCE:11243,DATA:{'time': 1723126684.42, 'source': 'VitalsTask', 'timer': 156.477, 'data': {'sensor': 'Blood Pressure', 'action': 'keypad press', 'key': 1, 'value': 1}}
INFO:root:1723126684.576267,ID:1016,STAGE:4,SEQUENCE:11243,DATA:{'time': 1723126684.569, 'user-id': '1016', 'source': 'HAI Interface', 'destination-index': '3', 'study-stage': '4', 'decision-state': 0, 'vitals-state': 0, 'airspace-state': 0, 'data': {'page': 'emergency', 'action': 'trying to change destination to19'}}
INFO:root:1723126685.435414,ID:1016,STAGE:4,SEQUENCE:11243,DATA:{'time': 1723126685.429, 'source': 'VitalsTask', 'timer': 157.486, 'data': {'sensor': 'Blood Pressure', 'action': 'keypad press', 'key': 2, 'value': 12}}
INFO:root:1723126686.801733,ID:1016,STAGE:4,SEQUENCE:11243,DATA:{'time': 1723126686.786, 'source': 'VitalsTask', 'timer': 158.843, 'data': {'sensor': 'Blood Pressure', 'action': 'keypad press', 'key': 11, 'value': 120}}
INFO:root:1723126687.663344,ID:1016,STAGE:4,SEQUENCE:11243,DATA:{'time': 1723126687.657, 'source': 'VitalsTask', 'timer': 159.714, 'data': {'sensor': 'Blood Pressure', 'action': 'keypad press', 'key': 8, 'value': 1208}}
INFO:root:1723126688.574657,ID:1016,STAGE:4,SEQUENCE:11243,DATA:{'time': 1723126688.569, 'source': 'VitalsTask', 'timer': 160.626, 'data': {'sensor': 'Blood Pressure', 'action': 'keypad press', 'key': 11, 'value': 12080}}
INFO:root:1723126689.539094,ID:1016,STAGE:4,SEQUENCE:11243,DATA:{'time': 1723126689.529, 'user-id': '1016', 'source': 'HAI Interface', 'destination-index': '3', 'study-stage': '4', 'decision-state': 0, 'vitals-state': 0, 'airspace-state': 0, 'data': {'page': 'emergency', 'action': 'trying to change destination to19'}}
INFO:root:Ok, continue to monitor the patients vitals and keep us updated 
INFO:root:1723126690.75523,ID:1016,STAGE:4,SEQUENCE:11243,DATA:{'time': 1723126690.749, 'source': 'VitalsTask', 'timer': 162.806, 'data': {'sensor': 'Blood Pressure', 'action': 'show action buttons'}}
INFO:root:1723126690.75974,ID:1016,STAGE:4,SEQUENCE:11243,DATA:{'time': 1723126690.749, 'source': 'VitalsTask', 'timer': 162.806, 'data': {'sensor': 'Blood Pressure', 'action': 'keypad press', 'key': 10, 'value': 12080}}
INFO:root:1723126691.965669,ID:1016,STAGE:4,SEQUENCE:11243,DATA:{'time': 1723126691.959, 'source': 'VitalsTask', 'timer': 164.016, 'data': {'sensor': 'Blood Pressure', 'action': 'log', 'data': 'action button pressed'}}
INFO:root:1723126691.969682,ID:1016,STAGE:4,SEQUENCE:11243,DATA:{'time': 1723126691.959, 'source': 'VitalsTask', 'timer': 164.016, 'data': {'sensor': 'Blood Pressure', 'action': 'log', 'data': 'starting sensor action'}}
INFO:root:1723126692.975981,ID:1016,STAGE:4,SEQUENCE:11243,DATA:{'time': 1723126692.97, 'source': 'VitalsTask', 'timer': 165.027, 'data': {'sensor': 'Blood Pressure', 'action': 'log', 'data': 'sensor action complete'}}
INFO:root:1723126693.559748,ID:1016,STAGE:4,SEQUENCE:11243,DATA:{'time': 1723126693.553, 'source': 'VitalsTask', 'timer': 165.61, 'data': {'sensor': 'Blood Pressure', 'action': 'save', 'data': 'action button pressed'}}
INFO:root:1723126693.563246,ID:1016,STAGE:4,SEQUENCE:11243,DATA:{'time': 1723126693.553, 'source': 'VitalsTask', 'timer': 165.61, 'data': {'sensor': 'Blood Pressure', 'action': 'save', 'data': 'starting sensor action'}}
INFO:root:1723126694.5217,ID:1016,STAGE:4,SEQUENCE:11243,DATA:{'time': 1723126694.515, 'user-id': '1016', 'source': 'HAI Interface', 'destination-index': '3', 'study-stage': '4', 'decision-state': 0, 'vitals-state': 0, 'airspace-state': 0, 'data': {'page': 'emergency', 'action': 'trying to change destination to19'}}
INFO:root:1723126694.578599,ID:1016,STAGE:4,SEQUENCE:11243,DATA:{'time': 1723126694.571, 'source': 'VitalsTask', 'timer': 166.628, 'data': {'sensor': 'Blood Pressure', 'action': 'save', 'data': 'sensor action complete'}}
INFO:root:1723126696.211322,ID:1016,STAGE:4,SEQUENCE:11243,DATA:{'time': 1723126696.203, 'source': 'VitalsTask', 'timer': 168.26, 'data': {'sensor': 'submit', 'action': 'submit'}}
INFO:root:1723126696.214314,ID:1016,STAGE:4,SEQUENCE:11243,DATA:{'time': 1723126696.205, 'source': 'VitalsTask', 'timer': 168.262, 'data': {'sensor': 'submit', 'action': 'submit', 'data': 'submit succeeded'}}
INFO:root:Miscalibrated sensor radio comm done- command to clear event and make the receive 0 sent
INFO:root:1723126699.174391,ID:1016,STAGE:4,SEQUENCE:11243,DATA:{'time': 1723126699.17, 'user-id': '1016', 'source': 'HAI Interface', 'destination-index': '3', 'study-stage': '4', 'decision-state': 0, 'vitals-state': 0, 'airspace-state': 0, 'data': {'page': 'map', 'action': 'show map'}}
INFO:root:1723126699.181374,ID:1016,STAGE:4,SEQUENCE:11243,DATA:{'time': 1723126699.171, 'user-id': '1016', 'source': 'HAI Interface', 'destination-index': '3', 'study-stage': '4', 'decision-state': 0, 'vitals-state': 0, 'airspace-state': 0, 'data': {'page': 'map', 'action': 'selected helipad', 'value': '21'}}
INFO:root:1723126699.534743,ID:1016,STAGE:4,SEQUENCE:11243,DATA:{'time': 1723126699.53, 'user-id': '1016', 'source': 'HAI Interface', 'destination-index': '3', 'study-stage': '4', 'decision-state': 0, 'vitals-state': 0, 'airspace-state': 0, 'data': {'page': 'emergency', 'action': 'trying to change destination to19'}}
INFO:root:1723126704.485584,ID:1016,STAGE:4,SEQUENCE:11243,DATA:{'time': 1723126704.48, 'user-id': '1016', 'source': 'HAI Interface', 'destination-index': '3', 'study-stage': '4', 'decision-state': 0, 'vitals-state': 0, 'airspace-state': 0, 'data': {'page': 'emergency', 'action': 'trying to change destination to19'}}
INFO:root:Inflight Radio Update asked
INFO:root:sent request to set radio update complete
INFO:root:1723126706.683301,ID:1016,STAGE:4,SEQUENCE:11243,DATA:{'time': 1723126706.678, 'user-id': '1016', 'source': 'HAI Interface', 'destination-index': '3', 'study-stage': '4', 'decision-state': 0, 'vitals-state': 0, 'airspace-state': 0, 'data': {'action': 'transmit button pressed'}}
INFO:root:1723126706.686546,ID:1016,STAGE:4,SEQUENCE:11243,DATA:{'time': 1723126706.679, 'user-id': '1016', 'source': 'HAI Interface', 'destination-index': '3', 'study-stage': '4', 'decision-state': 0, 'vitals-state': 0, 'airspace-state': 0, 'data': {'action': 'callsign set to: + NASXGS'}}
INFO:root:1723126706.688547,ID:1016,STAGE:4,SEQUENCE:11243,DATA:{'time': 1723126706.679, 'user-id': '1016', 'source': 'HAI Interface', 'destination-index': '3', 'study-stage': '4', 'decision-state': 0, 'vitals-state': 0, 'airspace-state': 0, 'data': {'action': 'radio set to:Comm1'}}
INFO:root:1723126706.690541,ID:1016,STAGE:4,SEQUENCE:11243,DATA:{'time': 1723126706.68, 'user-id': '1016', 'source': 'HAI Interface', 'destination-index': '3', 'study-stage': '4', 'decision-state': 0, 'vitals-state': 0, 'airspace-state': 0, 'data': {'page': 'map', 'action': 'show map'}}
INFO:root:1723126706.695711,ID:1016,STAGE:4,SEQUENCE:11243,DATA:{'time': 1723126706.68, 'user-id': '1016', 'source': 'HAI Interface', 'destination-index': '3', 'study-stage': '4', 'decision-state': 0, 'vitals-state': 0, 'airspace-state': 0, 'data': {'page': 'map', 'action': 'selected helipad', 'value': '21'}}
INFO:root:1723126706.699184,ID:1016,STAGE:4,SEQUENCE:11243,DATA:{'time': 1723126706.684, 'user-id': '1016', 'source': 'HAI Interface', 'destination-index': '3', 'study-stage': '4', 'decision-state': 0, 'vitals-state': 0, 'airspace-state': 0, 'data': {'action': 'NASXGStransmitting updates onComm1123.45 MHz'}}
INFO:root:1723126709.492885,ID:1016,STAGE:4,SEQUENCE:11243,DATA:{'time': 1723126709.487, 'user-id': '1016', 'source': 'HAI Interface', 'destination-index': '3', 'study-stage': '4', 'decision-state': 0, 'vitals-state': 0, 'airspace-state': 0, 'data': {'page': 'emergency', 'action': 'trying to change destination to19'}}
INFO:root:1723126714.567501,ID:1016,STAGE:4,SEQUENCE:11243,DATA:{'time': 1723126714.56, 'user-id': '1016', 'source': 'HAI Interface', 'destination-index': '3', 'study-stage': '4', 'decision-state': 0, 'vitals-state': 0, 'airspace-state': 0, 'data': {'page': 'emergency', 'action': 'trying to change destination to19'}}
INFO:root:1723126719.517616,ID:1016,STAGE:4,SEQUENCE:11243,DATA:{'time': 1723126719.512, 'user-id': '1016', 'source': 'HAI Interface', 'destination-index': '3', 'study-stage': '4', 'decision-state': 0, 'vitals-state': 0, 'airspace-state': 0, 'data': {'page': 'emergency', 'action': 'trying to change destination to19'}}
INFO:root:1723126722.028552,ID:1016,STAGE:4,SEQUENCE:11243,DATA:{'time': 1723126722.024, 'user-id': '1016', 'source': 'HAI Interface', 'destination-index': '3', 'study-stage': '4', 'decision-state': 0, 'vitals-state': 0, 'airspace-state': 0, 'data': {'page': 'map', 'action': 'hide map'}}
INFO:root:1723126724.509015,ID:1016,STAGE:4,SEQUENCE:11243,DATA:{'time': 1723126724.503, 'user-id': '1016', 'source': 'HAI Interface', 'destination-index': '3', 'study-stage': '4', 'decision-state': 0, 'vitals-state': 0, 'airspace-state': 0, 'data': {'page': 'emergency', 'action': 'trying to change destination to19'}}
INFO:root:1723126725.799662,ID:1016,STAGE:4,SEQUENCE:11243,DATA:{'time': 1723126725.795, 'user-id': '1016', 'source': 'HAI Interface', 'destination-index': '3', 'study-stage': '4', 'decision-state': 0, 'vitals-state': 0, 'airspace-state': 0, 'data': {'page': 'map', 'action': 'show map'}}
INFO:root:1723126725.801298,ID:1016,STAGE:4,SEQUENCE:11243,DATA:{'time': 1723126725.796, 'user-id': '1016', 'source': 'HAI Interface', 'destination-index': '3', 'study-stage': '4', 'decision-state': 0, 'vitals-state': 0, 'airspace-state': 0, 'data': {'page': 'map', 'action': 'selected helipad', 'value': '21'}}
INFO:root:1723126729.481832,ID:1016,STAGE:4,SEQUENCE:11243,DATA:{'time': 1723126729.475, 'user-id': '1016', 'source': 'HAI Interface', 'destination-index': '3', 'study-stage': '4', 'decision-state': 0, 'vitals-state': 0, 'airspace-state': 0, 'data': {'page': 'emergency', 'action': 'trying to change destination to19'}}
INFO:root:1723126734.468969,ID:1016,STAGE:4,SEQUENCE:11243,DATA:{'time': 1723126734.463, 'user-id': '1016', 'source': 'HAI Interface', 'destination-index': '3', 'study-stage': '4', 'decision-state': 0, 'vitals-state': 0, 'airspace-state': 0, 'data': {'page': 'emergency', 'action': 'trying to change destination to19'}}
INFO:root:1723126739.446034,ID:1016,STAGE:4,SEQUENCE:11243,DATA:{'time': 1723126739.438, 'user-id': '1016', 'source': 'HAI Interface', 'destination-index': '3', 'study-stage': '4', 'decision-state': 0, 'vitals-state': 0, 'airspace-state': 0, 'data': {'page': 'emergency', 'action': 'trying to change destination to19'}}
INFO:root:1723126745.265306,ID:1016,STAGE:4,SEQUENCE:11243,DATA:{'time': 1723126745.26, 'user-id': '1016', 'source': 'HAI Interface', 'destination-index': '3', 'study-stage': '4', 'decision-state': 0, 'vitals-state': 0, 'airspace-state': 0, 'data': {'page': 'emergency', 'action': 'trying to change destination to19'}}
INFO:root:1723126749.509402,ID:1016,STAGE:4,SEQUENCE:11243,DATA:{'time': 1723126749.501, 'user-id': '1016', 'source': 'HAI Interface', 'destination-index': '3', 'study-stage': '4', 'decision-state': 0, 'vitals-state': '1', 'airspace-state': 0, 'data': {'page': 'emergency', 'action': 'trying to change destination to19'}}
INFO:root:1723126749.514394,ID:1016,STAGE:4,SEQUENCE:11243,DATA:{'time': 1723126749.502, 'user-id': '1016', 'source': 'HAI Interface', 'destination-index': '3', 'study-stage': '4', 'decision-state': 0, 'vitals-state': '1', 'airspace-state': 0, 'data': {'page': 'emergency', 'action': 'show Engine Failure Alert, hide map'}}
INFO:root:1723126749.518384,ID:1016,STAGE:4,SEQUENCE:11243,DATA:{'time': 1723126749.503, 'user-id': '1016', 'source': 'HAI Interface', 'destination-index': '3', 'study-stage': '4', 'decision-state': 0, 'vitals-state': '1', 'airspace-state': 0, 'data': {'page': 'map', 'action': 'hide map'}}
INFO:root:1723126749.521376,ID:1016,STAGE:4,SEQUENCE:11243,DATA:{'time': 1723126749.503, 'user-id': '1016', 'source': 'HAI Interface', 'destination-index': '3', 'study-stage': '4', 'decision-state': 0, 'vitals-state': '1', 'airspace-state': 0, 'data': {'page': 'Inflight', 'action': 'Engine failure emergency- emergnecy propmt displayed'}}
INFO:root:1723126754.537629,ID:1016,STAGE:4,SEQUENCE:11243,DATA:{'time': 1723126754.531, 'user-id': '1016', 'source': 'HAI Interface', 'destination-index': '3', 'study-stage': '4', 'decision-state': 0, 'vitals-state': '1', 'airspace-state': 0, 'data': {'page': 'emergency', 'action': 'trying to change destination to19'}}
INFO:root:1723126754.549108,ID:1016,STAGE:4,SEQUENCE:11243,DATA:{'time': 1723126754.532, 'user-id': '1016', 'source': 'HAI Interface', 'destination-index': '3', 'study-stage': '4', 'decision-state': 0, 'vitals-state': '1', 'airspace-state': 0, 'data': {'page': 'emergency', 'action': 'show Engine Failure Alert, hide map'}}
INFO:root:1723126754.5521,ID:1016,STAGE:4,SEQUENCE:11243,DATA:{'time': 1723126754.532, 'user-id': '1016', 'source': 'HAI Interface', 'destination-index': '3', 'study-stage': '4', 'decision-state': 0, 'vitals-state': '1', 'airspace-state': 0, 'data': {'page': 'map', 'action': 'hide map'}}
INFO:root:1723126754.555093,ID:1016,STAGE:4,SEQUENCE:11243,DATA:{'time': 1723126754.533, 'user-id': '1016', 'source': 'HAI Interface', 'destination-index': '3', 'study-stage': '4', 'decision-state': 0, 'vitals-state': '1', 'airspace-state': 0, 'data': {'page': 'Inflight', 'action': 'Engine failure emergency- emergnecy propmt displayed'}}
INFO:root:1723126755.652568,ID:1016,STAGE:4,SEQUENCE:11243,DATA:{'time': 1723126755.647, 'user-id': '1016', 'source': 'HAI Interface', 'destination-index': '3', 'study-stage': '4', 'decision-state': 0, 'vitals-state': '1', 'airspace-state': 0, 'data': {'page': 'Inflight', 'action': 'Engine failure emergency- show more info button pressed'}}
INFO:root:1723126759.514043,ID:1016,STAGE:4,SEQUENCE:11243,DATA:{'time': 1723126759.507, 'user-id': '1016', 'source': 'HAI Interface', 'destination-index': '3', 'study-stage': '4', 'decision-state': 0, 'vitals-state': '1', 'airspace-state': 0, 'data': {'page': 'emergency', 'action': 'trying to change destination to19'}}
INFO:root:1723126762.051539,ID:1016,STAGE:4,SEQUENCE:11243,DATA:{'time': 1723126762.046, 'user-id': '1016', 'source': 'HAI Interface', 'destination-index': '3', 'study-stage': '4', 'decision-state': 0, 'vitals-state': '1', 'airspace-state': 0, 'data': {'page': 'Inflight', 'action': 'Engine failure emergency- close button pressed'}}
INFO:root:1723126762.054531,ID:1016,STAGE:4,SEQUENCE:11243,DATA:{'time': 1723126762.047, 'user-id': '1016', 'source': 'HAI Interface', 'destination-index': '3', 'study-stage': '4', 'decision-state': 0, 'vitals-state': '1', 'airspace-state': 0, 'data': {'page': 'Inflight', 'action': 'change destination button pressed'}}
INFO:root:1723126762.246201,ID:1016,STAGE:4,SEQUENCE:11243,DATA:{'time': 1723126762.199, 'user-id': 'none', 'source': 'HAI Interface', 'destination-index': 3, 'study-stage': -1, 'decision-state': 0, 'vitals-state': 0, 'airspace-state': 0, 'data': {'page': 'emergency-landing', 'action': 'opened page'}}
INFO:root:1723126763.162583,ID:1016,STAGE:4,SEQUENCE:11243,DATA:{'time': 1723126763.157, 'user-id': '1016', 'source': 'HAI Interface', 'destination-index': '3', 'study-stage': '4', 'decision-state': 0, 'vitals-state': '1', 'airspace-state': 0, 'data': {'page': 'map', 'action': 'selected helipad', 'value': '21'}}
INFO:root:1723126763.164141,ID:1016,STAGE:4,SEQUENCE:11243,DATA:{'time': 1723126763.158, 'user-id': '1016', 'source': 'HAI Interface', 'destination-index': '3', 'study-stage': '4', 'decision-state': 0, 'vitals-state': '1', 'airspace-state': 0, 'data': {'page': 'map', 'action': 'set destination', 'value': -1}}
INFO:root:1723126765.223977,ID:1016,STAGE:4,SEQUENCE:11243,DATA:{'time': 1723126765.219, 'user-id': '1016', 'source': 'HAI Interface', 'destination-index': '3', 'study-stage': '4', 'decision-state': 0, 'vitals-state': '1', 'airspace-state': 0, 'data': {'action': 'radio panel opened'}}
INFO:root:1723126767.448165,ID:1016,STAGE:4,SEQUENCE:11243,DATA:{'time': 1723126767.443, 'user-id': '1016', 'source': 'HAI Interface', 'destination-index': '3', 'study-stage': '4', 'decision-state': 0, 'vitals-state': '1', 'airspace-state': 0, 'data': {'page': 'emergency', 'action': 'trying to change destination to100'}}
INFO:root:1723126772.21939,ID:1016,STAGE:4,SEQUENCE:11243,DATA:{'time': 1723126772.215, 'user-id': '1016', 'source': 'HAI Interface', 'destination-index': '3', 'study-stage': '4', 'decision-state': 0, 'vitals-state': '1', 'airspace-state': 0, 'data': {'action': 'receive button pressed'}}
INFO:root:1723126772.222388,ID:1016,STAGE:4,SEQUENCE:11243,DATA:{'time': 1723126772.215, 'user-id': '1016', 'source': 'HAI Interface', 'destination-index': '3', 'study-stage': '4', 'decision-state': 0, 'vitals-state': '1', 'airspace-state': 0, 'data': {'action': 'callsign set to:[object Object]'}}
INFO:root:1723126772.224384,ID:1016,STAGE:4,SEQUENCE:11243,DATA:{'time': 1723126772.215, 'user-id': '1016', 'source': 'HAI Interface', 'destination-index': '3', 'study-stage': '4', 'decision-state': 0, 'vitals-state': '1', 'airspace-state': 0, 'data': {'action': 'radio set to:Comm2'}}
INFO:root:1723126772.232015,ID:1016,STAGE:4,SEQUENCE:11243,DATA:{'time': 1723126772.22, 'user-id': '1016', 'source': 'HAI Interface', 'destination-index': '3', 'study-stage': '4', 'decision-state': 0, 'vitals-state': '1', 'airspace-state': 0, 'data': {'action': 'MEDEVACtransmitting onComm2123.45 MHz'}}
INFO:root:1723126772.500367,ID:1016,STAGE:4,SEQUENCE:11243,DATA:{'time': 1723126772.495, 'user-id': '1016', 'source': 'HAI Interface', 'destination-index': '3', 'study-stage': '4', 'decision-state': 0, 'vitals-state': '1', 'airspace-state': 0, 'data': {'page': 'emergency', 'action': 'trying to change destination to19'}}
INFO:root:1723126777.450305,ID:1016,STAGE:4,SEQUENCE:11243,DATA:{'time': 1723126777.444, 'user-id': '1016', 'source': 'HAI Interface', 'destination-index': '3', 'study-stage': '4', 'decision-state': 0, 'vitals-state': '1', 'airspace-state': 0, 'data': {'page': 'emergency', 'action': 'trying to change destination to19'}}
INFO:root:1723126782.405057,ID:1016,STAGE:4,SEQUENCE:11243,DATA:{'time': 1723126782.398, 'user-id': '1016', 'source': 'HAI Interface', 'destination-index': '3', 'study-stage': '4', 'decision-state': 0, 'vitals-state': '1', 'airspace-state': 0, 'data': {'page': 'emergency', 'action': 'trying to change destination to19'}}
INFO:root:Engine Failure alert given, sent request to clear engine_failure_emergency
INFO:root:Reroute to Old Fourth Ward radio comm response initiated
INFO:root:1723126787.36758,ID:1016,STAGE:4,SEQUENCE:11243,DATA:{'time': 1723126787.361, 'user-id': '1016', 'source': 'HAI Interface', 'destination-index': '3', 'study-stage': '4', 'decision-state': 0, 'vitals-state': '1', 'airspace-state': 0, 'data': {'page': 'emergency', 'action': 'trying to change destination to19'}}
INFO:root:1723126792.421012,ID:1016,STAGE:4,SEQUENCE:11243,DATA:{'time': 1723126792.411, 'user-id': '1016', 'source': 'HAI Interface', 'destination-index': '3', 'study-stage': '4', 'decision-state': 0, 'vitals-state': '1', 'airspace-state': 0, 'data': {'page': 'emergency', 'action': 'trying to change destination to19'}}
INFO:root:1723126797.441193,ID:1016,STAGE:4,SEQUENCE:11243,DATA:{'time': 1723126797.435, 'user-id': '1016', 'source': 'HAI Interface', 'destination-index': '3', 'study-stage': '4', 'decision-state': 0, 'vitals-state': '1', 'airspace-state': 0, 'data': {'page': 'emergency', 'action': 'trying to change destination to19'}}
INFO:root:1723126798.755589,ID:1016,STAGE:4,SEQUENCE:11243,DATA:{'time': 1723126798.75, 'user-id': '1016', 'source': 'HAI Interface', 'destination-index': '3', 'study-stage': '4', 'decision-state': 0, 'vitals-state': '1', 'airspace-state': 0, 'data': {'page': 'map', 'action': 'show map'}}
INFO:root:1723126798.759088,ID:1016,STAGE:4,SEQUENCE:11243,DATA:{'time': 1723126798.751, 'user-id': '1016', 'source': 'HAI Interface', 'destination-index': '3', 'study-stage': '4', 'decision-state': 0, 'vitals-state': '1', 'airspace-state': 0, 'data': {'page': 'map', 'action': 'selected helipad', 'value': '21'}}
INFO:root:1723126798.761599,ID:1016,STAGE:4,SEQUENCE:11243,DATA:{'time': 1723126798.752, 'user-id': '1016', 'source': 'HAI Interface', 'destination-index': '3', 'study-stage': '4', 'decision-state': 0, 'vitals-state': '1', 'airspace-state': 0, 'data': {'page': 'map', 'action': 'set destination', 'value': '3'}}
INFO:root:1723126802.454472,ID:1016,STAGE:4,SEQUENCE:11243,DATA:{'time': 1723126802.446, 'user-id': '1016', 'source': 'HAI Interface', 'destination-index': '3', 'study-stage': '4', 'decision-state': 0, 'vitals-state': '1', 'airspace-state': 0, 'data': {'page': 'emergency', 'action': 'trying to change destination to19'}}
INFO:root:1723126806.055315,ID:1016,STAGE:4,SEQUENCE:11243,DATA:{'time': 1723126806.05, 'user-id': '1016', 'source': 'HAI Interface', 'destination-index': '3', 'study-stage': '4', 'decision-state': 0, 'vitals-state': '1', 'airspace-state': 0, 'data': {'page': 'map', 'action': 'selected helipad', 'value': '5'}}
INFO:root:1723126806.058799,ID:1016,STAGE:4,SEQUENCE:11243,DATA:{'time': 1723126806.051, 'user-id': '1016', 'source': 'HAI Interface', 'destination-index': '3', 'study-stage': '4', 'decision-state': 0, 'vitals-state': '1', 'airspace-state': 0, 'data': {'page': 'map', 'action': 'set destination', 'value': '3'}}
INFO:root:1723126807.385494,ID:1016,STAGE:4,SEQUENCE:11243,DATA:{'time': 1723126807.377, 'user-id': '1016', 'source': 'HAI Interface', 'destination-index': '3', 'study-stage': '4', 'decision-state': 0, 'vitals-state': '1', 'airspace-state': 0, 'data': {'page': 'emergency', 'action': 'trying to change destination to19'}}
INFO:root:1723126810.502627,ID:1016,STAGE:4,SEQUENCE:11243,DATA:{'time': 1723126810.497, 'user-id': '1016', 'source': 'HAI Interface', 'destination-index': '3', 'study-stage': '4', 'decision-state': 0, 'vitals-state': '1', 'airspace-state': 0, 'data': {'page': 'map', 'action': 'changing helipad', 'value': '5'}}
INFO:root:1723126812.388596,ID:1016,STAGE:4,SEQUENCE:11243,DATA:{'time': 1723126812.38, 'user-id': '1016', 'source': 'HAI Interface', 'destination-index': '3', 'study-stage': '4', 'decision-state': 0, 'vitals-state': '1', 'airspace-state': 0, 'data': {'page': 'emergency', 'action': 'trying to change destination to19'}}
INFO:root:1723126817.452752,ID:1016,STAGE:4,SEQUENCE:11243,DATA:{'time': 1723126817.443, 'user-id': '1016', 'source': 'HAI Interface', 'destination-index': '3', 'study-stage': '4', 'decision-state': 0, 'vitals-state': '1', 'airspace-state': 0, 'data': {'page': 'emergency', 'action': 'trying to change destination to19'}}
INFO:root:Reroute to Old Fourth Ward radio comm done- command to clear event and make receive 0 sent
INFO:root:1723126820.63587,ID:1016,STAGE:4,SEQUENCE:11243,DATA:{'time': 1723126820.629, 'user-id': '1016', 'source': 'HAI Interface', 'destination-index': '3', 'study-stage': '4', 'decision-state': 0, 'vitals-state': '1', 'airspace-state': 0, 'data': {'page': 'map', 'action': 'selected helipad', 'value': 100}}
INFO:root:1723126822.373669,ID:1016,STAGE:4,SEQUENCE:11243,DATA:{'time': 1723126822.366, 'user-id': '1016', 'source': 'HAI Interface', 'destination-index': '3', 'study-stage': '4', 'decision-state': 0, 'vitals-state': '1', 'airspace-state': 0, 'data': {'page': 'emergency', 'action': 'trying to change destination to19'}}
INFO:root:1723126827.384704,ID:1016,STAGE:4,SEQUENCE:11243,DATA:{'time': 1723126827.381, 'user-id': '1016', 'source': 'HAI Interface', 'destination-index': '3', 'study-stage': '4', 'decision-state': 0, 'vitals-state': '1', 'airspace-state': 0, 'data': {'page': 'emergency', 'action': 'trying to change destination to19'}}
INFO:root:1723126832.44581,ID:1016,STAGE:4,SEQUENCE:11243,DATA:{'time': 1723126832.438, 'user-id': '1016', 'source': 'HAI Interface', 'destination-index': '3', 'study-stage': '4', 'decision-state': 0, 'vitals-state': '1', 'airspace-state': 0, 'data': {'page': 'emergency', 'action': 'trying to change destination to19'}}
INFO:root:1723126834.136647,ID:1016,STAGE:4,SEQUENCE:11243,DATA:{'time': 1723126834.132, 'user-id': '1016', 'source': 'HAI Interface', 'destination-index': '3', 'study-stage': '4', 'decision-state': 0, 'vitals-state': '1', 'airspace-state': 0, 'data': {'page': 'map', 'action': 'selected helipad', 'value': '5'}}
INFO:root:1723126834.139147,ID:1016,STAGE:4,SEQUENCE:11243,DATA:{'time': 1723126834.133, 'user-id': '1016', 'source': 'HAI Interface', 'destination-index': '3', 'study-stage': '4', 'decision-state': 0, 'vitals-state': '1', 'airspace-state': 0, 'data': {'page': 'map', 'action': 'set destination', 'value': 19}}
INFO:root:1723126834.289677,ID:1016,STAGE:4,SEQUENCE:11243,DATA:{'time': 1723126834.286, 'user-id': '1016', 'source': 'HAI Interface', 'destination-index': '3', 'study-stage': '4', 'decision-state': 0, 'vitals-state': '1', 'airspace-state': 0, 'data': {'page': 'map', 'action': 'changing helipad', 'value': '5'}}
INFO:root:1723126836.868234,ID:1016,STAGE:4,SEQUENCE:11243,DATA:{'time': 1723126836.864, 'user-id': '1016', 'source': 'HAI Interface', 'destination-index': '3', 'study-stage': '4', 'decision-state': 0, 'vitals-state': '1', 'airspace-state': 0, 'data': {'page': 'map', 'action': 'selected helipad', 'value': 100}}
INFO:root:1723126837.406107,ID:1016,STAGE:4,SEQUENCE:11243,DATA:{'time': 1723126837.399, 'user-id': '1016', 'source': 'HAI Interface', 'destination-index': '3', 'study-stage': '4', 'decision-state': 0, 'vitals-state': '1', 'airspace-state': 0, 'data': {'page': 'emergency', 'action': 'trying to change destination to19'}}
INFO:root:voice activity detected
INFO:root:recording started
INFO:root:voice deactivity detected
INFO:root:recording stopped
INFO:root:1723126842.392081,ID:1016,STAGE:4,SEQUENCE:11243,DATA:{'time': 1723126842.38, 'user-id': '1016', 'source': 'HAI Interface', 'destination-index': '3', 'study-stage': '4', 'decision-state': 0, 'vitals-state': '1', 'airspace-state': 0, 'data': {'page': 'emergency', 'action': 'trying to change destination to19'}}
INFO:root:1723126847.476267,ID:1016,STAGE:4,SEQUENCE:11243,DATA:{'time': 1723126847.47, 'user-id': '1016', 'source': 'HAI Interface', 'destination-index': '3', 'study-stage': '4', 'decision-state': 0, 'vitals-state': '1', 'airspace-state': 0, 'data': {'page': 'emergency', 'action': 'trying to change destination to19'}}
