INFO:root:1723123302.110132,ID:1016,STAGE:1,SEQUENCE:1243,DATA:{'time': 1723123302.107, 'user-id': '1016', 'source': 'HAI Interface', 'destination-index': 'None', 'study-stage': '1', 'decision-state': 0, 'vitals-state': 0, 'airspace-state': 0, 'data': {'page': 'index', 'action': 'confirm button pressed'}}
INFO:root:1723123302.21301,ID:1016,STAGE:1,SEQUENCE:1243,DATA:{'time': 1723123302.207, 'user-id': 'none', 'source': 'HAI Interface', 'destination-index': 3, 'study-stage': -1, 'decision-state': 0, 'vitals-state': 0, 'airspace-state': 0, 'data': {'page': 'location', 'action': 'opened page'}}
INFO:root:Takeoff radiocomms initiated
INFO:comtypes.client._code_cache:Imported existing <module 'comtypes.gen' from 'C:\\Users\\ae-dagbeyibor3\\AppData\\Local\\Programs\\Python\\Python312\\Lib\\site-packages\\comtypes\\gen\\__init__.py'>
INFO:comtypes.client._code_cache:Using writeable comtypes cache directory: 'C:\Users\ae-dagbeyibor3\AppData\Local\Programs\Python\Python312\Lib\site-packages\comtypes\gen'
INFO:root:1723123303.178587,ID:1016,STAGE:1,SEQUENCE:1243,DATA:{'time': 1723123303.174, 'user-id': '1016', 'source': 'HAI Interface', 'destination-index': 'None', 'study-stage': '1', 'decision-state': 0, 'vitals-state': 0, 'airspace-state': 0, 'data': {'page': 'map', 'action': 'selected helipad', 'value': '21'}}
INFO:root:Takeoff radiocomms clear request sent
INFO:root:1723123328.182852,ID:1016,STAGE:1,SEQUENCE:1243,DATA:{'time': 1723123328.179, 'user-id': '1016', 'source': 'HAI Interface', 'destination-index': 'None', 'study-stage': '1', 'decision-state': 0, 'vitals-state': 0, 'airspace-state': 0, 'data': {'page': 'location', 'action': 'confirm button pressed'}}
INFO:root:1723123328.397236,ID:1016,STAGE:1,SEQUENCE:1243,DATA:{'time': 1723123328.394, 'user-id': 'none', 'source': 'HAI Interface', 'destination-index': 3, 'study-stage': -1, 'decision-state': 0, 'vitals-state': 0, 'airspace-state': 0, 'data': {'page': 'checklist', 'action': 'opened page', 'inflight': False}}
INFO:root:1723123329.369902,ID:1016,STAGE:1,SEQUENCE:1243,DATA:{'time': 1723123329.366, 'user-id': '1016', 'source': 'HAI Interface', 'destination-index': '3', 'study-stage': '1', 'decision-state': 0, 'vitals-state': 0, 'airspace-state': 0, 'data': {'page': 'map', 'action': 'selected helipad', 'value': '21'}}
INFO:root:1723123358.049847,ID:1016,STAGE:1,SEQUENCE:1243,DATA:{'time': 1723123358.046, 'user-id': '1016', 'source': 'HAI Interface', 'destination-index': '3', 'study-stage': '1', 'decision-state': 0, 'vitals-state': 0, 'airspace-state': 0, 'data': {'page': 'checklist', 'action': 'toggled checkbox', 'inflight': False, 'item': 0, 'value': 'OFF'}}
INFO:root:1723123358.920964,ID:1016,STAGE:1,SEQUENCE:1243,DATA:{'time': 1723123358.917, 'user-id': '1016', 'source': 'HAI Interface', 'destination-index': '3', 'study-stage': '1', 'decision-state': 0, 'vitals-state': 0, 'airspace-state': 0, 'data': {'page': 'checklist', 'action': 'toggled checkbox', 'inflight': False, 'item': 1, 'value': 'OFF'}}
INFO:root:1723123373.103723,ID:1016,STAGE:1,SEQUENCE:1243,DATA:{'time': 1723123373.1, 'user-id': '1016', 'source': 'HAI Interface', 'destination-index': '3', 'study-stage': '1', 'decision-state': 0, 'vitals-state': 0, 'airspace-state': 0, 'data': {'page': 'checklist', 'action': 'toggled checkbox', 'inflight': False, 'item': 2, 'value': 'OFF'}}
INFO:root:1723123373.104753,ID:1016,STAGE:1,SEQUENCE:1243,DATA:{'time': 1723123373.101, 'user-id': '1016', 'source': 'HAI Interface', 'destination-index': '3', 'study-stage': '1', 'decision-state': 0, 'vitals-state': 0, 'airspace-state': 0, 'data': {'page': 'checklist', 'action': 'showing confirm button', 'inflight': False}}
INFO:root:1723123375.093068,ID:1016,STAGE:1,SEQUENCE:1243,DATA:{'time': 1723123375.089, 'user-id': '1016', 'source': 'HAI Interface', 'destination-index': '3', 'study-stage': '1', 'decision-state': 0, 'vitals-state': 0, 'airspace-state': 0, 'data': {'page': 'checklist', 'action': 'confirm button clicked', 'inflight': False}}
INFO:root:1723123375.208932,ID:1016,STAGE:1,SEQUENCE:1243,DATA:{'time': 1723123375.184, 'user-id': 'none', 'source': 'HAI Interface', 'destination-index': 3, 'study-stage': -1, 'decision-state': 0, 'vitals-state': 0, 'airspace-state': 0, 'data': {'page': 'countdown', 'action': 'opened page'}}
INFO:root:1723123376.161757,ID:1016,STAGE:1,SEQUENCE:1243,DATA:{'time': 1723123376.159, 'user-id': '1016', 'source': 'HAI Interface', 'destination-index': '3', 'study-stage': '1', 'decision-state': 0, 'vitals-state': 0, 'airspace-state': 0, 'data': {'page': 'map', 'action': 'selected helipad', 'value': '21'}}
INFO:root:1723123376.193153,ID:1016,STAGE:1,SEQUENCE:1243,DATA:{'time': 1723123376.19, 'user-id': '1016', 'source': 'HAI Interface', 'destination-index': '3', 'study-stage': '1', 'decision-state': 0, 'vitals-state': 0, 'airspace-state': 0, 'data': {'page': 'countdown', 'action': 'countdown now 4'}}
INFO:root:1723123377.188122,ID:1016,STAGE:1,SEQUENCE:1243,DATA:{'time': 1723123377.185, 'user-id': '1016', 'source': 'HAI Interface', 'destination-index': '3', 'study-stage': '1', 'decision-state': 0, 'vitals-state': 0, 'airspace-state': 0, 'data': {'page': 'countdown', 'action': 'countdown now 3'}}
INFO:root:1723123378.191534,ID:1016,STAGE:1,SEQUENCE:1243,DATA:{'time': 1723123378.186, 'user-id': '1016', 'source': 'HAI Interface', 'destination-index': '3', 'study-stage': '1', 'decision-state': 0, 'vitals-state': 0, 'airspace-state': 0, 'data': {'page': 'countdown', 'action': 'countdown now 2'}}
INFO:root:1723123379.194749,ID:1016,STAGE:1,SEQUENCE:1243,DATA:{'time': 1723123379.189, 'user-id': '1016', 'source': 'HAI Interface', 'destination-index': '3', 'study-stage': '1', 'decision-state': 0, 'vitals-state': 0, 'airspace-state': 0, 'data': {'page': 'countdown', 'action': 'countdown now 1'}}
INFO:root:1723123380.190044,ID:1016,STAGE:1,SEQUENCE:1243,DATA:{'time': 1723123380.187, 'user-id': '1016', 'source': 'HAI Interface', 'destination-index': '3', 'study-stage': '1', 'decision-state': 0, 'vitals-state': 0, 'airspace-state': 0, 'data': {'page': 'countdown', 'action': 'countdown now 0'}}
INFO:root:1723123381.192984,ID:1016,STAGE:1,SEQUENCE:1243,DATA:{'time': 1723123381.187, 'user-id': '1016', 'source': 'HAI Interface', 'destination-index': '3', 'study-stage': '1', 'decision-state': 0, 'vitals-state': 0, 'airspace-state': 0, 'data': {'page': 'countdown', 'action': 'countdown complete'}}
INFO:root:1723123382.520783,ID:1016,STAGE:1,SEQUENCE:1243,DATA:{'time': 1723123382.517, 'user-id': '1016', 'source': 'HAI Interface', 'destination-index': '3', 'study-stage': '1', 'decision-state': 0, 'vitals-state': 0, 'airspace-state': 0, 'data': {'page': 'map', 'action': 'selected helipad', 'value': '21'}}
INFO:root:1723123386.704602,ID:1016,STAGE:1,SEQUENCE:1243,DATA:{'time': 1723123386.696, 'user-id': '1016', 'source': 'HAI Interface', 'destination-index': '3', 'study-stage': '1', 'decision-state': 0, 'vitals-state': 0, 'airspace-state': 0, 'data': {'page': 'emergency', 'action': 'trying to change destination to100'}}
INFO:root:Inflight Radio Update asked
INFO:root:sent request to set radio update complete
INFO:root:1723123391.675972,ID:1016,STAGE:1,SEQUENCE:1243,DATA:{'time': 1723123391.669, 'user-id': '1016', 'source': 'HAI Interface', 'destination-index': '3', 'study-stage': '1', 'decision-state': 0, 'vitals-state': 0, 'airspace-state': 0, 'data': {'page': 'emergency', 'action': 'trying to change destination to19'}}
INFO:root:1723123396.699609,ID:1016,STAGE:1,SEQUENCE:1243,DATA:{'time': 1723123396.692, 'user-id': '1016', 'source': 'HAI Interface', 'destination-index': '3', 'study-stage': '1', 'decision-state': 0, 'vitals-state': 0, 'airspace-state': 0, 'data': {'page': 'emergency', 'action': 'trying to change destination to19'}}
INFO:root:1723123401.699345,ID:1016,STAGE:1,SEQUENCE:1243,DATA:{'time': 1723123401.693, 'user-id': '1016', 'source': 'HAI Interface', 'destination-index': '3', 'study-stage': '1', 'decision-state': 0, 'vitals-state': 0, 'airspace-state': 0, 'data': {'page': 'emergency', 'action': 'trying to change destination to19'}}
INFO:root:1723123406.699753,ID:1016,STAGE:1,SEQUENCE:1243,DATA:{'time': 1723123406.694, 'user-id': '1016', 'source': 'HAI Interface', 'destination-index': '3', 'study-stage': '1', 'decision-state': 0, 'vitals-state': 0, 'airspace-state': 0, 'data': {'page': 'emergency', 'action': 'trying to change destination to19'}}
INFO:root:1723123410.337409,ID:1016,STAGE:1,SEQUENCE:1243,DATA:{'time': 1723123410.333, 'user-id': '1016', 'source': 'HAI Interface', 'destination-index': '3', 'study-stage': '1', 'decision-state': 0, 'vitals-state': 0, 'airspace-state': 0, 'data': {'page': 'map', 'action': 'show map'}}
INFO:root:1723123410.340968,ID:1016,STAGE:1,SEQUENCE:1243,DATA:{'time': 1723123410.334, 'user-id': '1016', 'source': 'HAI Interface', 'destination-index': '3', 'study-stage': '1', 'decision-state': 0, 'vitals-state': 0, 'airspace-state': 0, 'data': {'page': 'map', 'action': 'selected helipad', 'value': '21'}}
INFO:root:1723123411.718216,ID:1016,STAGE:1,SEQUENCE:1243,DATA:{'time': 1723123411.711, 'user-id': '1016', 'source': 'HAI Interface', 'destination-index': '3', 'study-stage': '1', 'decision-state': 0, 'vitals-state': 0, 'airspace-state': 0, 'data': {'page': 'emergency', 'action': 'trying to change destination to19'}}
INFO:root:1723123416.495435,ID:1016,STAGE:1,SEQUENCE:1243,DATA:{'time': 1723123416.487, 'user-id': '1016', 'source': 'HAI Interface', 'destination-index': '3', 'study-stage': '1', 'decision-state': 0, 'vitals-state': 0, 'airspace-state': 0, 'data': {'action': 'radio panel opened'}}
INFO:root:1723123416.718631,ID:1016,STAGE:1,SEQUENCE:1243,DATA:{'time': 1723123416.713, 'user-id': '1016', 'source': 'HAI Interface', 'destination-index': '3', 'study-stage': '1', 'decision-state': 0, 'vitals-state': 0, 'airspace-state': 0, 'data': {'page': 'emergency', 'action': 'trying to change destination to19'}}
INFO:root:1723123421.694003,ID:1016,STAGE:1,SEQUENCE:1243,DATA:{'time': 1723123421.687, 'user-id': '1016', 'source': 'HAI Interface', 'destination-index': '3', 'study-stage': '1', 'decision-state': 0, 'vitals-state': 0, 'airspace-state': 0, 'data': {'page': 'emergency', 'action': 'trying to change destination to19'}}
INFO:root:1723123426.737744,ID:1016,STAGE:1,SEQUENCE:1243,DATA:{'time': 1723123426.732, 'user-id': '1016', 'source': 'HAI Interface', 'destination-index': '3', 'study-stage': '1', 'decision-state': 0, 'vitals-state': 0, 'airspace-state': 0, 'data': {'page': 'emergency', 'action': 'trying to change destination to19'}}
INFO:root:1723123431.703795,ID:1016,STAGE:1,SEQUENCE:1243,DATA:{'time': 1723123431.698, 'user-id': '1016', 'source': 'HAI Interface', 'destination-index': '3', 'study-stage': '1', 'decision-state': 0, 'vitals-state': 0, 'airspace-state': 0, 'data': {'page': 'emergency', 'action': 'trying to change destination to19'}}
INFO:root:1723123435.312512,ID:1016,STAGE:1,SEQUENCE:1243,DATA:{'time': 1723123435.307, 'user-id': '1016', 'source': 'HAI Interface', 'destination-index': '3', 'study-stage': '1', 'decision-state': 0, 'vitals-state': 0, 'airspace-state': 0, 'data': {'page': 'inflight', 'action': 'displaying vitals prompt'}}
INFO:root:1723123436.696291,ID:1016,STAGE:1,SEQUENCE:1243,DATA:{'time': 1723123436.69, 'user-id': '1016', 'source': 'HAI Interface', 'destination-index': '3', 'study-stage': '1', 'decision-state': 0, 'vitals-state': 0, 'airspace-state': 0, 'data': {'page': 'emergency', 'action': 'trying to change destination to19'}}
INFO:root:1723123438.759739,ID:1016,STAGE:1,SEQUENCE:1243,DATA:{'time': 1723123438.756, 'user-id': '1016', 'source': 'HAI Interface', 'destination-index': '3', 'study-stage': '1', 'decision-state': 0, 'vitals-state': 0, 'airspace-state': 0, 'data': {'action': 'transmit button pressed'}}
INFO:root:1723123438.763377,ID:1016,STAGE:1,SEQUENCE:1243,DATA:{'time': 1723123438.756, 'user-id': '1016', 'source': 'HAI Interface', 'destination-index': '3', 'study-stage': '1', 'decision-state': 0, 'vitals-state': 0, 'airspace-state': 0, 'data': {'action': 'callsign set to: + NASXGS'}}
INFO:root:1723123438.766096,ID:1016,STAGE:1,SEQUENCE:1243,DATA:{'time': 1723123438.757, 'user-id': '1016', 'source': 'HAI Interface', 'destination-index': '3', 'study-stage': '1', 'decision-state': 0, 'vitals-state': 0, 'airspace-state': 0, 'data': {'action': 'radio set to:Comm1'}}
INFO:root:1723123438.767094,ID:1016,STAGE:1,SEQUENCE:1243,DATA:{'time': 1723123438.757, 'user-id': '1016', 'source': 'HAI Interface', 'destination-index': '3', 'study-stage': '1', 'decision-state': 0, 'vitals-state': 0, 'airspace-state': 0, 'data': {'page': 'map', 'action': 'show map'}}
INFO:root:1723123438.770084,ID:1016,STAGE:1,SEQUENCE:1243,DATA:{'time': 1723123438.757, 'user-id': '1016', 'source': 'HAI Interface', 'destination-index': '3', 'study-stage': '1', 'decision-state': 0, 'vitals-state': 0, 'airspace-state': 0, 'data': {'page': 'map', 'action': 'selected helipad', 'value': '21'}}
INFO:root:1723123438.773589,ID:1016,STAGE:1,SEQUENCE:1243,DATA:{'time': 1723123438.765, 'user-id': '1016', 'source': 'HAI Interface', 'destination-index': '3', 'study-stage': '1', 'decision-state': 0, 'vitals-state': 0, 'airspace-state': 0, 'data': {'action': 'NASXGStransmitting updates onComm1123.45 MHz'}}
INFO:root:1723123441.695958,ID:1016,STAGE:1,SEQUENCE:1243,DATA:{'time': 1723123441.69, 'user-id': '1016', 'source': 'HAI Interface', 'destination-index': '3', 'study-stage': '1', 'decision-state': 0, 'vitals-state': 0, 'airspace-state': 0, 'data': {'page': 'emergency', 'action': 'trying to change destination to19'}}
INFO:root:1723123446.673101,ID:1016,STAGE:1,SEQUENCE:1243,DATA:{'time': 1723123446.667, 'user-id': '1016', 'source': 'HAI Interface', 'destination-index': '3', 'study-stage': '1', 'decision-state': 0, 'vitals-state': 0, 'airspace-state': 0, 'data': {'page': 'emergency', 'action': 'trying to change destination to19'}}
INFO:root:1723123451.709217,ID:1016,STAGE:1,SEQUENCE:1243,DATA:{'time': 1723123451.703, 'user-id': '1016', 'source': 'HAI Interface', 'destination-index': '3', 'study-stage': '1', 'decision-state': 0, 'vitals-state': 0, 'airspace-state': 0, 'data': {'page': 'emergency', 'action': 'trying to change destination to19'}}
INFO:root:1723123456.759218,ID:1016,STAGE:1,SEQUENCE:1243,DATA:{'time': 1723123456.754, 'user-id': '1016', 'source': 'HAI Interface', 'destination-index': '3', 'study-stage': '1', 'decision-state': 0, 'vitals-state': 0, 'airspace-state': 0, 'data': {'page': 'emergency', 'action': 'trying to change destination to19'}}
INFO:root:1723123461.725125,ID:1016,STAGE:1,SEQUENCE:1243,DATA:{'time': 1723123461.716, 'user-id': '1016', 'source': 'HAI Interface', 'destination-index': '3', 'study-stage': '1', 'decision-state': 0, 'vitals-state': 0, 'airspace-state': 0, 'data': {'page': 'emergency', 'action': 'trying to change destination to19'}}
INFO:root:1723123463.57812,ID:1016,STAGE:1,SEQUENCE:1243,DATA:{'time': 1723123463.575, 'user-id': '1016', 'source': 'HAI Interface', 'destination-index': '3', 'study-stage': '1', 'decision-state': 0, 'vitals-state': 0, 'airspace-state': 0, 'data': {'page': 'map', 'action': 'hide map'}}
INFO:root:1723123466.727687,ID:1016,STAGE:1,SEQUENCE:1243,DATA:{'time': 1723123466.722, 'user-id': '1016', 'source': 'HAI Interface', 'destination-index': '3', 'study-stage': '1', 'decision-state': 0, 'vitals-state': 0, 'airspace-state': 0, 'data': {'page': 'emergency', 'action': 'trying to change destination to19'}}
INFO:root:1723123471.686352,ID:1016,STAGE:1,SEQUENCE:1243,DATA:{'time': 1723123471.682, 'user-id': '1016', 'source': 'HAI Interface', 'destination-index': '3', 'study-stage': '1', 'decision-state': 0, 'vitals-state': 0, 'airspace-state': 0, 'data': {'page': 'emergency', 'action': 'trying to change destination to19'}}
INFO:root:1723123476.695423,ID:1016,STAGE:1,SEQUENCE:1243,DATA:{'time': 1723123476.689, 'user-id': '1016', 'source': 'HAI Interface', 'destination-index': '3', 'study-stage': '1', 'decision-state': 0, 'vitals-state': 0, 'airspace-state': 0, 'data': {'page': 'emergency', 'action': 'trying to change destination to19'}}
INFO:root:1723123477.281126,ID:1016,STAGE:1,SEQUENCE:1243,DATA:{'time': 1723123477.276, 'source': 'VitalsTask', 'timer': 1693.872, 'data': {'sensor': 'Heart Rate', 'action': 'opened sensor tab'}}
INFO:root:1723123481.696616,ID:1016,STAGE:1,SEQUENCE:1243,DATA:{'time': 1723123481.69, 'user-id': '1016', 'source': 'HAI Interface', 'destination-index': '3', 'study-stage': '1', 'decision-state': 0, 'vitals-state': 0, 'airspace-state': 0, 'data': {'page': 'emergency', 'action': 'trying to change destination to19'}}
INFO:root:1723123486.715852,ID:1016,STAGE:1,SEQUENCE:1243,DATA:{'time': 1723123486.71, 'user-id': '1016', 'source': 'HAI Interface', 'destination-index': '3', 'study-stage': '1', 'decision-state': 0, 'vitals-state': 0, 'airspace-state': 0, 'data': {'page': 'emergency', 'action': 'trying to change destination to19'}}
INFO:root:Inflight Radio Update asked
INFO:root:sent request to set radio update complete
INFO:root:1723123490.312002,ID:1016,STAGE:1,SEQUENCE:1243,DATA:{'time': 1723123490.306, 'source': 'VitalsTask', 'timer': 1706.902, 'data': {'sensor': 'O\u2082 Saturation', 'action': 'opened sensor tab'}}
INFO:root:1723123491.684157,ID:1016,STAGE:1,SEQUENCE:1243,DATA:{'time': 1723123491.677, 'user-id': '1016', 'source': 'HAI Interface', 'destination-index': '3', 'study-stage': '1', 'decision-state': 0, 'vitals-state': 0, 'airspace-state': 0, 'data': {'page': 'emergency', 'action': 'trying to change destination to19'}}
INFO:root:1723123496.685821,ID:1016,STAGE:1,SEQUENCE:1243,DATA:{'time': 1723123496.679, 'user-id': '1016', 'source': 'HAI Interface', 'destination-index': '3', 'study-stage': '1', 'decision-state': 0, 'vitals-state': 0, 'airspace-state': 0, 'data': {'page': 'emergency', 'action': 'trying to change destination to19'}}
INFO:root:1723123501.736593,ID:1016,STAGE:1,SEQUENCE:1243,DATA:{'time': 1723123501.728, 'user-id': '1016', 'source': 'HAI Interface', 'destination-index': '3', 'study-stage': '1', 'decision-state': 0, 'vitals-state': 0, 'airspace-state': 0, 'data': {'page': 'emergency', 'action': 'trying to change destination to19'}}
INFO:root:1723123504.397384,ID:1016,STAGE:1,SEQUENCE:1243,DATA:{'time': 1723123504.387, 'source': 'VitalsTask', 'timer': 1720.983, 'data': {'sensor': 'Heart Rate', 'action': 'opened sensor tab'}}
INFO:root:1723123506.709164,ID:1016,STAGE:1,SEQUENCE:1243,DATA:{'time': 1723123506.704, 'user-id': '1016', 'source': 'HAI Interface', 'destination-index': '3', 'study-stage': '1', 'decision-state': 0, 'vitals-state': 0, 'airspace-state': 0, 'data': {'page': 'emergency', 'action': 'trying to change destination to19'}}
INFO:root:1723123511.684856,ID:1016,STAGE:1,SEQUENCE:1243,DATA:{'time': 1723123511.681, 'user-id': '1016', 'source': 'HAI Interface', 'destination-index': '3', 'study-stage': '1', 'decision-state': 0, 'vitals-state': 0, 'airspace-state': 0, 'data': {'page': 'emergency', 'action': 'trying to change destination to19'}}
INFO:root:1723123512.823412,ID:1016,STAGE:1,SEQUENCE:1243,DATA:{'time': 1723123512.816, 'source': 'VitalsTask', 'timer': 1729.412, 'data': {'sensor': 'Heart Rate', 'action': 'opened sensor tab'}}
INFO:root:1723123516.699345,ID:1016,STAGE:1,SEQUENCE:1243,DATA:{'time': 1723123516.693, 'user-id': '1016', 'source': 'HAI Interface', 'destination-index': '3', 'study-stage': '1', 'decision-state': 0, 'vitals-state': 0, 'airspace-state': 0, 'data': {'page': 'emergency', 'action': 'trying to change destination to19'}}
INFO:root:1723123521.726942,ID:1016,STAGE:1,SEQUENCE:1243,DATA:{'time': 1723123521.72, 'user-id': '1016', 'source': 'HAI Interface', 'destination-index': '3', 'study-stage': '1', 'decision-state': 0, 'vitals-state': 0, 'airspace-state': 0, 'data': {'page': 'emergency', 'action': 'trying to change destination to19'}}
INFO:root:1723123522.247678,ID:1016,STAGE:1,SEQUENCE:1243,DATA:{'time': 1723123522.241, 'source': 'VitalsTask', 'timer': 1738.837, 'data': {'sensor': 'Heart Rate', 'action': 'capture', 'data': 'action button pressed'}}
INFO:root:1723123522.249672,ID:1016,STAGE:1,SEQUENCE:1243,DATA:{'time': 1723123522.242, 'source': 'VitalsTask', 'timer': 1738.838, 'data': {'sensor': 'Heart Rate', 'action': 'capture', 'data': 'starting sensor action'}}
INFO:root:1723123523.265079,ID:1016,STAGE:1,SEQUENCE:1243,DATA:{'time': 1723123523.259, 'source': 'VitalsTask', 'timer': 1739.855, 'data': {'sensor': 'Heart Rate', 'action': 'capture', 'data': 'sensor action complete'}}
INFO:root:1723123523.268071,ID:1016,STAGE:1,SEQUENCE:1243,DATA:{'time': 1723123523.259, 'source': 'VitalsTask', 'timer': 1739.855, 'data': {'sensor': 'Heart Rate', 'action': 'keypad open'}}
INFO:root:1723123526.703743,ID:1016,STAGE:1,SEQUENCE:1243,DATA:{'time': 1723123526.696, 'user-id': '1016', 'source': 'HAI Interface', 'destination-index': '3', 'study-stage': '1', 'decision-state': 0, 'vitals-state': 0, 'airspace-state': 0, 'data': {'page': 'emergency', 'action': 'trying to change destination to19'}}
INFO:root:1723123528.870062,ID:1016,STAGE:1,SEQUENCE:1243,DATA:{'time': 1723123528.863, 'source': 'VitalsTask', 'timer': 1745.459, 'data': {'sensor': 'Heart Rate', 'action': 'keypad press', 'key': 5, 'value': 5}}
INFO:root:1723123529.138992,ID:1016,STAGE:1,SEQUENCE:1243,DATA:{'time': 1723123529.133, 'source': 'VitalsTask', 'timer': 1745.729, 'data': {'sensor': 'Heart Rate', 'action': 'keypad press', 'key': 5, 'value': 55}}
INFO:root:1723123531.159973,ID:1016,STAGE:1,SEQUENCE:1243,DATA:{'time': 1723123531.153, 'source': 'VitalsTask', 'timer': 1747.749, 'data': {'sensor': 'Heart Rate', 'action': 'show action buttons'}}
INFO:root:1723123531.162477,ID:1016,STAGE:1,SEQUENCE:1243,DATA:{'time': 1723123531.153, 'source': 'VitalsTask', 'timer': 1747.749, 'data': {'sensor': 'Heart Rate', 'action': 'keypad press', 'key': 10, 'value': 55}}
INFO:root:1723123531.714259,ID:1016,STAGE:1,SEQUENCE:1243,DATA:{'time': 1723123531.71, 'user-id': '1016', 'source': 'HAI Interface', 'destination-index': '3', 'study-stage': '1', 'decision-state': 0, 'vitals-state': 0, 'airspace-state': 0, 'data': {'page': 'emergency', 'action': 'trying to change destination to19'}}
INFO:root:1723123533.661132,ID:1016,STAGE:1,SEQUENCE:1243,DATA:{'time': 1723123533.657, 'user-id': '1016', 'source': 'HAI Interface', 'destination-index': '3', 'study-stage': '1', 'decision-state': 0, 'vitals-state': 0, 'airspace-state': 0, 'data': {'page': 'inflight', 'action': 'displaying vitals prompt'}}
INFO:root:1723123533.987684,ID:1016,STAGE:1,SEQUENCE:1243,DATA:{'time': 1723123533.981, 'source': 'VitalsTask', 'timer': 1750.577, 'data': {'sensor': 'Heart Rate', 'action': 'log', 'data': 'action button pressed'}}
INFO:root:1723123533.991181,ID:1016,STAGE:1,SEQUENCE:1243,DATA:{'time': 1723123533.981, 'source': 'VitalsTask', 'timer': 1750.577, 'data': {'sensor': 'Heart Rate', 'action': 'log', 'data': 'starting sensor action'}}
INFO:root:1723123535.005162,ID:1016,STAGE:1,SEQUENCE:1243,DATA:{'time': 1723123534.998, 'source': 'VitalsTask', 'timer': 1751.594, 'data': {'sensor': 'Heart Rate', 'action': 'log', 'data': 'sensor action complete'}}
INFO:root:1723123536.684167,ID:1016,STAGE:1,SEQUENCE:1243,DATA:{'time': 1723123536.68, 'user-id': '1016', 'source': 'HAI Interface', 'destination-index': '3', 'study-stage': '1', 'decision-state': 0, 'vitals-state': 0, 'airspace-state': 0, 'data': {'page': 'emergency', 'action': 'trying to change destination to19'}}
INFO:root:1723123536.704915,ID:1016,STAGE:1,SEQUENCE:1243,DATA:{'time': 1723123536.699, 'source': 'VitalsTask', 'timer': 1753.295, 'data': {'sensor': 'Heart Rate', 'action': 'save', 'data': 'action button pressed'}}
INFO:root:1723123536.706916,ID:1016,STAGE:1,SEQUENCE:1243,DATA:{'time': 1723123536.699, 'source': 'VitalsTask', 'timer': 1753.295, 'data': {'sensor': 'Heart Rate', 'action': 'save', 'data': 'starting sensor action'}}
INFO:root:1723123537.723545,ID:1016,STAGE:1,SEQUENCE:1243,DATA:{'time': 1723123537.717, 'source': 'VitalsTask', 'timer': 1754.313, 'data': {'sensor': 'Heart Rate', 'action': 'save', 'data': 'sensor action complete'}}
INFO:root:1723123540.514424,ID:1016,STAGE:1,SEQUENCE:1243,DATA:{'time': 1723123540.509, 'source': 'VitalsTask', 'timer': 1757.105, 'data': {'sensor': 'O\u2082 Saturation', 'action': 'opened sensor tab'}}
INFO:root:1723123541.695384,ID:1016,STAGE:1,SEQUENCE:1243,DATA:{'time': 1723123541.689, 'user-id': '1016', 'source': 'HAI Interface', 'destination-index': '3', 'study-stage': '1', 'decision-state': 0, 'vitals-state': 0, 'airspace-state': 0, 'data': {'page': 'emergency', 'action': 'trying to change destination to19'}}
INFO:root:1723123542.529802,ID:1016,STAGE:1,SEQUENCE:1243,DATA:{'time': 1723123542.521, 'source': 'VitalsTask', 'timer': 1759.117, 'data': {'sensor': 'O\u2082 Saturation', 'action': 'capture', 'data': 'action button pressed'}}
INFO:root:1723123542.532307,ID:1016,STAGE:1,SEQUENCE:1243,DATA:{'time': 1723123542.522, 'source': 'VitalsTask', 'timer': 1759.118, 'data': {'sensor': 'O\u2082 Saturation', 'action': 'capture', 'data': 'starting sensor action'}}
INFO:root:1723123543.541598,ID:1016,STAGE:1,SEQUENCE:1243,DATA:{'time': 1723123543.536, 'source': 'VitalsTask', 'timer': 1760.132, 'data': {'sensor': 'O\u2082 Saturation', 'action': 'capture', 'data': 'sensor action complete'}}
INFO:root:1723123543.543593,ID:1016,STAGE:1,SEQUENCE:1243,DATA:{'time': 1723123543.536, 'source': 'VitalsTask', 'timer': 1760.132, 'data': {'sensor': 'O\u2082 Saturation', 'action': 'keypad open'}}
INFO:root:1723123544.759486,ID:1016,STAGE:1,SEQUENCE:1243,DATA:{'time': 1723123544.752, 'source': 'VitalsTask', 'timer': 1761.348, 'data': {'sensor': 'O\u2082 Saturation', 'action': 'keypad press', 'key': 1, 'value': 1}}
INFO:root:1723123546.015704,ID:1016,STAGE:1,SEQUENCE:1243,DATA:{'time': 1723123546.009, 'source': 'VitalsTask', 'timer': 1762.605, 'data': {'sensor': 'O\u2082 Saturation', 'action': 'keypad press', 'key': 11, 'value': 10}}
INFO:root:1723123546.398673,ID:1016,STAGE:1,SEQUENCE:1243,DATA:{'time': 1723123546.392, 'source': 'VitalsTask', 'timer': 1762.988, 'data': {'sensor': 'O\u2082 Saturation', 'action': 'keypad press', 'key': 11, 'value': 100}}
INFO:root:1723123546.73499,ID:1016,STAGE:1,SEQUENCE:1243,DATA:{'time': 1723123546.73, 'user-id': '1016', 'source': 'HAI Interface', 'destination-index': '3', 'study-stage': '1', 'decision-state': 0, 'vitals-state': 0, 'airspace-state': 0, 'data': {'page': 'emergency', 'action': 'trying to change destination to19'}}
INFO:root:1723123547.520969,ID:1016,STAGE:1,SEQUENCE:1243,DATA:{'time': 1723123547.515, 'source': 'VitalsTask', 'timer': 1764.111, 'data': {'sensor': 'O\u2082 Saturation', 'action': 'show action buttons'}}
INFO:root:1723123547.522964,ID:1016,STAGE:1,SEQUENCE:1243,DATA:{'time': 1723123547.516, 'source': 'VitalsTask', 'timer': 1764.112, 'data': {'sensor': 'O\u2082 Saturation', 'action': 'keypad press', 'key': 10, 'value': 100}}
INFO:root:1723123549.515081,ID:1016,STAGE:1,SEQUENCE:1243,DATA:{'time': 1723123549.508, 'source': 'VitalsTask', 'timer': 1766.104, 'data': {'sensor': 'O\u2082 Saturation', 'action': 'log', 'data': 'action button pressed'}}
INFO:root:1723123549.517076,ID:1016,STAGE:1,SEQUENCE:1243,DATA:{'time': 1723123549.509, 'source': 'VitalsTask', 'timer': 1766.105, 'data': {'sensor': 'O\u2082 Saturation', 'action': 'log', 'data': 'starting sensor action'}}
INFO:root:1723123550.53342,ID:1016,STAGE:1,SEQUENCE:1243,DATA:{'time': 1723123550.526, 'source': 'VitalsTask', 'timer': 1767.122, 'data': {'sensor': 'O\u2082 Saturation', 'action': 'log', 'data': 'sensor action complete'}}
INFO:root:1723123551.27128,ID:1016,STAGE:1,SEQUENCE:1243,DATA:{'time': 1723123551.265, 'source': 'VitalsTask', 'timer': 1767.861, 'data': {'sensor': 'O\u2082 Saturation', 'action': 'save', 'data': 'action button pressed'}}
INFO:root:1723123551.272786,ID:1016,STAGE:1,SEQUENCE:1243,DATA:{'time': 1723123551.265, 'source': 'VitalsTask', 'timer': 1767.861, 'data': {'sensor': 'O\u2082 Saturation', 'action': 'save', 'data': 'starting sensor action'}}
INFO:root:1723123551.67812,ID:1016,STAGE:1,SEQUENCE:1243,DATA:{'time': 1723123551.67, 'user-id': '1016', 'source': 'HAI Interface', 'destination-index': '3', 'study-stage': '1', 'decision-state': 0, 'vitals-state': 0, 'airspace-state': 0, 'data': {'page': 'emergency', 'action': 'trying to change destination to19'}}
INFO:root:1723123552.290812,ID:1016,STAGE:1,SEQUENCE:1243,DATA:{'time': 1723123552.283, 'source': 'VitalsTask', 'timer': 1768.879, 'data': {'sensor': 'O\u2082 Saturation', 'action': 'save', 'data': 'sensor action complete'}}
INFO:root:1723123553.575554,ID:1016,STAGE:1,SEQUENCE:1243,DATA:{'time': 1723123553.569, 'source': 'VitalsTask', 'timer': 1770.165, 'data': {'sensor': 'Blood Pressure', 'action': 'opened sensor tab'}}
INFO:root:1723123556.326646,ID:1016,STAGE:1,SEQUENCE:1243,DATA:{'time': 1723123556.319, 'source': 'VitalsTask', 'timer': 1772.915, 'data': {'sensor': 'Blood Pressure', 'action': 'capture', 'data': 'action button pressed'}}
INFO:root:1723123556.329149,ID:1016,STAGE:1,SEQUENCE:1243,DATA:{'time': 1723123556.319, 'source': 'VitalsTask', 'timer': 1772.915, 'data': {'sensor': 'Blood Pressure', 'action': 'capture', 'data': 'starting sensor action'}}
INFO:root:1723123557.218132,ID:1016,STAGE:1,SEQUENCE:1243,DATA:{'time': 1723123557.214, 'user-id': '1016', 'source': 'HAI Interface', 'destination-index': '3', 'study-stage': '1', 'decision-state': 0, 'vitals-state': 0, 'airspace-state': 0, 'data': {'page': 'emergency', 'action': 'trying to change destination to19'}}
INFO:root:1723123557.339877,ID:1016,STAGE:1,SEQUENCE:1243,DATA:{'time': 1723123557.333, 'source': 'VitalsTask', 'timer': 1773.929, 'data': {'sensor': 'Blood Pressure', 'action': 'capture', 'data': 'sensor action complete'}}
INFO:root:1723123557.341452,ID:1016,STAGE:1,SEQUENCE:1243,DATA:{'time': 1723123557.333, 'source': 'VitalsTask', 'timer': 1773.929, 'data': {'sensor': 'Blood Pressure', 'action': 'keypad open'}}
INFO:root:1723123559.571445,ID:1016,STAGE:1,SEQUENCE:1243,DATA:{'time': 1723123559.565, 'source': 'VitalsTask', 'timer': 1776.161, 'data': {'sensor': 'Blood Pressure', 'action': 'keypad press', 'key': 1, 'value': 1}}
INFO:root:1723123560.997551,ID:1016,STAGE:1,SEQUENCE:1243,DATA:{'time': 1723123560.991, 'source': 'VitalsTask', 'timer': 1777.587, 'data': {'sensor': 'Blood Pressure', 'action': 'keypad press', 'key': 2, 'value': 12}}
INFO:root:1723123561.746251,ID:1016,STAGE:1,SEQUENCE:1243,DATA:{'time': 1723123561.74, 'user-id': '1016', 'source': 'HAI Interface', 'destination-index': '3', 'study-stage': '1', 'decision-state': 0, 'vitals-state': 0, 'airspace-state': 0, 'data': {'page': 'emergency', 'action': 'trying to change destination to19'}}
INFO:root:1723123562.244379,ID:1016,STAGE:1,SEQUENCE:1243,DATA:{'time': 1723123562.238, 'source': 'VitalsTask', 'timer': 1778.834, 'data': {'sensor': 'Blood Pressure', 'action': 'keypad press', 'key': 11, 'value': 120}}
INFO:root:1723123564.715128,ID:1016,STAGE:1,SEQUENCE:1243,DATA:{'time': 1723123564.709, 'source': 'VitalsTask', 'timer': 1781.305, 'data': {'sensor': 'Blood Pressure', 'action': 'keypad press', 'key': 8, 'value': 1208}}
INFO:root:1723123565.958989,ID:1016,STAGE:1,SEQUENCE:1243,DATA:{'time': 1723123565.952, 'source': 'VitalsTask', 'timer': 1782.548, 'data': {'sensor': 'Blood Pressure', 'action': 'keypad press', 'key': 11, 'value': 12080}}
INFO:root:1723123566.176206,ID:1016,STAGE:1,SEQUENCE:1243,DATA:{'time': 1723123566.171, 'source': 'VitalsTask', 'timer': 1782.767, 'data': {'sensor': 'Blood Pressure', 'action': 'keypad press', 'key': 11, 'value': 120800}}
INFO:root:1723123566.700366,ID:1016,STAGE:1,SEQUENCE:1243,DATA:{'time': 1723123566.69, 'user-id': '1016', 'source': 'HAI Interface', 'destination-index': '3', 'study-stage': '1', 'decision-state': 0, 'vitals-state': 0, 'airspace-state': 0, 'data': {'page': 'emergency', 'action': 'trying to change destination to19'}}
INFO:root:1723123567.700017,ID:1016,STAGE:1,SEQUENCE:1243,DATA:{'time': 1723123567.693, 'source': 'VitalsTask', 'timer': 1784.289, 'data': {'sensor': 'Blood Pressure', 'action': 'keypad press', 'key': 12, 'value': 12080}}
INFO:root:1723123571.717199,ID:1016,STAGE:1,SEQUENCE:1243,DATA:{'time': 1723123571.71, 'user-id': '1016', 'source': 'HAI Interface', 'destination-index': '3', 'study-stage': '1', 'decision-state': 0, 'vitals-state': 0, 'airspace-state': 0, 'data': {'page': 'emergency', 'action': 'trying to change destination to19'}}
INFO:root:1723123572.993058,ID:1016,STAGE:1,SEQUENCE:1243,DATA:{'time': 1723123572.984, 'source': 'VitalsTask', 'timer': 1789.58, 'data': {'sensor': 'Blood Pressure', 'action': 'show action buttons'}}
INFO:root:1723123572.997055,ID:1016,STAGE:1,SEQUENCE:1243,DATA:{'time': 1723123572.985, 'source': 'VitalsTask', 'timer': 1789.581, 'data': {'sensor': 'Blood Pressure', 'action': 'keypad press', 'key': 10, 'value': 12080}}
INFO:root:1723123574.548626,ID:1016,STAGE:1,SEQUENCE:1243,DATA:{'time': 1723123574.543, 'source': 'VitalsTask', 'timer': 1791.139, 'data': {'sensor': 'Blood Pressure', 'action': 'log', 'data': 'action button pressed'}}
INFO:root:1723123574.550625,ID:1016,STAGE:1,SEQUENCE:1243,DATA:{'time': 1723123574.543, 'source': 'VitalsTask', 'timer': 1791.139, 'data': {'sensor': 'Blood Pressure', 'action': 'log', 'data': 'starting sensor action'}}
INFO:root:1723123575.562698,ID:1016,STAGE:1,SEQUENCE:1243,DATA:{'time': 1723123575.555, 'source': 'VitalsTask', 'timer': 1792.151, 'data': {'sensor': 'Blood Pressure', 'action': 'log', 'data': 'sensor action complete'}}
INFO:root:1723123576.509822,ID:1016,STAGE:1,SEQUENCE:1243,DATA:{'time': 1723123576.503, 'source': 'VitalsTask', 'timer': 1793.099, 'data': {'sensor': 'Blood Pressure', 'action': 'save', 'data': 'action button pressed'}}
INFO:root:1723123576.512815,ID:1016,STAGE:1,SEQUENCE:1243,DATA:{'time': 1723123576.504, 'source': 'VitalsTask', 'timer': 1793.1, 'data': {'sensor': 'Blood Pressure', 'action': 'save', 'data': 'starting sensor action'}}
INFO:root:1723123576.748747,ID:1016,STAGE:1,SEQUENCE:1243,DATA:{'time': 1723123576.742, 'user-id': '1016', 'source': 'HAI Interface', 'destination-index': '3', 'study-stage': '1', 'decision-state': 0, 'vitals-state': 0, 'airspace-state': 0, 'data': {'page': 'emergency', 'action': 'trying to change destination to19'}}
INFO:root:1723123577.521984,ID:1016,STAGE:1,SEQUENCE:1243,DATA:{'time': 1723123577.515, 'source': 'VitalsTask', 'timer': 1794.111, 'data': {'sensor': 'Blood Pressure', 'action': 'save', 'data': 'sensor action complete'}}
INFO:root:1723123578.968711,ID:1016,STAGE:1,SEQUENCE:1243,DATA:{'time': 1723123578.963, 'source': 'VitalsTask', 'timer': 1795.559, 'data': {'sensor': 'Heart Rate', 'action': 'opened sensor tab'}}
INFO:root:1723123581.675088,ID:1016,STAGE:1,SEQUENCE:1243,DATA:{'time': 1723123581.671, 'user-id': '1016', 'source': 'HAI Interface', 'destination-index': '3', 'study-stage': '1', 'decision-state': 0, 'vitals-state': 0, 'airspace-state': 0, 'data': {'page': 'emergency', 'action': 'trying to change destination to19'}}
INFO:root:1723123586.331677,ID:1016,STAGE:1,SEQUENCE:1243,DATA:{'time': 1723123586.325, 'source': 'VitalsTask', 'timer': 1802.921, 'data': {'sensor': 'submit', 'action': 'submit'}}
INFO:root:1723123586.332673,ID:1016,STAGE:1,SEQUENCE:1243,DATA:{'time': 1723123586.326, 'source': 'VitalsTask', 'timer': 1802.922, 'data': {'sensor': 'submit', 'action': 'submit', 'data': 'submit succeeded'}}
INFO:root:1723123586.696242,ID:1016,STAGE:1,SEQUENCE:1243,DATA:{'time': 1723123586.693, 'user-id': '1016', 'source': 'HAI Interface', 'destination-index': '3', 'study-stage': '1', 'decision-state': 0, 'vitals-state': 0, 'airspace-state': 0, 'data': {'page': 'emergency', 'action': 'trying to change destination to19'}}
INFO:root:Inflight Radio Update asked
INFO:root:sent request to set radio update complete
INFO:root:1723123591.699265,ID:1016,STAGE:1,SEQUENCE:1243,DATA:{'time': 1723123591.695, 'user-id': '1016', 'source': 'HAI Interface', 'destination-index': '3', 'study-stage': '1', 'decision-state': 0, 'vitals-state': 0, 'airspace-state': 0, 'data': {'page': 'emergency', 'action': 'trying to change destination to19'}}
INFO:root:1723123592.069927,ID:1016,STAGE:1,SEQUENCE:1243,DATA:{'time': 1723123592.066, 'user-id': '1016', 'source': 'HAI Interface', 'destination-index': '3', 'study-stage': '1', 'decision-state': 0, 'vitals-state': 0, 'airspace-state': 0, 'data': {'page': 'inflight', 'action': 'user acknowledged vitals prompt'}}
INFO:root:1723123596.73888,ID:1016,STAGE:1,SEQUENCE:1243,DATA:{'time': 1723123596.734, 'user-id': '1016', 'source': 'HAI Interface', 'destination-index': '3', 'study-stage': '1', 'decision-state': 0, 'vitals-state': 0, 'airspace-state': 0, 'data': {'page': 'emergency', 'action': 'trying to change destination to19'}}
INFO:root:1723123601.735478,ID:1016,STAGE:1,SEQUENCE:1243,DATA:{'time': 1723123601.729, 'user-id': '1016', 'source': 'HAI Interface', 'destination-index': '3', 'study-stage': '1', 'decision-state': 0, 'vitals-state': 0, 'airspace-state': 0, 'data': {'page': 'emergency', 'action': 'trying to change destination to19'}}
INFO:root:1723123606.359397,ID:1016,STAGE:1,SEQUENCE:1243,DATA:{'time': 1723123606.356, 'user-id': '1016', 'source': 'HAI Interface', 'destination-index': '3', 'study-stage': '1', 'decision-state': 0, 'vitals-state': 0, 'airspace-state': 0, 'data': {'page': 'map', 'action': 'show map'}}
INFO:root:1723123606.361392,ID:1016,STAGE:1,SEQUENCE:1243,DATA:{'time': 1723123606.357, 'user-id': '1016', 'source': 'HAI Interface', 'destination-index': '3', 'study-stage': '1', 'decision-state': 0, 'vitals-state': 0, 'airspace-state': 0, 'data': {'page': 'map', 'action': 'selected helipad', 'value': '21'}}
INFO:root:1723123606.740262,ID:1016,STAGE:1,SEQUENCE:1243,DATA:{'time': 1723123606.734, 'user-id': '1016', 'source': 'HAI Interface', 'destination-index': '3', 'study-stage': '1', 'decision-state': 0, 'vitals-state': 0, 'airspace-state': 0, 'data': {'page': 'emergency', 'action': 'trying to change destination to19'}}
INFO:root:1723123611.685972,ID:1016,STAGE:1,SEQUENCE:1243,DATA:{'time': 1723123611.681, 'user-id': '1016', 'source': 'HAI Interface', 'destination-index': '3', 'study-stage': '1', 'decision-state': 0, 'vitals-state': 0, 'airspace-state': 0, 'data': {'page': 'emergency', 'action': 'trying to change destination to19'}}
INFO:root:1723123616.707609,ID:1016,STAGE:1,SEQUENCE:1243,DATA:{'time': 1723123616.701, 'user-id': '1016', 'source': 'HAI Interface', 'destination-index': '3', 'study-stage': '1', 'decision-state': 0, 'vitals-state': 0, 'airspace-state': 0, 'data': {'page': 'emergency', 'action': 'trying to change destination to19'}}
INFO:root:1723123621.72566,ID:1016,STAGE:1,SEQUENCE:1243,DATA:{'time': 1723123621.72, 'user-id': '1016', 'source': 'HAI Interface', 'destination-index': '3', 'study-stage': '1', 'decision-state': 0, 'vitals-state': 0, 'airspace-state': 0, 'data': {'page': 'emergency', 'action': 'trying to change destination to19'}}
INFO:SimConnect.SimConnect:SIM OPEN
INFO:root:1723123626.731389,ID:1016,STAGE:1,SEQUENCE:1243,DATA:{'time': 1723123626.721, 'user-id': '1016', 'source': 'HAI Interface', 'destination-index': '3', 'study-stage': '1', 'decision-state': 0, 'vitals-state': 0, 'airspace-state': 0, 'data': {'page': 'emergency', 'action': 'trying to change destination to19'}}
INFO:root:1723123631.721618,ID:1016,STAGE:1,SEQUENCE:1243,DATA:{'time': 1723123631.715, 'user-id': '1016', 'source': 'HAI Interface', 'destination-index': '3', 'study-stage': '1', 'decision-state': 0, 'vitals-state': 0, 'airspace-state': 0, 'data': {'page': 'emergency', 'action': 'trying to change destination to19'}}
INFO:root:1723123632.374265,ID:1016,STAGE:1,SEQUENCE:1243,DATA:{'time': 1723123632.37, 'user-id': '1016', 'source': 'HAI Interface', 'destination-index': '3', 'study-stage': '1', 'decision-state': 0, 'vitals-state': 0, 'airspace-state': 0, 'data': {'page': 'inflight', 'action': 'displaying vitals prompt'}}
INFO:root:1723123636.741269,ID:1016,STAGE:1,SEQUENCE:1243,DATA:{'time': 1723123636.735, 'user-id': '1016', 'source': 'HAI Interface', 'destination-index': '3', 'study-stage': '1', 'decision-state': 0, 'vitals-state': 0, 'airspace-state': 0, 'data': {'page': 'emergency', 'action': 'trying to change destination to19'}}
INFO:root:1723123641.78454,ID:1016,STAGE:1,SEQUENCE:1243,DATA:{'time': 1723123641.775, 'user-id': '1016', 'source': 'HAI Interface', 'destination-index': '3', 'study-stage': '1', 'decision-state': 0, 'vitals-state': 0, 'airspace-state': 0, 'data': {'page': 'emergency', 'action': 'trying to change destination to19'}}
INFO:root:1723123646.70623,ID:1016,STAGE:1,SEQUENCE:1243,DATA:{'time': 1723123646.698, 'user-id': '1016', 'source': 'HAI Interface', 'destination-index': '3', 'study-stage': '1', 'decision-state': 0, 'vitals-state': 0, 'airspace-state': 0, 'data': {'page': 'emergency', 'action': 'trying to change destination to19'}}
INFO:root:1723123651.795753,ID:1016,STAGE:1,SEQUENCE:1243,DATA:{'time': 1723123651.786, 'user-id': '1016', 'source': 'HAI Interface', 'destination-index': '3', 'study-stage': '1', 'decision-state': 0, 'vitals-state': 0, 'airspace-state': 0, 'data': {'page': 'emergency', 'action': 'trying to change destination to19'}}
INFO:root:1723123652.479061,ID:1016,STAGE:1,SEQUENCE:1243,DATA:{'time': 1723123652.47, 'source': 'VitalsTask', 'timer': 66.144, 'data': {'sensor': 'Heart Rate', 'action': 'capture', 'data': 'action button pressed'}}
INFO:root:1723123652.480597,ID:1016,STAGE:1,SEQUENCE:1243,DATA:{'time': 1723123652.471, 'source': 'VitalsTask', 'timer': 66.145, 'data': {'sensor': 'Heart Rate', 'action': 'capture', 'data': 'starting sensor action'}}
INFO:root:1723123653.496758,ID:1016,STAGE:1,SEQUENCE:1243,DATA:{'time': 1723123653.489, 'source': 'VitalsTask', 'timer': 67.163, 'data': {'sensor': 'Heart Rate', 'action': 'capture', 'data': 'sensor action complete'}}
INFO:root:1723123653.498306,ID:1016,STAGE:1,SEQUENCE:1243,DATA:{'time': 1723123653.489, 'source': 'VitalsTask', 'timer': 67.163, 'data': {'sensor': 'Heart Rate', 'action': 'keypad open'}}
INFO:root:1723123656.515654,ID:1016,STAGE:1,SEQUENCE:1243,DATA:{'time': 1723123656.509, 'source': 'VitalsTask', 'timer': 70.183, 'data': {'sensor': 'Heart Rate', 'action': 'keypad press', 'key': 5, 'value': 5}}
INFO:root:1723123656.770062,ID:1016,STAGE:1,SEQUENCE:1243,DATA:{'time': 1723123656.762, 'user-id': '1016', 'source': 'HAI Interface', 'destination-index': '3', 'study-stage': '1', 'decision-state': 0, 'vitals-state': 0, 'airspace-state': 0, 'data': {'page': 'emergency', 'action': 'trying to change destination to19'}}
INFO:root:1723123656.773054,ID:1016,STAGE:1,SEQUENCE:1243,DATA:{'time': 1723123656.763, 'user-id': '1016', 'source': 'HAI Interface', 'destination-index': '3', 'study-stage': '1', 'decision-state': 0, 'vitals-state': 0, 'airspace-state': 0, 'data': {'page': 'emergency', 'action': 'show Altitude Miscalibrated Warning, hide map'}}
INFO:root:1723123656.781537,ID:1016,STAGE:1,SEQUENCE:1243,DATA:{'time': 1723123656.764, 'user-id': '1016', 'source': 'HAI Interface', 'destination-index': '3', 'study-stage': '1', 'decision-state': 0, 'vitals-state': 0, 'airspace-state': 0, 'data': {'page': 'map', 'action': 'hide map'}}
INFO:root:1723123656.787702,ID:1016,STAGE:1,SEQUENCE:1243,DATA:{'time': 1723123656.765, 'user-id': '1016', 'source': 'HAI Interface', 'destination-index': '3', 'study-stage': '1', 'decision-state': 0, 'vitals-state': 0, 'airspace-state': 0, 'data': {'page': 'Inflight', 'action': ' Altitude alert activated'}}
INFO:root:1723123656.851127,ID:1016,STAGE:1,SEQUENCE:1243,DATA:{'time': 1723123656.832, 'source': 'VitalsTask', 'timer': 70.506, 'data': {'sensor': 'Heart Rate', 'action': 'keypad press', 'key': 5, 'value': 55}}
INFO:root:1723123661.718096,ID:1016,STAGE:1,SEQUENCE:1243,DATA:{'time': 1723123661.713, 'user-id': '1016', 'source': 'HAI Interface', 'destination-index': '3', 'study-stage': '1', 'decision-state': 0, 'vitals-state': 0, 'airspace-state': 0, 'data': {'page': 'emergency', 'action': 'trying to change destination to19'}}
INFO:root:1723123661.72009,ID:1016,STAGE:1,SEQUENCE:1243,DATA:{'time': 1723123661.713, 'user-id': '1016', 'source': 'HAI Interface', 'destination-index': '3', 'study-stage': '1', 'decision-state': 0, 'vitals-state': 0, 'airspace-state': 0, 'data': {'page': 'emergency', 'action': 'show Altitude Miscalibrated Warning, hide map'}}
INFO:root:1723123661.723055,ID:1016,STAGE:1,SEQUENCE:1243,DATA:{'time': 1723123661.713, 'user-id': '1016', 'source': 'HAI Interface', 'destination-index': '3', 'study-stage': '1', 'decision-state': 0, 'vitals-state': 0, 'airspace-state': 0, 'data': {'page': 'map', 'action': 'hide map'}}
INFO:root:1723123661.726604,ID:1016,STAGE:1,SEQUENCE:1243,DATA:{'time': 1723123661.714, 'user-id': '1016', 'source': 'HAI Interface', 'destination-index': '3', 'study-stage': '1', 'decision-state': 0, 'vitals-state': 0, 'airspace-state': 0, 'data': {'page': 'Inflight', 'action': ' Altitude alert activated'}}
INFO:root:1723123666.794296,ID:1016,STAGE:1,SEQUENCE:1243,DATA:{'time': 1723123666.784, 'user-id': '1016', 'source': 'HAI Interface', 'destination-index': '3', 'study-stage': '1', 'decision-state': 0, 'vitals-state': 0, 'airspace-state': 0, 'data': {'page': 'emergency', 'action': 'trying to change destination to19'}}
INFO:root:1723123666.795798,ID:1016,STAGE:1,SEQUENCE:1243,DATA:{'time': 1723123666.785, 'user-id': '1016', 'source': 'HAI Interface', 'destination-index': '3', 'study-stage': '1', 'decision-state': 0, 'vitals-state': 0, 'airspace-state': 0, 'data': {'page': 'emergency', 'action': 'show Altitude Miscalibrated Warning, hide map'}}
INFO:root:1723123666.799342,ID:1016,STAGE:1,SEQUENCE:1243,DATA:{'time': 1723123666.785, 'user-id': '1016', 'source': 'HAI Interface', 'destination-index': '3', 'study-stage': '1', 'decision-state': 0, 'vitals-state': 0, 'airspace-state': 0, 'data': {'page': 'map', 'action': 'hide map'}}
INFO:root:1723123666.801379,ID:1016,STAGE:1,SEQUENCE:1243,DATA:{'time': 1723123666.786, 'user-id': '1016', 'source': 'HAI Interface', 'destination-index': '3', 'study-stage': '1', 'decision-state': 0, 'vitals-state': 0, 'airspace-state': 0, 'data': {'page': 'Inflight', 'action': ' Altitude alert activated'}}
INFO:root:1723123667.895456,ID:1016,STAGE:1,SEQUENCE:1243,DATA:{'time': 1723123667.89, 'user-id': '1016', 'source': 'HAI Interface', 'destination-index': '3', 'study-stage': '1', 'decision-state': 0, 'vitals-state': 0, 'airspace-state': 0, 'data': {'page': 'Inflight', 'action': 'Altitude alert- show more info button pressed'}}
INFO:root:1723123671.788019,ID:1016,STAGE:1,SEQUENCE:1243,DATA:{'time': 1723123671.781, 'user-id': '1016', 'source': 'HAI Interface', 'destination-index': '3', 'study-stage': '1', 'decision-state': 0, 'vitals-state': 0, 'airspace-state': 0, 'data': {'page': 'emergency', 'action': 'trying to change destination to19'}}
INFO:root:Altitude Warning alert given, sent request to clear altitude_warning_alert
INFO:root:1723123677.117802,ID:1016,STAGE:1,SEQUENCE:1243,DATA:{'time': 1723123677.113, 'user-id': '1016', 'source': 'HAI Interface', 'destination-index': '3', 'study-stage': '1', 'decision-state': 0, 'vitals-state': 0, 'airspace-state': 0, 'data': {'page': 'emergency', 'action': 'trying to change destination to19'}}
INFO:root:1723123677.120146,ID:1016,STAGE:1,SEQUENCE:1243,DATA:{'time': 1723123677.114, 'user-id': '1016', 'source': 'HAI Interface', 'destination-index': '3', 'study-stage': '1', 'decision-state': 0, 'vitals-state': 0, 'airspace-state': 0, 'data': {'page': 'emergency', 'action': 'show Weather Emergency Alert, hide map'}}
INFO:root:1723123677.121144,ID:1016,STAGE:1,SEQUENCE:1243,DATA:{'time': 1723123677.114, 'user-id': '1016', 'source': 'HAI Interface', 'destination-index': '3', 'study-stage': '1', 'decision-state': 0, 'vitals-state': 0, 'airspace-state': 0, 'data': {'page': 'map', 'action': 'hide map'}}
INFO:root:1723123677.124413,ID:1016,STAGE:1,SEQUENCE:1243,DATA:{'time': 1723123677.115, 'user-id': '1016', 'source': 'HAI Interface', 'destination-index': '3', 'study-stage': '1', 'decision-state': 0, 'vitals-state': 0, 'airspace-state': 0, 'data': {'page': 'Inflight', 'action': 'Weather emergency- emergnecy propmt displayed'}}
INFO:root:1723123681.773325,ID:1016,STAGE:1,SEQUENCE:1243,DATA:{'time': 1723123681.767, 'user-id': '1016', 'source': 'HAI Interface', 'destination-index': '3', 'study-stage': '1', 'decision-state': 0, 'vitals-state': 0, 'airspace-state': 0, 'data': {'page': 'emergency', 'action': 'trying to change destination to19'}}
INFO:root:1723123681.774322,ID:1016,STAGE:1,SEQUENCE:1243,DATA:{'time': 1723123681.768, 'user-id': '1016', 'source': 'HAI Interface', 'destination-index': '3', 'study-stage': '1', 'decision-state': 0, 'vitals-state': 0, 'airspace-state': 0, 'data': {'page': 'emergency', 'action': 'show Weather Emergency Alert, hide map'}}
INFO:root:1723123681.780307,ID:1016,STAGE:1,SEQUENCE:1243,DATA:{'time': 1723123681.768, 'user-id': '1016', 'source': 'HAI Interface', 'destination-index': '3', 'study-stage': '1', 'decision-state': 0, 'vitals-state': 0, 'airspace-state': 0, 'data': {'page': 'map', 'action': 'hide map'}}
INFO:root:1723123681.783336,ID:1016,STAGE:1,SEQUENCE:1243,DATA:{'time': 1723123681.769, 'user-id': '1016', 'source': 'HAI Interface', 'destination-index': '3', 'study-stage': '1', 'decision-state': 0, 'vitals-state': 0, 'airspace-state': 0, 'data': {'page': 'Inflight', 'action': 'Weather emergency- emergnecy propmt displayed'}}
INFO:root:1723123686.763271,ID:1016,STAGE:1,SEQUENCE:1243,DATA:{'time': 1723123686.754, 'user-id': '1016', 'source': 'HAI Interface', 'destination-index': '3', 'study-stage': '1', 'decision-state': 0, 'vitals-state': 0, 'airspace-state': 0, 'data': {'page': 'emergency', 'action': 'trying to change destination to19'}}
INFO:root:1723123686.766262,ID:1016,STAGE:1,SEQUENCE:1243,DATA:{'time': 1723123686.755, 'user-id': '1016', 'source': 'HAI Interface', 'destination-index': '3', 'study-stage': '1', 'decision-state': 0, 'vitals-state': 0, 'airspace-state': 0, 'data': {'page': 'emergency', 'action': 'show Weather Emergency Alert, hide map'}}
INFO:root:1723123686.768256,ID:1016,STAGE:1,SEQUENCE:1243,DATA:{'time': 1723123686.755, 'user-id': '1016', 'source': 'HAI Interface', 'destination-index': '3', 'study-stage': '1', 'decision-state': 0, 'vitals-state': 0, 'airspace-state': 0, 'data': {'page': 'map', 'action': 'hide map'}}
INFO:root:1723123686.769913,ID:1016,STAGE:1,SEQUENCE:1243,DATA:{'time': 1723123686.756, 'user-id': '1016', 'source': 'HAI Interface', 'destination-index': '3', 'study-stage': '1', 'decision-state': 0, 'vitals-state': 0, 'airspace-state': 0, 'data': {'page': 'Inflight', 'action': 'Weather emergency- emergnecy propmt displayed'}}
INFO:root:1723123691.764497,ID:1016,STAGE:1,SEQUENCE:1243,DATA:{'time': 1723123691.756, 'user-id': '1016', 'source': 'HAI Interface', 'destination-index': '3', 'study-stage': '1', 'decision-state': 0, 'vitals-state': 0, 'airspace-state': 0, 'data': {'page': 'emergency', 'action': 'trying to change destination to19'}}
INFO:root:1723123691.76749,ID:1016,STAGE:1,SEQUENCE:1243,DATA:{'time': 1723123691.757, 'user-id': '1016', 'source': 'HAI Interface', 'destination-index': '3', 'study-stage': '1', 'decision-state': 0, 'vitals-state': 0, 'airspace-state': 0, 'data': {'page': 'emergency', 'action': 'show Weather Emergency Alert, hide map'}}
INFO:root:1723123691.770481,ID:1016,STAGE:1,SEQUENCE:1243,DATA:{'time': 1723123691.757, 'user-id': '1016', 'source': 'HAI Interface', 'destination-index': '3', 'study-stage': '1', 'decision-state': 0, 'vitals-state': 0, 'airspace-state': 0, 'data': {'page': 'map', 'action': 'hide map'}}
INFO:root:1723123691.773472,ID:1016,STAGE:1,SEQUENCE:1243,DATA:{'time': 1723123691.757, 'user-id': '1016', 'source': 'HAI Interface', 'destination-index': '3', 'study-stage': '1', 'decision-state': 0, 'vitals-state': 0, 'airspace-state': 0, 'data': {'page': 'Inflight', 'action': 'Weather emergency- emergnecy propmt displayed'}}
INFO:root:1723123696.722098,ID:1016,STAGE:1,SEQUENCE:1243,DATA:{'time': 1723123696.714, 'user-id': '1016', 'source': 'HAI Interface', 'destination-index': '3', 'study-stage': '1', 'decision-state': 0, 'vitals-state': 0, 'airspace-state': 0, 'data': {'page': 'emergency', 'action': 'trying to change destination to19'}}
INFO:root:1723123696.723094,ID:1016,STAGE:1,SEQUENCE:1243,DATA:{'time': 1723123696.715, 'user-id': '1016', 'source': 'HAI Interface', 'destination-index': '3', 'study-stage': '1', 'decision-state': 0, 'vitals-state': 0, 'airspace-state': 0, 'data': {'page': 'emergency', 'action': 'show Weather Emergency Alert, hide map'}}
INFO:root:1723123696.727084,ID:1016,STAGE:1,SEQUENCE:1243,DATA:{'time': 1723123696.715, 'user-id': '1016', 'source': 'HAI Interface', 'destination-index': '3', 'study-stage': '1', 'decision-state': 0, 'vitals-state': 0, 'airspace-state': 0, 'data': {'page': 'map', 'action': 'hide map'}}
INFO:root:1723123696.730076,ID:1016,STAGE:1,SEQUENCE:1243,DATA:{'time': 1723123696.715, 'user-id': '1016', 'source': 'HAI Interface', 'destination-index': '3', 'study-stage': '1', 'decision-state': 0, 'vitals-state': 0, 'airspace-state': 0, 'data': {'page': 'Inflight', 'action': 'Weather emergency- emergnecy propmt displayed'}}
INFO:root:1723123701.806515,ID:1016,STAGE:1,SEQUENCE:1243,DATA:{'time': 1723123701.789, 'user-id': '1016', 'source': 'HAI Interface', 'destination-index': '3', 'study-stage': '1', 'decision-state': 0, 'vitals-state': 0, 'airspace-state': 0, 'data': {'page': 'emergency', 'action': 'trying to change destination to19'}}
INFO:root:1723123701.807814,ID:1016,STAGE:1,SEQUENCE:1243,DATA:{'time': 1723123701.79, 'user-id': '1016', 'source': 'HAI Interface', 'destination-index': '3', 'study-stage': '1', 'decision-state': 0, 'vitals-state': 0, 'airspace-state': 0, 'data': {'page': 'emergency', 'action': 'show Weather Emergency Alert, hide map'}}
INFO:root:1723123701.808818,ID:1016,STAGE:1,SEQUENCE:1243,DATA:{'time': 1723123701.79, 'user-id': '1016', 'source': 'HAI Interface', 'destination-index': '3', 'study-stage': '1', 'decision-state': 0, 'vitals-state': 0, 'airspace-state': 0, 'data': {'page': 'map', 'action': 'hide map'}}
INFO:root:1723123701.813319,ID:1016,STAGE:1,SEQUENCE:1243,DATA:{'time': 1723123701.791, 'user-id': '1016', 'source': 'HAI Interface', 'destination-index': '3', 'study-stage': '1', 'decision-state': 0, 'vitals-state': 0, 'airspace-state': 0, 'data': {'page': 'Inflight', 'action': 'Weather emergency- emergnecy propmt displayed'}}
INFO:root:1723123706.72007,ID:1016,STAGE:1,SEQUENCE:1243,DATA:{'time': 1723123706.713, 'user-id': '1016', 'source': 'HAI Interface', 'destination-index': '3', 'study-stage': '1', 'decision-state': 0, 'vitals-state': 0, 'airspace-state': 0, 'data': {'page': 'emergency', 'action': 'trying to change destination to19'}}
INFO:root:1723123706.722066,ID:1016,STAGE:1,SEQUENCE:1243,DATA:{'time': 1723123706.714, 'user-id': '1016', 'source': 'HAI Interface', 'destination-index': '3', 'study-stage': '1', 'decision-state': 0, 'vitals-state': 0, 'airspace-state': 0, 'data': {'page': 'emergency', 'action': 'show Weather Emergency Alert, hide map'}}
INFO:root:1723123706.724583,ID:1016,STAGE:1,SEQUENCE:1243,DATA:{'time': 1723123706.714, 'user-id': '1016', 'source': 'HAI Interface', 'destination-index': '3', 'study-stage': '1', 'decision-state': 0, 'vitals-state': 0, 'airspace-state': 0, 'data': {'page': 'map', 'action': 'hide map'}}
INFO:root:1723123706.727581,ID:1016,STAGE:1,SEQUENCE:1243,DATA:{'time': 1723123706.714, 'user-id': '1016', 'source': 'HAI Interface', 'destination-index': '3', 'study-stage': '1', 'decision-state': 0, 'vitals-state': 0, 'airspace-state': 0, 'data': {'page': 'Inflight', 'action': 'Weather emergency- emergnecy propmt displayed'}}
INFO:root:1723123711.732978,ID:1016,STAGE:1,SEQUENCE:1243,DATA:{'time': 1723123711.723, 'user-id': '1016', 'source': 'HAI Interface', 'destination-index': '3', 'study-stage': '1', 'decision-state': 0, 'vitals-state': 0, 'airspace-state': 0, 'data': {'page': 'emergency', 'action': 'trying to change destination to19'}}
INFO:root:1723123711.735969,ID:1016,STAGE:1,SEQUENCE:1243,DATA:{'time': 1723123711.724, 'user-id': '1016', 'source': 'HAI Interface', 'destination-index': '3', 'study-stage': '1', 'decision-state': 0, 'vitals-state': 0, 'airspace-state': 0, 'data': {'page': 'emergency', 'action': 'show Weather Emergency Alert, hide map'}}
INFO:root:1723123711.736966,ID:1016,STAGE:1,SEQUENCE:1243,DATA:{'time': 1723123711.725, 'user-id': '1016', 'source': 'HAI Interface', 'destination-index': '3', 'study-stage': '1', 'decision-state': 0, 'vitals-state': 0, 'airspace-state': 0, 'data': {'page': 'map', 'action': 'hide map'}}
INFO:root:1723123711.742502,ID:1016,STAGE:1,SEQUENCE:1243,DATA:{'time': 1723123711.725, 'user-id': '1016', 'source': 'HAI Interface', 'destination-index': '3', 'study-stage': '1', 'decision-state': 0, 'vitals-state': 0, 'airspace-state': 0, 'data': {'page': 'Inflight', 'action': 'Weather emergency- emergnecy propmt displayed'}}
INFO:root:Weather emergency alert given, sent request to clear weather_emergency
INFO:root:1723123713.320487,ID:1016,STAGE:1,SEQUENCE:1243,DATA:{'time': 1723123713.315, 'user-id': '1016', 'source': 'HAI Interface', 'destination-index': '3', 'study-stage': '1', 'decision-state': 0, 'vitals-state': 0, 'airspace-state': 0, 'data': {'page': 'Inflight', 'action': 'Weather emergency- show more info button pressed'}}
INFO:root:1723123716.775258,ID:1016,STAGE:1,SEQUENCE:1243,DATA:{'time': 1723123716.767, 'user-id': '1016', 'source': 'HAI Interface', 'destination-index': '3', 'study-stage': '1', 'decision-state': 0, 'vitals-state': 0, 'airspace-state': 0, 'data': {'page': 'emergency', 'action': 'trying to change destination to19'}}
INFO:root:1723123717.262563,ID:1016,STAGE:1,SEQUENCE:1243,DATA:{'time': 1723123717.258, 'user-id': '1016', 'source': 'HAI Interface', 'destination-index': '3', 'study-stage': '1', 'decision-state': 0, 'vitals-state': 0, 'airspace-state': 0, 'data': {'page': 'Inflight', 'action': 'Weather emergency- close button pressed'}}
INFO:root:1723123719.77475,ID:1016,STAGE:1,SEQUENCE:1243,DATA:{'time': 1723123719.771, 'user-id': '1016', 'source': 'HAI Interface', 'destination-index': '3', 'study-stage': '1', 'decision-state': 0, 'vitals-state': 0, 'airspace-state': 0, 'data': {'page': 'Inflight', 'action': 'Altitude alert- submit button pressed with altitude value as:1000'}}
INFO:root:1723123719.781249,ID:1016,STAGE:1,SEQUENCE:1243,DATA:{'time': 1723123719.777, 'user-id': '1016', 'source': 'HAI Interface', 'destination-index': '3', 'study-stage': '1', 'decision-state': 0, 'vitals-state': 0, 'airspace-state': 0, 'data': {'page': 'Inflight', 'action': 'Altitude alert- altitude submitted'}}
INFO:root:1723123719.78387,ID:1016,STAGE:1,SEQUENCE:1243,DATA:{'time': 1723123719.778, 'user-id': '1016', 'source': 'HAI Interface', 'destination-index': '3', 'study-stage': '1', 'decision-state': 0, 'vitals-state': 0, 'airspace-state': 0, 'data': {'page': 'Inflight', 'action': 'Altitude alert close button pressed'}}
INFO:root:1723123721.718271,ID:1016,STAGE:1,SEQUENCE:1243,DATA:{'time': 1723123721.713, 'user-id': '1016', 'source': 'HAI Interface', 'destination-index': '3', 'study-stage': '1', 'decision-state': 0, 'vitals-state': 0, 'airspace-state': 0, 'data': {'page': 'emergency', 'action': 'trying to change destination to19'}}
INFO:root:1723123726.709142,ID:1016,STAGE:1,SEQUENCE:1243,DATA:{'time': 1723123726.702, 'user-id': '1016', 'source': 'HAI Interface', 'destination-index': '3', 'study-stage': '1', 'decision-state': 0, 'vitals-state': 0, 'airspace-state': 0, 'data': {'page': 'emergency', 'action': 'trying to change destination to19'}}
INFO:root:1723123731.720323,ID:1016,STAGE:1,SEQUENCE:1243,DATA:{'time': 1723123731.715, 'user-id': '1016', 'source': 'HAI Interface', 'destination-index': '3', 'study-stage': '1', 'decision-state': 0, 'vitals-state': 0, 'airspace-state': 0, 'data': {'page': 'emergency', 'action': 'trying to change destination to19'}}
INFO:root:1723123732.069192,ID:1016,STAGE:1,SEQUENCE:1243,DATA:{'time': 1723123732.062, 'source': 'VitalsTask', 'timer': 145.736, 'data': {'sensor': 'Heart Rate', 'action': 'show action buttons'}}
INFO:root:1723123732.07071,ID:1016,STAGE:1,SEQUENCE:1243,DATA:{'time': 1723123732.062, 'source': 'VitalsTask', 'timer': 145.736, 'data': {'sensor': 'Heart Rate', 'action': 'keypad press', 'key': 10, 'value': 55}}
INFO:root:1723123733.867038,ID:1016,STAGE:1,SEQUENCE:1243,DATA:{'time': 1723123733.86, 'source': 'VitalsTask', 'timer': 147.534, 'data': {'sensor': 'Heart Rate', 'action': 'log', 'data': 'action button pressed'}}
INFO:root:1723123733.870067,ID:1016,STAGE:1,SEQUENCE:1243,DATA:{'time': 1723123733.861, 'source': 'VitalsTask', 'timer': 147.535, 'data': {'sensor': 'Heart Rate', 'action': 'log', 'data': 'starting sensor action'}}
INFO:root:1723123734.877987,ID:1016,STAGE:1,SEQUENCE:1243,DATA:{'time': 1723123734.871, 'source': 'VitalsTask', 'timer': 148.545, 'data': {'sensor': 'Heart Rate', 'action': 'log', 'data': 'sensor action complete'}}
INFO:root:1723123736.737297,ID:1016,STAGE:1,SEQUENCE:1243,DATA:{'time': 1723123736.725, 'user-id': '1016', 'source': 'HAI Interface', 'destination-index': '3', 'study-stage': '1', 'decision-state': 0, 'vitals-state': 0, 'airspace-state': 0, 'data': {'page': 'emergency', 'action': 'trying to change destination to19'}}
INFO:root:1723123737.608791,ID:1016,STAGE:1,SEQUENCE:1243,DATA:{'time': 1723123737.602, 'source': 'VitalsTask', 'timer': 151.276, 'data': {'sensor': 'Heart Rate', 'action': 'save', 'data': 'action button pressed'}}
INFO:root:1723123737.611338,ID:1016,STAGE:1,SEQUENCE:1243,DATA:{'time': 1723123737.603, 'source': 'VitalsTask', 'timer': 151.277, 'data': {'sensor': 'Heart Rate', 'action': 'save', 'data': 'starting sensor action'}}
INFO:root:1723123738.62012,ID:1016,STAGE:1,SEQUENCE:1243,DATA:{'time': 1723123738.614, 'source': 'VitalsTask', 'timer': 152.288, 'data': {'sensor': 'Heart Rate', 'action': 'save', 'data': 'sensor action complete'}}
INFO:root:1723123741.736299,ID:1016,STAGE:1,SEQUENCE:1243,DATA:{'time': 1723123741.724, 'user-id': '1016', 'source': 'HAI Interface', 'destination-index': '3', 'study-stage': '1', 'decision-state': 0, 'vitals-state': 0, 'airspace-state': 0, 'data': {'page': 'emergency', 'action': 'trying to change destination to19'}}
INFO:root:1723123741.738977,ID:1016,STAGE:1,SEQUENCE:1243,DATA:{'time': 1723123741.725, 'user-id': '1016', 'source': 'HAI Interface', 'destination-index': '3', 'study-stage': '1', 'decision-state': 0, 'vitals-state': 0, 'airspace-state': 0, 'data': {'page': 'emergency', 'action': 'show Weather Emergency Alert, hide map'}}
INFO:root:1723123741.744476,ID:1016,STAGE:1,SEQUENCE:1243,DATA:{'time': 1723123741.725, 'user-id': '1016', 'source': 'HAI Interface', 'destination-index': '3', 'study-stage': '1', 'decision-state': 0, 'vitals-state': 0, 'airspace-state': 0, 'data': {'page': 'map', 'action': 'hide map'}}
INFO:root:1723123741.74647,ID:1016,STAGE:1,SEQUENCE:1243,DATA:{'time': 1723123741.726, 'user-id': '1016', 'source': 'HAI Interface', 'destination-index': '3', 'study-stage': '1', 'decision-state': 0, 'vitals-state': 0, 'airspace-state': 0, 'data': {'page': 'Inflight', 'action': 'Weather emergency- emergnecy propmt displayed'}}
INFO:root:1723123746.772876,ID:1016,STAGE:1,SEQUENCE:1243,DATA:{'time': 1723123746.764, 'user-id': '1016', 'source': 'HAI Interface', 'destination-index': '3', 'study-stage': '1', 'decision-state': 0, 'vitals-state': 0, 'airspace-state': 0, 'data': {'page': 'map', 'action': 'hide map'}}
INFO:root:1723123746.773382,ID:1016,STAGE:1,SEQUENCE:1243,DATA:{'time': 1723123746.763, 'user-id': '1016', 'source': 'HAI Interface', 'destination-index': '3', 'study-stage': '1', 'decision-state': 0, 'vitals-state': 0, 'airspace-state': 0, 'data': {'page': 'emergency', 'action': 'show Weather Emergency Alert, hide map'}}
INFO:root:1723123746.774383,ID:1016,STAGE:1,SEQUENCE:1243,DATA:{'time': 1723123746.763, 'user-id': '1016', 'source': 'HAI Interface', 'destination-index': '3', 'study-stage': '1', 'decision-state': 0, 'vitals-state': 0, 'airspace-state': 0, 'data': {'page': 'emergency', 'action': 'trying to change destination to19'}}
INFO:root:1723123746.777885,ID:1016,STAGE:1,SEQUENCE:1243,DATA:{'time': 1723123746.764, 'user-id': '1016', 'source': 'HAI Interface', 'destination-index': '3', 'study-stage': '1', 'decision-state': 0, 'vitals-state': 0, 'airspace-state': 0, 'data': {'page': 'Inflight', 'action': 'Weather emergency- emergnecy propmt displayed'}}
INFO:root:1723123750.084501,ID:1016,STAGE:1,SEQUENCE:1243,DATA:{'time': 1723123750.08, 'user-id': '1016', 'source': 'HAI Interface', 'destination-index': '3', 'study-stage': '1', 'decision-state': 0, 'vitals-state': 0, 'airspace-state': 0, 'data': {'page': 'Inflight', 'action': 'Weather emergency- close button pressed'}}
INFO:root:1723123751.706913,ID:1016,STAGE:1,SEQUENCE:1243,DATA:{'time': 1723123751.7, 'user-id': '1016', 'source': 'HAI Interface', 'destination-index': '3', 'study-stage': '1', 'decision-state': 0, 'vitals-state': 0, 'airspace-state': 0, 'data': {'page': 'emergency', 'action': 'trying to change destination to19'}}
INFO:root:1723123755.925851,ID:1016,STAGE:1,SEQUENCE:1243,DATA:{'time': 1723123755.92, 'user-id': '1016', 'source': 'HAI Interface', 'destination-index': '3', 'study-stage': '1', 'decision-state': 0, 'vitals-state': 0, 'airspace-state': 0, 'data': {'page': 'map', 'action': 'show map'}}
INFO:root:1723123755.931856,ID:1016,STAGE:1,SEQUENCE:1243,DATA:{'time': 1723123755.921, 'user-id': '1016', 'source': 'HAI Interface', 'destination-index': '3', 'study-stage': '1', 'decision-state': 0, 'vitals-state': 0, 'airspace-state': 0, 'data': {'page': 'map', 'action': 'selected helipad', 'value': '21'}}
INFO:root:1723123756.765834,ID:1016,STAGE:1,SEQUENCE:1243,DATA:{'time': 1723123756.758, 'user-id': '1016', 'source': 'HAI Interface', 'destination-index': '3', 'study-stage': '1', 'decision-state': 0, 'vitals-state': 0, 'airspace-state': 0, 'data': {'page': 'emergency', 'action': 'trying to change destination to19'}}
INFO:root:1723123761.749188,ID:1016,STAGE:1,SEQUENCE:1243,DATA:{'time': 1723123761.74, 'user-id': '1016', 'source': 'HAI Interface', 'destination-index': '3', 'study-stage': '1', 'decision-state': 0, 'vitals-state': 0, 'airspace-state': 0, 'data': {'page': 'emergency', 'action': 'trying to change destination to19'}}
INFO:root:1723123762.651583,ID:1016,STAGE:1,SEQUENCE:1243,DATA:{'time': 1723123762.647, 'user-id': '1016', 'source': 'HAI Interface', 'destination-index': '3', 'study-stage': '1', 'decision-state': 0, 'vitals-state': 0, 'airspace-state': 0, 'data': {'page': 'inflight', 'action': 'user acknowledged vitals prompt'}}
INFO:root:1723123766.698367,ID:1016,STAGE:1,SEQUENCE:1243,DATA:{'time': 1723123766.691, 'user-id': '1016', 'source': 'HAI Interface', 'destination-index': '3', 'study-stage': '1', 'decision-state': 0, 'vitals-state': 0, 'airspace-state': 0, 'data': {'page': 'emergency', 'action': 'trying to change destination to19'}}
INFO:root:1723123771.765385,ID:1016,STAGE:1,SEQUENCE:1243,DATA:{'time': 1723123771.758, 'user-id': '1016', 'source': 'HAI Interface', 'destination-index': '3', 'study-stage': '1', 'decision-state': 0, 'vitals-state': 0, 'airspace-state': 0, 'data': {'page': 'emergency', 'action': 'trying to change destination to19'}}
INFO:root:Weather emergency alert given, sent request to clear weather_emergency
INFO:root:1723123776.717149,ID:1016,STAGE:1,SEQUENCE:1243,DATA:{'time': 1723123776.711, 'user-id': '1016', 'source': 'HAI Interface', 'destination-index': '3', 'study-stage': '1', 'decision-state': 0, 'vitals-state': 0, 'airspace-state': 0, 'data': {'page': 'emergency', 'action': 'trying to change destination to19'}}
INFO:root:1723123781.787325,ID:1016,STAGE:1,SEQUENCE:1243,DATA:{'time': 1723123781.778, 'user-id': '1016', 'source': 'HAI Interface', 'destination-index': '3', 'study-stage': '1', 'decision-state': 0, 'vitals-state': 0, 'airspace-state': 0, 'data': {'page': 'emergency', 'action': 'trying to change destination to19'}}
INFO:root:1723123786.813268,ID:1016,STAGE:1,SEQUENCE:1243,DATA:{'time': 1723123786.804, 'user-id': '1016', 'source': 'HAI Interface', 'destination-index': '3', 'study-stage': '1', 'decision-state': 0, 'vitals-state': 0, 'airspace-state': 0, 'data': {'page': 'emergency', 'action': 'trying to change destination to19'}}
INFO:root:1723123789.608865,ID:1016,STAGE:1,SEQUENCE:1243,DATA:{'time': 1723123789.602, 'user-id': '1016', 'source': 'HAI Interface', 'destination-index': '3', 'study-stage': '1', 'decision-state': 0, 'vitals-state': 0, 'airspace-state': 0, 'data': {'page': 'map', 'action': 'hide map'}}
INFO:root:1723123789.767898,ID:1016,STAGE:1,SEQUENCE:1243,DATA:{'time': 1723123789.753, 'user-id': '1016', 'source': 'HAI Interface', 'destination-index': '3', 'study-stage': '1', 'decision-state': 0, 'vitals-state': 0, 'airspace-state': 0, 'data': {'page': 'map', 'action': 'show map'}}
INFO:root:1723123789.776905,ID:1016,STAGE:1,SEQUENCE:1243,DATA:{'time': 1723123789.755, 'user-id': '1016', 'source': 'HAI Interface', 'destination-index': '3', 'study-stage': '1', 'decision-state': 0, 'vitals-state': 0, 'airspace-state': 0, 'data': {'page': 'map', 'action': 'selected helipad', 'value': '21'}}
INFO:root:1723123789.917278,ID:1016,STAGE:1,SEQUENCE:1243,DATA:{'time': 1723123789.89, 'user-id': 'none', 'source': 'HAI Interface', 'destination-index': 3, 'study-stage': -1, 'decision-state': 0, 'vitals-state': 0, 'airspace-state': 0, 'data': {'page': 'emergency-landing', 'action': 'opened page'}}
INFO:root:1723123790.858953,ID:1016,STAGE:1,SEQUENCE:1243,DATA:{'time': 1723123790.854, 'user-id': '1016', 'source': 'HAI Interface', 'destination-index': '3', 'study-stage': '1', 'decision-state': 0, 'vitals-state': 0, 'airspace-state': 0, 'data': {'page': 'map', 'action': 'selected helipad', 'value': '21'}}
INFO:root:1723123790.864937,ID:1016,STAGE:1,SEQUENCE:1243,DATA:{'time': 1723123790.855, 'user-id': '1016', 'source': 'HAI Interface', 'destination-index': '3', 'study-stage': '1', 'decision-state': 0, 'vitals-state': 0, 'airspace-state': 0, 'data': {'page': 'map', 'action': 'set destination', 'value': -1}}
INFO:root:1723123792.171624,ID:1016,STAGE:1,SEQUENCE:1243,DATA:{'time': 1723123792.165, 'user-id': '1016', 'source': 'HAI Interface', 'destination-index': '3', 'study-stage': '1', 'decision-state': 0, 'vitals-state': 0, 'airspace-state': 0, 'data': {'page': 'map', 'action': 'show map'}}
INFO:root:1723123792.178606,ID:1016,STAGE:1,SEQUENCE:1243,DATA:{'time': 1723123792.166, 'user-id': '1016', 'source': 'HAI Interface', 'destination-index': '3', 'study-stage': '1', 'decision-state': 0, 'vitals-state': 0, 'airspace-state': 0, 'data': {'page': 'map', 'action': 'selected helipad', 'value': '21'}}
INFO:root:1723123792.181598,ID:1016,STAGE:1,SEQUENCE:1243,DATA:{'time': 1723123792.166, 'user-id': '1016', 'source': 'HAI Interface', 'destination-index': '3', 'study-stage': '1', 'decision-state': 0, 'vitals-state': 0, 'airspace-state': 0, 'data': {'page': 'map', 'action': 'set destination', 'value': '3'}}
INFO:root:1723123795.150934,ID:1016,STAGE:1,SEQUENCE:1243,DATA:{'time': 1723123795.144, 'user-id': '1016', 'source': 'HAI Interface', 'destination-index': '3', 'study-stage': '1', 'decision-state': 0, 'vitals-state': 0, 'airspace-state': 0, 'data': {'page': 'emergency', 'action': 'trying to change destination to100'}}
INFO:root:1723123796.526847,ID:1016,STAGE:1,SEQUENCE:1243,DATA:{'time': 1723123796.522, 'user-id': '1016', 'source': 'HAI Interface', 'destination-index': '3', 'study-stage': '1', 'decision-state': 0, 'vitals-state': 0, 'airspace-state': 0, 'data': {'page': 'map', 'action': 'hide map'}}
INFO:root:1723123800.098171,ID:1016,STAGE:1,SEQUENCE:1243,DATA:{'time': 1723123800.09, 'user-id': '1016', 'source': 'HAI Interface', 'destination-index': '3', 'study-stage': '1', 'decision-state': 0, 'vitals-state': 0, 'airspace-state': 0, 'data': {'page': 'emergency', 'action': 'trying to change destination to19'}}
INFO:root:1723123802.593924,ID:1016,STAGE:1,SEQUENCE:1243,DATA:{'time': 1723123802.589, 'user-id': '1016', 'source': 'HAI Interface', 'destination-index': '3', 'study-stage': '1', 'decision-state': 0, 'vitals-state': 0, 'airspace-state': 0, 'data': {'page': 'change-destination', 'action': 'submit button pressed'}}
INFO:root:1723123802.725848,ID:1016,STAGE:1,SEQUENCE:1243,DATA:{'time': 1723123802.714, 'user-id': 'none', 'source': 'HAI Interface', 'destination-index': 3, 'study-stage': -1, 'decision-state': 0, 'vitals-state': 0, 'airspace-state': 0, 'data': {'page': 'location', 'action': 'opened page'}}
INFO:root:1723123803.680076,ID:1016,STAGE:1,SEQUENCE:1243,DATA:{'time': 1723123803.673, 'user-id': '1016', 'source': 'HAI Interface', 'destination-index': '3', 'study-stage': '1', 'decision-state': 0, 'vitals-state': 0, 'airspace-state': 0, 'data': {'page': 'map', 'action': 'selected helipad', 'value': '21'}}
INFO:root:1723123806.735897,ID:1016,STAGE:1,SEQUENCE:1243,DATA:{'time': 1723123806.731, 'user-id': '1016', 'source': 'HAI Interface', 'destination-index': '3', 'study-stage': '1', 'decision-state': 0, 'vitals-state': 0, 'airspace-state': 0, 'data': {'page': 'location', 'action': 'confirm button pressed'}}
INFO:root:1723123808.068403,ID:1016,STAGE:1,SEQUENCE:1243,DATA:{'time': 1723123808.061, 'user-id': '1016', 'source': 'HAI Interface', 'destination-index': '3', 'study-stage': '1', 'decision-state': 0, 'vitals-state': 0, 'airspace-state': 0, 'data': {'page': 'map', 'action': 'selected helipad', 'value': '21'}}
INFO:root:1723123809.024813,ID:1016,STAGE:1,SEQUENCE:1243,DATA:{'time': 1723123809.02, 'user-id': '1016', 'source': 'HAI Interface', 'destination-index': '3', 'study-stage': '1', 'decision-state': 0, 'vitals-state': 0, 'airspace-state': 0, 'data': {'page': 'map', 'action': 'show map'}}
INFO:root:1723123809.030803,ID:1016,STAGE:1,SEQUENCE:1243,DATA:{'time': 1723123809.021, 'user-id': '1016', 'source': 'HAI Interface', 'destination-index': '3', 'study-stage': '1', 'decision-state': 0, 'vitals-state': 0, 'airspace-state': 0, 'data': {'page': 'map', 'action': 'selected helipad', 'value': '21'}}
INFO:root:1723123812.282962,ID:1016,STAGE:1,SEQUENCE:1243,DATA:{'time': 1723123812.276, 'user-id': '1016', 'source': 'HAI Interface', 'destination-index': '3', 'study-stage': '1', 'decision-state': 0, 'vitals-state': 0, 'airspace-state': 0, 'data': {'page': 'emergency', 'action': 'trying to change destination to100'}}
INFO:root:1723123812.918614,ID:1016,STAGE:1,SEQUENCE:1243,DATA:{'time': 1723123812.91, 'user-id': '1016', 'source': 'HAI Interface', 'destination-index': '3', 'study-stage': '1', 'decision-state': 0, 'vitals-state': 0, 'airspace-state': 0, 'data': {'page': 'map', 'action': 'hide map'}}
INFO:root:1723123817.279996,ID:1016,STAGE:1,SEQUENCE:1243,DATA:{'time': 1723123817.27, 'user-id': '1016', 'source': 'HAI Interface', 'destination-index': '3', 'study-stage': '1', 'decision-state': 0, 'vitals-state': 0, 'airspace-state': 0, 'data': {'page': 'emergency', 'action': 'trying to change destination to19'}}
INFO:root:1723123819.471526,ID:1016,STAGE:1,SEQUENCE:1243,DATA:{'time': 1723123819.467, 'user-id': '1016', 'source': 'HAI Interface', 'destination-index': '3', 'study-stage': '1', 'decision-state': 0, 'vitals-state': 0, 'airspace-state': 0, 'data': {'page': 'Inflight', 'action': 'emergency landing button pressed'}}
INFO:root:1723123819.634058,ID:1016,STAGE:1,SEQUENCE:1243,DATA:{'time': 1723123819.609, 'user-id': 'none', 'source': 'HAI Interface', 'destination-index': 3, 'study-stage': -1, 'decision-state': 0, 'vitals-state': 0, 'airspace-state': 0, 'data': {'page': 'emergency-landing', 'action': 'opened page'}}
INFO:root:1723123820.579714,ID:1016,STAGE:1,SEQUENCE:1243,DATA:{'time': 1723123820.574, 'user-id': '1016', 'source': 'HAI Interface', 'destination-index': '3', 'study-stage': '1', 'decision-state': 0, 'vitals-state': 0, 'airspace-state': 0, 'data': {'page': 'map', 'action': 'selected helipad', 'value': '21'}}
INFO:root:1723123820.581259,ID:1016,STAGE:1,SEQUENCE:1243,DATA:{'time': 1723123820.575, 'user-id': '1016', 'source': 'HAI Interface', 'destination-index': '3', 'study-stage': '1', 'decision-state': 0, 'vitals-state': 0, 'airspace-state': 0, 'data': {'page': 'map', 'action': 'set destination', 'value': -1}}
INFO:root:1723123823.691728,ID:1016,STAGE:1,SEQUENCE:1243,DATA:{'time': 1723123823.685, 'user-id': '1016', 'source': 'HAI Interface', 'destination-index': '3', 'study-stage': '1', 'decision-state': 0, 'vitals-state': 0, 'airspace-state': 0, 'data': {'page': 'map', 'action': 'show map'}}
INFO:root:1723123823.696229,ID:1016,STAGE:1,SEQUENCE:1243,DATA:{'time': 1723123823.686, 'user-id': '1016', 'source': 'HAI Interface', 'destination-index': '3', 'study-stage': '1', 'decision-state': 0, 'vitals-state': 0, 'airspace-state': 0, 'data': {'page': 'map', 'action': 'selected helipad', 'value': '21'}}
INFO:root:1723123823.707708,ID:1016,STAGE:1,SEQUENCE:1243,DATA:{'time': 1723123823.687, 'user-id': '1016', 'source': 'HAI Interface', 'destination-index': '3', 'study-stage': '1', 'decision-state': 0, 'vitals-state': 0, 'airspace-state': 0, 'data': {'page': 'map', 'action': 'set destination', 'value': '3'}}
INFO:root:1723123823.839161,ID:1016,STAGE:1,SEQUENCE:1243,DATA:{'time': 1723123823.834, 'user-id': '1016', 'source': 'HAI Interface', 'destination-index': '3', 'study-stage': '1', 'decision-state': 0, 'vitals-state': 0, 'airspace-state': 0, 'data': {'page': 'map', 'action': 'changing helipad', 'value': '21'}}
INFO:root:1723123823.841473,ID:1016,STAGE:1,SEQUENCE:1243,DATA:{'time': 1723123823.835, 'user-id': '1016', 'source': 'HAI Interface', 'destination-index': '3', 'study-stage': '1', 'decision-state': 0, 'vitals-state': 0, 'airspace-state': 0, 'data': {'page': 'map', 'action': 'changing helipad', 'value': '21'}}
INFO:root:1723123823.844012,ID:1016,STAGE:1,SEQUENCE:1243,DATA:{'time': 1723123823.835, 'user-id': '1016', 'source': 'HAI Interface', 'destination-index': '3', 'study-stage': '1', 'decision-state': 0, 'vitals-state': 0, 'airspace-state': 0, 'data': {'page': 'map', 'action': 'selected helipad', 'value': '21'}}
INFO:root:1723123823.846012,ID:1016,STAGE:1,SEQUENCE:1243,DATA:{'time': 1723123823.836, 'user-id': '1016', 'source': 'HAI Interface', 'destination-index': '3', 'study-stage': '1', 'decision-state': 0, 'vitals-state': 0, 'airspace-state': 0, 'data': {'page': 'map', 'action': 'set destination', 'value': '21'}}
INFO:root:1723123824.813822,ID:1016,STAGE:1,SEQUENCE:1243,DATA:{'time': 1723123824.806, 'user-id': '1016', 'source': 'HAI Interface', 'destination-index': '3', 'study-stage': '1', 'decision-state': 0, 'vitals-state': 0, 'airspace-state': 0, 'data': {'page': 'emergency', 'action': 'trying to change destination to100'}}
INFO:root:1723123827.302642,ID:1016,STAGE:1,SEQUENCE:1243,DATA:{'time': 1723123827.298, 'user-id': '1016', 'source': 'HAI Interface', 'destination-index': '3', 'study-stage': '1', 'decision-state': 0, 'vitals-state': 0, 'airspace-state': 0, 'data': {'page': 'map', 'action': 'hide map'}}
INFO:root:1723123829.804444,ID:1016,STAGE:1,SEQUENCE:1243,DATA:{'time': 1723123829.797, 'user-id': '1016', 'source': 'HAI Interface', 'destination-index': '3', 'study-stage': '1', 'decision-state': 0, 'vitals-state': 0, 'airspace-state': 0, 'data': {'page': 'emergency', 'action': 'trying to change destination to19'}}
INFO:root:1723123829.93408,ID:1016,STAGE:1,SEQUENCE:1243,DATA:{'time': 1723123829.928, 'user-id': '1016', 'source': 'HAI Interface', 'destination-index': '3', 'study-stage': '1', 'decision-state': 0, 'vitals-state': 0, 'airspace-state': 0, 'data': {'page': 'change-destination', 'action': 'submit button pressed'}}
INFO:root:1723123830.090738,ID:1016,STAGE:1,SEQUENCE:1243,DATA:{'time': 1723123830.086, 'user-id': 'none', 'source': 'HAI Interface', 'destination-index': 3, 'study-stage': -1, 'decision-state': 0, 'vitals-state': 0, 'airspace-state': 0, 'data': {'page': 'location', 'action': 'opened page'}}
INFO:root:1723123831.037619,ID:1016,STAGE:1,SEQUENCE:1243,DATA:{'time': 1723123831.027, 'user-id': '1016', 'source': 'HAI Interface', 'destination-index': '3', 'study-stage': '1', 'decision-state': 0, 'vitals-state': 0, 'airspace-state': 0, 'data': {'page': 'map', 'action': 'selected helipad', 'value': '21'}}
INFO:root:1723123835.309657,ID:1016,STAGE:1,SEQUENCE:1243,DATA:{'time': 1723123835.302, 'user-id': '1016', 'source': 'HAI Interface', 'destination-index': '3', 'study-stage': '1', 'decision-state': 0, 'vitals-state': 0, 'airspace-state': 0, 'data': {'page': 'emergency', 'action': 'trying to change destination to100'}}
INFO:root:voice activity detected
INFO:root:recording started
INFO:root:voice deactivity detected
INFO:root:recording stopped
INFO:root:1723123840.401735,ID:1016,STAGE:1,SEQUENCE:1243,DATA:{'time': 1723123840.38, 'user-id': '1016', 'source': 'HAI Interface', 'destination-index': '3', 'study-stage': '1', 'decision-state': 0, 'vitals-state': 0, 'airspace-state': 0, 'data': {'page': 'emergency', 'action': 'trying to change destination to19'}}
INFO:root:1723123840.612164,ID:1016,STAGE:1,SEQUENCE:1243,DATA:{'time': 1723123840.56, 'user-id': 'none', 'source': 'HAI Interface', 'destination-index': 3, 'study-stage': -1, 'decision-state': 0, 'vitals-state': 0, 'airspace-state': 0, 'data': {'page': 'checklist', 'action': 'opened page', 'inflight': True}}
INFO:root:1723123842.019442,ID:1016,STAGE:1,SEQUENCE:1243,DATA:{'time': 1723123842.012, 'user-id': '1016', 'source': 'HAI Interface', 'destination-index': '3', 'study-stage': '1', 'decision-state': 0, 'vitals-state': 0, 'airspace-state': 0, 'data': {'page': 'map', 'action': 'selected helipad', 'value': '21'}}
