1752701060.490054,ID:2107,STAGE:2,SEQUENCE:1234,DATA:{'page':'{'page': 'index', 'action': 'confirm button pressed'}','action':'None','timestamp':1752701060486},ANY:{'page': {'page': 'index', 'action': 'confirm button pressed'}, 'timestamp': 1752701060486}
th value: undefined'}, 'timestamp': 1752701060485}
1752701060.61951,ID:2107,STAGE:2,SEQUENCE:1234,DATA:{'page':'None','action':'None','timestamp':None},ANY:{'time': 1752701060.613, 'user-id': 'none', 'source': 'HAI Interface', 'destination-index': 3, 'study-stage': -1, 'decision-state': 0, 'vitals-state': 0, 'airspace-state': 0, 'data': {'page': 'location', 'action': 'opened page'}}
1752701061.562582,ID:2107,STAGE:2,SEQUENCE:1234,DATA:{'page':'{'page': 'map', 'action': 'selected helipad', 'value': '21'}','action':'None','timestamp':1752701061558},ANY:{'page': {'page': 'map', 'action': 'selected helipad', 'value': '21'}, 'timestamp': 1752701061558}
1752701065.697281,ID:2107,STAGE:2,SEQUENCE:1234,DATA:{'page':'{'page': 'speak text', 'action': 'Receieved text and level:Are you ready to start?normal'}','action':'None','timestamp':1752701065694},ANY:{'page': {'page': 'speak text', 'action': 'Receieved text and level:Are you ready to start?normal'}, 'timestamp': 1752701065694}
1752701065.697777,ID:2107,STAGE:2,SEQUENCE:1234,DATA:{'page':'{'page': 'Jarvis speaking', 'action': 'Message: Are you ready to start? Stress level: normal'}','action':'None','timestamp':1752701065695},ANY:{'page': {'page': 'Jarvis speaking', 'action': 'Message: Are you ready to start? Stress level: normal'}, 'timestamp': 1752701065695}
1752701100.464749,ID:2107,STAGE:2,SEQUENCE:1234,DATA:{'page':'{'page': 'index', 'action': 'opened page'}','action':'None','timestamp':1752701100462},ANY:{'page': {'page': 'index', 'action': 'opened page'}, 'timestamp': 1752701100462}
1752701101.381312,ID:2107,STAGE:2,SEQUENCE:1234,DATA:{'page':'{'page': 'map', 'action': 'selected helipad', 'value': '21'}','action':'None','timestamp':1752701101378},ANY:{'page': {'page': 'map', 'action': 'selected helipad', 'value': '21'}, 'timestamp': 1752701101378}
1752701125.02578,ID:2107,STAGE:2,SEQUENCE:1234,DATA:{'page':'{'page': 'speak text', 'action': 'Receieved text and level:Are you ready to start?normal'}','action':'None','timestamp':1752701125022},ANY:{'page': {'page': 'speak text', 'action': 'Receieved text and level:Are you ready to start?normal'}, 'timestamp': 1752701125022}
1752701125.026276,ID:2107,STAGE:2,SEQUENCE:1234,DATA:{'page':'{'page': 'Jarvis speaking', 'action': 'Message: Are you ready to start? Stress level: normal'}','action':'None','timestamp':1752701125023},ANY:{'page': {'page': 'Jarvis speaking', 'action': 'Message: Are you ready to start? Stress level: normal'}, 'timestamp': 1752701125023}
1752701129.508268,ID:2107,STAGE:2,SEQUENCE:1234,DATA:{'page':'{'page': 'index', 'action': 'confirm button pressed'}','action':'None','timestamp':1752701129503},ANY:{'page': {'page': 'index', 'action': 'confirm button pressed'}, 'timestamp': 1752701129503}
th value: undefined'}, 'timestamp': 1752701129503}
1752701129.581691,ID:2107,STAGE:2,SEQUENCE:1234,DATA:{'page':'None','action':'None','timestamp':None},ANY:{'time': 1752701129.575, 'user-id': 'none', 'source': 'HAI Interface', 'destination-index': 3, 'study-stage': -1, 'decision-state': 0, 'vitals-state': 0, 'airspace-state': 0, 'data': {'page': 'location', 'action': 'opened page'}}
1752701130.566176,ID:2107,STAGE:2,SEQUENCE:1234,DATA:{'page':'{'page': 'map', 'action': 'selected helipad', 'value': '21'}','action':'None','timestamp':1752701130562},ANY:{'page': {'page': 'map', 'action': 'selected helipad', 'value': '21'}, 'timestamp': 1752701130562}
1752701132.372607,ID:2107,STAGE:2,SEQUENCE:1234,DATA:{'page':'{'page': 'speak text', 'action': 'Receieved text and level:Please confirm the destination Emory University Hospitalnormal'}','action':'None','timestamp':1752701132369},ANY:{'page': {'page': 'speak text', 'action': 'Receieved text and level:Please confirm the destination Emory University Hospitalnormal'}, 'timestamp': 1752701132369}
1752701132.373103,ID:2107,STAGE:2,SEQUENCE:1234,DATA:{'page':'{'page': 'Jarvis speaking', 'action': 'Message: Please confirm the destination Emory University Hospital Stress level: normal'}','action':'None','timestamp':1752701132370},ANY:{'page': {'page': 'Jarvis speaking', 'action': 'Message: Please confirm the destination Emory University Hospital Stress level: normal'}, 'timestamp': 1752701132370}
1752701137.67841,ID:2107,STAGE:2,SEQUENCE:1234,DATA:{'page':'{'action': 'Controller Executing: click on confirm-button with value: undefined'}','action':'None','timestamp':1752701137676},ANY:{'page': {'action': 'Controller Executing: click on confirm-button with value: undefined'}, 'timestamp': 1752701137676}
1752701137.679402,ID:2107,STAGE:2,SEQUENCE:1234,DATA:{'page':'None','action':'None','timestamp':None},ANY:{'time': 1752701137.676, 'user-id': '2107', 'source': 'HAI Interface', 'destination-index': 'None', 'study-stage': '2', 'decision-state': 0, 'vitals-state': 0, 'airspace-state': 0, 'data': {'page': 'location', 'action': 'confirm button pressed'}}
1752701137.774572,ID:2107,STAGE:2,SEQUENCE:1234,DATA:{'page':'{'page': 'checklist', 'action': 'opened page', 'inflight': False}','action':'None','timestamp':1752701137765},ANY:{'page': {'page': 'checklist', 'action': 'opened page', 'inflight': False}, 'timestamp': 1752701137765}
1752701138.755079,ID:2107,STAGE:2,SEQUENCE:1234,DATA:{'page':'{'page': 'map', 'action': 'selected helipad', 'value': '21'}','action':'None','timestamp':1752701138750},ANY:{'page': {'page': 'map', 'action': 'selected helipad', 'value': '21'}, 'timestamp': 1752701138750}
1752701139.721645,ID:2107,STAGE:2,SEQUENCE:1234,DATA:{'page':'{'page': 'speak text', 'action': 'Receieved text and level:Put on your seatbelts and ensure that all equipments are securenormal'}','action':'None','timestamp':1752701139717},ANY:{'page': {'page': 'speak text', 'action': 'Receieved text and level:Put on your seatbelts and ensure that all equipments are securenormal'}, 'timestamp': 1752701139717}
39718}
1752701156.525758,ID:2107,STAGE:2,SEQUENCE:1234,DATA:{'page':'{'page': 'checklist', 'action': 'toggled checkbox', 'inflight': False, 'item': 0, 'value': 'OFF'}','action':'None','timestamp':1752701156523},ANY:{'page': {'page': 'checklist', 'action': 'toggled checkbox', 'inflight': False, 'item': 0, 'value': 'OFF'}, 'timestamp': 1752701156523}
1752701158.945688,ID:2107,STAGE:2,SEQUENCE:1234,DATA:{'page':'{'page': 'checklist', 'action': 'toggled checkbox', 'inflight': False, 'item': 1, 'value': 'OFF'}','action':'None','timestamp':1752701158943},ANY:{'page': {'page': 'checklist', 'action': 'toggled checkbox', 'inflight': False, 'item': 1, 'value': 'OFF'}, 'timestamp': 1752701158943}
1752701161.128563,ID:2107,STAGE:2,SEQUENCE:1234,DATA:{'page':'{'page': 'checklist', 'action': 'toggled checkbox', 'inflight': False, 'item': 2, 'value': 'OFF'}','action':'None','timestamp':1752701161126},ANY:{'page': {'page': 'checklist', 'action': 'toggled checkbox', 'inflight': False, 'item': 2, 'value': 'OFF'}, 'timestamp': 1752701161126}
1752701161.129554,ID:2107,STAGE:2,SEQUENCE:1234,DATA:{'page':'{'page': 'checklist', 'action': 'showing confirm button', 'inflight': False}','action':'None','timestamp':1752701161127},ANY:{'page': {'page': 'checklist', 'action': 'showing confirm button', 'inflight': False}, 'timestamp': 1752701161127}
1752701162.972977,ID:2107,STAGE:2,SEQUENCE:1234,DATA:{'page':'{'action': 'Controller Executing: click on confirm-button with value: undefined'}','action':'None','timestamp':1752701162970},ANY:{'page': {'action': 'Controller Executing: click on confirm-button with value: undefined'}, 'timestamp': 1752701162970}
1752701162.973969,ID:2107,STAGE:2,SEQUENCE:1234,DATA:{'page':'{'page': 'checklist', 'action': 'confirm button clicked', 'inflight': False}','action':'None','timestamp':1752701162970},ANY:{'page': {'page': 'checklist', 'action': 'confirm button clicked', 'inflight': False}, 'timestamp': 1752701162970}
1752701163.056307,ID:2107,STAGE:2,SEQUENCE:1234,DATA:{'page':'{'page': 'countdown', 'action': 'opened page'}','action':'None','timestamp':1752701163050},ANY:{'page': {'page': 'countdown', 'action': 'opened page'}, 'timestamp': 1752701163050}
1752701164.030169,ID:2107,STAGE:2,SEQUENCE:1234,DATA:{'page':'{'page': 'map', 'action': 'selected helipad', 'value': '21'}','action':'None','timestamp':1752701164028},ANY:{'page': {'page': 'map', 'action': 'selected helipad', 'value': '21'}, 'timestamp': 1752701164028}
1752701164.062239,ID:2107,STAGE:2,SEQUENCE:1234,DATA:{'page':'{'page': 'countdown', 'action': 'countdown now 4'}','action':'None','timestamp':1752701164059},ANY:{'page': {'page': 'countdown', 'action': 'countdown now 4'}, 'timestamp': 1752701164059}
1752701164.438516,ID:2107,STAGE:2,SEQUENCE:1234,DATA:{'page':'{'page': 'speak text', 'action': 'Receieved text and level:Acknowledge, Taking Offnormal'}','action':'None','timestamp':1752701164436},ANY:{'page': {'page': 'speak text', 'action': 'Receieved text and level:Acknowledge, Taking Offnormal'}, 'timestamp': 1752701164436}
1752701164.439013,ID:2107,STAGE:2,SEQUENCE:1234,DATA:{'page':'{'page': 'Jarvis speaking', 'action': 'Message: Acknowledge, Taking Off Stress level: normal'}','action':'None','timestamp':1752701164436},ANY:{'page': {'page': 'Jarvis speaking', 'action': 'Message: Acknowledge, Taking Off Stress level: normal'}, 'timestamp': 1752701164436}
1752701165.059507,ID:2107,STAGE:2,SEQUENCE:1234,DATA:{'page':'{'page': 'countdown', 'action': 'countdown now 3'}','action':'None','timestamp':1752701165056},ANY:{'page': {'page': 'countdown', 'action': 'countdown now 3'}, 'timestamp': 1752701165056}
1752701166.06265,ID:2107,STAGE:2,SEQUENCE:1234,DATA:{'page':'{'page': 'countdown', 'action': 'countdown now 2'}','action':'None','timestamp':1752701166059},ANY:{'page': {'page': 'countdown', 'action': 'countdown now 2'}, 'timestamp': 1752701166059}
1752701167.061791,ID:2107,STAGE:2,SEQUENCE:1234,DATA:{'page':'{'page': 'countdown', 'action': 'countdown now 1'}','action':'None','timestamp':1752701167059},ANY:{'page': {'page': 'countdown', 'action': 'countdown now 1'}, 'timestamp': 1752701167059}
1752701168.05372,ID:2107,STAGE:2,SEQUENCE:1234,DATA:{'page':'{'page': 'countdown', 'action': 'countdown now 0'}','action':'None','timestamp':1752701168051},ANY:{'page': {'page': 'countdown', 'action': 'countdown now 0'}, 'timestamp': 1752701168051}
1752701169.056662,ID:2107,STAGE:2,SEQUENCE:1234,DATA:{'page':'{'page': 'countdown', 'action': 'countdown complete'}','action':'None','timestamp':1752701169051},ANY:{'page': {'page': 'countdown', 'action': 'countdown complete'}, 'timestamp': 1752701169051}
1752701169.265974,ID:2107,STAGE:2,SEQUENCE:1234,DATA:{'page':'{'action': 'Starting prompt cycle'}','action':'None','timestamp':1752701169342},ANY:{'page': {'action': 'Starting prompt cycle'}, 'timestamp': 1752701169342}
1752701169.293254,ID:2107,STAGE:2,SEQUENCE:1234,DATA:{'page':'{'action': 'Starting prompt cycle'}','action':'None','timestamp':1752701169369},ANY:{'page': {'action': 'Starting prompt cycle'}, 'timestamp': 1752701169369}
1752701170.153634,ID:2107,STAGE:2,SEQUENCE:1234,DATA:{'page':'{'page': 'map', 'action': 'selected helipad', 'value': '21'}','action':'None','timestamp':1752701170150},ANY:{'page': {'page': 'map', 'action': 'selected helipad', 'value': '21'}, 'timestamp': 1752701170150}
1752701178.244928,ID:2107,STAGE:2,SEQUENCE:1234,DATA:{'page':'{'page': 'inflight', 'action': 'displaying vitals prompt'}','action':'None','timestamp':1752701178316},ANY:{'page': {'page': 'inflight', 'action': 'displaying vitals prompt'}, 'timestamp': 1752701178316}
1752701178.24647,ID:2107,STAGE:2,SEQUENCE:1234,DATA:{'page':'{'page': 'vitals prompt', 'action': 'log vitals prompted'}','action':'None','timestamp':1752701178316},ANY:{'page': {'page': 'vitals prompt', 'action': 'log vitals prompted'}, 'timestamp': 1752701178316}
1752701178.246998,ID:2107,STAGE:2,SEQUENCE:1234,DATA:{'page':'{'page': 'vitals prompt', 'action': 'vitals_prompt 1'}','action':'None','timestamp':1752701178317},ANY:{'page': {'page': 'vitals prompt', 'action': 'vitals_prompt 1'}, 'timestamp': 1752701178317}
1752701185.811493,ID:2107,STAGE:2,SEQUENCE:1234,DATA:{'page':'{'action': 'user acknowledged vitals prompt'}','action':'None','timestamp':1752701185888},ANY:{'page': {'action': 'user acknowledged vitals prompt'}, 'timestamp': 1752701185888}
1752701190.050724,ID:2107,STAGE:2,SEQUENCE:1234,DATA:{'page':'{'sensor': 'Blood Pressure', 'action': 'opened sensor tab'}','action':'None','timestamp':1752701190127},ANY:{'page': {'sensor': 'Blood Pressure', 'action': 'opened sensor tab'}, 'timestamp': 1752701190127}
1752701193.240346,ID:2107,STAGE:2,SEQUENCE:1234,DATA:{'page':'{'page': 'vitals prompt', 'action': 'auto off vitals prompt'}','action':'None','timestamp':1752701193316},ANY:{'page': {'page': 'vitals prompt', 'action': 'auto off vitals prompt'}, 'timestamp': 1752701193316}
1752701194.554245,ID:2107,STAGE:2,SEQUENCE:1234,DATA:{'page':'{'sensor': 'Blood Pressure', 'action': 'capture', 'data': 'action button pressed'}','action':'None','timestamp':1752701194631},ANY:{'page': {'sensor': 'Blood Pressure', 'action': 'capture', 'data': 'action button pressed'}, 'timestamp': 1752701194631}
1752701194.555237,ID:2107,STAGE:2,SEQUENCE:1234,DATA:{'page':'{'sensor': 'Blood Pressure', 'action': 'capture', 'data': 'starting sensor action'}','action':'None','timestamp':1752701194632},ANY:{'page': {'sensor': 'Blood Pressure', 'action': 'capture', 'data': 'starting sensor action'}, 'timestamp': 1752701194632}
1752701195.573208,ID:2107,STAGE:2,SEQUENCE:1234,DATA:{'page':'{'sensor': 'Blood Pressure', 'action': 'capture', 'data': 'sensor action complete'}','action':'None','timestamp':1752701195649},ANY:{'page': {'sensor': 'Blood Pressure', 'action': 'capture', 'data': 'sensor action complete'}, 'timestamp': 1752701195649}
1752701195.573704,ID:2107,STAGE:2,SEQUENCE:1234,DATA:{'page':'{'sensor': 'Blood Pressure', 'action': 'keypad open'}','action':'None','timestamp':1752701195649},ANY:{'page': {'sensor': 'Blood Pressure', 'action': 'keypad open'}, 'timestamp': 1752701195649}
1752701197.615712,ID:2107,STAGE:2,SEQUENCE:1234,DATA:{'page':'{'sensor': 'Blood Pressure', 'action': 'keypad press', 'key': 1, 'value': 1}','action':'None','timestamp':1752701197692},ANY:{'page': {'sensor': 'Blood Pressure', 'action': 'keypad press', 'key': 1, 'value': 1}, 'timestamp': 1752701197692}
1752701198.42092,ID:2107,STAGE:2,SEQUENCE:1234,DATA:{'page':'{'sensor': 'Blood Pressure', 'action': 'keypad press', 'key': 2, 'value': 12}','action':'None','timestamp':1752701198497},ANY:{'page': {'sensor': 'Blood Pressure', 'action': 'keypad press', 'key': 2, 'value': 12}, 'timestamp': 1752701198497}
1752701199.947974,ID:2107,STAGE:2,SEQUENCE:1234,DATA:{'page':'{'sensor': 'Blood Pressure', 'action': 'keypad press', 'key': 11, 'value': 120}','action':'None','timestamp':1752701200023},ANY:{'page': {'sensor': 'Blood Pressure', 'action': 'keypad press', 'key': 11, 'value': 120}, 'timestamp': 1752701200023}
1752701201.514574,ID:2107,STAGE:2,SEQUENCE:1234,DATA:{'page':'{'sensor': 'Blood Pressure', 'action': 'keypad press', 'key': 8, 'value': 1208}','action':'None','timestamp':1752701201591},ANY:{'page': {'sensor': 'Blood Pressure', 'action': 'keypad press', 'key': 8, 'value': 1208}, 'timestamp': 1752701201591}
1752701203.588695,ID:2107,STAGE:2,SEQUENCE:1234,DATA:{'page':'{'sensor': 'Blood Pressure', 'action': 'keypad press', 'key': 11, 'value': 12080}','action':'None','timestamp':1752701203665},ANY:{'page': {'sensor': 'Blood Pressure', 'action': 'keypad press', 'key': 11, 'value': 12080}, 'timestamp': 1752701203665}
1752701204.572283,ID:2107,STAGE:2,SEQUENCE:1234,DATA:{'page':'{'sensor': 'Blood Pressure', 'action': 'keypad press', 'key': 9, 'value': 120809}','action':'None','timestamp':1752701204649},ANY:{'page': {'sensor': 'Blood Pressure', 'action': 'keypad press', 'key': 9, 'value': 120809}, 'timestamp': 1752701204649}
1752701206.246092,ID:2107,STAGE:2,SEQUENCE:1234,DATA:{'page':'{'sensor': 'Blood Pressure', 'action': 'keypad press', 'key': 12, 'value': 12080}','action':'None','timestamp':1752701206323},ANY:{'page': {'sensor': 'Blood Pressure', 'action': 'keypad press', 'key': 12, 'value': 12080}, 'timestamp': 1752701206323}
1752701207.43679,ID:2107,STAGE:2,SEQUENCE:1234,DATA:{'page':'{'sensor': 'Blood Pressure', 'action': 'show action buttons'}','action':'None','timestamp':1752701207513},ANY:{'page': {'sensor': 'Blood Pressure', 'action': 'show action buttons'}, 'timestamp': 1752701207513}
1752701207.437287,ID:2107,STAGE:2,SEQUENCE:1234,DATA:{'page':'{'sensor': 'Blood Pressure', 'action': 'keypad press', 'key': 10, 'value': 12080}','action':'None','timestamp':1752701207514},ANY:{'page': {'sensor': 'Blood Pressure', 'action': 'keypad press', 'key': 10, 'value': 12080}, 'timestamp': 1752701207514}
1752701209.125251,ID:2107,STAGE:2,SEQUENCE:1234,DATA:{'page':'{'sensor': 'Blood Pressure', 'action': 'log', 'data': 'action button pressed'}','action':'None','timestamp':1752701209201},ANY:{'page': {'sensor': 'Blood Pressure', 'action': 'log', 'data': 'action button pressed'}, 'timestamp': 1752701209201}
1752701209.125746,ID:2107,STAGE:2,SEQUENCE:1234,DATA:{'page':'{'sensor': 'Blood Pressure', 'action': 'log', 'data': 'starting sensor action'}','action':'None','timestamp':1752701209202},ANY:{'page': {'sensor': 'Blood Pressure', 'action': 'log', 'data': 'starting sensor action'}, 'timestamp': 1752701209202}
1752701210.143896,ID:2107,STAGE:2,SEQUENCE:1234,DATA:{'page':'{'sensor': 'Blood Pressure', 'action': 'log', 'data': 'sensor action complete'}','action':'None','timestamp':1752701210220},ANY:{'page': {'sensor': 'Blood Pressure', 'action': 'log', 'data': 'sensor action complete'}, 'timestamp': 1752701210220}
1752701211.203696,ID:2107,STAGE:2,SEQUENCE:1234,DATA:{'page':'{'sensor': 'Blood Pressure', 'action': 'save', 'data': 'starting sensor action'}','action':'None','timestamp':1752701211280},ANY:{'page': {'sensor': 'Blood Pressure', 'action': 'save', 'data': 'starting sensor action'}, 'timestamp': 1752701211280}
1752701212.221287,ID:2107,STAGE:2,SEQUENCE:1234,DATA:{'page':'{'sensor': 'Blood Pressure', 'action': 'save', 'data': 'sensor action complete'}','action':'None','timestamp':1752701212298},ANY:{'page': {'sensor': 'Blood Pressure', 'action': 'save', 'data': 'sensor action complete'}, 'timestamp': 1752701212298}
1752701217.374469,ID:2107,STAGE:2,SEQUENCE:1234,DATA:{'page':'{'sensor': 'O₂ Saturation', 'action': 'opened sensor tab'}','action':'None','timestamp':1752701217451},ANY:{'page': {'sensor': 'O₂ Saturation', 'action': 'opened sensor tab'}, 'timestamp': 1752701217451}
1752701219.588433,ID:2107,STAGE:2,SEQUENCE:1234,DATA:{'page':'{'sensor': 'O₂ Saturation', 'action': 'capture', 'data': 'action button pressed'}','action':'None','timestamp':1752701219665},ANY:{'page': {'sensor': 'O₂ Saturation', 'action': 'capture', 'data': 'action button pressed'}, 'timestamp': 1752701219665}
1752701219.588929,ID:2107,STAGE:2,SEQUENCE:1234,DATA:{'page':'{'sensor': 'O₂ Saturation', 'action': 'capture', 'data': 'starting sensor action'}','action':'None','timestamp':1752701219665},ANY:{'page': {'sensor': 'O₂ Saturation', 'action': 'capture', 'data': 'starting sensor action'}, 'timestamp': 1752701219665}
1752701220.602315,ID:2107,STAGE:2,SEQUENCE:1234,DATA:{'page':'{'sensor': 'O₂ Saturation', 'action': 'capture', 'data': 'sensor action complete'}','action':'None','timestamp':1752701220677},ANY:{'page': {'sensor': 'O₂ Saturation', 'action': 'capture', 'data': 'sensor action complete'}, 'timestamp': 1752701220677}
1752701220.603307,ID:2107,STAGE:2,SEQUENCE:1234,DATA:{'page':'{'sensor': 'O₂ Saturation', 'action': 'keypad open'}','action':'None','timestamp':1752701220679},ANY:{'page': {'sensor': 'O₂ Saturation', 'action': 'keypad open'}, 'timestamp': 1752701220679}
1752701223.545552,ID:2107,STAGE:2,SEQUENCE:1234,DATA:{'page':'{'sensor': 'O₂ Saturation', 'action': 'keypad press', 'key': 1, 'value': 1}','action':'None','timestamp':1752701223621},ANY:{'page': {'sensor': 'O₂ Saturation', 'action': 'keypad press', 'key': 1, 'value': 1}, 'timestamp': 1752701223621}
1752701224.958239,ID:2107,STAGE:2,SEQUENCE:1234,DATA:{'page':'{'sensor': 'O₂ Saturation', 'action': 'keypad press', 'key': 11, 'value': 10}','action':'None','timestamp':1752701225035},ANY:{'page': {'sensor': 'O₂ Saturation', 'action': 'keypad press', 'key': 11, 'value': 10}, 'timestamp': 1752701225035}
1752701225.574321,ID:2107,STAGE:2,SEQUENCE:1234,DATA:{'page':'{'sensor': 'O₂ Saturation', 'action': 'keypad press', 'key': 11, 'value': 100}','action':'None','timestamp':1752701225651},ANY:{'page': {'sensor': 'O₂ Saturation', 'action': 'keypad press', 'key': 11, 'value': 100}, 'timestamp': 1752701225651}
1752701226.535725,ID:2107,STAGE:2,SEQUENCE:1234,DATA:{'page':'{'sensor': 'O₂ Saturation', 'action': 'show action buttons'}','action':'None','timestamp':1752701226612},ANY:{'page': {'sensor': 'O₂ Saturation', 'action': 'show action buttons'}, 'timestamp': 1752701226612}
1752701226.536221,ID:2107,STAGE:2,SEQUENCE:1234,DATA:{'page':'{'sensor': 'O₂ Saturation', 'action': 'keypad press', 'key': 10, 'value': 100}','action':'None','timestamp':1752701226612},ANY:{'page': {'sensor': 'O₂ Saturation', 'action': 'keypad press', 'key': 10, 'value': 100}, 'timestamp': 1752701226612}
1752701228.803654,ID:2107,STAGE:2,SEQUENCE:1234,DATA:{'page':'{'sensor': 'O₂ Saturation', 'action': 'log', 'data': 'action button pressed'}','action':'None','timestamp':1752701228878},ANY:{'page': {'sensor': 'O₂ Saturation', 'action': 'log', 'data': 'action button pressed'}, 'timestamp': 1752701228878}
1752701228.804646,ID:2107,STAGE:2,SEQUENCE:1234,DATA:{'page':'{'sensor': 'O₂ Saturation', 'action': 'log', 'data': 'starting sensor action'}','action':'None','timestamp':1752701228879},ANY:{'page': {'sensor': 'O₂ Saturation', 'action': 'log', 'data': 'starting sensor action'}, 'timestamp': 1752701228879}
1752701229.815096,ID:2107,STAGE:2,SEQUENCE:1234,DATA:{'page':'{'sensor': 'O₂ Saturation', 'action': 'log', 'data': 'sensor action complete'}','action':'None','timestamp':1752701229892},ANY:{'page': {'sensor': 'O₂ Saturation', 'action': 'log', 'data': 'sensor action complete'}, 'timestamp': 1752701229892}
1752701230.339015,ID:2107,STAGE:2,SEQUENCE:1234,DATA:{'page':'{'sensor': 'O₂ Saturation', 'action': 'save', 'data': 'action button pressed'}','action':'None','timestamp':1752701230415},ANY:{'page': {'sensor': 'O₂ Saturation', 'action': 'save', 'data': 'action button pressed'}, 'timestamp': 1752701230415}
1752701230.340534,ID:2107,STAGE:2,SEQUENCE:1234,DATA:{'page':'{'sensor': 'O₂ Saturation', 'action': 'save', 'data': 'starting sensor action'}','action':'None','timestamp':1752701230416},ANY:{'page': {'sensor': 'O₂ Saturation', 'action': 'save', 'data': 'starting sensor action'}, 'timestamp': 1752701230416}
1752701231.352879,ID:2107,STAGE:2,SEQUENCE:1234,DATA:{'page':'{'sensor': 'O₂ Saturation', 'action': 'save', 'data': 'sensor action complete'}','action':'None','timestamp':1752701231430},ANY:{'page': {'sensor': 'O₂ Saturation', 'action': 'save', 'data': 'sensor action complete'}, 'timestamp': 1752701231430}
1752701233.224993,ID:2107,STAGE:2,SEQUENCE:1234,DATA:{'page':'{'sensor': 'Heart Rate', 'action': 'opened sensor tab'}','action':'None','timestamp':1752701233301},ANY:{'page': {'sensor': 'Heart Rate', 'action': 'opened sensor tab'}, 'timestamp': 1752701233301}
1752701236.583673,ID:2107,STAGE:2,SEQUENCE:1234,DATA:{'page':'{'sensor': 'Heart Rate', 'action': 'capture', 'data': 'action button pressed'}','action':'None','timestamp':1752701236659},ANY:{'page': {'sensor': 'Heart Rate', 'action': 'capture', 'data': 'action button pressed'}, 'timestamp': 1752701236659}
1752701236.584169,ID:2107,STAGE:2,SEQUENCE:1234,DATA:{'page':'{'sensor': 'Heart Rate', 'action': 'capture', 'data': 'starting sensor action'}','action':'None','timestamp':1752701236660},ANY:{'page': {'sensor': 'Heart Rate', 'action': 'capture', 'data': 'starting sensor action'}, 'timestamp': 1752701236660}
1752701237.599277,ID:2107,STAGE:2,SEQUENCE:1234,DATA:{'page':'{'sensor': 'Heart Rate', 'action': 'capture', 'data': 'sensor action complete'}','action':'None','timestamp':1752701237673},ANY:{'page': {'sensor': 'Heart Rate', 'action': 'capture', 'data': 'sensor action complete'}, 'timestamp': 1752701237673}
1752701237.600269,ID:2107,STAGE:2,SEQUENCE:1234,DATA:{'page':'{'sensor': 'Heart Rate', 'action': 'keypad open'}','action':'None','timestamp':1752701237674},ANY:{'page': {'sensor': 'Heart Rate', 'action': 'keypad open'}, 'timestamp': 1752701237674}
1752701239.308144,ID:2107,STAGE:2,SEQUENCE:1234,DATA:{'page':'{'sensor': 'Heart Rate', 'action': 'keypad press', 'key': 5, 'value': 5}','action':'None','timestamp':1752701239385},ANY:{'page': {'sensor': 'Heart Rate', 'action': 'keypad press', 'key': 5, 'value': 5}, 'timestamp': 1752701239385}
1752701239.812255,ID:2107,STAGE:2,SEQUENCE:1234,DATA:{'page':'{'sensor': 'Heart Rate', 'action': 'keypad press', 'key': 5, 'value': 55}','action':'None','timestamp':1752701239867},ANY:{'page': {'sensor': 'Heart Rate', 'action': 'keypad press', 'key': 5, 'value': 55}, 'timestamp': 1752701239867}
1752701241.245729,ID:2107,STAGE:2,SEQUENCE:1234,DATA:{'page':'{'sensor': 'Heart Rate', 'action': 'show action buttons'}','action':'None','timestamp':1752701241322},ANY:{'page': {'sensor': 'Heart Rate', 'action': 'show action buttons'}, 'timestamp': 1752701241322}
1752701241.246723,ID:2107,STAGE:2,SEQUENCE:1234,DATA:{'page':'{'sensor': 'Heart Rate', 'action': 'keypad press', 'key': 10, 'value': 55}','action':'None','timestamp':1752701241322},ANY:{'page': {'sensor': 'Heart Rate', 'action': 'keypad press', 'key': 10, 'value': 55}, 'timestamp': 1752701241322}
1752701242.37904,ID:2107,STAGE:2,SEQUENCE:1234,DATA:{'page':'{'sensor': 'Heart Rate', 'action': 'log', 'data': 'starting sensor action'}','action':'None','timestamp':1752701242456},ANY:{'page': {'sensor': 'Heart Rate', 'action': 'log', 'data': 'starting sensor action'}, 'timestamp': 1752701242456}
1752701243.399593,ID:2107,STAGE:2,SEQUENCE:1234,DATA:{'page':'{'sensor': 'Heart Rate', 'action': 'log', 'data': 'sensor action complete'}','action':'None','timestamp':1752701243476},ANY:{'page': {'sensor': 'Heart Rate', 'action': 'log', 'data': 'sensor action complete'}, 'timestamp': 1752701243476}
1752701244.422457,ID:2107,STAGE:2,SEQUENCE:1234,DATA:{'page':'{'sensor': 'Heart Rate', 'action': 'save', 'data': 'action button pressed'}','action':'None','timestamp':1752701244498},ANY:{'page': {'sensor': 'Heart Rate', 'action': 'save', 'data': 'action button pressed'}, 'timestamp': 1752701244498}
1752701244.422959,ID:2107,STAGE:2,SEQUENCE:1234,DATA:{'page':'{'sensor': 'Heart Rate', 'action': 'save', 'data': 'starting sensor action'}','action':'None','timestamp':1752701244498},ANY:{'page': {'sensor': 'Heart Rate', 'action': 'save', 'data': 'starting sensor action'}, 'timestamp': 1752701244498}
1752701245.438716,ID:2107,STAGE:2,SEQUENCE:1234,DATA:{'page':'{'sensor': 'Heart Rate', 'action': 'save', 'data': 'sensor action complete'}','action':'None','timestamp':1752701245515},ANY:{'page': {'sensor': 'Heart Rate', 'action': 'save', 'data': 'sensor action complete'}, 'timestamp': 1752701245515}
1752701248.047191,ID:2107,STAGE:2,SEQUENCE:1234,DATA:{'page':'{'sensor': 'submit', 'action': 'submit', 'data': 'submit succeeded'}','action':'None','timestamp':1752701248124},ANY:{'page': {'sensor': 'submit', 'action': 'submit', 'data': 'submit succeeded'}, 'timestamp': 1752701248124}
1752701251.400012,ID:2107,STAGE:2,SEQUENCE:1234,DATA:{'page':'{'page': 'speak text', 'action': 'Receieved text and level:Vitals received.normal'}','action':'None','timestamp':1752701251396},ANY:{'page': {'page': 'speak text', 'action': 'Receieved text and level:Vitals received.normal'}, 'timestamp': 1752701251396}
1752701251.401003,ID:2107,STAGE:2,SEQUENCE:1234,DATA:{'page':'{'page': 'Jarvis speaking', 'action': 'Message: Vitals received. Stress level: normal'}','action':'None','timestamp':1752701251396},ANY:{'page': {'page': 'Jarvis speaking', 'action': 'Message: Vitals received. Stress level: normal'}, 'timestamp': 1752701251396}
1752701254.438135,ID:2107,STAGE:2,SEQUENCE:1234,DATA:{'page':'{'page': 'Ground speaking', 'action': 'N A S X G S, this is Ground Control asking for update on flight status, patient status and estimated time to destination.'}','action':'None','timestamp':1752701254515},ANY:{'page': {'page': 'Ground speaking', 'action': 'N A S X G S, this is Ground Control asking for update on flight status, patient status and estimated time to destination.'}, 'timestamp': 1752701254515}
1752701254.438631,ID:2107,STAGE:2,SEQUENCE:1234,DATA:{'page':'{'page': 'radio update', 'action': 'radio update asked'}','action':'None','timestamp':1752701254515},ANY:{'page': {'page': 'radio update', 'action': 'radio update asked'}, 'timestamp': 1752701254515}
1752701254.439127,ID:2107,STAGE:2,SEQUENCE:1234,DATA:{'page':'{'page': 'radio prompt', 'action': 'radio update prompt 1'}','action':'None','timestamp':1752701254515},ANY:{'page': {'page': 'radio prompt', 'action': 'radio update prompt 1'}, 'timestamp': 1752701254515}
1752701261.726369,ID:2107,STAGE:2,SEQUENCE:1234,DATA:{'page':'{'page': 'speak text', 'action': 'Receieved text and level:Opening mapnormal'}','action':'None','timestamp':1752701261723},ANY:{'page': {'page': 'speak text', 'action': 'Receieved text and level:Opening mapnormal'}, 'timestamp': 1752701261723}
1752701261.726863,ID:2107,STAGE:2,SEQUENCE:1234,DATA:{'page':'{'page': 'Jarvis speaking', 'action': 'Message: Opening map Stress level: normal'}','action':'None','timestamp':1752701261724},ANY:{'page': {'page': 'Jarvis speaking', 'action': 'Message: Opening map Stress level: normal'}, 'timestamp': 1752701261724}
1752701262.673437,ID:2107,STAGE:2,SEQUENCE:1234,DATA:{'page':'{'page': 'map', 'action': 'show map'}','action':'None','timestamp':1752701262669},ANY:{'page': {'page': 'map', 'action': 'show map'}, 'timestamp': 1752701262669}
 'value': '21'}, 'timestamp': 1752701262670}
1752701263.190409,ID:2107,STAGE:2,SEQUENCE:1234,DATA:{'page':'{'page': 'map', 'action': 'selected helipad', 'value': '21'}','action':'None','timestamp':1752701263187},ANY:{'page': {'page': 'map', 'action': 'selected helipad', 'value': '21'}, 'timestamp': 1752701263187}
1752701288.964285,ID:2107,STAGE:2,SEQUENCE:1234,DATA:{'page':'{'page': 'inflight', 'action': 'displaying vitals prompt'}','action':'None','timestamp':1752701289040},ANY:{'page': {'page': 'inflight', 'action': 'displaying vitals prompt'}, 'timestamp': 1752701289040}
1752701288.964781,ID:2107,STAGE:2,SEQUENCE:1234,DATA:{'page':'{'page': 'vitals prompt', 'action': 'log vitals prompted'}','action':'None','timestamp':1752701289041},ANY:{'page': {'page': 'vitals prompt', 'action': 'log vitals prompted'}, 'timestamp': 1752701289041}
1752701288.965772,ID:2107,STAGE:2,SEQUENCE:1234,DATA:{'page':'{'page': 'vitals prompt', 'action': 'vitals_prompt 2'}','action':'None','timestamp':1752701289041},ANY:{'page': {'page': 'vitals prompt', 'action': 'vitals_prompt 2'}, 'timestamp': 1752701289041}
1752701292.464556,ID:2107,STAGE:2,SEQUENCE:1234,DATA:{'page':'{'page': 'map', 'action': 'selected helipad', 'value': '17'}','action':'None','timestamp':1752701292461},ANY:{'page': {'page': 'map', 'action': 'selected helipad', 'value': '17'}, 'timestamp': 1752701292461}
1752701303.964702,ID:2107,STAGE:2,SEQUENCE:1234,DATA:{'page':'{'page': 'vitals prompt', 'action': 'auto off vitals prompt'}','action':'None','timestamp':1752701304042},ANY:{'page': {'page': 'vitals prompt', 'action': 'auto off vitals prompt'}, 'timestamp': 1752701304042}
1752701306.37792,ID:2107,STAGE:2,SEQUENCE:1234,DATA:{'page':'{'page': 'map', 'action': 'selected helipad', 'value': 100}','action':'None','timestamp':1752701306375},ANY:{'page': {'page': 'map', 'action': 'selected helipad', 'value': 100}, 'timestamp': 1752701306375}
1752701339.572573,ID:2107,STAGE:2,SEQUENCE:1234,DATA:{'page':'{'page': 'map', 'action': 'selected helipad', 'value': '5'}','action':'None','timestamp':1752701339569},ANY:{'page': {'page': 'map', 'action': 'selected helipad', 'value': '5'}, 'timestamp': 1752701339569}
1752701346.504852,ID:2107,STAGE:2,SEQUENCE:1234,DATA:{'page':'{'page': 'Ground speaking', 'action': 'N A S X G S, this is Ground Control asking for update on flight status, patient status and estimated time to destination.'}','action':'None','timestamp':1752701346581},ANY:{'page': {'page': 'Ground speaking', 'action': 'N A S X G S, this is Ground Control asking for update on flight status, patient status and estimated time to destination.'}, 'timestamp': 1752701346581}
1752701346.508258,ID:2107,STAGE:2,SEQUENCE:1234,DATA:{'page':'{'page': 'radio update', 'action': 'radio update asked'}','action':'None','timestamp':1752701346582},ANY:{'page': {'page': 'radio update', 'action': 'radio update asked'}, 'timestamp': 1752701346582}
1752701346.509253,ID:2107,STAGE:2,SEQUENCE:1234,DATA:{'page':'{'page': 'radio prompt', 'action': 'radio update prompt 2'}','action':'None','timestamp':1752701346582},ANY:{'page': {'page': 'radio prompt', 'action': 'radio update prompt 2'}, 'timestamp': 1752701346582}
1752701392.541653,ID:2107,STAGE:2,SEQUENCE:1234,DATA:{'page':'{'page': 'map', 'action': 'selected helipad', 'value': '16'}','action':'None','timestamp':1752701392538},ANY:{'page': {'page': 'map', 'action': 'selected helipad', 'value': '16'}, 'timestamp': 1752701392538}
1752701393.354494,ID:2107,STAGE:2,SEQUENCE:1234,DATA:{'page':'{'page': 'map', 'action': 'selected helipad', 'value': '9'}','action':'None','timestamp':1752701393348},ANY:{'page': {'page': 'map', 'action': 'selected helipad', 'value': '9'}, 'timestamp': 1752701393348}
1752701399.689696,ID:2107,STAGE:2,SEQUENCE:1234,DATA:{'page':'{'page': 'map', 'action': 'selected helipad', 'value': '14'}','action':'None','timestamp':1752701399687},ANY:{'page': {'page': 'map', 'action': 'selected helipad', 'value': '14'}, 'timestamp': 1752701399687}
1752701414.906247,ID:2107,STAGE:2,SEQUENCE:1234,DATA:{'page':'{'page': 'map', 'action': 'selected helipad', 'value': 100}','action':'None','timestamp':1752701414904},ANY:{'page': {'page': 'map', 'action': 'selected helipad', 'value': 100}, 'timestamp': 1752701414904}
1752701418.684242,ID:2107,STAGE:2,SEQUENCE:1234,DATA:{'page':'{'page': 'inflight', 'action': 'displaying vitals prompt'}','action':'None','timestamp':1752701418761},ANY:{'page': {'page': 'inflight', 'action': 'displaying vitals prompt'}, 'timestamp': 1752701418761}
1752701418.687714,ID:2107,STAGE:2,SEQUENCE:1234,DATA:{'page':'{'page': 'vitals prompt', 'action': 'log vitals prompted'}','action':'None','timestamp':1752701418762},ANY:{'page': {'page': 'vitals prompt', 'action': 'log vitals prompted'}, 'timestamp': 1752701418762}
1752701418.688708,ID:2107,STAGE:2,SEQUENCE:1234,DATA:{'page':'{'page': 'vitals prompt', 'action': 'vitals_prompt 3'}','action':'None','timestamp':1752701418763},ANY:{'page': {'page': 'vitals prompt', 'action': 'vitals_prompt 3'}, 'timestamp': 1752701418763}
1752701422.809917,ID:2107,STAGE:2,SEQUENCE:1234,DATA:{'page':'{'action': 'user acknowledged vitals prompt'}','action':'None','timestamp':1752701422887},ANY:{'page': {'action': 'user acknowledged vitals prompt'}, 'timestamp': 1752701422887}
1752701428.30793,ID:2107,STAGE:2,SEQUENCE:1234,DATA:{'page':'{'sensor': 'Heart Rate', 'action': 'capture', 'data': 'action button pressed'}','action':'None','timestamp':1752701428386},ANY:{'page': {'sensor': 'Heart Rate', 'action': 'capture', 'data': 'action button pressed'}, 'timestamp': 1752701428386}
1752701428.308426,ID:2107,STAGE:2,SEQUENCE:1234,DATA:{'page':'{'sensor': 'Heart Rate', 'action': 'capture', 'data': 'starting sensor action'}','action':'None','timestamp':1752701428386},ANY:{'page': {'sensor': 'Heart Rate', 'action': 'capture', 'data': 'starting sensor action'}, 'timestamp': 1752701428386}
1752701429.320409,ID:2107,STAGE:2,SEQUENCE:1234,DATA:{'page':'{'sensor': 'Heart Rate', 'action': 'capture', 'data': 'sensor action complete'}','action':'None','timestamp':1752701429397},ANY:{'page': {'sensor': 'Heart Rate', 'action': 'capture', 'data': 'sensor action complete'}, 'timestamp': 1752701429397}
1752701430.674762,ID:2107,STAGE:2,SEQUENCE:1234,DATA:{'page':'{'sensor': 'Heart Rate', 'action': 'keypad press', 'key': 5, 'value': 5}','action':'None','timestamp':1752701430752},ANY:{'page': {'sensor': 'Heart Rate', 'action': 'keypad press', 'key': 5, 'value': 5}, 'timestamp': 1752701430752}
1752701431.245638,ID:2107,STAGE:2,SEQUENCE:1234,DATA:{'page':'{'sensor': 'Heart Rate', 'action': 'keypad press', 'key': 5, 'value': 55}','action':'None','timestamp':1752701431324},ANY:{'page': {'sensor': 'Heart Rate', 'action': 'keypad press', 'key': 5, 'value': 55}, 'timestamp': 1752701431324}
1752701432.183114,ID:2107,STAGE:2,SEQUENCE:1234,DATA:{'page':'{'sensor': 'Heart Rate', 'action': 'show action buttons'}','action':'None','timestamp':1752701432261},ANY:{'page': {'sensor': 'Heart Rate', 'action': 'show action buttons'}, 'timestamp': 1752701432261}
1752701432.18361,ID:2107,STAGE:2,SEQUENCE:1234,DATA:{'page':'{'sensor': 'Heart Rate', 'action': 'keypad press', 'key': 10, 'value': 55}','action':'None','timestamp':1752701432261},ANY:{'page': {'sensor': 'Heart Rate', 'action': 'keypad press', 'key': 10, 'value': 55}, 'timestamp': 1752701432261}
1752701433.684825,ID:2107,STAGE:2,SEQUENCE:1234,DATA:{'page':'{'page': 'vitals prompt', 'action': 'auto off vitals prompt'}','action':'None','timestamp':1752701433763},ANY:{'page': {'page': 'vitals prompt', 'action': 'auto off vitals prompt'}, 'timestamp': 1752701433763}
1752701434.390657,ID:2107,STAGE:2,SEQUENCE:1234,DATA:{'page':'{'sensor': 'Heart Rate', 'action': 'log', 'data': 'starting sensor action'}','action':'None','timestamp':1752701434466},ANY:{'page': {'sensor': 'Heart Rate', 'action': 'log', 'data': 'starting sensor action'}, 'timestamp': 1752701434466}
1752701435.40075,ID:2107,STAGE:2,SEQUENCE:1234,DATA:{'page':'{'sensor': 'Heart Rate', 'action': 'log', 'data': 'sensor action complete'}','action':'None','timestamp':1752701435479},ANY:{'page': {'sensor': 'Heart Rate', 'action': 'log', 'data': 'sensor action complete'}, 'timestamp': 1752701435479}
1752701436.744431,ID:2107,STAGE:2,SEQUENCE:1234,DATA:{'page':'{'sensor': 'Heart Rate', 'action': 'save', 'data': 'action button pressed'}','action':'None','timestamp':1752701436821},ANY:{'page': {'sensor': 'Heart Rate', 'action': 'save', 'data': 'action button pressed'}, 'timestamp': 1752701436821}
1752701436.74543,ID:2107,STAGE:2,SEQUENCE:1234,DATA:{'page':'{'sensor': 'Heart Rate', 'action': 'save', 'data': 'starting sensor action'}','action':'None','timestamp':1752701436821},ANY:{'page': {'sensor': 'Heart Rate', 'action': 'save', 'data': 'starting sensor action'}, 'timestamp': 1752701436821}
1752701437.758069,ID:2107,STAGE:2,SEQUENCE:1234,DATA:{'page':'{'sensor': 'Heart Rate', 'action': 'save', 'data': 'sensor action complete'}','action':'None','timestamp':1752701437835},ANY:{'page': {'sensor': 'Heart Rate', 'action': 'save', 'data': 'sensor action complete'}, 'timestamp': 1752701437835}
1752701441.089394,ID:2107,STAGE:2,SEQUENCE:1234,DATA:{'page':'{'sensor': 'O₂ Saturation', 'action': 'opened sensor tab'}','action':'None','timestamp':1752701441167},ANY:{'page': {'sensor': 'O₂ Saturation', 'action': 'opened sensor tab'}, 'timestamp': 1752701441167}
1752701443.43556,ID:2107,STAGE:2,SEQUENCE:1234,DATA:{'page':'{'sensor': 'O₂ Saturation', 'action': 'capture', 'data': 'starting sensor action'}','action':'None','timestamp':1752701443513},ANY:{'page': {'sensor': 'O₂ Saturation', 'action': 'capture', 'data': 'starting sensor action'}, 'timestamp': 1752701443513}
1752701444.45452,ID:2107,STAGE:2,SEQUENCE:1234,DATA:{'page':'{'sensor': 'O₂ Saturation', 'action': 'capture', 'data': 'sensor action complete'}','action':'None','timestamp':1752701444531},ANY:{'page': {'sensor': 'O₂ Saturation', 'action': 'capture', 'data': 'sensor action complete'}, 'timestamp': 1752701444531}
1752701446.069117,ID:2107,STAGE:2,SEQUENCE:1234,DATA:{'page':'{'sensor': 'O₂ Saturation', 'action': 'keypad press', 'key': 1, 'value': 1}','action':'None','timestamp':1752701446147},ANY:{'page': {'sensor': 'O₂ Saturation', 'action': 'keypad press', 'key': 1, 'value': 1}, 'timestamp': 1752701446147}
1752701447.257466,ID:2107,STAGE:2,SEQUENCE:1234,DATA:{'page':'{'sensor': 'O₂ Saturation', 'action': 'keypad press', 'key': 11, 'value': 10}','action':'None','timestamp':1752701447334},ANY:{'page': {'sensor': 'O₂ Saturation', 'action': 'keypad press', 'key': 11, 'value': 10}, 'timestamp': 1752701447334}
1752701447.626732,ID:2107,STAGE:2,SEQUENCE:1234,DATA:{'page':'{'sensor': 'O₂ Saturation', 'action': 'keypad press', 'key': 11, 'value': 100}','action':'None','timestamp':1752701447704},ANY:{'page': {'sensor': 'O₂ Saturation', 'action': 'keypad press', 'key': 11, 'value': 100}, 'timestamp': 1752701447704}
1752701448.68203,ID:2107,STAGE:2,SEQUENCE:1234,DATA:{'page':'{'sensor': 'O₂ Saturation', 'action': 'show action buttons'}','action':'None','timestamp':1752701448759},ANY:{'page': {'sensor': 'O₂ Saturation', 'action': 'show action buttons'}, 'timestamp': 1752701448759}
1752701448.683516,ID:2107,STAGE:2,SEQUENCE:1234,DATA:{'page':'{'sensor': 'O₂ Saturation', 'action': 'keypad press', 'key': 10, 'value': 100}','action':'None','timestamp':1752701448759},ANY:{'page': {'sensor': 'O₂ Saturation', 'action': 'keypad press', 'key': 10, 'value': 100}, 'timestamp': 1752701448759}
1752701450.216201,ID:2107,STAGE:2,SEQUENCE:1234,DATA:{'page':'{'sensor': 'O₂ Saturation', 'action': 'log', 'data': 'starting sensor action'}','action':'None','timestamp':1752701450293},ANY:{'page': {'sensor': 'O₂ Saturation', 'action': 'log', 'data': 'starting sensor action'}, 'timestamp': 1752701450293}
1752701451.227996,ID:2107,STAGE:2,SEQUENCE:1234,DATA:{'page':'{'sensor': 'O₂ Saturation', 'action': 'log', 'data': 'sensor action complete'}','action':'None','timestamp':1752701451306},ANY:{'page': {'sensor': 'O₂ Saturation', 'action': 'log', 'data': 'sensor action complete'}, 'timestamp': 1752701451306}
1752701451.780173,ID:2107,STAGE:2,SEQUENCE:1234,DATA:{'page':'{'sensor': 'O₂ Saturation', 'action': 'save', 'data': 'action button pressed'}','action':'None','timestamp':1752701451857},ANY:{'page': {'sensor': 'O₂ Saturation', 'action': 'save', 'data': 'action button pressed'}, 'timestamp': 1752701451857}
1752701451.780669,ID:2107,STAGE:2,SEQUENCE:1234,DATA:{'page':'{'sensor': 'O₂ Saturation', 'action': 'save', 'data': 'starting sensor action'}','action':'None','timestamp':1752701451858},ANY:{'page': {'sensor': 'O₂ Saturation', 'action': 'save', 'data': 'starting sensor action'}, 'timestamp': 1752701451858}
1752701452.793644,ID:2107,STAGE:2,SEQUENCE:1234,DATA:{'page':'{'sensor': 'O₂ Saturation', 'action': 'save', 'data': 'sensor action complete'}','action':'None','timestamp':1752701452871},ANY:{'page': {'sensor': 'O₂ Saturation', 'action': 'save', 'data': 'sensor action complete'}, 'timestamp': 1752701452871}
1752701455.331269,ID:2107,STAGE:2,SEQUENCE:1234,DATA:{'page':'{'sensor': 'Blood Pressure', 'action': 'opened sensor tab'}','action':'None','timestamp':1752701455410},ANY:{'page': {'sensor': 'Blood Pressure', 'action': 'opened sensor tab'}, 'timestamp': 1752701455410}
1752701457.270685,ID:2107,STAGE:2,SEQUENCE:1234,DATA:{'page':'{'sensor': 'Blood Pressure', 'action': 'capture', 'data': 'action button pressed'}','action':'None','timestamp':1752701457347},ANY:{'page': {'sensor': 'Blood Pressure', 'action': 'capture', 'data': 'action button pressed'}, 'timestamp': 1752701457347}
1752701457.27465,ID:2107,STAGE:2,SEQUENCE:1234,DATA:{'page':'{'sensor': 'Blood Pressure', 'action': 'capture', 'data': 'starting sensor action'}','action':'None','timestamp':1752701457349},ANY:{'page': {'sensor': 'Blood Pressure', 'action': 'capture', 'data': 'starting sensor action'}, 'timestamp': 1752701457349}
1752701458.296393,ID:2107,STAGE:2,SEQUENCE:1234,DATA:{'page':'{'sensor': 'Blood Pressure', 'action': 'keypad open'}','action':'None','timestamp':1752701458374},ANY:{'page': {'sensor': 'Blood Pressure', 'action': 'keypad open'}, 'timestamp': 1752701458374}
a': 'sensor action complete'}, 'timestamp': 1752701458373}
1752701459.683961,ID:2107,STAGE:2,SEQUENCE:1234,DATA:{'page':'{'sensor': 'Blood Pressure', 'action': 'keypad press', 'key': 1, 'value': 1}','action':'None','timestamp':1752701459761},ANY:{'page': {'sensor': 'Blood Pressure', 'action': 'keypad press', 'key': 1, 'value': 1}, 'timestamp': 1752701459761}
1752701460.495514,ID:2107,STAGE:2,SEQUENCE:1234,DATA:{'page':'{'sensor': 'Blood Pressure', 'action': 'keypad press', 'key': 2, 'value': 12}','action':'None','timestamp':1752701460572},ANY:{'page': {'sensor': 'Blood Pressure', 'action': 'keypad press', 'key': 2, 'value': 12}, 'timestamp': 1752701460572}
1752701460.991646,ID:2107,STAGE:2,SEQUENCE:1234,DATA:{'page':'{'page': 'Ground speaking', 'action': 'N A S X G S, this is Ground Control asking for update on flight status, patient status and estimated time to destination.'}','action':'None','timestamp':1752701461071},ANY:{'page': {'page': 'Ground speaking', 'action': 'N A S X G S, this is Ground Control asking for update on flight status, patient status and estimated time to destination.'}, 'timestamp': 1752701461071}
1752701460.993134,ID:2107,STAGE:2,SEQUENCE:1234,DATA:{'page':'{'page': 'radio update', 'action': 'radio update asked'}','action':'None','timestamp':1752701461071},ANY:{'page': {'page': 'radio update', 'action': 'radio update asked'}, 'timestamp': 1752701461071}
1752701460.99363,ID:2107,STAGE:2,SEQUENCE:1234,DATA:{'page':'{'page': 'radio prompt', 'action': 'radio update prompt 3'}','action':'None','timestamp':1752701461071},ANY:{'page': {'page': 'radio prompt', 'action': 'radio update prompt 3'}, 'timestamp': 1752701461071}
1752701461.859377,ID:2107,STAGE:2,SEQUENCE:1234,DATA:{'page':'{'sensor': 'Blood Pressure', 'action': 'keypad press', 'key': 11, 'value': 120}','action':'None','timestamp':1752701461937},ANY:{'page': {'sensor': 'Blood Pressure', 'action': 'keypad press', 'key': 11, 'value': 120}, 'timestamp': 1752701461937}
1752701462.93441,ID:2107,STAGE:2,SEQUENCE:1234,DATA:{'page':'{'sensor': 'Blood Pressure', 'action': 'keypad press', 'key': 8, 'value': 1208}','action':'None','timestamp':1752701463011},ANY:{'page': {'sensor': 'Blood Pressure', 'action': 'keypad press', 'key': 8, 'value': 1208}, 'timestamp': 1752701463011}
1752701464.319621,ID:2107,STAGE:2,SEQUENCE:1234,DATA:{'page':'{'sensor': 'Blood Pressure', 'action': 'keypad press', 'key': 11, 'value': 12080}','action':'None','timestamp':1752701464398},ANY:{'page': {'sensor': 'Blood Pressure', 'action': 'keypad press', 'key': 11, 'value': 12080}, 'timestamp': 1752701464398}
1752701465.22166,ID:2107,STAGE:2,SEQUENCE:1234,DATA:{'page':'{'sensor': 'Blood Pressure', 'action': 'show action buttons'}','action':'None','timestamp':1752701465300},ANY:{'page': {'sensor': 'Blood Pressure', 'action': 'show action buttons'}, 'timestamp': 1752701465300}
1752701465.223149,ID:2107,STAGE:2,SEQUENCE:1234,DATA:{'page':'{'sensor': 'Blood Pressure', 'action': 'keypad press', 'key': 10, 'value': 12080}','action':'None','timestamp':1752701465301},ANY:{'page': {'sensor': 'Blood Pressure', 'action': 'keypad press', 'key': 10, 'value': 12080}, 'timestamp': 1752701465301}
1752701467.083926,ID:2107,STAGE:2,SEQUENCE:1234,DATA:{'page':'{'sensor': 'Blood Pressure', 'action': 'log', 'data': 'action button pressed'}','action':'None','timestamp':1752701467160},ANY:{'page': {'sensor': 'Blood Pressure', 'action': 'log', 'data': 'action button pressed'}, 'timestamp': 1752701467160}
1752701467.084422,ID:2107,STAGE:2,SEQUENCE:1234,DATA:{'page':'{'sensor': 'Blood Pressure', 'action': 'log', 'data': 'starting sensor action'}','action':'None','timestamp':1752701467161},ANY:{'page': {'sensor': 'Blood Pressure', 'action': 'log', 'data': 'starting sensor action'}, 'timestamp': 1752701467161}
1752701468.095379,ID:2107,STAGE:2,SEQUENCE:1234,DATA:{'page':'{'sensor': 'Blood Pressure', 'action': 'log', 'data': 'sensor action complete'}','action':'None','timestamp':1752701468173},ANY:{'page': {'sensor': 'Blood Pressure', 'action': 'log', 'data': 'sensor action complete'}, 'timestamp': 1752701468173}
1752701468.749587,ID:2107,STAGE:2,SEQUENCE:1234,DATA:{'page':'{'sensor': 'Blood Pressure', 'action': 'save', 'data': 'action button pressed'}','action':'None','timestamp':1752701468827},ANY:{'page': {'sensor': 'Blood Pressure', 'action': 'save', 'data': 'action button pressed'}, 'timestamp': 1752701468827}
1752701468.750083,ID:2107,STAGE:2,SEQUENCE:1234,DATA:{'page':'{'sensor': 'Blood Pressure', 'action': 'save', 'data': 'starting sensor action'}','action':'None','timestamp':1752701468828},ANY:{'page': {'sensor': 'Blood Pressure', 'action': 'save', 'data': 'starting sensor action'}, 'timestamp': 1752701468828}
1752701469.763245,ID:2107,STAGE:2,SEQUENCE:1234,DATA:{'page':'{'sensor': 'Blood Pressure', 'action': 'save', 'data': 'sensor action complete'}','action':'None','timestamp':1752701469841},ANY:{'page': {'sensor': 'Blood Pressure', 'action': 'save', 'data': 'sensor action complete'}, 'timestamp': 1752701469841}
1752701471.370276,ID:2107,STAGE:2,SEQUENCE:1234,DATA:{'page':'{'sensor': 'submit', 'action': 'submit'}','action':'None','timestamp':1752701471447},ANY:{'page': {'sensor': 'submit', 'action': 'submit'}, 'timestamp': 1752701471447}
1752701471.376697,ID:2107,STAGE:2,SEQUENCE:1234,DATA:{'page':'{'sensor': 'submit', 'action': 'submit', 'data': 'submit succeeded'}','action':'None','timestamp':1752701471448},ANY:{'page': {'sensor': 'submit', 'action': 'submit', 'data': 'submit succeeded'}, 'timestamp': 1752701471448}
1752701474.05859,ID:2107,STAGE:2,SEQUENCE:1234,DATA:{'page':'{'page': 'speak text', 'action': 'Receieved text and level:Vitals received.normal'}','action':'None','timestamp':1752701474055},ANY:{'page': {'page': 'speak text', 'action': 'Receieved text and level:Vitals received.normal'}, 'timestamp': 1752701474055}
1752701474.059583,ID:2107,STAGE:2,SEQUENCE:1234,DATA:{'page':'{'page': 'Jarvis speaking', 'action': 'Message: Vitals received. Stress level: normal'}','action':'None','timestamp':1752701474055},ANY:{'page': {'page': 'Jarvis speaking', 'action': 'Message: Vitals received. Stress level: normal'}, 'timestamp': 1752701474055}
1752701486.575189,ID:2107,STAGE:2,SEQUENCE:1234,DATA:{'page':'{'page': 'speak text', 'action': 'Receieved text and level:Medical Emergency.normal'}','action':'None','timestamp':1752701486573},ANY:{'page': {'page': 'speak text', 'action': 'Receieved text and level:Medical Emergency.normal'}, 'timestamp': 1752701486573}
1752701486.575685,ID:2107,STAGE:2,SEQUENCE:1234,DATA:{'page':'{'page': 'Jarvis speaking', 'action': 'Message: Medical Emergency. Stress level: normal'}','action':'None','timestamp':1752701486573},ANY:{'page': {'page': 'Jarvis speaking', 'action': 'Message: Medical Emergency. Stress level: normal'}, 'timestamp': 1752701486573}
1752701491.376526,ID:2107,STAGE:2,SEQUENCE:1234,DATA:{'page':'{'page': 'speak text', 'action': 'Receieved text and level:I recommend changing altitude to 1000 feet.normal'}','action':'None','timestamp':1752701491372},ANY:{'page': {'page': 'speak text', 'action': 'Receieved text and level:I recommend changing altitude to 1000 feet.normal'}, 'timestamp': 1752701491372}
1752701491.378511,ID:2107,STAGE:2,SEQUENCE:1234,DATA:{'page':'{'page': 'Jarvis speaking', 'action': 'Message: I recommend changing altitude to 1000 feet. Stress level: normal'}','action':'None','timestamp':1752701491372},ANY:{'page': {'page': 'Jarvis speaking', 'action': 'Message: I recommend changing altitude to 1000 feet. Stress level: normal'}, 'timestamp': 1752701491372}
1752701498.422365,ID:2107,STAGE:2,SEQUENCE:1234,DATA:{'page':'{'page': 'inflight', 'action': 'displaying vitals prompt'}','action':'None','timestamp':1752701498497},ANY:{'page': {'page': 'inflight', 'action': 'displaying vitals prompt'}, 'timestamp': 1752701498497}
1752701498.423359,ID:2107,STAGE:2,SEQUENCE:1234,DATA:{'page':'{'page': 'vitals prompt', 'action': 'log vitals prompted'}','action':'None','timestamp':1752701498498},ANY:{'page': {'page': 'vitals prompt', 'action': 'log vitals prompted'}, 'timestamp': 1752701498498}
1752701498.424846,ID:2107,STAGE:2,SEQUENCE:1234,DATA:{'page':'{'page': 'vitals prompt', 'action': 'vitals_prompt 4'}','action':'None','timestamp':1752701498498},ANY:{'page': {'page': 'vitals prompt', 'action': 'vitals_prompt 4'}, 'timestamp': 1752701498498}
1752701503.246286,ID:2107,STAGE:2,SEQUENCE:1234,DATA:{'page':'{'action': 'user acknowledged vitals prompt'}','action':'None','timestamp':1752701503324},ANY:{'page': {'action': 'user acknowledged vitals prompt'}, 'timestamp': 1752701503324}
1752701503.406724,ID:2107,STAGE:2,SEQUENCE:1234,DATA:{'page':'{'page': 'speak text', 'action': 'Receieved text and level:Acknowledged, proceeding to change altitudenormal'}','action':'None','timestamp':1752701503401},ANY:{'page': {'page': 'speak text', 'action': 'Receieved text and level:Acknowledged, proceeding to change altitudenormal'}, 'timestamp': 1752701503401}
1752701503.408212,ID:2107,STAGE:2,SEQUENCE:1234,DATA:{'page':'{'page': 'Jarvis speaking', 'action': 'Message: Acknowledged, proceeding to change altitude Stress level: normal'}','action':'None','timestamp':1752701503402},ANY:{'page': {'page': 'Jarvis speaking', 'action': 'Message: Acknowledged, proceeding to change altitude Stress level: normal'}, 'timestamp': 1752701503402}
1752701505.289313,ID:2107,STAGE:2,SEQUENCE:1234,DATA:{'page':'{'page': 'map', 'action': 'selected helipad', 'value': '21'}','action':'None','timestamp':1752701505285},ANY:{'page': {'page': 'map', 'action': 'selected helipad', 'value': '21'}, 'timestamp': 1752701505285}
1752701508.440065,ID:2107,STAGE:2,SEQUENCE:1234,DATA:{'page':'None','action':'None','timestamp':None},ANY:{'time': 1752701508.437, 'user-id': '2107', 'source': 'HAI Interface', 'destination-index': '3', 'study-stage': '2', 'decision-state': 0, 'vitals-state': '1', 'airspace-state': 0, 'data': {'page': 'change-altitude', 'action': 'altitude changed by controller1000'}}
1752701508.447506,ID:2107,STAGE:2,SEQUENCE:1234,DATA:{'page':'{'page': 'speak text', 'action': 'Receieved text and level:altitudehas been changed to1000normal'}','action':'None','timestamp':1752701508440},ANY:{'page': {'page': 'speak text', 'action': 'Receieved text and level:altitudehas been changed to1000normal'}, 'timestamp': 1752701508440}
08440}
1752701508.835062,ID:2107,STAGE:2,SEQUENCE:1234,DATA:{'page':'{'sensor': 'Heart Rate', 'action': 'opened sensor tab'}','action':'None','timestamp':1752701508913},ANY:{'page': {'sensor': 'Heart Rate', 'action': 'opened sensor tab'}, 'timestamp': 1752701508913}
1752701510.569985,ID:2107,STAGE:2,SEQUENCE:1234,DATA:{'page':'{'sensor': 'Heart Rate', 'action': 'capture', 'data': 'action button pressed'}','action':'None','timestamp':1752701510648},ANY:{'page': {'sensor': 'Heart Rate', 'action': 'capture', 'data': 'action button pressed'}, 'timestamp': 1752701510648}
1752701510.57095,ID:2107,STAGE:2,SEQUENCE:1234,DATA:{'page':'{'sensor': 'Heart Rate', 'action': 'capture', 'data': 'starting sensor action'}','action':'None','timestamp':1752701510649},ANY:{'page': {'sensor': 'Heart Rate', 'action': 'capture', 'data': 'starting sensor action'}, 'timestamp': 1752701510649}
1752701510.99659,ID:2107,STAGE:2,SEQUENCE:1234,DATA:{'page':'{'page': 'map', 'action': 'selected helipad', 'value': '21'}','action':'None','timestamp':1752701510994},ANY:{'page': {'page': 'map', 'action': 'selected helipad', 'value': '21'}, 'timestamp': 1752701510994}
1752701511.582992,ID:2107,STAGE:2,SEQUENCE:1234,DATA:{'page':'{'sensor': 'Heart Rate', 'action': 'capture', 'data': 'sensor action complete'}','action':'None','timestamp':1752701511659},ANY:{'page': {'sensor': 'Heart Rate', 'action': 'capture', 'data': 'sensor action complete'}, 'timestamp': 1752701511659}
1752701511.583488,ID:2107,STAGE:2,SEQUENCE:1234,DATA:{'page':'{'sensor': 'Heart Rate', 'action': 'keypad open'}','action':'None','timestamp':1752701511660},ANY:{'page': {'sensor': 'Heart Rate', 'action': 'keypad open'}, 'timestamp': 1752701511660}
1752701513.127448,ID:2107,STAGE:2,SEQUENCE:1234,DATA:{'page':'{'sensor': 'Heart Rate', 'action': 'keypad press', 'key': 2, 'value': 2}','action':'None','timestamp':1752701513206},ANY:{'page': {'sensor': 'Heart Rate', 'action': 'keypad press', 'key': 2, 'value': 2}, 'timestamp': 1752701513206}
1752701513.42063,ID:2107,STAGE:2,SEQUENCE:1234,DATA:{'page':'{'page': 'vitals prompt', 'action': 'auto off vitals prompt'}','action':'None','timestamp':1752701513499},ANY:{'page': {'page': 'vitals prompt', 'action': 'auto off vitals prompt'}, 'timestamp': 1752701513499}
1752701513.96298,ID:2107,STAGE:2,SEQUENCE:1234,DATA:{'page':'{'sensor': 'Heart Rate', 'action': 'keypad press', 'key': 3, 'value': 23}','action':'None','timestamp':1752701514042},ANY:{'page': {'sensor': 'Heart Rate', 'action': 'keypad press', 'key': 3, 'value': 23}, 'timestamp': 1752701514042}
1752701514.704872,ID:2107,STAGE:2,SEQUENCE:1234,DATA:{'page':'{'sensor': 'Heart Rate', 'action': 'keypad press', 'key': 2, 'value': 232}','action':'None','timestamp':1752701514784},ANY:{'page': {'sensor': 'Heart Rate', 'action': 'keypad press', 'key': 2, 'value': 232}, 'timestamp': 1752701514784}
1752701515.8926,ID:2107,STAGE:2,SEQUENCE:1234,DATA:{'page':'{'sensor': 'Heart Rate', 'action': 'show action buttons'}','action':'None','timestamp':1752701515969},ANY:{'page': {'sensor': 'Heart Rate', 'action': 'show action buttons'}, 'timestamp': 1752701515969}
1752701515.893095,ID:2107,STAGE:2,SEQUENCE:1234,DATA:{'page':'{'sensor': 'Heart Rate', 'action': 'keypad press', 'key': 10, 'value': 232}','action':'None','timestamp':1752701515969},ANY:{'page': {'sensor': 'Heart Rate', 'action': 'keypad press', 'key': 10, 'value': 232}, 'timestamp': 1752701515969}
1752701518.810272,ID:2107,STAGE:2,SEQUENCE:1234,DATA:{'page':'{'sensor': 'Heart Rate', 'action': 'log', 'data': 'starting sensor action'}','action':'None','timestamp':1752701518888},ANY:{'page': {'sensor': 'Heart Rate', 'action': 'log', 'data': 'starting sensor action'}, 'timestamp': 1752701518888}
1752701519.826158,ID:2107,STAGE:2,SEQUENCE:1234,DATA:{'page':'{'sensor': 'Heart Rate', 'action': 'log', 'data': 'sensor action complete'}','action':'None','timestamp':1752701519904},ANY:{'page': {'sensor': 'Heart Rate', 'action': 'log', 'data': 'sensor action complete'}, 'timestamp': 1752701519904}
1752701520.022596,ID:2107,STAGE:2,SEQUENCE:1234,DATA:{'page':'{'sensor': 'Heart Rate', 'action': 'save', 'data': 'action button pressed'}','action':'None','timestamp':1752701520099},ANY:{'page': {'sensor': 'Heart Rate', 'action': 'save', 'data': 'action button pressed'}, 'timestamp': 1752701520099}
1752701520.024581,ID:2107,STAGE:2,SEQUENCE:1234,DATA:{'page':'{'sensor': 'Heart Rate', 'action': 'save', 'data': 'starting sensor action'}','action':'None','timestamp':1752701520099},ANY:{'page': {'sensor': 'Heart Rate', 'action': 'save', 'data': 'starting sensor action'}, 'timestamp': 1752701520099}
1752701521.039195,ID:2107,STAGE:2,SEQUENCE:1234,DATA:{'page':'{'sensor': 'Heart Rate', 'action': 'save', 'data': 'sensor action complete'}','action':'None','timestamp':1752701521116},ANY:{'page': {'sensor': 'Heart Rate', 'action': 'save', 'data': 'sensor action complete'}, 'timestamp': 1752701521116}
1752701522.448173,ID:2107,STAGE:2,SEQUENCE:1234,DATA:{'page':'{'page': 'speak text', 'action': 'Receieved text and level:Vitals stabilizednormal'}','action':'None','timestamp':1752701522445},ANY:{'page': {'page': 'speak text', 'action': 'Receieved text and level:Vitals stabilizednormal'}, 'timestamp': 1752701522445}
1752701522.448669,ID:2107,STAGE:2,SEQUENCE:1234,DATA:{'page':'{'page': 'Jarvis speaking', 'action': 'Message: Vitals stabilized Stress level: normal'}','action':'None','timestamp':1752701522446},ANY:{'page': {'page': 'Jarvis speaking', 'action': 'Message: Vitals stabilized Stress level: normal'}, 'timestamp': 1752701522446}
1752701523.531038,ID:2107,STAGE:2,SEQUENCE:1234,DATA:{'page':'{'sensor': 'O₂ Saturation', 'action': 'opened sensor tab'}','action':'None','timestamp':1752701523610},ANY:{'page': {'sensor': 'O₂ Saturation', 'action': 'opened sensor tab'}, 'timestamp': 1752701523610}
1752701526.827546,ID:2107,STAGE:2,SEQUENCE:1234,DATA:{'page':'{'sensor': 'O₂ Saturation', 'action': 'capture', 'data': 'action button pressed'}','action':'None','timestamp':1752701526905},ANY:{'page': {'sensor': 'O₂ Saturation', 'action': 'capture', 'data': 'action button pressed'}, 'timestamp': 1752701526905}

1752701527.84155,ID:2107,STAGE:2,SEQUENCE:1234,DATA:{'page':'{'sensor': 'O₂ Saturation', 'action': 'capture', 'data': 'sensor action complete'}','action':'None','timestamp':1752701527919},ANY:{'page': {'sensor': 'O₂ Saturation', 'action': 'capture', 'data': 'sensor action complete'}, 'timestamp': 1752701527919}
1752701527.842047,ID:2107,STAGE:2,SEQUENCE:1234,DATA:{'page':'{'sensor': 'O₂ Saturation', 'action': 'keypad open'}','action':'None','timestamp':1752701527920},ANY:{'page': {'sensor': 'O₂ Saturation', 'action': 'keypad open'}, 'timestamp': 1752701527920}
1752701529.004308,ID:2107,STAGE:2,SEQUENCE:1234,DATA:{'page':'{'sensor': 'O₂ Saturation', 'action': 'keypad press', 'key': 1, 'value': 1}','action':'None','timestamp':1752701529083},ANY:{'page': {'sensor': 'O₂ Saturation', 'action': 'keypad press', 'key': 1, 'value': 1}, 'timestamp': 1752701529083}
1752701530.374567,ID:2107,STAGE:2,SEQUENCE:1234,DATA:{'page':'{'sensor': 'O₂ Saturation', 'action': 'keypad press', 'key': 11, 'value': 10}','action':'None','timestamp':1752701530453},ANY:{'page': {'sensor': 'O₂ Saturation', 'action': 'keypad press', 'key': 11, 'value': 10}, 'timestamp': 1752701530453}
1752701530.835356,ID:2107,STAGE:2,SEQUENCE:1234,DATA:{'page':'{'sensor': 'O₂ Saturation', 'action': 'keypad press', 'key': 11, 'value': 100}','action':'None','timestamp':1752701530914},ANY:{'page': {'sensor': 'O₂ Saturation', 'action': 'keypad press', 'key': 11, 'value': 100}, 'timestamp': 1752701530914}
1752701531.848573,ID:2107,STAGE:2,SEQUENCE:1234,DATA:{'page':'{'sensor': 'O₂ Saturation', 'action': 'show action buttons'}','action':'None','timestamp':1752701531927},ANY:{'page': {'sensor': 'O₂ Saturation', 'action': 'show action buttons'}, 'timestamp': 1752701531927}
1752701531.849565,ID:2107,STAGE:2,SEQUENCE:1234,DATA:{'page':'{'sensor': 'O₂ Saturation', 'action': 'keypad press', 'key': 10, 'value': 100}','action':'None','timestamp':1752701531927},ANY:{'page': {'sensor': 'O₂ Saturation', 'action': 'keypad press', 'key': 10, 'value': 100}, 'timestamp': 1752701531927}
1752701533.771023,ID:2107,STAGE:2,SEQUENCE:1234,DATA:{'page':'{'sensor': 'O₂ Saturation', 'action': 'log', 'data': 'action button pressed'}','action':'None','timestamp':1752701533849},ANY:{'page': {'sensor': 'O₂ Saturation', 'action': 'log', 'data': 'action button pressed'}, 'timestamp': 1752701533849}

1752701534.156576,ID:2107,STAGE:2,SEQUENCE:1234,DATA:{'page':'{'page': 'Ground speaking', 'action': 'N A S X G S, this is Ground Control asking for update on flight status, patient status and estimated time to destination.'}','action':'None','timestamp':1752701534233},ANY:{'page': {'page': 'Ground speaking', 'action': 'N A S X G S, this is Ground Control asking for update on flight status, patient status and estimated time to destination.'}, 'timestamp': 1752701534233}
1752701534.157072,ID:2107,STAGE:2,SEQUENCE:1234,DATA:{'page':'{'page': 'radio update', 'action': 'radio update asked'}','action':'None','timestamp':1752701534234},ANY:{'page': {'page': 'radio update', 'action': 'radio update asked'}, 'timestamp': 1752701534234}
1752701534.15856,ID:2107,STAGE:2,SEQUENCE:1234,DATA:{'page':'{'page': 'radio prompt', 'action': 'radio update prompt 4'}','action':'None','timestamp':1752701534234},ANY:{'page': {'page': 'radio prompt', 'action': 'radio update prompt 4'}, 'timestamp': 1752701534234}
1752701534.783184,ID:2107,STAGE:2,SEQUENCE:1234,DATA:{'page':'{'sensor': 'O₂ Saturation', 'action': 'log', 'data': 'sensor action complete'}','action':'None','timestamp':1752701534861},ANY:{'page': {'sensor': 'O₂ Saturation', 'action': 'log', 'data': 'sensor action complete'}, 'timestamp': 1752701534861}
1752701534.947349,ID:2107,STAGE:2,SEQUENCE:1234,DATA:{'page':'{'sensor': 'O₂ Saturation', 'action': 'save', 'data': 'action button pressed'}','action':'None','timestamp':1752701535025},ANY:{'page': {'sensor': 'O₂ Saturation', 'action': 'save', 'data': 'action button pressed'}, 'timestamp': 1752701535025}
1752701534.947845,ID:2107,STAGE:2,SEQUENCE:1234,DATA:{'page':'{'sensor': 'O₂ Saturation', 'action': 'save', 'data': 'starting sensor action'}','action':'None','timestamp':1752701535025},ANY:{'page': {'sensor': 'O₂ Saturation', 'action': 'save', 'data': 'starting sensor action'}, 'timestamp': 1752701535025}
1752701535.96169,ID:2107,STAGE:2,SEQUENCE:1234,DATA:{'page':'{'sensor': 'O₂ Saturation', 'action': 'save', 'data': 'sensor action complete'}','action':'None','timestamp':1752701536039},ANY:{'page': {'sensor': 'O₂ Saturation', 'action': 'save', 'data': 'sensor action complete'}, 'timestamp': 1752701536039}
1752701536.762775,ID:2107,STAGE:2,SEQUENCE:1234,DATA:{'page':'{'sensor': 'Blood Pressure', 'action': 'opened sensor tab'}','action':'None','timestamp':1752701536842},ANY:{'page': {'sensor': 'Blood Pressure', 'action': 'opened sensor tab'}, 'timestamp': 1752701536842}
1752701538.715592,ID:2107,STAGE:2,SEQUENCE:1234,DATA:{'page':'{'sensor': 'Blood Pressure', 'action': 'capture', 'data': 'action button pressed'}','action':'None','timestamp':1752701538793},ANY:{'page': {'sensor': 'Blood Pressure', 'action': 'capture', 'data': 'action button pressed'}, 'timestamp': 1752701538793}
1752701538.716077,ID:2107,STAGE:2,SEQUENCE:1234,DATA:{'page':'{'sensor': 'Blood Pressure', 'action': 'capture', 'data': 'starting sensor action'}','action':'None','timestamp':1752701538794},ANY:{'page': {'sensor': 'Blood Pressure', 'action': 'capture', 'data': 'starting sensor action'}, 'timestamp': 1752701538794}
1752701539.726986,ID:2107,STAGE:2,SEQUENCE:1234,DATA:{'page':'{'sensor': 'Blood Pressure', 'action': 'capture', 'data': 'sensor action complete'}','action':'None','timestamp':1752701539805},ANY:{'page': {'sensor': 'Blood Pressure', 'action': 'capture', 'data': 'sensor action complete'}, 'timestamp': 1752701539805}
1752701539.727511,ID:2107,STAGE:2,SEQUENCE:1234,DATA:{'page':'{'sensor': 'Blood Pressure', 'action': 'keypad open'}','action':'None','timestamp':1752701539806},ANY:{'page': {'sensor': 'Blood Pressure', 'action': 'keypad open'}, 'timestamp': 1752701539806}
1752701540.892548,ID:2107,STAGE:2,SEQUENCE:1234,DATA:{'page':'{'sensor': 'Blood Pressure', 'action': 'keypad press', 'key': 1, 'value': 1}','action':'None','timestamp':1752701540971},ANY:{'page': {'sensor': 'Blood Pressure', 'action': 'keypad press', 'key': 1, 'value': 1}, 'timestamp': 1752701540971}
1752701541.71476,ID:2107,STAGE:2,SEQUENCE:1234,DATA:{'page':'{'sensor': 'Blood Pressure', 'action': 'keypad press', 'key': 2, 'value': 12}','action':'None','timestamp':1752701541793},ANY:{'page': {'sensor': 'Blood Pressure', 'action': 'keypad press', 'key': 2, 'value': 12}, 'timestamp': 1752701541793}
1752701543.00376,ID:2107,STAGE:2,SEQUENCE:1234,DATA:{'page':'{'sensor': 'Blood Pressure', 'action': 'keypad press', 'key': 11, 'value': 120}','action':'None','timestamp':1752701543082},ANY:{'page': {'sensor': 'Blood Pressure', 'action': 'keypad press', 'key': 11, 'value': 120}, 'timestamp': 1752701543082}
1752701544.845748,ID:2107,STAGE:2,SEQUENCE:1234,DATA:{'page':'{'sensor': 'Blood Pressure', 'action': 'keypad press', 'key': 8, 'value': 1208}','action':'None','timestamp':1752701544924},ANY:{'page': {'sensor': 'Blood Pressure', 'action': 'keypad press', 'key': 8, 'value': 1208}, 'timestamp': 1752701544924}
1752701545.735546,ID:2107,STAGE:2,SEQUENCE:1234,DATA:{'page':'{'sensor': 'Blood Pressure', 'action': 'keypad press', 'key': 11, 'value': 12080}','action':'None','timestamp':1752701545813},ANY:{'page': {'sensor': 'Blood Pressure', 'action': 'keypad press', 'key': 11, 'value': 12080}, 'timestamp': 1752701545813}
1752701546.684516,ID:2107,STAGE:2,SEQUENCE:1234,DATA:{'page':'{'sensor': 'Blood Pressure', 'action': 'show action buttons'}','action':'None','timestamp':1752701546763},ANY:{'page': {'sensor': 'Blood Pressure', 'action': 'show action buttons'}, 'timestamp': 1752701546763}
1752701546.685508,ID:2107,STAGE:2,SEQUENCE:1234,DATA:{'page':'{'sensor': 'Blood Pressure', 'action': 'keypad press', 'key': 10, 'value': 12080}','action':'None','timestamp':1752701546764},ANY:{'page': {'sensor': 'Blood Pressure', 'action': 'keypad press', 'key': 10, 'value': 12080}, 'timestamp': 1752701546764}
1752701548.724586,ID:2107,STAGE:2,SEQUENCE:1234,DATA:{'page':'{'sensor': 'Blood Pressure', 'action': 'log', 'data': 'action button pressed'}','action':'None','timestamp':1752701548803},ANY:{'page': {'sensor': 'Blood Pressure', 'action': 'log', 'data': 'action button pressed'}, 'timestamp': 1752701548803}
1752701548.725596,ID:2107,STAGE:2,SEQUENCE:1234,DATA:{'page':'{'sensor': 'Blood Pressure', 'action': 'log', 'data': 'starting sensor action'}','action':'None','timestamp':1752701548803},ANY:{'page': {'sensor': 'Blood Pressure', 'action': 'log', 'data': 'starting sensor action'}, 'timestamp': 1752701548803}
1752701549.736502,ID:2107,STAGE:2,SEQUENCE:1234,DATA:{'page':'{'sensor': 'Blood Pressure', 'action': 'log', 'data': 'sensor action complete'}','action':'None','timestamp':1752701549815},ANY:{'page': {'sensor': 'Blood Pressure', 'action': 'log', 'data': 'sensor action complete'}, 'timestamp': 1752701549815}
1752701550.032563,ID:2107,STAGE:2,SEQUENCE:1234,DATA:{'page':'{'sensor': 'Blood Pressure', 'action': 'save', 'data': 'action button pressed'}','action':'None','timestamp':1752701550102},ANY:{'page': {'sensor': 'Blood Pressure', 'action': 'save', 'data': 'action button pressed'}, 'timestamp': 1752701550102}
1752701550.033058,ID:2107,STAGE:2,SEQUENCE:1234,DATA:{'page':'{'sensor': 'Blood Pressure', 'action': 'save', 'data': 'starting sensor action'}','action':'None','timestamp':1752701550102},ANY:{'page': {'sensor': 'Blood Pressure', 'action': 'save', 'data': 'starting sensor action'}, 'timestamp': 1752701550102}
1752701551.043603,ID:2107,STAGE:2,SEQUENCE:1234,DATA:{'page':'{'sensor': 'Blood Pressure', 'action': 'save', 'data': 'sensor action complete'}','action':'None','timestamp':1752701551121},ANY:{'page': {'sensor': 'Blood Pressure', 'action': 'save', 'data': 'sensor action complete'}, 'timestamp': 1752701551121}
1752701552.830011,ID:2107,STAGE:2,SEQUENCE:1234,DATA:{'page':'{'sensor': 'submit', 'action': 'submit'}','action':'None','timestamp':1752701552907},ANY:{'page': {'sensor': 'submit', 'action': 'submit'}, 'timestamp': 1752701552907}
1752701552.830507,ID:2107,STAGE:2,SEQUENCE:1234,DATA:{'page':'{'sensor': 'submit', 'action': 'submit', 'data': 'submit succeeded'}','action':'None','timestamp':1752701552908},ANY:{'page': {'sensor': 'submit', 'action': 'submit', 'data': 'submit succeeded'}, 'timestamp': 1752701552908}
1752701564.281448,ID:2107,STAGE:2,SEQUENCE:1234,DATA:{'page':'{'page': 'speak text', 'action': 'Receieved text and level:Opening mapnormal'}','action':'None','timestamp':1752701564277},ANY:{'page': {'page': 'speak text', 'action': 'Receieved text and level:Opening mapnormal'}, 'timestamp': 1752701564277}
1752701564.281943,ID:2107,STAGE:2,SEQUENCE:1234,DATA:{'page':'{'page': 'Jarvis speaking', 'action': 'Message: Opening map Stress level: normal'}','action':'None','timestamp':1752701564278},ANY:{'page': {'page': 'Jarvis speaking', 'action': 'Message: Opening map Stress level: normal'}, 'timestamp': 1752701564278}
1752701565.028909,ID:2107,STAGE:2,SEQUENCE:1234,DATA:{'page':'{'page': 'map', 'action': 'selected helipad', 'value': '21'}','action':'None','timestamp':1752701565025},ANY:{'page': {'page': 'map', 'action': 'selected helipad', 'value': '21'}, 'timestamp': 1752701565025}
1752701565.510837,ID:2107,STAGE:2,SEQUENCE:1234,DATA:{'page':'{'page': 'map', 'action': 'selected helipad', 'value': '21'}','action':'None','timestamp':1752701565508},ANY:{'page': {'page': 'map', 'action': 'selected helipad', 'value': '21'}, 'timestamp': 1752701565508}
1752701583.715941,ID:2107,STAGE:2,SEQUENCE:1234,DATA:{'page':'{'page': 'inflight', 'action': 'displaying vitals prompt'}','action':'None','timestamp':1752701583795},ANY:{'page': {'page': 'inflight', 'action': 'displaying vitals prompt'}, 'timestamp': 1752701583795}
1752701583.716435,ID:2107,STAGE:2,SEQUENCE:1234,DATA:{'page':'{'page': 'vitals prompt', 'action': 'log vitals prompted'}','action':'None','timestamp':1752701583796},ANY:{'page': {'page': 'vitals prompt', 'action': 'log vitals prompted'}, 'timestamp': 1752701583796}
1752701583.721896,ID:2107,STAGE:2,SEQUENCE:1234,DATA:{'page':'{'page': 'vitals prompt', 'action': 'vitals_prompt 5'}','action':'None','timestamp':1752701583796},ANY:{'page': {'page': 'vitals prompt', 'action': 'vitals_prompt 5'}, 'timestamp': 1752701583796}
1752701587.543927,ID:2107,STAGE:2,SEQUENCE:1234,DATA:{'page':'{'action': 'user acknowledged vitals prompt'}','action':'None','timestamp':1752701587621},ANY:{'page': {'action': 'user acknowledged vitals prompt'}, 'timestamp': 1752701587621}
1752701590.656746,ID:2107,STAGE:2,SEQUENCE:1234,DATA:{'page':'{'sensor': 'Blood Pressure', 'action': 'capture', 'data': 'action button pressed'}','action':'None','timestamp':1752701590732},ANY:{'page': {'sensor': 'Blood Pressure', 'action': 'capture', 'data': 'action button pressed'}, 'timestamp': 1752701590732}
1752701590.658235,ID:2107,STAGE:2,SEQUENCE:1234,DATA:{'page':'{'sensor': 'Blood Pressure', 'action': 'capture', 'data': 'starting sensor action'}','action':'None','timestamp':1752701590734},ANY:{'page': {'sensor': 'Blood Pressure', 'action': 'capture', 'data': 'starting sensor action'}, 'timestamp': 1752701590734}
1752701591.667474,ID:2107,STAGE:2,SEQUENCE:1234,DATA:{'page':'{'sensor': 'Blood Pressure', 'action': 'keypad open'}','action':'None','timestamp':1752701591745},ANY:{'page': {'sensor': 'Blood Pressure', 'action': 'keypad open'}, 'timestamp': 1752701591745}
a': 'sensor action complete'}, 'timestamp': 1752701591744}
1752701592.892968,ID:2107,STAGE:2,SEQUENCE:1234,DATA:{'page':'{'sensor': 'Blood Pressure', 'action': 'keypad press', 'key': 1, 'value': 1}','action':'None','timestamp':1752701592971},ANY:{'page': {'sensor': 'Blood Pressure', 'action': 'keypad press', 'key': 1, 'value': 1}, 'timestamp': 1752701592971}
1752701593.593949,ID:2107,STAGE:2,SEQUENCE:1234,DATA:{'page':'{'sensor': 'Blood Pressure', 'action': 'keypad press', 'key': 2, 'value': 12}','action':'None','timestamp':1752701593672},ANY:{'page': {'sensor': 'Blood Pressure', 'action': 'keypad press', 'key': 2, 'value': 12}, 'timestamp': 1752701593672}
1752701594.776081,ID:2107,STAGE:2,SEQUENCE:1234,DATA:{'page':'{'sensor': 'Blood Pressure', 'action': 'keypad press', 'key': 11, 'value': 120}','action':'None','timestamp':1752701594849},ANY:{'page': {'sensor': 'Blood Pressure', 'action': 'keypad press', 'key': 11, 'value': 120}, 'timestamp': 1752701594849}
1752701595.703663,ID:2107,STAGE:2,SEQUENCE:1234,DATA:{'page':'{'sensor': 'Blood Pressure', 'action': 'keypad press', 'key': 8, 'value': 1208}','action':'None','timestamp':1752701595781},ANY:{'page': {'sensor': 'Blood Pressure', 'action': 'keypad press', 'key': 8, 'value': 1208}, 'timestamp': 1752701595781}
1752701596.922407,ID:2107,STAGE:2,SEQUENCE:1234,DATA:{'page':'{'sensor': 'Blood Pressure', 'action': 'keypad press', 'key': 11, 'value': 12080}','action':'None','timestamp':1752701597001},ANY:{'page': {'sensor': 'Blood Pressure', 'action': 'keypad press', 'key': 11, 'value': 12080}, 'timestamp': 1752701597001}
1752701597.787507,ID:2107,STAGE:2,SEQUENCE:1234,DATA:{'page':'{'sensor': 'Blood Pressure', 'action': 'show action buttons'}','action':'None','timestamp':1752701597865},ANY:{'page': {'sensor': 'Blood Pressure', 'action': 'show action buttons'}, 'timestamp': 1752701597865}
1752701597.788003,ID:2107,STAGE:2,SEQUENCE:1234,DATA:{'page':'{'sensor': 'Blood Pressure', 'action': 'keypad press', 'key': 10, 'value': 12080}','action':'None','timestamp':1752701597865},ANY:{'page': {'sensor': 'Blood Pressure', 'action': 'keypad press', 'key': 10, 'value': 12080}, 'timestamp': 1752701597865}
1752701598.719643,ID:2107,STAGE:2,SEQUENCE:1234,DATA:{'page':'{'page': 'vitals prompt', 'action': 'auto off vitals prompt'}','action':'None','timestamp':1752701598796},ANY:{'page': {'page': 'vitals prompt', 'action': 'auto off vitals prompt'}, 'timestamp': 1752701598796}
1752701599.121254,ID:2107,STAGE:2,SEQUENCE:1234,DATA:{'page':'{'sensor': 'Blood Pressure', 'action': 'log', 'data': 'action button pressed'}','action':'None','timestamp':1752701599198},ANY:{'page': {'sensor': 'Blood Pressure', 'action': 'log', 'data': 'action button pressed'}, 'timestamp': 1752701599198}
1752701599.121781,ID:2107,STAGE:2,SEQUENCE:1234,DATA:{'page':'{'sensor': 'Blood Pressure', 'action': 'log', 'data': 'starting sensor action'}','action':'None','timestamp':1752701599198},ANY:{'page': {'sensor': 'Blood Pressure', 'action': 'log', 'data': 'starting sensor action'}, 'timestamp': 1752701599198}
1752701600.140116,ID:2107,STAGE:2,SEQUENCE:1234,DATA:{'page':'{'sensor': 'Blood Pressure', 'action': 'log', 'data': 'sensor action complete'}','action':'None','timestamp':1752701600218},ANY:{'page': {'sensor': 'Blood Pressure', 'action': 'log', 'data': 'sensor action complete'}, 'timestamp': 1752701600218}
1752701600.411744,ID:2107,STAGE:2,SEQUENCE:1234,DATA:{'page':'{'sensor': 'Blood Pressure', 'action': 'save', 'data': 'starting sensor action'}','action':'None','timestamp':1752701600489},ANY:{'page': {'sensor': 'Blood Pressure', 'action': 'save', 'data': 'starting sensor action'}, 'timestamp': 1752701600489}
1752701601.425273,ID:2107,STAGE:2,SEQUENCE:1234,DATA:{'page':'{'sensor': 'Blood Pressure', 'action': 'save', 'data': 'sensor action complete'}','action':'None','timestamp':1752701601504},ANY:{'page': {'sensor': 'Blood Pressure', 'action': 'save', 'data': 'sensor action complete'}, 'timestamp': 1752701601504}
1752701602.790883,ID:2107,STAGE:2,SEQUENCE:1234,DATA:{'page':'{'sensor': 'O₂ Saturation', 'action': 'opened sensor tab'}','action':'None','timestamp':1752701602869},ANY:{'page': {'sensor': 'O₂ Saturation', 'action': 'opened sensor tab'}, 'timestamp': 1752701602869}
1752701604.507631,ID:2107,STAGE:2,SEQUENCE:1234,DATA:{'page':'{'sensor': 'O₂ Saturation', 'action': 'capture', 'data': 'action button pressed'}','action':'None','timestamp':1752701604585},ANY:{'page': {'sensor': 'O₂ Saturation', 'action': 'capture', 'data': 'action button pressed'}, 'timestamp': 1752701604585}
1752701604.508623,ID:2107,STAGE:2,SEQUENCE:1234,DATA:{'page':'{'sensor': 'O₂ Saturation', 'action': 'capture', 'data': 'starting sensor action'}','action':'None','timestamp':1752701604586},ANY:{'page': {'sensor': 'O₂ Saturation', 'action': 'capture', 'data': 'starting sensor action'}, 'timestamp': 1752701604586}
1752701605.521475,ID:2107,STAGE:2,SEQUENCE:1234,DATA:{'page':'{'sensor': 'O₂ Saturation', 'action': 'capture', 'data': 'sensor action complete'}','action':'None','timestamp':1752701605600},ANY:{'page': {'sensor': 'O₂ Saturation', 'action': 'capture', 'data': 'sensor action complete'}, 'timestamp': 1752701605600}
1752701605.521972,ID:2107,STAGE:2,SEQUENCE:1234,DATA:{'page':'{'sensor': 'O₂ Saturation', 'action': 'keypad open'}','action':'None','timestamp':1752701605600},ANY:{'page': {'sensor': 'O₂ Saturation', 'action': 'keypad open'}, 'timestamp': 1752701605600}
1752701607.278769,ID:2107,STAGE:2,SEQUENCE:1234,DATA:{'page':'{'sensor': 'O₂ Saturation', 'action': 'keypad press', 'key': 1, 'value': 1}','action':'None','timestamp':1752701607357},ANY:{'page': {'sensor': 'O₂ Saturation', 'action': 'keypad press', 'key': 1, 'value': 1}, 'timestamp': 1752701607357}
1752701608.579067,ID:2107,STAGE:2,SEQUENCE:1234,DATA:{'page':'{'sensor': 'O₂ Saturation', 'action': 'keypad press', 'key': 11, 'value': 10}','action':'None','timestamp':1752701608655},ANY:{'page': {'sensor': 'O₂ Saturation', 'action': 'keypad press', 'key': 11, 'value': 10}, 'timestamp': 1752701608655}
1752701608.850311,ID:2107,STAGE:2,SEQUENCE:1234,DATA:{'page':'{'sensor': 'O₂ Saturation', 'action': 'keypad press', 'key': 11, 'value': 100}','action':'None','timestamp':1752701608929},ANY:{'page': {'sensor': 'O₂ Saturation', 'action': 'keypad press', 'key': 11, 'value': 100}, 'timestamp': 1752701608929}
1752701609.867669,ID:2107,STAGE:2,SEQUENCE:1234,DATA:{'page':'{'sensor': 'O₂ Saturation', 'action': 'show action buttons'}','action':'None','timestamp':1752701609945},ANY:{'page': {'sensor': 'O₂ Saturation', 'action': 'show action buttons'}, 'timestamp': 1752701609945}
1752701609.869158,ID:2107,STAGE:2,SEQUENCE:1234,DATA:{'page':'{'sensor': 'O₂ Saturation', 'action': 'keypad press', 'key': 10, 'value': 100}','action':'None','timestamp':1752701609945},ANY:{'page': {'sensor': 'O₂ Saturation', 'action': 'keypad press', 'key': 10, 'value': 100}, 'timestamp': 1752701609945}
1752701611.813568,ID:2107,STAGE:2,SEQUENCE:1234,DATA:{'page':'{'sensor': 'O₂ Saturation', 'action': 'log', 'data': 'action button pressed'}','action':'None','timestamp':1752701611891},ANY:{'page': {'sensor': 'O₂ Saturation', 'action': 'log', 'data': 'action button pressed'}, 'timestamp': 1752701611891}
1752701611.814558,ID:2107,STAGE:2,SEQUENCE:1234,DATA:{'page':'{'sensor': 'O₂ Saturation', 'action': 'log', 'data': 'starting sensor action'}','action':'None','timestamp':1752701611891},ANY:{'page': {'sensor': 'O₂ Saturation', 'action': 'log', 'data': 'starting sensor action'}, 'timestamp': 1752701611891}
1752701612.680185,ID:2107,STAGE:2,SEQUENCE:1234,DATA:{'page':'{'sensor': 'O₂ Saturation', 'action': 'save', 'data': 'action button pressed'}','action':'None','timestamp':1752701612756},ANY:{'page': {'sensor': 'O₂ Saturation', 'action': 'save', 'data': 'action button pressed'}, 'timestamp': 1752701612756}
1752701612.681674,ID:2107,STAGE:2,SEQUENCE:1234,DATA:{'page':'{'sensor': 'O₂ Saturation', 'action': 'save', 'data': 'a sensor action is in progress, cancelling'}','action':'None','timestamp':1752701612757},ANY:{'page': {'sensor': 'O₂ Saturation', 'action': 'save', 'data': 'a sensor action is in progress, cancelling'}, 'timestamp': 1752701612757}
1752701612.83211,ID:2107,STAGE:2,SEQUENCE:1234,DATA:{'page':'{'sensor': 'O₂ Saturation', 'action': 'log', 'data': 'sensor action complete'}','action':'None','timestamp':1752701612909},ANY:{'page': {'sensor': 'O₂ Saturation', 'action': 'log', 'data': 'sensor action complete'}, 'timestamp': 1752701612909}
1752701613.740471,ID:2107,STAGE:2,SEQUENCE:1234,DATA:{'page':'{'sensor': 'O₂ Saturation', 'action': 'save', 'data': 'action button pressed'}','action':'None','timestamp':1752701613818},ANY:{'page': {'sensor': 'O₂ Saturation', 'action': 'save', 'data': 'action button pressed'}, 'timestamp': 1752701613818}
1752701613.741463,ID:2107,STAGE:2,SEQUENCE:1234,DATA:{'page':'{'sensor': 'O₂ Saturation', 'action': 'save', 'data': 'starting sensor action'}','action':'None','timestamp':1752701613819},ANY:{'page': {'sensor': 'O₂ Saturation', 'action': 'save', 'data': 'starting sensor action'}, 'timestamp': 1752701613819}
1752701614.754905,ID:2107,STAGE:2,SEQUENCE:1234,DATA:{'page':'{'sensor': 'O₂ Saturation', 'action': 'save', 'data': 'sensor action complete'}','action':'None','timestamp':1752701614833},ANY:{'page': {'sensor': 'O₂ Saturation', 'action': 'save', 'data': 'sensor action complete'}, 'timestamp': 1752701614833}
1752701615.3751,ID:2107,STAGE:2,SEQUENCE:1234,DATA:{'page':'{'sensor': 'Heart Rate', 'action': 'opened sensor tab'}','action':'None','timestamp':1752701615453},ANY:{'page': {'sensor': 'Heart Rate', 'action': 'opened sensor tab'}, 'timestamp': 1752701615453}
1752701616.678169,ID:2107,STAGE:2,SEQUENCE:1234,DATA:{'page':'{'sensor': 'Heart Rate', 'action': 'capture', 'data': 'action button pressed'}','action':'None','timestamp':1752701616756},ANY:{'page': {'sensor': 'Heart Rate', 'action': 'capture', 'data': 'action button pressed'}, 'timestamp': 1752701616756}

1752701617.698143,ID:2107,STAGE:2,SEQUENCE:1234,DATA:{'page':'{'sensor': 'Heart Rate', 'action': 'capture', 'data': 'sensor action complete'}','action':'None','timestamp':1752701617776},ANY:{'page': {'sensor': 'Heart Rate', 'action': 'capture', 'data': 'sensor action complete'}, 'timestamp': 1752701617776}
1752701619.147168,ID:2107,STAGE:2,SEQUENCE:1234,DATA:{'page':'{'sensor': 'Heart Rate', 'action': 'keypad press', 'key': 5, 'value': 5}','action':'None','timestamp':1752701619223},ANY:{'page': {'sensor': 'Heart Rate', 'action': 'keypad press', 'key': 5, 'value': 5}, 'timestamp': 1752701619223}
1752701620.196923,ID:2107,STAGE:2,SEQUENCE:1234,DATA:{'page':'{'sensor': 'Heart Rate', 'action': 'keypad press', 'key': 5, 'value': 55}','action':'None','timestamp':1752701620258},ANY:{'page': {'sensor': 'Heart Rate', 'action': 'keypad press', 'key': 5, 'value': 55}, 'timestamp': 1752701620258}
1752701621.179087,ID:2107,STAGE:2,SEQUENCE:1234,DATA:{'page':'{'sensor': 'Heart Rate', 'action': 'show action buttons'}','action':'None','timestamp':1752701621257},ANY:{'page': {'sensor': 'Heart Rate', 'action': 'show action buttons'}, 'timestamp': 1752701621257}
1752701621.180575,ID:2107,STAGE:2,SEQUENCE:1234,DATA:{'page':'{'sensor': 'Heart Rate', 'action': 'keypad press', 'key': 10, 'value': 55}','action':'None','timestamp':1752701621258},ANY:{'page': {'sensor': 'Heart Rate', 'action': 'keypad press', 'key': 10, 'value': 55}, 'timestamp': 1752701621258}
1752701622.364228,ID:2107,STAGE:2,SEQUENCE:1234,DATA:{'page':'{'sensor': 'Heart Rate', 'action': 'log', 'data': 'action button pressed'}','action':'None','timestamp':1752701622443},ANY:{'page': {'sensor': 'Heart Rate', 'action': 'log', 'data': 'action button pressed'}, 'timestamp': 1752701622443}
1752701622.36522,ID:2107,STAGE:2,SEQUENCE:1234,DATA:{'page':'{'sensor': 'Heart Rate', 'action': 'log', 'data': 'starting sensor action'}','action':'None','timestamp':1752701622443},ANY:{'page': {'sensor': 'Heart Rate', 'action': 'log', 'data': 'starting sensor action'}, 'timestamp': 1752701622443}
1752701623.37631,ID:2107,STAGE:2,SEQUENCE:1234,DATA:{'page':'{'sensor': 'Heart Rate', 'action': 'log', 'data': 'sensor action complete'}','action':'None','timestamp':1752701623454},ANY:{'page': {'sensor': 'Heart Rate', 'action': 'log', 'data': 'sensor action complete'}, 'timestamp': 1752701623454}
1752701623.56845,ID:2107,STAGE:2,SEQUENCE:1234,DATA:{'page':'{'sensor': 'Heart Rate', 'action': 'save', 'data': 'action button pressed'}','action':'None','timestamp':1752701623647},ANY:{'page': {'sensor': 'Heart Rate', 'action': 'save', 'data': 'action button pressed'}, 'timestamp': 1752701623647}
1752701623.568749,ID:2107,STAGE:2,SEQUENCE:1234,DATA:{'page':'{'sensor': 'Heart Rate', 'action': 'save', 'data': 'starting sensor action'}','action':'None','timestamp':1752701623647},ANY:{'page': {'sensor': 'Heart Rate', 'action': 'save', 'data': 'starting sensor action'}, 'timestamp': 1752701623647}
1752701624.584672,ID:2107,STAGE:2,SEQUENCE:1234,DATA:{'page':'{'sensor': 'Heart Rate', 'action': 'save', 'data': 'sensor action complete'}','action':'None','timestamp':1752701624663},ANY:{'page': {'sensor': 'Heart Rate', 'action': 'save', 'data': 'sensor action complete'}, 'timestamp': 1752701624663}
1752701625.999249,ID:2107,STAGE:2,SEQUENCE:1234,DATA:{'page':'{'sensor': 'submit', 'action': 'submit'}','action':'None','timestamp':1752701626073},ANY:{'page': {'sensor': 'submit', 'action': 'submit'}, 'timestamp': 1752701626073}
1752701626.000268,ID:2107,STAGE:2,SEQUENCE:1234,DATA:{'page':'{'sensor': 'submit', 'action': 'submit', 'data': 'submit succeeded'}','action':'None','timestamp':1752701626077},ANY:{'page': {'sensor': 'submit', 'action': 'submit', 'data': 'submit succeeded'}, 'timestamp': 1752701626077}
1752701629.242507,ID:2107,STAGE:2,SEQUENCE:1234,DATA:{'page':'{'page': 'speak text', 'action': 'Receieved text and level:Vitals received.normal'}','action':'None','timestamp':1752701629240},ANY:{'page': {'page': 'speak text', 'action': 'Receieved text and level:Vitals received.normal'}, 'timestamp': 1752701629240}
1752701629.243003,ID:2107,STAGE:2,SEQUENCE:1234,DATA:{'page':'{'page': 'Jarvis speaking', 'action': 'Message: Vitals received. Stress level: normal'}','action':'None','timestamp':1752701629240},ANY:{'page': {'page': 'Jarvis speaking', 'action': 'Message: Vitals received. Stress level: normal'}, 'timestamp': 1752701629240}
1752701640.184437,ID:2107,STAGE:2,SEQUENCE:1234,DATA:{'page':'{'page': 'checklist', 'action': 'opened page', 'inflight': True}','action':'None','timestamp':1752701640167},ANY:{'page': {'page': 'checklist', 'action': 'opened page', 'inflight': True}, 'timestamp': 1752701640167}
1752701641.145212,ID:2107,STAGE:2,SEQUENCE:1234,DATA:{'page':'{'page': 'map', 'action': 'selected helipad', 'value': '21'}','action':'None','timestamp':1752701641142},ANY:{'page': {'page': 'map', 'action': 'selected helipad', 'value': '21'}, 'timestamp': 1752701641142}
1752701645.782245,ID:2107,STAGE:2,SEQUENCE:1234,DATA:{'page':'{'page': 'checklist', 'action': 'toggled checkbox', 'inflight': True, 'item': 0, 'value': 'OFF'}','action':'None','timestamp':1752701645780},ANY:{'page': {'page': 'checklist', 'action': 'toggled checkbox', 'inflight': True, 'item': 0, 'value': 'OFF'}, 'timestamp': 1752701645780}
1752701647.285841,ID:2107,STAGE:2,SEQUENCE:1234,DATA:{'page':'{'page': 'checklist', 'action': 'toggled checkbox', 'inflight': True, 'item': 1, 'value': 'OFF'}','action':'None','timestamp':1752701647284},ANY:{'page': {'page': 'checklist', 'action': 'toggled checkbox', 'inflight': True, 'item': 1, 'value': 'OFF'}, 'timestamp': 1752701647284}
1752701649.361516,ID:2107,STAGE:2,SEQUENCE:1234,DATA:{'page':'{'page': 'checklist', 'action': 'toggled checkbox', 'inflight': True, 'item': 2, 'value': 'OFF'}','action':'None','timestamp':1752701649359},ANY:{'page': {'page': 'checklist', 'action': 'toggled checkbox', 'inflight': True, 'item': 2, 'value': 'OFF'}, 'timestamp': 1752701649359}
1752701649.362012,ID:2107,STAGE:2,SEQUENCE:1234,DATA:{'page':'{'page': 'checklist', 'action': 'showing confirm button', 'inflight': True}','action':'None','timestamp':1752701649359},ANY:{'page': {'page': 'checklist', 'action': 'showing confirm button', 'inflight': True}, 'timestamp': 1752701649359}
1752701650.825782,ID:2107,STAGE:2,SEQUENCE:1234,DATA:{'page':'{'action': 'Controller Executing: click on confirm-button with value: undefined'}','action':'None','timestamp':1752701650823},ANY:{'page': {'action': 'Controller Executing: click on confirm-button with value: undefined'}, 'timestamp': 1752701650823}
1752701650.82727,ID:2107,STAGE:2,SEQUENCE:1234,DATA:{'page':'{'page': 'checklist', 'action': 'confirm button clicked', 'inflight': True}','action':'None','timestamp':1752701650824},ANY:{'page': {'page': 'checklist', 'action': 'confirm button clicked', 'inflight': True}, 'timestamp': 1752701650824}
1752701650.955736,ID:2107,STAGE:2,SEQUENCE:1234,DATA:{'page':'{'page': 'landing-confirmation', 'action': 'opened page'}','action':'None','timestamp':1752701650942},ANY:{'page': {'page': 'landing-confirmation', 'action': 'opened page'}, 'timestamp': 1752701650942}
1752701650.955241,ID:2107,STAGE:2,SEQUENCE:1234,DATA:{'page':'{'page': 'landing-confirmation', 'action': 'showing helipad confirm', 'value': 1}','action':'None','timestamp':1752701650943},ANY:{'page': {'page': 'landing-confirmation', 'action': 'showing helipad confirm', 'value': 1}, 'timestamp': 1752701650943}
1752701651.918885,ID:2107,STAGE:2,SEQUENCE:1234,DATA:{'page':'{'page': 'map', 'action': 'selected helipad', 'value': '21'}','action':'None','timestamp':1752701651916},ANY:{'page': {'page': 'map', 'action': 'selected helipad', 'value': '21'}, 'timestamp': 1752701651916}
1752701667.817322,ID:2107,STAGE:2,SEQUENCE:1234,DATA:{'page':'{'page': 'Ground speaking', 'action': 'N A S X G S, this is Ground Control asking for update on flight status, patient status and estimated time to destination.'}','action':'None','timestamp':1752701667886},ANY:{'page': {'page': 'Ground speaking', 'action': 'N A S X G S, this is Ground Control asking for update on flight status, patient status and estimated time to destination.'}, 'timestamp': 1752701667886}
1752701669.219907,ID:2107,STAGE:2,SEQUENCE:1234,DATA:{'page':'{'page': 'landing-confirmation', 'action': 'checkbox toggle', 'item': 0, 'value': 'ON'}','action':'None','timestamp':1752701669217},ANY:{'page': {'page': 'landing-confirmation', 'action': 'checkbox toggle', 'item': 0, 'value': 'ON'}, 'timestamp': 1752701669217}
1752701670.644397,ID:2107,STAGE:2,SEQUENCE:1234,DATA:{'page':'{'page': 'landing-confirmation', 'action': 'checkbox toggle', 'item': 1, 'value': 'ON'}','action':'None','timestamp':1752701670642},ANY:{'page': {'page': 'landing-confirmation', 'action': 'checkbox toggle', 'item': 1, 'value': 'ON'}, 'timestamp': 1752701670642}
1752701672.48939,ID:2107,STAGE:2,SEQUENCE:1234,DATA:{'page':'{'page': 'landing-confirmation', 'action': 'confirmed safe to land'}','action':'None','timestamp':1752701672487},ANY:{'page': {'page': 'landing-confirmation', 'action': 'confirmed safe to land'}, 'timestamp': 1752701672487}
1752701674.04913,ID:2107,STAGE:2,SEQUENCE:1234,DATA:{'page':'{'page': 'landing-confirmation', 'action': 'gave landing confirmation'}','action':'None','timestamp':1752701674043},ANY:{'page': {'page': 'landing-confirmation', 'action': 'gave landing confirmation'}, 'timestamp': 1752701674043}
1752701674.155804,ID:2107,STAGE:2,SEQUENCE:1234,DATA:{'page':'{'page': 'landing-countdown', 'action': 'opened page'}','action':'None','timestamp':1752701674150},ANY:{'page': {'page': 'landing-countdown', 'action': 'opened page'}, 'timestamp': 1752701674150}
1752701675.10976,ID:2107,STAGE:2,SEQUENCE:1234,DATA:{'page':'{'page': 'map', 'action': 'selected helipad', 'value': '21'}','action':'None','timestamp':1752701675107},ANY:{'page': {'page': 'map', 'action': 'selected helipad', 'value': '21'}, 'timestamp': 1752701675107}
1752701675.163331,ID:2107,STAGE:2,SEQUENCE:1234,DATA:{'page':'{'page': 'landing-countdown', 'action': 'countdown changed', 'value': 5}','action':'None','timestamp':1752701675160},ANY:{'page': {'page': 'landing-countdown', 'action': 'countdown changed', 'value': 5}, 'timestamp': 1752701675160}
1752701676.16371,ID:2107,STAGE:2,SEQUENCE:1234,DATA:{'page':'{'page': 'landing-countdown', 'action': 'countdown changed', 'value': 4}','action':'None','timestamp':1752701676161},ANY:{'page': {'page': 'landing-countdown', 'action': 'countdown changed', 'value': 4}, 'timestamp': 1752701676161}
1752701677.165613,ID:2107,STAGE:2,SEQUENCE:1234,DATA:{'page':'{'page': 'landing-countdown', 'action': 'countdown changed', 'value': 3}','action':'None','timestamp':1752701677162},ANY:{'page': {'page': 'landing-countdown', 'action': 'countdown changed', 'value': 3}, 'timestamp': 1752701677162}
1752701678.16491,ID:2107,STAGE:2,SEQUENCE:1234,DATA:{'page':'{'page': 'landing-countdown', 'action': 'countdown changed', 'value': 2}','action':'None','timestamp':1752701678162},ANY:{'page': {'page': 'landing-countdown', 'action': 'countdown changed', 'value': 2}, 'timestamp': 1752701678162}
1752701679.163583,ID:2107,STAGE:2,SEQUENCE:1234,DATA:{'page':'{'page': 'landing-countdown', 'action': 'countdown changed', 'value': 1}','action':'None','timestamp':1752701679161},ANY:{'page': {'page': 'landing-countdown', 'action': 'countdown changed', 'value': 1}, 'timestamp': 1752701679161}
1752701680.164378,ID:2107,STAGE:2,SEQUENCE:1234,DATA:{'page':'{'page': 'landing-countdown', 'action': 'countdown changed', 'value': 0}','action':'None','timestamp':1752701680160},ANY:{'page': {'page': 'landing-countdown', 'action': 'countdown changed', 'value': 0}, 'timestamp': 1752701680160}
1752701681.16314,ID:2107,STAGE:2,SEQUENCE:1234,DATA:{'page':'{'page': 'landing-countdown', 'action': 'countdown complete'}','action':'None','timestamp':1752701681159},ANY:{'page': {'page': 'landing-countdown', 'action': 'countdown complete'}, 'timestamp': 1752701681159}
1752701681.237799,ID:2107,STAGE:2,SEQUENCE:1234,DATA:{'page':'{'page': 'landed', 'action': 'opened page'}','action':'None','timestamp':1752701681228},ANY:{'page': {'page': 'landed', 'action': 'opened page'}, 'timestamp': 1752701681228}
1752701682.223727,ID:2107,STAGE:2,SEQUENCE:1234,DATA:{'page':'{'page': 'map', 'action': 'selected helipad', 'value': '21'}','action':'None','timestamp':1752701682221},ANY:{'page': {'page': 'map', 'action': 'selected helipad', 'value': '21'}, 'timestamp': 1752701682221}
1752701711.543919,ID:2107,STAGE:2,SEQUENCE:1234,DATA:{'page':'{'page': 'speak text', 'action': 'Receieved text and level:Opening mapnormal'}','action':'None','timestamp':1752701711541},ANY:{'page': {'page': 'speak text', 'action': 'Receieved text and level:Opening mapnormal'}, 'timestamp': 1752701711541}
1752701711.544414,ID:2107,STAGE:2,SEQUENCE:1234,DATA:{'page':'{'page': 'Jarvis speaking', 'action': 'Message: Opening map Stress level: normal'}','action':'None','timestamp':1752701711542},ANY:{'page': {'page': 'Jarvis speaking', 'action': 'Message: Opening map Stress level: normal'}, 'timestamp': 1752701711542}
1752701712.21513,ID:2107,STAGE:2,SEQUENCE:1234,DATA:{'page':'{'page': 'map', 'action': 'show map'}','action':'None','timestamp':1752701712212},ANY:{'page': {'page': 'map', 'action': 'show map'}, 'timestamp': 1752701712212}
 'value': '21'}, 'timestamp': 1752701712212}
1752701712.721779,ID:2107,STAGE:2,SEQUENCE:1234,DATA:{'page':'{'page': 'map', 'action': 'show map'}','action':'None','timestamp':1752701712718},ANY:{'page': {'page': 'map', 'action': 'show map'}, 'timestamp': 1752701712718}
1752701712.722275,ID:2107,STAGE:2,SEQUENCE:1234,DATA:{'page':'{'page': 'map', 'action': 'selected helipad', 'value': '21'}','action':'None','timestamp':1752701712719},ANY:{'page': {'page': 'map', 'action': 'selected helipad', 'value': '21'}, 'timestamp': 1752701712719}
1752701716.624178,ID:2107,STAGE:2,SEQUENCE:1234,DATA:{'page':'{'page': 'map', 'action': 'selected helipad', 'value': '16'}','action':'None','timestamp':1752701716622},ANY:{'page': {'page': 'map', 'action': 'selected helipad', 'value': '16'}, 'timestamp': 1752701716622}
1752701722.047964,ID:2107,STAGE:2,SEQUENCE:1234,DATA:{'page':'{'page': 'map', 'action': 'selected helipad', 'value': 100}','action':'None','timestamp':1752701722045},ANY:{'page': {'page': 'map', 'action': 'selected helipad', 'value': 100}, 'timestamp': 1752701722045}
1752701722.04846,ID:2107,STAGE:2,SEQUENCE:1234,DATA:{'page':'{'page': 'map', 'action': 'selected helipad', 'value': '19'}','action':'None','timestamp':1752701722046},ANY:{'page': {'page': 'map', 'action': 'selected helipad', 'value': '19'}, 'timestamp': 1752701722046}
