INFO:root:1723586157.998875,ID:1022,STAGE:2,SEQUENCE:1234,DATA:{'time': 1723586157.996, 'user-id': '1022', 'source': 'HAI Interface', 'destination-index': 'None', 'study-stage': '2', 'decision-state': 0, 'vitals-state': 0, 'airspace-state': 0, 'data': {'page': 'index', 'action': 'confirm button pressed'}}
INFO:root:1723586158.103352,ID:1022,STAGE:2,SEQUENCE:1234,DATA:{'time': 1723586158.092, 'user-id': 'none', 'source': 'HAI Interface', 'destination-index': 3, 'study-stage': -1, 'decision-state': 0, 'vitals-state': 0, 'airspace-state': 0, 'data': {'page': 'location', 'action': 'opened page'}}
INFO:root:Takeoff radiocomms initiated
INFO:root:1723586159.08192,ID:1022,STAGE:2,SEQUENCE:1234,DATA:{'time': 1723586159.071, 'user-id': '1022', 'source': 'HAI Interface', 'destination-index': 'None', 'study-stage': '2', 'decision-state': 0, 'vitals-state': 0, 'airspace-state': 0, 'data': {'page': 'map', 'action': 'selected helipad', 'value': '21'}}
INFO:comtypes.client._code_cache:Imported existing <module 'comtypes.gen' from 'C:\\Users\\ae-dagbeyibor3\\AppData\\Local\\Programs\\Python\\Python312\\Lib\\site-packages\\comtypes\\gen\\__init__.py'>
INFO:comtypes.client._code_cache:Using writeable comtypes cache directory: 'C:\Users\ae-dagbeyibor3\AppData\Local\Programs\Python\Python312\Lib\site-packages\comtypes\gen'
INFO:root:Takeoff radiocomms clear request sent
INFO:root:1723586179.115585,ID:1022,STAGE:2,SEQUENCE:1234,DATA:{'time': 1723586179.112, 'user-id': '1022', 'source': 'HAI Interface', 'destination-index': 'None', 'study-stage': '2', 'decision-state': 0, 'vitals-state': 0, 'airspace-state': 0, 'data': {'page': 'location', 'action': 'confirm button pressed'}}
INFO:root:1723586179.377102,ID:1022,STAGE:2,SEQUENCE:1234,DATA:{'time': 1723586179.37, 'user-id': 'none', 'source': 'HAI Interface', 'destination-index': 3, 'study-stage': -1, 'decision-state': 0, 'vitals-state': 0, 'airspace-state': 0, 'data': {'page': 'checklist', 'action': 'opened page', 'inflight': False}}
INFO:root:1723586180.346241,ID:1022,STAGE:2,SEQUENCE:1234,DATA:{'time': 1723586180.34, 'user-id': '1022', 'source': 'HAI Interface', 'destination-index': '3', 'study-stage': '2', 'decision-state': 0, 'vitals-state': 0, 'airspace-state': 0, 'data': {'page': 'map', 'action': 'selected helipad', 'value': '21'}}
INFO:root:1723586181.345772,ID:1022,STAGE:2,SEQUENCE:1234,DATA:{'time': 1723586181.342, 'user-id': '1022', 'source': 'HAI Interface', 'destination-index': '3', 'study-stage': '2', 'decision-state': 0, 'vitals-state': 0, 'airspace-state': 0, 'data': {'page': 'checklist', 'action': 'toggled checkbox', 'inflight': False, 'item': 0, 'value': 'OFF'}}
INFO:root:1723586181.709161,ID:1022,STAGE:2,SEQUENCE:1234,DATA:{'time': 1723586181.705, 'user-id': '1022', 'source': 'HAI Interface', 'destination-index': '3', 'study-stage': '2', 'decision-state': 0, 'vitals-state': 0, 'airspace-state': 0, 'data': {'page': 'checklist', 'action': 'toggled checkbox', 'inflight': False, 'item': 1, 'value': 'OFF'}}
INFO:root:1723586182.046077,ID:1022,STAGE:2,SEQUENCE:1234,DATA:{'time': 1723586182.043, 'user-id': '1022', 'source': 'HAI Interface', 'destination-index': '3', 'study-stage': '2', 'decision-state': 0, 'vitals-state': 0, 'airspace-state': 0, 'data': {'page': 'checklist', 'action': 'toggled checkbox', 'inflight': False, 'item': 2, 'value': 'OFF'}}
INFO:root:1723586182.047082,ID:1022,STAGE:2,SEQUENCE:1234,DATA:{'time': 1723586182.044, 'user-id': '1022', 'source': 'HAI Interface', 'destination-index': '3', 'study-stage': '2', 'decision-state': 0, 'vitals-state': 0, 'airspace-state': 0, 'data': {'page': 'checklist', 'action': 'showing confirm button', 'inflight': False}}
INFO:root:1723586182.99464,ID:1022,STAGE:2,SEQUENCE:1234,DATA:{'time': 1723586182.992, 'user-id': '1022', 'source': 'HAI Interface', 'destination-index': '3', 'study-stage': '2', 'decision-state': 0, 'vitals-state': 0, 'airspace-state': 0, 'data': {'page': 'checklist', 'action': 'confirm button clicked', 'inflight': False}}
INFO:root:1723586183.092679,ID:1022,STAGE:2,SEQUENCE:1234,DATA:{'time': 1723586183.086, 'user-id': 'none', 'source': 'HAI Interface', 'destination-index': 3, 'study-stage': -1, 'decision-state': 0, 'vitals-state': 0, 'airspace-state': 0, 'data': {'page': 'countdown', 'action': 'opened page'}}
INFO:root:1723586184.053414,ID:1022,STAGE:2,SEQUENCE:1234,DATA:{'time': 1723586184.05, 'user-id': '1022', 'source': 'HAI Interface', 'destination-index': '3', 'study-stage': '2', 'decision-state': 0, 'vitals-state': 0, 'airspace-state': 0, 'data': {'page': 'map', 'action': 'selected helipad', 'value': '21'}}
INFO:root:1723586184.094345,ID:1022,STAGE:2,SEQUENCE:1234,DATA:{'time': 1723586184.09, 'user-id': '1022', 'source': 'HAI Interface', 'destination-index': '3', 'study-stage': '2', 'decision-state': 0, 'vitals-state': 0, 'airspace-state': 0, 'data': {'page': 'countdown', 'action': 'countdown now 4'}}
INFO:root:1723586185.090703,ID:1022,STAGE:2,SEQUENCE:1234,DATA:{'time': 1723586185.087, 'user-id': '1022', 'source': 'HAI Interface', 'destination-index': '3', 'study-stage': '2', 'decision-state': 0, 'vitals-state': 0, 'airspace-state': 0, 'data': {'page': 'countdown', 'action': 'countdown now 3'}}
INFO:root:1723586186.091666,ID:1022,STAGE:2,SEQUENCE:1234,DATA:{'time': 1723586186.087, 'user-id': '1022', 'source': 'HAI Interface', 'destination-index': '3', 'study-stage': '2', 'decision-state': 0, 'vitals-state': 0, 'airspace-state': 0, 'data': {'page': 'countdown', 'action': 'countdown now 2'}}
INFO:root:1723586187.09447,ID:1022,STAGE:2,SEQUENCE:1234,DATA:{'time': 1723586187.091, 'user-id': '1022', 'source': 'HAI Interface', 'destination-index': '3', 'study-stage': '2', 'decision-state': 0, 'vitals-state': 0, 'airspace-state': 0, 'data': {'page': 'countdown', 'action': 'countdown now 1'}}
INFO:root:1723586188.095478,ID:1022,STAGE:2,SEQUENCE:1234,DATA:{'time': 1723586188.091, 'user-id': '1022', 'source': 'HAI Interface', 'destination-index': '3', 'study-stage': '2', 'decision-state': 0, 'vitals-state': 0, 'airspace-state': 0, 'data': {'page': 'countdown', 'action': 'countdown now 0'}}
INFO:root:1723586189.095524,ID:1022,STAGE:2,SEQUENCE:1234,DATA:{'time': 1723586189.091, 'user-id': '1022', 'source': 'HAI Interface', 'destination-index': '3', 'study-stage': '2', 'decision-state': 0, 'vitals-state': 0, 'airspace-state': 0, 'data': {'page': 'countdown', 'action': 'countdown complete'}}
INFO:root:1723586190.877425,ID:1022,STAGE:2,SEQUENCE:1234,DATA:{'time': 1723586190.874, 'user-id': '1022', 'source': 'HAI Interface', 'destination-index': '3', 'study-stage': '2', 'decision-state': 0, 'vitals-state': 0, 'airspace-state': 0, 'data': {'page': 'map', 'action': 'selected helipad', 'value': '21'}}
INFO:root:1723586196.700709,ID:1022,STAGE:2,SEQUENCE:1234,DATA:{'time': 1723586196.696, 'user-id': '1022', 'source': 'HAI Interface', 'destination-index': '3', 'study-stage': '2', 'decision-state': 0, 'vitals-state': 0, 'airspace-state': 0, 'data': {'action': 'radio panel opened'}}
INFO:root:Inflight Radio Update asked
INFO:root:sent request to set radio update complete
INFO:root:1723586202.23964,ID:1022,STAGE:2,SEQUENCE:1234,DATA:{'time': 1723586202.234, 'user-id': '1022', 'source': 'HAI Interface', 'destination-index': '3', 'study-stage': '2', 'decision-state': 0, 'vitals-state': 0, 'airspace-state': 0, 'data': {'action': 'transmit button pressed'}}
INFO:root:1723586202.245625,ID:1022,STAGE:2,SEQUENCE:1234,DATA:{'time': 1723586202.234, 'user-id': '1022', 'source': 'HAI Interface', 'destination-index': '3', 'study-stage': '2', 'decision-state': 0, 'vitals-state': 0, 'airspace-state': 0, 'data': {'action': 'callsign set to: + NASXGS'}}
INFO:root:1723586202.250196,ID:1022,STAGE:2,SEQUENCE:1234,DATA:{'time': 1723586202.235, 'user-id': '1022', 'source': 'HAI Interface', 'destination-index': '3', 'study-stage': '2', 'decision-state': 0, 'vitals-state': 0, 'airspace-state': 0, 'data': {'action': 'radio set to:Comm1'}}
INFO:root:1723586202.260219,ID:1022,STAGE:2,SEQUENCE:1234,DATA:{'time': 1723586202.235, 'user-id': '1022', 'source': 'HAI Interface', 'destination-index': '3', 'study-stage': '2', 'decision-state': 0, 'vitals-state': 0, 'airspace-state': 0, 'data': {'page': 'map', 'action': 'show map'}}
INFO:root:1723586202.262214,ID:1022,STAGE:2,SEQUENCE:1234,DATA:{'time': 1723586202.235, 'user-id': '1022', 'source': 'HAI Interface', 'destination-index': '3', 'study-stage': '2', 'decision-state': 0, 'vitals-state': 0, 'airspace-state': 0, 'data': {'page': 'map', 'action': 'selected helipad', 'value': '21'}}
INFO:root:1723586202.265716,ID:1022,STAGE:2,SEQUENCE:1234,DATA:{'time': 1723586202.242, 'user-id': '1022', 'source': 'HAI Interface', 'destination-index': '3', 'study-stage': '2', 'decision-state': 0, 'vitals-state': 0, 'airspace-state': 0, 'data': {'action': 'NASXGStransmitting updates onComm1123.45 MHz'}}
INFO:SimConnect.SimConnect:SIM OPEN
INFO:root:1723586225.790494,ID:1022,STAGE:2,SEQUENCE:1234,DATA:{'time': 1723586225.787, 'user-id': '1022', 'source': 'HAI Interface', 'destination-index': '3', 'study-stage': '2', 'decision-state': 0, 'vitals-state': 0, 'airspace-state': 0, 'data': {'page': 'map', 'action': 'hide map'}}
INFO:root:1723586228.775243,ID:1022,STAGE:2,SEQUENCE:1234,DATA:{'time': 1723586228.753, 'user-id': '1022', 'source': 'HAI Interface', 'destination-index': '3', 'study-stage': '2', 'decision-state': 0, 'vitals-state': 0, 'airspace-state': 0, 'data': {'action': 'radio panel closed'}}
INFO:root:1723586243.175321,ID:1022,STAGE:2,SEQUENCE:1234,DATA:{'time': 1723586243.172, 'user-id': '1022', 'source': 'HAI Interface', 'destination-index': '3', 'study-stage': '2', 'decision-state': 0, 'vitals-state': 0, 'airspace-state': 0, 'data': {'page': 'inflight', 'action': 'displaying vitals prompt'}}
INFO:SimConnect.SimConnect:SIM OPEN
INFO:SimConnect.SimConnect:SIM OPEN
INFO:root:1723586249.982059,ID:1022,STAGE:2,SEQUENCE:1234,DATA:{'time': 1723586249.981, 'source': 'VitalsTask', 'timer': 150.001, 'data': {'sensor': 'Heart Rate', 'action': 'capture', 'data': 'action button pressed'}}
INFO:root:1723586249.985049,ID:1022,STAGE:2,SEQUENCE:1234,DATA:{'time': 1723586249.981, 'source': 'VitalsTask', 'timer': 150.001, 'data': {'sensor': 'Heart Rate', 'action': 'capture', 'data': 'starting sensor action'}}
INFO:root:1723586250.998061,ID:1022,STAGE:2,SEQUENCE:1234,DATA:{'time': 1723586250.997, 'source': 'VitalsTask', 'timer': 151.017, 'data': {'sensor': 'Heart Rate', 'action': 'capture', 'data': 'sensor action complete'}}
INFO:root:1723586251.000197,ID:1022,STAGE:2,SEQUENCE:1234,DATA:{'time': 1723586250.997, 'source': 'VitalsTask', 'timer': 151.017, 'data': {'sensor': 'Heart Rate', 'action': 'keypad open'}}
INFO:root:1723586254.652994,ID:1022,STAGE:2,SEQUENCE:1234,DATA:{'time': 1723586254.654, 'source': 'VitalsTask', 'timer': 154.674, 'data': {'sensor': 'Heart Rate', 'action': 'keypad press', 'key': 5, 'value': 5}}
INFO:root:1723586254.809625,ID:1022,STAGE:2,SEQUENCE:1234,DATA:{'time': 1723586254.809, 'source': 'VitalsTask', 'timer': 154.829, 'data': {'sensor': 'Heart Rate', 'action': 'keypad press', 'key': 5, 'value': 55}}
INFO:root:1723586256.453689,ID:1022,STAGE:2,SEQUENCE:1234,DATA:{'time': 1723586256.451, 'source': 'VitalsTask', 'timer': 156.471, 'data': {'sensor': 'Heart Rate', 'action': 'show action buttons'}}
INFO:root:1723586256.455684,ID:1022,STAGE:2,SEQUENCE:1234,DATA:{'time': 1723586256.451, 'source': 'VitalsTask', 'timer': 156.471, 'data': {'sensor': 'Heart Rate', 'action': 'keypad press', 'key': 10, 'value': 55}}
INFO:root:1723586257.889649,ID:1022,STAGE:2,SEQUENCE:1234,DATA:{'time': 1723586257.883, 'source': 'VitalsTask', 'timer': 157.903, 'data': {'sensor': 'Heart Rate', 'action': 'log', 'data': 'action button pressed'}}
INFO:root:1723586257.892673,ID:1022,STAGE:2,SEQUENCE:1234,DATA:{'time': 1723586257.883, 'source': 'VitalsTask', 'timer': 157.903, 'data': {'sensor': 'Heart Rate', 'action': 'log', 'data': 'starting sensor action'}}
INFO:root:1723586258.895315,ID:1022,STAGE:2,SEQUENCE:1234,DATA:{'time': 1723586258.895, 'source': 'VitalsTask', 'timer': 158.915, 'data': {'sensor': 'Heart Rate', 'action': 'log', 'data': 'sensor action complete'}}
INFO:root:1723586259.549317,ID:1022,STAGE:2,SEQUENCE:1234,DATA:{'time': 1723586259.549, 'source': 'VitalsTask', 'timer': 159.569, 'data': {'sensor': 'Heart Rate', 'action': 'save', 'data': 'action button pressed'}}
INFO:root:1723586259.550876,ID:1022,STAGE:2,SEQUENCE:1234,DATA:{'time': 1723586259.549, 'source': 'VitalsTask', 'timer': 159.569, 'data': {'sensor': 'Heart Rate', 'action': 'save', 'data': 'starting sensor action'}}
INFO:root:1723586260.565733,ID:1022,STAGE:2,SEQUENCE:1234,DATA:{'time': 1723586260.562, 'source': 'VitalsTask', 'timer': 160.582, 'data': {'sensor': 'Heart Rate', 'action': 'save', 'data': 'sensor action complete'}}
INFO:root:1723586261.978778,ID:1022,STAGE:2,SEQUENCE:1234,DATA:{'time': 1723586261.978, 'source': 'VitalsTask', 'timer': 161.998, 'data': {'sensor': 'O\u2082 Saturation', 'action': 'opened sensor tab'}}
INFO:root:1723586263.352349,ID:1022,STAGE:2,SEQUENCE:1234,DATA:{'time': 1723586263.351, 'source': 'VitalsTask', 'timer': 163.371, 'data': {'sensor': 'O\u2082 Saturation', 'action': 'capture', 'data': 'action button pressed'}}
INFO:root:1723586263.355027,ID:1022,STAGE:2,SEQUENCE:1234,DATA:{'time': 1723586263.352, 'source': 'VitalsTask', 'timer': 163.372, 'data': {'sensor': 'O\u2082 Saturation', 'action': 'capture', 'data': 'starting sensor action'}}
INFO:root:1723586264.363757,ID:1022,STAGE:2,SEQUENCE:1234,DATA:{'time': 1723586264.364, 'source': 'VitalsTask', 'timer': 164.384, 'data': {'sensor': 'O\u2082 Saturation', 'action': 'capture', 'data': 'sensor action complete'}}
INFO:root:1723586264.36616,ID:1022,STAGE:2,SEQUENCE:1234,DATA:{'time': 1723586264.364, 'source': 'VitalsTask', 'timer': 164.384, 'data': {'sensor': 'O\u2082 Saturation', 'action': 'keypad open'}}
INFO:root:1723586266.179114,ID:1022,STAGE:2,SEQUENCE:1234,DATA:{'time': 1723586266.179, 'source': 'VitalsTask', 'timer': 166.199, 'data': {'sensor': 'O\u2082 Saturation', 'action': 'keypad press', 'key': 1, 'value': 1}}
INFO:root:1723586267.654427,ID:1022,STAGE:2,SEQUENCE:1234,DATA:{'time': 1723586267.654, 'source': 'VitalsTask', 'timer': 167.674, 'data': {'sensor': 'O\u2082 Saturation', 'action': 'keypad press', 'key': 11, 'value': 10}}
INFO:root:1723586267.837779,ID:1022,STAGE:2,SEQUENCE:1234,DATA:{'time': 1723586267.833, 'source': 'VitalsTask', 'timer': 167.853, 'data': {'sensor': 'O\u2082 Saturation', 'action': 'keypad press', 'key': 11, 'value': 100}}
INFO:root:1723586268.976833,ID:1022,STAGE:2,SEQUENCE:1234,DATA:{'time': 1723586268.972, 'source': 'VitalsTask', 'timer': 168.992, 'data': {'sensor': 'O\u2082 Saturation', 'action': 'show action buttons'}}
INFO:root:1723586268.978831,ID:1022,STAGE:2,SEQUENCE:1234,DATA:{'time': 1723586268.973, 'source': 'VitalsTask', 'timer': 168.993, 'data': {'sensor': 'O\u2082 Saturation', 'action': 'keypad press', 'key': 10, 'value': 100}}
INFO:root:1723586270.57345,ID:1022,STAGE:2,SEQUENCE:1234,DATA:{'time': 1723586270.57, 'source': 'VitalsTask', 'timer': 170.59, 'data': {'sensor': 'O\u2082 Saturation', 'action': 'log', 'data': 'action button pressed'}}
INFO:root:1723586270.576291,ID:1022,STAGE:2,SEQUENCE:1234,DATA:{'time': 1723586270.572, 'source': 'VitalsTask', 'timer': 170.592, 'data': {'sensor': 'O\u2082 Saturation', 'action': 'log', 'data': 'starting sensor action'}}
INFO:root:1723586271.588388,ID:1022,STAGE:2,SEQUENCE:1234,DATA:{'time': 1723586271.588, 'source': 'VitalsTask', 'timer': 171.608, 'data': {'sensor': 'O\u2082 Saturation', 'action': 'log', 'data': 'sensor action complete'}}
INFO:root:1723586272.098075,ID:1022,STAGE:2,SEQUENCE:1234,DATA:{'time': 1723586272.098, 'source': 'VitalsTask', 'timer': 172.118, 'data': {'sensor': 'O\u2082 Saturation', 'action': 'save', 'data': 'action button pressed'}}
INFO:root:1723586272.100071,ID:1022,STAGE:2,SEQUENCE:1234,DATA:{'time': 1723586272.099, 'source': 'VitalsTask', 'timer': 172.119, 'data': {'sensor': 'O\u2082 Saturation', 'action': 'save', 'data': 'starting sensor action'}}
INFO:root:1723586273.113974,ID:1022,STAGE:2,SEQUENCE:1234,DATA:{'time': 1723586273.111, 'source': 'VitalsTask', 'timer': 173.131, 'data': {'sensor': 'O\u2082 Saturation', 'action': 'save', 'data': 'sensor action complete'}}
INFO:root:1723586275.215287,ID:1022,STAGE:2,SEQUENCE:1234,DATA:{'time': 1723586275.214, 'source': 'VitalsTask', 'timer': 175.234, 'data': {'sensor': 'Blood Pressure', 'action': 'opened sensor tab'}}
INFO:root:1723586281.928081,ID:1022,STAGE:2,SEQUENCE:1234,DATA:{'time': 1723586281.924, 'source': 'VitalsTask', 'timer': 181.944, 'data': {'sensor': 'Blood Pressure', 'action': 'capture', 'data': 'action button pressed'}}
INFO:root:1723586281.931075,ID:1022,STAGE:2,SEQUENCE:1234,DATA:{'time': 1723586281.925, 'source': 'VitalsTask', 'timer': 181.945, 'data': {'sensor': 'Blood Pressure', 'action': 'capture', 'data': 'starting sensor action'}}
INFO:root:1723586282.938584,ID:1022,STAGE:2,SEQUENCE:1234,DATA:{'time': 1723586282.937, 'source': 'VitalsTask', 'timer': 182.957, 'data': {'sensor': 'Blood Pressure', 'action': 'capture', 'data': 'sensor action complete'}}
INFO:root:1723586282.939585,ID:1022,STAGE:2,SEQUENCE:1234,DATA:{'time': 1723586282.938, 'source': 'VitalsTask', 'timer': 182.958, 'data': {'sensor': 'Blood Pressure', 'action': 'keypad open'}}
INFO:root:1723586284.477206,ID:1022,STAGE:2,SEQUENCE:1234,DATA:{'time': 1723586284.475, 'source': 'VitalsTask', 'timer': 184.495, 'data': {'sensor': 'Blood Pressure', 'action': 'keypad press', 'key': 1, 'value': 1}}
INFO:root:1723586285.287306,ID:1022,STAGE:2,SEQUENCE:1234,DATA:{'time': 1723586285.286, 'source': 'VitalsTask', 'timer': 185.306, 'data': {'sensor': 'Blood Pressure', 'action': 'keypad press', 'key': 2, 'value': 12}}
INFO:root:1723586287.127455,ID:1022,STAGE:2,SEQUENCE:1234,DATA:{'time': 1723586287.124, 'source': 'VitalsTask', 'timer': 187.144, 'data': {'sensor': 'Blood Pressure', 'action': 'keypad press', 'key': 11, 'value': 120}}
INFO:root:1723586289.267832,ID:1022,STAGE:2,SEQUENCE:1234,DATA:{'time': 1723586289.263, 'source': 'VitalsTask', 'timer': 189.283, 'data': {'sensor': 'Blood Pressure', 'action': 'keypad press', 'key': 8, 'value': 1208}}
INFO:root:1723586290.638186,ID:1022,STAGE:2,SEQUENCE:1234,DATA:{'time': 1723586290.636, 'source': 'VitalsTask', 'timer': 190.656, 'data': {'sensor': 'Blood Pressure', 'action': 'keypad press', 'key': 11, 'value': 12080}}
INFO:root:1723586291.744752,ID:1022,STAGE:2,SEQUENCE:1234,DATA:{'time': 1723586291.741, 'source': 'VitalsTask', 'timer': 191.761, 'data': {'sensor': 'Blood Pressure', 'action': 'show action buttons'}}
INFO:root:1723586291.745749,ID:1022,STAGE:2,SEQUENCE:1234,DATA:{'time': 1723586291.741, 'source': 'VitalsTask', 'timer': 191.761, 'data': {'sensor': 'Blood Pressure', 'action': 'keypad press', 'key': 10, 'value': 12080}}
INFO:root:1723586293.515661,ID:1022,STAGE:2,SEQUENCE:1234,DATA:{'time': 1723586293.515, 'source': 'VitalsTask', 'timer': 193.535, 'data': {'sensor': 'Blood Pressure', 'action': 'log', 'data': 'action button pressed'}}
INFO:root:1723586293.518662,ID:1022,STAGE:2,SEQUENCE:1234,DATA:{'time': 1723586293.517, 'source': 'VitalsTask', 'timer': 193.537, 'data': {'sensor': 'Blood Pressure', 'action': 'log', 'data': 'starting sensor action'}}
INFO:root:1723586294.528449,ID:1022,STAGE:2,SEQUENCE:1234,DATA:{'time': 1723586294.528, 'source': 'VitalsTask', 'timer': 194.548, 'data': {'sensor': 'Blood Pressure', 'action': 'log', 'data': 'sensor action complete'}}
INFO:SimConnect.SimConnect:SIM OPEN
INFO:root:Inflight Radio Update asked
INFO:root:1723586296.230626,ID:1022,STAGE:2,SEQUENCE:1234,DATA:{'time': 1723586296.221, 'source': 'VitalsTask', 'timer': 196.241, 'data': {'sensor': 'Blood Pressure', 'action': 'save', 'data': 'action button pressed'}}
INFO:root:1723586296.233129,ID:1022,STAGE:2,SEQUENCE:1234,DATA:{'time': 1723586296.221, 'source': 'VitalsTask', 'timer': 196.241, 'data': {'sensor': 'Blood Pressure', 'action': 'save', 'data': 'starting sensor action'}}
INFO:root:sent request to set radio update complete
INFO:root:1723586297.242617,ID:1022,STAGE:2,SEQUENCE:1234,DATA:{'time': 1723586297.239, 'source': 'VitalsTask', 'timer': 197.259, 'data': {'sensor': 'Blood Pressure', 'action': 'save', 'data': 'sensor action complete'}}
INFO:root:1723586299.117109,ID:1022,STAGE:2,SEQUENCE:1234,DATA:{'time': 1723586299.117, 'source': 'VitalsTask', 'timer': 199.137, 'data': {'sensor': 'submit', 'action': 'submit'}}
INFO:root:1723586299.118113,ID:1022,STAGE:2,SEQUENCE:1234,DATA:{'time': 1723586299.117, 'source': 'VitalsTask', 'timer': 199.137, 'data': {'sensor': 'submit', 'action': 'submit', 'data': 'submit succeeded'}}
INFO:root:1723586301.413369,ID:1022,STAGE:2,SEQUENCE:1234,DATA:{'time': 1723586301.405, 'user-id': '1022', 'source': 'HAI Interface', 'destination-index': '3', 'study-stage': '2', 'decision-state': 0, 'vitals-state': 0, 'airspace-state': 0, 'data': {'action': 'radio panel opened'}}
INFO:root:1723586303.945495,ID:1022,STAGE:2,SEQUENCE:1234,DATA:{'time': 1723586303.939, 'user-id': '1022', 'source': 'HAI Interface', 'destination-index': '3', 'study-stage': '2', 'decision-state': 0, 'vitals-state': 0, 'airspace-state': 0, 'data': {'action': 'transmit button pressed'}}
INFO:root:1723586303.951524,ID:1022,STAGE:2,SEQUENCE:1234,DATA:{'time': 1723586303.939, 'user-id': '1022', 'source': 'HAI Interface', 'destination-index': '3', 'study-stage': '2', 'decision-state': 0, 'vitals-state': 0, 'airspace-state': 0, 'data': {'action': 'callsign set to: + NASXGS'}}
INFO:root:1723586303.952401,ID:1022,STAGE:2,SEQUENCE:1234,DATA:{'time': 1723586303.94, 'user-id': '1022', 'source': 'HAI Interface', 'destination-index': '3', 'study-stage': '2', 'decision-state': 0, 'vitals-state': 0, 'airspace-state': 0, 'data': {'page': 'map', 'action': 'show map'}}
INFO:root:1723586303.953404,ID:1022,STAGE:2,SEQUENCE:1234,DATA:{'time': 1723586303.94, 'user-id': '1022', 'source': 'HAI Interface', 'destination-index': '3', 'study-stage': '2', 'decision-state': 0, 'vitals-state': 0, 'airspace-state': 0, 'data': {'action': 'radio set to:Comm1'}}
INFO:root:1723586303.959898,ID:1022,STAGE:2,SEQUENCE:1234,DATA:{'time': 1723586303.941, 'user-id': '1022', 'source': 'HAI Interface', 'destination-index': '3', 'study-stage': '2', 'decision-state': 0, 'vitals-state': 0, 'airspace-state': 0, 'data': {'page': 'map', 'action': 'selected helipad', 'value': '21'}}
INFO:root:1723586303.964913,ID:1022,STAGE:2,SEQUENCE:1234,DATA:{'time': 1723586303.946, 'user-id': '1022', 'source': 'HAI Interface', 'destination-index': '3', 'study-stage': '2', 'decision-state': 0, 'vitals-state': 0, 'airspace-state': 0, 'data': {'action': 'NASXGStransmitting updates onComm1123.45 MHz'}}
INFO:root:1723586321.193879,ID:1022,STAGE:2,SEQUENCE:1234,DATA:{'time': 1723586321.189, 'user-id': '1022', 'source': 'HAI Interface', 'destination-index': '3', 'study-stage': '2', 'decision-state': 0, 'vitals-state': 0, 'airspace-state': 0, 'data': {'page': 'map', 'action': 'hide map'}}
INFO:root:1723586322.471436,ID:1022,STAGE:2,SEQUENCE:1234,DATA:{'time': 1723586322.467, 'user-id': '1022', 'source': 'HAI Interface', 'destination-index': '3', 'study-stage': '2', 'decision-state': 0, 'vitals-state': 0, 'airspace-state': 0, 'data': {'page': 'inflight', 'action': 'user acknowledged vitals prompt'}}
INFO:root:1723586324.579873,ID:1022,STAGE:2,SEQUENCE:1234,DATA:{'time': 1723586324.573, 'user-id': '1022', 'source': 'HAI Interface', 'destination-index': '3', 'study-stage': '2', 'decision-state': 0, 'vitals-state': 0, 'airspace-state': 0, 'data': {'action': 'radio panel closed'}}
INFO:root:1723586326.876838,ID:1022,STAGE:2,SEQUENCE:1234,DATA:{'time': 1723586326.872, 'user-id': '1022', 'source': 'HAI Interface', 'destination-index': '3', 'study-stage': '2', 'decision-state': 0, 'vitals-state': 0, 'airspace-state': 0, 'data': {'action': 'radio panel opened'}}
INFO:root:1723586341.530135,ID:1022,STAGE:2,SEQUENCE:1234,DATA:{'time': 1723586341.525, 'user-id': '1022', 'source': 'HAI Interface', 'destination-index': '3', 'study-stage': '2', 'decision-state': 0, 'vitals-state': 0, 'airspace-state': 0, 'data': {'page': 'inflight', 'action': 'displaying vitals prompt'}}
INFO:root:1723586349.252396,ID:1022,STAGE:2,SEQUENCE:1234,DATA:{'time': 1723586349.25, 'source': 'VitalsTask', 'timer': 50.132, 'data': {'sensor': 'Blood Pressure', 'action': 'capture', 'data': 'action button pressed'}}
INFO:root:1723586349.253906,ID:1022,STAGE:2,SEQUENCE:1234,DATA:{'time': 1723586349.251, 'source': 'VitalsTask', 'timer': 50.133, 'data': {'sensor': 'Blood Pressure', 'action': 'capture', 'data': 'starting sensor action'}}
INFO:root:1723586350.263635,ID:1022,STAGE:2,SEQUENCE:1234,DATA:{'time': 1723586350.264, 'source': 'VitalsTask', 'timer': 51.146, 'data': {'sensor': 'Blood Pressure', 'action': 'capture', 'data': 'sensor action complete'}}
INFO:root:1723586350.266136,ID:1022,STAGE:2,SEQUENCE:1234,DATA:{'time': 1723586350.264, 'source': 'VitalsTask', 'timer': 51.146, 'data': {'sensor': 'Blood Pressure', 'action': 'keypad open'}}
INFO:root:1723586352.267603,ID:1022,STAGE:2,SEQUENCE:1234,DATA:{'time': 1723586352.266, 'source': 'VitalsTask', 'timer': 53.148, 'data': {'sensor': 'Blood Pressure', 'action': 'keypad press', 'key': 1, 'value': 1}}
INFO:root:1723586353.17868,ID:1022,STAGE:2,SEQUENCE:1234,DATA:{'time': 1723586353.175, 'source': 'VitalsTask', 'timer': 54.057, 'data': {'sensor': 'Blood Pressure', 'action': 'keypad press', 'key': 2, 'value': 12}}
INFO:root:1723586354.738857,ID:1022,STAGE:2,SEQUENCE:1234,DATA:{'time': 1723586354.738, 'source': 'VitalsTask', 'timer': 55.62, 'data': {'sensor': 'Blood Pressure', 'action': 'keypad press', 'key': 11, 'value': 120}}
INFO:root:1723586355.755933,ID:1022,STAGE:2,SEQUENCE:1234,DATA:{'time': 1723586355.756, 'source': 'VitalsTask', 'timer': 56.638, 'data': {'sensor': 'Blood Pressure', 'action': 'keypad press', 'key': 8, 'value': 1208}}
INFO:root:1723586356.700714,ID:1022,STAGE:2,SEQUENCE:1234,DATA:{'time': 1723586356.7, 'source': 'VitalsTask', 'timer': 57.582, 'data': {'sensor': 'Blood Pressure', 'action': 'keypad press', 'key': 11, 'value': 12080}}
INFO:root:1723586357.872744,ID:1022,STAGE:2,SEQUENCE:1234,DATA:{'time': 1723586357.87, 'source': 'VitalsTask', 'timer': 58.752, 'data': {'sensor': 'Blood Pressure', 'action': 'show action buttons'}}
INFO:root:1723586357.878755,ID:1022,STAGE:2,SEQUENCE:1234,DATA:{'time': 1723586357.871, 'source': 'VitalsTask', 'timer': 58.753, 'data': {'sensor': 'Blood Pressure', 'action': 'keypad press', 'key': 10, 'value': 12080}}
INFO:root:1723586359.254497,ID:1022,STAGE:2,SEQUENCE:1234,DATA:{'time': 1723586359.254, 'source': 'VitalsTask', 'timer': 60.136, 'data': {'sensor': 'Blood Pressure', 'action': 'log', 'data': 'action button pressed'}}
INFO:root:1723586359.257793,ID:1022,STAGE:2,SEQUENCE:1234,DATA:{'time': 1723586359.255, 'source': 'VitalsTask', 'timer': 60.137, 'data': {'sensor': 'Blood Pressure', 'action': 'log', 'data': 'starting sensor action'}}
INFO:root:1723586360.273782,ID:1022,STAGE:2,SEQUENCE:1234,DATA:{'time': 1723586360.274, 'source': 'VitalsTask', 'timer': 61.156, 'data': {'sensor': 'Blood Pressure', 'action': 'log', 'data': 'sensor action complete'}}
INFO:root:1723586360.553808,ID:1022,STAGE:2,SEQUENCE:1234,DATA:{'time': 1723586360.552, 'source': 'VitalsTask', 'timer': 61.434, 'data': {'sensor': 'Blood Pressure', 'action': 'save', 'data': 'action button pressed'}}
INFO:root:1723586360.555807,ID:1022,STAGE:2,SEQUENCE:1234,DATA:{'time': 1723586360.552, 'source': 'VitalsTask', 'timer': 61.434, 'data': {'sensor': 'Blood Pressure', 'action': 'save', 'data': 'starting sensor action'}}
INFO:root:1723586361.572955,ID:1022,STAGE:2,SEQUENCE:1234,DATA:{'time': 1723586361.572, 'source': 'VitalsTask', 'timer': 62.454, 'data': {'sensor': 'Blood Pressure', 'action': 'save', 'data': 'sensor action complete'}}
INFO:root:1723586363.153083,ID:1022,STAGE:2,SEQUENCE:1234,DATA:{'time': 1723586363.148, 'source': 'VitalsTask', 'timer': 64.03, 'data': {'sensor': 'O\u2082 Saturation', 'action': 'opened sensor tab'}}
INFO:root:1723586364.75793,ID:1022,STAGE:2,SEQUENCE:1234,DATA:{'time': 1723586364.758, 'source': 'VitalsTask', 'timer': 65.64, 'data': {'sensor': 'O\u2082 Saturation', 'action': 'capture', 'data': 'action button pressed'}}
INFO:root:1723586364.76192,ID:1022,STAGE:2,SEQUENCE:1234,DATA:{'time': 1723586364.758, 'source': 'VitalsTask', 'timer': 65.64, 'data': {'sensor': 'O\u2082 Saturation', 'action': 'capture', 'data': 'starting sensor action'}}
INFO:root:1723586365.771869,ID:1022,STAGE:2,SEQUENCE:1234,DATA:{'time': 1723586365.771, 'source': 'VitalsTask', 'timer': 66.653, 'data': {'sensor': 'O\u2082 Saturation', 'action': 'capture', 'data': 'sensor action complete'}}
INFO:root:1723586365.774713,ID:1022,STAGE:2,SEQUENCE:1234,DATA:{'time': 1723586365.771, 'source': 'VitalsTask', 'timer': 66.653, 'data': {'sensor': 'O\u2082 Saturation', 'action': 'keypad open'}}
INFO:root:1723586367.141428,ID:1022,STAGE:2,SEQUENCE:1234,DATA:{'time': 1723586367.139, 'source': 'VitalsTask', 'timer': 68.021, 'data': {'sensor': 'O\u2082 Saturation', 'action': 'keypad press', 'key': 1, 'value': 1}}
INFO:root:1723586368.595347,ID:1022,STAGE:2,SEQUENCE:1234,DATA:{'time': 1723586368.59, 'source': 'VitalsTask', 'timer': 69.472, 'data': {'sensor': 'O\u2082 Saturation', 'action': 'keypad press', 'key': 11, 'value': 10}}
INFO:root:1723586368.777186,ID:1022,STAGE:2,SEQUENCE:1234,DATA:{'time': 1723586368.776, 'source': 'VitalsTask', 'timer': 69.658, 'data': {'sensor': 'O\u2082 Saturation', 'action': 'keypad press', 'key': 11, 'value': 100}}
INFO:root:1723586369.852278,ID:1022,STAGE:2,SEQUENCE:1234,DATA:{'time': 1723586369.849, 'source': 'VitalsTask', 'timer': 70.731, 'data': {'sensor': 'O\u2082 Saturation', 'action': 'show action buttons'}}
INFO:root:1723586369.854459,ID:1022,STAGE:2,SEQUENCE:1234,DATA:{'time': 1723586369.85, 'source': 'VitalsTask', 'timer': 70.732, 'data': {'sensor': 'O\u2082 Saturation', 'action': 'keypad press', 'key': 10, 'value': 100}}
INFO:root:1723586371.279121,ID:1022,STAGE:2,SEQUENCE:1234,DATA:{'time': 1723586371.277, 'source': 'VitalsTask', 'timer': 72.159, 'data': {'sensor': 'O\u2082 Saturation', 'action': 'log', 'data': 'action button pressed'}}
INFO:root:1723586371.281115,ID:1022,STAGE:2,SEQUENCE:1234,DATA:{'time': 1723586371.277, 'source': 'VitalsTask', 'timer': 72.159, 'data': {'sensor': 'O\u2082 Saturation', 'action': 'log', 'data': 'starting sensor action'}}
INFO:root:1723586372.298023,ID:1022,STAGE:2,SEQUENCE:1234,DATA:{'time': 1723586372.297, 'source': 'VitalsTask', 'timer': 73.179, 'data': {'sensor': 'O\u2082 Saturation', 'action': 'log', 'data': 'sensor action complete'}}
INFO:root:1723586372.834463,ID:1022,STAGE:2,SEQUENCE:1234,DATA:{'time': 1723586372.834, 'source': 'VitalsTask', 'timer': 73.716, 'data': {'sensor': 'O\u2082 Saturation', 'action': 'save', 'data': 'action button pressed'}}
INFO:root:1723586372.835777,ID:1022,STAGE:2,SEQUENCE:1234,DATA:{'time': 1723586372.834, 'source': 'VitalsTask', 'timer': 73.716, 'data': {'sensor': 'O\u2082 Saturation', 'action': 'save', 'data': 'starting sensor action'}}
INFO:root:1723586373.854182,ID:1022,STAGE:2,SEQUENCE:1234,DATA:{'time': 1723586373.851, 'source': 'VitalsTask', 'timer': 74.733, 'data': {'sensor': 'O\u2082 Saturation', 'action': 'save', 'data': 'sensor action complete'}}
INFO:root:1723586375.82843,ID:1022,STAGE:2,SEQUENCE:1234,DATA:{'time': 1723586375.828, 'source': 'VitalsTask', 'timer': 76.71, 'data': {'sensor': 'Heart Rate', 'action': 'opened sensor tab'}}
INFO:root:1723586377.328656,ID:1022,STAGE:2,SEQUENCE:1234,DATA:{'time': 1723586377.328, 'source': 'VitalsTask', 'timer': 78.21, 'data': {'sensor': 'Heart Rate', 'action': 'capture', 'data': 'action button pressed'}}
INFO:root:1723586377.331013,ID:1022,STAGE:2,SEQUENCE:1234,DATA:{'time': 1723586377.328, 'source': 'VitalsTask', 'timer': 78.21, 'data': {'sensor': 'Heart Rate', 'action': 'capture', 'data': 'starting sensor action'}}
INFO:root:1723586378.354534,ID:1022,STAGE:2,SEQUENCE:1234,DATA:{'time': 1723586378.353, 'source': 'VitalsTask', 'timer': 79.235, 'data': {'sensor': 'Heart Rate', 'action': 'capture', 'data': 'sensor action complete'}}
INFO:root:1723586378.356533,ID:1022,STAGE:2,SEQUENCE:1234,DATA:{'time': 1723586378.354, 'source': 'VitalsTask', 'timer': 79.236, 'data': {'sensor': 'Heart Rate', 'action': 'keypad open'}}
INFO:root:1723586379.396891,ID:1022,STAGE:2,SEQUENCE:1234,DATA:{'time': 1723586379.394, 'source': 'VitalsTask', 'timer': 80.276, 'data': {'sensor': 'Heart Rate', 'action': 'keypad press', 'key': 5, 'value': 5}}
INFO:root:1723586379.59277,ID:1022,STAGE:2,SEQUENCE:1234,DATA:{'time': 1723586379.591, 'source': 'VitalsTask', 'timer': 80.473, 'data': {'sensor': 'Heart Rate', 'action': 'keypad press', 'key': 5, 'value': 55}}
INFO:root:1723586381.22838,ID:1022,STAGE:2,SEQUENCE:1234,DATA:{'time': 1723586381.228, 'source': 'VitalsTask', 'timer': 82.11, 'data': {'sensor': 'Heart Rate', 'action': 'show action buttons'}}
INFO:root:1723586381.230528,ID:1022,STAGE:2,SEQUENCE:1234,DATA:{'time': 1723586381.228, 'source': 'VitalsTask', 'timer': 82.11, 'data': {'sensor': 'Heart Rate', 'action': 'keypad press', 'key': 10, 'value': 55}}
INFO:root:1723586382.965402,ID:1022,STAGE:2,SEQUENCE:1234,DATA:{'time': 1723586382.962, 'source': 'VitalsTask', 'timer': 83.844, 'data': {'sensor': 'Heart Rate', 'action': 'log', 'data': 'action button pressed'}}
INFO:root:1723586382.967011,ID:1022,STAGE:2,SEQUENCE:1234,DATA:{'time': 1723586382.962, 'source': 'VitalsTask', 'timer': 83.844, 'data': {'sensor': 'Heart Rate', 'action': 'log', 'data': 'starting sensor action'}}
INFO:root:1723586383.973897,ID:1022,STAGE:2,SEQUENCE:1234,DATA:{'time': 1723586383.972, 'source': 'VitalsTask', 'timer': 84.854, 'data': {'sensor': 'Heart Rate', 'action': 'log', 'data': 'sensor action complete'}}
INFO:root:1723586384.468991,ID:1022,STAGE:2,SEQUENCE:1234,DATA:{'time': 1723586384.466, 'source': 'VitalsTask', 'timer': 85.348, 'data': {'sensor': 'Heart Rate', 'action': 'save', 'data': 'action button pressed'}}
INFO:root:1723586384.472309,ID:1022,STAGE:2,SEQUENCE:1234,DATA:{'time': 1723586384.466, 'source': 'VitalsTask', 'timer': 85.348, 'data': {'sensor': 'Heart Rate', 'action': 'save', 'data': 'starting sensor action'}}
INFO:root:1723586385.485458,ID:1022,STAGE:2,SEQUENCE:1234,DATA:{'time': 1723586385.481, 'source': 'VitalsTask', 'timer': 86.363, 'data': {'sensor': 'Heart Rate', 'action': 'save', 'data': 'sensor action complete'}}
INFO:root:1723586387.320648,ID:1022,STAGE:2,SEQUENCE:1234,DATA:{'time': 1723586387.314, 'source': 'VitalsTask', 'timer': 88.196, 'data': {'sensor': 'submit', 'action': 'submit'}}
INFO:root:1723586387.325636,ID:1022,STAGE:2,SEQUENCE:1234,DATA:{'time': 1723586387.315, 'source': 'VitalsTask', 'timer': 88.197, 'data': {'sensor': 'submit', 'action': 'submit', 'data': 'submit succeeded'}}
INFO:root:1723586389.224372,ID:1022,STAGE:2,SEQUENCE:1234,DATA:{'time': 1723586389.22, 'user-id': '1022', 'source': 'HAI Interface', 'destination-index': '3', 'study-stage': '2', 'decision-state': 0, 'vitals-state': 0, 'airspace-state': 0, 'data': {'page': 'inflight', 'action': 'user acknowledged vitals prompt'}}
INFO:root:Inflight Radio Update asked
INFO:root:sent request to set radio update complete
INFO:root:1723586395.286369,ID:1022,STAGE:2,SEQUENCE:1234,DATA:{'time': 1723586395.28, 'user-id': '1022', 'source': 'HAI Interface', 'destination-index': '3', 'study-stage': '2', 'decision-state': 0, 'vitals-state': 0, 'airspace-state': 0, 'data': {'action': 'transmit button pressed'}}
INFO:root:1723586395.293371,ID:1022,STAGE:2,SEQUENCE:1234,DATA:{'time': 1723586395.28, 'user-id': '1022', 'source': 'HAI Interface', 'destination-index': '3', 'study-stage': '2', 'decision-state': 0, 'vitals-state': 0, 'airspace-state': 0, 'data': {'action': 'callsign set to: + NASXGS'}}
INFO:root:1723586395.294374,ID:1022,STAGE:2,SEQUENCE:1234,DATA:{'time': 1723586395.28, 'user-id': '1022', 'source': 'HAI Interface', 'destination-index': '3', 'study-stage': '2', 'decision-state': 0, 'vitals-state': 0, 'airspace-state': 0, 'data': {'action': 'radio set to:Comm1'}}
INFO:root:1723586395.299871,ID:1022,STAGE:2,SEQUENCE:1234,DATA:{'time': 1723586395.281, 'user-id': '1022', 'source': 'HAI Interface', 'destination-index': '3', 'study-stage': '2', 'decision-state': 0, 'vitals-state': 0, 'airspace-state': 0, 'data': {'page': 'map', 'action': 'show map'}}
INFO:root:1723586395.303417,ID:1022,STAGE:2,SEQUENCE:1234,DATA:{'time': 1723586395.281, 'user-id': '1022', 'source': 'HAI Interface', 'destination-index': '3', 'study-stage': '2', 'decision-state': 0, 'vitals-state': 0, 'airspace-state': 0, 'data': {'page': 'map', 'action': 'selected helipad', 'value': '21'}}
INFO:root:1723586395.307406,ID:1022,STAGE:2,SEQUENCE:1234,DATA:{'time': 1723586395.286, 'user-id': '1022', 'source': 'HAI Interface', 'destination-index': '3', 'study-stage': '2', 'decision-state': 0, 'vitals-state': 0, 'airspace-state': 0, 'data': {'action': 'NASXGStransmitting updates onComm1123.45 MHz'}}
INFO:root:1723586413.163256,ID:1022,STAGE:2,SEQUENCE:1234,DATA:{'time': 1723586413.158, 'user-id': '1022', 'source': 'HAI Interface', 'destination-index': '3', 'study-stage': '2', 'decision-state': 0, 'vitals-state': 0, 'airspace-state': 0, 'data': {'page': 'map', 'action': 'hide map'}}
INFO:root:1723586414.670348,ID:1022,STAGE:2,SEQUENCE:1234,DATA:{'time': 1723586414.666, 'user-id': '1022', 'source': 'HAI Interface', 'destination-index': '3', 'study-stage': '2', 'decision-state': 0, 'vitals-state': 0, 'airspace-state': 0, 'data': {'action': 'radio panel closed'}}
INFO:SimConnect.SimConnect:SIM OPEN
INFO:root:1723586440.232251,ID:1022,STAGE:2,SEQUENCE:1234,DATA:{'time': 1723586440.226, 'user-id': '1022', 'source': 'HAI Interface', 'destination-index': '3', 'study-stage': '2', 'decision-state': 0, 'vitals-state': 0, 'airspace-state': 0, 'data': {'page': 'inflight', 'action': 'displaying vitals prompt'}}
INFO:root:1723586446.294524,ID:1022,STAGE:2,SEQUENCE:1234,DATA:{'time': 1723586446.292, 'source': 'VitalsTask', 'timer': 58.977, 'data': {'sensor': 'Heart Rate', 'action': 'capture', 'data': 'action button pressed'}}
INFO:root:1723586446.298536,ID:1022,STAGE:2,SEQUENCE:1234,DATA:{'time': 1723586446.292, 'source': 'VitalsTask', 'timer': 58.977, 'data': {'sensor': 'Heart Rate', 'action': 'capture', 'data': 'starting sensor action'}}
INFO:root:1723586447.314585,ID:1022,STAGE:2,SEQUENCE:1234,DATA:{'time': 1723586447.312, 'source': 'VitalsTask', 'timer': 59.997, 'data': {'sensor': 'Heart Rate', 'action': 'capture', 'data': 'sensor action complete'}}
INFO:root:1723586447.315586,ID:1022,STAGE:2,SEQUENCE:1234,DATA:{'time': 1723586447.312, 'source': 'VitalsTask', 'timer': 59.997, 'data': {'sensor': 'Heart Rate', 'action': 'keypad open'}}
INFO:root:1723586448.988565,ID:1022,STAGE:2,SEQUENCE:1234,DATA:{'time': 1723586448.987, 'source': 'VitalsTask', 'timer': 61.672, 'data': {'sensor': 'Heart Rate', 'action': 'keypad press', 'key': 5, 'value': 5}}
INFO:root:1723586449.172368,ID:1022,STAGE:2,SEQUENCE:1234,DATA:{'time': 1723586449.17, 'source': 'VitalsTask', 'timer': 61.855, 'data': {'sensor': 'Heart Rate', 'action': 'keypad press', 'key': 5, 'value': 55}}
INFO:root:1723586450.406331,ID:1022,STAGE:2,SEQUENCE:1234,DATA:{'time': 1723586450.405, 'source': 'VitalsTask', 'timer': 63.09, 'data': {'sensor': 'Heart Rate', 'action': 'show action buttons'}}
INFO:root:1723586450.409321,ID:1022,STAGE:2,SEQUENCE:1234,DATA:{'time': 1723586450.406, 'source': 'VitalsTask', 'timer': 63.091, 'data': {'sensor': 'Heart Rate', 'action': 'keypad press', 'key': 10, 'value': 55}}
INFO:root:1723586451.548112,ID:1022,STAGE:2,SEQUENCE:1234,DATA:{'time': 1723586451.547, 'source': 'VitalsTask', 'timer': 64.232, 'data': {'sensor': 'Heart Rate', 'action': 'log', 'data': 'action button pressed'}}
INFO:root:1723586451.557041,ID:1022,STAGE:2,SEQUENCE:1234,DATA:{'time': 1723586451.548, 'source': 'VitalsTask', 'timer': 64.233, 'data': {'sensor': 'Heart Rate', 'action': 'log', 'data': 'starting sensor action'}}
INFO:root:1723586452.562274,ID:1022,STAGE:2,SEQUENCE:1234,DATA:{'time': 1723586452.562, 'source': 'VitalsTask', 'timer': 65.247, 'data': {'sensor': 'Heart Rate', 'action': 'log', 'data': 'sensor action complete'}}
INFO:root:1723586453.081057,ID:1022,STAGE:2,SEQUENCE:1234,DATA:{'time': 1723586453.08, 'source': 'VitalsTask', 'timer': 65.765, 'data': {'sensor': 'Heart Rate', 'action': 'save', 'data': 'action button pressed'}}
INFO:root:1723586453.083639,ID:1022,STAGE:2,SEQUENCE:1234,DATA:{'time': 1723586453.08, 'source': 'VitalsTask', 'timer': 65.765, 'data': {'sensor': 'Heart Rate', 'action': 'save', 'data': 'starting sensor action'}}
INFO:root:1723586454.099393,ID:1022,STAGE:2,SEQUENCE:1234,DATA:{'time': 1723586454.098, 'source': 'VitalsTask', 'timer': 66.783, 'data': {'sensor': 'Heart Rate', 'action': 'save', 'data': 'sensor action complete'}}
INFO:root:1723586455.427515,ID:1022,STAGE:2,SEQUENCE:1234,DATA:{'time': 1723586455.426, 'source': 'VitalsTask', 'timer': 68.111, 'data': {'sensor': 'O\u2082 Saturation', 'action': 'opened sensor tab'}}
INFO:root:1723586457.78988,ID:1022,STAGE:2,SEQUENCE:1234,DATA:{'time': 1723586457.786, 'source': 'VitalsTask', 'timer': 70.471, 'data': {'sensor': 'O\u2082 Saturation', 'action': 'capture', 'data': 'action button pressed'}}
INFO:root:1723586457.792579,ID:1022,STAGE:2,SEQUENCE:1234,DATA:{'time': 1723586457.786, 'source': 'VitalsTask', 'timer': 70.471, 'data': {'sensor': 'O\u2082 Saturation', 'action': 'capture', 'data': 'starting sensor action'}}
INFO:root:1723586458.806095,ID:1022,STAGE:2,SEQUENCE:1234,DATA:{'time': 1723586458.805, 'source': 'VitalsTask', 'timer': 71.49, 'data': {'sensor': 'O\u2082 Saturation', 'action': 'capture', 'data': 'sensor action complete'}}
INFO:root:1723586458.808622,ID:1022,STAGE:2,SEQUENCE:1234,DATA:{'time': 1723586458.805, 'source': 'VitalsTask', 'timer': 71.49, 'data': {'sensor': 'O\u2082 Saturation', 'action': 'keypad open'}}
INFO:root:1723586459.963586,ID:1022,STAGE:2,SEQUENCE:1234,DATA:{'time': 1723586459.961, 'source': 'VitalsTask', 'timer': 72.646, 'data': {'sensor': 'O\u2082 Saturation', 'action': 'keypad press', 'key': 1, 'value': 1}}
INFO:root:1723586461.060119,ID:1022,STAGE:2,SEQUENCE:1234,DATA:{'time': 1723586461.058, 'source': 'VitalsTask', 'timer': 73.743, 'data': {'sensor': 'O\u2082 Saturation', 'action': 'keypad press', 'key': 11, 'value': 10}}
INFO:root:1723586461.236053,ID:1022,STAGE:2,SEQUENCE:1234,DATA:{'time': 1723586461.234, 'source': 'VitalsTask', 'timer': 73.919, 'data': {'sensor': 'O\u2082 Saturation', 'action': 'keypad press', 'key': 11, 'value': 100}}
INFO:root:1723586462.238832,ID:1022,STAGE:2,SEQUENCE:1234,DATA:{'time': 1723586462.238, 'source': 'VitalsTask', 'timer': 74.923, 'data': {'sensor': 'O\u2082 Saturation', 'action': 'show action buttons'}}
INFO:root:1723586462.241339,ID:1022,STAGE:2,SEQUENCE:1234,DATA:{'time': 1723586462.238, 'source': 'VitalsTask', 'timer': 74.923, 'data': {'sensor': 'O\u2082 Saturation', 'action': 'keypad press', 'key': 10, 'value': 100}}
INFO:root:1723586463.739952,ID:1022,STAGE:2,SEQUENCE:1234,DATA:{'time': 1723586463.737, 'source': 'VitalsTask', 'timer': 76.423, 'data': {'sensor': 'O\u2082 Saturation', 'action': 'log', 'data': 'action button pressed'}}
INFO:root:1723586463.74345,ID:1022,STAGE:2,SEQUENCE:1234,DATA:{'time': 1723586463.738, 'source': 'VitalsTask', 'timer': 76.423, 'data': {'sensor': 'O\u2082 Saturation', 'action': 'log', 'data': 'starting sensor action'}}
INFO:root:1723586464.753167,ID:1022,STAGE:2,SEQUENCE:1234,DATA:{'time': 1723586464.752, 'source': 'VitalsTask', 'timer': 77.437, 'data': {'sensor': 'O\u2082 Saturation', 'action': 'log', 'data': 'sensor action complete'}}
INFO:root:1723586465.110616,ID:1022,STAGE:2,SEQUENCE:1234,DATA:{'time': 1723586465.109, 'source': 'VitalsTask', 'timer': 77.794, 'data': {'sensor': 'O\u2082 Saturation', 'action': 'save', 'data': 'action button pressed'}}
INFO:root:1723586465.116108,ID:1022,STAGE:2,SEQUENCE:1234,DATA:{'time': 1723586465.109, 'source': 'VitalsTask', 'timer': 77.794, 'data': {'sensor': 'O\u2082 Saturation', 'action': 'save', 'data': 'starting sensor action'}}
INFO:root:1723586466.122119,ID:1022,STAGE:2,SEQUENCE:1234,DATA:{'time': 1723586466.121, 'source': 'VitalsTask', 'timer': 78.806, 'data': {'sensor': 'O\u2082 Saturation', 'action': 'save', 'data': 'sensor action complete'}}
INFO:root:1723586467.476267,ID:1022,STAGE:2,SEQUENCE:1234,DATA:{'time': 1723586467.475, 'source': 'VitalsTask', 'timer': 80.16, 'data': {'sensor': 'Blood Pressure', 'action': 'opened sensor tab'}}
INFO:root:1723586469.669282,ID:1022,STAGE:2,SEQUENCE:1234,DATA:{'time': 1723586469.668, 'source': 'VitalsTask', 'timer': 82.353, 'data': {'sensor': 'Blood Pressure', 'action': 'capture', 'data': 'action button pressed'}}
INFO:root:1723586469.67228,ID:1022,STAGE:2,SEQUENCE:1234,DATA:{'time': 1723586469.668, 'source': 'VitalsTask', 'timer': 82.353, 'data': {'sensor': 'Blood Pressure', 'action': 'capture', 'data': 'starting sensor action'}}
INFO:root:1723586470.681409,ID:1022,STAGE:2,SEQUENCE:1234,DATA:{'time': 1723586470.678, 'source': 'VitalsTask', 'timer': 83.363, 'data': {'sensor': 'Blood Pressure', 'action': 'capture', 'data': 'sensor action complete'}}
INFO:root:1723586470.682406,ID:1022,STAGE:2,SEQUENCE:1234,DATA:{'time': 1723586470.679, 'source': 'VitalsTask', 'timer': 83.364, 'data': {'sensor': 'Blood Pressure', 'action': 'keypad open'}}
INFO:root:1723586471.722519,ID:1022,STAGE:2,SEQUENCE:1234,DATA:{'time': 1723586471.721, 'source': 'VitalsTask', 'timer': 84.406, 'data': {'sensor': 'Blood Pressure', 'action': 'keypad press', 'key': 1, 'value': 1}}
INFO:root:1723586472.474297,ID:1022,STAGE:2,SEQUENCE:1234,DATA:{'time': 1723586472.473, 'source': 'VitalsTask', 'timer': 85.158, 'data': {'sensor': 'Blood Pressure', 'action': 'keypad press', 'key': 2, 'value': 12}}
INFO:root:1723586473.535086,ID:1022,STAGE:2,SEQUENCE:1234,DATA:{'time': 1723586473.533, 'source': 'VitalsTask', 'timer': 86.218, 'data': {'sensor': 'Blood Pressure', 'action': 'keypad press', 'key': 11, 'value': 120}}
INFO:root:1723586474.707966,ID:1022,STAGE:2,SEQUENCE:1234,DATA:{'time': 1723586474.708, 'source': 'VitalsTask', 'timer': 87.393, 'data': {'sensor': 'Blood Pressure', 'action': 'keypad press', 'key': 8, 'value': 1208}}
INFO:root:1723586476.147721,ID:1022,STAGE:2,SEQUENCE:1234,DATA:{'time': 1723586476.147, 'source': 'VitalsTask', 'timer': 88.832, 'data': {'sensor': 'Blood Pressure', 'action': 'keypad press', 'key': 11, 'value': 12080}}
INFO:root:1723586477.030637,ID:1022,STAGE:2,SEQUENCE:1234,DATA:{'time': 1723586477.029, 'source': 'VitalsTask', 'timer': 89.714, 'data': {'sensor': 'Blood Pressure', 'action': 'show action buttons'}}
INFO:root:1723586477.03305,ID:1022,STAGE:2,SEQUENCE:1234,DATA:{'time': 1723586477.029, 'source': 'VitalsTask', 'timer': 89.714, 'data': {'sensor': 'Blood Pressure', 'action': 'keypad press', 'key': 10, 'value': 12080}}
INFO:root:1723586478.686347,ID:1022,STAGE:2,SEQUENCE:1234,DATA:{'time': 1723586478.685, 'source': 'VitalsTask', 'timer': 91.37, 'data': {'sensor': 'Blood Pressure', 'action': 'log', 'data': 'action button pressed'}}
INFO:root:1723586478.688343,ID:1022,STAGE:2,SEQUENCE:1234,DATA:{'time': 1723586478.685, 'source': 'VitalsTask', 'timer': 91.37, 'data': {'sensor': 'Blood Pressure', 'action': 'log', 'data': 'starting sensor action'}}
INFO:root:1723586479.706141,ID:1022,STAGE:2,SEQUENCE:1234,DATA:{'time': 1723586479.705, 'source': 'VitalsTask', 'timer': 92.39, 'data': {'sensor': 'Blood Pressure', 'action': 'log', 'data': 'sensor action complete'}}
INFO:root:1723586481.047568,ID:1022,STAGE:2,SEQUENCE:1234,DATA:{'time': 1723586481.045, 'source': 'VitalsTask', 'timer': 93.73, 'data': {'sensor': 'Blood Pressure', 'action': 'save', 'data': 'action button pressed'}}
INFO:root:1723586481.048565,ID:1022,STAGE:2,SEQUENCE:1234,DATA:{'time': 1723586481.045, 'source': 'VitalsTask', 'timer': 93.73, 'data': {'sensor': 'Blood Pressure', 'action': 'save', 'data': 'starting sensor action'}}
INFO:root:1723586482.063762,ID:1022,STAGE:2,SEQUENCE:1234,DATA:{'time': 1723586482.062, 'source': 'VitalsTask', 'timer': 94.747, 'data': {'sensor': 'Blood Pressure', 'action': 'save', 'data': 'sensor action complete'}}
INFO:root:1723586483.658684,ID:1022,STAGE:2,SEQUENCE:1234,DATA:{'time': 1723586483.655, 'source': 'VitalsTask', 'timer': 96.34, 'data': {'sensor': 'submit', 'action': 'submit'}}
INFO:root:1723586483.661769,ID:1022,STAGE:2,SEQUENCE:1234,DATA:{'time': 1723586483.656, 'source': 'VitalsTask', 'timer': 96.341, 'data': {'sensor': 'submit', 'action': 'submit', 'data': 'submit succeeded'}}
INFO:root:1723586486.602681,ID:1022,STAGE:2,SEQUENCE:1234,DATA:{'time': 1723586486.598, 'user-id': '1022', 'source': 'HAI Interface', 'destination-index': '3', 'study-stage': '2', 'decision-state': 0, 'vitals-state': '1', 'airspace-state': 0, 'data': {'page': 'inflight', 'action': 'user acknowledged vitals prompt'}}
INFO:SimConnect.SimConnect:SIM OPEN
INFO:root:1723586501.153382,ID:1022,STAGE:2,SEQUENCE:1234,DATA:{'time': 1723586501.147, 'user-id': '1022', 'source': 'HAI Interface', 'destination-index': '3', 'study-stage': '2', 'decision-state': 0, 'vitals-state': '1', 'airspace-state': 0, 'data': {'action': 'radio panel opened'}}
INFO:root:1723586507.026317,ID:1022,STAGE:2,SEQUENCE:1234,DATA:{'time': 1723586507.021, 'user-id': '1022', 'source': 'HAI Interface', 'destination-index': '3', 'study-stage': '2', 'decision-state': 0, 'vitals-state': '1', 'airspace-state': 0, 'data': {'action': 'receive button pressed'}}
INFO:root:1723586507.02982,ID:1022,STAGE:2,SEQUENCE:1234,DATA:{'time': 1723586507.022, 'user-id': '1022', 'source': 'HAI Interface', 'destination-index': '3', 'study-stage': '2', 'decision-state': 0, 'vitals-state': '1', 'airspace-state': 0, 'data': {'action': 'callsign set to:[object Object]'}}
INFO:root:1723586507.034447,ID:1022,STAGE:2,SEQUENCE:1234,DATA:{'time': 1723586507.022, 'user-id': '1022', 'source': 'HAI Interface', 'destination-index': '3', 'study-stage': '2', 'decision-state': 0, 'vitals-state': '1', 'airspace-state': 0, 'data': {'action': 'radio set to:Comm2'}}
INFO:root:1723586507.040473,ID:1022,STAGE:2,SEQUENCE:1234,DATA:{'time': 1723586507.026, 'user-id': '1022', 'source': 'HAI Interface', 'destination-index': '3', 'study-stage': '2', 'decision-state': 0, 'vitals-state': '1', 'airspace-state': 0, 'data': {'action': 'MEDEVACtransmitting onComm2123.45 MHz'}}
INFO:root:Administer medication radio comm initiated
INFO:root:Administer medication radio comm done- command to clear event  make the receive 0 sent 
INFO:root:voice activity detected
INFO:root:recording started
INFO:root:voice deactivity detected
INFO:root:recording stopped
