INFO:root:1723587813.50539,ID:1022,STAGE:4,SEQUENCE:1234,DATA:{'time': 1723587813.501, 'user-id': '1022', 'source': 'HAI Interface', 'destination-index': 'None', 'study-stage': '4', 'decision-state': 0, 'vitals-state': 0, 'airspace-state': 0, 'data': {'page': 'map', 'action': 'selected helipad', 'value': '21'}}
INFO:root:1723587828.85471,ID:1022,STAGE:4,SEQUENCE:1234,DATA:{'time': 1723587828.851, 'user-id': '1022', 'source': 'HAI Interface', 'destination-index': 'None', 'study-stage': '4', 'decision-state': 0, 'vitals-state': 0, 'airspace-state': 0, 'data': {'page': 'index', 'action': 'confirm button pressed'}}
INFO:root:1723587828.962573,ID:1022,STAGE:4,SEQUENCE:1234,DATA:{'time': 1723587828.951, 'user-id': 'none', 'source': 'HAI Interface', 'destination-index': 3, 'study-stage': -1, 'decision-state': 0, 'vitals-state': 0, 'airspace-state': 0, 'data': {'page': 'location', 'action': 'opened page'}}
INFO:root:Takeoff radiocomms initiated
INFO:comtypes.client._code_cache:Imported existing <module 'comtypes.gen' from 'C:\\Users\\ae-dagbeyibor3\\AppData\\Local\\Programs\\Python\\Python312\\Lib\\site-packages\\comtypes\\gen\\__init__.py'>
INFO:comtypes.client._code_cache:Using writeable comtypes cache directory: 'C:\Users\ae-dagbeyibor3\AppData\Local\Programs\Python\Python312\Lib\site-packages\comtypes\gen'
INFO:root:1723587829.921885,ID:1022,STAGE:4,SEQUENCE:1234,DATA:{'time': 1723587829.917, 'user-id': '1022', 'source': 'HAI Interface', 'destination-index': 'None', 'study-stage': '4', 'decision-state': 0, 'vitals-state': 0, 'airspace-state': 0, 'data': {'page': 'map', 'action': 'selected helipad', 'value': '21'}}
INFO:root:1723587837.017362,ID:1022,STAGE:4,SEQUENCE:1234,DATA:{'time': 1723587837.013, 'user-id': '1022', 'source': 'HAI Interface', 'destination-index': 'None', 'study-stage': '4', 'decision-state': 0, 'vitals-state': 0, 'airspace-state': 0, 'data': {'page': 'location', 'action': 'confirm button pressed'}}
INFO:root:1723587837.348568,ID:1022,STAGE:4,SEQUENCE:1234,DATA:{'time': 1723587837.341, 'user-id': 'none', 'source': 'HAI Interface', 'destination-index': 3, 'study-stage': -1, 'decision-state': 0, 'vitals-state': 0, 'airspace-state': 0, 'data': {'page': 'checklist', 'action': 'opened page', 'inflight': False}}
INFO:root:1723587838.304968,ID:1022,STAGE:4,SEQUENCE:1234,DATA:{'time': 1723587838.301, 'user-id': '1022', 'source': 'HAI Interface', 'destination-index': '3', 'study-stage': '4', 'decision-state': 0, 'vitals-state': 0, 'airspace-state': 0, 'data': {'page': 'map', 'action': 'selected helipad', 'value': '21'}}
INFO:root:1723587839.212609,ID:1022,STAGE:4,SEQUENCE:1234,DATA:{'time': 1723587839.208, 'user-id': '1022', 'source': 'HAI Interface', 'destination-index': '3', 'study-stage': '4', 'decision-state': 0, 'vitals-state': 0, 'airspace-state': 0, 'data': {'page': 'checklist', 'action': 'toggled checkbox', 'inflight': False, 'item': 0, 'value': 'OFF'}}
INFO:root:1723587839.568187,ID:1022,STAGE:4,SEQUENCE:1234,DATA:{'time': 1723587839.565, 'user-id': '1022', 'source': 'HAI Interface', 'destination-index': '3', 'study-stage': '4', 'decision-state': 0, 'vitals-state': 0, 'airspace-state': 0, 'data': {'page': 'checklist', 'action': 'toggled checkbox', 'inflight': False, 'item': 1, 'value': 'OFF'}}
INFO:root:1723587840.056511,ID:1022,STAGE:4,SEQUENCE:1234,DATA:{'time': 1723587840.053, 'user-id': '1022', 'source': 'HAI Interface', 'destination-index': '3', 'study-stage': '4', 'decision-state': 0, 'vitals-state': 0, 'airspace-state': 0, 'data': {'page': 'checklist', 'action': 'toggled checkbox', 'inflight': False, 'item': 2, 'value': 'OFF'}}
INFO:root:1723587840.058509,ID:1022,STAGE:4,SEQUENCE:1234,DATA:{'time': 1723587840.053, 'user-id': '1022', 'source': 'HAI Interface', 'destination-index': '3', 'study-stage': '4', 'decision-state': 0, 'vitals-state': 0, 'airspace-state': 0, 'data': {'page': 'checklist', 'action': 'showing confirm button', 'inflight': False}}
INFO:root:Takeoff radiocomms clear request sent
INFO:root:1723587848.914771,ID:1022,STAGE:4,SEQUENCE:1234,DATA:{'time': 1723587848.912, 'user-id': '1022', 'source': 'HAI Interface', 'destination-index': '3', 'study-stage': '4', 'decision-state': 0, 'vitals-state': 0, 'airspace-state': 0, 'data': {'page': 'checklist', 'action': 'confirm button clicked', 'inflight': False}}
INFO:root:1723587849.011313,ID:1022,STAGE:4,SEQUENCE:1234,DATA:{'time': 1723587849, 'user-id': 'none', 'source': 'HAI Interface', 'destination-index': 3, 'study-stage': -1, 'decision-state': 0, 'vitals-state': 0, 'airspace-state': 0, 'data': {'page': 'countdown', 'action': 'opened page'}}
INFO:root:1723587849.972835,ID:1022,STAGE:4,SEQUENCE:1234,DATA:{'time': 1723587849.968, 'user-id': '1022', 'source': 'HAI Interface', 'destination-index': '3', 'study-stage': '4', 'decision-state': 0, 'vitals-state': 0, 'airspace-state': 0, 'data': {'page': 'map', 'action': 'selected helipad', 'value': '21'}}
INFO:root:1723587850.005013,ID:1022,STAGE:4,SEQUENCE:1234,DATA:{'time': 1723587850.001, 'user-id': '1022', 'source': 'HAI Interface', 'destination-index': '3', 'study-stage': '4', 'decision-state': 0, 'vitals-state': 0, 'airspace-state': 0, 'data': {'page': 'countdown', 'action': 'countdown now 4'}}
INFO:root:1723587851.004658,ID:1022,STAGE:4,SEQUENCE:1234,DATA:{'time': 1723587851.001, 'user-id': '1022', 'source': 'HAI Interface', 'destination-index': '3', 'study-stage': '4', 'decision-state': 0, 'vitals-state': 0, 'airspace-state': 0, 'data': {'page': 'countdown', 'action': 'countdown now 3'}}
INFO:root:1723587852.005903,ID:1022,STAGE:4,SEQUENCE:1234,DATA:{'time': 1723587852.001, 'user-id': '1022', 'source': 'HAI Interface', 'destination-index': '3', 'study-stage': '4', 'decision-state': 0, 'vitals-state': 0, 'airspace-state': 0, 'data': {'page': 'countdown', 'action': 'countdown now 2'}}
INFO:root:1723587853.004036,ID:1022,STAGE:4,SEQUENCE:1234,DATA:{'time': 1723587853.001, 'user-id': '1022', 'source': 'HAI Interface', 'destination-index': '3', 'study-stage': '4', 'decision-state': 0, 'vitals-state': 0, 'airspace-state': 0, 'data': {'page': 'countdown', 'action': 'countdown now 1'}}
INFO:root:1723587854.004434,ID:1022,STAGE:4,SEQUENCE:1234,DATA:{'time': 1723587854.001, 'user-id': '1022', 'source': 'HAI Interface', 'destination-index': '3', 'study-stage': '4', 'decision-state': 0, 'vitals-state': 0, 'airspace-state': 0, 'data': {'page': 'countdown', 'action': 'countdown now 0'}}
INFO:root:1723587855.006685,ID:1022,STAGE:4,SEQUENCE:1234,DATA:{'time': 1723587855.001, 'user-id': '1022', 'source': 'HAI Interface', 'destination-index': '3', 'study-stage': '4', 'decision-state': 0, 'vitals-state': 0, 'airspace-state': 0, 'data': {'page': 'countdown', 'action': 'countdown complete'}}
INFO:root:1723587856.822607,ID:1022,STAGE:4,SEQUENCE:1234,DATA:{'time': 1723587856.819, 'user-id': '1022', 'source': 'HAI Interface', 'destination-index': '3', 'study-stage': '4', 'decision-state': 0, 'vitals-state': 0, 'airspace-state': 0, 'data': {'page': 'map', 'action': 'selected helipad', 'value': '21'}}
INFO:root:1723587860.514374,ID:1022,STAGE:4,SEQUENCE:1234,DATA:{'time': 1723587860.509, 'user-id': '1022', 'source': 'HAI Interface', 'destination-index': '3', 'study-stage': '4', 'decision-state': 0, 'vitals-state': 0, 'airspace-state': 0, 'data': {'page': 'emergency', 'action': 'trying to change destination to100'}}
INFO:root:Inflight Radio Update asked
INFO:root:sent request to set radio update complete
INFO:root:1723587865.515374,ID:1022,STAGE:4,SEQUENCE:1234,DATA:{'time': 1723587865.51, 'user-id': '1022', 'source': 'HAI Interface', 'destination-index': '3', 'study-stage': '4', 'decision-state': 0, 'vitals-state': 0, 'airspace-state': 0, 'data': {'page': 'emergency', 'action': 'trying to change destination to19'}}
INFO:root:1723587866.93141,ID:1022,STAGE:4,SEQUENCE:1234,DATA:{'time': 1723587866.927, 'user-id': '1022', 'source': 'HAI Interface', 'destination-index': '3', 'study-stage': '4', 'decision-state': 0, 'vitals-state': 0, 'airspace-state': 0, 'data': {'action': 'radio panel opened'}}
INFO:root:1723587870.467289,ID:1022,STAGE:4,SEQUENCE:1234,DATA:{'time': 1723587870.463, 'user-id': '1022', 'source': 'HAI Interface', 'destination-index': '3', 'study-stage': '4', 'decision-state': 0, 'vitals-state': 0, 'airspace-state': 0, 'data': {'page': 'emergency', 'action': 'trying to change destination to19'}}
INFO:root:1723587872.624054,ID:1022,STAGE:4,SEQUENCE:1234,DATA:{'time': 1723587872.62, 'user-id': '1022', 'source': 'HAI Interface', 'destination-index': '3', 'study-stage': '4', 'decision-state': 0, 'vitals-state': 0, 'airspace-state': 0, 'data': {'action': 'transmit button pressed'}}
INFO:root:1723587872.628041,ID:1022,STAGE:4,SEQUENCE:1234,DATA:{'time': 1723587872.621, 'user-id': '1022', 'source': 'HAI Interface', 'destination-index': '3', 'study-stage': '4', 'decision-state': 0, 'vitals-state': 0, 'airspace-state': 0, 'data': {'action': 'callsign set to: + NASXGS'}}
INFO:root:1723587872.628041,ID:1022,STAGE:4,SEQUENCE:1234,DATA:{'time': 1723587872.621, 'user-id': '1022', 'source': 'HAI Interface', 'destination-index': '3', 'study-stage': '4', 'decision-state': 0, 'vitals-state': 0, 'airspace-state': 0, 'data': {'action': 'radio set to:Comm1'}}
INFO:root:1723587872.631033,ID:1022,STAGE:4,SEQUENCE:1234,DATA:{'time': 1723587872.621, 'user-id': '1022', 'source': 'HAI Interface', 'destination-index': '3', 'study-stage': '4', 'decision-state': 0, 'vitals-state': 0, 'airspace-state': 0, 'data': {'page': 'map', 'action': 'show map'}}
INFO:root:1723587872.634734,ID:1022,STAGE:4,SEQUENCE:1234,DATA:{'time': 1723587872.621, 'user-id': '1022', 'source': 'HAI Interface', 'destination-index': '3', 'study-stage': '4', 'decision-state': 0, 'vitals-state': 0, 'airspace-state': 0, 'data': {'page': 'map', 'action': 'selected helipad', 'value': '21'}}
INFO:root:1723587872.636728,ID:1022,STAGE:4,SEQUENCE:1234,DATA:{'time': 1723587872.625, 'user-id': '1022', 'source': 'HAI Interface', 'destination-index': '3', 'study-stage': '4', 'decision-state': 0, 'vitals-state': 0, 'airspace-state': 0, 'data': {'action': 'NASXGStransmitting updates onComm1123.45 MHz'}}
INFO:root:1723587875.493649,ID:1022,STAGE:4,SEQUENCE:1234,DATA:{'time': 1723587875.49, 'user-id': '1022', 'source': 'HAI Interface', 'destination-index': '3', 'study-stage': '4', 'decision-state': 0, 'vitals-state': 0, 'airspace-state': 0, 'data': {'page': 'emergency', 'action': 'trying to change destination to19'}}
INFO:root:1723587880.472326,ID:1022,STAGE:4,SEQUENCE:1234,DATA:{'time': 1723587880.466, 'user-id': '1022', 'source': 'HAI Interface', 'destination-index': '3', 'study-stage': '4', 'decision-state': 0, 'vitals-state': 0, 'airspace-state': 0, 'data': {'page': 'emergency', 'action': 'trying to change destination to19'}}
INFO:root:1723587885.480581,ID:1022,STAGE:4,SEQUENCE:1234,DATA:{'time': 1723587885.475, 'user-id': '1022', 'source': 'HAI Interface', 'destination-index': '3', 'study-stage': '4', 'decision-state': 0, 'vitals-state': 0, 'airspace-state': 0, 'data': {'page': 'emergency', 'action': 'trying to change destination to19'}}
INFO:root:1723587887.035363,ID:1022,STAGE:4,SEQUENCE:1234,DATA:{'time': 1723587887.032, 'user-id': '1022', 'source': 'HAI Interface', 'destination-index': '3', 'study-stage': '4', 'decision-state': 0, 'vitals-state': 0, 'airspace-state': 0, 'data': {'page': 'map', 'action': 'hide map'}}
INFO:root:1723587888.329633,ID:1022,STAGE:4,SEQUENCE:1234,DATA:{'time': 1723587888.327, 'user-id': '1022', 'source': 'HAI Interface', 'destination-index': '3', 'study-stage': '4', 'decision-state': 0, 'vitals-state': 0, 'airspace-state': 0, 'data': {'action': 'radio panel closed'}}
INFO:root:1723587890.492726,ID:1022,STAGE:4,SEQUENCE:1234,DATA:{'time': 1723587890.488, 'user-id': '1022', 'source': 'HAI Interface', 'destination-index': '3', 'study-stage': '4', 'decision-state': 0, 'vitals-state': 0, 'airspace-state': 0, 'data': {'page': 'emergency', 'action': 'trying to change destination to19'}}
INFO:root:1723587895.480083,ID:1022,STAGE:4,SEQUENCE:1234,DATA:{'time': 1723587895.474, 'user-id': '1022', 'source': 'HAI Interface', 'destination-index': '3', 'study-stage': '4', 'decision-state': 0, 'vitals-state': 0, 'airspace-state': 0, 'data': {'page': 'emergency', 'action': 'trying to change destination to19'}}
INFO:root:1723587900.512546,ID:1022,STAGE:4,SEQUENCE:1234,DATA:{'time': 1723587900.508, 'user-id': '1022', 'source': 'HAI Interface', 'destination-index': '3', 'study-stage': '4', 'decision-state': 0, 'vitals-state': 0, 'airspace-state': 0, 'data': {'page': 'emergency', 'action': 'trying to change destination to19'}}
INFO:root:1723587905.491029,ID:1022,STAGE:4,SEQUENCE:1234,DATA:{'time': 1723587905.487, 'user-id': '1022', 'source': 'HAI Interface', 'destination-index': '3', 'study-stage': '4', 'decision-state': 0, 'vitals-state': 0, 'airspace-state': 0, 'data': {'page': 'emergency', 'action': 'trying to change destination to19'}}
INFO:root:1723587909.117984,ID:1022,STAGE:4,SEQUENCE:1234,DATA:{'time': 1723587909.113, 'user-id': '1022', 'source': 'HAI Interface', 'destination-index': '3', 'study-stage': '4', 'decision-state': 0, 'vitals-state': 0, 'airspace-state': 0, 'data': {'page': 'inflight', 'action': 'displaying vitals prompt'}}
INFO:root:1723587910.511397,ID:1022,STAGE:4,SEQUENCE:1234,DATA:{'time': 1723587910.504, 'user-id': '1022', 'source': 'HAI Interface', 'destination-index': '3', 'study-stage': '4', 'decision-state': 0, 'vitals-state': 0, 'airspace-state': 0, 'data': {'page': 'emergency', 'action': 'trying to change destination to19'}}
INFO:root:1723587915.409961,ID:1022,STAGE:4,SEQUENCE:1234,DATA:{'time': 1723587915.408, 'source': 'VitalsTask', 'timer': 109.31, 'data': {'sensor': 'Heart Rate', 'action': 'capture', 'data': 'action button pressed'}}
INFO:root:1723587915.411956,ID:1022,STAGE:4,SEQUENCE:1234,DATA:{'time': 1723587915.408, 'source': 'VitalsTask', 'timer': 109.31, 'data': {'sensor': 'Heart Rate', 'action': 'capture', 'data': 'starting sensor action'}}
INFO:root:1723587915.513836,ID:1022,STAGE:4,SEQUENCE:1234,DATA:{'time': 1723587915.508, 'user-id': '1022', 'source': 'HAI Interface', 'destination-index': '3', 'study-stage': '4', 'decision-state': 0, 'vitals-state': 0, 'airspace-state': 0, 'data': {'page': 'emergency', 'action': 'trying to change destination to19'}}
INFO:root:1723587916.425671,ID:1022,STAGE:4,SEQUENCE:1234,DATA:{'time': 1723587916.422, 'source': 'VitalsTask', 'timer': 110.324, 'data': {'sensor': 'Heart Rate', 'action': 'capture', 'data': 'sensor action complete'}}
INFO:root:1723587916.426668,ID:1022,STAGE:4,SEQUENCE:1234,DATA:{'time': 1723587916.422, 'source': 'VitalsTask', 'timer': 110.324, 'data': {'sensor': 'Heart Rate', 'action': 'keypad open'}}
INFO:root:1723587917.415111,ID:1022,STAGE:4,SEQUENCE:1234,DATA:{'time': 1723587917.411, 'source': 'VitalsTask', 'timer': 111.313, 'data': {'sensor': 'Heart Rate', 'action': 'keypad press', 'key': 5, 'value': 5}}
INFO:root:1723587917.565031,ID:1022,STAGE:4,SEQUENCE:1234,DATA:{'time': 1723587917.563, 'source': 'VitalsTask', 'timer': 111.465, 'data': {'sensor': 'Heart Rate', 'action': 'keypad press', 'key': 5, 'value': 55}}
INFO:root:1723587918.65785,ID:1022,STAGE:4,SEQUENCE:1234,DATA:{'time': 1723587918.655, 'source': 'VitalsTask', 'timer': 112.557, 'data': {'sensor': 'Heart Rate', 'action': 'show action buttons'}}
INFO:root:1723587918.659845,ID:1022,STAGE:4,SEQUENCE:1234,DATA:{'time': 1723587918.656, 'source': 'VitalsTask', 'timer': 112.558, 'data': {'sensor': 'Heart Rate', 'action': 'keypad press', 'key': 10, 'value': 55}}
INFO:root:1723587919.600383,ID:1022,STAGE:4,SEQUENCE:1234,DATA:{'time': 1723587919.597, 'source': 'VitalsTask', 'timer': 113.499, 'data': {'sensor': 'Heart Rate', 'action': 'log', 'data': 'action button pressed'}}
INFO:root:1723587919.602378,ID:1022,STAGE:4,SEQUENCE:1234,DATA:{'time': 1723587919.597, 'source': 'VitalsTask', 'timer': 113.499, 'data': {'sensor': 'Heart Rate', 'action': 'log', 'data': 'starting sensor action'}}
INFO:root:1723587920.480311,ID:1022,STAGE:4,SEQUENCE:1234,DATA:{'time': 1723587920.475, 'user-id': '1022', 'source': 'HAI Interface', 'destination-index': '3', 'study-stage': '4', 'decision-state': 0, 'vitals-state': 0, 'airspace-state': 0, 'data': {'page': 'emergency', 'action': 'trying to change destination to19'}}
INFO:root:1723587920.613856,ID:1022,STAGE:4,SEQUENCE:1234,DATA:{'time': 1723587920.61, 'source': 'VitalsTask', 'timer': 114.512, 'data': {'sensor': 'Heart Rate', 'action': 'log', 'data': 'sensor action complete'}}
INFO:root:1723587921.363414,ID:1022,STAGE:4,SEQUENCE:1234,DATA:{'time': 1723587921.362, 'source': 'VitalsTask', 'timer': 115.264, 'data': {'sensor': 'Heart Rate', 'action': 'save', 'data': 'action button pressed'}}
INFO:root:1723587921.365509,ID:1022,STAGE:4,SEQUENCE:1234,DATA:{'time': 1723587921.362, 'source': 'VitalsTask', 'timer': 115.264, 'data': {'sensor': 'Heart Rate', 'action': 'save', 'data': 'starting sensor action'}}
INFO:root:1723587922.376577,ID:1022,STAGE:4,SEQUENCE:1234,DATA:{'time': 1723587922.373, 'source': 'VitalsTask', 'timer': 116.275, 'data': {'sensor': 'Heart Rate', 'action': 'save', 'data': 'sensor action complete'}}
INFO:root:1723587923.547691,ID:1022,STAGE:4,SEQUENCE:1234,DATA:{'time': 1723587923.545, 'source': 'VitalsTask', 'timer': 117.447, 'data': {'sensor': 'O\u2082 Saturation', 'action': 'opened sensor tab'}}
INFO:root:1723587924.651964,ID:1022,STAGE:4,SEQUENCE:1234,DATA:{'time': 1723587924.649, 'source': 'VitalsTask', 'timer': 118.551, 'data': {'sensor': 'O\u2082 Saturation', 'action': 'capture', 'data': 'action button pressed'}}
INFO:root:1723587924.65354,ID:1022,STAGE:4,SEQUENCE:1234,DATA:{'time': 1723587924.649, 'source': 'VitalsTask', 'timer': 118.551, 'data': {'sensor': 'O\u2082 Saturation', 'action': 'capture', 'data': 'starting sensor action'}}
INFO:root:1723587925.512492,ID:1022,STAGE:4,SEQUENCE:1234,DATA:{'time': 1723587925.509, 'user-id': '1022', 'source': 'HAI Interface', 'destination-index': '3', 'study-stage': '4', 'decision-state': 0, 'vitals-state': 0, 'airspace-state': 0, 'data': {'page': 'emergency', 'action': 'trying to change destination to19'}}
INFO:root:1723587925.664841,ID:1022,STAGE:4,SEQUENCE:1234,DATA:{'time': 1723587925.662, 'source': 'VitalsTask', 'timer': 119.564, 'data': {'sensor': 'O\u2082 Saturation', 'action': 'capture', 'data': 'sensor action complete'}}
INFO:root:1723587925.666836,ID:1022,STAGE:4,SEQUENCE:1234,DATA:{'time': 1723587925.662, 'source': 'VitalsTask', 'timer': 119.564, 'data': {'sensor': 'O\u2082 Saturation', 'action': 'keypad open'}}
INFO:root:1723587926.687779,ID:1022,STAGE:4,SEQUENCE:1234,DATA:{'time': 1723587926.686, 'source': 'VitalsTask', 'timer': 120.588, 'data': {'sensor': 'O\u2082 Saturation', 'action': 'keypad press', 'key': 1, 'value': 1}}
INFO:root:1723587927.694114,ID:1022,STAGE:4,SEQUENCE:1234,DATA:{'time': 1723587927.693, 'source': 'VitalsTask', 'timer': 121.595, 'data': {'sensor': 'O\u2082 Saturation', 'action': 'keypad press', 'key': 11, 'value': 10}}
INFO:root:1723587927.868483,ID:1022,STAGE:4,SEQUENCE:1234,DATA:{'time': 1723587927.866, 'source': 'VitalsTask', 'timer': 121.768, 'data': {'sensor': 'O\u2082 Saturation', 'action': 'keypad press', 'key': 11, 'value': 100}}
INFO:root:1723587928.953365,ID:1022,STAGE:4,SEQUENCE:1234,DATA:{'time': 1723587928.952, 'source': 'VitalsTask', 'timer': 122.854, 'data': {'sensor': 'O\u2082 Saturation', 'action': 'show action buttons'}}
INFO:root:1723587928.955989,ID:1022,STAGE:4,SEQUENCE:1234,DATA:{'time': 1723587928.952, 'source': 'VitalsTask', 'timer': 122.854, 'data': {'sensor': 'O\u2082 Saturation', 'action': 'keypad press', 'key': 10, 'value': 100}}
INFO:root:1723587930.409147,ID:1022,STAGE:4,SEQUENCE:1234,DATA:{'time': 1723587930.408, 'source': 'VitalsTask', 'timer': 124.31, 'data': {'sensor': 'O\u2082 Saturation', 'action': 'log', 'data': 'action button pressed'}}
INFO:root:1723587930.411734,ID:1022,STAGE:4,SEQUENCE:1234,DATA:{'time': 1723587930.408, 'source': 'VitalsTask', 'timer': 124.31, 'data': {'sensor': 'O\u2082 Saturation', 'action': 'log', 'data': 'starting sensor action'}}
INFO:root:1723587930.513904,ID:1022,STAGE:4,SEQUENCE:1234,DATA:{'time': 1723587930.509, 'user-id': '1022', 'source': 'HAI Interface', 'destination-index': '3', 'study-stage': '4', 'decision-state': 0, 'vitals-state': 0, 'airspace-state': 0, 'data': {'page': 'emergency', 'action': 'trying to change destination to19'}}
INFO:root:1723587931.424713,ID:1022,STAGE:4,SEQUENCE:1234,DATA:{'time': 1723587931.423, 'source': 'VitalsTask', 'timer': 125.325, 'data': {'sensor': 'O\u2082 Saturation', 'action': 'log', 'data': 'sensor action complete'}}
INFO:root:1723587931.51914,ID:1022,STAGE:4,SEQUENCE:1234,DATA:{'time': 1723587931.515, 'source': 'VitalsTask', 'timer': 125.417, 'data': {'sensor': 'O\u2082 Saturation', 'action': 'save', 'data': 'action button pressed'}}
INFO:root:1723587931.521134,ID:1022,STAGE:4,SEQUENCE:1234,DATA:{'time': 1723587931.516, 'source': 'VitalsTask', 'timer': 125.418, 'data': {'sensor': 'O\u2082 Saturation', 'action': 'save', 'data': 'starting sensor action'}}
INFO:root:1723587932.528996,ID:1022,STAGE:4,SEQUENCE:1234,DATA:{'time': 1723587932.528, 'source': 'VitalsTask', 'timer': 126.43, 'data': {'sensor': 'O\u2082 Saturation', 'action': 'save', 'data': 'sensor action complete'}}
INFO:root:1723587933.371277,ID:1022,STAGE:4,SEQUENCE:1234,DATA:{'time': 1723587933.369, 'source': 'VitalsTask', 'timer': 127.271, 'data': {'sensor': 'Blood Pressure', 'action': 'opened sensor tab'}}
INFO:root:1723587935.110797,ID:1022,STAGE:4,SEQUENCE:1234,DATA:{'time': 1723587935.107, 'source': 'VitalsTask', 'timer': 129.009, 'data': {'sensor': 'Blood Pressure', 'action': 'capture', 'data': 'action button pressed'}}
INFO:root:1723587935.112823,ID:1022,STAGE:4,SEQUENCE:1234,DATA:{'time': 1723587935.107, 'source': 'VitalsTask', 'timer': 129.009, 'data': {'sensor': 'Blood Pressure', 'action': 'capture', 'data': 'starting sensor action'}}
INFO:root:1723587935.480619,ID:1022,STAGE:4,SEQUENCE:1234,DATA:{'time': 1723587935.474, 'user-id': '1022', 'source': 'HAI Interface', 'destination-index': '3', 'study-stage': '4', 'decision-state': 0, 'vitals-state': 0, 'airspace-state': 0, 'data': {'page': 'emergency', 'action': 'trying to change destination to19'}}
INFO:root:1723587936.126554,ID:1022,STAGE:4,SEQUENCE:1234,DATA:{'time': 1723587936.124, 'source': 'VitalsTask', 'timer': 130.026, 'data': {'sensor': 'Blood Pressure', 'action': 'capture', 'data': 'sensor action complete'}}
INFO:root:1723587936.130056,ID:1022,STAGE:4,SEQUENCE:1234,DATA:{'time': 1723587936.125, 'source': 'VitalsTask', 'timer': 130.027, 'data': {'sensor': 'Blood Pressure', 'action': 'keypad open'}}
INFO:root:1723587937.032284,ID:1022,STAGE:4,SEQUENCE:1234,DATA:{'time': 1723587937.028, 'source': 'VitalsTask', 'timer': 130.93, 'data': {'sensor': 'Blood Pressure', 'action': 'keypad press', 'key': 1, 'value': 1}}
INFO:root:1723587937.725714,ID:1022,STAGE:4,SEQUENCE:1234,DATA:{'time': 1723587937.725, 'source': 'VitalsTask', 'timer': 131.627, 'data': {'sensor': 'Blood Pressure', 'action': 'keypad press', 'key': 2, 'value': 12}}
INFO:root:1723587938.684168,ID:1022,STAGE:4,SEQUENCE:1234,DATA:{'time': 1723587938.682, 'source': 'VitalsTask', 'timer': 132.584, 'data': {'sensor': 'Blood Pressure', 'action': 'keypad press', 'key': 8, 'value': 128}}
INFO:root:1723587939.251049,ID:1022,STAGE:4,SEQUENCE:1234,DATA:{'time': 1723587939.249, 'source': 'VitalsTask', 'timer': 133.151, 'data': {'sensor': 'Blood Pressure', 'action': 'keypad press', 'key': 11, 'value': 1280}}
INFO:root:1723587940.524125,ID:1022,STAGE:4,SEQUENCE:1234,DATA:{'time': 1723587940.519, 'user-id': '1022', 'source': 'HAI Interface', 'destination-index': '3', 'study-stage': '4', 'decision-state': 0, 'vitals-state': 0, 'airspace-state': 0, 'data': {'page': 'emergency', 'action': 'trying to change destination to19'}}
INFO:root:1723587941.309303,ID:1022,STAGE:4,SEQUENCE:1234,DATA:{'time': 1723587941.303, 'source': 'VitalsTask', 'timer': 135.205, 'data': {'sensor': 'Blood Pressure', 'action': 'keypad press', 'key': 12, 'value': 128}}
INFO:root:1723587941.944718,ID:1022,STAGE:4,SEQUENCE:1234,DATA:{'time': 1723587941.941, 'source': 'VitalsTask', 'timer': 135.843, 'data': {'sensor': 'Blood Pressure', 'action': 'keypad press', 'key': 12, 'value': 12}}
INFO:root:1723587942.937003,ID:1022,STAGE:4,SEQUENCE:1234,DATA:{'time': 1723587942.935, 'source': 'VitalsTask', 'timer': 136.837, 'data': {'sensor': 'Blood Pressure', 'action': 'keypad press', 'key': 11, 'value': 120}}
INFO:root:1723587943.685043,ID:1022,STAGE:4,SEQUENCE:1234,DATA:{'time': 1723587943.683, 'source': 'VitalsTask', 'timer': 137.585, 'data': {'sensor': 'Blood Pressure', 'action': 'keypad press', 'key': 8, 'value': 1208}}
INFO:root:1723587944.749898,ID:1022,STAGE:4,SEQUENCE:1234,DATA:{'time': 1723587944.745, 'source': 'VitalsTask', 'timer': 138.647, 'data': {'sensor': 'Blood Pressure', 'action': 'keypad press', 'key': 11, 'value': 12080}}
INFO:root:1723587945.508892,ID:1022,STAGE:4,SEQUENCE:1234,DATA:{'time': 1723587945.505, 'user-id': '1022', 'source': 'HAI Interface', 'destination-index': '3', 'study-stage': '4', 'decision-state': 0, 'vitals-state': 0, 'airspace-state': 0, 'data': {'page': 'emergency', 'action': 'trying to change destination to19'}}
INFO:root:1723587945.922425,ID:1022,STAGE:4,SEQUENCE:1234,DATA:{'time': 1723587945.921, 'source': 'VitalsTask', 'timer': 139.823, 'data': {'sensor': 'Blood Pressure', 'action': 'show action buttons'}}
INFO:root:1723587945.923993,ID:1022,STAGE:4,SEQUENCE:1234,DATA:{'time': 1723587945.922, 'source': 'VitalsTask', 'timer': 139.824, 'data': {'sensor': 'Blood Pressure', 'action': 'keypad press', 'key': 10, 'value': 12080}}
INFO:root:1723587947.083303,ID:1022,STAGE:4,SEQUENCE:1234,DATA:{'time': 1723587947.079, 'source': 'VitalsTask', 'timer': 140.981, 'data': {'sensor': 'Blood Pressure', 'action': 'log', 'data': 'action button pressed'}}
INFO:root:1723587947.08481,ID:1022,STAGE:4,SEQUENCE:1234,DATA:{'time': 1723587947.08, 'source': 'VitalsTask', 'timer': 140.982, 'data': {'sensor': 'Blood Pressure', 'action': 'log', 'data': 'starting sensor action'}}
INFO:root:1723587948.101147,ID:1022,STAGE:4,SEQUENCE:1234,DATA:{'time': 1723587948.099, 'source': 'VitalsTask', 'timer': 142.001, 'data': {'sensor': 'Blood Pressure', 'action': 'log', 'data': 'sensor action complete'}}
INFO:root:1723587948.715716,ID:1022,STAGE:4,SEQUENCE:1234,DATA:{'time': 1723587948.713, 'source': 'VitalsTask', 'timer': 142.615, 'data': {'sensor': 'Blood Pressure', 'action': 'save', 'data': 'action button pressed'}}
INFO:root:1723587948.716713,ID:1022,STAGE:4,SEQUENCE:1234,DATA:{'time': 1723587948.713, 'source': 'VitalsTask', 'timer': 142.615, 'data': {'sensor': 'Blood Pressure', 'action': 'save', 'data': 'starting sensor action'}}
INFO:root:1723587949.738106,ID:1022,STAGE:4,SEQUENCE:1234,DATA:{'time': 1723587949.732, 'source': 'VitalsTask', 'timer': 143.634, 'data': {'sensor': 'Blood Pressure', 'action': 'save', 'data': 'sensor action complete'}}
INFO:root:1723587950.524712,ID:1022,STAGE:4,SEQUENCE:1234,DATA:{'time': 1723587950.52, 'user-id': '1022', 'source': 'HAI Interface', 'destination-index': '3', 'study-stage': '4', 'decision-state': 0, 'vitals-state': 0, 'airspace-state': 0, 'data': {'page': 'emergency', 'action': 'trying to change destination to19'}}
INFO:root:1723587951.118919,ID:1022,STAGE:4,SEQUENCE:1234,DATA:{'time': 1723587951.109, 'source': 'VitalsTask', 'timer': 145.011, 'data': {'sensor': 'submit', 'action': 'submit'}}
INFO:root:1723587951.120467,ID:1022,STAGE:4,SEQUENCE:1234,DATA:{'time': 1723587951.109, 'source': 'VitalsTask', 'timer': 145.011, 'data': {'sensor': 'submit', 'action': 'submit', 'data': 'submit succeeded'}}
INFO:root:1723587955.510856,ID:1022,STAGE:4,SEQUENCE:1234,DATA:{'time': 1723587955.506, 'user-id': '1022', 'source': 'HAI Interface', 'destination-index': '3', 'study-stage': '4', 'decision-state': 0, 'vitals-state': 0, 'airspace-state': 0, 'data': {'page': 'emergency', 'action': 'trying to change destination to19'}}
INFO:root:1723587955.678828,ID:1022,STAGE:4,SEQUENCE:1234,DATA:{'time': 1723587955.675, 'user-id': '1022', 'source': 'HAI Interface', 'destination-index': '3', 'study-stage': '4', 'decision-state': 0, 'vitals-state': 0, 'airspace-state': 0, 'data': {'page': 'inflight', 'action': 'user acknowledged vitals prompt'}}
INFO:root:1723587960.515713,ID:1022,STAGE:4,SEQUENCE:1234,DATA:{'time': 1723587960.511, 'user-id': '1022', 'source': 'HAI Interface', 'destination-index': '3', 'study-stage': '4', 'decision-state': 0, 'vitals-state': 0, 'airspace-state': 0, 'data': {'page': 'emergency', 'action': 'trying to change destination to19'}}
INFO:root:1723587960.653516,ID:1022,STAGE:4,SEQUENCE:1234,DATA:{'time': 1723587960.649, 'user-id': '1022', 'source': 'HAI Interface', 'destination-index': '3', 'study-stage': '4', 'decision-state': 0, 'vitals-state': 0, 'airspace-state': 0, 'data': {'action': 'radio panel opened'}}
INFO:root:Inflight Radio Update asked
INFO:root:sent request to set radio update complete
INFO:root:1723587964.266001,ID:1022,STAGE:4,SEQUENCE:1234,DATA:{'time': 1723587964.262, 'user-id': '1022', 'source': 'HAI Interface', 'destination-index': '3', 'study-stage': '4', 'decision-state': 0, 'vitals-state': 0, 'airspace-state': 0, 'data': {'action': 'transmit button pressed'}}
INFO:root:1723587964.27071,ID:1022,STAGE:4,SEQUENCE:1234,DATA:{'time': 1723587964.262, 'user-id': '1022', 'source': 'HAI Interface', 'destination-index': '3', 'study-stage': '4', 'decision-state': 0, 'vitals-state': 0, 'airspace-state': 0, 'data': {'action': 'callsign set to: + NASXGS'}}
INFO:root:1723587964.271712,ID:1022,STAGE:4,SEQUENCE:1234,DATA:{'time': 1723587964.263, 'user-id': '1022', 'source': 'HAI Interface', 'destination-index': '3', 'study-stage': '4', 'decision-state': 0, 'vitals-state': 0, 'airspace-state': 0, 'data': {'action': 'radio set to:Comm1'}}
INFO:root:1723587964.271712,ID:1022,STAGE:4,SEQUENCE:1234,DATA:{'time': 1723587964.263, 'user-id': '1022', 'source': 'HAI Interface', 'destination-index': '3', 'study-stage': '4', 'decision-state': 0, 'vitals-state': 0, 'airspace-state': 0, 'data': {'page': 'map', 'action': 'show map'}}
INFO:root:1723587964.273895,ID:1022,STAGE:4,SEQUENCE:1234,DATA:{'time': 1723587964.263, 'user-id': '1022', 'source': 'HAI Interface', 'destination-index': '3', 'study-stage': '4', 'decision-state': 0, 'vitals-state': 0, 'airspace-state': 0, 'data': {'page': 'map', 'action': 'selected helipad', 'value': '21'}}
INFO:root:1723587964.278881,ID:1022,STAGE:4,SEQUENCE:1234,DATA:{'time': 1723587964.267, 'user-id': '1022', 'source': 'HAI Interface', 'destination-index': '3', 'study-stage': '4', 'decision-state': 0, 'vitals-state': 0, 'airspace-state': 0, 'data': {'action': 'NASXGStransmitting updates onComm1123.45 MHz'}}
INFO:root:1723587965.52173,ID:1022,STAGE:4,SEQUENCE:1234,DATA:{'time': 1723587965.515, 'user-id': '1022', 'source': 'HAI Interface', 'destination-index': '3', 'study-stage': '4', 'decision-state': 0, 'vitals-state': 0, 'airspace-state': 0, 'data': {'page': 'emergency', 'action': 'trying to change destination to19'}}
INFO:root:1723587970.566052,ID:1022,STAGE:4,SEQUENCE:1234,DATA:{'time': 1723587970.562, 'user-id': '1022', 'source': 'HAI Interface', 'destination-index': '3', 'study-stage': '4', 'decision-state': 0, 'vitals-state': 0, 'airspace-state': 0, 'data': {'page': 'emergency', 'action': 'trying to change destination to19'}}
INFO:root:1723587975.506284,ID:1022,STAGE:4,SEQUENCE:1234,DATA:{'time': 1723587975.5, 'user-id': '1022', 'source': 'HAI Interface', 'destination-index': '3', 'study-stage': '4', 'decision-state': 0, 'vitals-state': 0, 'airspace-state': 0, 'data': {'page': 'emergency', 'action': 'trying to change destination to19'}}
INFO:root:1723587979.433053,ID:1022,STAGE:4,SEQUENCE:1234,DATA:{'time': 1723587979.429, 'user-id': '1022', 'source': 'HAI Interface', 'destination-index': '3', 'study-stage': '4', 'decision-state': 0, 'vitals-state': 0, 'airspace-state': 0, 'data': {'page': 'map', 'action': 'hide map'}}
INFO:root:1723587980.441608,ID:1022,STAGE:4,SEQUENCE:1234,DATA:{'time': 1723587980.438, 'user-id': '1022', 'source': 'HAI Interface', 'destination-index': '3', 'study-stage': '4', 'decision-state': 0, 'vitals-state': 0, 'airspace-state': 0, 'data': {'action': 'radio panel closed'}}
INFO:root:1723587980.532812,ID:1022,STAGE:4,SEQUENCE:1234,DATA:{'time': 1723587980.528, 'user-id': '1022', 'source': 'HAI Interface', 'destination-index': '3', 'study-stage': '4', 'decision-state': 0, 'vitals-state': 0, 'airspace-state': 0, 'data': {'page': 'emergency', 'action': 'trying to change destination to19'}}
INFO:root:1723587985.515396,ID:1022,STAGE:4,SEQUENCE:1234,DATA:{'time': 1723587985.51, 'user-id': '1022', 'source': 'HAI Interface', 'destination-index': '3', 'study-stage': '4', 'decision-state': 0, 'vitals-state': 0, 'airspace-state': 0, 'data': {'page': 'emergency', 'action': 'trying to change destination to19'}}
INFO:root:1723587990.494966,ID:1022,STAGE:4,SEQUENCE:1234,DATA:{'time': 1723587990.49, 'user-id': '1022', 'source': 'HAI Interface', 'destination-index': '3', 'study-stage': '4', 'decision-state': 0, 'vitals-state': 0, 'airspace-state': 0, 'data': {'page': 'emergency', 'action': 'trying to change destination to19'}}
INFO:root:1723587995.501797,ID:1022,STAGE:4,SEQUENCE:1234,DATA:{'time': 1723587995.498, 'user-id': '1022', 'source': 'HAI Interface', 'destination-index': '3', 'study-stage': '4', 'decision-state': 0, 'vitals-state': 0, 'airspace-state': 0, 'data': {'page': 'emergency', 'action': 'trying to change destination to19'}}
INFO:root:1723588000.513326,ID:1022,STAGE:4,SEQUENCE:1234,DATA:{'time': 1723588000.508, 'user-id': '1022', 'source': 'HAI Interface', 'destination-index': '3', 'study-stage': '4', 'decision-state': 0, 'vitals-state': 0, 'airspace-state': 0, 'data': {'page': 'emergency', 'action': 'trying to change destination to19'}}
INFO:root:1723588005.503676,ID:1022,STAGE:4,SEQUENCE:1234,DATA:{'time': 1723588005.498, 'user-id': '1022', 'source': 'HAI Interface', 'destination-index': '3', 'study-stage': '4', 'decision-state': 0, 'vitals-state': 0, 'airspace-state': 0, 'data': {'page': 'emergency', 'action': 'trying to change destination to19'}}
INFO:root:1723588007.473278,ID:1022,STAGE:4,SEQUENCE:1234,DATA:{'time': 1723588007.469, 'user-id': '1022', 'source': 'HAI Interface', 'destination-index': '3', 'study-stage': '4', 'decision-state': 0, 'vitals-state': 0, 'airspace-state': 0, 'data': {'page': 'inflight', 'action': 'displaying vitals prompt'}}
INFO:root:1723588010.52966,ID:1022,STAGE:4,SEQUENCE:1234,DATA:{'time': 1723588010.526, 'user-id': '1022', 'source': 'HAI Interface', 'destination-index': '3', 'study-stage': '4', 'decision-state': 0, 'vitals-state': 0, 'airspace-state': 0, 'data': {'page': 'emergency', 'action': 'trying to change destination to19'}}
INFO:root:1723588013.035338,ID:1022,STAGE:4,SEQUENCE:1234,DATA:{'time': 1723588013.033, 'source': 'VitalsTask', 'timer': 61.923, 'data': {'sensor': 'Blood Pressure', 'action': 'capture', 'data': 'action button pressed'}}
INFO:root:1723588013.037842,ID:1022,STAGE:4,SEQUENCE:1234,DATA:{'time': 1723588013.033, 'source': 'VitalsTask', 'timer': 61.923, 'data': {'sensor': 'Blood Pressure', 'action': 'capture', 'data': 'starting sensor action'}}
INFO:root:1723588014.053827,ID:1022,STAGE:4,SEQUENCE:1234,DATA:{'time': 1723588014.05, 'source': 'VitalsTask', 'timer': 62.94, 'data': {'sensor': 'Blood Pressure', 'action': 'capture', 'data': 'sensor action complete'}}
INFO:root:1723588014.054823,ID:1022,STAGE:4,SEQUENCE:1234,DATA:{'time': 1723588014.051, 'source': 'VitalsTask', 'timer': 62.941, 'data': {'sensor': 'Blood Pressure', 'action': 'keypad open'}}
INFO:root:1723588015.528195,ID:1022,STAGE:4,SEQUENCE:1234,DATA:{'time': 1723588015.522, 'user-id': '1022', 'source': 'HAI Interface', 'destination-index': '3', 'study-stage': '4', 'decision-state': 0, 'vitals-state': 0, 'airspace-state': 0, 'data': {'page': 'emergency', 'action': 'trying to change destination to19'}}
INFO:root:1723588016.356204,ID:1022,STAGE:4,SEQUENCE:1234,DATA:{'time': 1723588016.355, 'source': 'VitalsTask', 'timer': 65.245, 'data': {'sensor': 'Blood Pressure', 'action': 'keypad press', 'key': 1, 'value': 1}}
INFO:root:1723588018.748465,ID:1022,STAGE:4,SEQUENCE:1234,DATA:{'time': 1723588018.745, 'source': 'VitalsTask', 'timer': 67.635, 'data': {'sensor': 'Blood Pressure', 'action': 'keypad press', 'key': 2, 'value': 12}}
INFO:root:1723588019.964412,ID:1022,STAGE:4,SEQUENCE:1234,DATA:{'time': 1723588019.963, 'source': 'VitalsTask', 'timer': 68.853, 'data': {'sensor': 'Blood Pressure', 'action': 'keypad press', 'key': 11, 'value': 120}}
INFO:root:1723588020.540645,ID:1022,STAGE:4,SEQUENCE:1234,DATA:{'time': 1723588020.536, 'user-id': '1022', 'source': 'HAI Interface', 'destination-index': '3', 'study-stage': '4', 'decision-state': 0, 'vitals-state': 0, 'airspace-state': 0, 'data': {'page': 'emergency', 'action': 'trying to change destination to19'}}
INFO:root:1723588020.833629,ID:1022,STAGE:4,SEQUENCE:1234,DATA:{'time': 1723588020.832, 'source': 'VitalsTask', 'timer': 69.722, 'data': {'sensor': 'Blood Pressure', 'action': 'keypad press', 'key': 8, 'value': 1208}}
INFO:root:1723588021.848677,ID:1022,STAGE:4,SEQUENCE:1234,DATA:{'time': 1723588021.846, 'source': 'VitalsTask', 'timer': 70.736, 'data': {'sensor': 'Blood Pressure', 'action': 'keypad press', 'key': 11, 'value': 12080}}
INFO:root:1723588023.094766,ID:1022,STAGE:4,SEQUENCE:1234,DATA:{'time': 1723588023.093, 'source': 'VitalsTask', 'timer': 71.983, 'data': {'sensor': 'Blood Pressure', 'action': 'show action buttons'}}
INFO:root:1723588023.096759,ID:1022,STAGE:4,SEQUENCE:1234,DATA:{'time': 1723588023.094, 'source': 'VitalsTask', 'timer': 71.984, 'data': {'sensor': 'Blood Pressure', 'action': 'keypad press', 'key': 10, 'value': 12080}}
INFO:root:1723588025.546309,ID:1022,STAGE:4,SEQUENCE:1234,DATA:{'time': 1723588025.541, 'user-id': '1022', 'source': 'HAI Interface', 'destination-index': '3', 'study-stage': '4', 'decision-state': 0, 'vitals-state': 0, 'airspace-state': 0, 'data': {'page': 'emergency', 'action': 'trying to change destination to19'}}
INFO:root:1723588026.112999,ID:1022,STAGE:4,SEQUENCE:1234,DATA:{'time': 1723588026.111, 'source': 'VitalsTask', 'timer': 75.001, 'data': {'sensor': 'Blood Pressure', 'action': 'log', 'data': 'action button pressed'}}
INFO:root:1723588026.114524,ID:1022,STAGE:4,SEQUENCE:1234,DATA:{'time': 1723588026.111, 'source': 'VitalsTask', 'timer': 75.001, 'data': {'sensor': 'Blood Pressure', 'action': 'log', 'data': 'starting sensor action'}}
INFO:root:1723588027.129441,ID:1022,STAGE:4,SEQUENCE:1234,DATA:{'time': 1723588027.126, 'source': 'VitalsTask', 'timer': 76.016, 'data': {'sensor': 'Blood Pressure', 'action': 'log', 'data': 'sensor action complete'}}
INFO:root:1723588027.589892,ID:1022,STAGE:4,SEQUENCE:1234,DATA:{'time': 1723588027.588, 'source': 'VitalsTask', 'timer': 76.478, 'data': {'sensor': 'Blood Pressure', 'action': 'save', 'data': 'action button pressed'}}
INFO:root:1723588027.591891,ID:1022,STAGE:4,SEQUENCE:1234,DATA:{'time': 1723588027.589, 'source': 'VitalsTask', 'timer': 76.479, 'data': {'sensor': 'Blood Pressure', 'action': 'save', 'data': 'starting sensor action'}}
INFO:root:1723588028.608917,ID:1022,STAGE:4,SEQUENCE:1234,DATA:{'time': 1723588028.606, 'source': 'VitalsTask', 'timer': 77.496, 'data': {'sensor': 'Blood Pressure', 'action': 'save', 'data': 'sensor action complete'}}
INFO:root:1723588029.962072,ID:1022,STAGE:4,SEQUENCE:1234,DATA:{'time': 1723588029.959, 'source': 'VitalsTask', 'timer': 78.849, 'data': {'sensor': 'O\u2082 Saturation', 'action': 'opened sensor tab'}}
INFO:root:1723588031.166973,ID:1022,STAGE:4,SEQUENCE:1234,DATA:{'time': 1723588031.163, 'user-id': '1022', 'source': 'HAI Interface', 'destination-index': '3', 'study-stage': '4', 'decision-state': 0, 'vitals-state': 0, 'airspace-state': 0, 'data': {'page': 'emergency', 'action': 'trying to change destination to19'}}
INFO:root:1723588031.168974,ID:1022,STAGE:4,SEQUENCE:1234,DATA:{'time': 1723588031.164, 'user-id': '1022', 'source': 'HAI Interface', 'destination-index': '3', 'study-stage': '4', 'decision-state': 0, 'vitals-state': 0, 'airspace-state': 0, 'data': {'page': 'emergency', 'action': 'show Pressure Miscalibrated Warning, hide map'}}
INFO:root:1723588031.171967,ID:1022,STAGE:4,SEQUENCE:1234,DATA:{'time': 1723588031.164, 'user-id': '1022', 'source': 'HAI Interface', 'destination-index': '3', 'study-stage': '4', 'decision-state': 0, 'vitals-state': 0, 'airspace-state': 0, 'data': {'page': 'map', 'action': 'hide map'}}
INFO:root:1723588031.176468,ID:1022,STAGE:4,SEQUENCE:1234,DATA:{'time': 1723588031.165, 'user-id': '1022', 'source': 'HAI Interface', 'destination-index': '3', 'study-stage': '4', 'decision-state': 0, 'vitals-state': 0, 'airspace-state': 0, 'data': {'page': 'Inflight', 'action': 'Pressure Warning alert activated'}}
INFO:root:1723588031.222351,ID:1022,STAGE:4,SEQUENCE:1234,DATA:{'time': 1723588031.219, 'source': 'VitalsTask', 'timer': 80.109, 'data': {'sensor': 'O\u2082 Saturation', 'action': 'capture', 'data': 'action button pressed'}}
INFO:root:1723588031.226883,ID:1022,STAGE:4,SEQUENCE:1234,DATA:{'time': 1723588031.219, 'source': 'VitalsTask', 'timer': 80.109, 'data': {'sensor': 'O\u2082 Saturation', 'action': 'capture', 'data': 'starting sensor action'}}
INFO:root:1723588032.23248,ID:1022,STAGE:4,SEQUENCE:1234,DATA:{'time': 1723588032.231, 'source': 'VitalsTask', 'timer': 81.121, 'data': {'sensor': 'O\u2082 Saturation', 'action': 'capture', 'data': 'sensor action complete'}}
INFO:root:1723588032.234028,ID:1022,STAGE:4,SEQUENCE:1234,DATA:{'time': 1723588032.231, 'source': 'VitalsTask', 'timer': 81.121, 'data': {'sensor': 'O\u2082 Saturation', 'action': 'keypad open'}}
INFO:root:1723588034.072313,ID:1022,STAGE:4,SEQUENCE:1234,DATA:{'time': 1723588034.069, 'source': 'VitalsTask', 'timer': 82.959, 'data': {'sensor': 'O\u2082 Saturation', 'action': 'keypad press', 'key': 1, 'value': 1}}
INFO:root:1723588035.138031,ID:1022,STAGE:4,SEQUENCE:1234,DATA:{'time': 1723588035.133, 'source': 'VitalsTask', 'timer': 84.023, 'data': {'sensor': 'O\u2082 Saturation', 'action': 'keypad press', 'key': 11, 'value': 10}}
INFO:root:1723588035.302485,ID:1022,STAGE:4,SEQUENCE:1234,DATA:{'time': 1723588035.301, 'source': 'VitalsTask', 'timer': 84.191, 'data': {'sensor': 'O\u2082 Saturation', 'action': 'keypad press', 'key': 11, 'value': 100}}
INFO:root:1723588035.502014,ID:1022,STAGE:4,SEQUENCE:1234,DATA:{'time': 1723588035.497, 'user-id': '1022', 'source': 'HAI Interface', 'destination-index': '3', 'study-stage': '4', 'decision-state': 0, 'vitals-state': 0, 'airspace-state': 0, 'data': {'page': 'emergency', 'action': 'trying to change destination to19'}}
INFO:root:1723588035.50301,ID:1022,STAGE:4,SEQUENCE:1234,DATA:{'time': 1723588035.497, 'user-id': '1022', 'source': 'HAI Interface', 'destination-index': '3', 'study-stage': '4', 'decision-state': 0, 'vitals-state': 0, 'airspace-state': 0, 'data': {'page': 'emergency', 'action': 'show Pressure Miscalibrated Warning, hide map'}}
INFO:root:1723588035.505005,ID:1022,STAGE:4,SEQUENCE:1234,DATA:{'time': 1723588035.497, 'user-id': '1022', 'source': 'HAI Interface', 'destination-index': '3', 'study-stage': '4', 'decision-state': 0, 'vitals-state': 0, 'airspace-state': 0, 'data': {'page': 'map', 'action': 'hide map'}}
INFO:root:1723588035.508993,ID:1022,STAGE:4,SEQUENCE:1234,DATA:{'time': 1723588035.498, 'user-id': '1022', 'source': 'HAI Interface', 'destination-index': '3', 'study-stage': '4', 'decision-state': 0, 'vitals-state': 0, 'airspace-state': 0, 'data': {'page': 'Inflight', 'action': 'Pressure Warning alert activated'}}
INFO:root:1723588035.969909,ID:1022,STAGE:4,SEQUENCE:1234,DATA:{'time': 1723588035.965, 'user-id': '1022', 'source': 'HAI Interface', 'destination-index': '3', 'study-stage': '4', 'decision-state': 0, 'vitals-state': 0, 'airspace-state': 0, 'data': {'page': 'Inflight', 'action': 'Pressure Warning- show info button pressed'}}
INFO:root:1723588037.57829,ID:1022,STAGE:4,SEQUENCE:1234,DATA:{'time': 1723588037.576, 'source': 'VitalsTask', 'timer': 86.466, 'data': {'sensor': 'O\u2082 Saturation', 'action': 'show action buttons'}}
INFO:root:1723588037.580284,ID:1022,STAGE:4,SEQUENCE:1234,DATA:{'time': 1723588037.577, 'source': 'VitalsTask', 'timer': 86.467, 'data': {'sensor': 'O\u2082 Saturation', 'action': 'keypad press', 'key': 10, 'value': 100}}
INFO:root:1723588040.548459,ID:1022,STAGE:4,SEQUENCE:1234,DATA:{'time': 1723588040.539, 'user-id': '1022', 'source': 'HAI Interface', 'destination-index': '3', 'study-stage': '4', 'decision-state': 0, 'vitals-state': 0, 'airspace-state': 0, 'data': {'page': 'emergency', 'action': 'trying to change destination to19'}}
INFO:root:1723588040.550454,ID:1022,STAGE:4,SEQUENCE:1234,DATA:{'time': 1723588040.539, 'user-id': '1022', 'source': 'HAI Interface', 'destination-index': '3', 'study-stage': '4', 'decision-state': 0, 'vitals-state': 0, 'airspace-state': 0, 'data': {'page': 'emergency', 'action': 'show Pressure Miscalibrated Warning, hide map'}}
INFO:root:1723588040.554173,ID:1022,STAGE:4,SEQUENCE:1234,DATA:{'time': 1723588040.539, 'user-id': '1022', 'source': 'HAI Interface', 'destination-index': '3', 'study-stage': '4', 'decision-state': 0, 'vitals-state': 0, 'airspace-state': 0, 'data': {'page': 'map', 'action': 'hide map'}}
INFO:root:1723588040.556542,ID:1022,STAGE:4,SEQUENCE:1234,DATA:{'time': 1723588040.54, 'user-id': '1022', 'source': 'HAI Interface', 'destination-index': '3', 'study-stage': '4', 'decision-state': 0, 'vitals-state': 0, 'airspace-state': 0, 'data': {'page': 'Inflight', 'action': 'Pressure Warning alert activated'}}
INFO:root:1723588043.844528,ID:1022,STAGE:4,SEQUENCE:1234,DATA:{'time': 1723588043.841, 'user-id': '1022', 'source': 'HAI Interface', 'destination-index': '3', 'study-stage': '4', 'decision-state': 0, 'vitals-state': 0, 'airspace-state': 0, 'data': {'page': 'Inflight', 'action': 'Pressure Warning- submit button pressed with pressure value as:75'}}
INFO:root:1723588043.846522,ID:1022,STAGE:4,SEQUENCE:1234,DATA:{'time': 1723588043.841, 'user-id': '1022', 'source': 'HAI Interface', 'destination-index': '3', 'study-stage': '4', 'decision-state': 0, 'vitals-state': 0, 'airspace-state': 0, 'data': {'page': 'Inflight', 'action': 'Pressure Warning- alert explaination'}}
INFO:root:1723588045.523164,ID:1022,STAGE:4,SEQUENCE:1234,DATA:{'time': 1723588045.517, 'user-id': '1022', 'source': 'HAI Interface', 'destination-index': '3', 'study-stage': '4', 'decision-state': 0, 'vitals-state': 0, 'airspace-state': 0, 'data': {'page': 'emergency', 'action': 'trying to change destination to19'}}
INFO:root:1723588047.762953,ID:1022,STAGE:4,SEQUENCE:1234,DATA:{'time': 1723588047.758, 'user-id': '1022', 'source': 'HAI Interface', 'destination-index': '3', 'study-stage': '4', 'decision-state': 0, 'vitals-state': 0, 'airspace-state': 0, 'data': {'page': 'Inflight', 'action': 'Pressure Warning alert close button pressed'}}
INFO:root:1723588049.549206,ID:1022,STAGE:4,SEQUENCE:1234,DATA:{'time': 1723588049.542, 'source': 'VitalsTask', 'timer': 98.432, 'data': {'sensor': 'O\u2082 Saturation', 'action': 'log', 'data': 'action button pressed'}}
INFO:root:1723588049.551201,ID:1022,STAGE:4,SEQUENCE:1234,DATA:{'time': 1723588049.546, 'source': 'VitalsTask', 'timer': 98.436, 'data': {'sensor': 'O\u2082 Saturation', 'action': 'log', 'data': 'starting sensor action'}}
INFO:root:1723588050.48329,ID:1022,STAGE:4,SEQUENCE:1234,DATA:{'time': 1723588050.479, 'user-id': '1022', 'source': 'HAI Interface', 'destination-index': '3', 'study-stage': '4', 'decision-state': 0, 'vitals-state': 0, 'airspace-state': 0, 'data': {'page': 'emergency', 'action': 'trying to change destination to19'}}
INFO:root:1723588050.566663,ID:1022,STAGE:4,SEQUENCE:1234,DATA:{'time': 1723588050.566, 'source': 'VitalsTask', 'timer': 99.456, 'data': {'sensor': 'O\u2082 Saturation', 'action': 'log', 'data': 'sensor action complete'}}
INFO:root:1723588051.849922,ID:1022,STAGE:4,SEQUENCE:1234,DATA:{'time': 1723588051.839, 'source': 'VitalsTask', 'timer': 100.729, 'data': {'sensor': 'O\u2082 Saturation', 'action': 'save', 'data': 'action button pressed'}}
INFO:root:1723588051.855349,ID:1022,STAGE:4,SEQUENCE:1234,DATA:{'time': 1723588051.839, 'source': 'VitalsTask', 'timer': 100.729, 'data': {'sensor': 'O\u2082 Saturation', 'action': 'save', 'data': 'starting sensor action'}}
INFO:root:1723588052.857738,ID:1022,STAGE:4,SEQUENCE:1234,DATA:{'time': 1723588052.856, 'source': 'VitalsTask', 'timer': 101.746, 'data': {'sensor': 'O\u2082 Saturation', 'action': 'save', 'data': 'sensor action complete'}}
INFO:root:1723588055.510372,ID:1022,STAGE:4,SEQUENCE:1234,DATA:{'time': 1723588055.506, 'user-id': '1022', 'source': 'HAI Interface', 'destination-index': '3', 'study-stage': '4', 'decision-state': 0, 'vitals-state': 0, 'airspace-state': 0, 'data': {'page': 'emergency', 'action': 'trying to change destination to19'}}
INFO:root:Pressure Warning alert given, sent request to clear pressure_warning_alert
INFO:root:1723588058.701974,ID:1022,STAGE:4,SEQUENCE:1234,DATA:{'time': 1723588058.7, 'source': 'VitalsTask', 'timer': 107.59, 'data': {'sensor': 'Heart Rate', 'action': 'opened sensor tab'}}
INFO:root:1723588060.128376,ID:1022,STAGE:4,SEQUENCE:1234,DATA:{'time': 1723588060.124, 'source': 'VitalsTask', 'timer': 109.014, 'data': {'sensor': 'Heart Rate', 'action': 'capture', 'data': 'action button pressed'}}
INFO:root:1723588060.13037,ID:1022,STAGE:4,SEQUENCE:1234,DATA:{'time': 1723588060.124, 'source': 'VitalsTask', 'timer': 109.014, 'data': {'sensor': 'Heart Rate', 'action': 'capture', 'data': 'starting sensor action'}}
INFO:root:1723588060.467128,ID:1022,STAGE:4,SEQUENCE:1234,DATA:{'time': 1723588060.462, 'user-id': '1022', 'source': 'HAI Interface', 'destination-index': '3', 'study-stage': '4', 'decision-state': 0, 'vitals-state': 0, 'airspace-state': 0, 'data': {'page': 'emergency', 'action': 'trying to change destination to19'}}
INFO:root:1723588061.138525,ID:1022,STAGE:4,SEQUENCE:1234,DATA:{'time': 1723588061.136, 'source': 'VitalsTask', 'timer': 110.026, 'data': {'sensor': 'Heart Rate', 'action': 'capture', 'data': 'sensor action complete'}}
INFO:root:1723588061.139524,ID:1022,STAGE:4,SEQUENCE:1234,DATA:{'time': 1723588061.137, 'source': 'VitalsTask', 'timer': 110.027, 'data': {'sensor': 'Heart Rate', 'action': 'keypad open'}}
INFO:root:1723588062.641391,ID:1022,STAGE:4,SEQUENCE:1234,DATA:{'time': 1723588062.641, 'source': 'VitalsTask', 'timer': 111.531, 'data': {'sensor': 'Heart Rate', 'action': 'keypad press', 'key': 5, 'value': 5}}
INFO:root:1723588062.829844,ID:1022,STAGE:4,SEQUENCE:1234,DATA:{'time': 1723588062.828, 'source': 'VitalsTask', 'timer': 111.718, 'data': {'sensor': 'Heart Rate', 'action': 'keypad press', 'key': 5, 'value': 55}}
INFO:root:1723588065.12347,ID:1022,STAGE:4,SEQUENCE:1234,DATA:{'time': 1723588065.121, 'source': 'VitalsTask', 'timer': 114.011, 'data': {'sensor': 'Heart Rate', 'action': 'show action buttons'}}
INFO:root:1723588065.125823,ID:1022,STAGE:4,SEQUENCE:1234,DATA:{'time': 1723588065.122, 'source': 'VitalsTask', 'timer': 114.012, 'data': {'sensor': 'Heart Rate', 'action': 'keypad press', 'key': 10, 'value': 55}}
INFO:root:1723588065.492487,ID:1022,STAGE:4,SEQUENCE:1234,DATA:{'time': 1723588065.487, 'user-id': '1022', 'source': 'HAI Interface', 'destination-index': '3', 'study-stage': '4', 'decision-state': 0, 'vitals-state': 0, 'airspace-state': 0, 'data': {'page': 'emergency', 'action': 'trying to change destination to19'}}
INFO:root:1723588066.272135,ID:1022,STAGE:4,SEQUENCE:1234,DATA:{'time': 1723588066.269, 'source': 'VitalsTask', 'timer': 115.159, 'data': {'sensor': 'Heart Rate', 'action': 'log', 'data': 'action button pressed'}}
INFO:root:1723588066.274135,ID:1022,STAGE:4,SEQUENCE:1234,DATA:{'time': 1723588066.269, 'source': 'VitalsTask', 'timer': 115.159, 'data': {'sensor': 'Heart Rate', 'action': 'log', 'data': 'starting sensor action'}}
INFO:root:1723588067.285839,ID:1022,STAGE:4,SEQUENCE:1234,DATA:{'time': 1723588067.284, 'source': 'VitalsTask', 'timer': 116.174, 'data': {'sensor': 'Heart Rate', 'action': 'log', 'data': 'sensor action complete'}}
INFO:root:1723588067.87506,ID:1022,STAGE:4,SEQUENCE:1234,DATA:{'time': 1723588067.873, 'source': 'VitalsTask', 'timer': 116.763, 'data': {'sensor': 'Heart Rate', 'action': 'save', 'data': 'action button pressed'}}
INFO:root:1723588067.876991,ID:1022,STAGE:4,SEQUENCE:1234,DATA:{'time': 1723588067.874, 'source': 'VitalsTask', 'timer': 116.764, 'data': {'sensor': 'Heart Rate', 'action': 'save', 'data': 'starting sensor action'}}
INFO:root:1723588068.886638,ID:1022,STAGE:4,SEQUENCE:1234,DATA:{'time': 1723588068.884, 'source': 'VitalsTask', 'timer': 117.774, 'data': {'sensor': 'Heart Rate', 'action': 'save', 'data': 'sensor action complete'}}
INFO:root:1723588070.29622,ID:1022,STAGE:4,SEQUENCE:1234,DATA:{'time': 1723588070.295, 'source': 'VitalsTask', 'timer': 119.185, 'data': {'sensor': 'submit', 'action': 'submit'}}
INFO:root:1723588070.297216,ID:1022,STAGE:4,SEQUENCE:1234,DATA:{'time': 1723588070.295, 'source': 'VitalsTask', 'timer': 119.185, 'data': {'sensor': 'submit', 'action': 'submit', 'data': 'submit succeeded'}}
INFO:root:1723588070.513991,ID:1022,STAGE:4,SEQUENCE:1234,DATA:{'time': 1723588070.508, 'user-id': '1022', 'source': 'HAI Interface', 'destination-index': '3', 'study-stage': '4', 'decision-state': 0, 'vitals-state': 0, 'airspace-state': 0, 'data': {'page': 'emergency', 'action': 'trying to change destination to19'}}
INFO:root:1723588071.832002,ID:1022,STAGE:4,SEQUENCE:1234,DATA:{'time': 1723588071.829, 'user-id': '1022', 'source': 'HAI Interface', 'destination-index': '3', 'study-stage': '4', 'decision-state': 0, 'vitals-state': 0, 'airspace-state': 0, 'data': {'page': 'inflight', 'action': 'user acknowledged vitals prompt'}}
INFO:root:1723588072.971216,ID:1022,STAGE:4,SEQUENCE:1234,DATA:{'time': 1723588072.968, 'user-id': '1022', 'source': 'HAI Interface', 'destination-index': '3', 'study-stage': '4', 'decision-state': 0, 'vitals-state': 0, 'airspace-state': 0, 'data': {'action': 'radio panel opened'}}
INFO:root:1723588073.311084,ID:1022,STAGE:4,SEQUENCE:1234,DATA:{'time': 1723588073.308, 'user-id': '1022', 'source': 'HAI Interface', 'destination-index': '3', 'study-stage': '4', 'decision-state': 0, 'vitals-state': 0, 'airspace-state': 0, 'data': {'action': 'radio panel opened'}}
INFO:root:1723588075.00919,ID:1022,STAGE:4,SEQUENCE:1234,DATA:{'time': 1723588075.006, 'user-id': '1022', 'source': 'HAI Interface', 'destination-index': '3', 'study-stage': '4', 'decision-state': 0, 'vitals-state': 0, 'airspace-state': 0, 'data': {'action': 'radio panel opened'}}
INFO:root:1723588075.532858,ID:1022,STAGE:4,SEQUENCE:1234,DATA:{'time': 1723588075.529, 'user-id': '1022', 'source': 'HAI Interface', 'destination-index': '3', 'study-stage': '4', 'decision-state': 0, 'vitals-state': 0, 'airspace-state': 0, 'data': {'page': 'emergency', 'action': 'trying to change destination to19'}}
INFO:root:1723588080.544316,ID:1022,STAGE:4,SEQUENCE:1234,DATA:{'time': 1723588080.54, 'user-id': '1022', 'source': 'HAI Interface', 'destination-index': '3', 'study-stage': '4', 'decision-state': 0, 'vitals-state': 0, 'airspace-state': 0, 'data': {'page': 'emergency', 'action': 'trying to change destination to19'}}
INFO:root:1723588082.701257,ID:1022,STAGE:4,SEQUENCE:1234,DATA:{'time': 1723588082.697, 'user-id': '1022', 'source': 'HAI Interface', 'destination-index': '3', 'study-stage': '4', 'decision-state': 0, 'vitals-state': 0, 'airspace-state': 0, 'data': {'action': 'transmit button pressed'}}
INFO:root:1723588082.705246,ID:1022,STAGE:4,SEQUENCE:1234,DATA:{'time': 1723588082.698, 'user-id': '1022', 'source': 'HAI Interface', 'destination-index': '3', 'study-stage': '4', 'decision-state': 0, 'vitals-state': 0, 'airspace-state': 0, 'data': {'action': 'callsign set to: + NASXGS'}}
INFO:root:1723588082.705246,ID:1022,STAGE:4,SEQUENCE:1234,DATA:{'time': 1723588082.698, 'user-id': '1022', 'source': 'HAI Interface', 'destination-index': '3', 'study-stage': '4', 'decision-state': 0, 'vitals-state': 0, 'airspace-state': 0, 'data': {'action': 'radio set to:Comm1'}}
INFO:root:1723588082.706246,ID:1022,STAGE:4,SEQUENCE:1234,DATA:{'time': 1723588082.698, 'user-id': '1022', 'source': 'HAI Interface', 'destination-index': '3', 'study-stage': '4', 'decision-state': 0, 'vitals-state': 0, 'airspace-state': 0, 'data': {'page': 'map', 'action': 'show map'}}
INFO:root:1723588082.706246,ID:1022,STAGE:4,SEQUENCE:1234,DATA:{'time': 1723588082.698, 'user-id': '1022', 'source': 'HAI Interface', 'destination-index': '3', 'study-stage': '4', 'decision-state': 0, 'vitals-state': 0, 'airspace-state': 0, 'data': {'page': 'map', 'action': 'selected helipad', 'value': '21'}}
INFO:root:1723588082.707242,ID:1022,STAGE:4,SEQUENCE:1234,DATA:{'time': 1723588082.702, 'user-id': '1022', 'source': 'HAI Interface', 'destination-index': '3', 'study-stage': '4', 'decision-state': 0, 'vitals-state': 0, 'airspace-state': 0, 'data': {'action': 'NASXGStransmitting updates onComm1123.45 MHz'}}
INFO:root:1723588085.530596,ID:1022,STAGE:4,SEQUENCE:1234,DATA:{'time': 1723588085.525, 'user-id': '1022', 'source': 'HAI Interface', 'destination-index': '3', 'study-stage': '4', 'decision-state': 0, 'vitals-state': 0, 'airspace-state': 0, 'data': {'page': 'emergency', 'action': 'trying to change destination to19'}}
INFO:root:1723588086.946689,ID:1022,STAGE:4,SEQUENCE:1234,DATA:{'time': 1723588086.943, 'user-id': '1022', 'source': 'HAI Interface', 'destination-index': '3', 'study-stage': '4', 'decision-state': 0, 'vitals-state': 0, 'airspace-state': 0, 'data': {'page': 'map', 'action': 'hide map'}}
INFO:root:1723588090.534172,ID:1022,STAGE:4,SEQUENCE:1234,DATA:{'time': 1723588090.528, 'user-id': '1022', 'source': 'HAI Interface', 'destination-index': '3', 'study-stage': '4', 'decision-state': 0, 'vitals-state': 0, 'airspace-state': 0, 'data': {'page': 'emergency', 'action': 'trying to change destination to19'}}
INFO:root:1723588092.362836,ID:1022,STAGE:4,SEQUENCE:1234,DATA:{'time': 1723588092.357, 'user-id': '1022', 'source': 'HAI Interface', 'destination-index': '3', 'study-stage': '4', 'decision-state': 0, 'vitals-state': 0, 'airspace-state': 0, 'data': {'action': 'receive button pressed'}}
INFO:root:1723588092.363834,ID:1022,STAGE:4,SEQUENCE:1234,DATA:{'time': 1723588092.357, 'user-id': '1022', 'source': 'HAI Interface', 'destination-index': '3', 'study-stage': '4', 'decision-state': 0, 'vitals-state': 0, 'airspace-state': 0, 'data': {'action': 'callsign set to:[object Object]'}}
INFO:root:1723588092.364833,ID:1022,STAGE:4,SEQUENCE:1234,DATA:{'time': 1723588092.357, 'user-id': '1022', 'source': 'HAI Interface', 'destination-index': '3', 'study-stage': '4', 'decision-state': 0, 'vitals-state': 0, 'airspace-state': 0, 'data': {'action': 'radio set to:Comm2'}}
INFO:root:1723588092.367824,ID:1022,STAGE:4,SEQUENCE:1234,DATA:{'time': 1723588092.361, 'user-id': '1022', 'source': 'HAI Interface', 'destination-index': '3', 'study-stage': '4', 'decision-state': 0, 'vitals-state': 0, 'airspace-state': 0, 'data': {'action': 'MEDEVACtransmitting onComm2123.45 MHz'}}
INFO:SimConnect.SimConnect:SIM OPEN
INFO:SimConnect.SimConnect:SIM OPEN
INFO:root:1723588095.583547,ID:1022,STAGE:4,SEQUENCE:1234,DATA:{'time': 1723588095.578, 'user-id': '1022', 'source': 'HAI Interface', 'destination-index': '3', 'study-stage': '4', 'decision-state': 0, 'vitals-state': 0, 'airspace-state': 0, 'data': {'page': 'emergency', 'action': 'trying to change destination to19'}}
INFO:root:Ok, continue to monitor the patients vitals and keep us updated 
INFO:root:1723588100.616857,ID:1022,STAGE:4,SEQUENCE:1234,DATA:{'time': 1723588100.61, 'user-id': '1022', 'source': 'HAI Interface', 'destination-index': '3', 'study-stage': '4', 'decision-state': 0, 'vitals-state': 0, 'airspace-state': 0, 'data': {'page': 'emergency', 'action': 'trying to change destination to19'}}
INFO:root:Miscalibrated sensor radio comm done- command to clear event and make the receive 0 sent
INFO:root:1723588105.600828,ID:1022,STAGE:4,SEQUENCE:1234,DATA:{'time': 1723588105.596, 'user-id': '1022', 'source': 'HAI Interface', 'destination-index': '3', 'study-stage': '4', 'decision-state': 0, 'vitals-state': 0, 'airspace-state': 0, 'data': {'page': 'emergency', 'action': 'trying to change destination to19'}}
INFO:root:1723588110.567098,ID:1022,STAGE:4,SEQUENCE:1234,DATA:{'time': 1723588110.562, 'user-id': '1022', 'source': 'HAI Interface', 'destination-index': '3', 'study-stage': '4', 'decision-state': 0, 'vitals-state': 0, 'airspace-state': 0, 'data': {'page': 'emergency', 'action': 'trying to change destination to19'}}
INFO:root:Inflight Radio Update asked
INFO:root:sent request to set radio update complete
INFO:root:1723588115.608919,ID:1022,STAGE:4,SEQUENCE:1234,DATA:{'time': 1723588115.602, 'user-id': '1022', 'source': 'HAI Interface', 'destination-index': '3', 'study-stage': '4', 'decision-state': 0, 'vitals-state': 0, 'airspace-state': 0, 'data': {'page': 'emergency', 'action': 'trying to change destination to19'}}
INFO:root:1723588117.178125,ID:1022,STAGE:4,SEQUENCE:1234,DATA:{'time': 1723588117.173, 'user-id': '1022', 'source': 'HAI Interface', 'destination-index': '3', 'study-stage': '4', 'decision-state': 0, 'vitals-state': 0, 'airspace-state': 0, 'data': {'action': 'transmit button pressed'}}
INFO:root:1723588117.184204,ID:1022,STAGE:4,SEQUENCE:1234,DATA:{'time': 1723588117.173, 'user-id': '1022', 'source': 'HAI Interface', 'destination-index': '3', 'study-stage': '4', 'decision-state': 0, 'vitals-state': 0, 'airspace-state': 0, 'data': {'action': 'callsign set to: + NASXGS'}}
INFO:root:1723588117.185237,ID:1022,STAGE:4,SEQUENCE:1234,DATA:{'time': 1723588117.174, 'user-id': '1022', 'source': 'HAI Interface', 'destination-index': '3', 'study-stage': '4', 'decision-state': 0, 'vitals-state': 0, 'airspace-state': 0, 'data': {'action': 'radio set to:Comm1'}}
INFO:root:1723588117.19248,ID:1022,STAGE:4,SEQUENCE:1234,DATA:{'time': 1723588117.174, 'user-id': '1022', 'source': 'HAI Interface', 'destination-index': '3', 'study-stage': '4', 'decision-state': 0, 'vitals-state': 0, 'airspace-state': 0, 'data': {'page': 'map', 'action': 'show map'}}
INFO:root:1723588117.195984,ID:1022,STAGE:4,SEQUENCE:1234,DATA:{'time': 1723588117.174, 'user-id': '1022', 'source': 'HAI Interface', 'destination-index': '3', 'study-stage': '4', 'decision-state': 0, 'vitals-state': 0, 'airspace-state': 0, 'data': {'page': 'map', 'action': 'selected helipad', 'value': '21'}}
INFO:root:1723588117.198976,ID:1022,STAGE:4,SEQUENCE:1234,DATA:{'time': 1723588117.179, 'user-id': '1022', 'source': 'HAI Interface', 'destination-index': '3', 'study-stage': '4', 'decision-state': 0, 'vitals-state': 0, 'airspace-state': 0, 'data': {'action': 'NASXGStransmitting updates onComm1123.45 MHz'}}
INFO:root:1723588120.550168,ID:1022,STAGE:4,SEQUENCE:1234,DATA:{'time': 1723588120.544, 'user-id': '1022', 'source': 'HAI Interface', 'destination-index': '3', 'study-stage': '4', 'decision-state': 0, 'vitals-state': 0, 'airspace-state': 0, 'data': {'page': 'emergency', 'action': 'trying to change destination to19'}}
INFO:root:1723588125.563493,ID:1022,STAGE:4,SEQUENCE:1234,DATA:{'time': 1723588125.555, 'user-id': '1022', 'source': 'HAI Interface', 'destination-index': '3', 'study-stage': '4', 'decision-state': 0, 'vitals-state': 0, 'airspace-state': 0, 'data': {'page': 'emergency', 'action': 'trying to change destination to19'}}
INFO:root:1723588130.561317,ID:1022,STAGE:4,SEQUENCE:1234,DATA:{'time': 1723588130.551, 'user-id': '1022', 'source': 'HAI Interface', 'destination-index': '3', 'study-stage': '4', 'decision-state': 0, 'vitals-state': 0, 'airspace-state': 0, 'data': {'page': 'emergency', 'action': 'trying to change destination to19'}}
INFO:root:1723588131.400284,ID:1022,STAGE:4,SEQUENCE:1234,DATA:{'time': 1723588131.394, 'user-id': '1022', 'source': 'HAI Interface', 'destination-index': '3', 'study-stage': '4', 'decision-state': 0, 'vitals-state': 0, 'airspace-state': 0, 'data': {'page': 'map', 'action': 'hide map'}}
INFO:root:1723588135.579425,ID:1022,STAGE:4,SEQUENCE:1234,DATA:{'time': 1723588135.573, 'user-id': '1022', 'source': 'HAI Interface', 'destination-index': '3', 'study-stage': '4', 'decision-state': 0, 'vitals-state': 0, 'airspace-state': 0, 'data': {'page': 'emergency', 'action': 'trying to change destination to19'}}
INFO:root:1723588137.386661,ID:1022,STAGE:4,SEQUENCE:1234,DATA:{'time': 1723588137.382, 'user-id': '1022', 'source': 'HAI Interface', 'destination-index': '3', 'study-stage': '4', 'decision-state': 0, 'vitals-state': 0, 'airspace-state': 0, 'data': {'action': 'radio panel closed'}}
INFO:root:1723588140.540719,ID:1022,STAGE:4,SEQUENCE:1234,DATA:{'time': 1723588140.536, 'user-id': '1022', 'source': 'HAI Interface', 'destination-index': '3', 'study-stage': '4', 'decision-state': 0, 'vitals-state': 0, 'airspace-state': 0, 'data': {'page': 'emergency', 'action': 'trying to change destination to19'}}
INFO:root:1723588145.568441,ID:1022,STAGE:4,SEQUENCE:1234,DATA:{'time': 1723588145.563, 'user-id': '1022', 'source': 'HAI Interface', 'destination-index': '3', 'study-stage': '4', 'decision-state': 0, 'vitals-state': 0, 'airspace-state': 0, 'data': {'page': 'emergency', 'action': 'trying to change destination to19'}}
INFO:root:1723588151.210024,ID:1022,STAGE:4,SEQUENCE:1234,DATA:{'time': 1723588151.205, 'user-id': '1022', 'source': 'HAI Interface', 'destination-index': '3', 'study-stage': '4', 'decision-state': 0, 'vitals-state': '1', 'airspace-state': 0, 'data': {'page': 'emergency', 'action': 'trying to change destination to19'}}
INFO:root:1723588151.218003,ID:1022,STAGE:4,SEQUENCE:1234,DATA:{'time': 1723588151.206, 'user-id': '1022', 'source': 'HAI Interface', 'destination-index': '3', 'study-stage': '4', 'decision-state': 0, 'vitals-state': '1', 'airspace-state': 0, 'data': {'page': 'emergency', 'action': 'show Engine Failure Alert, hide map'}}
INFO:root:1723588151.223505,ID:1022,STAGE:4,SEQUENCE:1234,DATA:{'time': 1723588151.206, 'user-id': '1022', 'source': 'HAI Interface', 'destination-index': '3', 'study-stage': '4', 'decision-state': 0, 'vitals-state': '1', 'airspace-state': 0, 'data': {'page': 'map', 'action': 'hide map'}}
INFO:root:1723588151.229487,ID:1022,STAGE:4,SEQUENCE:1234,DATA:{'time': 1723588151.207, 'user-id': '1022', 'source': 'HAI Interface', 'destination-index': '3', 'study-stage': '4', 'decision-state': 0, 'vitals-state': '1', 'airspace-state': 0, 'data': {'page': 'Inflight', 'action': 'Engine failure emergency- emergnecy propmt displayed'}}
INFO:root:1723588153.592032,ID:1022,STAGE:4,SEQUENCE:1234,DATA:{'time': 1723588153.587, 'user-id': '1022', 'source': 'HAI Interface', 'destination-index': '3', 'study-stage': '4', 'decision-state': 0, 'vitals-state': '1', 'airspace-state': 0, 'data': {'page': 'Inflight', 'action': 'Engine failure emergency- show more info button pressed'}}
INFO:root:1723588155.532918,ID:1022,STAGE:4,SEQUENCE:1234,DATA:{'time': 1723588155.528, 'user-id': '1022', 'source': 'HAI Interface', 'destination-index': '3', 'study-stage': '4', 'decision-state': 0, 'vitals-state': '1', 'airspace-state': 0, 'data': {'page': 'emergency', 'action': 'trying to change destination to19'}}
INFO:root:1723588160.593028,ID:1022,STAGE:4,SEQUENCE:1234,DATA:{'time': 1723588160.585, 'user-id': '1022', 'source': 'HAI Interface', 'destination-index': '3', 'study-stage': '4', 'decision-state': 0, 'vitals-state': '1', 'airspace-state': 0, 'data': {'page': 'emergency', 'action': 'trying to change destination to19'}}
INFO:root:1723588165.594553,ID:1022,STAGE:4,SEQUENCE:1234,DATA:{'time': 1723588165.589, 'user-id': '1022', 'source': 'HAI Interface', 'destination-index': '3', 'study-stage': '4', 'decision-state': 0, 'vitals-state': '1', 'airspace-state': 0, 'data': {'page': 'emergency', 'action': 'trying to change destination to19'}}
INFO:root:1723588167.861104,ID:1022,STAGE:4,SEQUENCE:1234,DATA:{'time': 1723588167.856, 'user-id': '1022', 'source': 'HAI Interface', 'destination-index': '3', 'study-stage': '4', 'decision-state': 0, 'vitals-state': '1', 'airspace-state': 0, 'data': {'page': 'Inflight', 'action': 'Engine failure emergency- close button pressed'}}
INFO:root:1723588167.864185,ID:1022,STAGE:4,SEQUENCE:1234,DATA:{'time': 1723588167.857, 'user-id': '1022', 'source': 'HAI Interface', 'destination-index': '3', 'study-stage': '4', 'decision-state': 0, 'vitals-state': '1', 'airspace-state': 0, 'data': {'page': 'Inflight', 'action': 'change destination button pressed'}}
INFO:root:1723588168.032975,ID:1022,STAGE:4,SEQUENCE:1234,DATA:{'time': 1723588168.003, 'user-id': 'none', 'source': 'HAI Interface', 'destination-index': 3, 'study-stage': -1, 'decision-state': 0, 'vitals-state': 0, 'airspace-state': 0, 'data': {'page': 'emergency-landing', 'action': 'opened page'}}
INFO:root:1723588168.974621,ID:1022,STAGE:4,SEQUENCE:1234,DATA:{'time': 1723588168.969, 'user-id': '1022', 'source': 'HAI Interface', 'destination-index': '3', 'study-stage': '4', 'decision-state': 0, 'vitals-state': '1', 'airspace-state': 0, 'data': {'page': 'map', 'action': 'selected helipad', 'value': '21'}}
INFO:root:1723588168.975618,ID:1022,STAGE:4,SEQUENCE:1234,DATA:{'time': 1723588168.969, 'user-id': '1022', 'source': 'HAI Interface', 'destination-index': '3', 'study-stage': '4', 'decision-state': 0, 'vitals-state': '1', 'airspace-state': 0, 'data': {'page': 'map', 'action': 'set destination', 'value': -1}}
INFO:root:1723588172.7924,ID:1022,STAGE:4,SEQUENCE:1234,DATA:{'time': 1723588172.788, 'user-id': '1022', 'source': 'HAI Interface', 'destination-index': '3', 'study-stage': '4', 'decision-state': 0, 'vitals-state': '1', 'airspace-state': 0, 'data': {'page': 'map', 'action': 'show map'}}
INFO:root:1723588172.795533,ID:1022,STAGE:4,SEQUENCE:1234,DATA:{'time': 1723588172.789, 'user-id': '1022', 'source': 'HAI Interface', 'destination-index': '3', 'study-stage': '4', 'decision-state': 0, 'vitals-state': '1', 'airspace-state': 0, 'data': {'page': 'map', 'action': 'selected helipad', 'value': '21'}}
INFO:root:1723588172.799567,ID:1022,STAGE:4,SEQUENCE:1234,DATA:{'time': 1723588172.789, 'user-id': '1022', 'source': 'HAI Interface', 'destination-index': '3', 'study-stage': '4', 'decision-state': 0, 'vitals-state': '1', 'airspace-state': 0, 'data': {'page': 'map', 'action': 'set destination', 'value': '3'}}
INFO:root:1723588173.260251,ID:1022,STAGE:4,SEQUENCE:1234,DATA:{'time': 1723588173.252, 'user-id': '1022', 'source': 'HAI Interface', 'destination-index': '3', 'study-stage': '4', 'decision-state': 0, 'vitals-state': '1', 'airspace-state': 0, 'data': {'page': 'emergency', 'action': 'trying to change destination to100'}}
INFO:root:1723588174.823473,ID:1022,STAGE:4,SEQUENCE:1234,DATA:{'time': 1723588174.816, 'user-id': '1022', 'source': 'HAI Interface', 'destination-index': '3', 'study-stage': '4', 'decision-state': 0, 'vitals-state': '1', 'airspace-state': 0, 'data': {'page': 'map', 'action': 'selected helipad', 'value': '5'}}
INFO:root:1723588174.827973,ID:1022,STAGE:4,SEQUENCE:1234,DATA:{'time': 1723588174.817, 'user-id': '1022', 'source': 'HAI Interface', 'destination-index': '3', 'study-stage': '4', 'decision-state': 0, 'vitals-state': '1', 'airspace-state': 0, 'data': {'page': 'map', 'action': 'set destination', 'value': '3'}}
INFO:root:1723588176.51159,ID:1022,STAGE:4,SEQUENCE:1234,DATA:{'time': 1723588176.508, 'user-id': '1022', 'source': 'HAI Interface', 'destination-index': '3', 'study-stage': '4', 'decision-state': 0, 'vitals-state': '1', 'airspace-state': 0, 'data': {'page': 'map', 'action': 'hide map'}}
INFO:root:1723588178.200881,ID:1022,STAGE:4,SEQUENCE:1234,DATA:{'time': 1723588178.194, 'user-id': '1022', 'source': 'HAI Interface', 'destination-index': '3', 'study-stage': '4', 'decision-state': 0, 'vitals-state': '1', 'airspace-state': 0, 'data': {'page': 'emergency', 'action': 'trying to change destination to19'}}
INFO:root:1723588179.377208,ID:1022,STAGE:4,SEQUENCE:1234,DATA:{'time': 1723588179.372, 'user-id': '1022', 'source': 'HAI Interface', 'destination-index': '3', 'study-stage': '4', 'decision-state': 0, 'vitals-state': '1', 'airspace-state': 0, 'data': {'page': 'change-destination', 'action': 'submit button pressed'}}
INFO:root:1723588179.560608,ID:1022,STAGE:4,SEQUENCE:1234,DATA:{'time': 1723588179.544, 'user-id': 'none', 'source': 'HAI Interface', 'destination-index': 3, 'study-stage': -1, 'decision-state': 0, 'vitals-state': 0, 'airspace-state': 0, 'data': {'page': 'location', 'action': 'opened page'}}
INFO:root:1723588180.509395,ID:1022,STAGE:4,SEQUENCE:1234,DATA:{'time': 1723588180.503, 'user-id': '1022', 'source': 'HAI Interface', 'destination-index': '3', 'study-stage': '4', 'decision-state': 0, 'vitals-state': '1', 'airspace-state': 0, 'data': {'page': 'map', 'action': 'selected helipad', 'value': '21'}}
INFO:root:1723588181.51019,ID:1022,STAGE:4,SEQUENCE:1234,DATA:{'time': 1723588181.5, 'user-id': '1022', 'source': 'HAI Interface', 'destination-index': '3', 'study-stage': '4', 'decision-state': 0, 'vitals-state': '1', 'airspace-state': 0, 'data': {'page': 'location', 'action': 'confirm button pressed'}}
INFO:root:1723588182.856211,ID:1022,STAGE:4,SEQUENCE:1234,DATA:{'time': 1723588182.846, 'user-id': '1022', 'source': 'HAI Interface', 'destination-index': '3', 'study-stage': '4', 'decision-state': 0, 'vitals-state': '1', 'airspace-state': 0, 'data': {'page': 'map', 'action': 'selected helipad', 'value': '21'}}
INFO:root:1723588186.641111,ID:1022,STAGE:4,SEQUENCE:1234,DATA:{'time': 1723588186.637, 'user-id': '1022', 'source': 'HAI Interface', 'destination-index': '3', 'study-stage': '4', 'decision-state': 0, 'vitals-state': '1', 'airspace-state': 0, 'data': {'page': 'Inflight', 'action': 'emergency landing button pressed'}}
INFO:root:1723588186.845982,ID:1022,STAGE:4,SEQUENCE:1234,DATA:{'time': 1723588186.787, 'user-id': 'none', 'source': 'HAI Interface', 'destination-index': 3, 'study-stage': -1, 'decision-state': 0, 'vitals-state': 0, 'airspace-state': 0, 'data': {'page': 'emergency-landing', 'action': 'opened page'}}
INFO:root:1723588187.755012,ID:1022,STAGE:4,SEQUENCE:1234,DATA:{'time': 1723588187.747, 'user-id': '1022', 'source': 'HAI Interface', 'destination-index': '3', 'study-stage': '4', 'decision-state': 0, 'vitals-state': '1', 'airspace-state': 0, 'data': {'page': 'map', 'action': 'selected helipad', 'value': '21'}}
INFO:root:1723588187.756008,ID:1022,STAGE:4,SEQUENCE:1234,DATA:{'time': 1723588187.747, 'user-id': '1022', 'source': 'HAI Interface', 'destination-index': '3', 'study-stage': '4', 'decision-state': 0, 'vitals-state': '1', 'airspace-state': 0, 'data': {'page': 'map', 'action': 'set destination', 'value': -1}}
INFO:root:1723588188.541819,ID:1022,STAGE:4,SEQUENCE:1234,DATA:{'time': 1723588188.535, 'user-id': '1022', 'source': 'HAI Interface', 'destination-index': '3', 'study-stage': '4', 'decision-state': 0, 'vitals-state': '1', 'airspace-state': 0, 'data': {'page': 'map', 'action': 'show map'}}
INFO:root:1723588188.544035,ID:1022,STAGE:4,SEQUENCE:1234,DATA:{'time': 1723588188.536, 'user-id': '1022', 'source': 'HAI Interface', 'destination-index': '3', 'study-stage': '4', 'decision-state': 0, 'vitals-state': '1', 'airspace-state': 0, 'data': {'page': 'map', 'action': 'selected helipad', 'value': '21'}}
INFO:root:1723588188.547536,ID:1022,STAGE:4,SEQUENCE:1234,DATA:{'time': 1723588188.536, 'user-id': '1022', 'source': 'HAI Interface', 'destination-index': '3', 'study-stage': '4', 'decision-state': 0, 'vitals-state': '1', 'airspace-state': 0, 'data': {'page': 'map', 'action': 'set destination', 'value': '3'}}
INFO:root:1723588189.971922,ID:1022,STAGE:4,SEQUENCE:1234,DATA:{'time': 1723588189.965, 'user-id': '1022', 'source': 'HAI Interface', 'destination-index': '3', 'study-stage': '4', 'decision-state': 0, 'vitals-state': '1', 'airspace-state': 0, 'data': {'page': 'map', 'action': 'selected helipad', 'value': '5'}}
INFO:root:1723588189.975934,ID:1022,STAGE:4,SEQUENCE:1234,DATA:{'time': 1723588189.965, 'user-id': '1022', 'source': 'HAI Interface', 'destination-index': '3', 'study-stage': '4', 'decision-state': 0, 'vitals-state': '1', 'airspace-state': 0, 'data': {'page': 'map', 'action': 'set destination', 'value': '3'}}
INFO:root:Engine Failure alert given, sent request to clear engine_failure_emergency
INFO:root:1723588191.342822,ID:1022,STAGE:4,SEQUENCE:1234,DATA:{'time': 1723588191.339, 'user-id': '1022', 'source': 'HAI Interface', 'destination-index': '3', 'study-stage': '4', 'decision-state': 0, 'vitals-state': '1', 'airspace-state': 0, 'data': {'page': 'map', 'action': 'hide map'}}
INFO:root:1723588191.990199,ID:1022,STAGE:4,SEQUENCE:1234,DATA:{'time': 1723588191.979, 'user-id': '1022', 'source': 'HAI Interface', 'destination-index': '3', 'study-stage': '4', 'decision-state': 0, 'vitals-state': '1', 'airspace-state': 0, 'data': {'page': 'emergency', 'action': 'trying to change destination to100'}}
INFO:root:1723588193.130599,ID:1022,STAGE:4,SEQUENCE:1234,DATA:{'time': 1723588193.125, 'user-id': '1022', 'source': 'HAI Interface', 'destination-index': '3', 'study-stage': '4', 'decision-state': 0, 'vitals-state': '1', 'airspace-state': 0, 'data': {'page': 'change-destination', 'action': 'submit button pressed'}}
INFO:root:1723588193.281632,ID:1022,STAGE:4,SEQUENCE:1234,DATA:{'time': 1723588193.26, 'user-id': 'none', 'source': 'HAI Interface', 'destination-index': 3, 'study-stage': -1, 'decision-state': 0, 'vitals-state': 0, 'airspace-state': 0, 'data': {'page': 'location', 'action': 'opened page'}}
INFO:root:1723588194.224659,ID:1022,STAGE:4,SEQUENCE:1234,DATA:{'time': 1723588194.219, 'user-id': '1022', 'source': 'HAI Interface', 'destination-index': '3', 'study-stage': '4', 'decision-state': 0, 'vitals-state': '1', 'airspace-state': 0, 'data': {'page': 'map', 'action': 'selected helipad', 'value': '21'}}
INFO:root:1723588195.399855,ID:1022,STAGE:4,SEQUENCE:1234,DATA:{'time': 1723588195.389, 'user-id': '1022', 'source': 'HAI Interface', 'destination-index': '3', 'study-stage': '4', 'decision-state': 0, 'vitals-state': '1', 'airspace-state': 0, 'data': {'page': 'location', 'action': 'confirm button pressed'}}
INFO:root:1723588196.729332,ID:1022,STAGE:4,SEQUENCE:1234,DATA:{'time': 1723588196.72, 'user-id': '1022', 'source': 'HAI Interface', 'destination-index': '3', 'study-stage': '4', 'decision-state': 0, 'vitals-state': '1', 'airspace-state': 0, 'data': {'page': 'map', 'action': 'selected helipad', 'value': '21'}}
INFO:root:1723588199.340391,ID:1022,STAGE:4,SEQUENCE:1234,DATA:{'time': 1723588199.335, 'user-id': '1022', 'source': 'HAI Interface', 'destination-index': '3', 'study-stage': '4', 'decision-state': 0, 'vitals-state': '1', 'airspace-state': 0, 'data': {'action': 'radio panel opened'}}
INFO:root:1723588201.042401,ID:1022,STAGE:4,SEQUENCE:1234,DATA:{'time': 1723588201.037, 'user-id': '1022', 'source': 'HAI Interface', 'destination-index': '3', 'study-stage': '4', 'decision-state': 0, 'vitals-state': '1', 'airspace-state': 0, 'data': {'page': 'emergency', 'action': 'trying to change destination to100'}}
INFO:root:1723588205.879341,ID:1022,STAGE:4,SEQUENCE:1234,DATA:{'time': 1723588205.874, 'user-id': '1022', 'source': 'HAI Interface', 'destination-index': '3', 'study-stage': '4', 'decision-state': 0, 'vitals-state': '1', 'airspace-state': 0, 'data': {'action': 'receive button pressed'}}
INFO:root:1723588205.881336,ID:1022,STAGE:4,SEQUENCE:1234,DATA:{'time': 1723588205.875, 'user-id': '1022', 'source': 'HAI Interface', 'destination-index': '3', 'study-stage': '4', 'decision-state': 0, 'vitals-state': '1', 'airspace-state': 0, 'data': {'action': 'callsign set to:[object Object]'}}
INFO:root:1723588205.885325,ID:1022,STAGE:4,SEQUENCE:1234,DATA:{'time': 1723588205.875, 'user-id': '1022', 'source': 'HAI Interface', 'destination-index': '3', 'study-stage': '4', 'decision-state': 0, 'vitals-state': '1', 'airspace-state': 0, 'data': {'action': 'radio set to:Comm2'}}
INFO:root:1723588205.890856,ID:1022,STAGE:4,SEQUENCE:1234,DATA:{'time': 1723588205.879, 'user-id': '1022', 'source': 'HAI Interface', 'destination-index': '3', 'study-stage': '4', 'decision-state': 0, 'vitals-state': '1', 'airspace-state': 0, 'data': {'action': 'MEDEVACtransmitting onComm2123.45 MHz'}}
INFO:root:1723588205.979707,ID:1022,STAGE:4,SEQUENCE:1234,DATA:{'time': 1723588205.972, 'user-id': '1022', 'source': 'HAI Interface', 'destination-index': '3', 'study-stage': '4', 'decision-state': 0, 'vitals-state': '1', 'airspace-state': 0, 'data': {'page': 'emergency', 'action': 'trying to change destination to19'}}
INFO:root:1723588210.933194,ID:1022,STAGE:4,SEQUENCE:1234,DATA:{'time': 1723588210.922, 'user-id': '1022', 'source': 'HAI Interface', 'destination-index': '3', 'study-stage': '4', 'decision-state': 0, 'vitals-state': '1', 'airspace-state': 0, 'data': {'page': 'emergency', 'action': 'trying to change destination to19'}}
INFO:root:Reroute to Old Fourth Ward radio comm response initiated
INFO:root:1723588215.946101,ID:1022,STAGE:4,SEQUENCE:1234,DATA:{'time': 1723588215.938, 'user-id': '1022', 'source': 'HAI Interface', 'destination-index': '3', 'study-stage': '4', 'decision-state': 0, 'vitals-state': '1', 'airspace-state': 0, 'data': {'page': 'emergency', 'action': 'trying to change destination to19'}}
INFO:root:1723588220.93154,ID:1022,STAGE:4,SEQUENCE:1234,DATA:{'time': 1723588220.921, 'user-id': '1022', 'source': 'HAI Interface', 'destination-index': '3', 'study-stage': '4', 'decision-state': 0, 'vitals-state': '1', 'airspace-state': 0, 'data': {'page': 'emergency', 'action': 'trying to change destination to19'}}
INFO:root:1723588225.946463,ID:1022,STAGE:4,SEQUENCE:1234,DATA:{'time': 1723588225.94, 'user-id': '1022', 'source': 'HAI Interface', 'destination-index': '3', 'study-stage': '4', 'decision-state': 0, 'vitals-state': '1', 'airspace-state': 0, 'data': {'page': 'emergency', 'action': 'trying to change destination to19'}}
INFO:root:1723588230.957586,ID:1022,STAGE:4,SEQUENCE:1234,DATA:{'time': 1723588230.945, 'user-id': '1022', 'source': 'HAI Interface', 'destination-index': '3', 'study-stage': '4', 'decision-state': 0, 'vitals-state': '1', 'airspace-state': 0, 'data': {'page': 'emergency', 'action': 'trying to change destination to19'}}
INFO:root:1723588235.979318,ID:1022,STAGE:4,SEQUENCE:1234,DATA:{'time': 1723588235.973, 'user-id': '1022', 'source': 'HAI Interface', 'destination-index': '3', 'study-stage': '4', 'decision-state': 0, 'vitals-state': '1', 'airspace-state': 0, 'data': {'page': 'emergency', 'action': 'trying to change destination to19'}}
INFO:root:1723588240.946156,ID:1022,STAGE:4,SEQUENCE:1234,DATA:{'time': 1723588240.933, 'user-id': '1022', 'source': 'HAI Interface', 'destination-index': '3', 'study-stage': '4', 'decision-state': 0, 'vitals-state': '1', 'airspace-state': 0, 'data': {'page': 'emergency', 'action': 'trying to change destination to19'}}
INFO:root:1723588245.903372,ID:1022,STAGE:4,SEQUENCE:1234,DATA:{'time': 1723588245.898, 'user-id': '1022', 'source': 'HAI Interface', 'destination-index': '3', 'study-stage': '4', 'decision-state': 0, 'vitals-state': '1', 'airspace-state': 0, 'data': {'page': 'emergency', 'action': 'trying to change destination to19'}}
INFO:root:Reroute to Old Fourth Ward radio comm done- command to clear event and make receive 0 sent
INFO:root:1723588250.93126,ID:1022,STAGE:4,SEQUENCE:1234,DATA:{'time': 1723588250.925, 'user-id': '1022', 'source': 'HAI Interface', 'destination-index': '3', 'study-stage': '4', 'decision-state': 0, 'vitals-state': '1', 'airspace-state': 0, 'data': {'page': 'emergency', 'action': 'trying to change destination to19'}}
INFO:root:1723588255.917784,ID:1022,STAGE:4,SEQUENCE:1234,DATA:{'time': 1723588255.909, 'user-id': '1022', 'source': 'HAI Interface', 'destination-index': '3', 'study-stage': '4', 'decision-state': 0, 'vitals-state': '1', 'airspace-state': 0, 'data': {'page': 'emergency', 'action': 'trying to change destination to19'}}
INFO:root:1723588260.925429,ID:1022,STAGE:4,SEQUENCE:1234,DATA:{'time': 1723588260.915, 'user-id': '1022', 'source': 'HAI Interface', 'destination-index': '3', 'study-stage': '4', 'decision-state': 0, 'vitals-state': '1', 'airspace-state': 0, 'data': {'page': 'emergency', 'action': 'trying to change destination to19'}}
INFO:root:1723588265.961713,ID:1022,STAGE:4,SEQUENCE:1234,DATA:{'time': 1723588265.956, 'user-id': '1022', 'source': 'HAI Interface', 'destination-index': '3', 'study-stage': '4', 'decision-state': 0, 'vitals-state': '1', 'airspace-state': 0, 'data': {'page': 'emergency', 'action': 'trying to change destination to19'}}
INFO:root:1723588270.953227,ID:1022,STAGE:4,SEQUENCE:1234,DATA:{'time': 1723588270.94, 'user-id': '1022', 'source': 'HAI Interface', 'destination-index': '3', 'study-stage': '4', 'decision-state': 0, 'vitals-state': '1', 'airspace-state': 0, 'data': {'page': 'emergency', 'action': 'trying to change destination to19'}}
INFO:root:1723588275.931615,ID:1022,STAGE:4,SEQUENCE:1234,DATA:{'time': 1723588275.918, 'user-id': '1022', 'source': 'HAI Interface', 'destination-index': '3', 'study-stage': '4', 'decision-state': 0, 'vitals-state': '1', 'airspace-state': 0, 'data': {'page': 'emergency', 'action': 'trying to change destination to19'}}
INFO:root:1723588280.981665,ID:1022,STAGE:4,SEQUENCE:1234,DATA:{'time': 1723588280.968, 'user-id': '1022', 'source': 'HAI Interface', 'destination-index': '3', 'study-stage': '4', 'decision-state': 0, 'vitals-state': '1', 'airspace-state': 0, 'data': {'page': 'emergency', 'action': 'trying to change destination to19'}}
INFO:root:1723588285.98438,ID:1022,STAGE:4,SEQUENCE:1234,DATA:{'time': 1723588285.976, 'user-id': '1022', 'source': 'HAI Interface', 'destination-index': '3', 'study-stage': '4', 'decision-state': 0, 'vitals-state': '0', 'airspace-state': 0, 'data': {'page': 'emergency', 'action': 'trying to change destination to19'}}
INFO:root:1723588290.965687,ID:1022,STAGE:4,SEQUENCE:1234,DATA:{'time': 1723588290.953, 'user-id': '1022', 'source': 'HAI Interface', 'destination-index': '3', 'study-stage': '4', 'decision-state': 0, 'vitals-state': '0', 'airspace-state': 0, 'data': {'page': 'emergency', 'action': 'trying to change destination to19'}}
INFO:root:1723588296.041769,ID:1022,STAGE:4,SEQUENCE:1234,DATA:{'time': 1723588296.029, 'user-id': '1022', 'source': 'HAI Interface', 'destination-index': '3', 'study-stage': '4', 'decision-state': 0, 'vitals-state': '0', 'airspace-state': 0, 'data': {'page': 'emergency', 'action': 'trying to change destination to19'}}
INFO:root:1723588300.980467,ID:1022,STAGE:4,SEQUENCE:1234,DATA:{'time': 1723588300.973, 'user-id': '1022', 'source': 'HAI Interface', 'destination-index': '3', 'study-stage': '4', 'decision-state': 0, 'vitals-state': '0', 'airspace-state': 0, 'data': {'page': 'emergency', 'action': 'trying to change destination to19'}}
INFO:root:Inflight Radio Update asked
INFO:root:sent request to set radio update complete
INFO:root:1723588306.034744,ID:1022,STAGE:4,SEQUENCE:1234,DATA:{'time': 1723588306.025, 'user-id': '1022', 'source': 'HAI Interface', 'destination-index': '3', 'study-stage': '4', 'decision-state': 0, 'vitals-state': '0', 'airspace-state': 0, 'data': {'page': 'emergency', 'action': 'trying to change destination to19'}}
INFO:root:1723588306.576467,ID:1022,STAGE:4,SEQUENCE:1234,DATA:{'time': 1723588306.564, 'user-id': '1022', 'source': 'HAI Interface', 'destination-index': '3', 'study-stage': '4', 'decision-state': 0, 'vitals-state': '0', 'airspace-state': 0, 'data': {'action': 'transmit button pressed'}}
INFO:root:1723588306.577464,ID:1022,STAGE:4,SEQUENCE:1234,DATA:{'time': 1723588306.564, 'user-id': '1022', 'source': 'HAI Interface', 'destination-index': '3', 'study-stage': '4', 'decision-state': 0, 'vitals-state': '0', 'airspace-state': 0, 'data': {'action': 'callsign set to: + NASXGS'}}
INFO:root:1723588310.951198,ID:1022,STAGE:4,SEQUENCE:1234,DATA:{'time': 1723588310.942, 'user-id': '1022', 'source': 'HAI Interface', 'destination-index': '3', 'study-stage': '4', 'decision-state': 0, 'vitals-state': '0', 'airspace-state': 0, 'data': {'page': 'emergency', 'action': 'trying to change destination to19'}}
INFO:root:1723588315.977696,ID:1022,STAGE:4,SEQUENCE:1234,DATA:{'time': 1723588315.972, 'user-id': '1022', 'source': 'HAI Interface', 'destination-index': '3', 'study-stage': '4', 'decision-state': 0, 'vitals-state': '0', 'airspace-state': 0, 'data': {'page': 'emergency', 'action': 'trying to change destination to19'}}
INFO:root:1723588321.011922,ID:1022,STAGE:4,SEQUENCE:1234,DATA:{'time': 1723588321.007, 'user-id': '1022', 'source': 'HAI Interface', 'destination-index': '3', 'study-stage': '4', 'decision-state': 0, 'vitals-state': '0', 'airspace-state': 0, 'data': {'page': 'emergency', 'action': 'trying to change destination to19'}}
INFO:root:1723588321.146239,ID:1022,STAGE:4,SEQUENCE:1234,DATA:{'time': 1723588321.135, 'user-id': 'none', 'source': 'HAI Interface', 'destination-index': 3, 'study-stage': -1, 'decision-state': 0, 'vitals-state': 0, 'airspace-state': 0, 'data': {'page': 'checklist', 'action': 'opened page', 'inflight': True}}
INFO:root:1723588322.11225,ID:1022,STAGE:4,SEQUENCE:1234,DATA:{'time': 1723588322.108, 'user-id': '1022', 'source': 'HAI Interface', 'destination-index': '3', 'study-stage': '4', 'decision-state': 0, 'vitals-state': '0', 'airspace-state': 0, 'data': {'page': 'map', 'action': 'selected helipad', 'value': '21'}}
INFO:root:1723588327.327182,ID:1022,STAGE:4,SEQUENCE:1234,DATA:{'time': 1723588327.322, 'user-id': '1022', 'source': 'HAI Interface', 'destination-index': '3', 'study-stage': '4', 'decision-state': 0, 'vitals-state': '0', 'airspace-state': 0, 'data': {'page': 'checklist', 'action': 'toggled checkbox', 'inflight': True, 'item': 0, 'value': 'OFF'}}
INFO:root:1723588327.585156,ID:1022,STAGE:4,SEQUENCE:1234,DATA:{'time': 1723588327.58, 'user-id': '1022', 'source': 'HAI Interface', 'destination-index': '3', 'study-stage': '4', 'decision-state': 0, 'vitals-state': '0', 'airspace-state': 0, 'data': {'page': 'checklist', 'action': 'toggled checkbox', 'inflight': True, 'item': 1, 'value': 'OFF'}}
INFO:root:1723588327.889594,ID:1022,STAGE:4,SEQUENCE:1234,DATA:{'time': 1723588327.884, 'user-id': '1022', 'source': 'HAI Interface', 'destination-index': '3', 'study-stage': '4', 'decision-state': 0, 'vitals-state': '0', 'airspace-state': 0, 'data': {'page': 'checklist', 'action': 'toggled checkbox', 'inflight': True, 'item': 2, 'value': 'OFF'}}
INFO:root:1723588327.892105,ID:1022,STAGE:4,SEQUENCE:1234,DATA:{'time': 1723588327.885, 'user-id': '1022', 'source': 'HAI Interface', 'destination-index': '3', 'study-stage': '4', 'decision-state': 0, 'vitals-state': '0', 'airspace-state': 0, 'data': {'page': 'checklist', 'action': 'showing confirm button', 'inflight': True}}
INFO:root:1723588329.082047,ID:1022,STAGE:4,SEQUENCE:1234,DATA:{'time': 1723588329.077, 'user-id': '1022', 'source': 'HAI Interface', 'destination-index': '3', 'study-stage': '4', 'decision-state': 0, 'vitals-state': '0', 'airspace-state': 0, 'data': {'page': 'checklist', 'action': 'confirm button clicked', 'inflight': True}}
INFO:root:1723588329.408868,ID:1022,STAGE:4,SEQUENCE:1234,DATA:{'time': 1723588329.39, 'user-id': 'none', 'source': 'HAI Interface', 'destination-index': 3, 'study-stage': -1, 'decision-state': 0, 'vitals-state': 0, 'airspace-state': 0, 'data': {'page': 'landing-confirmation', 'action': 'opened page'}}
INFO:root:1723588329.411712,ID:1022,STAGE:4,SEQUENCE:1234,DATA:{'time': 1723588329.391, 'user-id': 'none', 'source': 'HAI Interface', 'destination-index': 3, 'study-stage': -1, 'decision-state': 0, 'vitals-state': 0, 'airspace-state': 0, 'data': {'page': 'landing-confirmation', 'action': 'showing helipad confirm', 'value': 1}}
INFO:root:1723588330.371554,ID:1022,STAGE:4,SEQUENCE:1234,DATA:{'time': 1723588330.366, 'user-id': '1022', 'source': 'HAI Interface', 'destination-index': '3', 'study-stage': '4', 'decision-state': 0, 'vitals-state': '0', 'airspace-state': 0, 'data': {'page': 'map', 'action': 'selected helipad', 'value': '21'}}
INFO:root:1723588331.008337,ID:1022,STAGE:4,SEQUENCE:1234,DATA:{'time': 1723588331.003, 'user-id': '1022', 'source': 'HAI Interface', 'destination-index': '3', 'study-stage': '4', 'decision-state': 0, 'vitals-state': '0', 'airspace-state': 0, 'data': {'page': 'landing-confirmation', 'action': 'checkbox toggle', 'item': 0, 'value': 'ON'}}
INFO:root:1723588331.249076,ID:1022,STAGE:4,SEQUENCE:1234,DATA:{'time': 1723588331.245, 'user-id': '1022', 'source': 'HAI Interface', 'destination-index': '3', 'study-stage': '4', 'decision-state': 0, 'vitals-state': '0', 'airspace-state': 0, 'data': {'page': 'landing-confirmation', 'action': 'checkbox toggle', 'item': 1, 'value': 'ON'}}
INFO:root:1723588338.097388,ID:1022,STAGE:4,SEQUENCE:1234,DATA:{'time': 1723588338.092, 'user-id': '1022', 'source': 'HAI Interface', 'destination-index': '3', 'study-stage': '4', 'decision-state': 0, 'vitals-state': '0', 'airspace-state': 0, 'data': {'page': 'landing-confirmation', 'action': 'confirmed safe to land'}}
INFO:root:1723588338.101377,ID:1022,STAGE:4,SEQUENCE:1234,DATA:{'time': 1723588338.092, 'user-id': '1022', 'source': 'HAI Interface', 'destination-index': '3', 'study-stage': '4', 'decision-state': 0, 'vitals-state': '0', 'airspace-state': 0, 'data': {'page': 'landing-confirmation', 'action': 'showing helipad ready'}}
INFO:root:1723588339.597873,ID:1022,STAGE:4,SEQUENCE:1234,DATA:{'time': 1723588339.593, 'user-id': '1022', 'source': 'HAI Interface', 'destination-index': '3', 'study-stage': '4', 'decision-state': 0, 'vitals-state': '0', 'airspace-state': 0, 'data': {'page': 'landing-confirmation', 'action': 'gave landing confirmation'}}
INFO:root:1723588339.747944,ID:1022,STAGE:4,SEQUENCE:1234,DATA:{'time': 1723588339.722, 'user-id': 'none', 'source': 'HAI Interface', 'destination-index': 3, 'study-stage': -1, 'decision-state': 0, 'vitals-state': 0, 'airspace-state': 0, 'data': {'page': 'landing-countdown', 'action': 'opened page'}}
INFO:root:1723588340.694664,ID:1022,STAGE:4,SEQUENCE:1234,DATA:{'time': 1723588340.69, 'user-id': '1022', 'source': 'HAI Interface', 'destination-index': '3', 'study-stage': '4', 'decision-state': '1', 'vitals-state': '0', 'airspace-state': 0, 'data': {'page': 'map', 'action': 'selected helipad', 'value': '21'}}
INFO:root:1723588340.73086,ID:1022,STAGE:4,SEQUENCE:1234,DATA:{'time': 1723588340.726, 'user-id': '1022', 'source': 'HAI Interface', 'destination-index': '3', 'study-stage': '4', 'decision-state': '1', 'vitals-state': '0', 'airspace-state': 0, 'data': {'page': 'landing-countdown', 'action': 'countdown changed', 'value': 5}}
INFO:root:1723588341.736054,ID:1022,STAGE:4,SEQUENCE:1234,DATA:{'time': 1723588341.73, 'user-id': '1022', 'source': 'HAI Interface', 'destination-index': '3', 'study-stage': '4', 'decision-state': '1', 'vitals-state': '0', 'airspace-state': 0, 'data': {'page': 'landing-countdown', 'action': 'countdown changed', 'value': 4}}
INFO:root:1723588342.732196,ID:1022,STAGE:4,SEQUENCE:1234,DATA:{'time': 1723588342.726, 'user-id': '1022', 'source': 'HAI Interface', 'destination-index': '3', 'study-stage': '4', 'decision-state': '1', 'vitals-state': '0', 'airspace-state': 0, 'data': {'page': 'landing-countdown', 'action': 'countdown changed', 'value': 3}}
INFO:root:1723588343.732369,ID:1022,STAGE:4,SEQUENCE:1234,DATA:{'time': 1723588343.727, 'user-id': '1022', 'source': 'HAI Interface', 'destination-index': '3', 'study-stage': '4', 'decision-state': '1', 'vitals-state': '0', 'airspace-state': 0, 'data': {'page': 'landing-countdown', 'action': 'countdown changed', 'value': 2}}
INFO:root:1723588344.734801,ID:1022,STAGE:4,SEQUENCE:1234,DATA:{'time': 1723588344.73, 'user-id': '1022', 'source': 'HAI Interface', 'destination-index': '3', 'study-stage': '4', 'decision-state': '1', 'vitals-state': '0', 'airspace-state': 0, 'data': {'page': 'landing-countdown', 'action': 'countdown changed', 'value': 1}}
INFO:root:1723588345.738091,ID:1022,STAGE:4,SEQUENCE:1234,DATA:{'time': 1723588345.732, 'user-id': '1022', 'source': 'HAI Interface', 'destination-index': '3', 'study-stage': '4', 'decision-state': '1', 'vitals-state': '0', 'airspace-state': 0, 'data': {'page': 'landing-countdown', 'action': 'countdown changed', 'value': 0}}
INFO:root:1723588346.737571,ID:1022,STAGE:4,SEQUENCE:1234,DATA:{'time': 1723588346.732, 'user-id': '1022', 'source': 'HAI Interface', 'destination-index': '3', 'study-stage': '4', 'decision-state': '1', 'vitals-state': '0', 'airspace-state': 0, 'data': {'page': 'landing-countdown', 'action': 'countdown complete'}}
INFO:root:1723588346.884627,ID:1022,STAGE:4,SEQUENCE:1234,DATA:{'time': 1723588346.862, 'user-id': 'none', 'source': 'HAI Interface', 'destination-index': 3, 'study-stage': -1, 'decision-state': 0, 'vitals-state': 0, 'airspace-state': 0, 'data': {'page': 'landed', 'action': 'opened page'}}
INFO:root:1723588347.835778,ID:1022,STAGE:4,SEQUENCE:1234,DATA:{'time': 1723588347.831, 'user-id': '1022', 'source': 'HAI Interface', 'destination-index': '3', 'study-stage': '4', 'decision-state': '1', 'vitals-state': '0', 'airspace-state': 0, 'data': {'page': 'map', 'action': 'selected helipad', 'value': '21'}}
INFO:SimConnect.SimConnect:SIM Paused
INFO:SimConnect.SimConnect:SIM Paused
INFO:SimConnect.SimConnect:SIM Paused
INFO:SimConnect.SimConnect:SIM Paused
INFO:SimConnect.SimConnect:SIM Stop
INFO:SimConnect.SimConnect:SIM Stop
INFO:SimConnect.SimConnect:SIM START
INFO:SimConnect.SimConnect:SIM START
INFO:SimConnect.SimConnect:SIM Stop
INFO:SimConnect.SimConnect:SIM Stop
INFO:SimConnect.SimConnect:SIM START
INFO:SimConnect.SimConnect:SIM START
INFO:SimConnect.SimConnect:SIM Unpaused
INFO:SimConnect.SimConnect:SIM Unpaused
INFO:SimConnect.SimConnect:SIM OPEN
