INFO:root:1723585213.022852,ID:1022,STAGE:1,SEQUENCE:1234,DATA:{'time': 1723585213.019, 'user-id': '1022', 'source': 'HAI Interface', 'destination-index': 'None', 'study-stage': '1', 'decision-state': 0, 'vitals-state': 0, 'airspace-state': 0, 'data': {'page': 'index', 'action': 'confirm button pressed'}}
INFO:root:1723585213.118639,ID:1022,STAGE:1,SEQUENCE:1234,DATA:{'time': 1723585213.112, 'user-id': 'none', 'source': 'HAI Interface', 'destination-index': 3, 'study-stage': -1, 'decision-state': 0, 'vitals-state': 0, 'airspace-state': 0, 'data': {'page': 'location', 'action': 'opened page'}}
INFO:root:Takeoff radiocomms initiated
INFO:comtypes.client._code_cache:Imported existing <module 'comtypes.gen' from 'C:\\Users\\ae-dagbeyibor3\\AppData\\Local\\Programs\\Python\\Python312\\Lib\\site-packages\\comtypes\\gen\\__init__.py'>
INFO:comtypes.client._code_cache:Using writeable comtypes cache directory: 'C:\Users\ae-dagbeyibor3\AppData\Local\Programs\Python\Python312\Lib\site-packages\comtypes\gen'
INFO:root:1723585214.08594,ID:1022,STAGE:1,SEQUENCE:1234,DATA:{'time': 1723585214.083, 'user-id': '1022', 'source': 'HAI Interface', 'destination-index': 'None', 'study-stage': '1', 'decision-state': 0, 'vitals-state': 0, 'airspace-state': 0, 'data': {'page': 'map', 'action': 'selected helipad', 'value': '21'}}
INFO:root:Takeoff radiocomms clear request sent
INFO:root:1723585238.75685,ID:1022,STAGE:1,SEQUENCE:1234,DATA:{'time': 1723585238.753, 'user-id': '1022', 'source': 'HAI Interface', 'destination-index': 'None', 'study-stage': '1', 'decision-state': 0, 'vitals-state': 0, 'airspace-state': 0, 'data': {'page': 'location', 'action': 'confirm button pressed'}}
INFO:root:1723585238.960145,ID:1022,STAGE:1,SEQUENCE:1234,DATA:{'time': 1723585238.95, 'user-id': 'none', 'source': 'HAI Interface', 'destination-index': 3, 'study-stage': -1, 'decision-state': 0, 'vitals-state': 0, 'airspace-state': 0, 'data': {'page': 'checklist', 'action': 'opened page', 'inflight': False}}
INFO:root:1723585239.937611,ID:1022,STAGE:1,SEQUENCE:1234,DATA:{'time': 1723585239.933, 'user-id': '1022', 'source': 'HAI Interface', 'destination-index': '3', 'study-stage': '1', 'decision-state': 0, 'vitals-state': 0, 'airspace-state': 0, 'data': {'page': 'map', 'action': 'selected helipad', 'value': '21'}}
INFO:root:1723585240.880223,ID:1022,STAGE:1,SEQUENCE:1234,DATA:{'time': 1723585240.876, 'user-id': '1022', 'source': 'HAI Interface', 'destination-index': '3', 'study-stage': '1', 'decision-state': 0, 'vitals-state': 0, 'airspace-state': 0, 'data': {'page': 'checklist', 'action': 'toggled checkbox', 'inflight': False, 'item': 0, 'value': 'OFF'}}
INFO:root:1723585241.418596,ID:1022,STAGE:1,SEQUENCE:1234,DATA:{'time': 1723585241.415, 'user-id': '1022', 'source': 'HAI Interface', 'destination-index': '3', 'study-stage': '1', 'decision-state': 0, 'vitals-state': 0, 'airspace-state': 0, 'data': {'page': 'checklist', 'action': 'toggled checkbox', 'inflight': False, 'item': 1, 'value': 'OFF'}}
INFO:root:1723585242.175429,ID:1022,STAGE:1,SEQUENCE:1234,DATA:{'time': 1723585242.171, 'user-id': '1022', 'source': 'HAI Interface', 'destination-index': '3', 'study-stage': '1', 'decision-state': 0, 'vitals-state': 0, 'airspace-state': 0, 'data': {'page': 'checklist', 'action': 'toggled checkbox', 'inflight': False, 'item': 2, 'value': 'OFF'}}
INFO:root:1723585242.177424,ID:1022,STAGE:1,SEQUENCE:1234,DATA:{'time': 1723585242.172, 'user-id': '1022', 'source': 'HAI Interface', 'destination-index': '3', 'study-stage': '1', 'decision-state': 0, 'vitals-state': 0, 'airspace-state': 0, 'data': {'page': 'checklist', 'action': 'showing confirm button', 'inflight': False}}
INFO:root:1723585243.282427,ID:1022,STAGE:1,SEQUENCE:1234,DATA:{'time': 1723585243.279, 'user-id': '1022', 'source': 'HAI Interface', 'destination-index': '3', 'study-stage': '1', 'decision-state': 0, 'vitals-state': 0, 'airspace-state': 0, 'data': {'page': 'checklist', 'action': 'confirm button clicked', 'inflight': False}}
INFO:root:1723585243.382604,ID:1022,STAGE:1,SEQUENCE:1234,DATA:{'time': 1723585243.369, 'user-id': 'none', 'source': 'HAI Interface', 'destination-index': 3, 'study-stage': -1, 'decision-state': 0, 'vitals-state': 0, 'airspace-state': 0, 'data': {'page': 'countdown', 'action': 'opened page'}}
INFO:root:1723585244.340603,ID:1022,STAGE:1,SEQUENCE:1234,DATA:{'time': 1723585244.336, 'user-id': '1022', 'source': 'HAI Interface', 'destination-index': '3', 'study-stage': '1', 'decision-state': 0, 'vitals-state': 0, 'airspace-state': 0, 'data': {'page': 'map', 'action': 'selected helipad', 'value': '21'}}
INFO:root:1723585244.382854,ID:1022,STAGE:1,SEQUENCE:1234,DATA:{'time': 1723585244.378, 'user-id': '1022', 'source': 'HAI Interface', 'destination-index': '3', 'study-stage': '1', 'decision-state': 0, 'vitals-state': 0, 'airspace-state': 0, 'data': {'page': 'countdown', 'action': 'countdown now 4'}}
INFO:root:1723585245.38438,ID:1022,STAGE:1,SEQUENCE:1234,DATA:{'time': 1723585245.38, 'user-id': '1022', 'source': 'HAI Interface', 'destination-index': '3', 'study-stage': '1', 'decision-state': 0, 'vitals-state': 0, 'airspace-state': 0, 'data': {'page': 'countdown', 'action': 'countdown now 3'}}
INFO:root:1723585246.385074,ID:1022,STAGE:1,SEQUENCE:1234,DATA:{'time': 1723585246.38, 'user-id': '1022', 'source': 'HAI Interface', 'destination-index': '3', 'study-stage': '1', 'decision-state': 0, 'vitals-state': 0, 'airspace-state': 0, 'data': {'page': 'countdown', 'action': 'countdown now 2'}}
INFO:root:1723585247.38719,ID:1022,STAGE:1,SEQUENCE:1234,DATA:{'time': 1723585247.383, 'user-id': '1022', 'source': 'HAI Interface', 'destination-index': '3', 'study-stage': '1', 'decision-state': 0, 'vitals-state': 0, 'airspace-state': 0, 'data': {'page': 'countdown', 'action': 'countdown now 1'}}
INFO:root:1723585248.374253,ID:1022,STAGE:1,SEQUENCE:1234,DATA:{'time': 1723585248.371, 'user-id': '1022', 'source': 'HAI Interface', 'destination-index': '3', 'study-stage': '1', 'decision-state': 0, 'vitals-state': 0, 'airspace-state': 0, 'data': {'page': 'countdown', 'action': 'countdown now 0'}}
INFO:root:1723585249.378259,ID:1022,STAGE:1,SEQUENCE:1234,DATA:{'time': 1723585249.373, 'user-id': '1022', 'source': 'HAI Interface', 'destination-index': '3', 'study-stage': '1', 'decision-state': 0, 'vitals-state': 0, 'airspace-state': 0, 'data': {'page': 'countdown', 'action': 'countdown complete'}}
INFO:root:1723585250.722589,ID:1022,STAGE:1,SEQUENCE:1234,DATA:{'time': 1723585250.718, 'user-id': '1022', 'source': 'HAI Interface', 'destination-index': '3', 'study-stage': '1', 'decision-state': 0, 'vitals-state': 0, 'airspace-state': 0, 'data': {'page': 'map', 'action': 'selected helipad', 'value': '21'}}
INFO:root:1723585254.942609,ID:1022,STAGE:1,SEQUENCE:1234,DATA:{'time': 1723585254.937, 'user-id': '1022', 'source': 'HAI Interface', 'destination-index': '3', 'study-stage': '1', 'decision-state': 0, 'vitals-state': 0, 'airspace-state': 0, 'data': {'page': 'emergency', 'action': 'trying to change destination to100'}}
INFO:root:Inflight Radio Update asked
INFO:root:sent request to set radio update complete
INFO:root:1723585259.945753,ID:1022,STAGE:1,SEQUENCE:1234,DATA:{'time': 1723585259.939, 'user-id': '1022', 'source': 'HAI Interface', 'destination-index': '3', 'study-stage': '1', 'decision-state': 0, 'vitals-state': 0, 'airspace-state': 0, 'data': {'page': 'emergency', 'action': 'trying to change destination to19'}}
INFO:root:1723585264.962349,ID:1022,STAGE:1,SEQUENCE:1234,DATA:{'time': 1723585264.956, 'user-id': '1022', 'source': 'HAI Interface', 'destination-index': '3', 'study-stage': '1', 'decision-state': 0, 'vitals-state': 0, 'airspace-state': 0, 'data': {'page': 'emergency', 'action': 'trying to change destination to19'}}
INFO:root:1723585269.931676,ID:1022,STAGE:1,SEQUENCE:1234,DATA:{'time': 1723585269.927, 'user-id': '1022', 'source': 'HAI Interface', 'destination-index': '3', 'study-stage': '1', 'decision-state': 0, 'vitals-state': 0, 'airspace-state': 0, 'data': {'page': 'emergency', 'action': 'trying to change destination to19'}}
INFO:root:1723585274.327863,ID:1022,STAGE:1,SEQUENCE:1234,DATA:{'time': 1723585274.324, 'user-id': '1022', 'source': 'HAI Interface', 'destination-index': '3', 'study-stage': '1', 'decision-state': 0, 'vitals-state': 0, 'airspace-state': 0, 'data': {'action': 'radio panel opened'}}
INFO:root:1723585274.974946,ID:1022,STAGE:1,SEQUENCE:1234,DATA:{'time': 1723585274.97, 'user-id': '1022', 'source': 'HAI Interface', 'destination-index': '3', 'study-stage': '1', 'decision-state': 0, 'vitals-state': 0, 'airspace-state': 0, 'data': {'page': 'emergency', 'action': 'trying to change destination to19'}}
INFO:root:1723585279.907501,ID:1022,STAGE:1,SEQUENCE:1234,DATA:{'time': 1723585279.901, 'user-id': '1022', 'source': 'HAI Interface', 'destination-index': '3', 'study-stage': '1', 'decision-state': 0, 'vitals-state': 0, 'airspace-state': 0, 'data': {'page': 'emergency', 'action': 'trying to change destination to19'}}
INFO:root:1723585284.909997,ID:1022,STAGE:1,SEQUENCE:1234,DATA:{'time': 1723585284.903, 'user-id': '1022', 'source': 'HAI Interface', 'destination-index': '3', 'study-stage': '1', 'decision-state': 0, 'vitals-state': 0, 'airspace-state': 0, 'data': {'page': 'emergency', 'action': 'trying to change destination to19'}}
INFO:root:1723585288.329839,ID:1022,STAGE:1,SEQUENCE:1234,DATA:{'time': 1723585288.326, 'user-id': '1022', 'source': 'HAI Interface', 'destination-index': '3', 'study-stage': '1', 'decision-state': 0, 'vitals-state': 0, 'airspace-state': 0, 'data': {'action': 'transmit button pressed'}}
INFO:root:1723585288.332988,ID:1022,STAGE:1,SEQUENCE:1234,DATA:{'time': 1723585288.327, 'user-id': '1022', 'source': 'HAI Interface', 'destination-index': '3', 'study-stage': '1', 'decision-state': 0, 'vitals-state': 0, 'airspace-state': 0, 'data': {'action': 'callsign set to: + NASXGS'}}
INFO:root:1723585288.333986,ID:1022,STAGE:1,SEQUENCE:1234,DATA:{'time': 1723585288.327, 'user-id': '1022', 'source': 'HAI Interface', 'destination-index': '3', 'study-stage': '1', 'decision-state': 0, 'vitals-state': 0, 'airspace-state': 0, 'data': {'action': 'radio set to:Comm1'}}
INFO:root:1723585288.336487,ID:1022,STAGE:1,SEQUENCE:1234,DATA:{'time': 1723585288.327, 'user-id': '1022', 'source': 'HAI Interface', 'destination-index': '3', 'study-stage': '1', 'decision-state': 0, 'vitals-state': 0, 'airspace-state': 0, 'data': {'page': 'map', 'action': 'show map'}}
INFO:root:1723585288.338569,ID:1022,STAGE:1,SEQUENCE:1234,DATA:{'time': 1723585288.328, 'user-id': '1022', 'source': 'HAI Interface', 'destination-index': '3', 'study-stage': '1', 'decision-state': 0, 'vitals-state': 0, 'airspace-state': 0, 'data': {'page': 'map', 'action': 'selected helipad', 'value': '21'}}
INFO:root:1723585288.340649,ID:1022,STAGE:1,SEQUENCE:1234,DATA:{'time': 1723585288.335, 'user-id': '1022', 'source': 'HAI Interface', 'destination-index': '3', 'study-stage': '1', 'decision-state': 0, 'vitals-state': 0, 'airspace-state': 0, 'data': {'action': 'NASXGStransmitting updates onComm1123.45 MHz'}}
INFO:root:1723585289.909755,ID:1022,STAGE:1,SEQUENCE:1234,DATA:{'time': 1723585289.904, 'user-id': '1022', 'source': 'HAI Interface', 'destination-index': '3', 'study-stage': '1', 'decision-state': 0, 'vitals-state': 0, 'airspace-state': 0, 'data': {'page': 'emergency', 'action': 'trying to change destination to19'}}
INFO:root:1723585294.924063,ID:1022,STAGE:1,SEQUENCE:1234,DATA:{'time': 1723585294.917, 'user-id': '1022', 'source': 'HAI Interface', 'destination-index': '3', 'study-stage': '1', 'decision-state': 0, 'vitals-state': 0, 'airspace-state': 0, 'data': {'page': 'emergency', 'action': 'trying to change destination to19'}}
INFO:root:1723585299.922387,ID:1022,STAGE:1,SEQUENCE:1234,DATA:{'time': 1723585299.916, 'user-id': '1022', 'source': 'HAI Interface', 'destination-index': '3', 'study-stage': '1', 'decision-state': 0, 'vitals-state': 0, 'airspace-state': 0, 'data': {'page': 'emergency', 'action': 'trying to change destination to19'}}
INFO:root:1723585303.169537,ID:1022,STAGE:1,SEQUENCE:1234,DATA:{'time': 1723585303.165, 'user-id': '1022', 'source': 'HAI Interface', 'destination-index': '3', 'study-stage': '1', 'decision-state': 0, 'vitals-state': 0, 'airspace-state': 0, 'data': {'page': 'inflight', 'action': 'displaying vitals prompt'}}
INFO:root:1723585304.897066,ID:1022,STAGE:1,SEQUENCE:1234,DATA:{'time': 1723585304.889, 'user-id': '1022', 'source': 'HAI Interface', 'destination-index': '3', 'study-stage': '1', 'decision-state': 0, 'vitals-state': 0, 'airspace-state': 0, 'data': {'page': 'emergency', 'action': 'trying to change destination to19'}}
INFO:root:1723585307.094683,ID:1022,STAGE:1,SEQUENCE:1234,DATA:{'time': 1723585307.091, 'user-id': '1022', 'source': 'HAI Interface', 'destination-index': '3', 'study-stage': '1', 'decision-state': 0, 'vitals-state': 0, 'airspace-state': 0, 'data': {'page': 'map', 'action': 'hide map'}}
INFO:root:1723585309.892928,ID:1022,STAGE:1,SEQUENCE:1234,DATA:{'time': 1723585309.888, 'user-id': '1022', 'source': 'HAI Interface', 'destination-index': '3', 'study-stage': '1', 'decision-state': 0, 'vitals-state': 0, 'airspace-state': 0, 'data': {'page': 'emergency', 'action': 'trying to change destination to19'}}
INFO:root:1723585314.91936,ID:1022,STAGE:1,SEQUENCE:1234,DATA:{'time': 1723585314.914, 'user-id': '1022', 'source': 'HAI Interface', 'destination-index': '3', 'study-stage': '1', 'decision-state': 0, 'vitals-state': 0, 'airspace-state': 0, 'data': {'page': 'emergency', 'action': 'trying to change destination to19'}}
INFO:root:1723585315.993657,ID:1022,STAGE:1,SEQUENCE:1234,DATA:{'time': 1723585315.995, 'source': 'VitalsTask', 'timer': 1922.149, 'data': {'sensor': 'Blood Pressure', 'action': 'capture', 'data': 'action button pressed'}}
INFO:root:1723585315.994654,ID:1022,STAGE:1,SEQUENCE:1234,DATA:{'time': 1723585315.996, 'source': 'VitalsTask', 'timer': 1922.15, 'data': {'sensor': 'Blood Pressure', 'action': 'capture', 'data': 'starting sensor action'}}
INFO:root:1723585317.006251,ID:1022,STAGE:1,SEQUENCE:1234,DATA:{'time': 1723585317.008, 'source': 'VitalsTask', 'timer': 1923.162, 'data': {'sensor': 'Blood Pressure', 'action': 'capture', 'data': 'sensor action complete'}}
INFO:root:1723585317.007248,ID:1022,STAGE:1,SEQUENCE:1234,DATA:{'time': 1723585317.008, 'source': 'VitalsTask', 'timer': 1923.162, 'data': {'sensor': 'Blood Pressure', 'action': 'keypad open'}}
INFO:root:1723585319.963376,ID:1022,STAGE:1,SEQUENCE:1234,DATA:{'time': 1723585319.958, 'user-id': '1022', 'source': 'HAI Interface', 'destination-index': '3', 'study-stage': '1', 'decision-state': 0, 'vitals-state': 0, 'airspace-state': 0, 'data': {'page': 'emergency', 'action': 'trying to change destination to19'}}
INFO:root:1723585321.198396,ID:1022,STAGE:1,SEQUENCE:1234,DATA:{'time': 1723585321.2, 'source': 'VitalsTask', 'timer': 1927.354, 'data': {'sensor': 'Blood Pressure', 'action': 'keypad press', 'key': 1, 'value': 1}}
INFO:root:1723585322.174103,ID:1022,STAGE:1,SEQUENCE:1234,DATA:{'time': 1723585322.174, 'source': 'VitalsTask', 'timer': 1928.328, 'data': {'sensor': 'Blood Pressure', 'action': 'keypad press', 'key': 2, 'value': 12}}
INFO:root:1723585323.656136,ID:1022,STAGE:1,SEQUENCE:1234,DATA:{'time': 1723585323.656, 'source': 'VitalsTask', 'timer': 1929.81, 'data': {'sensor': 'Blood Pressure', 'action': 'keypad press', 'key': 11, 'value': 120}}
INFO:root:1723585324.59484,ID:1022,STAGE:1,SEQUENCE:1234,DATA:{'time': 1723585324.596, 'source': 'VitalsTask', 'timer': 1930.75, 'data': {'sensor': 'Blood Pressure', 'action': 'keypad press', 'key': 8, 'value': 1208}}
INFO:root:1723585324.904609,ID:1022,STAGE:1,SEQUENCE:1234,DATA:{'time': 1723585324.898, 'user-id': '1022', 'source': 'HAI Interface', 'destination-index': '3', 'study-stage': '1', 'decision-state': 0, 'vitals-state': 0, 'airspace-state': 0, 'data': {'page': 'emergency', 'action': 'trying to change destination to19'}}
INFO:root:1723585325.621901,ID:1022,STAGE:1,SEQUENCE:1234,DATA:{'time': 1723585325.62, 'source': 'VitalsTask', 'timer': 1931.774, 'data': {'sensor': 'Blood Pressure', 'action': 'keypad press', 'key': 11, 'value': 12080}}
INFO:root:1723585326.872622,ID:1022,STAGE:1,SEQUENCE:1234,DATA:{'time': 1723585326.874, 'source': 'VitalsTask', 'timer': 1933.028, 'data': {'sensor': 'Blood Pressure', 'action': 'show action buttons'}}
INFO:root:1723585326.87362,ID:1022,STAGE:1,SEQUENCE:1234,DATA:{'time': 1723585326.874, 'source': 'VitalsTask', 'timer': 1933.028, 'data': {'sensor': 'Blood Pressure', 'action': 'keypad press', 'key': 10, 'value': 12080}}
INFO:root:1723585328.267806,ID:1022,STAGE:1,SEQUENCE:1234,DATA:{'time': 1723585328.268, 'source': 'VitalsTask', 'timer': 1934.422, 'data': {'sensor': 'Blood Pressure', 'action': 'log', 'data': 'action button pressed'}}
INFO:root:1723585328.270773,ID:1022,STAGE:1,SEQUENCE:1234,DATA:{'time': 1723585328.268, 'source': 'VitalsTask', 'timer': 1934.422, 'data': {'sensor': 'Blood Pressure', 'action': 'log', 'data': 'starting sensor action'}}
INFO:root:1723585329.282503,ID:1022,STAGE:1,SEQUENCE:1234,DATA:{'time': 1723585329.283, 'source': 'VitalsTask', 'timer': 1935.437, 'data': {'sensor': 'Blood Pressure', 'action': 'log', 'data': 'sensor action complete'}}
INFO:root:1723585329.875615,ID:1022,STAGE:1,SEQUENCE:1234,DATA:{'time': 1723585329.871, 'user-id': '1022', 'source': 'HAI Interface', 'destination-index': '3', 'study-stage': '1', 'decision-state': 0, 'vitals-state': 0, 'airspace-state': 0, 'data': {'page': 'emergency', 'action': 'trying to change destination to19'}}
INFO:root:1723585330.346902,ID:1022,STAGE:1,SEQUENCE:1234,DATA:{'time': 1723585330.348, 'source': 'VitalsTask', 'timer': 1936.502, 'data': {'sensor': 'Blood Pressure', 'action': 'save', 'data': 'action button pressed'}}
INFO:root:1723585330.348405,ID:1022,STAGE:1,SEQUENCE:1234,DATA:{'time': 1723585330.348, 'source': 'VitalsTask', 'timer': 1936.502, 'data': {'sensor': 'Blood Pressure', 'action': 'save', 'data': 'starting sensor action'}}
INFO:root:1723585331.358606,ID:1022,STAGE:1,SEQUENCE:1234,DATA:{'time': 1723585331.359, 'source': 'VitalsTask', 'timer': 1937.513, 'data': {'sensor': 'Blood Pressure', 'action': 'save', 'data': 'sensor action complete'}}
INFO:root:1723585334.183652,ID:1022,STAGE:1,SEQUENCE:1234,DATA:{'time': 1723585334.184, 'source': 'VitalsTask', 'timer': 1940.338, 'data': {'sensor': 'O\u2082 Saturation', 'action': 'opened sensor tab'}}
INFO:root:1723585334.925694,ID:1022,STAGE:1,SEQUENCE:1234,DATA:{'time': 1723585334.918, 'user-id': '1022', 'source': 'HAI Interface', 'destination-index': '3', 'study-stage': '1', 'decision-state': 0, 'vitals-state': 0, 'airspace-state': 0, 'data': {'page': 'emergency', 'action': 'trying to change destination to19'}}
INFO:root:1723585336.900542,ID:1022,STAGE:1,SEQUENCE:1234,DATA:{'time': 1723585336.899, 'source': 'VitalsTask', 'timer': 1943.053, 'data': {'sensor': 'O\u2082 Saturation', 'action': 'capture', 'data': 'action button pressed'}}
INFO:root:1723585336.903535,ID:1022,STAGE:1,SEQUENCE:1234,DATA:{'time': 1723585336.9, 'source': 'VitalsTask', 'timer': 1943.054, 'data': {'sensor': 'O\u2082 Saturation', 'action': 'capture', 'data': 'starting sensor action'}}
INFO:root:1723585337.910895,ID:1022,STAGE:1,SEQUENCE:1234,DATA:{'time': 1723585337.912, 'source': 'VitalsTask', 'timer': 1944.066, 'data': {'sensor': 'O\u2082 Saturation', 'action': 'capture', 'data': 'sensor action complete'}}
INFO:root:1723585337.913401,ID:1022,STAGE:1,SEQUENCE:1234,DATA:{'time': 1723585337.912, 'source': 'VitalsTask', 'timer': 1944.066, 'data': {'sensor': 'O\u2082 Saturation', 'action': 'keypad open'}}
INFO:root:1723585339.943763,ID:1022,STAGE:1,SEQUENCE:1234,DATA:{'time': 1723585339.936, 'user-id': '1022', 'source': 'HAI Interface', 'destination-index': '3', 'study-stage': '1', 'decision-state': 0, 'vitals-state': 0, 'airspace-state': 0, 'data': {'page': 'emergency', 'action': 'trying to change destination to19'}}
INFO:root:1723585340.622375,ID:1022,STAGE:1,SEQUENCE:1234,DATA:{'time': 1723585340.623, 'source': 'VitalsTask', 'timer': 1946.777, 'data': {'sensor': 'O\u2082 Saturation', 'action': 'keypad press', 'key': 1, 'value': 1}}
INFO:root:1723585342.06328,ID:1022,STAGE:1,SEQUENCE:1234,DATA:{'time': 1723585342.064, 'source': 'VitalsTask', 'timer': 1948.218, 'data': {'sensor': 'O\u2082 Saturation', 'action': 'keypad press', 'key': 11, 'value': 10}}
INFO:root:1723585342.329529,ID:1022,STAGE:1,SEQUENCE:1234,DATA:{'time': 1723585342.33, 'source': 'VitalsTask', 'timer': 1948.484, 'data': {'sensor': 'O\u2082 Saturation', 'action': 'keypad press', 'key': 11, 'value': 100}}
INFO:root:1723585343.776627,ID:1022,STAGE:1,SEQUENCE:1234,DATA:{'time': 1723585343.777, 'source': 'VitalsTask', 'timer': 1949.931, 'data': {'sensor': 'O\u2082 Saturation', 'action': 'show action buttons'}}
INFO:root:1723585343.778209,ID:1022,STAGE:1,SEQUENCE:1234,DATA:{'time': 1723585343.777, 'source': 'VitalsTask', 'timer': 1949.931, 'data': {'sensor': 'O\u2082 Saturation', 'action': 'keypad press', 'key': 10, 'value': 100}}
INFO:root:1723585344.939957,ID:1022,STAGE:1,SEQUENCE:1234,DATA:{'time': 1723585344.935, 'user-id': '1022', 'source': 'HAI Interface', 'destination-index': '3', 'study-stage': '1', 'decision-state': 0, 'vitals-state': 0, 'airspace-state': 0, 'data': {'page': 'emergency', 'action': 'trying to change destination to19'}}
INFO:root:1723585345.784501,ID:1022,STAGE:1,SEQUENCE:1234,DATA:{'time': 1723585345.786, 'source': 'VitalsTask', 'timer': 1951.94, 'data': {'sensor': 'O\u2082 Saturation', 'action': 'log', 'data': 'action button pressed'}}
INFO:root:1723585345.786832,ID:1022,STAGE:1,SEQUENCE:1234,DATA:{'time': 1723585345.786, 'source': 'VitalsTask', 'timer': 1951.94, 'data': {'sensor': 'O\u2082 Saturation', 'action': 'log', 'data': 'starting sensor action'}}
INFO:root:1723585346.806744,ID:1022,STAGE:1,SEQUENCE:1234,DATA:{'time': 1723585346.805, 'source': 'VitalsTask', 'timer': 1952.959, 'data': {'sensor': 'O\u2082 Saturation', 'action': 'log', 'data': 'sensor action complete'}}
INFO:root:1723585347.77841,ID:1022,STAGE:1,SEQUENCE:1234,DATA:{'time': 1723585347.778, 'source': 'VitalsTask', 'timer': 1953.932, 'data': {'sensor': 'O\u2082 Saturation', 'action': 'save', 'data': 'action button pressed'}}
INFO:root:1723585347.787898,ID:1022,STAGE:1,SEQUENCE:1234,DATA:{'time': 1723585347.778, 'source': 'VitalsTask', 'timer': 1953.932, 'data': {'sensor': 'O\u2082 Saturation', 'action': 'save', 'data': 'starting sensor action'}}
INFO:root:1723585348.7926,ID:1022,STAGE:1,SEQUENCE:1234,DATA:{'time': 1723585348.793, 'source': 'VitalsTask', 'timer': 1954.947, 'data': {'sensor': 'O\u2082 Saturation', 'action': 'save', 'data': 'sensor action complete'}}
INFO:root:1723585349.93273,ID:1022,STAGE:1,SEQUENCE:1234,DATA:{'time': 1723585349.927, 'user-id': '1022', 'source': 'HAI Interface', 'destination-index': '3', 'study-stage': '1', 'decision-state': 0, 'vitals-state': 0, 'airspace-state': 0, 'data': {'page': 'emergency', 'action': 'trying to change destination to19'}}
INFO:root:1723585352.383281,ID:1022,STAGE:1,SEQUENCE:1234,DATA:{'time': 1723585352.384, 'source': 'VitalsTask', 'timer': 1958.538, 'data': {'sensor': 'Blood Pressure', 'action': 'opened sensor tab'}}
INFO:root:1723585354.691488,ID:1022,STAGE:1,SEQUENCE:1234,DATA:{'time': 1723585354.691, 'source': 'VitalsTask', 'timer': 1960.845, 'data': {'sensor': 'Blood Pressure', 'action': 'capture', 'data': 'action button pressed'}}
INFO:root:1723585354.693482,ID:1022,STAGE:1,SEQUENCE:1234,DATA:{'time': 1723585354.692, 'source': 'VitalsTask', 'timer': 1960.846, 'data': {'sensor': 'Blood Pressure', 'action': 'capture', 'data': 'sensor item has already been completed, cancelling'}}
INFO:root:1723585354.929679,ID:1022,STAGE:1,SEQUENCE:1234,DATA:{'time': 1723585354.923, 'user-id': '1022', 'source': 'HAI Interface', 'destination-index': '3', 'study-stage': '1', 'decision-state': 0, 'vitals-state': 0, 'airspace-state': 0, 'data': {'page': 'emergency', 'action': 'trying to change destination to19'}}
INFO:root:Inflight Radio Update asked
INFO:root:sent request to set radio update complete
INFO:root:1723585356.33731,ID:1022,STAGE:1,SEQUENCE:1234,DATA:{'time': 1723585356.336, 'source': 'VitalsTask', 'timer': 1962.49, 'data': {'sensor': 'Blood Pressure', 'action': 'capture', 'data': 'action button pressed'}}
INFO:root:1723585356.338311,ID:1022,STAGE:1,SEQUENCE:1234,DATA:{'time': 1723585356.337, 'source': 'VitalsTask', 'timer': 1962.491, 'data': {'sensor': 'Blood Pressure', 'action': 'capture', 'data': 'sensor item has already been completed, cancelling'}}
INFO:root:1723585358.385315,ID:1022,STAGE:1,SEQUENCE:1234,DATA:{'time': 1723585358.385, 'source': 'VitalsTask', 'timer': 1964.539, 'data': {'sensor': 'Blood Pressure', 'action': 'capture', 'data': 'action button pressed'}}
INFO:root:1723585358.386312,ID:1022,STAGE:1,SEQUENCE:1234,DATA:{'time': 1723585358.385, 'source': 'VitalsTask', 'timer': 1964.539, 'data': {'sensor': 'Blood Pressure', 'action': 'capture', 'data': 'sensor item has already been completed, cancelling'}}
INFO:root:1723585359.934752,ID:1022,STAGE:1,SEQUENCE:1234,DATA:{'time': 1723585359.929, 'user-id': '1022', 'source': 'HAI Interface', 'destination-index': '3', 'study-stage': '1', 'decision-state': 0, 'vitals-state': 0, 'airspace-state': 0, 'data': {'page': 'emergency', 'action': 'trying to change destination to19'}}
INFO:root:1723585359.956266,ID:1022,STAGE:1,SEQUENCE:1234,DATA:{'time': 1723585359.956, 'source': 'VitalsTask', 'timer': 1966.11, 'data': {'sensor': 'Heart Rate', 'action': 'opened sensor tab'}}
INFO:root:1723585361.250047,ID:1022,STAGE:1,SEQUENCE:1234,DATA:{'time': 1723585361.25, 'source': 'VitalsTask', 'timer': 1967.404, 'data': {'sensor': 'Heart Rate', 'action': 'capture', 'data': 'action button pressed'}}
INFO:root:1723585361.252046,ID:1022,STAGE:1,SEQUENCE:1234,DATA:{'time': 1723585361.25, 'source': 'VitalsTask', 'timer': 1967.404, 'data': {'sensor': 'Heart Rate', 'action': 'capture', 'data': 'starting sensor action'}}
INFO:root:1723585362.263032,ID:1022,STAGE:1,SEQUENCE:1234,DATA:{'time': 1723585362.263, 'source': 'VitalsTask', 'timer': 1968.417, 'data': {'sensor': 'Heart Rate', 'action': 'capture', 'data': 'sensor action complete'}}
INFO:root:1723585362.266042,ID:1022,STAGE:1,SEQUENCE:1234,DATA:{'time': 1723585362.263, 'source': 'VitalsTask', 'timer': 1968.417, 'data': {'sensor': 'Heart Rate', 'action': 'keypad open'}}
INFO:root:1723585364.727679,ID:1022,STAGE:1,SEQUENCE:1234,DATA:{'time': 1723585364.721, 'user-id': '1022', 'source': 'HAI Interface', 'destination-index': '3', 'study-stage': '1', 'decision-state': 0, 'vitals-state': 0, 'airspace-state': 0, 'data': {'action': 'radio panel opened'}}
INFO:root:1723585364.934495,ID:1022,STAGE:1,SEQUENCE:1234,DATA:{'time': 1723585364.928, 'user-id': '1022', 'source': 'HAI Interface', 'destination-index': '3', 'study-stage': '1', 'decision-state': 0, 'vitals-state': 0, 'airspace-state': 0, 'data': {'page': 'emergency', 'action': 'trying to change destination to19'}}
INFO:root:1723585366.239512,ID:1022,STAGE:1,SEQUENCE:1234,DATA:{'time': 1723585366.235, 'user-id': '1022', 'source': 'HAI Interface', 'destination-index': '3', 'study-stage': '1', 'decision-state': 0, 'vitals-state': 0, 'airspace-state': 0, 'data': {'action': 'radio panel opened'}}
INFO:root:1723585369.91137,ID:1022,STAGE:1,SEQUENCE:1234,DATA:{'time': 1723585369.905, 'user-id': '1022', 'source': 'HAI Interface', 'destination-index': '3', 'study-stage': '1', 'decision-state': 0, 'vitals-state': 0, 'airspace-state': 0, 'data': {'page': 'emergency', 'action': 'trying to change destination to19'}}
INFO:root:1723585371.530085,ID:1022,STAGE:1,SEQUENCE:1234,DATA:{'time': 1723585371.525, 'user-id': '1022', 'source': 'HAI Interface', 'destination-index': '3', 'study-stage': '1', 'decision-state': 0, 'vitals-state': 0, 'airspace-state': 0, 'data': {'action': 'transmit button pressed'}}
INFO:root:1723585371.533164,ID:1022,STAGE:1,SEQUENCE:1234,DATA:{'time': 1723585371.526, 'user-id': '1022', 'source': 'HAI Interface', 'destination-index': '3', 'study-stage': '1', 'decision-state': 0, 'vitals-state': 0, 'airspace-state': 0, 'data': {'action': 'callsign set to: + NASXGS'}}
INFO:root:1723585371.535083,ID:1022,STAGE:1,SEQUENCE:1234,DATA:{'time': 1723585371.526, 'user-id': '1022', 'source': 'HAI Interface', 'destination-index': '3', 'study-stage': '1', 'decision-state': 0, 'vitals-state': 0, 'airspace-state': 0, 'data': {'action': 'radio set to:Comm1'}}
INFO:root:1723585371.538075,ID:1022,STAGE:1,SEQUENCE:1234,DATA:{'time': 1723585371.526, 'user-id': '1022', 'source': 'HAI Interface', 'destination-index': '3', 'study-stage': '1', 'decision-state': 0, 'vitals-state': 0, 'airspace-state': 0, 'data': {'page': 'map', 'action': 'show map'}}
INFO:root:1723585371.543132,ID:1022,STAGE:1,SEQUENCE:1234,DATA:{'time': 1723585371.526, 'user-id': '1022', 'source': 'HAI Interface', 'destination-index': '3', 'study-stage': '1', 'decision-state': 0, 'vitals-state': 0, 'airspace-state': 0, 'data': {'page': 'map', 'action': 'selected helipad', 'value': '21'}}
INFO:root:1723585371.545131,ID:1022,STAGE:1,SEQUENCE:1234,DATA:{'time': 1723585371.53, 'user-id': '1022', 'source': 'HAI Interface', 'destination-index': '3', 'study-stage': '1', 'decision-state': 0, 'vitals-state': 0, 'airspace-state': 0, 'data': {'action': 'NASXGStransmitting updates onComm1123.45 MHz'}}
INFO:root:1723585374.924125,ID:1022,STAGE:1,SEQUENCE:1234,DATA:{'time': 1723585374.916, 'user-id': '1022', 'source': 'HAI Interface', 'destination-index': '3', 'study-stage': '1', 'decision-state': 0, 'vitals-state': 0, 'airspace-state': 0, 'data': {'page': 'emergency', 'action': 'trying to change destination to19'}}
INFO:root:1723585379.892916,ID:1022,STAGE:1,SEQUENCE:1234,DATA:{'time': 1723585379.886, 'user-id': '1022', 'source': 'HAI Interface', 'destination-index': '3', 'study-stage': '1', 'decision-state': 0, 'vitals-state': 0, 'airspace-state': 0, 'data': {'page': 'emergency', 'action': 'trying to change destination to19'}}
INFO:root:1723585384.951109,ID:1022,STAGE:1,SEQUENCE:1234,DATA:{'time': 1723585384.942, 'user-id': '1022', 'source': 'HAI Interface', 'destination-index': '3', 'study-stage': '1', 'decision-state': 0, 'vitals-state': 0, 'airspace-state': 0, 'data': {'page': 'emergency', 'action': 'trying to change destination to19'}}
INFO:root:1723585386.738467,ID:1022,STAGE:1,SEQUENCE:1234,DATA:{'time': 1723585386.735, 'user-id': '1022', 'source': 'HAI Interface', 'destination-index': '3', 'study-stage': '1', 'decision-state': 0, 'vitals-state': 0, 'airspace-state': 0, 'data': {'page': 'map', 'action': 'hide map'}}
INFO:root:1723585389.894555,ID:1022,STAGE:1,SEQUENCE:1234,DATA:{'time': 1723585389.89, 'user-id': '1022', 'source': 'HAI Interface', 'destination-index': '3', 'study-stage': '1', 'decision-state': 0, 'vitals-state': 0, 'airspace-state': 0, 'data': {'page': 'emergency', 'action': 'trying to change destination to19'}}
INFO:root:1723585393.387866,ID:1022,STAGE:1,SEQUENCE:1234,DATA:{'time': 1723585393.388, 'source': 'VitalsTask', 'timer': 1999.542, 'data': {'sensor': 'Heart Rate', 'action': 'keypad press', 'key': 5, 'value': 5}}
INFO:root:1723585393.786667,ID:1022,STAGE:1,SEQUENCE:1234,DATA:{'time': 1723585393.785, 'source': 'VitalsTask', 'timer': 1999.939, 'data': {'sensor': 'Heart Rate', 'action': 'keypad press', 'key': 5, 'value': 55}}
INFO:root:1723585394.913625,ID:1022,STAGE:1,SEQUENCE:1234,DATA:{'time': 1723585394.906, 'user-id': '1022', 'source': 'HAI Interface', 'destination-index': '3', 'study-stage': '1', 'decision-state': 0, 'vitals-state': 0, 'airspace-state': 0, 'data': {'page': 'emergency', 'action': 'trying to change destination to19'}}
INFO:root:1723585394.914623,ID:1022,STAGE:1,SEQUENCE:1234,DATA:{'time': 1723585394.907, 'user-id': '1022', 'source': 'HAI Interface', 'destination-index': '3', 'study-stage': '1', 'decision-state': 0, 'vitals-state': 0, 'airspace-state': 0, 'data': {'page': 'emergency', 'action': 'show Altitude Miscalibrated Warning, hide map'}}
INFO:root:1723585394.916616,ID:1022,STAGE:1,SEQUENCE:1234,DATA:{'time': 1723585394.907, 'user-id': '1022', 'source': 'HAI Interface', 'destination-index': '3', 'study-stage': '1', 'decision-state': 0, 'vitals-state': 0, 'airspace-state': 0, 'data': {'page': 'map', 'action': 'hide map'}}
INFO:root:1723585394.922627,ID:1022,STAGE:1,SEQUENCE:1234,DATA:{'time': 1723585394.908, 'user-id': '1022', 'source': 'HAI Interface', 'destination-index': '3', 'study-stage': '1', 'decision-state': 0, 'vitals-state': 0, 'airspace-state': 0, 'data': {'page': 'Inflight', 'action': ' Altitude alert activated'}}
INFO:root:1723585395.635816,ID:1022,STAGE:1,SEQUENCE:1234,DATA:{'time': 1723585395.636, 'source': 'VitalsTask', 'timer': 2001.79, 'data': {'sensor': 'Heart Rate', 'action': 'show action buttons'}}
INFO:root:1723585395.636814,ID:1022,STAGE:1,SEQUENCE:1234,DATA:{'time': 1723585395.636, 'source': 'VitalsTask', 'timer': 2001.79, 'data': {'sensor': 'Heart Rate', 'action': 'keypad press', 'key': 10, 'value': 55}}
INFO:root:1723585397.469381,ID:1022,STAGE:1,SEQUENCE:1234,DATA:{'time': 1723585397.469, 'source': 'VitalsTask', 'timer': 2003.623, 'data': {'sensor': 'Heart Rate', 'action': 'log', 'data': 'action button pressed'}}
INFO:root:1723585397.470377,ID:1022,STAGE:1,SEQUENCE:1234,DATA:{'time': 1723585397.47, 'source': 'VitalsTask', 'timer': 2003.624, 'data': {'sensor': 'Heart Rate', 'action': 'log', 'data': 'starting sensor action'}}
INFO:root:1723585398.482561,ID:1022,STAGE:1,SEQUENCE:1234,DATA:{'time': 1723585398.484, 'source': 'VitalsTask', 'timer': 2004.638, 'data': {'sensor': 'Heart Rate', 'action': 'log', 'data': 'sensor action complete'}}
INFO:root:1723585398.935518,ID:1022,STAGE:1,SEQUENCE:1234,DATA:{'time': 1723585398.936, 'source': 'VitalsTask', 'timer': 2005.09, 'data': {'sensor': 'Heart Rate', 'action': 'save', 'data': 'action button pressed'}}
INFO:root:1723585398.937517,ID:1022,STAGE:1,SEQUENCE:1234,DATA:{'time': 1723585398.936, 'source': 'VitalsTask', 'timer': 2005.09, 'data': {'sensor': 'Heart Rate', 'action': 'save', 'data': 'starting sensor action'}}
INFO:root:1723585399.953336,ID:1022,STAGE:1,SEQUENCE:1234,DATA:{'time': 1723585399.952, 'source': 'VitalsTask', 'timer': 2006.106, 'data': {'sensor': 'Heart Rate', 'action': 'save', 'data': 'sensor action complete'}}
INFO:root:1723585399.996586,ID:1022,STAGE:1,SEQUENCE:1234,DATA:{'time': 1723585399.99, 'user-id': '1022', 'source': 'HAI Interface', 'destination-index': '3', 'study-stage': '1', 'decision-state': 0, 'vitals-state': 0, 'airspace-state': 0, 'data': {'page': 'emergency', 'action': 'trying to change destination to19'}}
INFO:root:1723585399.997583,ID:1022,STAGE:1,SEQUENCE:1234,DATA:{'time': 1723585399.991, 'user-id': '1022', 'source': 'HAI Interface', 'destination-index': '3', 'study-stage': '1', 'decision-state': 0, 'vitals-state': 0, 'airspace-state': 0, 'data': {'page': 'emergency', 'action': 'show Altitude Miscalibrated Warning, hide map'}}
INFO:root:1723585399.999578,ID:1022,STAGE:1,SEQUENCE:1234,DATA:{'time': 1723585399.991, 'user-id': '1022', 'source': 'HAI Interface', 'destination-index': '3', 'study-stage': '1', 'decision-state': 0, 'vitals-state': 0, 'airspace-state': 0, 'data': {'page': 'map', 'action': 'hide map'}}
INFO:root:1723585400.002021,ID:1022,STAGE:1,SEQUENCE:1234,DATA:{'time': 1723585399.991, 'user-id': '1022', 'source': 'HAI Interface', 'destination-index': '3', 'study-stage': '1', 'decision-state': 0, 'vitals-state': 0, 'airspace-state': 0, 'data': {'page': 'Inflight', 'action': ' Altitude alert activated'}}
INFO:root:1723585401.523443,ID:1022,STAGE:1,SEQUENCE:1234,DATA:{'time': 1723585401.518, 'user-id': '1022', 'source': 'HAI Interface', 'destination-index': '3', 'study-stage': '1', 'decision-state': 0, 'vitals-state': 0, 'airspace-state': 0, 'data': {'page': 'inflight', 'action': 'displaying vitals prompt'}}
INFO:root:1723585402.060871,ID:1022,STAGE:1,SEQUENCE:1234,DATA:{'time': 1723585402.061, 'source': 'VitalsTask', 'timer': 2008.215, 'data': {'sensor': 'submit', 'action': 'submit'}}
INFO:root:1723585402.063374,ID:1022,STAGE:1,SEQUENCE:1234,DATA:{'time': 1723585402.061, 'source': 'VitalsTask', 'timer': 2008.215, 'data': {'sensor': 'submit', 'action': 'submit', 'data': 'submit succeeded'}}
INFO:root:1723585403.529232,ID:1022,STAGE:1,SEQUENCE:1234,DATA:{'time': 1723585403.529, 'source': 'VitalsTask', 'timer': 1.468, 'data': {'sensor': 'submit', 'action': 'submit'}}
INFO:root:1723585403.531231,ID:1022,STAGE:1,SEQUENCE:1234,DATA:{'time': 1723585403.53, 'source': 'VitalsTask', 'timer': 1.469, 'data': {'sensor': 'submit', 'action': 'submit', 'data': 'submit failed incomplete vitals checklist'}}
INFO:root:1723585404.895744,ID:1022,STAGE:1,SEQUENCE:1234,DATA:{'time': 1723585404.885, 'user-id': '1022', 'source': 'HAI Interface', 'destination-index': '3', 'study-stage': '1', 'decision-state': 0, 'vitals-state': 0, 'airspace-state': 0, 'data': {'page': 'emergency', 'action': 'trying to change destination to19'}}
INFO:root:1723585404.897822,ID:1022,STAGE:1,SEQUENCE:1234,DATA:{'time': 1723585404.886, 'user-id': '1022', 'source': 'HAI Interface', 'destination-index': '3', 'study-stage': '1', 'decision-state': 0, 'vitals-state': 0, 'airspace-state': 0, 'data': {'page': 'emergency', 'action': 'show Altitude Miscalibrated Warning, hide map'}}
INFO:root:1723585404.899344,ID:1022,STAGE:1,SEQUENCE:1234,DATA:{'time': 1723585404.886, 'user-id': '1022', 'source': 'HAI Interface', 'destination-index': '3', 'study-stage': '1', 'decision-state': 0, 'vitals-state': 0, 'airspace-state': 0, 'data': {'page': 'map', 'action': 'hide map'}}
INFO:root:1723585404.901369,ID:1022,STAGE:1,SEQUENCE:1234,DATA:{'time': 1723585404.887, 'user-id': '1022', 'source': 'HAI Interface', 'destination-index': '3', 'study-stage': '1', 'decision-state': 0, 'vitals-state': 0, 'airspace-state': 0, 'data': {'page': 'Inflight', 'action': ' Altitude alert activated'}}
INFO:root:1723585408.155534,ID:1022,STAGE:1,SEQUENCE:1234,DATA:{'time': 1723585408.152, 'user-id': '1022', 'source': 'HAI Interface', 'destination-index': '3', 'study-stage': '1', 'decision-state': 0, 'vitals-state': 0, 'airspace-state': 0, 'data': {'page': 'Inflight', 'action': 'Altitude alert- show more info button pressed'}}
INFO:root:Altitude Warning alert given, sent request to clear altitude_warning_alert
INFO:root:1723585409.963632,ID:1022,STAGE:1,SEQUENCE:1234,DATA:{'time': 1723585409.959, 'user-id': '1022', 'source': 'HAI Interface', 'destination-index': '3', 'study-stage': '1', 'decision-state': 0, 'vitals-state': 0, 'airspace-state': 0, 'data': {'page': 'emergency', 'action': 'trying to change destination to19'}}
INFO:root:1723585414.913778,ID:1022,STAGE:1,SEQUENCE:1234,DATA:{'time': 1723585414.909, 'user-id': '1022', 'source': 'HAI Interface', 'destination-index': '3', 'study-stage': '1', 'decision-state': 0, 'vitals-state': 0, 'airspace-state': 0, 'data': {'page': 'emergency', 'action': 'trying to change destination to19'}}
INFO:root:1723585419.937518,ID:1022,STAGE:1,SEQUENCE:1234,DATA:{'time': 1723585419.931, 'user-id': '1022', 'source': 'HAI Interface', 'destination-index': '3', 'study-stage': '1', 'decision-state': 0, 'vitals-state': 0, 'airspace-state': 0, 'data': {'page': 'emergency', 'action': 'trying to change destination to19'}}
INFO:root:1723585423.101248,ID:1022,STAGE:1,SEQUENCE:1234,DATA:{'time': 1723585423.097, 'user-id': '1022', 'source': 'HAI Interface', 'destination-index': '3', 'study-stage': '1', 'decision-state': 0, 'vitals-state': 0, 'airspace-state': 0, 'data': {'page': 'Inflight', 'action': 'Altitude alert- submit button pressed with altitude value as:1000'}}
INFO:root:1723585423.105522,ID:1022,STAGE:1,SEQUENCE:1234,DATA:{'time': 1723585423.1, 'user-id': '1022', 'source': 'HAI Interface', 'destination-index': '3', 'study-stage': '1', 'decision-state': 0, 'vitals-state': 0, 'airspace-state': 0, 'data': {'page': 'Inflight', 'action': 'Altitude alert- altitude submitted'}}
INFO:root:1723585423.106519,ID:1022,STAGE:1,SEQUENCE:1234,DATA:{'time': 1723585423.101, 'user-id': '1022', 'source': 'HAI Interface', 'destination-index': '3', 'study-stage': '1', 'decision-state': 0, 'vitals-state': 0, 'airspace-state': 0, 'data': {'page': 'Inflight', 'action': 'Altitude alert close button pressed'}}
INFO:root:1723585425.323157,ID:1022,STAGE:1,SEQUENCE:1234,DATA:{'time': 1723585425.315, 'user-id': '1022', 'source': 'HAI Interface', 'destination-index': '3', 'study-stage': '1', 'decision-state': 0, 'vitals-state': 0, 'airspace-state': 0, 'data': {'page': 'emergency', 'action': 'trying to change destination to19'}}
INFO:root:1723585429.970799,ID:1022,STAGE:1,SEQUENCE:1234,DATA:{'time': 1723585429.965, 'user-id': '1022', 'source': 'HAI Interface', 'destination-index': '3', 'study-stage': '1', 'decision-state': 0, 'vitals-state': 0, 'airspace-state': 0, 'data': {'page': 'emergency', 'action': 'trying to change destination to19'}}
INFO:root:1723585431.716487,ID:1022,STAGE:1,SEQUENCE:1234,DATA:{'time': 1723585431.712, 'user-id': '1022', 'source': 'HAI Interface', 'destination-index': '3', 'study-stage': '1', 'decision-state': 0, 'vitals-state': 0, 'airspace-state': 0, 'data': {'page': 'inflight', 'action': 'user acknowledged vitals prompt'}}
INFO:root:1723585434.942627,ID:1022,STAGE:1,SEQUENCE:1234,DATA:{'time': 1723585434.935, 'user-id': '1022', 'source': 'HAI Interface', 'destination-index': '3', 'study-stage': '1', 'decision-state': 0, 'vitals-state': 0, 'airspace-state': 0, 'data': {'page': 'emergency', 'action': 'trying to change destination to19'}}
INFO:root:1723585436.994511,ID:1022,STAGE:1,SEQUENCE:1234,DATA:{'time': 1723585436.99, 'user-id': '1022', 'source': 'HAI Interface', 'destination-index': '3', 'study-stage': '1', 'decision-state': 0, 'vitals-state': 0, 'airspace-state': 0, 'data': {'action': 'radio panel closed'}}
INFO:root:1723585439.904525,ID:1022,STAGE:1,SEQUENCE:1234,DATA:{'time': 1723585439.898, 'user-id': '1022', 'source': 'HAI Interface', 'destination-index': '3', 'study-stage': '1', 'decision-state': 0, 'vitals-state': 0, 'airspace-state': 0, 'data': {'page': 'emergency', 'action': 'trying to change destination to19'}}
INFO:root:1723585444.89422,ID:1022,STAGE:1,SEQUENCE:1234,DATA:{'time': 1723585444.89, 'user-id': '1022', 'source': 'HAI Interface', 'destination-index': '3', 'study-stage': '1', 'decision-state': 0, 'vitals-state': 0, 'airspace-state': 0, 'data': {'page': 'emergency', 'action': 'trying to change destination to19'}}
INFO:root:1723585449.869934,ID:1022,STAGE:1,SEQUENCE:1234,DATA:{'time': 1723585449.865, 'user-id': '1022', 'source': 'HAI Interface', 'destination-index': '3', 'study-stage': '1', 'decision-state': 0, 'vitals-state': 0, 'airspace-state': 0, 'data': {'page': 'emergency', 'action': 'trying to change destination to19'}}
INFO:root:1723585454.873899,ID:1022,STAGE:1,SEQUENCE:1234,DATA:{'time': 1723585454.871, 'user-id': '1022', 'source': 'HAI Interface', 'destination-index': '3', 'study-stage': '1', 'decision-state': 0, 'vitals-state': 0, 'airspace-state': 0, 'data': {'page': 'emergency', 'action': 'trying to change destination to19'}}
INFO:root:1723585456.447729,ID:1022,STAGE:1,SEQUENCE:1234,DATA:{'time': 1723585456.444, 'user-id': '1022', 'source': 'HAI Interface', 'destination-index': '3', 'study-stage': '1', 'decision-state': 0, 'vitals-state': 0, 'airspace-state': 0, 'data': {'action': 'radio panel opened'}}
INFO:root:1723585459.895015,ID:1022,STAGE:1,SEQUENCE:1234,DATA:{'time': 1723585459.888, 'user-id': '1022', 'source': 'HAI Interface', 'destination-index': '3', 'study-stage': '1', 'decision-state': 0, 'vitals-state': 0, 'airspace-state': 0, 'data': {'page': 'emergency', 'action': 'trying to change destination to19'}}
INFO:root:1723585464.875231,ID:1022,STAGE:1,SEQUENCE:1234,DATA:{'time': 1723585464.868, 'user-id': '1022', 'source': 'HAI Interface', 'destination-index': '3', 'study-stage': '1', 'decision-state': 0, 'vitals-state': 0, 'airspace-state': 0, 'data': {'page': 'emergency', 'action': 'trying to change destination to19'}}
INFO:root:1723585465.9878,ID:1022,STAGE:1,SEQUENCE:1234,DATA:{'time': 1723585465.982, 'user-id': '1022', 'source': 'HAI Interface', 'destination-index': '3', 'study-stage': '1', 'decision-state': 0, 'vitals-state': 0, 'airspace-state': 0, 'data': {'action': 'transmit button pressed'}}
INFO:root:1723585465.988798,ID:1022,STAGE:1,SEQUENCE:1234,DATA:{'time': 1723585465.982, 'user-id': '1022', 'source': 'HAI Interface', 'destination-index': '3', 'study-stage': '1', 'decision-state': 0, 'vitals-state': 0, 'airspace-state': 0, 'data': {'action': 'callsign set to: + MEDEVAC'}}
INFO:root:1723585469.915638,ID:1022,STAGE:1,SEQUENCE:1234,DATA:{'time': 1723585469.91, 'user-id': '1022', 'source': 'HAI Interface', 'destination-index': '3', 'study-stage': '1', 'decision-state': 0, 'vitals-state': 0, 'airspace-state': 0, 'data': {'page': 'emergency', 'action': 'trying to change destination to19'}}
INFO:root:1723585474.992052,ID:1022,STAGE:1,SEQUENCE:1234,DATA:{'time': 1723585474.986, 'user-id': '1022', 'source': 'HAI Interface', 'destination-index': '3', 'study-stage': '1', 'decision-state': 0, 'vitals-state': 0, 'airspace-state': 0, 'data': {'page': 'emergency', 'action': 'trying to change destination to19'}}
INFO:root:1723585479.863357,ID:1022,STAGE:1,SEQUENCE:1234,DATA:{'time': 1723585479.856, 'user-id': '1022', 'source': 'HAI Interface', 'destination-index': '3', 'study-stage': '1', 'decision-state': 0, 'vitals-state': 0, 'airspace-state': 0, 'data': {'page': 'emergency', 'action': 'trying to change destination to19'}}
INFO:root:1723585484.940314,ID:1022,STAGE:1,SEQUENCE:1234,DATA:{'time': 1723585484.934, 'user-id': '1022', 'source': 'HAI Interface', 'destination-index': '3', 'study-stage': '1', 'decision-state': 0, 'vitals-state': 0, 'airspace-state': 0, 'data': {'page': 'emergency', 'action': 'trying to change destination to19'}}
INFO:root:1723585485.979734,ID:1022,STAGE:1,SEQUENCE:1234,DATA:{'time': 1723585485.975, 'user-id': '1022', 'source': 'HAI Interface', 'destination-index': '3', 'study-stage': '1', 'decision-state': 0, 'vitals-state': 0, 'airspace-state': 0, 'data': {'action': 'transmit button pressed'}}
INFO:root:1723585485.983062,ID:1022,STAGE:1,SEQUENCE:1234,DATA:{'time': 1723585485.976, 'user-id': '1022', 'source': 'HAI Interface', 'destination-index': '3', 'study-stage': '1', 'decision-state': 0, 'vitals-state': 0, 'airspace-state': 0, 'data': {'action': 'radio set to:Comm1'}}
INFO:root:1723585485.984059,ID:1022,STAGE:1,SEQUENCE:1234,DATA:{'time': 1723585485.976, 'user-id': '1022', 'source': 'HAI Interface', 'destination-index': '3', 'study-stage': '1', 'decision-state': 0, 'vitals-state': 0, 'airspace-state': 0, 'data': {'action': 'callsign set to: + NASXGS'}}
INFO:root:1723585485.987052,ID:1022,STAGE:1,SEQUENCE:1234,DATA:{'time': 1723585485.976, 'user-id': '1022', 'source': 'HAI Interface', 'destination-index': '3', 'study-stage': '1', 'decision-state': 0, 'vitals-state': 0, 'airspace-state': 0, 'data': {'page': 'map', 'action': 'show map'}}
INFO:root:1723585485.991121,ID:1022,STAGE:1,SEQUENCE:1234,DATA:{'time': 1723585485.977, 'user-id': '1022', 'source': 'HAI Interface', 'destination-index': '3', 'study-stage': '1', 'decision-state': 0, 'vitals-state': 0, 'airspace-state': 0, 'data': {'page': 'map', 'action': 'selected helipad', 'value': '21'}}
INFO:root:1723585485.99312,ID:1022,STAGE:1,SEQUENCE:1234,DATA:{'time': 1723585485.981, 'user-id': '1022', 'source': 'HAI Interface', 'destination-index': '3', 'study-stage': '1', 'decision-state': 0, 'vitals-state': 0, 'airspace-state': 0, 'data': {'action': 'NASXGStransmitting updates onComm1123.45 MHz'}}
INFO:root:1723585489.985425,ID:1022,STAGE:1,SEQUENCE:1234,DATA:{'time': 1723585489.98, 'user-id': '1022', 'source': 'HAI Interface', 'destination-index': '3', 'study-stage': '1', 'decision-state': 0, 'vitals-state': 0, 'airspace-state': 0, 'data': {'page': 'emergency', 'action': 'trying to change destination to19'}}
INFO:root:1723585494.894993,ID:1022,STAGE:1,SEQUENCE:1234,DATA:{'time': 1723585494.89, 'user-id': '1022', 'source': 'HAI Interface', 'destination-index': '3', 'study-stage': '1', 'decision-state': 0, 'vitals-state': 0, 'airspace-state': 0, 'data': {'page': 'emergency', 'action': 'trying to change destination to19'}}
INFO:root:1723585499.859295,ID:1022,STAGE:1,SEQUENCE:1234,DATA:{'time': 1723585499.854, 'user-id': '1022', 'source': 'HAI Interface', 'destination-index': '3', 'study-stage': '1', 'decision-state': 0, 'vitals-state': 0, 'airspace-state': 0, 'data': {'page': 'emergency', 'action': 'trying to change destination to19'}}
INFO:root:1723585504.890821,ID:1022,STAGE:1,SEQUENCE:1234,DATA:{'time': 1723585504.886, 'user-id': '1022', 'source': 'HAI Interface', 'destination-index': '3', 'study-stage': '1', 'decision-state': 0, 'vitals-state': 0, 'airspace-state': 0, 'data': {'page': 'map', 'action': 'hide map'}}
INFO:root:1723585504.915549,ID:1022,STAGE:1,SEQUENCE:1234,DATA:{'time': 1723585504.91, 'user-id': '1022', 'source': 'HAI Interface', 'destination-index': '3', 'study-stage': '1', 'decision-state': 0, 'vitals-state': 0, 'airspace-state': 0, 'data': {'page': 'emergency', 'action': 'trying to change destination to19'}}
INFO:root:1723585509.899608,ID:1022,STAGE:1,SEQUENCE:1234,DATA:{'time': 1723585509.895, 'user-id': '1022', 'source': 'HAI Interface', 'destination-index': '3', 'study-stage': '1', 'decision-state': 0, 'vitals-state': 0, 'airspace-state': 0, 'data': {'page': 'emergency', 'action': 'trying to change destination to19'}}
INFO:root:1723585510.327515,ID:1022,STAGE:1,SEQUENCE:1234,DATA:{'time': 1723585510.325, 'user-id': '1022', 'source': 'HAI Interface', 'destination-index': '3', 'study-stage': '1', 'decision-state': 0, 'vitals-state': 0, 'airspace-state': 0, 'data': {'action': 'radio panel closed'}}
INFO:root:1723585511.416847,ID:1022,STAGE:1,SEQUENCE:1234,DATA:{'time': 1723585511.413, 'user-id': '1022', 'source': 'HAI Interface', 'destination-index': '3', 'study-stage': '1', 'decision-state': 0, 'vitals-state': 0, 'airspace-state': 0, 'data': {'action': 'radio panel opened'}}
INFO:root:1723585514.922124,ID:1022,STAGE:1,SEQUENCE:1234,DATA:{'time': 1723585514.917, 'user-id': '1022', 'source': 'HAI Interface', 'destination-index': '3', 'study-stage': '1', 'decision-state': 0, 'vitals-state': 0, 'airspace-state': 0, 'data': {'page': 'emergency', 'action': 'trying to change destination to19'}}
INFO:root:1723585516.099213,ID:1022,STAGE:1,SEQUENCE:1234,DATA:{'time': 1723585516.095, 'user-id': '1022', 'source': 'HAI Interface', 'destination-index': '3', 'study-stage': '1', 'decision-state': 0, 'vitals-state': 0, 'airspace-state': 0, 'data': {'action': 'receive button pressed'}}
INFO:root:1723585516.101212,ID:1022,STAGE:1,SEQUENCE:1234,DATA:{'time': 1723585516.095, 'user-id': '1022', 'source': 'HAI Interface', 'destination-index': '3', 'study-stage': '1', 'decision-state': 0, 'vitals-state': 0, 'airspace-state': 0, 'data': {'action': 'callsign set to:[object Object]'}}
INFO:root:1723585516.105722,ID:1022,STAGE:1,SEQUENCE:1234,DATA:{'time': 1723585516.095, 'user-id': '1022', 'source': 'HAI Interface', 'destination-index': '3', 'study-stage': '1', 'decision-state': 0, 'vitals-state': 0, 'airspace-state': 0, 'data': {'action': 'radio set to:Comm2'}}
INFO:root:1723585516.107225,ID:1022,STAGE:1,SEQUENCE:1234,DATA:{'time': 1723585516.099, 'user-id': '1022', 'source': 'HAI Interface', 'destination-index': '3', 'study-stage': '1', 'decision-state': 0, 'vitals-state': 0, 'airspace-state': 0, 'data': {'action': 'MEDEVACtransmitting onComm2123.45 MHz'}}
INFO:root:1723585519.96554,ID:1022,STAGE:1,SEQUENCE:1234,DATA:{'time': 1723585519.955, 'user-id': '1022', 'source': 'HAI Interface', 'destination-index': '3', 'study-stage': '1', 'decision-state': 0, 'vitals-state': 0, 'airspace-state': 0, 'data': {'page': 'emergency', 'action': 'trying to change destination to19'}}
INFO:root:1723585524.908979,ID:1022,STAGE:1,SEQUENCE:1234,DATA:{'time': 1723585524.904, 'user-id': '1022', 'source': 'HAI Interface', 'destination-index': '3', 'study-stage': '1', 'decision-state': 0, 'vitals-state': 0, 'airspace-state': 0, 'data': {'page': 'emergency', 'action': 'trying to change destination to19'}}
INFO:root:1723585529.883911,ID:1022,STAGE:1,SEQUENCE:1234,DATA:{'time': 1723585529.879, 'user-id': '1022', 'source': 'HAI Interface', 'destination-index': '3', 'study-stage': '1', 'decision-state': 0, 'vitals-state': 0, 'airspace-state': 0, 'data': {'page': 'emergency', 'action': 'trying to change destination to19'}}
INFO:root:Ok, continue to monitor the patients vitals and keep us updated 
INFO:root:1723585534.904623,ID:1022,STAGE:1,SEQUENCE:1234,DATA:{'time': 1723585534.896, 'user-id': '1022', 'source': 'HAI Interface', 'destination-index': '3', 'study-stage': '1', 'decision-state': 0, 'vitals-state': 0, 'airspace-state': 0, 'data': {'page': 'emergency', 'action': 'trying to change destination to19'}}
INFO:root:1723585539.947064,ID:1022,STAGE:1,SEQUENCE:1234,DATA:{'time': 1723585539.94, 'user-id': '1022', 'source': 'HAI Interface', 'destination-index': '3', 'study-stage': '1', 'decision-state': 0, 'vitals-state': 0, 'airspace-state': 0, 'data': {'page': 'emergency', 'action': 'trying to change destination to19'}}
INFO:root:Miscalibrated sensor radio comm done- command to clear event and make the receive 0 sent
INFO:root:1723585545.419123,ID:1022,STAGE:1,SEQUENCE:1234,DATA:{'time': 1723585545.413, 'user-id': '1022', 'source': 'HAI Interface', 'destination-index': '3', 'study-stage': '1', 'decision-state': 0, 'vitals-state': 0, 'airspace-state': 0, 'data': {'page': 'emergency', 'action': 'trying to change destination to19'}}
INFO:root:1723585545.420629,ID:1022,STAGE:1,SEQUENCE:1234,DATA:{'time': 1723585545.414, 'user-id': '1022', 'source': 'HAI Interface', 'destination-index': '3', 'study-stage': '1', 'decision-state': 0, 'vitals-state': 0, 'airspace-state': 0, 'data': {'page': 'emergency', 'action': 'show Weather Emergency Alert, hide map'}}
INFO:root:1723585545.423623,ID:1022,STAGE:1,SEQUENCE:1234,DATA:{'time': 1723585545.414, 'user-id': '1022', 'source': 'HAI Interface', 'destination-index': '3', 'study-stage': '1', 'decision-state': 0, 'vitals-state': 0, 'airspace-state': 0, 'data': {'page': 'map', 'action': 'hide map'}}
INFO:root:1723585545.425616,ID:1022,STAGE:1,SEQUENCE:1234,DATA:{'time': 1723585545.414, 'user-id': '1022', 'source': 'HAI Interface', 'destination-index': '3', 'study-stage': '1', 'decision-state': 0, 'vitals-state': 0, 'airspace-state': 0, 'data': {'page': 'Inflight', 'action': 'Weather emergency- emergnecy propmt displayed'}}
INFO:root:1723585549.919222,ID:1022,STAGE:1,SEQUENCE:1234,DATA:{'time': 1723585549.914, 'user-id': '1022', 'source': 'HAI Interface', 'destination-index': '3', 'study-stage': '1', 'decision-state': 0, 'vitals-state': 0, 'airspace-state': 0, 'data': {'page': 'Inflight', 'action': 'Weather emergency- show more info button pressed'}}
INFO:root:1723585549.934813,ID:1022,STAGE:1,SEQUENCE:1234,DATA:{'time': 1723585549.928, 'user-id': '1022', 'source': 'HAI Interface', 'destination-index': '3', 'study-stage': '1', 'decision-state': 0, 'vitals-state': 0, 'airspace-state': 0, 'data': {'page': 'emergency', 'action': 'trying to change destination to19'}}
INFO:root:Inflight Radio Update asked
INFO:root:sent request to set radio update complete
INFO:root:1723585554.897735,ID:1022,STAGE:1,SEQUENCE:1234,DATA:{'time': 1723585554.892, 'user-id': '1022', 'source': 'HAI Interface', 'destination-index': '3', 'study-stage': '1', 'decision-state': 0, 'vitals-state': 0, 'airspace-state': 0, 'data': {'page': 'emergency', 'action': 'trying to change destination to19'}}
INFO:root:1723585559.96802,ID:1022,STAGE:1,SEQUENCE:1234,DATA:{'time': 1723585559.961, 'user-id': '1022', 'source': 'HAI Interface', 'destination-index': '3', 'study-stage': '1', 'decision-state': 0, 'vitals-state': 0, 'airspace-state': 0, 'data': {'page': 'emergency', 'action': 'trying to change destination to19'}}
INFO:root:1723585564.952002,ID:1022,STAGE:1,SEQUENCE:1234,DATA:{'time': 1723585564.944, 'user-id': '1022', 'source': 'HAI Interface', 'destination-index': '3', 'study-stage': '1', 'decision-state': 0, 'vitals-state': 0, 'airspace-state': 0, 'data': {'page': 'emergency', 'action': 'trying to change destination to19'}}
INFO:root:1723585564.95353,ID:1022,STAGE:1,SEQUENCE:1234,DATA:{'time': 1723585564.945, 'user-id': '1022', 'source': 'HAI Interface', 'destination-index': '3', 'study-stage': '1', 'decision-state': 0, 'vitals-state': 0, 'airspace-state': 0, 'data': {'page': 'emergency', 'action': 'show Pressure Miscalibrated Warning, hide map'}}
INFO:root:1723585564.955525,ID:1022,STAGE:1,SEQUENCE:1234,DATA:{'time': 1723585564.945, 'user-id': '1022', 'source': 'HAI Interface', 'destination-index': '3', 'study-stage': '1', 'decision-state': 0, 'vitals-state': 0, 'airspace-state': 0, 'data': {'page': 'map', 'action': 'hide map'}}
INFO:root:1723585564.959734,ID:1022,STAGE:1,SEQUENCE:1234,DATA:{'time': 1723585564.946, 'user-id': '1022', 'source': 'HAI Interface', 'destination-index': '3', 'study-stage': '1', 'decision-state': 0, 'vitals-state': 0, 'airspace-state': 0, 'data': {'page': 'Inflight', 'action': 'Pressure Warning alert activated'}}
INFO:root:1723585565.763606,ID:1022,STAGE:1,SEQUENCE:1234,DATA:{'time': 1723585565.758, 'user-id': '1022', 'source': 'HAI Interface', 'destination-index': '3', 'study-stage': '1', 'decision-state': 0, 'vitals-state': 0, 'airspace-state': 0, 'data': {'page': 'Inflight', 'action': 'Weather emergency- close button pressed'}}
INFO:root:1723585570.014309,ID:1022,STAGE:1,SEQUENCE:1234,DATA:{'time': 1723585570.009, 'user-id': '1022', 'source': 'HAI Interface', 'destination-index': '3', 'study-stage': '1', 'decision-state': 0, 'vitals-state': 0, 'airspace-state': 0, 'data': {'page': 'emergency', 'action': 'trying to change destination to19'}}
INFO:root:1723585570.015308,ID:1022,STAGE:1,SEQUENCE:1234,DATA:{'time': 1723585570.009, 'user-id': '1022', 'source': 'HAI Interface', 'destination-index': '3', 'study-stage': '1', 'decision-state': 0, 'vitals-state': 0, 'airspace-state': 0, 'data': {'page': 'emergency', 'action': 'show Pressure Miscalibrated Warning, hide map'}}
INFO:root:1723585570.017302,ID:1022,STAGE:1,SEQUENCE:1234,DATA:{'time': 1723585570.009, 'user-id': '1022', 'source': 'HAI Interface', 'destination-index': '3', 'study-stage': '1', 'decision-state': 0, 'vitals-state': 0, 'airspace-state': 0, 'data': {'page': 'map', 'action': 'hide map'}}
INFO:root:1723585570.020294,ID:1022,STAGE:1,SEQUENCE:1234,DATA:{'time': 1723585570.01, 'user-id': '1022', 'source': 'HAI Interface', 'destination-index': '3', 'study-stage': '1', 'decision-state': 0, 'vitals-state': 0, 'airspace-state': 0, 'data': {'page': 'Inflight', 'action': 'Pressure Warning alert activated'}}
INFO:root:voice activity detected
INFO:root:recording started
INFO:root:1723585574.997707,ID:1022,STAGE:1,SEQUENCE:1234,DATA:{'time': 1723585574.991, 'user-id': '1022', 'source': 'HAI Interface', 'destination-index': '3', 'study-stage': '1', 'decision-state': 0, 'vitals-state': 0, 'airspace-state': 0, 'data': {'page': 'emergency', 'action': 'trying to change destination to19'}}
INFO:root:1723585574.999211,ID:1022,STAGE:1,SEQUENCE:1234,DATA:{'time': 1723585574.991, 'user-id': '1022', 'source': 'HAI Interface', 'destination-index': '3', 'study-stage': '1', 'decision-state': 0, 'vitals-state': 0, 'airspace-state': 0, 'data': {'page': 'emergency', 'action': 'show Pressure Miscalibrated Warning, hide map'}}
INFO:root:1723585575.000214,ID:1022,STAGE:1,SEQUENCE:1234,DATA:{'time': 1723585574.992, 'user-id': '1022', 'source': 'HAI Interface', 'destination-index': '3', 'study-stage': '1', 'decision-state': 0, 'vitals-state': 0, 'airspace-state': 0, 'data': {'page': 'map', 'action': 'hide map'}}
INFO:root:1723585575.00471,ID:1022,STAGE:1,SEQUENCE:1234,DATA:{'time': 1723585574.992, 'user-id': '1022', 'source': 'HAI Interface', 'destination-index': '3', 'study-stage': '1', 'decision-state': 0, 'vitals-state': 0, 'airspace-state': 0, 'data': {'page': 'Inflight', 'action': 'Pressure Warning alert activated'}}
INFO:root:1723585575.007706,ID:1022,STAGE:1,SEQUENCE:1234,DATA:{'time': 1723585574.993, 'user-id': '1022', 'source': 'HAI Interface', 'destination-index': '3', 'study-stage': '1', 'decision-state': 0, 'vitals-state': 0, 'airspace-state': 0, 'data': {'page': 'emergency', 'action': 'show Weather Emergency Alert, hide map'}}
INFO:root:1723585575.010698,ID:1022,STAGE:1,SEQUENCE:1234,DATA:{'time': 1723585574.993, 'user-id': '1022', 'source': 'HAI Interface', 'destination-index': '3', 'study-stage': '1', 'decision-state': 0, 'vitals-state': 0, 'airspace-state': 0, 'data': {'page': 'map', 'action': 'hide map'}}
INFO:root:1723585575.012693,ID:1022,STAGE:1,SEQUENCE:1234,DATA:{'time': 1723585574.994, 'user-id': '1022', 'source': 'HAI Interface', 'destination-index': '3', 'study-stage': '1', 'decision-state': 0, 'vitals-state': 0, 'airspace-state': 0, 'data': {'page': 'Inflight', 'action': 'Weather emergency- emergnecy propmt displayed'}}
INFO:root:voice deactivity detected
INFO:root:recording stopped
INFO:root:1723585579.932977,ID:1022,STAGE:1,SEQUENCE:1234,DATA:{'time': 1723585579.928, 'user-id': '1022', 'source': 'HAI Interface', 'destination-index': '3', 'study-stage': '1', 'decision-state': 0, 'vitals-state': 0, 'airspace-state': 0, 'data': {'page': 'Inflight', 'action': 'Weather emergency- close button pressed'}}
INFO:root:1723585580.004373,ID:1022,STAGE:1,SEQUENCE:1234,DATA:{'time': 1723585579.997, 'user-id': '1022', 'source': 'HAI Interface', 'destination-index': '3', 'study-stage': '1', 'decision-state': 0, 'vitals-state': 0, 'airspace-state': 0, 'data': {'page': 'emergency', 'action': 'trying to change destination to19'}}
INFO:root:1723585580.005876,ID:1022,STAGE:1,SEQUENCE:1234,DATA:{'time': 1723585579.997, 'user-id': '1022', 'source': 'HAI Interface', 'destination-index': '3', 'study-stage': '1', 'decision-state': 0, 'vitals-state': 0, 'airspace-state': 0, 'data': {'page': 'emergency', 'action': 'show Pressure Miscalibrated Warning, hide map'}}
INFO:root:1723585580.006878,ID:1022,STAGE:1,SEQUENCE:1234,DATA:{'time': 1723585579.998, 'user-id': '1022', 'source': 'HAI Interface', 'destination-index': '3', 'study-stage': '1', 'decision-state': 0, 'vitals-state': 0, 'airspace-state': 0, 'data': {'page': 'map', 'action': 'hide map'}}
INFO:root:1723585580.009383,ID:1022,STAGE:1,SEQUENCE:1234,DATA:{'time': 1723585579.998, 'user-id': '1022', 'source': 'HAI Interface', 'destination-index': '3', 'study-stage': '1', 'decision-state': 0, 'vitals-state': 0, 'airspace-state': 0, 'data': {'page': 'Inflight', 'action': 'Pressure Warning alert activated'}}
INFO:root:1723585580.014373,ID:1022,STAGE:1,SEQUENCE:1234,DATA:{'time': 1723585579.999, 'user-id': '1022', 'source': 'HAI Interface', 'destination-index': '3', 'study-stage': '1', 'decision-state': 0, 'vitals-state': 0, 'airspace-state': 0, 'data': {'page': 'emergency', 'action': 'show Weather Emergency Alert, hide map'}}
INFO:root:1723585580.020354,ID:1022,STAGE:1,SEQUENCE:1234,DATA:{'time': 1723585579.999, 'user-id': '1022', 'source': 'HAI Interface', 'destination-index': '3', 'study-stage': '1', 'decision-state': 0, 'vitals-state': 0, 'airspace-state': 0, 'data': {'page': 'map', 'action': 'hide map'}}
INFO:root:1723585580.022348,ID:1022,STAGE:1,SEQUENCE:1234,DATA:{'time': 1723585579.999, 'user-id': '1022', 'source': 'HAI Interface', 'destination-index': '3', 'study-stage': '1', 'decision-state': 0, 'vitals-state': 0, 'airspace-state': 0, 'data': {'page': 'Inflight', 'action': 'Weather emergency- emergnecy propmt displayed'}}
INFO:root:1723585581.475144,ID:1022,STAGE:1,SEQUENCE:1234,DATA:{'time': 1723585581.457, 'user-id': '1022', 'source': 'HAI Interface', 'destination-index': '3', 'study-stage': '1', 'decision-state': 0, 'vitals-state': 0, 'airspace-state': 0, 'data': {'page': 'map', 'action': 'show map'}}
INFO:root:1723585581.477645,ID:1022,STAGE:1,SEQUENCE:1234,DATA:{'time': 1723585581.458, 'user-id': '1022', 'source': 'HAI Interface', 'destination-index': '3', 'study-stage': '1', 'decision-state': 0, 'vitals-state': 0, 'airspace-state': 0, 'data': {'page': 'map', 'action': 'selected helipad', 'value': '21'}}
INFO:root:1723585581.664266,ID:1022,STAGE:1,SEQUENCE:1234,DATA:{'time': 1723585581.625, 'user-id': 'none', 'source': 'HAI Interface', 'destination-index': 3, 'study-stage': -1, 'decision-state': 0, 'vitals-state': 0, 'airspace-state': 0, 'data': {'page': 'change-destination', 'action': 'opened page'}}
