INFO:root:1721071050.092167,ID:1002,STAGE:4,SEQUENCE:1324,DATA:{'time': 1721071050.089, 'user-id': '1002', 'source': 'HAI Interface', 'destination-index': 'None', 'study-stage': '4', 'decision-state': 0, 'vitals-state': 0, 'airspace-state': 0, 'data': {'page': 'index', 'action': 'confirm button pressed'}}
INFO:root:1721071050.220454,ID:1002,STAGE:4,SEQUENCE:1324,DATA:{'time': 1721071050.198, 'user-id': 'none', 'source': 'HAI Interface', 'destination-index': 3, 'study-stage': -1, 'decision-state': 0, 'vitals-state': 0, 'airspace-state': 0, 'data': {'page': 'location', 'action': 'opened page'}}
INFO:root:Takeoff radiocomms initiated
INFO:root:1721071051.174319,ID:1002,STAGE:4,SEQUENCE:1324,DATA:{'time': 1721071051.17, 'user-id': '1002', 'source': 'HAI Interface', 'destination-index': 'None', 'study-stage': '4', 'decision-state': 0, 'vitals-state': 0, 'airspace-state': 0, 'data': {'page': 'map', 'action': 'selected helipad', 'value': '21'}}
INFO:root:1721071055.238392,ID:1002,STAGE:4,SEQUENCE:1324,DATA:{'time': 1721071055.235, 'user-id': '1002', 'source': 'HAI Interface', 'destination-index': 'None', 'study-stage': '4', 'decision-state': 0, 'vitals-state': 0, 'airspace-state': 0, 'data': {'page': 'location', 'action': 'confirm button pressed'}}
INFO:root:1721071055.463098,ID:1002,STAGE:4,SEQUENCE:1324,DATA:{'time': 1721071055.455, 'user-id': 'none', 'source': 'HAI Interface', 'destination-index': 3, 'study-stage': -1, 'decision-state': 0, 'vitals-state': 0, 'airspace-state': 0, 'data': {'page': 'checklist', 'action': 'opened page', 'inflight': False}}
INFO:root:1721071056.430524,ID:1002,STAGE:4,SEQUENCE:1324,DATA:{'time': 1721071056.428, 'user-id': '1002', 'source': 'HAI Interface', 'destination-index': '3', 'study-stage': '4', 'decision-state': 0, 'vitals-state': 0, 'airspace-state': 0, 'data': {'page': 'map', 'action': 'selected helipad', 'value': '21'}}
INFO:root:1721071057.911043,ID:1002,STAGE:4,SEQUENCE:1324,DATA:{'time': 1721071057.908, 'user-id': '1002', 'source': 'HAI Interface', 'destination-index': '3', 'study-stage': '4', 'decision-state': 0, 'vitals-state': 0, 'airspace-state': 0, 'data': {'page': 'checklist', 'action': 'toggled checkbox', 'inflight': False, 'item': 0, 'value': 'OFF'}}
INFO:root:1721071058.40422,ID:1002,STAGE:4,SEQUENCE:1324,DATA:{'time': 1721071058.402, 'user-id': '1002', 'source': 'HAI Interface', 'destination-index': '3', 'study-stage': '4', 'decision-state': 0, 'vitals-state': 0, 'airspace-state': 0, 'data': {'page': 'checklist', 'action': 'toggled checkbox', 'inflight': False, 'item': 1, 'value': 'OFF'}}
INFO:root:1721071058.882973,ID:1002,STAGE:4,SEQUENCE:1324,DATA:{'time': 1721071058.879, 'user-id': '1002', 'source': 'HAI Interface', 'destination-index': '3', 'study-stage': '4', 'decision-state': 0, 'vitals-state': 0, 'airspace-state': 0, 'data': {'page': 'checklist', 'action': 'toggled checkbox', 'inflight': False, 'item': 2, 'value': 'OFF'}}
INFO:root:1721071058.88497,ID:1002,STAGE:4,SEQUENCE:1324,DATA:{'time': 1721071058.88, 'user-id': '1002', 'source': 'HAI Interface', 'destination-index': '3', 'study-stage': '4', 'decision-state': 0, 'vitals-state': 0, 'airspace-state': 0, 'data': {'page': 'checklist', 'action': 'showing confirm button', 'inflight': False}}
INFO:root:Takeoff radiocomms clear request sent
INFO:root:1721071067.638527,ID:1002,STAGE:4,SEQUENCE:1324,DATA:{'time': 1721071067.635, 'user-id': '1002', 'source': 'HAI Interface', 'destination-index': '3', 'study-stage': '4', 'decision-state': 0, 'vitals-state': 0, 'airspace-state': 0, 'data': {'page': 'checklist', 'action': 'confirm button clicked', 'inflight': False}}
INFO:root:1721071067.740863,ID:1002,STAGE:4,SEQUENCE:1324,DATA:{'time': 1721071067.728, 'user-id': 'none', 'source': 'HAI Interface', 'destination-index': 3, 'study-stage': -1, 'decision-state': 0, 'vitals-state': 0, 'airspace-state': 0, 'data': {'page': 'countdown', 'action': 'opened page'}}
INFO:root:1721071068.705761,ID:1002,STAGE:4,SEQUENCE:1324,DATA:{'time': 1721071068.701, 'user-id': '1002', 'source': 'HAI Interface', 'destination-index': '3', 'study-stage': '4', 'decision-state': 0, 'vitals-state': 0, 'airspace-state': 0, 'data': {'page': 'map', 'action': 'selected helipad', 'value': '21'}}
INFO:root:1721071068.735751,ID:1002,STAGE:4,SEQUENCE:1324,DATA:{'time': 1721071068.731, 'user-id': '1002', 'source': 'HAI Interface', 'destination-index': '3', 'study-stage': '4', 'decision-state': 0, 'vitals-state': 0, 'airspace-state': 0, 'data': {'page': 'countdown', 'action': 'countdown now 4'}}
INFO:root:1721071069.733157,ID:1002,STAGE:4,SEQUENCE:1324,DATA:{'time': 1721071069.73, 'user-id': '1002', 'source': 'HAI Interface', 'destination-index': '3', 'study-stage': '4', 'decision-state': 0, 'vitals-state': 0, 'airspace-state': 0, 'data': {'page': 'countdown', 'action': 'countdown now 3'}}
INFO:root:1721071070.738105,ID:1002,STAGE:4,SEQUENCE:1324,DATA:{'time': 1721071070.735, 'user-id': '1002', 'source': 'HAI Interface', 'destination-index': '3', 'study-stage': '4', 'decision-state': 0, 'vitals-state': 0, 'airspace-state': 0, 'data': {'page': 'countdown', 'action': 'countdown now 2'}}
INFO:root:1721071071.738644,ID:1002,STAGE:4,SEQUENCE:1324,DATA:{'time': 1721071071.735, 'user-id': '1002', 'source': 'HAI Interface', 'destination-index': '3', 'study-stage': '4', 'decision-state': 0, 'vitals-state': 0, 'airspace-state': 0, 'data': {'page': 'countdown', 'action': 'countdown now 1'}}
INFO:root:1721071072.742025,ID:1002,STAGE:4,SEQUENCE:1324,DATA:{'time': 1721071072.733, 'user-id': '1002', 'source': 'HAI Interface', 'destination-index': '3', 'study-stage': '4', 'decision-state': 0, 'vitals-state': 0, 'airspace-state': 0, 'data': {'page': 'countdown', 'action': 'countdown now 0'}}
INFO:root:1721071073.735802,ID:1002,STAGE:4,SEQUENCE:1324,DATA:{'time': 1721071073.731, 'user-id': '1002', 'source': 'HAI Interface', 'destination-index': '3', 'study-stage': '4', 'decision-state': 0, 'vitals-state': 0, 'airspace-state': 0, 'data': {'page': 'countdown', 'action': 'countdown complete'}}
INFO:root:1721071075.051958,ID:1002,STAGE:4,SEQUENCE:1324,DATA:{'time': 1721071075.048, 'user-id': '1002', 'source': 'HAI Interface', 'destination-index': '3', 'study-stage': '4', 'decision-state': 0, 'vitals-state': 0, 'airspace-state': 0, 'data': {'page': 'map', 'action': 'selected helipad', 'value': '21'}}
INFO:root:1721071076.995953,ID:1002,STAGE:4,SEQUENCE:1324,DATA:{'time': 1721071076.992, 'user-id': '1002', 'source': 'HAI Interface', 'destination-index': '3', 'study-stage': '4', 'decision-state': 0, 'vitals-state': 0, 'airspace-state': 0, 'data': {'action': 'radio panel opened'}}
INFO:root:1721071078.487263,ID:1002,STAGE:4,SEQUENCE:1324,DATA:{'time': 1721071078.48, 'user-id': '1002', 'source': 'HAI Interface', 'destination-index': '3', 'study-stage': '4', 'decision-state': 0, 'vitals-state': 0, 'airspace-state': 0, 'data': {'page': 'map', 'action': 'show map'}}
INFO:root:1721071078.491011,ID:1002,STAGE:4,SEQUENCE:1324,DATA:{'time': 1721071078.481, 'user-id': '1002', 'source': 'HAI Interface', 'destination-index': '3', 'study-stage': '4', 'decision-state': 0, 'vitals-state': 0, 'airspace-state': 0, 'data': {'page': 'map', 'action': 'selected helipad', 'value': '21'}}
INFO:root:1721071079.26743,ID:1002,STAGE:4,SEQUENCE:1324,DATA:{'time': 1721071079.262, 'user-id': '1002', 'source': 'HAI Interface', 'destination-index': '3', 'study-stage': '4', 'decision-state': 0, 'vitals-state': 0, 'airspace-state': 0, 'data': {'page': 'emergency', 'action': 'trying to change destination to100'}}
INFO:root:Inflight Radio Update asked
INFO:root:sent request to set radio update complete
INFO:root:1721071084.299311,ID:1002,STAGE:4,SEQUENCE:1324,DATA:{'time': 1721071084.29, 'user-id': '1002', 'source': 'HAI Interface', 'destination-index': '3', 'study-stage': '4', 'decision-state': 0, 'vitals-state': 0, 'airspace-state': 0, 'data': {'page': 'emergency', 'action': 'trying to change destination to19'}}
INFO:root:1721071089.273441,ID:1002,STAGE:4,SEQUENCE:1324,DATA:{'time': 1721071089.268, 'user-id': '1002', 'source': 'HAI Interface', 'destination-index': '3', 'study-stage': '4', 'decision-state': 0, 'vitals-state': 0, 'airspace-state': 0, 'data': {'page': 'emergency', 'action': 'trying to change destination to19'}}
INFO:root:1721071094.275159,ID:1002,STAGE:4,SEQUENCE:1324,DATA:{'time': 1721071094.27, 'user-id': '1002', 'source': 'HAI Interface', 'destination-index': '3', 'study-stage': '4', 'decision-state': 0, 'vitals-state': 0, 'airspace-state': 0, 'data': {'page': 'emergency', 'action': 'trying to change destination to19'}}
INFO:root:1721071099.229303,ID:1002,STAGE:4,SEQUENCE:1324,DATA:{'time': 1721071099.224, 'user-id': '1002', 'source': 'HAI Interface', 'destination-index': '3', 'study-stage': '4', 'decision-state': 0, 'vitals-state': 0, 'airspace-state': 0, 'data': {'page': 'emergency', 'action': 'trying to change destination to19'}}
INFO:root:1721071104.286598,ID:1002,STAGE:4,SEQUENCE:1324,DATA:{'time': 1721071104.282, 'user-id': '1002', 'source': 'HAI Interface', 'destination-index': '3', 'study-stage': '4', 'decision-state': 0, 'vitals-state': 0, 'airspace-state': 0, 'data': {'action': 'radio panel closed'}}
INFO:root:1721071104.301571,ID:1002,STAGE:4,SEQUENCE:1324,DATA:{'time': 1721071104.294, 'user-id': '1002', 'source': 'HAI Interface', 'destination-index': '3', 'study-stage': '4', 'decision-state': 0, 'vitals-state': 0, 'airspace-state': 0, 'data': {'page': 'emergency', 'action': 'trying to change destination to19'}}
INFO:root:1721071106.777375,ID:1002,STAGE:4,SEQUENCE:1324,DATA:{'time': 1721071106.773, 'user-id': '1002', 'source': 'HAI Interface', 'destination-index': '3', 'study-stage': '4', 'decision-state': 0, 'vitals-state': 0, 'airspace-state': 0, 'data': {'action': 'radio panel opened'}}
INFO:root:1721071109.217074,ID:1002,STAGE:4,SEQUENCE:1324,DATA:{'time': 1721071109.212, 'user-id': '1002', 'source': 'HAI Interface', 'destination-index': '3', 'study-stage': '4', 'decision-state': 0, 'vitals-state': 0, 'airspace-state': 0, 'data': {'page': 'emergency', 'action': 'trying to change destination to19'}}
INFO:root:1721071114.250061,ID:1002,STAGE:4,SEQUENCE:1324,DATA:{'time': 1721071114.245, 'user-id': '1002', 'source': 'HAI Interface', 'destination-index': '3', 'study-stage': '4', 'decision-state': 0, 'vitals-state': 0, 'airspace-state': 0, 'data': {'page': 'emergency', 'action': 'trying to change destination to19'}}
INFO:root:1721071119.255999,ID:1002,STAGE:4,SEQUENCE:1324,DATA:{'time': 1721071119.248, 'user-id': '1002', 'source': 'HAI Interface', 'destination-index': '3', 'study-stage': '4', 'decision-state': 0, 'vitals-state': 0, 'airspace-state': 0, 'data': {'page': 'emergency', 'action': 'trying to change destination to19'}}
INFO:root:1721071124.296399,ID:1002,STAGE:4,SEQUENCE:1324,DATA:{'time': 1721071124.29, 'user-id': '1002', 'source': 'HAI Interface', 'destination-index': '3', 'study-stage': '4', 'decision-state': 0, 'vitals-state': 0, 'airspace-state': 0, 'data': {'page': 'emergency', 'action': 'trying to change destination to19'}}
INFO:root:1721071128.21217,ID:1002,STAGE:4,SEQUENCE:1324,DATA:{'time': 1721071128.207, 'user-id': '1002', 'source': 'HAI Interface', 'destination-index': '3', 'study-stage': '4', 'decision-state': 0, 'vitals-state': 0, 'airspace-state': 0, 'data': {'page': 'inflight', 'action': 'displaying vitals prompt'}}
INFO:root:1721071129.237163,ID:1002,STAGE:4,SEQUENCE:1324,DATA:{'time': 1721071129.232, 'user-id': '1002', 'source': 'HAI Interface', 'destination-index': '3', 'study-stage': '4', 'decision-state': 0, 'vitals-state': 0, 'airspace-state': 0, 'data': {'page': 'emergency', 'action': 'trying to change destination to19'}}
INFO:root:1721071129.807375,ID:1002,STAGE:4,SEQUENCE:1324,DATA:{'time': 1721071129.802, 'user-id': '1002', 'source': 'HAI Interface', 'destination-index': '3', 'study-stage': '4', 'decision-state': 0, 'vitals-state': 0, 'airspace-state': 0, 'data': {'page': 'inflight', 'action': 'user acknowledged vitals prompt'}}
INFO:root:1721071133.151251,ID:1002,STAGE:4,SEQUENCE:1324,DATA:{'time': 1721071133.148, 'source': 'VitalsTask', 'timer': 107.21, 'data': {'sensor': 'Heart Rate', 'action': 'capture', 'data': 'action button pressed'}}
INFO:root:1721071133.152248,ID:1002,STAGE:4,SEQUENCE:1324,DATA:{'time': 1721071133.149, 'source': 'VitalsTask', 'timer': 107.211, 'data': {'sensor': 'Heart Rate', 'action': 'capture', 'data': 'starting sensor action'}}
INFO:root:1721071134.168655,ID:1002,STAGE:4,SEQUENCE:1324,DATA:{'time': 1721071134.16, 'source': 'VitalsTask', 'timer': 108.222, 'data': {'sensor': 'Heart Rate', 'action': 'capture', 'data': 'sensor action complete'}}
INFO:root:1721071134.171646,ID:1002,STAGE:4,SEQUENCE:1324,DATA:{'time': 1721071134.161, 'source': 'VitalsTask', 'timer': 108.223, 'data': {'sensor': 'Heart Rate', 'action': 'keypad open'}}
INFO:root:1721071134.300566,ID:1002,STAGE:4,SEQUENCE:1324,DATA:{'time': 1721071134.295, 'user-id': '1002', 'source': 'HAI Interface', 'destination-index': '3', 'study-stage': '4', 'decision-state': 0, 'vitals-state': 0, 'airspace-state': 0, 'data': {'page': 'emergency', 'action': 'trying to change destination to19'}}
INFO:root:1721071134.920122,ID:1002,STAGE:4,SEQUENCE:1324,DATA:{'time': 1721071134.917, 'source': 'VitalsTask', 'timer': 108.979, 'data': {'sensor': 'Heart Rate', 'action': 'keypad press', 'key': 5, 'value': 5}}
INFO:root:1721071135.198909,ID:1002,STAGE:4,SEQUENCE:1324,DATA:{'time': 1721071135.198, 'source': 'VitalsTask', 'timer': 109.26, 'data': {'sensor': 'Heart Rate', 'action': 'keypad press', 'key': 5, 'value': 55}}
INFO:root:1721071136.273315,ID:1002,STAGE:4,SEQUENCE:1324,DATA:{'time': 1721071136.273, 'source': 'VitalsTask', 'timer': 110.335, 'data': {'sensor': 'Heart Rate', 'action': 'show action buttons'}}
INFO:root:1721071136.27531,ID:1002,STAGE:4,SEQUENCE:1324,DATA:{'time': 1721071136.273, 'source': 'VitalsTask', 'timer': 110.335, 'data': {'sensor': 'Heart Rate', 'action': 'keypad press', 'key': 10, 'value': 55}}
INFO:root:1721071137.526021,ID:1002,STAGE:4,SEQUENCE:1324,DATA:{'time': 1721071137.525, 'source': 'VitalsTask', 'timer': 111.587, 'data': {'sensor': 'Heart Rate', 'action': 'log', 'data': 'action button pressed'}}
INFO:root:1721071137.526982,ID:1002,STAGE:4,SEQUENCE:1324,DATA:{'time': 1721071137.525, 'source': 'VitalsTask', 'timer': 111.587, 'data': {'sensor': 'Heart Rate', 'action': 'log', 'data': 'starting sensor action'}}
INFO:root:1721071138.538669,ID:1002,STAGE:4,SEQUENCE:1324,DATA:{'time': 1721071138.537, 'source': 'VitalsTask', 'timer': 112.599, 'data': {'sensor': 'Heart Rate', 'action': 'log', 'data': 'sensor action complete'}}
INFO:root:1721071138.589969,ID:1002,STAGE:4,SEQUENCE:1324,DATA:{'time': 1721071138.587, 'source': 'VitalsTask', 'timer': 112.649, 'data': {'sensor': 'Heart Rate', 'action': 'save', 'data': 'action button pressed'}}
INFO:root:1721071138.590968,ID:1002,STAGE:4,SEQUENCE:1324,DATA:{'time': 1721071138.588, 'source': 'VitalsTask', 'timer': 112.65, 'data': {'sensor': 'Heart Rate', 'action': 'save', 'data': 'starting sensor action'}}
INFO:root:1721071139.237353,ID:1002,STAGE:4,SEQUENCE:1324,DATA:{'time': 1721071139.232, 'user-id': '1002', 'source': 'HAI Interface', 'destination-index': '3', 'study-stage': '4', 'decision-state': 0, 'vitals-state': 0, 'airspace-state': 0, 'data': {'page': 'emergency', 'action': 'trying to change destination to19'}}
INFO:root:1721071139.599517,ID:1002,STAGE:4,SEQUENCE:1324,DATA:{'time': 1721071139.598, 'source': 'VitalsTask', 'timer': 113.66, 'data': {'sensor': 'Heart Rate', 'action': 'save', 'data': 'sensor action complete'}}
INFO:root:1721071140.58901,ID:1002,STAGE:4,SEQUENCE:1324,DATA:{'time': 1721071140.586, 'source': 'VitalsTask', 'timer': 114.648, 'data': {'sensor': 'O\u2082 Saturation', 'action': 'opened sensor tab'}}
INFO:root:1721071142.13445,ID:1002,STAGE:4,SEQUENCE:1324,DATA:{'time': 1721071142.133, 'source': 'VitalsTask', 'timer': 116.195, 'data': {'sensor': 'O\u2082 Saturation', 'action': 'capture', 'data': 'action button pressed'}}
INFO:root:1721071142.135493,ID:1002,STAGE:4,SEQUENCE:1324,DATA:{'time': 1721071142.134, 'source': 'VitalsTask', 'timer': 116.196, 'data': {'sensor': 'O\u2082 Saturation', 'action': 'capture', 'data': 'starting sensor action'}}
INFO:root:1721071143.15377,ID:1002,STAGE:4,SEQUENCE:1324,DATA:{'time': 1721071143.151, 'source': 'VitalsTask', 'timer': 117.213, 'data': {'sensor': 'O\u2082 Saturation', 'action': 'capture', 'data': 'sensor action complete'}}
INFO:root:1721071143.156765,ID:1002,STAGE:4,SEQUENCE:1324,DATA:{'time': 1721071143.152, 'source': 'VitalsTask', 'timer': 117.214, 'data': {'sensor': 'O\u2082 Saturation', 'action': 'keypad open'}}
INFO:root:1721071143.819713,ID:1002,STAGE:4,SEQUENCE:1324,DATA:{'time': 1721071143.819, 'source': 'VitalsTask', 'timer': 117.881, 'data': {'sensor': 'O\u2082 Saturation', 'action': 'keypad press', 'key': 1, 'value': 1}}
INFO:root:1721071144.297647,ID:1002,STAGE:4,SEQUENCE:1324,DATA:{'time': 1721071144.292, 'user-id': '1002', 'source': 'HAI Interface', 'destination-index': '3', 'study-stage': '4', 'decision-state': 0, 'vitals-state': 0, 'airspace-state': 0, 'data': {'page': 'emergency', 'action': 'trying to change destination to19'}}
INFO:root:1721071144.741248,ID:1002,STAGE:4,SEQUENCE:1324,DATA:{'time': 1721071144.74, 'source': 'VitalsTask', 'timer': 118.802, 'data': {'sensor': 'O\u2082 Saturation', 'action': 'keypad press', 'key': 11, 'value': 10}}
INFO:root:1721071145.201749,ID:1002,STAGE:4,SEQUENCE:1324,DATA:{'time': 1721071145.199, 'source': 'VitalsTask', 'timer': 119.261, 'data': {'sensor': 'O\u2082 Saturation', 'action': 'keypad press', 'key': 11, 'value': 100}}
INFO:root:1721071145.941844,ID:1002,STAGE:4,SEQUENCE:1324,DATA:{'time': 1721071145.939, 'source': 'VitalsTask', 'timer': 120.001, 'data': {'sensor': 'O\u2082 Saturation', 'action': 'show action buttons'}}
INFO:root:1721071145.943406,ID:1002,STAGE:4,SEQUENCE:1324,DATA:{'time': 1721071145.94, 'source': 'VitalsTask', 'timer': 120.002, 'data': {'sensor': 'O\u2082 Saturation', 'action': 'keypad press', 'key': 10, 'value': 100}}
INFO:root:1721071147.499713,ID:1002,STAGE:4,SEQUENCE:1324,DATA:{'time': 1721071147.498, 'source': 'VitalsTask', 'timer': 121.56, 'data': {'sensor': 'O\u2082 Saturation', 'action': 'log', 'data': 'action button pressed'}}
INFO:root:1721071147.501707,ID:1002,STAGE:4,SEQUENCE:1324,DATA:{'time': 1721071147.498, 'source': 'VitalsTask', 'timer': 121.56, 'data': {'sensor': 'O\u2082 Saturation', 'action': 'log', 'data': 'starting sensor action'}}
INFO:root:1721071148.516896,ID:1002,STAGE:4,SEQUENCE:1324,DATA:{'time': 1721071148.515, 'source': 'VitalsTask', 'timer': 122.577, 'data': {'sensor': 'O\u2082 Saturation', 'action': 'log', 'data': 'sensor action complete'}}
INFO:root:1721071149.062375,ID:1002,STAGE:4,SEQUENCE:1324,DATA:{'time': 1721071149.06, 'source': 'VitalsTask', 'timer': 123.122, 'data': {'sensor': 'O\u2082 Saturation', 'action': 'save', 'data': 'action button pressed'}}
INFO:root:1721071149.063373,ID:1002,STAGE:4,SEQUENCE:1324,DATA:{'time': 1721071149.061, 'source': 'VitalsTask', 'timer': 123.123, 'data': {'sensor': 'O\u2082 Saturation', 'action': 'save', 'data': 'starting sensor action'}}
INFO:root:1721071149.247813,ID:1002,STAGE:4,SEQUENCE:1324,DATA:{'time': 1721071149.244, 'user-id': '1002', 'source': 'HAI Interface', 'destination-index': '3', 'study-stage': '4', 'decision-state': 0, 'vitals-state': 0, 'airspace-state': 0, 'data': {'page': 'emergency', 'action': 'trying to change destination to19'}}
INFO:root:1721071150.075009,ID:1002,STAGE:4,SEQUENCE:1324,DATA:{'time': 1721071150.074, 'source': 'VitalsTask', 'timer': 124.136, 'data': {'sensor': 'O\u2082 Saturation', 'action': 'save', 'data': 'sensor action complete'}}
INFO:root:1721071151.038399,ID:1002,STAGE:4,SEQUENCE:1324,DATA:{'time': 1721071151.036, 'source': 'VitalsTask', 'timer': 125.098, 'data': {'sensor': 'Blood Pressure', 'action': 'opened sensor tab'}}
INFO:root:1721071151.825609,ID:1002,STAGE:4,SEQUENCE:1324,DATA:{'time': 1721071151.824, 'source': 'VitalsTask', 'timer': 125.886, 'data': {'sensor': 'Blood Pressure', 'action': 'capture', 'data': 'action button pressed'}}
INFO:root:1721071151.826605,ID:1002,STAGE:4,SEQUENCE:1324,DATA:{'time': 1721071151.824, 'source': 'VitalsTask', 'timer': 125.886, 'data': {'sensor': 'Blood Pressure', 'action': 'capture', 'data': 'starting sensor action'}}
INFO:root:1721071152.83891,ID:1002,STAGE:4,SEQUENCE:1324,DATA:{'time': 1721071152.836, 'source': 'VitalsTask', 'timer': 126.898, 'data': {'sensor': 'Blood Pressure', 'action': 'capture', 'data': 'sensor action complete'}}
INFO:root:1721071152.840904,ID:1002,STAGE:4,SEQUENCE:1324,DATA:{'time': 1721071152.837, 'source': 'VitalsTask', 'timer': 126.899, 'data': {'sensor': 'Blood Pressure', 'action': 'keypad open'}}
INFO:root:1721071153.424007,ID:1002,STAGE:4,SEQUENCE:1324,DATA:{'time': 1721071153.42, 'source': 'VitalsTask', 'timer': 127.482, 'data': {'sensor': 'Blood Pressure', 'action': 'keypad press', 'key': 1, 'value': 1}}
INFO:root:1721071153.923079,ID:1002,STAGE:4,SEQUENCE:1324,DATA:{'time': 1721071153.919, 'source': 'VitalsTask', 'timer': 127.981, 'data': {'sensor': 'Blood Pressure', 'action': 'keypad press', 'key': 3, 'value': 13}}
INFO:root:1721071154.215479,ID:1002,STAGE:4,SEQUENCE:1324,DATA:{'time': 1721071154.211, 'user-id': '1002', 'source': 'HAI Interface', 'destination-index': '3', 'study-stage': '4', 'decision-state': 0, 'vitals-state': 0, 'airspace-state': 0, 'data': {'page': 'emergency', 'action': 'trying to change destination to19'}}
INFO:root:1721071155.47352,ID:1002,STAGE:4,SEQUENCE:1324,DATA:{'time': 1721071155.473, 'source': 'VitalsTask', 'timer': 129.535, 'data': {'sensor': 'Blood Pressure', 'action': 'keypad press', 'key': 12, 'value': 1}}
INFO:root:1721071156.401482,ID:1002,STAGE:4,SEQUENCE:1324,DATA:{'time': 1721071156.397, 'source': 'VitalsTask', 'timer': 130.459, 'data': {'sensor': 'Blood Pressure', 'action': 'keypad press', 'key': 2, 'value': 12}}
INFO:root:1721071157.96575,ID:1002,STAGE:4,SEQUENCE:1324,DATA:{'time': 1721071157.965, 'source': 'VitalsTask', 'timer': 132.027, 'data': {'sensor': 'Blood Pressure', 'action': 'keypad press', 'key': 11, 'value': 120}}
INFO:root:1721071158.537763,ID:1002,STAGE:4,SEQUENCE:1324,DATA:{'time': 1721071158.537, 'source': 'VitalsTask', 'timer': 132.599, 'data': {'sensor': 'Blood Pressure', 'action': 'keypad press', 'key': 8, 'value': 1208}}
INFO:root:1721071158.995848,ID:1002,STAGE:4,SEQUENCE:1324,DATA:{'time': 1721071158.994, 'source': 'VitalsTask', 'timer': 133.056, 'data': {'sensor': 'Blood Pressure', 'action': 'keypad press', 'key': 11, 'value': 12080}}
INFO:root:1721071159.297193,ID:1002,STAGE:4,SEQUENCE:1324,DATA:{'time': 1721071159.293, 'user-id': '1002', 'source': 'HAI Interface', 'destination-index': '3', 'study-stage': '4', 'decision-state': 0, 'vitals-state': 0, 'airspace-state': 0, 'data': {'page': 'emergency', 'action': 'trying to change destination to19'}}
INFO:root:1721071159.640882,ID:1002,STAGE:4,SEQUENCE:1324,DATA:{'time': 1721071159.64, 'source': 'VitalsTask', 'timer': 133.702, 'data': {'sensor': 'Blood Pressure', 'action': 'show action buttons'}}
INFO:root:1721071159.643929,ID:1002,STAGE:4,SEQUENCE:1324,DATA:{'time': 1721071159.641, 'source': 'VitalsTask', 'timer': 133.703, 'data': {'sensor': 'Blood Pressure', 'action': 'keypad press', 'key': 10, 'value': 12080}}
INFO:root:1721071160.678762,ID:1002,STAGE:4,SEQUENCE:1324,DATA:{'time': 1721071160.679, 'source': 'VitalsTask', 'timer': 134.741, 'data': {'sensor': 'Blood Pressure', 'action': 'log', 'data': 'action button pressed'}}
INFO:root:1721071160.680761,ID:1002,STAGE:4,SEQUENCE:1324,DATA:{'time': 1721071160.679, 'source': 'VitalsTask', 'timer': 134.741, 'data': {'sensor': 'Blood Pressure', 'action': 'log', 'data': 'starting sensor action'}}
INFO:root:1721071161.699963,ID:1002,STAGE:4,SEQUENCE:1324,DATA:{'time': 1721071161.699, 'source': 'VitalsTask', 'timer': 135.761, 'data': {'sensor': 'Blood Pressure', 'action': 'log', 'data': 'sensor action complete'}}
INFO:root:1721071162.213716,ID:1002,STAGE:4,SEQUENCE:1324,DATA:{'time': 1721071162.212, 'source': 'VitalsTask', 'timer': 136.274, 'data': {'sensor': 'Blood Pressure', 'action': 'save', 'data': 'action button pressed'}}
INFO:root:1721071162.215219,ID:1002,STAGE:4,SEQUENCE:1324,DATA:{'time': 1721071162.213, 'source': 'VitalsTask', 'timer': 136.275, 'data': {'sensor': 'Blood Pressure', 'action': 'save', 'data': 'starting sensor action'}}
INFO:root:1721071163.226473,ID:1002,STAGE:4,SEQUENCE:1324,DATA:{'time': 1721071163.225, 'source': 'VitalsTask', 'timer': 137.287, 'data': {'sensor': 'Blood Pressure', 'action': 'save', 'data': 'sensor action complete'}}
INFO:root:1721071163.654061,ID:1002,STAGE:4,SEQUENCE:1324,DATA:{'time': 1721071163.651, 'source': 'VitalsTask', 'timer': 137.713, 'data': {'sensor': 'submit', 'action': 'submit'}}
INFO:root:1721071163.658565,ID:1002,STAGE:4,SEQUENCE:1324,DATA:{'time': 1721071163.652, 'source': 'VitalsTask', 'timer': 137.714, 'data': {'sensor': 'submit', 'action': 'submit', 'data': 'submit succeeded'}}
INFO:root:1721071164.285038,ID:1002,STAGE:4,SEQUENCE:1324,DATA:{'time': 1721071164.281, 'user-id': '1002', 'source': 'HAI Interface', 'destination-index': '3', 'study-stage': '4', 'decision-state': 0, 'vitals-state': 0, 'airspace-state': 0, 'data': {'page': 'emergency', 'action': 'trying to change destination to19'}}
INFO:root:1721071165.908951,ID:1002,STAGE:4,SEQUENCE:1324,DATA:{'time': 1721071165.909, 'source': 'VitalsTask', 'timer': 2.256, 'data': {'sensor': 'Heart Rate', 'action': 'opened sensor tab'}}
INFO:root:1721071169.274298,ID:1002,STAGE:4,SEQUENCE:1324,DATA:{'time': 1721071169.269, 'user-id': '1002', 'source': 'HAI Interface', 'destination-index': '3', 'study-stage': '4', 'decision-state': 0, 'vitals-state': 0, 'airspace-state': 0, 'data': {'page': 'emergency', 'action': 'trying to change destination to19'}}
INFO:root:1721071174.265949,ID:1002,STAGE:4,SEQUENCE:1324,DATA:{'time': 1721071174.261, 'user-id': '1002', 'source': 'HAI Interface', 'destination-index': '3', 'study-stage': '4', 'decision-state': 0, 'vitals-state': 0, 'airspace-state': 0, 'data': {'page': 'emergency', 'action': 'trying to change destination to19'}}
INFO:root:1721071179.24811,ID:1002,STAGE:4,SEQUENCE:1324,DATA:{'time': 1721071179.244, 'user-id': '1002', 'source': 'HAI Interface', 'destination-index': '3', 'study-stage': '4', 'decision-state': 0, 'vitals-state': 0, 'airspace-state': 0, 'data': {'page': 'emergency', 'action': 'trying to change destination to19'}}
INFO:root:Inflight Radio Update asked
INFO:root:sent request to set radio update complete
INFO:root:1721071182.213365,ID:1002,STAGE:4,SEQUENCE:1324,DATA:{'time': 1721071182.208, 'user-id': '1002', 'source': 'HAI Interface', 'destination-index': '3', 'study-stage': '4', 'decision-state': 0, 'vitals-state': 0, 'airspace-state': 0, 'data': {'action': 'transmit button pressed'}}
INFO:root:1721071182.21839,ID:1002,STAGE:4,SEQUENCE:1324,DATA:{'time': 1721071182.209, 'user-id': '1002', 'source': 'HAI Interface', 'destination-index': '3', 'study-stage': '4', 'decision-state': 0, 'vitals-state': 0, 'airspace-state': 0, 'data': {'action': 'callsign set to: + NASXGS'}}
INFO:root:1721071182.219387,ID:1002,STAGE:4,SEQUENCE:1324,DATA:{'time': 1721071182.209, 'user-id': '1002', 'source': 'HAI Interface', 'destination-index': '3', 'study-stage': '4', 'decision-state': 0, 'vitals-state': 0, 'airspace-state': 0, 'data': {'action': 'radio set to:Comm1'}}
INFO:root:1721071182.223377,ID:1002,STAGE:4,SEQUENCE:1324,DATA:{'time': 1721071182.21, 'user-id': '1002', 'source': 'HAI Interface', 'destination-index': '3', 'study-stage': '4', 'decision-state': 0, 'vitals-state': 0, 'airspace-state': 0, 'data': {'page': 'map', 'action': 'show map'}}
INFO:root:1721071182.226879,ID:1002,STAGE:4,SEQUENCE:1324,DATA:{'time': 1721071182.21, 'user-id': '1002', 'source': 'HAI Interface', 'destination-index': '3', 'study-stage': '4', 'decision-state': 0, 'vitals-state': 0, 'airspace-state': 0, 'data': {'page': 'map', 'action': 'selected helipad', 'value': '21'}}
INFO:root:1721071182.230869,ID:1002,STAGE:4,SEQUENCE:1324,DATA:{'time': 1721071182.215, 'user-id': '1002', 'source': 'HAI Interface', 'destination-index': '3', 'study-stage': '4', 'decision-state': 0, 'vitals-state': 0, 'airspace-state': 0, 'data': {'action': 'NASXGStransmitting updates onComm1123.45 MHz'}}
INFO:root:1721071184.296967,ID:1002,STAGE:4,SEQUENCE:1324,DATA:{'time': 1721071184.292, 'user-id': '1002', 'source': 'HAI Interface', 'destination-index': '3', 'study-stage': '4', 'decision-state': 0, 'vitals-state': 0, 'airspace-state': 0, 'data': {'page': 'emergency', 'action': 'trying to change destination to19'}}
INFO:root:1721071189.307079,ID:1002,STAGE:4,SEQUENCE:1324,DATA:{'time': 1721071189.3, 'user-id': '1002', 'source': 'HAI Interface', 'destination-index': '3', 'study-stage': '4', 'decision-state': 0, 'vitals-state': 0, 'airspace-state': 0, 'data': {'page': 'emergency', 'action': 'trying to change destination to19'}}
INFO:root:1721071194.266117,ID:1002,STAGE:4,SEQUENCE:1324,DATA:{'time': 1721071194.26, 'user-id': '1002', 'source': 'HAI Interface', 'destination-index': '3', 'study-stage': '4', 'decision-state': 0, 'vitals-state': 0, 'airspace-state': 0, 'data': {'page': 'emergency', 'action': 'trying to change destination to19'}}
INFO:root:1721071196.747319,ID:1002,STAGE:4,SEQUENCE:1324,DATA:{'time': 1721071196.743, 'user-id': '1002', 'source': 'HAI Interface', 'destination-index': '3', 'study-stage': '4', 'decision-state': 0, 'vitals-state': 0, 'airspace-state': 0, 'data': {'page': 'map', 'action': 'hide map'}}
INFO:root:1721071198.423146,ID:1002,STAGE:4,SEQUENCE:1324,DATA:{'time': 1721071198.418, 'user-id': '1002', 'source': 'HAI Interface', 'destination-index': '3', 'study-stage': '4', 'decision-state': 0, 'vitals-state': 0, 'airspace-state': 0, 'data': {'page': 'map', 'action': 'show map'}}
INFO:root:1721071198.427492,ID:1002,STAGE:4,SEQUENCE:1324,DATA:{'time': 1721071198.419, 'user-id': '1002', 'source': 'HAI Interface', 'destination-index': '3', 'study-stage': '4', 'decision-state': 0, 'vitals-state': 0, 'airspace-state': 0, 'data': {'page': 'map', 'action': 'selected helipad', 'value': '21'}}
INFO:root:1721071199.306371,ID:1002,STAGE:4,SEQUENCE:1324,DATA:{'time': 1721071199.301, 'user-id': '1002', 'source': 'HAI Interface', 'destination-index': '3', 'study-stage': '4', 'decision-state': 0, 'vitals-state': 0, 'airspace-state': 0, 'data': {'page': 'emergency', 'action': 'trying to change destination to19'}}
INFO:root:1721071204.336932,ID:1002,STAGE:4,SEQUENCE:1324,DATA:{'time': 1721071204.33, 'user-id': '1002', 'source': 'HAI Interface', 'destination-index': '3', 'study-stage': '4', 'decision-state': 0, 'vitals-state': 0, 'airspace-state': 0, 'data': {'page': 'emergency', 'action': 'trying to change destination to19'}}
INFO:root:1721071209.318511,ID:1002,STAGE:4,SEQUENCE:1324,DATA:{'time': 1721071209.313, 'user-id': '1002', 'source': 'HAI Interface', 'destination-index': '3', 'study-stage': '4', 'decision-state': 0, 'vitals-state': 0, 'airspace-state': 0, 'data': {'page': 'emergency', 'action': 'trying to change destination to19'}}
INFO:root:1721071214.256444,ID:1002,STAGE:4,SEQUENCE:1324,DATA:{'time': 1721071214.251, 'user-id': '1002', 'source': 'HAI Interface', 'destination-index': '3', 'study-stage': '4', 'decision-state': 0, 'vitals-state': 0, 'airspace-state': 0, 'data': {'page': 'emergency', 'action': 'trying to change destination to19'}}
INFO:root:1721071219.316308,ID:1002,STAGE:4,SEQUENCE:1324,DATA:{'time': 1721071219.311, 'user-id': '1002', 'source': 'HAI Interface', 'destination-index': '3', 'study-stage': '4', 'decision-state': 0, 'vitals-state': 0, 'airspace-state': 0, 'data': {'page': 'emergency', 'action': 'trying to change destination to19'}}
INFO:root:1721071224.275845,ID:1002,STAGE:4,SEQUENCE:1324,DATA:{'time': 1721071224.271, 'user-id': '1002', 'source': 'HAI Interface', 'destination-index': '3', 'study-stage': '4', 'decision-state': 0, 'vitals-state': 0, 'airspace-state': 0, 'data': {'page': 'emergency', 'action': 'trying to change destination to19'}}
INFO:root:1721071226.924007,ID:1002,STAGE:4,SEQUENCE:1324,DATA:{'time': 1721071226.919, 'user-id': '1002', 'source': 'HAI Interface', 'destination-index': '3', 'study-stage': '4', 'decision-state': 0, 'vitals-state': 0, 'airspace-state': 0, 'data': {'page': 'inflight', 'action': 'displaying vitals prompt'}}
INFO:root:1721071229.284858,ID:1002,STAGE:4,SEQUENCE:1324,DATA:{'time': 1721071229.281, 'user-id': '1002', 'source': 'HAI Interface', 'destination-index': '3', 'study-stage': '4', 'decision-state': 0, 'vitals-state': 0, 'airspace-state': 0, 'data': {'page': 'emergency', 'action': 'trying to change destination to19'}}
INFO:root:1721071230.723628,ID:1002,STAGE:4,SEQUENCE:1324,DATA:{'time': 1721071230.72, 'source': 'VitalsTask', 'timer': 67.067, 'data': {'sensor': 'Heart Rate', 'action': 'capture', 'data': 'action button pressed'}}
INFO:root:1721071230.726619,ID:1002,STAGE:4,SEQUENCE:1324,DATA:{'time': 1721071230.72, 'source': 'VitalsTask', 'timer': 67.067, 'data': {'sensor': 'Heart Rate', 'action': 'capture', 'data': 'starting sensor action'}}
INFO:root:1721071231.736609,ID:1002,STAGE:4,SEQUENCE:1324,DATA:{'time': 1721071231.735, 'source': 'VitalsTask', 'timer': 68.082, 'data': {'sensor': 'Heart Rate', 'action': 'capture', 'data': 'sensor action complete'}}
INFO:root:1721071231.738605,ID:1002,STAGE:4,SEQUENCE:1324,DATA:{'time': 1721071231.736, 'source': 'VitalsTask', 'timer': 68.083, 'data': {'sensor': 'Heart Rate', 'action': 'keypad open'}}
INFO:root:1721071232.46722,ID:1002,STAGE:4,SEQUENCE:1324,DATA:{'time': 1721071232.467, 'source': 'VitalsTask', 'timer': 68.814, 'data': {'sensor': 'Heart Rate', 'action': 'keypad press', 'key': 5, 'value': 5}}
INFO:root:1721071232.906834,ID:1002,STAGE:4,SEQUENCE:1324,DATA:{'time': 1721071232.904, 'source': 'VitalsTask', 'timer': 69.251, 'data': {'sensor': 'Heart Rate', 'action': 'keypad press', 'key': 5, 'value': 55}}
INFO:root:1721071233.890811,ID:1002,STAGE:4,SEQUENCE:1324,DATA:{'time': 1721071233.89, 'source': 'VitalsTask', 'timer': 70.237, 'data': {'sensor': 'Heart Rate', 'action': 'show action buttons'}}
INFO:root:1721071233.892804,ID:1002,STAGE:4,SEQUENCE:1324,DATA:{'time': 1721071233.891, 'source': 'VitalsTask', 'timer': 70.238, 'data': {'sensor': 'Heart Rate', 'action': 'keypad press', 'key': 10, 'value': 55}}
INFO:root:1721071234.307323,ID:1002,STAGE:4,SEQUENCE:1324,DATA:{'time': 1721071234.3, 'user-id': '1002', 'source': 'HAI Interface', 'destination-index': '3', 'study-stage': '4', 'decision-state': 0, 'vitals-state': 0, 'airspace-state': 0, 'data': {'page': 'emergency', 'action': 'trying to change destination to19'}}
INFO:root:1721071234.778075,ID:1002,STAGE:4,SEQUENCE:1324,DATA:{'time': 1721071234.776, 'source': 'VitalsTask', 'timer': 71.123, 'data': {'sensor': 'Heart Rate', 'action': 'log', 'data': 'action button pressed'}}
INFO:root:1721071234.781065,ID:1002,STAGE:4,SEQUENCE:1324,DATA:{'time': 1721071234.776, 'source': 'VitalsTask', 'timer': 71.123, 'data': {'sensor': 'Heart Rate', 'action': 'log', 'data': 'starting sensor action'}}
INFO:root:1721071235.798965,ID:1002,STAGE:4,SEQUENCE:1324,DATA:{'time': 1721071235.796, 'source': 'VitalsTask', 'timer': 72.143, 'data': {'sensor': 'Heart Rate', 'action': 'log', 'data': 'sensor action complete'}}
INFO:root:1721071236.180903,ID:1002,STAGE:4,SEQUENCE:1324,DATA:{'time': 1721071236.18, 'source': 'VitalsTask', 'timer': 72.527, 'data': {'sensor': 'Heart Rate', 'action': 'save', 'data': 'action button pressed'}}
INFO:root:1721071236.181903,ID:1002,STAGE:4,SEQUENCE:1324,DATA:{'time': 1721071236.18, 'source': 'VitalsTask', 'timer': 72.527, 'data': {'sensor': 'Heart Rate', 'action': 'save', 'data': 'starting sensor action'}}
INFO:root:1721071237.200075,ID:1002,STAGE:4,SEQUENCE:1324,DATA:{'time': 1721071237.198, 'source': 'VitalsTask', 'timer': 73.545, 'data': {'sensor': 'Heart Rate', 'action': 'save', 'data': 'sensor action complete'}}
INFO:root:1721071238.419125,ID:1002,STAGE:4,SEQUENCE:1324,DATA:{'time': 1721071238.418, 'source': 'VitalsTask', 'timer': 74.765, 'data': {'sensor': 'O\u2082 Saturation', 'action': 'opened sensor tab'}}
INFO:root:1721071239.235918,ID:1002,STAGE:4,SEQUENCE:1324,DATA:{'time': 1721071239.232, 'source': 'VitalsTask', 'timer': 75.579, 'data': {'sensor': 'O\u2082 Saturation', 'action': 'capture', 'data': 'action button pressed'}}
INFO:root:1721071239.238002,ID:1002,STAGE:4,SEQUENCE:1324,DATA:{'time': 1721071239.233, 'source': 'VitalsTask', 'timer': 75.58, 'data': {'sensor': 'O\u2082 Saturation', 'action': 'capture', 'data': 'starting sensor action'}}
INFO:root:1721071239.278787,ID:1002,STAGE:4,SEQUENCE:1324,DATA:{'time': 1721071239.27, 'user-id': '1002', 'source': 'HAI Interface', 'destination-index': '3', 'study-stage': '4', 'decision-state': 0, 'vitals-state': 0, 'airspace-state': 0, 'data': {'page': 'emergency', 'action': 'trying to change destination to19'}}
INFO:root:1721071240.250409,ID:1002,STAGE:4,SEQUENCE:1324,DATA:{'time': 1721071240.248, 'source': 'VitalsTask', 'timer': 76.595, 'data': {'sensor': 'O\u2082 Saturation', 'action': 'capture', 'data': 'sensor action complete'}}
INFO:root:1721071240.252409,ID:1002,STAGE:4,SEQUENCE:1324,DATA:{'time': 1721071240.248, 'source': 'VitalsTask', 'timer': 76.595, 'data': {'sensor': 'O\u2082 Saturation', 'action': 'keypad open'}}
INFO:root:1721071241.430852,ID:1002,STAGE:4,SEQUENCE:1324,DATA:{'time': 1721071241.43, 'source': 'VitalsTask', 'timer': 77.777, 'data': {'sensor': 'O\u2082 Saturation', 'action': 'keypad press', 'key': 1, 'value': 1}}
INFO:root:1721071242.275889,ID:1002,STAGE:4,SEQUENCE:1324,DATA:{'time': 1721071242.272, 'source': 'VitalsTask', 'timer': 78.619, 'data': {'sensor': 'O\u2082 Saturation', 'action': 'keypad press', 'key': 11, 'value': 10}}
INFO:root:1721071242.707778,ID:1002,STAGE:4,SEQUENCE:1324,DATA:{'time': 1721071242.704, 'source': 'VitalsTask', 'timer': 79.051, 'data': {'sensor': 'O\u2082 Saturation', 'action': 'keypad press', 'key': 11, 'value': 100}}
INFO:root:1721071243.350437,ID:1002,STAGE:4,SEQUENCE:1324,DATA:{'time': 1721071243.349, 'source': 'VitalsTask', 'timer': 79.696, 'data': {'sensor': 'O\u2082 Saturation', 'action': 'show action buttons'}}
INFO:root:1721071243.355375,ID:1002,STAGE:4,SEQUENCE:1324,DATA:{'time': 1721071243.35, 'source': 'VitalsTask', 'timer': 79.697, 'data': {'sensor': 'O\u2082 Saturation', 'action': 'keypad press', 'key': 10, 'value': 100}}
INFO:root:1721071244.347828,ID:1002,STAGE:4,SEQUENCE:1324,DATA:{'time': 1721071244.341, 'user-id': '1002', 'source': 'HAI Interface', 'destination-index': '3', 'study-stage': '4', 'decision-state': 0, 'vitals-state': 0, 'airspace-state': 0, 'data': {'page': 'emergency', 'action': 'trying to change destination to19'}}
INFO:root:1721071244.416867,ID:1002,STAGE:4,SEQUENCE:1324,DATA:{'time': 1721071244.416, 'source': 'VitalsTask', 'timer': 80.763, 'data': {'sensor': 'O\u2082 Saturation', 'action': 'log', 'data': 'action button pressed'}}
INFO:root:1721071244.418863,ID:1002,STAGE:4,SEQUENCE:1324,DATA:{'time': 1721071244.416, 'source': 'VitalsTask', 'timer': 80.763, 'data': {'sensor': 'O\u2082 Saturation', 'action': 'log', 'data': 'starting sensor action'}}
INFO:root:1721071245.433377,ID:1002,STAGE:4,SEQUENCE:1324,DATA:{'time': 1721071245.431, 'source': 'VitalsTask', 'timer': 81.778, 'data': {'sensor': 'O\u2082 Saturation', 'action': 'log', 'data': 'sensor action complete'}}
INFO:root:1721071246.027532,ID:1002,STAGE:4,SEQUENCE:1324,DATA:{'time': 1721071246.026, 'source': 'VitalsTask', 'timer': 82.373, 'data': {'sensor': 'O\u2082 Saturation', 'action': 'save', 'data': 'action button pressed'}}
INFO:root:1721071246.031035,ID:1002,STAGE:4,SEQUENCE:1324,DATA:{'time': 1721071246.026, 'source': 'VitalsTask', 'timer': 82.373, 'data': {'sensor': 'O\u2082 Saturation', 'action': 'save', 'data': 'starting sensor action'}}
INFO:root:1721071247.043923,ID:1002,STAGE:4,SEQUENCE:1324,DATA:{'time': 1721071247.042, 'source': 'VitalsTask', 'timer': 83.389, 'data': {'sensor': 'O\u2082 Saturation', 'action': 'save', 'data': 'sensor action complete'}}
INFO:root:1721071248.568177,ID:1002,STAGE:4,SEQUENCE:1324,DATA:{'time': 1721071248.566, 'source': 'VitalsTask', 'timer': 84.913, 'data': {'sensor': 'Blood Pressure', 'action': 'opened sensor tab'}}
INFO:root:1721071249.592779,ID:1002,STAGE:4,SEQUENCE:1324,DATA:{'time': 1721071249.59, 'source': 'VitalsTask', 'timer': 85.937, 'data': {'sensor': 'Blood Pressure', 'action': 'capture', 'data': 'action button pressed'}}
INFO:root:1721071249.594796,ID:1002,STAGE:4,SEQUENCE:1324,DATA:{'time': 1721071249.59, 'source': 'VitalsTask', 'timer': 85.937, 'data': {'sensor': 'Blood Pressure', 'action': 'capture', 'data': 'starting sensor action'}}
INFO:root:1721071249.728642,ID:1002,STAGE:4,SEQUENCE:1324,DATA:{'time': 1721071249.724, 'user-id': '1002', 'source': 'HAI Interface', 'destination-index': '3', 'study-stage': '4', 'decision-state': 0, 'vitals-state': 0, 'airspace-state': 0, 'data': {'page': 'emergency', 'action': 'trying to change destination to19'}}
INFO:root:1721071250.60399,ID:1002,STAGE:4,SEQUENCE:1324,DATA:{'time': 1721071250.601, 'source': 'VitalsTask', 'timer': 86.948, 'data': {'sensor': 'Blood Pressure', 'action': 'capture', 'data': 'sensor action complete'}}
INFO:root:1721071250.606499,ID:1002,STAGE:4,SEQUENCE:1324,DATA:{'time': 1721071250.602, 'source': 'VitalsTask', 'timer': 86.949, 'data': {'sensor': 'Blood Pressure', 'action': 'keypad open'}}
INFO:root:1721071252.663626,ID:1002,STAGE:4,SEQUENCE:1324,DATA:{'time': 1721071252.662, 'source': 'VitalsTask', 'timer': 89.009, 'data': {'sensor': 'Blood Pressure', 'action': 'keypad press', 'key': 1, 'value': 1}}
INFO:root:1721071253.189974,ID:1002,STAGE:4,SEQUENCE:1324,DATA:{'time': 1721071253.188, 'source': 'VitalsTask', 'timer': 89.535, 'data': {'sensor': 'Blood Pressure', 'action': 'keypad press', 'key': 2, 'value': 12}}
INFO:root:1721071253.982898,ID:1002,STAGE:4,SEQUENCE:1324,DATA:{'time': 1721071253.982, 'source': 'VitalsTask', 'timer': 90.329, 'data': {'sensor': 'Blood Pressure', 'action': 'keypad press', 'key': 11, 'value': 120}}
INFO:root:1721071254.23628,ID:1002,STAGE:4,SEQUENCE:1324,DATA:{'time': 1721071254.228, 'user-id': '1002', 'source': 'HAI Interface', 'destination-index': '3', 'study-stage': '4', 'decision-state': 0, 'vitals-state': 0, 'airspace-state': 0, 'data': {'page': 'emergency', 'action': 'trying to change destination to19'}}
INFO:root:1721071254.626515,ID:1002,STAGE:4,SEQUENCE:1324,DATA:{'time': 1721071254.618, 'source': 'VitalsTask', 'timer': 90.965, 'data': {'sensor': 'Blood Pressure', 'action': 'keypad press', 'key': 8, 'value': 1208}}
INFO:root:1721071255.132798,ID:1002,STAGE:4,SEQUENCE:1324,DATA:{'time': 1721071255.132, 'source': 'VitalsTask', 'timer': 91.479, 'data': {'sensor': 'Blood Pressure', 'action': 'keypad press', 'key': 11, 'value': 12080}}
INFO:root:1721071255.759712,ID:1002,STAGE:4,SEQUENCE:1324,DATA:{'time': 1721071255.757, 'source': 'VitalsTask', 'timer': 92.104, 'data': {'sensor': 'Blood Pressure', 'action': 'show action buttons'}}
INFO:root:1721071255.761706,ID:1002,STAGE:4,SEQUENCE:1324,DATA:{'time': 1721071255.757, 'source': 'VitalsTask', 'timer': 92.104, 'data': {'sensor': 'Blood Pressure', 'action': 'keypad press', 'key': 10, 'value': 12080}}
INFO:root:1721071256.776858,ID:1002,STAGE:4,SEQUENCE:1324,DATA:{'time': 1721071256.776, 'source': 'VitalsTask', 'timer': 93.123, 'data': {'sensor': 'Blood Pressure', 'action': 'log', 'data': 'action button pressed'}}
INFO:root:1721071256.778852,ID:1002,STAGE:4,SEQUENCE:1324,DATA:{'time': 1721071256.776, 'source': 'VitalsTask', 'timer': 93.123, 'data': {'sensor': 'Blood Pressure', 'action': 'log', 'data': 'starting sensor action'}}
INFO:root:1721071257.795439,ID:1002,STAGE:4,SEQUENCE:1324,DATA:{'time': 1721071257.794, 'source': 'VitalsTask', 'timer': 94.141, 'data': {'sensor': 'Blood Pressure', 'action': 'log', 'data': 'sensor action complete'}}
INFO:root:1721071258.528724,ID:1002,STAGE:4,SEQUENCE:1324,DATA:{'time': 1721071258.524, 'source': 'VitalsTask', 'timer': 94.871, 'data': {'sensor': 'Blood Pressure', 'action': 'save', 'data': 'action button pressed'}}
INFO:root:1721071258.530724,ID:1002,STAGE:4,SEQUENCE:1324,DATA:{'time': 1721071258.525, 'source': 'VitalsTask', 'timer': 94.872, 'data': {'sensor': 'Blood Pressure', 'action': 'save', 'data': 'starting sensor action'}}
INFO:root:1721071259.263809,ID:1002,STAGE:4,SEQUENCE:1324,DATA:{'time': 1721071259.259, 'user-id': '1002', 'source': 'HAI Interface', 'destination-index': '3', 'study-stage': '4', 'decision-state': 0, 'vitals-state': 0, 'airspace-state': 0, 'data': {'page': 'emergency', 'action': 'trying to change destination to19'}}
INFO:root:1721071259.545237,ID:1002,STAGE:4,SEQUENCE:1324,DATA:{'time': 1721071259.542, 'source': 'VitalsTask', 'timer': 95.889, 'data': {'sensor': 'Blood Pressure', 'action': 'save', 'data': 'sensor action complete'}}
INFO:root:1721071260.213835,ID:1002,STAGE:4,SEQUENCE:1324,DATA:{'time': 1721071260.212, 'source': 'VitalsTask', 'timer': 96.559, 'data': {'sensor': 'submit', 'action': 'submit'}}
INFO:root:1721071260.226851,ID:1002,STAGE:4,SEQUENCE:1324,DATA:{'time': 1721071260.215, 'source': 'VitalsTask', 'timer': 96.562, 'data': {'sensor': 'submit', 'action': 'submit', 'data': 'submit succeeded'}}
INFO:root:1721071261.007733,ID:1002,STAGE:4,SEQUENCE:1324,DATA:{'time': 1721071261.003, 'user-id': '1002', 'source': 'HAI Interface', 'destination-index': '3', 'study-stage': '4', 'decision-state': 0, 'vitals-state': 0, 'airspace-state': 0, 'data': {'page': 'inflight', 'action': 'user acknowledged vitals prompt'}}
INFO:root:1721071264.347322,ID:1002,STAGE:4,SEQUENCE:1324,DATA:{'time': 1721071264.342, 'user-id': '1002', 'source': 'HAI Interface', 'destination-index': '3', 'study-stage': '4', 'decision-state': 0, 'vitals-state': 0, 'airspace-state': 0, 'data': {'page': 'emergency', 'action': 'trying to change destination to19'}}
INFO:root:1721071269.223847,ID:1002,STAGE:4,SEQUENCE:1324,DATA:{'time': 1721071269.216, 'user-id': '1002', 'source': 'HAI Interface', 'destination-index': '3', 'study-stage': '4', 'decision-state': 0, 'vitals-state': 0, 'airspace-state': 0, 'data': {'page': 'emergency', 'action': 'trying to change destination to19'}}
INFO:root:1721071274.320358,ID:1002,STAGE:4,SEQUENCE:1324,DATA:{'time': 1721071274.315, 'user-id': '1002', 'source': 'HAI Interface', 'destination-index': '3', 'study-stage': '4', 'decision-state': 0, 'vitals-state': 0, 'airspace-state': 0, 'data': {'page': 'emergency', 'action': 'trying to change destination to19'}}
INFO:root:1721071279.227228,ID:1002,STAGE:4,SEQUENCE:1324,DATA:{'time': 1721071279.222, 'user-id': '1002', 'source': 'HAI Interface', 'destination-index': '3', 'study-stage': '4', 'decision-state': 0, 'vitals-state': 0, 'airspace-state': 0, 'data': {'page': 'emergency', 'action': 'trying to change destination to19'}}
INFO:root:Inflight Radio Update asked
INFO:root:sent request to set radio update complete
INFO:root:1721071284.295766,ID:1002,STAGE:4,SEQUENCE:1324,DATA:{'time': 1721071284.29, 'user-id': '1002', 'source': 'HAI Interface', 'destination-index': '3', 'study-stage': '4', 'decision-state': 0, 'vitals-state': 0, 'airspace-state': 0, 'data': {'page': 'emergency', 'action': 'trying to change destination to19'}}
INFO:root:1721071284.910892,ID:1002,STAGE:4,SEQUENCE:1324,DATA:{'time': 1721071284.907, 'user-id': '1002', 'source': 'HAI Interface', 'destination-index': '3', 'study-stage': '4', 'decision-state': 0, 'vitals-state': 0, 'airspace-state': 0, 'data': {'action': 'transmit button pressed'}}
INFO:root:1721071284.915879,ID:1002,STAGE:4,SEQUENCE:1324,DATA:{'time': 1721071284.908, 'user-id': '1002', 'source': 'HAI Interface', 'destination-index': '3', 'study-stage': '4', 'decision-state': 0, 'vitals-state': 0, 'airspace-state': 0, 'data': {'action': 'callsign set to: + NASXGS'}}
INFO:root:1721071284.916876,ID:1002,STAGE:4,SEQUENCE:1324,DATA:{'time': 1721071284.908, 'user-id': '1002', 'source': 'HAI Interface', 'destination-index': '3', 'study-stage': '4', 'decision-state': 0, 'vitals-state': 0, 'airspace-state': 0, 'data': {'action': 'radio set to:Comm1'}}
INFO:root:1721071284.917875,ID:1002,STAGE:4,SEQUENCE:1324,DATA:{'time': 1721071284.908, 'user-id': '1002', 'source': 'HAI Interface', 'destination-index': '3', 'study-stage': '4', 'decision-state': 0, 'vitals-state': 0, 'airspace-state': 0, 'data': {'page': 'map', 'action': 'show map'}}
INFO:root:1721071284.920866,ID:1002,STAGE:4,SEQUENCE:1324,DATA:{'time': 1721071284.909, 'user-id': '1002', 'source': 'HAI Interface', 'destination-index': '3', 'study-stage': '4', 'decision-state': 0, 'vitals-state': 0, 'airspace-state': 0, 'data': {'page': 'map', 'action': 'selected helipad', 'value': '21'}}
INFO:root:1721071284.925366,ID:1002,STAGE:4,SEQUENCE:1324,DATA:{'time': 1721071284.912, 'user-id': '1002', 'source': 'HAI Interface', 'destination-index': '3', 'study-stage': '4', 'decision-state': 0, 'vitals-state': 0, 'airspace-state': 0, 'data': {'action': 'NASXGStransmitting updates onComm1123.45 MHz'}}
INFO:root:1721071289.252588,ID:1002,STAGE:4,SEQUENCE:1324,DATA:{'time': 1721071289.248, 'user-id': '1002', 'source': 'HAI Interface', 'destination-index': '3', 'study-stage': '4', 'decision-state': 0, 'vitals-state': 0, 'airspace-state': 0, 'data': {'page': 'emergency', 'action': 'trying to change destination to19'}}
INFO:root:1721071294.333148,ID:1002,STAGE:4,SEQUENCE:1324,DATA:{'time': 1721071294.328, 'user-id': '1002', 'source': 'HAI Interface', 'destination-index': '3', 'study-stage': '4', 'decision-state': 0, 'vitals-state': 0, 'airspace-state': 0, 'data': {'page': 'emergency', 'action': 'trying to change destination to19'}}
INFO:root:1721071299.306432,ID:1002,STAGE:4,SEQUENCE:1324,DATA:{'time': 1721071299.301, 'user-id': '1002', 'source': 'HAI Interface', 'destination-index': '3', 'study-stage': '4', 'decision-state': 0, 'vitals-state': 0, 'airspace-state': 0, 'data': {'page': 'emergency', 'action': 'trying to change destination to19'}}
INFO:root:1721071299.402349,ID:1002,STAGE:4,SEQUENCE:1324,DATA:{'time': 1721071299.398, 'user-id': '1002', 'source': 'HAI Interface', 'destination-index': '3', 'study-stage': '4', 'decision-state': 0, 'vitals-state': 0, 'airspace-state': 0, 'data': {'page': 'map', 'action': 'hide map'}}
INFO:root:1721071302.294654,ID:1002,STAGE:4,SEQUENCE:1324,DATA:{'time': 1721071302.289, 'user-id': '1002', 'source': 'HAI Interface', 'destination-index': '3', 'study-stage': '4', 'decision-state': 0, 'vitals-state': 0, 'airspace-state': 0, 'data': {'page': 'map', 'action': 'show map'}}
INFO:root:1721071302.298643,ID:1002,STAGE:4,SEQUENCE:1324,DATA:{'time': 1721071302.29, 'user-id': '1002', 'source': 'HAI Interface', 'destination-index': '3', 'study-stage': '4', 'decision-state': 0, 'vitals-state': 0, 'airspace-state': 0, 'data': {'page': 'map', 'action': 'selected helipad', 'value': '21'}}
INFO:root:1721071304.364732,ID:1002,STAGE:4,SEQUENCE:1324,DATA:{'time': 1721071304.36, 'user-id': '1002', 'source': 'HAI Interface', 'destination-index': '3', 'study-stage': '4', 'decision-state': 0, 'vitals-state': 0, 'airspace-state': 0, 'data': {'page': 'emergency', 'action': 'trying to change destination to19'}}
INFO:root:SimConnect Error in /var
INFO:SimConnect.SimConnect:SIM OPEN
INFO:root:1721071309.336611,ID:1002,STAGE:4,SEQUENCE:1324,DATA:{'time': 1721071309.331, 'user-id': '1002', 'source': 'HAI Interface', 'destination-index': '3', 'study-stage': '4', 'decision-state': 0, 'vitals-state': 0, 'airspace-state': 0, 'data': {'page': 'emergency', 'action': 'trying to change destination to19'}}
INFO:root:1721071314.222024,ID:1002,STAGE:4,SEQUENCE:1324,DATA:{'time': 1721071314.215, 'user-id': '1002', 'source': 'HAI Interface', 'destination-index': '3', 'study-stage': '4', 'decision-state': 0, 'vitals-state': 0, 'airspace-state': 0, 'data': {'page': 'emergency', 'action': 'trying to change destination to19'}}
INFO:root:1721071319.218356,ID:1002,STAGE:4,SEQUENCE:1324,DATA:{'time': 1721071319.212, 'user-id': '1002', 'source': 'HAI Interface', 'destination-index': '3', 'study-stage': '4', 'decision-state': 0, 'vitals-state': 0, 'airspace-state': 0, 'data': {'page': 'emergency', 'action': 'trying to change destination to19'}}
INFO:root:1721071324.30282,ID:1002,STAGE:4,SEQUENCE:1324,DATA:{'time': 1721071324.296, 'user-id': '1002', 'source': 'HAI Interface', 'destination-index': '3', 'study-stage': '4', 'decision-state': 0, 'vitals-state': 0, 'airspace-state': 0, 'data': {'page': 'emergency', 'action': 'trying to change destination to19'}}
INFO:root:1721071325.622549,ID:1002,STAGE:4,SEQUENCE:1324,DATA:{'time': 1721071325.617, 'user-id': '1002', 'source': 'HAI Interface', 'destination-index': '3', 'study-stage': '4', 'decision-state': 0, 'vitals-state': 0, 'airspace-state': 0, 'data': {'page': 'inflight', 'action': 'displaying vitals prompt'}}
INFO:root:1721071328.674493,ID:1002,STAGE:4,SEQUENCE:1324,DATA:{'time': 1721071328.674, 'source': 'VitalsTask', 'timer': 68.457, 'data': {'sensor': 'Heart Rate', 'action': 'opened sensor tab'}}
INFO:root:1721071329.298435,ID:1002,STAGE:4,SEQUENCE:1324,DATA:{'time': 1721071329.29, 'user-id': '1002', 'source': 'HAI Interface', 'destination-index': '3', 'study-stage': '4', 'decision-state': 0, 'vitals-state': 0, 'airspace-state': 0, 'data': {'page': 'emergency', 'action': 'trying to change destination to19'}}
INFO:root:1721071330.005699,ID:1002,STAGE:4,SEQUENCE:1324,DATA:{'time': 1721071330.002, 'source': 'VitalsTask', 'timer': 69.785, 'data': {'sensor': 'Heart Rate', 'action': 'capture', 'data': 'action button pressed'}}
INFO:root:1721071330.010203,ID:1002,STAGE:4,SEQUENCE:1324,DATA:{'time': 1721071330.003, 'source': 'VitalsTask', 'timer': 69.786, 'data': {'sensor': 'Heart Rate', 'action': 'capture', 'data': 'starting sensor action'}}
INFO:root:1721071331.026854,ID:1002,STAGE:4,SEQUENCE:1324,DATA:{'time': 1721071331.022, 'source': 'VitalsTask', 'timer': 70.805, 'data': {'sensor': 'Heart Rate', 'action': 'capture', 'data': 'sensor action complete'}}
INFO:root:1721071331.029834,ID:1002,STAGE:4,SEQUENCE:1324,DATA:{'time': 1721071331.022, 'source': 'VitalsTask', 'timer': 70.805, 'data': {'sensor': 'Heart Rate', 'action': 'keypad open'}}
INFO:root:1721071331.744771,ID:1002,STAGE:4,SEQUENCE:1324,DATA:{'time': 1721071331.742, 'source': 'VitalsTask', 'timer': 71.525, 'data': {'sensor': 'Heart Rate', 'action': 'keypad press', 'key': 5, 'value': 5}}
INFO:root:1721071332.261971,ID:1002,STAGE:4,SEQUENCE:1324,DATA:{'time': 1721071332.259, 'source': 'VitalsTask', 'timer': 72.042, 'data': {'sensor': 'Heart Rate', 'action': 'keypad press', 'key': 5, 'value': 55}}
INFO:root:1721071333.363187,ID:1002,STAGE:4,SEQUENCE:1324,DATA:{'time': 1721071333.362, 'source': 'VitalsTask', 'timer': 73.145, 'data': {'sensor': 'Heart Rate', 'action': 'show action buttons'}}
INFO:root:1721071333.364224,ID:1002,STAGE:4,SEQUENCE:1324,DATA:{'time': 1721071333.362, 'source': 'VitalsTask', 'timer': 73.145, 'data': {'sensor': 'Heart Rate', 'action': 'keypad press', 'key': 10, 'value': 55}}
INFO:root:1721071334.29149,ID:1002,STAGE:4,SEQUENCE:1324,DATA:{'time': 1721071334.285, 'user-id': '1002', 'source': 'HAI Interface', 'destination-index': '3', 'study-stage': '4', 'decision-state': 0, 'vitals-state': 0, 'airspace-state': 0, 'data': {'page': 'emergency', 'action': 'trying to change destination to19'}}
INFO:root:1721071334.343933,ID:1002,STAGE:4,SEQUENCE:1324,DATA:{'time': 1721071334.343, 'source': 'VitalsTask', 'timer': 74.126, 'data': {'sensor': 'Heart Rate', 'action': 'log', 'data': 'action button pressed'}}
INFO:root:1721071334.345927,ID:1002,STAGE:4,SEQUENCE:1324,DATA:{'time': 1721071334.344, 'source': 'VitalsTask', 'timer': 74.127, 'data': {'sensor': 'Heart Rate', 'action': 'log', 'data': 'starting sensor action'}}
INFO:root:1721071335.360338,ID:1002,STAGE:4,SEQUENCE:1324,DATA:{'time': 1721071335.36, 'source': 'VitalsTask', 'timer': 75.143, 'data': {'sensor': 'Heart Rate', 'action': 'log', 'data': 'sensor action complete'}}
INFO:root:1721071335.831364,ID:1002,STAGE:4,SEQUENCE:1324,DATA:{'time': 1721071335.829, 'source': 'VitalsTask', 'timer': 75.612, 'data': {'sensor': 'Heart Rate', 'action': 'save', 'data': 'action button pressed'}}
INFO:root:1721071335.832886,ID:1002,STAGE:4,SEQUENCE:1324,DATA:{'time': 1721071335.829, 'source': 'VitalsTask', 'timer': 75.612, 'data': {'sensor': 'Heart Rate', 'action': 'save', 'data': 'starting sensor action'}}
INFO:root:1721071336.847122,ID:1002,STAGE:4,SEQUENCE:1324,DATA:{'time': 1721071336.845, 'source': 'VitalsTask', 'timer': 76.628, 'data': {'sensor': 'Heart Rate', 'action': 'save', 'data': 'sensor action complete'}}
INFO:root:1721071337.663546,ID:1002,STAGE:4,SEQUENCE:1324,DATA:{'time': 1721071337.656, 'source': 'VitalsTask', 'timer': 77.439, 'data': {'sensor': 'O\u2082 Saturation', 'action': 'opened sensor tab'}}
INFO:root:1721071338.610609,ID:1002,STAGE:4,SEQUENCE:1324,DATA:{'time': 1721071338.609, 'source': 'VitalsTask', 'timer': 78.392, 'data': {'sensor': 'O\u2082 Saturation', 'action': 'capture', 'data': 'action button pressed'}}
INFO:root:1721071338.612916,ID:1002,STAGE:4,SEQUENCE:1324,DATA:{'time': 1721071338.609, 'source': 'VitalsTask', 'timer': 78.392, 'data': {'sensor': 'O\u2082 Saturation', 'action': 'capture', 'data': 'starting sensor action'}}
INFO:root:1721071339.208187,ID:1002,STAGE:4,SEQUENCE:1324,DATA:{'time': 1721071339.199, 'user-id': '1002', 'source': 'HAI Interface', 'destination-index': '3', 'study-stage': '4', 'decision-state': 0, 'vitals-state': 0, 'airspace-state': 0, 'data': {'page': 'emergency', 'action': 'trying to change destination to19'}}
INFO:root:1721071339.624959,ID:1002,STAGE:4,SEQUENCE:1324,DATA:{'time': 1721071339.621, 'source': 'VitalsTask', 'timer': 79.404, 'data': {'sensor': 'O\u2082 Saturation', 'action': 'capture', 'data': 'sensor action complete'}}
INFO:root:1721071339.626958,ID:1002,STAGE:4,SEQUENCE:1324,DATA:{'time': 1721071339.621, 'source': 'VitalsTask', 'timer': 79.404, 'data': {'sensor': 'O\u2082 Saturation', 'action': 'keypad open'}}
INFO:root:1721071340.220659,ID:1002,STAGE:4,SEQUENCE:1324,DATA:{'time': 1721071340.219, 'source': 'VitalsTask', 'timer': 80.002, 'data': {'sensor': 'O\u2082 Saturation', 'action': 'keypad press', 'key': 1, 'value': 1}}
INFO:root:1721071341.001111,ID:1002,STAGE:4,SEQUENCE:1324,DATA:{'time': 1721071340.999, 'source': 'VitalsTask', 'timer': 80.782, 'data': {'sensor': 'O\u2082 Saturation', 'action': 'keypad press', 'key': 11, 'value': 10}}
INFO:root:1721071341.415751,ID:1002,STAGE:4,SEQUENCE:1324,DATA:{'time': 1721071341.414, 'source': 'VitalsTask', 'timer': 81.197, 'data': {'sensor': 'O\u2082 Saturation', 'action': 'keypad press', 'key': 11, 'value': 100}}
INFO:root:1721071342.252293,ID:1002,STAGE:4,SEQUENCE:1324,DATA:{'time': 1721071342.247, 'source': 'VitalsTask', 'timer': 82.03, 'data': {'sensor': 'O\u2082 Saturation', 'action': 'show action buttons'}}
INFO:root:1721071342.257281,ID:1002,STAGE:4,SEQUENCE:1324,DATA:{'time': 1721071342.248, 'source': 'VitalsTask', 'timer': 82.031, 'data': {'sensor': 'O\u2082 Saturation', 'action': 'keypad press', 'key': 10, 'value': 100}}
INFO:root:1721071343.376103,ID:1002,STAGE:4,SEQUENCE:1324,DATA:{'time': 1721071343.375, 'source': 'VitalsTask', 'timer': 83.158, 'data': {'sensor': 'O\u2082 Saturation', 'action': 'log', 'data': 'action button pressed'}}
INFO:root:1721071343.378689,ID:1002,STAGE:4,SEQUENCE:1324,DATA:{'time': 1721071343.375, 'source': 'VitalsTask', 'timer': 83.158, 'data': {'sensor': 'O\u2082 Saturation', 'action': 'log', 'data': 'starting sensor action'}}
INFO:root:1721071344.381967,ID:1002,STAGE:4,SEQUENCE:1324,DATA:{'time': 1721071344.374, 'user-id': '1002', 'source': 'HAI Interface', 'destination-index': '3', 'study-stage': '4', 'decision-state': 0, 'vitals-state': 0, 'airspace-state': 0, 'data': {'page': 'emergency', 'action': 'trying to change destination to19'}}
INFO:root:1721071344.390943,ID:1002,STAGE:4,SEQUENCE:1324,DATA:{'time': 1721071344.389, 'source': 'VitalsTask', 'timer': 84.172, 'data': {'sensor': 'O\u2082 Saturation', 'action': 'log', 'data': 'sensor action complete'}}
INFO:root:1721071345.023652,ID:1002,STAGE:4,SEQUENCE:1324,DATA:{'time': 1721071345.02, 'source': 'VitalsTask', 'timer': 84.803, 'data': {'sensor': 'O\u2082 Saturation', 'action': 'save', 'data': 'action button pressed'}}
INFO:root:1721071345.025651,ID:1002,STAGE:4,SEQUENCE:1324,DATA:{'time': 1721071345.02, 'source': 'VitalsTask', 'timer': 84.803, 'data': {'sensor': 'O\u2082 Saturation', 'action': 'save', 'data': 'starting sensor action'}}
INFO:root:1721071346.035921,ID:1002,STAGE:4,SEQUENCE:1324,DATA:{'time': 1721071346.034, 'source': 'VitalsTask', 'timer': 85.817, 'data': {'sensor': 'O\u2082 Saturation', 'action': 'save', 'data': 'sensor action complete'}}
INFO:root:1721071346.574002,ID:1002,STAGE:4,SEQUENCE:1324,DATA:{'time': 1721071346.571, 'source': 'VitalsTask', 'timer': 86.354, 'data': {'sensor': 'Blood Pressure', 'action': 'opened sensor tab'}}
INFO:root:1721071347.384299,ID:1002,STAGE:4,SEQUENCE:1324,DATA:{'time': 1721071347.383, 'source': 'VitalsTask', 'timer': 87.166, 'data': {'sensor': 'Blood Pressure', 'action': 'capture', 'data': 'action button pressed'}}
INFO:root:1721071347.385935,ID:1002,STAGE:4,SEQUENCE:1324,DATA:{'time': 1721071347.384, 'source': 'VitalsTask', 'timer': 87.167, 'data': {'sensor': 'Blood Pressure', 'action': 'capture', 'data': 'starting sensor action'}}
INFO:root:1721071348.398163,ID:1002,STAGE:4,SEQUENCE:1324,DATA:{'time': 1721071348.395, 'source': 'VitalsTask', 'timer': 88.178, 'data': {'sensor': 'Blood Pressure', 'action': 'capture', 'data': 'sensor action complete'}}
INFO:root:1721071348.400158,ID:1002,STAGE:4,SEQUENCE:1324,DATA:{'time': 1721071348.395, 'source': 'VitalsTask', 'timer': 88.178, 'data': {'sensor': 'Blood Pressure', 'action': 'keypad open'}}
INFO:root:1721071349.225112,ID:1002,STAGE:4,SEQUENCE:1324,DATA:{'time': 1721071349.223, 'source': 'VitalsTask', 'timer': 89.006, 'data': {'sensor': 'Blood Pressure', 'action': 'keypad press', 'key': 1, 'value': 1}}
INFO:root:1721071349.377464,ID:1002,STAGE:4,SEQUENCE:1324,DATA:{'time': 1721071349.367, 'user-id': '1002', 'source': 'HAI Interface', 'destination-index': '3', 'study-stage': '4', 'decision-state': 0, 'vitals-state': 0, 'airspace-state': 0, 'data': {'page': 'emergency', 'action': 'trying to change destination to19'}}
INFO:root:1721071349.825774,ID:1002,STAGE:4,SEQUENCE:1324,DATA:{'time': 1721071349.824, 'source': 'VitalsTask', 'timer': 89.607, 'data': {'sensor': 'Blood Pressure', 'action': 'keypad press', 'key': 2, 'value': 12}}
INFO:root:1721071350.67759,ID:1002,STAGE:4,SEQUENCE:1324,DATA:{'time': 1721071350.676, 'source': 'VitalsTask', 'timer': 90.459, 'data': {'sensor': 'Blood Pressure', 'action': 'keypad press', 'key': 11, 'value': 120}}
INFO:root:1721071351.532016,ID:1002,STAGE:4,SEQUENCE:1324,DATA:{'time': 1721071351.531, 'source': 'VitalsTask', 'timer': 91.314, 'data': {'sensor': 'Blood Pressure', 'action': 'keypad press', 'key': 8, 'value': 1208}}
INFO:root:1721071352.085913,ID:1002,STAGE:4,SEQUENCE:1324,DATA:{'time': 1721071352.085, 'source': 'VitalsTask', 'timer': 91.868, 'data': {'sensor': 'Blood Pressure', 'action': 'keypad press', 'key': 11, 'value': 12080}}
INFO:root:1721071352.657108,ID:1002,STAGE:4,SEQUENCE:1324,DATA:{'time': 1721071352.654, 'source': 'VitalsTask', 'timer': 92.437, 'data': {'sensor': 'Blood Pressure', 'action': 'show action buttons'}}
INFO:root:1721071352.659614,ID:1002,STAGE:4,SEQUENCE:1324,DATA:{'time': 1721071352.654, 'source': 'VitalsTask', 'timer': 92.437, 'data': {'sensor': 'Blood Pressure', 'action': 'keypad press', 'key': 10, 'value': 12080}}
INFO:root:1721071353.362768,ID:1002,STAGE:4,SEQUENCE:1324,DATA:{'time': 1721071353.361, 'source': 'VitalsTask', 'timer': 93.144, 'data': {'sensor': 'Blood Pressure', 'action': 'save', 'data': 'action button pressed'}}
INFO:root:1721071353.371273,ID:1002,STAGE:4,SEQUENCE:1324,DATA:{'time': 1721071353.361, 'source': 'VitalsTask', 'timer': 93.144, 'data': {'sensor': 'Blood Pressure', 'action': 'save', 'data': 'sensor item needs preceeding checks, cancelling'}}
INFO:root:1721071354.048914,ID:1002,STAGE:4,SEQUENCE:1324,DATA:{'time': 1721071354.046, 'source': 'VitalsTask', 'timer': 93.829, 'data': {'sensor': 'Blood Pressure', 'action': 'log', 'data': 'action button pressed'}}
INFO:root:1721071354.050913,ID:1002,STAGE:4,SEQUENCE:1324,DATA:{'time': 1721071354.046, 'source': 'VitalsTask', 'timer': 93.829, 'data': {'sensor': 'Blood Pressure', 'action': 'log', 'data': 'starting sensor action'}}
INFO:root:1721071354.309057,ID:1002,STAGE:4,SEQUENCE:1324,DATA:{'time': 1721071354.298, 'user-id': '1002', 'source': 'HAI Interface', 'destination-index': '3', 'study-stage': '4', 'decision-state': 0, 'vitals-state': 0, 'airspace-state': 0, 'data': {'page': 'emergency', 'action': 'trying to change destination to19'}}
INFO:root:1721071355.066492,ID:1002,STAGE:4,SEQUENCE:1324,DATA:{'time': 1721071355.059, 'source': 'VitalsTask', 'timer': 94.842, 'data': {'sensor': 'Blood Pressure', 'action': 'log', 'data': 'sensor action complete'}}
INFO:root:1721071355.56757,ID:1002,STAGE:4,SEQUENCE:1324,DATA:{'time': 1721071355.565, 'source': 'VitalsTask', 'timer': 95.348, 'data': {'sensor': 'Blood Pressure', 'action': 'save', 'data': 'action button pressed'}}
INFO:root:1721071355.569098,ID:1002,STAGE:4,SEQUENCE:1324,DATA:{'time': 1721071355.566, 'source': 'VitalsTask', 'timer': 95.349, 'data': {'sensor': 'Blood Pressure', 'action': 'save', 'data': 'starting sensor action'}}
INFO:root:1721071356.58055,ID:1002,STAGE:4,SEQUENCE:1324,DATA:{'time': 1721071356.58, 'source': 'VitalsTask', 'timer': 96.363, 'data': {'sensor': 'Blood Pressure', 'action': 'save', 'data': 'sensor action complete'}}
INFO:root:1721071357.169596,ID:1002,STAGE:4,SEQUENCE:1324,DATA:{'time': 1721071357.167, 'source': 'VitalsTask', 'timer': 96.95, 'data': {'sensor': 'submit', 'action': 'submit'}}
INFO:root:1721071357.174587,ID:1002,STAGE:4,SEQUENCE:1324,DATA:{'time': 1721071357.168, 'source': 'VitalsTask', 'timer': 96.951, 'data': {'sensor': 'submit', 'action': 'submit', 'data': 'submit succeeded'}}
INFO:root:1721071358.597708,ID:1002,STAGE:4,SEQUENCE:1324,DATA:{'time': 1721071358.594, 'user-id': '1002', 'source': 'HAI Interface', 'destination-index': '3', 'study-stage': '4', 'decision-state': 0, 'vitals-state': 0, 'airspace-state': 0, 'data': {'page': 'inflight', 'action': 'user acknowledged vitals prompt'}}
INFO:root:1721071359.253892,ID:1002,STAGE:4,SEQUENCE:1324,DATA:{'time': 1721071359.247, 'user-id': '1002', 'source': 'HAI Interface', 'destination-index': '3', 'study-stage': '4', 'decision-state': 0, 'vitals-state': 0, 'airspace-state': 0, 'data': {'page': 'emergency', 'action': 'trying to change destination to19'}}
INFO:root:1721071364.26964,ID:1002,STAGE:4,SEQUENCE:1324,DATA:{'time': 1721071364.262, 'user-id': '1002', 'source': 'HAI Interface', 'destination-index': '3', 'study-stage': '4', 'decision-state': 0, 'vitals-state': 0, 'airspace-state': 0, 'data': {'page': 'emergency', 'action': 'trying to change destination to19'}}
INFO:root:1721071370.077484,ID:1002,STAGE:4,SEQUENCE:1324,DATA:{'time': 1721071370.071, 'user-id': '1002', 'source': 'HAI Interface', 'destination-index': '3', 'study-stage': '4', 'decision-state': 0, 'vitals-state': 0, 'airspace-state': 0, 'data': {'page': 'emergency', 'action': 'trying to change destination to19'}}
INFO:root:1721071374.271208,ID:1002,STAGE:4,SEQUENCE:1324,DATA:{'time': 1721071374.261, 'user-id': '1002', 'source': 'HAI Interface', 'destination-index': '3', 'study-stage': '4', 'decision-state': 0, 'vitals-state': '1', 'airspace-state': 0, 'data': {'page': 'emergency', 'action': 'trying to change destination to19'}}
INFO:root:1721071374.2742,ID:1002,STAGE:4,SEQUENCE:1324,DATA:{'time': 1721071374.262, 'user-id': '1002', 'source': 'HAI Interface', 'destination-index': '3', 'study-stage': '4', 'decision-state': 0, 'vitals-state': '1', 'airspace-state': 0, 'data': {'page': 'emergency', 'action': 'show Engine Failure Alert, hide map'}}
INFO:root:1721071374.278189,ID:1002,STAGE:4,SEQUENCE:1324,DATA:{'time': 1721071374.262, 'user-id': '1002', 'source': 'HAI Interface', 'destination-index': '3', 'study-stage': '4', 'decision-state': 0, 'vitals-state': '1', 'airspace-state': 0, 'data': {'page': 'map', 'action': 'hide map'}}
INFO:root:1721071374.281181,ID:1002,STAGE:4,SEQUENCE:1324,DATA:{'time': 1721071374.263, 'user-id': '1002', 'source': 'HAI Interface', 'destination-index': '3', 'study-stage': '4', 'decision-state': 0, 'vitals-state': '1', 'airspace-state': 0, 'data': {'page': 'Inflight', 'action': 'Engine failure emergency- emergnecy propmt displayed'}}
INFO:root:1721071376.165431,ID:1002,STAGE:4,SEQUENCE:1324,DATA:{'time': 1721071376.154, 'user-id': '1002', 'source': 'HAI Interface', 'destination-index': '3', 'study-stage': '4', 'decision-state': 0, 'vitals-state': '1', 'airspace-state': 0, 'data': {'page': 'Inflight', 'action': 'Engine failure emergency- show more info button pressed'}}
INFO:root:1721071379.279138,ID:1002,STAGE:4,SEQUENCE:1324,DATA:{'time': 1721071379.273, 'user-id': '1002', 'source': 'HAI Interface', 'destination-index': '3', 'study-stage': '4', 'decision-state': 0, 'vitals-state': '1', 'airspace-state': 0, 'data': {'page': 'emergency', 'action': 'trying to change destination to19'}}
INFO:root:1721071384.278997,ID:1002,STAGE:4,SEQUENCE:1324,DATA:{'time': 1721071384.272, 'user-id': '1002', 'source': 'HAI Interface', 'destination-index': '3', 'study-stage': '4', 'decision-state': 0, 'vitals-state': '1', 'airspace-state': 0, 'data': {'page': 'emergency', 'action': 'trying to change destination to19'}}
INFO:root:1721071384.611171,ID:1002,STAGE:4,SEQUENCE:1324,DATA:{'time': 1721071384.552, 'user-id': '1002', 'source': 'HAI Interface', 'destination-index': '3', 'study-stage': '4', 'decision-state': 0, 'vitals-state': '1', 'airspace-state': 0, 'data': {'page': 'Inflight', 'action': 'Engine failure emergency- close button pressed'}}
INFO:root:1721071384.617697,ID:1002,STAGE:4,SEQUENCE:1324,DATA:{'time': 1721071384.553, 'user-id': '1002', 'source': 'HAI Interface', 'destination-index': '3', 'study-stage': '4', 'decision-state': 0, 'vitals-state': '1', 'airspace-state': 0, 'data': {'page': 'Inflight', 'action': 'change destination button pressed'}}
INFO:root:1721071384.844196,ID:1002,STAGE:4,SEQUENCE:1324,DATA:{'time': 1721071384.778, 'user-id': 'none', 'source': 'HAI Interface', 'destination-index': 3, 'study-stage': -1, 'decision-state': 0, 'vitals-state': 0, 'airspace-state': 0, 'data': {'page': 'emergency-landing', 'action': 'opened page'}}
INFO:root:1721071385.745656,ID:1002,STAGE:4,SEQUENCE:1324,DATA:{'time': 1721071385.737, 'user-id': '1002', 'source': 'HAI Interface', 'destination-index': '3', 'study-stage': '4', 'decision-state': 0, 'vitals-state': '1', 'airspace-state': 0, 'data': {'page': 'map', 'action': 'selected helipad', 'value': '21'}}
INFO:root:1721071385.749649,ID:1002,STAGE:4,SEQUENCE:1324,DATA:{'time': 1721071385.737, 'user-id': '1002', 'source': 'HAI Interface', 'destination-index': '3', 'study-stage': '4', 'decision-state': 0, 'vitals-state': '1', 'airspace-state': 0, 'data': {'page': 'map', 'action': 'set destination', 'value': -1}}
INFO:root:1721071387.770101,ID:1002,STAGE:4,SEQUENCE:1324,DATA:{'time': 1721071387.765, 'user-id': '1002', 'source': 'HAI Interface', 'destination-index': '3', 'study-stage': '4', 'decision-state': 0, 'vitals-state': '1', 'airspace-state': 0, 'data': {'page': 'map', 'action': 'show map'}}
INFO:root:1721071387.773606,ID:1002,STAGE:4,SEQUENCE:1324,DATA:{'time': 1721071387.765, 'user-id': '1002', 'source': 'HAI Interface', 'destination-index': '3', 'study-stage': '4', 'decision-state': 0, 'vitals-state': '1', 'airspace-state': 0, 'data': {'page': 'map', 'action': 'selected helipad', 'value': '21'}}
INFO:root:1721071387.777113,ID:1002,STAGE:4,SEQUENCE:1324,DATA:{'time': 1721071387.766, 'user-id': '1002', 'source': 'HAI Interface', 'destination-index': '3', 'study-stage': '4', 'decision-state': 0, 'vitals-state': '1', 'airspace-state': 0, 'data': {'page': 'map', 'action': 'set destination', 'value': '3'}}
INFO:root:1721071389.944337,ID:1002,STAGE:4,SEQUENCE:1324,DATA:{'time': 1721071389.935, 'user-id': '1002', 'source': 'HAI Interface', 'destination-index': '3', 'study-stage': '4', 'decision-state': 0, 'vitals-state': '1', 'airspace-state': 0, 'data': {'page': 'emergency', 'action': 'trying to change destination to100'}}
INFO:root:1721071392.508682,ID:1002,STAGE:4,SEQUENCE:1324,DATA:{'time': 1721071392.503, 'user-id': '1002', 'source': 'HAI Interface', 'destination-index': '3', 'study-stage': '4', 'decision-state': 0, 'vitals-state': '1', 'airspace-state': 0, 'data': {'page': 'map', 'action': 'selected helipad', 'value': '11'}}
INFO:root:1721071392.512671,ID:1002,STAGE:4,SEQUENCE:1324,DATA:{'time': 1721071392.503, 'user-id': '1002', 'source': 'HAI Interface', 'destination-index': '3', 'study-stage': '4', 'decision-state': 0, 'vitals-state': '1', 'airspace-state': 0, 'data': {'page': 'map', 'action': 'set destination', 'value': '3'}}
INFO:root:1721071394.092603,ID:1002,STAGE:4,SEQUENCE:1324,DATA:{'time': 1721071394.087, 'user-id': '1002', 'source': 'HAI Interface', 'destination-index': '3', 'study-stage': '4', 'decision-state': 0, 'vitals-state': '1', 'airspace-state': 0, 'data': {'page': 'map', 'action': 'selected helipad', 'value': '1'}}
INFO:root:1721071394.098098,ID:1002,STAGE:4,SEQUENCE:1324,DATA:{'time': 1721071394.088, 'user-id': '1002', 'source': 'HAI Interface', 'destination-index': '3', 'study-stage': '4', 'decision-state': 0, 'vitals-state': '1', 'airspace-state': 0, 'data': {'page': 'map', 'action': 'set destination', 'value': '3'}}
INFO:root:1721071394.964945,ID:1002,STAGE:4,SEQUENCE:1324,DATA:{'time': 1721071394.96, 'user-id': '1002', 'source': 'HAI Interface', 'destination-index': '3', 'study-stage': '4', 'decision-state': 0, 'vitals-state': '1', 'airspace-state': 0, 'data': {'page': 'map', 'action': 'selected helipad', 'value': '19'}}
INFO:root:1721071394.96997,ID:1002,STAGE:4,SEQUENCE:1324,DATA:{'time': 1721071394.96, 'user-id': '1002', 'source': 'HAI Interface', 'destination-index': '3', 'study-stage': '4', 'decision-state': 0, 'vitals-state': '1', 'airspace-state': 0, 'data': {'page': 'map', 'action': 'set destination', 'value': '3'}}
INFO:root:1721071394.985465,ID:1002,STAGE:4,SEQUENCE:1324,DATA:{'time': 1721071394.975, 'user-id': '1002', 'source': 'HAI Interface', 'destination-index': '3', 'study-stage': '4', 'decision-state': 0, 'vitals-state': '1', 'airspace-state': 0, 'data': {'page': 'emergency', 'action': 'trying to change destination to19'}}
INFO:root:1721071396.132977,ID:1002,STAGE:4,SEQUENCE:1324,DATA:{'time': 1721071396.126, 'user-id': '1002', 'source': 'HAI Interface', 'destination-index': '3', 'study-stage': '4', 'decision-state': 0, 'vitals-state': '1', 'airspace-state': 0, 'data': {'page': 'map', 'action': 'selected helipad', 'value': '4'}}
INFO:root:1721071396.135968,ID:1002,STAGE:4,SEQUENCE:1324,DATA:{'time': 1721071396.127, 'user-id': '1002', 'source': 'HAI Interface', 'destination-index': '3', 'study-stage': '4', 'decision-state': 0, 'vitals-state': '1', 'airspace-state': 0, 'data': {'page': 'map', 'action': 'set destination', 'value': '3'}}
INFO:root:1721071399.115317,ID:1002,STAGE:4,SEQUENCE:1324,DATA:{'time': 1721071399.11, 'user-id': '1002', 'source': 'HAI Interface', 'destination-index': '3', 'study-stage': '4', 'decision-state': 0, 'vitals-state': '1', 'airspace-state': 0, 'data': {'page': 'map', 'action': 'changing helipad', 'value': '4'}}
INFO:root:1721071399.963787,ID:1002,STAGE:4,SEQUENCE:1324,DATA:{'time': 1721071399.958, 'user-id': '1002', 'source': 'HAI Interface', 'destination-index': '3', 'study-stage': '4', 'decision-state': 0, 'vitals-state': '1', 'airspace-state': 0, 'data': {'page': 'emergency', 'action': 'trying to change destination to19'}}
INFO:root:1721071401.203375,ID:1002,STAGE:4,SEQUENCE:1324,DATA:{'time': 1721071401.196, 'user-id': '1002', 'source': 'HAI Interface', 'destination-index': '3', 'study-stage': '4', 'decision-state': 0, 'vitals-state': '1', 'airspace-state': 0, 'data': {'page': 'map', 'action': 'selected helipad', 'value': 100}}
INFO:root:1721071404.973858,ID:1002,STAGE:4,SEQUENCE:1324,DATA:{'time': 1721071404.967, 'user-id': '1002', 'source': 'HAI Interface', 'destination-index': '3', 'study-stage': '4', 'decision-state': 0, 'vitals-state': '1', 'airspace-state': 0, 'data': {'page': 'emergency', 'action': 'trying to change destination to19'}}
INFO:root:1721071408.170812,ID:1002,STAGE:4,SEQUENCE:1324,DATA:{'time': 1721071408.163, 'user-id': '1002', 'source': 'HAI Interface', 'destination-index': '3', 'study-stage': '4', 'decision-state': 0, 'vitals-state': '1', 'airspace-state': 0, 'data': {'page': 'change-destination', 'action': 'help button pressed'}}
INFO:root:1721071408.348092,ID:1002,STAGE:4,SEQUENCE:1324,DATA:{'time': 1721071408.325, 'user-id': 'none', 'source': 'HAI Interface', 'destination-index': 3, 'study-stage': -1, 'decision-state': 0, 'vitals-state': 0, 'airspace-state': 0, 'data': {'page': 'help', 'action': 'opened page'}}
INFO:root:1721071409.283525,ID:1002,STAGE:4,SEQUENCE:1324,DATA:{'time': 1721071409.278, 'user-id': '1002', 'source': 'HAI Interface', 'destination-index': '3', 'study-stage': '4', 'decision-state': 0, 'vitals-state': '1', 'airspace-state': 0, 'data': {'page': 'map', 'action': 'selected helipad', 'value': '21'}}
INFO:root:1721071411.241121,ID:1002,STAGE:4,SEQUENCE:1324,DATA:{'time': 1721071411.234, 'user-id': '1002', 'source': 'HAI Interface', 'destination-index': '3', 'study-stage': '4', 'decision-state': 0, 'vitals-state': '1', 'airspace-state': 0, 'data': {'page': 'emergency', 'action': 'trying to change destination to19'}}
INFO:root:1721071414.967751,ID:1002,STAGE:4,SEQUENCE:1324,DATA:{'time': 1721071414.943, 'user-id': '1002', 'source': 'HAI Interface', 'destination-index': '3', 'study-stage': '4', 'decision-state': 0, 'vitals-state': '1', 'airspace-state': 0, 'data': {'page': 'emergency', 'action': 'trying to change destination to19'}}
INFO:root:voice activity detected
INFO:root:recording started
INFO:root:voice deactivity detected
INFO:root:recording stopped
INFO:root:1721071420.01618,ID:1002,STAGE:4,SEQUENCE:1324,DATA:{'time': 1721071420.01, 'user-id': '1002', 'source': 'HAI Interface', 'destination-index': '3', 'study-stage': '4', 'decision-state': 0, 'vitals-state': '1', 'airspace-state': 0, 'data': {'page': 'emergency', 'action': 'trying to change destination to19'}}
INFO:root:1721071422.330887,ID:1002,STAGE:4,SEQUENCE:1324,DATA:{'time': 1721071422.319, 'user-id': '1002', 'source': 'HAI Interface', 'destination-index': '3', 'study-stage': '4', 'decision-state': 0, 'vitals-state': '1', 'airspace-state': 0, 'data': {'action': 'radio panel opened'}}
INFO:root:1721071424.983552,ID:1002,STAGE:4,SEQUENCE:1324,DATA:{'time': 1721071424.969, 'user-id': '1002', 'source': 'HAI Interface', 'destination-index': '3', 'study-stage': '4', 'decision-state': 0, 'vitals-state': '1', 'airspace-state': 0, 'data': {'page': 'emergency', 'action': 'trying to change destination to19'}}
