INFO:root:1721070288.607156,ID:1002,STAGE:2,SEQUENCE:1324,DATA:{'time': 1721070288.602, 'user-id': '1002', 'source': 'HAI Interface', 'destination-index': 'None', 'study-stage': '2', 'decision-state': 0, 'vitals-state': 0, 'airspace-state': 0, 'data': {'page': 'index', 'action': 'confirm button pressed'}}
INFO:root:1721070288.715582,ID:1002,STAGE:2,SEQUENCE:1324,DATA:{'time': 1721070288.711, 'user-id': 'none', 'source': 'HAI Interface', 'destination-index': 3, 'study-stage': -1, 'decision-state': 0, 'vitals-state': 0, 'airspace-state': 0, 'data': {'page': 'location', 'action': 'opened page'}}
INFO:root:1721070289.680377,ID:1002,STAGE:2,SEQUENCE:1324,DATA:{'time': 1721070289.677, 'user-id': '1002', 'source': 'HAI Interface', 'destination-index': 'None', 'study-stage': '2', 'decision-state': 0, 'vitals-state': 0, 'airspace-state': 0, 'data': {'page': 'map', 'action': 'selected helipad', 'value': '21'}}
INFO:root:Takeoff radiocomms initiated
INFO:root:1721070296.353205,ID:1002,STAGE:2,SEQUENCE:1324,DATA:{'time': 1721070296.35, 'user-id': '1002', 'source': 'HAI Interface', 'destination-index': 'None', 'study-stage': '2', 'decision-state': 0, 'vitals-state': 0, 'airspace-state': 0, 'data': {'page': 'location', 'action': 'confirm button pressed'}}
INFO:root:1721070296.581303,ID:1002,STAGE:2,SEQUENCE:1324,DATA:{'time': 1721070296.57, 'user-id': 'none', 'source': 'HAI Interface', 'destination-index': 3, 'study-stage': -1, 'decision-state': 0, 'vitals-state': 0, 'airspace-state': 0, 'data': {'page': 'checklist', 'action': 'opened page', 'inflight': False}}
INFO:root:1721070297.553404,ID:1002,STAGE:2,SEQUENCE:1324,DATA:{'time': 1721070297.549, 'user-id': '1002', 'source': 'HAI Interface', 'destination-index': '3', 'study-stage': '2', 'decision-state': 0, 'vitals-state': 0, 'airspace-state': 0, 'data': {'page': 'map', 'action': 'selected helipad', 'value': '21'}}
INFO:root:1721070298.330034,ID:1002,STAGE:2,SEQUENCE:1324,DATA:{'time': 1721070298.327, 'user-id': '1002', 'source': 'HAI Interface', 'destination-index': '3', 'study-stage': '2', 'decision-state': 0, 'vitals-state': 0, 'airspace-state': 0, 'data': {'page': 'checklist', 'action': 'toggled checkbox', 'inflight': False, 'item': 0, 'value': 'OFF'}}
INFO:root:1721070299.175271,ID:1002,STAGE:2,SEQUENCE:1324,DATA:{'time': 1721070299.172, 'user-id': '1002', 'source': 'HAI Interface', 'destination-index': '3', 'study-stage': '2', 'decision-state': 0, 'vitals-state': 0, 'airspace-state': 0, 'data': {'page': 'checklist', 'action': 'toggled checkbox', 'inflight': False, 'item': 1, 'value': 'OFF'}}
INFO:root:1721070300.16455,ID:1002,STAGE:2,SEQUENCE:1324,DATA:{'time': 1721070300.162, 'user-id': '1002', 'source': 'HAI Interface', 'destination-index': '3', 'study-stage': '2', 'decision-state': 0, 'vitals-state': 0, 'airspace-state': 0, 'data': {'page': 'checklist', 'action': 'toggled checkbox', 'inflight': False, 'item': 2, 'value': 'OFF'}}
INFO:root:1721070300.166514,ID:1002,STAGE:2,SEQUENCE:1324,DATA:{'time': 1721070300.162, 'user-id': '1002', 'source': 'HAI Interface', 'destination-index': '3', 'study-stage': '2', 'decision-state': 0, 'vitals-state': 0, 'airspace-state': 0, 'data': {'page': 'checklist', 'action': 'showing confirm button', 'inflight': False}}
INFO:root:Takeoff radiocomms clear request sent
INFO:root:1721070307.557768,ID:1002,STAGE:2,SEQUENCE:1324,DATA:{'time': 1721070307.553, 'user-id': '1002', 'source': 'HAI Interface', 'destination-index': '3', 'study-stage': '2', 'decision-state': 0, 'vitals-state': 0, 'airspace-state': 0, 'data': {'page': 'checklist', 'action': 'confirm button clicked', 'inflight': False}}
INFO:root:1721070307.651409,ID:1002,STAGE:2,SEQUENCE:1324,DATA:{'time': 1721070307.643, 'user-id': 'none', 'source': 'HAI Interface', 'destination-index': 3, 'study-stage': -1, 'decision-state': 0, 'vitals-state': 0, 'airspace-state': 0, 'data': {'page': 'countdown', 'action': 'opened page'}}
INFO:root:1721070308.618687,ID:1002,STAGE:2,SEQUENCE:1324,DATA:{'time': 1721070308.615, 'user-id': '1002', 'source': 'HAI Interface', 'destination-index': '3', 'study-stage': '2', 'decision-state': 0, 'vitals-state': 0, 'airspace-state': 0, 'data': {'page': 'map', 'action': 'selected helipad', 'value': '21'}}
INFO:root:1721070308.648036,ID:1002,STAGE:2,SEQUENCE:1324,DATA:{'time': 1721070308.645, 'user-id': '1002', 'source': 'HAI Interface', 'destination-index': '3', 'study-stage': '2', 'decision-state': 0, 'vitals-state': 0, 'airspace-state': 0, 'data': {'page': 'countdown', 'action': 'countdown now 4'}}
INFO:root:1721070309.652591,ID:1002,STAGE:2,SEQUENCE:1324,DATA:{'time': 1721070309.649, 'user-id': '1002', 'source': 'HAI Interface', 'destination-index': '3', 'study-stage': '2', 'decision-state': 0, 'vitals-state': 0, 'airspace-state': 0, 'data': {'page': 'countdown', 'action': 'countdown now 3'}}
INFO:root:1721070310.654639,ID:1002,STAGE:2,SEQUENCE:1324,DATA:{'time': 1721070310.649, 'user-id': '1002', 'source': 'HAI Interface', 'destination-index': '3', 'study-stage': '2', 'decision-state': 0, 'vitals-state': 0, 'airspace-state': 0, 'data': {'page': 'countdown', 'action': 'countdown now 2'}}
INFO:root:1721070311.652733,ID:1002,STAGE:2,SEQUENCE:1324,DATA:{'time': 1721070311.649, 'user-id': '1002', 'source': 'HAI Interface', 'destination-index': '3', 'study-stage': '2', 'decision-state': 0, 'vitals-state': 0, 'airspace-state': 0, 'data': {'page': 'countdown', 'action': 'countdown now 1'}}
INFO:root:1721070312.654038,ID:1002,STAGE:2,SEQUENCE:1324,DATA:{'time': 1721070312.65, 'user-id': '1002', 'source': 'HAI Interface', 'destination-index': '3', 'study-stage': '2', 'decision-state': 0, 'vitals-state': 0, 'airspace-state': 0, 'data': {'page': 'countdown', 'action': 'countdown now 0'}}
INFO:root:1721070313.652905,ID:1002,STAGE:2,SEQUENCE:1324,DATA:{'time': 1721070313.649, 'user-id': '1002', 'source': 'HAI Interface', 'destination-index': '3', 'study-stage': '2', 'decision-state': 0, 'vitals-state': 0, 'airspace-state': 0, 'data': {'page': 'countdown', 'action': 'countdown complete'}}
INFO:root:1721070314.921287,ID:1002,STAGE:2,SEQUENCE:1324,DATA:{'time': 1721070314.915, 'user-id': '1002', 'source': 'HAI Interface', 'destination-index': '3', 'study-stage': '2', 'decision-state': 0, 'vitals-state': 0, 'airspace-state': 0, 'data': {'page': 'map', 'action': 'selected helipad', 'value': '21'}}
INFO:root:1721070315.982742,ID:1002,STAGE:2,SEQUENCE:1324,DATA:{'time': 1721070315.979, 'user-id': '1002', 'source': 'HAI Interface', 'destination-index': '3', 'study-stage': '2', 'decision-state': 0, 'vitals-state': 0, 'airspace-state': 0, 'data': {'page': 'map', 'action': 'show map'}}
INFO:root:1721070315.984736,ID:1002,STAGE:2,SEQUENCE:1324,DATA:{'time': 1721070315.979, 'user-id': '1002', 'source': 'HAI Interface', 'destination-index': '3', 'study-stage': '2', 'decision-state': 0, 'vitals-state': 0, 'airspace-state': 0, 'data': {'page': 'map', 'action': 'selected helipad', 'value': '21'}}
INFO:root:1721070317.410562,ID:1002,STAGE:2,SEQUENCE:1324,DATA:{'time': 1721070317.406, 'user-id': '1002', 'source': 'HAI Interface', 'destination-index': '3', 'study-stage': '2', 'decision-state': 0, 'vitals-state': 0, 'airspace-state': 0, 'data': {'action': 'radio panel opened'}}
INFO:root:Inflight Radio Update asked
INFO:root:sent request to set radio update complete
INFO:root:1721070325.526443,ID:1002,STAGE:2,SEQUENCE:1324,DATA:{'time': 1721070325.522, 'user-id': '1002', 'source': 'HAI Interface', 'destination-index': '3', 'study-stage': '2', 'decision-state': 0, 'vitals-state': 0, 'airspace-state': 0, 'data': {'action': 'transmit button pressed'}}
INFO:root:1721070325.532866,ID:1002,STAGE:2,SEQUENCE:1324,DATA:{'time': 1721070325.522, 'user-id': '1002', 'source': 'HAI Interface', 'destination-index': '3', 'study-stage': '2', 'decision-state': 0, 'vitals-state': 0, 'airspace-state': 0, 'data': {'action': 'callsign set to: + NASXGS'}}
INFO:root:1721070325.533864,ID:1002,STAGE:2,SEQUENCE:1324,DATA:{'time': 1721070325.522, 'user-id': '1002', 'source': 'HAI Interface', 'destination-index': '3', 'study-stage': '2', 'decision-state': 0, 'vitals-state': 0, 'airspace-state': 0, 'data': {'action': 'radio set to:Comm1'}}
INFO:root:1721070325.534862,ID:1002,STAGE:2,SEQUENCE:1324,DATA:{'time': 1721070325.523, 'user-id': '1002', 'source': 'HAI Interface', 'destination-index': '3', 'study-stage': '2', 'decision-state': 0, 'vitals-state': 0, 'airspace-state': 0, 'data': {'page': 'map', 'action': 'show map'}}
INFO:root:1721070325.535858,ID:1002,STAGE:2,SEQUENCE:1324,DATA:{'time': 1721070325.523, 'user-id': '1002', 'source': 'HAI Interface', 'destination-index': '3', 'study-stage': '2', 'decision-state': 0, 'vitals-state': 0, 'airspace-state': 0, 'data': {'page': 'map', 'action': 'selected helipad', 'value': '21'}}
INFO:root:1721070325.538368,ID:1002,STAGE:2,SEQUENCE:1324,DATA:{'time': 1721070325.528, 'user-id': '1002', 'source': 'HAI Interface', 'destination-index': '3', 'study-stage': '2', 'decision-state': 0, 'vitals-state': 0, 'airspace-state': 0, 'data': {'action': 'NASXGStransmitting updates onComm1123.45 MHz'}}
INFO:root:1721070339.261633,ID:1002,STAGE:2,SEQUENCE:1324,DATA:{'time': 1721070339.258, 'user-id': '1002', 'source': 'HAI Interface', 'destination-index': '3', 'study-stage': '2', 'decision-state': 0, 'vitals-state': 0, 'airspace-state': 0, 'data': {'page': 'map', 'action': 'hide map'}}
INFO:root:1721070341.010143,ID:1002,STAGE:2,SEQUENCE:1324,DATA:{'time': 1721070341.005, 'user-id': '1002', 'source': 'HAI Interface', 'destination-index': '3', 'study-stage': '2', 'decision-state': 0, 'vitals-state': 0, 'airspace-state': 0, 'data': {'page': 'map', 'action': 'show map'}}
INFO:root:1721070341.01417,ID:1002,STAGE:2,SEQUENCE:1324,DATA:{'time': 1721070341.006, 'user-id': '1002', 'source': 'HAI Interface', 'destination-index': '3', 'study-stage': '2', 'decision-state': 0, 'vitals-state': 0, 'airspace-state': 0, 'data': {'page': 'map', 'action': 'selected helipad', 'value': '21'}}
INFO:root:1721070367.720676,ID:1002,STAGE:2,SEQUENCE:1324,DATA:{'time': 1721070367.716, 'user-id': '1002', 'source': 'HAI Interface', 'destination-index': '3', 'study-stage': '2', 'decision-state': 0, 'vitals-state': 0, 'airspace-state': 0, 'data': {'page': 'inflight', 'action': 'displaying vitals prompt'}}
INFO:root:1721070369.746547,ID:1002,STAGE:2,SEQUENCE:1324,DATA:{'time': 1721070369.743, 'user-id': '1002', 'source': 'HAI Interface', 'destination-index': '3', 'study-stage': '2', 'decision-state': 0, 'vitals-state': 0, 'airspace-state': 0, 'data': {'page': 'inflight', 'action': 'user acknowledged vitals prompt'}}
INFO:root:1721070372.251938,ID:1002,STAGE:2,SEQUENCE:1324,DATA:{'time': 1721070372.249, 'source': 'VitalsTask', 'timer': 392.159, 'data': {'sensor': 'Heart Rate', 'action': 'capture', 'data': 'action button pressed'}}
INFO:root:1721070372.25426,ID:1002,STAGE:2,SEQUENCE:1324,DATA:{'time': 1721070372.249, 'source': 'VitalsTask', 'timer': 392.159, 'data': {'sensor': 'Heart Rate', 'action': 'capture', 'data': 'starting sensor action'}}
INFO:root:1721070373.264661,ID:1002,STAGE:2,SEQUENCE:1324,DATA:{'time': 1721070373.26, 'source': 'VitalsTask', 'timer': 393.17, 'data': {'sensor': 'Heart Rate', 'action': 'capture', 'data': 'sensor action complete'}}
INFO:root:1721070373.265661,ID:1002,STAGE:2,SEQUENCE:1324,DATA:{'time': 1721070373.261, 'source': 'VitalsTask', 'timer': 393.171, 'data': {'sensor': 'Heart Rate', 'action': 'keypad open'}}
INFO:root:1721070375.225613,ID:1002,STAGE:2,SEQUENCE:1324,DATA:{'time': 1721070375.222, 'source': 'VitalsTask', 'timer': 395.132, 'data': {'sensor': 'Heart Rate', 'action': 'keypad press', 'key': 5, 'value': 5}}
INFO:root:1721070376.204102,ID:1002,STAGE:2,SEQUENCE:1324,DATA:{'time': 1721070376.201, 'source': 'VitalsTask', 'timer': 396.111, 'data': {'sensor': 'Heart Rate', 'action': 'keypad press', 'key': 5, 'value': 55}}
INFO:root:1721070377.35644,ID:1002,STAGE:2,SEQUENCE:1324,DATA:{'time': 1721070377.354, 'source': 'VitalsTask', 'timer': 397.264, 'data': {'sensor': 'Heart Rate', 'action': 'show action buttons'}}
INFO:root:1721070377.358943,ID:1002,STAGE:2,SEQUENCE:1324,DATA:{'time': 1721070377.354, 'source': 'VitalsTask', 'timer': 397.264, 'data': {'sensor': 'Heart Rate', 'action': 'keypad press', 'key': 10, 'value': 55}}
INFO:root:1721070378.673359,ID:1002,STAGE:2,SEQUENCE:1324,DATA:{'time': 1721070378.669, 'source': 'VitalsTask', 'timer': 398.579, 'data': {'sensor': 'Heart Rate', 'action': 'log', 'data': 'action button pressed'}}
INFO:root:1721070378.674356,ID:1002,STAGE:2,SEQUENCE:1324,DATA:{'time': 1721070378.669, 'source': 'VitalsTask', 'timer': 398.579, 'data': {'sensor': 'Heart Rate', 'action': 'log', 'data': 'starting sensor action'}}
INFO:root:1721070379.687095,ID:1002,STAGE:2,SEQUENCE:1324,DATA:{'time': 1721070379.685, 'source': 'VitalsTask', 'timer': 399.595, 'data': {'sensor': 'Heart Rate', 'action': 'log', 'data': 'sensor action complete'}}
INFO:root:1721070380.386643,ID:1002,STAGE:2,SEQUENCE:1324,DATA:{'time': 1721070380.384, 'source': 'VitalsTask', 'timer': 400.294, 'data': {'sensor': 'Heart Rate', 'action': 'save', 'data': 'action button pressed'}}
INFO:root:1721070380.388637,ID:1002,STAGE:2,SEQUENCE:1324,DATA:{'time': 1721070380.384, 'source': 'VitalsTask', 'timer': 400.294, 'data': {'sensor': 'Heart Rate', 'action': 'save', 'data': 'starting sensor action'}}
INFO:root:1721070381.397484,ID:1002,STAGE:2,SEQUENCE:1324,DATA:{'time': 1721070381.395, 'source': 'VitalsTask', 'timer': 401.305, 'data': {'sensor': 'Heart Rate', 'action': 'save', 'data': 'sensor action complete'}}
INFO:root:1721070382.151553,ID:1002,STAGE:2,SEQUENCE:1324,DATA:{'time': 1721070382.148, 'source': 'VitalsTask', 'timer': 402.058, 'data': {'sensor': 'O\u2082 Saturation', 'action': 'opened sensor tab'}}
INFO:root:1721070383.666523,ID:1002,STAGE:2,SEQUENCE:1324,DATA:{'time': 1721070383.664, 'source': 'VitalsTask', 'timer': 403.574, 'data': {'sensor': 'O\u2082 Saturation', 'action': 'capture', 'data': 'action button pressed'}}
INFO:root:1721070383.669515,ID:1002,STAGE:2,SEQUENCE:1324,DATA:{'time': 1721070383.664, 'source': 'VitalsTask', 'timer': 403.574, 'data': {'sensor': 'O\u2082 Saturation', 'action': 'capture', 'data': 'starting sensor action'}}
INFO:root:1721070384.679308,ID:1002,STAGE:2,SEQUENCE:1324,DATA:{'time': 1721070384.677, 'source': 'VitalsTask', 'timer': 404.587, 'data': {'sensor': 'O\u2082 Saturation', 'action': 'capture', 'data': 'sensor action complete'}}
INFO:root:1721070384.681303,ID:1002,STAGE:2,SEQUENCE:1324,DATA:{'time': 1721070384.677, 'source': 'VitalsTask', 'timer': 404.587, 'data': {'sensor': 'O\u2082 Saturation', 'action': 'keypad open'}}
INFO:root:1721070385.566092,ID:1002,STAGE:2,SEQUENCE:1324,DATA:{'time': 1721070385.564, 'source': 'VitalsTask', 'timer': 405.474, 'data': {'sensor': 'O\u2082 Saturation', 'action': 'keypad press', 'key': 1, 'value': 1}}
INFO:root:1721070386.87334,ID:1002,STAGE:2,SEQUENCE:1324,DATA:{'time': 1721070386.87, 'source': 'VitalsTask', 'timer': 406.78, 'data': {'sensor': 'O\u2082 Saturation', 'action': 'keypad press', 'key': 11, 'value': 10}}
INFO:root:1721070387.260474,ID:1002,STAGE:2,SEQUENCE:1324,DATA:{'time': 1721070387.256, 'source': 'VitalsTask', 'timer': 407.166, 'data': {'sensor': 'O\u2082 Saturation', 'action': 'keypad press', 'key': 11, 'value': 100}}
INFO:root:1721070388.389081,ID:1002,STAGE:2,SEQUENCE:1324,DATA:{'time': 1721070388.387, 'source': 'VitalsTask', 'timer': 408.297, 'data': {'sensor': 'O\u2082 Saturation', 'action': 'show action buttons'}}
INFO:root:1721070388.391585,ID:1002,STAGE:2,SEQUENCE:1324,DATA:{'time': 1721070388.388, 'source': 'VitalsTask', 'timer': 408.298, 'data': {'sensor': 'O\u2082 Saturation', 'action': 'keypad press', 'key': 10, 'value': 100}}
INFO:root:1721070390.07916,ID:1002,STAGE:2,SEQUENCE:1324,DATA:{'time': 1721070390.076, 'source': 'VitalsTask', 'timer': 409.986, 'data': {'sensor': 'O\u2082 Saturation', 'action': 'log', 'data': 'action button pressed'}}
INFO:root:1721070390.082659,ID:1002,STAGE:2,SEQUENCE:1324,DATA:{'time': 1721070390.076, 'source': 'VitalsTask', 'timer': 409.986, 'data': {'sensor': 'O\u2082 Saturation', 'action': 'log', 'data': 'starting sensor action'}}
INFO:root:1721070391.090255,ID:1002,STAGE:2,SEQUENCE:1324,DATA:{'time': 1721070391.088, 'source': 'VitalsTask', 'timer': 410.998, 'data': {'sensor': 'O\u2082 Saturation', 'action': 'log', 'data': 'sensor action complete'}}
INFO:root:1721070391.779286,ID:1002,STAGE:2,SEQUENCE:1324,DATA:{'time': 1721070391.776, 'source': 'VitalsTask', 'timer': 411.686, 'data': {'sensor': 'O\u2082 Saturation', 'action': 'save', 'data': 'action button pressed'}}
INFO:root:1721070391.780284,ID:1002,STAGE:2,SEQUENCE:1324,DATA:{'time': 1721070391.777, 'source': 'VitalsTask', 'timer': 411.687, 'data': {'sensor': 'O\u2082 Saturation', 'action': 'save', 'data': 'starting sensor action'}}
INFO:root:1721070392.795,ID:1002,STAGE:2,SEQUENCE:1324,DATA:{'time': 1721070392.79, 'source': 'VitalsTask', 'timer': 412.7, 'data': {'sensor': 'O\u2082 Saturation', 'action': 'save', 'data': 'sensor action complete'}}
INFO:root:1721070393.574803,ID:1002,STAGE:2,SEQUENCE:1324,DATA:{'time': 1721070393.572, 'source': 'VitalsTask', 'timer': 413.482, 'data': {'sensor': 'Blood Pressure', 'action': 'opened sensor tab'}}
INFO:root:1721070394.727989,ID:1002,STAGE:2,SEQUENCE:1324,DATA:{'time': 1721070394.724, 'source': 'VitalsTask', 'timer': 414.634, 'data': {'sensor': 'Blood Pressure', 'action': 'capture', 'data': 'action button pressed'}}
INFO:root:1721070394.729986,ID:1002,STAGE:2,SEQUENCE:1324,DATA:{'time': 1721070394.724, 'source': 'VitalsTask', 'timer': 414.634, 'data': {'sensor': 'Blood Pressure', 'action': 'capture', 'data': 'starting sensor action'}}
INFO:root:1721070395.741848,ID:1002,STAGE:2,SEQUENCE:1324,DATA:{'time': 1721070395.736, 'source': 'VitalsTask', 'timer': 415.646, 'data': {'sensor': 'Blood Pressure', 'action': 'capture', 'data': 'sensor action complete'}}
INFO:root:1721070395.743422,ID:1002,STAGE:2,SEQUENCE:1324,DATA:{'time': 1721070395.737, 'source': 'VitalsTask', 'timer': 415.647, 'data': {'sensor': 'Blood Pressure', 'action': 'keypad open'}}
INFO:root:1721070398.154679,ID:1002,STAGE:2,SEQUENCE:1324,DATA:{'time': 1721070398.146, 'source': 'VitalsTask', 'timer': 418.056, 'data': {'sensor': 'Blood Pressure', 'action': 'keypad press', 'key': 1, 'value': 1}}
INFO:root:1721070399.027265,ID:1002,STAGE:2,SEQUENCE:1324,DATA:{'time': 1721070399.023, 'source': 'VitalsTask', 'timer': 418.933, 'data': {'sensor': 'Blood Pressure', 'action': 'keypad press', 'key': 2, 'value': 12}}
INFO:root:1721070400.610433,ID:1002,STAGE:2,SEQUENCE:1324,DATA:{'time': 1721070400.608, 'source': 'VitalsTask', 'timer': 420.518, 'data': {'sensor': 'Blood Pressure', 'action': 'keypad press', 'key': 11, 'value': 120}}
INFO:root:1721070401.513483,ID:1002,STAGE:2,SEQUENCE:1324,DATA:{'time': 1721070401.51, 'source': 'VitalsTask', 'timer': 421.42, 'data': {'sensor': 'Blood Pressure', 'action': 'keypad press', 'key': 8, 'value': 1208}}
INFO:root:1721070402.472388,ID:1002,STAGE:2,SEQUENCE:1324,DATA:{'time': 1721070402.469, 'source': 'VitalsTask', 'timer': 422.379, 'data': {'sensor': 'Blood Pressure', 'action': 'keypad press', 'key': 11, 'value': 12080}}
INFO:root:1721070403.534187,ID:1002,STAGE:2,SEQUENCE:1324,DATA:{'time': 1721070403.532, 'source': 'VitalsTask', 'timer': 423.442, 'data': {'sensor': 'Blood Pressure', 'action': 'show action buttons'}}
INFO:root:1721070403.536183,ID:1002,STAGE:2,SEQUENCE:1324,DATA:{'time': 1721070403.532, 'source': 'VitalsTask', 'timer': 423.442, 'data': {'sensor': 'Blood Pressure', 'action': 'keypad press', 'key': 10, 'value': 12080}}
INFO:root:1721070404.955224,ID:1002,STAGE:2,SEQUENCE:1324,DATA:{'time': 1721070404.95, 'source': 'VitalsTask', 'timer': 424.86, 'data': {'sensor': 'Blood Pressure', 'action': 'log', 'data': 'action button pressed'}}
INFO:root:1721070404.958728,ID:1002,STAGE:2,SEQUENCE:1324,DATA:{'time': 1721070404.95, 'source': 'VitalsTask', 'timer': 424.86, 'data': {'sensor': 'Blood Pressure', 'action': 'log', 'data': 'starting sensor action'}}
INFO:root:1721070405.971349,ID:1002,STAGE:2,SEQUENCE:1324,DATA:{'time': 1721070405.967, 'source': 'VitalsTask', 'timer': 425.877, 'data': {'sensor': 'Blood Pressure', 'action': 'log', 'data': 'sensor action complete'}}
INFO:root:1721070406.813441,ID:1002,STAGE:2,SEQUENCE:1324,DATA:{'time': 1721070406.808, 'source': 'VitalsTask', 'timer': 426.718, 'data': {'sensor': 'Blood Pressure', 'action': 'save', 'data': 'action button pressed'}}
INFO:root:1721070406.814438,ID:1002,STAGE:2,SEQUENCE:1324,DATA:{'time': 1721070406.808, 'source': 'VitalsTask', 'timer': 426.718, 'data': {'sensor': 'Blood Pressure', 'action': 'save', 'data': 'starting sensor action'}}
INFO:root:1721070407.821678,ID:1002,STAGE:2,SEQUENCE:1324,DATA:{'time': 1721070407.818, 'source': 'VitalsTask', 'timer': 427.728, 'data': {'sensor': 'Blood Pressure', 'action': 'save', 'data': 'sensor action complete'}}
INFO:root:1721070408.51783,ID:1002,STAGE:2,SEQUENCE:1324,DATA:{'time': 1721070408.516, 'source': 'VitalsTask', 'timer': 428.426, 'data': {'sensor': 'submit', 'action': 'submit'}}
INFO:root:1721070408.520389,ID:1002,STAGE:2,SEQUENCE:1324,DATA:{'time': 1721070408.516, 'source': 'VitalsTask', 'timer': 428.426, 'data': {'sensor': 'submit', 'action': 'submit', 'data': 'submit succeeded'}}
INFO:root:Inflight Radio Update asked
INFO:root:sent request to set radio update complete
INFO:root:1721070422.278297,ID:1002,STAGE:2,SEQUENCE:1324,DATA:{'time': 1721070422.267, 'user-id': '1002', 'source': 'HAI Interface', 'destination-index': '3', 'study-stage': '2', 'decision-state': 0, 'vitals-state': 0, 'airspace-state': 0, 'data': {'action': 'transmit button pressed'}}
INFO:root:1721070422.281289,ID:1002,STAGE:2,SEQUENCE:1324,DATA:{'time': 1721070422.268, 'user-id': '1002', 'source': 'HAI Interface', 'destination-index': '3', 'study-stage': '2', 'decision-state': 0, 'vitals-state': 0, 'airspace-state': 0, 'data': {'action': 'callsign set to: + NASXGS'}}
INFO:root:1721070422.286791,ID:1002,STAGE:2,SEQUENCE:1324,DATA:{'time': 1721070422.268, 'user-id': '1002', 'source': 'HAI Interface', 'destination-index': '3', 'study-stage': '2', 'decision-state': 0, 'vitals-state': 0, 'airspace-state': 0, 'data': {'action': 'radio set to:Comm1'}}
INFO:root:1721070422.287789,ID:1002,STAGE:2,SEQUENCE:1324,DATA:{'time': 1721070422.268, 'user-id': '1002', 'source': 'HAI Interface', 'destination-index': '3', 'study-stage': '2', 'decision-state': 0, 'vitals-state': 0, 'airspace-state': 0, 'data': {'page': 'map', 'action': 'show map'}}
INFO:root:1721070422.291777,ID:1002,STAGE:2,SEQUENCE:1324,DATA:{'time': 1721070422.269, 'user-id': '1002', 'source': 'HAI Interface', 'destination-index': '3', 'study-stage': '2', 'decision-state': 0, 'vitals-state': 0, 'airspace-state': 0, 'data': {'page': 'map', 'action': 'selected helipad', 'value': '21'}}
INFO:root:1721070422.296764,ID:1002,STAGE:2,SEQUENCE:1324,DATA:{'time': 1721070422.273, 'user-id': '1002', 'source': 'HAI Interface', 'destination-index': '3', 'study-stage': '2', 'decision-state': 0, 'vitals-state': 0, 'airspace-state': 0, 'data': {'action': 'NASXGStransmitting updates onComm1123.45 MHz'}}
INFO:root:SimConnect Error in /var
INFO:root:SimConnect Error in /var
INFO:SimConnect.SimConnect:SIM OPEN
INFO:SimConnect.SimConnect:SIM OPEN
INFO:root:SimConnect Error in /var
INFO:SimConnect.SimConnect:SIM OPEN
INFO:root:1721070436.276429,ID:1002,STAGE:2,SEQUENCE:1324,DATA:{'time': 1721070436.267, 'user-id': '1002', 'source': 'HAI Interface', 'destination-index': '3', 'study-stage': '2', 'decision-state': 0, 'vitals-state': 0, 'airspace-state': 0, 'data': {'page': 'map', 'action': 'hide map'}}
INFO:root:1721070438.175537,ID:1002,STAGE:2,SEQUENCE:1324,DATA:{'time': 1721070438.171, 'user-id': '1002', 'source': 'HAI Interface', 'destination-index': '3', 'study-stage': '2', 'decision-state': 0, 'vitals-state': 0, 'airspace-state': 0, 'data': {'page': 'map', 'action': 'show map'}}
INFO:root:1721070438.177892,ID:1002,STAGE:2,SEQUENCE:1324,DATA:{'time': 1721070438.171, 'user-id': '1002', 'source': 'HAI Interface', 'destination-index': '3', 'study-stage': '2', 'decision-state': 0, 'vitals-state': 0, 'airspace-state': 0, 'data': {'page': 'map', 'action': 'selected helipad', 'value': '21'}}
INFO:root:1721070466.072454,ID:1002,STAGE:2,SEQUENCE:1324,DATA:{'time': 1721070466.067, 'user-id': '1002', 'source': 'HAI Interface', 'destination-index': '3', 'study-stage': '2', 'decision-state': 0, 'vitals-state': 0, 'airspace-state': 0, 'data': {'page': 'inflight', 'action': 'displaying vitals prompt'}}
INFO:root:SimConnect Error in /var
INFO:SimConnect.SimConnect:SIM OPEN
INFO:root:1721070468.970536,ID:1002,STAGE:2,SEQUENCE:1324,DATA:{'time': 1721070468.965, 'user-id': '1002', 'source': 'HAI Interface', 'destination-index': '3', 'study-stage': '2', 'decision-state': 0, 'vitals-state': 0, 'airspace-state': 0, 'data': {'page': 'inflight', 'action': 'user acknowledged vitals prompt'}}
INFO:root:1721070473.06873,ID:1002,STAGE:2,SEQUENCE:1324,DATA:{'time': 1721070473.064, 'source': 'VitalsTask', 'timer': 64.548, 'data': {'sensor': 'Heart Rate', 'action': 'opened sensor tab'}}
INFO:root:1721070474.328135,ID:1002,STAGE:2,SEQUENCE:1324,DATA:{'time': 1721070474.325, 'source': 'VitalsTask', 'timer': 65.809, 'data': {'sensor': 'Heart Rate', 'action': 'capture', 'data': 'action button pressed'}}
INFO:root:1721070474.330129,ID:1002,STAGE:2,SEQUENCE:1324,DATA:{'time': 1721070474.325, 'source': 'VitalsTask', 'timer': 65.809, 'data': {'sensor': 'Heart Rate', 'action': 'capture', 'data': 'starting sensor action'}}
INFO:root:1721070475.34796,ID:1002,STAGE:2,SEQUENCE:1324,DATA:{'time': 1721070475.345, 'source': 'VitalsTask', 'timer': 66.829, 'data': {'sensor': 'Heart Rate', 'action': 'capture', 'data': 'sensor action complete'}}
INFO:root:1721070475.35046,ID:1002,STAGE:2,SEQUENCE:1324,DATA:{'time': 1721070475.346, 'source': 'VitalsTask', 'timer': 66.83, 'data': {'sensor': 'Heart Rate', 'action': 'keypad open'}}
INFO:root:1721070476.783348,ID:1002,STAGE:2,SEQUENCE:1324,DATA:{'time': 1721070476.78, 'source': 'VitalsTask', 'timer': 68.264, 'data': {'sensor': 'Heart Rate', 'action': 'keypad press', 'key': 5, 'value': 5}}
INFO:root:1721070477.234069,ID:1002,STAGE:2,SEQUENCE:1324,DATA:{'time': 1721070477.228, 'source': 'VitalsTask', 'timer': 68.712, 'data': {'sensor': 'Heart Rate', 'action': 'keypad press', 'key': 5, 'value': 55}}
INFO:root:1721070478.368805,ID:1002,STAGE:2,SEQUENCE:1324,DATA:{'time': 1721070478.361, 'source': 'VitalsTask', 'timer': 69.845, 'data': {'sensor': 'Heart Rate', 'action': 'show action buttons'}}
INFO:root:1721070478.371797,ID:1002,STAGE:2,SEQUENCE:1324,DATA:{'time': 1721070478.362, 'source': 'VitalsTask', 'timer': 69.846, 'data': {'sensor': 'Heart Rate', 'action': 'keypad press', 'key': 10, 'value': 55}}
INFO:root:1721070480.810964,ID:1002,STAGE:2,SEQUENCE:1324,DATA:{'time': 1721070480.805, 'source': 'VitalsTask', 'timer': 72.289, 'data': {'sensor': 'Heart Rate', 'action': 'log', 'data': 'action button pressed'}}
INFO:root:1721070480.813471,ID:1002,STAGE:2,SEQUENCE:1324,DATA:{'time': 1721070480.805, 'source': 'VitalsTask', 'timer': 72.289, 'data': {'sensor': 'Heart Rate', 'action': 'log', 'data': 'starting sensor action'}}
INFO:root:1721070481.270686,ID:1002,STAGE:2,SEQUENCE:1324,DATA:{'time': 1721070481.266, 'source': 'VitalsTask', 'timer': 72.75, 'data': {'sensor': 'Heart Rate', 'action': 'log', 'data': 'action button pressed'}}
INFO:root:1721070481.273677,ID:1002,STAGE:2,SEQUENCE:1324,DATA:{'time': 1721070481.267, 'source': 'VitalsTask', 'timer': 72.751, 'data': {'sensor': 'Heart Rate', 'action': 'log', 'data': 'a sensor action is in progress, cancelling'}}
INFO:root:1721070481.819936,ID:1002,STAGE:2,SEQUENCE:1324,DATA:{'time': 1721070481.817, 'source': 'VitalsTask', 'timer': 73.301, 'data': {'sensor': 'Heart Rate', 'action': 'log', 'data': 'sensor action complete'}}
INFO:root:1721070482.64232,ID:1002,STAGE:2,SEQUENCE:1324,DATA:{'time': 1721070482.635, 'source': 'VitalsTask', 'timer': 74.119, 'data': {'sensor': 'Heart Rate', 'action': 'save', 'data': 'action button pressed'}}
INFO:root:1721070482.644828,ID:1002,STAGE:2,SEQUENCE:1324,DATA:{'time': 1721070482.635, 'source': 'VitalsTask', 'timer': 74.119, 'data': {'sensor': 'Heart Rate', 'action': 'save', 'data': 'starting sensor action'}}
INFO:root:1721070483.652511,ID:1002,STAGE:2,SEQUENCE:1324,DATA:{'time': 1721070483.65, 'source': 'VitalsTask', 'timer': 75.134, 'data': {'sensor': 'Heart Rate', 'action': 'save', 'data': 'sensor action complete'}}
INFO:root:1721070486.221876,ID:1002,STAGE:2,SEQUENCE:1324,DATA:{'time': 1721070486.189, 'source': 'VitalsTask', 'timer': 77.673, 'data': {'sensor': 'O\u2082 Saturation', 'action': 'opened sensor tab'}}
INFO:root:1721070486.696614,ID:1002,STAGE:2,SEQUENCE:1324,DATA:{'time': 1721070486.694, 'source': 'VitalsTask', 'timer': 78.178, 'data': {'sensor': 'O\u2082 Saturation', 'action': 'opened sensor tab'}}
INFO:root:1721070487.581597,ID:1002,STAGE:2,SEQUENCE:1324,DATA:{'time': 1721070487.579, 'source': 'VitalsTask', 'timer': 79.063, 'data': {'sensor': 'O\u2082 Saturation', 'action': 'capture', 'data': 'action button pressed'}}
INFO:root:1721070487.583098,ID:1002,STAGE:2,SEQUENCE:1324,DATA:{'time': 1721070487.58, 'source': 'VitalsTask', 'timer': 79.064, 'data': {'sensor': 'O\u2082 Saturation', 'action': 'capture', 'data': 'starting sensor action'}}
INFO:root:1721070488.5981,ID:1002,STAGE:2,SEQUENCE:1324,DATA:{'time': 1721070488.594, 'source': 'VitalsTask', 'timer': 80.078, 'data': {'sensor': 'O\u2082 Saturation', 'action': 'capture', 'data': 'sensor action complete'}}
INFO:root:1721070488.599601,ID:1002,STAGE:2,SEQUENCE:1324,DATA:{'time': 1721070488.595, 'source': 'VitalsTask', 'timer': 80.079, 'data': {'sensor': 'O\u2082 Saturation', 'action': 'keypad open'}}
INFO:root:1721070489.867512,ID:1002,STAGE:2,SEQUENCE:1324,DATA:{'time': 1721070489.865, 'source': 'VitalsTask', 'timer': 81.349, 'data': {'sensor': 'O\u2082 Saturation', 'action': 'keypad press', 'key': 1, 'value': 1}}
INFO:root:1721070491.572461,ID:1002,STAGE:2,SEQUENCE:1324,DATA:{'time': 1721070491.569, 'source': 'VitalsTask', 'timer': 83.053, 'data': {'sensor': 'O\u2082 Saturation', 'action': 'keypad press', 'key': 11, 'value': 10}}
INFO:root:1721070492.082092,ID:1002,STAGE:2,SEQUENCE:1324,DATA:{'time': 1721070492.077, 'source': 'VitalsTask', 'timer': 83.561, 'data': {'sensor': 'O\u2082 Saturation', 'action': 'keypad press', 'key': 11, 'value': 100}}
INFO:root:1721070493.299657,ID:1002,STAGE:2,SEQUENCE:1324,DATA:{'time': 1721070493.297, 'source': 'VitalsTask', 'timer': 84.781, 'data': {'sensor': 'O\u2082 Saturation', 'action': 'show action buttons'}}
INFO:root:1721070493.302649,ID:1002,STAGE:2,SEQUENCE:1324,DATA:{'time': 1721070493.297, 'source': 'VitalsTask', 'timer': 84.781, 'data': {'sensor': 'O\u2082 Saturation', 'action': 'keypad press', 'key': 10, 'value': 100}}
INFO:root:SimConnect Error in /var
INFO:SimConnect.SimConnect:SIM OPEN
INFO:root:1721070495.013747,ID:1002,STAGE:2,SEQUENCE:1324,DATA:{'time': 1721070495.01, 'source': 'VitalsTask', 'timer': 86.494, 'data': {'sensor': 'O\u2082 Saturation', 'action': 'log', 'data': 'action button pressed'}}
INFO:root:1721070495.015746,ID:1002,STAGE:2,SEQUENCE:1324,DATA:{'time': 1721070495.011, 'source': 'VitalsTask', 'timer': 86.495, 'data': {'sensor': 'O\u2082 Saturation', 'action': 'log', 'data': 'starting sensor action'}}
INFO:root:1721070496.027992,ID:1002,STAGE:2,SEQUENCE:1324,DATA:{'time': 1721070496.024, 'source': 'VitalsTask', 'timer': 87.508, 'data': {'sensor': 'O\u2082 Saturation', 'action': 'log', 'data': 'sensor action complete'}}
INFO:root:1721070496.780278,ID:1002,STAGE:2,SEQUENCE:1324,DATA:{'time': 1721070496.778, 'source': 'VitalsTask', 'timer': 88.262, 'data': {'sensor': 'O\u2082 Saturation', 'action': 'save', 'data': 'action button pressed'}}
INFO:root:1721070496.78178,ID:1002,STAGE:2,SEQUENCE:1324,DATA:{'time': 1721070496.778, 'source': 'VitalsTask', 'timer': 88.262, 'data': {'sensor': 'O\u2082 Saturation', 'action': 'save', 'data': 'starting sensor action'}}
INFO:root:1721070497.795952,ID:1002,STAGE:2,SEQUENCE:1324,DATA:{'time': 1721070497.792, 'source': 'VitalsTask', 'timer': 89.276, 'data': {'sensor': 'O\u2082 Saturation', 'action': 'save', 'data': 'sensor action complete'}}
INFO:root:1721070498.551726,ID:1002,STAGE:2,SEQUENCE:1324,DATA:{'time': 1721070498.549, 'source': 'VitalsTask', 'timer': 90.033, 'data': {'sensor': 'Blood Pressure', 'action': 'opened sensor tab'}}
INFO:root:1721070499.980926,ID:1002,STAGE:2,SEQUENCE:1324,DATA:{'time': 1721070499.975, 'source': 'VitalsTask', 'timer': 91.459, 'data': {'sensor': 'Blood Pressure', 'action': 'capture', 'data': 'action button pressed'}}
INFO:root:1721070499.982443,ID:1002,STAGE:2,SEQUENCE:1324,DATA:{'time': 1721070499.977, 'source': 'VitalsTask', 'timer': 91.461, 'data': {'sensor': 'Blood Pressure', 'action': 'capture', 'data': 'starting sensor action'}}
INFO:root:1721070500.996446,ID:1002,STAGE:2,SEQUENCE:1324,DATA:{'time': 1721070500.993, 'source': 'VitalsTask', 'timer': 92.477, 'data': {'sensor': 'Blood Pressure', 'action': 'capture', 'data': 'sensor action complete'}}
INFO:root:1721070500.99856,ID:1002,STAGE:2,SEQUENCE:1324,DATA:{'time': 1721070500.993, 'source': 'VitalsTask', 'timer': 92.477, 'data': {'sensor': 'Blood Pressure', 'action': 'keypad open'}}
INFO:root:1721070502.746677,ID:1002,STAGE:2,SEQUENCE:1324,DATA:{'time': 1721070502.733, 'source': 'VitalsTask', 'timer': 94.217, 'data': {'sensor': 'Blood Pressure', 'action': 'keypad press', 'key': 1, 'value': 1}}
INFO:root:1721070503.254355,ID:1002,STAGE:2,SEQUENCE:1324,DATA:{'time': 1721070503.251, 'source': 'VitalsTask', 'timer': 94.735, 'data': {'sensor': 'Blood Pressure', 'action': 'keypad press', 'key': 1, 'value': 11}}
INFO:root:1721070505.100461,ID:1002,STAGE:2,SEQUENCE:1324,DATA:{'time': 1721070505.096, 'source': 'VitalsTask', 'timer': 96.58, 'data': {'sensor': 'Blood Pressure', 'action': 'keypad press', 'key': 12, 'value': 1}}
INFO:root:1721070506.249543,ID:1002,STAGE:2,SEQUENCE:1324,DATA:{'time': 1721070506.246, 'source': 'VitalsTask', 'timer': 97.73, 'data': {'sensor': 'Blood Pressure', 'action': 'keypad press', 'key': 2, 'value': 12}}
INFO:root:1721070508.96328,ID:1002,STAGE:2,SEQUENCE:1324,DATA:{'time': 1721070508.961, 'source': 'VitalsTask', 'timer': 100.445, 'data': {'sensor': 'Blood Pressure', 'action': 'keypad press', 'key': 11, 'value': 120}}
INFO:root:1721070509.973282,ID:1002,STAGE:2,SEQUENCE:1324,DATA:{'time': 1721070509.964, 'source': 'VitalsTask', 'timer': 101.448, 'data': {'sensor': 'Blood Pressure', 'action': 'keypad press', 'key': 8, 'value': 1208}}
INFO:root:1721070511.006479,ID:1002,STAGE:2,SEQUENCE:1324,DATA:{'time': 1721070511.003, 'source': 'VitalsTask', 'timer': 102.487, 'data': {'sensor': 'Blood Pressure', 'action': 'keypad press', 'key': 11, 'value': 12080}}
INFO:root:1721070512.093229,ID:1002,STAGE:2,SEQUENCE:1324,DATA:{'time': 1721070512.085, 'source': 'VitalsTask', 'timer': 103.569, 'data': {'sensor': 'Blood Pressure', 'action': 'show action buttons'}}
INFO:root:1721070512.093229,ID:1002,STAGE:2,SEQUENCE:1324,DATA:{'time': 1721070512.085, 'source': 'VitalsTask', 'timer': 103.569, 'data': {'sensor': 'Blood Pressure', 'action': 'keypad press', 'key': 10, 'value': 12080}}
INFO:root:1721070514.262164,ID:1002,STAGE:2,SEQUENCE:1324,DATA:{'time': 1721070514.259, 'source': 'VitalsTask', 'timer': 105.743, 'data': {'sensor': 'Blood Pressure', 'action': 'log', 'data': 'action button pressed'}}
INFO:root:1721070514.263166,ID:1002,STAGE:2,SEQUENCE:1324,DATA:{'time': 1721070514.259, 'source': 'VitalsTask', 'timer': 105.743, 'data': {'sensor': 'Blood Pressure', 'action': 'log', 'data': 'starting sensor action'}}
INFO:root:1721070514.777512,ID:1002,STAGE:2,SEQUENCE:1324,DATA:{'time': 1721070514.771, 'source': 'VitalsTask', 'timer': 106.255, 'data': {'sensor': 'Blood Pressure', 'action': 'log', 'data': 'action button pressed'}}
INFO:root:1721070514.780015,ID:1002,STAGE:2,SEQUENCE:1324,DATA:{'time': 1721070514.771, 'source': 'VitalsTask', 'timer': 106.255, 'data': {'sensor': 'Blood Pressure', 'action': 'log', 'data': 'a sensor action is in progress, cancelling'}}
INFO:root:1721070515.287841,ID:1002,STAGE:2,SEQUENCE:1324,DATA:{'time': 1721070515.28, 'source': 'VitalsTask', 'timer': 106.764, 'data': {'sensor': 'Blood Pressure', 'action': 'log', 'data': 'sensor action complete'}}
INFO:root:1721070515.940068,ID:1002,STAGE:2,SEQUENCE:1324,DATA:{'time': 1721070515.934, 'source': 'VitalsTask', 'timer': 107.418, 'data': {'sensor': 'Blood Pressure', 'action': 'save', 'data': 'action button pressed'}}
INFO:root:1721070515.944095,ID:1002,STAGE:2,SEQUENCE:1324,DATA:{'time': 1721070515.934, 'source': 'VitalsTask', 'timer': 107.418, 'data': {'sensor': 'Blood Pressure', 'action': 'save', 'data': 'starting sensor action'}}
INFO:root:1721070516.949996,ID:1002,STAGE:2,SEQUENCE:1324,DATA:{'time': 1721070516.947, 'source': 'VitalsTask', 'timer': 108.431, 'data': {'sensor': 'Blood Pressure', 'action': 'save', 'data': 'sensor action complete'}}
INFO:root:1721070517.744725,ID:1002,STAGE:2,SEQUENCE:1324,DATA:{'time': 1721070517.742, 'source': 'VitalsTask', 'timer': 109.226, 'data': {'sensor': 'submit', 'action': 'submit'}}
INFO:root:1721070517.746651,ID:1002,STAGE:2,SEQUENCE:1324,DATA:{'time': 1721070517.742, 'source': 'VitalsTask', 'timer': 109.226, 'data': {'sensor': 'submit', 'action': 'submit', 'data': 'submit succeeded'}}
INFO:root:Inflight Radio Update asked
INFO:root:sent request to set radio update complete
INFO:root:1721070520.098828,ID:1002,STAGE:2,SEQUENCE:1324,DATA:{'time': 1721070520.09, 'user-id': '1002', 'source': 'HAI Interface', 'destination-index': '3', 'study-stage': '2', 'decision-state': 0, 'vitals-state': 0, 'airspace-state': 0, 'data': {'action': 'transmit button pressed'}}
INFO:root:1721070520.098828,ID:1002,STAGE:2,SEQUENCE:1324,DATA:{'time': 1721070520.091, 'user-id': '1002', 'source': 'HAI Interface', 'destination-index': '3', 'study-stage': '2', 'decision-state': 0, 'vitals-state': 0, 'airspace-state': 0, 'data': {'action': 'callsign set to: + NASXGS'}}
INFO:root:1721070520.101316,ID:1002,STAGE:2,SEQUENCE:1324,DATA:{'time': 1721070520.091, 'user-id': '1002', 'source': 'HAI Interface', 'destination-index': '3', 'study-stage': '2', 'decision-state': 0, 'vitals-state': 0, 'airspace-state': 0, 'data': {'action': 'radio set to:Comm1'}}
INFO:root:1721070520.105915,ID:1002,STAGE:2,SEQUENCE:1324,DATA:{'time': 1721070520.091, 'user-id': '1002', 'source': 'HAI Interface', 'destination-index': '3', 'study-stage': '2', 'decision-state': 0, 'vitals-state': 0, 'airspace-state': 0, 'data': {'page': 'map', 'action': 'show map'}}
INFO:root:1721070520.112462,ID:1002,STAGE:2,SEQUENCE:1324,DATA:{'time': 1721070520.092, 'user-id': '1002', 'source': 'HAI Interface', 'destination-index': '3', 'study-stage': '2', 'decision-state': 0, 'vitals-state': 0, 'airspace-state': 0, 'data': {'page': 'map', 'action': 'selected helipad', 'value': '21'}}
INFO:root:1721070520.113967,ID:1002,STAGE:2,SEQUENCE:1324,DATA:{'time': 1721070520.097, 'user-id': '1002', 'source': 'HAI Interface', 'destination-index': '3', 'study-stage': '2', 'decision-state': 0, 'vitals-state': 0, 'airspace-state': 0, 'data': {'action': 'NASXGStransmitting updates onComm1123.45 MHz'}}
INFO:root:1721070535.655057,ID:1002,STAGE:2,SEQUENCE:1324,DATA:{'time': 1721070535.648, 'user-id': '1002', 'source': 'HAI Interface', 'destination-index': '3', 'study-stage': '2', 'decision-state': 0, 'vitals-state': 0, 'airspace-state': 0, 'data': {'page': 'map', 'action': 'hide map'}}
INFO:root:1721070539.564049,ID:1002,STAGE:2,SEQUENCE:1324,DATA:{'time': 1721070539.56, 'user-id': '1002', 'source': 'HAI Interface', 'destination-index': '3', 'study-stage': '2', 'decision-state': 0, 'vitals-state': 0, 'airspace-state': 0, 'data': {'page': 'map', 'action': 'show map'}}
INFO:root:1721070539.566044,ID:1002,STAGE:2,SEQUENCE:1324,DATA:{'time': 1721070539.56, 'user-id': '1002', 'source': 'HAI Interface', 'destination-index': '3', 'study-stage': '2', 'decision-state': 0, 'vitals-state': 0, 'airspace-state': 0, 'data': {'page': 'map', 'action': 'selected helipad', 'value': '21'}}
INFO:root:1721070549.85628,ID:1002,STAGE:2,SEQUENCE:1324,DATA:{'time': 1721070549.851, 'source': 'VitalsTask', 'timer': 32.108, 'data': {'sensor': 'Heart Rate', 'action': 'opened sensor tab'}}
INFO:root:1721070564.422331,ID:1002,STAGE:2,SEQUENCE:1324,DATA:{'time': 1721070564.417, 'user-id': '1002', 'source': 'HAI Interface', 'destination-index': '3', 'study-stage': '2', 'decision-state': 0, 'vitals-state': 0, 'airspace-state': 0, 'data': {'page': 'inflight', 'action': 'displaying vitals prompt'}}
INFO:root:1721070570.780927,ID:1002,STAGE:2,SEQUENCE:1324,DATA:{'time': 1721070570.778, 'source': 'VitalsTask', 'timer': 53.035, 'data': {'sensor': 'Heart Rate', 'action': 'capture', 'data': 'action button pressed'}}
INFO:root:1721070570.782927,ID:1002,STAGE:2,SEQUENCE:1324,DATA:{'time': 1721070570.778, 'source': 'VitalsTask', 'timer': 53.035, 'data': {'sensor': 'Heart Rate', 'action': 'capture', 'data': 'starting sensor action'}}
INFO:root:1721070571.795549,ID:1002,STAGE:2,SEQUENCE:1324,DATA:{'time': 1721070571.793, 'source': 'VitalsTask', 'timer': 54.05, 'data': {'sensor': 'Heart Rate', 'action': 'capture', 'data': 'sensor action complete'}}
INFO:root:1721070571.797546,ID:1002,STAGE:2,SEQUENCE:1324,DATA:{'time': 1721070571.793, 'source': 'VitalsTask', 'timer': 54.05, 'data': {'sensor': 'Heart Rate', 'action': 'keypad open'}}
INFO:root:1721070572.948571,ID:1002,STAGE:2,SEQUENCE:1324,DATA:{'time': 1721070572.946, 'source': 'VitalsTask', 'timer': 55.203, 'data': {'sensor': 'Heart Rate', 'action': 'keypad press', 'key': 5, 'value': 5}}
INFO:root:1721070575.87211,ID:1002,STAGE:2,SEQUENCE:1324,DATA:{'time': 1721070575.867, 'source': 'VitalsTask', 'timer': 58.124, 'data': {'sensor': 'Heart Rate', 'action': 'keypad press', 'key': 5, 'value': 55}}
INFO:root:1721070576.942941,ID:1002,STAGE:2,SEQUENCE:1324,DATA:{'time': 1721070576.939, 'source': 'VitalsTask', 'timer': 59.196, 'data': {'sensor': 'Heart Rate', 'action': 'show action buttons'}}
INFO:root:1721070576.944936,ID:1002,STAGE:2,SEQUENCE:1324,DATA:{'time': 1721070576.939, 'source': 'VitalsTask', 'timer': 59.196, 'data': {'sensor': 'Heart Rate', 'action': 'keypad press', 'key': 10, 'value': 55}}
INFO:root:1721070578.173082,ID:1002,STAGE:2,SEQUENCE:1324,DATA:{'time': 1721070578.168, 'source': 'VitalsTask', 'timer': 60.425, 'data': {'sensor': 'Heart Rate', 'action': 'log', 'data': 'action button pressed'}}
INFO:root:1721070578.175076,ID:1002,STAGE:2,SEQUENCE:1324,DATA:{'time': 1721070578.168, 'source': 'VitalsTask', 'timer': 60.425, 'data': {'sensor': 'Heart Rate', 'action': 'log', 'data': 'starting sensor action'}}
INFO:root:1721070579.182818,ID:1002,STAGE:2,SEQUENCE:1324,DATA:{'time': 1721070579.18, 'source': 'VitalsTask', 'timer': 61.437, 'data': {'sensor': 'Heart Rate', 'action': 'log', 'data': 'sensor action complete'}}
INFO:root:1721070579.875225,ID:1002,STAGE:2,SEQUENCE:1324,DATA:{'time': 1721070579.866, 'source': 'VitalsTask', 'timer': 62.123, 'data': {'sensor': 'Heart Rate', 'action': 'save', 'data': 'action button pressed'}}
INFO:root:1721070579.877733,ID:1002,STAGE:2,SEQUENCE:1324,DATA:{'time': 1721070579.867, 'source': 'VitalsTask', 'timer': 62.124, 'data': {'sensor': 'Heart Rate', 'action': 'save', 'data': 'starting sensor action'}}
INFO:root:1721070580.880083,ID:1002,STAGE:2,SEQUENCE:1324,DATA:{'time': 1721070580.878, 'source': 'VitalsTask', 'timer': 63.135, 'data': {'sensor': 'Heart Rate', 'action': 'save', 'data': 'sensor action complete'}}
INFO:root:1721070581.526366,ID:1002,STAGE:2,SEQUENCE:1324,DATA:{'time': 1721070581.525, 'source': 'VitalsTask', 'timer': 63.782, 'data': {'sensor': 'O\u2082 Saturation', 'action': 'opened sensor tab'}}
INFO:root:1721070582.615328,ID:1002,STAGE:2,SEQUENCE:1324,DATA:{'time': 1721070582.61, 'source': 'VitalsTask', 'timer': 64.867, 'data': {'sensor': 'O\u2082 Saturation', 'action': 'capture', 'data': 'action button pressed'}}
INFO:root:1721070582.617149,ID:1002,STAGE:2,SEQUENCE:1324,DATA:{'time': 1721070582.61, 'source': 'VitalsTask', 'timer': 64.867, 'data': {'sensor': 'O\u2082 Saturation', 'action': 'capture', 'data': 'starting sensor action'}}
INFO:root:1721070583.629266,ID:1002,STAGE:2,SEQUENCE:1324,DATA:{'time': 1721070583.626, 'source': 'VitalsTask', 'timer': 65.883, 'data': {'sensor': 'O\u2082 Saturation', 'action': 'capture', 'data': 'sensor action complete'}}
INFO:root:1721070583.631091,ID:1002,STAGE:2,SEQUENCE:1324,DATA:{'time': 1721070583.627, 'source': 'VitalsTask', 'timer': 65.884, 'data': {'sensor': 'O\u2082 Saturation', 'action': 'keypad open'}}
INFO:root:1721070584.641014,ID:1002,STAGE:2,SEQUENCE:1324,DATA:{'time': 1721070584.634, 'source': 'VitalsTask', 'timer': 66.891, 'data': {'sensor': 'O\u2082 Saturation', 'action': 'keypad press', 'key': 1, 'value': 1}}
INFO:root:1721070585.831854,ID:1002,STAGE:2,SEQUENCE:1324,DATA:{'time': 1721070585.83, 'source': 'VitalsTask', 'timer': 68.087, 'data': {'sensor': 'O\u2082 Saturation', 'action': 'keypad press', 'key': 11, 'value': 10}}
INFO:root:1721070586.357409,ID:1002,STAGE:2,SEQUENCE:1324,DATA:{'time': 1721070586.354, 'source': 'VitalsTask', 'timer': 68.611, 'data': {'sensor': 'O\u2082 Saturation', 'action': 'keypad press', 'key': 11, 'value': 100}}
INFO:root:1721070587.174565,ID:1002,STAGE:2,SEQUENCE:1324,DATA:{'time': 1721070587.173, 'source': 'VitalsTask', 'timer': 69.43, 'data': {'sensor': 'O\u2082 Saturation', 'action': 'show action buttons'}}
INFO:root:1721070587.177088,ID:1002,STAGE:2,SEQUENCE:1324,DATA:{'time': 1721070587.173, 'source': 'VitalsTask', 'timer': 69.43, 'data': {'sensor': 'O\u2082 Saturation', 'action': 'keypad press', 'key': 10, 'value': 100}}
INFO:root:1721070588.342397,ID:1002,STAGE:2,SEQUENCE:1324,DATA:{'time': 1721070588.336, 'source': 'VitalsTask', 'timer': 70.593, 'data': {'sensor': 'O\u2082 Saturation', 'action': 'log', 'data': 'action button pressed'}}
INFO:root:1721070588.343394,ID:1002,STAGE:2,SEQUENCE:1324,DATA:{'time': 1721070588.337, 'source': 'VitalsTask', 'timer': 70.594, 'data': {'sensor': 'O\u2082 Saturation', 'action': 'log', 'data': 'starting sensor action'}}
INFO:root:1721070589.356542,ID:1002,STAGE:2,SEQUENCE:1324,DATA:{'time': 1721070589.352, 'source': 'VitalsTask', 'timer': 71.609, 'data': {'sensor': 'O\u2082 Saturation', 'action': 'log', 'data': 'sensor action complete'}}
INFO:root:1721070590.258988,ID:1002,STAGE:2,SEQUENCE:1324,DATA:{'time': 1721070590.253, 'source': 'VitalsTask', 'timer': 72.51, 'data': {'sensor': 'O\u2082 Saturation', 'action': 'save', 'data': 'action button pressed'}}
INFO:root:1721070590.259984,ID:1002,STAGE:2,SEQUENCE:1324,DATA:{'time': 1721070590.253, 'source': 'VitalsTask', 'timer': 72.51, 'data': {'sensor': 'O\u2082 Saturation', 'action': 'save', 'data': 'starting sensor action'}}
INFO:root:1721070591.27129,ID:1002,STAGE:2,SEQUENCE:1324,DATA:{'time': 1721070591.268, 'source': 'VitalsTask', 'timer': 73.525, 'data': {'sensor': 'O\u2082 Saturation', 'action': 'save', 'data': 'sensor action complete'}}
INFO:root:1721070591.92136,ID:1002,STAGE:2,SEQUENCE:1324,DATA:{'time': 1721070591.918, 'source': 'VitalsTask', 'timer': 74.175, 'data': {'sensor': 'Blood Pressure', 'action': 'opened sensor tab'}}
INFO:root:1721070593.226191,ID:1002,STAGE:2,SEQUENCE:1324,DATA:{'time': 1721070593.223, 'source': 'VitalsTask', 'timer': 75.48, 'data': {'sensor': 'Blood Pressure', 'action': 'capture', 'data': 'action button pressed'}}
INFO:root:1721070593.228185,ID:1002,STAGE:2,SEQUENCE:1324,DATA:{'time': 1721070593.223, 'source': 'VitalsTask', 'timer': 75.48, 'data': {'sensor': 'Blood Pressure', 'action': 'capture', 'data': 'starting sensor action'}}
INFO:root:1721070594.241521,ID:1002,STAGE:2,SEQUENCE:1324,DATA:{'time': 1721070594.239, 'source': 'VitalsTask', 'timer': 76.496, 'data': {'sensor': 'Blood Pressure', 'action': 'capture', 'data': 'sensor action complete'}}
INFO:root:1721070594.245517,ID:1002,STAGE:2,SEQUENCE:1324,DATA:{'time': 1721070594.239, 'source': 'VitalsTask', 'timer': 76.496, 'data': {'sensor': 'Blood Pressure', 'action': 'keypad open'}}
INFO:root:1721070595.392727,ID:1002,STAGE:2,SEQUENCE:1324,DATA:{'time': 1721070595.385, 'source': 'VitalsTask', 'timer': 77.642, 'data': {'sensor': 'Blood Pressure', 'action': 'keypad press', 'key': 1, 'value': 1}}
INFO:root:1721070596.140189,ID:1002,STAGE:2,SEQUENCE:1324,DATA:{'time': 1721070596.133, 'source': 'VitalsTask', 'timer': 78.39, 'data': {'sensor': 'Blood Pressure', 'action': 'keypad press', 'key': 2, 'value': 12}}
INFO:root:1721070597.151166,ID:1002,STAGE:2,SEQUENCE:1324,DATA:{'time': 1721070597.148, 'source': 'VitalsTask', 'timer': 79.405, 'data': {'sensor': 'Blood Pressure', 'action': 'keypad press', 'key': 11, 'value': 120}}
INFO:root:1721070598.03876,ID:1002,STAGE:2,SEQUENCE:1324,DATA:{'time': 1721070598.034, 'source': 'VitalsTask', 'timer': 80.291, 'data': {'sensor': 'Blood Pressure', 'action': 'keypad press', 'key': 8, 'value': 1208}}
INFO:root:1721070598.86594,ID:1002,STAGE:2,SEQUENCE:1324,DATA:{'time': 1721070598.865, 'source': 'VitalsTask', 'timer': 81.122, 'data': {'sensor': 'Blood Pressure', 'action': 'keypad press', 'key': 11, 'value': 12080}}
INFO:root:1721070599.723299,ID:1002,STAGE:2,SEQUENCE:1324,DATA:{'time': 1721070599.719, 'source': 'VitalsTask', 'timer': 81.976, 'data': {'sensor': 'Blood Pressure', 'action': 'show action buttons'}}
INFO:root:1721070599.726291,ID:1002,STAGE:2,SEQUENCE:1324,DATA:{'time': 1721070599.719, 'source': 'VitalsTask', 'timer': 81.976, 'data': {'sensor': 'Blood Pressure', 'action': 'keypad press', 'key': 10, 'value': 12080}}
INFO:root:1721070602.031828,ID:1002,STAGE:2,SEQUENCE:1324,DATA:{'time': 1721070602.03, 'source': 'VitalsTask', 'timer': 84.287, 'data': {'sensor': 'Blood Pressure', 'action': 'log', 'data': 'action button pressed'}}
INFO:root:1721070602.032353,ID:1002,STAGE:2,SEQUENCE:1324,DATA:{'time': 1721070602.03, 'source': 'VitalsTask', 'timer': 84.287, 'data': {'sensor': 'Blood Pressure', 'action': 'log', 'data': 'starting sensor action'}}
INFO:root:1721070602.382804,ID:1002,STAGE:2,SEQUENCE:1324,DATA:{'time': 1721070602.379, 'source': 'VitalsTask', 'timer': 84.636, 'data': {'sensor': 'Blood Pressure', 'action': 'log', 'data': 'action button pressed'}}
INFO:root:1721070602.384803,ID:1002,STAGE:2,SEQUENCE:1324,DATA:{'time': 1721070602.379, 'source': 'VitalsTask', 'timer': 84.636, 'data': {'sensor': 'Blood Pressure', 'action': 'log', 'data': 'a sensor action is in progress, cancelling'}}
INFO:root:1721070603.048955,ID:1002,STAGE:2,SEQUENCE:1324,DATA:{'time': 1721070603.046, 'source': 'VitalsTask', 'timer': 85.303, 'data': {'sensor': 'Blood Pressure', 'action': 'log', 'data': 'sensor action complete'}}
INFO:root:1721070603.632537,ID:1002,STAGE:2,SEQUENCE:1324,DATA:{'time': 1721070603.63, 'source': 'VitalsTask', 'timer': 85.887, 'data': {'sensor': 'Blood Pressure', 'action': 'save', 'data': 'action button pressed'}}
INFO:root:1721070603.634124,ID:1002,STAGE:2,SEQUENCE:1324,DATA:{'time': 1721070603.63, 'source': 'VitalsTask', 'timer': 85.887, 'data': {'sensor': 'Blood Pressure', 'action': 'save', 'data': 'starting sensor action'}}
INFO:root:1721070604.646228,ID:1002,STAGE:2,SEQUENCE:1324,DATA:{'time': 1721070604.643, 'source': 'VitalsTask', 'timer': 86.9, 'data': {'sensor': 'Blood Pressure', 'action': 'save', 'data': 'sensor action complete'}}
INFO:root:1721070605.199767,ID:1002,STAGE:2,SEQUENCE:1324,DATA:{'time': 1721070605.197, 'source': 'VitalsTask', 'timer': 87.454, 'data': {'sensor': 'submit', 'action': 'submit'}}
INFO:root:1721070605.201857,ID:1002,STAGE:2,SEQUENCE:1324,DATA:{'time': 1721070605.197, 'source': 'VitalsTask', 'timer': 87.454, 'data': {'sensor': 'submit', 'action': 'submit', 'data': 'submit succeeded'}}
INFO:root:1721070606.373672,ID:1002,STAGE:2,SEQUENCE:1324,DATA:{'time': 1721070606.368, 'user-id': '1002', 'source': 'HAI Interface', 'destination-index': '3', 'study-stage': '2', 'decision-state': 0, 'vitals-state': 0, 'airspace-state': 0, 'data': {'page': 'inflight', 'action': 'user acknowledged vitals prompt'}}
INFO:root:Inflight Radio Update asked
INFO:root:sent request to set radio update complete
INFO:root:1721070616.994083,ID:1002,STAGE:2,SEQUENCE:1324,DATA:{'time': 1721070616.989, 'user-id': '1002', 'source': 'HAI Interface', 'destination-index': '3', 'study-stage': '2', 'decision-state': 0, 'vitals-state': '1', 'airspace-state': 0, 'data': {'action': 'transmit button pressed'}}
INFO:root:1721070616.998632,ID:1002,STAGE:2,SEQUENCE:1324,DATA:{'time': 1721070616.99, 'user-id': '1002', 'source': 'HAI Interface', 'destination-index': '3', 'study-stage': '2', 'decision-state': 0, 'vitals-state': '1', 'airspace-state': 0, 'data': {'action': 'callsign set to: + NASXGS'}}
INFO:root:1721070617.000627,ID:1002,STAGE:2,SEQUENCE:1324,DATA:{'time': 1721070616.99, 'user-id': '1002', 'source': 'HAI Interface', 'destination-index': '3', 'study-stage': '2', 'decision-state': 0, 'vitals-state': '1', 'airspace-state': 0, 'data': {'action': 'radio set to:Comm1'}}
INFO:root:1721070617.004651,ID:1002,STAGE:2,SEQUENCE:1324,DATA:{'time': 1721070616.99, 'user-id': '1002', 'source': 'HAI Interface', 'destination-index': '3', 'study-stage': '2', 'decision-state': 0, 'vitals-state': '1', 'airspace-state': 0, 'data': {'page': 'map', 'action': 'show map'}}
INFO:root:1721070617.008694,ID:1002,STAGE:2,SEQUENCE:1324,DATA:{'time': 1721070616.991, 'user-id': '1002', 'source': 'HAI Interface', 'destination-index': '3', 'study-stage': '2', 'decision-state': 0, 'vitals-state': '1', 'airspace-state': 0, 'data': {'page': 'map', 'action': 'selected helipad', 'value': '21'}}
INFO:root:1721070617.010199,ID:1002,STAGE:2,SEQUENCE:1324,DATA:{'time': 1721070616.995, 'user-id': '1002', 'source': 'HAI Interface', 'destination-index': '3', 'study-stage': '2', 'decision-state': 0, 'vitals-state': '1', 'airspace-state': 0, 'data': {'action': 'NASXGStransmitting updates onComm1123.45 MHz'}}
INFO:root:1721070624.538722,ID:1002,STAGE:2,SEQUENCE:1324,DATA:{'time': 1721070624.532, 'user-id': '1002', 'source': 'HAI Interface', 'destination-index': '3', 'study-stage': '2', 'decision-state': 0, 'vitals-state': '1', 'airspace-state': 0, 'data': {'page': 'map', 'action': 'hide map'}}
INFO:root:1721070629.198472,ID:1002,STAGE:2,SEQUENCE:1324,DATA:{'time': 1721070629.193, 'user-id': '1002', 'source': 'HAI Interface', 'destination-index': '3', 'study-stage': '2', 'decision-state': 0, 'vitals-state': '1', 'airspace-state': 0, 'data': {'action': 'transmit button pressed'}}
INFO:root:1721070629.200542,ID:1002,STAGE:2,SEQUENCE:1324,DATA:{'time': 1721070629.193, 'user-id': '1002', 'source': 'HAI Interface', 'destination-index': '3', 'study-stage': '2', 'decision-state': 0, 'vitals-state': '1', 'airspace-state': 0, 'data': {'action': 'callsign set to: + MEDEVAC'}}
INFO:root:1721070641.89325,ID:1002,STAGE:2,SEQUENCE:1324,DATA:{'time': 1721070641.889, 'user-id': '1002', 'source': 'HAI Interface', 'destination-index': '3', 'study-stage': '2', 'decision-state': 0, 'vitals-state': '1', 'airspace-state': 0, 'data': {'page': 'Inflight', 'action': 'change destination button pressed'}}
INFO:root:1721070642.062393,ID:1002,STAGE:2,SEQUENCE:1324,DATA:{'time': 1721070642.038, 'user-id': 'none', 'source': 'HAI Interface', 'destination-index': 3, 'study-stage': -1, 'decision-state': 0, 'vitals-state': 0, 'airspace-state': 0, 'data': {'page': 'change-destination', 'action': 'opened page'}}
INFO:root:1721070643.005009,ID:1002,STAGE:2,SEQUENCE:1324,DATA:{'time': 1721070642.998, 'user-id': '1002', 'source': 'HAI Interface', 'destination-index': '3', 'study-stage': '2', 'decision-state': 0, 'vitals-state': '1', 'airspace-state': 0, 'data': {'page': 'map', 'action': 'selected helipad', 'value': '21'}}
INFO:root:1721070643.007009,ID:1002,STAGE:2,SEQUENCE:1324,DATA:{'time': 1721070642.999, 'user-id': '1002', 'source': 'HAI Interface', 'destination-index': '3', 'study-stage': '2', 'decision-state': 0, 'vitals-state': '1', 'airspace-state': 0, 'data': {'page': 'map', 'action': 'set destination', 'value': -1}}
INFO:root:1721070644.51221,ID:1002,STAGE:2,SEQUENCE:1324,DATA:{'time': 1721070644.507, 'user-id': '1002', 'source': 'HAI Interface', 'destination-index': '3', 'study-stage': '2', 'decision-state': 0, 'vitals-state': '1', 'airspace-state': 0, 'data': {'page': 'map', 'action': 'show map'}}
INFO:root:1721070644.516712,ID:1002,STAGE:2,SEQUENCE:1324,DATA:{'time': 1721070644.508, 'user-id': '1002', 'source': 'HAI Interface', 'destination-index': '3', 'study-stage': '2', 'decision-state': 0, 'vitals-state': '1', 'airspace-state': 0, 'data': {'page': 'map', 'action': 'selected helipad', 'value': '21'}}
INFO:root:1721070644.520257,ID:1002,STAGE:2,SEQUENCE:1324,DATA:{'time': 1721070644.508, 'user-id': '1002', 'source': 'HAI Interface', 'destination-index': '3', 'study-stage': '2', 'decision-state': 0, 'vitals-state': '1', 'airspace-state': 0, 'data': {'page': 'map', 'action': 'set destination', 'value': '3'}}
INFO:root:1721070646.189015,ID:1002,STAGE:2,SEQUENCE:1324,DATA:{'time': 1721070646.18, 'user-id': '1002', 'source': 'HAI Interface', 'destination-index': '3', 'study-stage': '2', 'decision-state': 0, 'vitals-state': '1', 'airspace-state': 0, 'data': {'action': 'radio panel opened'}}
INFO:root:1721070650.343036,ID:1002,STAGE:2,SEQUENCE:1324,DATA:{'time': 1721070650.333, 'user-id': '1002', 'source': 'HAI Interface', 'destination-index': '3', 'study-stage': '2', 'decision-state': 0, 'vitals-state': '1', 'airspace-state': 0, 'data': {'action': 'transmit button pressed'}}
INFO:root:1721070650.351575,ID:1002,STAGE:2,SEQUENCE:1324,DATA:{'time': 1721070650.333, 'user-id': '1002', 'source': 'HAI Interface', 'destination-index': '3', 'study-stage': '2', 'decision-state': 0, 'vitals-state': '1', 'airspace-state': 0, 'data': {'action': 'callsign set to: + NASXGS'}}
INFO:root:1721070650.352572,ID:1002,STAGE:2,SEQUENCE:1324,DATA:{'time': 1721070650.334, 'user-id': '1002', 'source': 'HAI Interface', 'destination-index': '3', 'study-stage': '2', 'decision-state': 0, 'vitals-state': '1', 'airspace-state': 0, 'data': {'page': 'map', 'action': 'selected helipad', 'value': '21'}}
INFO:root:1721070650.35357,ID:1002,STAGE:2,SEQUENCE:1324,DATA:{'time': 1721070650.334, 'user-id': '1002', 'source': 'HAI Interface', 'destination-index': '3', 'study-stage': '2', 'decision-state': 0, 'vitals-state': '1', 'airspace-state': 0, 'data': {'action': 'radio set to:Comm1'}}
INFO:root:1721070650.354566,ID:1002,STAGE:2,SEQUENCE:1324,DATA:{'time': 1721070650.334, 'user-id': '1002', 'source': 'HAI Interface', 'destination-index': '3', 'study-stage': '2', 'decision-state': 0, 'vitals-state': '1', 'airspace-state': 0, 'data': {'page': 'map', 'action': 'show map'}}
INFO:root:1721070650.363596,ID:1002,STAGE:2,SEQUENCE:1324,DATA:{'time': 1721070650.334, 'user-id': '1002', 'source': 'HAI Interface', 'destination-index': '3', 'study-stage': '2', 'decision-state': 0, 'vitals-state': '1', 'airspace-state': 0, 'data': {'page': 'map', 'action': 'set destination', 'value': '3'}}
INFO:root:1721070650.365151,ID:1002,STAGE:2,SEQUENCE:1324,DATA:{'time': 1721070650.34, 'user-id': '1002', 'source': 'HAI Interface', 'destination-index': '3', 'study-stage': '2', 'decision-state': 0, 'vitals-state': '1', 'airspace-state': 0, 'data': {'action': 'NASXGStransmitting updates onComm1123.45 MHz'}}
INFO:root:1721070663.535974,ID:1002,STAGE:2,SEQUENCE:1324,DATA:{'time': 1721070663.524, 'user-id': '1002', 'source': 'HAI Interface', 'destination-index': '3', 'study-stage': '2', 'decision-state': 0, 'vitals-state': '1', 'airspace-state': 0, 'data': {'page': 'map', 'action': 'hide map'}}
INFO:root:Administer medication radio comm initiated
INFO:root:Administer medication radio comm done- command to clear event sent
INFO:root:voice activity detected
INFO:root:recording started
INFO:root:voice deactivity detected
INFO:root:recording stopped
INFO:root:1721070722.845757,ID:1002,STAGE:2,SEQUENCE:1324,DATA:{'time': 1721070722.834, 'user-id': '1002', 'source': 'HAI Interface', 'destination-index': '3', 'study-stage': '2', 'decision-state': 0, 'vitals-state': '1', 'airspace-state': 0, 'data': {'page': 'map', 'action': 'selected helipad', 'value': '21'}}
INFO:root:1721070725.042493,ID:1002,STAGE:2,SEQUENCE:1324,DATA:{'time': 1721070725.036, 'user-id': '1002', 'source': 'HAI Interface', 'destination-index': '3', 'study-stage': '2', 'decision-state': 0, 'vitals-state': '1', 'airspace-state': 0, 'data': {'page': 'change-altitude', 'action': 'altitude changed by participant1000'}}
INFO:root:1721070727.656142,ID:1002,STAGE:2,SEQUENCE:1324,DATA:{'time': 1721070727.652, 'user-id': '1002', 'source': 'HAI Interface', 'destination-index': '3', 'study-stage': '2', 'decision-state': 0, 'vitals-state': '0', 'airspace-state': 0, 'data': {'page': 'map', 'action': 'selected helipad', 'value': '21'}}
