INFO:root:1721069158.95146,ID:1002,STAGE:3,SEQUENCE:1324,DATA:{'time': 1721069158.947, 'user-id': '1002', 'source': 'HAI Interface', 'destination-index': 'None', 'study-stage': '3', 'decision-state': 0, 'vitals-state': 0, 'airspace-state': 0, 'data': {'page': 'index', 'action': 'confirm button pressed'}}
INFO:root:1721069159.048651,ID:1002,STAGE:3,SEQUENCE:1324,DATA:{'time': 1721069159.039, 'user-id': 'none', 'source': 'HAI Interface', 'destination-index': 3, 'study-stage': -1, 'decision-state': 0, 'vitals-state': 0, 'airspace-state': 0, 'data': {'page': 'location', 'action': 'opened page'}}
INFO:root:Takeoff radiocomms initiated
INFO:root:1721069160.015256,ID:1002,STAGE:3,SEQUENCE:1324,DATA:{'time': 1721069160.01, 'user-id': '1002', 'source': 'HAI Interface', 'destination-index': 'None', 'study-stage': '3', 'decision-state': 0, 'vitals-state': 0, 'airspace-state': 0, 'data': {'page': 'map', 'action': 'selected helipad', 'value': '21'}}
INFO:root:1721069163.320362,ID:1002,STAGE:3,SEQUENCE:1324,DATA:{'time': 1721069163.317, 'user-id': '1002', 'source': 'HAI Interface', 'destination-index': 'None', 'study-stage': '3', 'decision-state': 0, 'vitals-state': 0, 'airspace-state': 0, 'data': {'page': 'location', 'action': 'confirm button pressed'}}
INFO:root:1721069163.554188,ID:1002,STAGE:3,SEQUENCE:1324,DATA:{'time': 1721069163.533, 'user-id': 'none', 'source': 'HAI Interface', 'destination-index': 3, 'study-stage': -1, 'decision-state': 0, 'vitals-state': 0, 'airspace-state': 0, 'data': {'page': 'checklist', 'action': 'opened page', 'inflight': False}}
INFO:root:1721069164.511747,ID:1002,STAGE:3,SEQUENCE:1324,DATA:{'time': 1721069164.508, 'user-id': '1002', 'source': 'HAI Interface', 'destination-index': '3', 'study-stage': '3', 'decision-state': 0, 'vitals-state': 0, 'airspace-state': 0, 'data': {'page': 'map', 'action': 'selected helipad', 'value': '21'}}
INFO:root:1721069166.983968,ID:1002,STAGE:3,SEQUENCE:1324,DATA:{'time': 1721069166.98, 'user-id': '1002', 'source': 'HAI Interface', 'destination-index': '3', 'study-stage': '3', 'decision-state': 0, 'vitals-state': 0, 'airspace-state': 0, 'data': {'page': 'checklist', 'action': 'toggled checkbox', 'inflight': False, 'item': 0, 'value': 'OFF'}}
INFO:root:1721069168.263757,ID:1002,STAGE:3,SEQUENCE:1324,DATA:{'time': 1721069168.26, 'user-id': '1002', 'source': 'HAI Interface', 'destination-index': '3', 'study-stage': '3', 'decision-state': 0, 'vitals-state': 0, 'airspace-state': 0, 'data': {'page': 'checklist', 'action': 'toggled checkbox', 'inflight': False, 'item': 1, 'value': 'OFF'}}
INFO:root:1721069169.136345,ID:1002,STAGE:3,SEQUENCE:1324,DATA:{'time': 1721069169.132, 'user-id': '1002', 'source': 'HAI Interface', 'destination-index': '3', 'study-stage': '3', 'decision-state': 0, 'vitals-state': 0, 'airspace-state': 0, 'data': {'page': 'checklist', 'action': 'toggled checkbox', 'inflight': False, 'item': 2, 'value': 'OFF'}}
INFO:root:1721069169.13834,ID:1002,STAGE:3,SEQUENCE:1324,DATA:{'time': 1721069169.132, 'user-id': '1002', 'source': 'HAI Interface', 'destination-index': '3', 'study-stage': '3', 'decision-state': 0, 'vitals-state': 0, 'airspace-state': 0, 'data': {'page': 'checklist', 'action': 'showing confirm button', 'inflight': False}}
INFO:root:1721069169.928074,ID:1002,STAGE:3,SEQUENCE:1324,DATA:{'time': 1721069169.924, 'user-id': '1002', 'source': 'HAI Interface', 'destination-index': '3', 'study-stage': '3', 'decision-state': 0, 'vitals-state': 0, 'airspace-state': 0, 'data': {'page': 'checklist', 'action': 'confirm button clicked', 'inflight': False}}
INFO:root:1721069170.023358,ID:1002,STAGE:3,SEQUENCE:1324,DATA:{'time': 1721069170.011, 'user-id': 'none', 'source': 'HAI Interface', 'destination-index': 3, 'study-stage': -1, 'decision-state': 0, 'vitals-state': 0, 'airspace-state': 0, 'data': {'page': 'countdown', 'action': 'opened page'}}
INFO:root:1721069170.998222,ID:1002,STAGE:3,SEQUENCE:1324,DATA:{'time': 1721069170.993, 'user-id': '1002', 'source': 'HAI Interface', 'destination-index': '3', 'study-stage': '3', 'decision-state': 0, 'vitals-state': 0, 'airspace-state': 0, 'data': {'page': 'map', 'action': 'selected helipad', 'value': '21'}}
INFO:root:1721069171.029522,ID:1002,STAGE:3,SEQUENCE:1324,DATA:{'time': 1721069171.025, 'user-id': '1002', 'source': 'HAI Interface', 'destination-index': '3', 'study-stage': '3', 'decision-state': 0, 'vitals-state': 0, 'airspace-state': 0, 'data': {'page': 'countdown', 'action': 'countdown now 4'}}
INFO:root:1721069172.025278,ID:1002,STAGE:3,SEQUENCE:1324,DATA:{'time': 1721069172.022, 'user-id': '1002', 'source': 'HAI Interface', 'destination-index': '3', 'study-stage': '3', 'decision-state': 0, 'vitals-state': 0, 'airspace-state': 0, 'data': {'page': 'countdown', 'action': 'countdown now 3'}}
INFO:root:1721069173.01894,ID:1002,STAGE:3,SEQUENCE:1324,DATA:{'time': 1721069173.015, 'user-id': '1002', 'source': 'HAI Interface', 'destination-index': '3', 'study-stage': '3', 'decision-state': 0, 'vitals-state': 0, 'airspace-state': 0, 'data': {'page': 'countdown', 'action': 'countdown now 2'}}
INFO:root:1721069174.018625,ID:1002,STAGE:3,SEQUENCE:1324,DATA:{'time': 1721069174.015, 'user-id': '1002', 'source': 'HAI Interface', 'destination-index': '3', 'study-stage': '3', 'decision-state': 0, 'vitals-state': 0, 'airspace-state': 0, 'data': {'page': 'countdown', 'action': 'countdown now 1'}}
INFO:root:1721069175.021693,ID:1002,STAGE:3,SEQUENCE:1324,DATA:{'time': 1721069175.017, 'user-id': '1002', 'source': 'HAI Interface', 'destination-index': '3', 'study-stage': '3', 'decision-state': 0, 'vitals-state': 0, 'airspace-state': 0, 'data': {'page': 'countdown', 'action': 'countdown now 0'}}
INFO:root:1721069176.016191,ID:1002,STAGE:3,SEQUENCE:1324,DATA:{'time': 1721069176.013, 'user-id': '1002', 'source': 'HAI Interface', 'destination-index': '3', 'study-stage': '3', 'decision-state': 0, 'vitals-state': 0, 'airspace-state': 0, 'data': {'page': 'countdown', 'action': 'countdown complete'}}
INFO:root:Takeoff radiocomms clear request sent
INFO:root:1721069177.288127,ID:1002,STAGE:3,SEQUENCE:1324,DATA:{'time': 1721069177.284, 'user-id': '1002', 'source': 'HAI Interface', 'destination-index': '3', 'study-stage': '3', 'decision-state': 0, 'vitals-state': 0, 'airspace-state': 0, 'data': {'page': 'map', 'action': 'selected helipad', 'value': '21'}}
INFO:root:1721069177.823718,ID:1002,STAGE:3,SEQUENCE:1324,DATA:{'time': 1721069177.819, 'user-id': '1002', 'source': 'HAI Interface', 'destination-index': '3', 'study-stage': '3', 'decision-state': 0, 'vitals-state': 0, 'airspace-state': 0, 'data': {'action': 'radio panel opened'}}
INFO:root:1721069181.540065,ID:1002,STAGE:3,SEQUENCE:1324,DATA:{'time': 1721069181.532, 'user-id': '1002', 'source': 'HAI Interface', 'destination-index': '3', 'study-stage': '3', 'decision-state': 0, 'vitals-state': 0, 'airspace-state': 0, 'data': {'page': 'emergency', 'action': 'trying to change destination to100'}}
INFO:root:1721069183.12607,ID:1002,STAGE:3,SEQUENCE:1324,DATA:{'time': 1721069183.121, 'user-id': '1002', 'source': 'HAI Interface', 'destination-index': '3', 'study-stage': '3', 'decision-state': 0, 'vitals-state': 0, 'airspace-state': 0, 'data': {'action': 'transmit button pressed'}}
INFO:root:1721069183.131091,ID:1002,STAGE:3,SEQUENCE:1324,DATA:{'time': 1721069183.121, 'user-id': '1002', 'source': 'HAI Interface', 'destination-index': '3', 'study-stage': '3', 'decision-state': 0, 'vitals-state': 0, 'airspace-state': 0, 'data': {'action': 'callsign set to: + NASXGS'}}
INFO:root:1721069183.131091,ID:1002,STAGE:3,SEQUENCE:1324,DATA:{'time': 1721069183.121, 'user-id': '1002', 'source': 'HAI Interface', 'destination-index': '3', 'study-stage': '3', 'decision-state': 0, 'vitals-state': 0, 'airspace-state': 0, 'data': {'action': 'radio set to:Comm1'}}
INFO:root:1721069183.132092,ID:1002,STAGE:3,SEQUENCE:1324,DATA:{'time': 1721069183.122, 'user-id': '1002', 'source': 'HAI Interface', 'destination-index': '3', 'study-stage': '3', 'decision-state': 0, 'vitals-state': 0, 'airspace-state': 0, 'data': {'page': 'map', 'action': 'show map'}}
INFO:root:1721069183.134599,ID:1002,STAGE:3,SEQUENCE:1324,DATA:{'time': 1721069183.122, 'user-id': '1002', 'source': 'HAI Interface', 'destination-index': '3', 'study-stage': '3', 'decision-state': 0, 'vitals-state': 0, 'airspace-state': 0, 'data': {'page': 'map', 'action': 'selected helipad', 'value': '21'}}
INFO:root:1721069183.139586,ID:1002,STAGE:3,SEQUENCE:1324,DATA:{'time': 1721069183.126, 'user-id': '1002', 'source': 'HAI Interface', 'destination-index': '3', 'study-stage': '3', 'decision-state': 0, 'vitals-state': 0, 'airspace-state': 0, 'data': {'action': 'NASXGStransmitting updates onComm1123.45 MHz'}}
INFO:root:Inflight Radio Update asked
INFO:root:sent request to set radio update complete
INFO:root:1721069186.475193,ID:1002,STAGE:3,SEQUENCE:1324,DATA:{'time': 1721069186.468, 'user-id': '1002', 'source': 'HAI Interface', 'destination-index': '3', 'study-stage': '3', 'decision-state': 0, 'vitals-state': 0, 'airspace-state': 0, 'data': {'page': 'emergency', 'action': 'trying to change destination to19'}}
INFO:root:1721069191.526247,ID:1002,STAGE:3,SEQUENCE:1324,DATA:{'time': 1721069191.521, 'user-id': '1002', 'source': 'HAI Interface', 'destination-index': '3', 'study-stage': '3', 'decision-state': 0, 'vitals-state': 0, 'airspace-state': 0, 'data': {'page': 'emergency', 'action': 'trying to change destination to19'}}
INFO:root:1721069196.486154,ID:1002,STAGE:3,SEQUENCE:1324,DATA:{'time': 1721069196.481, 'user-id': '1002', 'source': 'HAI Interface', 'destination-index': '3', 'study-stage': '3', 'decision-state': 0, 'vitals-state': 0, 'airspace-state': 0, 'data': {'page': 'emergency', 'action': 'trying to change destination to19'}}
INFO:root:1721069197.758511,ID:1002,STAGE:3,SEQUENCE:1324,DATA:{'time': 1721069197.755, 'user-id': '1002', 'source': 'HAI Interface', 'destination-index': '3', 'study-stage': '3', 'decision-state': 0, 'vitals-state': 0, 'airspace-state': 0, 'data': {'page': 'map', 'action': 'hide map'}}
INFO:root:1721069201.508911,ID:1002,STAGE:3,SEQUENCE:1324,DATA:{'time': 1721069201.503, 'user-id': '1002', 'source': 'HAI Interface', 'destination-index': '3', 'study-stage': '3', 'decision-state': 0, 'vitals-state': 0, 'airspace-state': 0, 'data': {'page': 'emergency', 'action': 'trying to change destination to19'}}
INFO:root:1721069202.528227,ID:1002,STAGE:3,SEQUENCE:1324,DATA:{'time': 1721069202.523, 'user-id': '1002', 'source': 'HAI Interface', 'destination-index': '3', 'study-stage': '3', 'decision-state': 0, 'vitals-state': 0, 'airspace-state': 0, 'data': {'page': 'map', 'action': 'show map'}}
INFO:root:1721069202.529731,ID:1002,STAGE:3,SEQUENCE:1324,DATA:{'time': 1721069202.523, 'user-id': '1002', 'source': 'HAI Interface', 'destination-index': '3', 'study-stage': '3', 'decision-state': 0, 'vitals-state': 0, 'airspace-state': 0, 'data': {'page': 'map', 'action': 'selected helipad', 'value': '21'}}
INFO:root:1721069206.495074,ID:1002,STAGE:3,SEQUENCE:1324,DATA:{'time': 1721069206.49, 'user-id': '1002', 'source': 'HAI Interface', 'destination-index': '3', 'study-stage': '3', 'decision-state': 0, 'vitals-state': 0, 'airspace-state': 0, 'data': {'page': 'emergency', 'action': 'trying to change destination to19'}}
INFO:root:1721069211.536084,ID:1002,STAGE:3,SEQUENCE:1324,DATA:{'time': 1721069211.532, 'user-id': '1002', 'source': 'HAI Interface', 'destination-index': '3', 'study-stage': '3', 'decision-state': 0, 'vitals-state': 0, 'airspace-state': 0, 'data': {'page': 'emergency', 'action': 'trying to change destination to19'}}
INFO:root:1721069216.486182,ID:1002,STAGE:3,SEQUENCE:1324,DATA:{'time': 1721069216.48, 'user-id': '1002', 'source': 'HAI Interface', 'destination-index': '3', 'study-stage': '3', 'decision-state': 0, 'vitals-state': 0, 'airspace-state': 0, 'data': {'page': 'emergency', 'action': 'trying to change destination to19'}}
INFO:root:1721069221.472517,ID:1002,STAGE:3,SEQUENCE:1324,DATA:{'time': 1721069221.468, 'user-id': '1002', 'source': 'HAI Interface', 'destination-index': '3', 'study-stage': '3', 'decision-state': 0, 'vitals-state': 0, 'airspace-state': 0, 'data': {'page': 'emergency', 'action': 'trying to change destination to19'}}
INFO:root:1721069226.505252,ID:1002,STAGE:3,SEQUENCE:1324,DATA:{'time': 1721069226.499, 'user-id': '1002', 'source': 'HAI Interface', 'destination-index': '3', 'study-stage': '3', 'decision-state': 0, 'vitals-state': 0, 'airspace-state': 0, 'data': {'page': 'emergency', 'action': 'trying to change destination to19'}}
INFO:root:1721069230.798293,ID:1002,STAGE:3,SEQUENCE:1324,DATA:{'time': 1721069230.794, 'user-id': '1002', 'source': 'HAI Interface', 'destination-index': '3', 'study-stage': '3', 'decision-state': 0, 'vitals-state': 0, 'airspace-state': 0, 'data': {'page': 'inflight', 'action': 'displaying vitals prompt'}}
INFO:root:1721069231.513289,ID:1002,STAGE:3,SEQUENCE:1324,DATA:{'time': 1721069231.509, 'user-id': '1002', 'source': 'HAI Interface', 'destination-index': '3', 'study-stage': '3', 'decision-state': 0, 'vitals-state': 0, 'airspace-state': 0, 'data': {'page': 'emergency', 'action': 'trying to change destination to19'}}
INFO:root:1721069232.94815,ID:1002,STAGE:3,SEQUENCE:1324,DATA:{'time': 1721069232.943, 'user-id': '1002', 'source': 'HAI Interface', 'destination-index': '3', 'study-stage': '3', 'decision-state': 0, 'vitals-state': 0, 'airspace-state': 0, 'data': {'page': 'inflight', 'action': 'user acknowledged vitals prompt'}}
INFO:root:1721069235.87509,ID:1002,STAGE:3,SEQUENCE:1324,DATA:{'time': 1721069235.873, 'source': 'VitalsTask', 'timer': 137.383, 'data': {'sensor': 'Heart Rate', 'action': 'capture', 'data': 'action button pressed'}}
INFO:root:1721069235.877131,ID:1002,STAGE:3,SEQUENCE:1324,DATA:{'time': 1721069235.873, 'source': 'VitalsTask', 'timer': 137.383, 'data': {'sensor': 'Heart Rate', 'action': 'capture', 'data': 'starting sensor action'}}
INFO:root:1721069236.514307,ID:1002,STAGE:3,SEQUENCE:1324,DATA:{'time': 1721069236.509, 'user-id': '1002', 'source': 'HAI Interface', 'destination-index': '3', 'study-stage': '3', 'decision-state': 0, 'vitals-state': 0, 'airspace-state': 0, 'data': {'page': 'emergency', 'action': 'trying to change destination to19'}}
INFO:root:1721069236.666366,ID:1002,STAGE:3,SEQUENCE:1324,DATA:{'time': 1721069236.662, 'source': 'VitalsTask', 'timer': 138.172, 'data': {'sensor': 'Heart Rate', 'action': 'capture', 'data': 'action button pressed'}}
INFO:root:1721069236.66931,ID:1002,STAGE:3,SEQUENCE:1324,DATA:{'time': 1721069236.663, 'source': 'VitalsTask', 'timer': 138.173, 'data': {'sensor': 'Heart Rate', 'action': 'capture', 'data': 'a sensor action is in progress, cancelling'}}
INFO:root:1721069236.887269,ID:1002,STAGE:3,SEQUENCE:1324,DATA:{'time': 1721069236.886, 'source': 'VitalsTask', 'timer': 138.396, 'data': {'sensor': 'Heart Rate', 'action': 'capture', 'data': 'sensor action complete'}}
INFO:root:1721069236.88827,ID:1002,STAGE:3,SEQUENCE:1324,DATA:{'time': 1721069236.886, 'source': 'VitalsTask', 'timer': 138.396, 'data': {'sensor': 'Heart Rate', 'action': 'keypad open'}}
INFO:root:1721069238.417538,ID:1002,STAGE:3,SEQUENCE:1324,DATA:{'time': 1721069238.411, 'source': 'VitalsTask', 'timer': 139.921, 'data': {'sensor': 'Heart Rate', 'action': 'keypad press', 'key': 5, 'value': 5}}
INFO:root:1721069238.758478,ID:1002,STAGE:3,SEQUENCE:1324,DATA:{'time': 1721069238.757, 'source': 'VitalsTask', 'timer': 140.267, 'data': {'sensor': 'Heart Rate', 'action': 'keypad press', 'key': 5, 'value': 55}}
INFO:root:1721069241.2337,ID:1002,STAGE:3,SEQUENCE:1324,DATA:{'time': 1721069241.23, 'source': 'VitalsTask', 'timer': 142.74, 'data': {'sensor': 'Heart Rate', 'action': 'show action buttons'}}
INFO:root:1721069241.236192,ID:1002,STAGE:3,SEQUENCE:1324,DATA:{'time': 1721069241.231, 'source': 'VitalsTask', 'timer': 142.741, 'data': {'sensor': 'Heart Rate', 'action': 'keypad press', 'key': 10, 'value': 55}}
INFO:root:1721069241.506236,ID:1002,STAGE:3,SEQUENCE:1324,DATA:{'time': 1721069241.501, 'user-id': '1002', 'source': 'HAI Interface', 'destination-index': '3', 'study-stage': '3', 'decision-state': 0, 'vitals-state': 0, 'airspace-state': 0, 'data': {'page': 'emergency', 'action': 'trying to change destination to19'}}
INFO:root:1721069242.593336,ID:1002,STAGE:3,SEQUENCE:1324,DATA:{'time': 1721069242.588, 'source': 'VitalsTask', 'timer': 144.098, 'data': {'sensor': 'Heart Rate', 'action': 'log', 'data': 'action button pressed'}}
INFO:root:1721069242.594334,ID:1002,STAGE:3,SEQUENCE:1324,DATA:{'time': 1721069242.589, 'source': 'VitalsTask', 'timer': 144.099, 'data': {'sensor': 'Heart Rate', 'action': 'log', 'data': 'starting sensor action'}}
INFO:root:1721069243.607198,ID:1002,STAGE:3,SEQUENCE:1324,DATA:{'time': 1721069243.602, 'source': 'VitalsTask', 'timer': 145.112, 'data': {'sensor': 'Heart Rate', 'action': 'log', 'data': 'sensor action complete'}}
INFO:root:1721069244.137881,ID:1002,STAGE:3,SEQUENCE:1324,DATA:{'time': 1721069244.134, 'source': 'VitalsTask', 'timer': 145.644, 'data': {'sensor': 'Heart Rate', 'action': 'save', 'data': 'action button pressed'}}
INFO:root:1721069244.138878,ID:1002,STAGE:3,SEQUENCE:1324,DATA:{'time': 1721069244.135, 'source': 'VitalsTask', 'timer': 145.645, 'data': {'sensor': 'Heart Rate', 'action': 'save', 'data': 'starting sensor action'}}
INFO:root:1721069245.150977,ID:1002,STAGE:3,SEQUENCE:1324,DATA:{'time': 1721069245.148, 'source': 'VitalsTask', 'timer': 146.658, 'data': {'sensor': 'Heart Rate', 'action': 'save', 'data': 'sensor action complete'}}
INFO:root:1721069245.848158,ID:1002,STAGE:3,SEQUENCE:1324,DATA:{'time': 1721069245.846, 'source': 'VitalsTask', 'timer': 147.356, 'data': {'sensor': 'O\u2082 Saturation', 'action': 'opened sensor tab'}}
INFO:root:1721069246.554487,ID:1002,STAGE:3,SEQUENCE:1324,DATA:{'time': 1721069246.548, 'user-id': '1002', 'source': 'HAI Interface', 'destination-index': '3', 'study-stage': '3', 'decision-state': 0, 'vitals-state': 0, 'airspace-state': 0, 'data': {'page': 'emergency', 'action': 'trying to change destination to19'}}
INFO:root:1721069247.772962,ID:1002,STAGE:3,SEQUENCE:1324,DATA:{'time': 1721069247.77, 'source': 'VitalsTask', 'timer': 149.28, 'data': {'sensor': 'O\u2082 Saturation', 'action': 'capture', 'data': 'action button pressed'}}
INFO:root:1721069247.773959,ID:1002,STAGE:3,SEQUENCE:1324,DATA:{'time': 1721069247.771, 'source': 'VitalsTask', 'timer': 149.281, 'data': {'sensor': 'O\u2082 Saturation', 'action': 'capture', 'data': 'starting sensor action'}}
INFO:root:1721069248.787925,ID:1002,STAGE:3,SEQUENCE:1324,DATA:{'time': 1721069248.786, 'source': 'VitalsTask', 'timer': 150.296, 'data': {'sensor': 'O\u2082 Saturation', 'action': 'capture', 'data': 'sensor action complete'}}
INFO:root:1721069248.78992,ID:1002,STAGE:3,SEQUENCE:1324,DATA:{'time': 1721069248.786, 'source': 'VitalsTask', 'timer': 150.296, 'data': {'sensor': 'O\u2082 Saturation', 'action': 'keypad open'}}
INFO:root:1721069251.561315,ID:1002,STAGE:3,SEQUENCE:1324,DATA:{'time': 1721069251.556, 'user-id': '1002', 'source': 'HAI Interface', 'destination-index': '3', 'study-stage': '3', 'decision-state': 0, 'vitals-state': 0, 'airspace-state': 0, 'data': {'page': 'emergency', 'action': 'trying to change destination to19'}}
INFO:root:1721069251.786703,ID:1002,STAGE:3,SEQUENCE:1324,DATA:{'time': 1721069251.783, 'source': 'VitalsTask', 'timer': 153.293, 'data': {'sensor': 'O\u2082 Saturation', 'action': 'keypad press', 'key': 1, 'value': 1}}
INFO:root:1721069253.8346,ID:1002,STAGE:3,SEQUENCE:1324,DATA:{'time': 1721069253.829, 'source': 'VitalsTask', 'timer': 155.339, 'data': {'sensor': 'O\u2082 Saturation', 'action': 'keypad press', 'key': 11, 'value': 10}}
INFO:root:1721069254.121596,ID:1002,STAGE:3,SEQUENCE:1324,DATA:{'time': 1721069254.118, 'source': 'VitalsTask', 'timer': 155.628, 'data': {'sensor': 'O\u2082 Saturation', 'action': 'keypad press', 'key': 11, 'value': 100}}
INFO:root:1721069255.328384,ID:1002,STAGE:3,SEQUENCE:1324,DATA:{'time': 1721069255.326, 'source': 'VitalsTask', 'timer': 156.836, 'data': {'sensor': 'O\u2082 Saturation', 'action': 'show action buttons'}}
INFO:root:1721069255.33038,ID:1002,STAGE:3,SEQUENCE:1324,DATA:{'time': 1721069255.327, 'source': 'VitalsTask', 'timer': 156.837, 'data': {'sensor': 'O\u2082 Saturation', 'action': 'keypad press', 'key': 10, 'value': 100}}
INFO:root:1721069256.504551,ID:1002,STAGE:3,SEQUENCE:1324,DATA:{'time': 1721069256.5, 'user-id': '1002', 'source': 'HAI Interface', 'destination-index': '3', 'study-stage': '3', 'decision-state': 0, 'vitals-state': 0, 'airspace-state': 0, 'data': {'page': 'emergency', 'action': 'trying to change destination to19'}}
INFO:root:1721069258.699245,ID:1002,STAGE:3,SEQUENCE:1324,DATA:{'time': 1721069258.694, 'source': 'VitalsTask', 'timer': 160.204, 'data': {'sensor': 'O\u2082 Saturation', 'action': 'log', 'data': 'action button pressed'}}
INFO:root:1721069258.701239,ID:1002,STAGE:3,SEQUENCE:1324,DATA:{'time': 1721069258.694, 'source': 'VitalsTask', 'timer': 160.204, 'data': {'sensor': 'O\u2082 Saturation', 'action': 'log', 'data': 'starting sensor action'}}
INFO:root:1721069259.621244,ID:1002,STAGE:3,SEQUENCE:1324,DATA:{'time': 1721069259.62, 'source': 'VitalsTask', 'timer': 161.13, 'data': {'sensor': 'O\u2082 Saturation', 'action': 'save', 'data': 'action button pressed'}}
INFO:root:1721069259.623244,ID:1002,STAGE:3,SEQUENCE:1324,DATA:{'time': 1721069259.621, 'source': 'VitalsTask', 'timer': 161.131, 'data': {'sensor': 'O\u2082 Saturation', 'action': 'save', 'data': 'a sensor action is in progress, cancelling'}}
INFO:root:1721069259.717786,ID:1002,STAGE:3,SEQUENCE:1324,DATA:{'time': 1721069259.715, 'source': 'VitalsTask', 'timer': 161.225, 'data': {'sensor': 'O\u2082 Saturation', 'action': 'log', 'data': 'sensor action complete'}}
INFO:root:1721069260.507558,ID:1002,STAGE:3,SEQUENCE:1324,DATA:{'time': 1721069260.506, 'source': 'VitalsTask', 'timer': 162.016, 'data': {'sensor': 'O\u2082 Saturation', 'action': 'save', 'data': 'action button pressed'}}
INFO:root:1721069260.50955,ID:1002,STAGE:3,SEQUENCE:1324,DATA:{'time': 1721069260.506, 'source': 'VitalsTask', 'timer': 162.016, 'data': {'sensor': 'O\u2082 Saturation', 'action': 'save', 'data': 'starting sensor action'}}
INFO:root:1721069261.507573,ID:1002,STAGE:3,SEQUENCE:1324,DATA:{'time': 1721069261.503, 'user-id': '1002', 'source': 'HAI Interface', 'destination-index': '3', 'study-stage': '3', 'decision-state': 0, 'vitals-state': 0, 'airspace-state': 0, 'data': {'page': 'emergency', 'action': 'trying to change destination to19'}}
INFO:root:1721069261.524556,ID:1002,STAGE:3,SEQUENCE:1324,DATA:{'time': 1721069261.522, 'source': 'VitalsTask', 'timer': 163.032, 'data': {'sensor': 'O\u2082 Saturation', 'action': 'save', 'data': 'sensor action complete'}}
INFO:root:1721069264.254576,ID:1002,STAGE:3,SEQUENCE:1324,DATA:{'time': 1721069264.252, 'source': 'VitalsTask', 'timer': 165.762, 'data': {'sensor': 'Blood Pressure', 'action': 'opened sensor tab'}}
INFO:root:1721069265.424921,ID:1002,STAGE:3,SEQUENCE:1324,DATA:{'time': 1721069265.42, 'source': 'VitalsTask', 'timer': 166.93, 'data': {'sensor': 'Blood Pressure', 'action': 'capture', 'data': 'action button pressed'}}
INFO:root:1721069265.431415,ID:1002,STAGE:3,SEQUENCE:1324,DATA:{'time': 1721069265.421, 'source': 'VitalsTask', 'timer': 166.931, 'data': {'sensor': 'Blood Pressure', 'action': 'capture', 'data': 'starting sensor action'}}
INFO:root:1721069266.437957,ID:1002,STAGE:3,SEQUENCE:1324,DATA:{'time': 1721069266.435, 'source': 'VitalsTask', 'timer': 167.945, 'data': {'sensor': 'Blood Pressure', 'action': 'capture', 'data': 'sensor action complete'}}
INFO:root:1721069266.439955,ID:1002,STAGE:3,SEQUENCE:1324,DATA:{'time': 1721069266.435, 'source': 'VitalsTask', 'timer': 167.945, 'data': {'sensor': 'Blood Pressure', 'action': 'keypad open'}}
INFO:root:1721069266.541988,ID:1002,STAGE:3,SEQUENCE:1324,DATA:{'time': 1721069266.534, 'user-id': '1002', 'source': 'HAI Interface', 'destination-index': '3', 'study-stage': '3', 'decision-state': 0, 'vitals-state': 0, 'airspace-state': 0, 'data': {'page': 'emergency', 'action': 'trying to change destination to19'}}
INFO:root:1721069270.280073,ID:1002,STAGE:3,SEQUENCE:1324,DATA:{'time': 1721069270.278, 'source': 'VitalsTask', 'timer': 171.788, 'data': {'sensor': 'Blood Pressure', 'action': 'keypad press', 'key': 1, 'value': 1}}
INFO:root:1721069271.546053,ID:1002,STAGE:3,SEQUENCE:1324,DATA:{'time': 1721069271.535, 'source': 'VitalsTask', 'timer': 173.045, 'data': {'sensor': 'Blood Pressure', 'action': 'keypad press', 'key': 2, 'value': 12}}
INFO:root:1721069271.584076,ID:1002,STAGE:3,SEQUENCE:1324,DATA:{'time': 1721069271.578, 'user-id': '1002', 'source': 'HAI Interface', 'destination-index': '3', 'study-stage': '3', 'decision-state': 0, 'vitals-state': 0, 'airspace-state': 0, 'data': {'page': 'emergency', 'action': 'trying to change destination to19'}}
INFO:root:1721069273.462808,ID:1002,STAGE:3,SEQUENCE:1324,DATA:{'time': 1721069273.458, 'source': 'VitalsTask', 'timer': 174.968, 'data': {'sensor': 'Blood Pressure', 'action': 'keypad press', 'key': 11, 'value': 120}}
INFO:root:1721069274.726878,ID:1002,STAGE:3,SEQUENCE:1324,DATA:{'time': 1721069274.722, 'source': 'VitalsTask', 'timer': 176.232, 'data': {'sensor': 'Blood Pressure', 'action': 'keypad press', 'key': 8, 'value': 1208}}
INFO:root:1721069275.830958,ID:1002,STAGE:3,SEQUENCE:1324,DATA:{'time': 1721069275.827, 'source': 'VitalsTask', 'timer': 177.337, 'data': {'sensor': 'Blood Pressure', 'action': 'keypad press', 'key': 11, 'value': 12080}}
INFO:root:1721069276.521624,ID:1002,STAGE:3,SEQUENCE:1324,DATA:{'time': 1721069276.516, 'user-id': '1002', 'source': 'HAI Interface', 'destination-index': '3', 'study-stage': '3', 'decision-state': 0, 'vitals-state': 0, 'airspace-state': 0, 'data': {'page': 'emergency', 'action': 'trying to change destination to19'}}
INFO:root:1721069276.805126,ID:1002,STAGE:3,SEQUENCE:1324,DATA:{'time': 1721069276.801, 'source': 'VitalsTask', 'timer': 178.311, 'data': {'sensor': 'Blood Pressure', 'action': 'show action buttons'}}
INFO:root:1721069276.809452,ID:1002,STAGE:3,SEQUENCE:1324,DATA:{'time': 1721069276.802, 'source': 'VitalsTask', 'timer': 178.312, 'data': {'sensor': 'Blood Pressure', 'action': 'keypad press', 'key': 10, 'value': 12080}}
INFO:root:1721069278.103158,ID:1002,STAGE:3,SEQUENCE:1324,DATA:{'time': 1721069278.1, 'source': 'VitalsTask', 'timer': 179.61, 'data': {'sensor': 'Blood Pressure', 'action': 'log', 'data': 'action button pressed'}}
INFO:root:1721069278.105152,ID:1002,STAGE:3,SEQUENCE:1324,DATA:{'time': 1721069278.1, 'source': 'VitalsTask', 'timer': 179.61, 'data': {'sensor': 'Blood Pressure', 'action': 'log', 'data': 'starting sensor action'}}
INFO:root:1721069279.116478,ID:1002,STAGE:3,SEQUENCE:1324,DATA:{'time': 1721069279.114, 'source': 'VitalsTask', 'timer': 180.624, 'data': {'sensor': 'Blood Pressure', 'action': 'log', 'data': 'sensor action complete'}}
INFO:root:1721069279.652161,ID:1002,STAGE:3,SEQUENCE:1324,DATA:{'time': 1721069279.648, 'source': 'VitalsTask', 'timer': 181.158, 'data': {'sensor': 'Blood Pressure', 'action': 'save', 'data': 'action button pressed'}}
INFO:root:1721069279.653159,ID:1002,STAGE:3,SEQUENCE:1324,DATA:{'time': 1721069279.648, 'source': 'VitalsTask', 'timer': 181.158, 'data': {'sensor': 'Blood Pressure', 'action': 'save', 'data': 'starting sensor action'}}
INFO:root:1721069280.666088,ID:1002,STAGE:3,SEQUENCE:1324,DATA:{'time': 1721069280.663, 'source': 'VitalsTask', 'timer': 182.173, 'data': {'sensor': 'Blood Pressure', 'action': 'save', 'data': 'sensor action complete'}}
INFO:root:1721069281.485634,ID:1002,STAGE:3,SEQUENCE:1324,DATA:{'time': 1721069281.482, 'source': 'VitalsTask', 'timer': 182.992, 'data': {'sensor': 'submit', 'action': 'submit'}}
INFO:root:1721069281.486638,ID:1002,STAGE:3,SEQUENCE:1324,DATA:{'time': 1721069281.483, 'source': 'VitalsTask', 'timer': 182.993, 'data': {'sensor': 'submit', 'action': 'submit', 'data': 'submit succeeded'}}
INFO:root:1721069281.520465,ID:1002,STAGE:3,SEQUENCE:1324,DATA:{'time': 1721069281.515, 'user-id': '1002', 'source': 'HAI Interface', 'destination-index': '3', 'study-stage': '3', 'decision-state': 0, 'vitals-state': 0, 'airspace-state': 0, 'data': {'page': 'emergency', 'action': 'trying to change destination to19'}}
INFO:root:1721069283.255809,ID:1002,STAGE:3,SEQUENCE:1324,DATA:{'time': 1721069283.254, 'source': 'VitalsTask', 'timer': 1.771, 'data': {'sensor': 'Heart Rate', 'action': 'opened sensor tab'}}
INFO:root:Inflight Radio Update asked
INFO:root:sent request to set radio update complete
INFO:root:1721069286.500872,ID:1002,STAGE:3,SEQUENCE:1324,DATA:{'time': 1721069286.495, 'user-id': '1002', 'source': 'HAI Interface', 'destination-index': '3', 'study-stage': '3', 'decision-state': 0, 'vitals-state': 0, 'airspace-state': 0, 'data': {'page': 'emergency', 'action': 'trying to change destination to19'}}
INFO:root:1721069288.422536,ID:1002,STAGE:3,SEQUENCE:1324,DATA:{'time': 1721069288.419, 'source': 'VitalsTask', 'timer': 6.936, 'data': {'sensor': 'Heart Rate', 'action': 'capture', 'data': 'action button pressed'}}
INFO:root:1721069288.43003,ID:1002,STAGE:3,SEQUENCE:1324,DATA:{'time': 1721069288.419, 'source': 'VitalsTask', 'timer': 6.936, 'data': {'sensor': 'Heart Rate', 'action': 'capture', 'data': 'starting sensor action'}}
INFO:root:1721069289.441815,ID:1002,STAGE:3,SEQUENCE:1324,DATA:{'time': 1721069289.437, 'source': 'VitalsTask', 'timer': 7.954, 'data': {'sensor': 'Heart Rate', 'action': 'capture', 'data': 'sensor action complete'}}
INFO:root:1721069289.447803,ID:1002,STAGE:3,SEQUENCE:1324,DATA:{'time': 1721069289.437, 'source': 'VitalsTask', 'timer': 7.954, 'data': {'sensor': 'Heart Rate', 'action': 'keypad open'}}
INFO:root:1721069291.549165,ID:1002,STAGE:3,SEQUENCE:1324,DATA:{'time': 1721069291.542, 'user-id': '1002', 'source': 'HAI Interface', 'destination-index': '3', 'study-stage': '3', 'decision-state': 0, 'vitals-state': 0, 'airspace-state': 0, 'data': {'page': 'emergency', 'action': 'trying to change destination to19'}}
INFO:root:1721069296.558854,ID:1002,STAGE:3,SEQUENCE:1324,DATA:{'time': 1721069296.554, 'user-id': '1002', 'source': 'HAI Interface', 'destination-index': '3', 'study-stage': '3', 'decision-state': 0, 'vitals-state': 0, 'airspace-state': 0, 'data': {'page': 'emergency', 'action': 'trying to change destination to19'}}
INFO:root:1721069301.511435,ID:1002,STAGE:3,SEQUENCE:1324,DATA:{'time': 1721069301.505, 'user-id': '1002', 'source': 'HAI Interface', 'destination-index': '3', 'study-stage': '3', 'decision-state': 0, 'vitals-state': 0, 'airspace-state': 0, 'data': {'page': 'emergency', 'action': 'trying to change destination to19'}}
INFO:root:1721069306.528457,ID:1002,STAGE:3,SEQUENCE:1324,DATA:{'time': 1721069306.52, 'user-id': '1002', 'source': 'HAI Interface', 'destination-index': '3', 'study-stage': '3', 'decision-state': 0, 'vitals-state': 0, 'airspace-state': 0, 'data': {'page': 'emergency', 'action': 'trying to change destination to19'}}
INFO:root:1721069311.528806,ID:1002,STAGE:3,SEQUENCE:1324,DATA:{'time': 1721069311.523, 'user-id': '1002', 'source': 'HAI Interface', 'destination-index': '3', 'study-stage': '3', 'decision-state': 0, 'vitals-state': 0, 'airspace-state': 0, 'data': {'page': 'emergency', 'action': 'trying to change destination to19'}}
INFO:root:1721069316.505455,ID:1002,STAGE:3,SEQUENCE:1324,DATA:{'time': 1721069316.497, 'user-id': '1002', 'source': 'HAI Interface', 'destination-index': '3', 'study-stage': '3', 'decision-state': 0, 'vitals-state': 0, 'airspace-state': 0, 'data': {'page': 'emergency', 'action': 'trying to change destination to19'}}
INFO:root:1721069321.556169,ID:1002,STAGE:3,SEQUENCE:1324,DATA:{'time': 1721069321.551, 'user-id': '1002', 'source': 'HAI Interface', 'destination-index': '3', 'study-stage': '3', 'decision-state': 0, 'vitals-state': 0, 'airspace-state': 0, 'data': {'page': 'emergency', 'action': 'trying to change destination to19'}}
INFO:root:1721069326.45423,ID:1002,STAGE:3,SEQUENCE:1324,DATA:{'time': 1721069326.445, 'user-id': '1002', 'source': 'HAI Interface', 'destination-index': '3', 'study-stage': '3', 'decision-state': 0, 'vitals-state': 0, 'airspace-state': 0, 'data': {'page': 'emergency', 'action': 'trying to change destination to19'}}
INFO:root:1721069328.433615,ID:1002,STAGE:3,SEQUENCE:1324,DATA:{'time': 1721069328.429, 'user-id': '1002', 'source': 'HAI Interface', 'destination-index': '3', 'study-stage': '3', 'decision-state': 0, 'vitals-state': 0, 'airspace-state': 0, 'data': {'page': 'inflight', 'action': 'displaying vitals prompt'}}
INFO:root:1721069330.37627,ID:1002,STAGE:3,SEQUENCE:1324,DATA:{'time': 1721069330.371, 'user-id': '1002', 'source': 'HAI Interface', 'destination-index': '3', 'study-stage': '3', 'decision-state': 0, 'vitals-state': 0, 'airspace-state': 0, 'data': {'page': 'inflight', 'action': 'user acknowledged vitals prompt'}}
INFO:root:1721069331.562192,ID:1002,STAGE:3,SEQUENCE:1324,DATA:{'time': 1721069331.556, 'user-id': '1002', 'source': 'HAI Interface', 'destination-index': '3', 'study-stage': '3', 'decision-state': 0, 'vitals-state': 0, 'airspace-state': 0, 'data': {'page': 'emergency', 'action': 'trying to change destination to19'}}
INFO:root:1721069333.254333,ID:1002,STAGE:3,SEQUENCE:1324,DATA:{'time': 1721069333.252, 'source': 'VitalsTask', 'timer': 51.769, 'data': {'sensor': 'Heart Rate', 'action': 'keypad press', 'key': 5, 'value': 5}}
INFO:root:1721069333.818429,ID:1002,STAGE:3,SEQUENCE:1324,DATA:{'time': 1721069333.816, 'source': 'VitalsTask', 'timer': 52.333, 'data': {'sensor': 'Heart Rate', 'action': 'keypad press', 'key': 5, 'value': 55}}
INFO:root:1721069335.072158,ID:1002,STAGE:3,SEQUENCE:1324,DATA:{'time': 1721069335.065, 'source': 'VitalsTask', 'timer': 53.582, 'data': {'sensor': 'Heart Rate', 'action': 'show action buttons'}}
INFO:root:1721069335.075691,ID:1002,STAGE:3,SEQUENCE:1324,DATA:{'time': 1721069335.065, 'source': 'VitalsTask', 'timer': 53.582, 'data': {'sensor': 'Heart Rate', 'action': 'keypad press', 'key': 10, 'value': 55}}
INFO:root:1721069336.559349,ID:1002,STAGE:3,SEQUENCE:1324,DATA:{'time': 1721069336.551, 'user-id': '1002', 'source': 'HAI Interface', 'destination-index': '3', 'study-stage': '3', 'decision-state': 0, 'vitals-state': 0, 'airspace-state': 0, 'data': {'page': 'emergency', 'action': 'trying to change destination to19'}}
INFO:root:1721069336.616172,ID:1002,STAGE:3,SEQUENCE:1324,DATA:{'time': 1721069336.614, 'source': 'VitalsTask', 'timer': 55.131, 'data': {'sensor': 'Heart Rate', 'action': 'log', 'data': 'action button pressed'}}
INFO:root:1721069336.61817,ID:1002,STAGE:3,SEQUENCE:1324,DATA:{'time': 1721069336.615, 'source': 'VitalsTask', 'timer': 55.132, 'data': {'sensor': 'Heart Rate', 'action': 'log', 'data': 'starting sensor action'}}
INFO:root:1721069337.636006,ID:1002,STAGE:3,SEQUENCE:1324,DATA:{'time': 1721069337.634, 'source': 'VitalsTask', 'timer': 56.151, 'data': {'sensor': 'Heart Rate', 'action': 'log', 'data': 'sensor action complete'}}
INFO:root:1721069338.09853,ID:1002,STAGE:3,SEQUENCE:1324,DATA:{'time': 1721069338.095, 'source': 'VitalsTask', 'timer': 56.612, 'data': {'sensor': 'Heart Rate', 'action': 'save', 'data': 'action button pressed'}}
INFO:root:1721069338.10052,ID:1002,STAGE:3,SEQUENCE:1324,DATA:{'time': 1721069338.096, 'source': 'VitalsTask', 'timer': 56.613, 'data': {'sensor': 'Heart Rate', 'action': 'save', 'data': 'starting sensor action'}}
INFO:root:1721069339.113972,ID:1002,STAGE:3,SEQUENCE:1324,DATA:{'time': 1721069339.112, 'source': 'VitalsTask', 'timer': 57.629, 'data': {'sensor': 'Heart Rate', 'action': 'save', 'data': 'sensor action complete'}}
INFO:root:1721069339.822364,ID:1002,STAGE:3,SEQUENCE:1324,DATA:{'time': 1721069339.82, 'source': 'VitalsTask', 'timer': 58.337, 'data': {'sensor': 'O\u2082 Saturation', 'action': 'opened sensor tab'}}
INFO:root:1721069341.331301,ID:1002,STAGE:3,SEQUENCE:1324,DATA:{'time': 1721069341.325, 'source': 'VitalsTask', 'timer': 59.842, 'data': {'sensor': 'O\u2082 Saturation', 'action': 'capture', 'data': 'action button pressed'}}
INFO:root:1721069341.333296,ID:1002,STAGE:3,SEQUENCE:1324,DATA:{'time': 1721069341.326, 'source': 'VitalsTask', 'timer': 59.843, 'data': {'sensor': 'O\u2082 Saturation', 'action': 'capture', 'data': 'starting sensor action'}}
INFO:root:1721069341.49524,ID:1002,STAGE:3,SEQUENCE:1324,DATA:{'time': 1721069341.489, 'user-id': '1002', 'source': 'HAI Interface', 'destination-index': '3', 'study-stage': '3', 'decision-state': 0, 'vitals-state': 0, 'airspace-state': 0, 'data': {'page': 'emergency', 'action': 'trying to change destination to19'}}
INFO:root:1721069342.342502,ID:1002,STAGE:3,SEQUENCE:1324,DATA:{'time': 1721069342.339, 'source': 'VitalsTask', 'timer': 60.856, 'data': {'sensor': 'O\u2082 Saturation', 'action': 'capture', 'data': 'sensor action complete'}}
INFO:root:1721069342.343499,ID:1002,STAGE:3,SEQUENCE:1324,DATA:{'time': 1721069342.34, 'source': 'VitalsTask', 'timer': 60.857, 'data': {'sensor': 'O\u2082 Saturation', 'action': 'keypad open'}}
INFO:root:1721069343.197986,ID:1002,STAGE:3,SEQUENCE:1324,DATA:{'time': 1721069343.195, 'source': 'VitalsTask', 'timer': 61.712, 'data': {'sensor': 'O\u2082 Saturation', 'action': 'keypad press', 'key': 1, 'value': 1}}
INFO:root:1721069344.301792,ID:1002,STAGE:3,SEQUENCE:1324,DATA:{'time': 1721069344.3, 'source': 'VitalsTask', 'timer': 62.817, 'data': {'sensor': 'O\u2082 Saturation', 'action': 'keypad press', 'key': 11, 'value': 10}}
INFO:root:1721069344.865696,ID:1002,STAGE:3,SEQUENCE:1324,DATA:{'time': 1721069344.863, 'source': 'VitalsTask', 'timer': 63.38, 'data': {'sensor': 'O\u2082 Saturation', 'action': 'keypad press', 'key': 11, 'value': 100}}
INFO:root:1721069346.0344,ID:1002,STAGE:3,SEQUENCE:1324,DATA:{'time': 1721069346.032, 'source': 'VitalsTask', 'timer': 64.549, 'data': {'sensor': 'O\u2082 Saturation', 'action': 'show action buttons'}}
INFO:root:1721069346.038759,ID:1002,STAGE:3,SEQUENCE:1324,DATA:{'time': 1721069346.032, 'source': 'VitalsTask', 'timer': 64.549, 'data': {'sensor': 'O\u2082 Saturation', 'action': 'keypad press', 'key': 10, 'value': 100}}
INFO:root:1721069346.572586,ID:1002,STAGE:3,SEQUENCE:1324,DATA:{'time': 1721069346.567, 'user-id': '1002', 'source': 'HAI Interface', 'destination-index': '3', 'study-stage': '3', 'decision-state': 0, 'vitals-state': 0, 'airspace-state': 0, 'data': {'page': 'emergency', 'action': 'trying to change destination to19'}}
INFO:root:1721069347.958382,ID:1002,STAGE:3,SEQUENCE:1324,DATA:{'time': 1721069347.953, 'source': 'VitalsTask', 'timer': 66.47, 'data': {'sensor': 'O\u2082 Saturation', 'action': 'log', 'data': 'action button pressed'}}
INFO:root:1721069347.959966,ID:1002,STAGE:3,SEQUENCE:1324,DATA:{'time': 1721069347.953, 'source': 'VitalsTask', 'timer': 66.47, 'data': {'sensor': 'O\u2082 Saturation', 'action': 'log', 'data': 'starting sensor action'}}
INFO:root:1721069348.97116,ID:1002,STAGE:3,SEQUENCE:1324,DATA:{'time': 1721069348.968, 'source': 'VitalsTask', 'timer': 67.485, 'data': {'sensor': 'O\u2082 Saturation', 'action': 'log', 'data': 'sensor action complete'}}
INFO:root:1721069349.667455,ID:1002,STAGE:3,SEQUENCE:1324,DATA:{'time': 1721069349.663, 'source': 'VitalsTask', 'timer': 68.18, 'data': {'sensor': 'O\u2082 Saturation', 'action': 'save', 'data': 'action button pressed'}}
INFO:root:1721069349.672374,ID:1002,STAGE:3,SEQUENCE:1324,DATA:{'time': 1721069349.664, 'source': 'VitalsTask', 'timer': 68.181, 'data': {'sensor': 'O\u2082 Saturation', 'action': 'save', 'data': 'starting sensor action'}}
INFO:root:1721069350.683396,ID:1002,STAGE:3,SEQUENCE:1324,DATA:{'time': 1721069350.681, 'source': 'VitalsTask', 'timer': 69.198, 'data': {'sensor': 'O\u2082 Saturation', 'action': 'save', 'data': 'sensor action complete'}}
INFO:root:1721069351.491025,ID:1002,STAGE:3,SEQUENCE:1324,DATA:{'time': 1721069351.484, 'source': 'VitalsTask', 'timer': 70.001, 'data': {'sensor': 'Blood Pressure', 'action': 'opened sensor tab'}}
INFO:root:1721069351.500678,ID:1002,STAGE:3,SEQUENCE:1324,DATA:{'time': 1721069351.495, 'user-id': '1002', 'source': 'HAI Interface', 'destination-index': '3', 'study-stage': '3', 'decision-state': 0, 'vitals-state': 0, 'airspace-state': 0, 'data': {'page': 'emergency', 'action': 'trying to change destination to19'}}
INFO:root:1721069352.395287,ID:1002,STAGE:3,SEQUENCE:1324,DATA:{'time': 1721069352.394, 'source': 'VitalsTask', 'timer': 70.911, 'data': {'sensor': 'Blood Pressure', 'action': 'capture', 'data': 'action button pressed'}}
INFO:root:1721069352.397489,ID:1002,STAGE:3,SEQUENCE:1324,DATA:{'time': 1721069352.394, 'source': 'VitalsTask', 'timer': 70.911, 'data': {'sensor': 'Blood Pressure', 'action': 'capture', 'data': 'starting sensor action'}}
INFO:root:1721069353.415564,ID:1002,STAGE:3,SEQUENCE:1324,DATA:{'time': 1721069353.413, 'source': 'VitalsTask', 'timer': 71.93, 'data': {'sensor': 'Blood Pressure', 'action': 'capture', 'data': 'sensor action complete'}}
INFO:root:1721069353.419552,ID:1002,STAGE:3,SEQUENCE:1324,DATA:{'time': 1721069353.413, 'source': 'VitalsTask', 'timer': 71.93, 'data': {'sensor': 'Blood Pressure', 'action': 'keypad open'}}
INFO:root:1721069354.685244,ID:1002,STAGE:3,SEQUENCE:1324,DATA:{'time': 1721069354.68, 'source': 'VitalsTask', 'timer': 73.197, 'data': {'sensor': 'Blood Pressure', 'action': 'keypad press', 'key': 1, 'value': 1}}
INFO:root:1721069355.602782,ID:1002,STAGE:3,SEQUENCE:1324,DATA:{'time': 1721069355.601, 'source': 'VitalsTask', 'timer': 74.118, 'data': {'sensor': 'Blood Pressure', 'action': 'keypad press', 'key': 2, 'value': 12}}
INFO:root:1721069356.463966,ID:1002,STAGE:3,SEQUENCE:1324,DATA:{'time': 1721069356.457, 'user-id': '1002', 'source': 'HAI Interface', 'destination-index': '3', 'study-stage': '3', 'decision-state': 0, 'vitals-state': 0, 'airspace-state': 0, 'data': {'page': 'emergency', 'action': 'trying to change destination to19'}}
INFO:root:1721069356.776968,ID:1002,STAGE:3,SEQUENCE:1324,DATA:{'time': 1721069356.77, 'source': 'VitalsTask', 'timer': 75.287, 'data': {'sensor': 'Blood Pressure', 'action': 'keypad press', 'key': 11, 'value': 120}}
INFO:root:1721069358.199031,ID:1002,STAGE:3,SEQUENCE:1324,DATA:{'time': 1721069358.198, 'source': 'VitalsTask', 'timer': 76.715, 'data': {'sensor': 'Blood Pressure', 'action': 'keypad press', 'key': 8, 'value': 1208}}
INFO:root:1721069359.46536,ID:1002,STAGE:3,SEQUENCE:1324,DATA:{'time': 1721069359.463, 'source': 'VitalsTask', 'timer': 77.98, 'data': {'sensor': 'Blood Pressure', 'action': 'keypad press', 'key': 11, 'value': 12080}}
INFO:root:1721069360.48292,ID:1002,STAGE:3,SEQUENCE:1324,DATA:{'time': 1721069360.478, 'source': 'VitalsTask', 'timer': 78.995, 'data': {'sensor': 'Blood Pressure', 'action': 'show action buttons'}}
INFO:root:1721069360.485565,ID:1002,STAGE:3,SEQUENCE:1324,DATA:{'time': 1721069360.478, 'source': 'VitalsTask', 'timer': 78.995, 'data': {'sensor': 'Blood Pressure', 'action': 'keypad press', 'key': 10, 'value': 12080}}
INFO:root:1721069361.505871,ID:1002,STAGE:3,SEQUENCE:1324,DATA:{'time': 1721069361.5, 'user-id': '1002', 'source': 'HAI Interface', 'destination-index': '3', 'study-stage': '3', 'decision-state': 0, 'vitals-state': 0, 'airspace-state': 0, 'data': {'page': 'emergency', 'action': 'trying to change destination to19'}}
INFO:root:1721069361.978313,ID:1002,STAGE:3,SEQUENCE:1324,DATA:{'time': 1721069361.975, 'source': 'VitalsTask', 'timer': 80.492, 'data': {'sensor': 'Blood Pressure', 'action': 'log', 'data': 'action button pressed'}}
INFO:root:1721069361.980883,ID:1002,STAGE:3,SEQUENCE:1324,DATA:{'time': 1721069361.976, 'source': 'VitalsTask', 'timer': 80.493, 'data': {'sensor': 'Blood Pressure', 'action': 'log', 'data': 'starting sensor action'}}
INFO:root:1721069362.994695,ID:1002,STAGE:3,SEQUENCE:1324,DATA:{'time': 1721069362.992, 'source': 'VitalsTask', 'timer': 81.509, 'data': {'sensor': 'Blood Pressure', 'action': 'log', 'data': 'sensor action complete'}}
INFO:root:1721069363.656259,ID:1002,STAGE:3,SEQUENCE:1324,DATA:{'time': 1721069363.651, 'source': 'VitalsTask', 'timer': 82.168, 'data': {'sensor': 'Blood Pressure', 'action': 'save', 'data': 'action button pressed'}}
INFO:root:1721069363.658255,ID:1002,STAGE:3,SEQUENCE:1324,DATA:{'time': 1721069363.652, 'source': 'VitalsTask', 'timer': 82.169, 'data': {'sensor': 'Blood Pressure', 'action': 'save', 'data': 'starting sensor action'}}
INFO:root:1721069364.67105,ID:1002,STAGE:3,SEQUENCE:1324,DATA:{'time': 1721069364.67, 'source': 'VitalsTask', 'timer': 83.187, 'data': {'sensor': 'Blood Pressure', 'action': 'save', 'data': 'sensor action complete'}}
INFO:root:1721069365.450836,ID:1002,STAGE:3,SEQUENCE:1324,DATA:{'time': 1721069365.448, 'source': 'VitalsTask', 'timer': 83.965, 'data': {'sensor': 'submit', 'action': 'submit'}}
INFO:root:1721069365.45283,ID:1002,STAGE:3,SEQUENCE:1324,DATA:{'time': 1721069365.448, 'source': 'VitalsTask', 'timer': 83.965, 'data': {'sensor': 'submit', 'action': 'submit', 'data': 'submit succeeded'}}
INFO:root:1721069366.491226,ID:1002,STAGE:3,SEQUENCE:1324,DATA:{'time': 1721069366.486, 'user-id': '1002', 'source': 'HAI Interface', 'destination-index': '3', 'study-stage': '3', 'decision-state': 0, 'vitals-state': 0, 'airspace-state': 0, 'data': {'page': 'emergency', 'action': 'trying to change destination to19'}}
INFO:root:1721069367.049303,ID:1002,STAGE:3,SEQUENCE:1324,DATA:{'time': 1721069367.044, 'source': 'VitalsTask', 'timer': 1.595, 'data': {'sensor': 'Heart Rate', 'action': 'opened sensor tab'}}
INFO:root:1721069371.520909,ID:1002,STAGE:3,SEQUENCE:1324,DATA:{'time': 1721069371.516, 'user-id': '1002', 'source': 'HAI Interface', 'destination-index': '3', 'study-stage': '3', 'decision-state': 0, 'vitals-state': 0, 'airspace-state': 0, 'data': {'page': 'emergency', 'action': 'trying to change destination to19'}}
INFO:root:1721069376.503929,ID:1002,STAGE:3,SEQUENCE:1324,DATA:{'time': 1721069376.5, 'user-id': '1002', 'source': 'HAI Interface', 'destination-index': '3', 'study-stage': '3', 'decision-state': 0, 'vitals-state': 0, 'airspace-state': 0, 'data': {'page': 'emergency', 'action': 'trying to change destination to19'}}
INFO:root:Inflight Radio Update asked
INFO:root:sent request to set radio update complete
INFO:root:1721069381.48721,ID:1002,STAGE:3,SEQUENCE:1324,DATA:{'time': 1721069381.481, 'user-id': '1002', 'source': 'HAI Interface', 'destination-index': '3', 'study-stage': '3', 'decision-state': 0, 'vitals-state': 0, 'airspace-state': 0, 'data': {'page': 'emergency', 'action': 'trying to change destination to19'}}
INFO:root:1721069386.45096,ID:1002,STAGE:3,SEQUENCE:1324,DATA:{'time': 1721069386.446, 'user-id': '1002', 'source': 'HAI Interface', 'destination-index': '3', 'study-stage': '3', 'decision-state': 0, 'vitals-state': 0, 'airspace-state': 0, 'data': {'page': 'emergency', 'action': 'trying to change destination to19'}}
INFO:root:1721069391.449022,ID:1002,STAGE:3,SEQUENCE:1324,DATA:{'time': 1721069391.443, 'user-id': '1002', 'source': 'HAI Interface', 'destination-index': '3', 'study-stage': '3', 'decision-state': 0, 'vitals-state': 0, 'airspace-state': 0, 'data': {'page': 'emergency', 'action': 'trying to change destination to19'}}
INFO:root:1721069396.452766,ID:1002,STAGE:3,SEQUENCE:1324,DATA:{'time': 1721069396.448, 'user-id': '1002', 'source': 'HAI Interface', 'destination-index': '3', 'study-stage': '3', 'decision-state': 0, 'vitals-state': 0, 'airspace-state': 0, 'data': {'page': 'emergency', 'action': 'trying to change destination to19'}}
INFO:root:1721069401.534017,ID:1002,STAGE:3,SEQUENCE:1324,DATA:{'time': 1721069401.528, 'user-id': '1002', 'source': 'HAI Interface', 'destination-index': '3', 'study-stage': '3', 'decision-state': 0, 'vitals-state': 0, 'airspace-state': 0, 'data': {'page': 'emergency', 'action': 'trying to change destination to19'}}
INFO:root:1721069406.528266,ID:1002,STAGE:3,SEQUENCE:1324,DATA:{'time': 1721069406.524, 'user-id': '1002', 'source': 'HAI Interface', 'destination-index': '3', 'study-stage': '3', 'decision-state': 0, 'vitals-state': 0, 'airspace-state': 0, 'data': {'page': 'emergency', 'action': 'trying to change destination to19'}}
INFO:root:1721069411.485133,ID:1002,STAGE:3,SEQUENCE:1324,DATA:{'time': 1721069411.478, 'user-id': '1002', 'source': 'HAI Interface', 'destination-index': '3', 'study-stage': '3', 'decision-state': 0, 'vitals-state': 0, 'airspace-state': 0, 'data': {'page': 'emergency', 'action': 'trying to change destination to19'}}
INFO:root:1721069416.492231,ID:1002,STAGE:3,SEQUENCE:1324,DATA:{'time': 1721069416.488, 'user-id': '1002', 'source': 'HAI Interface', 'destination-index': '3', 'study-stage': '3', 'decision-state': 0, 'vitals-state': 0, 'airspace-state': 0, 'data': {'page': 'emergency', 'action': 'trying to change destination to19'}}
INFO:root:1721069421.466173,ID:1002,STAGE:3,SEQUENCE:1324,DATA:{'time': 1721069421.459, 'user-id': '1002', 'source': 'HAI Interface', 'destination-index': '3', 'study-stage': '3', 'decision-state': 0, 'vitals-state': 0, 'airspace-state': 0, 'data': {'page': 'emergency', 'action': 'trying to change destination to19'}}
INFO:root:1721069426.43156,ID:1002,STAGE:3,SEQUENCE:1324,DATA:{'time': 1721069426.428, 'user-id': '1002', 'source': 'HAI Interface', 'destination-index': '3', 'study-stage': '3', 'decision-state': 0, 'vitals-state': 0, 'airspace-state': 0, 'data': {'page': 'inflight', 'action': 'displaying vitals prompt'}}
INFO:root:1721069426.470053,ID:1002,STAGE:3,SEQUENCE:1324,DATA:{'time': 1721069426.466, 'user-id': '1002', 'source': 'HAI Interface', 'destination-index': '3', 'study-stage': '3', 'decision-state': 0, 'vitals-state': 0, 'airspace-state': 0, 'data': {'page': 'emergency', 'action': 'trying to change destination to19'}}
INFO:root:1721069428.886834,ID:1002,STAGE:3,SEQUENCE:1324,DATA:{'time': 1721069428.884, 'user-id': '1002', 'source': 'HAI Interface', 'destination-index': '3', 'study-stage': '3', 'decision-state': 0, 'vitals-state': 0, 'airspace-state': 0, 'data': {'page': 'inflight', 'action': 'user acknowledged vitals prompt'}}
INFO:root:1721069431.54157,ID:1002,STAGE:3,SEQUENCE:1324,DATA:{'time': 1721069431.537, 'user-id': '1002', 'source': 'HAI Interface', 'destination-index': '3', 'study-stage': '3', 'decision-state': 0, 'vitals-state': 0, 'airspace-state': 0, 'data': {'page': 'emergency', 'action': 'trying to change destination to19'}}
INFO:root:1721069432.03647,ID:1002,STAGE:3,SEQUENCE:1324,DATA:{'time': 1721069432.032, 'source': 'VitalsTask', 'timer': 66.583, 'data': {'sensor': 'Heart Rate', 'action': 'capture', 'data': 'action button pressed'}}
INFO:root:1721069432.037467,ID:1002,STAGE:3,SEQUENCE:1324,DATA:{'time': 1721069432.033, 'source': 'VitalsTask', 'timer': 66.584, 'data': {'sensor': 'Heart Rate', 'action': 'capture', 'data': 'starting sensor action'}}
INFO:root:1721069433.052313,ID:1002,STAGE:3,SEQUENCE:1324,DATA:{'time': 1721069433.05, 'source': 'VitalsTask', 'timer': 67.601, 'data': {'sensor': 'Heart Rate', 'action': 'capture', 'data': 'sensor action complete'}}
INFO:root:1721069433.054308,ID:1002,STAGE:3,SEQUENCE:1324,DATA:{'time': 1721069433.051, 'source': 'VitalsTask', 'timer': 67.602, 'data': {'sensor': 'Heart Rate', 'action': 'keypad open'}}
INFO:root:1721069434.037352,ID:1002,STAGE:3,SEQUENCE:1324,DATA:{'time': 1721069434.035, 'source': 'VitalsTask', 'timer': 68.586, 'data': {'sensor': 'Heart Rate', 'action': 'keypad press', 'key': 5, 'value': 5}}
INFO:root:1721069434.456671,ID:1002,STAGE:3,SEQUENCE:1324,DATA:{'time': 1721069434.455, 'source': 'VitalsTask', 'timer': 69.006, 'data': {'sensor': 'Heart Rate', 'action': 'keypad press', 'key': 5, 'value': 55}}
INFO:root:1721069435.5779,ID:1002,STAGE:3,SEQUENCE:1324,DATA:{'time': 1721069435.575, 'source': 'VitalsTask', 'timer': 70.126, 'data': {'sensor': 'Heart Rate', 'action': 'show action buttons'}}
INFO:root:1721069435.579893,ID:1002,STAGE:3,SEQUENCE:1324,DATA:{'time': 1721069435.575, 'source': 'VitalsTask', 'timer': 70.126, 'data': {'sensor': 'Heart Rate', 'action': 'keypad press', 'key': 10, 'value': 55}}
INFO:root:1721069436.472102,ID:1002,STAGE:3,SEQUENCE:1324,DATA:{'time': 1721069436.464, 'user-id': '1002', 'source': 'HAI Interface', 'destination-index': '3', 'study-stage': '3', 'decision-state': 0, 'vitals-state': 0, 'airspace-state': 0, 'data': {'page': 'emergency', 'action': 'trying to change destination to19'}}
INFO:root:1721069436.910229,ID:1002,STAGE:3,SEQUENCE:1324,DATA:{'time': 1721069436.905, 'source': 'VitalsTask', 'timer': 71.456, 'data': {'sensor': 'Heart Rate', 'action': 'log', 'data': 'action button pressed'}}
INFO:root:1721069436.911227,ID:1002,STAGE:3,SEQUENCE:1324,DATA:{'time': 1721069436.906, 'source': 'VitalsTask', 'timer': 71.457, 'data': {'sensor': 'Heart Rate', 'action': 'log', 'data': 'starting sensor action'}}
INFO:root:1721069437.927507,ID:1002,STAGE:3,SEQUENCE:1324,DATA:{'time': 1721069437.925, 'source': 'VitalsTask', 'timer': 72.476, 'data': {'sensor': 'Heart Rate', 'action': 'log', 'data': 'sensor action complete'}}
INFO:root:1721069438.541157,ID:1002,STAGE:3,SEQUENCE:1324,DATA:{'time': 1721069438.539, 'source': 'VitalsTask', 'timer': 73.09, 'data': {'sensor': 'Heart Rate', 'action': 'save', 'data': 'action button pressed'}}
INFO:root:1721069438.543158,ID:1002,STAGE:3,SEQUENCE:1324,DATA:{'time': 1721069438.539, 'source': 'VitalsTask', 'timer': 73.09, 'data': {'sensor': 'Heart Rate', 'action': 'save', 'data': 'starting sensor action'}}
INFO:root:1721069439.560191,ID:1002,STAGE:3,SEQUENCE:1324,DATA:{'time': 1721069439.553, 'source': 'VitalsTask', 'timer': 74.104, 'data': {'sensor': 'Heart Rate', 'action': 'save', 'data': 'sensor action complete'}}
INFO:root:1721069441.497356,ID:1002,STAGE:3,SEQUENCE:1324,DATA:{'time': 1721069441.492, 'user-id': '1002', 'source': 'HAI Interface', 'destination-index': '3', 'study-stage': '3', 'decision-state': 0, 'vitals-state': 0, 'airspace-state': 0, 'data': {'page': 'emergency', 'action': 'trying to change destination to19'}}
INFO:root:1721069442.191078,ID:1002,STAGE:3,SEQUENCE:1324,DATA:{'time': 1721069442.189, 'source': 'VitalsTask', 'timer': 76.74, 'data': {'sensor': 'O\u2082 Saturation', 'action': 'opened sensor tab'}}
INFO:root:1721069443.351664,ID:1002,STAGE:3,SEQUENCE:1324,DATA:{'time': 1721069443.349, 'source': 'VitalsTask', 'timer': 77.9, 'data': {'sensor': 'O\u2082 Saturation', 'action': 'capture', 'data': 'action button pressed'}}
INFO:root:1721069443.353457,ID:1002,STAGE:3,SEQUENCE:1324,DATA:{'time': 1721069443.349, 'source': 'VitalsTask', 'timer': 77.9, 'data': {'sensor': 'O\u2082 Saturation', 'action': 'capture', 'data': 'starting sensor action'}}
INFO:root:1721069444.370454,ID:1002,STAGE:3,SEQUENCE:1324,DATA:{'time': 1721069444.368, 'source': 'VitalsTask', 'timer': 78.919, 'data': {'sensor': 'O\u2082 Saturation', 'action': 'capture', 'data': 'sensor action complete'}}
INFO:root:1721069444.370959,ID:1002,STAGE:3,SEQUENCE:1324,DATA:{'time': 1721069444.368, 'source': 'VitalsTask', 'timer': 78.919, 'data': {'sensor': 'O\u2082 Saturation', 'action': 'keypad open'}}
INFO:root:1721069445.498407,ID:1002,STAGE:3,SEQUENCE:1324,DATA:{'time': 1721069445.497, 'source': 'VitalsTask', 'timer': 80.048, 'data': {'sensor': 'O\u2082 Saturation', 'action': 'keypad press', 'key': 1, 'value': 1}}
INFO:root:1721069446.521678,ID:1002,STAGE:3,SEQUENCE:1324,DATA:{'time': 1721069446.515, 'user-id': '1002', 'source': 'HAI Interface', 'destination-index': '3', 'study-stage': '3', 'decision-state': 0, 'vitals-state': 0, 'airspace-state': 0, 'data': {'page': 'emergency', 'action': 'trying to change destination to19'}}
INFO:root:1721069446.60171,ID:1002,STAGE:3,SEQUENCE:1324,DATA:{'time': 1721069446.599, 'source': 'VitalsTask', 'timer': 81.15, 'data': {'sensor': 'O\u2082 Saturation', 'action': 'keypad press', 'key': 11, 'value': 10}}
INFO:root:1721069447.199439,ID:1002,STAGE:3,SEQUENCE:1324,DATA:{'time': 1721069447.197, 'source': 'VitalsTask', 'timer': 81.748, 'data': {'sensor': 'O\u2082 Saturation', 'action': 'keypad press', 'key': 11, 'value': 100}}
INFO:root:1721069448.042294,ID:1002,STAGE:3,SEQUENCE:1324,DATA:{'time': 1721069448.039, 'source': 'VitalsTask', 'timer': 82.59, 'data': {'sensor': 'O\u2082 Saturation', 'action': 'show action buttons'}}
INFO:root:1721069448.043798,ID:1002,STAGE:3,SEQUENCE:1324,DATA:{'time': 1721069448.04, 'source': 'VitalsTask', 'timer': 82.591, 'data': {'sensor': 'O\u2082 Saturation', 'action': 'keypad press', 'key': 10, 'value': 100}}
INFO:root:1721069449.3777,ID:1002,STAGE:3,SEQUENCE:1324,DATA:{'time': 1721069449.374, 'source': 'VitalsTask', 'timer': 83.925, 'data': {'sensor': 'O\u2082 Saturation', 'action': 'log', 'data': 'action button pressed'}}
INFO:root:1721069449.379695,ID:1002,STAGE:3,SEQUENCE:1324,DATA:{'time': 1721069449.375, 'source': 'VitalsTask', 'timer': 83.926, 'data': {'sensor': 'O\u2082 Saturation', 'action': 'log', 'data': 'starting sensor action'}}
INFO:root:1721069450.398598,ID:1002,STAGE:3,SEQUENCE:1324,DATA:{'time': 1721069450.393, 'source': 'VitalsTask', 'timer': 84.944, 'data': {'sensor': 'O\u2082 Saturation', 'action': 'log', 'data': 'sensor action complete'}}
INFO:root:1721069451.039046,ID:1002,STAGE:3,SEQUENCE:1324,DATA:{'time': 1721069451.036, 'source': 'VitalsTask', 'timer': 85.587, 'data': {'sensor': 'O\u2082 Saturation', 'action': 'save', 'data': 'action button pressed'}}
INFO:root:1721069451.041041,ID:1002,STAGE:3,SEQUENCE:1324,DATA:{'time': 1721069451.036, 'source': 'VitalsTask', 'timer': 85.587, 'data': {'sensor': 'O\u2082 Saturation', 'action': 'save', 'data': 'starting sensor action'}}
INFO:root:1721069451.517191,ID:1002,STAGE:3,SEQUENCE:1324,DATA:{'time': 1721069451.512, 'user-id': '1002', 'source': 'HAI Interface', 'destination-index': '3', 'study-stage': '3', 'decision-state': 0, 'vitals-state': 0, 'airspace-state': 0, 'data': {'page': 'emergency', 'action': 'trying to change destination to19'}}
INFO:root:1721069452.052685,ID:1002,STAGE:3,SEQUENCE:1324,DATA:{'time': 1721069452.051, 'source': 'VitalsTask', 'timer': 86.602, 'data': {'sensor': 'O\u2082 Saturation', 'action': 'save', 'data': 'sensor action complete'}}
INFO:root:1721069453.221555,ID:1002,STAGE:3,SEQUENCE:1324,DATA:{'time': 1721069453.219, 'source': 'VitalsTask', 'timer': 87.77, 'data': {'sensor': 'Blood Pressure', 'action': 'opened sensor tab'}}
INFO:root:1721069454.455968,ID:1002,STAGE:3,SEQUENCE:1324,DATA:{'time': 1721069454.453, 'source': 'VitalsTask', 'timer': 89.004, 'data': {'sensor': 'Blood Pressure', 'action': 'capture', 'data': 'action button pressed'}}
INFO:root:1721069454.459957,ID:1002,STAGE:3,SEQUENCE:1324,DATA:{'time': 1721069454.453, 'source': 'VitalsTask', 'timer': 89.004, 'data': {'sensor': 'Blood Pressure', 'action': 'capture', 'data': 'starting sensor action'}}
INFO:root:1721069455.473425,ID:1002,STAGE:3,SEQUENCE:1324,DATA:{'time': 1721069455.47, 'source': 'VitalsTask', 'timer': 90.021, 'data': {'sensor': 'Blood Pressure', 'action': 'capture', 'data': 'sensor action complete'}}
INFO:root:1721069455.475801,ID:1002,STAGE:3,SEQUENCE:1324,DATA:{'time': 1721069455.471, 'source': 'VitalsTask', 'timer': 90.022, 'data': {'sensor': 'Blood Pressure', 'action': 'keypad open'}}
INFO:root:1721069456.500026,ID:1002,STAGE:3,SEQUENCE:1324,DATA:{'time': 1721069456.492, 'user-id': '1002', 'source': 'HAI Interface', 'destination-index': '3', 'study-stage': '3', 'decision-state': 0, 'vitals-state': 0, 'airspace-state': 0, 'data': {'page': 'emergency', 'action': 'trying to change destination to19'}}
INFO:root:1721069457.875429,ID:1002,STAGE:3,SEQUENCE:1324,DATA:{'time': 1721069457.872, 'source': 'VitalsTask', 'timer': 92.423, 'data': {'sensor': 'Blood Pressure', 'action': 'keypad press', 'key': 1, 'value': 1}}
INFO:root:1721069458.793426,ID:1002,STAGE:3,SEQUENCE:1324,DATA:{'time': 1721069458.79, 'source': 'VitalsTask', 'timer': 93.341, 'data': {'sensor': 'Blood Pressure', 'action': 'keypad press', 'key': 2, 'value': 12}}
INFO:root:1721069460.34696,ID:1002,STAGE:3,SEQUENCE:1324,DATA:{'time': 1721069460.345, 'source': 'VitalsTask', 'timer': 94.896, 'data': {'sensor': 'Blood Pressure', 'action': 'keypad press', 'key': 11, 'value': 120}}
INFO:root:1721069461.483135,ID:1002,STAGE:3,SEQUENCE:1324,DATA:{'time': 1721069461.477, 'user-id': '1002', 'source': 'HAI Interface', 'destination-index': '3', 'study-stage': '3', 'decision-state': 0, 'vitals-state': 0, 'airspace-state': 0, 'data': {'page': 'emergency', 'action': 'trying to change destination to19'}}
INFO:root:1721069461.620662,ID:1002,STAGE:3,SEQUENCE:1324,DATA:{'time': 1721069461.618, 'source': 'VitalsTask', 'timer': 96.169, 'data': {'sensor': 'Blood Pressure', 'action': 'keypad press', 'key': 8, 'value': 1208}}
INFO:root:1721069462.406736,ID:1002,STAGE:3,SEQUENCE:1324,DATA:{'time': 1721069462.401, 'source': 'VitalsTask', 'timer': 96.952, 'data': {'sensor': 'Blood Pressure', 'action': 'keypad press', 'key': 11, 'value': 12080}}
INFO:root:1721069463.147036,ID:1002,STAGE:3,SEQUENCE:1324,DATA:{'time': 1721069463.142, 'source': 'VitalsTask', 'timer': 97.693, 'data': {'sensor': 'Blood Pressure', 'action': 'show action buttons'}}
INFO:root:1721069463.14903,ID:1002,STAGE:3,SEQUENCE:1324,DATA:{'time': 1721069463.142, 'source': 'VitalsTask', 'timer': 97.693, 'data': {'sensor': 'Blood Pressure', 'action': 'keypad press', 'key': 10, 'value': 12080}}
INFO:root:1721069464.328872,ID:1002,STAGE:3,SEQUENCE:1324,DATA:{'time': 1721069464.327, 'source': 'VitalsTask', 'timer': 98.878, 'data': {'sensor': 'Blood Pressure', 'action': 'log', 'data': 'action button pressed'}}
INFO:root:1721069464.3308,ID:1002,STAGE:3,SEQUENCE:1324,DATA:{'time': 1721069464.327, 'source': 'VitalsTask', 'timer': 98.878, 'data': {'sensor': 'Blood Pressure', 'action': 'log', 'data': 'starting sensor action'}}
INFO:root:1721069465.338565,ID:1002,STAGE:3,SEQUENCE:1324,DATA:{'time': 1721069465.337, 'source': 'VitalsTask', 'timer': 99.888, 'data': {'sensor': 'Blood Pressure', 'action': 'log', 'data': 'sensor action complete'}}
INFO:root:1721069465.698933,ID:1002,STAGE:3,SEQUENCE:1324,DATA:{'time': 1721069465.696, 'source': 'VitalsTask', 'timer': 100.247, 'data': {'sensor': 'Blood Pressure', 'action': 'save', 'data': 'action button pressed'}}
INFO:root:1721069465.700933,ID:1002,STAGE:3,SEQUENCE:1324,DATA:{'time': 1721069465.697, 'source': 'VitalsTask', 'timer': 100.248, 'data': {'sensor': 'Blood Pressure', 'action': 'save', 'data': 'starting sensor action'}}
INFO:root:1721069466.490277,ID:1002,STAGE:3,SEQUENCE:1324,DATA:{'time': 1721069466.482, 'user-id': '1002', 'source': 'HAI Interface', 'destination-index': '3', 'study-stage': '3', 'decision-state': 0, 'vitals-state': 0, 'airspace-state': 0, 'data': {'page': 'emergency', 'action': 'trying to change destination to19'}}
INFO:root:1721069466.713182,ID:1002,STAGE:3,SEQUENCE:1324,DATA:{'time': 1721069466.711, 'source': 'VitalsTask', 'timer': 101.262, 'data': {'sensor': 'Blood Pressure', 'action': 'save', 'data': 'sensor action complete'}}
INFO:root:1721069468.123133,ID:1002,STAGE:3,SEQUENCE:1324,DATA:{'time': 1721069468.121, 'source': 'VitalsTask', 'timer': 102.672, 'data': {'sensor': 'submit', 'action': 'submit'}}
INFO:root:1721069468.127738,ID:1002,STAGE:3,SEQUENCE:1324,DATA:{'time': 1721069468.121, 'source': 'VitalsTask', 'timer': 102.672, 'data': {'sensor': 'submit', 'action': 'submit', 'data': 'submit succeeded'}}
INFO:root:1721069471.950762,ID:1002,STAGE:3,SEQUENCE:1324,DATA:{'time': 1721069471.946, 'user-id': '1002', 'source': 'HAI Interface', 'destination-index': '3', 'study-stage': '3', 'decision-state': 0, 'vitals-state': 0, 'airspace-state': 0, 'data': {'page': 'emergency', 'action': 'trying to change destination to19'}}
INFO:root:1721069471.952755,ID:1002,STAGE:3,SEQUENCE:1324,DATA:{'time': 1721069471.947, 'user-id': '1002', 'source': 'HAI Interface', 'destination-index': '3', 'study-stage': '3', 'decision-state': 0, 'vitals-state': 0, 'airspace-state': 0, 'data': {'page': 'emergency', 'action': 'show Fuel Tank Empty Alert , hide map'}}
INFO:root:1721069471.955261,ID:1002,STAGE:3,SEQUENCE:1324,DATA:{'time': 1721069471.947, 'user-id': '1002', 'source': 'HAI Interface', 'destination-index': '3', 'study-stage': '3', 'decision-state': 0, 'vitals-state': 0, 'airspace-state': 0, 'data': {'page': 'map', 'action': 'hide map'}}
INFO:root:1721069471.958968,ID:1002,STAGE:3,SEQUENCE:1324,DATA:{'time': 1721069471.948, 'user-id': '1002', 'source': 'HAI Interface', 'destination-index': '3', 'study-stage': '3', 'decision-state': 0, 'vitals-state': 0, 'airspace-state': 0, 'data': {'page': 'Inflight', 'action': 'Fuel tank emergency alert-displayed'}}
INFO:root:1721069474.94097,ID:1002,STAGE:3,SEQUENCE:1324,DATA:{'time': 1721069474.937, 'user-id': '1002', 'source': 'HAI Interface', 'destination-index': '3', 'study-stage': '3', 'decision-state': 0, 'vitals-state': 0, 'airspace-state': 0, 'data': {'page': 'Inflight', 'action': 'Fuel tank emergency- show more info button pressed'}}
INFO:root:1721069476.445944,ID:1002,STAGE:3,SEQUENCE:1324,DATA:{'time': 1721069476.44, 'user-id': '1002', 'source': 'HAI Interface', 'destination-index': '3', 'study-stage': '3', 'decision-state': 0, 'vitals-state': 0, 'airspace-state': 0, 'data': {'page': 'emergency', 'action': 'trying to change destination to19'}}
INFO:root:1721069481.51268,ID:1002,STAGE:3,SEQUENCE:1324,DATA:{'time': 1721069481.507, 'user-id': '1002', 'source': 'HAI Interface', 'destination-index': '3', 'study-stage': '3', 'decision-state': 0, 'vitals-state': 0, 'airspace-state': 0, 'data': {'page': 'emergency', 'action': 'trying to change destination to19'}}
INFO:root:1721069486.497254,ID:1002,STAGE:3,SEQUENCE:1324,DATA:{'time': 1721069486.487, 'user-id': '1002', 'source': 'HAI Interface', 'destination-index': '3', 'study-stage': '3', 'decision-state': 0, 'vitals-state': 0, 'airspace-state': 0, 'data': {'page': 'emergency', 'action': 'trying to change destination to19'}}
INFO:root:1721069491.522856,ID:1002,STAGE:3,SEQUENCE:1324,DATA:{'time': 1721069491.516, 'user-id': '1002', 'source': 'HAI Interface', 'destination-index': '3', 'study-stage': '3', 'decision-state': 0, 'vitals-state': 0, 'airspace-state': 0, 'data': {'page': 'emergency', 'action': 'trying to change destination to19'}}
INFO:root:1721069492.633324,ID:1002,STAGE:3,SEQUENCE:1324,DATA:{'time': 1721069492.626, 'user-id': '1002', 'source': 'HAI Interface', 'destination-index': '3', 'study-stage': '3', 'decision-state': 0, 'vitals-state': 0, 'airspace-state': 0, 'data': {'page': 'Inflight', 'action': 'Empty Tank emergency- close button '}}
INFO:root:1721069492.637318,ID:1002,STAGE:3,SEQUENCE:1324,DATA:{'time': 1721069492.627, 'user-id': '1002', 'source': 'HAI Interface', 'destination-index': '3', 'study-stage': '3', 'decision-state': 0, 'vitals-state': 0, 'airspace-state': 0, 'data': {'page': 'Inflight', 'action': 'Continue button on Fuel tank emergency pressed'}}
INFO:root:1721069496.536658,ID:1002,STAGE:3,SEQUENCE:1324,DATA:{'time': 1721069496.53, 'user-id': '1002', 'source': 'HAI Interface', 'destination-index': '3', 'study-stage': '3', 'decision-state': 0, 'vitals-state': 0, 'airspace-state': 0, 'data': {'page': 'emergency', 'action': 'trying to change destination to19'}}
INFO:root:1721069501.481041,ID:1002,STAGE:3,SEQUENCE:1324,DATA:{'time': 1721069501.473, 'user-id': '1002', 'source': 'HAI Interface', 'destination-index': '3', 'study-stage': '3', 'decision-state': 0, 'vitals-state': 0, 'airspace-state': 0, 'data': {'page': 'emergency', 'action': 'trying to change destination to19'}}
INFO:root:1721069506.572485,ID:1002,STAGE:3,SEQUENCE:1324,DATA:{'time': 1721069506.566, 'user-id': '1002', 'source': 'HAI Interface', 'destination-index': '3', 'study-stage': '3', 'decision-state': 0, 'vitals-state': 0, 'airspace-state': 0, 'data': {'page': 'emergency', 'action': 'trying to change destination to19'}}
INFO:root:1721069509.292702,ID:1002,STAGE:3,SEQUENCE:1324,DATA:{'time': 1721069509.288, 'user-id': '1002', 'source': 'HAI Interface', 'destination-index': '3', 'study-stage': '3', 'decision-state': 0, 'vitals-state': 0, 'airspace-state': 0, 'data': {'page': 'map', 'action': 'show map'}}
INFO:root:1721069509.294697,ID:1002,STAGE:3,SEQUENCE:1324,DATA:{'time': 1721069509.288, 'user-id': '1002', 'source': 'HAI Interface', 'destination-index': '3', 'study-stage': '3', 'decision-state': 0, 'vitals-state': 0, 'airspace-state': 0, 'data': {'page': 'map', 'action': 'selected helipad', 'value': '21'}}
INFO:root:1721069511.514766,ID:1002,STAGE:3,SEQUENCE:1324,DATA:{'time': 1721069511.508, 'user-id': '1002', 'source': 'HAI Interface', 'destination-index': '3', 'study-stage': '3', 'decision-state': 0, 'vitals-state': 0, 'airspace-state': 0, 'data': {'page': 'emergency', 'action': 'trying to change destination to19'}}
INFO:root:1721069516.512398,ID:1002,STAGE:3,SEQUENCE:1324,DATA:{'time': 1721069516.507, 'user-id': '1002', 'source': 'HAI Interface', 'destination-index': '3', 'study-stage': '3', 'decision-state': 0, 'vitals-state': 0, 'airspace-state': 0, 'data': {'page': 'emergency', 'action': 'trying to change destination to19'}}
INFO:root:1721069521.537573,ID:1002,STAGE:3,SEQUENCE:1324,DATA:{'time': 1721069521.53, 'user-id': '1002', 'source': 'HAI Interface', 'destination-index': '3', 'study-stage': '3', 'decision-state': 0, 'vitals-state': 0, 'airspace-state': 0, 'data': {'page': 'emergency', 'action': 'trying to change destination to19'}}
INFO:root:1721069526.496195,ID:1002,STAGE:3,SEQUENCE:1324,DATA:{'time': 1721069526.492, 'user-id': '1002', 'source': 'HAI Interface', 'destination-index': '3', 'study-stage': '3', 'decision-state': 0, 'vitals-state': 0, 'airspace-state': 0, 'data': {'page': 'emergency', 'action': 'trying to change destination to19'}}
INFO:root:1721069531.533174,ID:1002,STAGE:3,SEQUENCE:1324,DATA:{'time': 1721069531.527, 'user-id': '1002', 'source': 'HAI Interface', 'destination-index': '3', 'study-stage': '3', 'decision-state': 0, 'vitals-state': 0, 'airspace-state': 0, 'data': {'page': 'emergency', 'action': 'trying to change destination to19'}}
INFO:root:1721069536.501865,ID:1002,STAGE:3,SEQUENCE:1324,DATA:{'time': 1721069536.496, 'user-id': '1002', 'source': 'HAI Interface', 'destination-index': '3', 'study-stage': '3', 'decision-state': 0, 'vitals-state': 0, 'airspace-state': 0, 'data': {'page': 'emergency', 'action': 'trying to change destination to19'}}
INFO:root:1721069540.098114,ID:1002,STAGE:3,SEQUENCE:1324,DATA:{'time': 1721069540.092, 'user-id': '1002', 'source': 'HAI Interface', 'destination-index': '3', 'study-stage': '3', 'decision-state': 0, 'vitals-state': 0, 'airspace-state': 0, 'data': {'page': 'map', 'action': 'selected helipad', 'value': '3'}}
INFO:root:1721069541.531075,ID:1002,STAGE:3,SEQUENCE:1324,DATA:{'time': 1721069541.525, 'user-id': '1002', 'source': 'HAI Interface', 'destination-index': '3', 'study-stage': '3', 'decision-state': 0, 'vitals-state': 0, 'airspace-state': 0, 'data': {'page': 'emergency', 'action': 'trying to change destination to19'}}
INFO:root:SimConnect Error in /var
INFO:SimConnect.SimConnect:SIM OPEN
INFO:root:1721069546.648547,ID:1002,STAGE:3,SEQUENCE:1324,DATA:{'time': 1721069546.636, 'user-id': '1002', 'source': 'HAI Interface', 'destination-index': '3', 'study-stage': '3', 'decision-state': 0, 'vitals-state': 0, 'airspace-state': 0, 'data': {'page': 'emergency', 'action': 'trying to change destination to19'}}
INFO:root:1721069549.499429,ID:1002,STAGE:3,SEQUENCE:1324,DATA:{'time': 1721069549.493, 'user-id': '1002', 'source': 'HAI Interface', 'destination-index': '3', 'study-stage': '3', 'decision-state': 0, 'vitals-state': 0, 'airspace-state': 0, 'data': {'page': 'map', 'action': 'hide map'}}
INFO:root:1721069551.429129,ID:1002,STAGE:3,SEQUENCE:1324,DATA:{'time': 1721069551.424, 'user-id': '1002', 'source': 'HAI Interface', 'destination-index': '3', 'study-stage': '3', 'decision-state': 0, 'vitals-state': 0, 'airspace-state': 0, 'data': {'page': 'map', 'action': 'show map'}}
INFO:root:1721069551.431125,ID:1002,STAGE:3,SEQUENCE:1324,DATA:{'time': 1721069551.425, 'user-id': '1002', 'source': 'HAI Interface', 'destination-index': '3', 'study-stage': '3', 'decision-state': 0, 'vitals-state': 0, 'airspace-state': 0, 'data': {'page': 'map', 'action': 'selected helipad', 'value': '21'}}
INFO:root:1721069551.508858,ID:1002,STAGE:3,SEQUENCE:1324,DATA:{'time': 1721069551.499, 'user-id': '1002', 'source': 'HAI Interface', 'destination-index': '3', 'study-stage': '3', 'decision-state': 0, 'vitals-state': 0, 'airspace-state': 0, 'data': {'page': 'emergency', 'action': 'trying to change destination to19'}}
INFO:root:1721069556.588005,ID:1002,STAGE:3,SEQUENCE:1324,DATA:{'time': 1721069556.581, 'user-id': '1002', 'source': 'HAI Interface', 'destination-index': '3', 'study-stage': '3', 'decision-state': 0, 'vitals-state': 0, 'airspace-state': 0, 'data': {'page': 'emergency', 'action': 'trying to change destination to19'}}
INFO:root:1721069561.512418,ID:1002,STAGE:3,SEQUENCE:1324,DATA:{'time': 1721069561.506, 'user-id': '1002', 'source': 'HAI Interface', 'destination-index': '3', 'study-stage': '3', 'decision-state': 0, 'vitals-state': 0, 'airspace-state': 0, 'data': {'page': 'emergency', 'action': 'trying to change destination to19'}}
INFO:root:1721069566.498247,ID:1002,STAGE:3,SEQUENCE:1324,DATA:{'time': 1721069566.489, 'user-id': '1002', 'source': 'HAI Interface', 'destination-index': '3', 'study-stage': '3', 'decision-state': 0, 'vitals-state': 0, 'airspace-state': 0, 'data': {'page': 'emergency', 'action': 'trying to change destination to19'}}
INFO:root:1721069570.590694,ID:1002,STAGE:3,SEQUENCE:1324,DATA:{'time': 1721069570.586, 'user-id': '1002', 'source': 'HAI Interface', 'destination-index': '3', 'study-stage': '3', 'decision-state': 0, 'vitals-state': 0, 'airspace-state': 0, 'data': {'action': 'transmit button pressed'}}
INFO:root:1721069570.592693,ID:1002,STAGE:3,SEQUENCE:1324,DATA:{'time': 1721069570.586, 'user-id': '1002', 'source': 'HAI Interface', 'destination-index': '3', 'study-stage': '3', 'decision-state': 0, 'vitals-state': 0, 'airspace-state': 0, 'data': {'action': 'callsign set to: + NASXGS'}}
INFO:root:1721069570.597681,ID:1002,STAGE:3,SEQUENCE:1324,DATA:{'time': 1721069570.586, 'user-id': '1002', 'source': 'HAI Interface', 'destination-index': '3', 'study-stage': '3', 'decision-state': 0, 'vitals-state': 0, 'airspace-state': 0, 'data': {'action': 'radio set to:Comm1'}}
INFO:root:1721069570.599684,ID:1002,STAGE:3,SEQUENCE:1324,DATA:{'time': 1721069570.587, 'user-id': '1002', 'source': 'HAI Interface', 'destination-index': '3', 'study-stage': '3', 'decision-state': 0, 'vitals-state': 0, 'airspace-state': 0, 'data': {'page': 'map', 'action': 'show map'}}
INFO:root:1721069570.601679,ID:1002,STAGE:3,SEQUENCE:1324,DATA:{'time': 1721069570.587, 'user-id': '1002', 'source': 'HAI Interface', 'destination-index': '3', 'study-stage': '3', 'decision-state': 0, 'vitals-state': 0, 'airspace-state': 0, 'data': {'page': 'map', 'action': 'selected helipad', 'value': '21'}}
INFO:root:1721069570.603673,ID:1002,STAGE:3,SEQUENCE:1324,DATA:{'time': 1721069570.592, 'user-id': '1002', 'source': 'HAI Interface', 'destination-index': '3', 'study-stage': '3', 'decision-state': 0, 'vitals-state': 0, 'airspace-state': 0, 'data': {'action': 'NASXGStransmitting updates onComm1123.45 MHz'}}
INFO:root:1721069571.519413,ID:1002,STAGE:3,SEQUENCE:1324,DATA:{'time': 1721069571.514, 'user-id': '1002', 'source': 'HAI Interface', 'destination-index': '3', 'study-stage': '3', 'decision-state': 0, 'vitals-state': 0, 'airspace-state': 0, 'data': {'page': 'emergency', 'action': 'trying to change destination to19'}}
INFO:root:1721069576.534083,ID:1002,STAGE:3,SEQUENCE:1324,DATA:{'time': 1721069576.528, 'user-id': '1002', 'source': 'HAI Interface', 'destination-index': '3', 'study-stage': '3', 'decision-state': 0, 'vitals-state': 0, 'airspace-state': 0, 'data': {'page': 'emergency', 'action': 'trying to change destination to19'}}
INFO:root:1721069581.515667,ID:1002,STAGE:3,SEQUENCE:1324,DATA:{'time': 1721069581.51, 'user-id': '1002', 'source': 'HAI Interface', 'destination-index': '3', 'study-stage': '3', 'decision-state': 0, 'vitals-state': 0, 'airspace-state': 0, 'data': {'page': 'emergency', 'action': 'trying to change destination to19'}}
INFO:root:1721069583.65389,ID:1002,STAGE:3,SEQUENCE:1324,DATA:{'time': 1721069583.648, 'user-id': '1002', 'source': 'HAI Interface', 'destination-index': '3', 'study-stage': '3', 'decision-state': 0, 'vitals-state': 0, 'airspace-state': 0, 'data': {'page': 'map', 'action': 'hide map'}}
INFO:root:1721069585.093348,ID:1002,STAGE:3,SEQUENCE:1324,DATA:{'time': 1721069585.089, 'user-id': '1002', 'source': 'HAI Interface', 'destination-index': '3', 'study-stage': '3', 'decision-state': 0, 'vitals-state': 0, 'airspace-state': 0, 'data': {'page': 'map', 'action': 'show map'}}
INFO:root:1721069585.095855,ID:1002,STAGE:3,SEQUENCE:1324,DATA:{'time': 1721069585.09, 'user-id': '1002', 'source': 'HAI Interface', 'destination-index': '3', 'study-stage': '3', 'decision-state': 0, 'vitals-state': 0, 'airspace-state': 0, 'data': {'page': 'map', 'action': 'selected helipad', 'value': '21'}}
INFO:root:1721069586.506375,ID:1002,STAGE:3,SEQUENCE:1324,DATA:{'time': 1721069586.499, 'user-id': '1002', 'source': 'HAI Interface', 'destination-index': '3', 'study-stage': '3', 'decision-state': 0, 'vitals-state': 0, 'airspace-state': 0, 'data': {'page': 'emergency', 'action': 'trying to change destination to19'}}
INFO:root:1721069591.510426,ID:1002,STAGE:3,SEQUENCE:1324,DATA:{'time': 1721069591.505, 'user-id': '1002', 'source': 'HAI Interface', 'destination-index': '3', 'study-stage': '3', 'decision-state': 0, 'vitals-state': 0, 'airspace-state': 0, 'data': {'page': 'emergency', 'action': 'trying to change destination to19'}}
INFO:root:1721069596.515131,ID:1002,STAGE:3,SEQUENCE:1324,DATA:{'time': 1721069596.508, 'user-id': '1002', 'source': 'HAI Interface', 'destination-index': '3', 'study-stage': '3', 'decision-state': 0, 'vitals-state': 0, 'airspace-state': 0, 'data': {'page': 'emergency', 'action': 'trying to change destination to19'}}
INFO:root:Inflight Radio Update asked
INFO:root:sent request to set radio update complete
INFO:root:1721069601.509855,ID:1002,STAGE:3,SEQUENCE:1324,DATA:{'time': 1721069601.502, 'user-id': '1002', 'source': 'HAI Interface', 'destination-index': '3', 'study-stage': '3', 'decision-state': 0, 'vitals-state': 0, 'airspace-state': 0, 'data': {'page': 'emergency', 'action': 'trying to change destination to19'}}
INFO:root:1721069606.557842,ID:1002,STAGE:3,SEQUENCE:1324,DATA:{'time': 1721069606.549, 'user-id': '1002', 'source': 'HAI Interface', 'destination-index': '3', 'study-stage': '3', 'decision-state': 0, 'vitals-state': 0, 'airspace-state': 0, 'data': {'page': 'emergency', 'action': 'trying to change destination to19'}}
INFO:root:1721069611.491992,ID:1002,STAGE:3,SEQUENCE:1324,DATA:{'time': 1721069611.485, 'user-id': '1002', 'source': 'HAI Interface', 'destination-index': '3', 'study-stage': '3', 'decision-state': 0, 'vitals-state': 0, 'airspace-state': 0, 'data': {'page': 'emergency', 'action': 'trying to change destination to19'}}
INFO:root:1721069612.933542,ID:1002,STAGE:3,SEQUENCE:1324,DATA:{'time': 1721069612.93, 'source': 'VitalsTask', 'timer': 144.809, 'data': {'sensor': 'Heart Rate', 'action': 'opened sensor tab'}}
INFO:root:1721069616.566626,ID:1002,STAGE:3,SEQUENCE:1324,DATA:{'time': 1721069616.56, 'user-id': '1002', 'source': 'HAI Interface', 'destination-index': '3', 'study-stage': '3', 'decision-state': 0, 'vitals-state': 0, 'airspace-state': 0, 'data': {'page': 'emergency', 'action': 'trying to change destination to19'}}
INFO:root:1721069621.553296,ID:1002,STAGE:3,SEQUENCE:1324,DATA:{'time': 1721069621.534, 'user-id': '1002', 'source': 'HAI Interface', 'destination-index': '3', 'study-stage': '3', 'decision-state': 0, 'vitals-state': 0, 'airspace-state': 0, 'data': {'page': 'emergency', 'action': 'trying to change destination to19'}}
INFO:root:1721069626.530251,ID:1002,STAGE:3,SEQUENCE:1324,DATA:{'time': 1721069626.524, 'user-id': '1002', 'source': 'HAI Interface', 'destination-index': '3', 'study-stage': '3', 'decision-state': 0, 'vitals-state': 0, 'airspace-state': 0, 'data': {'page': 'emergency', 'action': 'trying to change destination to19'}}
INFO:root:1721069631.555153,ID:1002,STAGE:3,SEQUENCE:1324,DATA:{'time': 1721069631.544, 'user-id': '1002', 'source': 'HAI Interface', 'destination-index': '3', 'study-stage': '3', 'decision-state': 0, 'vitals-state': 0, 'airspace-state': 0, 'data': {'page': 'emergency', 'action': 'trying to change destination to19'}}
INFO:root:1721069636.536825,ID:1002,STAGE:3,SEQUENCE:1324,DATA:{'time': 1721069636.528, 'user-id': '1002', 'source': 'HAI Interface', 'destination-index': '3', 'study-stage': '3', 'decision-state': 0, 'vitals-state': 0, 'airspace-state': 0, 'data': {'page': 'emergency', 'action': 'trying to change destination to19'}}
INFO:root:1721069641.498853,ID:1002,STAGE:3,SEQUENCE:1324,DATA:{'time': 1721069641.492, 'user-id': '1002', 'source': 'HAI Interface', 'destination-index': '3', 'study-stage': '3', 'decision-state': 0, 'vitals-state': 0, 'airspace-state': 0, 'data': {'page': 'emergency', 'action': 'trying to change destination to19'}}
INFO:root:1721069646.494036,ID:1002,STAGE:3,SEQUENCE:1324,DATA:{'time': 1721069646.49, 'user-id': '1002', 'source': 'HAI Interface', 'destination-index': '3', 'study-stage': '3', 'decision-state': 0, 'vitals-state': 0, 'airspace-state': 0, 'data': {'page': 'emergency', 'action': 'trying to change destination to19'}}
INFO:root:1721069651.467258,ID:1002,STAGE:3,SEQUENCE:1324,DATA:{'time': 1721069651.464, 'user-id': '1002', 'source': 'HAI Interface', 'destination-index': '3', 'study-stage': '3', 'decision-state': 0, 'vitals-state': 0, 'airspace-state': 0, 'data': {'page': 'emergency', 'action': 'trying to change destination to19'}}
INFO:root:1721069656.549497,ID:1002,STAGE:3,SEQUENCE:1324,DATA:{'time': 1721069656.535, 'user-id': '1002', 'source': 'HAI Interface', 'destination-index': '3', 'study-stage': '3', 'decision-state': 0, 'vitals-state': 0, 'airspace-state': 0, 'data': {'page': 'emergency', 'action': 'trying to change destination to19'}}
INFO:root:1721069656.673228,ID:1002,STAGE:3,SEQUENCE:1324,DATA:{'time': 1721069656.663, 'user-id': 'none', 'source': 'HAI Interface', 'destination-index': 3, 'study-stage': -1, 'decision-state': 0, 'vitals-state': 0, 'airspace-state': 0, 'data': {'page': 'checklist', 'action': 'opened page', 'inflight': True}}
INFO:root:1721069657.639642,ID:1002,STAGE:3,SEQUENCE:1324,DATA:{'time': 1721069657.636, 'user-id': '1002', 'source': 'HAI Interface', 'destination-index': '3', 'study-stage': '3', 'decision-state': 0, 'vitals-state': 0, 'airspace-state': 0, 'data': {'page': 'map', 'action': 'selected helipad', 'value': '21'}}
INFO:root:1721069660.129363,ID:1002,STAGE:3,SEQUENCE:1324,DATA:{'time': 1721069660.126, 'user-id': '1002', 'source': 'HAI Interface', 'destination-index': '3', 'study-stage': '3', 'decision-state': 0, 'vitals-state': 0, 'airspace-state': 0, 'data': {'page': 'checklist', 'action': 'toggled checkbox', 'inflight': True, 'item': 0, 'value': 'OFF'}}
INFO:root:1721069661.085392,ID:1002,STAGE:3,SEQUENCE:1324,DATA:{'time': 1721069661.082, 'user-id': '1002', 'source': 'HAI Interface', 'destination-index': '3', 'study-stage': '3', 'decision-state': 0, 'vitals-state': 0, 'airspace-state': 0, 'data': {'page': 'checklist', 'action': 'toggled checkbox', 'inflight': True, 'item': 1, 'value': 'OFF'}}
INFO:root:1721069662.207644,ID:1002,STAGE:3,SEQUENCE:1324,DATA:{'time': 1721069662.204, 'user-id': '1002', 'source': 'HAI Interface', 'destination-index': '3', 'study-stage': '3', 'decision-state': 0, 'vitals-state': 0, 'airspace-state': 0, 'data': {'page': 'checklist', 'action': 'toggled checkbox', 'inflight': True, 'item': 2, 'value': 'OFF'}}
INFO:root:1721069662.210752,ID:1002,STAGE:3,SEQUENCE:1324,DATA:{'time': 1721069662.204, 'user-id': '1002', 'source': 'HAI Interface', 'destination-index': '3', 'study-stage': '3', 'decision-state': 0, 'vitals-state': 0, 'airspace-state': 0, 'data': {'page': 'checklist', 'action': 'showing confirm button', 'inflight': True}}
INFO:root:1721069662.94844,ID:1002,STAGE:3,SEQUENCE:1324,DATA:{'time': 1721069662.944, 'user-id': '1002', 'source': 'HAI Interface', 'destination-index': '3', 'study-stage': '3', 'decision-state': 0, 'vitals-state': 0, 'airspace-state': 0, 'data': {'page': 'checklist', 'action': 'confirm button clicked', 'inflight': True}}
INFO:root:1721069663.277273,ID:1002,STAGE:3,SEQUENCE:1324,DATA:{'time': 1721069663.239, 'user-id': 'none', 'source': 'HAI Interface', 'destination-index': 3, 'study-stage': -1, 'decision-state': 0, 'vitals-state': 0, 'airspace-state': 0, 'data': {'page': 'landing-confirmation', 'action': 'opened page'}}
INFO:root:1721069663.291747,ID:1002,STAGE:3,SEQUENCE:1324,DATA:{'time': 1721069663.239, 'user-id': 'none', 'source': 'HAI Interface', 'destination-index': 3, 'study-stage': -1, 'decision-state': 0, 'vitals-state': 0, 'airspace-state': 0, 'data': {'page': 'landing-confirmation', 'action': 'showing helipad confirm', 'value': 1}}
INFO:root:1721069664.209499,ID:1002,STAGE:3,SEQUENCE:1324,DATA:{'time': 1721069664.205, 'user-id': '1002', 'source': 'HAI Interface', 'destination-index': '3', 'study-stage': '3', 'decision-state': 0, 'vitals-state': 0, 'airspace-state': 0, 'data': {'page': 'map', 'action': 'selected helipad', 'value': '21'}}
INFO:root:1721069667.271748,ID:1002,STAGE:3,SEQUENCE:1324,DATA:{'time': 1721069667.268, 'user-id': '1002', 'source': 'HAI Interface', 'destination-index': '3', 'study-stage': '3', 'decision-state': 0, 'vitals-state': 0, 'airspace-state': 0, 'data': {'page': 'landing-confirmation', 'action': 'checkbox toggle', 'item': 0, 'value': 'ON'}}
INFO:root:1721069676.139579,ID:1002,STAGE:3,SEQUENCE:1324,DATA:{'time': 1721069676.136, 'user-id': '1002', 'source': 'HAI Interface', 'destination-index': '3', 'study-stage': '3', 'decision-state': 0, 'vitals-state': 0, 'airspace-state': 0, 'data': {'page': 'landing-confirmation', 'action': 'checkbox toggle', 'item': 1, 'value': 'ON'}}
INFO:root:1721069678.072559,ID:1002,STAGE:3,SEQUENCE:1324,DATA:{'time': 1721069678.069, 'user-id': '1002', 'source': 'HAI Interface', 'destination-index': '3', 'study-stage': '3', 'decision-state': 0, 'vitals-state': 0, 'airspace-state': 0, 'data': {'page': 'landing-confirmation', 'action': 'confirmed safe to land'}}
INFO:root:1721069678.073563,ID:1002,STAGE:3,SEQUENCE:1324,DATA:{'time': 1721069678.07, 'user-id': '1002', 'source': 'HAI Interface', 'destination-index': '3', 'study-stage': '3', 'decision-state': 0, 'vitals-state': 0, 'airspace-state': 0, 'data': {'page': 'landing-confirmation', 'action': 'showing helipad ready'}}
INFO:root:1721069679.393803,ID:1002,STAGE:3,SEQUENCE:1324,DATA:{'time': 1721069679.39, 'user-id': '1002', 'source': 'HAI Interface', 'destination-index': '3', 'study-stage': '3', 'decision-state': 0, 'vitals-state': 0, 'airspace-state': 0, 'data': {'page': 'landing-confirmation', 'action': 'gave landing confirmation'}}
INFO:root:1721069679.508619,ID:1002,STAGE:3,SEQUENCE:1324,DATA:{'time': 1721069679.498, 'user-id': 'none', 'source': 'HAI Interface', 'destination-index': 3, 'study-stage': -1, 'decision-state': 0, 'vitals-state': 0, 'airspace-state': 0, 'data': {'page': 'landing-countdown', 'action': 'opened page'}}
INFO:root:1721069680.476373,ID:1002,STAGE:3,SEQUENCE:1324,DATA:{'time': 1721069680.474, 'user-id': '1002', 'source': 'HAI Interface', 'destination-index': '3', 'study-stage': '3', 'decision-state': '1', 'vitals-state': 0, 'airspace-state': 0, 'data': {'page': 'map', 'action': 'selected helipad', 'value': '21'}}
INFO:root:1721069680.502058,ID:1002,STAGE:3,SEQUENCE:1324,DATA:{'time': 1721069680.499, 'user-id': '1002', 'source': 'HAI Interface', 'destination-index': '3', 'study-stage': '3', 'decision-state': '1', 'vitals-state': 0, 'airspace-state': 0, 'data': {'page': 'landing-countdown', 'action': 'countdown changed', 'value': 5}}
INFO:root:1721069681.508181,ID:1002,STAGE:3,SEQUENCE:1324,DATA:{'time': 1721069681.505, 'user-id': '1002', 'source': 'HAI Interface', 'destination-index': '3', 'study-stage': '3', 'decision-state': '1', 'vitals-state': 0, 'airspace-state': 0, 'data': {'page': 'landing-countdown', 'action': 'countdown changed', 'value': 4}}
INFO:root:1721069682.50618,ID:1002,STAGE:3,SEQUENCE:1324,DATA:{'time': 1721069682.499, 'user-id': '1002', 'source': 'HAI Interface', 'destination-index': '3', 'study-stage': '3', 'decision-state': '1', 'vitals-state': 0, 'airspace-state': 0, 'data': {'page': 'landing-countdown', 'action': 'countdown changed', 'value': 3}}
INFO:root:1721069683.510751,ID:1002,STAGE:3,SEQUENCE:1324,DATA:{'time': 1721069683.507, 'user-id': '1002', 'source': 'HAI Interface', 'destination-index': '3', 'study-stage': '3', 'decision-state': '1', 'vitals-state': 0, 'airspace-state': 0, 'data': {'page': 'landing-countdown', 'action': 'countdown changed', 'value': 2}}
INFO:root:1721069684.509503,ID:1002,STAGE:3,SEQUENCE:1324,DATA:{'time': 1721069684.504, 'user-id': '1002', 'source': 'HAI Interface', 'destination-index': '3', 'study-stage': '3', 'decision-state': '1', 'vitals-state': 0, 'airspace-state': 0, 'data': {'page': 'landing-countdown', 'action': 'countdown changed', 'value': 1}}
INFO:root:1721069685.502351,ID:1002,STAGE:3,SEQUENCE:1324,DATA:{'time': 1721069685.499, 'user-id': '1002', 'source': 'HAI Interface', 'destination-index': '3', 'study-stage': '3', 'decision-state': '1', 'vitals-state': 0, 'airspace-state': 0, 'data': {'page': 'landing-countdown', 'action': 'countdown changed', 'value': 0}}
INFO:root:1721069686.514523,ID:1002,STAGE:3,SEQUENCE:1324,DATA:{'time': 1721069686.511, 'user-id': '1002', 'source': 'HAI Interface', 'destination-index': '3', 'study-stage': '3', 'decision-state': '1', 'vitals-state': 0, 'airspace-state': 0, 'data': {'page': 'landing-countdown', 'action': 'countdown complete'}}
INFO:root:1721069686.622755,ID:1002,STAGE:3,SEQUENCE:1324,DATA:{'time': 1721069686.614, 'user-id': 'none', 'source': 'HAI Interface', 'destination-index': 3, 'study-stage': -1, 'decision-state': 0, 'vitals-state': 0, 'airspace-state': 0, 'data': {'page': 'landed', 'action': 'opened page'}}
INFO:root:1721069687.593485,ID:1002,STAGE:3,SEQUENCE:1324,DATA:{'time': 1721069687.589, 'user-id': '1002', 'source': 'HAI Interface', 'destination-index': '3', 'study-stage': '3', 'decision-state': '1', 'vitals-state': 0, 'airspace-state': 0, 'data': {'page': 'map', 'action': 'selected helipad', 'value': '21'}}
INFO:SimConnect.SimConnect:SIM Paused
INFO:SimConnect.SimConnect:SIM Stop
INFO:SimConnect.SimConnect:SIM Paused
INFO:SimConnect.SimConnect:SIM START
INFO:SimConnect.SimConnect:SIM Unpaused
INFO:root:1721069978.819285,ID:0,STAGE:1,SEQUENCE:0,DATA:{'time': 1721069978.807, 'user-id': 'none', 'source': 'HAI Interface', 'destination-index': 3, 'study-stage': -1, 'decision-state': 0, 'vitals-state': 0, 'airspace-state': 0, 'data': {'page': 'index', 'action': 'opened page'}}
INFO:root:1721069979.778476,ID:0,STAGE:1,SEQUENCE:0,DATA:{'time': 1721069979.775, 'user-id': '0', 'source': 'HAI Interface', 'destination-index': 'None', 'study-stage': 1, 'decision-state': 0, 'vitals-state': 0, 'airspace-state': 0, 'data': {'page': 'map', 'action': 'selected helipad', 'value': '21'}}
INFO:root:1721069980.095085,ID:0,STAGE:1,SEQUENCE:0,DATA:{'time': 1721069980.091, 'source': 'VitalsTask', 'timer': 0.001, 'data': {'sensor': 'Heart Rate', 'action': 'opened sensor tab'}}
INFO:root:1721069980.097079,ID:0,STAGE:1,SEQUENCE:0,DATA:{'time': 1721069980.092, 'source': 'VitalsTask', 'timer': 0.002, 'data': {'sensor': 'Heart Rate', 'action': 'keypad open'}}
INFO:root:1721069980.099074,ID:0,STAGE:1,SEQUENCE:0,DATA:{'time': 1721069980.092, 'source': 'VitalsTask', 'timer': 0.002, 'data': {'sensor': 'Heart Rate', 'action': 'show action buttons'}}
