INFO:root:1721765885.580359,ID:1007,STAGE:1,SEQUENCE:1432,DATA:{'time': 1721765885.575, 'user-id': '1007', 'source': 'HAI Interface', 'destination-index': 'None', 'study-stage': '1', 'decision-state': 0, 'vitals-state': 0, 'airspace-state': 0, 'data': {'page': 'index', 'action': 'confirm button pressed'}}
INFO:root:1721765885.724695,ID:1007,STAGE:1,SEQUENCE:1432,DATA:{'time': 1721765885.694, 'user-id': 'none', 'source': 'HAI Interface', 'destination-index': 3, 'study-stage': -1, 'decision-state': 0, 'vitals-state': 0, 'airspace-state': 0, 'data': {'page': 'location', 'action': 'opened page'}}
INFO:root:Takeoff radiocomms initiated
INFO:comtypes.client._code_cache:Imported existing <module 'comtypes.gen' from 'C:\\Users\\ae-dagbeyibor3\\AppData\\Local\\Programs\\Python\\Python312\\Lib\\site-packages\\comtypes\\gen\\__init__.py'>
INFO:comtypes.client._code_cache:Using writeable comtypes cache directory: 'C:\Users\ae-dagbeyibor3\AppData\Local\Programs\Python\Python312\Lib\site-packages\comtypes\gen'
INFO:root:1721765886.665779,ID:1007,STAGE:1,SEQUENCE:1432,DATA:{'time': 1721765886.662, 'user-id': '1007', 'source': 'HAI Interface', 'destination-index': 'None', 'study-stage': '1', 'decision-state': 0, 'vitals-state': 0, 'airspace-state': 0, 'data': {'page': 'map', 'action': 'selected helipad', 'value': '21'}}
INFO:root:1721765889.679996,ID:1007,STAGE:1,SEQUENCE:1432,DATA:{'time': 1721765889.675, 'user-id': '1007', 'source': 'HAI Interface', 'destination-index': 'None', 'study-stage': '1', 'decision-state': 0, 'vitals-state': 0, 'airspace-state': 0, 'data': {'page': 'location', 'action': 'confirm button pressed'}}
INFO:root:1721765889.939143,ID:1007,STAGE:1,SEQUENCE:1432,DATA:{'time': 1721765889.912, 'user-id': 'none', 'source': 'HAI Interface', 'destination-index': 3, 'study-stage': -1, 'decision-state': 0, 'vitals-state': 0, 'airspace-state': 0, 'data': {'page': 'checklist', 'action': 'opened page', 'inflight': False}}
INFO:root:1721765890.890751,ID:1007,STAGE:1,SEQUENCE:1432,DATA:{'time': 1721765890.886, 'user-id': '1007', 'source': 'HAI Interface', 'destination-index': '3', 'study-stage': '1', 'decision-state': 0, 'vitals-state': 0, 'airspace-state': 0, 'data': {'page': 'map', 'action': 'selected helipad', 'value': '21'}}
INFO:root:1721765897.997829,ID:1007,STAGE:1,SEQUENCE:1432,DATA:{'time': 1721765897.994, 'user-id': '1007', 'source': 'HAI Interface', 'destination-index': '3', 'study-stage': '1', 'decision-state': 0, 'vitals-state': 0, 'airspace-state': 0, 'data': {'page': 'checklist', 'action': 'toggled checkbox', 'inflight': False, 'item': 0, 'value': 'OFF'}}
INFO:root:1721765899.303782,ID:1007,STAGE:1,SEQUENCE:1432,DATA:{'time': 1721765899.299, 'user-id': '1007', 'source': 'HAI Interface', 'destination-index': '3', 'study-stage': '1', 'decision-state': 0, 'vitals-state': 0, 'airspace-state': 0, 'data': {'page': 'checklist', 'action': 'toggled checkbox', 'inflight': False, 'item': 1, 'value': 'OFF'}}
INFO:root:1721765900.00585,ID:1007,STAGE:1,SEQUENCE:1432,DATA:{'time': 1721765900.002, 'user-id': '1007', 'source': 'HAI Interface', 'destination-index': '3', 'study-stage': '1', 'decision-state': 0, 'vitals-state': 0, 'airspace-state': 0, 'data': {'page': 'checklist', 'action': 'toggled checkbox', 'inflight': False, 'item': 2, 'value': 'OFF'}}
INFO:root:1721765900.007843,ID:1007,STAGE:1,SEQUENCE:1432,DATA:{'time': 1721765900.003, 'user-id': '1007', 'source': 'HAI Interface', 'destination-index': '3', 'study-stage': '1', 'decision-state': 0, 'vitals-state': 0, 'airspace-state': 0, 'data': {'page': 'checklist', 'action': 'showing confirm button', 'inflight': False}}
INFO:root:1721765900.903214,ID:1007,STAGE:1,SEQUENCE:1432,DATA:{'time': 1721765900.899, 'user-id': '1007', 'source': 'HAI Interface', 'destination-index': '3', 'study-stage': '1', 'decision-state': 0, 'vitals-state': 0, 'airspace-state': 0, 'data': {'page': 'checklist', 'action': 'confirm button clicked', 'inflight': False}}
INFO:root:1721765901.047666,ID:1007,STAGE:1,SEQUENCE:1432,DATA:{'time': 1721765901.012, 'user-id': 'none', 'source': 'HAI Interface', 'destination-index': 3, 'study-stage': -1, 'decision-state': 0, 'vitals-state': 0, 'airspace-state': 0, 'data': {'page': 'countdown', 'action': 'opened page'}}
INFO:root:1721765901.982768,ID:1007,STAGE:1,SEQUENCE:1432,DATA:{'time': 1721765901.979, 'user-id': '1007', 'source': 'HAI Interface', 'destination-index': '3', 'study-stage': '1', 'decision-state': 0, 'vitals-state': 0, 'airspace-state': 0, 'data': {'page': 'map', 'action': 'selected helipad', 'value': '21'}}
INFO:root:1721765902.019792,ID:1007,STAGE:1,SEQUENCE:1432,DATA:{'time': 1721765902.016, 'user-id': '1007', 'source': 'HAI Interface', 'destination-index': '3', 'study-stage': '1', 'decision-state': 0, 'vitals-state': 0, 'airspace-state': 0, 'data': {'page': 'countdown', 'action': 'countdown now 4'}}
INFO:root:1721765903.020241,ID:1007,STAGE:1,SEQUENCE:1432,DATA:{'time': 1721765903.017, 'user-id': '1007', 'source': 'HAI Interface', 'destination-index': '3', 'study-stage': '1', 'decision-state': 0, 'vitals-state': 0, 'airspace-state': 0, 'data': {'page': 'countdown', 'action': 'countdown now 3'}}
INFO:root:Takeoff radiocomms clear request sent
INFO:root:1721765904.026063,ID:1007,STAGE:1,SEQUENCE:1432,DATA:{'time': 1721765904.021, 'user-id': '1007', 'source': 'HAI Interface', 'destination-index': '3', 'study-stage': '1', 'decision-state': 0, 'vitals-state': 0, 'airspace-state': 0, 'data': {'page': 'countdown', 'action': 'countdown now 2'}}
INFO:root:1721765905.029224,ID:1007,STAGE:1,SEQUENCE:1432,DATA:{'time': 1721765905.026, 'user-id': '1007', 'source': 'HAI Interface', 'destination-index': '3', 'study-stage': '1', 'decision-state': 0, 'vitals-state': 0, 'airspace-state': 0, 'data': {'page': 'countdown', 'action': 'countdown now 1'}}
INFO:root:1721765906.034207,ID:1007,STAGE:1,SEQUENCE:1432,DATA:{'time': 1721765906.028, 'user-id': '1007', 'source': 'HAI Interface', 'destination-index': '3', 'study-stage': '1', 'decision-state': 0, 'vitals-state': 0, 'airspace-state': 0, 'data': {'page': 'countdown', 'action': 'countdown now 0'}}
INFO:root:1721765907.034216,ID:1007,STAGE:1,SEQUENCE:1432,DATA:{'time': 1721765907.027, 'user-id': '1007', 'source': 'HAI Interface', 'destination-index': '3', 'study-stage': '1', 'decision-state': 0, 'vitals-state': 0, 'airspace-state': 0, 'data': {'page': 'countdown', 'action': 'countdown complete'}}
INFO:root:1721765908.921309,ID:1007,STAGE:1,SEQUENCE:1432,DATA:{'time': 1721765908.913, 'user-id': '1007', 'source': 'HAI Interface', 'destination-index': '3', 'study-stage': '1', 'decision-state': 0, 'vitals-state': 0, 'airspace-state': 0, 'data': {'page': 'map', 'action': 'selected helipad', 'value': '21'}}
INFO:root:1721765912.682044,ID:1007,STAGE:1,SEQUENCE:1432,DATA:{'time': 1721765912.675, 'user-id': '1007', 'source': 'HAI Interface', 'destination-index': '3', 'study-stage': '1', 'decision-state': 0, 'vitals-state': 0, 'airspace-state': 0, 'data': {'page': 'emergency', 'action': 'trying to change destination to100'}}
INFO:root:Inflight Radio Update asked
INFO:root:sent request to set radio update complete
INFO:root:1721765917.635648,ID:1007,STAGE:1,SEQUENCE:1432,DATA:{'time': 1721765917.629, 'user-id': '1007', 'source': 'HAI Interface', 'destination-index': '3', 'study-stage': '1', 'decision-state': 0, 'vitals-state': 0, 'airspace-state': 0, 'data': {'page': 'emergency', 'action': 'trying to change destination to19'}}
INFO:root:1721765922.688689,ID:1007,STAGE:1,SEQUENCE:1432,DATA:{'time': 1721765922.681, 'user-id': '1007', 'source': 'HAI Interface', 'destination-index': '3', 'study-stage': '1', 'decision-state': 0, 'vitals-state': 0, 'airspace-state': 0, 'data': {'page': 'emergency', 'action': 'trying to change destination to19'}}
INFO:root:1721765927.613058,ID:1007,STAGE:1,SEQUENCE:1432,DATA:{'time': 1721765927.605, 'user-id': '1007', 'source': 'HAI Interface', 'destination-index': '3', 'study-stage': '1', 'decision-state': 0, 'vitals-state': 0, 'airspace-state': 0, 'data': {'page': 'emergency', 'action': 'trying to change destination to19'}}
INFO:root:1721765932.667963,ID:1007,STAGE:1,SEQUENCE:1432,DATA:{'time': 1721765932.658, 'user-id': '1007', 'source': 'HAI Interface', 'destination-index': '3', 'study-stage': '1', 'decision-state': 0, 'vitals-state': 0, 'airspace-state': 0, 'data': {'page': 'emergency', 'action': 'trying to change destination to19'}}
INFO:root:1721765937.666509,ID:1007,STAGE:1,SEQUENCE:1432,DATA:{'time': 1721765937.652, 'user-id': '1007', 'source': 'HAI Interface', 'destination-index': '3', 'study-stage': '1', 'decision-state': 0, 'vitals-state': 0, 'airspace-state': 0, 'data': {'page': 'emergency', 'action': 'trying to change destination to19'}}
INFO:root:1721765942.619583,ID:1007,STAGE:1,SEQUENCE:1432,DATA:{'time': 1721765942.608, 'user-id': '1007', 'source': 'HAI Interface', 'destination-index': '3', 'study-stage': '1', 'decision-state': 0, 'vitals-state': 0, 'airspace-state': 0, 'data': {'page': 'emergency', 'action': 'trying to change destination to19'}}
INFO:root:1721765947.652941,ID:1007,STAGE:1,SEQUENCE:1432,DATA:{'time': 1721765947.64, 'user-id': '1007', 'source': 'HAI Interface', 'destination-index': '3', 'study-stage': '1', 'decision-state': 0, 'vitals-state': 0, 'airspace-state': 0, 'data': {'page': 'emergency', 'action': 'trying to change destination to19'}}
INFO:root:1721765952.631668,ID:1007,STAGE:1,SEQUENCE:1432,DATA:{'time': 1721765952.625, 'user-id': '1007', 'source': 'HAI Interface', 'destination-index': '3', 'study-stage': '1', 'decision-state': 0, 'vitals-state': 0, 'airspace-state': 0, 'data': {'page': 'emergency', 'action': 'trying to change destination to19'}}
INFO:root:1721765955.908967,ID:1007,STAGE:1,SEQUENCE:1432,DATA:{'time': 1721765955.902, 'user-id': '1007', 'source': 'HAI Interface', 'destination-index': '3', 'study-stage': '1', 'decision-state': 0, 'vitals-state': 0, 'airspace-state': 0, 'data': {'action': 'radio panel opened'}}
INFO:root:1721765957.620381,ID:1007,STAGE:1,SEQUENCE:1432,DATA:{'time': 1721765957.613, 'user-id': '1007', 'source': 'HAI Interface', 'destination-index': '3', 'study-stage': '1', 'decision-state': 0, 'vitals-state': 0, 'airspace-state': 0, 'data': {'page': 'emergency', 'action': 'trying to change destination to19'}}
INFO:root:1721765961.233051,ID:1007,STAGE:1,SEQUENCE:1432,DATA:{'time': 1721765961.229, 'user-id': '1007', 'source': 'HAI Interface', 'destination-index': '3', 'study-stage': '1', 'decision-state': 0, 'vitals-state': 0, 'airspace-state': 0, 'data': {'page': 'inflight', 'action': 'displaying vitals prompt'}}
INFO:root:1721765962.609304,ID:1007,STAGE:1,SEQUENCE:1432,DATA:{'time': 1721765962.598, 'user-id': '1007', 'source': 'HAI Interface', 'destination-index': '3', 'study-stage': '1', 'decision-state': 0, 'vitals-state': 0, 'airspace-state': 0, 'data': {'page': 'emergency', 'action': 'trying to change destination to19'}}
INFO:root:1721765964.67122,ID:1007,STAGE:1,SEQUENCE:1432,DATA:{'time': 1721765964.666, 'user-id': '1007', 'source': 'HAI Interface', 'destination-index': '3', 'study-stage': '1', 'decision-state': 0, 'vitals-state': 0, 'airspace-state': 0, 'data': {'action': 'transmit button pressed'}}
INFO:root:1721765964.675214,ID:1007,STAGE:1,SEQUENCE:1432,DATA:{'time': 1721765964.667, 'user-id': '1007', 'source': 'HAI Interface', 'destination-index': '3', 'study-stage': '1', 'decision-state': 0, 'vitals-state': 0, 'airspace-state': 0, 'data': {'action': 'callsign set to: + NASXGS'}}
INFO:root:1721765964.678205,ID:1007,STAGE:1,SEQUENCE:1432,DATA:{'time': 1721765964.667, 'user-id': '1007', 'source': 'HAI Interface', 'destination-index': '3', 'study-stage': '1', 'decision-state': 0, 'vitals-state': 0, 'airspace-state': 0, 'data': {'action': 'radio set to:Comm1'}}
INFO:root:1721765964.682196,ID:1007,STAGE:1,SEQUENCE:1432,DATA:{'time': 1721765964.667, 'user-id': '1007', 'source': 'HAI Interface', 'destination-index': '3', 'study-stage': '1', 'decision-state': 0, 'vitals-state': 0, 'airspace-state': 0, 'data': {'page': 'map', 'action': 'show map'}}
INFO:root:1721765964.691245,ID:1007,STAGE:1,SEQUENCE:1432,DATA:{'time': 1721765964.668, 'user-id': '1007', 'source': 'HAI Interface', 'destination-index': '3', 'study-stage': '1', 'decision-state': 0, 'vitals-state': 0, 'airspace-state': 0, 'data': {'page': 'map', 'action': 'selected helipad', 'value': '21'}}
INFO:root:1721765964.694745,ID:1007,STAGE:1,SEQUENCE:1432,DATA:{'time': 1721765964.681, 'user-id': '1007', 'source': 'HAI Interface', 'destination-index': '3', 'study-stage': '1', 'decision-state': 0, 'vitals-state': 0, 'airspace-state': 0, 'data': {'action': 'NASXGStransmitting updates onComm1123.45 MHz'}}
INFO:root:1721765967.709166,ID:1007,STAGE:1,SEQUENCE:1432,DATA:{'time': 1721765967.7, 'user-id': '1007', 'source': 'HAI Interface', 'destination-index': '3', 'study-stage': '1', 'decision-state': 0, 'vitals-state': 0, 'airspace-state': 0, 'data': {'page': 'emergency', 'action': 'trying to change destination to19'}}
INFO:root:1721765972.626772,ID:1007,STAGE:1,SEQUENCE:1432,DATA:{'time': 1721765972.619, 'user-id': '1007', 'source': 'HAI Interface', 'destination-index': '3', 'study-stage': '1', 'decision-state': 0, 'vitals-state': 0, 'airspace-state': 0, 'data': {'page': 'emergency', 'action': 'trying to change destination to19'}}
INFO:root:1721765977.636361,ID:1007,STAGE:1,SEQUENCE:1432,DATA:{'time': 1721765977.622, 'user-id': '1007', 'source': 'HAI Interface', 'destination-index': '3', 'study-stage': '1', 'decision-state': 0, 'vitals-state': 0, 'airspace-state': 0, 'data': {'page': 'emergency', 'action': 'trying to change destination to19'}}
INFO:root:1721765982.644732,ID:1007,STAGE:1,SEQUENCE:1432,DATA:{'time': 1721765982.632, 'user-id': '1007', 'source': 'HAI Interface', 'destination-index': '3', 'study-stage': '1', 'decision-state': 0, 'vitals-state': 0, 'airspace-state': 0, 'data': {'page': 'emergency', 'action': 'trying to change destination to19'}}
INFO:root:1721765987.680814,ID:1007,STAGE:1,SEQUENCE:1432,DATA:{'time': 1721765987.673, 'user-id': '1007', 'source': 'HAI Interface', 'destination-index': '3', 'study-stage': '1', 'decision-state': 0, 'vitals-state': 0, 'airspace-state': 0, 'data': {'page': 'emergency', 'action': 'trying to change destination to19'}}
INFO:root:1721765992.648337,ID:1007,STAGE:1,SEQUENCE:1432,DATA:{'time': 1721765992.639, 'user-id': '1007', 'source': 'HAI Interface', 'destination-index': '3', 'study-stage': '1', 'decision-state': 0, 'vitals-state': 0, 'airspace-state': 0, 'data': {'page': 'emergency', 'action': 'trying to change destination to19'}}
INFO:root:1721765997.587538,ID:1007,STAGE:1,SEQUENCE:1432,DATA:{'time': 1721765997.582, 'user-id': '1007', 'source': 'HAI Interface', 'destination-index': '3', 'study-stage': '1', 'decision-state': 0, 'vitals-state': 0, 'airspace-state': 0, 'data': {'page': 'emergency', 'action': 'trying to change destination to19'}}
INFO:root:1721765997.840518,ID:1007,STAGE:1,SEQUENCE:1432,DATA:{'time': 1721765997.837, 'user-id': '1007', 'source': 'HAI Interface', 'destination-index': '3', 'study-stage': '1', 'decision-state': 0, 'vitals-state': 0, 'airspace-state': 0, 'data': {'page': 'map', 'action': 'hide map'}}
INFO:root:1721766002.591371,ID:1007,STAGE:1,SEQUENCE:1432,DATA:{'time': 1721766002.585, 'user-id': '1007', 'source': 'HAI Interface', 'destination-index': '3', 'study-stage': '1', 'decision-state': 0, 'vitals-state': 0, 'airspace-state': 0, 'data': {'page': 'emergency', 'action': 'trying to change destination to19'}}
INFO:root:1721766007.404581,ID:1007,STAGE:1,SEQUENCE:1432,DATA:{'time': 1721766007.398, 'user-id': '1007', 'source': 'HAI Interface', 'destination-index': '3', 'study-stage': '1', 'decision-state': 0, 'vitals-state': 0, 'airspace-state': 0, 'data': {'page': 'inflight', 'action': 'user acknowledged vitals prompt'}}
INFO:root:1721766007.59879,ID:1007,STAGE:1,SEQUENCE:1432,DATA:{'time': 1721766007.589, 'user-id': '1007', 'source': 'HAI Interface', 'destination-index': '3', 'study-stage': '1', 'decision-state': 0, 'vitals-state': 0, 'airspace-state': 0, 'data': {'page': 'emergency', 'action': 'trying to change destination to19'}}
INFO:root:1721766012.661019,ID:1007,STAGE:1,SEQUENCE:1432,DATA:{'time': 1721766012.656, 'user-id': '1007', 'source': 'HAI Interface', 'destination-index': '3', 'study-stage': '1', 'decision-state': 0, 'vitals-state': 0, 'airspace-state': 0, 'data': {'page': 'emergency', 'action': 'trying to change destination to19'}}
INFO:root:Inflight Radio Update asked
INFO:root:sent request to set radio update complete
INFO:root:1721766016.612734,ID:1007,STAGE:1,SEQUENCE:1432,DATA:{'time': 1721766016.608, 'source': 'VitalsTask', 'timer': 1598.518, 'data': {'sensor': 'Heart Rate', 'action': 'opened sensor tab'}}
INFO:root:1721766017.583738,ID:1007,STAGE:1,SEQUENCE:1432,DATA:{'time': 1721766017.578, 'user-id': '1007', 'source': 'HAI Interface', 'destination-index': '3', 'study-stage': '1', 'decision-state': 0, 'vitals-state': 0, 'airspace-state': 0, 'data': {'page': 'emergency', 'action': 'trying to change destination to19'}}
INFO:root:1721766019.978501,ID:1007,STAGE:1,SEQUENCE:1432,DATA:{'time': 1721766019.972, 'source': 'VitalsTask', 'timer': 1601.882, 'data': {'sensor': 'Heart Rate', 'action': 'capture', 'data': 'action button pressed'}}
INFO:root:1721766019.980004,ID:1007,STAGE:1,SEQUENCE:1432,DATA:{'time': 1721766019.973, 'source': 'VitalsTask', 'timer': 1601.883, 'data': {'sensor': 'Heart Rate', 'action': 'capture', 'data': 'starting sensor action'}}
INFO:root:1721766020.992551,ID:1007,STAGE:1,SEQUENCE:1432,DATA:{'time': 1721766020.987, 'source': 'VitalsTask', 'timer': 1602.897, 'data': {'sensor': 'Heart Rate', 'action': 'capture', 'data': 'sensor action complete'}}
INFO:root:1721766020.994053,ID:1007,STAGE:1,SEQUENCE:1432,DATA:{'time': 1721766020.988, 'source': 'VitalsTask', 'timer': 1602.898, 'data': {'sensor': 'Heart Rate', 'action': 'keypad open'}}
INFO:root:1721766022.637093,ID:1007,STAGE:1,SEQUENCE:1432,DATA:{'time': 1721766022.625, 'user-id': '1007', 'source': 'HAI Interface', 'destination-index': '3', 'study-stage': '1', 'decision-state': 0, 'vitals-state': 0, 'airspace-state': 0, 'data': {'page': 'emergency', 'action': 'trying to change destination to19'}}
INFO:root:1721766023.827383,ID:1007,STAGE:1,SEQUENCE:1432,DATA:{'time': 1721766023.822, 'source': 'VitalsTask', 'timer': 1605.732, 'data': {'sensor': 'Heart Rate', 'action': 'keypad press', 'key': 5, 'value': 5}}
INFO:root:1721766024.596731,ID:1007,STAGE:1,SEQUENCE:1432,DATA:{'time': 1721766024.592, 'source': 'VitalsTask', 'timer': 1606.502, 'data': {'sensor': 'Heart Rate', 'action': 'keypad press', 'key': 5, 'value': 55}}
INFO:root:1721766027.348664,ID:1007,STAGE:1,SEQUENCE:1432,DATA:{'time': 1721766027.341, 'source': 'VitalsTask', 'timer': 1609.251, 'data': {'sensor': 'Heart Rate', 'action': 'show action buttons'}}
INFO:root:1721766027.350659,ID:1007,STAGE:1,SEQUENCE:1432,DATA:{'time': 1721766027.341, 'source': 'VitalsTask', 'timer': 1609.251, 'data': {'sensor': 'Heart Rate', 'action': 'keypad press', 'key': 10, 'value': 55}}
INFO:root:1721766027.647038,ID:1007,STAGE:1,SEQUENCE:1432,DATA:{'time': 1721766027.64, 'user-id': '1007', 'source': 'HAI Interface', 'destination-index': '3', 'study-stage': '1', 'decision-state': 0, 'vitals-state': 0, 'airspace-state': 0, 'data': {'page': 'emergency', 'action': 'trying to change destination to19'}}
INFO:root:1721766030.242894,ID:1007,STAGE:1,SEQUENCE:1432,DATA:{'time': 1721766030.237, 'source': 'VitalsTask', 'timer': 1612.147, 'data': {'sensor': 'Heart Rate', 'action': 'log', 'data': 'action button pressed'}}
INFO:root:1721766030.243891,ID:1007,STAGE:1,SEQUENCE:1432,DATA:{'time': 1721766030.237, 'source': 'VitalsTask', 'timer': 1612.147, 'data': {'sensor': 'Heart Rate', 'action': 'log', 'data': 'starting sensor action'}}
INFO:root:1721766031.254802,ID:1007,STAGE:1,SEQUENCE:1432,DATA:{'time': 1721766031.249, 'source': 'VitalsTask', 'timer': 1613.159, 'data': {'sensor': 'Heart Rate', 'action': 'log', 'data': 'sensor action complete'}}
INFO:root:1721766032.692117,ID:1007,STAGE:1,SEQUENCE:1432,DATA:{'time': 1721766032.683, 'user-id': '1007', 'source': 'HAI Interface', 'destination-index': '3', 'study-stage': '1', 'decision-state': 0, 'vitals-state': 0, 'airspace-state': 0, 'data': {'page': 'emergency', 'action': 'trying to change destination to19'}}
INFO:root:1721766033.527568,ID:1007,STAGE:1,SEQUENCE:1432,DATA:{'time': 1721766033.522, 'source': 'VitalsTask', 'timer': 1615.432, 'data': {'sensor': 'Heart Rate', 'action': 'save', 'data': 'action button pressed'}}
INFO:root:1721766033.533204,ID:1007,STAGE:1,SEQUENCE:1432,DATA:{'time': 1721766033.522, 'source': 'VitalsTask', 'timer': 1615.432, 'data': {'sensor': 'Heart Rate', 'action': 'save', 'data': 'starting sensor action'}}
INFO:root:1721766034.543128,ID:1007,STAGE:1,SEQUENCE:1432,DATA:{'time': 1721766034.539, 'source': 'VitalsTask', 'timer': 1616.449, 'data': {'sensor': 'Heart Rate', 'action': 'save', 'data': 'sensor action complete'}}
INFO:root:1721766037.594078,ID:1007,STAGE:1,SEQUENCE:1432,DATA:{'time': 1721766037.588, 'user-id': '1007', 'source': 'HAI Interface', 'destination-index': '3', 'study-stage': '1', 'decision-state': 0, 'vitals-state': 0, 'airspace-state': 0, 'data': {'page': 'emergency', 'action': 'trying to change destination to19'}}
INFO:root:1721766038.618241,ID:1007,STAGE:1,SEQUENCE:1432,DATA:{'time': 1721766038.614, 'source': 'VitalsTask', 'timer': 1620.524, 'data': {'sensor': 'O\u2082 Saturation', 'action': 'opened sensor tab'}}
INFO:root:1721766041.382436,ID:1007,STAGE:1,SEQUENCE:1432,DATA:{'time': 1721766041.376, 'source': 'VitalsTask', 'timer': 1623.286, 'data': {'sensor': 'O\u2082 Saturation', 'action': 'capture', 'data': 'action button pressed'}}
INFO:root:1721766041.385428,ID:1007,STAGE:1,SEQUENCE:1432,DATA:{'time': 1721766041.377, 'source': 'VitalsTask', 'timer': 1623.287, 'data': {'sensor': 'O\u2082 Saturation', 'action': 'capture', 'data': 'starting sensor action'}}
INFO:root:1721766042.392848,ID:1007,STAGE:1,SEQUENCE:1432,DATA:{'time': 1721766042.389, 'source': 'VitalsTask', 'timer': 1624.299, 'data': {'sensor': 'O\u2082 Saturation', 'action': 'capture', 'data': 'sensor action complete'}}
INFO:root:1721766042.393845,ID:1007,STAGE:1,SEQUENCE:1432,DATA:{'time': 1721766042.389, 'source': 'VitalsTask', 'timer': 1624.299, 'data': {'sensor': 'O\u2082 Saturation', 'action': 'keypad open'}}
INFO:root:1721766042.654352,ID:1007,STAGE:1,SEQUENCE:1432,DATA:{'time': 1721766042.649, 'user-id': '1007', 'source': 'HAI Interface', 'destination-index': '3', 'study-stage': '1', 'decision-state': 0, 'vitals-state': 0, 'airspace-state': 0, 'data': {'page': 'emergency', 'action': 'trying to change destination to19'}}
INFO:root:1721766044.471771,ID:1007,STAGE:1,SEQUENCE:1432,DATA:{'time': 1721766044.466, 'source': 'VitalsTask', 'timer': 1626.376, 'data': {'sensor': 'O\u2082 Saturation', 'action': 'keypad press', 'key': 1, 'value': 1}}
INFO:root:1721766046.9801,ID:1007,STAGE:1,SEQUENCE:1432,DATA:{'time': 1721766046.976, 'source': 'VitalsTask', 'timer': 1628.886, 'data': {'sensor': 'O\u2082 Saturation', 'action': 'keypad press', 'key': 11, 'value': 10}}
INFO:root:1721766047.61401,ID:1007,STAGE:1,SEQUENCE:1432,DATA:{'time': 1721766047.609, 'source': 'VitalsTask', 'timer': 1629.519, 'data': {'sensor': 'O\u2082 Saturation', 'action': 'keypad press', 'key': 11, 'value': 100}}
INFO:root:1721766047.744947,ID:1007,STAGE:1,SEQUENCE:1432,DATA:{'time': 1721766047.739, 'user-id': '1007', 'source': 'HAI Interface', 'destination-index': '3', 'study-stage': '1', 'decision-state': 0, 'vitals-state': 0, 'airspace-state': 0, 'data': {'page': 'emergency', 'action': 'trying to change destination to19'}}
INFO:root:1721766049.390937,ID:1007,STAGE:1,SEQUENCE:1432,DATA:{'time': 1721766049.386, 'source': 'VitalsTask', 'timer': 1631.296, 'data': {'sensor': 'O\u2082 Saturation', 'action': 'show action buttons'}}
INFO:root:1721766049.395205,ID:1007,STAGE:1,SEQUENCE:1432,DATA:{'time': 1721766049.389, 'source': 'VitalsTask', 'timer': 1631.299, 'data': {'sensor': 'O\u2082 Saturation', 'action': 'keypad press', 'key': 10, 'value': 100}}
INFO:root:1721766052.11198,ID:1007,STAGE:1,SEQUENCE:1432,DATA:{'time': 1721766052.107, 'source': 'VitalsTask', 'timer': 1634.017, 'data': {'sensor': 'O\u2082 Saturation', 'action': 'log', 'data': 'action button pressed'}}
INFO:root:1721766052.113975,ID:1007,STAGE:1,SEQUENCE:1432,DATA:{'time': 1721766052.107, 'source': 'VitalsTask', 'timer': 1634.017, 'data': {'sensor': 'O\u2082 Saturation', 'action': 'log', 'data': 'starting sensor action'}}
INFO:root:1721766052.638279,ID:1007,STAGE:1,SEQUENCE:1432,DATA:{'time': 1721766052.631, 'user-id': '1007', 'source': 'HAI Interface', 'destination-index': '3', 'study-stage': '1', 'decision-state': 0, 'vitals-state': 0, 'airspace-state': 0, 'data': {'page': 'emergency', 'action': 'trying to change destination to19'}}
INFO:root:1721766053.132109,ID:1007,STAGE:1,SEQUENCE:1432,DATA:{'time': 1721766053.127, 'source': 'VitalsTask', 'timer': 1635.037, 'data': {'sensor': 'O\u2082 Saturation', 'action': 'log', 'data': 'sensor action complete'}}
INFO:root:1721766056.019941,ID:1007,STAGE:1,SEQUENCE:1432,DATA:{'time': 1721766056.006, 'source': 'VitalsTask', 'timer': 1637.916, 'data': {'sensor': 'O\u2082 Saturation', 'action': 'save', 'data': 'action button pressed'}}
INFO:root:1721766056.023442,ID:1007,STAGE:1,SEQUENCE:1432,DATA:{'time': 1721766056.007, 'source': 'VitalsTask', 'timer': 1637.917, 'data': {'sensor': 'O\u2082 Saturation', 'action': 'save', 'data': 'starting sensor action'}}
INFO:root:1721766057.031871,ID:1007,STAGE:1,SEQUENCE:1432,DATA:{'time': 1721766057.028, 'source': 'VitalsTask', 'timer': 1638.938, 'data': {'sensor': 'O\u2082 Saturation', 'action': 'save', 'data': 'sensor action complete'}}
INFO:root:1721766057.612278,ID:1007,STAGE:1,SEQUENCE:1432,DATA:{'time': 1721766057.599, 'user-id': '1007', 'source': 'HAI Interface', 'destination-index': '3', 'study-stage': '1', 'decision-state': 0, 'vitals-state': 0, 'airspace-state': 0, 'data': {'page': 'emergency', 'action': 'trying to change destination to19'}}
INFO:root:1721766059.57772,ID:1007,STAGE:1,SEQUENCE:1432,DATA:{'time': 1721766059.572, 'user-id': '1007', 'source': 'HAI Interface', 'destination-index': '3', 'study-stage': '1', 'decision-state': 0, 'vitals-state': 0, 'airspace-state': 0, 'data': {'page': 'inflight', 'action': 'displaying vitals prompt'}}
INFO:root:1721766059.70417,ID:1007,STAGE:1,SEQUENCE:1432,DATA:{'time': 1721766059.7, 'source': 'VitalsTask', 'timer': 1641.61, 'data': {'sensor': 'Blood Pressure', 'action': 'opened sensor tab'}}
INFO:root:1721766062.612464,ID:1007,STAGE:1,SEQUENCE:1432,DATA:{'time': 1721766062.606, 'user-id': '1007', 'source': 'HAI Interface', 'destination-index': '3', 'study-stage': '1', 'decision-state': 0, 'vitals-state': 0, 'airspace-state': 0, 'data': {'page': 'emergency', 'action': 'trying to change destination to19'}}
INFO:root:1721766065.587389,ID:1007,STAGE:1,SEQUENCE:1432,DATA:{'time': 1721766065.58, 'source': 'VitalsTask', 'timer': 1647.49, 'data': {'sensor': 'Blood Pressure', 'action': 'capture', 'data': 'action button pressed'}}
INFO:root:1721766065.5897,ID:1007,STAGE:1,SEQUENCE:1432,DATA:{'time': 1721766065.58, 'source': 'VitalsTask', 'timer': 1647.49, 'data': {'sensor': 'Blood Pressure', 'action': 'capture', 'data': 'starting sensor action'}}
INFO:root:1721766066.599511,ID:1007,STAGE:1,SEQUENCE:1432,DATA:{'time': 1721766066.594, 'source': 'VitalsTask', 'timer': 1648.504, 'data': {'sensor': 'Blood Pressure', 'action': 'capture', 'data': 'sensor action complete'}}
INFO:root:1721766066.601013,ID:1007,STAGE:1,SEQUENCE:1432,DATA:{'time': 1721766066.595, 'source': 'VitalsTask', 'timer': 1648.505, 'data': {'sensor': 'Blood Pressure', 'action': 'keypad open'}}
INFO:root:1721766067.639305,ID:1007,STAGE:1,SEQUENCE:1432,DATA:{'time': 1721766067.632, 'user-id': '1007', 'source': 'HAI Interface', 'destination-index': '3', 'study-stage': '1', 'decision-state': 0, 'vitals-state': 0, 'airspace-state': 0, 'data': {'page': 'emergency', 'action': 'trying to change destination to19'}}
INFO:root:1721766069.270617,ID:1007,STAGE:1,SEQUENCE:1432,DATA:{'time': 1721766069.266, 'source': 'VitalsTask', 'timer': 1651.176, 'data': {'sensor': 'Blood Pressure', 'action': 'keypad press', 'key': 1, 'value': 1}}
INFO:root:1721766070.284771,ID:1007,STAGE:1,SEQUENCE:1432,DATA:{'time': 1721766070.279, 'source': 'VitalsTask', 'timer': 1652.189, 'data': {'sensor': 'Blood Pressure', 'action': 'keypad press', 'key': 2, 'value': 12}}
INFO:root:1721766072.681973,ID:1007,STAGE:1,SEQUENCE:1432,DATA:{'time': 1721766072.676, 'user-id': '1007', 'source': 'HAI Interface', 'destination-index': '3', 'study-stage': '1', 'decision-state': 0, 'vitals-state': 0, 'airspace-state': 0, 'data': {'page': 'emergency', 'action': 'trying to change destination to19'}}
INFO:root:1721766072.890718,ID:1007,STAGE:1,SEQUENCE:1432,DATA:{'time': 1721766072.886, 'source': 'VitalsTask', 'timer': 1654.796, 'data': {'sensor': 'Blood Pressure', 'action': 'keypad press', 'key': 11, 'value': 120}}
INFO:root:1721766074.708317,ID:1007,STAGE:1,SEQUENCE:1432,DATA:{'time': 1721766074.703, 'source': 'VitalsTask', 'timer': 1656.613, 'data': {'sensor': 'Blood Pressure', 'action': 'keypad press', 'key': 8, 'value': 1208}}
INFO:root:1721766076.047201,ID:1007,STAGE:1,SEQUENCE:1432,DATA:{'time': 1721766076.035, 'source': 'VitalsTask', 'timer': 1657.945, 'data': {'sensor': 'Blood Pressure', 'action': 'keypad press', 'key': 11, 'value': 12080}}
INFO:root:1721766077.128035,ID:1007,STAGE:1,SEQUENCE:1432,DATA:{'time': 1721766077.122, 'source': 'VitalsTask', 'timer': 1659.032, 'data': {'sensor': 'Blood Pressure', 'action': 'show action buttons'}}
INFO:root:1721766077.129389,ID:1007,STAGE:1,SEQUENCE:1432,DATA:{'time': 1721766077.123, 'source': 'VitalsTask', 'timer': 1659.033, 'data': {'sensor': 'Blood Pressure', 'action': 'keypad press', 'key': 10, 'value': 12080}}
INFO:root:1721766077.701744,ID:1007,STAGE:1,SEQUENCE:1432,DATA:{'time': 1721766077.693, 'user-id': '1007', 'source': 'HAI Interface', 'destination-index': '3', 'study-stage': '1', 'decision-state': 0, 'vitals-state': 0, 'airspace-state': 0, 'data': {'page': 'emergency', 'action': 'trying to change destination to19'}}
INFO:root:1721766078.715592,ID:1007,STAGE:1,SEQUENCE:1432,DATA:{'time': 1721766078.711, 'source': 'VitalsTask', 'timer': 1660.621, 'data': {'sensor': 'Blood Pressure', 'action': 'log', 'data': 'action button pressed'}}
INFO:root:1721766078.718264,ID:1007,STAGE:1,SEQUENCE:1432,DATA:{'time': 1721766078.712, 'source': 'VitalsTask', 'timer': 1660.622, 'data': {'sensor': 'Blood Pressure', 'action': 'log', 'data': 'starting sensor action'}}
INFO:root:1721766079.73574,ID:1007,STAGE:1,SEQUENCE:1432,DATA:{'time': 1721766079.73, 'source': 'VitalsTask', 'timer': 1661.64, 'data': {'sensor': 'Blood Pressure', 'action': 'log', 'data': 'sensor action complete'}}
INFO:root:1721766081.217559,ID:1007,STAGE:1,SEQUENCE:1432,DATA:{'time': 1721766081.211, 'source': 'VitalsTask', 'timer': 1663.121, 'data': {'sensor': 'Blood Pressure', 'action': 'save', 'data': 'action button pressed'}}
INFO:root:1721766081.219553,ID:1007,STAGE:1,SEQUENCE:1432,DATA:{'time': 1721766081.212, 'source': 'VitalsTask', 'timer': 1663.122, 'data': {'sensor': 'Blood Pressure', 'action': 'save', 'data': 'starting sensor action'}}
INFO:root:1721766082.232317,ID:1007,STAGE:1,SEQUENCE:1432,DATA:{'time': 1721766082.228, 'source': 'VitalsTask', 'timer': 1664.138, 'data': {'sensor': 'Blood Pressure', 'action': 'save', 'data': 'sensor action complete'}}
INFO:root:1721766083.007043,ID:1007,STAGE:1,SEQUENCE:1432,DATA:{'time': 1721766083.003, 'user-id': '1007', 'source': 'HAI Interface', 'destination-index': '3', 'study-stage': '1', 'decision-state': 0, 'vitals-state': 0, 'airspace-state': 0, 'data': {'page': 'emergency', 'action': 'trying to change destination to19'}}
INFO:root:1721766084.76334,ID:1007,STAGE:1,SEQUENCE:1432,DATA:{'time': 1721766084.76, 'source': 'VitalsTask', 'timer': 1666.67, 'data': {'sensor': 'submit', 'action': 'submit'}}
INFO:root:1721766084.764612,ID:1007,STAGE:1,SEQUENCE:1432,DATA:{'time': 1721766084.76, 'source': 'VitalsTask', 'timer': 1666.67, 'data': {'sensor': 'submit', 'action': 'submit', 'data': 'submit succeeded'}}
INFO:root:1721766087.453275,ID:1007,STAGE:1,SEQUENCE:1432,DATA:{'time': 1721766087.449, 'user-id': '1007', 'source': 'HAI Interface', 'destination-index': '3', 'study-stage': '1', 'decision-state': 0, 'vitals-state': 0, 'airspace-state': 0, 'data': {'page': 'inflight', 'action': 'user acknowledged vitals prompt'}}
INFO:root:1721766087.609949,ID:1007,STAGE:1,SEQUENCE:1432,DATA:{'time': 1721766087.604, 'user-id': '1007', 'source': 'HAI Interface', 'destination-index': '3', 'study-stage': '1', 'decision-state': 0, 'vitals-state': 0, 'airspace-state': 0, 'data': {'page': 'emergency', 'action': 'trying to change destination to19'}}
INFO:root:1721766092.629763,ID:1007,STAGE:1,SEQUENCE:1432,DATA:{'time': 1721766092.622, 'user-id': '1007', 'source': 'HAI Interface', 'destination-index': '3', 'study-stage': '1', 'decision-state': 0, 'vitals-state': 0, 'airspace-state': 0, 'data': {'page': 'emergency', 'action': 'trying to change destination to19'}}
INFO:root:1721766097.617542,ID:1007,STAGE:1,SEQUENCE:1432,DATA:{'time': 1721766097.611, 'user-id': '1007', 'source': 'HAI Interface', 'destination-index': '3', 'study-stage': '1', 'decision-state': 0, 'vitals-state': 0, 'airspace-state': 0, 'data': {'page': 'emergency', 'action': 'trying to change destination to19'}}
INFO:root:1721766102.671841,ID:1007,STAGE:1,SEQUENCE:1432,DATA:{'time': 1721766102.663, 'user-id': '1007', 'source': 'HAI Interface', 'destination-index': '3', 'study-stage': '1', 'decision-state': 0, 'vitals-state': 0, 'airspace-state': 0, 'data': {'page': 'emergency', 'action': 'trying to change destination to19'}}
INFO:root:1721766107.614609,ID:1007,STAGE:1,SEQUENCE:1432,DATA:{'time': 1721766107.604, 'user-id': '1007', 'source': 'HAI Interface', 'destination-index': '3', 'study-stage': '1', 'decision-state': 0, 'vitals-state': 0, 'airspace-state': 0, 'data': {'page': 'emergency', 'action': 'trying to change destination to19'}}
INFO:root:1721766112.641326,ID:1007,STAGE:1,SEQUENCE:1432,DATA:{'time': 1721766112.636, 'user-id': '1007', 'source': 'HAI Interface', 'destination-index': '3', 'study-stage': '1', 'decision-state': 0, 'vitals-state': 0, 'airspace-state': 0, 'data': {'page': 'emergency', 'action': 'trying to change destination to19'}}
INFO:root:Inflight Radio Update asked
INFO:root:sent request to set radio update complete
INFO:root:1721766117.567195,ID:1007,STAGE:1,SEQUENCE:1432,DATA:{'time': 1721766117.555, 'user-id': '1007', 'source': 'HAI Interface', 'destination-index': '3', 'study-stage': '1', 'decision-state': 0, 'vitals-state': 0, 'airspace-state': 0, 'data': {'page': 'emergency', 'action': 'trying to change destination to19'}}
INFO:root:1721766122.63989,ID:1007,STAGE:1,SEQUENCE:1432,DATA:{'time': 1721766122.632, 'user-id': '1007', 'source': 'HAI Interface', 'destination-index': '3', 'study-stage': '1', 'decision-state': 0, 'vitals-state': 0, 'airspace-state': 0, 'data': {'page': 'emergency', 'action': 'trying to change destination to19'}}
INFO:root:1721766127.637998,ID:1007,STAGE:1,SEQUENCE:1432,DATA:{'time': 1721766127.633, 'user-id': '1007', 'source': 'HAI Interface', 'destination-index': '3', 'study-stage': '1', 'decision-state': 0, 'vitals-state': 0, 'airspace-state': 0, 'data': {'page': 'emergency', 'action': 'trying to change destination to19'}}
INFO:root:1721766132.673453,ID:1007,STAGE:1,SEQUENCE:1432,DATA:{'time': 1721766132.662, 'user-id': '1007', 'source': 'HAI Interface', 'destination-index': '3', 'study-stage': '1', 'decision-state': 0, 'vitals-state': 0, 'airspace-state': 0, 'data': {'page': 'emergency', 'action': 'trying to change destination to19'}}
INFO:root:1721766137.611088,ID:1007,STAGE:1,SEQUENCE:1432,DATA:{'time': 1721766137.603, 'user-id': '1007', 'source': 'HAI Interface', 'destination-index': '3', 'study-stage': '1', 'decision-state': 0, 'vitals-state': 0, 'airspace-state': 0, 'data': {'page': 'emergency', 'action': 'trying to change destination to19'}}
INFO:root:SimConnect Error in /var
INFO:SimConnect.SimConnect:SIM OPEN
INFO:root:SimConnect Error in /var
INFO:SimConnect.SimConnect:SIM OPEN
INFO:root:1721766140.224357,ID:1007,STAGE:1,SEQUENCE:1432,DATA:{'time': 1721766140.216, 'user-id': '1007', 'source': 'HAI Interface', 'destination-index': '3', 'study-stage': '1', 'decision-state': 0, 'vitals-state': 0, 'airspace-state': 0, 'data': {'page': 'map', 'action': 'show map'}}
INFO:root:1721766140.229912,ID:1007,STAGE:1,SEQUENCE:1432,DATA:{'time': 1721766140.216, 'user-id': '1007', 'source': 'HAI Interface', 'destination-index': '3', 'study-stage': '1', 'decision-state': 0, 'vitals-state': 0, 'airspace-state': 0, 'data': {'page': 'map', 'action': 'selected helipad', 'value': '21'}}
INFO:root:1721766142.626385,ID:1007,STAGE:1,SEQUENCE:1432,DATA:{'time': 1721766142.619, 'user-id': '1007', 'source': 'HAI Interface', 'destination-index': '3', 'study-stage': '1', 'decision-state': 0, 'vitals-state': 0, 'airspace-state': 0, 'data': {'page': 'emergency', 'action': 'trying to change destination to19'}}
INFO:root:1721766144.145642,ID:1007,STAGE:1,SEQUENCE:1432,DATA:{'time': 1721766144.14, 'user-id': '1007', 'source': 'HAI Interface', 'destination-index': '3', 'study-stage': '1', 'decision-state': 0, 'vitals-state': 0, 'airspace-state': 0, 'data': {'action': 'transmit button pressed'}}
INFO:root:1721766144.15349,ID:1007,STAGE:1,SEQUENCE:1432,DATA:{'time': 1721766144.14, 'user-id': '1007', 'source': 'HAI Interface', 'destination-index': '3', 'study-stage': '1', 'decision-state': 0, 'vitals-state': 0, 'airspace-state': 0, 'data': {'action': 'callsign set to: + NASXGS'}}
INFO:root:1721766144.156481,ID:1007,STAGE:1,SEQUENCE:1432,DATA:{'time': 1721766144.141, 'user-id': '1007', 'source': 'HAI Interface', 'destination-index': '3', 'study-stage': '1', 'decision-state': 0, 'vitals-state': 0, 'airspace-state': 0, 'data': {'action': 'radio set to:Comm1'}}
INFO:root:1721766144.169473,ID:1007,STAGE:1,SEQUENCE:1432,DATA:{'time': 1721766144.141, 'user-id': '1007', 'source': 'HAI Interface', 'destination-index': '3', 'study-stage': '1', 'decision-state': 0, 'vitals-state': 0, 'airspace-state': 0, 'data': {'page': 'map', 'action': 'show map'}}
INFO:root:1721766144.171179,ID:1007,STAGE:1,SEQUENCE:1432,DATA:{'time': 1721766144.141, 'user-id': '1007', 'source': 'HAI Interface', 'destination-index': '3', 'study-stage': '1', 'decision-state': 0, 'vitals-state': 0, 'airspace-state': 0, 'data': {'page': 'map', 'action': 'selected helipad', 'value': '21'}}
INFO:root:1721766144.175173,ID:1007,STAGE:1,SEQUENCE:1432,DATA:{'time': 1721766144.146, 'user-id': '1007', 'source': 'HAI Interface', 'destination-index': '3', 'study-stage': '1', 'decision-state': 0, 'vitals-state': 0, 'airspace-state': 0, 'data': {'action': 'NASXGStransmitting updates onComm1123.45 MHz'}}
INFO:root:1721766147.721752,ID:1007,STAGE:1,SEQUENCE:1432,DATA:{'time': 1721766147.708, 'user-id': '1007', 'source': 'HAI Interface', 'destination-index': '3', 'study-stage': '1', 'decision-state': 0, 'vitals-state': 0, 'airspace-state': 0, 'data': {'page': 'emergency', 'action': 'trying to change destination to19'}}
INFO:root:1721766152.699292,ID:1007,STAGE:1,SEQUENCE:1432,DATA:{'time': 1721766152.685, 'user-id': '1007', 'source': 'HAI Interface', 'destination-index': '3', 'study-stage': '1', 'decision-state': 0, 'vitals-state': 0, 'airspace-state': 0, 'data': {'page': 'emergency', 'action': 'trying to change destination to19'}}
INFO:root:1721766157.659623,ID:1007,STAGE:1,SEQUENCE:1432,DATA:{'time': 1721766157.654, 'user-id': '1007', 'source': 'HAI Interface', 'destination-index': '3', 'study-stage': '1', 'decision-state': 0, 'vitals-state': 0, 'airspace-state': 0, 'data': {'page': 'emergency', 'action': 'trying to change destination to19'}}
INFO:root:1721766158.28689,ID:1007,STAGE:1,SEQUENCE:1432,DATA:{'time': 1721766158.28, 'user-id': '1007', 'source': 'HAI Interface', 'destination-index': '3', 'study-stage': '1', 'decision-state': 0, 'vitals-state': 0, 'airspace-state': 0, 'data': {'page': 'inflight', 'action': 'displaying vitals prompt'}}
INFO:root:1721766162.6434,ID:1007,STAGE:1,SEQUENCE:1432,DATA:{'time': 1721766162.639, 'user-id': '1007', 'source': 'HAI Interface', 'destination-index': '3', 'study-stage': '1', 'decision-state': 0, 'vitals-state': 0, 'airspace-state': 0, 'data': {'page': 'emergency', 'action': 'trying to change destination to19'}}
INFO:root:1721766166.96907,ID:1007,STAGE:1,SEQUENCE:1432,DATA:{'time': 1721766166.964, 'user-id': '1007', 'source': 'HAI Interface', 'destination-index': '3', 'study-stage': '1', 'decision-state': 0, 'vitals-state': 0, 'airspace-state': 0, 'data': {'page': 'map', 'action': 'hide map'}}
INFO:root:1721766167.530718,ID:1007,STAGE:1,SEQUENCE:1432,DATA:{'time': 1721766167.526, 'user-id': '1007', 'source': 'HAI Interface', 'destination-index': '3', 'study-stage': '1', 'decision-state': 0, 'vitals-state': 0, 'airspace-state': 0, 'data': {'page': 'inflight', 'action': 'user acknowledged vitals prompt'}}
INFO:root:1721766167.685291,ID:1007,STAGE:1,SEQUENCE:1432,DATA:{'time': 1721766167.632, 'user-id': '1007', 'source': 'HAI Interface', 'destination-index': '3', 'study-stage': '1', 'decision-state': 0, 'vitals-state': 0, 'airspace-state': 0, 'data': {'page': 'emergency', 'action': 'trying to change destination to19'}}
INFO:root:1721766169.438584,ID:1007,STAGE:1,SEQUENCE:1432,DATA:{'time': 1721766169.432, 'user-id': '1007', 'source': 'HAI Interface', 'destination-index': '3', 'study-stage': '1', 'decision-state': 0, 'vitals-state': 0, 'airspace-state': 0, 'data': {'action': 'transmit button pressed'}}
INFO:root:1721766169.441574,ID:1007,STAGE:1,SEQUENCE:1432,DATA:{'time': 1721766169.432, 'user-id': '1007', 'source': 'HAI Interface', 'destination-index': '3', 'study-stage': '1', 'decision-state': 0, 'vitals-state': 0, 'airspace-state': 0, 'data': {'action': 'callsign set to: + NASXGS'}}
INFO:root:1721766169.447078,ID:1007,STAGE:1,SEQUENCE:1432,DATA:{'time': 1721766169.433, 'user-id': '1007', 'source': 'HAI Interface', 'destination-index': '3', 'study-stage': '1', 'decision-state': 0, 'vitals-state': 0, 'airspace-state': 0, 'data': {'action': 'radio set to:Comm1'}}
INFO:root:1721766169.451066,ID:1007,STAGE:1,SEQUENCE:1432,DATA:{'time': 1721766169.433, 'user-id': '1007', 'source': 'HAI Interface', 'destination-index': '3', 'study-stage': '1', 'decision-state': 0, 'vitals-state': 0, 'airspace-state': 0, 'data': {'page': 'map', 'action': 'show map'}}
INFO:root:1721766169.461553,ID:1007,STAGE:1,SEQUENCE:1432,DATA:{'time': 1721766169.433, 'user-id': '1007', 'source': 'HAI Interface', 'destination-index': '3', 'study-stage': '1', 'decision-state': 0, 'vitals-state': 0, 'airspace-state': 0, 'data': {'page': 'map', 'action': 'selected helipad', 'value': '21'}}
INFO:root:1721766169.468067,ID:1007,STAGE:1,SEQUENCE:1432,DATA:{'time': 1721766169.439, 'user-id': '1007', 'source': 'HAI Interface', 'destination-index': '3', 'study-stage': '1', 'decision-state': 0, 'vitals-state': 0, 'airspace-state': 0, 'data': {'action': 'NASXGStransmitting updates onComm1123.45 MHz'}}
INFO:root:1721766172.607839,ID:1007,STAGE:1,SEQUENCE:1432,DATA:{'time': 1721766172.6, 'user-id': '1007', 'source': 'HAI Interface', 'destination-index': '3', 'study-stage': '1', 'decision-state': 0, 'vitals-state': 0, 'airspace-state': 0, 'data': {'page': 'emergency', 'action': 'trying to change destination to19'}}
INFO:root:1721766173.25105,ID:1007,STAGE:1,SEQUENCE:1432,DATA:{'time': 1721766173.244, 'user-id': '1007', 'source': 'HAI Interface', 'destination-index': '3', 'study-stage': '1', 'decision-state': 0, 'vitals-state': 0, 'airspace-state': 0, 'data': {'page': 'map', 'action': 'hide map'}}
INFO:root:1721766177.643486,ID:1007,STAGE:1,SEQUENCE:1432,DATA:{'time': 1721766177.635, 'user-id': '1007', 'source': 'HAI Interface', 'destination-index': '3', 'study-stage': '1', 'decision-state': 0, 'vitals-state': 0, 'airspace-state': 0, 'data': {'page': 'emergency', 'action': 'trying to change destination to19'}}
INFO:root:1721766182.779743,ID:1007,STAGE:1,SEQUENCE:1432,DATA:{'time': 1721766182.766, 'user-id': '1007', 'source': 'HAI Interface', 'destination-index': '3', 'study-stage': '1', 'decision-state': 0, 'vitals-state': 0, 'airspace-state': 0, 'data': {'page': 'emergency', 'action': 'trying to change destination to19'}}
INFO:root:1721766183.375729,ID:1007,STAGE:1,SEQUENCE:1432,DATA:{'time': 1721766183.371, 'user-id': '1007', 'source': 'HAI Interface', 'destination-index': '3', 'study-stage': '1', 'decision-state': 0, 'vitals-state': 0, 'airspace-state': 0, 'data': {'page': 'map', 'action': 'show map'}}
INFO:root:1721766183.377768,ID:1007,STAGE:1,SEQUENCE:1432,DATA:{'time': 1721766183.371, 'user-id': '1007', 'source': 'HAI Interface', 'destination-index': '3', 'study-stage': '1', 'decision-state': 0, 'vitals-state': 0, 'airspace-state': 0, 'data': {'page': 'map', 'action': 'selected helipad', 'value': '21'}}
INFO:root:1721766187.701039,ID:1007,STAGE:1,SEQUENCE:1432,DATA:{'time': 1721766187.693, 'user-id': '1007', 'source': 'HAI Interface', 'destination-index': '3', 'study-stage': '1', 'decision-state': 0, 'vitals-state': 0, 'airspace-state': 0, 'data': {'page': 'emergency', 'action': 'trying to change destination to19'}}
INFO:root:1721766192.707933,ID:1007,STAGE:1,SEQUENCE:1432,DATA:{'time': 1721766192.702, 'user-id': '1007', 'source': 'HAI Interface', 'destination-index': '3', 'study-stage': '1', 'decision-state': 0, 'vitals-state': 0, 'airspace-state': 0, 'data': {'page': 'emergency', 'action': 'trying to change destination to19'}}
INFO:root:1721766197.659669,ID:1007,STAGE:1,SEQUENCE:1432,DATA:{'time': 1721766197.655, 'user-id': '1007', 'source': 'HAI Interface', 'destination-index': '3', 'study-stage': '1', 'decision-state': 0, 'vitals-state': 0, 'airspace-state': 0, 'data': {'page': 'emergency', 'action': 'trying to change destination to19'}}
INFO:root:1721766203.126752,ID:1007,STAGE:1,SEQUENCE:1432,DATA:{'time': 1721766203.12, 'user-id': '1007', 'source': 'HAI Interface', 'destination-index': '3', 'study-stage': '1', 'decision-state': 0, 'vitals-state': 0, 'airspace-state': 0, 'data': {'page': 'emergency', 'action': 'trying to change destination to19'}}
INFO:root:1721766203.139743,ID:1007,STAGE:1,SEQUENCE:1432,DATA:{'time': 1721766203.121, 'user-id': '1007', 'source': 'HAI Interface', 'destination-index': '3', 'study-stage': '1', 'decision-state': 0, 'vitals-state': 0, 'airspace-state': 0, 'data': {'page': 'emergency', 'action': 'show Altitude Miscalibrated Warning, hide map'}}
INFO:root:1721766203.141738,ID:1007,STAGE:1,SEQUENCE:1432,DATA:{'time': 1721766203.121, 'user-id': '1007', 'source': 'HAI Interface', 'destination-index': '3', 'study-stage': '1', 'decision-state': 0, 'vitals-state': 0, 'airspace-state': 0, 'data': {'page': 'map', 'action': 'hide map'}}
INFO:root:1721766203.14473,ID:1007,STAGE:1,SEQUENCE:1432,DATA:{'time': 1721766203.122, 'user-id': '1007', 'source': 'HAI Interface', 'destination-index': '3', 'study-stage': '1', 'decision-state': 0, 'vitals-state': 0, 'airspace-state': 0, 'data': {'page': 'Inflight', 'action': ' Altitude alert activated'}}
INFO:root:1721766203.158728,ID:1007,STAGE:1,SEQUENCE:1432,DATA:{'time': 1721766203.122, 'user-id': '1007', 'source': 'HAI Interface', 'destination-index': '3', 'study-stage': '1', 'decision-state': 0, 'vitals-state': 0, 'airspace-state': 0, 'data': {'page': 'emergency', 'action': 'show Weather Emergency Alert, hide map'}}
INFO:root:1721766203.168758,ID:1007,STAGE:1,SEQUENCE:1432,DATA:{'time': 1721766203.123, 'user-id': '1007', 'source': 'HAI Interface', 'destination-index': '3', 'study-stage': '1', 'decision-state': 0, 'vitals-state': 0, 'airspace-state': 0, 'data': {'page': 'map', 'action': 'hide map'}}
INFO:root:1721766203.17574,ID:1007,STAGE:1,SEQUENCE:1432,DATA:{'time': 1721766203.123, 'user-id': '1007', 'source': 'HAI Interface', 'destination-index': '3', 'study-stage': '1', 'decision-state': 0, 'vitals-state': 0, 'airspace-state': 0, 'data': {'page': 'Inflight', 'action': 'Weather emergency- emergnecy propmt displayed'}}
INFO:root:1721766207.398449,ID:1007,STAGE:1,SEQUENCE:1432,DATA:{'time': 1721766207.392, 'user-id': '1007', 'source': 'HAI Interface', 'destination-index': '3', 'study-stage': '1', 'decision-state': 0, 'vitals-state': 0, 'airspace-state': 0, 'data': {'page': 'Inflight', 'action': 'Weather emergency- show more info button pressed'}}
INFO:root:1721766207.734722,ID:1007,STAGE:1,SEQUENCE:1432,DATA:{'time': 1721766207.723, 'user-id': '1007', 'source': 'HAI Interface', 'destination-index': '3', 'study-stage': '1', 'decision-state': 0, 'vitals-state': 0, 'airspace-state': 0, 'data': {'page': 'emergency', 'action': 'trying to change destination to19'}}
INFO:root:1721766207.737713,ID:1007,STAGE:1,SEQUENCE:1432,DATA:{'time': 1721766207.724, 'user-id': '1007', 'source': 'HAI Interface', 'destination-index': '3', 'study-stage': '1', 'decision-state': 0, 'vitals-state': 0, 'airspace-state': 0, 'data': {'page': 'emergency', 'action': 'show Altitude Miscalibrated Warning, hide map'}}
INFO:root:1721766207.7427,ID:1007,STAGE:1,SEQUENCE:1432,DATA:{'time': 1721766207.724, 'user-id': '1007', 'source': 'HAI Interface', 'destination-index': '3', 'study-stage': '1', 'decision-state': 0, 'vitals-state': 0, 'airspace-state': 0, 'data': {'page': 'map', 'action': 'hide map'}}
INFO:root:1721766207.746358,ID:1007,STAGE:1,SEQUENCE:1432,DATA:{'time': 1721766207.724, 'user-id': '1007', 'source': 'HAI Interface', 'destination-index': '3', 'study-stage': '1', 'decision-state': 0, 'vitals-state': 0, 'airspace-state': 0, 'data': {'page': 'Inflight', 'action': ' Altitude alert activated'}}
INFO:root:1721766212.639346,ID:1007,STAGE:1,SEQUENCE:1432,DATA:{'time': 1721766212.626, 'user-id': '1007', 'source': 'HAI Interface', 'destination-index': '3', 'study-stage': '1', 'decision-state': 0, 'vitals-state': 0, 'airspace-state': 0, 'data': {'page': 'emergency', 'action': 'trying to change destination to19'}}
INFO:root:1721766212.640348,ID:1007,STAGE:1,SEQUENCE:1432,DATA:{'time': 1721766212.627, 'user-id': '1007', 'source': 'HAI Interface', 'destination-index': '3', 'study-stage': '1', 'decision-state': 0, 'vitals-state': 0, 'airspace-state': 0, 'data': {'page': 'emergency', 'action': 'show Altitude Miscalibrated Warning, hide map'}}
INFO:root:1721766212.649625,ID:1007,STAGE:1,SEQUENCE:1432,DATA:{'time': 1721766212.627, 'user-id': '1007', 'source': 'HAI Interface', 'destination-index': '3', 'study-stage': '1', 'decision-state': 0, 'vitals-state': 0, 'airspace-state': 0, 'data': {'page': 'map', 'action': 'hide map'}}
INFO:root:1721766212.654124,ID:1007,STAGE:1,SEQUENCE:1432,DATA:{'time': 1721766212.628, 'user-id': '1007', 'source': 'HAI Interface', 'destination-index': '3', 'study-stage': '1', 'decision-state': 0, 'vitals-state': 0, 'airspace-state': 0, 'data': {'page': 'Inflight', 'action': ' Altitude alert activated'}}
INFO:root:Altitude Warning alert given, sent request to clear altitude_warning_alert
INFO:root:1721766217.658049,ID:1007,STAGE:1,SEQUENCE:1432,DATA:{'time': 1721766217.643, 'user-id': '1007', 'source': 'HAI Interface', 'destination-index': '3', 'study-stage': '1', 'decision-state': 0, 'vitals-state': 0, 'airspace-state': 0, 'data': {'page': 'emergency', 'action': 'trying to change destination to19'}}
INFO:root:1721766217.659046,ID:1007,STAGE:1,SEQUENCE:1432,DATA:{'time': 1721766217.644, 'user-id': '1007', 'source': 'HAI Interface', 'destination-index': '3', 'study-stage': '1', 'decision-state': 0, 'vitals-state': 0, 'airspace-state': 0, 'data': {'page': 'emergency', 'action': 'show Altitude Miscalibrated Warning, hide map'}}
INFO:root:1721766217.661041,ID:1007,STAGE:1,SEQUENCE:1432,DATA:{'time': 1721766217.644, 'user-id': '1007', 'source': 'HAI Interface', 'destination-index': '3', 'study-stage': '1', 'decision-state': 0, 'vitals-state': 0, 'airspace-state': 0, 'data': {'page': 'map', 'action': 'hide map'}}
INFO:root:1721766217.667025,ID:1007,STAGE:1,SEQUENCE:1432,DATA:{'time': 1721766217.645, 'user-id': '1007', 'source': 'HAI Interface', 'destination-index': '3', 'study-stage': '1', 'decision-state': 0, 'vitals-state': 0, 'airspace-state': 0, 'data': {'page': 'Inflight', 'action': ' Altitude alert activated'}}
INFO:root:1721766220.828328,ID:1007,STAGE:1,SEQUENCE:1432,DATA:{'time': 1721766220.821, 'user-id': '1007', 'source': 'HAI Interface', 'destination-index': '3', 'study-stage': '1', 'decision-state': 0, 'vitals-state': 0, 'airspace-state': 0, 'data': {'page': 'Inflight', 'action': 'Weather emergency- close button pressed'}}
INFO:root:1721766222.661005,ID:1007,STAGE:1,SEQUENCE:1432,DATA:{'time': 1721766222.651, 'user-id': '1007', 'source': 'HAI Interface', 'destination-index': '3', 'study-stage': '1', 'decision-state': 0, 'vitals-state': 0, 'airspace-state': 0, 'data': {'page': 'emergency', 'action': 'trying to change destination to19'}}
INFO:root:1721766222.664332,ID:1007,STAGE:1,SEQUENCE:1432,DATA:{'time': 1721766222.652, 'user-id': '1007', 'source': 'HAI Interface', 'destination-index': '3', 'study-stage': '1', 'decision-state': 0, 'vitals-state': 0, 'airspace-state': 0, 'data': {'page': 'emergency', 'action': 'show Altitude Miscalibrated Warning, hide map'}}
INFO:root:1721766222.669846,ID:1007,STAGE:1,SEQUENCE:1432,DATA:{'time': 1721766222.652, 'user-id': '1007', 'source': 'HAI Interface', 'destination-index': '3', 'study-stage': '1', 'decision-state': 0, 'vitals-state': 0, 'airspace-state': 0, 'data': {'page': 'map', 'action': 'hide map'}}
INFO:root:1721766222.672346,ID:1007,STAGE:1,SEQUENCE:1432,DATA:{'time': 1721766222.653, 'user-id': '1007', 'source': 'HAI Interface', 'destination-index': '3', 'study-stage': '1', 'decision-state': 0, 'vitals-state': 0, 'airspace-state': 0, 'data': {'page': 'Inflight', 'action': ' Altitude alert activated'}}
INFO:root:1721766223.36187,ID:1007,STAGE:1,SEQUENCE:1432,DATA:{'time': 1721766223.349, 'user-id': '1007', 'source': 'HAI Interface', 'destination-index': '3', 'study-stage': '1', 'decision-state': 0, 'vitals-state': 0, 'airspace-state': 0, 'data': {'page': 'Inflight', 'action': 'Altitude alert- show more info button pressed'}}
INFO:root:1721766227.719078,ID:1007,STAGE:1,SEQUENCE:1432,DATA:{'time': 1721766227.712, 'user-id': '1007', 'source': 'HAI Interface', 'destination-index': '3', 'study-stage': '1', 'decision-state': 0, 'vitals-state': 0, 'airspace-state': 0, 'data': {'page': 'emergency', 'action': 'trying to change destination to19'}}
INFO:root:1721766230.957661,ID:1007,STAGE:1,SEQUENCE:1432,DATA:{'time': 1721766230.949, 'user-id': '1007', 'source': 'HAI Interface', 'destination-index': '3', 'study-stage': '1', 'decision-state': 0, 'vitals-state': 0, 'airspace-state': 0, 'data': {'page': 'Inflight', 'action': 'Altitude alert- submit button pressed with altitude value as:'}}
INFO:root:1721766230.959661,ID:1007,STAGE:1,SEQUENCE:1432,DATA:{'time': 1721766230.954, 'user-id': '1007', 'source': 'HAI Interface', 'destination-index': '3', 'study-stage': '1', 'decision-state': 0, 'vitals-state': 0, 'airspace-state': 0, 'data': {'page': 'Inflight', 'action': 'Altitude alert- altitude submitted'}}
INFO:root:1721766230.964648,ID:1007,STAGE:1,SEQUENCE:1432,DATA:{'time': 1721766230.955, 'user-id': '1007', 'source': 'HAI Interface', 'destination-index': '3', 'study-stage': '1', 'decision-state': 0, 'vitals-state': 0, 'airspace-state': 0, 'data': {'page': 'Inflight', 'action': 'Altitude alert close button pressed'}}
INFO:root:1721766232.675204,ID:1007,STAGE:1,SEQUENCE:1432,DATA:{'time': 1721766232.668, 'user-id': '1007', 'source': 'HAI Interface', 'destination-index': '3', 'study-stage': '1', 'decision-state': 0, 'vitals-state': 0, 'airspace-state': 0, 'data': {'page': 'emergency', 'action': 'trying to change destination to19'}}
INFO:root:Altitude Warning alert given, sent request to clear altitude_warning_alert
INFO:root:1721766237.668208,ID:1007,STAGE:1,SEQUENCE:1432,DATA:{'time': 1721766237.654, 'user-id': '1007', 'source': 'HAI Interface', 'destination-index': '3', 'study-stage': '1', 'decision-state': 0, 'vitals-state': 0, 'airspace-state': 0, 'data': {'page': 'emergency', 'action': 'trying to change destination to19'}}
INFO:root:1721766242.665961,ID:1007,STAGE:1,SEQUENCE:1432,DATA:{'time': 1721766242.652, 'user-id': '1007', 'source': 'HAI Interface', 'destination-index': '3', 'study-stage': '1', 'decision-state': 0, 'vitals-state': 0, 'airspace-state': 0, 'data': {'page': 'emergency', 'action': 'trying to change destination to19'}}
INFO:root:1721766247.688683,ID:1007,STAGE:1,SEQUENCE:1432,DATA:{'time': 1721766247.679, 'user-id': '1007', 'source': 'HAI Interface', 'destination-index': '3', 'study-stage': '1', 'decision-state': 0, 'vitals-state': 0, 'airspace-state': 0, 'data': {'page': 'emergency', 'action': 'trying to change destination to19'}}
INFO:root:1721766252.630051,ID:1007,STAGE:1,SEQUENCE:1432,DATA:{'time': 1721766252.621, 'user-id': '1007', 'source': 'HAI Interface', 'destination-index': '3', 'study-stage': '1', 'decision-state': 0, 'vitals-state': 0, 'airspace-state': 0, 'data': {'page': 'emergency', 'action': 'trying to change destination to19'}}
INFO:root:1721766253.855922,ID:1007,STAGE:1,SEQUENCE:1432,DATA:{'time': 1721766253.851, 'user-id': '1007', 'source': 'HAI Interface', 'destination-index': '3', 'study-stage': '1', 'decision-state': 0, 'vitals-state': 0, 'airspace-state': 0, 'data': {'page': 'map', 'action': 'show map'}}
INFO:root:1721766253.857428,ID:1007,STAGE:1,SEQUENCE:1432,DATA:{'time': 1721766253.852, 'user-id': '1007', 'source': 'HAI Interface', 'destination-index': '3', 'study-stage': '1', 'decision-state': 0, 'vitals-state': 0, 'airspace-state': 0, 'data': {'page': 'map', 'action': 'selected helipad', 'value': '21'}}
INFO:root:1721766257.591011,ID:1007,STAGE:1,SEQUENCE:1432,DATA:{'time': 1721766257.584, 'user-id': '1007', 'source': 'HAI Interface', 'destination-index': '3', 'study-stage': '1', 'decision-state': 0, 'vitals-state': 0, 'airspace-state': 0, 'data': {'page': 'emergency', 'action': 'trying to change destination to19'}}
INFO:root:1721766262.661521,ID:1007,STAGE:1,SEQUENCE:1432,DATA:{'time': 1721766262.652, 'user-id': '1007', 'source': 'HAI Interface', 'destination-index': '3', 'study-stage': '1', 'decision-state': 0, 'vitals-state': 0, 'airspace-state': 0, 'data': {'page': 'emergency', 'action': 'trying to change destination to19'}}
INFO:root:1721766267.678382,ID:1007,STAGE:1,SEQUENCE:1432,DATA:{'time': 1721766267.672, 'user-id': '1007', 'source': 'HAI Interface', 'destination-index': '3', 'study-stage': '1', 'decision-state': 0, 'vitals-state': 0, 'airspace-state': 0, 'data': {'page': 'emergency', 'action': 'trying to change destination to19'}}
INFO:root:1721766272.599434,ID:1007,STAGE:1,SEQUENCE:1432,DATA:{'time': 1721766272.593, 'user-id': '1007', 'source': 'HAI Interface', 'destination-index': '3', 'study-stage': '1', 'decision-state': 0, 'vitals-state': 0, 'airspace-state': 0, 'data': {'page': 'emergency', 'action': 'trying to change destination to19'}}
INFO:root:1721766277.668875,ID:1007,STAGE:1,SEQUENCE:1432,DATA:{'time': 1721766277.66, 'user-id': '1007', 'source': 'HAI Interface', 'destination-index': '3', 'study-stage': '1', 'decision-state': 0, 'vitals-state': 0, 'airspace-state': 0, 'data': {'page': 'emergency', 'action': 'trying to change destination to19'}}
INFO:root:1721766282.628465,ID:1007,STAGE:1,SEQUENCE:1432,DATA:{'time': 1721766282.623, 'user-id': '1007', 'source': 'HAI Interface', 'destination-index': '3', 'study-stage': '1', 'decision-state': 0, 'vitals-state': 0, 'airspace-state': 0, 'data': {'page': 'emergency', 'action': 'trying to change destination to19'}}
INFO:root:1721766287.688995,ID:1007,STAGE:1,SEQUENCE:1432,DATA:{'time': 1721766287.682, 'user-id': '1007', 'source': 'HAI Interface', 'destination-index': '3', 'study-stage': '1', 'decision-state': 0, 'vitals-state': 0, 'airspace-state': 0, 'data': {'page': 'emergency', 'action': 'trying to change destination to19'}}
INFO:root:1721766292.681224,ID:1007,STAGE:1,SEQUENCE:1432,DATA:{'time': 1721766292.675, 'user-id': '1007', 'source': 'HAI Interface', 'destination-index': '3', 'study-stage': '1', 'decision-state': 0, 'vitals-state': 0, 'airspace-state': 0, 'data': {'page': 'emergency', 'action': 'trying to change destination to19'}}
INFO:root:1721766297.626985,ID:1007,STAGE:1,SEQUENCE:1432,DATA:{'time': 1721766297.619, 'user-id': '1007', 'source': 'HAI Interface', 'destination-index': '3', 'study-stage': '1', 'decision-state': 0, 'vitals-state': 0, 'airspace-state': 0, 'data': {'page': 'emergency', 'action': 'trying to change destination to19'}}
INFO:root:1721766302.621126,ID:1007,STAGE:1,SEQUENCE:1432,DATA:{'time': 1721766302.609, 'user-id': '1007', 'source': 'HAI Interface', 'destination-index': '3', 'study-stage': '1', 'decision-state': 0, 'vitals-state': 0, 'airspace-state': 0, 'data': {'page': 'emergency', 'action': 'trying to change destination to19'}}
INFO:root:1721766307.667673,ID:1007,STAGE:1,SEQUENCE:1432,DATA:{'time': 1721766307.66, 'user-id': '1007', 'source': 'HAI Interface', 'destination-index': '3', 'study-stage': '1', 'decision-state': 0, 'vitals-state': 0, 'airspace-state': 0, 'data': {'page': 'emergency', 'action': 'trying to change destination to19'}}
INFO:root:1721766312.720909,ID:1007,STAGE:1,SEQUENCE:1432,DATA:{'time': 1721766312.705, 'user-id': '1007', 'source': 'HAI Interface', 'destination-index': '3', 'study-stage': '1', 'decision-state': 0, 'vitals-state': 0, 'airspace-state': 0, 'data': {'page': 'emergency', 'action': 'trying to change destination to19'}}
INFO:root:1721766317.662328,ID:1007,STAGE:1,SEQUENCE:1432,DATA:{'time': 1721766317.654, 'user-id': '1007', 'source': 'HAI Interface', 'destination-index': '3', 'study-stage': '1', 'decision-state': 0, 'vitals-state': 0, 'airspace-state': 0, 'data': {'page': 'emergency', 'action': 'trying to change destination to19'}}
INFO:root:1721766322.629596,ID:1007,STAGE:1,SEQUENCE:1432,DATA:{'time': 1721766322.624, 'user-id': '1007', 'source': 'HAI Interface', 'destination-index': '3', 'study-stage': '1', 'decision-state': 0, 'vitals-state': 0, 'airspace-state': 0, 'data': {'page': 'emergency', 'action': 'trying to change destination to19'}}
INFO:root:1721766327.73484,ID:1007,STAGE:1,SEQUENCE:1432,DATA:{'time': 1721766327.727, 'user-id': '1007', 'source': 'HAI Interface', 'destination-index': '3', 'study-stage': '1', 'decision-state': 0, 'vitals-state': 0, 'airspace-state': 0, 'data': {'page': 'emergency', 'action': 'trying to change destination to19'}}
INFO:root:1721766332.614592,ID:1007,STAGE:1,SEQUENCE:1432,DATA:{'time': 1721766332.607, 'user-id': '1007', 'source': 'HAI Interface', 'destination-index': '3', 'study-stage': '1', 'decision-state': 0, 'vitals-state': 0, 'airspace-state': 0, 'data': {'page': 'emergency', 'action': 'trying to change destination to19'}}
INFO:root:1721766337.657082,ID:1007,STAGE:1,SEQUENCE:1432,DATA:{'time': 1721766337.652, 'user-id': '1007', 'source': 'HAI Interface', 'destination-index': '3', 'study-stage': '1', 'decision-state': 0, 'vitals-state': 0, 'airspace-state': 0, 'data': {'page': 'emergency', 'action': 'trying to change destination to19'}}
INFO:root:1721766342.612776,ID:1007,STAGE:1,SEQUENCE:1432,DATA:{'time': 1721766342.606, 'user-id': '1007', 'source': 'HAI Interface', 'destination-index': '3', 'study-stage': '1', 'decision-state': 0, 'vitals-state': 0, 'airspace-state': 0, 'data': {'page': 'emergency', 'action': 'trying to change destination to19'}}
INFO:root:1721766347.689466,ID:1007,STAGE:1,SEQUENCE:1432,DATA:{'time': 1721766347.683, 'user-id': '1007', 'source': 'HAI Interface', 'destination-index': '3', 'study-stage': '1', 'decision-state': 0, 'vitals-state': 0, 'airspace-state': 0, 'data': {'page': 'emergency', 'action': 'trying to change destination to19'}}
INFO:root:1721766352.696146,ID:1007,STAGE:1,SEQUENCE:1432,DATA:{'time': 1721766352.685, 'user-id': '1007', 'source': 'HAI Interface', 'destination-index': '3', 'study-stage': '1', 'decision-state': 0, 'vitals-state': 0, 'airspace-state': 0, 'data': {'page': 'emergency', 'action': 'trying to change destination to19'}}
INFO:root:1721766357.688269,ID:1007,STAGE:1,SEQUENCE:1432,DATA:{'time': 1721766357.682, 'user-id': '1007', 'source': 'HAI Interface', 'destination-index': '3', 'study-stage': '1', 'decision-state': 0, 'vitals-state': 0, 'airspace-state': 0, 'data': {'page': 'emergency', 'action': 'trying to change destination to19'}}
INFO:root:1721766362.630033,ID:1007,STAGE:1,SEQUENCE:1432,DATA:{'time': 1721766362.622, 'user-id': '1007', 'source': 'HAI Interface', 'destination-index': '3', 'study-stage': '1', 'decision-state': 0, 'vitals-state': 0, 'airspace-state': 0, 'data': {'page': 'emergency', 'action': 'trying to change destination to19'}}
INFO:root:1721766367.702175,ID:1007,STAGE:1,SEQUENCE:1432,DATA:{'time': 1721766367.668, 'user-id': '1007', 'source': 'HAI Interface', 'destination-index': '3', 'study-stage': '1', 'decision-state': 0, 'vitals-state': 0, 'airspace-state': 0, 'data': {'page': 'emergency', 'action': 'trying to change destination to19'}}
INFO:root:1721766372.608778,ID:1007,STAGE:1,SEQUENCE:1432,DATA:{'time': 1721766372.587, 'user-id': '1007', 'source': 'HAI Interface', 'destination-index': '3', 'study-stage': '1', 'decision-state': 0, 'vitals-state': 0, 'airspace-state': 0, 'data': {'page': 'emergency', 'action': 'trying to change destination to19'}}
INFO:root:1721766372.871488,ID:1007,STAGE:1,SEQUENCE:1432,DATA:{'time': 1721766372.847, 'user-id': 'none', 'source': 'HAI Interface', 'destination-index': 3, 'study-stage': -1, 'decision-state': 0, 'vitals-state': 0, 'airspace-state': 0, 'data': {'page': 'checklist', 'action': 'opened page', 'inflight': True}}
INFO:root:1721766373.793076,ID:1007,STAGE:1,SEQUENCE:1432,DATA:{'time': 1721766373.789, 'user-id': '1007', 'source': 'HAI Interface', 'destination-index': '3', 'study-stage': '1', 'decision-state': 0, 'vitals-state': 0, 'airspace-state': 0, 'data': {'page': 'map', 'action': 'selected helipad', 'value': '21'}}
INFO:root:1721766399.86668,ID:1007,STAGE:1,SEQUENCE:1432,DATA:{'time': 1721766399.862, 'user-id': '1007', 'source': 'HAI Interface', 'destination-index': '3', 'study-stage': '1', 'decision-state': 0, 'vitals-state': 0, 'airspace-state': 0, 'data': {'page': 'checklist', 'action': 'toggled checkbox', 'inflight': True, 'item': 0, 'value': 'OFF'}}
INFO:root:1721766400.623631,ID:1007,STAGE:1,SEQUENCE:1432,DATA:{'time': 1721766400.618, 'user-id': '1007', 'source': 'HAI Interface', 'destination-index': '3', 'study-stage': '1', 'decision-state': 0, 'vitals-state': 0, 'airspace-state': 0, 'data': {'page': 'checklist', 'action': 'toggled checkbox', 'inflight': True, 'item': 1, 'value': 'OFF'}}
INFO:root:1721766401.159883,ID:1007,STAGE:1,SEQUENCE:1432,DATA:{'time': 1721766401.156, 'user-id': '1007', 'source': 'HAI Interface', 'destination-index': '3', 'study-stage': '1', 'decision-state': 0, 'vitals-state': 0, 'airspace-state': 0, 'data': {'page': 'checklist', 'action': 'toggled checkbox', 'inflight': True, 'item': 2, 'value': 'OFF'}}
INFO:root:1721766401.163382,ID:1007,STAGE:1,SEQUENCE:1432,DATA:{'time': 1721766401.156, 'user-id': '1007', 'source': 'HAI Interface', 'destination-index': '3', 'study-stage': '1', 'decision-state': 0, 'vitals-state': 0, 'airspace-state': 0, 'data': {'page': 'checklist', 'action': 'showing confirm button', 'inflight': True}}
INFO:root:1721766402.071274,ID:1007,STAGE:1,SEQUENCE:1432,DATA:{'time': 1721766402.068, 'user-id': '1007', 'source': 'HAI Interface', 'destination-index': '3', 'study-stage': '1', 'decision-state': 0, 'vitals-state': 0, 'airspace-state': 0, 'data': {'page': 'checklist', 'action': 'confirm button clicked', 'inflight': True}}
INFO:root:1721766402.45257,ID:1007,STAGE:1,SEQUENCE:1432,DATA:{'time': 1721766402.415, 'user-id': 'none', 'source': 'HAI Interface', 'destination-index': 3, 'study-stage': -1, 'decision-state': 0, 'vitals-state': 0, 'airspace-state': 0, 'data': {'page': 'landing-confirmation', 'action': 'opened page'}}
INFO:root:1721766402.459552,ID:1007,STAGE:1,SEQUENCE:1432,DATA:{'time': 1721766402.417, 'user-id': 'none', 'source': 'HAI Interface', 'destination-index': 3, 'study-stage': -1, 'decision-state': 0, 'vitals-state': 0, 'airspace-state': 0, 'data': {'page': 'landing-confirmation', 'action': 'showing helipad confirm', 'value': 1}}
INFO:root:1721766403.393718,ID:1007,STAGE:1,SEQUENCE:1432,DATA:{'time': 1721766403.39, 'user-id': '1007', 'source': 'HAI Interface', 'destination-index': '3', 'study-stage': '1', 'decision-state': 0, 'vitals-state': 0, 'airspace-state': 0, 'data': {'page': 'map', 'action': 'selected helipad', 'value': '21'}}
INFO:root:1721766427.961928,ID:1007,STAGE:1,SEQUENCE:1432,DATA:{'time': 1721766427.956, 'user-id': '1007', 'source': 'HAI Interface', 'destination-index': '3', 'study-stage': '1', 'decision-state': 0, 'vitals-state': 0, 'airspace-state': 0, 'data': {'page': 'landing-confirmation', 'action': 'checkbox toggle', 'item': 0, 'value': 'ON'}}
INFO:root:1721766430.246383,ID:1007,STAGE:1,SEQUENCE:1432,DATA:{'time': 1721766430.242, 'user-id': '1007', 'source': 'HAI Interface', 'destination-index': '3', 'study-stage': '1', 'decision-state': 0, 'vitals-state': 0, 'airspace-state': 0, 'data': {'page': 'landing-confirmation', 'action': 'checkbox toggle', 'item': 1, 'value': 'ON'}}
INFO:root:1721766433.171629,ID:1007,STAGE:1,SEQUENCE:1432,DATA:{'time': 1721766433.167, 'user-id': '1007', 'source': 'HAI Interface', 'destination-index': '3', 'study-stage': '1', 'decision-state': 0, 'vitals-state': 0, 'airspace-state': 0, 'data': {'page': 'landing-confirmation', 'action': 'confirmed safe to land'}}
INFO:root:1721766433.172625,ID:1007,STAGE:1,SEQUENCE:1432,DATA:{'time': 1721766433.168, 'user-id': '1007', 'source': 'HAI Interface', 'destination-index': '3', 'study-stage': '1', 'decision-state': 0, 'vitals-state': 0, 'airspace-state': 0, 'data': {'page': 'landing-confirmation', 'action': 'showing helipad ready'}}
INFO:root:1721766438.457905,ID:1007,STAGE:1,SEQUENCE:1432,DATA:{'time': 1721766438.454, 'user-id': '1007', 'source': 'HAI Interface', 'destination-index': '3', 'study-stage': '1', 'decision-state': 0, 'vitals-state': 0, 'airspace-state': 0, 'data': {'page': 'landing-confirmation', 'action': 'gave landing confirmation'}}
INFO:root:1721766438.606673,ID:1007,STAGE:1,SEQUENCE:1432,DATA:{'time': 1721766438.579, 'user-id': 'none', 'source': 'HAI Interface', 'destination-index': 3, 'study-stage': -1, 'decision-state': 0, 'vitals-state': 0, 'airspace-state': 0, 'data': {'page': 'landing-countdown', 'action': 'opened page'}}
INFO:root:1721766439.548673,ID:1007,STAGE:1,SEQUENCE:1432,DATA:{'time': 1721766439.543, 'user-id': '1007', 'source': 'HAI Interface', 'destination-index': '3', 'study-stage': '1', 'decision-state': '1', 'vitals-state': 0, 'airspace-state': 0, 'data': {'page': 'map', 'action': 'selected helipad', 'value': '21'}}
INFO:root:1721766439.585393,ID:1007,STAGE:1,SEQUENCE:1432,DATA:{'time': 1721766439.582, 'user-id': '1007', 'source': 'HAI Interface', 'destination-index': '3', 'study-stage': '1', 'decision-state': '1', 'vitals-state': 0, 'airspace-state': 0, 'data': {'page': 'landing-countdown', 'action': 'countdown changed', 'value': 5}}
INFO:root:1721766440.596676,ID:1007,STAGE:1,SEQUENCE:1432,DATA:{'time': 1721766440.581, 'user-id': '1007', 'source': 'HAI Interface', 'destination-index': '3', 'study-stage': '1', 'decision-state': '1', 'vitals-state': 0, 'airspace-state': 0, 'data': {'page': 'landing-countdown', 'action': 'countdown changed', 'value': 4}}
INFO:root:1721766441.587235,ID:1007,STAGE:1,SEQUENCE:1432,DATA:{'time': 1721766441.581, 'user-id': '1007', 'source': 'HAI Interface', 'destination-index': '3', 'study-stage': '1', 'decision-state': '1', 'vitals-state': 0, 'airspace-state': 0, 'data': {'page': 'landing-countdown', 'action': 'countdown changed', 'value': 3}}
INFO:root:1721766442.587415,ID:1007,STAGE:1,SEQUENCE:1432,DATA:{'time': 1721766442.581, 'user-id': '1007', 'source': 'HAI Interface', 'destination-index': '3', 'study-stage': '1', 'decision-state': '1', 'vitals-state': 0, 'airspace-state': 0, 'data': {'page': 'landing-countdown', 'action': 'countdown changed', 'value': 2}}
INFO:root:1721766443.585199,ID:1007,STAGE:1,SEQUENCE:1432,DATA:{'time': 1721766443.581, 'user-id': '1007', 'source': 'HAI Interface', 'destination-index': '3', 'study-stage': '1', 'decision-state': '1', 'vitals-state': 0, 'airspace-state': 0, 'data': {'page': 'landing-countdown', 'action': 'countdown changed', 'value': 1}}
INFO:root:1721766444.587392,ID:1007,STAGE:1,SEQUENCE:1432,DATA:{'time': 1721766444.582, 'user-id': '1007', 'source': 'HAI Interface', 'destination-index': '3', 'study-stage': '1', 'decision-state': '1', 'vitals-state': 0, 'airspace-state': 0, 'data': {'page': 'landing-countdown', 'action': 'countdown changed', 'value': 0}}
INFO:root:1721766445.587355,ID:1007,STAGE:1,SEQUENCE:1432,DATA:{'time': 1721766445.58, 'user-id': '1007', 'source': 'HAI Interface', 'destination-index': '3', 'study-stage': '1', 'decision-state': '1', 'vitals-state': 0, 'airspace-state': 0, 'data': {'page': 'landing-countdown', 'action': 'countdown complete'}}
INFO:root:1721766445.722957,ID:1007,STAGE:1,SEQUENCE:1432,DATA:{'time': 1721766445.705, 'user-id': 'none', 'source': 'HAI Interface', 'destination-index': 3, 'study-stage': -1, 'decision-state': 0, 'vitals-state': 0, 'airspace-state': 0, 'data': {'page': 'landed', 'action': 'opened page'}}
INFO:root:1721766446.67352,ID:1007,STAGE:1,SEQUENCE:1432,DATA:{'time': 1721766446.67, 'user-id': '1007', 'source': 'HAI Interface', 'destination-index': '3', 'study-stage': '1', 'decision-state': '1', 'vitals-state': 0, 'airspace-state': 0, 'data': {'page': 'map', 'action': 'selected helipad', 'value': '21'}}
INFO:SimConnect.SimConnect:SIM Paused
INFO:SimConnect.SimConnect:SIM Paused
INFO:SimConnect.SimConnect:SIM Stop
INFO:SimConnect.SimConnect:SIM Stop
INFO:SimConnect.SimConnect:SIM Paused
INFO:SimConnect.SimConnect:SIM Paused
INFO:SimConnect.SimConnect:SIM START
INFO:SimConnect.SimConnect:SIM START
INFO:SimConnect.SimConnect:SIM Unpaused
INFO:SimConnect.SimConnect:SIM Unpaused
INFO:SimConnect.SimConnect:SIM Paused
INFO:SimConnect.SimConnect:SIM Paused
INFO:SimConnect.SimConnect:SIM Stop
INFO:SimConnect.SimConnect:SIM Stop
INFO:SimConnect.SimConnect:SIM Paused
INFO:SimConnect.SimConnect:SIM Paused
INFO:SimConnect.SimConnect:SIM START
INFO:SimConnect.SimConnect:SIM START
INFO:SimConnect.SimConnect:SIM Unpaused
INFO:SimConnect.SimConnect:SIM Unpaused
