INFO:root:1721767631.08456,ID:1007,STAGE:4,SEQUENCE:1432,DATA:{'time': 1721767631.081, 'user-id': '1007', 'source': 'HAI Interface', 'destination-index': 'None', 'study-stage': '4', 'decision-state': 0, 'vitals-state': 0, 'airspace-state': 0, 'data': {'page': 'index', 'action': 'confirm button pressed'}}
INFO:root:1721767631.194039,ID:1007,STAGE:4,SEQUENCE:1432,DATA:{'time': 1721767631.183, 'user-id': 'none', 'source': 'HAI Interface', 'destination-index': 3, 'study-stage': -1, 'decision-state': 0, 'vitals-state': 0, 'airspace-state': 0, 'data': {'page': 'location', 'action': 'opened page'}}
INFO:root:Takeoff radiocomms initiated
INFO:comtypes.client._code_cache:Imported existing <module 'comtypes.gen' from 'C:\\Users\\ae-dagbeyibor3\\AppData\\Local\\Programs\\Python\\Python312\\Lib\\site-packages\\comtypes\\gen\\__init__.py'>
INFO:comtypes.client._code_cache:Using writeable comtypes cache directory: 'C:\Users\ae-dagbeyibor3\AppData\Local\Programs\Python\Python312\Lib\site-packages\comtypes\gen'
INFO:root:1721767632.160236,ID:1007,STAGE:4,SEQUENCE:1432,DATA:{'time': 1721767632.153, 'user-id': '1007', 'source': 'HAI Interface', 'destination-index': 'None', 'study-stage': '4', 'decision-state': 0, 'vitals-state': 0, 'airspace-state': 0, 'data': {'page': 'map', 'action': 'selected helipad', 'value': '21'}}
INFO:root:Takeoff radiocomms clear request sent
INFO:root:1721767651.847081,ID:1007,STAGE:4,SEQUENCE:1432,DATA:{'time': 1721767651.843, 'user-id': '1007', 'source': 'HAI Interface', 'destination-index': 'None', 'study-stage': '4', 'decision-state': 0, 'vitals-state': 0, 'airspace-state': 0, 'data': {'page': 'location', 'action': 'confirm button pressed'}}
INFO:root:1721767652.07299,ID:1007,STAGE:4,SEQUENCE:1432,DATA:{'time': 1721767652.051, 'user-id': 'none', 'source': 'HAI Interface', 'destination-index': 3, 'study-stage': -1, 'decision-state': 0, 'vitals-state': 0, 'airspace-state': 0, 'data': {'page': 'checklist', 'action': 'opened page', 'inflight': False}}
INFO:root:1721767653.025108,ID:1007,STAGE:4,SEQUENCE:1432,DATA:{'time': 1721767653.021, 'user-id': '1007', 'source': 'HAI Interface', 'destination-index': '3', 'study-stage': '4', 'decision-state': 0, 'vitals-state': 0, 'airspace-state': 0, 'data': {'page': 'map', 'action': 'selected helipad', 'value': '21'}}
INFO:root:1721767654.463323,ID:1007,STAGE:4,SEQUENCE:1432,DATA:{'time': 1721767654.46, 'user-id': '1007', 'source': 'HAI Interface', 'destination-index': '3', 'study-stage': '4', 'decision-state': 0, 'vitals-state': 0, 'airspace-state': 0, 'data': {'page': 'checklist', 'action': 'toggled checkbox', 'inflight': False, 'item': 0, 'value': 'OFF'}}
INFO:root:1721767655.202393,ID:1007,STAGE:4,SEQUENCE:1432,DATA:{'time': 1721767655.199, 'user-id': '1007', 'source': 'HAI Interface', 'destination-index': '3', 'study-stage': '4', 'decision-state': 0, 'vitals-state': 0, 'airspace-state': 0, 'data': {'page': 'checklist', 'action': 'toggled checkbox', 'inflight': False, 'item': 1, 'value': 'OFF'}}
INFO:root:1721767655.881065,ID:1007,STAGE:4,SEQUENCE:1432,DATA:{'time': 1721767655.877, 'user-id': '1007', 'source': 'HAI Interface', 'destination-index': '3', 'study-stage': '4', 'decision-state': 0, 'vitals-state': 0, 'airspace-state': 0, 'data': {'page': 'checklist', 'action': 'toggled checkbox', 'inflight': False, 'item': 2, 'value': 'OFF'}}
INFO:root:1721767655.882006,ID:1007,STAGE:4,SEQUENCE:1432,DATA:{'time': 1721767655.877, 'user-id': '1007', 'source': 'HAI Interface', 'destination-index': '3', 'study-stage': '4', 'decision-state': 0, 'vitals-state': 0, 'airspace-state': 0, 'data': {'page': 'checklist', 'action': 'showing confirm button', 'inflight': False}}
INFO:root:1721767656.810738,ID:1007,STAGE:4,SEQUENCE:1432,DATA:{'time': 1721767656.806, 'user-id': '1007', 'source': 'HAI Interface', 'destination-index': '3', 'study-stage': '4', 'decision-state': 0, 'vitals-state': 0, 'airspace-state': 0, 'data': {'page': 'checklist', 'action': 'confirm button clicked', 'inflight': False}}
INFO:root:1721767656.922573,ID:1007,STAGE:4,SEQUENCE:1432,DATA:{'time': 1721767656.902, 'user-id': 'none', 'source': 'HAI Interface', 'destination-index': 3, 'study-stage': -1, 'decision-state': 0, 'vitals-state': 0, 'airspace-state': 0, 'data': {'page': 'countdown', 'action': 'opened page'}}
INFO:root:1721767657.873403,ID:1007,STAGE:4,SEQUENCE:1432,DATA:{'time': 1721767657.868, 'user-id': '1007', 'source': 'HAI Interface', 'destination-index': '3', 'study-stage': '4', 'decision-state': 0, 'vitals-state': 0, 'airspace-state': 0, 'data': {'page': 'map', 'action': 'selected helipad', 'value': '21'}}
INFO:root:1721767657.906888,ID:1007,STAGE:4,SEQUENCE:1432,DATA:{'time': 1721767657.903, 'user-id': '1007', 'source': 'HAI Interface', 'destination-index': '3', 'study-stage': '4', 'decision-state': 0, 'vitals-state': 0, 'airspace-state': 0, 'data': {'page': 'countdown', 'action': 'countdown now 4'}}
INFO:root:1721767658.916477,ID:1007,STAGE:4,SEQUENCE:1432,DATA:{'time': 1721767658.914, 'user-id': '1007', 'source': 'HAI Interface', 'destination-index': '3', 'study-stage': '4', 'decision-state': 0, 'vitals-state': 0, 'airspace-state': 0, 'data': {'page': 'countdown', 'action': 'countdown now 3'}}
INFO:root:1721767659.909497,ID:1007,STAGE:4,SEQUENCE:1432,DATA:{'time': 1721767659.904, 'user-id': '1007', 'source': 'HAI Interface', 'destination-index': '3', 'study-stage': '4', 'decision-state': 0, 'vitals-state': 0, 'airspace-state': 0, 'data': {'page': 'countdown', 'action': 'countdown now 2'}}
INFO:root:1721767660.907037,ID:1007,STAGE:4,SEQUENCE:1432,DATA:{'time': 1721767660.903, 'user-id': '1007', 'source': 'HAI Interface', 'destination-index': '3', 'study-stage': '4', 'decision-state': 0, 'vitals-state': 0, 'airspace-state': 0, 'data': {'page': 'countdown', 'action': 'countdown now 1'}}
INFO:root:1721767661.906927,ID:1007,STAGE:4,SEQUENCE:1432,DATA:{'time': 1721767661.904, 'user-id': '1007', 'source': 'HAI Interface', 'destination-index': '3', 'study-stage': '4', 'decision-state': 0, 'vitals-state': 0, 'airspace-state': 0, 'data': {'page': 'countdown', 'action': 'countdown now 0'}}
INFO:root:1721767662.907741,ID:1007,STAGE:4,SEQUENCE:1432,DATA:{'time': 1721767662.903, 'user-id': '1007', 'source': 'HAI Interface', 'destination-index': '3', 'study-stage': '4', 'decision-state': 0, 'vitals-state': 0, 'airspace-state': 0, 'data': {'page': 'countdown', 'action': 'countdown complete'}}
INFO:root:1721767665.245142,ID:1007,STAGE:4,SEQUENCE:1432,DATA:{'time': 1721767665.238, 'user-id': '1007', 'source': 'HAI Interface', 'destination-index': '3', 'study-stage': '4', 'decision-state': 0, 'vitals-state': 0, 'airspace-state': 0, 'data': {'page': 'map', 'action': 'selected helipad', 'value': '21'}}
INFO:root:1721767668.461945,ID:1007,STAGE:4,SEQUENCE:1432,DATA:{'time': 1721767668.454, 'user-id': '1007', 'source': 'HAI Interface', 'destination-index': '3', 'study-stage': '4', 'decision-state': 0, 'vitals-state': 0, 'airspace-state': 0, 'data': {'page': 'emergency', 'action': 'trying to change destination to100'}}
INFO:root:Inflight Radio Update asked
INFO:root:sent request to set radio update complete
INFO:root:1721767673.431284,ID:1007,STAGE:4,SEQUENCE:1432,DATA:{'time': 1721767673.425, 'user-id': '1007', 'source': 'HAI Interface', 'destination-index': '3', 'study-stage': '4', 'decision-state': 0, 'vitals-state': 0, 'airspace-state': 0, 'data': {'page': 'emergency', 'action': 'trying to change destination to19'}}
INFO:root:1721767678.425858,ID:1007,STAGE:4,SEQUENCE:1432,DATA:{'time': 1721767678.417, 'user-id': '1007', 'source': 'HAI Interface', 'destination-index': '3', 'study-stage': '4', 'decision-state': 0, 'vitals-state': 0, 'airspace-state': 0, 'data': {'page': 'emergency', 'action': 'trying to change destination to19'}}
INFO:root:1721767683.381169,ID:1007,STAGE:4,SEQUENCE:1432,DATA:{'time': 1721767683.372, 'user-id': '1007', 'source': 'HAI Interface', 'destination-index': '3', 'study-stage': '4', 'decision-state': 0, 'vitals-state': 0, 'airspace-state': 0, 'data': {'page': 'emergency', 'action': 'trying to change destination to19'}}
INFO:root:1721767686.681059,ID:1007,STAGE:4,SEQUENCE:1432,DATA:{'time': 1721767686.676, 'user-id': '1007', 'source': 'HAI Interface', 'destination-index': '3', 'study-stage': '4', 'decision-state': 0, 'vitals-state': 0, 'airspace-state': 0, 'data': {'page': 'map', 'action': 'show map'}}
INFO:root:1721767686.682566,ID:1007,STAGE:4,SEQUENCE:1432,DATA:{'time': 1721767686.676, 'user-id': '1007', 'source': 'HAI Interface', 'destination-index': '3', 'study-stage': '4', 'decision-state': 0, 'vitals-state': 0, 'airspace-state': 0, 'data': {'page': 'map', 'action': 'selected helipad', 'value': '21'}}
INFO:root:1721767688.403743,ID:1007,STAGE:4,SEQUENCE:1432,DATA:{'time': 1721767688.398, 'user-id': '1007', 'source': 'HAI Interface', 'destination-index': '3', 'study-stage': '4', 'decision-state': 0, 'vitals-state': 0, 'airspace-state': 0, 'data': {'page': 'emergency', 'action': 'trying to change destination to19'}}
INFO:root:1721767693.421375,ID:1007,STAGE:4,SEQUENCE:1432,DATA:{'time': 1721767693.413, 'user-id': '1007', 'source': 'HAI Interface', 'destination-index': '3', 'study-stage': '4', 'decision-state': 0, 'vitals-state': 0, 'airspace-state': 0, 'data': {'page': 'emergency', 'action': 'trying to change destination to19'}}
INFO:root:1721767698.405783,ID:1007,STAGE:4,SEQUENCE:1432,DATA:{'time': 1721767698.4, 'user-id': '1007', 'source': 'HAI Interface', 'destination-index': '3', 'study-stage': '4', 'decision-state': 0, 'vitals-state': 0, 'airspace-state': 0, 'data': {'page': 'emergency', 'action': 'trying to change destination to19'}}
INFO:root:1721767703.414143,ID:1007,STAGE:4,SEQUENCE:1432,DATA:{'time': 1721767703.406, 'user-id': '1007', 'source': 'HAI Interface', 'destination-index': '3', 'study-stage': '4', 'decision-state': 0, 'vitals-state': 0, 'airspace-state': 0, 'data': {'page': 'emergency', 'action': 'trying to change destination to19'}}
INFO:root:1721767708.45282,ID:1007,STAGE:4,SEQUENCE:1432,DATA:{'time': 1721767708.448, 'user-id': '1007', 'source': 'HAI Interface', 'destination-index': '3', 'study-stage': '4', 'decision-state': 0, 'vitals-state': 0, 'airspace-state': 0, 'data': {'page': 'emergency', 'action': 'trying to change destination to19'}}
INFO:root:1721767713.435846,ID:1007,STAGE:4,SEQUENCE:1432,DATA:{'time': 1721767713.425, 'user-id': '1007', 'source': 'HAI Interface', 'destination-index': '3', 'study-stage': '4', 'decision-state': 0, 'vitals-state': 0, 'airspace-state': 0, 'data': {'page': 'emergency', 'action': 'trying to change destination to19'}}
INFO:root:1721767717.376031,ID:1007,STAGE:4,SEQUENCE:1432,DATA:{'time': 1721767717.371, 'user-id': '1007', 'source': 'HAI Interface', 'destination-index': '3', 'study-stage': '4', 'decision-state': 0, 'vitals-state': 0, 'airspace-state': 0, 'data': {'page': 'inflight', 'action': 'displaying vitals prompt'}}
INFO:root:1721767718.451854,ID:1007,STAGE:4,SEQUENCE:1432,DATA:{'time': 1721767718.443, 'user-id': '1007', 'source': 'HAI Interface', 'destination-index': '3', 'study-stage': '4', 'decision-state': 0, 'vitals-state': 0, 'airspace-state': 0, 'data': {'page': 'emergency', 'action': 'trying to change destination to19'}}
INFO:root:1721767723.401373,ID:1007,STAGE:4,SEQUENCE:1432,DATA:{'time': 1721767723.397, 'user-id': '1007', 'source': 'HAI Interface', 'destination-index': '3', 'study-stage': '4', 'decision-state': 0, 'vitals-state': 0, 'airspace-state': 0, 'data': {'page': 'emergency', 'action': 'trying to change destination to19'}}
INFO:root:1721767728.417904,ID:1007,STAGE:4,SEQUENCE:1432,DATA:{'time': 1721767728.409, 'user-id': '1007', 'source': 'HAI Interface', 'destination-index': '3', 'study-stage': '4', 'decision-state': 0, 'vitals-state': 0, 'airspace-state': 0, 'data': {'page': 'emergency', 'action': 'trying to change destination to19'}}
INFO:root:1721767730.469152,ID:1007,STAGE:4,SEQUENCE:1432,DATA:{'time': 1721767730.467, 'source': 'VitalsTask', 'timer': 708.872, 'data': {'sensor': 'Heart Rate', 'action': 'opened sensor tab'}}
INFO:root:1721767733.497884,ID:1007,STAGE:4,SEQUENCE:1432,DATA:{'time': 1721767733.486, 'user-id': '1007', 'source': 'HAI Interface', 'destination-index': '3', 'study-stage': '4', 'decision-state': 0, 'vitals-state': 0, 'airspace-state': 0, 'data': {'page': 'emergency', 'action': 'trying to change destination to19'}}
INFO:root:1721767734.457328,ID:1007,STAGE:4,SEQUENCE:1432,DATA:{'time': 1721767734.454, 'source': 'VitalsTask', 'timer': 712.859, 'data': {'sensor': 'Heart Rate', 'action': 'capture', 'data': 'action button pressed'}}
INFO:root:1721767734.458326,ID:1007,STAGE:4,SEQUENCE:1432,DATA:{'time': 1721767734.455, 'source': 'VitalsTask', 'timer': 712.86, 'data': {'sensor': 'Heart Rate', 'action': 'capture', 'data': 'starting sensor action'}}
INFO:root:1721767735.473622,ID:1007,STAGE:4,SEQUENCE:1432,DATA:{'time': 1721767735.471, 'source': 'VitalsTask', 'timer': 713.876, 'data': {'sensor': 'Heart Rate', 'action': 'capture', 'data': 'sensor action complete'}}
INFO:root:1721767735.475617,ID:1007,STAGE:4,SEQUENCE:1432,DATA:{'time': 1721767735.471, 'source': 'VitalsTask', 'timer': 713.876, 'data': {'sensor': 'Heart Rate', 'action': 'keypad open'}}
INFO:root:1721767738.421492,ID:1007,STAGE:4,SEQUENCE:1432,DATA:{'time': 1721767738.417, 'user-id': '1007', 'source': 'HAI Interface', 'destination-index': '3', 'study-stage': '4', 'decision-state': 0, 'vitals-state': 0, 'airspace-state': 0, 'data': {'page': 'emergency', 'action': 'trying to change destination to19'}}
INFO:root:1721767739.385817,ID:1007,STAGE:4,SEQUENCE:1432,DATA:{'time': 1721767739.383, 'source': 'VitalsTask', 'timer': 717.788, 'data': {'sensor': 'Heart Rate', 'action': 'keypad press', 'key': 5, 'value': 5}}
INFO:root:1721767740.150115,ID:1007,STAGE:4,SEQUENCE:1432,DATA:{'time': 1721767740.148, 'source': 'VitalsTask', 'timer': 718.553, 'data': {'sensor': 'Heart Rate', 'action': 'keypad press', 'key': 5, 'value': 55}}
INFO:root:1721767743.415447,ID:1007,STAGE:4,SEQUENCE:1432,DATA:{'time': 1721767743.406, 'user-id': '1007', 'source': 'HAI Interface', 'destination-index': '3', 'study-stage': '4', 'decision-state': 0, 'vitals-state': 0, 'airspace-state': 0, 'data': {'page': 'emergency', 'action': 'trying to change destination to19'}}
INFO:root:1721767743.459831,ID:1007,STAGE:4,SEQUENCE:1432,DATA:{'time': 1721767743.457, 'source': 'VitalsTask', 'timer': 721.862, 'data': {'sensor': 'Heart Rate', 'action': 'show action buttons'}}
INFO:root:1721767743.461865,ID:1007,STAGE:4,SEQUENCE:1432,DATA:{'time': 1721767743.458, 'source': 'VitalsTask', 'timer': 721.863, 'data': {'sensor': 'Heart Rate', 'action': 'keypad press', 'key': 10, 'value': 55}}
INFO:root:1721767745.588609,ID:1007,STAGE:4,SEQUENCE:1432,DATA:{'time': 1721767745.586, 'source': 'VitalsTask', 'timer': 723.991, 'data': {'sensor': 'Heart Rate', 'action': 'log', 'data': 'action button pressed'}}
INFO:root:1721767745.589612,ID:1007,STAGE:4,SEQUENCE:1432,DATA:{'time': 1721767745.586, 'source': 'VitalsTask', 'timer': 723.991, 'data': {'sensor': 'Heart Rate', 'action': 'log', 'data': 'starting sensor action'}}
INFO:root:1721767746.60144,ID:1007,STAGE:4,SEQUENCE:1432,DATA:{'time': 1721767746.599, 'source': 'VitalsTask', 'timer': 725.004, 'data': {'sensor': 'Heart Rate', 'action': 'log', 'data': 'sensor action complete'}}
INFO:root:1721767748.431128,ID:1007,STAGE:4,SEQUENCE:1432,DATA:{'time': 1721767748.426, 'user-id': '1007', 'source': 'HAI Interface', 'destination-index': '3', 'study-stage': '4', 'decision-state': 0, 'vitals-state': 0, 'airspace-state': 0, 'data': {'page': 'emergency', 'action': 'trying to change destination to19'}}
INFO:root:1721767750.39377,ID:1007,STAGE:4,SEQUENCE:1432,DATA:{'time': 1721767750.39, 'source': 'VitalsTask', 'timer': 728.795, 'data': {'sensor': 'Heart Rate', 'action': 'save', 'data': 'action button pressed'}}
INFO:root:1721767750.395764,ID:1007,STAGE:4,SEQUENCE:1432,DATA:{'time': 1721767750.39, 'source': 'VitalsTask', 'timer': 728.795, 'data': {'sensor': 'Heart Rate', 'action': 'save', 'data': 'starting sensor action'}}
INFO:root:1721767751.407407,ID:1007,STAGE:4,SEQUENCE:1432,DATA:{'time': 1721767751.407, 'source': 'VitalsTask', 'timer': 729.812, 'data': {'sensor': 'Heart Rate', 'action': 'save', 'data': 'sensor action complete'}}
INFO:root:1721767752.508347,ID:1007,STAGE:4,SEQUENCE:1432,DATA:{'time': 1721767752.506, 'source': 'VitalsTask', 'timer': 730.911, 'data': {'sensor': 'O\u2082 Saturation', 'action': 'opened sensor tab'}}
INFO:root:1721767753.416509,ID:1007,STAGE:4,SEQUENCE:1432,DATA:{'time': 1721767753.408, 'user-id': '1007', 'source': 'HAI Interface', 'destination-index': '3', 'study-stage': '4', 'decision-state': 0, 'vitals-state': 0, 'airspace-state': 0, 'data': {'page': 'emergency', 'action': 'trying to change destination to19'}}
INFO:root:1721767754.673536,ID:1007,STAGE:4,SEQUENCE:1432,DATA:{'time': 1721767754.67, 'source': 'VitalsTask', 'timer': 733.075, 'data': {'sensor': 'O\u2082 Saturation', 'action': 'capture', 'data': 'action button pressed'}}
INFO:root:1721767754.675531,ID:1007,STAGE:4,SEQUENCE:1432,DATA:{'time': 1721767754.67, 'source': 'VitalsTask', 'timer': 733.075, 'data': {'sensor': 'O\u2082 Saturation', 'action': 'capture', 'data': 'starting sensor action'}}
INFO:root:1721767755.684637,ID:1007,STAGE:4,SEQUENCE:1432,DATA:{'time': 1721767755.683, 'source': 'VitalsTask', 'timer': 734.088, 'data': {'sensor': 'O\u2082 Saturation', 'action': 'capture', 'data': 'sensor action complete'}}
INFO:root:1721767755.68914,ID:1007,STAGE:4,SEQUENCE:1432,DATA:{'time': 1721767755.683, 'source': 'VitalsTask', 'timer': 734.088, 'data': {'sensor': 'O\u2082 Saturation', 'action': 'keypad open'}}
INFO:root:1721767757.250998,ID:1007,STAGE:4,SEQUENCE:1432,DATA:{'time': 1721767757.25, 'source': 'VitalsTask', 'timer': 735.655, 'data': {'sensor': 'O\u2082 Saturation', 'action': 'keypad press', 'key': 1, 'value': 1}}
INFO:root:1721767758.445905,ID:1007,STAGE:4,SEQUENCE:1432,DATA:{'time': 1721767758.437, 'user-id': '1007', 'source': 'HAI Interface', 'destination-index': '3', 'study-stage': '4', 'decision-state': 0, 'vitals-state': 0, 'airspace-state': 0, 'data': {'page': 'emergency', 'action': 'trying to change destination to19'}}
INFO:root:1721767759.699703,ID:1007,STAGE:4,SEQUENCE:1432,DATA:{'time': 1721767759.698, 'source': 'VitalsTask', 'timer': 738.103, 'data': {'sensor': 'O\u2082 Saturation', 'action': 'keypad press', 'key': 11, 'value': 10}}
INFO:root:1721767760.160359,ID:1007,STAGE:4,SEQUENCE:1432,DATA:{'time': 1721767760.158, 'source': 'VitalsTask', 'timer': 738.563, 'data': {'sensor': 'O\u2082 Saturation', 'action': 'keypad press', 'key': 11, 'value': 100}}
INFO:root:1721767762.249396,ID:1007,STAGE:4,SEQUENCE:1432,DATA:{'time': 1721767762.247, 'source': 'VitalsTask', 'timer': 740.652, 'data': {'sensor': 'O\u2082 Saturation', 'action': 'show action buttons'}}
INFO:root:1721767762.25139,ID:1007,STAGE:4,SEQUENCE:1432,DATA:{'time': 1721767762.248, 'source': 'VitalsTask', 'timer': 740.653, 'data': {'sensor': 'O\u2082 Saturation', 'action': 'keypad press', 'key': 10, 'value': 100}}
INFO:root:1721767763.421009,ID:1007,STAGE:4,SEQUENCE:1432,DATA:{'time': 1721767763.416, 'user-id': '1007', 'source': 'HAI Interface', 'destination-index': '3', 'study-stage': '4', 'decision-state': 0, 'vitals-state': 0, 'airspace-state': 0, 'data': {'page': 'emergency', 'action': 'trying to change destination to19'}}
INFO:root:1721767764.963152,ID:1007,STAGE:4,SEQUENCE:1432,DATA:{'time': 1721767764.959, 'source': 'VitalsTask', 'timer': 743.364, 'data': {'sensor': 'O\u2082 Saturation', 'action': 'log', 'data': 'action button pressed'}}
INFO:root:1721767764.96515,ID:1007,STAGE:4,SEQUENCE:1432,DATA:{'time': 1721767764.961, 'source': 'VitalsTask', 'timer': 743.366, 'data': {'sensor': 'O\u2082 Saturation', 'action': 'log', 'data': 'starting sensor action'}}
INFO:root:1721767765.9772,ID:1007,STAGE:4,SEQUENCE:1432,DATA:{'time': 1721767765.975, 'source': 'VitalsTask', 'timer': 744.38, 'data': {'sensor': 'O\u2082 Saturation', 'action': 'log', 'data': 'sensor action complete'}}
INFO:root:1721767766.875869,ID:1007,STAGE:4,SEQUENCE:1432,DATA:{'time': 1721767766.871, 'source': 'VitalsTask', 'timer': 745.276, 'data': {'sensor': 'O\u2082 Saturation', 'action': 'save', 'data': 'action button pressed'}}
INFO:root:1721767766.877377,ID:1007,STAGE:4,SEQUENCE:1432,DATA:{'time': 1721767766.872, 'source': 'VitalsTask', 'timer': 745.277, 'data': {'sensor': 'O\u2082 Saturation', 'action': 'save', 'data': 'starting sensor action'}}
INFO:root:1721767767.889231,ID:1007,STAGE:4,SEQUENCE:1432,DATA:{'time': 1721767767.884, 'source': 'VitalsTask', 'timer': 746.289, 'data': {'sensor': 'O\u2082 Saturation', 'action': 'save', 'data': 'sensor action complete'}}
INFO:root:1721767768.468396,ID:1007,STAGE:4,SEQUENCE:1432,DATA:{'time': 1721767768.463, 'user-id': '1007', 'source': 'HAI Interface', 'destination-index': '3', 'study-stage': '4', 'decision-state': 0, 'vitals-state': 0, 'airspace-state': 0, 'data': {'page': 'emergency', 'action': 'trying to change destination to19'}}
INFO:root:Inflight Radio Update asked
INFO:root:sent request to set radio update complete
INFO:root:1721767772.080463,ID:1007,STAGE:4,SEQUENCE:1432,DATA:{'time': 1721767772.079, 'source': 'VitalsTask', 'timer': 750.484, 'data': {'sensor': 'Blood Pressure', 'action': 'opened sensor tab'}}
INFO:root:1721767773.480297,ID:1007,STAGE:4,SEQUENCE:1432,DATA:{'time': 1721767773.472, 'user-id': '1007', 'source': 'HAI Interface', 'destination-index': '3', 'study-stage': '4', 'decision-state': 0, 'vitals-state': 0, 'airspace-state': 0, 'data': {'page': 'emergency', 'action': 'trying to change destination to19'}}
INFO:root:1721767775.809759,ID:1007,STAGE:4,SEQUENCE:1432,DATA:{'time': 1721767775.806, 'source': 'VitalsTask', 'timer': 754.211, 'data': {'sensor': 'Blood Pressure', 'action': 'capture', 'data': 'action button pressed'}}
INFO:root:1721767775.812606,ID:1007,STAGE:4,SEQUENCE:1432,DATA:{'time': 1721767775.806, 'source': 'VitalsTask', 'timer': 754.211, 'data': {'sensor': 'Blood Pressure', 'action': 'capture', 'data': 'starting sensor action'}}
INFO:root:1721767776.821876,ID:1007,STAGE:4,SEQUENCE:1432,DATA:{'time': 1721767776.819, 'source': 'VitalsTask', 'timer': 755.224, 'data': {'sensor': 'Blood Pressure', 'action': 'capture', 'data': 'sensor action complete'}}
INFO:root:1721767776.823871,ID:1007,STAGE:4,SEQUENCE:1432,DATA:{'time': 1721767776.82, 'source': 'VitalsTask', 'timer': 755.225, 'data': {'sensor': 'Blood Pressure', 'action': 'keypad open'}}
INFO:root:1721767778.482911,ID:1007,STAGE:4,SEQUENCE:1432,DATA:{'time': 1721767778.477, 'user-id': '1007', 'source': 'HAI Interface', 'destination-index': '3', 'study-stage': '4', 'decision-state': 0, 'vitals-state': 0, 'airspace-state': 0, 'data': {'page': 'emergency', 'action': 'trying to change destination to19'}}
INFO:root:1721767779.652552,ID:1007,STAGE:4,SEQUENCE:1432,DATA:{'time': 1721767779.651, 'source': 'VitalsTask', 'timer': 758.056, 'data': {'sensor': 'Blood Pressure', 'action': 'keypad press', 'key': 1, 'value': 1}}
INFO:root:1721767781.158108,ID:1007,STAGE:4,SEQUENCE:1432,DATA:{'time': 1721767781.153, 'source': 'VitalsTask', 'timer': 759.558, 'data': {'sensor': 'Blood Pressure', 'action': 'keypad press', 'key': 2, 'value': 12}}
INFO:root:1721767782.88512,ID:1007,STAGE:4,SEQUENCE:1432,DATA:{'time': 1721767782.883, 'source': 'VitalsTask', 'timer': 761.288, 'data': {'sensor': 'Blood Pressure', 'action': 'keypad press', 'key': 11, 'value': 120}}
INFO:root:1721767783.425926,ID:1007,STAGE:4,SEQUENCE:1432,DATA:{'time': 1721767783.42, 'user-id': '1007', 'source': 'HAI Interface', 'destination-index': '3', 'study-stage': '4', 'decision-state': 0, 'vitals-state': 0, 'airspace-state': 0, 'data': {'page': 'emergency', 'action': 'trying to change destination to19'}}
INFO:root:1721767784.777736,ID:1007,STAGE:4,SEQUENCE:1432,DATA:{'time': 1721767784.774, 'source': 'VitalsTask', 'timer': 763.179, 'data': {'sensor': 'Blood Pressure', 'action': 'keypad press', 'key': 8, 'value': 1208}}
INFO:root:1721767785.918819,ID:1007,STAGE:4,SEQUENCE:1432,DATA:{'time': 1721767785.917, 'source': 'VitalsTask', 'timer': 764.322, 'data': {'sensor': 'Blood Pressure', 'action': 'keypad press', 'key': 11, 'value': 12080}}
INFO:root:1721767786.981648,ID:1007,STAGE:4,SEQUENCE:1432,DATA:{'time': 1721767786.979, 'source': 'VitalsTask', 'timer': 765.384, 'data': {'sensor': 'Blood Pressure', 'action': 'show action buttons'}}
INFO:root:1721767786.983166,ID:1007,STAGE:4,SEQUENCE:1432,DATA:{'time': 1721767786.98, 'source': 'VitalsTask', 'timer': 765.385, 'data': {'sensor': 'Blood Pressure', 'action': 'keypad press', 'key': 10, 'value': 12080}}
INFO:root:1721767788.408667,ID:1007,STAGE:4,SEQUENCE:1432,DATA:{'time': 1721767788.405, 'source': 'VitalsTask', 'timer': 766.81, 'data': {'sensor': 'Blood Pressure', 'action': 'log', 'data': 'action button pressed'}}
INFO:root:1721767788.410663,ID:1007,STAGE:4,SEQUENCE:1432,DATA:{'time': 1721767788.405, 'source': 'VitalsTask', 'timer': 766.81, 'data': {'sensor': 'Blood Pressure', 'action': 'log', 'data': 'starting sensor action'}}
INFO:root:1721767788.472445,ID:1007,STAGE:4,SEQUENCE:1432,DATA:{'time': 1721767788.467, 'user-id': '1007', 'source': 'HAI Interface', 'destination-index': '3', 'study-stage': '4', 'decision-state': 0, 'vitals-state': 0, 'airspace-state': 0, 'data': {'page': 'emergency', 'action': 'trying to change destination to19'}}
INFO:root:1721767789.423244,ID:1007,STAGE:4,SEQUENCE:1432,DATA:{'time': 1721767789.421, 'source': 'VitalsTask', 'timer': 767.826, 'data': {'sensor': 'Blood Pressure', 'action': 'log', 'data': 'sensor action complete'}}
INFO:root:SimConnect Error in /var
INFO:SimConnect.SimConnect:SIM OPEN
INFO:root:1721767790.893323,ID:1007,STAGE:4,SEQUENCE:1432,DATA:{'time': 1721767790.888, 'source': 'VitalsTask', 'timer': 769.293, 'data': {'sensor': 'Blood Pressure', 'action': 'save', 'data': 'action button pressed'}}
INFO:root:1721767790.895318,ID:1007,STAGE:4,SEQUENCE:1432,DATA:{'time': 1721767790.888, 'source': 'VitalsTask', 'timer': 769.293, 'data': {'sensor': 'Blood Pressure', 'action': 'save', 'data': 'starting sensor action'}}
INFO:root:1721767791.903032,ID:1007,STAGE:4,SEQUENCE:1432,DATA:{'time': 1721767791.901, 'source': 'VitalsTask', 'timer': 770.306, 'data': {'sensor': 'Blood Pressure', 'action': 'save', 'data': 'sensor action complete'}}
INFO:root:1721767793.497041,ID:1007,STAGE:4,SEQUENCE:1432,DATA:{'time': 1721767793.486, 'user-id': '1007', 'source': 'HAI Interface', 'destination-index': '3', 'study-stage': '4', 'decision-state': 0, 'vitals-state': 0, 'airspace-state': 0, 'data': {'page': 'emergency', 'action': 'trying to change destination to19'}}
INFO:root:1721767794.370612,ID:1007,STAGE:4,SEQUENCE:1432,DATA:{'time': 1721767794.365, 'source': 'VitalsTask', 'timer': 772.77, 'data': {'sensor': 'submit', 'action': 'submit'}}
INFO:root:1721767794.374601,ID:1007,STAGE:4,SEQUENCE:1432,DATA:{'time': 1721767794.366, 'source': 'VitalsTask', 'timer': 772.771, 'data': {'sensor': 'submit', 'action': 'submit', 'data': 'submit succeeded'}}
INFO:root:1721767797.232279,ID:1007,STAGE:4,SEQUENCE:1432,DATA:{'time': 1721767797.228, 'user-id': '1007', 'source': 'HAI Interface', 'destination-index': '3', 'study-stage': '4', 'decision-state': 0, 'vitals-state': 0, 'airspace-state': 0, 'data': {'page': 'inflight', 'action': 'user acknowledged vitals prompt'}}
INFO:root:1721767798.448511,ID:1007,STAGE:4,SEQUENCE:1432,DATA:{'time': 1721767798.434, 'user-id': '1007', 'source': 'HAI Interface', 'destination-index': '3', 'study-stage': '4', 'decision-state': 0, 'vitals-state': 0, 'airspace-state': 0, 'data': {'page': 'emergency', 'action': 'trying to change destination to19'}}
INFO:root:1721767803.507264,ID:1007,STAGE:4,SEQUENCE:1432,DATA:{'time': 1721767803.498, 'user-id': '1007', 'source': 'HAI Interface', 'destination-index': '3', 'study-stage': '4', 'decision-state': 0, 'vitals-state': 0, 'airspace-state': 0, 'data': {'page': 'emergency', 'action': 'trying to change destination to19'}}
INFO:root:1721767808.56701,ID:1007,STAGE:4,SEQUENCE:1432,DATA:{'time': 1721767808.553, 'user-id': '1007', 'source': 'HAI Interface', 'destination-index': '3', 'study-stage': '4', 'decision-state': 0, 'vitals-state': 0, 'airspace-state': 0, 'data': {'page': 'emergency', 'action': 'trying to change destination to19'}}
INFO:root:1721767813.499415,ID:1007,STAGE:4,SEQUENCE:1432,DATA:{'time': 1721767813.487, 'user-id': '1007', 'source': 'HAI Interface', 'destination-index': '3', 'study-stage': '4', 'decision-state': 0, 'vitals-state': 0, 'airspace-state': 0, 'data': {'page': 'emergency', 'action': 'trying to change destination to19'}}
INFO:root:1721767816.089832,ID:1007,STAGE:4,SEQUENCE:1432,DATA:{'time': 1721767816.086, 'user-id': '1007', 'source': 'HAI Interface', 'destination-index': '3', 'study-stage': '4', 'decision-state': 0, 'vitals-state': 0, 'airspace-state': 0, 'data': {'page': 'inflight', 'action': 'displaying vitals prompt'}}
INFO:root:1721767818.513948,ID:1007,STAGE:4,SEQUENCE:1432,DATA:{'time': 1721767818.505, 'user-id': '1007', 'source': 'HAI Interface', 'destination-index': '3', 'study-stage': '4', 'decision-state': 0, 'vitals-state': 0, 'airspace-state': 0, 'data': {'page': 'emergency', 'action': 'trying to change destination to19'}}
INFO:root:1721767818.860056,ID:1007,STAGE:4,SEQUENCE:1432,DATA:{'time': 1721767818.852, 'user-id': '1007', 'source': 'HAI Interface', 'destination-index': '3', 'study-stage': '4', 'decision-state': 0, 'vitals-state': 0, 'airspace-state': 0, 'data': {'page': 'inflight', 'action': 'user acknowledged vitals prompt'}}
INFO:root:1721767823.505949,ID:1007,STAGE:4,SEQUENCE:1432,DATA:{'time': 1721767823.493, 'user-id': '1007', 'source': 'HAI Interface', 'destination-index': '3', 'study-stage': '4', 'decision-state': 0, 'vitals-state': 0, 'airspace-state': 0, 'data': {'page': 'emergency', 'action': 'trying to change destination to19'}}
INFO:root:1721767828.507848,ID:1007,STAGE:4,SEQUENCE:1432,DATA:{'time': 1721767828.499, 'user-id': '1007', 'source': 'HAI Interface', 'destination-index': '3', 'study-stage': '4', 'decision-state': 0, 'vitals-state': 0, 'airspace-state': 0, 'data': {'page': 'emergency', 'action': 'trying to change destination to19'}}
INFO:root:1721767833.49173,ID:1007,STAGE:4,SEQUENCE:1432,DATA:{'time': 1721767833.48, 'user-id': '1007', 'source': 'HAI Interface', 'destination-index': '3', 'study-stage': '4', 'decision-state': 0, 'vitals-state': 0, 'airspace-state': 0, 'data': {'page': 'emergency', 'action': 'trying to change destination to19'}}
INFO:root:1721767839.186219,ID:1007,STAGE:4,SEQUENCE:1432,DATA:{'time': 1721767839.18, 'user-id': '1007', 'source': 'HAI Interface', 'destination-index': '3', 'study-stage': '4', 'decision-state': 0, 'vitals-state': 0, 'airspace-state': 0, 'data': {'page': 'emergency', 'action': 'trying to change destination to19'}}
INFO:root:1721767839.189211,ID:1007,STAGE:4,SEQUENCE:1432,DATA:{'time': 1721767839.18, 'user-id': '1007', 'source': 'HAI Interface', 'destination-index': '3', 'study-stage': '4', 'decision-state': 0, 'vitals-state': 0, 'airspace-state': 0, 'data': {'page': 'emergency', 'action': 'show Pressure Miscalibrated Warning, hide map'}}
INFO:root:1721767839.196736,ID:1007,STAGE:4,SEQUENCE:1432,DATA:{'time': 1721767839.181, 'user-id': '1007', 'source': 'HAI Interface', 'destination-index': '3', 'study-stage': '4', 'decision-state': 0, 'vitals-state': 0, 'airspace-state': 0, 'data': {'page': 'map', 'action': 'hide map'}}
INFO:root:1721767839.202234,ID:1007,STAGE:4,SEQUENCE:1432,DATA:{'time': 1721767839.182, 'user-id': '1007', 'source': 'HAI Interface', 'destination-index': '3', 'study-stage': '4', 'decision-state': 0, 'vitals-state': 0, 'airspace-state': 0, 'data': {'page': 'Inflight', 'action': 'Pressure Warning alert activated'}}
INFO:root:1721767843.44898,ID:1007,STAGE:4,SEQUENCE:1432,DATA:{'time': 1721767843.444, 'user-id': '1007', 'source': 'HAI Interface', 'destination-index': '3', 'study-stage': '4', 'decision-state': 0, 'vitals-state': 0, 'airspace-state': 0, 'data': {'page': 'emergency', 'action': 'trying to change destination to19'}}
INFO:root:1721767843.456959,ID:1007,STAGE:4,SEQUENCE:1432,DATA:{'time': 1721767843.444, 'user-id': '1007', 'source': 'HAI Interface', 'destination-index': '3', 'study-stage': '4', 'decision-state': 0, 'vitals-state': 0, 'airspace-state': 0, 'data': {'page': 'emergency', 'action': 'show Pressure Miscalibrated Warning, hide map'}}
INFO:root:1721767843.457957,ID:1007,STAGE:4,SEQUENCE:1432,DATA:{'time': 1721767843.444, 'user-id': '1007', 'source': 'HAI Interface', 'destination-index': '3', 'study-stage': '4', 'decision-state': 0, 'vitals-state': 0, 'airspace-state': 0, 'data': {'page': 'map', 'action': 'hide map'}}
INFO:root:1721767843.45995,ID:1007,STAGE:4,SEQUENCE:1432,DATA:{'time': 1721767843.445, 'user-id': '1007', 'source': 'HAI Interface', 'destination-index': '3', 'study-stage': '4', 'decision-state': 0, 'vitals-state': 0, 'airspace-state': 0, 'data': {'page': 'Inflight', 'action': 'Pressure Warning alert activated'}}
INFO:root:1721767843.816029,ID:1007,STAGE:4,SEQUENCE:1432,DATA:{'time': 1721767843.811, 'user-id': '1007', 'source': 'HAI Interface', 'destination-index': '3', 'study-stage': '4', 'decision-state': 0, 'vitals-state': 0, 'airspace-state': 0, 'data': {'page': 'Inflight', 'action': 'Pressure Warning- show info button pressed'}}
INFO:root:1721767846.651454,ID:1007,STAGE:4,SEQUENCE:1432,DATA:{'time': 1721767846.646, 'user-id': '1007', 'source': 'HAI Interface', 'destination-index': '3', 'study-stage': '4', 'decision-state': 0, 'vitals-state': 0, 'airspace-state': 0, 'data': {'page': 'Inflight', 'action': 'Pressure Warning- submit button pressed with pressure value as:'}}
INFO:root:1721767846.653347,ID:1007,STAGE:4,SEQUENCE:1432,DATA:{'time': 1721767846.647, 'user-id': '1007', 'source': 'HAI Interface', 'destination-index': '3', 'study-stage': '4', 'decision-state': 0, 'vitals-state': 0, 'airspace-state': 0, 'data': {'page': 'Inflight', 'action': 'Pressure Warning- wrong pressure value entered'}}
INFO:root:1721767848.471249,ID:1007,STAGE:4,SEQUENCE:1432,DATA:{'time': 1721767848.463, 'user-id': '1007', 'source': 'HAI Interface', 'destination-index': '3', 'study-stage': '4', 'decision-state': 0, 'vitals-state': 0, 'airspace-state': 0, 'data': {'page': 'emergency', 'action': 'trying to change destination to19'}}
INFO:root:1721767848.473244,ID:1007,STAGE:4,SEQUENCE:1432,DATA:{'time': 1721767848.464, 'user-id': '1007', 'source': 'HAI Interface', 'destination-index': '3', 'study-stage': '4', 'decision-state': 0, 'vitals-state': 0, 'airspace-state': 0, 'data': {'page': 'emergency', 'action': 'show Pressure Miscalibrated Warning, hide map'}}
INFO:root:1721767848.479246,ID:1007,STAGE:4,SEQUENCE:1432,DATA:{'time': 1721767848.464, 'user-id': '1007', 'source': 'HAI Interface', 'destination-index': '3', 'study-stage': '4', 'decision-state': 0, 'vitals-state': 0, 'airspace-state': 0, 'data': {'page': 'map', 'action': 'hide map'}}
INFO:root:1721767848.481751,ID:1007,STAGE:4,SEQUENCE:1432,DATA:{'time': 1721767848.465, 'user-id': '1007', 'source': 'HAI Interface', 'destination-index': '3', 'study-stage': '4', 'decision-state': 0, 'vitals-state': 0, 'airspace-state': 0, 'data': {'page': 'Inflight', 'action': 'Pressure Warning alert activated'}}
INFO:root:1721767849.890899,ID:1007,STAGE:4,SEQUENCE:1432,DATA:{'time': 1721767849.885, 'user-id': '1007', 'source': 'HAI Interface', 'destination-index': '3', 'study-stage': '4', 'decision-state': 0, 'vitals-state': 0, 'airspace-state': 0, 'data': {'page': 'Inflight', 'action': 'Pressure Warning- submit button pressed with pressure value as:'}}
INFO:root:1721767849.892046,ID:1007,STAGE:4,SEQUENCE:1432,DATA:{'time': 1721767849.885, 'user-id': '1007', 'source': 'HAI Interface', 'destination-index': '3', 'study-stage': '4', 'decision-state': 0, 'vitals-state': 0, 'airspace-state': 0, 'data': {'page': 'Inflight', 'action': 'Pressure Warning- wrong pressure value entered'}}
INFO:root:1721767853.476669,ID:1007,STAGE:4,SEQUENCE:1432,DATA:{'time': 1721767853.467, 'user-id': '1007', 'source': 'HAI Interface', 'destination-index': '3', 'study-stage': '4', 'decision-state': 0, 'vitals-state': 0, 'airspace-state': 0, 'data': {'page': 'emergency', 'action': 'trying to change destination to19'}}
INFO:root:1721767853.480659,ID:1007,STAGE:4,SEQUENCE:1432,DATA:{'time': 1721767853.467, 'user-id': '1007', 'source': 'HAI Interface', 'destination-index': '3', 'study-stage': '4', 'decision-state': 0, 'vitals-state': 0, 'airspace-state': 0, 'data': {'page': 'emergency', 'action': 'show Pressure Miscalibrated Warning, hide map'}}
INFO:root:1721767853.487639,ID:1007,STAGE:4,SEQUENCE:1432,DATA:{'time': 1721767853.468, 'user-id': '1007', 'source': 'HAI Interface', 'destination-index': '3', 'study-stage': '4', 'decision-state': 0, 'vitals-state': 0, 'airspace-state': 0, 'data': {'page': 'map', 'action': 'hide map'}}
INFO:root:1721767853.490631,ID:1007,STAGE:4,SEQUENCE:1432,DATA:{'time': 1721767853.468, 'user-id': '1007', 'source': 'HAI Interface', 'destination-index': '3', 'study-stage': '4', 'decision-state': 0, 'vitals-state': 0, 'airspace-state': 0, 'data': {'page': 'Inflight', 'action': 'Pressure Warning alert activated'}}
INFO:root:1721767858.462631,ID:1007,STAGE:4,SEQUENCE:1432,DATA:{'time': 1721767858.455, 'user-id': '1007', 'source': 'HAI Interface', 'destination-index': '3', 'study-stage': '4', 'decision-state': 0, 'vitals-state': 0, 'airspace-state': 0, 'data': {'page': 'emergency', 'action': 'trying to change destination to19'}}
INFO:root:1721767858.464658,ID:1007,STAGE:4,SEQUENCE:1432,DATA:{'time': 1721767858.455, 'user-id': '1007', 'source': 'HAI Interface', 'destination-index': '3', 'study-stage': '4', 'decision-state': 0, 'vitals-state': 0, 'airspace-state': 0, 'data': {'page': 'emergency', 'action': 'show Pressure Miscalibrated Warning, hide map'}}
INFO:root:1721767858.467649,ID:1007,STAGE:4,SEQUENCE:1432,DATA:{'time': 1721767858.456, 'user-id': '1007', 'source': 'HAI Interface', 'destination-index': '3', 'study-stage': '4', 'decision-state': 0, 'vitals-state': 0, 'airspace-state': 0, 'data': {'page': 'map', 'action': 'hide map'}}
INFO:root:1721767858.472149,ID:1007,STAGE:4,SEQUENCE:1432,DATA:{'time': 1721767858.456, 'user-id': '1007', 'source': 'HAI Interface', 'destination-index': '3', 'study-stage': '4', 'decision-state': 0, 'vitals-state': 0, 'airspace-state': 0, 'data': {'page': 'Inflight', 'action': 'Pressure Warning alert activated'}}
INFO:root:1721767859.682184,ID:1007,STAGE:4,SEQUENCE:1432,DATA:{'time': 1721767859.677, 'user-id': '1007', 'source': 'HAI Interface', 'destination-index': '3', 'study-stage': '4', 'decision-state': 0, 'vitals-state': 0, 'airspace-state': 0, 'data': {'page': 'Inflight', 'action': 'Pressure Warning- submit button pressed with pressure value as:'}}
INFO:root:1721767859.685176,ID:1007,STAGE:4,SEQUENCE:1432,DATA:{'time': 1721767859.678, 'user-id': '1007', 'source': 'HAI Interface', 'destination-index': '3', 'study-stage': '4', 'decision-state': 0, 'vitals-state': 0, 'airspace-state': 0, 'data': {'page': 'Inflight', 'action': 'Pressure Warning- wrong pressure value entered'}}
INFO:root:1721767863.538827,ID:1007,STAGE:4,SEQUENCE:1432,DATA:{'time': 1721767863.53, 'user-id': '1007', 'source': 'HAI Interface', 'destination-index': '3', 'study-stage': '4', 'decision-state': 0, 'vitals-state': 0, 'airspace-state': 0, 'data': {'page': 'emergency', 'action': 'trying to change destination to19'}}
INFO:root:1721767863.540821,ID:1007,STAGE:4,SEQUENCE:1432,DATA:{'time': 1721767863.531, 'user-id': '1007', 'source': 'HAI Interface', 'destination-index': '3', 'study-stage': '4', 'decision-state': 0, 'vitals-state': 0, 'airspace-state': 0, 'data': {'page': 'emergency', 'action': 'show Pressure Miscalibrated Warning, hide map'}}
INFO:root:1721767863.544321,ID:1007,STAGE:4,SEQUENCE:1432,DATA:{'time': 1721767863.531, 'user-id': '1007', 'source': 'HAI Interface', 'destination-index': '3', 'study-stage': '4', 'decision-state': 0, 'vitals-state': 0, 'airspace-state': 0, 'data': {'page': 'map', 'action': 'hide map'}}
INFO:root:1721767863.549314,ID:1007,STAGE:4,SEQUENCE:1432,DATA:{'time': 1721767863.532, 'user-id': '1007', 'source': 'HAI Interface', 'destination-index': '3', 'study-stage': '4', 'decision-state': 0, 'vitals-state': 0, 'airspace-state': 0, 'data': {'page': 'Inflight', 'action': 'Pressure Warning alert activated'}}
INFO:root:Pressure Warning alert given, sent request to clear pressure_warning_alert
INFO:root:1721767868.533723,ID:1007,STAGE:4,SEQUENCE:1432,DATA:{'time': 1721767868.525, 'user-id': '1007', 'source': 'HAI Interface', 'destination-index': '3', 'study-stage': '4', 'decision-state': 0, 'vitals-state': 0, 'airspace-state': 0, 'data': {'page': 'emergency', 'action': 'trying to change destination to19'}}
INFO:root:1721767868.535719,ID:1007,STAGE:4,SEQUENCE:1432,DATA:{'time': 1721767868.526, 'user-id': '1007', 'source': 'HAI Interface', 'destination-index': '3', 'study-stage': '4', 'decision-state': 0, 'vitals-state': 0, 'airspace-state': 0, 'data': {'page': 'emergency', 'action': 'show Pressure Miscalibrated Warning, hide map'}}
INFO:root:1721767868.541728,ID:1007,STAGE:4,SEQUENCE:1432,DATA:{'time': 1721767868.526, 'user-id': '1007', 'source': 'HAI Interface', 'destination-index': '3', 'study-stage': '4', 'decision-state': 0, 'vitals-state': 0, 'airspace-state': 0, 'data': {'page': 'map', 'action': 'hide map'}}
INFO:root:1721767868.54472,ID:1007,STAGE:4,SEQUENCE:1432,DATA:{'time': 1721767868.526, 'user-id': '1007', 'source': 'HAI Interface', 'destination-index': '3', 'study-stage': '4', 'decision-state': 0, 'vitals-state': 0, 'airspace-state': 0, 'data': {'page': 'Inflight', 'action': 'Pressure Warning alert activated'}}
INFO:root:1721767870.487375,ID:1007,STAGE:4,SEQUENCE:1432,DATA:{'time': 1721767870.483, 'user-id': '1007', 'source': 'HAI Interface', 'destination-index': '3', 'study-stage': '4', 'decision-state': 0, 'vitals-state': 0, 'airspace-state': 0, 'data': {'page': 'Inflight', 'action': 'Pressure Warning- submit button pressed with pressure value as:71'}}
INFO:root:1721767870.49937,ID:1007,STAGE:4,SEQUENCE:1432,DATA:{'time': 1721767870.484, 'user-id': '1007', 'source': 'HAI Interface', 'destination-index': '3', 'study-stage': '4', 'decision-state': 0, 'vitals-state': 0, 'airspace-state': 0, 'data': {'page': 'Inflight', 'action': 'Pressure Warning- wrong pressure value entered'}}
INFO:root:1721767873.509591,ID:1007,STAGE:4,SEQUENCE:1432,DATA:{'time': 1721767873.502, 'user-id': '1007', 'source': 'HAI Interface', 'destination-index': '3', 'study-stage': '4', 'decision-state': 0, 'vitals-state': 0, 'airspace-state': 0, 'data': {'page': 'emergency', 'action': 'trying to change destination to19'}}
INFO:root:1721767873.519152,ID:1007,STAGE:4,SEQUENCE:1432,DATA:{'time': 1721767873.503, 'user-id': '1007', 'source': 'HAI Interface', 'destination-index': '3', 'study-stage': '4', 'decision-state': 0, 'vitals-state': 0, 'airspace-state': 0, 'data': {'page': 'emergency', 'action': 'show Pressure Miscalibrated Warning, hide map'}}
INFO:root:1721767873.525135,ID:1007,STAGE:4,SEQUENCE:1432,DATA:{'time': 1721767873.503, 'user-id': '1007', 'source': 'HAI Interface', 'destination-index': '3', 'study-stage': '4', 'decision-state': 0, 'vitals-state': 0, 'airspace-state': 0, 'data': {'page': 'map', 'action': 'hide map'}}
INFO:root:1721767873.52764,ID:1007,STAGE:4,SEQUENCE:1432,DATA:{'time': 1721767873.504, 'user-id': '1007', 'source': 'HAI Interface', 'destination-index': '3', 'study-stage': '4', 'decision-state': 0, 'vitals-state': 0, 'airspace-state': 0, 'data': {'page': 'Inflight', 'action': 'Pressure Warning alert activated'}}
INFO:root:1721767878.45238,ID:1007,STAGE:4,SEQUENCE:1432,DATA:{'time': 1721767878.446, 'user-id': '1007', 'source': 'HAI Interface', 'destination-index': '3', 'study-stage': '4', 'decision-state': 0, 'vitals-state': 0, 'airspace-state': 0, 'data': {'page': 'emergency', 'action': 'trying to change destination to19'}}
INFO:root:1721767878.454374,ID:1007,STAGE:4,SEQUENCE:1432,DATA:{'time': 1721767878.446, 'user-id': '1007', 'source': 'HAI Interface', 'destination-index': '3', 'study-stage': '4', 'decision-state': 0, 'vitals-state': 0, 'airspace-state': 0, 'data': {'page': 'emergency', 'action': 'show Pressure Miscalibrated Warning, hide map'}}
INFO:root:1721767878.45788,ID:1007,STAGE:4,SEQUENCE:1432,DATA:{'time': 1721767878.447, 'user-id': '1007', 'source': 'HAI Interface', 'destination-index': '3', 'study-stage': '4', 'decision-state': 0, 'vitals-state': 0, 'airspace-state': 0, 'data': {'page': 'map', 'action': 'hide map'}}
INFO:root:1721767878.459993,ID:1007,STAGE:4,SEQUENCE:1432,DATA:{'time': 1721767878.447, 'user-id': '1007', 'source': 'HAI Interface', 'destination-index': '3', 'study-stage': '4', 'decision-state': 0, 'vitals-state': 0, 'airspace-state': 0, 'data': {'page': 'Inflight', 'action': 'Pressure Warning alert activated'}}
INFO:root:1721767883.472778,ID:1007,STAGE:4,SEQUENCE:1432,DATA:{'time': 1721767883.464, 'user-id': '1007', 'source': 'HAI Interface', 'destination-index': '3', 'study-stage': '4', 'decision-state': 0, 'vitals-state': 0, 'airspace-state': 0, 'data': {'page': 'emergency', 'action': 'trying to change destination to19'}}
INFO:root:1721767883.474283,ID:1007,STAGE:4,SEQUENCE:1432,DATA:{'time': 1721767883.465, 'user-id': '1007', 'source': 'HAI Interface', 'destination-index': '3', 'study-stage': '4', 'decision-state': 0, 'vitals-state': 0, 'airspace-state': 0, 'data': {'page': 'emergency', 'action': 'show Pressure Miscalibrated Warning, hide map'}}
INFO:root:1721767883.477842,ID:1007,STAGE:4,SEQUENCE:1432,DATA:{'time': 1721767883.465, 'user-id': '1007', 'source': 'HAI Interface', 'destination-index': '3', 'study-stage': '4', 'decision-state': 0, 'vitals-state': 0, 'airspace-state': 0, 'data': {'page': 'map', 'action': 'hide map'}}
INFO:root:1721767883.484828,ID:1007,STAGE:4,SEQUENCE:1432,DATA:{'time': 1721767883.466, 'user-id': '1007', 'source': 'HAI Interface', 'destination-index': '3', 'study-stage': '4', 'decision-state': 0, 'vitals-state': 0, 'airspace-state': 0, 'data': {'page': 'Inflight', 'action': 'Pressure Warning alert activated'}}
INFO:root:1721767888.49063,ID:1007,STAGE:4,SEQUENCE:1432,DATA:{'time': 1721767888.48, 'user-id': '1007', 'source': 'HAI Interface', 'destination-index': '3', 'study-stage': '4', 'decision-state': 0, 'vitals-state': 0, 'airspace-state': 0, 'data': {'page': 'emergency', 'action': 'trying to change destination to19'}}
INFO:root:1721767888.491629,ID:1007,STAGE:4,SEQUENCE:1432,DATA:{'time': 1721767888.481, 'user-id': '1007', 'source': 'HAI Interface', 'destination-index': '3', 'study-stage': '4', 'decision-state': 0, 'vitals-state': 0, 'airspace-state': 0, 'data': {'page': 'emergency', 'action': 'show Pressure Miscalibrated Warning, hide map'}}
INFO:root:1721767888.492959,ID:1007,STAGE:4,SEQUENCE:1432,DATA:{'time': 1721767888.481, 'user-id': '1007', 'source': 'HAI Interface', 'destination-index': '3', 'study-stage': '4', 'decision-state': 0, 'vitals-state': 0, 'airspace-state': 0, 'data': {'page': 'map', 'action': 'hide map'}}
INFO:root:1721767888.497651,ID:1007,STAGE:4,SEQUENCE:1432,DATA:{'time': 1721767888.482, 'user-id': '1007', 'source': 'HAI Interface', 'destination-index': '3', 'study-stage': '4', 'decision-state': 0, 'vitals-state': 0, 'airspace-state': 0, 'data': {'page': 'Inflight', 'action': 'Pressure Warning alert activated'}}
INFO:root:1721767889.69792,ID:1007,STAGE:4,SEQUENCE:1432,DATA:{'time': 1721767889.685, 'user-id': '1007', 'source': 'HAI Interface', 'destination-index': '3', 'study-stage': '4', 'decision-state': 0, 'vitals-state': 0, 'airspace-state': 0, 'data': {'page': 'Inflight', 'action': 'Pressure Warning- submit button pressed with pressure value as:79'}}
INFO:root:1721767889.700521,ID:1007,STAGE:4,SEQUENCE:1432,DATA:{'time': 1721767889.685, 'user-id': '1007', 'source': 'HAI Interface', 'destination-index': '3', 'study-stage': '4', 'decision-state': 0, 'vitals-state': 0, 'airspace-state': 0, 'data': {'page': 'Inflight', 'action': 'Pressure Warning- wrong pressure value entered'}}
INFO:root:1721767890.840138,ID:1007,STAGE:4,SEQUENCE:1432,DATA:{'time': 1721767890.835, 'user-id': '1007', 'source': 'HAI Interface', 'destination-index': '3', 'study-stage': '4', 'decision-state': 0, 'vitals-state': 0, 'airspace-state': 0, 'data': {'page': 'Inflight', 'action': 'Pressure Warning- submit button pressed with pressure value as:79'}}
INFO:root:1721767890.845125,ID:1007,STAGE:4,SEQUENCE:1432,DATA:{'time': 1721767890.835, 'user-id': '1007', 'source': 'HAI Interface', 'destination-index': '3', 'study-stage': '4', 'decision-state': 0, 'vitals-state': 0, 'airspace-state': 0, 'data': {'page': 'Inflight', 'action': 'Pressure Warning- wrong pressure value entered'}}
INFO:root:1721767893.441276,ID:1007,STAGE:4,SEQUENCE:1432,DATA:{'time': 1721767893.429, 'user-id': '1007', 'source': 'HAI Interface', 'destination-index': '3', 'study-stage': '4', 'decision-state': 0, 'vitals-state': 0, 'airspace-state': 0, 'data': {'page': 'emergency', 'action': 'trying to change destination to19'}}
INFO:root:1721767893.445786,ID:1007,STAGE:4,SEQUENCE:1432,DATA:{'time': 1721767893.429, 'user-id': '1007', 'source': 'HAI Interface', 'destination-index': '3', 'study-stage': '4', 'decision-state': 0, 'vitals-state': 0, 'airspace-state': 0, 'data': {'page': 'emergency', 'action': 'show Pressure Miscalibrated Warning, hide map'}}
INFO:root:1721767893.449775,ID:1007,STAGE:4,SEQUENCE:1432,DATA:{'time': 1721767893.43, 'user-id': '1007', 'source': 'HAI Interface', 'destination-index': '3', 'study-stage': '4', 'decision-state': 0, 'vitals-state': 0, 'airspace-state': 0, 'data': {'page': 'map', 'action': 'hide map'}}
INFO:root:1721767893.45576,ID:1007,STAGE:4,SEQUENCE:1432,DATA:{'time': 1721767893.43, 'user-id': '1007', 'source': 'HAI Interface', 'destination-index': '3', 'study-stage': '4', 'decision-state': 0, 'vitals-state': 0, 'airspace-state': 0, 'data': {'page': 'Inflight', 'action': 'Pressure Warning alert activated'}}
INFO:root:Pressure Warning alert given, sent request to clear pressure_warning_alert
INFO:root:1721767898.499039,ID:1007,STAGE:4,SEQUENCE:1432,DATA:{'time': 1721767898.471, 'user-id': '1007', 'source': 'HAI Interface', 'destination-index': '3', 'study-stage': '4', 'decision-state': 0, 'vitals-state': 0, 'airspace-state': 0, 'data': {'page': 'emergency', 'action': 'trying to change destination to19'}}
INFO:root:1721767898.502033,ID:1007,STAGE:4,SEQUENCE:1432,DATA:{'time': 1721767898.471, 'user-id': '1007', 'source': 'HAI Interface', 'destination-index': '3', 'study-stage': '4', 'decision-state': 0, 'vitals-state': 0, 'airspace-state': 0, 'data': {'page': 'emergency', 'action': 'show Pressure Miscalibrated Warning, hide map'}}
INFO:root:1721767898.504026,ID:1007,STAGE:4,SEQUENCE:1432,DATA:{'time': 1721767898.472, 'user-id': '1007', 'source': 'HAI Interface', 'destination-index': '3', 'study-stage': '4', 'decision-state': 0, 'vitals-state': 0, 'airspace-state': 0, 'data': {'page': 'map', 'action': 'hide map'}}
INFO:root:1721767898.508015,ID:1007,STAGE:4,SEQUENCE:1432,DATA:{'time': 1721767898.472, 'user-id': '1007', 'source': 'HAI Interface', 'destination-index': '3', 'study-stage': '4', 'decision-state': 0, 'vitals-state': 0, 'airspace-state': 0, 'data': {'page': 'Inflight', 'action': 'Pressure Warning alert activated'}}
INFO:root:1721767900.708788,ID:1007,STAGE:4,SEQUENCE:1432,DATA:{'time': 1721767900.665, 'user-id': '1007', 'source': 'HAI Interface', 'destination-index': '3', 'study-stage': '4', 'decision-state': 0, 'vitals-state': 0, 'airspace-state': 0, 'data': {'page': 'Inflight', 'action': 'Pressure Warning- submit button pressed with pressure value as:79'}}
INFO:root:1721767900.716648,ID:1007,STAGE:4,SEQUENCE:1432,DATA:{'time': 1721767900.665, 'user-id': '1007', 'source': 'HAI Interface', 'destination-index': '3', 'study-stage': '4', 'decision-state': 0, 'vitals-state': 0, 'airspace-state': 0, 'data': {'page': 'Inflight', 'action': 'Pressure Warning- wrong pressure value entered'}}
INFO:root:1721767903.442937,ID:1007,STAGE:4,SEQUENCE:1432,DATA:{'time': 1721767903.43, 'user-id': '1007', 'source': 'HAI Interface', 'destination-index': '3', 'study-stage': '4', 'decision-state': 0, 'vitals-state': 0, 'airspace-state': 0, 'data': {'page': 'emergency', 'action': 'trying to change destination to19'}}
INFO:root:1721767903.445775,ID:1007,STAGE:4,SEQUENCE:1432,DATA:{'time': 1721767903.43, 'user-id': '1007', 'source': 'HAI Interface', 'destination-index': '3', 'study-stage': '4', 'decision-state': 0, 'vitals-state': 0, 'airspace-state': 0, 'data': {'page': 'emergency', 'action': 'show Pressure Miscalibrated Warning, hide map'}}
INFO:root:1721767903.452268,ID:1007,STAGE:4,SEQUENCE:1432,DATA:{'time': 1721767903.431, 'user-id': '1007', 'source': 'HAI Interface', 'destination-index': '3', 'study-stage': '4', 'decision-state': 0, 'vitals-state': 0, 'airspace-state': 0, 'data': {'page': 'map', 'action': 'hide map'}}
INFO:root:1721767903.454772,ID:1007,STAGE:4,SEQUENCE:1432,DATA:{'time': 1721767903.431, 'user-id': '1007', 'source': 'HAI Interface', 'destination-index': '3', 'study-stage': '4', 'decision-state': 0, 'vitals-state': 0, 'airspace-state': 0, 'data': {'page': 'Inflight', 'action': 'Pressure Warning alert activated'}}
INFO:root:1721767908.452039,ID:1007,STAGE:4,SEQUENCE:1432,DATA:{'time': 1721767908.447, 'user-id': '1007', 'source': 'HAI Interface', 'destination-index': '3', 'study-stage': '4', 'decision-state': 0, 'vitals-state': 0, 'airspace-state': 0, 'data': {'page': 'emergency', 'action': 'trying to change destination to19'}}
INFO:root:1721767908.457328,ID:1007,STAGE:4,SEQUENCE:1432,DATA:{'time': 1721767908.447, 'user-id': '1007', 'source': 'HAI Interface', 'destination-index': '3', 'study-stage': '4', 'decision-state': 0, 'vitals-state': 0, 'airspace-state': 0, 'data': {'page': 'emergency', 'action': 'show Pressure Miscalibrated Warning, hide map'}}
INFO:root:1721767908.458326,ID:1007,STAGE:4,SEQUENCE:1432,DATA:{'time': 1721767908.448, 'user-id': '1007', 'source': 'HAI Interface', 'destination-index': '3', 'study-stage': '4', 'decision-state': 0, 'vitals-state': 0, 'airspace-state': 0, 'data': {'page': 'map', 'action': 'hide map'}}
INFO:root:1721767908.461824,ID:1007,STAGE:4,SEQUENCE:1432,DATA:{'time': 1721767908.448, 'user-id': '1007', 'source': 'HAI Interface', 'destination-index': '3', 'study-stage': '4', 'decision-state': 0, 'vitals-state': 0, 'airspace-state': 0, 'data': {'page': 'Inflight', 'action': 'Pressure Warning alert activated'}}
INFO:root:1721767913.459439,ID:1007,STAGE:4,SEQUENCE:1432,DATA:{'time': 1721767913.451, 'user-id': '1007', 'source': 'HAI Interface', 'destination-index': '3', 'study-stage': '4', 'decision-state': 0, 'vitals-state': 0, 'airspace-state': 0, 'data': {'page': 'emergency', 'action': 'trying to change destination to19'}}
INFO:root:1721767913.461433,ID:1007,STAGE:4,SEQUENCE:1432,DATA:{'time': 1721767913.452, 'user-id': '1007', 'source': 'HAI Interface', 'destination-index': '3', 'study-stage': '4', 'decision-state': 0, 'vitals-state': 0, 'airspace-state': 0, 'data': {'page': 'emergency', 'action': 'show Pressure Miscalibrated Warning, hide map'}}
INFO:root:1721767913.464425,ID:1007,STAGE:4,SEQUENCE:1432,DATA:{'time': 1721767913.452, 'user-id': '1007', 'source': 'HAI Interface', 'destination-index': '3', 'study-stage': '4', 'decision-state': 0, 'vitals-state': 0, 'airspace-state': 0, 'data': {'page': 'map', 'action': 'hide map'}}
INFO:root:1721767913.466926,ID:1007,STAGE:4,SEQUENCE:1432,DATA:{'time': 1721767913.452, 'user-id': '1007', 'source': 'HAI Interface', 'destination-index': '3', 'study-stage': '4', 'decision-state': 0, 'vitals-state': 0, 'airspace-state': 0, 'data': {'page': 'Inflight', 'action': 'Pressure Warning alert activated'}}
INFO:root:1721767915.840684,ID:1007,STAGE:4,SEQUENCE:1432,DATA:{'time': 1721767915.833, 'user-id': '1007', 'source': 'HAI Interface', 'destination-index': '3', 'study-stage': '4', 'decision-state': 0, 'vitals-state': 0, 'airspace-state': 0, 'data': {'page': 'Inflight', 'action': 'Pressure Warning- submit button pressed with pressure value as:79'}}
INFO:root:1721767915.84567,ID:1007,STAGE:4,SEQUENCE:1432,DATA:{'time': 1721767915.833, 'user-id': '1007', 'source': 'HAI Interface', 'destination-index': '3', 'study-stage': '4', 'decision-state': 0, 'vitals-state': 0, 'airspace-state': 0, 'data': {'page': 'Inflight', 'action': 'Pressure Warning- wrong pressure value entered'}}
INFO:root:1721767916.354346,ID:1007,STAGE:4,SEQUENCE:1432,DATA:{'time': 1721767916.349, 'user-id': '1007', 'source': 'HAI Interface', 'destination-index': '3', 'study-stage': '4', 'decision-state': 0, 'vitals-state': 0, 'airspace-state': 0, 'data': {'page': 'Inflight', 'action': 'Pressure Warning- submit button pressed with pressure value as:79'}}
INFO:root:1721767916.35685,ID:1007,STAGE:4,SEQUENCE:1432,DATA:{'time': 1721767916.35, 'user-id': '1007', 'source': 'HAI Interface', 'destination-index': '3', 'study-stage': '4', 'decision-state': 0, 'vitals-state': 0, 'airspace-state': 0, 'data': {'page': 'Inflight', 'action': 'Pressure Warning- wrong pressure value entered'}}
INFO:root:1721767918.457419,ID:1007,STAGE:4,SEQUENCE:1432,DATA:{'time': 1721767918.45, 'user-id': '1007', 'source': 'HAI Interface', 'destination-index': '3', 'study-stage': '4', 'decision-state': 0, 'vitals-state': 0, 'airspace-state': 0, 'data': {'page': 'emergency', 'action': 'trying to change destination to19'}}
INFO:root:1721767918.462409,ID:1007,STAGE:4,SEQUENCE:1432,DATA:{'time': 1721767918.451, 'user-id': '1007', 'source': 'HAI Interface', 'destination-index': '3', 'study-stage': '4', 'decision-state': 0, 'vitals-state': 0, 'airspace-state': 0, 'data': {'page': 'emergency', 'action': 'show Pressure Miscalibrated Warning, hide map'}}
INFO:root:1721767918.467907,ID:1007,STAGE:4,SEQUENCE:1432,DATA:{'time': 1721767918.451, 'user-id': '1007', 'source': 'HAI Interface', 'destination-index': '3', 'study-stage': '4', 'decision-state': 0, 'vitals-state': 0, 'airspace-state': 0, 'data': {'page': 'map', 'action': 'hide map'}}
INFO:root:1721767918.469902,ID:1007,STAGE:4,SEQUENCE:1432,DATA:{'time': 1721767918.452, 'user-id': '1007', 'source': 'HAI Interface', 'destination-index': '3', 'study-stage': '4', 'decision-state': 0, 'vitals-state': 0, 'airspace-state': 0, 'data': {'page': 'Inflight', 'action': 'Pressure Warning alert activated'}}
INFO:root:Pressure Warning alert given, sent request to clear pressure_warning_alert
INFO:root:1721767923.43699,ID:1007,STAGE:4,SEQUENCE:1432,DATA:{'time': 1721767923.426, 'user-id': '1007', 'source': 'HAI Interface', 'destination-index': '3', 'study-stage': '4', 'decision-state': 0, 'vitals-state': 0, 'airspace-state': 0, 'data': {'page': 'emergency', 'action': 'trying to change destination to19'}}
INFO:root:1721767923.439495,ID:1007,STAGE:4,SEQUENCE:1432,DATA:{'time': 1721767923.427, 'user-id': '1007', 'source': 'HAI Interface', 'destination-index': '3', 'study-stage': '4', 'decision-state': 0, 'vitals-state': 0, 'airspace-state': 0, 'data': {'page': 'emergency', 'action': 'show Pressure Miscalibrated Warning, hide map'}}
INFO:root:1721767923.442535,ID:1007,STAGE:4,SEQUENCE:1432,DATA:{'time': 1721767923.427, 'user-id': '1007', 'source': 'HAI Interface', 'destination-index': '3', 'study-stage': '4', 'decision-state': 0, 'vitals-state': 0, 'airspace-state': 0, 'data': {'page': 'map', 'action': 'hide map'}}
INFO:root:1721767923.445876,ID:1007,STAGE:4,SEQUENCE:1432,DATA:{'time': 1721767923.428, 'user-id': '1007', 'source': 'HAI Interface', 'destination-index': '3', 'study-stage': '4', 'decision-state': 0, 'vitals-state': 0, 'airspace-state': 0, 'data': {'page': 'Inflight', 'action': 'Pressure Warning alert activated'}}
INFO:root:1721767923.849613,ID:1007,STAGE:4,SEQUENCE:1432,DATA:{'time': 1721767923.837, 'user-id': '1007', 'source': 'HAI Interface', 'destination-index': '3', 'study-stage': '4', 'decision-state': 0, 'vitals-state': 0, 'airspace-state': 0, 'data': {'page': 'Inflight', 'action': 'Pressure Warning- submit button pressed with pressure value as:71'}}
INFO:root:1721767923.853111,ID:1007,STAGE:4,SEQUENCE:1432,DATA:{'time': 1721767923.837, 'user-id': '1007', 'source': 'HAI Interface', 'destination-index': '3', 'study-stage': '4', 'decision-state': 0, 'vitals-state': 0, 'airspace-state': 0, 'data': {'page': 'Inflight', 'action': 'Pressure Warning- wrong pressure value entered'}}
INFO:root:1721767928.465577,ID:1007,STAGE:4,SEQUENCE:1432,DATA:{'time': 1721767928.458, 'user-id': '1007', 'source': 'HAI Interface', 'destination-index': '3', 'study-stage': '4', 'decision-state': 0, 'vitals-state': 0, 'airspace-state': 0, 'data': {'page': 'emergency', 'action': 'trying to change destination to19'}}
INFO:root:1721767928.468568,ID:1007,STAGE:4,SEQUENCE:1432,DATA:{'time': 1721767928.458, 'user-id': '1007', 'source': 'HAI Interface', 'destination-index': '3', 'study-stage': '4', 'decision-state': 0, 'vitals-state': 0, 'airspace-state': 0, 'data': {'page': 'emergency', 'action': 'show Pressure Miscalibrated Warning, hide map'}}
INFO:root:1721767928.473555,ID:1007,STAGE:4,SEQUENCE:1432,DATA:{'time': 1721767928.458, 'user-id': '1007', 'source': 'HAI Interface', 'destination-index': '3', 'study-stage': '4', 'decision-state': 0, 'vitals-state': 0, 'airspace-state': 0, 'data': {'page': 'map', 'action': 'hide map'}}
INFO:root:1721767928.475059,ID:1007,STAGE:4,SEQUENCE:1432,DATA:{'time': 1721767928.459, 'user-id': '1007', 'source': 'HAI Interface', 'destination-index': '3', 'study-stage': '4', 'decision-state': 0, 'vitals-state': 0, 'airspace-state': 0, 'data': {'page': 'Inflight', 'action': 'Pressure Warning alert activated'}}
INFO:root:1721767933.533046,ID:1007,STAGE:4,SEQUENCE:1432,DATA:{'time': 1721767933.518, 'user-id': '1007', 'source': 'HAI Interface', 'destination-index': '3', 'study-stage': '4', 'decision-state': 0, 'vitals-state': 0, 'airspace-state': 0, 'data': {'page': 'emergency', 'action': 'trying to change destination to19'}}
INFO:root:1721767933.53455,ID:1007,STAGE:4,SEQUENCE:1432,DATA:{'time': 1721767933.518, 'user-id': '1007', 'source': 'HAI Interface', 'destination-index': '3', 'study-stage': '4', 'decision-state': 0, 'vitals-state': 0, 'airspace-state': 0, 'data': {'page': 'emergency', 'action': 'show Pressure Miscalibrated Warning, hide map'}}
INFO:root:1721767933.541537,ID:1007,STAGE:4,SEQUENCE:1432,DATA:{'time': 1721767933.518, 'user-id': '1007', 'source': 'HAI Interface', 'destination-index': '3', 'study-stage': '4', 'decision-state': 0, 'vitals-state': 0, 'airspace-state': 0, 'data': {'page': 'map', 'action': 'hide map'}}
INFO:root:1721767933.548032,ID:1007,STAGE:4,SEQUENCE:1432,DATA:{'time': 1721767933.519, 'user-id': '1007', 'source': 'HAI Interface', 'destination-index': '3', 'study-stage': '4', 'decision-state': 0, 'vitals-state': 0, 'airspace-state': 0, 'data': {'page': 'Inflight', 'action': 'Pressure Warning alert activated'}}
INFO:root:1721767938.459081,ID:1007,STAGE:4,SEQUENCE:1432,DATA:{'time': 1721767938.438, 'user-id': '1007', 'source': 'HAI Interface', 'destination-index': '3', 'study-stage': '4', 'decision-state': 0, 'vitals-state': 0, 'airspace-state': 0, 'data': {'page': 'emergency', 'action': 'trying to change destination to19'}}
INFO:root:1721767938.467059,ID:1007,STAGE:4,SEQUENCE:1432,DATA:{'time': 1721767938.439, 'user-id': '1007', 'source': 'HAI Interface', 'destination-index': '3', 'study-stage': '4', 'decision-state': 0, 'vitals-state': 0, 'airspace-state': 0, 'data': {'page': 'emergency', 'action': 'show Pressure Miscalibrated Warning, hide map'}}
INFO:root:1721767938.468057,ID:1007,STAGE:4,SEQUENCE:1432,DATA:{'time': 1721767938.439, 'user-id': '1007', 'source': 'HAI Interface', 'destination-index': '3', 'study-stage': '4', 'decision-state': 0, 'vitals-state': 0, 'airspace-state': 0, 'data': {'page': 'map', 'action': 'hide map'}}
INFO:root:1721767938.479618,ID:1007,STAGE:4,SEQUENCE:1432,DATA:{'time': 1721767938.44, 'user-id': '1007', 'source': 'HAI Interface', 'destination-index': '3', 'study-stage': '4', 'decision-state': 0, 'vitals-state': 0, 'airspace-state': 0, 'data': {'page': 'Inflight', 'action': 'Pressure Warning alert activated'}}
INFO:root:1721767943.487832,ID:1007,STAGE:4,SEQUENCE:1432,DATA:{'time': 1721767943.481, 'user-id': '1007', 'source': 'HAI Interface', 'destination-index': '3', 'study-stage': '4', 'decision-state': 0, 'vitals-state': 0, 'airspace-state': 0, 'data': {'page': 'emergency', 'action': 'trying to change destination to19'}}
INFO:root:1721767943.491331,ID:1007,STAGE:4,SEQUENCE:1432,DATA:{'time': 1721767943.482, 'user-id': '1007', 'source': 'HAI Interface', 'destination-index': '3', 'study-stage': '4', 'decision-state': 0, 'vitals-state': 0, 'airspace-state': 0, 'data': {'page': 'emergency', 'action': 'show Pressure Miscalibrated Warning, hide map'}}
INFO:root:1721767943.498318,ID:1007,STAGE:4,SEQUENCE:1432,DATA:{'time': 1721767943.482, 'user-id': '1007', 'source': 'HAI Interface', 'destination-index': '3', 'study-stage': '4', 'decision-state': 0, 'vitals-state': 0, 'airspace-state': 0, 'data': {'page': 'map', 'action': 'hide map'}}
INFO:root:1721767943.501309,ID:1007,STAGE:4,SEQUENCE:1432,DATA:{'time': 1721767943.483, 'user-id': '1007', 'source': 'HAI Interface', 'destination-index': '3', 'study-stage': '4', 'decision-state': 0, 'vitals-state': 0, 'airspace-state': 0, 'data': {'page': 'Inflight', 'action': 'Pressure Warning alert activated'}}
INFO:root:1721767948.495072,ID:1007,STAGE:4,SEQUENCE:1432,DATA:{'time': 1721767948.482, 'user-id': '1007', 'source': 'HAI Interface', 'destination-index': '3', 'study-stage': '4', 'decision-state': 0, 'vitals-state': 0, 'airspace-state': 0, 'data': {'page': 'emergency', 'action': 'trying to change destination to19'}}
INFO:root:1721767948.498067,ID:1007,STAGE:4,SEQUENCE:1432,DATA:{'time': 1721767948.483, 'user-id': '1007', 'source': 'HAI Interface', 'destination-index': '3', 'study-stage': '4', 'decision-state': 0, 'vitals-state': 0, 'airspace-state': 0, 'data': {'page': 'emergency', 'action': 'show Pressure Miscalibrated Warning, hide map'}}
INFO:root:1721767948.501633,ID:1007,STAGE:4,SEQUENCE:1432,DATA:{'time': 1721767948.483, 'user-id': '1007', 'source': 'HAI Interface', 'destination-index': '3', 'study-stage': '4', 'decision-state': 0, 'vitals-state': 0, 'airspace-state': 0, 'data': {'page': 'map', 'action': 'hide map'}}
INFO:root:1721767948.508976,ID:1007,STAGE:4,SEQUENCE:1432,DATA:{'time': 1721767948.483, 'user-id': '1007', 'source': 'HAI Interface', 'destination-index': '3', 'study-stage': '4', 'decision-state': 0, 'vitals-state': 0, 'airspace-state': 0, 'data': {'page': 'Inflight', 'action': 'Pressure Warning alert activated'}}
INFO:root:Pressure Warning alert given, sent request to clear pressure_warning_alert
INFO:root:1721767952.050184,ID:1007,STAGE:4,SEQUENCE:1432,DATA:{'time': 1721767952.046, 'user-id': '1007', 'source': 'HAI Interface', 'destination-index': '3', 'study-stage': '4', 'decision-state': 0, 'vitals-state': 0, 'airspace-state': 0, 'data': {'page': 'Inflight', 'action': 'Pressure Warning- submit button pressed with pressure value as:71'}}
INFO:root:1721767952.054682,ID:1007,STAGE:4,SEQUENCE:1432,DATA:{'time': 1721767952.047, 'user-id': '1007', 'source': 'HAI Interface', 'destination-index': '3', 'study-stage': '4', 'decision-state': 0, 'vitals-state': 0, 'airspace-state': 0, 'data': {'page': 'Inflight', 'action': 'Pressure Warning- wrong pressure value entered'}}
INFO:root:1721767952.114503,ID:1007,STAGE:4,SEQUENCE:1432,DATA:{'time': 1721767952.11, 'user-id': '1007', 'source': 'HAI Interface', 'destination-index': '3', 'study-stage': '4', 'decision-state': 0, 'vitals-state': 0, 'airspace-state': 0, 'data': {'page': 'Inflight', 'action': 'Pressure Warning- submit button pressed with pressure value as:71'}}
INFO:root:1721767952.116498,ID:1007,STAGE:4,SEQUENCE:1432,DATA:{'time': 1721767952.11, 'user-id': '1007', 'source': 'HAI Interface', 'destination-index': '3', 'study-stage': '4', 'decision-state': 0, 'vitals-state': 0, 'airspace-state': 0, 'data': {'page': 'Inflight', 'action': 'Pressure Warning- wrong pressure value entered'}}
INFO:root:1721767953.51306,ID:1007,STAGE:4,SEQUENCE:1432,DATA:{'time': 1721767953.504, 'user-id': '1007', 'source': 'HAI Interface', 'destination-index': '3', 'study-stage': '4', 'decision-state': 0, 'vitals-state': 0, 'airspace-state': 0, 'data': {'page': 'emergency', 'action': 'trying to change destination to19'}}
INFO:root:1721767953.515055,ID:1007,STAGE:4,SEQUENCE:1432,DATA:{'time': 1721767953.505, 'user-id': '1007', 'source': 'HAI Interface', 'destination-index': '3', 'study-stage': '4', 'decision-state': 0, 'vitals-state': 0, 'airspace-state': 0, 'data': {'page': 'emergency', 'action': 'show Pressure Miscalibrated Warning, hide map'}}
INFO:root:1721767953.520552,ID:1007,STAGE:4,SEQUENCE:1432,DATA:{'time': 1721767953.505, 'user-id': '1007', 'source': 'HAI Interface', 'destination-index': '3', 'study-stage': '4', 'decision-state': 0, 'vitals-state': 0, 'airspace-state': 0, 'data': {'page': 'map', 'action': 'hide map'}}
INFO:root:1721767953.526536,ID:1007,STAGE:4,SEQUENCE:1432,DATA:{'time': 1721767953.506, 'user-id': '1007', 'source': 'HAI Interface', 'destination-index': '3', 'study-stage': '4', 'decision-state': 0, 'vitals-state': 0, 'airspace-state': 0, 'data': {'page': 'Inflight', 'action': 'Pressure Warning alert activated'}}
INFO:root:1721767959.222975,ID:1007,STAGE:4,SEQUENCE:1432,DATA:{'time': 1721767959.214, 'user-id': '1007', 'source': 'HAI Interface', 'destination-index': '3', 'study-stage': '4', 'decision-state': 0, 'vitals-state': '1', 'airspace-state': 0, 'data': {'page': 'emergency', 'action': 'trying to change destination to19'}}
INFO:root:1721767959.225968,ID:1007,STAGE:4,SEQUENCE:1432,DATA:{'time': 1721767959.214, 'user-id': '1007', 'source': 'HAI Interface', 'destination-index': '3', 'study-stage': '4', 'decision-state': 0, 'vitals-state': '1', 'airspace-state': 0, 'data': {'page': 'emergency', 'action': 'show Pressure Miscalibrated Warning, hide map'}}
INFO:root:1721767959.229958,ID:1007,STAGE:4,SEQUENCE:1432,DATA:{'time': 1721767959.214, 'user-id': '1007', 'source': 'HAI Interface', 'destination-index': '3', 'study-stage': '4', 'decision-state': 0, 'vitals-state': '1', 'airspace-state': 0, 'data': {'page': 'map', 'action': 'hide map'}}
INFO:root:1721767959.234944,ID:1007,STAGE:4,SEQUENCE:1432,DATA:{'time': 1721767959.215, 'user-id': '1007', 'source': 'HAI Interface', 'destination-index': '3', 'study-stage': '4', 'decision-state': 0, 'vitals-state': '1', 'airspace-state': 0, 'data': {'page': 'Inflight', 'action': 'Pressure Warning alert activated'}}
INFO:root:1721767961.267677,ID:1007,STAGE:4,SEQUENCE:1432,DATA:{'time': 1721767961.263, 'user-id': '1007', 'source': 'HAI Interface', 'destination-index': '3', 'study-stage': '4', 'decision-state': 0, 'vitals-state': '1', 'airspace-state': 0, 'data': {'page': 'Inflight', 'action': 'Pressure Warning- submit button pressed with pressure value as:76'}}
INFO:root:1721767961.270261,ID:1007,STAGE:4,SEQUENCE:1432,DATA:{'time': 1721767961.264, 'user-id': '1007', 'source': 'HAI Interface', 'destination-index': '3', 'study-stage': '4', 'decision-state': 0, 'vitals-state': '1', 'airspace-state': 0, 'data': {'page': 'Inflight', 'action': 'Pressure Warning- wrong pressure value entered'}}
INFO:root:1721767963.542432,ID:1007,STAGE:4,SEQUENCE:1432,DATA:{'time': 1721767963.533, 'user-id': '1007', 'source': 'HAI Interface', 'destination-index': '3', 'study-stage': '4', 'decision-state': 0, 'vitals-state': '1', 'airspace-state': 0, 'data': {'page': 'emergency', 'action': 'trying to change destination to19'}}
INFO:root:1721767963.543428,ID:1007,STAGE:4,SEQUENCE:1432,DATA:{'time': 1721767963.533, 'user-id': '1007', 'source': 'HAI Interface', 'destination-index': '3', 'study-stage': '4', 'decision-state': 0, 'vitals-state': '1', 'airspace-state': 0, 'data': {'page': 'emergency', 'action': 'show Pressure Miscalibrated Warning, hide map'}}
INFO:root:1721767963.545424,ID:1007,STAGE:4,SEQUENCE:1432,DATA:{'time': 1721767963.534, 'user-id': '1007', 'source': 'HAI Interface', 'destination-index': '3', 'study-stage': '4', 'decision-state': 0, 'vitals-state': '1', 'airspace-state': 0, 'data': {'page': 'map', 'action': 'hide map'}}
INFO:root:1721767963.552447,ID:1007,STAGE:4,SEQUENCE:1432,DATA:{'time': 1721767963.534, 'user-id': '1007', 'source': 'HAI Interface', 'destination-index': '3', 'study-stage': '4', 'decision-state': 0, 'vitals-state': '1', 'airspace-state': 0, 'data': {'page': 'Inflight', 'action': 'Pressure Warning alert activated'}}
INFO:root:1721767963.557957,ID:1007,STAGE:4,SEQUENCE:1432,DATA:{'time': 1721767963.534, 'user-id': '1007', 'source': 'HAI Interface', 'destination-index': '3', 'study-stage': '4', 'decision-state': 0, 'vitals-state': '1', 'airspace-state': 0, 'data': {'page': 'emergency', 'action': 'show Engine Failure Alert, hide map'}}
INFO:root:1721767963.565937,ID:1007,STAGE:4,SEQUENCE:1432,DATA:{'time': 1721767963.535, 'user-id': '1007', 'source': 'HAI Interface', 'destination-index': '3', 'study-stage': '4', 'decision-state': 0, 'vitals-state': '1', 'airspace-state': 0, 'data': {'page': 'map', 'action': 'hide map'}}
INFO:root:1721767963.569925,ID:1007,STAGE:4,SEQUENCE:1432,DATA:{'time': 1721767963.535, 'user-id': '1007', 'source': 'HAI Interface', 'destination-index': '3', 'study-stage': '4', 'decision-state': 0, 'vitals-state': '1', 'airspace-state': 0, 'data': {'page': 'Inflight', 'action': 'Engine failure emergency- emergnecy propmt displayed'}}
INFO:root:1721767968.442052,ID:1007,STAGE:4,SEQUENCE:1432,DATA:{'time': 1721767968.432, 'user-id': '1007', 'source': 'HAI Interface', 'destination-index': '3', 'study-stage': '4', 'decision-state': 0, 'vitals-state': '1', 'airspace-state': 0, 'data': {'page': 'emergency', 'action': 'trying to change destination to19'}}
INFO:root:1721767968.443049,ID:1007,STAGE:4,SEQUENCE:1432,DATA:{'time': 1721767968.433, 'user-id': '1007', 'source': 'HAI Interface', 'destination-index': '3', 'study-stage': '4', 'decision-state': 0, 'vitals-state': '1', 'airspace-state': 0, 'data': {'page': 'emergency', 'action': 'show Pressure Miscalibrated Warning, hide map'}}
INFO:root:1721767968.445043,ID:1007,STAGE:4,SEQUENCE:1432,DATA:{'time': 1721767968.433, 'user-id': '1007', 'source': 'HAI Interface', 'destination-index': '3', 'study-stage': '4', 'decision-state': 0, 'vitals-state': '1', 'airspace-state': 0, 'data': {'page': 'map', 'action': 'hide map'}}
INFO:root:1721767968.448497,ID:1007,STAGE:4,SEQUENCE:1432,DATA:{'time': 1721767968.434, 'user-id': '1007', 'source': 'HAI Interface', 'destination-index': '3', 'study-stage': '4', 'decision-state': 0, 'vitals-state': '1', 'airspace-state': 0, 'data': {'page': 'Inflight', 'action': 'Pressure Warning alert activated'}}
INFO:root:1721767968.455265,ID:1007,STAGE:4,SEQUENCE:1432,DATA:{'time': 1721767968.434, 'user-id': '1007', 'source': 'HAI Interface', 'destination-index': '3', 'study-stage': '4', 'decision-state': 0, 'vitals-state': '1', 'airspace-state': 0, 'data': {'page': 'emergency', 'action': 'show Engine Failure Alert, hide map'}}
INFO:root:1721767968.458768,ID:1007,STAGE:4,SEQUENCE:1432,DATA:{'time': 1721767968.434, 'user-id': '1007', 'source': 'HAI Interface', 'destination-index': '3', 'study-stage': '4', 'decision-state': 0, 'vitals-state': '1', 'airspace-state': 0, 'data': {'page': 'map', 'action': 'hide map'}}
INFO:root:1721767968.462756,ID:1007,STAGE:4,SEQUENCE:1432,DATA:{'time': 1721767968.435, 'user-id': '1007', 'source': 'HAI Interface', 'destination-index': '3', 'study-stage': '4', 'decision-state': 0, 'vitals-state': '1', 'airspace-state': 0, 'data': {'page': 'Inflight', 'action': 'Engine failure emergency- emergnecy propmt displayed'}}
INFO:root:voice activity detected
INFO:root:recording started
INFO:root:1721767973.471628,ID:1007,STAGE:4,SEQUENCE:1432,DATA:{'time': 1721767973.454, 'user-id': '1007', 'source': 'HAI Interface', 'destination-index': '3', 'study-stage': '4', 'decision-state': 0, 'vitals-state': '1', 'airspace-state': 0, 'data': {'page': 'emergency', 'action': 'trying to change destination to19'}}
INFO:root:1721767973.477611,ID:1007,STAGE:4,SEQUENCE:1432,DATA:{'time': 1721767973.455, 'user-id': '1007', 'source': 'HAI Interface', 'destination-index': '3', 'study-stage': '4', 'decision-state': 0, 'vitals-state': '1', 'airspace-state': 0, 'data': {'page': 'emergency', 'action': 'show Pressure Miscalibrated Warning, hide map'}}
INFO:root:1721767973.483107,ID:1007,STAGE:4,SEQUENCE:1432,DATA:{'time': 1721767973.455, 'user-id': '1007', 'source': 'HAI Interface', 'destination-index': '3', 'study-stage': '4', 'decision-state': 0, 'vitals-state': '1', 'airspace-state': 0, 'data': {'page': 'map', 'action': 'hide map'}}
INFO:root:1721767973.485613,ID:1007,STAGE:4,SEQUENCE:1432,DATA:{'time': 1721767973.455, 'user-id': '1007', 'source': 'HAI Interface', 'destination-index': '3', 'study-stage': '4', 'decision-state': 0, 'vitals-state': '1', 'airspace-state': 0, 'data': {'page': 'Inflight', 'action': 'Pressure Warning alert activated'}}
INFO:root:1721767973.489603,ID:1007,STAGE:4,SEQUENCE:1432,DATA:{'time': 1721767973.456, 'user-id': '1007', 'source': 'HAI Interface', 'destination-index': '3', 'study-stage': '4', 'decision-state': 0, 'vitals-state': '1', 'airspace-state': 0, 'data': {'page': 'emergency', 'action': 'show Engine Failure Alert, hide map'}}
INFO:root:1721767973.491598,ID:1007,STAGE:4,SEQUENCE:1432,DATA:{'time': 1721767973.456, 'user-id': '1007', 'source': 'HAI Interface', 'destination-index': '3', 'study-stage': '4', 'decision-state': 0, 'vitals-state': '1', 'airspace-state': 0, 'data': {'page': 'map', 'action': 'hide map'}}
INFO:root:1721767973.497616,ID:1007,STAGE:4,SEQUENCE:1432,DATA:{'time': 1721767973.456, 'user-id': '1007', 'source': 'HAI Interface', 'destination-index': '3', 'study-stage': '4', 'decision-state': 0, 'vitals-state': '1', 'airspace-state': 0, 'data': {'page': 'Inflight', 'action': 'Engine failure emergency- emergnecy propmt displayed'}}
INFO:root:voice deactivity detected
INFO:root:recording stopped
INFO:root:Pressure Warning alert given, sent request to clear pressure_warning_alert
INFO:root:1721767978.578735,ID:1007,STAGE:4,SEQUENCE:1432,DATA:{'time': 1721767978.572, 'user-id': '1007', 'source': 'HAI Interface', 'destination-index': '3', 'study-stage': '4', 'decision-state': 0, 'vitals-state': '1', 'airspace-state': 0, 'data': {'page': 'emergency', 'action': 'trying to change destination to19'}}
INFO:root:1721767978.594758,ID:1007,STAGE:4,SEQUENCE:1432,DATA:{'time': 1721767978.573, 'user-id': '1007', 'source': 'HAI Interface', 'destination-index': '3', 'study-stage': '4', 'decision-state': 0, 'vitals-state': '1', 'airspace-state': 0, 'data': {'page': 'emergency', 'action': 'show Pressure Miscalibrated Warning, hide map'}}
INFO:root:1721767978.59775,ID:1007,STAGE:4,SEQUENCE:1432,DATA:{'time': 1721767978.573, 'user-id': '1007', 'source': 'HAI Interface', 'destination-index': '3', 'study-stage': '4', 'decision-state': 0, 'vitals-state': '1', 'airspace-state': 0, 'data': {'page': 'map', 'action': 'hide map'}}
INFO:root:1721767978.599744,ID:1007,STAGE:4,SEQUENCE:1432,DATA:{'time': 1721767978.574, 'user-id': '1007', 'source': 'HAI Interface', 'destination-index': '3', 'study-stage': '4', 'decision-state': 0, 'vitals-state': '1', 'airspace-state': 0, 'data': {'page': 'Inflight', 'action': 'Pressure Warning alert activated'}}
INFO:root:1721767978.603735,ID:1007,STAGE:4,SEQUENCE:1432,DATA:{'time': 1721767978.574, 'user-id': '1007', 'source': 'HAI Interface', 'destination-index': '3', 'study-stage': '4', 'decision-state': 0, 'vitals-state': '1', 'airspace-state': 0, 'data': {'page': 'emergency', 'action': 'show Engine Failure Alert, hide map'}}
INFO:root:1721767978.606749,ID:1007,STAGE:4,SEQUENCE:1432,DATA:{'time': 1721767978.574, 'user-id': '1007', 'source': 'HAI Interface', 'destination-index': '3', 'study-stage': '4', 'decision-state': 0, 'vitals-state': '1', 'airspace-state': 0, 'data': {'page': 'map', 'action': 'hide map'}}
INFO:root:1721767978.609745,ID:1007,STAGE:4,SEQUENCE:1432,DATA:{'time': 1721767978.574, 'user-id': '1007', 'source': 'HAI Interface', 'destination-index': '3', 'study-stage': '4', 'decision-state': 0, 'vitals-state': '1', 'airspace-state': 0, 'data': {'page': 'Inflight', 'action': 'Engine failure emergency- emergnecy propmt displayed'}}
INFO:root:1721767983.508708,ID:1007,STAGE:4,SEQUENCE:1432,DATA:{'time': 1721767983.496, 'user-id': '1007', 'source': 'HAI Interface', 'destination-index': '3', 'study-stage': '4', 'decision-state': 0, 'vitals-state': '1', 'airspace-state': 0, 'data': {'page': 'emergency', 'action': 'trying to change destination to19'}}
INFO:root:1721767983.510702,ID:1007,STAGE:4,SEQUENCE:1432,DATA:{'time': 1721767983.496, 'user-id': '1007', 'source': 'HAI Interface', 'destination-index': '3', 'study-stage': '4', 'decision-state': 0, 'vitals-state': '1', 'airspace-state': 0, 'data': {'page': 'emergency', 'action': 'show Pressure Miscalibrated Warning, hide map'}}
INFO:root:1721767983.511699,ID:1007,STAGE:4,SEQUENCE:1432,DATA:{'time': 1721767983.497, 'user-id': '1007', 'source': 'HAI Interface', 'destination-index': '3', 'study-stage': '4', 'decision-state': 0, 'vitals-state': '1', 'airspace-state': 0, 'data': {'page': 'map', 'action': 'hide map'}}
INFO:root:1721767983.51272,ID:1007,STAGE:4,SEQUENCE:1432,DATA:{'time': 1721767983.497, 'user-id': '1007', 'source': 'HAI Interface', 'destination-index': '3', 'study-stage': '4', 'decision-state': 0, 'vitals-state': '1', 'airspace-state': 0, 'data': {'page': 'Inflight', 'action': 'Pressure Warning alert activated'}}
INFO:root:1721767983.520703,ID:1007,STAGE:4,SEQUENCE:1432,DATA:{'time': 1721767983.497, 'user-id': '1007', 'source': 'HAI Interface', 'destination-index': '3', 'study-stage': '4', 'decision-state': 0, 'vitals-state': '1', 'airspace-state': 0, 'data': {'page': 'emergency', 'action': 'show Engine Failure Alert, hide map'}}
INFO:root:1721767983.522697,ID:1007,STAGE:4,SEQUENCE:1432,DATA:{'time': 1721767983.498, 'user-id': '1007', 'source': 'HAI Interface', 'destination-index': '3', 'study-stage': '4', 'decision-state': 0, 'vitals-state': '1', 'airspace-state': 0, 'data': {'page': 'Inflight', 'action': 'Engine failure emergency- emergnecy propmt displayed'}}
INFO:root:1721767983.524692,ID:1007,STAGE:4,SEQUENCE:1432,DATA:{'time': 1721767983.498, 'user-id': '1007', 'source': 'HAI Interface', 'destination-index': '3', 'study-stage': '4', 'decision-state': 0, 'vitals-state': '1', 'airspace-state': 0, 'data': {'page': 'map', 'action': 'hide map'}}
