INFO:root:1721768663.79698,ID:1007,STAGE:3,SEQUENCE:1432,DATA:{'time': 1721768663.793, 'user-id': '1007', 'source': 'HAI Interface', 'destination-index': 'None', 'study-stage': '3', 'decision-state': 0, 'vitals-state': 0, 'airspace-state': 0, 'data': {'page': 'index', 'action': 'confirm button pressed'}}
INFO:root:1721768663.912824,ID:1007,STAGE:3,SEQUENCE:1432,DATA:{'time': 1721768663.902, 'user-id': 'none', 'source': 'HAI Interface', 'destination-index': 3, 'study-stage': -1, 'decision-state': 0, 'vitals-state': 0, 'airspace-state': 0, 'data': {'page': 'location', 'action': 'opened page'}}
INFO:root:Takeoff radiocomms initiated
INFO:comtypes.client._code_cache:Imported existing <module 'comtypes.gen' from 'C:\\Users\\ae-dagbeyibor3\\AppData\\Local\\Programs\\Python\\Python312\\Lib\\site-packages\\comtypes\\gen\\__init__.py'>
INFO:comtypes.client._code_cache:Using writeable comtypes cache directory: 'C:\Users\ae-dagbeyibor3\AppData\Local\Programs\Python\Python312\Lib\site-packages\comtypes\gen'
INFO:root:1721768664.874872,ID:1007,STAGE:3,SEQUENCE:1432,DATA:{'time': 1721768664.869, 'user-id': '1007', 'source': 'HAI Interface', 'destination-index': 'None', 'study-stage': '3', 'decision-state': 0, 'vitals-state': 0, 'airspace-state': 0, 'data': {'page': 'map', 'action': 'selected helipad', 'value': '21'}}
INFO:root:Takeoff radiocomms clear request sent
INFO:root:1721768691.585947,ID:1007,STAGE:3,SEQUENCE:1432,DATA:{'time': 1721768691.583, 'user-id': '1007', 'source': 'HAI Interface', 'destination-index': 'None', 'study-stage': '3', 'decision-state': 0, 'vitals-state': 0, 'airspace-state': 0, 'data': {'page': 'location', 'action': 'confirm button pressed'}}
INFO:root:1721768691.774516,ID:1007,STAGE:3,SEQUENCE:1432,DATA:{'time': 1721768691.762, 'user-id': 'none', 'source': 'HAI Interface', 'destination-index': 3, 'study-stage': -1, 'decision-state': 0, 'vitals-state': 0, 'airspace-state': 0, 'data': {'page': 'checklist', 'action': 'opened page', 'inflight': False}}
INFO:root:1721768692.735215,ID:1007,STAGE:3,SEQUENCE:1432,DATA:{'time': 1721768692.73, 'user-id': '1007', 'source': 'HAI Interface', 'destination-index': '3', 'study-stage': '3', 'decision-state': 0, 'vitals-state': 0, 'airspace-state': 0, 'data': {'page': 'map', 'action': 'selected helipad', 'value': '21'}}
INFO:root:1721768694.778945,ID:1007,STAGE:3,SEQUENCE:1432,DATA:{'time': 1721768694.775, 'user-id': '1007', 'source': 'HAI Interface', 'destination-index': '3', 'study-stage': '3', 'decision-state': 0, 'vitals-state': 0, 'airspace-state': 0, 'data': {'page': 'map', 'action': 'show map'}}
INFO:root:1721768694.780944,ID:1007,STAGE:3,SEQUENCE:1432,DATA:{'time': 1721768694.775, 'user-id': '1007', 'source': 'HAI Interface', 'destination-index': '3', 'study-stage': '3', 'decision-state': 0, 'vitals-state': 0, 'airspace-state': 0, 'data': {'page': 'map', 'action': 'selected helipad', 'value': '21'}}
INFO:root:1721768700.636649,ID:1007,STAGE:3,SEQUENCE:1432,DATA:{'time': 1721768700.633, 'user-id': '1007', 'source': 'HAI Interface', 'destination-index': '3', 'study-stage': '3', 'decision-state': 0, 'vitals-state': 0, 'airspace-state': 0, 'data': {'page': 'map', 'action': 'hide map'}}
INFO:root:1721768701.917311,ID:1007,STAGE:3,SEQUENCE:1432,DATA:{'time': 1721768701.913, 'user-id': '1007', 'source': 'HAI Interface', 'destination-index': '3', 'study-stage': '3', 'decision-state': 0, 'vitals-state': 0, 'airspace-state': 0, 'data': {'page': 'checklist', 'action': 'toggled checkbox', 'inflight': False, 'item': 0, 'value': 'OFF'}}
INFO:root:1721768702.525768,ID:1007,STAGE:3,SEQUENCE:1432,DATA:{'time': 1721768702.522, 'user-id': '1007', 'source': 'HAI Interface', 'destination-index': '3', 'study-stage': '3', 'decision-state': 0, 'vitals-state': 0, 'airspace-state': 0, 'data': {'page': 'checklist', 'action': 'toggled checkbox', 'inflight': False, 'item': 1, 'value': 'OFF'}}
INFO:root:1721768703.055588,ID:1007,STAGE:3,SEQUENCE:1432,DATA:{'time': 1721768703.051, 'user-id': '1007', 'source': 'HAI Interface', 'destination-index': '3', 'study-stage': '3', 'decision-state': 0, 'vitals-state': 0, 'airspace-state': 0, 'data': {'page': 'checklist', 'action': 'toggled checkbox', 'inflight': False, 'item': 2, 'value': 'OFF'}}
INFO:root:1721768703.057582,ID:1007,STAGE:3,SEQUENCE:1432,DATA:{'time': 1721768703.052, 'user-id': '1007', 'source': 'HAI Interface', 'destination-index': '3', 'study-stage': '3', 'decision-state': 0, 'vitals-state': 0, 'airspace-state': 0, 'data': {'page': 'checklist', 'action': 'showing confirm button', 'inflight': False}}
INFO:root:1721768703.550498,ID:1007,STAGE:3,SEQUENCE:1432,DATA:{'time': 1721768703.546, 'user-id': '1007', 'source': 'HAI Interface', 'destination-index': '3', 'study-stage': '3', 'decision-state': 0, 'vitals-state': 0, 'airspace-state': 0, 'data': {'page': 'checklist', 'action': 'confirm button clicked', 'inflight': False}}
INFO:root:1721768703.661013,ID:1007,STAGE:3,SEQUENCE:1432,DATA:{'time': 1721768703.647, 'user-id': 'none', 'source': 'HAI Interface', 'destination-index': 3, 'study-stage': -1, 'decision-state': 0, 'vitals-state': 0, 'airspace-state': 0, 'data': {'page': 'countdown', 'action': 'opened page'}}
INFO:root:1721768704.631722,ID:1007,STAGE:3,SEQUENCE:1432,DATA:{'time': 1721768704.626, 'user-id': '1007', 'source': 'HAI Interface', 'destination-index': '3', 'study-stage': '3', 'decision-state': 0, 'vitals-state': 0, 'airspace-state': 0, 'data': {'page': 'map', 'action': 'selected helipad', 'value': '21'}}
INFO:root:1721768704.663017,ID:1007,STAGE:3,SEQUENCE:1432,DATA:{'time': 1721768704.658, 'user-id': '1007', 'source': 'HAI Interface', 'destination-index': '3', 'study-stage': '3', 'decision-state': 0, 'vitals-state': 0, 'airspace-state': 0, 'data': {'page': 'countdown', 'action': 'countdown now 4'}}
INFO:root:1721768705.662407,ID:1007,STAGE:3,SEQUENCE:1432,DATA:{'time': 1721768705.658, 'user-id': '1007', 'source': 'HAI Interface', 'destination-index': '3', 'study-stage': '3', 'decision-state': 0, 'vitals-state': 0, 'airspace-state': 0, 'data': {'page': 'countdown', 'action': 'countdown now 3'}}
INFO:root:1721768706.666034,ID:1007,STAGE:3,SEQUENCE:1432,DATA:{'time': 1721768706.658, 'user-id': '1007', 'source': 'HAI Interface', 'destination-index': '3', 'study-stage': '3', 'decision-state': 0, 'vitals-state': 0, 'airspace-state': 0, 'data': {'page': 'countdown', 'action': 'countdown now 2'}}
INFO:root:1721768707.655963,ID:1007,STAGE:3,SEQUENCE:1432,DATA:{'time': 1721768707.651, 'user-id': '1007', 'source': 'HAI Interface', 'destination-index': '3', 'study-stage': '3', 'decision-state': 0, 'vitals-state': 0, 'airspace-state': 0, 'data': {'page': 'countdown', 'action': 'countdown now 1'}}
INFO:root:1721768708.657753,ID:1007,STAGE:3,SEQUENCE:1432,DATA:{'time': 1721768708.653, 'user-id': '1007', 'source': 'HAI Interface', 'destination-index': '3', 'study-stage': '3', 'decision-state': 0, 'vitals-state': 0, 'airspace-state': 0, 'data': {'page': 'countdown', 'action': 'countdown now 0'}}
INFO:root:1721768709.656038,ID:1007,STAGE:3,SEQUENCE:1432,DATA:{'time': 1721768709.651, 'user-id': '1007', 'source': 'HAI Interface', 'destination-index': '3', 'study-stage': '3', 'decision-state': 0, 'vitals-state': 0, 'airspace-state': 0, 'data': {'page': 'countdown', 'action': 'countdown complete'}}
INFO:root:1721768710.979506,ID:1007,STAGE:3,SEQUENCE:1432,DATA:{'time': 1721768710.975, 'user-id': '1007', 'source': 'HAI Interface', 'destination-index': '3', 'study-stage': '3', 'decision-state': 0, 'vitals-state': 0, 'airspace-state': 0, 'data': {'page': 'map', 'action': 'selected helipad', 'value': '21'}}
INFO:root:1721768715.156894,ID:1007,STAGE:3,SEQUENCE:1432,DATA:{'time': 1721768715.149, 'user-id': '1007', 'source': 'HAI Interface', 'destination-index': '3', 'study-stage': '3', 'decision-state': 0, 'vitals-state': 0, 'airspace-state': 0, 'data': {'page': 'emergency', 'action': 'trying to change destination to100'}}
INFO:root:Inflight Radio Update asked
INFO:root:sent request to set radio update complete
INFO:root:1721768720.257349,ID:1007,STAGE:3,SEQUENCE:1432,DATA:{'time': 1721768720.252, 'user-id': '1007', 'source': 'HAI Interface', 'destination-index': '3', 'study-stage': '3', 'decision-state': 0, 'vitals-state': 0, 'airspace-state': 0, 'data': {'page': 'emergency', 'action': 'trying to change destination to19'}}
INFO:root:1721768725.172214,ID:1007,STAGE:3,SEQUENCE:1432,DATA:{'time': 1721768725.16, 'user-id': '1007', 'source': 'HAI Interface', 'destination-index': '3', 'study-stage': '3', 'decision-state': 0, 'vitals-state': 0, 'airspace-state': 0, 'data': {'page': 'emergency', 'action': 'trying to change destination to19'}}
INFO:root:1721768730.174961,ID:1007,STAGE:3,SEQUENCE:1432,DATA:{'time': 1721768730.162, 'user-id': '1007', 'source': 'HAI Interface', 'destination-index': '3', 'study-stage': '3', 'decision-state': 0, 'vitals-state': 0, 'airspace-state': 0, 'data': {'page': 'emergency', 'action': 'trying to change destination to19'}}
INFO:root:1721768730.872184,ID:1007,STAGE:3,SEQUENCE:1432,DATA:{'time': 1721768730.868, 'user-id': '1007', 'source': 'HAI Interface', 'destination-index': '3', 'study-stage': '3', 'decision-state': 0, 'vitals-state': 0, 'airspace-state': 0, 'data': {'page': 'map', 'action': 'show map'}}
INFO:root:1721768730.875685,ID:1007,STAGE:3,SEQUENCE:1432,DATA:{'time': 1721768730.869, 'user-id': '1007', 'source': 'HAI Interface', 'destination-index': '3', 'study-stage': '3', 'decision-state': 0, 'vitals-state': 0, 'airspace-state': 0, 'data': {'page': 'map', 'action': 'selected helipad', 'value': '21'}}
INFO:root:1721768734.31696,ID:1007,STAGE:3,SEQUENCE:1432,DATA:{'time': 1721768734.313, 'user-id': '1007', 'source': 'HAI Interface', 'destination-index': '3', 'study-stage': '3', 'decision-state': 0, 'vitals-state': 0, 'airspace-state': 0, 'data': {'page': 'map', 'action': 'hide map'}}
INFO:root:1721768735.240358,ID:1007,STAGE:3,SEQUENCE:1432,DATA:{'time': 1721768735.231, 'user-id': '1007', 'source': 'HAI Interface', 'destination-index': '3', 'study-stage': '3', 'decision-state': 0, 'vitals-state': 0, 'airspace-state': 0, 'data': {'page': 'emergency', 'action': 'trying to change destination to19'}}
INFO:root:1721768740.194527,ID:1007,STAGE:3,SEQUENCE:1432,DATA:{'time': 1721768740.181, 'user-id': '1007', 'source': 'HAI Interface', 'destination-index': '3', 'study-stage': '3', 'decision-state': 0, 'vitals-state': 0, 'airspace-state': 0, 'data': {'page': 'emergency', 'action': 'trying to change destination to19'}}
INFO:root:SimConnect Error in /var
INFO:SimConnect.SimConnect:SIM OPEN
INFO:root:1721768745.227212,ID:1007,STAGE:3,SEQUENCE:1432,DATA:{'time': 1721768745.217, 'user-id': '1007', 'source': 'HAI Interface', 'destination-index': '3', 'study-stage': '3', 'decision-state': 0, 'vitals-state': 0, 'airspace-state': 0, 'data': {'page': 'emergency', 'action': 'trying to change destination to19'}}
INFO:root:1721768747.100961,ID:1007,STAGE:3,SEQUENCE:1432,DATA:{'time': 1721768747.097, 'user-id': '1007', 'source': 'HAI Interface', 'destination-index': '3', 'study-stage': '3', 'decision-state': 0, 'vitals-state': 0, 'airspace-state': 0, 'data': {'page': 'map', 'action': 'show map'}}
INFO:root:1721768747.103953,ID:1007,STAGE:3,SEQUENCE:1432,DATA:{'time': 1721768747.097, 'user-id': '1007', 'source': 'HAI Interface', 'destination-index': '3', 'study-stage': '3', 'decision-state': 0, 'vitals-state': 0, 'airspace-state': 0, 'data': {'page': 'map', 'action': 'selected helipad', 'value': '21'}}
INFO:root:1721768750.213723,ID:1007,STAGE:3,SEQUENCE:1432,DATA:{'time': 1721768750.206, 'user-id': '1007', 'source': 'HAI Interface', 'destination-index': '3', 'study-stage': '3', 'decision-state': 0, 'vitals-state': 0, 'airspace-state': 0, 'data': {'page': 'emergency', 'action': 'trying to change destination to19'}}
INFO:root:1721768755.293416,ID:1007,STAGE:3,SEQUENCE:1432,DATA:{'time': 1721768755.284, 'user-id': '1007', 'source': 'HAI Interface', 'destination-index': '3', 'study-stage': '3', 'decision-state': 0, 'vitals-state': 0, 'airspace-state': 0, 'data': {'page': 'emergency', 'action': 'trying to change destination to19'}}
INFO:root:1721768760.273125,ID:1007,STAGE:3,SEQUENCE:1432,DATA:{'time': 1721768760.267, 'user-id': '1007', 'source': 'HAI Interface', 'destination-index': '3', 'study-stage': '3', 'decision-state': 0, 'vitals-state': 0, 'airspace-state': 0, 'data': {'page': 'emergency', 'action': 'trying to change destination to19'}}
INFO:root:1721768763.434154,ID:1007,STAGE:3,SEQUENCE:1432,DATA:{'time': 1721768763.426, 'user-id': '1007', 'source': 'HAI Interface', 'destination-index': '3', 'study-stage': '3', 'decision-state': 0, 'vitals-state': 0, 'airspace-state': 0, 'data': {'page': 'inflight', 'action': 'displaying vitals prompt'}}
INFO:root:1721768765.316174,ID:1007,STAGE:3,SEQUENCE:1432,DATA:{'time': 1721768765.307, 'user-id': '1007', 'source': 'HAI Interface', 'destination-index': '3', 'study-stage': '3', 'decision-state': 0, 'vitals-state': 0, 'airspace-state': 0, 'data': {'page': 'emergency', 'action': 'trying to change destination to19'}}
INFO:root:1721768770.231479,ID:1007,STAGE:3,SEQUENCE:1432,DATA:{'time': 1721768770.215, 'user-id': '1007', 'source': 'HAI Interface', 'destination-index': '3', 'study-stage': '3', 'decision-state': 0, 'vitals-state': 0, 'airspace-state': 0, 'data': {'page': 'emergency', 'action': 'trying to change destination to19'}}
INFO:root:1721768772.366116,ID:1007,STAGE:3,SEQUENCE:1432,DATA:{'time': 1721768772.357, 'source': 'VitalsTask', 'timer': 177.317, 'data': {'sensor': 'Heart Rate', 'action': 'opened sensor tab'}}
INFO:root:1721768775.174131,ID:1007,STAGE:3,SEQUENCE:1432,DATA:{'time': 1721768775.171, 'source': 'VitalsTask', 'timer': 180.131, 'data': {'sensor': 'Heart Rate', 'action': 'capture', 'data': 'action button pressed'}}
INFO:root:1721768775.177122,ID:1007,STAGE:3,SEQUENCE:1432,DATA:{'time': 1721768775.172, 'source': 'VitalsTask', 'timer': 180.132, 'data': {'sensor': 'Heart Rate', 'action': 'capture', 'data': 'starting sensor action'}}
INFO:root:1721768775.204583,ID:1007,STAGE:3,SEQUENCE:1432,DATA:{'time': 1721768775.192, 'user-id': '1007', 'source': 'HAI Interface', 'destination-index': '3', 'study-stage': '3', 'decision-state': 0, 'vitals-state': 0, 'airspace-state': 0, 'data': {'page': 'emergency', 'action': 'trying to change destination to19'}}
INFO:root:1721768776.18641,ID:1007,STAGE:3,SEQUENCE:1432,DATA:{'time': 1721768776.184, 'source': 'VitalsTask', 'timer': 181.144, 'data': {'sensor': 'Heart Rate', 'action': 'capture', 'data': 'sensor action complete'}}
INFO:root:1721768776.188408,ID:1007,STAGE:3,SEQUENCE:1432,DATA:{'time': 1721768776.184, 'source': 'VitalsTask', 'timer': 181.144, 'data': {'sensor': 'Heart Rate', 'action': 'keypad open'}}
INFO:root:1721768777.883194,ID:1007,STAGE:3,SEQUENCE:1432,DATA:{'time': 1721768777.881, 'source': 'VitalsTask', 'timer': 182.841, 'data': {'sensor': 'Heart Rate', 'action': 'keypad press', 'key': 5, 'value': 5}}
INFO:root:1721768778.587386,ID:1007,STAGE:3,SEQUENCE:1432,DATA:{'time': 1721768778.584, 'source': 'VitalsTask', 'timer': 183.544, 'data': {'sensor': 'Heart Rate', 'action': 'keypad press', 'key': 5, 'value': 55}}
INFO:root:1721768780.296934,ID:1007,STAGE:3,SEQUENCE:1432,DATA:{'time': 1721768780.279, 'user-id': '1007', 'source': 'HAI Interface', 'destination-index': '3', 'study-stage': '3', 'decision-state': 0, 'vitals-state': 0, 'airspace-state': 0, 'data': {'page': 'emergency', 'action': 'trying to change destination to19'}}
INFO:root:1721768780.372506,ID:1007,STAGE:3,SEQUENCE:1432,DATA:{'time': 1721768780.371, 'source': 'VitalsTask', 'timer': 185.331, 'data': {'sensor': 'Heart Rate', 'action': 'show action buttons'}}
INFO:root:1721768780.37456,ID:1007,STAGE:3,SEQUENCE:1432,DATA:{'time': 1721768780.371, 'source': 'VitalsTask', 'timer': 185.331, 'data': {'sensor': 'Heart Rate', 'action': 'keypad press', 'key': 10, 'value': 55}}
INFO:root:1721768781.841286,ID:1007,STAGE:3,SEQUENCE:1432,DATA:{'time': 1721768781.838, 'source': 'VitalsTask', 'timer': 186.798, 'data': {'sensor': 'Heart Rate', 'action': 'log', 'data': 'action button pressed'}}
INFO:root:1721768781.846273,ID:1007,STAGE:3,SEQUENCE:1432,DATA:{'time': 1721768781.839, 'source': 'VitalsTask', 'timer': 186.799, 'data': {'sensor': 'Heart Rate', 'action': 'log', 'data': 'starting sensor action'}}
INFO:root:1721768782.853537,ID:1007,STAGE:3,SEQUENCE:1432,DATA:{'time': 1721768782.851, 'source': 'VitalsTask', 'timer': 187.811, 'data': {'sensor': 'Heart Rate', 'action': 'log', 'data': 'sensor action complete'}}
INFO:root:1721768783.663145,ID:1007,STAGE:3,SEQUENCE:1432,DATA:{'time': 1721768783.659, 'source': 'VitalsTask', 'timer': 188.619, 'data': {'sensor': 'Heart Rate', 'action': 'save', 'data': 'action button pressed'}}
INFO:root:1721768783.666137,ID:1007,STAGE:3,SEQUENCE:1432,DATA:{'time': 1721768783.659, 'source': 'VitalsTask', 'timer': 188.619, 'data': {'sensor': 'Heart Rate', 'action': 'save', 'data': 'starting sensor action'}}
INFO:root:1721768784.687883,ID:1007,STAGE:3,SEQUENCE:1432,DATA:{'time': 1721768784.678, 'source': 'VitalsTask', 'timer': 189.638, 'data': {'sensor': 'Heart Rate', 'action': 'save', 'data': 'sensor action complete'}}
INFO:root:1721768785.26299,ID:1007,STAGE:3,SEQUENCE:1432,DATA:{'time': 1721768785.253, 'user-id': '1007', 'source': 'HAI Interface', 'destination-index': '3', 'study-stage': '3', 'decision-state': 0, 'vitals-state': 0, 'airspace-state': 0, 'data': {'page': 'emergency', 'action': 'trying to change destination to19'}}
INFO:root:1721768787.116339,ID:1007,STAGE:3,SEQUENCE:1432,DATA:{'time': 1721768787.11, 'source': 'VitalsTask', 'timer': 192.07, 'data': {'sensor': 'O\u2082 Saturation', 'action': 'opened sensor tab'}}
INFO:root:1721768789.213709,ID:1007,STAGE:3,SEQUENCE:1432,DATA:{'time': 1721768789.208, 'source': 'VitalsTask', 'timer': 194.168, 'data': {'sensor': 'O\u2082 Saturation', 'action': 'capture', 'data': 'action button pressed'}}
INFO:root:1721768789.217699,ID:1007,STAGE:3,SEQUENCE:1432,DATA:{'time': 1721768789.208, 'source': 'VitalsTask', 'timer': 194.168, 'data': {'sensor': 'O\u2082 Saturation', 'action': 'capture', 'data': 'starting sensor action'}}
INFO:root:1721768790.175943,ID:1007,STAGE:3,SEQUENCE:1432,DATA:{'time': 1721768790.168, 'user-id': '1007', 'source': 'HAI Interface', 'destination-index': '3', 'study-stage': '3', 'decision-state': 0, 'vitals-state': 0, 'airspace-state': 0, 'data': {'page': 'emergency', 'action': 'trying to change destination to19'}}
INFO:root:1721768790.226507,ID:1007,STAGE:3,SEQUENCE:1432,DATA:{'time': 1721768790.221, 'source': 'VitalsTask', 'timer': 195.181, 'data': {'sensor': 'O\u2082 Saturation', 'action': 'capture', 'data': 'sensor action complete'}}
INFO:root:1721768790.229072,ID:1007,STAGE:3,SEQUENCE:1432,DATA:{'time': 1721768790.222, 'source': 'VitalsTask', 'timer': 195.182, 'data': {'sensor': 'O\u2082 Saturation', 'action': 'keypad open'}}
INFO:root:1721768792.133379,ID:1007,STAGE:3,SEQUENCE:1432,DATA:{'time': 1721768792.13, 'source': 'VitalsTask', 'timer': 197.09, 'data': {'sensor': 'O\u2082 Saturation', 'action': 'keypad press', 'key': 1, 'value': 1}}
INFO:root:1721768793.664778,ID:1007,STAGE:3,SEQUENCE:1432,DATA:{'time': 1721768793.66, 'source': 'VitalsTask', 'timer': 198.62, 'data': {'sensor': 'O\u2082 Saturation', 'action': 'keypad press', 'key': 11, 'value': 10}}
INFO:root:1721768794.014119,ID:1007,STAGE:3,SEQUENCE:1432,DATA:{'time': 1721768794.007, 'source': 'VitalsTask', 'timer': 198.967, 'data': {'sensor': 'O\u2082 Saturation', 'action': 'keypad press', 'key': 11, 'value': 100}}
INFO:root:1721768795.181678,ID:1007,STAGE:3,SEQUENCE:1432,DATA:{'time': 1721768795.172, 'user-id': '1007', 'source': 'HAI Interface', 'destination-index': '3', 'study-stage': '3', 'decision-state': 0, 'vitals-state': 0, 'airspace-state': 0, 'data': {'page': 'emergency', 'action': 'trying to change destination to19'}}
INFO:root:1721768795.676969,ID:1007,STAGE:3,SEQUENCE:1432,DATA:{'time': 1721768795.674, 'source': 'VitalsTask', 'timer': 200.634, 'data': {'sensor': 'O\u2082 Saturation', 'action': 'show action buttons'}}
INFO:root:1721768795.678968,ID:1007,STAGE:3,SEQUENCE:1432,DATA:{'time': 1721768795.674, 'source': 'VitalsTask', 'timer': 200.634, 'data': {'sensor': 'O\u2082 Saturation', 'action': 'keypad press', 'key': 10, 'value': 100}}
INFO:root:1721768797.590616,ID:1007,STAGE:3,SEQUENCE:1432,DATA:{'time': 1721768797.584, 'source': 'VitalsTask', 'timer': 202.544, 'data': {'sensor': 'O\u2082 Saturation', 'action': 'log', 'data': 'action button pressed'}}
INFO:root:1721768797.593608,ID:1007,STAGE:3,SEQUENCE:1432,DATA:{'time': 1721768797.585, 'source': 'VitalsTask', 'timer': 202.545, 'data': {'sensor': 'O\u2082 Saturation', 'action': 'log', 'data': 'starting sensor action'}}
INFO:root:1721768798.607196,ID:1007,STAGE:3,SEQUENCE:1432,DATA:{'time': 1721768798.599, 'source': 'VitalsTask', 'timer': 203.559, 'data': {'sensor': 'O\u2082 Saturation', 'action': 'log', 'data': 'sensor action complete'}}
INFO:root:1721768799.744303,ID:1007,STAGE:3,SEQUENCE:1432,DATA:{'time': 1721768799.742, 'source': 'VitalsTask', 'timer': 204.702, 'data': {'sensor': 'O\u2082 Saturation', 'action': 'save', 'data': 'action button pressed'}}
INFO:root:1721768799.751285,ID:1007,STAGE:3,SEQUENCE:1432,DATA:{'time': 1721768799.743, 'source': 'VitalsTask', 'timer': 204.703, 'data': {'sensor': 'O\u2082 Saturation', 'action': 'save', 'data': 'starting sensor action'}}
INFO:root:1721768800.234938,ID:1007,STAGE:3,SEQUENCE:1432,DATA:{'time': 1721768800.223, 'user-id': '1007', 'source': 'HAI Interface', 'destination-index': '3', 'study-stage': '3', 'decision-state': 0, 'vitals-state': 0, 'airspace-state': 0, 'data': {'page': 'emergency', 'action': 'trying to change destination to19'}}
INFO:root:1721768800.764679,ID:1007,STAGE:3,SEQUENCE:1432,DATA:{'time': 1721768800.761, 'source': 'VitalsTask', 'timer': 205.721, 'data': {'sensor': 'O\u2082 Saturation', 'action': 'save', 'data': 'sensor action complete'}}
INFO:root:1721768803.35019,ID:1007,STAGE:3,SEQUENCE:1432,DATA:{'time': 1721768803.348, 'source': 'VitalsTask', 'timer': 208.308, 'data': {'sensor': 'Blood Pressure', 'action': 'opened sensor tab'}}
INFO:root:1721768804.956991,ID:1007,STAGE:3,SEQUENCE:1432,DATA:{'time': 1721768804.953, 'source': 'VitalsTask', 'timer': 209.913, 'data': {'sensor': 'Blood Pressure', 'action': 'capture', 'data': 'action button pressed'}}
INFO:root:1721768804.958507,ID:1007,STAGE:3,SEQUENCE:1432,DATA:{'time': 1721768804.953, 'source': 'VitalsTask', 'timer': 209.913, 'data': {'sensor': 'Blood Pressure', 'action': 'capture', 'data': 'starting sensor action'}}
INFO:root:1721768805.233439,ID:1007,STAGE:3,SEQUENCE:1432,DATA:{'time': 1721768805.218, 'user-id': '1007', 'source': 'HAI Interface', 'destination-index': '3', 'study-stage': '3', 'decision-state': 0, 'vitals-state': 0, 'airspace-state': 0, 'data': {'page': 'emergency', 'action': 'trying to change destination to19'}}
INFO:root:1721768805.97438,ID:1007,STAGE:3,SEQUENCE:1432,DATA:{'time': 1721768805.972, 'source': 'VitalsTask', 'timer': 210.932, 'data': {'sensor': 'Blood Pressure', 'action': 'capture', 'data': 'sensor action complete'}}
INFO:root:1721768805.976375,ID:1007,STAGE:3,SEQUENCE:1432,DATA:{'time': 1721768805.972, 'source': 'VitalsTask', 'timer': 210.932, 'data': {'sensor': 'Blood Pressure', 'action': 'keypad open'}}
INFO:root:1721768807.283057,ID:1007,STAGE:3,SEQUENCE:1432,DATA:{'time': 1721768807.279, 'source': 'VitalsTask', 'timer': 212.239, 'data': {'sensor': 'Blood Pressure', 'action': 'keypad press', 'key': 1, 'value': 1}}
INFO:root:1721768808.198467,ID:1007,STAGE:3,SEQUENCE:1432,DATA:{'time': 1721768808.195, 'source': 'VitalsTask', 'timer': 213.155, 'data': {'sensor': 'Blood Pressure', 'action': 'keypad press', 'key': 2, 'value': 12}}
INFO:root:1721768809.606393,ID:1007,STAGE:3,SEQUENCE:1432,DATA:{'time': 1721768809.602, 'source': 'VitalsTask', 'timer': 214.562, 'data': {'sensor': 'Blood Pressure', 'action': 'keypad press', 'key': 11, 'value': 120}}
INFO:root:1721768810.288203,ID:1007,STAGE:3,SEQUENCE:1432,DATA:{'time': 1721768810.271, 'user-id': '1007', 'source': 'HAI Interface', 'destination-index': '3', 'study-stage': '3', 'decision-state': 0, 'vitals-state': 0, 'airspace-state': 0, 'data': {'page': 'emergency', 'action': 'trying to change destination to19'}}
INFO:root:1721768812.529311,ID:1007,STAGE:3,SEQUENCE:1432,DATA:{'time': 1721768812.526, 'source': 'VitalsTask', 'timer': 217.486, 'data': {'sensor': 'Blood Pressure', 'action': 'keypad press', 'key': 8, 'value': 1208}}
INFO:root:1721768813.755225,ID:1007,STAGE:3,SEQUENCE:1432,DATA:{'time': 1721768813.745, 'source': 'VitalsTask', 'timer': 218.705, 'data': {'sensor': 'Blood Pressure', 'action': 'keypad press', 'key': 11, 'value': 12080}}
INFO:root:1721768815.244333,ID:1007,STAGE:3,SEQUENCE:1432,DATA:{'time': 1721768815.233, 'user-id': '1007', 'source': 'HAI Interface', 'destination-index': '3', 'study-stage': '3', 'decision-state': 0, 'vitals-state': 0, 'airspace-state': 0, 'data': {'page': 'emergency', 'action': 'trying to change destination to19'}}
INFO:root:1721768816.097673,ID:1007,STAGE:3,SEQUENCE:1432,DATA:{'time': 1721768816.092, 'source': 'VitalsTask', 'timer': 221.052, 'data': {'sensor': 'Blood Pressure', 'action': 'open', 'data': 'user tried to change the sensor, but cancelled because the keypad is showing'}}
INFO:root:Inflight Radio Update asked
INFO:root:sent request to set radio update complete
INFO:root:1721768819.419114,ID:1007,STAGE:3,SEQUENCE:1432,DATA:{'time': 1721768819.414, 'source': 'VitalsTask', 'timer': 224.374, 'data': {'sensor': 'Blood Pressure', 'action': 'show action buttons'}}
INFO:root:1721768819.42111,ID:1007,STAGE:3,SEQUENCE:1432,DATA:{'time': 1721768819.414, 'source': 'VitalsTask', 'timer': 224.374, 'data': {'sensor': 'Blood Pressure', 'action': 'keypad press', 'key': 10, 'value': 12080}}
INFO:root:1721768820.239108,ID:1007,STAGE:3,SEQUENCE:1432,DATA:{'time': 1721768820.23, 'user-id': '1007', 'source': 'HAI Interface', 'destination-index': '3', 'study-stage': '3', 'decision-state': 0, 'vitals-state': 0, 'airspace-state': 0, 'data': {'page': 'emergency', 'action': 'trying to change destination to19'}}
INFO:root:1721768820.717309,ID:1007,STAGE:3,SEQUENCE:1432,DATA:{'time': 1721768820.712, 'source': 'VitalsTask', 'timer': 225.672, 'data': {'sensor': 'Blood Pressure', 'action': 'log', 'data': 'action button pressed'}}
INFO:root:1721768820.718306,ID:1007,STAGE:3,SEQUENCE:1432,DATA:{'time': 1721768820.713, 'source': 'VitalsTask', 'timer': 225.673, 'data': {'sensor': 'Blood Pressure', 'action': 'log', 'data': 'starting sensor action'}}
INFO:root:1721768821.732644,ID:1007,STAGE:3,SEQUENCE:1432,DATA:{'time': 1721768821.73, 'source': 'VitalsTask', 'timer': 226.69, 'data': {'sensor': 'Blood Pressure', 'action': 'log', 'data': 'sensor action complete'}}
INFO:root:1721768822.474229,ID:1007,STAGE:3,SEQUENCE:1432,DATA:{'time': 1721768822.444, 'source': 'VitalsTask', 'timer': 227.404, 'data': {'sensor': 'Blood Pressure', 'action': 'save', 'data': 'action button pressed'}}
INFO:root:1721768822.477221,ID:1007,STAGE:3,SEQUENCE:1432,DATA:{'time': 1721768822.445, 'source': 'VitalsTask', 'timer': 227.405, 'data': {'sensor': 'Blood Pressure', 'action': 'save', 'data': 'starting sensor action'}}
INFO:root:1721768823.464905,ID:1007,STAGE:3,SEQUENCE:1432,DATA:{'time': 1721768823.46, 'source': 'VitalsTask', 'timer': 228.42, 'data': {'sensor': 'Blood Pressure', 'action': 'save', 'data': 'sensor action complete'}}
INFO:root:1721768825.272374,ID:1007,STAGE:3,SEQUENCE:1432,DATA:{'time': 1721768825.268, 'source': 'VitalsTask', 'timer': 230.228, 'data': {'sensor': 'submit', 'action': 'submit'}}
INFO:root:1721768825.274372,ID:1007,STAGE:3,SEQUENCE:1432,DATA:{'time': 1721768825.269, 'source': 'VitalsTask', 'timer': 230.229, 'data': {'sensor': 'submit', 'action': 'submit', 'data': 'submit succeeded'}}
INFO:root:1721768825.298471,ID:1007,STAGE:3,SEQUENCE:1432,DATA:{'time': 1721768825.287, 'user-id': '1007', 'source': 'HAI Interface', 'destination-index': '3', 'study-stage': '3', 'decision-state': 0, 'vitals-state': 0, 'airspace-state': 0, 'data': {'page': 'emergency', 'action': 'trying to change destination to19'}}
INFO:root:1721768827.476237,ID:1007,STAGE:3,SEQUENCE:1432,DATA:{'time': 1721768827.47, 'user-id': '1007', 'source': 'HAI Interface', 'destination-index': '3', 'study-stage': '3', 'decision-state': 0, 'vitals-state': 0, 'airspace-state': 0, 'data': {'page': 'inflight', 'action': 'user acknowledged vitals prompt'}}
INFO:root:1721768830.263881,ID:1007,STAGE:3,SEQUENCE:1432,DATA:{'time': 1721768830.257, 'user-id': '1007', 'source': 'HAI Interface', 'destination-index': '3', 'study-stage': '3', 'decision-state': 0, 'vitals-state': 0, 'airspace-state': 0, 'data': {'page': 'emergency', 'action': 'trying to change destination to19'}}
INFO:root:1721768835.223006,ID:1007,STAGE:3,SEQUENCE:1432,DATA:{'time': 1721768835.208, 'user-id': '1007', 'source': 'HAI Interface', 'destination-index': '3', 'study-stage': '3', 'decision-state': 0, 'vitals-state': 0, 'airspace-state': 0, 'data': {'page': 'emergency', 'action': 'trying to change destination to19'}}
INFO:root:SimConnect Error in /var
INFO:SimConnect.SimConnect:SIM OPEN
INFO:root:1721768840.292036,ID:1007,STAGE:3,SEQUENCE:1432,DATA:{'time': 1721768840.286, 'user-id': '1007', 'source': 'HAI Interface', 'destination-index': '3', 'study-stage': '3', 'decision-state': 0, 'vitals-state': 0, 'airspace-state': 0, 'data': {'page': 'emergency', 'action': 'trying to change destination to19'}}
INFO:root:1721768845.316548,ID:1007,STAGE:3,SEQUENCE:1432,DATA:{'time': 1721768845.309, 'user-id': '1007', 'source': 'HAI Interface', 'destination-index': '3', 'study-stage': '3', 'decision-state': 0, 'vitals-state': 0, 'airspace-state': 0, 'data': {'page': 'emergency', 'action': 'trying to change destination to19'}}
INFO:root:1721768850.252143,ID:1007,STAGE:3,SEQUENCE:1432,DATA:{'time': 1721768850.242, 'user-id': '1007', 'source': 'HAI Interface', 'destination-index': '3', 'study-stage': '3', 'decision-state': 0, 'vitals-state': 0, 'airspace-state': 0, 'data': {'page': 'emergency', 'action': 'trying to change destination to19'}}
INFO:root:1721768855.255784,ID:1007,STAGE:3,SEQUENCE:1432,DATA:{'time': 1721768855.25, 'user-id': '1007', 'source': 'HAI Interface', 'destination-index': '3', 'study-stage': '3', 'decision-state': 0, 'vitals-state': 0, 'airspace-state': 0, 'data': {'page': 'emergency', 'action': 'trying to change destination to19'}}
INFO:root:1721768860.229792,ID:1007,STAGE:3,SEQUENCE:1432,DATA:{'time': 1721768860.222, 'user-id': '1007', 'source': 'HAI Interface', 'destination-index': '3', 'study-stage': '3', 'decision-state': 0, 'vitals-state': 0, 'airspace-state': 0, 'data': {'page': 'emergency', 'action': 'trying to change destination to19'}}
INFO:root:1721768865.197374,ID:1007,STAGE:3,SEQUENCE:1432,DATA:{'time': 1721768865.189, 'user-id': '1007', 'source': 'HAI Interface', 'destination-index': '3', 'study-stage': '3', 'decision-state': 0, 'vitals-state': 0, 'airspace-state': 0, 'data': {'page': 'emergency', 'action': 'trying to change destination to19'}}
INFO:root:1721768870.20942,ID:1007,STAGE:3,SEQUENCE:1432,DATA:{'time': 1721768870.2, 'user-id': '1007', 'source': 'HAI Interface', 'destination-index': '3', 'study-stage': '3', 'decision-state': 0, 'vitals-state': 0, 'airspace-state': 0, 'data': {'page': 'emergency', 'action': 'trying to change destination to19'}}
INFO:root:1721768875.2528,ID:1007,STAGE:3,SEQUENCE:1432,DATA:{'time': 1721768875.241, 'user-id': '1007', 'source': 'HAI Interface', 'destination-index': '3', 'study-stage': '3', 'decision-state': 0, 'vitals-state': 0, 'airspace-state': 0, 'data': {'page': 'emergency', 'action': 'trying to change destination to19'}}
INFO:root:1721768880.221025,ID:1007,STAGE:3,SEQUENCE:1432,DATA:{'time': 1721768880.216, 'user-id': '1007', 'source': 'HAI Interface', 'destination-index': '3', 'study-stage': '3', 'decision-state': 0, 'vitals-state': 0, 'airspace-state': 0, 'data': {'page': 'emergency', 'action': 'trying to change destination to19'}}
INFO:root:1721768885.322583,ID:1007,STAGE:3,SEQUENCE:1432,DATA:{'time': 1721768885.317, 'user-id': '1007', 'source': 'HAI Interface', 'destination-index': '3', 'study-stage': '3', 'decision-state': 0, 'vitals-state': 0, 'airspace-state': 0, 'data': {'page': 'emergency', 'action': 'trying to change destination to19'}}
INFO:root:1721768890.212245,ID:1007,STAGE:3,SEQUENCE:1432,DATA:{'time': 1721768890.202, 'user-id': '1007', 'source': 'HAI Interface', 'destination-index': '3', 'study-stage': '3', 'decision-state': 0, 'vitals-state': 0, 'airspace-state': 0, 'data': {'page': 'emergency', 'action': 'trying to change destination to19'}}
INFO:root:1721768895.314359,ID:1007,STAGE:3,SEQUENCE:1432,DATA:{'time': 1721768895.306, 'user-id': '1007', 'source': 'HAI Interface', 'destination-index': '3', 'study-stage': '3', 'decision-state': 0, 'vitals-state': 0, 'airspace-state': 0, 'data': {'page': 'emergency', 'action': 'trying to change destination to19'}}
INFO:root:1721768900.22481,ID:1007,STAGE:3,SEQUENCE:1432,DATA:{'time': 1721768900.217, 'user-id': '1007', 'source': 'HAI Interface', 'destination-index': '3', 'study-stage': '3', 'decision-state': 0, 'vitals-state': 0, 'airspace-state': 0, 'data': {'page': 'emergency', 'action': 'trying to change destination to19'}}
INFO:root:SimConnect Error in /var
INFO:SimConnect.SimConnect:SIM OPEN
INFO:root:1721768905.245546,ID:1007,STAGE:3,SEQUENCE:1432,DATA:{'time': 1721768905.238, 'user-id': '1007', 'source': 'HAI Interface', 'destination-index': '3', 'study-stage': '3', 'decision-state': 0, 'vitals-state': 0, 'airspace-state': 0, 'data': {'page': 'emergency', 'action': 'trying to change destination to19'}}
INFO:root:1721768910.307631,ID:1007,STAGE:3,SEQUENCE:1432,DATA:{'time': 1721768910.28, 'user-id': '1007', 'source': 'HAI Interface', 'destination-index': '3', 'study-stage': '3', 'decision-state': 0, 'vitals-state': 0, 'airspace-state': 0, 'data': {'page': 'emergency', 'action': 'trying to change destination to19'}}
INFO:root:1721768915.226873,ID:1007,STAGE:3,SEQUENCE:1432,DATA:{'time': 1721768915.211, 'user-id': '1007', 'source': 'HAI Interface', 'destination-index': '3', 'study-stage': '3', 'decision-state': 0, 'vitals-state': 0, 'airspace-state': 0, 'data': {'page': 'emergency', 'action': 'trying to change destination to19'}}
INFO:root:Inflight Radio Update asked
INFO:root:sent request to set radio update complete
INFO:root:1721768920.222181,ID:1007,STAGE:3,SEQUENCE:1432,DATA:{'time': 1721768920.217, 'user-id': '1007', 'source': 'HAI Interface', 'destination-index': '3', 'study-stage': '3', 'decision-state': 0, 'vitals-state': 0, 'airspace-state': 0, 'data': {'page': 'emergency', 'action': 'trying to change destination to19'}}
INFO:root:SimConnect Error in /var
INFO:root:SimConnect Error in /var
INFO:SimConnect.SimConnect:SIM OPEN
INFO:SimConnect.SimConnect:SIM OPEN
INFO:root:1721768925.281472,ID:1007,STAGE:3,SEQUENCE:1432,DATA:{'time': 1721768925.271, 'user-id': '1007', 'source': 'HAI Interface', 'destination-index': '3', 'study-stage': '3', 'decision-state': 0, 'vitals-state': 0, 'airspace-state': 0, 'data': {'page': 'emergency', 'action': 'trying to change destination to19'}}
INFO:root:1721768930.265807,ID:1007,STAGE:3,SEQUENCE:1432,DATA:{'time': 1721768930.247, 'user-id': '1007', 'source': 'HAI Interface', 'destination-index': '3', 'study-stage': '3', 'decision-state': 0, 'vitals-state': 0, 'airspace-state': 0, 'data': {'page': 'emergency', 'action': 'trying to change destination to19'}}
INFO:root:1721768935.311734,ID:1007,STAGE:3,SEQUENCE:1432,DATA:{'time': 1721768935.296, 'user-id': '1007', 'source': 'HAI Interface', 'destination-index': '3', 'study-stage': '3', 'decision-state': 0, 'vitals-state': 0, 'airspace-state': 0, 'data': {'page': 'emergency', 'action': 'trying to change destination to19'}}
INFO:root:1721768940.29116,ID:1007,STAGE:3,SEQUENCE:1432,DATA:{'time': 1721768940.287, 'user-id': '1007', 'source': 'HAI Interface', 'destination-index': '3', 'study-stage': '3', 'decision-state': 0, 'vitals-state': 0, 'airspace-state': 0, 'data': {'page': 'emergency', 'action': 'trying to change destination to19'}}
INFO:root:1721768945.269875,ID:1007,STAGE:3,SEQUENCE:1432,DATA:{'time': 1721768945.261, 'user-id': '1007', 'source': 'HAI Interface', 'destination-index': '3', 'study-stage': '3', 'decision-state': 0, 'vitals-state': 0, 'airspace-state': 0, 'data': {'page': 'emergency', 'action': 'trying to change destination to19'}}
INFO:root:1721768950.290787,ID:1007,STAGE:3,SEQUENCE:1432,DATA:{'time': 1721768950.266, 'user-id': '1007', 'source': 'HAI Interface', 'destination-index': '3', 'study-stage': '3', 'decision-state': 0, 'vitals-state': 0, 'airspace-state': 0, 'data': {'page': 'emergency', 'action': 'trying to change destination to19'}}
INFO:root:1721768955.200707,ID:1007,STAGE:3,SEQUENCE:1432,DATA:{'time': 1721768955.185, 'user-id': '1007', 'source': 'HAI Interface', 'destination-index': '3', 'study-stage': '3', 'decision-state': 0, 'vitals-state': 0, 'airspace-state': 0, 'data': {'page': 'emergency', 'action': 'trying to change destination to19'}}
INFO:root:1721768960.256692,ID:1007,STAGE:3,SEQUENCE:1432,DATA:{'time': 1721768960.248, 'user-id': '1007', 'source': 'HAI Interface', 'destination-index': '3', 'study-stage': '3', 'decision-state': 0, 'vitals-state': 0, 'airspace-state': 0, 'data': {'page': 'emergency', 'action': 'trying to change destination to19'}}
INFO:root:1721768960.493669,ID:1007,STAGE:3,SEQUENCE:1432,DATA:{'time': 1721768960.49, 'user-id': '1007', 'source': 'HAI Interface', 'destination-index': '3', 'study-stage': '3', 'decision-state': 0, 'vitals-state': 0, 'airspace-state': 0, 'data': {'page': 'inflight', 'action': 'displaying vitals prompt'}}
INFO:root:1721768965.155904,ID:1007,STAGE:3,SEQUENCE:1432,DATA:{'time': 1721768965.142, 'user-id': '1007', 'source': 'HAI Interface', 'destination-index': '3', 'study-stage': '3', 'decision-state': 0, 'vitals-state': 0, 'airspace-state': 0, 'data': {'page': 'emergency', 'action': 'trying to change destination to19'}}
INFO:root:1721768967.483399,ID:1007,STAGE:3,SEQUENCE:1432,DATA:{'time': 1721768967.48, 'source': 'VitalsTask', 'timer': 142.211, 'data': {'sensor': 'Blood Pressure', 'action': 'capture', 'data': 'action button pressed'}}
INFO:root:1721768967.491892,ID:1007,STAGE:3,SEQUENCE:1432,DATA:{'time': 1721768967.48, 'source': 'VitalsTask', 'timer': 142.211, 'data': {'sensor': 'Blood Pressure', 'action': 'capture', 'data': 'starting sensor action'}}
INFO:root:1721768968.498661,ID:1007,STAGE:3,SEQUENCE:1432,DATA:{'time': 1721768968.495, 'source': 'VitalsTask', 'timer': 143.226, 'data': {'sensor': 'Blood Pressure', 'action': 'capture', 'data': 'sensor action complete'}}
INFO:root:1721768968.500656,ID:1007,STAGE:3,SEQUENCE:1432,DATA:{'time': 1721768968.495, 'source': 'VitalsTask', 'timer': 143.226, 'data': {'sensor': 'Blood Pressure', 'action': 'keypad open'}}
INFO:root:1721768970.238501,ID:1007,STAGE:3,SEQUENCE:1432,DATA:{'time': 1721768970.23, 'user-id': '1007', 'source': 'HAI Interface', 'destination-index': '3', 'study-stage': '3', 'decision-state': 0, 'vitals-state': 0, 'airspace-state': 0, 'data': {'page': 'emergency', 'action': 'trying to change destination to19'}}
INFO:root:1721768971.21373,ID:1007,STAGE:3,SEQUENCE:1432,DATA:{'time': 1721768971.207, 'source': 'VitalsTask', 'timer': 145.938, 'data': {'sensor': 'Blood Pressure', 'action': 'open', 'data': 'user tried to change the sensor, but cancelled because the keypad is showing'}}
INFO:root:1721768972.666838,ID:1007,STAGE:3,SEQUENCE:1432,DATA:{'time': 1721768972.663, 'source': 'VitalsTask', 'timer': 147.394, 'data': {'sensor': 'Blood Pressure', 'action': 'open', 'data': 'user tried to change the sensor, but cancelled because the keypad is showing'}}
INFO:root:1721768974.58262,ID:1007,STAGE:3,SEQUENCE:1432,DATA:{'time': 1721768974.578, 'source': 'VitalsTask', 'timer': 149.309, 'data': {'sensor': 'Blood Pressure', 'action': 'keypad press', 'key': 1, 'value': 1}}
INFO:root:1721768975.276651,ID:1007,STAGE:3,SEQUENCE:1432,DATA:{'time': 1721768975.268, 'user-id': '1007', 'source': 'HAI Interface', 'destination-index': '3', 'study-stage': '3', 'decision-state': 0, 'vitals-state': 0, 'airspace-state': 0, 'data': {'page': 'emergency', 'action': 'trying to change destination to19'}}
INFO:root:1721768975.987381,ID:1007,STAGE:3,SEQUENCE:1432,DATA:{'time': 1721768975.981, 'source': 'VitalsTask', 'timer': 150.712, 'data': {'sensor': 'Blood Pressure', 'action': 'keypad press', 'key': 2, 'value': 12}}
INFO:root:1721768977.490078,ID:1007,STAGE:3,SEQUENCE:1432,DATA:{'time': 1721768977.487, 'source': 'VitalsTask', 'timer': 152.218, 'data': {'sensor': 'Blood Pressure', 'action': 'keypad press', 'key': 11, 'value': 120}}
INFO:root:1721768978.686043,ID:1007,STAGE:3,SEQUENCE:1432,DATA:{'time': 1721768978.679, 'source': 'VitalsTask', 'timer': 153.41, 'data': {'sensor': 'Blood Pressure', 'action': 'keypad press', 'key': 8, 'value': 1208}}
INFO:root:1721768979.818654,ID:1007,STAGE:3,SEQUENCE:1432,DATA:{'time': 1721768979.815, 'source': 'VitalsTask', 'timer': 154.546, 'data': {'sensor': 'Blood Pressure', 'action': 'keypad press', 'key': 11, 'value': 12080}}
INFO:root:1721768980.247948,ID:1007,STAGE:3,SEQUENCE:1432,DATA:{'time': 1721768980.232, 'user-id': '1007', 'source': 'HAI Interface', 'destination-index': '3', 'study-stage': '3', 'decision-state': 0, 'vitals-state': 0, 'airspace-state': 0, 'data': {'page': 'emergency', 'action': 'trying to change destination to19'}}
INFO:root:1721768980.959525,ID:1007,STAGE:3,SEQUENCE:1432,DATA:{'time': 1721768980.957, 'source': 'VitalsTask', 'timer': 155.688, 'data': {'sensor': 'Blood Pressure', 'action': 'show action buttons'}}
INFO:root:1721768980.96152,ID:1007,STAGE:3,SEQUENCE:1432,DATA:{'time': 1721768980.957, 'source': 'VitalsTask', 'timer': 155.688, 'data': {'sensor': 'Blood Pressure', 'action': 'keypad press', 'key': 10, 'value': 12080}}
INFO:root:1721768982.602204,ID:1007,STAGE:3,SEQUENCE:1432,DATA:{'time': 1721768982.599, 'source': 'VitalsTask', 'timer': 157.33, 'data': {'sensor': 'Blood Pressure', 'action': 'log', 'data': 'action button pressed'}}
INFO:root:1721768982.604199,ID:1007,STAGE:3,SEQUENCE:1432,DATA:{'time': 1721768982.599, 'source': 'VitalsTask', 'timer': 157.33, 'data': {'sensor': 'Blood Pressure', 'action': 'log', 'data': 'starting sensor action'}}
INFO:root:1721768983.620101,ID:1007,STAGE:3,SEQUENCE:1432,DATA:{'time': 1721768983.616, 'source': 'VitalsTask', 'timer': 158.347, 'data': {'sensor': 'Blood Pressure', 'action': 'log', 'data': 'sensor action complete'}}
INFO:root:1721768984.385733,ID:1007,STAGE:3,SEQUENCE:1432,DATA:{'time': 1721768984.383, 'source': 'VitalsTask', 'timer': 159.114, 'data': {'sensor': 'Blood Pressure', 'action': 'save', 'data': 'action button pressed'}}
INFO:root:1721768984.387727,ID:1007,STAGE:3,SEQUENCE:1432,DATA:{'time': 1721768984.383, 'source': 'VitalsTask', 'timer': 159.114, 'data': {'sensor': 'Blood Pressure', 'action': 'save', 'data': 'starting sensor action'}}
INFO:root:1721768985.230943,ID:1007,STAGE:3,SEQUENCE:1432,DATA:{'time': 1721768985.225, 'user-id': '1007', 'source': 'HAI Interface', 'destination-index': '3', 'study-stage': '3', 'decision-state': 0, 'vitals-state': 0, 'airspace-state': 0, 'data': {'page': 'emergency', 'action': 'trying to change destination to19'}}
INFO:root:1721768985.397104,ID:1007,STAGE:3,SEQUENCE:1432,DATA:{'time': 1721768985.393, 'source': 'VitalsTask', 'timer': 160.124, 'data': {'sensor': 'Blood Pressure', 'action': 'save', 'data': 'sensor action complete'}}
INFO:root:1721768987.902762,ID:1007,STAGE:3,SEQUENCE:1432,DATA:{'time': 1721768987.894, 'source': 'VitalsTask', 'timer': 162.625, 'data': {'sensor': 'Heart Rate', 'action': 'opened sensor tab'}}
INFO:root:1721768989.831429,ID:1007,STAGE:3,SEQUENCE:1432,DATA:{'time': 1721768989.825, 'source': 'VitalsTask', 'timer': 164.556, 'data': {'sensor': 'Heart Rate', 'action': 'capture', 'data': 'action button pressed'}}
INFO:root:1721768989.836415,ID:1007,STAGE:3,SEQUENCE:1432,DATA:{'time': 1721768989.825, 'source': 'VitalsTask', 'timer': 164.556, 'data': {'sensor': 'Heart Rate', 'action': 'capture', 'data': 'starting sensor action'}}
INFO:root:1721768990.285978,ID:1007,STAGE:3,SEQUENCE:1432,DATA:{'time': 1721768990.276, 'user-id': '1007', 'source': 'HAI Interface', 'destination-index': '3', 'study-stage': '3', 'decision-state': 0, 'vitals-state': 0, 'airspace-state': 0, 'data': {'page': 'emergency', 'action': 'trying to change destination to19'}}
INFO:root:1721768990.848399,ID:1007,STAGE:3,SEQUENCE:1432,DATA:{'time': 1721768990.844, 'source': 'VitalsTask', 'timer': 165.575, 'data': {'sensor': 'Heart Rate', 'action': 'capture', 'data': 'sensor action complete'}}
INFO:root:1721768990.848905,ID:1007,STAGE:3,SEQUENCE:1432,DATA:{'time': 1721768990.844, 'source': 'VitalsTask', 'timer': 165.575, 'data': {'sensor': 'Heart Rate', 'action': 'keypad open'}}
INFO:root:1721768992.472101,ID:1007,STAGE:3,SEQUENCE:1432,DATA:{'time': 1721768992.465, 'source': 'VitalsTask', 'timer': 167.196, 'data': {'sensor': 'Heart Rate', 'action': 'keypad press', 'key': 5, 'value': 5}}
INFO:root:1721768993.719412,ID:1007,STAGE:3,SEQUENCE:1432,DATA:{'time': 1721768993.715, 'source': 'VitalsTask', 'timer': 168.446, 'data': {'sensor': 'Heart Rate', 'action': 'keypad press', 'key': 5, 'value': 55}}
INFO:root:1721768995.193548,ID:1007,STAGE:3,SEQUENCE:1432,DATA:{'time': 1721768995.186, 'user-id': '1007', 'source': 'HAI Interface', 'destination-index': '3', 'study-stage': '3', 'decision-state': 0, 'vitals-state': 0, 'airspace-state': 0, 'data': {'page': 'emergency', 'action': 'trying to change destination to19'}}
INFO:root:1721768996.104645,ID:1007,STAGE:3,SEQUENCE:1432,DATA:{'time': 1721768996.101, 'source': 'VitalsTask', 'timer': 170.832, 'data': {'sensor': 'Heart Rate', 'action': 'show action buttons'}}
INFO:root:1721768996.107678,ID:1007,STAGE:3,SEQUENCE:1432,DATA:{'time': 1721768996.101, 'source': 'VitalsTask', 'timer': 170.832, 'data': {'sensor': 'Heart Rate', 'action': 'keypad press', 'key': 10, 'value': 55}}
INFO:root:1721768998.506227,ID:1007,STAGE:3,SEQUENCE:1432,DATA:{'time': 1721768998.503, 'source': 'VitalsTask', 'timer': 173.234, 'data': {'sensor': 'Heart Rate', 'action': 'log', 'data': 'action button pressed'}}
INFO:root:1721768998.508268,ID:1007,STAGE:3,SEQUENCE:1432,DATA:{'time': 1721768998.503, 'source': 'VitalsTask', 'timer': 173.234, 'data': {'sensor': 'Heart Rate', 'action': 'log', 'data': 'starting sensor action'}}
INFO:root:1721768999.528325,ID:1007,STAGE:3,SEQUENCE:1432,DATA:{'time': 1721768999.523, 'source': 'VitalsTask', 'timer': 174.254, 'data': {'sensor': 'Heart Rate', 'action': 'log', 'data': 'sensor action complete'}}
INFO:root:1721769000.247645,ID:1007,STAGE:3,SEQUENCE:1432,DATA:{'time': 1721769000.238, 'user-id': '1007', 'source': 'HAI Interface', 'destination-index': '3', 'study-stage': '3', 'decision-state': 0, 'vitals-state': 0, 'airspace-state': 0, 'data': {'page': 'emergency', 'action': 'trying to change destination to19'}}
INFO:root:1721769001.122859,ID:1007,STAGE:3,SEQUENCE:1432,DATA:{'time': 1721769001.118, 'source': 'VitalsTask', 'timer': 175.849, 'data': {'sensor': 'Heart Rate', 'action': 'save', 'data': 'action button pressed'}}
INFO:root:1721769001.124399,ID:1007,STAGE:3,SEQUENCE:1432,DATA:{'time': 1721769001.119, 'source': 'VitalsTask', 'timer': 175.85, 'data': {'sensor': 'Heart Rate', 'action': 'save', 'data': 'starting sensor action'}}
INFO:root:1721769002.13773,ID:1007,STAGE:3,SEQUENCE:1432,DATA:{'time': 1721769002.136, 'source': 'VitalsTask', 'timer': 176.867, 'data': {'sensor': 'Heart Rate', 'action': 'save', 'data': 'sensor action complete'}}
INFO:root:1721769004.170518,ID:1007,STAGE:3,SEQUENCE:1432,DATA:{'time': 1721769004.167, 'source': 'VitalsTask', 'timer': 178.898, 'data': {'sensor': 'O\u2082 Saturation', 'action': 'opened sensor tab'}}
INFO:root:1721769005.656475,ID:1007,STAGE:3,SEQUENCE:1432,DATA:{'time': 1721769005.651, 'user-id': '1007', 'source': 'HAI Interface', 'destination-index': '3', 'study-stage': '3', 'decision-state': 0, 'vitals-state': 0, 'airspace-state': 0, 'data': {'page': 'emergency', 'action': 'trying to change destination to19'}}
INFO:root:1721769005.659466,ID:1007,STAGE:3,SEQUENCE:1432,DATA:{'time': 1721769005.652, 'user-id': '1007', 'source': 'HAI Interface', 'destination-index': '3', 'study-stage': '3', 'decision-state': 0, 'vitals-state': 0, 'airspace-state': 0, 'data': {'page': 'emergency', 'action': 'show Fuel Tank Empty Alert , hide map'}}
INFO:root:1721769005.669975,ID:1007,STAGE:3,SEQUENCE:1432,DATA:{'time': 1721769005.652, 'user-id': '1007', 'source': 'HAI Interface', 'destination-index': '3', 'study-stage': '3', 'decision-state': 0, 'vitals-state': 0, 'airspace-state': 0, 'data': {'page': 'map', 'action': 'hide map'}}
INFO:root:1721769005.68263,ID:1007,STAGE:3,SEQUENCE:1432,DATA:{'time': 1721769005.653, 'user-id': '1007', 'source': 'HAI Interface', 'destination-index': '3', 'study-stage': '3', 'decision-state': 0, 'vitals-state': 0, 'airspace-state': 0, 'data': {'page': 'Inflight', 'action': 'Fuel tank emergency alert-displayed'}}
INFO:root:1721769006.011515,ID:1007,STAGE:3,SEQUENCE:1432,DATA:{'time': 1721769006.001, 'source': 'VitalsTask', 'timer': 180.732, 'data': {'sensor': 'O\u2082 Saturation', 'action': 'capture', 'data': 'action button pressed'}}
INFO:root:1721769006.017529,ID:1007,STAGE:3,SEQUENCE:1432,DATA:{'time': 1721769006.001, 'source': 'VitalsTask', 'timer': 180.732, 'data': {'sensor': 'O\u2082 Saturation', 'action': 'capture', 'data': 'starting sensor action'}}
INFO:root:1721769007.02849,ID:1007,STAGE:3,SEQUENCE:1432,DATA:{'time': 1721769007.015, 'source': 'VitalsTask', 'timer': 181.746, 'data': {'sensor': 'O\u2082 Saturation', 'action': 'capture', 'data': 'sensor action complete'}}
INFO:root:1721769007.031991,ID:1007,STAGE:3,SEQUENCE:1432,DATA:{'time': 1721769007.015, 'source': 'VitalsTask', 'timer': 181.746, 'data': {'sensor': 'O\u2082 Saturation', 'action': 'keypad open'}}
INFO:root:1721769008.891871,ID:1007,STAGE:3,SEQUENCE:1432,DATA:{'time': 1721769008.888, 'source': 'VitalsTask', 'timer': 183.619, 'data': {'sensor': 'O\u2082 Saturation', 'action': 'keypad press', 'key': 1, 'value': 1}}
INFO:root:1721769010.254627,ID:1007,STAGE:3,SEQUENCE:1432,DATA:{'time': 1721769010.239, 'user-id': '1007', 'source': 'HAI Interface', 'destination-index': '3', 'study-stage': '3', 'decision-state': 0, 'vitals-state': 0, 'airspace-state': 0, 'data': {'page': 'emergency', 'action': 'trying to change destination to19'}}
INFO:root:1721769010.256133,ID:1007,STAGE:3,SEQUENCE:1432,DATA:{'time': 1721769010.24, 'user-id': '1007', 'source': 'HAI Interface', 'destination-index': '3', 'study-stage': '3', 'decision-state': 0, 'vitals-state': 0, 'airspace-state': 0, 'data': {'page': 'emergency', 'action': 'show Fuel Tank Empty Alert , hide map'}}
INFO:root:1721769010.258637,ID:1007,STAGE:3,SEQUENCE:1432,DATA:{'time': 1721769010.24, 'user-id': '1007', 'source': 'HAI Interface', 'destination-index': '3', 'study-stage': '3', 'decision-state': 0, 'vitals-state': 0, 'airspace-state': 0, 'data': {'page': 'map', 'action': 'hide map'}}
INFO:root:1721769010.264178,ID:1007,STAGE:3,SEQUENCE:1432,DATA:{'time': 1721769010.241, 'user-id': '1007', 'source': 'HAI Interface', 'destination-index': '3', 'study-stage': '3', 'decision-state': 0, 'vitals-state': 0, 'airspace-state': 0, 'data': {'page': 'Inflight', 'action': 'Fuel tank emergency alert-displayed'}}
INFO:root:1721769011.594291,ID:1007,STAGE:3,SEQUENCE:1432,DATA:{'time': 1721769011.589, 'source': 'VitalsTask', 'timer': 186.32, 'data': {'sensor': 'O\u2082 Saturation', 'action': 'keypad press', 'key': 11, 'value': 10}}
INFO:root:1721769011.866462,ID:1007,STAGE:3,SEQUENCE:1432,DATA:{'time': 1721769011.863, 'source': 'VitalsTask', 'timer': 186.594, 'data': {'sensor': 'O\u2082 Saturation', 'action': 'keypad press', 'key': 11, 'value': 100}}
INFO:root:1721769013.970733,ID:1007,STAGE:3,SEQUENCE:1432,DATA:{'time': 1721769013.966, 'user-id': '1007', 'source': 'HAI Interface', 'destination-index': '3', 'study-stage': '3', 'decision-state': 0, 'vitals-state': 0, 'airspace-state': 0, 'data': {'page': 'Inflight', 'action': 'Fuel tank emergency- show more info button pressed'}}
INFO:root:1721769015.195193,ID:1007,STAGE:3,SEQUENCE:1432,DATA:{'time': 1721769015.186, 'user-id': '1007', 'source': 'HAI Interface', 'destination-index': '3', 'study-stage': '3', 'decision-state': 0, 'vitals-state': 0, 'airspace-state': 0, 'data': {'page': 'emergency', 'action': 'trying to change destination to19'}}
INFO:root:1721769020.253136,ID:1007,STAGE:3,SEQUENCE:1432,DATA:{'time': 1721769020.248, 'user-id': '1007', 'source': 'HAI Interface', 'destination-index': '3', 'study-stage': '3', 'decision-state': 0, 'vitals-state': 0, 'airspace-state': 0, 'data': {'page': 'emergency', 'action': 'trying to change destination to19'}}
INFO:root:1721769023.249067,ID:1007,STAGE:3,SEQUENCE:1432,DATA:{'time': 1721769023.237, 'user-id': '1007', 'source': 'HAI Interface', 'destination-index': '3', 'study-stage': '3', 'decision-state': 0, 'vitals-state': 0, 'airspace-state': 0, 'data': {'page': 'Inflight', 'action': 'Empty Tank emergency- close button '}}
INFO:root:1721769023.252059,ID:1007,STAGE:3,SEQUENCE:1432,DATA:{'time': 1721769023.238, 'user-id': '1007', 'source': 'HAI Interface', 'destination-index': '3', 'study-stage': '3', 'decision-state': 0, 'vitals-state': 0, 'airspace-state': 0, 'data': {'page': 'Inflight', 'action': 'Continue button on Fuel tank emergency pressed'}}
INFO:root:1721769025.243055,ID:1007,STAGE:3,SEQUENCE:1432,DATA:{'time': 1721769025.229, 'user-id': '1007', 'source': 'HAI Interface', 'destination-index': '3', 'study-stage': '3', 'decision-state': 0, 'vitals-state': 0, 'airspace-state': 0, 'data': {'page': 'emergency', 'action': 'trying to change destination to19'}}
INFO:root:1721769028.635084,ID:1007,STAGE:3,SEQUENCE:1432,DATA:{'time': 1721769028.632, 'source': 'VitalsTask', 'timer': 203.363, 'data': {'sensor': 'O\u2082 Saturation', 'action': 'show action buttons'}}
INFO:root:1721769028.638013,ID:1007,STAGE:3,SEQUENCE:1432,DATA:{'time': 1721769028.633, 'source': 'VitalsTask', 'timer': 203.364, 'data': {'sensor': 'O\u2082 Saturation', 'action': 'keypad press', 'key': 10, 'value': 100}}
INFO:root:1721769030.29782,ID:1007,STAGE:3,SEQUENCE:1432,DATA:{'time': 1721769030.287, 'user-id': '1007', 'source': 'HAI Interface', 'destination-index': '3', 'study-stage': '3', 'decision-state': 0, 'vitals-state': 0, 'airspace-state': 0, 'data': {'page': 'emergency', 'action': 'trying to change destination to19'}}
INFO:root:1721769031.366536,ID:1007,STAGE:3,SEQUENCE:1432,DATA:{'time': 1721769031.36, 'source': 'VitalsTask', 'timer': 206.091, 'data': {'sensor': 'O\u2082 Saturation', 'action': 'log', 'data': 'action button pressed'}}
INFO:root:1721769031.368531,ID:1007,STAGE:3,SEQUENCE:1432,DATA:{'time': 1721769031.361, 'source': 'VitalsTask', 'timer': 206.092, 'data': {'sensor': 'O\u2082 Saturation', 'action': 'log', 'data': 'starting sensor action'}}
INFO:root:1721769032.387452,ID:1007,STAGE:3,SEQUENCE:1432,DATA:{'time': 1721769032.376, 'source': 'VitalsTask', 'timer': 207.107, 'data': {'sensor': 'O\u2082 Saturation', 'action': 'log', 'data': 'sensor action complete'}}
INFO:root:1721769033.342744,ID:1007,STAGE:3,SEQUENCE:1432,DATA:{'time': 1721769033.339, 'source': 'VitalsTask', 'timer': 208.07, 'data': {'sensor': 'O\u2082 Saturation', 'action': 'save', 'data': 'action button pressed'}}
INFO:root:1721769033.345245,ID:1007,STAGE:3,SEQUENCE:1432,DATA:{'time': 1721769033.34, 'source': 'VitalsTask', 'timer': 208.071, 'data': {'sensor': 'O\u2082 Saturation', 'action': 'save', 'data': 'starting sensor action'}}
INFO:root:1721769034.355393,ID:1007,STAGE:3,SEQUENCE:1432,DATA:{'time': 1721769034.35, 'source': 'VitalsTask', 'timer': 209.081, 'data': {'sensor': 'O\u2082 Saturation', 'action': 'save', 'data': 'sensor action complete'}}
INFO:root:1721769035.295135,ID:1007,STAGE:3,SEQUENCE:1432,DATA:{'time': 1721769035.29, 'user-id': '1007', 'source': 'HAI Interface', 'destination-index': '3', 'study-stage': '3', 'decision-state': 0, 'vitals-state': 0, 'airspace-state': 0, 'data': {'page': 'emergency', 'action': 'trying to change destination to19'}}
INFO:root:1721769037.516647,ID:1007,STAGE:3,SEQUENCE:1432,DATA:{'time': 1721769037.51, 'source': 'VitalsTask', 'timer': 212.241, 'data': {'sensor': 'submit', 'action': 'submit'}}
INFO:root:1721769037.518642,ID:1007,STAGE:3,SEQUENCE:1432,DATA:{'time': 1721769037.511, 'source': 'VitalsTask', 'timer': 212.242, 'data': {'sensor': 'submit', 'action': 'submit', 'data': 'submit succeeded'}}
INFO:root:Empty Fuel alert given, sent request to clear empty_fuel_emergency
INFO:root:1721769039.309069,ID:1007,STAGE:3,SEQUENCE:1432,DATA:{'time': 1721769039.304, 'user-id': '1007', 'source': 'HAI Interface', 'destination-index': '3', 'study-stage': '3', 'decision-state': 0, 'vitals-state': 0, 'airspace-state': 0, 'data': {'page': 'inflight', 'action': 'user acknowledged vitals prompt'}}
INFO:root:1721769040.206921,ID:1007,STAGE:3,SEQUENCE:1432,DATA:{'time': 1721769040.198, 'user-id': '1007', 'source': 'HAI Interface', 'destination-index': '3', 'study-stage': '3', 'decision-state': 0, 'vitals-state': 0, 'airspace-state': 0, 'data': {'page': 'emergency', 'action': 'trying to change destination to19'}}
INFO:root:1721769045.296404,ID:1007,STAGE:3,SEQUENCE:1432,DATA:{'time': 1721769045.285, 'user-id': '1007', 'source': 'HAI Interface', 'destination-index': '3', 'study-stage': '3', 'decision-state': 0, 'vitals-state': 0, 'airspace-state': 0, 'data': {'page': 'emergency', 'action': 'trying to change destination to19'}}
INFO:root:1721769050.193041,ID:1007,STAGE:3,SEQUENCE:1432,DATA:{'time': 1721769050.184, 'user-id': '1007', 'source': 'HAI Interface', 'destination-index': '3', 'study-stage': '3', 'decision-state': 0, 'vitals-state': 0, 'airspace-state': 0, 'data': {'page': 'emergency', 'action': 'trying to change destination to19'}}
INFO:root:1721769055.217023,ID:1007,STAGE:3,SEQUENCE:1432,DATA:{'time': 1721769055.203, 'user-id': '1007', 'source': 'HAI Interface', 'destination-index': '3', 'study-stage': '3', 'decision-state': 0, 'vitals-state': 0, 'airspace-state': 0, 'data': {'page': 'emergency', 'action': 'trying to change destination to19'}}
INFO:root:1721769060.349961,ID:1007,STAGE:3,SEQUENCE:1432,DATA:{'time': 1721769060.345, 'user-id': '1007', 'source': 'HAI Interface', 'destination-index': '3', 'study-stage': '3', 'decision-state': 0, 'vitals-state': 0, 'airspace-state': 0, 'data': {'page': 'emergency', 'action': 'trying to change destination to19'}}
INFO:root:1721769065.044797,ID:1007,STAGE:3,SEQUENCE:1432,DATA:{'time': 1721769065.039, 'user-id': '1007', 'source': 'HAI Interface', 'destination-index': '3', 'study-stage': '3', 'decision-state': 0, 'vitals-state': 0, 'airspace-state': 0, 'data': {'page': 'map', 'action': 'show map'}}
INFO:root:1721769065.051779,ID:1007,STAGE:3,SEQUENCE:1432,DATA:{'time': 1721769065.039, 'user-id': '1007', 'source': 'HAI Interface', 'destination-index': '3', 'study-stage': '3', 'decision-state': 0, 'vitals-state': 0, 'airspace-state': 0, 'data': {'page': 'map', 'action': 'selected helipad', 'value': '21'}}
INFO:root:1721769065.256066,ID:1007,STAGE:3,SEQUENCE:1432,DATA:{'time': 1721769065.248, 'user-id': '1007', 'source': 'HAI Interface', 'destination-index': '3', 'study-stage': '3', 'decision-state': 0, 'vitals-state': 0, 'airspace-state': 0, 'data': {'page': 'emergency', 'action': 'trying to change destination to19'}}
INFO:root:1721769070.302375,ID:1007,STAGE:3,SEQUENCE:1432,DATA:{'time': 1721769070.285, 'user-id': '1007', 'source': 'HAI Interface', 'destination-index': '3', 'study-stage': '3', 'decision-state': 0, 'vitals-state': 0, 'airspace-state': 0, 'data': {'page': 'emergency', 'action': 'trying to change destination to19'}}
INFO:root:1721769075.367293,ID:1007,STAGE:3,SEQUENCE:1432,DATA:{'time': 1721769075.357, 'user-id': '1007', 'source': 'HAI Interface', 'destination-index': '3', 'study-stage': '3', 'decision-state': 0, 'vitals-state': 0, 'airspace-state': 0, 'data': {'page': 'emergency', 'action': 'trying to change destination to19'}}
INFO:root:1721769080.299916,ID:1007,STAGE:3,SEQUENCE:1432,DATA:{'time': 1721769080.293, 'user-id': '1007', 'source': 'HAI Interface', 'destination-index': '3', 'study-stage': '3', 'decision-state': 0, 'vitals-state': 0, 'airspace-state': 0, 'data': {'page': 'emergency', 'action': 'trying to change destination to19'}}
INFO:root:1721769085.233283,ID:1007,STAGE:3,SEQUENCE:1432,DATA:{'time': 1721769085.224, 'user-id': '1007', 'source': 'HAI Interface', 'destination-index': '3', 'study-stage': '3', 'decision-state': 0, 'vitals-state': 0, 'airspace-state': 0, 'data': {'page': 'emergency', 'action': 'trying to change destination to19'}}
INFO:root:1721769090.229104,ID:1007,STAGE:3,SEQUENCE:1432,DATA:{'time': 1721769090.217, 'user-id': '1007', 'source': 'HAI Interface', 'destination-index': '3', 'study-stage': '3', 'decision-state': 0, 'vitals-state': 0, 'airspace-state': 0, 'data': {'page': 'emergency', 'action': 'trying to change destination to19'}}
INFO:root:1721769095.224158,ID:1007,STAGE:3,SEQUENCE:1432,DATA:{'time': 1721769095.217, 'user-id': '1007', 'source': 'HAI Interface', 'destination-index': '3', 'study-stage': '3', 'decision-state': 0, 'vitals-state': 0, 'airspace-state': 0, 'data': {'page': 'emergency', 'action': 'trying to change destination to19'}}
INFO:root:1721769100.221582,ID:1007,STAGE:3,SEQUENCE:1432,DATA:{'time': 1721769100.209, 'user-id': '1007', 'source': 'HAI Interface', 'destination-index': '3', 'study-stage': '3', 'decision-state': 0, 'vitals-state': 0, 'airspace-state': 0, 'data': {'page': 'emergency', 'action': 'trying to change destination to19'}}
INFO:root:1721769105.183552,ID:1007,STAGE:3,SEQUENCE:1432,DATA:{'time': 1721769105.171, 'user-id': '1007', 'source': 'HAI Interface', 'destination-index': '3', 'study-stage': '3', 'decision-state': 0, 'vitals-state': 0, 'airspace-state': 0, 'data': {'page': 'emergency', 'action': 'trying to change destination to19'}}
INFO:root:1721769110.305831,ID:1007,STAGE:3,SEQUENCE:1432,DATA:{'time': 1721769110.297, 'user-id': '1007', 'source': 'HAI Interface', 'destination-index': '3', 'study-stage': '3', 'decision-state': 0, 'vitals-state': 0, 'airspace-state': 0, 'data': {'page': 'emergency', 'action': 'trying to change destination to19'}}
INFO:root:1721769115.235324,ID:1007,STAGE:3,SEQUENCE:1432,DATA:{'time': 1721769115.226, 'user-id': '1007', 'source': 'HAI Interface', 'destination-index': '3', 'study-stage': '3', 'decision-state': 0, 'vitals-state': 0, 'airspace-state': 0, 'data': {'page': 'emergency', 'action': 'trying to change destination to19'}}
INFO:root:1721769120.270553,ID:1007,STAGE:3,SEQUENCE:1432,DATA:{'time': 1721769120.258, 'user-id': '1007', 'source': 'HAI Interface', 'destination-index': '3', 'study-stage': '3', 'decision-state': 0, 'vitals-state': 0, 'airspace-state': 0, 'data': {'page': 'emergency', 'action': 'trying to change destination to19'}}
INFO:root:1721769125.225961,ID:1007,STAGE:3,SEQUENCE:1432,DATA:{'time': 1721769125.221, 'user-id': '1007', 'source': 'HAI Interface', 'destination-index': '3', 'study-stage': '3', 'decision-state': 0, 'vitals-state': 0, 'airspace-state': 0, 'data': {'page': 'emergency', 'action': 'trying to change destination to19'}}
INFO:root:1721769130.236039,ID:1007,STAGE:3,SEQUENCE:1432,DATA:{'time': 1721769130.227, 'user-id': '1007', 'source': 'HAI Interface', 'destination-index': '3', 'study-stage': '3', 'decision-state': 0, 'vitals-state': 0, 'airspace-state': 0, 'data': {'page': 'emergency', 'action': 'trying to change destination to19'}}
INFO:root:1721769135.240195,ID:1007,STAGE:3,SEQUENCE:1432,DATA:{'time': 1721769135.234, 'user-id': '1007', 'source': 'HAI Interface', 'destination-index': '3', 'study-stage': '3', 'decision-state': 0, 'vitals-state': 0, 'airspace-state': 0, 'data': {'page': 'emergency', 'action': 'trying to change destination to19'}}
INFO:root:1721769140.178104,ID:1007,STAGE:3,SEQUENCE:1432,DATA:{'time': 1721769140.171, 'user-id': '1007', 'source': 'HAI Interface', 'destination-index': '3', 'study-stage': '3', 'decision-state': 0, 'vitals-state': 0, 'airspace-state': 0, 'data': {'page': 'emergency', 'action': 'trying to change destination to19'}}
INFO:root:1721769145.252895,ID:1007,STAGE:3,SEQUENCE:1432,DATA:{'time': 1721769145.243, 'user-id': '1007', 'source': 'HAI Interface', 'destination-index': '3', 'study-stage': '3', 'decision-state': 0, 'vitals-state': 0, 'airspace-state': 0, 'data': {'page': 'emergency', 'action': 'trying to change destination to19'}}
INFO:root:1721769150.244608,ID:1007,STAGE:3,SEQUENCE:1432,DATA:{'time': 1721769150.239, 'user-id': '1007', 'source': 'HAI Interface', 'destination-index': '3', 'study-stage': '3', 'decision-state': 0, 'vitals-state': 0, 'airspace-state': 0, 'data': {'page': 'emergency', 'action': 'trying to change destination to19'}}
INFO:root:1721769155.283651,ID:1007,STAGE:3,SEQUENCE:1432,DATA:{'time': 1721769155.27, 'user-id': '1007', 'source': 'HAI Interface', 'destination-index': '3', 'study-stage': '3', 'decision-state': 0, 'vitals-state': 0, 'airspace-state': 0, 'data': {'page': 'emergency', 'action': 'trying to change destination to19'}}
INFO:root:1721769160.227613,ID:1007,STAGE:3,SEQUENCE:1432,DATA:{'time': 1721769160.22, 'user-id': '1007', 'source': 'HAI Interface', 'destination-index': '3', 'study-stage': '3', 'decision-state': 0, 'vitals-state': 0, 'airspace-state': 0, 'data': {'page': 'emergency', 'action': 'trying to change destination to19'}}
INFO:root:1721769165.210231,ID:1007,STAGE:3,SEQUENCE:1432,DATA:{'time': 1721769165.204, 'user-id': '1007', 'source': 'HAI Interface', 'destination-index': '3', 'study-stage': '3', 'decision-state': 0, 'vitals-state': 0, 'airspace-state': 0, 'data': {'page': 'emergency', 'action': 'trying to change destination to19'}}
INFO:root:1721769170.257644,ID:1007,STAGE:3,SEQUENCE:1432,DATA:{'time': 1721769170.244, 'user-id': '1007', 'source': 'HAI Interface', 'destination-index': '3', 'study-stage': '3', 'decision-state': 0, 'vitals-state': 0, 'airspace-state': 0, 'data': {'page': 'emergency', 'action': 'trying to change destination to19'}}
INFO:root:1721769175.269932,ID:1007,STAGE:3,SEQUENCE:1432,DATA:{'time': 1721769175.253, 'user-id': '1007', 'source': 'HAI Interface', 'destination-index': '3', 'study-stage': '3', 'decision-state': 0, 'vitals-state': 0, 'airspace-state': 0, 'data': {'page': 'emergency', 'action': 'trying to change destination to19'}}
INFO:root:1721769180.21901,ID:1007,STAGE:3,SEQUENCE:1432,DATA:{'time': 1721769180.204, 'user-id': '1007', 'source': 'HAI Interface', 'destination-index': '3', 'study-stage': '3', 'decision-state': 0, 'vitals-state': 0, 'airspace-state': 0, 'data': {'page': 'emergency', 'action': 'trying to change destination to19'}}
INFO:root:1721769180.416844,ID:1007,STAGE:3,SEQUENCE:1432,DATA:{'time': 1721769180.342, 'user-id': 'none', 'source': 'HAI Interface', 'destination-index': 3, 'study-stage': -1, 'decision-state': 0, 'vitals-state': 0, 'airspace-state': 0, 'data': {'page': 'checklist', 'action': 'opened page', 'inflight': True}}
INFO:root:1721769181.321428,ID:1007,STAGE:3,SEQUENCE:1432,DATA:{'time': 1721769181.316, 'user-id': '1007', 'source': 'HAI Interface', 'destination-index': '3', 'study-stage': '3', 'decision-state': 0, 'vitals-state': 0, 'airspace-state': 0, 'data': {'page': 'map', 'action': 'selected helipad', 'value': '21'}}
INFO:root:1721769185.189413,ID:1007,STAGE:3,SEQUENCE:1432,DATA:{'time': 1721769185.186, 'user-id': '1007', 'source': 'HAI Interface', 'destination-index': '3', 'study-stage': '3', 'decision-state': 0, 'vitals-state': 0, 'airspace-state': 0, 'data': {'page': 'checklist', 'action': 'toggled checkbox', 'inflight': True, 'item': 0, 'value': 'OFF'}}
INFO:root:1721769186.156348,ID:1007,STAGE:3,SEQUENCE:1432,DATA:{'time': 1721769186.152, 'user-id': '1007', 'source': 'HAI Interface', 'destination-index': '3', 'study-stage': '3', 'decision-state': 0, 'vitals-state': 0, 'airspace-state': 0, 'data': {'page': 'checklist', 'action': 'toggled checkbox', 'inflight': True, 'item': 1, 'value': 'OFF'}}
INFO:root:1721769186.826536,ID:1007,STAGE:3,SEQUENCE:1432,DATA:{'time': 1721769186.821, 'user-id': '1007', 'source': 'HAI Interface', 'destination-index': '3', 'study-stage': '3', 'decision-state': 0, 'vitals-state': 0, 'airspace-state': 0, 'data': {'page': 'checklist', 'action': 'toggled checkbox', 'inflight': True, 'item': 2, 'value': 'OFF'}}
INFO:root:1721769186.82853,ID:1007,STAGE:3,SEQUENCE:1432,DATA:{'time': 1721769186.821, 'user-id': '1007', 'source': 'HAI Interface', 'destination-index': '3', 'study-stage': '3', 'decision-state': 0, 'vitals-state': 0, 'airspace-state': 0, 'data': {'page': 'checklist', 'action': 'showing confirm button', 'inflight': True}}
INFO:root:1721769187.780354,ID:1007,STAGE:3,SEQUENCE:1432,DATA:{'time': 1721769187.776, 'user-id': '1007', 'source': 'HAI Interface', 'destination-index': '3', 'study-stage': '3', 'decision-state': 0, 'vitals-state': 0, 'airspace-state': 0, 'data': {'page': 'checklist', 'action': 'confirm button clicked', 'inflight': True}}
INFO:root:1721769188.127573,ID:1007,STAGE:3,SEQUENCE:1432,DATA:{'time': 1721769188.093, 'user-id': 'none', 'source': 'HAI Interface', 'destination-index': 3, 'study-stage': -1, 'decision-state': 0, 'vitals-state': 0, 'airspace-state': 0, 'data': {'page': 'landing-confirmation', 'action': 'opened page'}}
INFO:root:1721769188.136549,ID:1007,STAGE:3,SEQUENCE:1432,DATA:{'time': 1721769188.095, 'user-id': 'none', 'source': 'HAI Interface', 'destination-index': 3, 'study-stage': -1, 'decision-state': 0, 'vitals-state': 0, 'airspace-state': 0, 'data': {'page': 'landing-confirmation', 'action': 'showing helipad confirm', 'value': 1}}
INFO:root:1721769189.075152,ID:1007,STAGE:3,SEQUENCE:1432,DATA:{'time': 1721769189.071, 'user-id': '1007', 'source': 'HAI Interface', 'destination-index': '3', 'study-stage': '3', 'decision-state': 0, 'vitals-state': 0, 'airspace-state': 0, 'data': {'page': 'map', 'action': 'selected helipad', 'value': '21'}}
INFO:root:1721769192.621763,ID:1007,STAGE:3,SEQUENCE:1432,DATA:{'time': 1721769192.617, 'user-id': '1007', 'source': 'HAI Interface', 'destination-index': '3', 'study-stage': '3', 'decision-state': 0, 'vitals-state': 0, 'airspace-state': 0, 'data': {'page': 'landing-confirmation', 'action': 'checkbox toggle', 'item': 0, 'value': 'ON'}}
INFO:root:1721769193.206986,ID:1007,STAGE:3,SEQUENCE:1432,DATA:{'time': 1721769193.202, 'user-id': '1007', 'source': 'HAI Interface', 'destination-index': '3', 'study-stage': '3', 'decision-state': 0, 'vitals-state': 0, 'airspace-state': 0, 'data': {'page': 'landing-confirmation', 'action': 'checkbox toggle', 'item': 1, 'value': 'ON'}}
INFO:root:1721769194.942483,ID:1007,STAGE:3,SEQUENCE:1432,DATA:{'time': 1721769194.939, 'user-id': '1007', 'source': 'HAI Interface', 'destination-index': '3', 'study-stage': '3', 'decision-state': 0, 'vitals-state': 0, 'airspace-state': 0, 'data': {'page': 'landing-confirmation', 'action': 'confirmed safe to land'}}
INFO:root:1721769194.946473,ID:1007,STAGE:3,SEQUENCE:1432,DATA:{'time': 1721769194.939, 'user-id': '1007', 'source': 'HAI Interface', 'destination-index': '3', 'study-stage': '3', 'decision-state': 0, 'vitals-state': 0, 'airspace-state': 0, 'data': {'page': 'landing-confirmation', 'action': 'showing helipad ready'}}
INFO:root:1721769198.698453,ID:1007,STAGE:3,SEQUENCE:1432,DATA:{'time': 1721769198.693, 'user-id': '1007', 'source': 'HAI Interface', 'destination-index': '3', 'study-stage': '3', 'decision-state': '1', 'vitals-state': 0, 'airspace-state': 0, 'data': {'page': 'landing-confirmation', 'action': 'gave landing confirmation'}}
INFO:root:1721769198.85883,ID:1007,STAGE:3,SEQUENCE:1432,DATA:{'time': 1721769198.829, 'user-id': 'none', 'source': 'HAI Interface', 'destination-index': 3, 'study-stage': -1, 'decision-state': 0, 'vitals-state': 0, 'airspace-state': 0, 'data': {'page': 'landing-countdown', 'action': 'opened page'}}
INFO:root:1721769199.789172,ID:1007,STAGE:3,SEQUENCE:1432,DATA:{'time': 1721769199.784, 'user-id': '1007', 'source': 'HAI Interface', 'destination-index': '3', 'study-stage': '3', 'decision-state': '1', 'vitals-state': 0, 'airspace-state': 0, 'data': {'page': 'map', 'action': 'selected helipad', 'value': '21'}}
INFO:root:1721769199.834066,ID:1007,STAGE:3,SEQUENCE:1432,DATA:{'time': 1721769199.83, 'user-id': '1007', 'source': 'HAI Interface', 'destination-index': '3', 'study-stage': '3', 'decision-state': '1', 'vitals-state': 0, 'airspace-state': 0, 'data': {'page': 'landing-countdown', 'action': 'countdown changed', 'value': 5}}
INFO:root:1721769200.83513,ID:1007,STAGE:3,SEQUENCE:1432,DATA:{'time': 1721769200.832, 'user-id': '1007', 'source': 'HAI Interface', 'destination-index': '3', 'study-stage': '3', 'decision-state': '1', 'vitals-state': 0, 'airspace-state': 0, 'data': {'page': 'landing-countdown', 'action': 'countdown changed', 'value': 4}}
INFO:root:1721769201.835361,ID:1007,STAGE:3,SEQUENCE:1432,DATA:{'time': 1721769201.83, 'user-id': '1007', 'source': 'HAI Interface', 'destination-index': '3', 'study-stage': '3', 'decision-state': '1', 'vitals-state': 0, 'airspace-state': 0, 'data': {'page': 'landing-countdown', 'action': 'countdown changed', 'value': 3}}
INFO:root:1721769202.837948,ID:1007,STAGE:3,SEQUENCE:1432,DATA:{'time': 1721769202.835, 'user-id': '1007', 'source': 'HAI Interface', 'destination-index': '3', 'study-stage': '3', 'decision-state': '1', 'vitals-state': 0, 'airspace-state': 0, 'data': {'page': 'landing-countdown', 'action': 'countdown changed', 'value': 2}}
INFO:root:1721769203.834976,ID:1007,STAGE:3,SEQUENCE:1432,DATA:{'time': 1721769203.83, 'user-id': '1007', 'source': 'HAI Interface', 'destination-index': '3', 'study-stage': '3', 'decision-state': '1', 'vitals-state': 0, 'airspace-state': 0, 'data': {'page': 'landing-countdown', 'action': 'countdown changed', 'value': 1}}
INFO:root:1721769204.83499,ID:1007,STAGE:3,SEQUENCE:1432,DATA:{'time': 1721769204.83, 'user-id': '1007', 'source': 'HAI Interface', 'destination-index': '3', 'study-stage': '3', 'decision-state': '1', 'vitals-state': 0, 'airspace-state': 0, 'data': {'page': 'landing-countdown', 'action': 'countdown changed', 'value': 0}}
INFO:root:1721769205.842066,ID:1007,STAGE:3,SEQUENCE:1432,DATA:{'time': 1721769205.838, 'user-id': '1007', 'source': 'HAI Interface', 'destination-index': '3', 'study-stage': '3', 'decision-state': '1', 'vitals-state': 0, 'airspace-state': 0, 'data': {'page': 'landing-countdown', 'action': 'countdown complete'}}
INFO:root:1721769205.989519,ID:1007,STAGE:3,SEQUENCE:1432,DATA:{'time': 1721769205.961, 'user-id': 'none', 'source': 'HAI Interface', 'destination-index': 3, 'study-stage': -1, 'decision-state': 0, 'vitals-state': 0, 'airspace-state': 0, 'data': {'page': 'landed', 'action': 'opened page'}}
INFO:root:1721769206.943182,ID:1007,STAGE:3,SEQUENCE:1432,DATA:{'time': 1721769206.937, 'user-id': '1007', 'source': 'HAI Interface', 'destination-index': '3', 'study-stage': '3', 'decision-state': '1', 'vitals-state': 0, 'airspace-state': 0, 'data': {'page': 'map', 'action': 'selected helipad', 'value': '21'}}
INFO:SimConnect.SimConnect:SIM Paused
INFO:SimConnect.SimConnect:SIM Paused
INFO:SimConnect.SimConnect:SIM Stop
INFO:SimConnect.SimConnect:SIM Stop
INFO:SimConnect.SimConnect:SIM Paused
INFO:SimConnect.SimConnect:SIM Paused
INFO:SimConnect.SimConnect:SIM START
INFO:SimConnect.SimConnect:SIM START
INFO:SimConnect.SimConnect:SIM Unpaused
INFO:SimConnect.SimConnect:SIM Unpaused
