INFO:root:1721769496.676235,ID:1007,STAGE:2,SEQUENCE:1432,DATA:{'time': 1721769496.672, 'user-id': '1007', 'source': 'HAI Interface', 'destination-index': 'None', 'study-stage': '2', 'decision-state': 0, 'vitals-state': 0, 'airspace-state': 0, 'data': {'page': 'index', 'action': 'confirm button pressed'}}
INFO:root:1721769496.78231,ID:1007,STAGE:2,SEQUENCE:1432,DATA:{'time': 1721769496.768, 'user-id': 'none', 'source': 'HAI Interface', 'destination-index': 3, 'study-stage': -1, 'decision-state': 0, 'vitals-state': 0, 'airspace-state': 0, 'data': {'page': 'location', 'action': 'opened page'}}
INFO:root:Takeoff radiocomms initiated
INFO:comtypes.client._code_cache:Imported existing <module 'comtypes.gen' from 'C:\\Users\\ae-dagbeyibor3\\AppData\\Local\\Programs\\Python\\Python312\\Lib\\site-packages\\comtypes\\gen\\__init__.py'>
INFO:comtypes.client._code_cache:Using writeable comtypes cache directory: 'C:\Users\ae-dagbeyibor3\AppData\Local\Programs\Python\Python312\Lib\site-packages\comtypes\gen'
INFO:root:1721769497.761121,ID:1007,STAGE:2,SEQUENCE:1432,DATA:{'time': 1721769497.747, 'user-id': '1007', 'source': 'HAI Interface', 'destination-index': 'None', 'study-stage': '2', 'decision-state': 0, 'vitals-state': 0, 'airspace-state': 0, 'data': {'page': 'map', 'action': 'selected helipad', 'value': '21'}}
INFO:root:Takeoff radiocomms clear request sent
INFO:root:1721769517.028234,ID:1007,STAGE:2,SEQUENCE:1432,DATA:{'time': 1721769517.025, 'user-id': '1007', 'source': 'HAI Interface', 'destination-index': 'None', 'study-stage': '2', 'decision-state': 0, 'vitals-state': 0, 'airspace-state': 0, 'data': {'page': 'location', 'action': 'confirm button pressed'}}
INFO:root:1721769517.2993,ID:1007,STAGE:2,SEQUENCE:1432,DATA:{'time': 1721769517.292, 'user-id': 'none', 'source': 'HAI Interface', 'destination-index': 3, 'study-stage': -1, 'decision-state': 0, 'vitals-state': 0, 'airspace-state': 0, 'data': {'page': 'checklist', 'action': 'opened page', 'inflight': False}}
INFO:root:1721769518.269202,ID:1007,STAGE:2,SEQUENCE:1432,DATA:{'time': 1721769518.264, 'user-id': '1007', 'source': 'HAI Interface', 'destination-index': '3', 'study-stage': '2', 'decision-state': 0, 'vitals-state': 0, 'airspace-state': 0, 'data': {'page': 'map', 'action': 'selected helipad', 'value': '21'}}
INFO:root:1721769519.439444,ID:1007,STAGE:2,SEQUENCE:1432,DATA:{'time': 1721769519.436, 'user-id': '1007', 'source': 'HAI Interface', 'destination-index': '3', 'study-stage': '2', 'decision-state': 0, 'vitals-state': 0, 'airspace-state': 0, 'data': {'page': 'checklist', 'action': 'toggled checkbox', 'inflight': False, 'item': 0, 'value': 'OFF'}}
INFO:root:1721769520.16231,ID:1007,STAGE:2,SEQUENCE:1432,DATA:{'time': 1721769520.159, 'user-id': '1007', 'source': 'HAI Interface', 'destination-index': '3', 'study-stage': '2', 'decision-state': 0, 'vitals-state': 0, 'airspace-state': 0, 'data': {'page': 'checklist', 'action': 'toggled checkbox', 'inflight': False, 'item': 1, 'value': 'OFF'}}
INFO:root:1721769520.657801,ID:1007,STAGE:2,SEQUENCE:1432,DATA:{'time': 1721769520.653, 'user-id': '1007', 'source': 'HAI Interface', 'destination-index': '3', 'study-stage': '2', 'decision-state': 0, 'vitals-state': 0, 'airspace-state': 0, 'data': {'page': 'checklist', 'action': 'toggled checkbox', 'inflight': False, 'item': 2, 'value': 'OFF'}}
INFO:root:1721769520.659798,ID:1007,STAGE:2,SEQUENCE:1432,DATA:{'time': 1721769520.654, 'user-id': '1007', 'source': 'HAI Interface', 'destination-index': '3', 'study-stage': '2', 'decision-state': 0, 'vitals-state': 0, 'airspace-state': 0, 'data': {'page': 'checklist', 'action': 'showing confirm button', 'inflight': False}}
INFO:root:1721769521.667665,ID:1007,STAGE:2,SEQUENCE:1432,DATA:{'time': 1721769521.665, 'user-id': '1007', 'source': 'HAI Interface', 'destination-index': '3', 'study-stage': '2', 'decision-state': 0, 'vitals-state': 0, 'airspace-state': 0, 'data': {'page': 'checklist', 'action': 'confirm button clicked', 'inflight': False}}
INFO:root:1721769521.766846,ID:1007,STAGE:2,SEQUENCE:1432,DATA:{'time': 1721769521.75, 'user-id': 'none', 'source': 'HAI Interface', 'destination-index': 3, 'study-stage': -1, 'decision-state': 0, 'vitals-state': 0, 'airspace-state': 0, 'data': {'page': 'countdown', 'action': 'opened page'}}
INFO:root:1721769522.735427,ID:1007,STAGE:2,SEQUENCE:1432,DATA:{'time': 1721769522.729, 'user-id': '1007', 'source': 'HAI Interface', 'destination-index': '3', 'study-stage': '2', 'decision-state': 0, 'vitals-state': 0, 'airspace-state': 0, 'data': {'page': 'map', 'action': 'selected helipad', 'value': '21'}}
INFO:root:1721769522.763579,ID:1007,STAGE:2,SEQUENCE:1432,DATA:{'time': 1721769522.76, 'user-id': '1007', 'source': 'HAI Interface', 'destination-index': '3', 'study-stage': '2', 'decision-state': 0, 'vitals-state': 0, 'airspace-state': 0, 'data': {'page': 'countdown', 'action': 'countdown now 4'}}
INFO:root:1721769523.761346,ID:1007,STAGE:2,SEQUENCE:1432,DATA:{'time': 1721769523.758, 'user-id': '1007', 'source': 'HAI Interface', 'destination-index': '3', 'study-stage': '2', 'decision-state': 0, 'vitals-state': 0, 'airspace-state': 0, 'data': {'page': 'countdown', 'action': 'countdown now 3'}}
INFO:root:1721769524.768198,ID:1007,STAGE:2,SEQUENCE:1432,DATA:{'time': 1721769524.764, 'user-id': '1007', 'source': 'HAI Interface', 'destination-index': '3', 'study-stage': '2', 'decision-state': 0, 'vitals-state': 0, 'airspace-state': 0, 'data': {'page': 'countdown', 'action': 'countdown now 2'}}
INFO:root:1721769525.758251,ID:1007,STAGE:2,SEQUENCE:1432,DATA:{'time': 1721769525.754, 'user-id': '1007', 'source': 'HAI Interface', 'destination-index': '3', 'study-stage': '2', 'decision-state': 0, 'vitals-state': 0, 'airspace-state': 0, 'data': {'page': 'countdown', 'action': 'countdown now 1'}}
INFO:root:1721769526.759896,ID:1007,STAGE:2,SEQUENCE:1432,DATA:{'time': 1721769526.756, 'user-id': '1007', 'source': 'HAI Interface', 'destination-index': '3', 'study-stage': '2', 'decision-state': 0, 'vitals-state': 0, 'airspace-state': 0, 'data': {'page': 'countdown', 'action': 'countdown now 0'}}
INFO:root:1721769527.766403,ID:1007,STAGE:2,SEQUENCE:1432,DATA:{'time': 1721769527.761, 'user-id': '1007', 'source': 'HAI Interface', 'destination-index': '3', 'study-stage': '2', 'decision-state': 0, 'vitals-state': 0, 'airspace-state': 0, 'data': {'page': 'countdown', 'action': 'countdown complete'}}
INFO:root:1721769529.100754,ID:1007,STAGE:2,SEQUENCE:1432,DATA:{'time': 1721769529.096, 'user-id': '1007', 'source': 'HAI Interface', 'destination-index': '3', 'study-stage': '2', 'decision-state': 0, 'vitals-state': 0, 'airspace-state': 0, 'data': {'page': 'map', 'action': 'selected helipad', 'value': '21'}}
INFO:root:Inflight Radio Update asked
INFO:root:sent request to set radio update complete
INFO:root:SimConnect Error in /var
INFO:SimConnect.SimConnect:SIM OPEN
INFO:root:1721769548.238949,ID:1007,STAGE:2,SEQUENCE:1432,DATA:{'time': 1721769548.235, 'user-id': '1007', 'source': 'HAI Interface', 'destination-index': '3', 'study-stage': '2', 'decision-state': 0, 'vitals-state': 0, 'airspace-state': 0, 'data': {'page': 'map', 'action': 'show map'}}
INFO:root:1721769548.240942,ID:1007,STAGE:2,SEQUENCE:1432,DATA:{'time': 1721769548.235, 'user-id': '1007', 'source': 'HAI Interface', 'destination-index': '3', 'study-stage': '2', 'decision-state': 0, 'vitals-state': 0, 'airspace-state': 0, 'data': {'page': 'map', 'action': 'selected helipad', 'value': '21'}}
INFO:root:1721769581.912889,ID:1007,STAGE:2,SEQUENCE:1432,DATA:{'time': 1721769581.908, 'user-id': '1007', 'source': 'HAI Interface', 'destination-index': '3', 'study-stage': '2', 'decision-state': 0, 'vitals-state': 0, 'airspace-state': 0, 'data': {'page': 'inflight', 'action': 'displaying vitals prompt'}}
INFO:root:1721769590.923683,ID:1007,STAGE:2,SEQUENCE:1432,DATA:{'time': 1721769590.92, 'source': 'VitalsTask', 'timer': 138.893, 'data': {'sensor': 'Heart Rate', 'action': 'capture', 'data': 'action button pressed'}}
INFO:root:1721769590.925682,ID:1007,STAGE:2,SEQUENCE:1432,DATA:{'time': 1721769590.92, 'source': 'VitalsTask', 'timer': 138.893, 'data': {'sensor': 'Heart Rate', 'action': 'capture', 'data': 'starting sensor action'}}
INFO:root:1721769591.938777,ID:1007,STAGE:2,SEQUENCE:1432,DATA:{'time': 1721769591.936, 'source': 'VitalsTask', 'timer': 139.909, 'data': {'sensor': 'Heart Rate', 'action': 'capture', 'data': 'sensor action complete'}}
INFO:root:1721769591.939774,ID:1007,STAGE:2,SEQUENCE:1432,DATA:{'time': 1721769591.936, 'source': 'VitalsTask', 'timer': 139.909, 'data': {'sensor': 'Heart Rate', 'action': 'keypad open'}}
INFO:root:1721769594.331153,ID:1007,STAGE:2,SEQUENCE:1432,DATA:{'time': 1721769594.327, 'source': 'VitalsTask', 'timer': 142.3, 'data': {'sensor': 'Heart Rate', 'action': 'keypad press', 'key': 5, 'value': 5}}
INFO:root:1721769594.973492,ID:1007,STAGE:2,SEQUENCE:1432,DATA:{'time': 1721769594.971, 'source': 'VitalsTask', 'timer': 142.944, 'data': {'sensor': 'Heart Rate', 'action': 'keypad press', 'key': 5, 'value': 55}}
INFO:root:1721769595.948217,ID:1007,STAGE:2,SEQUENCE:1432,DATA:{'time': 1721769595.946, 'source': 'VitalsTask', 'timer': 143.919, 'data': {'sensor': 'Heart Rate', 'action': 'show action buttons'}}
INFO:root:1721769595.950211,ID:1007,STAGE:2,SEQUENCE:1432,DATA:{'time': 1721769595.947, 'source': 'VitalsTask', 'timer': 143.92, 'data': {'sensor': 'Heart Rate', 'action': 'keypad press', 'key': 10, 'value': 55}}
INFO:root:1721769597.945613,ID:1007,STAGE:2,SEQUENCE:1432,DATA:{'time': 1721769597.943, 'source': 'VitalsTask', 'timer': 145.916, 'data': {'sensor': 'Heart Rate', 'action': 'log', 'data': 'action button pressed'}}
INFO:root:1721769597.949603,ID:1007,STAGE:2,SEQUENCE:1432,DATA:{'time': 1721769597.944, 'source': 'VitalsTask', 'timer': 145.917, 'data': {'sensor': 'Heart Rate', 'action': 'log', 'data': 'starting sensor action'}}
INFO:root:1721769598.961402,ID:1007,STAGE:2,SEQUENCE:1432,DATA:{'time': 1721769598.958, 'source': 'VitalsTask', 'timer': 146.931, 'data': {'sensor': 'Heart Rate', 'action': 'log', 'data': 'sensor action complete'}}
INFO:root:1721769599.841041,ID:1007,STAGE:2,SEQUENCE:1432,DATA:{'time': 1721769599.837, 'source': 'VitalsTask', 'timer': 147.81, 'data': {'sensor': 'Heart Rate', 'action': 'save', 'data': 'action button pressed'}}
INFO:root:1721769599.84277,ID:1007,STAGE:2,SEQUENCE:1432,DATA:{'time': 1721769599.837, 'source': 'VitalsTask', 'timer': 147.81, 'data': {'sensor': 'Heart Rate', 'action': 'save', 'data': 'starting sensor action'}}
INFO:root:1721769600.853462,ID:1007,STAGE:2,SEQUENCE:1432,DATA:{'time': 1721769600.85, 'source': 'VitalsTask', 'timer': 148.823, 'data': {'sensor': 'Heart Rate', 'action': 'save', 'data': 'sensor action complete'}}
INFO:root:1721769603.153675,ID:1007,STAGE:2,SEQUENCE:1432,DATA:{'time': 1721769603.151, 'source': 'VitalsTask', 'timer': 151.124, 'data': {'sensor': 'O\u2082 Saturation', 'action': 'opened sensor tab'}}
INFO:root:1721769605.17297,ID:1007,STAGE:2,SEQUENCE:1432,DATA:{'time': 1721769605.169, 'source': 'VitalsTask', 'timer': 153.142, 'data': {'sensor': 'O\u2082 Saturation', 'action': 'capture', 'data': 'action button pressed'}}
INFO:root:1721769605.177624,ID:1007,STAGE:2,SEQUENCE:1432,DATA:{'time': 1721769605.17, 'source': 'VitalsTask', 'timer': 153.143, 'data': {'sensor': 'O\u2082 Saturation', 'action': 'capture', 'data': 'starting sensor action'}}
INFO:root:1721769606.193295,ID:1007,STAGE:2,SEQUENCE:1432,DATA:{'time': 1721769606.189, 'source': 'VitalsTask', 'timer': 154.162, 'data': {'sensor': 'O\u2082 Saturation', 'action': 'capture', 'data': 'sensor action complete'}}
INFO:root:1721769606.196801,ID:1007,STAGE:2,SEQUENCE:1432,DATA:{'time': 1721769606.189, 'source': 'VitalsTask', 'timer': 154.162, 'data': {'sensor': 'O\u2082 Saturation', 'action': 'keypad open'}}
INFO:root:1721769609.051737,ID:1007,STAGE:2,SEQUENCE:1432,DATA:{'time': 1721769609.048, 'source': 'VitalsTask', 'timer': 157.021, 'data': {'sensor': 'O\u2082 Saturation', 'action': 'keypad press', 'key': 1, 'value': 1}}
INFO:root:1721769610.951915,ID:1007,STAGE:2,SEQUENCE:1432,DATA:{'time': 1721769610.95, 'source': 'VitalsTask', 'timer': 158.923, 'data': {'sensor': 'O\u2082 Saturation', 'action': 'keypad press', 'key': 11, 'value': 10}}
INFO:root:1721769611.586034,ID:1007,STAGE:2,SEQUENCE:1432,DATA:{'time': 1721769611.584, 'source': 'VitalsTask', 'timer': 159.557, 'data': {'sensor': 'O\u2082 Saturation', 'action': 'keypad press', 'key': 11, 'value': 100}}
INFO:root:1721769613.074399,ID:1007,STAGE:2,SEQUENCE:1432,DATA:{'time': 1721769613.066, 'source': 'VitalsTask', 'timer': 161.039, 'data': {'sensor': 'O\u2082 Saturation', 'action': 'show action buttons'}}
INFO:root:1721769613.076905,ID:1007,STAGE:2,SEQUENCE:1432,DATA:{'time': 1721769613.066, 'source': 'VitalsTask', 'timer': 161.039, 'data': {'sensor': 'O\u2082 Saturation', 'action': 'keypad press', 'key': 10, 'value': 100}}
INFO:root:1721769615.091825,ID:1007,STAGE:2,SEQUENCE:1432,DATA:{'time': 1721769615.09, 'source': 'VitalsTask', 'timer': 163.063, 'data': {'sensor': 'O\u2082 Saturation', 'action': 'log', 'data': 'action button pressed'}}
INFO:root:1721769615.093819,ID:1007,STAGE:2,SEQUENCE:1432,DATA:{'time': 1721769615.09, 'source': 'VitalsTask', 'timer': 163.063, 'data': {'sensor': 'O\u2082 Saturation', 'action': 'log', 'data': 'starting sensor action'}}
INFO:root:1721769616.106147,ID:1007,STAGE:2,SEQUENCE:1432,DATA:{'time': 1721769616.104, 'source': 'VitalsTask', 'timer': 164.077, 'data': {'sensor': 'O\u2082 Saturation', 'action': 'log', 'data': 'sensor action complete'}}
INFO:root:1721769617.605296,ID:1007,STAGE:2,SEQUENCE:1432,DATA:{'time': 1721769617.602, 'source': 'VitalsTask', 'timer': 165.575, 'data': {'sensor': 'O\u2082 Saturation', 'action': 'save', 'data': 'action button pressed'}}
INFO:root:1721769617.608446,ID:1007,STAGE:2,SEQUENCE:1432,DATA:{'time': 1721769617.602, 'source': 'VitalsTask', 'timer': 165.575, 'data': {'sensor': 'O\u2082 Saturation', 'action': 'save', 'data': 'starting sensor action'}}
INFO:root:1721769618.621354,ID:1007,STAGE:2,SEQUENCE:1432,DATA:{'time': 1721769618.617, 'source': 'VitalsTask', 'timer': 166.59, 'data': {'sensor': 'O\u2082 Saturation', 'action': 'save', 'data': 'sensor action complete'}}
INFO:root:1721769625.45489,ID:1007,STAGE:2,SEQUENCE:1432,DATA:{'time': 1721769625.452, 'source': 'VitalsTask', 'timer': 173.425, 'data': {'sensor': 'Blood Pressure', 'action': 'opened sensor tab'}}
INFO:root:1721769628.06789,ID:1007,STAGE:2,SEQUENCE:1432,DATA:{'time': 1721769628.064, 'source': 'VitalsTask', 'timer': 176.037, 'data': {'sensor': 'Blood Pressure', 'action': 'capture', 'data': 'action button pressed'}}
INFO:root:1721769628.071436,ID:1007,STAGE:2,SEQUENCE:1432,DATA:{'time': 1721769628.064, 'source': 'VitalsTask', 'timer': 176.037, 'data': {'sensor': 'Blood Pressure', 'action': 'capture', 'data': 'starting sensor action'}}
INFO:root:1721769629.086697,ID:1007,STAGE:2,SEQUENCE:1432,DATA:{'time': 1721769629.079, 'source': 'VitalsTask', 'timer': 177.052, 'data': {'sensor': 'Blood Pressure', 'action': 'capture', 'data': 'sensor action complete'}}
INFO:root:1721769629.089691,ID:1007,STAGE:2,SEQUENCE:1432,DATA:{'time': 1721769629.08, 'source': 'VitalsTask', 'timer': 177.053, 'data': {'sensor': 'Blood Pressure', 'action': 'keypad open'}}
INFO:root:1721769631.967641,ID:1007,STAGE:2,SEQUENCE:1432,DATA:{'time': 1721769631.963, 'source': 'VitalsTask', 'timer': 179.936, 'data': {'sensor': 'Blood Pressure', 'action': 'keypad press', 'key': 1, 'value': 1}}
INFO:root:1721769632.935583,ID:1007,STAGE:2,SEQUENCE:1432,DATA:{'time': 1721769632.931, 'source': 'VitalsTask', 'timer': 180.904, 'data': {'sensor': 'Blood Pressure', 'action': 'keypad press', 'key': 2, 'value': 12}}
INFO:root:1721769634.408229,ID:1007,STAGE:2,SEQUENCE:1432,DATA:{'time': 1721769634.406, 'source': 'VitalsTask', 'timer': 182.379, 'data': {'sensor': 'Blood Pressure', 'action': 'keypad press', 'key': 11, 'value': 120}}
INFO:root:Inflight Radio Update asked
INFO:root:sent request to set radio update complete
INFO:root:1721769650.10465,ID:1007,STAGE:2,SEQUENCE:1432,DATA:{'time': 1721769650.101, 'source': 'VitalsTask', 'timer': 198.074, 'data': {'sensor': 'Blood Pressure', 'action': 'keypad press', 'key': 8, 'value': 1208}}
INFO:root:1721769651.475059,ID:1007,STAGE:2,SEQUENCE:1432,DATA:{'time': 1721769651.47, 'source': 'VitalsTask', 'timer': 199.443, 'data': {'sensor': 'Blood Pressure', 'action': 'keypad press', 'key': 11, 'value': 12080}}
INFO:root:1721769653.653473,ID:1007,STAGE:2,SEQUENCE:1432,DATA:{'time': 1721769653.641, 'source': 'VitalsTask', 'timer': 201.614, 'data': {'sensor': 'Blood Pressure', 'action': 'show action buttons'}}
INFO:root:1721769653.655468,ID:1007,STAGE:2,SEQUENCE:1432,DATA:{'time': 1721769653.641, 'source': 'VitalsTask', 'timer': 201.614, 'data': {'sensor': 'Blood Pressure', 'action': 'keypad press', 'key': 10, 'value': 12080}}
INFO:root:1721769658.823946,ID:1007,STAGE:2,SEQUENCE:1432,DATA:{'time': 1721769658.821, 'source': 'VitalsTask', 'timer': 206.794, 'data': {'sensor': 'Blood Pressure', 'action': 'log', 'data': 'action button pressed'}}
INFO:root:1721769658.826944,ID:1007,STAGE:2,SEQUENCE:1432,DATA:{'time': 1721769658.821, 'source': 'VitalsTask', 'timer': 206.794, 'data': {'sensor': 'Blood Pressure', 'action': 'log', 'data': 'starting sensor action'}}
INFO:root:1721769659.841766,ID:1007,STAGE:2,SEQUENCE:1432,DATA:{'time': 1721769659.839, 'source': 'VitalsTask', 'timer': 207.812, 'data': {'sensor': 'Blood Pressure', 'action': 'log', 'data': 'sensor action complete'}}
INFO:root:1721769660.652333,ID:1007,STAGE:2,SEQUENCE:1432,DATA:{'time': 1721769660.649, 'source': 'VitalsTask', 'timer': 208.622, 'data': {'sensor': 'Blood Pressure', 'action': 'save', 'data': 'action button pressed'}}
INFO:root:1721769660.654365,ID:1007,STAGE:2,SEQUENCE:1432,DATA:{'time': 1721769660.65, 'source': 'VitalsTask', 'timer': 208.623, 'data': {'sensor': 'Blood Pressure', 'action': 'save', 'data': 'starting sensor action'}}
INFO:root:1721769661.679446,ID:1007,STAGE:2,SEQUENCE:1432,DATA:{'time': 1721769661.665, 'source': 'VitalsTask', 'timer': 209.638, 'data': {'sensor': 'Blood Pressure', 'action': 'save', 'data': 'sensor action complete'}}
INFO:root:1721769663.613904,ID:1007,STAGE:2,SEQUENCE:1432,DATA:{'time': 1721769663.611, 'source': 'VitalsTask', 'timer': 211.584, 'data': {'sensor': 'submit', 'action': 'submit'}}
INFO:root:1721769663.616895,ID:1007,STAGE:2,SEQUENCE:1432,DATA:{'time': 1721769663.611, 'source': 'VitalsTask', 'timer': 211.584, 'data': {'sensor': 'submit', 'action': 'submit', 'data': 'submit succeeded'}}
INFO:root:1721769665.82214,ID:1007,STAGE:2,SEQUENCE:1432,DATA:{'time': 1721769665.817, 'user-id': '1007', 'source': 'HAI Interface', 'destination-index': '3', 'study-stage': '2', 'decision-state': 0, 'vitals-state': 0, 'airspace-state': 0, 'data': {'page': 'inflight', 'action': 'user acknowledged vitals prompt'}}
INFO:root:1721769679.897025,ID:1007,STAGE:2,SEQUENCE:1432,DATA:{'time': 1721769679.892, 'user-id': '1007', 'source': 'HAI Interface', 'destination-index': '3', 'study-stage': '2', 'decision-state': 0, 'vitals-state': 0, 'airspace-state': 0, 'data': {'page': 'inflight', 'action': 'displaying vitals prompt'}}
INFO:root:1721769687.155244,ID:1007,STAGE:2,SEQUENCE:1432,DATA:{'time': 1721769687.151, 'source': 'VitalsTask', 'timer': 23.54, 'data': {'sensor': 'Heart Rate', 'action': 'opened sensor tab'}}
INFO:root:1721769688.938454,ID:1007,STAGE:2,SEQUENCE:1432,DATA:{'time': 1721769688.936, 'source': 'VitalsTask', 'timer': 25.325, 'data': {'sensor': 'Heart Rate', 'action': 'capture', 'data': 'action button pressed'}}
INFO:root:1721769688.940448,ID:1007,STAGE:2,SEQUENCE:1432,DATA:{'time': 1721769688.936, 'source': 'VitalsTask', 'timer': 25.325, 'data': {'sensor': 'Heart Rate', 'action': 'capture', 'data': 'starting sensor action'}}
INFO:root:1721769689.960705,ID:1007,STAGE:2,SEQUENCE:1432,DATA:{'time': 1721769689.952, 'source': 'VitalsTask', 'timer': 26.341, 'data': {'sensor': 'Heart Rate', 'action': 'capture', 'data': 'sensor action complete'}}
INFO:root:1721769689.96358,ID:1007,STAGE:2,SEQUENCE:1432,DATA:{'time': 1721769689.952, 'source': 'VitalsTask', 'timer': 26.341, 'data': {'sensor': 'Heart Rate', 'action': 'keypad open'}}
INFO:root:1721769691.010783,ID:1007,STAGE:2,SEQUENCE:1432,DATA:{'time': 1721769690.998, 'source': 'VitalsTask', 'timer': 27.387, 'data': {'sensor': 'Heart Rate', 'action': 'keypad press', 'key': 5, 'value': 5}}
INFO:root:1721769691.71019,ID:1007,STAGE:2,SEQUENCE:1432,DATA:{'time': 1721769691.707, 'source': 'VitalsTask', 'timer': 28.096, 'data': {'sensor': 'Heart Rate', 'action': 'keypad press', 'key': 5, 'value': 55}}
INFO:root:1721769693.497772,ID:1007,STAGE:2,SEQUENCE:1432,DATA:{'time': 1721769693.495, 'source': 'VitalsTask', 'timer': 29.884, 'data': {'sensor': 'Heart Rate', 'action': 'show action buttons'}}
INFO:root:1721769693.501812,ID:1007,STAGE:2,SEQUENCE:1432,DATA:{'time': 1721769693.496, 'source': 'VitalsTask', 'timer': 29.885, 'data': {'sensor': 'Heart Rate', 'action': 'keypad press', 'key': 10, 'value': 55}}
INFO:root:1721769696.503128,ID:1007,STAGE:2,SEQUENCE:1432,DATA:{'time': 1721769696.499, 'source': 'VitalsTask', 'timer': 32.888, 'data': {'sensor': 'Heart Rate', 'action': 'log', 'data': 'action button pressed'}}
INFO:root:1721769696.512105,ID:1007,STAGE:2,SEQUENCE:1432,DATA:{'time': 1721769696.5, 'source': 'VitalsTask', 'timer': 32.889, 'data': {'sensor': 'Heart Rate', 'action': 'log', 'data': 'starting sensor action'}}
INFO:root:1721769697.523776,ID:1007,STAGE:2,SEQUENCE:1432,DATA:{'time': 1721769697.518, 'source': 'VitalsTask', 'timer': 33.907, 'data': {'sensor': 'Heart Rate', 'action': 'log', 'data': 'sensor action complete'}}
INFO:root:1721769699.217829,ID:1007,STAGE:2,SEQUENCE:1432,DATA:{'time': 1721769699.213, 'source': 'VitalsTask', 'timer': 35.602, 'data': {'sensor': 'Heart Rate', 'action': 'save', 'data': 'action button pressed'}}
INFO:root:1721769699.218828,ID:1007,STAGE:2,SEQUENCE:1432,DATA:{'time': 1721769699.214, 'source': 'VitalsTask', 'timer': 35.603, 'data': {'sensor': 'Heart Rate', 'action': 'save', 'data': 'starting sensor action'}}
INFO:root:1721769700.23776,ID:1007,STAGE:2,SEQUENCE:1432,DATA:{'time': 1721769700.232, 'source': 'VitalsTask', 'timer': 36.621, 'data': {'sensor': 'Heart Rate', 'action': 'save', 'data': 'sensor action complete'}}
INFO:root:1721769702.901516,ID:1007,STAGE:2,SEQUENCE:1432,DATA:{'time': 1721769702.897, 'source': 'VitalsTask', 'timer': 39.286, 'data': {'sensor': 'O\u2082 Saturation', 'action': 'opened sensor tab'}}
INFO:root:1721769705.165514,ID:1007,STAGE:2,SEQUENCE:1432,DATA:{'time': 1721769705.162, 'source': 'VitalsTask', 'timer': 41.551, 'data': {'sensor': 'O\u2082 Saturation', 'action': 'capture', 'data': 'action button pressed'}}
INFO:root:1721769705.169015,ID:1007,STAGE:2,SEQUENCE:1432,DATA:{'time': 1721769705.163, 'source': 'VitalsTask', 'timer': 41.552, 'data': {'sensor': 'O\u2082 Saturation', 'action': 'capture', 'data': 'starting sensor action'}}
INFO:root:1721769706.184675,ID:1007,STAGE:2,SEQUENCE:1432,DATA:{'time': 1721769706.179, 'source': 'VitalsTask', 'timer': 42.568, 'data': {'sensor': 'O\u2082 Saturation', 'action': 'capture', 'data': 'sensor action complete'}}
INFO:root:1721769706.186671,ID:1007,STAGE:2,SEQUENCE:1432,DATA:{'time': 1721769706.181, 'source': 'VitalsTask', 'timer': 42.57, 'data': {'sensor': 'O\u2082 Saturation', 'action': 'keypad open'}}
INFO:root:1721769707.574399,ID:1007,STAGE:2,SEQUENCE:1432,DATA:{'time': 1721769707.57, 'source': 'VitalsTask', 'timer': 43.959, 'data': {'sensor': 'O\u2082 Saturation', 'action': 'keypad press', 'key': 1, 'value': 1}}
INFO:root:1721769709.053894,ID:1007,STAGE:2,SEQUENCE:1432,DATA:{'time': 1721769709.051, 'source': 'VitalsTask', 'timer': 45.44, 'data': {'sensor': 'O\u2082 Saturation', 'action': 'keypad press', 'key': 11, 'value': 10}}
INFO:root:1721769709.611526,ID:1007,STAGE:2,SEQUENCE:1432,DATA:{'time': 1721769709.608, 'source': 'VitalsTask', 'timer': 45.997, 'data': {'sensor': 'O\u2082 Saturation', 'action': 'keypad press', 'key': 11, 'value': 100}}
INFO:root:1721769711.093336,ID:1007,STAGE:2,SEQUENCE:1432,DATA:{'time': 1721769711.089, 'source': 'VitalsTask', 'timer': 47.478, 'data': {'sensor': 'O\u2082 Saturation', 'action': 'show action buttons'}}
INFO:root:1721769711.095841,ID:1007,STAGE:2,SEQUENCE:1432,DATA:{'time': 1721769711.09, 'source': 'VitalsTask', 'timer': 47.479, 'data': {'sensor': 'O\u2082 Saturation', 'action': 'keypad press', 'key': 10, 'value': 100}}
INFO:root:1721769713.393172,ID:1007,STAGE:2,SEQUENCE:1432,DATA:{'time': 1721769713.39, 'source': 'VitalsTask', 'timer': 49.779, 'data': {'sensor': 'O\u2082 Saturation', 'action': 'log', 'data': 'action button pressed'}}
INFO:root:1721769713.396169,ID:1007,STAGE:2,SEQUENCE:1432,DATA:{'time': 1721769713.39, 'source': 'VitalsTask', 'timer': 49.779, 'data': {'sensor': 'O\u2082 Saturation', 'action': 'log', 'data': 'starting sensor action'}}
INFO:root:1721769714.408378,ID:1007,STAGE:2,SEQUENCE:1432,DATA:{'time': 1721769714.407, 'source': 'VitalsTask', 'timer': 50.796, 'data': {'sensor': 'O\u2082 Saturation', 'action': 'log', 'data': 'sensor action complete'}}
INFO:root:1721769715.938352,ID:1007,STAGE:2,SEQUENCE:1432,DATA:{'time': 1721769715.929, 'source': 'VitalsTask', 'timer': 52.318, 'data': {'sensor': 'O\u2082 Saturation', 'action': 'save', 'data': 'action button pressed'}}
INFO:root:1721769715.939349,ID:1007,STAGE:2,SEQUENCE:1432,DATA:{'time': 1721769715.929, 'source': 'VitalsTask', 'timer': 52.318, 'data': {'sensor': 'O\u2082 Saturation', 'action': 'save', 'data': 'starting sensor action'}}
INFO:root:1721769716.953432,ID:1007,STAGE:2,SEQUENCE:1432,DATA:{'time': 1721769716.948, 'source': 'VitalsTask', 'timer': 53.337, 'data': {'sensor': 'O\u2082 Saturation', 'action': 'save', 'data': 'sensor action complete'}}
INFO:root:1721769718.619642,ID:1007,STAGE:2,SEQUENCE:1432,DATA:{'time': 1721769718.617, 'source': 'VitalsTask', 'timer': 55.006, 'data': {'sensor': 'Blood Pressure', 'action': 'opened sensor tab'}}
INFO:root:1721769720.871835,ID:1007,STAGE:2,SEQUENCE:1432,DATA:{'time': 1721769720.869, 'source': 'VitalsTask', 'timer': 57.258, 'data': {'sensor': 'Blood Pressure', 'action': 'capture', 'data': 'action button pressed'}}
INFO:root:1721769720.874828,ID:1007,STAGE:2,SEQUENCE:1432,DATA:{'time': 1721769720.869, 'source': 'VitalsTask', 'timer': 57.258, 'data': {'sensor': 'Blood Pressure', 'action': 'capture', 'data': 'starting sensor action'}}
INFO:root:1721769721.885193,ID:1007,STAGE:2,SEQUENCE:1432,DATA:{'time': 1721769721.881, 'source': 'VitalsTask', 'timer': 58.27, 'data': {'sensor': 'Blood Pressure', 'action': 'capture', 'data': 'sensor action complete'}}
INFO:root:1721769721.888668,ID:1007,STAGE:2,SEQUENCE:1432,DATA:{'time': 1721769721.881, 'source': 'VitalsTask', 'timer': 58.27, 'data': {'sensor': 'Blood Pressure', 'action': 'keypad open'}}
INFO:root:1721769723.34632,ID:1007,STAGE:2,SEQUENCE:1432,DATA:{'time': 1721769723.343, 'source': 'VitalsTask', 'timer': 59.732, 'data': {'sensor': 'Blood Pressure', 'action': 'keypad press', 'key': 1, 'value': 1}}
INFO:root:1721769724.335492,ID:1007,STAGE:2,SEQUENCE:1432,DATA:{'time': 1721769724.332, 'source': 'VitalsTask', 'timer': 60.721, 'data': {'sensor': 'Blood Pressure', 'action': 'keypad press', 'key': 2, 'value': 12}}
INFO:root:1721769726.418635,ID:1007,STAGE:2,SEQUENCE:1432,DATA:{'time': 1721769726.415, 'source': 'VitalsTask', 'timer': 62.804, 'data': {'sensor': 'Blood Pressure', 'action': 'keypad press', 'key': 11, 'value': 120}}
INFO:root:1721769727.882294,ID:1007,STAGE:2,SEQUENCE:1432,DATA:{'time': 1721769727.879, 'source': 'VitalsTask', 'timer': 64.268, 'data': {'sensor': 'Blood Pressure', 'action': 'keypad press', 'key': 8, 'value': 1208}}
INFO:root:1721769729.286029,ID:1007,STAGE:2,SEQUENCE:1432,DATA:{'time': 1721769729.282, 'source': 'VitalsTask', 'timer': 65.671, 'data': {'sensor': 'Blood Pressure', 'action': 'keypad press', 'key': 11, 'value': 12080}}
INFO:root:1721769730.676416,ID:1007,STAGE:2,SEQUENCE:1432,DATA:{'time': 1721769730.671, 'source': 'VitalsTask', 'timer': 67.06, 'data': {'sensor': 'Blood Pressure', 'action': 'show action buttons'}}
INFO:root:1721769730.677353,ID:1007,STAGE:2,SEQUENCE:1432,DATA:{'time': 1721769730.671, 'source': 'VitalsTask', 'timer': 67.06, 'data': {'sensor': 'Blood Pressure', 'action': 'keypad press', 'key': 10, 'value': 12080}}
INFO:root:1721769732.698964,ID:1007,STAGE:2,SEQUENCE:1432,DATA:{'time': 1721769732.695, 'source': 'VitalsTask', 'timer': 69.084, 'data': {'sensor': 'Blood Pressure', 'action': 'log', 'data': 'action button pressed'}}
INFO:root:1721769732.702645,ID:1007,STAGE:2,SEQUENCE:1432,DATA:{'time': 1721769732.696, 'source': 'VitalsTask', 'timer': 69.085, 'data': {'sensor': 'Blood Pressure', 'action': 'log', 'data': 'starting sensor action'}}
INFO:root:1721769733.713465,ID:1007,STAGE:2,SEQUENCE:1432,DATA:{'time': 1721769733.71, 'source': 'VitalsTask', 'timer': 70.099, 'data': {'sensor': 'Blood Pressure', 'action': 'log', 'data': 'sensor action complete'}}
INFO:root:Inflight Radio Update asked
INFO:root:sent request to set radio update complete
INFO:root:1721769734.412447,ID:1007,STAGE:2,SEQUENCE:1432,DATA:{'time': 1721769734.411, 'source': 'VitalsTask', 'timer': 70.8, 'data': {'sensor': 'Blood Pressure', 'action': 'save', 'data': 'action button pressed'}}
INFO:root:1721769734.41589,ID:1007,STAGE:2,SEQUENCE:1432,DATA:{'time': 1721769734.411, 'source': 'VitalsTask', 'timer': 70.8, 'data': {'sensor': 'Blood Pressure', 'action': 'save', 'data': 'starting sensor action'}}
INFO:root:SimConnect Error in /var
INFO:root:SimConnect Error in /var
INFO:SimConnect.SimConnect:SIM OPEN
INFO:SimConnect.SimConnect:SIM OPEN
INFO:root:1721769735.433492,ID:1007,STAGE:2,SEQUENCE:1432,DATA:{'time': 1721769735.43, 'source': 'VitalsTask', 'timer': 71.819, 'data': {'sensor': 'Blood Pressure', 'action': 'save', 'data': 'sensor action complete'}}
INFO:root:1721769740.20794,ID:1007,STAGE:2,SEQUENCE:1432,DATA:{'time': 1721769740.205, 'source': 'VitalsTask', 'timer': 76.594, 'data': {'sensor': 'submit', 'action': 'submit'}}
INFO:root:1721769740.210441,ID:1007,STAGE:2,SEQUENCE:1432,DATA:{'time': 1721769740.206, 'source': 'VitalsTask', 'timer': 76.595, 'data': {'sensor': 'submit', 'action': 'submit', 'data': 'submit succeeded'}}
INFO:root:1721769742.814097,ID:1007,STAGE:2,SEQUENCE:1432,DATA:{'time': 1721769742.809, 'user-id': '1007', 'source': 'HAI Interface', 'destination-index': '3', 'study-stage': '2', 'decision-state': 0, 'vitals-state': 0, 'airspace-state': 0, 'data': {'page': 'inflight', 'action': 'user acknowledged vitals prompt'}}
INFO:root:1721769779.30549,ID:1007,STAGE:2,SEQUENCE:1432,DATA:{'time': 1721769779.299, 'user-id': '1007', 'source': 'HAI Interface', 'destination-index': '3', 'study-stage': '2', 'decision-state': 0, 'vitals-state': 0, 'airspace-state': 0, 'data': {'page': 'inflight', 'action': 'displaying vitals prompt'}}
INFO:root:1721769786.415333,ID:1007,STAGE:2,SEQUENCE:1432,DATA:{'time': 1721769786.41, 'source': 'VitalsTask', 'timer': 46.204, 'data': {'sensor': 'Heart Rate', 'action': 'opened sensor tab'}}
INFO:root:1721769788.153147,ID:1007,STAGE:2,SEQUENCE:1432,DATA:{'time': 1721769788.149, 'source': 'VitalsTask', 'timer': 47.943, 'data': {'sensor': 'Heart Rate', 'action': 'capture', 'data': 'action button pressed'}}
INFO:root:1721769788.155145,ID:1007,STAGE:2,SEQUENCE:1432,DATA:{'time': 1721769788.15, 'source': 'VitalsTask', 'timer': 47.944, 'data': {'sensor': 'Heart Rate', 'action': 'capture', 'data': 'starting sensor action'}}
INFO:root:1721769789.167677,ID:1007,STAGE:2,SEQUENCE:1432,DATA:{'time': 1721769789.164, 'source': 'VitalsTask', 'timer': 48.958, 'data': {'sensor': 'Heart Rate', 'action': 'capture', 'data': 'sensor action complete'}}
INFO:root:1721769789.174173,ID:1007,STAGE:2,SEQUENCE:1432,DATA:{'time': 1721769789.165, 'source': 'VitalsTask', 'timer': 48.959, 'data': {'sensor': 'Heart Rate', 'action': 'keypad open'}}
INFO:root:1721769791.029189,ID:1007,STAGE:2,SEQUENCE:1432,DATA:{'time': 1721769791.026, 'source': 'VitalsTask', 'timer': 50.82, 'data': {'sensor': 'Heart Rate', 'action': 'keypad press', 'key': 5, 'value': 5}}
INFO:root:1721769791.709787,ID:1007,STAGE:2,SEQUENCE:1432,DATA:{'time': 1721769791.707, 'source': 'VitalsTask', 'timer': 51.501, 'data': {'sensor': 'Heart Rate', 'action': 'keypad press', 'key': 5, 'value': 55}}
INFO:root:1721769793.040372,ID:1007,STAGE:2,SEQUENCE:1432,DATA:{'time': 1721769793.037, 'source': 'VitalsTask', 'timer': 52.831, 'data': {'sensor': 'Heart Rate', 'action': 'show action buttons'}}
INFO:root:1721769793.042307,ID:1007,STAGE:2,SEQUENCE:1432,DATA:{'time': 1721769793.037, 'source': 'VitalsTask', 'timer': 52.831, 'data': {'sensor': 'Heart Rate', 'action': 'keypad press', 'key': 10, 'value': 55}}
INFO:root:1721769794.939746,ID:1007,STAGE:2,SEQUENCE:1432,DATA:{'time': 1721769794.934, 'source': 'VitalsTask', 'timer': 54.728, 'data': {'sensor': 'Heart Rate', 'action': 'log', 'data': 'action button pressed'}}
INFO:root:1721769794.942768,ID:1007,STAGE:2,SEQUENCE:1432,DATA:{'time': 1721769794.935, 'source': 'VitalsTask', 'timer': 54.729, 'data': {'sensor': 'Heart Rate', 'action': 'log', 'data': 'starting sensor action'}}
INFO:root:1721769795.955418,ID:1007,STAGE:2,SEQUENCE:1432,DATA:{'time': 1721769795.951, 'source': 'VitalsTask', 'timer': 55.745, 'data': {'sensor': 'Heart Rate', 'action': 'log', 'data': 'sensor action complete'}}
INFO:root:1721769796.75857,ID:1007,STAGE:2,SEQUENCE:1432,DATA:{'time': 1721769796.757, 'source': 'VitalsTask', 'timer': 56.551, 'data': {'sensor': 'Heart Rate', 'action': 'save', 'data': 'action button pressed'}}
INFO:root:1721769796.76084,ID:1007,STAGE:2,SEQUENCE:1432,DATA:{'time': 1721769796.757, 'source': 'VitalsTask', 'timer': 56.551, 'data': {'sensor': 'Heart Rate', 'action': 'save', 'data': 'starting sensor action'}}
INFO:root:1721769797.780191,ID:1007,STAGE:2,SEQUENCE:1432,DATA:{'time': 1721769797.776, 'source': 'VitalsTask', 'timer': 57.57, 'data': {'sensor': 'Heart Rate', 'action': 'save', 'data': 'sensor action complete'}}
INFO:root:1721769800.070664,ID:1007,STAGE:2,SEQUENCE:1432,DATA:{'time': 1721769800.045, 'source': 'VitalsTask', 'timer': 59.839, 'data': {'sensor': 'O\u2082 Saturation', 'action': 'opened sensor tab'}}
INFO:root:1721769801.778236,ID:1007,STAGE:2,SEQUENCE:1432,DATA:{'time': 1721769801.771, 'source': 'VitalsTask', 'timer': 61.565, 'data': {'sensor': 'O\u2082 Saturation', 'action': 'capture', 'data': 'action button pressed'}}
INFO:root:1721769801.783223,ID:1007,STAGE:2,SEQUENCE:1432,DATA:{'time': 1721769801.771, 'source': 'VitalsTask', 'timer': 61.565, 'data': {'sensor': 'O\u2082 Saturation', 'action': 'capture', 'data': 'starting sensor action'}}
INFO:root:1721769802.792281,ID:1007,STAGE:2,SEQUENCE:1432,DATA:{'time': 1721769802.789, 'source': 'VitalsTask', 'timer': 62.583, 'data': {'sensor': 'O\u2082 Saturation', 'action': 'capture', 'data': 'sensor action complete'}}
INFO:root:1721769802.795273,ID:1007,STAGE:2,SEQUENCE:1432,DATA:{'time': 1721769802.79, 'source': 'VitalsTask', 'timer': 62.584, 'data': {'sensor': 'O\u2082 Saturation', 'action': 'keypad open'}}
INFO:root:1721769804.304352,ID:1007,STAGE:2,SEQUENCE:1432,DATA:{'time': 1721769804.303, 'source': 'VitalsTask', 'timer': 64.097, 'data': {'sensor': 'O\u2082 Saturation', 'action': 'keypad press', 'key': 1, 'value': 1}}
INFO:root:1721769805.507126,ID:1007,STAGE:2,SEQUENCE:1432,DATA:{'time': 1721769805.504, 'source': 'VitalsTask', 'timer': 65.298, 'data': {'sensor': 'O\u2082 Saturation', 'action': 'keypad press', 'key': 11, 'value': 10}}
INFO:root:1721769806.018567,ID:1007,STAGE:2,SEQUENCE:1432,DATA:{'time': 1721769806.012, 'source': 'VitalsTask', 'timer': 65.806, 'data': {'sensor': 'O\u2082 Saturation', 'action': 'keypad press', 'key': 11, 'value': 100}}
INFO:root:1721769807.459407,ID:1007,STAGE:2,SEQUENCE:1432,DATA:{'time': 1721769807.456, 'source': 'VitalsTask', 'timer': 67.25, 'data': {'sensor': 'O\u2082 Saturation', 'action': 'show action buttons'}}
INFO:root:1721769807.460998,ID:1007,STAGE:2,SEQUENCE:1432,DATA:{'time': 1721769807.457, 'source': 'VitalsTask', 'timer': 67.251, 'data': {'sensor': 'O\u2082 Saturation', 'action': 'keypad press', 'key': 10, 'value': 100}}
INFO:root:1721769808.842534,ID:1007,STAGE:2,SEQUENCE:1432,DATA:{'time': 1721769808.839, 'source': 'VitalsTask', 'timer': 68.633, 'data': {'sensor': 'O\u2082 Saturation', 'action': 'log', 'data': 'action button pressed'}}
INFO:root:1721769808.844532,ID:1007,STAGE:2,SEQUENCE:1432,DATA:{'time': 1721769808.839, 'source': 'VitalsTask', 'timer': 68.633, 'data': {'sensor': 'O\u2082 Saturation', 'action': 'log', 'data': 'starting sensor action'}}
INFO:root:1721769809.856585,ID:1007,STAGE:2,SEQUENCE:1432,DATA:{'time': 1721769809.854, 'source': 'VitalsTask', 'timer': 69.648, 'data': {'sensor': 'O\u2082 Saturation', 'action': 'log', 'data': 'sensor action complete'}}
INFO:root:1721769811.329152,ID:1007,STAGE:2,SEQUENCE:1432,DATA:{'time': 1721769811.32, 'source': 'VitalsTask', 'timer': 71.114, 'data': {'sensor': 'O\u2082 Saturation', 'action': 'save', 'data': 'action button pressed'}}
INFO:root:1721769811.332145,ID:1007,STAGE:2,SEQUENCE:1432,DATA:{'time': 1721769811.321, 'source': 'VitalsTask', 'timer': 71.115, 'data': {'sensor': 'O\u2082 Saturation', 'action': 'save', 'data': 'starting sensor action'}}
INFO:root:1721769812.343246,ID:1007,STAGE:2,SEQUENCE:1432,DATA:{'time': 1721769812.341, 'source': 'VitalsTask', 'timer': 72.135, 'data': {'sensor': 'O\u2082 Saturation', 'action': 'save', 'data': 'sensor action complete'}}
INFO:root:1721769812.681787,ID:1007,STAGE:2,SEQUENCE:1432,DATA:{'time': 1721769812.678, 'source': 'VitalsTask', 'timer': 72.472, 'data': {'sensor': 'O\u2082 Saturation', 'action': 'save', 'data': 'action button pressed'}}
INFO:root:1721769812.684778,ID:1007,STAGE:2,SEQUENCE:1432,DATA:{'time': 1721769812.679, 'source': 'VitalsTask', 'timer': 72.473, 'data': {'sensor': 'O\u2082 Saturation', 'action': 'save', 'data': 'sensor item has already been completed, cancelling'}}
INFO:root:1721769814.486551,ID:1007,STAGE:2,SEQUENCE:1432,DATA:{'time': 1721769814.483, 'source': 'VitalsTask', 'timer': 74.277, 'data': {'sensor': 'Blood Pressure', 'action': 'opened sensor tab'}}
INFO:root:1721769815.799658,ID:1007,STAGE:2,SEQUENCE:1432,DATA:{'time': 1721769815.797, 'source': 'VitalsTask', 'timer': 75.591, 'data': {'sensor': 'Blood Pressure', 'action': 'capture', 'data': 'action button pressed'}}
INFO:root:1721769815.809688,ID:1007,STAGE:2,SEQUENCE:1432,DATA:{'time': 1721769815.797, 'source': 'VitalsTask', 'timer': 75.591, 'data': {'sensor': 'Blood Pressure', 'action': 'capture', 'data': 'starting sensor action'}}
INFO:root:1721769816.823031,ID:1007,STAGE:2,SEQUENCE:1432,DATA:{'time': 1721769816.819, 'source': 'VitalsTask', 'timer': 76.613, 'data': {'sensor': 'Blood Pressure', 'action': 'capture', 'data': 'sensor action complete'}}
INFO:root:1721769816.826023,ID:1007,STAGE:2,SEQUENCE:1432,DATA:{'time': 1721769816.82, 'source': 'VitalsTask', 'timer': 76.614, 'data': {'sensor': 'Blood Pressure', 'action': 'keypad open'}}
INFO:root:1721769818.137075,ID:1007,STAGE:2,SEQUENCE:1432,DATA:{'time': 1721769818.131, 'source': 'VitalsTask', 'timer': 77.925, 'data': {'sensor': 'Blood Pressure', 'action': 'keypad press', 'key': 1, 'value': 1}}
INFO:root:SimConnect Error in /var
INFO:SimConnect.SimConnect:SIM OPEN
INFO:root:1721769819.616965,ID:1007,STAGE:2,SEQUENCE:1432,DATA:{'time': 1721769819.614, 'source': 'VitalsTask', 'timer': 79.408, 'data': {'sensor': 'Blood Pressure', 'action': 'keypad press', 'key': 2, 'value': 12}}
INFO:root:1721769820.839219,ID:1007,STAGE:2,SEQUENCE:1432,DATA:{'time': 1721769820.836, 'source': 'VitalsTask', 'timer': 80.63, 'data': {'sensor': 'Blood Pressure', 'action': 'keypad press', 'key': 11, 'value': 120}}
INFO:root:1721769822.191156,ID:1007,STAGE:2,SEQUENCE:1432,DATA:{'time': 1721769822.188, 'source': 'VitalsTask', 'timer': 81.982, 'data': {'sensor': 'Blood Pressure', 'action': 'keypad press', 'key': 8, 'value': 1208}}
INFO:root:1721769823.354216,ID:1007,STAGE:2,SEQUENCE:1432,DATA:{'time': 1721769823.352, 'source': 'VitalsTask', 'timer': 83.146, 'data': {'sensor': 'Blood Pressure', 'action': 'keypad press', 'key': 11, 'value': 12080}}
INFO:root:1721769824.531126,ID:1007,STAGE:2,SEQUENCE:1432,DATA:{'time': 1721769824.528, 'source': 'VitalsTask', 'timer': 84.322, 'data': {'sensor': 'Blood Pressure', 'action': 'show action buttons'}}
INFO:root:1721769824.541179,ID:1007,STAGE:2,SEQUENCE:1432,DATA:{'time': 1721769824.529, 'source': 'VitalsTask', 'timer': 84.323, 'data': {'sensor': 'Blood Pressure', 'action': 'keypad press', 'key': 10, 'value': 12080}}
INFO:root:1721769826.723505,ID:1007,STAGE:2,SEQUENCE:1432,DATA:{'time': 1721769826.721, 'source': 'VitalsTask', 'timer': 86.515, 'data': {'sensor': 'Blood Pressure', 'action': 'log', 'data': 'action button pressed'}}
INFO:root:1721769826.727434,ID:1007,STAGE:2,SEQUENCE:1432,DATA:{'time': 1721769826.721, 'source': 'VitalsTask', 'timer': 86.515, 'data': {'sensor': 'Blood Pressure', 'action': 'log', 'data': 'starting sensor action'}}
INFO:root:1721769827.733913,ID:1007,STAGE:2,SEQUENCE:1432,DATA:{'time': 1721769827.731, 'source': 'VitalsTask', 'timer': 87.525, 'data': {'sensor': 'Blood Pressure', 'action': 'log', 'data': 'sensor action complete'}}
INFO:root:1721769828.097816,ID:1007,STAGE:2,SEQUENCE:1432,DATA:{'time': 1721769828.09, 'source': 'VitalsTask', 'timer': 87.884, 'data': {'sensor': 'Blood Pressure', 'action': 'save', 'data': 'action button pressed'}}
INFO:root:1721769828.102803,ID:1007,STAGE:2,SEQUENCE:1432,DATA:{'time': 1721769828.091, 'source': 'VitalsTask', 'timer': 87.885, 'data': {'sensor': 'Blood Pressure', 'action': 'save', 'data': 'starting sensor action'}}
INFO:root:1721769829.112159,ID:1007,STAGE:2,SEQUENCE:1432,DATA:{'time': 1721769829.107, 'source': 'VitalsTask', 'timer': 88.901, 'data': {'sensor': 'Blood Pressure', 'action': 'save', 'data': 'sensor action complete'}}
INFO:root:1721769831.301073,ID:1007,STAGE:2,SEQUENCE:1432,DATA:{'time': 1721769831.297, 'source': 'VitalsTask', 'timer': 91.091, 'data': {'sensor': 'submit', 'action': 'submit'}}
INFO:root:1721769831.304069,ID:1007,STAGE:2,SEQUENCE:1432,DATA:{'time': 1721769831.297, 'source': 'VitalsTask', 'timer': 91.091, 'data': {'sensor': 'submit', 'action': 'submit', 'data': 'submit succeeded'}}
INFO:root:1721769833.493387,ID:1007,STAGE:2,SEQUENCE:1432,DATA:{'time': 1721769833.489, 'user-id': '1007', 'source': 'HAI Interface', 'destination-index': '3', 'study-stage': '2', 'decision-state': 0, 'vitals-state': '1', 'airspace-state': 0, 'data': {'page': 'inflight', 'action': 'user acknowledged vitals prompt'}}
INFO:root:1721769869.904532,ID:1007,STAGE:2,SEQUENCE:1432,DATA:{'time': 1721769869.896, 'user-id': '1007', 'source': 'HAI Interface', 'destination-index': '3', 'study-stage': '2', 'decision-state': 0, 'vitals-state': '1', 'airspace-state': 0, 'data': {'page': 'Inflight', 'action': 'help button pressed'}}
INFO:root:1721769870.155887,ID:1007,STAGE:2,SEQUENCE:1432,DATA:{'time': 1721769870.12, 'user-id': 'none', 'source': 'HAI Interface', 'destination-index': 3, 'study-stage': -1, 'decision-state': 0, 'vitals-state': 0, 'airspace-state': 0, 'data': {'page': 'help', 'action': 'opened page'}}
INFO:root:1721769871.072549,ID:1007,STAGE:2,SEQUENCE:1432,DATA:{'time': 1721769871.067, 'user-id': '1007', 'source': 'HAI Interface', 'destination-index': '3', 'study-stage': '2', 'decision-state': 0, 'vitals-state': '1', 'airspace-state': 0, 'data': {'page': 'map', 'action': 'selected helipad', 'value': '21'}}
INFO:root:1721769873.47587,ID:1007,STAGE:2,SEQUENCE:1432,DATA:{'time': 1721769873.47, 'user-id': '1007', 'source': 'HAI Interface', 'destination-index': '3', 'study-stage': '2', 'decision-state': 0, 'vitals-state': '1', 'airspace-state': 0, 'data': {'page': 'map', 'action': 'show map'}}
INFO:root:1721769873.477865,ID:1007,STAGE:2,SEQUENCE:1432,DATA:{'time': 1721769873.47, 'user-id': '1007', 'source': 'HAI Interface', 'destination-index': '3', 'study-stage': '2', 'decision-state': 0, 'vitals-state': '1', 'airspace-state': 0, 'data': {'page': 'map', 'action': 'selected helipad', 'value': '21'}}
INFO:root:voice activity detected
INFO:root:recording started
INFO:root:voice deactivity detected
INFO:root:recording stopped
