INFO:root:1721663920.752828,ID:1006,STAGE:4,SEQUENCE:1234,DATA:{'time': 1721663920.749, 'user-id': 'none', 'source': 'HAI Interface', 'destination-index': 3, 'study-stage': -1, 'decision-state': 0, 'vitals-state': 0, 'airspace-state': 0, 'data': {'page': 'index', 'action': 'opened page'}}
INFO:root:1721663921.727989,ID:1006,STAGE:4,SEQUENCE:1234,DATA:{'time': 1721663921.723, 'user-id': '1006', 'source': 'HAI Interface', 'destination-index': 'None', 'study-stage': '4', 'decision-state': 0, 'vitals-state': 0, 'airspace-state': 0, 'data': {'page': 'map', 'action': 'selected helipad', 'value': '21'}}
INFO:root:1721663954.664243,ID:1006,STAGE:4,SEQUENCE:1234,DATA:{'time': 1721663954.661, 'user-id': '1006', 'source': 'HAI Interface', 'destination-index': 'None', 'study-stage': '4', 'decision-state': 0, 'vitals-state': 0, 'airspace-state': 0, 'data': {'page': 'index', 'action': 'confirm button pressed'}}
INFO:root:1721663954.769147,ID:1006,STAGE:4,SEQUENCE:1234,DATA:{'time': 1721663954.758, 'user-id': 'none', 'source': 'HAI Interface', 'destination-index': 3, 'study-stage': -1, 'decision-state': 0, 'vitals-state': 0, 'airspace-state': 0, 'data': {'page': 'location', 'action': 'opened page'}}
INFO:root:1721663955.729679,ID:1006,STAGE:4,SEQUENCE:1234,DATA:{'time': 1721663955.725, 'user-id': '1006', 'source': 'HAI Interface', 'destination-index': 'None', 'study-stage': '4', 'decision-state': 0, 'vitals-state': 0, 'airspace-state': 0, 'data': {'page': 'map', 'action': 'selected helipad', 'value': '21'}}
INFO:root:Takeoff radiocomms initiated
INFO:comtypes.client._code_cache:Imported existing <module 'comtypes.gen' from 'C:\\Users\\ae-dagbeyibor3\\AppData\\Local\\Programs\\Python\\Python312\\Lib\\site-packages\\comtypes\\gen\\__init__.py'>
INFO:comtypes.client._code_cache:Using writeable comtypes cache directory: 'C:\Users\ae-dagbeyibor3\AppData\Local\Programs\Python\Python312\Lib\site-packages\comtypes\gen'
INFO:root:1721663958.918564,ID:1006,STAGE:4,SEQUENCE:1234,DATA:{'time': 1721663958.915, 'user-id': '1006', 'source': 'HAI Interface', 'destination-index': 'None', 'study-stage': '4', 'decision-state': 0, 'vitals-state': 0, 'airspace-state': 0, 'data': {'page': 'location', 'action': 'confirm button pressed'}}
INFO:root:1721663959.13504,ID:1006,STAGE:4,SEQUENCE:1234,DATA:{'time': 1721663959.127, 'user-id': 'none', 'source': 'HAI Interface', 'destination-index': 3, 'study-stage': -1, 'decision-state': 0, 'vitals-state': 0, 'airspace-state': 0, 'data': {'page': 'checklist', 'action': 'opened page', 'inflight': False}}
INFO:root:1721663960.099491,ID:1006,STAGE:4,SEQUENCE:1234,DATA:{'time': 1721663960.095, 'user-id': '1006', 'source': 'HAI Interface', 'destination-index': '3', 'study-stage': '4', 'decision-state': 0, 'vitals-state': 0, 'airspace-state': 0, 'data': {'page': 'map', 'action': 'selected helipad', 'value': '21'}}
INFO:root:1721663960.727655,ID:1006,STAGE:4,SEQUENCE:1234,DATA:{'time': 1721663960.725, 'user-id': '1006', 'source': 'HAI Interface', 'destination-index': '3', 'study-stage': '4', 'decision-state': 0, 'vitals-state': 0, 'airspace-state': 0, 'data': {'page': 'checklist', 'action': 'toggled checkbox', 'inflight': False, 'item': 0, 'value': 'OFF'}}
INFO:root:1721663961.116742,ID:1006,STAGE:4,SEQUENCE:1234,DATA:{'time': 1721663961.114, 'user-id': '1006', 'source': 'HAI Interface', 'destination-index': '3', 'study-stage': '4', 'decision-state': 0, 'vitals-state': 0, 'airspace-state': 0, 'data': {'page': 'checklist', 'action': 'toggled checkbox', 'inflight': False, 'item': 1, 'value': 'OFF'}}
INFO:root:1721663961.493216,ID:1006,STAGE:4,SEQUENCE:1234,DATA:{'time': 1721663961.488, 'user-id': '1006', 'source': 'HAI Interface', 'destination-index': '3', 'study-stage': '4', 'decision-state': 0, 'vitals-state': 0, 'airspace-state': 0, 'data': {'page': 'checklist', 'action': 'toggled checkbox', 'inflight': False, 'item': 2, 'value': 'OFF'}}
INFO:root:1721663961.495217,ID:1006,STAGE:4,SEQUENCE:1234,DATA:{'time': 1721663961.489, 'user-id': '1006', 'source': 'HAI Interface', 'destination-index': '3', 'study-stage': '4', 'decision-state': 0, 'vitals-state': 0, 'airspace-state': 0, 'data': {'page': 'checklist', 'action': 'showing confirm button', 'inflight': False}}
INFO:root:1721663961.813579,ID:1006,STAGE:4,SEQUENCE:1234,DATA:{'time': 1721663961.81, 'user-id': '1006', 'source': 'HAI Interface', 'destination-index': '3', 'study-stage': '4', 'decision-state': 0, 'vitals-state': 0, 'airspace-state': 0, 'data': {'page': 'checklist', 'action': 'confirm button clicked', 'inflight': False}}
INFO:root:1721663961.905464,ID:1006,STAGE:4,SEQUENCE:1234,DATA:{'time': 1721663961.9, 'user-id': 'none', 'source': 'HAI Interface', 'destination-index': 3, 'study-stage': -1, 'decision-state': 0, 'vitals-state': 0, 'airspace-state': 0, 'data': {'page': 'countdown', 'action': 'opened page'}}
INFO:root:1721663962.879205,ID:1006,STAGE:4,SEQUENCE:1234,DATA:{'time': 1721663962.876, 'user-id': '1006', 'source': 'HAI Interface', 'destination-index': '3', 'study-stage': '4', 'decision-state': 0, 'vitals-state': 0, 'airspace-state': 0, 'data': {'page': 'map', 'action': 'selected helipad', 'value': '21'}}
INFO:root:1721663962.909678,ID:1006,STAGE:4,SEQUENCE:1234,DATA:{'time': 1721663962.906, 'user-id': '1006', 'source': 'HAI Interface', 'destination-index': '3', 'study-stage': '4', 'decision-state': 0, 'vitals-state': 0, 'airspace-state': 0, 'data': {'page': 'countdown', 'action': 'countdown now 4'}}
INFO:root:1721663963.911653,ID:1006,STAGE:4,SEQUENCE:1234,DATA:{'time': 1721663963.908, 'user-id': '1006', 'source': 'HAI Interface', 'destination-index': '3', 'study-stage': '4', 'decision-state': 0, 'vitals-state': 0, 'airspace-state': 0, 'data': {'page': 'countdown', 'action': 'countdown now 3'}}
INFO:root:1721663964.912759,ID:1006,STAGE:4,SEQUENCE:1234,DATA:{'time': 1721663964.909, 'user-id': '1006', 'source': 'HAI Interface', 'destination-index': '3', 'study-stage': '4', 'decision-state': 0, 'vitals-state': 0, 'airspace-state': 0, 'data': {'page': 'countdown', 'action': 'countdown now 2'}}
INFO:root:1721663965.911047,ID:1006,STAGE:4,SEQUENCE:1234,DATA:{'time': 1721663965.909, 'user-id': '1006', 'source': 'HAI Interface', 'destination-index': '3', 'study-stage': '4', 'decision-state': 0, 'vitals-state': 0, 'airspace-state': 0, 'data': {'page': 'countdown', 'action': 'countdown now 1'}}
INFO:root:1721663966.911815,ID:1006,STAGE:4,SEQUENCE:1234,DATA:{'time': 1721663966.909, 'user-id': '1006', 'source': 'HAI Interface', 'destination-index': '3', 'study-stage': '4', 'decision-state': 0, 'vitals-state': 0, 'airspace-state': 0, 'data': {'page': 'countdown', 'action': 'countdown now 0'}}
INFO:root:1721663967.913384,ID:1006,STAGE:4,SEQUENCE:1234,DATA:{'time': 1721663967.909, 'user-id': '1006', 'source': 'HAI Interface', 'destination-index': '3', 'study-stage': '4', 'decision-state': 0, 'vitals-state': 0, 'airspace-state': 0, 'data': {'page': 'countdown', 'action': 'countdown complete'}}
INFO:root:1721663969.511806,ID:1006,STAGE:4,SEQUENCE:1234,DATA:{'time': 1721663969.512, 'source': 'VitalsTask', 'timer': 63.215, 'data': {'sensor': 'Heart Rate', 'action': 'capture', 'data': 'action button pressed'}}
INFO:root:1721663969.51448,ID:1006,STAGE:4,SEQUENCE:1234,DATA:{'time': 1721663969.512, 'source': 'VitalsTask', 'timer': 63.215, 'data': {'sensor': 'Heart Rate', 'action': 'capture', 'data': 'starting sensor action'}}
INFO:root:1721663969.724119,ID:1006,STAGE:4,SEQUENCE:1234,DATA:{'time': 1721663969.718, 'user-id': '1006', 'source': 'HAI Interface', 'destination-index': '3', 'study-stage': '4', 'decision-state': 0, 'vitals-state': 0, 'airspace-state': 0, 'data': {'page': 'map', 'action': 'selected helipad', 'value': '21'}}
INFO:root:1721663970.530656,ID:1006,STAGE:4,SEQUENCE:1234,DATA:{'time': 1721663970.531, 'source': 'VitalsTask', 'timer': 64.234, 'data': {'sensor': 'Heart Rate', 'action': 'capture', 'data': 'sensor action complete'}}
INFO:root:1721663970.532648,ID:1006,STAGE:4,SEQUENCE:1234,DATA:{'time': 1721663970.532, 'source': 'VitalsTask', 'timer': 64.235, 'data': {'sensor': 'Heart Rate', 'action': 'keypad open'}}
INFO:root:1721663970.586401,ID:1006,STAGE:4,SEQUENCE:1234,DATA:{'time': 1721663970.581, 'user-id': '1006', 'source': 'HAI Interface', 'destination-index': '3', 'study-stage': '4', 'decision-state': 0, 'vitals-state': 0, 'airspace-state': 0, 'data': {'page': 'map', 'action': 'show map'}}
INFO:root:1721663970.587907,ID:1006,STAGE:4,SEQUENCE:1234,DATA:{'time': 1721663970.581, 'user-id': '1006', 'source': 'HAI Interface', 'destination-index': '3', 'study-stage': '4', 'decision-state': 0, 'vitals-state': 0, 'airspace-state': 0, 'data': {'page': 'map', 'action': 'selected helipad', 'value': '21'}}
INFO:root:Takeoff radiocomms clear request sent
INFO:root:1721663973.488556,ID:1006,STAGE:4,SEQUENCE:1234,DATA:{'time': 1721663973.482, 'user-id': '1006', 'source': 'HAI Interface', 'destination-index': '3', 'study-stage': '4', 'decision-state': 0, 'vitals-state': 0, 'airspace-state': 0, 'data': {'page': 'emergency', 'action': 'trying to change destination to100'}}
INFO:root:1721663975.680861,ID:1006,STAGE:4,SEQUENCE:1234,DATA:{'time': 1721663975.681, 'source': 'VitalsTask', 'timer': 69.384, 'data': {'sensor': 'Heart Rate', 'action': 'keypad press', 'key': 5, 'value': 5}}
INFO:root:1721663976.157314,ID:1006,STAGE:4,SEQUENCE:1234,DATA:{'time': 1721663976.155, 'source': 'VitalsTask', 'timer': 69.858, 'data': {'sensor': 'Heart Rate', 'action': 'keypad press', 'key': 5, 'value': 55}}
INFO:root:1721663977.860823,ID:1006,STAGE:4,SEQUENCE:1234,DATA:{'time': 1721663977.86, 'source': 'VitalsTask', 'timer': 71.563, 'data': {'sensor': 'Heart Rate', 'action': 'show action buttons'}}
INFO:root:1721663977.864812,ID:1006,STAGE:4,SEQUENCE:1234,DATA:{'time': 1721663977.861, 'source': 'VitalsTask', 'timer': 71.564, 'data': {'sensor': 'Heart Rate', 'action': 'keypad press', 'key': 10, 'value': 55}}
INFO:root:1721663978.473489,ID:1006,STAGE:4,SEQUENCE:1234,DATA:{'time': 1721663978.467, 'user-id': '1006', 'source': 'HAI Interface', 'destination-index': '3', 'study-stage': '4', 'decision-state': 0, 'vitals-state': 0, 'airspace-state': 0, 'data': {'page': 'emergency', 'action': 'trying to change destination to19'}}
INFO:root:1721663979.251377,ID:1006,STAGE:4,SEQUENCE:1234,DATA:{'time': 1721663979.251, 'source': 'VitalsTask', 'timer': 72.954, 'data': {'sensor': 'Heart Rate', 'action': 'log', 'data': 'action button pressed'}}
INFO:root:1721663979.252406,ID:1006,STAGE:4,SEQUENCE:1234,DATA:{'time': 1721663979.252, 'source': 'VitalsTask', 'timer': 72.955, 'data': {'sensor': 'Heart Rate', 'action': 'log', 'data': 'starting sensor action'}}
INFO:root:1721663980.266475,ID:1006,STAGE:4,SEQUENCE:1234,DATA:{'time': 1721663980.266, 'source': 'VitalsTask', 'timer': 73.969, 'data': {'sensor': 'Heart Rate', 'action': 'log', 'data': 'sensor action complete'}}
INFO:root:1721663980.916738,ID:1006,STAGE:4,SEQUENCE:1234,DATA:{'time': 1721663980.916, 'source': 'VitalsTask', 'timer': 74.619, 'data': {'sensor': 'Heart Rate', 'action': 'save', 'data': 'action button pressed'}}
INFO:root:1721663980.918247,ID:1006,STAGE:4,SEQUENCE:1234,DATA:{'time': 1721663980.916, 'source': 'VitalsTask', 'timer': 74.619, 'data': {'sensor': 'Heart Rate', 'action': 'save', 'data': 'starting sensor action'}}
INFO:root:1721663981.926684,ID:1006,STAGE:4,SEQUENCE:1234,DATA:{'time': 1721663981.927, 'source': 'VitalsTask', 'timer': 75.63, 'data': {'sensor': 'Heart Rate', 'action': 'save', 'data': 'sensor action complete'}}
INFO:root:Inflight Radio Update asked
INFO:root:sent request to set radio update complete
INFO:root:1721663983.454058,ID:1006,STAGE:4,SEQUENCE:1234,DATA:{'time': 1721663983.448, 'user-id': '1006', 'source': 'HAI Interface', 'destination-index': '3', 'study-stage': '4', 'decision-state': 0, 'vitals-state': 0, 'airspace-state': 0, 'data': {'page': 'emergency', 'action': 'trying to change destination to19'}}
INFO:root:1721663985.354122,ID:1006,STAGE:4,SEQUENCE:1234,DATA:{'time': 1721663985.355, 'source': 'VitalsTask', 'timer': 79.058, 'data': {'sensor': 'O\u2082 Saturation', 'action': 'opened sensor tab'}}
INFO:root:1721663986.65238,ID:1006,STAGE:4,SEQUENCE:1234,DATA:{'time': 1721663986.652, 'source': 'VitalsTask', 'timer': 80.355, 'data': {'sensor': 'O\u2082 Saturation', 'action': 'capture', 'data': 'action button pressed'}}
INFO:root:1721663986.654376,ID:1006,STAGE:4,SEQUENCE:1234,DATA:{'time': 1721663986.653, 'source': 'VitalsTask', 'timer': 80.356, 'data': {'sensor': 'O\u2082 Saturation', 'action': 'capture', 'data': 'starting sensor action'}}
INFO:root:1721663987.671004,ID:1006,STAGE:4,SEQUENCE:1234,DATA:{'time': 1721663987.671, 'source': 'VitalsTask', 'timer': 81.374, 'data': {'sensor': 'O\u2082 Saturation', 'action': 'capture', 'data': 'sensor action complete'}}
INFO:root:1721663987.672002,ID:1006,STAGE:4,SEQUENCE:1234,DATA:{'time': 1721663987.671, 'source': 'VitalsTask', 'timer': 81.374, 'data': {'sensor': 'O\u2082 Saturation', 'action': 'keypad open'}}
INFO:root:1721663988.417166,ID:1006,STAGE:4,SEQUENCE:1234,DATA:{'time': 1721663988.413, 'user-id': '1006', 'source': 'HAI Interface', 'destination-index': '3', 'study-stage': '4', 'decision-state': 0, 'vitals-state': 0, 'airspace-state': 0, 'data': {'page': 'emergency', 'action': 'trying to change destination to19'}}
INFO:root:1721663989.646513,ID:1006,STAGE:4,SEQUENCE:1234,DATA:{'time': 1721663989.643, 'user-id': '1006', 'source': 'HAI Interface', 'destination-index': '3', 'study-stage': '4', 'decision-state': 0, 'vitals-state': 0, 'airspace-state': 0, 'data': {'action': 'radio panel opened'}}
INFO:root:1721663993.479467,ID:1006,STAGE:4,SEQUENCE:1234,DATA:{'time': 1721663993.467, 'user-id': '1006', 'source': 'HAI Interface', 'destination-index': '3', 'study-stage': '4', 'decision-state': 0, 'vitals-state': 0, 'airspace-state': 0, 'data': {'page': 'emergency', 'action': 'trying to change destination to19'}}
INFO:root:1721663995.985941,ID:1006,STAGE:4,SEQUENCE:1234,DATA:{'time': 1721663995.981, 'user-id': '1006', 'source': 'HAI Interface', 'destination-index': '3', 'study-stage': '4', 'decision-state': 0, 'vitals-state': 0, 'airspace-state': 0, 'data': {'action': 'transmit button pressed'}}
INFO:root:1721663995.991925,ID:1006,STAGE:4,SEQUENCE:1234,DATA:{'time': 1721663995.981, 'user-id': '1006', 'source': 'HAI Interface', 'destination-index': '3', 'study-stage': '4', 'decision-state': 0, 'vitals-state': 0, 'airspace-state': 0, 'data': {'action': 'callsign set to: + NASXGS'}}
INFO:root:1721663995.996934,ID:1006,STAGE:4,SEQUENCE:1234,DATA:{'time': 1721663995.981, 'user-id': '1006', 'source': 'HAI Interface', 'destination-index': '3', 'study-stage': '4', 'decision-state': 0, 'vitals-state': 0, 'airspace-state': 0, 'data': {'action': 'radio set to:Comm1'}}
INFO:root:1721663995.997936,ID:1006,STAGE:4,SEQUENCE:1234,DATA:{'time': 1721663995.982, 'user-id': '1006', 'source': 'HAI Interface', 'destination-index': '3', 'study-stage': '4', 'decision-state': 0, 'vitals-state': 0, 'airspace-state': 0, 'data': {'page': 'map', 'action': 'show map'}}
INFO:root:1721663996.004431,ID:1006,STAGE:4,SEQUENCE:1234,DATA:{'time': 1721663995.982, 'user-id': '1006', 'source': 'HAI Interface', 'destination-index': '3', 'study-stage': '4', 'decision-state': 0, 'vitals-state': 0, 'airspace-state': 0, 'data': {'page': 'map', 'action': 'selected helipad', 'value': '21'}}
INFO:root:1721663996.00842,ID:1006,STAGE:4,SEQUENCE:1234,DATA:{'time': 1721663995.988, 'user-id': '1006', 'source': 'HAI Interface', 'destination-index': '3', 'study-stage': '4', 'decision-state': 0, 'vitals-state': 0, 'airspace-state': 0, 'data': {'action': 'NASXGStransmitting updates onComm1123.45 MHz'}}
INFO:root:1721663998.391857,ID:1006,STAGE:4,SEQUENCE:1234,DATA:{'time': 1721663998.386, 'user-id': '1006', 'source': 'HAI Interface', 'destination-index': '3', 'study-stage': '4', 'decision-state': 0, 'vitals-state': 0, 'airspace-state': 0, 'data': {'page': 'emergency', 'action': 'trying to change destination to19'}}
INFO:root:1721664003.400956,ID:1006,STAGE:4,SEQUENCE:1234,DATA:{'time': 1721664003.396, 'user-id': '1006', 'source': 'HAI Interface', 'destination-index': '3', 'study-stage': '4', 'decision-state': 0, 'vitals-state': 0, 'airspace-state': 0, 'data': {'page': 'emergency', 'action': 'trying to change destination to19'}}
INFO:root:1721664008.285957,ID:1006,STAGE:4,SEQUENCE:1234,DATA:{'time': 1721664008.282, 'user-id': '1006', 'source': 'HAI Interface', 'destination-index': '3', 'study-stage': '4', 'decision-state': 0, 'vitals-state': 0, 'airspace-state': 0, 'data': {'page': 'map', 'action': 'hide map'}}
INFO:root:1721664008.438386,ID:1006,STAGE:4,SEQUENCE:1234,DATA:{'time': 1721664008.427, 'user-id': '1006', 'source': 'HAI Interface', 'destination-index': '3', 'study-stage': '4', 'decision-state': 0, 'vitals-state': 0, 'airspace-state': 0, 'data': {'page': 'emergency', 'action': 'trying to change destination to19'}}
INFO:root:1721664009.944271,ID:1006,STAGE:4,SEQUENCE:1234,DATA:{'time': 1721664009.94, 'user-id': '1006', 'source': 'HAI Interface', 'destination-index': '3', 'study-stage': '4', 'decision-state': 0, 'vitals-state': 0, 'airspace-state': 0, 'data': {'page': 'map', 'action': 'show map'}}
INFO:root:1721664009.946264,ID:1006,STAGE:4,SEQUENCE:1234,DATA:{'time': 1721664009.941, 'user-id': '1006', 'source': 'HAI Interface', 'destination-index': '3', 'study-stage': '4', 'decision-state': 0, 'vitals-state': 0, 'airspace-state': 0, 'data': {'page': 'map', 'action': 'selected helipad', 'value': '21'}}
INFO:root:1721664012.402757,ID:1006,STAGE:4,SEQUENCE:1234,DATA:{'time': 1721664012.402, 'source': 'VitalsTask', 'timer': 106.105, 'data': {'sensor': 'O\u2082 Saturation', 'action': 'keypad press', 'key': 1, 'value': 1}}
INFO:root:1721664013.527621,ID:1006,STAGE:4,SEQUENCE:1234,DATA:{'time': 1721664013.522, 'user-id': '1006', 'source': 'HAI Interface', 'destination-index': '3', 'study-stage': '4', 'decision-state': 0, 'vitals-state': 0, 'airspace-state': 0, 'data': {'page': 'emergency', 'action': 'trying to change destination to19'}}
INFO:root:1721664014.158173,ID:1006,STAGE:4,SEQUENCE:1234,DATA:{'time': 1721664014.159, 'source': 'VitalsTask', 'timer': 107.862, 'data': {'sensor': 'O\u2082 Saturation', 'action': 'keypad press', 'key': 11, 'value': 10}}
INFO:root:1721664015.510639,ID:1006,STAGE:4,SEQUENCE:1234,DATA:{'time': 1721664015.51, 'source': 'VitalsTask', 'timer': 109.213, 'data': {'sensor': 'O\u2082 Saturation', 'action': 'keypad press', 'key': 11, 'value': 100}}
INFO:root:1721664016.654023,ID:1006,STAGE:4,SEQUENCE:1234,DATA:{'time': 1721664016.653, 'source': 'VitalsTask', 'timer': 110.356, 'data': {'sensor': 'O\u2082 Saturation', 'action': 'show action buttons'}}
INFO:root:1721664016.660513,ID:1006,STAGE:4,SEQUENCE:1234,DATA:{'time': 1721664016.654, 'source': 'VitalsTask', 'timer': 110.357, 'data': {'sensor': 'O\u2082 Saturation', 'action': 'keypad press', 'key': 10, 'value': 100}}
INFO:root:1721664017.84892,ID:1006,STAGE:4,SEQUENCE:1234,DATA:{'time': 1721664017.848, 'source': 'VitalsTask', 'timer': 111.551, 'data': {'sensor': 'O\u2082 Saturation', 'action': 'log', 'data': 'action button pressed'}}
INFO:root:1721664017.849922,ID:1006,STAGE:4,SEQUENCE:1234,DATA:{'time': 1721664017.849, 'source': 'VitalsTask', 'timer': 111.552, 'data': {'sensor': 'O\u2082 Saturation', 'action': 'log', 'data': 'starting sensor action'}}
INFO:root:1721664018.420986,ID:1006,STAGE:4,SEQUENCE:1234,DATA:{'time': 1721664018.413, 'user-id': '1006', 'source': 'HAI Interface', 'destination-index': '3', 'study-stage': '4', 'decision-state': 0, 'vitals-state': 0, 'airspace-state': 0, 'data': {'page': 'emergency', 'action': 'trying to change destination to19'}}
INFO:root:1721664018.866293,ID:1006,STAGE:4,SEQUENCE:1234,DATA:{'time': 1721664018.867, 'source': 'VitalsTask', 'timer': 112.57, 'data': {'sensor': 'O\u2082 Saturation', 'action': 'log', 'data': 'sensor action complete'}}
INFO:root:1721664019.496783,ID:1006,STAGE:4,SEQUENCE:1234,DATA:{'time': 1721664019.493, 'source': 'VitalsTask', 'timer': 113.196, 'data': {'sensor': 'O\u2082 Saturation', 'action': 'save', 'data': 'action button pressed'}}
INFO:root:1721664019.49778,ID:1006,STAGE:4,SEQUENCE:1234,DATA:{'time': 1721664019.493, 'source': 'VitalsTask', 'timer': 113.196, 'data': {'sensor': 'O\u2082 Saturation', 'action': 'save', 'data': 'starting sensor action'}}
INFO:root:1721664020.513245,ID:1006,STAGE:4,SEQUENCE:1234,DATA:{'time': 1721664020.512, 'source': 'VitalsTask', 'timer': 114.215, 'data': {'sensor': 'O\u2082 Saturation', 'action': 'save', 'data': 'sensor action complete'}}
INFO:root:1721664021.641077,ID:1006,STAGE:4,SEQUENCE:1234,DATA:{'time': 1721664021.641, 'source': 'VitalsTask', 'timer': 115.344, 'data': {'sensor': 'Blood Pressure', 'action': 'opened sensor tab'}}
INFO:root:1721664023.111548,ID:1006,STAGE:4,SEQUENCE:1234,DATA:{'time': 1721664023.112, 'source': 'VitalsTask', 'timer': 116.815, 'data': {'sensor': 'Blood Pressure', 'action': 'capture', 'data': 'action button pressed'}}
INFO:root:1721664023.113543,ID:1006,STAGE:4,SEQUENCE:1234,DATA:{'time': 1721664023.113, 'source': 'VitalsTask', 'timer': 116.816, 'data': {'sensor': 'Blood Pressure', 'action': 'capture', 'data': 'starting sensor action'}}
INFO:root:1721664023.44287,ID:1006,STAGE:4,SEQUENCE:1234,DATA:{'time': 1721664023.438, 'user-id': '1006', 'source': 'HAI Interface', 'destination-index': '3', 'study-stage': '4', 'decision-state': 0, 'vitals-state': 0, 'airspace-state': 0, 'data': {'page': 'emergency', 'action': 'trying to change destination to19'}}
INFO:root:1721664024.129225,ID:1006,STAGE:4,SEQUENCE:1234,DATA:{'time': 1721664024.13, 'source': 'VitalsTask', 'timer': 117.833, 'data': {'sensor': 'Blood Pressure', 'action': 'capture', 'data': 'sensor action complete'}}
INFO:root:1721664024.132217,ID:1006,STAGE:4,SEQUENCE:1234,DATA:{'time': 1721664024.13, 'source': 'VitalsTask', 'timer': 117.833, 'data': {'sensor': 'Blood Pressure', 'action': 'keypad open'}}
INFO:root:1721664025.689303,ID:1006,STAGE:4,SEQUENCE:1234,DATA:{'time': 1721664025.689, 'source': 'VitalsTask', 'timer': 119.392, 'data': {'sensor': 'Blood Pressure', 'action': 'keypad press', 'key': 1, 'value': 1}}
INFO:root:1721664026.592194,ID:1006,STAGE:4,SEQUENCE:1234,DATA:{'time': 1721664026.591, 'source': 'VitalsTask', 'timer': 120.294, 'data': {'sensor': 'Blood Pressure', 'action': 'keypad press', 'key': 2, 'value': 12}}
INFO:root:1721664027.62754,ID:1006,STAGE:4,SEQUENCE:1234,DATA:{'time': 1721664027.624, 'user-id': '1006', 'source': 'HAI Interface', 'destination-index': '3', 'study-stage': '4', 'decision-state': 0, 'vitals-state': 0, 'airspace-state': 0, 'data': {'page': 'inflight', 'action': 'displaying vitals prompt'}}
INFO:root:1721664027.876926,ID:1006,STAGE:4,SEQUENCE:1234,DATA:{'time': 1721664027.875, 'source': 'VitalsTask', 'timer': 121.578, 'data': {'sensor': 'Blood Pressure', 'action': 'keypad press', 'key': 11, 'value': 120}}
INFO:root:1721664028.506923,ID:1006,STAGE:4,SEQUENCE:1234,DATA:{'time': 1721664028.502, 'user-id': '1006', 'source': 'HAI Interface', 'destination-index': '3', 'study-stage': '4', 'decision-state': 0, 'vitals-state': 0, 'airspace-state': 0, 'data': {'page': 'emergency', 'action': 'trying to change destination to19'}}
INFO:root:1721664029.213088,ID:1006,STAGE:4,SEQUENCE:1234,DATA:{'time': 1721664029.214, 'source': 'VitalsTask', 'timer': 122.917, 'data': {'sensor': 'Blood Pressure', 'action': 'keypad press', 'key': 8, 'value': 1208}}
INFO:root:1721664030.122687,ID:1006,STAGE:4,SEQUENCE:1234,DATA:{'time': 1721664030.123, 'source': 'VitalsTask', 'timer': 123.826, 'data': {'sensor': 'Blood Pressure', 'action': 'keypad press', 'key': 11, 'value': 12080}}
INFO:root:1721664031.117932,ID:1006,STAGE:4,SEQUENCE:1234,DATA:{'time': 1721664031.119, 'source': 'VitalsTask', 'timer': 124.822, 'data': {'sensor': 'Blood Pressure', 'action': 'show action buttons'}}
INFO:root:1721664031.11893,ID:1006,STAGE:4,SEQUENCE:1234,DATA:{'time': 1721664031.12, 'source': 'VitalsTask', 'timer': 124.823, 'data': {'sensor': 'Blood Pressure', 'action': 'keypad press', 'key': 10, 'value': 12080}}
INFO:root:1721664032.864561,ID:1006,STAGE:4,SEQUENCE:1234,DATA:{'time': 1721664032.865, 'source': 'VitalsTask', 'timer': 126.568, 'data': {'sensor': 'Blood Pressure', 'action': 'log', 'data': 'action button pressed'}}
INFO:root:1721664032.865558,ID:1006,STAGE:4,SEQUENCE:1234,DATA:{'time': 1721664032.865, 'source': 'VitalsTask', 'timer': 126.568, 'data': {'sensor': 'Blood Pressure', 'action': 'log', 'data': 'starting sensor action'}}
INFO:root:1721664033.398105,ID:1006,STAGE:4,SEQUENCE:1234,DATA:{'time': 1721664033.393, 'user-id': '1006', 'source': 'HAI Interface', 'destination-index': '3', 'study-stage': '4', 'decision-state': 0, 'vitals-state': 0, 'airspace-state': 0, 'data': {'page': 'emergency', 'action': 'trying to change destination to19'}}
INFO:root:1721664033.884029,ID:1006,STAGE:4,SEQUENCE:1234,DATA:{'time': 1721664033.885, 'source': 'VitalsTask', 'timer': 127.588, 'data': {'sensor': 'Blood Pressure', 'action': 'log', 'data': 'sensor action complete'}}
INFO:root:1721664034.446306,ID:1006,STAGE:4,SEQUENCE:1234,DATA:{'time': 1721664034.447, 'source': 'VitalsTask', 'timer': 128.15, 'data': {'sensor': 'Blood Pressure', 'action': 'save', 'data': 'action button pressed'}}
INFO:root:1721664034.449303,ID:1006,STAGE:4,SEQUENCE:1234,DATA:{'time': 1721664034.447, 'source': 'VitalsTask', 'timer': 128.15, 'data': {'sensor': 'Blood Pressure', 'action': 'save', 'data': 'starting sensor action'}}
INFO:root:1721664035.465241,ID:1006,STAGE:4,SEQUENCE:1234,DATA:{'time': 1721664035.464, 'source': 'VitalsTask', 'timer': 129.167, 'data': {'sensor': 'Blood Pressure', 'action': 'save', 'data': 'sensor action complete'}}
INFO:root:1721664036.688843,ID:1006,STAGE:4,SEQUENCE:1234,DATA:{'time': 1721664036.689, 'source': 'VitalsTask', 'timer': 130.392, 'data': {'sensor': 'submit', 'action': 'submit'}}
INFO:root:1721664036.689845,ID:1006,STAGE:4,SEQUENCE:1234,DATA:{'time': 1721664036.689, 'source': 'VitalsTask', 'timer': 130.392, 'data': {'sensor': 'submit', 'action': 'submit', 'data': 'submit succeeded'}}
INFO:root:1721664037.435811,ID:1006,STAGE:4,SEQUENCE:1234,DATA:{'time': 1721664037.431, 'user-id': '1006', 'source': 'HAI Interface', 'destination-index': '3', 'study-stage': '4', 'decision-state': 0, 'vitals-state': 0, 'airspace-state': 0, 'data': {'page': 'inflight', 'action': 'user acknowledged vitals prompt'}}
INFO:root:1721664038.421376,ID:1006,STAGE:4,SEQUENCE:1234,DATA:{'time': 1721664038.417, 'user-id': '1006', 'source': 'HAI Interface', 'destination-index': '3', 'study-stage': '4', 'decision-state': 0, 'vitals-state': 0, 'airspace-state': 0, 'data': {'page': 'emergency', 'action': 'trying to change destination to19'}}
INFO:root:1721664043.453927,ID:1006,STAGE:4,SEQUENCE:1234,DATA:{'time': 1721664043.449, 'user-id': '1006', 'source': 'HAI Interface', 'destination-index': '3', 'study-stage': '4', 'decision-state': 0, 'vitals-state': 0, 'airspace-state': 0, 'data': {'page': 'emergency', 'action': 'trying to change destination to19'}}
INFO:root:1721664043.933983,ID:1006,STAGE:4,SEQUENCE:1234,DATA:{'time': 1721664043.934, 'source': 'VitalsTask', 'timer': 7.244, 'data': {'sensor': 'Heart Rate', 'action': 'opened sensor tab'}}
INFO:root:1721664048.396535,ID:1006,STAGE:4,SEQUENCE:1234,DATA:{'time': 1721664048.393, 'user-id': '1006', 'source': 'HAI Interface', 'destination-index': '3', 'study-stage': '4', 'decision-state': 0, 'vitals-state': 0, 'airspace-state': 0, 'data': {'page': 'emergency', 'action': 'trying to change destination to19'}}
INFO:root:1721664053.407346,ID:1006,STAGE:4,SEQUENCE:1234,DATA:{'time': 1721664053.402, 'user-id': '1006', 'source': 'HAI Interface', 'destination-index': '3', 'study-stage': '4', 'decision-state': 0, 'vitals-state': 0, 'airspace-state': 0, 'data': {'page': 'emergency', 'action': 'trying to change destination to19'}}
INFO:root:1721664058.371081,ID:1006,STAGE:4,SEQUENCE:1234,DATA:{'time': 1721664058.365, 'user-id': '1006', 'source': 'HAI Interface', 'destination-index': '3', 'study-stage': '4', 'decision-state': 0, 'vitals-state': 0, 'airspace-state': 0, 'data': {'page': 'emergency', 'action': 'trying to change destination to19'}}
INFO:root:1721664063.420128,ID:1006,STAGE:4,SEQUENCE:1234,DATA:{'time': 1721664063.414, 'user-id': '1006', 'source': 'HAI Interface', 'destination-index': '3', 'study-stage': '4', 'decision-state': 0, 'vitals-state': 0, 'airspace-state': 0, 'data': {'page': 'emergency', 'action': 'trying to change destination to19'}}
INFO:root:voice activity detected
INFO:root:recording started
INFO:root:1721664068.369637,ID:1006,STAGE:4,SEQUENCE:1234,DATA:{'time': 1721664068.363, 'user-id': '1006', 'source': 'HAI Interface', 'destination-index': '3', 'study-stage': '4', 'decision-state': 0, 'vitals-state': 0, 'airspace-state': 0, 'data': {'page': 'emergency', 'action': 'trying to change destination to19'}}
INFO:root:voice deactivity detected
INFO:root:recording stopped
INFO:root:1721664073.547181,ID:1006,STAGE:4,SEQUENCE:1234,DATA:{'time': 1721664073.537, 'user-id': '1006', 'source': 'HAI Interface', 'destination-index': '3', 'study-stage': '4', 'decision-state': 0, 'vitals-state': 0, 'airspace-state': 0, 'data': {'page': 'emergency', 'action': 'trying to change destination to19'}}
