1745247474.653869,ID:0,STAGE:1,SEQUENCE:0,DATA:{'page':'None','action':'None','timestamp':None},ANY:{'time': 1745247474.648, 'source': 'VitalsTask', 'timer': 0.002, 'data': {'sensor': 'Heart Rate', 'action': 'opened sensor tab'}}
1745247474.653995,ID:0,STAGE:1,SEQUENCE:0,DATA:{'page':'None','action':'None','timestamp':None},ANY:{'time': 1745247474.649, 'source': 'VitalsTask', 'timer': 0.003, 'data': {'sensor': 'Heart Rate', 'action': 'keypad open'}}
1745247474.654849,ID:0,STAGE:1,SEQUENCE:0,DATA:{'page':'None','action':'None','timestamp':None},ANY:{'time': 1745247474.649, 'source': 'VitalsTask', 'timer': 0.003, 'data': {'sensor': 'Heart Rate', 'action': 'show action buttons'}}
1745248261.235117,ID:0,STAGE:1,SEQUENCE:0,DATA:{'page':'None','action':'None','timestamp':None},ANY:{'time': 1745248261.23, 'source': 'VitalsTask', 'timer': 0.001, 'data': {'sensor': 'Heart Rate', 'action': 'opened sensor tab'}}
1745248261.239276,ID:0,STAGE:1,SEQUENCE:0,DATA:{'page':'None','action':'None','timestamp':None},ANY:{'time': 1745248261.23, 'source': 'VitalsTask', 'timer': 0.001, 'data': {'sensor': 'Heart Rate', 'action': 'keypad open'}}
1745248261.243505,ID:0,STAGE:1,SEQUENCE:0,DATA:{'page':'None','action':'None','timestamp':None},ANY:{'time': 1745248261.231, 'source': 'VitalsTask', 'timer': 0.002, 'data': {'sensor': 'Heart Rate', 'action': 'show action buttons'}}
1745274341.214269,ID:0,STAGE:1,SEQUENCE:0,DATA:{'page':'None','action':'None','timestamp':None},ANY:{'time': 1745274341.211, 'source': 'VitalsTask', 'timer': 0.001, 'data': {'sensor': 'Heart Rate', 'action': 'opened sensor tab'}}
1745274341.215066,ID:0,STAGE:1,SEQUENCE:0,DATA:{'page':'None','action':'None','timestamp':None},ANY:{'time': 1745274341.212, 'source': 'VitalsTask', 'timer': 0.002, 'data': {'sensor': 'Heart Rate', 'action': 'show action buttons'}}
1745274341.215185,ID:0,STAGE:1,SEQUENCE:0,DATA:{'page':'None','action':'None','timestamp':None},ANY:{'time': 1745274341.212, 'source': 'VitalsTask', 'timer': 0.002, 'data': {'sensor': 'Heart Rate', 'action': 'keypad open'}}
1745274436.092971,ID:0,STAGE:1,SEQUENCE:0,DATA:{'page':'{'page': 'index', 'action': 'opened page'}','action':'None','timestamp':1745274436087},ANY:{'page': {'page': 'index', 'action': 'opened page'}, 'timestamp': 1745274436087}
1745274437.008207,ID:0,STAGE:1,SEQUENCE:0,DATA:{'page':'None','action':'None','timestamp':None},ANY:{'time': 1745274437, 'user-id': '0', 'source': 'HAI Interface', 'destination-index': 'None', 'study-stage': '1', 'decision-state': 0, 'vitals-state': 0, 'airspace-state': 0, 'data': {'page': 'map', 'action': 'selected helipad', 'value': '21'}}
1745274437.330988,ID:0,STAGE:1,SEQUENCE:0,DATA:{'page':'{'page': 'index', 'action': 'confirm button pressed'}','action':'None','timestamp':1745274437325},ANY:{'page': {'page': 'index', 'action': 'confirm button pressed'}, 'timestamp': 1745274437325}
1745274437.406124,ID:0,STAGE:1,SEQUENCE:0,DATA:{'page':'None','action':'None','timestamp':None},ANY:{'time': 1745274437.402, 'user-id': 'none', 'source': 'HAI Interface', 'destination-index': 3, 'study-stage': -1, 'decision-state': 0, 'vitals-state': 0, 'airspace-state': 0, 'data': {'page': 'location', 'action': 'opened page'}}
1745274438.382121,ID:0,STAGE:1,SEQUENCE:0,DATA:{'page':'None','action':'None','timestamp':None},ANY:{'time': 1745274438.375, 'user-id': '0', 'source': 'HAI Interface', 'destination-index': 'None', 'study-stage': '1', 'decision-state': 0, 'vitals-state': 0, 'airspace-state': 0, 'data': {'page': 'location', 'action': 'confirm button pressed'}}
1745274438.387562,ID:0,STAGE:1,SEQUENCE:0,DATA:{'page':'None','action':'None','timestamp':None},ANY:{'time': 1745274438.376, 'user-id': '0', 'source': 'HAI Interface', 'destination-index': 'None', 'study-stage': '1', 'decision-state': 0, 'vitals-state': 0, 'airspace-state': 0, 'data': {'page': 'map', 'action': 'selected helipad', 'value': '21'}}
1745274438.459758,ID:0,STAGE:1,SEQUENCE:0,DATA:{'page':'{'page': 'checklist', 'action': 'opened page', 'inflight': False}','action':'None','timestamp':1745274438456},ANY:{'page': {'page': 'checklist', 'action': 'opened page', 'inflight': False}, 'timestamp': 1745274438456}
1745274439.438051,ID:0,STAGE:1,SEQUENCE:0,DATA:{'page':'None','action':'None','timestamp':None},ANY:{'time': 1745274439.434, 'user-id': '0', 'source': 'HAI Interface', 'destination-index': '3', 'study-stage': '1', 'decision-state': 0, 'vitals-state': 0, 'airspace-state': 0, 'data': {'page': 'map', 'action': 'selected helipad', 'value': '21'}}
1745274439.47852,ID:0,STAGE:1,SEQUENCE:0,DATA:{'page':'{'page': 'checklist', 'action': 'toggled checkbox', 'inflight': False, 'item': 0, 'value': 'OFF'}','action':'None','timestamp':1745274439474},ANY:{'page': {'page': 'checklist', 'action': 'toggled checkbox', 'inflight': False, 'item': 0, 'value': 'OFF'}, 'timestamp': 1745274439474}
1745274439.804611,ID:0,STAGE:1,SEQUENCE:0,DATA:{'page':'{'page': 'checklist', 'action': 'toggled checkbox', 'inflight': False, 'item': 1, 'value': 'OFF'}','action':'None','timestamp':1745274439801},ANY:{'page': {'page': 'checklist', 'action': 'toggled checkbox', 'inflight': False, 'item': 1, 'value': 'OFF'}, 'timestamp': 1745274439801}
1745274440.095074,ID:0,STAGE:1,SEQUENCE:0,DATA:{'page':'{'page': 'checklist', 'action': 'toggled checkbox', 'inflight': False, 'item': 2, 'value': 'OFF'}','action':'None','timestamp':1745274440091},ANY:{'page': {'page': 'checklist', 'action': 'toggled checkbox', 'inflight': False, 'item': 2, 'value': 'OFF'}, 'timestamp': 1745274440091}
1745274440.096292,ID:0,STAGE:1,SEQUENCE:0,DATA:{'page':'{'page': 'checklist', 'action': 'showing confirm button', 'inflight': False}','action':'None','timestamp':1745274440091},ANY:{'page': {'page': 'checklist', 'action': 'showing confirm button', 'inflight': False}, 'timestamp': 1745274440091}
1745274440.549552,ID:0,STAGE:1,SEQUENCE:0,DATA:{'page':'{'page': 'checklist', 'action': 'confirm button clicked', 'inflight': False}','action':'None','timestamp':1745274440542},ANY:{'page': {'page': 'checklist', 'action': 'confirm button clicked', 'inflight': False}, 'timestamp': 1745274440542}
1745274440.608876,ID:0,STAGE:1,SEQUENCE:0,DATA:{'page':'{'page': 'countdown', 'action': 'opened page'}','action':'None','timestamp':1745274440604},ANY:{'page': {'page': 'countdown', 'action': 'opened page'}, 'timestamp': 1745274440604}
1745274441.586823,ID:0,STAGE:1,SEQUENCE:0,DATA:{'page':'None','action':'None','timestamp':None},ANY:{'time': 1745274441.582, 'user-id': '0', 'source': 'HAI Interface', 'destination-index': '3', 'study-stage': '1', 'decision-state': 0, 'vitals-state': 0, 'airspace-state': 0, 'data': {'page': 'map', 'action': 'selected helipad', 'value': '21'}}
1745274441.608195,ID:0,STAGE:1,SEQUENCE:0,DATA:{'page':'{'page': 'countdown', 'action': 'countdown now 4'}','action':'None','timestamp':1745274441605},ANY:{'page': {'page': 'countdown', 'action': 'countdown now 4'}, 'timestamp': 1745274441605}
1745274442.612457,ID:0,STAGE:1,SEQUENCE:0,DATA:{'page':'{'page': 'countdown', 'action': 'countdown now 3'}','action':'None','timestamp':1745274442606},ANY:{'page': {'page': 'countdown', 'action': 'countdown now 3'}, 'timestamp': 1745274442606}
1745274443.613901,ID:0,STAGE:1,SEQUENCE:0,DATA:{'page':'{'page': 'countdown', 'action': 'countdown now 2'}','action':'None','timestamp':1745274443607},ANY:{'page': {'page': 'countdown', 'action': 'countdown now 2'}, 'timestamp': 1745274443607}
1745274444.612149,ID:0,STAGE:1,SEQUENCE:0,DATA:{'page':'{'page': 'countdown', 'action': 'countdown now 1'}','action':'None','timestamp':1745274444606},ANY:{'page': {'page': 'countdown', 'action': 'countdown now 1'}, 'timestamp': 1745274444606}
1745274445.614381,ID:0,STAGE:1,SEQUENCE:0,DATA:{'page':'{'page': 'countdown', 'action': 'countdown now 0'}','action':'None','timestamp':1745274445607},ANY:{'page': {'page': 'countdown', 'action': 'countdown now 0'}, 'timestamp': 1745274445607}
1745274446.614238,ID:0,STAGE:1,SEQUENCE:0,DATA:{'page':'{'page': 'countdown', 'action': 'countdown complete'}','action':'None','timestamp':1745274446607},ANY:{'page': {'page': 'countdown', 'action': 'countdown complete'}, 'timestamp': 1745274446607}
1745274447.678227,ID:0,STAGE:1,SEQUENCE:0,DATA:{'page':'None','action':'None','timestamp':None},ANY:{'time': 1745274447.672, 'user-id': '0', 'source': 'HAI Interface', 'destination-index': '3', 'study-stage': '1', 'decision-state': 0, 'vitals-state': 0, 'airspace-state': 0, 'data': {'page': 'map', 'action': 'selected helipad', 'value': '21'}}
1745274448.376334,ID:0,STAGE:1,SEQUENCE:0,DATA:{'page':'/vitals/','action':'None','timestamp':1745274448371},ANY:{'page': '/vitals/', 'timestamp': 1745274448371}
1745274448.376255,ID:0,STAGE:1,SEQUENCE:0,DATA:{'page':'{'action': 'Starting prompt cycle'}','action':'None','timestamp':1745274448370},ANY:{'page': {'action': 'Starting prompt cycle'}, 'timestamp': 1745274448370}
1745274449.94547,ID:0,STAGE:1,SEQUENCE:0,DATA:{'page':'{'page': 'Ground speaking', 'action': 'N A S X G S, this is Ground Control asking for update on flight status, patient status and estimated time to destination.'}','action':'None','timestamp':1745274449941},ANY:{'page': {'page': 'Ground speaking', 'action': 'N A S X G S, this is Ground Control asking for update on flight status, patient status and estimated time to destination.'}, 'timestamp': 1745274449941}
1745274449.946471,ID:0,STAGE:1,SEQUENCE:0,DATA:{'page':'radio_prompt','action':'None','timestamp':1745274449942},ANY:{'page': 'radio_prompt', 'timestamp': 1745274449942}
1745274449.946572,ID:0,STAGE:1,SEQUENCE:0,DATA:{'page':'{'page': 'radio update', 'action': 'radio update asked'}','action':'None','timestamp':1745274449942},ANY:{'page': {'page': 'radio update', 'action': 'radio update asked'}, 'timestamp': 1745274449942}
1745274451.751838,ID:0,STAGE:1,SEQUENCE:0,DATA:{'page':'{'page': 'emergency', 'action': 'trying to change destination to100'}','action':'None','timestamp':1745274451746},ANY:{'page': {'page': 'emergency', 'action': 'trying to change destination to100'}, 'timestamp': 1745274451746}
1745274456.765836,ID:0,STAGE:1,SEQUENCE:0,DATA:{'page':'{'page': 'emergency', 'action': 'trying to change destination to19'}','action':'None','timestamp':1745274456760},ANY:{'page': {'page': 'emergency', 'action': 'trying to change destination to19'}, 'timestamp': 1745274456760}
1745274461.785502,ID:0,STAGE:1,SEQUENCE:0,DATA:{'page':'{'page': 'emergency', 'action': 'trying to change destination to19'}','action':'None','timestamp':1745274461780},ANY:{'page': {'page': 'emergency', 'action': 'trying to change destination to19'}, 'timestamp': 1745274461780}
1745274466.882207,ID:0,STAGE:1,SEQUENCE:0,DATA:{'page':'{'page': 'emergency', 'action': 'trying to change destination to19'}','action':'None','timestamp':1745274466877},ANY:{'page': {'page': 'emergency', 'action': 'trying to change destination to19'}, 'timestamp': 1745274466877}
1745274471.983043,ID:0,STAGE:1,SEQUENCE:0,DATA:{'page':'{'page': 'emergency', 'action': 'trying to change destination to19'}','action':'None','timestamp':1745274471978},ANY:{'page': {'page': 'emergency', 'action': 'trying to change destination to19'}, 'timestamp': 1745274471978}
1745274477.022794,ID:0,STAGE:1,SEQUENCE:0,DATA:{'page':'{'page': 'emergency', 'action': 'trying to change destination to19'}','action':'None','timestamp':1745274477017},ANY:{'page': {'page': 'emergency', 'action': 'trying to change destination to19'}, 'timestamp': 1745274477017}
1745274486.126156,ID:0,STAGE:1,SEQUENCE:0,DATA:{'page':'{'page': 'inflight', 'action': 'displaying vitals prompt'}','action':'None','timestamp':1745274486118},ANY:{'page': {'page': 'inflight', 'action': 'displaying vitals prompt'}, 'timestamp': 1745274486118}
1745274486.127965,ID:0,STAGE:1,SEQUENCE:0,DATA:{'page':'{'page': 'vitals prompt', 'action': 'log vitals prompted'}','action':'None','timestamp':1745274486120},ANY:{'page': {'page': 'vitals prompt', 'action': 'log vitals prompted'}, 'timestamp': 1745274486120}
1745274488.379675,ID:0,STAGE:1,SEQUENCE:0,DATA:{'page':'{'page': 'emergency', 'action': 'trying to change destination to19'}','action':'None','timestamp':1745274488375},ANY:{'page': {'page': 'emergency', 'action': 'trying to change destination to19'}, 'timestamp': 1745274488375}
1745274523.990358,ID:0,STAGE:1,SEQUENCE:0,DATA:{'page':'{'page': 'emergency', 'action': 'trying to change destination to19'}','action':'None','timestamp':1745274523984},ANY:{'page': {'page': 'emergency', 'action': 'trying to change destination to19'}, 'timestamp': 1745274523984}
1745274581.275088,ID:0,STAGE:1,SEQUENCE:0,DATA:{'page':'{'page': 'emergency', 'action': 'trying to change destination to19'}','action':'None','timestamp':1745274581270},ANY:{'page': {'page': 'emergency', 'action': 'trying to change destination to19'}, 'timestamp': 1745274581270}
1745274651.529859,ID:0,STAGE:1,SEQUENCE:0,DATA:{'page':'{'page': 'emergency', 'action': 'trying to change destination to19'}','action':'None','timestamp':1745274651524},ANY:{'page': {'page': 'emergency', 'action': 'trying to change destination to19'}, 'timestamp': 1745274651524}
1745274742.217889,ID:0,STAGE:1,SEQUENCE:0,DATA:{'page':'None','action':'None','timestamp':None},ANY:{'time': 1745274742.211, 'source': 'VitalsTask', 'timer': 401.001, 'data': {'sensor': 'submit', 'action': 'submit'}}
1745274742.217795,ID:0,STAGE:1,SEQUENCE:0,DATA:{'page':'None','action':'None','timestamp':None},ANY:{'time': 1745274742.211, 'source': 'VitalsTask', 'timer': 401.001, 'data': {'sensor': 'submit', 'action': 'submit', 'data': 'submit failed incomplete vitals checklist'}}
1745274832.102282,ID:0,STAGE:1,SEQUENCE:0,DATA:{'page':'None','action':'None','timestamp':None},ANY:{'time': 1745274832.096, 'source': 'VitalsTask', 'timer': 490.886, 'data': {'sensor': 'submit', 'action': 'submit', 'data': 'submit failed incomplete vitals checklist'}}
1745274832.102377,ID:0,STAGE:1,SEQUENCE:0,DATA:{'page':'None','action':'None','timestamp':None},ANY:{'time': 1745274832.095, 'source': 'VitalsTask', 'timer': 490.885, 'data': {'sensor': 'submit', 'action': 'submit'}}
1745274839.220179,ID:0,STAGE:1,SEQUENCE:0,DATA:{'page':'{'action': 'user acknowledged vitals prompt'}','action':'None','timestamp':1745274839213},ANY:{'page': {'action': 'user acknowledged vitals prompt'}, 'timestamp': 1745274839213}
1745275016.722287,ID:0,STAGE:1,SEQUENCE:0,DATA:{'page':'None','action':'None','timestamp':None},ANY:{'time': 1745275016.719, 'source': 'VitalsTask', 'timer': 0.001, 'data': {'sensor': 'Heart Rate', 'action': 'opened sensor tab'}}
1745275016.723127,ID:0,STAGE:1,SEQUENCE:0,DATA:{'page':'None','action':'None','timestamp':None},ANY:{'time': 1745275016.72, 'source': 'VitalsTask', 'timer': 0.002, 'data': {'sensor': 'Heart Rate', 'action': 'keypad open'}}
1745275016.723202,ID:0,STAGE:1,SEQUENCE:0,DATA:{'page':'None','action':'None','timestamp':None},ANY:{'time': 1745275016.72, 'source': 'VitalsTask', 'timer': 0.002, 'data': {'sensor': 'Heart Rate', 'action': 'show action buttons'}}
1745276032.696202,ID:0,STAGE:1,SEQUENCE:0,DATA:{'page':'None','action':'None','timestamp':None},ANY:{'time': 1745276032.693, 'source': 'VitalsTask', 'timer': 0.001, 'data': {'sensor': 'Heart Rate', 'action': 'opened sensor tab'}}
1745276032.697184,ID:0,STAGE:1,SEQUENCE:0,DATA:{'page':'None','action':'None','timestamp':None},ANY:{'time': 1745276032.693, 'source': 'VitalsTask', 'timer': 0.001, 'data': {'sensor': 'Heart Rate', 'action': 'keypad open'}}
1745276032.697141,ID:0,STAGE:1,SEQUENCE:0,DATA:{'page':'None','action':'None','timestamp':None},ANY:{'time': 1745276032.693, 'source': 'VitalsTask', 'timer': 0.001, 'data': {'sensor': 'Heart Rate', 'action': 'show action buttons'}}
1745276410.700671,ID:0,STAGE:1,SEQUENCE:0,DATA:{'page':'{'action': 'user acknowledged vitals prompt'}','action':'None','timestamp':1745276410692},ANY:{'page': {'action': 'user acknowledged vitals prompt'}, 'timestamp': 1745276410692}
1745277867.457082,ID:0,STAGE:1,SEQUENCE:0,DATA:{'page':'None','action':'None','timestamp':None},ANY:{'time': 1745277867.453, 'source': 'VitalsTask', 'timer': 0.001, 'data': {'sensor': 'Heart Rate', 'action': 'opened sensor tab'}}
1745277867.457127,ID:0,STAGE:1,SEQUENCE:0,DATA:{'page':'None','action':'None','timestamp':None},ANY:{'time': 1745277867.454, 'source': 'VitalsTask', 'timer': 0.002, 'data': {'sensor': 'Heart Rate', 'action': 'show action buttons'}}
1745277867.457244,ID:0,STAGE:1,SEQUENCE:0,DATA:{'page':'None','action':'None','timestamp':None},ANY:{'time': 1745277867.454, 'source': 'VitalsTask', 'timer': 0.002, 'data': {'sensor': 'Heart Rate', 'action': 'keypad open'}}
1745278580.163516,ID:0,STAGE:1,SEQUENCE:0,DATA:{'page':'None','action':'None','timestamp':None},ANY:{'time': 1745278580.159, 'source': 'VitalsTask', 'timer': 0, 'data': {'sensor': 'Heart Rate', 'action': 'opened sensor tab'}}
1745278580.164288,ID:0,STAGE:1,SEQUENCE:0,DATA:{'page':'None','action':'None','timestamp':None},ANY:{'time': 1745278580.16, 'source': 'VitalsTask', 'timer': 0.001, 'data': {'sensor': 'Heart Rate', 'action': 'keypad open'}}
1745278580.165519,ID:0,STAGE:1,SEQUENCE:0,DATA:{'page':'None','action':'None','timestamp':None},ANY:{'time': 1745278580.16, 'source': 'VitalsTask', 'timer': 0.001, 'data': {'sensor': 'Heart Rate', 'action': 'show action buttons'}}
