INFO:root:SimConnect Error in /var
INFO:root:SimConnect Error in /var
INFO:root:SimConnect Error in /var
INFO:root:SimConnect Error in /var
INFO:root:SimConnect Error in /var
INFO:root:SimConnect Error in /var
INFO:root:SimConnect Error in /var
INFO:root:SimConnect Error in /var
INFO:root:SimConnect Error in /var
INFO:root:SimConnect Error in /var
INFO:root:SimConnect Error in /var
INFO:root:SimConnect Error in /var
INFO:root:SimConnect Error in /var
INFO:root:SimConnect Error in /var
INFO:root:SimConnect Error in /var
INFO:root:SimConnect Error in /var
INFO:root:SimConnect Error in /var
INFO:root:SimConnect Error in /var
INFO:root:SimConnect Error in /var
INFO:root:SimConnect Error in /var
INFO:root:SimConnect Error in /var
INFO:root:SimConnect Error in /var
INFO:root:SimConnect Error in /var
INFO:root:SimConnect Error in /var
INFO:root:SimConnect Error in /var
INFO:root:SimConnect Error in /var
INFO:root:SimConnect Error in /var
INFO:root:SimConnect Error in /var
INFO:root:SimConnect Error in /var
INFO:root:SimConnect Error in /var
INFO:root:SimConnect Error in /var
INFO:root:SimConnect Error in /var
INFO:root:SimConnect Error in /var
INFO:root:SimConnect Error in /var
INFO:root:SimConnect Error in /var
INFO:root:SimConnect Error in /var
INFO:root:SimConnect Error in /var
INFO:root:SimConnect Error in /var
INFO:root:SimConnect Error in /var
INFO:root:SimConnect Error in /var
INFO:root:SimConnect Error in /var
INFO:root:SimConnect Error in /var
INFO:root:SimConnect Error in /var
INFO:root:SimConnect Error in /var
INFO:root:SimConnect Error in /var
INFO:root:SimConnect Error in /var
INFO:root:SimConnect Error in /var
INFO:root:SimConnect Error in /var
INFO:root:SimConnect Error in /var
INFO:root:SimConnect Error in /var
INFO:root:SimConnect Error in /var
INFO:root:SimConnect Error in /var
INFO:root:SimConnect Error in /var
INFO:root:SimConnect Error in /var
INFO:root:SimConnect Error in /var
INFO:root:SimConnect Error in /var
INFO:root:SimConnect Error in /var
INFO:root:SimConnect Error in /var
INFO:root:SimConnect Error in /var
INFO:root:SimConnect Error in /var
INFO:root:SimConnect Error in /var
INFO:root:SimConnect Error in /var
INFO:root:SimConnect Error in /var
INFO:root:SimConnect Error in /var
INFO:root:SimConnect Error in /var
INFO:root:SimConnect Error in /var
INFO:root:SimConnect Error in /var
INFO:root:SimConnect Error in /var
INFO:root:SimConnect Error in /var
INFO:root:SimConnect Error in /var
INFO:root:SimConnect Error in /var
INFO:root:SimConnect Error in /var
INFO:root:SimConnect Error in /var
INFO:root:SimConnect Error in /var
INFO:root:SimConnect Error in /var
INFO:root:SimConnect Error in /var
INFO:root:SimConnect Error in /var
INFO:root:SimConnect Error in /var
INFO:root:SimConnect Error in /var
INFO:root:SimConnect Error in /var
INFO:root:SimConnect Error in /var
INFO:root:SimConnect Error in /var
INFO:root:SimConnect Error in /var
INFO:root:SimConnect Error in /var
INFO:root:SimConnect Error in /var
INFO:root:SimConnect Error in /var
INFO:root:SimConnect Error in /var
INFO:root:SimConnect Error in /var
INFO:root:SimConnect Error in /var
INFO:root:SimConnect Error in /var
INFO:root:SimConnect Error in /var
INFO:root:SimConnect Error in /var
INFO:root:SimConnect Error in /var
INFO:root:SimConnect Error in /var
INFO:root:SimConnect Error in /var
INFO:root:SimConnect Error in /var
INFO:root:SimConnect Error in /var
INFO:root:SimConnect Error in /var
INFO:root:SimConnect Error in /var
INFO:root:SimConnect Error in /var
INFO:root:SimConnect Error in /var
INFO:root:SimConnect Error in /var
INFO:root:SimConnect Error in /var
INFO:root:SimConnect Error in /var
INFO:root:SimConnect Error in /var
INFO:root:SimConnect Error in /var
INFO:root:SimConnect Error in /var
INFO:root:SimConnect Error in /var
INFO:root:SimConnect Error in /var
INFO:root:SimConnect Error in /var
INFO:root:SimConnect Error in /var
INFO:root:SimConnect Error in /var
INFO:root:SimConnect Error in /var
INFO:root:SimConnect Error in /var
INFO:root:SimConnect Error in /var
INFO:root:SimConnect Error in /var
INFO:root:SimConnect Error in /var
INFO:root:SimConnect Error in /var
INFO:root:SimConnect Error in /var
INFO:root:SimConnect Error in /var
INFO:root:SimConnect Error in /var
INFO:root:SimConnect Error in /var
INFO:root:SimConnect Error in /var
INFO:root:SimConnect Error in /var
INFO:root:SimConnect Error in /var
INFO:root:SimConnect Error in /var
INFO:root:SimConnect Error in /var
INFO:root:SimConnect Error in /var
INFO:root:SimConnect Error in /var
INFO:root:SimConnect Error in /var
INFO:root:SimConnect Error in /var
INFO:root:SimConnect Error in /var
INFO:root:SimConnect Error in /var
INFO:root:SimConnect Error in /var
INFO:root:SimConnect Error in /var
INFO:root:SimConnect Error in /var
INFO:root:SimConnect Error in /var
INFO:root:SimConnect Error in /var
INFO:root:SimConnect Error in /var
INFO:root:SimConnect Error in /var
INFO:root:SimConnect Error in /var
INFO:root:SimConnect Error in /var
INFO:root:SimConnect Error in /var
INFO:root:SimConnect Error in /var
INFO:root:SimConnect Error in /var
INFO:root:SimConnect Error in /var
INFO:root:SimConnect Error in /var
INFO:root:SimConnect Error in /var
INFO:root:SimConnect Error in /var
INFO:root:SimConnect Error in /var
INFO:root:SimConnect Error in /var
INFO:root:SimConnect Error in /var
INFO:root:SimConnect Error in /var
INFO:root:SimConnect Error in /var
INFO:root:SimConnect Error in /var
INFO:root:SimConnect Error in /var
INFO:root:SimConnect Error in /var
INFO:root:SimConnect Error in /var
INFO:root:SimConnect Error in /var
INFO:root:SimConnect Error in /var
INFO:root:SimConnect Error in /var
INFO:root:SimConnect Error in /var
INFO:root:SimConnect Error in /var
INFO:root:SimConnect Error in /var
INFO:root:SimConnect Error in /var
INFO:root:SimConnect Error in /var
INFO:root:SimConnect Error in /var
INFO:root:SimConnect Error in /var
INFO:root:SimConnect Error in /var
INFO:root:SimConnect Error in /var
INFO:root:SimConnect Error in /var
INFO:root:SimConnect Error in /var
INFO:root:SimConnect Error in /var
INFO:root:SimConnect Error in /var
INFO:root:SimConnect Error in /var
INFO:root:SimConnect Error in /var
INFO:root:SimConnect Error in /var
INFO:root:SimConnect Error in /var
INFO:root:SimConnect Error in /var
INFO:root:SimConnect Error in /var
INFO:root:SimConnect Error in /var
INFO:root:SimConnect Error in /var
INFO:root:SimConnect Error in /var
INFO:root:SimConnect Error in /var
INFO:root:SimConnect Error in /var
INFO:root:SimConnect Error in /var
INFO:root:SimConnect Error in /var
INFO:root:SimConnect Error in /var
INFO:root:SimConnect Error in /var
INFO:root:SimConnect Error in /var
INFO:root:SimConnect Error in /var
INFO:root:SimConnect Error in /var
INFO:root:SimConnect Error in /var
INFO:root:SimConnect Error in /var
INFO:root:SimConnect Error in /var
INFO:root:SimConnect Error in /var
INFO:root:SimConnect Error in /var
INFO:root:SimConnect Error in /var
INFO:root:SimConnect Error in /var
INFO:root:SimConnect Error in /var
INFO:root:SimConnect Error in /var
INFO:root:SimConnect Error in /var
INFO:root:SimConnect Error in /var
INFO:root:SimConnect Error in /var
INFO:root:SimConnect Error in /var
INFO:root:SimConnect Error in /var
INFO:root:SimConnect Error in /var
INFO:root:SimConnect Error in /var
INFO:root:SimConnect Error in /var
INFO:root:SimConnect Error in /var
INFO:root:SimConnect Error in /var
INFO:root:SimConnect Error in /var
INFO:root:SimConnect Error in /var
INFO:root:SimConnect Error in /var
INFO:root:SimConnect Error in /var
INFO:root:SimConnect Error in /var
INFO:root:SimConnect Error in /var
INFO:root:SimConnect Error in /var
INFO:root:SimConnect Error in /var
INFO:root:SimConnect Error in /var
INFO:root:SimConnect Error in /var
INFO:root:SimConnect Error in /var
INFO:root:SimConnect Error in /var
INFO:root:SimConnect Error in /var
INFO:root:SimConnect Error in /var
INFO:root:SimConnect Error in /var
INFO:root:SimConnect Error in /var
INFO:root:SimConnect Error in /var
INFO:root:SimConnect Error in /var
INFO:root:SimConnect Error in /var
INFO:root:SimConnect Error in /var
INFO:root:SimConnect Error in /var
INFO:root:SimConnect Error in /var
INFO:root:SimConnect Error in /var
INFO:root:SimConnect Error in /var
INFO:root:SimConnect Error in /var
INFO:root:SimConnect Error in /var
INFO:root:SimConnect Error in /var
INFO:root:SimConnect Error in /var
INFO:root:SimConnect Error in /var
INFO:root:SimConnect Error in /var
INFO:root:SimConnect Error in /var
INFO:root:SimConnect Error in /var
INFO:root:SimConnect Error in /var
INFO:root:SimConnect Error in /var
INFO:root:SimConnect Error in /var
INFO:root:SimConnect Error in /var
INFO:root:SimConnect Error in /var
INFO:root:SimConnect Error in /var
INFO:root:SimConnect Error in /var
INFO:root:SimConnect Error in /var
INFO:root:SimConnect Error in /var
INFO:root:SimConnect Error in /var
INFO:root:SimConnect Error in /var
INFO:root:SimConnect Error in /var
INFO:root:SimConnect Error in /var
INFO:root:SimConnect Error in /var
INFO:root:SimConnect Error in /var
INFO:root:SimConnect Error in /var
INFO:root:SimConnect Error in /var
INFO:root:SimConnect Error in /var
INFO:root:SimConnect Error in /var
INFO:root:SimConnect Error in /var
INFO:root:SimConnect Error in /var
INFO:root:SimConnect Error in /var
INFO:root:SimConnect Error in /var
INFO:root:SimConnect Error in /var
INFO:root:SimConnect Error in /var
INFO:root:SimConnect Error in /var
INFO:root:SimConnect Error in /var
INFO:root:SimConnect Error in /var
INFO:root:SimConnect Error in /var
INFO:root:SimConnect Error in /var
INFO:root:SimConnect Error in /var
INFO:root:SimConnect Error in /var
INFO:root:SimConnect Error in /var
INFO:root:SimConnect Error in /var
INFO:root:SimConnect Error in /var
INFO:root:SimConnect Error in /var
INFO:root:SimConnect Error in /var
INFO:root:SimConnect Error in /var
INFO:root:SimConnect Error in /var
INFO:root:SimConnect Error in /var
INFO:root:SimConnect Error in /var
INFO:root:SimConnect Error in /var
INFO:root:SimConnect Error in /var
INFO:root:SimConnect Error in /var
INFO:root:SimConnect Error in /var
INFO:root:SimConnect Error in /var
INFO:root:SimConnect Error in /var
INFO:root:SimConnect Error in /var
INFO:root:SimConnect Error in /var
INFO:root:SimConnect Error in /var
INFO:root:SimConnect Error in /var
INFO:root:SimConnect Error in /var
INFO:root:SimConnect Error in /var
INFO:root:SimConnect Error in /var
INFO:root:SimConnect Error in /var
INFO:root:SimConnect Error in /var
INFO:root:SimConnect Error in /var
INFO:root:SimConnect Error in /var
INFO:root:SimConnect Error in /var
INFO:root:SimConnect Error in /var
INFO:root:SimConnect Error in /var
INFO:root:SimConnect Error in /var
INFO:root:SimConnect Error in /var
INFO:root:SimConnect Error in /var
INFO:root:SimConnect Error in /var
INFO:root:SimConnect Error in /var
INFO:root:SimConnect Error in /var
INFO:root:SimConnect Error in /var
INFO:root:SimConnect Error in /var
INFO:root:SimConnect Error in /var
INFO:root:SimConnect Error in /var
INFO:root:SimConnect Error in /var
INFO:root:SimConnect Error in /var
INFO:root:SimConnect Error in /var
INFO:root:SimConnect Error in /var
INFO:root:SimConnect Error in /var
INFO:root:SimConnect Error in /var
INFO:root:SimConnect Error in /var
INFO:root:SimConnect Error in /var
INFO:root:SimConnect Error in /var
INFO:root:SimConnect Error in /var
INFO:root:SimConnect Error in /var
INFO:root:SimConnect Error in /var
INFO:root:SimConnect Error in /var
INFO:root:SimConnect Error in /var
INFO:root:SimConnect Error in /var
INFO:root:SimConnect Error in /var
INFO:root:SimConnect Error in /var
INFO:root:SimConnect Error in /var
INFO:root:SimConnect Error in /var
INFO:root:SimConnect Error in /var
INFO:root:SimConnect Error in /var
INFO:root:SimConnect Error in /var
INFO:root:SimConnect Error in /var
INFO:root:SimConnect Error in /var
INFO:root:SimConnect Error in /var
INFO:root:SimConnect Error in /var
INFO:root:SimConnect Error in /var
INFO:root:SimConnect Error in /var
INFO:root:SimConnect Error in /var
INFO:root:SimConnect Error in /var
INFO:root:SimConnect Error in /var
INFO:root:SimConnect Error in /var
INFO:root:SimConnect Error in /var
INFO:root:SimConnect Error in /var
INFO:root:SimConnect Error in /var
INFO:root:SimConnect Error in /var
INFO:root:SimConnect Error in /var
INFO:root:SimConnect Error in /var
INFO:root:SimConnect Error in /var
INFO:root:SimConnect Error in /var
INFO:root:SimConnect Error in /var
INFO:root:SimConnect Error in /var
INFO:root:SimConnect Error in /var
INFO:root:SimConnect Error in /var
INFO:root:SimConnect Error in /var
INFO:root:SimConnect Error in /var
INFO:root:SimConnect Error in /var
INFO:root:SimConnect Error in /var
INFO:root:SimConnect Error in /var
INFO:root:SimConnect Error in /var
INFO:root:SimConnect Error in /var
INFO:root:SimConnect Error in /var
INFO:root:SimConnect Error in /var
INFO:root:SimConnect Error in /var
INFO:root:SimConnect Error in /var
INFO:root:SimConnect Error in /var
INFO:root:SimConnect Error in /var
INFO:root:SimConnect Error in /var
INFO:root:SimConnect Error in /var
INFO:root:SimConnect Error in /var
INFO:root:SimConnect Error in /var
INFO:root:SimConnect Error in /var
INFO:root:SimConnect Error in /var
INFO:root:SimConnect Error in /var
INFO:root:SimConnect Error in /var
INFO:root:SimConnect Error in /var
INFO:root:SimConnect Error in /var
INFO:root:SimConnect Error in /var
INFO:root:SimConnect Error in /var
INFO:root:SimConnect Error in /var
INFO:root:SimConnect Error in /var
INFO:root:SimConnect Error in /var
INFO:root:SimConnect Error in /var
INFO:root:SimConnect Error in /var
INFO:root:SimConnect Error in /var
INFO:root:SimConnect Error in /var
INFO:root:SimConnect Error in /var
INFO:root:SimConnect Error in /var
INFO:root:SimConnect Error in /var
INFO:root:SimConnect Error in /var
INFO:root:SimConnect Error in /var
INFO:root:SimConnect Error in /var
INFO:root:SimConnect Error in /var
INFO:root:SimConnect Error in /var
INFO:root:SimConnect Error in /var
INFO:root:SimConnect Error in /var
INFO:root:SimConnect Error in /var
INFO:root:SimConnect Error in /var
INFO:root:SimConnect Error in /var
INFO:root:SimConnect Error in /var
INFO:root:SimConnect Error in /var
INFO:root:SimConnect Error in /var
INFO:root:SimConnect Error in /var
INFO:root:SimConnect Error in /var
INFO:root:SimConnect Error in /var
INFO:root:SimConnect Error in /var
INFO:root:SimConnect Error in /var
INFO:root:SimConnect Error in /var
INFO:root:SimConnect Error in /var
INFO:root:SimConnect Error in /var
INFO:root:SimConnect Error in /var
INFO:root:SimConnect Error in /var
INFO:root:SimConnect Error in /var
INFO:root:SimConnect Error in /var
INFO:root:SimConnect Error in /var
INFO:root:SimConnect Error in /var
INFO:root:1721420478.74126,ID:1005,STAGE:2,SEQUENCE:1342,DATA:{'time': 1721420478.737, 'user-id': '1005', 'source': 'HAI Interface', 'destination-index': 'None', 'study-stage': '2', 'decision-state': 0, 'vitals-state': 0, 'airspace-state': 0, 'data': {'page': 'index', 'action': 'confirm button pressed'}}
INFO:root:SimConnect Error in /var
INFO:root:1721420478.862724,ID:1005,STAGE:2,SEQUENCE:1342,DATA:{'time': 1721420478.858, 'user-id': 'none', 'source': 'HAI Interface', 'destination-index': 3, 'study-stage': -1, 'decision-state': 0, 'vitals-state': 0, 'airspace-state': 0, 'data': {'page': 'location', 'action': 'opened page'}}
INFO:root:SimConnect Error in /var
INFO:root:SimConnect Error in /var
INFO:root:SimConnect Error in /var
INFO:root:SimConnect Error in /var
INFO:root:SimConnect Error in /var
INFO:root:Takeoff radiocomms initiated
INFO:root:1721420479.819676,ID:1005,STAGE:2,SEQUENCE:1342,DATA:{'time': 1721420479.816, 'user-id': '1005', 'source': 'HAI Interface', 'destination-index': 'None', 'study-stage': '2', 'decision-state': 0, 'vitals-state': 0, 'airspace-state': 0, 'data': {'page': 'map', 'action': 'selected helipad', 'value': '21'}}
INFO:root:SimConnect Error in /var
INFO:root:SimConnect Error in /var
INFO:root:SimConnect Error in /var
INFO:root:SimConnect Error in /var
INFO:root:SimConnect Error in /var
INFO:root:SimConnect Error in /var
INFO:root:SimConnect Error in /var
INFO:root:SimConnect Error in /var
INFO:root:SimConnect Error in /var
INFO:root:SimConnect Error in /var
INFO:root:SimConnect Error in /var
INFO:root:SimConnect Error in /var
INFO:root:SimConnect Error in /var
INFO:root:SimConnect Error in /var
INFO:root:SimConnect Error in /var
INFO:root:1721420482.49939,ID:1005,STAGE:2,SEQUENCE:1342,DATA:{'time': 1721420482.496, 'user-id': '1005', 'source': 'HAI Interface', 'destination-index': 'None', 'study-stage': '2', 'decision-state': 0, 'vitals-state': 0, 'airspace-state': 0, 'data': {'page': 'location', 'action': 'confirm button pressed'}}
INFO:root:SimConnect Error in /var
INFO:root:1721420482.604874,ID:1005,STAGE:2,SEQUENCE:1342,DATA:{'time': 1721420482.598, 'user-id': 'none', 'source': 'HAI Interface', 'destination-index': 3, 'study-stage': -1, 'decision-state': 0, 'vitals-state': 0, 'airspace-state': 0, 'data': {'page': 'checklist', 'action': 'opened page', 'inflight': False}}
INFO:root:SimConnect Error in /var
INFO:root:SimConnect Error in /var
INFO:root:SimConnect Error in /var
INFO:root:1721420483.56974,ID:1005,STAGE:2,SEQUENCE:1342,DATA:{'time': 1721420483.566, 'user-id': '1005', 'source': 'HAI Interface', 'destination-index': '3', 'study-stage': '2', 'decision-state': 0, 'vitals-state': 0, 'airspace-state': 0, 'data': {'page': 'map', 'action': 'selected helipad', 'value': '21'}}
INFO:root:SimConnect Error in /var
INFO:root:SimConnect Error in /var
INFO:root:SimConnect Error in /var
INFO:root:SimConnect Error in /var
INFO:root:SimConnect Error in /var
INFO:root:SimConnect Error in /var
INFO:root:SimConnect Error in /var
INFO:root:SimConnect Error in /var
INFO:root:SimConnect Error in /var
INFO:root:SimConnect Error in /var
INFO:root:SimConnect Error in /var
INFO:root:SimConnect Error in /var
INFO:root:SimConnect Error in /var
INFO:root:1721420486.389699,ID:1005,STAGE:2,SEQUENCE:1342,DATA:{'time': 1721420486.386, 'user-id': '1005', 'source': 'HAI Interface', 'destination-index': '3', 'study-stage': '2', 'decision-state': 0, 'vitals-state': 0, 'airspace-state': 0, 'data': {'page': 'checklist', 'action': 'toggled checkbox', 'inflight': False, 'item': 0, 'value': 'OFF'}}
INFO:root:SimConnect Error in /var
INFO:root:SimConnect Error in /var
INFO:root:SimConnect Error in /var
INFO:root:SimConnect Error in /var
INFO:root:1721420487.174884,ID:1005,STAGE:2,SEQUENCE:1342,DATA:{'time': 1721420487.17, 'user-id': '1005', 'source': 'HAI Interface', 'destination-index': '3', 'study-stage': '2', 'decision-state': 0, 'vitals-state': 0, 'airspace-state': 0, 'data': {'page': 'checklist', 'action': 'toggled checkbox', 'inflight': False, 'item': 1, 'value': 'OFF'}}
INFO:root:SimConnect Error in /var
INFO:root:SimConnect Error in /var
INFO:root:SimConnect Error in /var
INFO:root:SimConnect Error in /var
INFO:root:SimConnect Error in /var
INFO:root:SimConnect Error in /var
INFO:root:SimConnect Error in /var
INFO:root:SimConnect Error in /var
INFO:root:SimConnect Error in /var
INFO:root:SimConnect Error in /var
INFO:root:SimConnect Error in /var
INFO:root:SimConnect Error in /var
INFO:root:SimConnect Error in /var
INFO:root:SimConnect Error in /var
INFO:root:1721420489.941655,ID:1005,STAGE:2,SEQUENCE:1342,DATA:{'time': 1721420489.938, 'user-id': '1005', 'source': 'HAI Interface', 'destination-index': '3', 'study-stage': '2', 'decision-state': 0, 'vitals-state': 0, 'airspace-state': 0, 'data': {'action': 'radio panel opened'}}
INFO:root:SimConnect Error in /var
INFO:root:SimConnect Error in /var
INFO:root:SimConnect Error in /var
INFO:root:SimConnect Error in /var
INFO:root:SimConnect Error in /var
INFO:root:SimConnect Error in /var
INFO:root:SimConnect Error in /var
INFO:root:SimConnect Error in /var
INFO:root:SimConnect Error in /var
INFO:root:SimConnect Error in /var
INFO:root:SimConnect Error in /var
INFO:root:SimConnect Error in /var
INFO:root:SimConnect Error in /var
INFO:root:SimConnect Error in /var
INFO:root:SimConnect Error in /var
INFO:root:SimConnect Error in /var
INFO:root:SimConnect Error in /var
INFO:root:SimConnect Error in /var
INFO:root:SimConnect Error in /var
INFO:root:SimConnect Error in /var
INFO:root:SimConnect Error in /var
INFO:root:SimConnect Error in /var
INFO:root:SimConnect Error in /var
INFO:root:SimConnect Error in /var
INFO:root:SimConnect Error in /var
INFO:root:SimConnect Error in /var
INFO:root:SimConnect Error in /var
INFO:root:SimConnect Error in /var
INFO:root:SimConnect Error in /var
INFO:root:SimConnect Error in /var
INFO:root:Takeoff radiocomms clear request sent
INFO:root:SimConnect Error in /var
INFO:root:SimConnect Error in /var
INFO:root:SimConnect Error in /var
INFO:root:SimConnect Error in /var
INFO:root:1721420497.136183,ID:1005,STAGE:2,SEQUENCE:1342,DATA:{'time': 1721420497.133, 'user-id': '1005', 'source': 'HAI Interface', 'destination-index': '3', 'study-stage': '2', 'decision-state': 0, 'vitals-state': 0, 'airspace-state': 0, 'data': {'page': 'checklist', 'action': 'toggled checkbox', 'inflight': False, 'item': 2, 'value': 'OFF'}}
INFO:root:1721420497.138178,ID:1005,STAGE:2,SEQUENCE:1342,DATA:{'time': 1721420497.133, 'user-id': '1005', 'source': 'HAI Interface', 'destination-index': '3', 'study-stage': '2', 'decision-state': 0, 'vitals-state': 0, 'airspace-state': 0, 'data': {'page': 'checklist', 'action': 'showing confirm button', 'inflight': False}}
INFO:root:SimConnect Error in /var
INFO:root:SimConnect Error in /var
INFO:root:SimConnect Error in /var
INFO:root:SimConnect Error in /var
INFO:root:SimConnect Error in /var
INFO:root:1721420497.970821,ID:1005,STAGE:2,SEQUENCE:1342,DATA:{'time': 1721420497.967, 'user-id': '1005', 'source': 'HAI Interface', 'destination-index': '3', 'study-stage': '2', 'decision-state': 0, 'vitals-state': 0, 'airspace-state': 0, 'data': {'page': 'checklist', 'action': 'confirm button clicked', 'inflight': False}}
INFO:root:1721420498.068222,ID:1005,STAGE:2,SEQUENCE:1342,DATA:{'time': 1721420498.056, 'user-id': 'none', 'source': 'HAI Interface', 'destination-index': 3, 'study-stage': -1, 'decision-state': 0, 'vitals-state': 0, 'airspace-state': 0, 'data': {'page': 'countdown', 'action': 'opened page'}}
INFO:root:SimConnect Error in /var
INFO:root:SimConnect Error in /var
INFO:root:SimConnect Error in /var
INFO:root:SimConnect Error in /var
INFO:root:SimConnect Error in /var
INFO:root:1721420499.027852,ID:1005,STAGE:2,SEQUENCE:1342,DATA:{'time': 1721420499.024, 'user-id': '1005', 'source': 'HAI Interface', 'destination-index': '3', 'study-stage': '2', 'decision-state': 0, 'vitals-state': 0, 'airspace-state': 0, 'data': {'page': 'map', 'action': 'selected helipad', 'value': '21'}}
INFO:root:SimConnect Error in /var
INFO:root:1721420499.061764,ID:1005,STAGE:2,SEQUENCE:1342,DATA:{'time': 1721420499.058, 'user-id': '1005', 'source': 'HAI Interface', 'destination-index': '3', 'study-stage': '2', 'decision-state': 0, 'vitals-state': 0, 'airspace-state': 0, 'data': {'page': 'countdown', 'action': 'countdown now 4'}}
INFO:root:SimConnect Error in /var
INFO:root:SimConnect Error in /var
INFO:root:SimConnect Error in /var
INFO:root:SimConnect Error in /var
INFO:root:SimConnect Error in /var
INFO:root:1721420500.060297,ID:1005,STAGE:2,SEQUENCE:1342,DATA:{'time': 1721420500.057, 'user-id': '1005', 'source': 'HAI Interface', 'destination-index': '3', 'study-stage': '2', 'decision-state': 0, 'vitals-state': 0, 'airspace-state': 0, 'data': {'page': 'countdown', 'action': 'countdown now 3'}}
INFO:root:SimConnect Error in /var
INFO:root:SimConnect Error in /var
INFO:root:SimConnect Error in /var
INFO:root:SimConnect Error in /var
INFO:root:SimConnect Error in /var
INFO:root:SimConnect Error in /var
INFO:root:SimConnect Error in /var
INFO:root:SimConnect Error in /var
INFO:root:1721420501.062598,ID:1005,STAGE:2,SEQUENCE:1342,DATA:{'time': 1721420501.058, 'user-id': '1005', 'source': 'HAI Interface', 'destination-index': '3', 'study-stage': '2', 'decision-state': 0, 'vitals-state': 0, 'airspace-state': 0, 'data': {'page': 'countdown', 'action': 'countdown now 2'}}
INFO:root:SimConnect Error in /var
INFO:root:SimConnect Error in /var
INFO:root:SimConnect Error in /var
INFO:root:SimConnect Error in /var
INFO:root:SimConnect Error in /var
INFO:root:1721420502.06087,ID:1005,STAGE:2,SEQUENCE:1342,DATA:{'time': 1721420502.057, 'user-id': '1005', 'source': 'HAI Interface', 'destination-index': '3', 'study-stage': '2', 'decision-state': 0, 'vitals-state': 0, 'airspace-state': 0, 'data': {'page': 'countdown', 'action': 'countdown now 1'}}
INFO:root:SimConnect Error in /var
INFO:root:SimConnect Error in /var
INFO:root:SimConnect Error in /var
INFO:root:SimConnect Error in /var
INFO:root:SimConnect Error in /var
INFO:root:1721420503.06176,ID:1005,STAGE:2,SEQUENCE:1342,DATA:{'time': 1721420503.058, 'user-id': '1005', 'source': 'HAI Interface', 'destination-index': '3', 'study-stage': '2', 'decision-state': 0, 'vitals-state': 0, 'airspace-state': 0, 'data': {'page': 'countdown', 'action': 'countdown now 0'}}
INFO:root:SimConnect Error in /var
INFO:root:SimConnect Error in /var
INFO:root:SimConnect Error in /var
INFO:root:SimConnect Error in /var
INFO:root:SimConnect Error in /var
INFO:root:SimConnect Error in /var
INFO:root:1721420504.063884,ID:1005,STAGE:2,SEQUENCE:1342,DATA:{'time': 1721420504.058, 'user-id': '1005', 'source': 'HAI Interface', 'destination-index': '3', 'study-stage': '2', 'decision-state': 0, 'vitals-state': 0, 'airspace-state': 0, 'data': {'page': 'countdown', 'action': 'countdown complete'}}
INFO:root:SimConnect Error in /var
INFO:root:SimConnect Error in /var
INFO:root:SimConnect Error in /var
INFO:root:SimConnect Error in /var
INFO:root:SimConnect Error in /var
INFO:root:SimConnect Error in /var
INFO:root:1721420505.144796,ID:1005,STAGE:2,SEQUENCE:1342,DATA:{'time': 1721420505.141, 'user-id': '1005', 'source': 'HAI Interface', 'destination-index': '3', 'study-stage': '2', 'decision-state': 0, 'vitals-state': 0, 'airspace-state': 0, 'data': {'page': 'map', 'action': 'selected helipad', 'value': '21'}}
INFO:root:SimConnect Error in /var
INFO:root:SimConnect Error in /var
INFO:root:SimConnect Error in /var
INFO:root:SimConnect Error in /var
INFO:root:SimConnect Error in /var
INFO:root:SimConnect Error in /var
INFO:root:SimConnect Error in /var
INFO:root:1721420506.369764,ID:1005,STAGE:2,SEQUENCE:1342,DATA:{'time': 1721420506.366, 'user-id': '1005', 'source': 'HAI Interface', 'destination-index': '3', 'study-stage': '2', 'decision-state': 0, 'vitals-state': 0, 'airspace-state': 0, 'data': {'action': 'radio panel opened'}}
INFO:root:SimConnect Error in /var
INFO:root:SimConnect Error in /var
INFO:root:SimConnect Error in /var
INFO:root:SimConnect Error in /var
INFO:root:SimConnect Error in /var
INFO:root:SimConnect Error in /var
INFO:root:SimConnect Error in /var
INFO:root:SimConnect Error in /var
INFO:root:SimConnect Error in /var
INFO:root:SimConnect Error in /var
INFO:root:SimConnect Error in /var
INFO:root:SimConnect Error in /var
INFO:root:SimConnect Error in /var
INFO:root:SimConnect Error in /var
INFO:root:SimConnect Error in /var
INFO:root:SimConnect Error in /var
INFO:root:SimConnect Error in /var
INFO:root:SimConnect Error in /var
INFO:root:SimConnect Error in /var
INFO:root:SimConnect Error in /var
INFO:root:SimConnect Error in /var
INFO:root:SimConnect Error in /var
INFO:root:SimConnect Error in /var
INFO:root:SimConnect Error in /var
INFO:root:SimConnect Error in /var
INFO:root:SimConnect Error in /var
INFO:root:SimConnect Error in /var
INFO:root:SimConnect Error in /var
INFO:root:SimConnect Error in /var
INFO:root:SimConnect Error in /var
INFO:root:SimConnect Error in /var
INFO:root:SimConnect Error in /var
INFO:root:SimConnect Error in /var
INFO:root:SimConnect Error in /var
INFO:root:SimConnect Error in /var
INFO:root:SimConnect Error in /var
INFO:root:SimConnect Error in /var
INFO:root:SimConnect Error in /var
INFO:root:SimConnect Error in /var
INFO:root:SimConnect Error in /var
INFO:root:SimConnect Error in /var
INFO:root:SimConnect Error in /var
INFO:root:SimConnect Error in /var
INFO:root:SimConnect Error in /var
INFO:root:SimConnect Error in /var
INFO:root:SimConnect Error in /var
INFO:root:SimConnect Error in /var
INFO:root:SimConnect Error in /var
INFO:root:SimConnect Error in /var
INFO:root:SimConnect Error in /var
INFO:root:SimConnect Error in /var
INFO:root:SimConnect Error in /var
INFO:root:SimConnect Error in /var
INFO:root:SimConnect Error in /var
INFO:root:SimConnect Error in /var
INFO:root:SimConnect Error in /var
INFO:root:SimConnect Error in /var
INFO:root:SimConnect Error in /var
INFO:root:SimConnect Error in /var
INFO:root:SimConnect Error in /var
INFO:root:SimConnect Error in /var
INFO:root:SimConnect Error in /var
INFO:root:SimConnect Error in /var
INFO:root:SimConnect Error in /var
INFO:root:SimConnect Error in /var
INFO:root:SimConnect Error in /var
INFO:root:SimConnect Error in /var
INFO:root:SimConnect Error in /var
INFO:root:SimConnect Error in /var
INFO:root:SimConnect Error in /var
INFO:root:SimConnect Error in /var
INFO:root:SimConnect Error in /var
INFO:root:SimConnect Error in /var
INFO:root:SimConnect Error in /var
INFO:root:SimConnect Error in /var
INFO:root:SimConnect Error in /var
INFO:root:SimConnect Error in /var
INFO:root:SimConnect Error in /var
INFO:root:SimConnect Error in /var
INFO:root:SimConnect Error in /var
INFO:root:SimConnect Error in /var
INFO:root:SimConnect Error in /var
INFO:root:SimConnect Error in /var
INFO:root:SimConnect Error in /var
INFO:root:SimConnect Error in /var
INFO:root:SimConnect Error in /var
INFO:root:SimConnect Error in /var
INFO:root:1721420522.29583,ID:1005,STAGE:2,SEQUENCE:1342,DATA:{'time': 1721420522.291, 'user-id': '1005', 'source': 'HAI Interface', 'destination-index': '3', 'study-stage': '2', 'decision-state': 0, 'vitals-state': 0, 'airspace-state': 0, 'data': {'action': 'transmit button pressed'}}
INFO:root:1721420522.297825,ID:1005,STAGE:2,SEQUENCE:1342,DATA:{'time': 1721420522.292, 'user-id': '1005', 'source': 'HAI Interface', 'destination-index': '3', 'study-stage': '2', 'decision-state': 0, 'vitals-state': 0, 'airspace-state': 0, 'data': {'action': 'callsign set to: + NASXGS'}}
INFO:root:1721420522.29982,ID:1005,STAGE:2,SEQUENCE:1342,DATA:{'time': 1721420522.292, 'user-id': '1005', 'source': 'HAI Interface', 'destination-index': '3', 'study-stage': '2', 'decision-state': 0, 'vitals-state': 0, 'airspace-state': 0, 'data': {'action': 'radio set to:Comm1'}}
INFO:root:1721420522.301814,ID:1005,STAGE:2,SEQUENCE:1342,DATA:{'time': 1721420522.293, 'user-id': '1005', 'source': 'HAI Interface', 'destination-index': '3', 'study-stage': '2', 'decision-state': 0, 'vitals-state': 0, 'airspace-state': 0, 'data': {'page': 'map', 'action': 'show map'}}
INFO:root:1721420522.304808,ID:1005,STAGE:2,SEQUENCE:1342,DATA:{'time': 1721420522.293, 'user-id': '1005', 'source': 'HAI Interface', 'destination-index': '3', 'study-stage': '2', 'decision-state': 0, 'vitals-state': 0, 'airspace-state': 0, 'data': {'page': 'map', 'action': 'selected helipad', 'value': '21'}}
INFO:root:1721420522.306801,ID:1005,STAGE:2,SEQUENCE:1342,DATA:{'time': 1721420522.298, 'user-id': '1005', 'source': 'HAI Interface', 'destination-index': '3', 'study-stage': '2', 'decision-state': 0, 'vitals-state': 0, 'airspace-state': 0, 'data': {'action': 'NASXGStransmitting updates onComm1123.45 MHz'}}
INFO:root:SimConnect Error in /var
INFO:root:Inflight Radio Update asked
INFO:root:sent request to set radio update complete
INFO:root:SimConnect Error in /var
INFO:root:SimConnect Error in /var
INFO:root:SimConnect Error in /var
INFO:root:SimConnect Error in /var
INFO:root:SimConnect Error in /var
INFO:root:SimConnect Error in /var
INFO:root:SimConnect Error in /var
INFO:root:SimConnect Error in /var
INFO:root:SimConnect Error in /var
INFO:root:SimConnect Error in /var
INFO:root:SimConnect Error in /var
INFO:root:SimConnect Error in /var
INFO:root:SimConnect Error in /var
INFO:root:SimConnect Error in /var
INFO:root:SimConnect Error in /var
INFO:root:SimConnect Error in /var
INFO:root:SimConnect Error in /var
INFO:root:SimConnect Error in /var
INFO:root:SimConnect Error in /var
INFO:root:SimConnect Error in /var
INFO:root:SimConnect Error in /var
INFO:root:SimConnect Error in /var
INFO:root:SimConnect Error in /var
INFO:root:SimConnect Error in /var
INFO:root:SimConnect Error in /var
INFO:root:SimConnect Error in /var
INFO:root:SimConnect Error in /var
INFO:root:SimConnect Error in /var
INFO:root:SimConnect Error in /var
INFO:root:SimConnect Error in /var
INFO:root:SimConnect Error in /var
INFO:root:SimConnect Error in /var
INFO:root:SimConnect Error in /var
INFO:root:SimConnect Error in /var
INFO:root:SimConnect Error in /var
INFO:root:SimConnect Error in /var
INFO:root:SimConnect Error in /var
INFO:root:SimConnect Error in /var
INFO:root:SimConnect Error in /var
INFO:root:SimConnect Error in /var
INFO:root:SimConnect Error in /var
INFO:root:SimConnect Error in /var
INFO:root:SimConnect Error in /var
INFO:root:SimConnect Error in /var
INFO:root:SimConnect Error in /var
INFO:root:SimConnect Error in /var
INFO:root:SimConnect Error in /var
INFO:root:SimConnect Error in /var
INFO:root:SimConnect Error in /var
INFO:root:SimConnect Error in /var
INFO:root:SimConnect Error in /var
INFO:root:SimConnect Error in /var
INFO:root:SimConnect Error in /var
INFO:root:SimConnect Error in /var
INFO:root:SimConnect Error in /var
INFO:root:SimConnect Error in /var
INFO:root:SimConnect Error in /var
INFO:root:SimConnect Error in /var
INFO:root:SimConnect Error in /var
INFO:root:SimConnect Error in /var
INFO:root:SimConnect Error in /var
INFO:root:SimConnect Error in /var
INFO:root:1721420535.032952,ID:1005,STAGE:2,SEQUENCE:1342,DATA:{'time': 1721420535.029, 'user-id': '1005', 'source': 'HAI Interface', 'destination-index': '3', 'study-stage': '2', 'decision-state': 0, 'vitals-state': 0, 'airspace-state': 0, 'data': {'page': 'map', 'action': 'hide map'}}
INFO:root:SimConnect Error in /var
INFO:root:SimConnect Error in /var
INFO:root:SimConnect Error in /var
INFO:root:SimConnect Error in /var
INFO:root:SimConnect Error in /var
INFO:root:SimConnect Error in /var
INFO:root:1721420536.162788,ID:1005,STAGE:2,SEQUENCE:1342,DATA:{'time': 1721420536.159, 'user-id': '1005', 'source': 'HAI Interface', 'destination-index': '3', 'study-stage': '2', 'decision-state': 0, 'vitals-state': 0, 'airspace-state': 0, 'data': {'action': 'radio panel closed'}}
INFO:root:SimConnect Error in /var
INFO:root:SimConnect Error in /var
INFO:root:SimConnect Error in /var
INFO:root:SimConnect Error in /var
INFO:root:SimConnect Error in /var
INFO:root:SimConnect Error in /var
INFO:root:SimConnect Error in /var
INFO:root:SimConnect Error in /var
INFO:root:SimConnect Error in /var
INFO:root:SimConnect Error in /var
INFO:root:SimConnect Error in /var
INFO:root:SimConnect Error in /var
INFO:root:SimConnect Error in /var
INFO:root:SimConnect Error in /var
INFO:root:SimConnect Error in /var
INFO:root:SimConnect Error in /var
INFO:root:SimConnect Error in /var
INFO:root:SimConnect Error in /var
INFO:root:SimConnect Error in /var
INFO:root:SimConnect Error in /var
INFO:root:SimConnect Error in /var
INFO:root:SimConnect Error in /var
INFO:root:SimConnect Error in /var
INFO:root:SimConnect Error in /var
INFO:root:SimConnect Error in /var
INFO:root:SimConnect Error in /var
INFO:root:SimConnect Error in /var
INFO:root:SimConnect Error in /var
INFO:root:SimConnect Error in /var
INFO:root:SimConnect Error in /var
INFO:root:SimConnect Error in /var
INFO:root:SimConnect Error in /var
INFO:root:SimConnect Error in /var
INFO:root:SimConnect Error in /var
INFO:root:SimConnect Error in /var
INFO:root:SimConnect Error in /var
INFO:root:SimConnect Error in /var
INFO:root:SimConnect Error in /var
INFO:root:SimConnect Error in /var
INFO:root:SimConnect Error in /var
INFO:root:SimConnect Error in /var
INFO:root:SimConnect Error in /var
INFO:root:SimConnect Error in /var
INFO:root:SimConnect Error in /var
INFO:root:SimConnect Error in /var
INFO:root:SimConnect Error in /var
INFO:root:SimConnect Error in /var
INFO:root:SimConnect Error in /var
INFO:root:SimConnect Error in /var
INFO:root:SimConnect Error in /var
INFO:root:SimConnect Error in /var
INFO:root:SimConnect Error in /var
INFO:root:SimConnect Error in /var
INFO:root:SimConnect Error in /var
INFO:root:SimConnect Error in /var
INFO:root:SimConnect Error in /var
INFO:root:SimConnect Error in /var
INFO:root:SimConnect Error in /var
INFO:root:SimConnect Error in /var
INFO:root:SimConnect Error in /var
INFO:root:SimConnect Error in /var
INFO:root:SimConnect Error in /var
INFO:root:SimConnect Error in /var
INFO:root:SimConnect Error in /var
INFO:root:SimConnect Error in /var
INFO:root:1721420549.546659,ID:1005,STAGE:2,SEQUENCE:1342,DATA:{'time': 1721420549.542, 'user-id': '1005', 'source': 'HAI Interface', 'destination-index': '3', 'study-stage': '2', 'decision-state': 0, 'vitals-state': 0, 'airspace-state': 0, 'data': {'page': 'inflight', 'action': 'displaying vitals prompt'}}
INFO:root:SimConnect Error in /var
INFO:root:SimConnect Error in /var
INFO:root:SimConnect Error in /var
INFO:root:SimConnect Error in /var
INFO:root:SimConnect Error in /var
INFO:root:SimConnect Error in /var
INFO:root:SimConnect Error in /var
INFO:root:SimConnect Error in /var
INFO:root:SimConnect Error in /var
INFO:root:SimConnect Error in /var
INFO:root:SimConnect Error in /var
INFO:root:SimConnect Error in /var
INFO:root:SimConnect Error in /var
INFO:root:SimConnect Error in /var
INFO:root:1721420552.703525,ID:1005,STAGE:2,SEQUENCE:1342,DATA:{'time': 1721420552.702, 'source': 'VitalsTask', 'timer': 131.826, 'data': {'sensor': 'Heart Rate', 'action': 'capture', 'data': 'action button pressed'}}
INFO:root:1721420552.704523,ID:1005,STAGE:2,SEQUENCE:1342,DATA:{'time': 1721420552.702, 'source': 'VitalsTask', 'timer': 131.826, 'data': {'sensor': 'Heart Rate', 'action': 'capture', 'data': 'starting sensor action'}}
INFO:root:SimConnect Error in /var
INFO:root:SimConnect Error in /var
INFO:root:SimConnect Error in /var
INFO:root:SimConnect Error in /var
INFO:root:SimConnect Error in /var
INFO:root:SimConnect Error in /var
INFO:root:1721420553.714014,ID:1005,STAGE:2,SEQUENCE:1342,DATA:{'time': 1721420553.714, 'source': 'VitalsTask', 'timer': 132.838, 'data': {'sensor': 'Heart Rate', 'action': 'capture', 'data': 'sensor action complete'}}
INFO:root:1721420553.716009,ID:1005,STAGE:2,SEQUENCE:1342,DATA:{'time': 1721420553.715, 'source': 'VitalsTask', 'timer': 132.839, 'data': {'sensor': 'Heart Rate', 'action': 'keypad open'}}
INFO:root:SimConnect Error in /var
INFO:root:SimConnect Error in /var
INFO:root:SimConnect Error in /var
INFO:root:SimConnect Error in /var
INFO:root:SimConnect Error in /var
INFO:root:SimConnect Error in /var
INFO:root:SimConnect Error in /var
INFO:root:SimConnect Error in /var
INFO:root:SimConnect Error in /var
INFO:root:SimConnect Error in /var
INFO:root:1721420555.800711,ID:1005,STAGE:2,SEQUENCE:1342,DATA:{'time': 1721420555.802, 'source': 'VitalsTask', 'timer': 134.926, 'data': {'sensor': 'Heart Rate', 'action': 'keypad press', 'key': 5, 'value': 5}}
INFO:root:SimConnect Error in /var
INFO:root:SimConnect Error in /var
INFO:root:SimConnect Error in /var
INFO:root:SimConnect Error in /var
INFO:root:1721420556.602815,ID:1005,STAGE:2,SEQUENCE:1342,DATA:{'time': 1721420556.603, 'source': 'VitalsTask', 'timer': 135.727, 'data': {'sensor': 'Heart Rate', 'action': 'keypad press', 'key': 5, 'value': 55}}
INFO:root:SimConnect Error in /var
INFO:root:SimConnect Error in /var
INFO:root:SimConnect Error in /var
INFO:root:SimConnect Error in /var
INFO:root:SimConnect Error in /var
INFO:root:1721420557.655664,ID:1005,STAGE:2,SEQUENCE:1342,DATA:{'time': 1721420557.657, 'source': 'VitalsTask', 'timer': 136.781, 'data': {'sensor': 'Heart Rate', 'action': 'show action buttons'}}
INFO:root:1721420557.657661,ID:1005,STAGE:2,SEQUENCE:1342,DATA:{'time': 1721420557.658, 'source': 'VitalsTask', 'timer': 136.782, 'data': {'sensor': 'Heart Rate', 'action': 'keypad press', 'key': 10, 'value': 55}}
INFO:root:SimConnect Error in /var
INFO:root:SimConnect Error in /var
INFO:root:SimConnect Error in /var
INFO:root:SimConnect Error in /var
INFO:root:1721420558.744557,ID:1005,STAGE:2,SEQUENCE:1342,DATA:{'time': 1721420558.745, 'source': 'VitalsTask', 'timer': 137.869, 'data': {'sensor': 'Heart Rate', 'action': 'log', 'data': 'action button pressed'}}
INFO:root:1721420558.746553,ID:1005,STAGE:2,SEQUENCE:1342,DATA:{'time': 1721420558.745, 'source': 'VitalsTask', 'timer': 137.869, 'data': {'sensor': 'Heart Rate', 'action': 'log', 'data': 'starting sensor action'}}
INFO:root:SimConnect Error in /var
INFO:root:SimConnect Error in /var
INFO:root:SimConnect Error in /var
INFO:root:SimConnect Error in /var
INFO:root:SimConnect Error in /var
INFO:root:SimConnect Error in /var
INFO:root:1721420559.754595,ID:1005,STAGE:2,SEQUENCE:1342,DATA:{'time': 1721420559.756, 'source': 'VitalsTask', 'timer': 138.88, 'data': {'sensor': 'Heart Rate', 'action': 'log', 'data': 'sensor action complete'}}
INFO:root:SimConnect Error in /var
INFO:root:SimConnect Error in /var
INFO:root:SimConnect Error in /var
INFO:root:SimConnect Error in /var
INFO:root:SimConnect Error in /var
INFO:root:1721420560.368563,ID:1005,STAGE:2,SEQUENCE:1342,DATA:{'time': 1721420560.369, 'source': 'VitalsTask', 'timer': 139.493, 'data': {'sensor': 'Heart Rate', 'action': 'save', 'data': 'action button pressed'}}
INFO:root:1721420560.370558,ID:1005,STAGE:2,SEQUENCE:1342,DATA:{'time': 1721420560.369, 'source': 'VitalsTask', 'timer': 139.493, 'data': {'sensor': 'Heart Rate', 'action': 'save', 'data': 'starting sensor action'}}
INFO:root:SimConnect Error in /var
INFO:root:SimConnect Error in /var
INFO:root:SimConnect Error in /var
INFO:root:SimConnect Error in /var
INFO:root:SimConnect Error in /var
INFO:root:1721420561.383124,ID:1005,STAGE:2,SEQUENCE:1342,DATA:{'time': 1721420561.385, 'source': 'VitalsTask', 'timer': 140.509, 'data': {'sensor': 'Heart Rate', 'action': 'save', 'data': 'sensor action complete'}}
INFO:root:SimConnect Error in /var
INFO:root:SimConnect Error in /var
INFO:root:1721420562.028589,ID:1005,STAGE:2,SEQUENCE:1342,DATA:{'time': 1721420562.03, 'source': 'VitalsTask', 'timer': 141.154, 'data': {'sensor': 'O\u2082 Saturation', 'action': 'opened sensor tab'}}
INFO:root:SimConnect Error in /var
INFO:root:SimConnect Error in /var
INFO:root:SimConnect Error in /var
INFO:root:SimConnect Error in /var
INFO:root:SimConnect Error in /var
INFO:root:1721420563.17265,ID:1005,STAGE:2,SEQUENCE:1342,DATA:{'time': 1721420563.174, 'source': 'VitalsTask', 'timer': 142.298, 'data': {'sensor': 'O\u2082 Saturation', 'action': 'capture', 'data': 'action button pressed'}}
INFO:root:1721420563.174646,ID:1005,STAGE:2,SEQUENCE:1342,DATA:{'time': 1721420563.174, 'source': 'VitalsTask', 'timer': 142.298, 'data': {'sensor': 'O\u2082 Saturation', 'action': 'capture', 'data': 'starting sensor action'}}
INFO:root:SimConnect Error in /var
INFO:root:SimConnect Error in /var
INFO:root:SimConnect Error in /var
INFO:root:SimConnect Error in /var
INFO:root:SimConnect Error in /var
INFO:root:SimConnect Error in /var
INFO:root:1721420564.189448,ID:1005,STAGE:2,SEQUENCE:1342,DATA:{'time': 1721420564.19, 'source': 'VitalsTask', 'timer': 143.314, 'data': {'sensor': 'O\u2082 Saturation', 'action': 'capture', 'data': 'sensor action complete'}}
INFO:root:1721420564.194146,ID:1005,STAGE:2,SEQUENCE:1342,DATA:{'time': 1721420564.19, 'source': 'VitalsTask', 'timer': 143.314, 'data': {'sensor': 'O\u2082 Saturation', 'action': 'keypad open'}}
INFO:root:SimConnect Error in /var
INFO:root:SimConnect Error in /var
INFO:root:SimConnect Error in /var
INFO:root:SimConnect Error in /var
INFO:root:SimConnect Error in /var
INFO:root:1721420565.145272,ID:1005,STAGE:2,SEQUENCE:1342,DATA:{'time': 1721420565.145, 'source': 'VitalsTask', 'timer': 144.269, 'data': {'sensor': 'O\u2082 Saturation', 'action': 'keypad press', 'key': 1, 'value': 1}}
INFO:root:SimConnect Error in /var
INFO:root:SimConnect Error in /var
INFO:root:SimConnect Error in /var
INFO:root:SimConnect Error in /var
INFO:root:SimConnect Error in /var
INFO:root:SimConnect Error in /var
INFO:root:1721420566.376314,ID:1005,STAGE:2,SEQUENCE:1342,DATA:{'time': 1721420566.377, 'source': 'VitalsTask', 'timer': 145.501, 'data': {'sensor': 'O\u2082 Saturation', 'action': 'keypad press', 'key': 11, 'value': 10}}
INFO:root:SimConnect Error in /var
INFO:root:SimConnect Error in /var
INFO:root:SimConnect Error in /var
INFO:root:1721420566.778771,ID:1005,STAGE:2,SEQUENCE:1342,DATA:{'time': 1721420566.779, 'source': 'VitalsTask', 'timer': 145.903, 'data': {'sensor': 'O\u2082 Saturation', 'action': 'keypad press', 'key': 11, 'value': 100}}
INFO:root:SimConnect Error in /var
INFO:root:SimConnect Error in /var
INFO:root:SimConnect Error in /var
INFO:root:1721420567.642758,ID:1005,STAGE:2,SEQUENCE:1342,DATA:{'time': 1721420567.643, 'source': 'VitalsTask', 'timer': 146.767, 'data': {'sensor': 'O\u2082 Saturation', 'action': 'show action buttons'}}
INFO:root:SimConnect Error in /var
INFO:root:1721420567.646746,ID:1005,STAGE:2,SEQUENCE:1342,DATA:{'time': 1721420567.643, 'source': 'VitalsTask', 'timer': 146.767, 'data': {'sensor': 'O\u2082 Saturation', 'action': 'keypad press', 'key': 10, 'value': 100}}
INFO:root:SimConnect Error in /var
INFO:root:SimConnect Error in /var
INFO:root:SimConnect Error in /var
INFO:root:SimConnect Error in /var
INFO:root:1721420568.726742,ID:1005,STAGE:2,SEQUENCE:1342,DATA:{'time': 1721420568.723, 'source': 'VitalsTask', 'timer': 147.847, 'data': {'sensor': 'O\u2082 Saturation', 'action': 'log', 'data': 'starting sensor action'}}
INFO:root:1721420568.72774,ID:1005,STAGE:2,SEQUENCE:1342,DATA:{'time': 1721420568.723, 'source': 'VitalsTask', 'timer': 147.847, 'data': {'sensor': 'O\u2082 Saturation', 'action': 'log', 'data': 'action button pressed'}}
INFO:root:SimConnect Error in /var
INFO:root:SimConnect Error in /var
INFO:root:SimConnect Error in /var
INFO:root:SimConnect Error in /var
INFO:root:SimConnect Error in /var
INFO:root:SimConnect Error in /var
INFO:root:1721420569.735678,ID:1005,STAGE:2,SEQUENCE:1342,DATA:{'time': 1721420569.737, 'source': 'VitalsTask', 'timer': 148.861, 'data': {'sensor': 'O\u2082 Saturation', 'action': 'log', 'data': 'sensor action complete'}}
INFO:root:SimConnect Error in /var
INFO:root:SimConnect Error in /var
INFO:root:1721420570.19257,ID:1005,STAGE:2,SEQUENCE:1342,DATA:{'time': 1721420570.194, 'source': 'VitalsTask', 'timer': 149.318, 'data': {'sensor': 'O\u2082 Saturation', 'action': 'save', 'data': 'action button pressed'}}
INFO:root:1721420570.193568,ID:1005,STAGE:2,SEQUENCE:1342,DATA:{'time': 1721420570.194, 'source': 'VitalsTask', 'timer': 149.318, 'data': {'sensor': 'O\u2082 Saturation', 'action': 'save', 'data': 'starting sensor action'}}
INFO:root:SimConnect Error in /var
INFO:root:SimConnect Error in /var
INFO:root:SimConnect Error in /var
INFO:root:SimConnect Error in /var
INFO:root:SimConnect Error in /var
INFO:root:1721420571.209483,ID:1005,STAGE:2,SEQUENCE:1342,DATA:{'time': 1721420571.212, 'source': 'VitalsTask', 'timer': 150.336, 'data': {'sensor': 'O\u2082 Saturation', 'action': 'save', 'data': 'sensor action complete'}}
INFO:root:SimConnect Error in /var
INFO:root:SimConnect Error in /var
INFO:root:1721420571.908784,ID:1005,STAGE:2,SEQUENCE:1342,DATA:{'time': 1721420571.907, 'source': 'VitalsTask', 'timer': 151.031, 'data': {'sensor': 'Blood Pressure', 'action': 'opened sensor tab'}}
INFO:root:SimConnect Error in /var
INFO:root:SimConnect Error in /var
INFO:root:SimConnect Error in /var
INFO:root:SimConnect Error in /var
INFO:root:SimConnect Error in /var
INFO:root:1721420572.912481,ID:1005,STAGE:2,SEQUENCE:1342,DATA:{'time': 1721420572.913, 'source': 'VitalsTask', 'timer': 152.037, 'data': {'sensor': 'Blood Pressure', 'action': 'capture', 'data': 'action button pressed'}}
INFO:root:1721420572.914473,ID:1005,STAGE:2,SEQUENCE:1342,DATA:{'time': 1721420572.914, 'source': 'VitalsTask', 'timer': 152.038, 'data': {'sensor': 'Blood Pressure', 'action': 'capture', 'data': 'starting sensor action'}}
INFO:root:SimConnect Error in /var
INFO:root:SimConnect Error in /var
INFO:root:SimConnect Error in /var
INFO:root:SimConnect Error in /var
INFO:root:SimConnect Error in /var
INFO:root:SimConnect Error in /var
INFO:root:1721420573.930573,ID:1005,STAGE:2,SEQUENCE:1342,DATA:{'time': 1721420573.93, 'source': 'VitalsTask', 'timer': 153.054, 'data': {'sensor': 'Blood Pressure', 'action': 'capture', 'data': 'sensor action complete'}}
INFO:root:1721420573.932568,ID:1005,STAGE:2,SEQUENCE:1342,DATA:{'time': 1721420573.93, 'source': 'VitalsTask', 'timer': 153.054, 'data': {'sensor': 'Blood Pressure', 'action': 'keypad open'}}
INFO:root:SimConnect Error in /var
INFO:root:SimConnect Error in /var
INFO:root:SimConnect Error in /var
INFO:root:SimConnect Error in /var
INFO:root:SimConnect Error in /var
INFO:root:1721420574.777509,ID:1005,STAGE:2,SEQUENCE:1342,DATA:{'time': 1721420574.778, 'source': 'VitalsTask', 'timer': 153.902, 'data': {'sensor': 'Blood Pressure', 'action': 'keypad press', 'key': 1, 'value': 1}}
INFO:root:SimConnect Error in /var
INFO:root:SimConnect Error in /var
INFO:root:SimConnect Error in /var
INFO:root:1721420575.605451,ID:1005,STAGE:2,SEQUENCE:1342,DATA:{'time': 1721420575.607, 'source': 'VitalsTask', 'timer': 154.731, 'data': {'sensor': 'Blood Pressure', 'action': 'keypad press', 'key': 2, 'value': 12}}
INFO:root:SimConnect Error in /var
INFO:root:SimConnect Error in /var
INFO:root:SimConnect Error in /var
INFO:root:SimConnect Error in /var
INFO:root:SimConnect Error in /var
INFO:root:1721420576.606736,ID:1005,STAGE:2,SEQUENCE:1342,DATA:{'time': 1721420576.608, 'source': 'VitalsTask', 'timer': 155.732, 'data': {'sensor': 'Blood Pressure', 'action': 'keypad press', 'key': 11, 'value': 120}}
INFO:root:SimConnect Error in /var
INFO:root:SimConnect Error in /var
INFO:root:SimConnect Error in /var
INFO:root:SimConnect Error in /var
INFO:root:SimConnect Error in /var
INFO:root:1721420577.677919,ID:1005,STAGE:2,SEQUENCE:1342,DATA:{'time': 1721420577.677, 'source': 'VitalsTask', 'timer': 156.801, 'data': {'sensor': 'Blood Pressure', 'action': 'keypad press', 'key': 8, 'value': 1208}}
INFO:root:SimConnect Error in /var
INFO:root:SimConnect Error in /var
INFO:root:SimConnect Error in /var
INFO:root:1721420578.530471,ID:1005,STAGE:2,SEQUENCE:1342,DATA:{'time': 1721420578.532, 'source': 'VitalsTask', 'timer': 157.656, 'data': {'sensor': 'Blood Pressure', 'action': 'keypad press', 'key': 11, 'value': 12080}}
INFO:root:SimConnect Error in /var
INFO:root:SimConnect Error in /var
INFO:root:SimConnect Error in /var
INFO:root:SimConnect Error in /var
INFO:root:SimConnect Error in /var
INFO:root:SimConnect Error in /var
INFO:root:1721420579.522442,ID:1005,STAGE:2,SEQUENCE:1342,DATA:{'time': 1721420579.523, 'source': 'VitalsTask', 'timer': 158.647, 'data': {'sensor': 'Blood Pressure', 'action': 'show action buttons'}}
INFO:root:1721420579.524435,ID:1005,STAGE:2,SEQUENCE:1342,DATA:{'time': 1721420579.523, 'source': 'VitalsTask', 'timer': 158.647, 'data': {'sensor': 'Blood Pressure', 'action': 'keypad press', 'key': 10, 'value': 12080}}
INFO:root:SimConnect Error in /var
INFO:root:SimConnect Error in /var
INFO:root:SimConnect Error in /var
INFO:root:SimConnect Error in /var
INFO:root:SimConnect Error in /var
INFO:root:SimConnect Error in /var
INFO:root:SimConnect Error in /var
INFO:root:1721420580.681586,ID:1005,STAGE:2,SEQUENCE:1342,DATA:{'time': 1721420580.684, 'source': 'VitalsTask', 'timer': 159.808, 'data': {'sensor': 'Blood Pressure', 'action': 'log', 'data': 'action button pressed'}}
INFO:root:1721420580.683581,ID:1005,STAGE:2,SEQUENCE:1342,DATA:{'time': 1721420580.684, 'source': 'VitalsTask', 'timer': 159.808, 'data': {'sensor': 'Blood Pressure', 'action': 'log', 'data': 'starting sensor action'}}
INFO:root:SimConnect Error in /var
INFO:root:SimConnect Error in /var
INFO:root:SimConnect Error in /var
INFO:root:SimConnect Error in /var
INFO:root:SimConnect Error in /var
INFO:root:1721420581.694753,ID:1005,STAGE:2,SEQUENCE:1342,DATA:{'time': 1721420581.695, 'source': 'VitalsTask', 'timer': 160.819, 'data': {'sensor': 'Blood Pressure', 'action': 'log', 'data': 'sensor action complete'}}
INFO:root:SimConnect Error in /var
INFO:root:1721420582.099538,ID:1005,STAGE:2,SEQUENCE:1342,DATA:{'time': 1721420582.102, 'source': 'VitalsTask', 'timer': 161.226, 'data': {'sensor': 'Blood Pressure', 'action': 'save', 'data': 'action button pressed'}}
INFO:root:1721420582.101531,ID:1005,STAGE:2,SEQUENCE:1342,DATA:{'time': 1721420582.102, 'source': 'VitalsTask', 'timer': 161.226, 'data': {'sensor': 'Blood Pressure', 'action': 'save', 'data': 'starting sensor action'}}
INFO:root:SimConnect Error in /var
INFO:root:SimConnect Error in /var
INFO:root:SimConnect Error in /var
INFO:root:SimConnect Error in /var
INFO:root:1721420583.116647,ID:1005,STAGE:2,SEQUENCE:1342,DATA:{'time': 1721420583.118, 'source': 'VitalsTask', 'timer': 162.242, 'data': {'sensor': 'Blood Pressure', 'action': 'save', 'data': 'sensor action complete'}}
INFO:root:SimConnect Error in /var
INFO:root:SimConnect Error in /var
INFO:root:SimConnect Error in /var
INFO:root:1721420583.749461,ID:1005,STAGE:2,SEQUENCE:1342,DATA:{'time': 1721420583.751, 'source': 'VitalsTask', 'timer': 162.875, 'data': {'sensor': 'submit', 'action': 'submit'}}
INFO:root:1721420583.750457,ID:1005,STAGE:2,SEQUENCE:1342,DATA:{'time': 1721420583.751, 'source': 'VitalsTask', 'timer': 162.875, 'data': {'sensor': 'submit', 'action': 'submit', 'data': 'submit succeeded'}}
INFO:root:SimConnect Error in /var
INFO:root:SimConnect Error in /var
INFO:root:SimConnect Error in /var
INFO:root:SimConnect Error in /var
INFO:root:SimConnect Error in /var
INFO:root:SimConnect Error in /var
INFO:root:1721420584.697423,ID:1005,STAGE:2,SEQUENCE:1342,DATA:{'time': 1721420584.695, 'user-id': '1005', 'source': 'HAI Interface', 'destination-index': '3', 'study-stage': '2', 'decision-state': 0, 'vitals-state': 0, 'airspace-state': 0, 'data': {'page': 'inflight', 'action': 'user acknowledged vitals prompt'}}
INFO:root:SimConnect Error in /var
INFO:root:SimConnect Error in /var
INFO:root:SimConnect Error in /var
INFO:root:SimConnect Error in /var
INFO:root:SimConnect Error in /var
INFO:root:SimConnect Error in /var
INFO:root:SimConnect Error in /var
INFO:root:SimConnect Error in /var
INFO:root:SimConnect Error in /var
INFO:root:SimConnect Error in /var
INFO:root:SimConnect Error in /var
INFO:root:1721420586.847422,ID:1005,STAGE:2,SEQUENCE:1342,DATA:{'time': 1721420586.844, 'user-id': '1005', 'source': 'HAI Interface', 'destination-index': '3', 'study-stage': '2', 'decision-state': 0, 'vitals-state': 0, 'airspace-state': 0, 'data': {'page': 'map', 'action': 'show map'}}
INFO:root:1721420586.848419,ID:1005,STAGE:2,SEQUENCE:1342,DATA:{'time': 1721420586.844, 'user-id': '1005', 'source': 'HAI Interface', 'destination-index': '3', 'study-stage': '2', 'decision-state': 0, 'vitals-state': 0, 'airspace-state': 0, 'data': {'page': 'map', 'action': 'selected helipad', 'value': '21'}}
INFO:root:SimConnect Error in /var
INFO:root:SimConnect Error in /var
INFO:root:SimConnect Error in /var
INFO:root:SimConnect Error in /var
INFO:root:SimConnect Error in /var
INFO:root:SimConnect Error in /var
INFO:root:SimConnect Error in /var
INFO:root:SimConnect Error in /var
INFO:root:SimConnect Error in /var
INFO:root:SimConnect Error in /var
INFO:root:SimConnect Error in /var
INFO:root:SimConnect Error in /var
INFO:root:SimConnect Error in /var
INFO:root:SimConnect Error in /var
INFO:root:SimConnect Error in /var
INFO:root:SimConnect Error in /var
INFO:root:SimConnect Error in /var
INFO:root:SimConnect Error in /var
INFO:root:SimConnect Error in /var
INFO:root:SimConnect Error in /var
INFO:root:SimConnect Error in /var
INFO:root:SimConnect Error in /var
INFO:root:SimConnect Error in /var
INFO:root:SimConnect Error in /var
INFO:root:SimConnect Error in /var
INFO:root:SimConnect Error in /var
INFO:root:SimConnect Error in /var
INFO:root:SimConnect Error in /var
INFO:root:SimConnect Error in /var
INFO:root:SimConnect Error in /var
INFO:root:SimConnect Error in /var
INFO:root:SimConnect Error in /var
INFO:root:SimConnect Error in /var
INFO:root:SimConnect Error in /var
INFO:root:SimConnect Error in /var
INFO:root:SimConnect Error in /var
INFO:root:SimConnect Error in /var
INFO:root:SimConnect Error in /var
INFO:root:SimConnect Error in /var
INFO:root:SimConnect Error in /var
INFO:root:SimConnect Error in /var
INFO:root:SimConnect Error in /var
INFO:root:SimConnect Error in /var
INFO:root:SimConnect Error in /var
INFO:root:SimConnect Error in /var
INFO:root:SimConnect Error in /var
INFO:root:SimConnect Error in /var
INFO:root:SimConnect Error in /var
INFO:root:SimConnect Error in /var
INFO:root:SimConnect Error in /var
INFO:root:SimConnect Error in /var
INFO:root:SimConnect Error in /var
INFO:root:SimConnect Error in /var
INFO:root:SimConnect Error in /var
INFO:root:SimConnect Error in /var
INFO:root:SimConnect Error in /var
INFO:root:SimConnect Error in /var
INFO:root:SimConnect Error in /var
INFO:root:SimConnect Error in /var
INFO:root:SimConnect Error in /var
INFO:root:SimConnect Error in /var
INFO:root:SimConnect Error in /var
INFO:root:SimConnect Error in /var
INFO:root:SimConnect Error in /var
INFO:root:SimConnect Error in /var
INFO:root:SimConnect Error in /var
INFO:root:SimConnect Error in /var
INFO:root:SimConnect Error in /var
INFO:root:SimConnect Error in /var
INFO:root:SimConnect Error in /var
INFO:root:SimConnect Error in /var
INFO:root:SimConnect Error in /var
INFO:root:SimConnect Error in /var
INFO:root:SimConnect Error in /var
INFO:root:SimConnect Error in /var
INFO:root:SimConnect Error in /var
INFO:root:SimConnect Error in /var
INFO:root:SimConnect Error in /var
INFO:root:SimConnect Error in /var
INFO:root:SimConnect Error in /var
INFO:root:SimConnect Error in /var
INFO:root:SimConnect Error in /var
INFO:root:SimConnect Error in /var
INFO:root:SimConnect Error in /var
INFO:root:SimConnect Error in /var
INFO:root:1721420604.249568,ID:1005,STAGE:2,SEQUENCE:1342,DATA:{'time': 1721420604.251, 'source': 'VitalsTask', 'timer': 20.499, 'data': {'sensor': 'Heart Rate', 'action': 'opened sensor tab'}}
INFO:root:SimConnect Error in /var
INFO:root:SimConnect Error in /var
INFO:root:SimConnect Error in /var
INFO:root:SimConnect Error in /var
INFO:root:SimConnect Error in /var
INFO:root:SimConnect Error in /var
INFO:root:SimConnect Error in /var
INFO:root:SimConnect Error in /var
INFO:root:SimConnect Error in /var
INFO:root:SimConnect Error in /var
INFO:root:SimConnect Error in /var
INFO:root:SimConnect Error in /var
INFO:root:SimConnect Error in /var
INFO:root:SimConnect Error in /var
INFO:root:SimConnect Error in /var
INFO:root:SimConnect Error in /var
INFO:root:SimConnect Error in /var
INFO:root:SimConnect Error in /var
INFO:root:SimConnect Error in /var
INFO:root:SimConnect Error in /var
INFO:root:SimConnect Error in /var
INFO:root:SimConnect Error in /var
INFO:root:SimConnect Error in /var
INFO:root:SimConnect Error in /var
INFO:root:SimConnect Error in /var
INFO:root:SimConnect Error in /var
INFO:root:SimConnect Error in /var
INFO:root:SimConnect Error in /var
INFO:root:SimConnect Error in /var
INFO:root:SimConnect Error in /var
INFO:root:SimConnect Error in /var
INFO:root:SimConnect Error in /var
INFO:root:SimConnect Error in /var
INFO:root:SimConnect Error in /var
INFO:root:SimConnect Error in /var
INFO:root:SimConnect Error in /var
INFO:root:SimConnect Error in /var
INFO:root:SimConnect Error in /var
INFO:root:SimConnect Error in /var
INFO:root:SimConnect Error in /var
INFO:root:SimConnect Error in /var
INFO:root:SimConnect Error in /var
INFO:root:SimConnect Error in /var
INFO:root:SimConnect Error in /var
INFO:root:SimConnect Error in /var
INFO:root:SimConnect Error in /var
INFO:root:SimConnect Error in /var
INFO:root:SimConnect Error in /var
INFO:root:SimConnect Error in /var
INFO:root:SimConnect Error in /var
INFO:root:SimConnect Error in /var
INFO:root:SimConnect Error in /var
INFO:root:SimConnect Error in /var
INFO:root:1721420615.769354,ID:1005,STAGE:2,SEQUENCE:1342,DATA:{'time': 1721420615.766, 'user-id': '1005', 'source': 'HAI Interface', 'destination-index': '3', 'study-stage': '2', 'decision-state': 0, 'vitals-state': 0, 'airspace-state': 0, 'data': {'action': 'radio panel opened'}}
INFO:root:SimConnect Error in /var
INFO:root:SimConnect Error in /var
INFO:root:SimConnect Error in /var
INFO:root:SimConnect Error in /var
INFO:root:SimConnect Error in /var
INFO:root:SimConnect Error in /var
INFO:root:SimConnect Error in /var
INFO:root:SimConnect Error in /var
INFO:root:SimConnect Error in /var
INFO:root:SimConnect Error in /var
INFO:root:SimConnect Error in /var
INFO:root:SimConnect Error in /var
INFO:root:SimConnect Error in /var
INFO:root:SimConnect Error in /var
INFO:root:SimConnect Error in /var
INFO:root:SimConnect Error in /var
INFO:root:SimConnect Error in /var
INFO:root:SimConnect Error in /var
INFO:root:SimConnect Error in /var
INFO:root:SimConnect Error in /var
INFO:root:SimConnect Error in /var
INFO:root:SimConnect Error in /var
INFO:root:Inflight Radio Update asked
INFO:root:sent request to set radio update complete
INFO:root:1721420620.991931,ID:1005,STAGE:2,SEQUENCE:1342,DATA:{'time': 1721420620.987, 'user-id': '1005', 'source': 'HAI Interface', 'destination-index': '3', 'study-stage': '2', 'decision-state': 0, 'vitals-state': 0, 'airspace-state': 0, 'data': {'action': 'transmit button pressed'}}
INFO:root:1721420620.994923,ID:1005,STAGE:2,SEQUENCE:1342,DATA:{'time': 1721420620.988, 'user-id': '1005', 'source': 'HAI Interface', 'destination-index': '3', 'study-stage': '2', 'decision-state': 0, 'vitals-state': 0, 'airspace-state': 0, 'data': {'action': 'callsign set to: + NASXGS'}}
INFO:root:1721420620.99592,ID:1005,STAGE:2,SEQUENCE:1342,DATA:{'time': 1721420620.988, 'user-id': '1005', 'source': 'HAI Interface', 'destination-index': '3', 'study-stage': '2', 'decision-state': 0, 'vitals-state': 0, 'airspace-state': 0, 'data': {'action': 'radio set to:Comm1'}}
INFO:root:1721420620.999911,ID:1005,STAGE:2,SEQUENCE:1342,DATA:{'time': 1721420620.988, 'user-id': '1005', 'source': 'HAI Interface', 'destination-index': '3', 'study-stage': '2', 'decision-state': 0, 'vitals-state': 0, 'airspace-state': 0, 'data': {'page': 'map', 'action': 'show map'}}
INFO:root:1721420621.001486,ID:1005,STAGE:2,SEQUENCE:1342,DATA:{'time': 1721420620.988, 'user-id': '1005', 'source': 'HAI Interface', 'destination-index': '3', 'study-stage': '2', 'decision-state': 0, 'vitals-state': 0, 'airspace-state': 0, 'data': {'page': 'map', 'action': 'selected helipad', 'value': '21'}}
INFO:root:1721420621.004478,ID:1005,STAGE:2,SEQUENCE:1342,DATA:{'time': 1721420620.993, 'user-id': '1005', 'source': 'HAI Interface', 'destination-index': '3', 'study-stage': '2', 'decision-state': 0, 'vitals-state': 0, 'airspace-state': 0, 'data': {'action': 'NASXGStransmitting updates onComm1123.45 MHz'}}
INFO:root:SimConnect Error in /var
INFO:root:SimConnect Error in /var
INFO:root:SimConnect Error in /var
INFO:root:SimConnect Error in /var
INFO:root:SimConnect Error in /var
INFO:root:SimConnect Error in /var
INFO:root:SimConnect Error in /var
INFO:root:SimConnect Error in /var
INFO:root:SimConnect Error in /var
INFO:root:SimConnect Error in /var
INFO:root:SimConnect Error in /var
INFO:root:SimConnect Error in /var
INFO:root:SimConnect Error in /var
INFO:root:SimConnect Error in /var
INFO:root:SimConnect Error in /var
INFO:root:SimConnect Error in /var
INFO:root:SimConnect Error in /var
INFO:root:voice activity detected
INFO:root:recording started
INFO:root:SimConnect Error in /var
INFO:root:SimConnect Error in /var
INFO:root:SimConnect Error in /var
INFO:root:SimConnect Error in /var
INFO:root:SimConnect Error in /var
INFO:root:SimConnect Error in /var
INFO:root:SimConnect Error in /var
INFO:root:SimConnect Error in /var
INFO:root:SimConnect Error in /var
INFO:root:SimConnect Error in /var
INFO:root:SimConnect Error in /var
INFO:root:SimConnect Error in /var
INFO:root:SimConnect Error in /var
INFO:root:SimConnect Error in /var
INFO:root:SimConnect Error in /var
INFO:root:SimConnect Error in /var
INFO:root:SimConnect Error in /var
INFO:root:SimConnect Error in /var
INFO:root:SimConnect Error in /var
INFO:root:SimConnect Error in /var
INFO:root:SimConnect Error in /var
INFO:root:SimConnect Error in /var
INFO:root:SimConnect Error in /var
INFO:root:SimConnect Error in /var
INFO:root:SimConnect Error in /var
INFO:root:SimConnect Error in /var
INFO:root:SimConnect Error in /var
INFO:root:SimConnect Error in /var
INFO:root:SimConnect Error in /var
INFO:root:SimConnect Error in /var
INFO:root:SimConnect Error in /var
INFO:root:SimConnect Error in /var
INFO:root:SimConnect Error in /var
INFO:root:SimConnect Error in /var
INFO:root:SimConnect Error in /var
INFO:root:SimConnect Error in /var
INFO:root:voice deactivity detected
INFO:root:recording stopped
INFO:root:SimConnect Error in /var
INFO:root:SimConnect Error in /var
INFO:root:SimConnect Error in /var
INFO:root:1721420632.759359,ID:1005,STAGE:2,SEQUENCE:1342,DATA:{'time': 1721420632.754, 'user-id': '1005', 'source': 'HAI Interface', 'destination-index': '3', 'study-stage': '2', 'decision-state': 0, 'vitals-state': 0, 'airspace-state': 0, 'data': {'page': 'map', 'action': 'hide map'}}
INFO:root:SimConnect Error in /var
INFO:root:SimConnect Error in /var
INFO:root:SimConnect Error in /var
INFO:root:SimConnect Error in /var
INFO:root:SimConnect Error in /var
INFO:root:1721420633.548901,ID:1005,STAGE:2,SEQUENCE:1342,DATA:{'time': 1721420633.545, 'user-id': '1005', 'source': 'HAI Interface', 'destination-index': '3', 'study-stage': '2', 'decision-state': 0, 'vitals-state': 0, 'airspace-state': 0, 'data': {'action': 'radio panel closed'}}
INFO:root:SimConnect Error in /var
INFO:root:SimConnect Error in /var
INFO:root:SimConnect Error in /var
INFO:root:SimConnect Error in /var
INFO:root:SimConnect Error in /var
INFO:root:SimConnect Error in /var
INFO:root:SimConnect Error in /var
INFO:root:SimConnect Error in /var
INFO:root:SimConnect Error in /var
INFO:root:SimConnect Error in /var
INFO:root:SimConnect Error in /var
INFO:root:SimConnect Error in /var
INFO:root:SimConnect Error in /var
INFO:root:1721420636.054318,ID:1005,STAGE:2,SEQUENCE:1342,DATA:{'time': 1721420636.049, 'user-id': '1005', 'source': 'HAI Interface', 'destination-index': '3', 'study-stage': '2', 'decision-state': 0, 'vitals-state': 0, 'airspace-state': 0, 'data': {'page': 'map', 'action': 'show map'}}
INFO:root:1721420636.056315,ID:1005,STAGE:2,SEQUENCE:1342,DATA:{'time': 1721420636.05, 'user-id': '1005', 'source': 'HAI Interface', 'destination-index': '3', 'study-stage': '2', 'decision-state': 0, 'vitals-state': 0, 'airspace-state': 0, 'data': {'page': 'map', 'action': 'selected helipad', 'value': '21'}}
INFO:root:SimConnect Error in /var
INFO:root:SimConnect Error in /var
INFO:root:SimConnect Error in /var
INFO:root:SimConnect Error in /var
INFO:root:SimConnect Error in /var
INFO:root:SimConnect Error in /var
INFO:root:SimConnect Error in /var
INFO:root:SimConnect Error in /var
INFO:root:SimConnect Error in /var
INFO:root:SimConnect Error in /var
INFO:root:SimConnect Error in /var
INFO:root:SimConnect Error in /var
