INFO:root:SimConnect Error in /var
INFO:root:SimConnect Error in /var
INFO:root:SimConnect Error in /var
INFO:root:SimConnect Error in /var
INFO:root:SimConnect Error in /var
INFO:root:SimConnect Error in /var
INFO:root:SimConnect Error in /var
INFO:root:SimConnect Error in /var
INFO:root:SimConnect Error in /var
INFO:root:SimConnect Error in /var
INFO:root:SimConnect Error in /var
INFO:root:SimConnect Error in /var
INFO:root:SimConnect Error in /var
INFO:root:SimConnect Error in /var
INFO:root:SimConnect Error in /var
INFO:root:SimConnect Error in /var
INFO:root:SimConnect Error in /var
INFO:root:SimConnect Error in /var
INFO:root:SimConnect Error in /var
INFO:root:SimConnect Error in /var
INFO:root:SimConnect Error in /var
INFO:root:SimConnect Error in /var
INFO:root:SimConnect Error in /var
INFO:root:SimConnect Error in /var
INFO:root:SimConnect Error in /var
INFO:root:SimConnect Error in /var
INFO:root:SimConnect Error in /var
INFO:root:SimConnect Error in /var
INFO:root:SimConnect Error in /var
INFO:root:SimConnect Error in /var
INFO:root:SimConnect Error in /var
INFO:root:SimConnect Error in /var
INFO:root:SimConnect Error in /var
INFO:root:SimConnect Error in /var
INFO:root:SimConnect Error in /var
INFO:root:SimConnect Error in /var
INFO:root:SimConnect Error in /var
INFO:root:SimConnect Error in /var
INFO:root:SimConnect Error in /var
INFO:root:SimConnect Error in /var
INFO:root:SimConnect Error in /var
INFO:root:SimConnect Error in /var
INFO:root:SimConnect Error in /var
INFO:root:SimConnect Error in /var
INFO:root:SimConnect Error in /var
INFO:root:SimConnect Error in /var
INFO:root:SimConnect Error in /var
INFO:root:SimConnect Error in /var
INFO:root:SimConnect Error in /var
INFO:root:SimConnect Error in /var
INFO:root:SimConnect Error in /var
INFO:root:SimConnect Error in /var
INFO:root:SimConnect Error in /var
INFO:root:SimConnect Error in /var
INFO:root:SimConnect Error in /var
INFO:root:SimConnect Error in /var
INFO:root:SimConnect Error in /var
INFO:root:SimConnect Error in /var
INFO:root:SimConnect Error in /var
INFO:root:SimConnect Error in /var
INFO:root:SimConnect Error in /var
INFO:root:SimConnect Error in /var
INFO:root:SimConnect Error in /var
INFO:root:SimConnect Error in /var
INFO:root:SimConnect Error in /var
INFO:root:SimConnect Error in /var
INFO:root:SimConnect Error in /var
INFO:root:SimConnect Error in /var
INFO:root:SimConnect Error in /var
INFO:root:SimConnect Error in /var
INFO:root:SimConnect Error in /var
INFO:root:SimConnect Error in /var
INFO:root:SimConnect Error in /var
INFO:root:SimConnect Error in /var
INFO:root:SimConnect Error in /var
INFO:root:SimConnect Error in /var
INFO:root:SimConnect Error in /var
INFO:root:SimConnect Error in /var
INFO:root:SimConnect Error in /var
INFO:root:SimConnect Error in /var
INFO:root:SimConnect Error in /var
INFO:root:SimConnect Error in /var
INFO:root:SimConnect Error in /var
INFO:root:SimConnect Error in /var
INFO:root:SimConnect Error in /var
INFO:root:SimConnect Error in /var
INFO:root:SimConnect Error in /var
INFO:root:SimConnect Error in /var
INFO:root:SimConnect Error in /var
INFO:root:SimConnect Error in /var
INFO:root:SimConnect Error in /var
INFO:root:SimConnect Error in /var
INFO:root:SimConnect Error in /var
INFO:root:SimConnect Error in /var
INFO:root:SimConnect Error in /var
INFO:root:SimConnect Error in /var
INFO:root:SimConnect Error in /var
INFO:root:SimConnect Error in /var
INFO:root:SimConnect Error in /var
INFO:root:SimConnect Error in /var
INFO:root:SimConnect Error in /var
INFO:root:SimConnect Error in /var
INFO:root:SimConnect Error in /var
INFO:root:SimConnect Error in /var
INFO:root:SimConnect Error in /var
INFO:root:SimConnect Error in /var
INFO:root:SimConnect Error in /var
INFO:root:SimConnect Error in /var
INFO:root:SimConnect Error in /var
INFO:root:SimConnect Error in /var
INFO:root:SimConnect Error in /var
INFO:root:SimConnect Error in /var
INFO:root:SimConnect Error in /var
INFO:root:SimConnect Error in /var
INFO:root:SimConnect Error in /var
INFO:root:SimConnect Error in /var
INFO:root:SimConnect Error in /var
INFO:root:SimConnect Error in /var
INFO:root:SimConnect Error in /var
INFO:root:SimConnect Error in /var
INFO:root:SimConnect Error in /var
INFO:root:SimConnect Error in /var
INFO:root:SimConnect Error in /var
INFO:root:SimConnect Error in /var
INFO:root:SimConnect Error in /var
INFO:root:SimConnect Error in /var
INFO:root:SimConnect Error in /var
INFO:root:SimConnect Error in /var
INFO:root:SimConnect Error in /var
INFO:root:SimConnect Error in /var
INFO:root:SimConnect Error in /var
INFO:root:SimConnect Error in /var
INFO:root:SimConnect Error in /var
INFO:root:SimConnect Error in /var
INFO:root:SimConnect Error in /var
INFO:root:SimConnect Error in /var
INFO:root:SimConnect Error in /var
INFO:root:SimConnect Error in /var
INFO:root:SimConnect Error in /var
INFO:root:SimConnect Error in /var
INFO:root:SimConnect Error in /var
INFO:root:SimConnect Error in /var
INFO:root:SimConnect Error in /var
INFO:root:SimConnect Error in /var
INFO:root:SimConnect Error in /var
INFO:root:SimConnect Error in /var
INFO:root:SimConnect Error in /var
INFO:root:SimConnect Error in /var
INFO:root:SimConnect Error in /var
INFO:root:SimConnect Error in /var
INFO:root:SimConnect Error in /var
INFO:root:SimConnect Error in /var
INFO:root:SimConnect Error in /var
INFO:root:SimConnect Error in /var
INFO:root:SimConnect Error in /var
INFO:root:SimConnect Error in /var
INFO:root:SimConnect Error in /var
INFO:root:SimConnect Error in /var
INFO:root:SimConnect Error in /var
INFO:root:SimConnect Error in /var
INFO:root:SimConnect Error in /var
INFO:root:SimConnect Error in /var
INFO:root:SimConnect Error in /var
INFO:root:SimConnect Error in /var
INFO:root:SimConnect Error in /var
INFO:root:SimConnect Error in /var
INFO:root:SimConnect Error in /var
INFO:root:SimConnect Error in /var
INFO:root:SimConnect Error in /var
INFO:root:SimConnect Error in /var
INFO:root:SimConnect Error in /var
INFO:root:SimConnect Error in /var
INFO:root:SimConnect Error in /var
INFO:root:SimConnect Error in /var
INFO:root:SimConnect Error in /var
INFO:root:SimConnect Error in /var
INFO:root:SimConnect Error in /var
INFO:root:SimConnect Error in /var
INFO:root:SimConnect Error in /var
INFO:root:SimConnect Error in /var
INFO:root:SimConnect Error in /var
INFO:root:SimConnect Error in /var
INFO:root:SimConnect Error in /var
INFO:root:SimConnect Error in /var
INFO:root:SimConnect Error in /var
INFO:root:SimConnect Error in /var
INFO:root:SimConnect Error in /var
INFO:root:SimConnect Error in /var
INFO:root:SimConnect Error in /var
INFO:root:1721417706.758863,ID:1005,STAGE:3,SEQUENCE:1342,DATA:{'time': 1721417706.756, 'user-id': '1005', 'source': 'HAI Interface', 'destination-index': 'None', 'study-stage': '3', 'decision-state': 0, 'vitals-state': 0, 'airspace-state': 0, 'data': {'page': 'index', 'action': 'confirm button pressed'}}
INFO:root:SimConnect Error in /var
INFO:root:1721417706.873932,ID:1005,STAGE:3,SEQUENCE:1342,DATA:{'time': 1721417706.858, 'user-id': 'none', 'source': 'HAI Interface', 'destination-index': 3, 'study-stage': -1, 'decision-state': 0, 'vitals-state': 0, 'airspace-state': 0, 'data': {'page': 'location', 'action': 'opened page'}}
INFO:root:SimConnect Error in /var
INFO:root:Takeoff radiocomms initiated
INFO:root:SimConnect Error in /var
INFO:root:SimConnect Error in /var
INFO:root:SimConnect Error in /var
INFO:comtypes.client._code_cache:Imported existing <module 'comtypes.gen' from 'C:\\Users\\ae-dagbeyibor3\\AppData\\Local\\Programs\\Python\\Python312\\Lib\\site-packages\\comtypes\\gen\\__init__.py'>
INFO:comtypes.client._code_cache:Using writeable comtypes cache directory: 'C:\Users\ae-dagbeyibor3\AppData\Local\Programs\Python\Python312\Lib\site-packages\comtypes\gen'
INFO:root:SimConnect Error in /var
INFO:root:SimConnect Error in /var
INFO:root:SimConnect Error in /var
INFO:root:SimConnect Error in /var
INFO:root:SimConnect Error in /var
INFO:root:1721417707.830569,ID:1005,STAGE:3,SEQUENCE:1342,DATA:{'time': 1721417707.826, 'user-id': '1005', 'source': 'HAI Interface', 'destination-index': 'None', 'study-stage': '3', 'decision-state': 0, 'vitals-state': 0, 'airspace-state': 0, 'data': {'page': 'map', 'action': 'selected helipad', 'value': '21'}}
INFO:root:SimConnect Error in /var
INFO:root:SimConnect Error in /var
INFO:root:SimConnect Error in /var
INFO:root:SimConnect Error in /var
INFO:root:SimConnect Error in /var
INFO:root:SimConnect Error in /var
INFO:root:SimConnect Error in /var
INFO:root:SimConnect Error in /var
INFO:root:SimConnect Error in /var
INFO:root:SimConnect Error in /var
INFO:root:SimConnect Error in /var
INFO:root:SimConnect Error in /var
INFO:root:SimConnect Error in /var
INFO:root:SimConnect Error in /var
INFO:root:SimConnect Error in /var
INFO:root:SimConnect Error in /var
INFO:root:SimConnect Error in /var
INFO:root:SimConnect Error in /var
INFO:root:SimConnect Error in /var
INFO:root:SimConnect Error in /var
INFO:root:SimConnect Error in /var
INFO:root:SimConnect Error in /var
INFO:root:SimConnect Error in /var
INFO:root:SimConnect Error in /var
INFO:root:SimConnect Error in /var
INFO:root:SimConnect Error in /var
INFO:root:SimConnect Error in /var
INFO:root:SimConnect Error in /var
INFO:root:SimConnect Error in /var
INFO:root:SimConnect Error in /var
INFO:root:SimConnect Error in /var
INFO:root:SimConnect Error in /var
INFO:root:SimConnect Error in /var
INFO:root:SimConnect Error in /var
INFO:root:SimConnect Error in /var
INFO:root:SimConnect Error in /var
INFO:root:SimConnect Error in /var
INFO:root:SimConnect Error in /var
INFO:root:SimConnect Error in /var
INFO:root:SimConnect Error in /var
INFO:root:SimConnect Error in /var
INFO:root:SimConnect Error in /var
INFO:root:1721417715.522916,ID:1005,STAGE:3,SEQUENCE:1342,DATA:{'time': 1721417715.519, 'user-id': '1005', 'source': 'HAI Interface', 'destination-index': 'None', 'study-stage': '3', 'decision-state': 0, 'vitals-state': 0, 'airspace-state': 0, 'data': {'page': 'location', 'action': 'confirm button pressed'}}
INFO:root:SimConnect Error in /var
INFO:root:1721417715.625151,ID:1005,STAGE:3,SEQUENCE:1342,DATA:{'time': 1721417715.613, 'user-id': 'none', 'source': 'HAI Interface', 'destination-index': 3, 'study-stage': -1, 'decision-state': 0, 'vitals-state': 0, 'airspace-state': 0, 'data': {'page': 'checklist', 'action': 'opened page', 'inflight': False}}
INFO:root:SimConnect Error in /var
INFO:root:SimConnect Error in /var
INFO:root:SimConnect Error in /var
INFO:root:SimConnect Error in /var
INFO:root:SimConnect Error in /var
INFO:root:1721417716.595833,ID:1005,STAGE:3,SEQUENCE:1342,DATA:{'time': 1721417716.59, 'user-id': '1005', 'source': 'HAI Interface', 'destination-index': '3', 'study-stage': '3', 'decision-state': 0, 'vitals-state': 0, 'airspace-state': 0, 'data': {'page': 'map', 'action': 'selected helipad', 'value': '21'}}
INFO:root:SimConnect Error in /var
INFO:root:SimConnect Error in /var
INFO:root:SimConnect Error in /var
INFO:root:SimConnect Error in /var
INFO:root:SimConnect Error in /var
INFO:root:SimConnect Error in /var
INFO:root:SimConnect Error in /var
INFO:root:SimConnect Error in /var
INFO:root:SimConnect Error in /var
INFO:root:SimConnect Error in /var
INFO:root:SimConnect Error in /var
INFO:root:SimConnect Error in /var
INFO:root:SimConnect Error in /var
INFO:root:SimConnect Error in /var
INFO:root:SimConnect Error in /var
INFO:root:SimConnect Error in /var
INFO:root:SimConnect Error in /var
INFO:root:SimConnect Error in /var
INFO:root:SimConnect Error in /var
INFO:root:SimConnect Error in /var
INFO:root:SimConnect Error in /var
INFO:root:SimConnect Error in /var
INFO:root:SimConnect Error in /var
INFO:root:SimConnect Error in /var
INFO:root:1721417720.638092,ID:1005,STAGE:3,SEQUENCE:1342,DATA:{'time': 1721417720.634, 'user-id': '1005', 'source': 'HAI Interface', 'destination-index': '3', 'study-stage': '3', 'decision-state': 0, 'vitals-state': 0, 'airspace-state': 0, 'data': {'page': 'checklist', 'action': 'toggled checkbox', 'inflight': False, 'item': 0, 'value': 'OFF'}}
INFO:root:SimConnect Error in /var
INFO:root:SimConnect Error in /var
INFO:root:SimConnect Error in /var
INFO:root:SimConnect Error in /var
INFO:root:SimConnect Error in /var
INFO:root:SimConnect Error in /var
INFO:root:SimConnect Error in /var
INFO:root:SimConnect Error in /var
INFO:root:SimConnect Error in /var
INFO:root:SimConnect Error in /var
INFO:root:SimConnect Error in /var
INFO:root:SimConnect Error in /var
INFO:root:SimConnect Error in /var
INFO:root:SimConnect Error in /var
INFO:root:1721417723.116857,ID:1005,STAGE:3,SEQUENCE:1342,DATA:{'time': 1721417723.113, 'user-id': '1005', 'source': 'HAI Interface', 'destination-index': '3', 'study-stage': '3', 'decision-state': 0, 'vitals-state': 0, 'airspace-state': 0, 'data': {'page': 'checklist', 'action': 'toggled checkbox', 'inflight': False, 'item': 1, 'value': 'OFF'}}
INFO:root:SimConnect Error in /var
INFO:root:SimConnect Error in /var
INFO:root:SimConnect Error in /var
INFO:root:SimConnect Error in /var
INFO:root:SimConnect Error in /var
INFO:root:Takeoff radiocomms clear request sent
INFO:root:SimConnect Error in /var
INFO:root:SimConnect Error in /var
INFO:root:1721417724.7089,ID:1005,STAGE:3,SEQUENCE:1342,DATA:{'time': 1721417724.706, 'user-id': '1005', 'source': 'HAI Interface', 'destination-index': '3', 'study-stage': '3', 'decision-state': 0, 'vitals-state': 0, 'airspace-state': 0, 'data': {'page': 'checklist', 'action': 'toggled checkbox', 'inflight': False, 'item': 2, 'value': 'OFF'}}
INFO:root:1721417724.709899,ID:1005,STAGE:3,SEQUENCE:1342,DATA:{'time': 1721417724.706, 'user-id': '1005', 'source': 'HAI Interface', 'destination-index': '3', 'study-stage': '3', 'decision-state': 0, 'vitals-state': 0, 'airspace-state': 0, 'data': {'page': 'checklist', 'action': 'showing confirm button', 'inflight': False}}
INFO:root:SimConnect Error in /var
INFO:root:SimConnect Error in /var
INFO:root:SimConnect Error in /var
INFO:root:SimConnect Error in /var
INFO:root:SimConnect Error in /var
INFO:root:SimConnect Error in /var
INFO:root:SimConnect Error in /var
INFO:root:SimConnect Error in /var
INFO:root:1721417725.952761,ID:1005,STAGE:3,SEQUENCE:1342,DATA:{'time': 1721417725.949, 'user-id': '1005', 'source': 'HAI Interface', 'destination-index': '3', 'study-stage': '3', 'decision-state': 0, 'vitals-state': 0, 'airspace-state': 0, 'data': {'page': 'checklist', 'action': 'confirm button clicked', 'inflight': False}}
INFO:root:SimConnect Error in /var
INFO:root:1721417726.057753,ID:1005,STAGE:3,SEQUENCE:1342,DATA:{'time': 1721417726.044, 'user-id': 'none', 'source': 'HAI Interface', 'destination-index': 3, 'study-stage': -1, 'decision-state': 0, 'vitals-state': 0, 'airspace-state': 0, 'data': {'page': 'countdown', 'action': 'opened page'}}
INFO:root:SimConnect Error in /var
INFO:root:SimConnect Error in /var
INFO:root:SimConnect Error in /var
INFO:root:SimConnect Error in /var
INFO:root:SimConnect Error in /var
INFO:root:SimConnect Error in /var
INFO:root:SimConnect Error in /var
INFO:root:SimConnect Error in /var
INFO:root:1721417727.015046,ID:1005,STAGE:3,SEQUENCE:1342,DATA:{'time': 1721417727.01, 'user-id': '1005', 'source': 'HAI Interface', 'destination-index': '3', 'study-stage': '3', 'decision-state': 0, 'vitals-state': 0, 'airspace-state': 0, 'data': {'page': 'map', 'action': 'selected helipad', 'value': '21'}}
INFO:root:1721417727.062917,ID:1005,STAGE:3,SEQUENCE:1342,DATA:{'time': 1721417727.059, 'user-id': '1005', 'source': 'HAI Interface', 'destination-index': '3', 'study-stage': '3', 'decision-state': 0, 'vitals-state': 0, 'airspace-state': 0, 'data': {'page': 'countdown', 'action': 'countdown now 4'}}
INFO:root:SimConnect Error in /var
INFO:root:SimConnect Error in /var
INFO:root:SimConnect Error in /var
INFO:root:SimConnect Error in /var
INFO:root:SimConnect Error in /var
INFO:root:SimConnect Error in /var
INFO:root:SimConnect Error in /var
INFO:root:SimConnect Error in /var
INFO:root:1721417728.057806,ID:1005,STAGE:3,SEQUENCE:1342,DATA:{'time': 1721417728.054, 'user-id': '1005', 'source': 'HAI Interface', 'destination-index': '3', 'study-stage': '3', 'decision-state': 0, 'vitals-state': 0, 'airspace-state': 0, 'data': {'page': 'countdown', 'action': 'countdown now 3'}}
INFO:root:SimConnect Error in /var
INFO:root:SimConnect Error in /var
INFO:root:SimConnect Error in /var
INFO:root:SimConnect Error in /var
INFO:root:SimConnect Error in /var
INFO:root:SimConnect Error in /var
INFO:root:1721417729.057944,ID:1005,STAGE:3,SEQUENCE:1342,DATA:{'time': 1721417729.053, 'user-id': '1005', 'source': 'HAI Interface', 'destination-index': '3', 'study-stage': '3', 'decision-state': 0, 'vitals-state': 0, 'airspace-state': 0, 'data': {'page': 'countdown', 'action': 'countdown now 2'}}
INFO:root:SimConnect Error in /var
INFO:root:SimConnect Error in /var
INFO:root:SimConnect Error in /var
INFO:root:SimConnect Error in /var
INFO:root:SimConnect Error in /var
INFO:root:SimConnect Error in /var
INFO:root:1721417730.05292,ID:1005,STAGE:3,SEQUENCE:1342,DATA:{'time': 1721417730.049, 'user-id': '1005', 'source': 'HAI Interface', 'destination-index': '3', 'study-stage': '3', 'decision-state': 0, 'vitals-state': 0, 'airspace-state': 0, 'data': {'page': 'countdown', 'action': 'countdown now 1'}}
INFO:root:SimConnect Error in /var
INFO:root:SimConnect Error in /var
INFO:root:SimConnect Error in /var
INFO:root:SimConnect Error in /var
INFO:root:SimConnect Error in /var
INFO:root:SimConnect Error in /var
INFO:root:1721417731.04992,ID:1005,STAGE:3,SEQUENCE:1342,DATA:{'time': 1721417731.046, 'user-id': '1005', 'source': 'HAI Interface', 'destination-index': '3', 'study-stage': '3', 'decision-state': 0, 'vitals-state': 0, 'airspace-state': 0, 'data': {'page': 'countdown', 'action': 'countdown now 0'}}
INFO:root:SimConnect Error in /var
INFO:root:SimConnect Error in /var
INFO:root:SimConnect Error in /var
INFO:root:SimConnect Error in /var
INFO:root:SimConnect Error in /var
INFO:root:SimConnect Error in /var
INFO:root:SimConnect Error in /var
INFO:root:SimConnect Error in /var
INFO:root:1721417732.062962,ID:1005,STAGE:3,SEQUENCE:1342,DATA:{'time': 1721417732.058, 'user-id': '1005', 'source': 'HAI Interface', 'destination-index': '3', 'study-stage': '3', 'decision-state': 0, 'vitals-state': 0, 'airspace-state': 0, 'data': {'page': 'countdown', 'action': 'countdown complete'}}
INFO:root:SimConnect Error in /var
INFO:root:SimConnect Error in /var
INFO:root:SimConnect Error in /var
INFO:root:SimConnect Error in /var
INFO:root:SimConnect Error in /var
INFO:root:SimConnect Error in /var
INFO:root:SimConnect Error in /var
INFO:root:SimConnect Error in /var
INFO:root:1721417733.148755,ID:1005,STAGE:3,SEQUENCE:1342,DATA:{'time': 1721417733.144, 'user-id': '1005', 'source': 'HAI Interface', 'destination-index': '3', 'study-stage': '3', 'decision-state': 0, 'vitals-state': 0, 'airspace-state': 0, 'data': {'page': 'map', 'action': 'selected helipad', 'value': '21'}}
INFO:root:SimConnect Error in /var
INFO:root:SimConnect Error in /var
INFO:root:SimConnect Error in /var
INFO:root:SimConnect Error in /var
INFO:root:SimConnect Error in /var
INFO:root:SimConnect Error in /var
INFO:root:SimConnect Error in /var
INFO:root:SimConnect Error in /var
INFO:root:SimConnect Error in /var
INFO:root:SimConnect Error in /var
INFO:root:SimConnect Error in /var
INFO:root:SimConnect Error in /var
INFO:root:SimConnect Error in /var
INFO:root:SimConnect Error in /var
INFO:root:SimConnect Error in /var
INFO:root:SimConnect Error in /var
INFO:root:SimConnect Error in /var
INFO:root:SimConnect Error in /var
INFO:root:SimConnect Error in /var
INFO:root:SimConnect Error in /var
INFO:root:SimConnect Error in /var
INFO:root:SimConnect Error in /var
INFO:root:SimConnect Error in /var
INFO:root:SimConnect Error in /var
INFO:root:SimConnect Error in /var
INFO:root:1721417737.190835,ID:1005,STAGE:3,SEQUENCE:1342,DATA:{'time': 1721417737.185, 'user-id': '1005', 'source': 'HAI Interface', 'destination-index': '3', 'study-stage': '3', 'decision-state': 0, 'vitals-state': 0, 'airspace-state': 0, 'data': {'page': 'emergency', 'action': 'trying to change destination to100'}}
INFO:root:SimConnect Error in /var
INFO:root:SimConnect Error in /var
INFO:root:SimConnect Error in /var
INFO:root:SimConnect Error in /var
INFO:root:1721417738.044109,ID:1005,STAGE:3,SEQUENCE:1342,DATA:{'time': 1721417738.037, 'user-id': '1005', 'source': 'HAI Interface', 'destination-index': '3', 'study-stage': '3', 'decision-state': 0, 'vitals-state': 0, 'airspace-state': 0, 'data': {'action': 'radio panel opened'}}
INFO:root:SimConnect Error in /var
INFO:root:SimConnect Error in /var
INFO:root:SimConnect Error in /var
INFO:root:SimConnect Error in /var
INFO:root:SimConnect Error in /var
INFO:root:SimConnect Error in /var
INFO:root:SimConnect Error in /var
INFO:root:SimConnect Error in /var
INFO:root:SimConnect Error in /var
INFO:root:SimConnect Error in /var
INFO:root:SimConnect Error in /var
INFO:root:SimConnect Error in /var
INFO:root:Inflight Radio Update asked
INFO:root:SimConnect Error in /var
INFO:root:sent request to set radio update complete
INFO:root:SimConnect Error in /var
INFO:root:SimConnect Error in /var
INFO:root:SimConnect Error in /var
INFO:root:SimConnect Error in /var
INFO:root:SimConnect Error in /var
INFO:root:SimConnect Error in /var
INFO:root:SimConnect Error in /var
INFO:root:SimConnect Error in /var
INFO:root:SimConnect Error in /var
INFO:root:SimConnect Error in /var
INFO:root:SimConnect Error in /var
INFO:root:SimConnect Error in /var
INFO:root:SimConnect Error in /var
INFO:root:SimConnect Error in /var
INFO:root:1721417742.190387,ID:1005,STAGE:3,SEQUENCE:1342,DATA:{'time': 1721417742.184, 'user-id': '1005', 'source': 'HAI Interface', 'destination-index': '3', 'study-stage': '3', 'decision-state': 0, 'vitals-state': 0, 'airspace-state': 0, 'data': {'page': 'emergency', 'action': 'trying to change destination to19'}}
INFO:root:SimConnect Error in /var
INFO:root:SimConnect Error in /var
INFO:root:SimConnect Error in /var
INFO:root:SimConnect Error in /var
INFO:root:SimConnect Error in /var
INFO:root:1721417743.029817,ID:1005,STAGE:3,SEQUENCE:1342,DATA:{'time': 1721417743.023, 'user-id': '1005', 'source': 'HAI Interface', 'destination-index': '3', 'study-stage': '3', 'decision-state': 0, 'vitals-state': 0, 'airspace-state': 0, 'data': {'action': 'callsign set to: + NASXGS'}}
INFO:root:1721417743.031813,ID:1005,STAGE:3,SEQUENCE:1342,DATA:{'time': 1721417743.022, 'user-id': '1005', 'source': 'HAI Interface', 'destination-index': '3', 'study-stage': '3', 'decision-state': 0, 'vitals-state': 0, 'airspace-state': 0, 'data': {'action': 'transmit button pressed'}}
INFO:root:1721417743.034804,ID:1005,STAGE:3,SEQUENCE:1342,DATA:{'time': 1721417743.023, 'user-id': '1005', 'source': 'HAI Interface', 'destination-index': '3', 'study-stage': '3', 'decision-state': 0, 'vitals-state': 0, 'airspace-state': 0, 'data': {'action': 'radio set to:Comm1'}}
INFO:root:1721417743.037797,ID:1005,STAGE:3,SEQUENCE:1342,DATA:{'time': 1721417743.024, 'user-id': '1005', 'source': 'HAI Interface', 'destination-index': '3', 'study-stage': '3', 'decision-state': 0, 'vitals-state': 0, 'airspace-state': 0, 'data': {'page': 'map', 'action': 'show map'}}
INFO:root:1721417743.042784,ID:1005,STAGE:3,SEQUENCE:1342,DATA:{'time': 1721417743.024, 'user-id': '1005', 'source': 'HAI Interface', 'destination-index': '3', 'study-stage': '3', 'decision-state': 0, 'vitals-state': 0, 'airspace-state': 0, 'data': {'page': 'map', 'action': 'selected helipad', 'value': '21'}}
INFO:root:1721417743.045775,ID:1005,STAGE:3,SEQUENCE:1342,DATA:{'time': 1721417743.03, 'user-id': '1005', 'source': 'HAI Interface', 'destination-index': '3', 'study-stage': '3', 'decision-state': 0, 'vitals-state': 0, 'airspace-state': 0, 'data': {'action': 'NASXGStransmitting updates onComm1123.45 MHz'}}
INFO:root:SimConnect Error in /var
INFO:root:SimConnect Error in /var
INFO:root:SimConnect Error in /var
INFO:root:SimConnect Error in /var
INFO:root:SimConnect Error in /var
INFO:root:SimConnect Error in /var
INFO:root:SimConnect Error in /var
INFO:root:SimConnect Error in /var
INFO:root:SimConnect Error in /var
INFO:root:SimConnect Error in /var
INFO:root:SimConnect Error in /var
INFO:root:SimConnect Error in /var
INFO:root:SimConnect Error in /var
INFO:root:SimConnect Error in /var
INFO:root:SimConnect Error in /var
INFO:root:SimConnect Error in /var
INFO:root:SimConnect Error in /var
INFO:root:SimConnect Error in /var
INFO:root:SimConnect Error in /var
INFO:root:SimConnect Error in /var
INFO:root:SimConnect Error in /var
INFO:root:SimConnect Error in /var
INFO:root:SimConnect Error in /var
INFO:root:SimConnect Error in /var
INFO:root:SimConnect Error in /var
INFO:root:SimConnect Error in /var
INFO:root:SimConnect Error in /var
INFO:root:SimConnect Error in /var
INFO:root:SimConnect Error in /var
INFO:root:SimConnect Error in /var
INFO:root:SimConnect Error in /var
INFO:root:1721417747.193027,ID:1005,STAGE:3,SEQUENCE:1342,DATA:{'time': 1721417747.187, 'user-id': '1005', 'source': 'HAI Interface', 'destination-index': '3', 'study-stage': '3', 'decision-state': 0, 'vitals-state': 0, 'airspace-state': 0, 'data': {'page': 'emergency', 'action': 'trying to change destination to19'}}
INFO:root:SimConnect Error in /var
INFO:root:SimConnect Error in /var
INFO:root:SimConnect Error in /var
INFO:root:SimConnect Error in /var
INFO:root:SimConnect Error in /var
INFO:root:SimConnect Error in /var
INFO:root:SimConnect Error in /var
INFO:root:SimConnect Error in /var
INFO:root:SimConnect Error in /var
INFO:root:SimConnect Error in /var
INFO:root:SimConnect Error in /var
INFO:root:SimConnect Error in /var
INFO:root:SimConnect Error in /var
INFO:root:SimConnect Error in /var
INFO:root:SimConnect Error in /var
INFO:root:SimConnect Error in /var
INFO:root:SimConnect Error in /var
INFO:root:SimConnect Error in /var
INFO:root:SimConnect Error in /var
INFO:root:SimConnect Error in /var
INFO:root:SimConnect Error in /var
INFO:root:SimConnect Error in /var
INFO:root:SimConnect Error in /var
INFO:root:SimConnect Error in /var
INFO:root:SimConnect Error in /var
INFO:root:SimConnect Error in /var
INFO:root:SimConnect Error in /var
INFO:root:SimConnect Error in /var
INFO:root:SimConnect Error in /var
INFO:root:SimConnect Error in /var
INFO:root:SimConnect Error in /var
INFO:root:SimConnect Error in /var
INFO:root:SimConnect Error in /var
INFO:root:1721417752.191802,ID:1005,STAGE:3,SEQUENCE:1342,DATA:{'time': 1721417752.186, 'user-id': '1005', 'source': 'HAI Interface', 'destination-index': '3', 'study-stage': '3', 'decision-state': 0, 'vitals-state': 0, 'airspace-state': 0, 'data': {'page': 'emergency', 'action': 'trying to change destination to19'}}
INFO:root:SimConnect Error in /var
INFO:root:SimConnect Error in /var
INFO:root:SimConnect Error in /var
INFO:root:SimConnect Error in /var
INFO:root:SimConnect Error in /var
INFO:root:SimConnect Error in /var
INFO:root:SimConnect Error in /var
INFO:root:SimConnect Error in /var
INFO:root:SimConnect Error in /var
INFO:root:SimConnect Error in /var
INFO:root:SimConnect Error in /var
INFO:root:1721417753.687676,ID:1005,STAGE:3,SEQUENCE:1342,DATA:{'time': 1721417753.683, 'user-id': '1005', 'source': 'HAI Interface', 'destination-index': '3', 'study-stage': '3', 'decision-state': 0, 'vitals-state': 0, 'airspace-state': 0, 'data': {'page': 'map', 'action': 'hide map'}}
INFO:root:SimConnect Error in /var
INFO:root:SimConnect Error in /var
INFO:root:SimConnect Error in /var
INFO:root:SimConnect Error in /var
INFO:root:SimConnect Error in /var
INFO:root:SimConnect Error in /var
INFO:root:SimConnect Error in /var
INFO:root:SimConnect Error in /var
INFO:root:SimConnect Error in /var
INFO:root:SimConnect Error in /var
INFO:root:SimConnect Error in /var
INFO:root:SimConnect Error in /var
INFO:root:SimConnect Error in /var
INFO:root:SimConnect Error in /var
INFO:root:SimConnect Error in /var
INFO:root:SimConnect Error in /var
INFO:root:SimConnect Error in /var
INFO:root:SimConnect Error in /var
INFO:root:SimConnect Error in /var
INFO:root:SimConnect Error in /var
INFO:root:SimConnect Error in /var
INFO:root:SimConnect Error in /var
INFO:root:SimConnect Error in /var
INFO:root:SimConnect Error in /var
INFO:root:1721417757.205283,ID:1005,STAGE:3,SEQUENCE:1342,DATA:{'time': 1721417757.198, 'user-id': '1005', 'source': 'HAI Interface', 'destination-index': '3', 'study-stage': '3', 'decision-state': 0, 'vitals-state': 0, 'airspace-state': 0, 'data': {'page': 'emergency', 'action': 'trying to change destination to19'}}
INFO:root:SimConnect Error in /var
INFO:root:SimConnect Error in /var
INFO:root:SimConnect Error in /var
INFO:root:SimConnect Error in /var
INFO:root:SimConnect Error in /var
INFO:root:SimConnect Error in /var
INFO:root:SimConnect Error in /var
INFO:root:SimConnect Error in /var
INFO:root:SimConnect Error in /var
INFO:root:SimConnect Error in /var
INFO:root:SimConnect Error in /var
INFO:root:SimConnect Error in /var
INFO:root:SimConnect Error in /var
INFO:root:SimConnect Error in /var
INFO:root:SimConnect Error in /var
INFO:root:SimConnect Error in /var
INFO:root:SimConnect Error in /var
INFO:root:SimConnect Error in /var
INFO:root:SimConnect Error in /var
INFO:root:SimConnect Error in /var
INFO:root:SimConnect Error in /var
INFO:root:SimConnect Error in /var
INFO:root:SimConnect Error in /var
INFO:root:SimConnect Error in /var
INFO:root:SimConnect Error in /var
INFO:root:SimConnect Error in /var
INFO:root:SimConnect Error in /var
INFO:root:SimConnect Error in /var
INFO:root:SimConnect Error in /var
INFO:root:SimConnect Error in /var
INFO:root:SimConnect Error in /var
INFO:root:SimConnect Error in /var
INFO:root:SimConnect Error in /var
INFO:root:SimConnect Error in /var
INFO:root:SimConnect Error in /var
INFO:root:1721417762.195999,ID:1005,STAGE:3,SEQUENCE:1342,DATA:{'time': 1721417762.189, 'user-id': '1005', 'source': 'HAI Interface', 'destination-index': '3', 'study-stage': '3', 'decision-state': 0, 'vitals-state': 0, 'airspace-state': 0, 'data': {'page': 'emergency', 'action': 'trying to change destination to19'}}
INFO:root:SimConnect Error in /var
INFO:root:SimConnect Error in /var
INFO:root:SimConnect Error in /var
INFO:root:SimConnect Error in /var
INFO:root:SimConnect Error in /var
INFO:root:SimConnect Error in /var
INFO:root:SimConnect Error in /var
INFO:root:SimConnect Error in /var
INFO:root:SimConnect Error in /var
INFO:root:SimConnect Error in /var
INFO:root:SimConnect Error in /var
INFO:root:SimConnect Error in /var
INFO:root:SimConnect Error in /var
INFO:root:SimConnect Error in /var
INFO:root:SimConnect Error in /var
INFO:root:SimConnect Error in /var
INFO:root:SimConnect Error in /var
INFO:root:SimConnect Error in /var
INFO:root:SimConnect Error in /var
INFO:root:SimConnect Error in /var
INFO:root:SimConnect Error in /var
INFO:root:SimConnect Error in /var
INFO:root:SimConnect Error in /var
INFO:root:SimConnect Error in /var
INFO:root:SimConnect Error in /var
INFO:root:SimConnect Error in /var
INFO:root:SimConnect Error in /var
INFO:root:SimConnect Error in /var
INFO:root:SimConnect Error in /var
INFO:root:SimConnect Error in /var
INFO:root:1721417766.729782,ID:1005,STAGE:3,SEQUENCE:1342,DATA:{'time': 1721417766.722, 'user-id': '1005', 'source': 'HAI Interface', 'destination-index': '3', 'study-stage': '3', 'decision-state': 0, 'vitals-state': 0, 'airspace-state': 0, 'data': {'action': 'radio panel closed'}}
INFO:root:SimConnect Error in /var
INFO:root:SimConnect Error in /var
INFO:root:SimConnect Error in /var
INFO:root:SimConnect Error in /var
INFO:root:SimConnect Error in /var
INFO:root:SimConnect Error in /var
INFO:root:1721417767.198961,ID:1005,STAGE:3,SEQUENCE:1342,DATA:{'time': 1721417767.188, 'user-id': '1005', 'source': 'HAI Interface', 'destination-index': '3', 'study-stage': '3', 'decision-state': 0, 'vitals-state': 0, 'airspace-state': 0, 'data': {'page': 'emergency', 'action': 'trying to change destination to19'}}
INFO:root:SimConnect Error in /var
INFO:root:SimConnect Error in /var
INFO:root:SimConnect Error in /var
INFO:root:SimConnect Error in /var
INFO:root:SimConnect Error in /var
INFO:root:SimConnect Error in /var
INFO:root:SimConnect Error in /var
INFO:root:SimConnect Error in /var
INFO:root:SimConnect Error in /var
INFO:root:SimConnect Error in /var
INFO:root:SimConnect Error in /var
INFO:root:SimConnect Error in /var
INFO:root:SimConnect Error in /var
INFO:root:SimConnect Error in /var
INFO:root:SimConnect Error in /var
INFO:root:SimConnect Error in /var
INFO:root:SimConnect Error in /var
INFO:root:SimConnect Error in /var
INFO:root:SimConnect Error in /var
INFO:root:SimConnect Error in /var
INFO:root:SimConnect Error in /var
INFO:root:SimConnect Error in /var
INFO:root:SimConnect Error in /var
INFO:root:SimConnect Error in /var
INFO:root:SimConnect Error in /var
INFO:root:SimConnect Error in /var
INFO:root:SimConnect Error in /var
INFO:root:SimConnect Error in /var
INFO:root:SimConnect Error in /var
INFO:root:SimConnect Error in /var
INFO:root:SimConnect Error in /var
INFO:root:SimConnect Error in /var
INFO:root:SimConnect Error in /var
INFO:root:1721417772.188635,ID:1005,STAGE:3,SEQUENCE:1342,DATA:{'time': 1721417772.183, 'user-id': '1005', 'source': 'HAI Interface', 'destination-index': '3', 'study-stage': '3', 'decision-state': 0, 'vitals-state': 0, 'airspace-state': 0, 'data': {'page': 'emergency', 'action': 'trying to change destination to19'}}
INFO:root:SimConnect Error in /var
INFO:root:SimConnect Error in /var
INFO:root:SimConnect Error in /var
INFO:root:SimConnect Error in /var
INFO:root:SimConnect Error in /var
INFO:root:SimConnect Error in /var
INFO:root:SimConnect Error in /var
INFO:root:SimConnect Error in /var
INFO:root:SimConnect Error in /var
INFO:root:SimConnect Error in /var
INFO:root:SimConnect Error in /var
INFO:root:SimConnect Error in /var
INFO:root:SimConnect Error in /var
INFO:root:SimConnect Error in /var
INFO:root:SimConnect Error in /var
INFO:root:SimConnect Error in /var
INFO:root:SimConnect Error in /var
INFO:root:SimConnect Error in /var
INFO:root:SimConnect Error in /var
INFO:root:SimConnect Error in /var
INFO:root:SimConnect Error in /var
INFO:root:SimConnect Error in /var
INFO:root:SimConnect Error in /var
INFO:root:SimConnect Error in /var
INFO:root:SimConnect Error in /var
INFO:root:SimConnect Error in /var
INFO:root:SimConnect Error in /var
INFO:root:SimConnect Error in /var
INFO:root:SimConnect Error in /var
INFO:root:SimConnect Error in /var
INFO:root:SimConnect Error in /var
INFO:root:SimConnect Error in /var
INFO:root:SimConnect Error in /var
INFO:root:SimConnect Error in /var
INFO:root:SimConnect Error in /var
INFO:root:1721417777.185798,ID:1005,STAGE:3,SEQUENCE:1342,DATA:{'time': 1721417777.181, 'user-id': '1005', 'source': 'HAI Interface', 'destination-index': '3', 'study-stage': '3', 'decision-state': 0, 'vitals-state': 0, 'airspace-state': 0, 'data': {'page': 'emergency', 'action': 'trying to change destination to19'}}
INFO:root:SimConnect Error in /var
INFO:root:SimConnect Error in /var
INFO:root:SimConnect Error in /var
INFO:root:SimConnect Error in /var
INFO:root:SimConnect Error in /var
INFO:root:SimConnect Error in /var
INFO:root:SimConnect Error in /var
INFO:root:1721417778.556774,ID:1005,STAGE:3,SEQUENCE:1342,DATA:{'time': 1721417778.552, 'user-id': '1005', 'source': 'HAI Interface', 'destination-index': '3', 'study-stage': '3', 'decision-state': 0, 'vitals-state': 0, 'airspace-state': 0, 'data': {'page': 'map', 'action': 'show map'}}
INFO:root:1721417778.557769,ID:1005,STAGE:3,SEQUENCE:1342,DATA:{'time': 1721417778.553, 'user-id': '1005', 'source': 'HAI Interface', 'destination-index': '3', 'study-stage': '3', 'decision-state': 0, 'vitals-state': 0, 'airspace-state': 0, 'data': {'page': 'map', 'action': 'selected helipad', 'value': '21'}}
INFO:root:SimConnect Error in /var
INFO:root:SimConnect Error in /var
INFO:root:SimConnect Error in /var
INFO:root:SimConnect Error in /var
INFO:root:SimConnect Error in /var
INFO:root:SimConnect Error in /var
INFO:root:1721417779.531996,ID:1005,STAGE:3,SEQUENCE:1342,DATA:{'time': 1721417779.526, 'user-id': '1005', 'source': 'HAI Interface', 'destination-index': '3', 'study-stage': '3', 'decision-state': 0, 'vitals-state': 0, 'airspace-state': 0, 'data': {'page': 'map', 'action': 'hide map'}}
INFO:root:SimConnect Error in /var
INFO:root:SimConnect Error in /var
INFO:root:SimConnect Error in /var
INFO:root:SimConnect Error in /var
INFO:root:SimConnect Error in /var
INFO:root:SimConnect Error in /var
INFO:root:SimConnect Error in /var
INFO:root:SimConnect Error in /var
INFO:root:SimConnect Error in /var
INFO:root:SimConnect Error in /var
INFO:root:SimConnect Error in /var
INFO:root:SimConnect Error in /var
INFO:root:SimConnect Error in /var
INFO:root:SimConnect Error in /var
INFO:root:SimConnect Error in /var
INFO:root:SimConnect Error in /var
INFO:root:SimConnect Error in /var
INFO:root:SimConnect Error in /var
INFO:root:SimConnect Error in /var
INFO:root:SimConnect Error in /var
INFO:root:SimConnect Error in /var
INFO:root:SimConnect Error in /var
INFO:root:1721417782.189678,ID:1005,STAGE:3,SEQUENCE:1342,DATA:{'time': 1721417782.184, 'user-id': '1005', 'source': 'HAI Interface', 'destination-index': '3', 'study-stage': '3', 'decision-state': 0, 'vitals-state': 0, 'airspace-state': 0, 'data': {'page': 'emergency', 'action': 'trying to change destination to19'}}
INFO:root:SimConnect Error in /var
INFO:root:SimConnect Error in /var
INFO:root:SimConnect Error in /var
INFO:root:SimConnect Error in /var
INFO:root:SimConnect Error in /var
INFO:root:SimConnect Error in /var
INFO:root:SimConnect Error in /var
INFO:root:SimConnect Error in /var
INFO:root:SimConnect Error in /var
INFO:root:SimConnect Error in /var
INFO:root:SimConnect Error in /var
INFO:root:SimConnect Error in /var
INFO:root:SimConnect Error in /var
INFO:root:SimConnect Error in /var
INFO:root:SimConnect Error in /var
INFO:root:SimConnect Error in /var
INFO:root:SimConnect Error in /var
INFO:root:SimConnect Error in /var
INFO:root:1721417785.247797,ID:1005,STAGE:3,SEQUENCE:1342,DATA:{'time': 1721417785.244, 'user-id': '1005', 'source': 'HAI Interface', 'destination-index': '3', 'study-stage': '3', 'decision-state': 0, 'vitals-state': 0, 'airspace-state': 0, 'data': {'page': 'inflight', 'action': 'displaying vitals prompt'}}
INFO:root:SimConnect Error in /var
INFO:root:SimConnect Error in /var
INFO:root:SimConnect Error in /var
INFO:root:SimConnect Error in /var
INFO:root:SimConnect Error in /var
INFO:root:SimConnect Error in /var
INFO:root:SimConnect Error in /var
INFO:root:SimConnect Error in /var
INFO:root:SimConnect Error in /var
INFO:root:SimConnect Error in /var
INFO:root:SimConnect Error in /var
INFO:root:SimConnect Error in /var
INFO:root:SimConnect Error in /var
INFO:root:SimConnect Error in /var
INFO:root:SimConnect Error in /var
INFO:root:SimConnect Error in /var
INFO:root:SimConnect Error in /var
INFO:root:1721417787.186681,ID:1005,STAGE:3,SEQUENCE:1342,DATA:{'time': 1721417787.183, 'user-id': '1005', 'source': 'HAI Interface', 'destination-index': '3', 'study-stage': '3', 'decision-state': 0, 'vitals-state': 0, 'airspace-state': 0, 'data': {'page': 'emergency', 'action': 'trying to change destination to19'}}
INFO:root:SimConnect Error in /var
INFO:root:SimConnect Error in /var
INFO:root:SimConnect Error in /var
INFO:root:SimConnect Error in /var
INFO:root:SimConnect Error in /var
INFO:root:SimConnect Error in /var
INFO:root:SimConnect Error in /var
INFO:root:SimConnect Error in /var
INFO:root:SimConnect Error in /var
INFO:root:SimConnect Error in /var
INFO:root:SimConnect Error in /var
INFO:root:SimConnect Error in /var
INFO:root:SimConnect Error in /var
INFO:root:1721417789.475046,ID:1005,STAGE:3,SEQUENCE:1342,DATA:{'time': 1721417789.475, 'source': 'VitalsTask', 'timer': 142.564, 'data': {'sensor': 'Heart Rate', 'action': 'capture', 'data': 'action button pressed'}}
INFO:root:1721417789.47804,ID:1005,STAGE:3,SEQUENCE:1342,DATA:{'time': 1721417789.475, 'source': 'VitalsTask', 'timer': 142.564, 'data': {'sensor': 'Heart Rate', 'action': 'capture', 'data': 'starting sensor action'}}
INFO:root:SimConnect Error in /var
INFO:root:SimConnect Error in /var
INFO:root:SimConnect Error in /var
INFO:root:SimConnect Error in /var
INFO:root:SimConnect Error in /var
INFO:root:SimConnect Error in /var
INFO:root:1721417790.488989,ID:1005,STAGE:3,SEQUENCE:1342,DATA:{'time': 1721417790.488, 'source': 'VitalsTask', 'timer': 143.577, 'data': {'sensor': 'Heart Rate', 'action': 'capture', 'data': 'sensor action complete'}}
INFO:root:1721417790.489985,ID:1005,STAGE:3,SEQUENCE:1342,DATA:{'time': 1721417790.488, 'source': 'VitalsTask', 'timer': 143.577, 'data': {'sensor': 'Heart Rate', 'action': 'keypad open'}}
INFO:root:SimConnect Error in /var
INFO:root:SimConnect Error in /var
INFO:root:SimConnect Error in /var
INFO:root:SimConnect Error in /var
INFO:root:SimConnect Error in /var
INFO:root:SimConnect Error in /var
INFO:root:SimConnect Error in /var
INFO:root:SimConnect Error in /var
INFO:root:SimConnect Error in /var
INFO:root:SimConnect Error in /var
INFO:root:SimConnect Error in /var
INFO:root:SimConnect Error in /var
INFO:root:SimConnect Error in /var
INFO:root:SimConnect Error in /var
INFO:root:1721417792.194622,ID:1005,STAGE:3,SEQUENCE:1342,DATA:{'time': 1721417792.187, 'user-id': '1005', 'source': 'HAI Interface', 'destination-index': '3', 'study-stage': '3', 'decision-state': 0, 'vitals-state': 0, 'airspace-state': 0, 'data': {'page': 'emergency', 'action': 'trying to change destination to19'}}
INFO:root:1721417792.448964,ID:1005,STAGE:3,SEQUENCE:1342,DATA:{'time': 1721417792.446, 'source': 'VitalsTask', 'timer': 145.535, 'data': {'sensor': 'Heart Rate', 'action': 'keypad press', 'key': 5, 'value': 5}}
INFO:root:SimConnect Error in /var
INFO:root:SimConnect Error in /var
INFO:root:SimConnect Error in /var
INFO:root:SimConnect Error in /var
INFO:root:SimConnect Error in /var
INFO:root:SimConnect Error in /var
INFO:root:SimConnect Error in /var
INFO:root:SimConnect Error in /var
INFO:root:1721417793.349646,ID:1005,STAGE:3,SEQUENCE:1342,DATA:{'time': 1721417793.344, 'source': 'VitalsTask', 'timer': 146.433, 'data': {'sensor': 'Heart Rate', 'action': 'keypad press', 'key': 5, 'value': 55}}
INFO:root:SimConnect Error in /var
INFO:root:SimConnect Error in /var
INFO:root:SimConnect Error in /var
INFO:root:SimConnect Error in /var
INFO:root:SimConnect Error in /var
INFO:root:SimConnect Error in /var
INFO:root:SimConnect Error in /var
INFO:root:SimConnect Error in /var
INFO:root:1721417794.790238,ID:1005,STAGE:3,SEQUENCE:1342,DATA:{'time': 1721417794.787, 'source': 'VitalsTask', 'timer': 147.876, 'data': {'sensor': 'Heart Rate', 'action': 'show action buttons'}}
INFO:root:1721417794.792231,ID:1005,STAGE:3,SEQUENCE:1342,DATA:{'time': 1721417794.788, 'source': 'VitalsTask', 'timer': 147.877, 'data': {'sensor': 'Heart Rate', 'action': 'keypad press', 'key': 10, 'value': 55}}
INFO:root:SimConnect Error in /var
INFO:root:SimConnect Error in /var
INFO:root:SimConnect Error in /var
INFO:root:SimConnect Error in /var
INFO:root:SimConnect Error in /var
INFO:root:SimConnect Error in /var
INFO:root:SimConnect Error in /var
INFO:root:SimConnect Error in /var
INFO:root:1721417796.107497,ID:1005,STAGE:3,SEQUENCE:1342,DATA:{'time': 1721417796.106, 'source': 'VitalsTask', 'timer': 149.195, 'data': {'sensor': 'Heart Rate', 'action': 'log', 'data': 'action button pressed'}}
INFO:root:1721417796.10849,ID:1005,STAGE:3,SEQUENCE:1342,DATA:{'time': 1721417796.107, 'source': 'VitalsTask', 'timer': 149.196, 'data': {'sensor': 'Heart Rate', 'action': 'log', 'data': 'starting sensor action'}}
INFO:root:SimConnect Error in /var
INFO:root:SimConnect Error in /var
INFO:root:SimConnect Error in /var
INFO:root:SimConnect Error in /var
INFO:root:SimConnect Error in /var
INFO:root:SimConnect Error in /var
INFO:root:SimConnect Error in /var
INFO:root:1721417797.127659,ID:1005,STAGE:3,SEQUENCE:1342,DATA:{'time': 1721417797.128, 'source': 'VitalsTask', 'timer': 150.217, 'data': {'sensor': 'Heart Rate', 'action': 'log', 'data': 'sensor action complete'}}
INFO:root:SimConnect Error in /var
INFO:root:SimConnect Error in /var
INFO:root:SimConnect Error in /var
INFO:root:1721417797.186948,ID:1005,STAGE:3,SEQUENCE:1342,DATA:{'time': 1721417797.183, 'user-id': '1005', 'source': 'HAI Interface', 'destination-index': '3', 'study-stage': '3', 'decision-state': 0, 'vitals-state': 0, 'airspace-state': 0, 'data': {'page': 'emergency', 'action': 'trying to change destination to19'}}
INFO:root:SimConnect Error in /var
INFO:root:SimConnect Error in /var
INFO:root:SimConnect Error in /var
INFO:root:1721417797.660829,ID:1005,STAGE:3,SEQUENCE:1342,DATA:{'time': 1721417797.66, 'source': 'VitalsTask', 'timer': 150.749, 'data': {'sensor': 'Heart Rate', 'action': 'save', 'data': 'action button pressed'}}
INFO:root:1721417797.669718,ID:1005,STAGE:3,SEQUENCE:1342,DATA:{'time': 1721417797.661, 'source': 'VitalsTask', 'timer': 150.75, 'data': {'sensor': 'Heart Rate', 'action': 'save', 'data': 'starting sensor action'}}
INFO:root:SimConnect Error in /var
INFO:root:SimConnect Error in /var
INFO:root:SimConnect Error in /var
INFO:root:SimConnect Error in /var
INFO:root:SimConnect Error in /var
INFO:root:SimConnect Error in /var
INFO:root:1721417798.67462,ID:1005,STAGE:3,SEQUENCE:1342,DATA:{'time': 1721417798.675, 'source': 'VitalsTask', 'timer': 151.764, 'data': {'sensor': 'Heart Rate', 'action': 'save', 'data': 'sensor action complete'}}
INFO:root:SimConnect Error in /var
INFO:root:SimConnect Error in /var
INFO:root:1721417799.077225,ID:1005,STAGE:3,SEQUENCE:1342,DATA:{'time': 1721417799.076, 'source': 'VitalsTask', 'timer': 152.165, 'data': {'sensor': 'O\u2082 Saturation', 'action': 'opened sensor tab'}}
INFO:root:SimConnect Error in /var
INFO:root:SimConnect Error in /var
INFO:root:SimConnect Error in /var
INFO:root:SimConnect Error in /var
INFO:root:SimConnect Error in /var
INFO:root:SimConnect Error in /var
INFO:root:SimConnect Error in /var
INFO:root:SimConnect Error in /var
INFO:root:SimConnect Error in /var
INFO:root:SimConnect Error in /var
INFO:root:1721417800.332609,ID:1005,STAGE:3,SEQUENCE:1342,DATA:{'time': 1721417800.332, 'source': 'VitalsTask', 'timer': 153.421, 'data': {'sensor': 'O\u2082 Saturation', 'action': 'capture', 'data': 'action button pressed'}}
INFO:root:1721417800.3356,ID:1005,STAGE:3,SEQUENCE:1342,DATA:{'time': 1721417800.332, 'source': 'VitalsTask', 'timer': 153.421, 'data': {'sensor': 'O\u2082 Saturation', 'action': 'capture', 'data': 'starting sensor action'}}
INFO:root:SimConnect Error in /var
INFO:root:SimConnect Error in /var
INFO:root:SimConnect Error in /var
INFO:root:SimConnect Error in /var
INFO:root:SimConnect Error in /var
INFO:root:SimConnect Error in /var
INFO:root:1721417801.343476,ID:1005,STAGE:3,SEQUENCE:1342,DATA:{'time': 1721417801.342, 'source': 'VitalsTask', 'timer': 154.431, 'data': {'sensor': 'O\u2082 Saturation', 'action': 'capture', 'data': 'sensor action complete'}}
INFO:root:1721417801.34547,ID:1005,STAGE:3,SEQUENCE:1342,DATA:{'time': 1721417801.343, 'source': 'VitalsTask', 'timer': 154.432, 'data': {'sensor': 'O\u2082 Saturation', 'action': 'keypad open'}}
INFO:root:SimConnect Error in /var
INFO:root:SimConnect Error in /var
INFO:root:SimConnect Error in /var
INFO:root:SimConnect Error in /var
INFO:root:SimConnect Error in /var
INFO:root:SimConnect Error in /var
INFO:root:SimConnect Error in /var
INFO:root:SimConnect Error in /var
INFO:root:1721417802.190538,ID:1005,STAGE:3,SEQUENCE:1342,DATA:{'time': 1721417802.186, 'user-id': '1005', 'source': 'HAI Interface', 'destination-index': '3', 'study-stage': '3', 'decision-state': 0, 'vitals-state': 0, 'airspace-state': 0, 'data': {'page': 'emergency', 'action': 'trying to change destination to19'}}
INFO:root:1721417802.261557,ID:1005,STAGE:3,SEQUENCE:1342,DATA:{'time': 1721417802.262, 'source': 'VitalsTask', 'timer': 155.351, 'data': {'sensor': 'O\u2082 Saturation', 'action': 'keypad press', 'key': 1, 'value': 1}}
INFO:root:SimConnect Error in /var
INFO:root:SimConnect Error in /var
INFO:root:SimConnect Error in /var
INFO:root:SimConnect Error in /var
INFO:root:SimConnect Error in /var
INFO:root:SimConnect Error in /var
INFO:root:SimConnect Error in /var
INFO:root:SimConnect Error in /var
INFO:root:1721417803.50634,ID:1005,STAGE:3,SEQUENCE:1342,DATA:{'time': 1721417803.506, 'source': 'VitalsTask', 'timer': 156.595, 'data': {'sensor': 'O\u2082 Saturation', 'action': 'keypad press', 'key': 11, 'value': 10}}
INFO:root:SimConnect Error in /var
INFO:root:SimConnect Error in /var
INFO:root:SimConnect Error in /var
INFO:root:SimConnect Error in /var
INFO:root:1721417804.185858,ID:1005,STAGE:3,SEQUENCE:1342,DATA:{'time': 1721417804.182, 'source': 'VitalsTask', 'timer': 157.271, 'data': {'sensor': 'O\u2082 Saturation', 'action': 'keypad press', 'key': 11, 'value': 100}}
INFO:root:SimConnect Error in /var
INFO:root:SimConnect Error in /var
INFO:root:SimConnect Error in /var
INFO:root:SimConnect Error in /var
INFO:root:SimConnect Error in /var
INFO:root:1721417805.051833,ID:1005,STAGE:3,SEQUENCE:1342,DATA:{'time': 1721417805.052, 'source': 'VitalsTask', 'timer': 158.141, 'data': {'sensor': 'O\u2082 Saturation', 'action': 'show action buttons'}}
INFO:root:1721417805.053829,ID:1005,STAGE:3,SEQUENCE:1342,DATA:{'time': 1721417805.052, 'source': 'VitalsTask', 'timer': 158.141, 'data': {'sensor': 'O\u2082 Saturation', 'action': 'keypad press', 'key': 10, 'value': 100}}
INFO:root:SimConnect Error in /var
INFO:root:SimConnect Error in /var
INFO:root:SimConnect Error in /var
INFO:root:SimConnect Error in /var
INFO:root:SimConnect Error in /var
INFO:root:SimConnect Error in /var
INFO:root:SimConnect Error in /var
INFO:root:SimConnect Error in /var
INFO:root:SimConnect Error in /var
INFO:root:SimConnect Error in /var
INFO:root:1721417806.459662,ID:1005,STAGE:3,SEQUENCE:1342,DATA:{'time': 1721417806.458, 'source': 'VitalsTask', 'timer': 159.547, 'data': {'sensor': 'O\u2082 Saturation', 'action': 'log', 'data': 'action button pressed'}}
INFO:root:1721417806.460661,ID:1005,STAGE:3,SEQUENCE:1342,DATA:{'time': 1721417806.458, 'source': 'VitalsTask', 'timer': 159.547, 'data': {'sensor': 'O\u2082 Saturation', 'action': 'log', 'data': 'starting sensor action'}}
INFO:root:SimConnect Error in /var
INFO:root:SimConnect Error in /var
INFO:root:SimConnect Error in /var
INFO:root:SimConnect Error in /var
INFO:root:SimConnect Error in /var
INFO:root:SimConnect Error in /var
INFO:root:SimConnect Error in /var
INFO:root:SimConnect Error in /var
INFO:root:1721417807.194826,ID:1005,STAGE:3,SEQUENCE:1342,DATA:{'time': 1721417807.186, 'user-id': '1005', 'source': 'HAI Interface', 'destination-index': '3', 'study-stage': '3', 'decision-state': 0, 'vitals-state': 0, 'airspace-state': 0, 'data': {'page': 'emergency', 'action': 'trying to change destination to19'}}
INFO:root:SimConnect Error in /var
INFO:root:SimConnect Error in /var
INFO:root:1721417807.474603,ID:1005,STAGE:3,SEQUENCE:1342,DATA:{'time': 1721417807.475, 'source': 'VitalsTask', 'timer': 160.564, 'data': {'sensor': 'O\u2082 Saturation', 'action': 'log', 'data': 'sensor action complete'}}
INFO:root:SimConnect Error in /var
INFO:root:SimConnect Error in /var
INFO:root:SimConnect Error in /var
INFO:root:1721417808.145936,ID:1005,STAGE:3,SEQUENCE:1342,DATA:{'time': 1721417808.142, 'source': 'VitalsTask', 'timer': 161.231, 'data': {'sensor': 'O\u2082 Saturation', 'action': 'save', 'data': 'action button pressed'}}
INFO:root:1721417808.146933,ID:1005,STAGE:3,SEQUENCE:1342,DATA:{'time': 1721417808.143, 'source': 'VitalsTask', 'timer': 161.232, 'data': {'sensor': 'O\u2082 Saturation', 'action': 'save', 'data': 'starting sensor action'}}
INFO:root:SimConnect Error in /var
INFO:root:SimConnect Error in /var
INFO:root:SimConnect Error in /var
INFO:root:SimConnect Error in /var
INFO:root:SimConnect Error in /var
INFO:root:SimConnect Error in /var
INFO:root:SimConnect Error in /var
INFO:root:1721417809.161841,ID:1005,STAGE:3,SEQUENCE:1342,DATA:{'time': 1721417809.16, 'source': 'VitalsTask', 'timer': 162.249, 'data': {'sensor': 'O\u2082 Saturation', 'action': 'save', 'data': 'sensor action complete'}}
INFO:root:SimConnect Error in /var
INFO:root:SimConnect Error in /var
INFO:root:SimConnect Error in /var
INFO:root:1721417809.73979,ID:1005,STAGE:3,SEQUENCE:1342,DATA:{'time': 1721417809.739, 'source': 'VitalsTask', 'timer': 162.828, 'data': {'sensor': 'Blood Pressure', 'action': 'opened sensor tab'}}
INFO:root:SimConnect Error in /var
INFO:root:SimConnect Error in /var
INFO:root:SimConnect Error in /var
INFO:root:SimConnect Error in /var
INFO:root:SimConnect Error in /var
INFO:root:SimConnect Error in /var
INFO:root:1721417810.790522,ID:1005,STAGE:3,SEQUENCE:1342,DATA:{'time': 1721417810.79, 'source': 'VitalsTask', 'timer': 163.879, 'data': {'sensor': 'Blood Pressure', 'action': 'capture', 'data': 'action button pressed'}}
INFO:root:1721417810.791519,ID:1005,STAGE:3,SEQUENCE:1342,DATA:{'time': 1721417810.791, 'source': 'VitalsTask', 'timer': 163.88, 'data': {'sensor': 'Blood Pressure', 'action': 'capture', 'data': 'starting sensor action'}}
INFO:root:SimConnect Error in /var
INFO:root:SimConnect Error in /var
INFO:root:SimConnect Error in /var
INFO:root:SimConnect Error in /var
INFO:root:SimConnect Error in /var
INFO:root:SimConnect Error in /var
INFO:root:1721417811.804222,ID:1005,STAGE:3,SEQUENCE:1342,DATA:{'time': 1721417811.801, 'source': 'VitalsTask', 'timer': 164.89, 'data': {'sensor': 'Blood Pressure', 'action': 'capture', 'data': 'sensor action complete'}}
INFO:root:1721417811.806216,ID:1005,STAGE:3,SEQUENCE:1342,DATA:{'time': 1721417811.801, 'source': 'VitalsTask', 'timer': 164.89, 'data': {'sensor': 'Blood Pressure', 'action': 'keypad open'}}
INFO:root:SimConnect Error in /var
INFO:root:SimConnect Error in /var
INFO:root:SimConnect Error in /var
INFO:root:SimConnect Error in /var
INFO:root:SimConnect Error in /var
INFO:root:SimConnect Error in /var
INFO:root:1721417812.18865,ID:1005,STAGE:3,SEQUENCE:1342,DATA:{'time': 1721417812.183, 'user-id': '1005', 'source': 'HAI Interface', 'destination-index': '3', 'study-stage': '3', 'decision-state': 0, 'vitals-state': 0, 'airspace-state': 0, 'data': {'page': 'emergency', 'action': 'trying to change destination to19'}}
INFO:root:SimConnect Error in /var
INFO:root:SimConnect Error in /var
INFO:root:SimConnect Error in /var
INFO:root:SimConnect Error in /var
INFO:root:SimConnect Error in /var
INFO:root:1721417813.05513,ID:1005,STAGE:3,SEQUENCE:1342,DATA:{'time': 1721417813.055, 'source': 'VitalsTask', 'timer': 166.144, 'data': {'sensor': 'Blood Pressure', 'action': 'keypad press', 'key': 1, 'value': 1}}
INFO:root:SimConnect Error in /var
INFO:root:SimConnect Error in /var
INFO:root:SimConnect Error in /var
INFO:root:SimConnect Error in /var
INFO:root:SimConnect Error in /var
INFO:root:SimConnect Error in /var
INFO:root:1721417813.84412,ID:1005,STAGE:3,SEQUENCE:1342,DATA:{'time': 1721417813.845, 'source': 'VitalsTask', 'timer': 166.934, 'data': {'sensor': 'Blood Pressure', 'action': 'keypad press', 'key': 2, 'value': 12}}
INFO:root:SimConnect Error in /var
INFO:root:SimConnect Error in /var
INFO:root:SimConnect Error in /var
INFO:root:SimConnect Error in /var
INFO:root:SimConnect Error in /var
INFO:root:SimConnect Error in /var
INFO:root:SimConnect Error in /var
INFO:root:SimConnect Error in /var
INFO:root:1721417815.101929,ID:1005,STAGE:3,SEQUENCE:1342,DATA:{'time': 1721417815.101, 'source': 'VitalsTask', 'timer': 168.19, 'data': {'sensor': 'Blood Pressure', 'action': 'keypad press', 'key': 11, 'value': 120}}
INFO:root:SimConnect Error in /var
INFO:root:SimConnect Error in /var
INFO:root:SimConnect Error in /var
INFO:root:SimConnect Error in /var
INFO:root:SimConnect Error in /var
INFO:root:SimConnect Error in /var
INFO:root:1721417816.013584,ID:1005,STAGE:3,SEQUENCE:1342,DATA:{'time': 1721417816.01, 'source': 'VitalsTask', 'timer': 169.099, 'data': {'sensor': 'Blood Pressure', 'action': 'keypad press', 'key': 8, 'value': 1208}}
INFO:root:SimConnect Error in /var
INFO:root:SimConnect Error in /var
INFO:root:SimConnect Error in /var
INFO:root:SimConnect Error in /var
INFO:root:1721417816.83452,ID:1005,STAGE:3,SEQUENCE:1342,DATA:{'time': 1721417816.833, 'source': 'VitalsTask', 'timer': 169.922, 'data': {'sensor': 'Blood Pressure', 'action': 'keypad press', 'key': 11, 'value': 12080}}
INFO:root:SimConnect Error in /var
INFO:root:SimConnect Error in /var
INFO:root:SimConnect Error in /var
INFO:root:SimConnect Error in /var
INFO:root:SimConnect Error in /var
INFO:root:SimConnect Error in /var
INFO:root:1721417817.183819,ID:1005,STAGE:3,SEQUENCE:1342,DATA:{'time': 1721417817.18, 'user-id': '1005', 'source': 'HAI Interface', 'destination-index': '3', 'study-stage': '3', 'decision-state': 0, 'vitals-state': 0, 'airspace-state': 0, 'data': {'page': 'emergency', 'action': 'trying to change destination to19'}}
INFO:root:SimConnect Error in /var
INFO:root:SimConnect Error in /var
INFO:root:SimConnect Error in /var
INFO:root:1721417817.71871,ID:1005,STAGE:3,SEQUENCE:1342,DATA:{'time': 1721417817.718, 'source': 'VitalsTask', 'timer': 170.807, 'data': {'sensor': 'Blood Pressure', 'action': 'show action buttons'}}
INFO:root:1721417817.720704,ID:1005,STAGE:3,SEQUENCE:1342,DATA:{'time': 1721417817.719, 'source': 'VitalsTask', 'timer': 170.808, 'data': {'sensor': 'Blood Pressure', 'action': 'keypad press', 'key': 10, 'value': 12080}}
INFO:root:SimConnect Error in /var
INFO:root:SimConnect Error in /var
INFO:root:SimConnect Error in /var
INFO:root:SimConnect Error in /var
INFO:root:SimConnect Error in /var
INFO:root:SimConnect Error in /var
INFO:root:1721417818.944977,ID:1005,STAGE:3,SEQUENCE:1342,DATA:{'time': 1721417818.944, 'source': 'VitalsTask', 'timer': 172.033, 'data': {'sensor': 'Blood Pressure', 'action': 'log', 'data': 'action button pressed'}}
INFO:root:1721417818.945974,ID:1005,STAGE:3,SEQUENCE:1342,DATA:{'time': 1721417818.944, 'source': 'VitalsTask', 'timer': 172.033, 'data': {'sensor': 'Blood Pressure', 'action': 'log', 'data': 'starting sensor action'}}
INFO:root:SimConnect Error in /var
INFO:root:SimConnect Error in /var
INFO:root:SimConnect Error in /var
INFO:root:SimConnect Error in /var
INFO:root:SimConnect Error in /var
INFO:root:SimConnect Error in /var
INFO:root:SimConnect Error in /var
INFO:root:SimConnect Error in /var
INFO:root:SimConnect Error in /var
INFO:root:1721417819.954694,ID:1005,STAGE:3,SEQUENCE:1342,DATA:{'time': 1721417819.955, 'source': 'VitalsTask', 'timer': 173.044, 'data': {'sensor': 'Blood Pressure', 'action': 'log', 'data': 'sensor action complete'}}
INFO:root:SimConnect Error in /var
INFO:root:SimConnect Error in /var
INFO:root:1721417820.163143,ID:1005,STAGE:3,SEQUENCE:1342,DATA:{'time': 1721417820.161, 'source': 'VitalsTask', 'timer': 173.25, 'data': {'sensor': 'Blood Pressure', 'action': 'save', 'data': 'action button pressed'}}
INFO:root:1721417820.165138,ID:1005,STAGE:3,SEQUENCE:1342,DATA:{'time': 1721417820.162, 'source': 'VitalsTask', 'timer': 173.251, 'data': {'sensor': 'Blood Pressure', 'action': 'save', 'data': 'starting sensor action'}}
INFO:root:SimConnect Error in /var
INFO:root:SimConnect Error in /var
INFO:root:1721417820.611677,ID:1005,STAGE:3,SEQUENCE:1342,DATA:{'time': 1721417820.605, 'source': 'VitalsTask', 'timer': 173.694, 'data': {'sensor': 'Blood Pressure', 'action': 'save', 'data': 'action button pressed'}}
INFO:root:1721417820.614668,ID:1005,STAGE:3,SEQUENCE:1342,DATA:{'time': 1721417820.606, 'source': 'VitalsTask', 'timer': 173.695, 'data': {'sensor': 'Blood Pressure', 'action': 'save', 'data': 'a sensor action is in progress, cancelling'}}
INFO:root:SimConnect Error in /var
INFO:root:SimConnect Error in /var
INFO:root:SimConnect Error in /var
INFO:root:SimConnect Error in /var
INFO:root:1721417821.179736,ID:1005,STAGE:3,SEQUENCE:1342,DATA:{'time': 1721417821.179, 'source': 'VitalsTask', 'timer': 174.268, 'data': {'sensor': 'Blood Pressure', 'action': 'save', 'data': 'sensor action complete'}}
INFO:root:SimConnect Error in /var
INFO:root:SimConnect Error in /var
INFO:root:SimConnect Error in /var
INFO:root:1721417821.864705,ID:1005,STAGE:3,SEQUENCE:1342,DATA:{'time': 1721417821.86, 'source': 'VitalsTask', 'timer': 174.949, 'data': {'sensor': 'submit', 'action': 'submit'}}
INFO:root:1721417821.866699,ID:1005,STAGE:3,SEQUENCE:1342,DATA:{'time': 1721417821.86, 'source': 'VitalsTask', 'timer': 174.949, 'data': {'sensor': 'submit', 'action': 'submit', 'data': 'submit succeeded'}}
INFO:root:SimConnect Error in /var
INFO:root:SimConnect Error in /var
INFO:root:SimConnect Error in /var
INFO:root:SimConnect Error in /var
INFO:root:SimConnect Error in /var
INFO:root:SimConnect Error in /var
INFO:root:1721417822.18567,ID:1005,STAGE:3,SEQUENCE:1342,DATA:{'time': 1721417822.181, 'user-id': '1005', 'source': 'HAI Interface', 'destination-index': '3', 'study-stage': '3', 'decision-state': 0, 'vitals-state': 0, 'airspace-state': 0, 'data': {'page': 'emergency', 'action': 'trying to change destination to19'}}
INFO:root:SimConnect Error in /var
INFO:root:SimConnect Error in /var
INFO:root:SimConnect Error in /var
INFO:root:SimConnect Error in /var
INFO:root:SimConnect Error in /var
INFO:root:1721417823.078741,ID:1005,STAGE:3,SEQUENCE:1342,DATA:{'time': 1721417823.074, 'user-id': '1005', 'source': 'HAI Interface', 'destination-index': '3', 'study-stage': '3', 'decision-state': 0, 'vitals-state': 0, 'airspace-state': 0, 'data': {'page': 'inflight', 'action': 'user acknowledged vitals prompt'}}
INFO:root:SimConnect Error in /var
INFO:root:SimConnect Error in /var
INFO:root:SimConnect Error in /var
INFO:root:SimConnect Error in /var
INFO:root:SimConnect Error in /var
INFO:root:SimConnect Error in /var
INFO:root:SimConnect Error in /var
INFO:root:SimConnect Error in /var
INFO:root:SimConnect Error in /var
INFO:root:SimConnect Error in /var
INFO:root:SimConnect Error in /var
INFO:root:SimConnect Error in /var
INFO:root:SimConnect Error in /var
INFO:root:SimConnect Error in /var
INFO:root:SimConnect Error in /var
INFO:root:SimConnect Error in /var
INFO:root:SimConnect Error in /var
INFO:root:SimConnect Error in /var
INFO:root:SimConnect Error in /var
INFO:root:SimConnect Error in /var
INFO:root:SimConnect Error in /var
INFO:root:SimConnect Error in /var
INFO:root:SimConnect Error in /var
INFO:root:SimConnect Error in /var
INFO:root:SimConnect Error in /var
INFO:root:SimConnect Error in /var
INFO:root:SimConnect Error in /var
INFO:root:SimConnect Error in /var
INFO:root:SimConnect Error in /var
INFO:root:SimConnect Error in /var
INFO:root:1721417827.189675,ID:1005,STAGE:3,SEQUENCE:1342,DATA:{'time': 1721417827.183, 'user-id': '1005', 'source': 'HAI Interface', 'destination-index': '3', 'study-stage': '3', 'decision-state': 0, 'vitals-state': 0, 'airspace-state': 0, 'data': {'page': 'emergency', 'action': 'trying to change destination to19'}}
INFO:root:SimConnect Error in /var
INFO:root:SimConnect Error in /var
INFO:root:SimConnect Error in /var
INFO:root:SimConnect Error in /var
INFO:root:SimConnect Error in /var
INFO:root:SimConnect Error in /var
INFO:root:SimConnect Error in /var
INFO:root:SimConnect Error in /var
INFO:root:SimConnect Error in /var
INFO:root:SimConnect Error in /var
INFO:root:SimConnect Error in /var
INFO:root:SimConnect Error in /var
INFO:root:SimConnect Error in /var
INFO:root:1721417829.517163,ID:1005,STAGE:3,SEQUENCE:1342,DATA:{'time': 1721417829.512, 'user-id': '1005', 'source': 'HAI Interface', 'destination-index': '3', 'study-stage': '3', 'decision-state': 0, 'vitals-state': 0, 'airspace-state': 0, 'data': {'page': 'map', 'action': 'show map'}}
INFO:root:1721417829.520154,ID:1005,STAGE:3,SEQUENCE:1342,DATA:{'time': 1721417829.513, 'user-id': '1005', 'source': 'HAI Interface', 'destination-index': '3', 'study-stage': '3', 'decision-state': 0, 'vitals-state': 0, 'airspace-state': 0, 'data': {'page': 'map', 'action': 'selected helipad', 'value': '21'}}
INFO:root:SimConnect Error in /var
INFO:root:SimConnect Error in /var
INFO:root:SimConnect Error in /var
INFO:root:SimConnect Error in /var
INFO:root:SimConnect Error in /var
INFO:root:SimConnect Error in /var
INFO:root:SimConnect Error in /var
INFO:root:SimConnect Error in /var
INFO:root:SimConnect Error in /var
INFO:root:SimConnect Error in /var
INFO:root:SimConnect Error in /var
INFO:root:SimConnect Error in /var
INFO:root:SimConnect Error in /var
INFO:root:SimConnect Error in /var
INFO:root:SimConnect Error in /var
INFO:root:SimConnect Error in /var
INFO:root:SimConnect Error in /var
INFO:root:SimConnect Error in /var
INFO:root:SimConnect Error in /var
INFO:root:1721417832.189561,ID:1005,STAGE:3,SEQUENCE:1342,DATA:{'time': 1721417832.184, 'user-id': '1005', 'source': 'HAI Interface', 'destination-index': '3', 'study-stage': '3', 'decision-state': 0, 'vitals-state': 0, 'airspace-state': 0, 'data': {'page': 'emergency', 'action': 'trying to change destination to19'}}
INFO:root:SimConnect Error in /var
INFO:root:SimConnect Error in /var
INFO:root:SimConnect Error in /var
INFO:root:SimConnect Error in /var
INFO:root:SimConnect Error in /var
INFO:root:SimConnect Error in /var
INFO:root:SimConnect Error in /var
INFO:root:SimConnect Error in /var
INFO:root:SimConnect Error in /var
INFO:root:SimConnect Error in /var
INFO:root:SimConnect Error in /var
INFO:root:SimConnect Error in /var
INFO:root:SimConnect Error in /var
INFO:root:SimConnect Error in /var
INFO:root:SimConnect Error in /var
INFO:root:SimConnect Error in /var
INFO:root:SimConnect Error in /var
INFO:root:SimConnect Error in /var
INFO:root:SimConnect Error in /var
INFO:root:1721417835.885135,ID:1005,STAGE:3,SEQUENCE:1342,DATA:{'time': 1721417835.881, 'user-id': '1005', 'source': 'HAI Interface', 'destination-index': '3', 'study-stage': '3', 'decision-state': 0, 'vitals-state': 0, 'airspace-state': 0, 'data': {'action': 'radio panel opened'}}
INFO:root:SimConnect Error in /var
INFO:root:SimConnect Error in /var
INFO:root:SimConnect Error in /var
INFO:root:SimConnect Error in /var
INFO:root:SimConnect Error in /var
INFO:root:SimConnect Error in /var
INFO:root:SimConnect Error in /var
INFO:root:SimConnect Error in /var
INFO:root:SimConnect Error in /var
INFO:root:SimConnect Error in /var
INFO:root:SimConnect Error in /var
INFO:root:1721417837.197563,ID:1005,STAGE:3,SEQUENCE:1342,DATA:{'time': 1721417837.187, 'user-id': '1005', 'source': 'HAI Interface', 'destination-index': '3', 'study-stage': '3', 'decision-state': 0, 'vitals-state': 0, 'airspace-state': 0, 'data': {'page': 'emergency', 'action': 'trying to change destination to19'}}
INFO:root:SimConnect Error in /var
INFO:root:SimConnect Error in /var
INFO:root:SimConnect Error in /var
INFO:root:SimConnect Error in /var
INFO:root:SimConnect Error in /var
INFO:root:SimConnect Error in /var
INFO:root:1721417838.482449,ID:1005,STAGE:3,SEQUENCE:1342,DATA:{'time': 1721417838.475, 'user-id': '1005', 'source': 'HAI Interface', 'destination-index': '3', 'study-stage': '3', 'decision-state': 0, 'vitals-state': 0, 'airspace-state': 0, 'data': {'action': 'transmit button pressed'}}
INFO:root:1721417838.484445,ID:1005,STAGE:3,SEQUENCE:1342,DATA:{'time': 1721417838.476, 'user-id': '1005', 'source': 'HAI Interface', 'destination-index': '3', 'study-stage': '3', 'decision-state': 0, 'vitals-state': 0, 'airspace-state': 0, 'data': {'action': 'callsign set to: + NASXGS'}}
INFO:root:1721417838.485443,ID:1005,STAGE:3,SEQUENCE:1342,DATA:{'time': 1721417838.476, 'user-id': '1005', 'source': 'HAI Interface', 'destination-index': '3', 'study-stage': '3', 'decision-state': 0, 'vitals-state': 0, 'airspace-state': 0, 'data': {'action': 'radio set to:Comm1'}}
INFO:root:1721417838.486439,ID:1005,STAGE:3,SEQUENCE:1342,DATA:{'time': 1721417838.476, 'user-id': '1005', 'source': 'HAI Interface', 'destination-index': '3', 'study-stage': '3', 'decision-state': 0, 'vitals-state': 0, 'airspace-state': 0, 'data': {'page': 'map', 'action': 'show map'}}
INFO:root:1721417838.489431,ID:1005,STAGE:3,SEQUENCE:1342,DATA:{'time': 1721417838.477, 'user-id': '1005', 'source': 'HAI Interface', 'destination-index': '3', 'study-stage': '3', 'decision-state': 0, 'vitals-state': 0, 'airspace-state': 0, 'data': {'page': 'map', 'action': 'selected helipad', 'value': '21'}}
INFO:root:1721417838.493419,ID:1005,STAGE:3,SEQUENCE:1342,DATA:{'time': 1721417838.483, 'user-id': '1005', 'source': 'HAI Interface', 'destination-index': '3', 'study-stage': '3', 'decision-state': 0, 'vitals-state': 0, 'airspace-state': 0, 'data': {'action': 'NASXGStransmitting updates onComm1123.45 MHz'}}
INFO:root:SimConnect Error in /var
INFO:root:SimConnect Error in /var
INFO:root:Inflight Radio Update asked
INFO:root:sent request to set radio update complete
INFO:root:SimConnect Error in /var
INFO:root:SimConnect Error in /var
INFO:root:SimConnect Error in /var
INFO:root:SimConnect Error in /var
INFO:root:SimConnect Error in /var
INFO:root:SimConnect Error in /var
INFO:root:SimConnect Error in /var
INFO:root:SimConnect Error in /var
INFO:root:SimConnect Error in /var
INFO:root:SimConnect Error in /var
INFO:root:SimConnect Error in /var
INFO:root:SimConnect Error in /var
INFO:root:SimConnect Error in /var
INFO:root:SimConnect Error in /var
INFO:root:SimConnect Error in /var
INFO:root:SimConnect Error in /var
INFO:root:SimConnect Error in /var
INFO:root:SimConnect Error in /var
INFO:root:SimConnect Error in /var
INFO:root:SimConnect Error in /var
INFO:root:SimConnect Error in /var
INFO:root:SimConnect Error in /var
INFO:root:SimConnect Error in /var
INFO:root:SimConnect Error in /var
INFO:root:SimConnect Error in /var
INFO:root:SimConnect Error in /var
INFO:root:1721417842.192168,ID:1005,STAGE:3,SEQUENCE:1342,DATA:{'time': 1721417842.187, 'user-id': '1005', 'source': 'HAI Interface', 'destination-index': '3', 'study-stage': '3', 'decision-state': 0, 'vitals-state': 0, 'airspace-state': 0, 'data': {'page': 'emergency', 'action': 'trying to change destination to19'}}
INFO:root:SimConnect Error in /var
INFO:root:SimConnect Error in /var
INFO:root:SimConnect Error in /var
INFO:root:SimConnect Error in /var
INFO:root:SimConnect Error in /var
INFO:root:voice activity detected
INFO:root:recording started
INFO:root:SimConnect Error in /var
INFO:root:SimConnect Error in /var
INFO:root:SimConnect Error in /var
INFO:root:SimConnect Error in /var
INFO:root:SimConnect Error in /var
INFO:root:SimConnect Error in /var
INFO:root:SimConnect Error in /var
INFO:root:SimConnect Error in /var
INFO:root:SimConnect Error in /var
INFO:root:SimConnect Error in /var
INFO:root:SimConnect Error in /var
INFO:root:SimConnect Error in /var
INFO:root:SimConnect Error in /var
INFO:root:SimConnect Error in /var
INFO:root:SimConnect Error in /var
INFO:root:SimConnect Error in /var
INFO:root:SimConnect Error in /var
INFO:root:SimConnect Error in /var
INFO:root:SimConnect Error in /var
INFO:root:SimConnect Error in /var
INFO:root:SimConnect Error in /var
INFO:root:SimConnect Error in /var
INFO:root:SimConnect Error in /var
INFO:root:SimConnect Error in /var
INFO:root:SimConnect Error in /var
INFO:root:SimConnect Error in /var
INFO:root:SimConnect Error in /var
INFO:root:SimConnect Error in /var
INFO:root:SimConnect Error in /var
INFO:root:SimConnect Error in /var
INFO:root:1721417847.189551,ID:1005,STAGE:3,SEQUENCE:1342,DATA:{'time': 1721417847.185, 'user-id': '1005', 'source': 'HAI Interface', 'destination-index': '3', 'study-stage': '3', 'decision-state': 0, 'vitals-state': 0, 'airspace-state': 0, 'data': {'page': 'emergency', 'action': 'trying to change destination to19'}}
INFO:root:SimConnect Error in /var
INFO:root:SimConnect Error in /var
INFO:root:SimConnect Error in /var
INFO:root:SimConnect Error in /var
INFO:root:SimConnect Error in /var
INFO:root:SimConnect Error in /var
INFO:root:SimConnect Error in /var
INFO:root:SimConnect Error in /var
INFO:root:SimConnect Error in /var
INFO:root:SimConnect Error in /var
INFO:root:SimConnect Error in /var
INFO:root:voice deactivity detected
INFO:root:recording stopped
INFO:root:SimConnect Error in /var
INFO:root:SimConnect Error in /var
INFO:root:SimConnect Error in /var
INFO:root:SimConnect Error in /var
INFO:root:SimConnect Error in /var
INFO:root:SimConnect Error in /var
INFO:root:SimConnect Error in /var
INFO:root:1721417850.259166,ID:1005,STAGE:3,SEQUENCE:1342,DATA:{'time': 1721417850.25, 'user-id': '1005', 'source': 'HAI Interface', 'destination-index': '3', 'study-stage': '3', 'decision-state': 0, 'vitals-state': 0, 'airspace-state': 0, 'data': {'page': 'map', 'action': 'hide map'}}
INFO:root:SimConnect Error in /var
INFO:root:SimConnect Error in /var
INFO:root:SimConnect Error in /var
INFO:root:SimConnect Error in /var
INFO:root:SimConnect Error in /var
INFO:root:SimConnect Error in /var
INFO:root:SimConnect Error in /var
INFO:root:SimConnect Error in /var
INFO:root:SimConnect Error in /var
INFO:root:SimConnect Error in /var
INFO:root:SimConnect Error in /var
INFO:root:SimConnect Error in /var
INFO:root:SimConnect Error in /var
INFO:root:SimConnect Error in /var
INFO:root:SimConnect Error in /var
INFO:root:1721417852.194388,ID:1005,STAGE:3,SEQUENCE:1342,DATA:{'time': 1721417852.188, 'user-id': '1005', 'source': 'HAI Interface', 'destination-index': '3', 'study-stage': '3', 'decision-state': 0, 'vitals-state': 0, 'airspace-state': 0, 'data': {'page': 'emergency', 'action': 'trying to change destination to19'}}
INFO:root:SimConnect Error in /var
INFO:root:SimConnect Error in /var
INFO:root:SimConnect Error in /var
INFO:root:SimConnect Error in /var
INFO:root:SimConnect Error in /var
INFO:root:SimConnect Error in /var
INFO:root:SimConnect Error in /var
INFO:root:SimConnect Error in /var
INFO:root:SimConnect Error in /var
INFO:root:SimConnect Error in /var
INFO:root:SimConnect Error in /var
INFO:root:SimConnect Error in /var
INFO:root:SimConnect Error in /var
INFO:root:SimConnect Error in /var
INFO:root:SimConnect Error in /var
INFO:root:SimConnect Error in /var
INFO:root:SimConnect Error in /var
INFO:root:SimConnect Error in /var
INFO:root:SimConnect Error in /var
INFO:root:SimConnect Error in /var
INFO:root:SimConnect Error in /var
INFO:root:SimConnect Error in /var
INFO:root:SimConnect Error in /var
INFO:root:SimConnect Error in /var
INFO:root:SimConnect Error in /var
INFO:root:SimConnect Error in /var
INFO:root:1721417856.209534,ID:1005,STAGE:3,SEQUENCE:1342,DATA:{'time': 1721417856.208, 'source': 'VitalsTask', 'timer': 34.347, 'data': {'sensor': 'Heart Rate', 'action': 'opened sensor tab'}}
INFO:root:SimConnect Error in /var
INFO:root:SimConnect Error in /var
